tread
'Tree with tags' 
(0 (1 ((2 3 )(4 (11 ((5 (6 7 )(14 21 (12 13 )(15 (16 17 ))(18 (19 20 ))((22 (23 (24 25 )))(26 (27 (28 (29 (30 31 ))(((35 (32 (36 (39 (37 38 )))))(33 34 ))((40 41 (42 43 ))(44 45 46 47 )))))))))(8 9 10 ))))))); 
ttag *!; 
ttag +49 ???; 
ttag +50 3; 
ttag +51 1; 
ttag +52 4; 
ttag +53 1; 
ttag +54 1; 
ttag +55 3; 
ttag +56 3; 
ttag +57 6; 
ttag +58 2; 
ttag +59 5; 
ttag +60 6; 
ttag +61 1; 
ttag +62 5; 
ttag +63 3; 
ttag +64 5; 
ttag +65 5; 
ttag +66 7; 
ttag +67 8; 
ttag +68 9; 
ttag +69 2; 
ttag +70 1; 
ttag +71 4; 
ttag +72 2; 
ttag +73 2; 
ttag +74 1; 
ttag +75 1; 
ttag +76 2; 
ttag +77 2; 
ttag +78 4; 
ttag +79 1; 
ttag +80 9; 
ttag +81 8; 
ttag +82 2; 
ttag +83 8; 
ttag +84 3; 
tread
'Tree with tags' 
(0 (1 ((2 3 )(4 (11 (((5 (6 7 ))(((14 ((12 13 )(21 ((22 (23 (24 25 )))(26 (27 ((28 (29 (30 31 )))(((35 (32 (36 (39 (37 38 )))))(33 34 ))(((40 41 )(42 43 ))(44 (46 (45 47 ))))))))))))(18 (19 20 )))(15 (16 17 ))))(8 (9 10 )))))))); 
ttag *!; 
ttag +0 ////; 
ttag +1 ////; 
ttag +2 ////; 
ttag +3 ////; 
ttag +4 ////; 
ttag +5 ////; 
ttag +6 ////; 
ttag +7 ////; 
ttag +8 ////; 
ttag +9 ////; 
ttag +10 ////; 
ttag +11 ////; 
ttag +12 ////; 
ttag +13 ////; 
ttag +14 ////; 
ttag +15 ////; 
ttag +16 ////; 
ttag +17 ////; 
ttag +18 ////; 
ttag +19 ////; 
ttag +20 ////; 
ttag +21 ////; 
ttag +22 ////; 
ttag +23 ////; 
ttag +24 ////; 
ttag +25 ////; 
ttag +26 ////; 
ttag +27 ////; 
ttag +28 ////; 
ttag +29 ////; 
ttag +30 ////; 
ttag +31 ////; 
ttag +32 ////; 
ttag +33 ////; 
ttag +34 ////; 
ttag +35 ////; 
ttag +36 ////; 
ttag +37 ////; 
ttag +38 ////; 
ttag +39 ////; 
ttag +40 ////; 
ttag +41 ////; 
ttag +42 ////; 
ttag +43 ////; 
ttag +44 ////; 
ttag +45 ////; 
ttag +46 ////; 
ttag +47 ////; 
ttag +48 ////; 
ttag +49 100/100/100/100/100; 
ttag +50 85/77/69/82/75; 
ttag +51 64/43/51/48/44; 
ttag +52 94/91/80/90/80; 
ttag +53 16/[21]/?/?/?; 
ttag +54 27/[9]/?/?/?; 
ttag +55 46/36/21/38/26; 
ttag +56 71/57/43/57/46; 
ttag +57 84/80/68/80/77; 
ttag +58 99/98/95/100/96; 
ttag +59 32/[10]/?/?/?; 
ttag +60 64/55/39/61/44; 
ttag +61 7/[22]/?/?/?; 
ttag +62 3/[26]/?/?/?; 
ttag +63 5/[24]/?/?/?; 
ttag +64 72/69/50/76/56; 
ttag +65 95/94/85/95/86; 
ttag +66 71/65/60/71/59; 
ttag +67 100/100/93/96/98; 
ttag +68 85/78/67/82/72; 
ttag +69 33/18/3/12/7; 
ttag +70 96/94/88/96/87; 
ttag +71 85/82/59/90/64; 
ttag +72 98/98/96/100/98; 
ttag +73 99/99/100/100/100; 
ttag +74 98/98/91/98/94; 
ttag +75 71/66/44/64/46; 
ttag +76 25/[9]/9/?/?; 
ttag +77 67/56/46/60/48; 
ttag +78 96/95/94/96/92; 
ttag +79 68/51/48/60/47; 
ttag +80 53/48/26/47/21; 
ttag +81 49/37/16/35/13; 
ttag +82 50/39/30/41/31; 
ttag +83 83/80/65/84/67; 
ttag +84 81/74/61/75/67; 
ttag +85 85/80/70/85/66; 
ttag +86 57/47/45/45/26; 
ttag +87 98/98/92/96/93; 
ttag +88 65/47/34/46/33; 
ttag +89 96/95/86/96/88; 
ttag +90 59/54/44/56/39; 
ttag +91 100/100/98/100/97; 
ttag +92 62/55/48/62/36; 
ttag +93 14/[22]/?/?/?; 
ttag +94 20/[2]/?/1/?; 
