tread
'Tree with tags' 
(0 (1 ((2 3 )(4 (5 ((6 (7 (10 (8 9 ))))(11 12 13 14 ((15 (16 17 ))(18 (19 20 )))(21 ((22 (23 (24 25 )))(26 (27 (28 ((29 (30 31 ))(32 (33 34 )(35 (36 (37 (38 39 )))))((40 (41 (42 43 )))(44 45 46 47 ))))))))))))))); 
ttag *!; 
ttag +49 ???; 
ttag +50 4; 
ttag +51 1; 
ttag +52 6; 
ttag +53 3; 
ttag +54 2; 
ttag +55 2; 
ttag +56 1; 
ttag +57 2; 
ttag +58 10; 
ttag +59 4; 
ttag +60 3; 
ttag +61 1; 
ttag +62 2; 
ttag +63 4; 
ttag +64 9; 
ttag +65 1; 
ttag +66 3; 
ttag +67 5; 
ttag +68 4; 
ttag +69 4; 
ttag +70 5; 
ttag +71 3; 
ttag +72 2; 
ttag +73 4; 
ttag +74 2; 
ttag +75 2; 
ttag +76 8; 
ttag +77 1; 
ttag +78 7; 
ttag +79 2; 
ttag +80 11; 
ttag +81 2; 
ttag +82 4; 
ttag +83 1; 
ttag +84 5; 
ttag +85 5; 
ttag +86 4; 
tread
'Tree with tags' 
(0 (1 ((2 3 )(4 (5 ((6 (7 (10 (8 9 ))))(11 ((12 13 )((14 ((15 (16 17 ))(18 (19 20 ))))(21 ((22 (23 (24 25 )))(26 (27 (28 ((29 (30 31 ))(((32 (35 (36 (37 (38 39 )))))(33 34 ))((40 (41 (42 43 )))(47 (46 (44 45 )))))))))))))))))))); 
ttag *!; 
ttag +0 ////; 
ttag +1 ////; 
ttag +2 ////; 
ttag +3 ////; 
ttag +4 ////; 
ttag +5 ////; 
ttag +6 ////; 
ttag +7 ////; 
ttag +8 ////; 
ttag +9 ////; 
ttag +10 ////; 
ttag +11 ////; 
ttag +12 ////; 
ttag +13 ////; 
ttag +14 ////; 
ttag +15 ////; 
ttag +16 ////; 
ttag +17 ////; 
ttag +18 ////; 
ttag +19 ////; 
ttag +20 ////; 
ttag +21 ////; 
ttag +22 ////; 
ttag +23 ////; 
ttag +24 ////; 
ttag +25 ////; 
ttag +26 ////; 
ttag +27 ////; 
ttag +28 ////; 
ttag +29 ////; 
ttag +30 ////; 
ttag +31 ////; 
ttag +32 ////; 
ttag +33 ////; 
ttag +34 ////; 
ttag +35 ////; 
ttag +36 ////; 
ttag +37 ////; 
ttag +38 ////; 
ttag +39 ////; 
ttag +40 ////; 
ttag +41 ////; 
ttag +42 ////; 
ttag +43 ////; 
ttag +44 ////; 
ttag +45 ////; 
ttag +46 ////; 
ttag +47 ////; 
ttag +48 ////; 
ttag +49 100/100/100/100/100; 
ttag +50 88/82/80/88/72; 
ttag +51 53/35/35/40/43; 
ttag +52 94/92/85/97/87; 
ttag +53 60/39/27/49/37; 
ttag +54 92/90/85/86/85; 
ttag +55 49/27/23/42/31; 
ttag +56 38/16/24/34/29; 
ttag +57 85/80/70/76/66; 
ttag +58 100/100/100/100/99; 
ttag +59 66/54/42/56/46; 
ttag +60 25/16/8/16/11; 
ttag +61 10/[1]/3/1/3; 
ttag +62 15/5/1/2/3; 
ttag +63 24/14/11/20/11; 
ttag +64 83/81/69/79/66; 
ttag +65 33/20/17/33/21; 
ttag +66 64/51/46/59/40; 
ttag +67 92/92/81/94/80; 
ttag +68 100/100/99/99/99; 
ttag +69 32/21/19/24/20; 
ttag +70 86/77/77/86/79; 
ttag +71 80/76/58/75/56; 
ttag +72 88/81/74/88/79; 
ttag +73 97/96/93/92/91; 
ttag +74 96/95/88/96/94; 
ttag +75 72/53/40/58/40; 
ttag +76 78/72/61/76/65; 
ttag +77 93/91/84/92/83; 
ttag +78 67/62/48/63/54; 
ttag +79 76/69/53/69/54; 
ttag +80 41/8/4/?/?; 
ttag +81 98/98/95/99/95; 
ttag +82 39/24/26/23/16; 
ttag +83 53/28/36/30/30; 
ttag +84 98/98/97/99/95; 
ttag +85 78/72/55/73/66; 
ttag +86 100/100/100/100/99; 
ttag +87 82/71/62/76/67; 
ttag +88 94/94/82/92/86; 
ttag +89 27/2/?/10/?; 
ttag +90 97/97/92/96/92; 
ttag +91 99/98/100/99/98; 
ttag +92 22/[3]/?/?/?; 
ttag +93 50/20/26/17/21; 
ttag +94 84/82/77/82/78; 
