tread
'Tree with tags' 
(0 (1 ((2 3 )(4 (5 ((7 (6 11 )((12 13 )(14 ((18 ((15 (16 17 ))(19 20 )))(21 ((22 (23 (24 25 )))((26 27 )(28 ((((29 (30 31 ))(32 35 (33 34 )(36 (37 (38 39 )))))(44 45 (46 47 )))(40 (41 (42 43 ))))))))))))(8 (9 10 )))))))); 
ttag *!; 
ttag +49 ???; 
ttag +50 5; 
ttag +51 7; 
ttag +52 11; 
ttag +53 3; 
ttag +54 1; 
ttag +55 1; 
ttag +56 1; 
ttag +57 4; 
ttag +58 2; 
ttag +59 1; 
ttag +60 2; 
ttag +61 1; 
ttag +62 5; 
ttag +63 1; 
ttag +64 1; 
ttag +65 1; 
ttag +66 3; 
ttag +67 8; 
ttag +68 1; 
ttag +69 5; 
ttag +70 7; 
ttag +71 7; 
ttag +72 8; 
ttag +73 3; 
ttag +74 3; 
ttag +75 2; 
ttag +76 6; 
ttag +77 1; 
ttag +78 3; 
ttag +79 2; 
ttag +80 8; 
ttag +81 4; 
ttag +82 1; 
ttag +83 3; 
ttag +84 3; 
ttag +85 3; 
ttag +86 5; 
ttag +87 3; 
ttag +88 3; 
ttag +89 1; 
ttag +90 1; 
tread
'Tree with tags' 
(0 (1 ((2 3 )(4 (5 ((7 ((6 11 )((12 13 )(14 ((18 ((15 (16 17 ))(19 20 )))(21 ((22 (23 (24 25 )))((26 27 )(28 ((((29 (30 31 ))(((32 35 )(33 34 ))(36 (37 (38 39 )))))(45 (44 (46 47 ))))(40 (41 (42 43 )))))))))))))(8 (9 10 )))))))); 
ttag *!; 
ttag +0 ////; 
ttag +1 ////; 
ttag +2 ////; 
ttag +3 ////; 
ttag +4 ////; 
ttag +5 ////; 
ttag +6 ////; 
ttag +7 ////; 
ttag +8 ////; 
ttag +9 ////; 
ttag +10 ////; 
ttag +11 ////; 
ttag +12 ////; 
ttag +13 ////; 
ttag +14 ////; 
ttag +15 ////; 
ttag +16 ////; 
ttag +17 ////; 
ttag +18 ////; 
ttag +19 ////; 
ttag +20 ////; 
ttag +21 ////; 
ttag +22 ////; 
ttag +23 ////; 
ttag +24 ////; 
ttag +25 ////; 
ttag +26 ////; 
ttag +27 ////; 
ttag +28 ////; 
ttag +29 ////; 
ttag +30 ////; 
ttag +31 ////; 
ttag +32 ////; 
ttag +33 ////; 
ttag +34 ////; 
ttag +35 ////; 
ttag +36 ////; 
ttag +37 ////; 
ttag +38 ////; 
ttag +39 ////; 
ttag +40 ////; 
ttag +41 ////; 
ttag +42 ////; 
ttag +43 ////; 
ttag +44 ////; 
ttag +45 ////; 
ttag +46 ////; 
ttag +47 ////; 
ttag +48 ////; 
ttag +49 100/100/100/100/100; 
ttag +50 99/98/95/97/97; 
ttag +51 99/98/95/98/93; 
ttag +52 99/99/100/100/100; 
ttag +53 78/73/59/75/68; 
ttag +54 26/[7]/?/?/?; 
ttag +55 26/[2]/?/?/?; 
ttag +56 68/65/52/56/48; 
ttag +57 47/32/27/38/28; 
ttag +58 99/99/97/98/96; 
ttag +59 71/62/53/64/50; 
ttag +60 55/45/39/44/38; 
ttag +61 39/6/?/12/?; 
ttag +62 12/[20]/?/?/?; 
ttag +63 99/99/96/100/94; 
ttag +64 37/[10]/?/?/?; 
ttag +65 53/32/28/31/30; 
ttag +66 8/[25]/?/?/?; 
ttag +67 76/65/62/59/60; 
ttag +68 100/100/99/100/100; 
ttag +69 15/[18]/?/?/?; 
ttag +70 95/95/86/97/83; 
ttag +71 92/90/80/91/80; 
ttag +72 100/100/100/99/98; 
ttag +73 98/98/98/98/95; 
ttag +74 86/85/79/78/74; 
ttag +75 79/75/63/75/60; 
ttag +76 31/12/5/15/11; 
ttag +77 93/92/86/94/84; 
ttag +78 34/16/5/13/5; 
ttag +79 27/8/6/14/3; 
ttag +80 22/[1]/?/8/?; 
ttag +81 100/100/97/99/98; 
ttag +82 12/[11]/1/?/?; 
ttag +83 18/[8]/?/?/?; 
ttag +84 75/69/56/74/62; 
ttag +85 56/45/51/54/35; 
ttag +86 93/92/84/93/83; 
ttag +87 92/90/83/94/82; 
ttag +88 91/90/87/96/84; 
ttag +89 93/92/81/91/88; 
ttag +90 80/75/66/74/64; 
ttag +91 86/80/80/89/84; 
ttag +92 19/[16]/?/?/?; 
ttag +93 71/66/62/68/66; 
ttag +94 59/47/44/54/48; 
