tread
'Tree with tags' 
(0 (1 ((2 3 )(4 (5 (((6 7 )(8 (9 10 )))(11 (12 ((13 (22 ((23 (24 25 ))(26 (27 (28 ((29 (30 31 ))(((32 35 (36 (38 (37 39 ))))(33 34 ))((40 (41 (42 43 )))(44 45 (46 47 )))))))))))(21 (14 ((15 (16 17 ))(18 (19 20 )))))))))))))); 
ttag *!; 
ttag +49 ???; 
ttag +50 2; 
ttag +51 4; 
ttag +52 7; 
ttag +53 3; 
ttag +54 1; 
ttag +55 1; 
ttag +56 3; 
ttag +57 9; 
ttag +58 3; 
ttag +59 4; 
ttag +60 2; 
ttag +61 1; 
ttag +62 1; 
ttag +63 1; 
ttag +64 1; 
ttag +65 2; 
ttag +66 3; 
ttag +67 1; 
ttag +68 2; 
ttag +69 22; 
ttag +70 8; 
ttag +71 4; 
ttag +72 1; 
ttag +73 13; 
ttag +74 8; 
ttag +75 1; 
ttag +76 1; 
ttag +77 5; 
ttag +78 1; 
ttag +79 4; 
ttag +80 2; 
ttag +81 9; 
ttag +82 1; 
ttag +83 1; 
ttag +84 3; 
ttag +85 1; 
ttag +86 1; 
ttag +87 5; 
ttag +88 4; 
ttag +89 1; 
ttag +90 6; 
ttag +91 3; 
ttag +92 1; 
tread
'Tree with tags' 
(0 (1 ((2 3 )(4 (5 (((6 7 )(8 (9 10 )))(11 (12 ((13 (22 ((23 (24 25 ))(26 (27 (28 ((29 (30 31 ))(((32 (35 (36 (38 (37 39 )))))(33 34 ))((40 (41 (42 43 )))(44 (45 (46 47 ))))))))))))(21 (14 ((15 (16 17 ))(18 (19 20 )))))))))))))); 
ttag *!; 
ttag +0 ////; 
ttag +1 ////; 
ttag +2 ////; 
ttag +3 ////; 
ttag +4 ////; 
ttag +5 ////; 
ttag +6 ////; 
ttag +7 ////; 
ttag +8 ////; 
ttag +9 ////; 
ttag +10 ////; 
ttag +11 ////; 
ttag +12 ////; 
ttag +13 ////; 
ttag +14 ////; 
ttag +15 ////; 
ttag +16 ////; 
ttag +17 ////; 
ttag +18 ////; 
ttag +19 ////; 
ttag +20 ////; 
ttag +21 ////; 
ttag +22 ////; 
ttag +23 ////; 
ttag +24 ////; 
ttag +25 ////; 
ttag +26 ////; 
ttag +27 ////; 
ttag +28 ////; 
ttag +29 ////; 
ttag +30 ////; 
ttag +31 ////; 
ttag +32 ////; 
ttag +33 ////; 
ttag +34 ////; 
ttag +35 ////; 
ttag +36 ////; 
ttag +37 ////; 
ttag +38 ////; 
ttag +39 ////; 
ttag +40 ////; 
ttag +41 ////; 
ttag +42 ////; 
ttag +43 ////; 
ttag +44 ////; 
ttag +45 ////; 
ttag +46 ////; 
ttag +47 ////; 
ttag +48 ////; 
ttag +49 100/100/100/100/100; 
ttag +50 75/59/56/63/62; 
ttag +51 90/86/78/87/74; 
ttag +52 94/92/82/98/82; 
ttag +53 48/29/20/44/19; 
ttag +54 30/10/?/17/12; 
ttag +55 23/2/?/11/2; 
ttag +56 41/22/12/36/10; 
ttag +57 99/99/97/98/97; 
ttag +58 74/58/43/71/52; 
ttag +59 72/67/56/76/51; 
ttag +60 30/23/16/23/11; 
ttag +61 10/[12]/?/?/?; 
ttag +62 3/[9]/?/?/?; 
ttag +63 27/[4]/2/9/1; 
ttag +64 10/[12]/?/?/?; 
ttag +65 52/40/28/37/32; 
ttag +66 85/81/70/78/64; 
ttag +67 55/31/24/31/15; 
ttag +68 32/9/0/10/?; 
ttag +69 100/100/100/100/100; 
ttag +70 95/94/79/92/78; 
ttag +71 89/86/80/90/74; 
ttag +72 72/65/50/50/49; 
ttag +73 100/100/100/100/100; 
ttag +74 98/98/95/98/93; 
ttag +75 34/9/18/26/11; 
ttag +76 59/46/45/51/40; 
ttag +77 94/92/84/92/81; 
ttag +78 50/35/34/32/37; 
ttag +79 90/85/80/84/74; 
ttag +80 43/30/18/27/14; 
ttag +81 97/97/94/98/92; 
ttag +82 53/38/36/36/44; 
ttag +83 40/24/26/19/23; 
ttag +84 12/[15]/?/?/?; 
ttag +85 68/55/44/55/51; 
ttag +86 39/25/14/21/12; 
ttag +87 21/[15]/?/?/?; 
ttag +88 86/83/79/92/84; 
ttag +89 74/65/58/71/50; 
ttag +90 47/22/8/21/5; 
ttag +91 94/94/88/97/90; 
ttag +92 74/66/49/66/62; 
ttag +93 14/[29]/?/?/?; 
ttag +94 50/41/29/37/32; 
