tread
'Tree with tags' 
(0 (1 ((2 3 )((4 (5 ((6 7 )((12 13 )(21 (14 (((15 (16 17 ))(18 (19 20 )))((22 (23 (24 25 )))(28 ((26 27 )((29 (30 31 ))((32 (35 (33 34 )(36 (37 (38 39 )))))(40 (41 (42 43 )))(44 (45 46 47 ))))))))))))))(11 (10 (8 9 ))))))); 
ttag *!; 
ttag +49 ???; 
ttag +50 7; 
ttag +51 5; 
ttag +52 1; 
ttag +53 2; 
ttag +54 1; 
ttag +55 2; 
ttag +56 1; 
ttag +57 1; 
ttag +58 3; 
ttag +59 1; 
ttag +60 1; 
ttag +61 3; 
ttag +62 1; 
ttag +63 2; 
ttag +64 6; 
ttag +65 4; 
ttag +66 1; 
ttag +67 2; 
ttag +68 5; 
ttag +69 6; 
ttag +70 5; 
ttag +71 2; 
ttag +72 1; 
ttag +73 7; 
ttag +74 1; 
ttag +75 1; 
ttag +76 5; 
ttag +77 1; 
ttag +78 3; 
ttag +79 3; 
ttag +80 9; 
ttag +81 1; 
ttag +82 5; 
ttag +83 1; 
ttag +84 3; 
ttag +85 1; 
ttag +86 1; 
ttag +87 4; 
ttag +88 1; 
ttag +89 1; 
ttag +90 1; 
ttag +91 1; 
tread
'Tree with tags' 
(0 (1 ((2 3 )((4 (5 ((6 7 )((12 13 )(21 (14 (((15 (16 17 ))(18 (19 20 )))((22 (23 (24 25 )))(28 ((26 27 )((29 (30 31 ))(((32 ((33 34 )(35 (36 (37 (38 39 ))))))(40 (41 (42 43 ))))(44 (47 (45 46 )))))))))))))))(11 (10 (8 9 ))))))); 
ttag *!; 
ttag +0 ////; 
ttag +1 ////; 
ttag +2 ////; 
ttag +3 ////; 
ttag +4 ////; 
ttag +5 ////; 
ttag +6 ////; 
ttag +7 ////; 
ttag +8 ////; 
ttag +9 ////; 
ttag +10 ////; 
ttag +11 ////; 
ttag +12 ////; 
ttag +13 ////; 
ttag +14 ////; 
ttag +15 ////; 
ttag +16 ////; 
ttag +17 ////; 
ttag +18 ////; 
ttag +19 ////; 
ttag +20 ////; 
ttag +21 ////; 
ttag +22 ////; 
ttag +23 ////; 
ttag +24 ////; 
ttag +25 ////; 
ttag +26 ////; 
ttag +27 ////; 
ttag +28 ////; 
ttag +29 ////; 
ttag +30 ////; 
ttag +31 ////; 
ttag +32 ////; 
ttag +33 ////; 
ttag +34 ////; 
ttag +35 ////; 
ttag +36 ////; 
ttag +37 ////; 
ttag +38 ////; 
ttag +39 ////; 
ttag +40 ////; 
ttag +41 ////; 
ttag +42 ////; 
ttag +43 ////; 
ttag +44 ////; 
ttag +45 ////; 
ttag +46 ////; 
ttag +47 ////; 
ttag +48 ////; 
ttag +49 100/100/100/100/100; 
ttag +50 97/97/98/96/95; 
ttag +51 94/93/86/90/91; 
ttag +52 7/[28]/?/?/?; 
ttag +53 56/38/33/44/29; 
ttag +54 6/[21]/?/?/?; 
ttag +55 79/76/70/83/73; 
ttag +56 7/[19]/?/?/?; 
ttag +57 35/[6]/?/?/?; 
ttag +58 86/78/84/84/82; 
ttag +59 41/25/17/18/25; 
ttag +60 24/16/12/11/4; 
ttag +61 53/44/31/48/39; 
ttag +62 6/[15]/?/?/?; 
ttag +63 18/8/3/8/?; 
ttag +64 96/95/92/95/91; 
ttag +65 80/76/72/78/67; 
ttag +66 7/[16]/?/?/?; 
ttag +67 69/50/37/56/41; 
ttag +68 99/98/97/100/98; 
ttag +69 99/99/98/99/98; 
ttag +70 86/83/72/85/78; 
ttag +71 66/57/42/62/52; 
ttag +72 44/16/13/8/18; 
ttag +73 99/98/97/99/96; 
ttag +74 35/15/12/14/5; 
ttag +75 6/[25]/?/?/?; 
ttag +76 96/95/89/95/88; 
ttag +77 44/19/19/21/18; 
ttag +78 90/86/80/80/83; 
ttag +79 72/64/56/68/41; 
ttag +80 99/98/100/100/98; 
ttag +81 34/1/?/?/?; 
ttag +82 63/52/36/49/27; 
ttag +83 89/88/80/92/81; 
ttag +84 57/44/35/61/38; 
ttag +85 31/8/11/5/17; 
ttag +86 77/72/60/75/65; 
ttag +87 48/33/33/40/32; 
ttag +88 45/26/25/25/20; 
ttag +89 98/98/93/96/92; 
ttag +90 45/16/9/21/11; 
ttag +91 63/46/41/50/44; 
ttag +92 54/36/38/36/38; 
ttag +93 38/19/23/12/18; 
ttag +94 39/22/17/26/22; 
