tread
'Tree with tags' 
(0 (1 ((2 3 )(4 ((7 (6 (5 (11 (12 ((13 14 )(((15 (16 17 ))(18 (19 20 )))(21 (22 (23 (24 25 )))(26 (27 (28 (((29 (30 31 ))(46 (44 (45 47 ))))(((36 (32 (35 (33 34 ))))(37 38 39 ))(40 (41 (42 43 ))))))))))))))))(8 (9 10 ))))))); 
ttag *!; 
ttag +49 ???; 
ttag +50 7; 
ttag +51 4; 
ttag +52 9; 
ttag +53 1; 
ttag +54 1; 
ttag +55 1; 
ttag +56 1; 
ttag +57 7; 
ttag +58 2; 
ttag +59 1; 
ttag +60 2; 
ttag +61 1; 
ttag +62 1; 
ttag +63 3; 
ttag +64 2; 
ttag +65 2; 
ttag +66 3; 
ttag +67 4; 
ttag +68 6; 
ttag +69 4; 
ttag +70 1; 
ttag +71 6; 
ttag +72 7; 
ttag +73 5; 
ttag +74 3; 
ttag +75 5; 
ttag +76 3; 
ttag +77 2; 
ttag +78 4; 
ttag +79 6; 
ttag +80 2; 
ttag +81 1; 
ttag +82 8; 
ttag +83 2; 
ttag +84 4; 
ttag +85 2; 
ttag +86 6; 
ttag +87 7; 
ttag +88 3; 
ttag +89 9; 
ttag +90 3; 
ttag +91 5; 
ttag +92 3; 
tread
'Tree with tags' 
(0 (1 ((2 3 )(4 ((7 (6 (5 (11 (12 ((13 14 )(((15 (16 17 ))(18 (19 20 )))((21 (26 (27 (28 (((29 (30 31 ))(46 (44 (45 47 ))))(((36 (32 (35 (33 34 ))))(38 (37 39 )))(40 (41 (42 43 )))))))))(22 (23 (24 25 )))))))))))(8 (9 10 ))))))); 
ttag *!; 
ttag +0 ////; 
ttag +1 ////; 
ttag +2 ////; 
ttag +3 ////; 
ttag +4 ////; 
ttag +5 ////; 
ttag +6 ////; 
ttag +7 ////; 
ttag +8 ////; 
ttag +9 ////; 
ttag +10 ////; 
ttag +11 ////; 
ttag +12 ////; 
ttag +13 ////; 
ttag +14 ////; 
ttag +15 ////; 
ttag +16 ////; 
ttag +17 ////; 
ttag +18 ////; 
ttag +19 ////; 
ttag +20 ////; 
ttag +21 ////; 
ttag +22 ////; 
ttag +23 ////; 
ttag +24 ////; 
ttag +25 ////; 
ttag +26 ////; 
ttag +27 ////; 
ttag +28 ////; 
ttag +29 ////; 
ttag +30 ////; 
ttag +31 ////; 
ttag +32 ////; 
ttag +33 ////; 
ttag +34 ////; 
ttag +35 ////; 
ttag +36 ////; 
ttag +37 ////; 
ttag +38 ////; 
ttag +39 ////; 
ttag +40 ////; 
ttag +41 ////; 
ttag +42 ////; 
ttag +43 ////; 
ttag +44 ////; 
ttag +45 ////; 
ttag +46 ////; 
ttag +47 ////; 
ttag +48 ////; 
ttag +49 100/100/100/100/100; 
ttag +50 97/96/93/98/91; 
ttag +51 84/79/73/81/74; 
ttag +52 99/99/98/99/98; 
ttag +53 14/[8]/?/?/?; 
ttag +54 13/[8]/?/?/?; 
ttag +55 19/[7]/?/2/?; 
ttag +56 31/9/?/5/8; 
ttag +57 99/98/98/98/98; 
ttag +58 83/78/73/76/77; 
ttag +59 34/11/?/15/8; 
ttag +60 52/46/40/46/31; 
ttag +61 18/[20]/?/?/?; 
ttag +62 25/[11]/?/?/?; 
ttag +63 83/81/68/85/68; 
ttag +64 63/53/44/58/46; 
ttag +65 49/39/31/39/24; 
ttag +66 78/70/59/72/60; 
ttag +67 92/92/91/91/84; 
ttag +68 98/98/94/98/97; 
ttag +69 19/[29]/?/?/?; 
ttag +70 75/72/52/79/57; 
ttag +71 51/26/30/43/34; 
ttag +72 94/92/87/91/84; 
ttag +73 99/98/96/99/97; 
ttag +74 93/92/83/93/83; 
ttag +75 83/78/55/83/54; 
ttag +76 84/82/59/82/60; 
ttag +77 80/71/48/68/53; 
ttag +78 25/[12]/?/?/?; 
ttag +79 75/66/53/64/49; 
ttag +80 94/92/86/98/85; 
ttag +81 26/0/?/4/?; 
ttag +82 26/[8]/?/?/?; 
ttag +83 90/88/78/92/78; 
ttag +84 26/[11]/?/?/?; 
ttag +85 84/74/56/70/58; 
ttag +86 68/58/37/54/42; 
ttag +87 10/[24]/?/?/?; 
ttag +88 94/92/84/90/80; 
ttag +89 89/87/81/86/76; 
ttag +90 56/28/15/46/30; 
ttag +91 99/99/100/100/100; 
ttag +92 71/60/51/62/52; 
ttag +93 94/93/84/92/89; 
ttag +94 71/64/60/65/60; 
