tread
'Tree with tags' 
(0 (1 ((2 3 )(4 (5 (((6 7 )(8 (9 10 )))(11 (14 21 26 (12 13 )((15 (16 17 ))(18 (19 20 )))(22 (23 (24 25 )))(27 28 ((29 (30 31 ))(((46 (47 ((32 (35 (33 34 )))(36 (38 (37 39 ))))))(44 45 ))(41 (40 (42 43 )))))))))))))); 
ttag *!; 
ttag +49 ???; 
ttag +50 9; 
ttag +51 4; 
ttag +52 6; 
ttag +53 2; 
ttag +54 1; 
ttag +55 2; 
ttag +56 1; 
ttag +57 7; 
ttag +58 2; 
ttag +59 3; 
ttag +60 1; 
ttag +61 1; 
ttag +62 4; 
ttag +63 2; 
ttag +64 1; 
ttag +65 6; 
ttag +66 15; 
ttag +67 7; 
ttag +68 4; 
ttag +69 7; 
ttag +70 3; 
ttag +71 2; 
ttag +72 3; 
ttag +73 7; 
ttag +74 1; 
ttag +75 6; 
ttag +76 4; 
ttag +77 1; 
ttag +78 2; 
ttag +79 1; 
ttag +80 2; 
ttag +81 1; 
ttag +82 3; 
ttag +83 1; 
ttag +84 2; 
ttag +85 2; 
ttag +86 2; 
ttag +87 12; 
ttag +88 2; 
tread
'Tree with tags' 
(0 (1 ((2 3 )(4 (5 (((6 7 )(8 (9 10 )))(11 (21 (((12 13 )(14 ((22 (23 (24 25 )))(26 (27 (28 ((29 (30 31 ))(((46 (47 ((32 (35 (33 34 )))(36 (38 (37 39 ))))))(44 45 ))(41 (40 (42 43 )))))))))))((15 (16 17 ))(18 (19 20 )))))))))))); 
ttag *!; 
ttag +0 ////; 
ttag +1 ////; 
ttag +2 ////; 
ttag +3 ////; 
ttag +4 ////; 
ttag +5 ////; 
ttag +6 ////; 
ttag +7 ////; 
ttag +8 ////; 
ttag +9 ////; 
ttag +10 ////; 
ttag +11 ////; 
ttag +12 ////; 
ttag +13 ////; 
ttag +14 ////; 
ttag +15 ////; 
ttag +16 ////; 
ttag +17 ////; 
ttag +18 ////; 
ttag +19 ////; 
ttag +20 ////; 
ttag +21 ////; 
ttag +22 ////; 
ttag +23 ////; 
ttag +24 ////; 
ttag +25 ////; 
ttag +26 ////; 
ttag +27 ////; 
ttag +28 ////; 
ttag +29 ////; 
ttag +30 ////; 
ttag +31 ////; 
ttag +32 ////; 
ttag +33 ////; 
ttag +34 ////; 
ttag +35 ////; 
ttag +36 ////; 
ttag +37 ////; 
ttag +38 ////; 
ttag +39 ////; 
ttag +40 ////; 
ttag +41 ////; 
ttag +42 ////; 
ttag +43 ////; 
ttag +44 ////; 
ttag +45 ////; 
ttag +46 ////; 
ttag +47 ////; 
ttag +48 ////; 
ttag +49 100/100/100/100/100; 
ttag +50 100/100/100/100/100; 
ttag +51 96/96/94/97/94; 
ttag +52 98/98/92/97/92; 
ttag +53 75/68/52/66/58; 
ttag +54 57/52/48/45/45; 
ttag +55 50/37/33/53/38; 
ttag +56 61/52/44/51/58; 
ttag +57 98/97/99/100/95; 
ttag +58 72/60/55/67/52; 
ttag +59 79/77/65/81/71; 
ttag +60 64/54/50/55/47; 
ttag +61 2/[16]/?/?/?; 
ttag +62 8/[10]/?/?/?; 
ttag +63 32/15/18/36/11; 
ttag +64 28/9/?/12/0; 
ttag +65 96/95/86/90/85; 
ttag +66 68/56/44/63/48; 
ttag +67 61/35/34/50/36; 
ttag +68 90/88/88/94/87; 
ttag +69 100/100/100/100/100; 
ttag +70 95/94/91/96/88; 
ttag +71 58/44/44/42/39; 
ttag +72 97/97/89/96/92; 
ttag +73 100/100/97/99/95; 
ttag +74 48/28/32/25/16; 
ttag +75 88/86/72/79/66; 
ttag +76 68/55/42/39/32; 
ttag +77 80/70/57/72/65; 
ttag +78 83/82/72/85/75; 
ttag +79 98/98/99/99/95; 
ttag +80 30/[12]/?/?/?; 
ttag +81 88/84/73/88/72; 
ttag +82 54/36/27/44/37; 
ttag +83 12/[4]/?/?/?; 
ttag +84 48/40/24/38/26; 
ttag +85 32/2/5/4/?; 
ttag +86 74/64/62/62/58; 
ttag +87 22/[20]/?/?/?; 
ttag +88 92/88/88/90/84; 
ttag +89 58/43/33/49/42; 
ttag +90 88/87/89/93/86; 
ttag +91 32/6/6/19/3; 
ttag +92 46/32/30/32/17; 
ttag +93 100/100/99/100/100; 
ttag +94 53/46/42/44/42; 
