tread
'Tree with tags' 
(0 (1 ((2 3 )(4 (5 (((6 7 )(8 (9 10 )))(11 (14 (12 13 )((15 (16 17 ))(18 (19 20 )))(21 ((22 (23 (24 25 )))(26 (27 (28 (45 (29 (30 31 ))(32 34 (33 (35 (36 (37 38 39 )))))((40 41 )(42 43 ))(44 (46 47 )))))))))))))))); 
ttag *!; 
ttag +49 ???; 
ttag +50 2; 
ttag +51 1; 
ttag +52 7; 
ttag +53 1; 
ttag +54 3; 
ttag +55 1; 
ttag +56 3; 
ttag +57 7; 
ttag +58 4; 
ttag +59 2; 
ttag +60 1; 
ttag +61 1; 
ttag +62 5; 
ttag +63 1; 
ttag +64 6; 
ttag +65 5; 
ttag +66 4; 
ttag +67 2; 
ttag +68 6; 
ttag +69 2; 
ttag +70 5; 
ttag +71 6; 
ttag +72 7; 
ttag +73 1; 
ttag +74 4; 
ttag +75 3; 
ttag +76 4; 
ttag +77 4; 
ttag +78 6; 
ttag +79 1; 
ttag +80 6; 
ttag +81 5; 
ttag +82 9; 
ttag +83 1; 
ttag +84 5; 
ttag +85 8; 
ttag +86 1; 
ttag +87 1; 
tread
'Tree with tags' 
(0 (1 ((2 3 )(4 (5 (((6 7 )(8 (9 10 )))(11 ((12 13 )((14 ((15 (16 17 ))(18 (19 20 ))))(21 ((22 (23 (24 25 )))(26 (27 (28 ((29 (30 31 ))((32 (34 (33 (35 (36 (39 (37 38 )))))))((45 ((40 41 )(42 43 )))(44 (46 47 ))))))))))))))))))); 
ttag *!; 
ttag +0 ////; 
ttag +1 ////; 
ttag +2 ////; 
ttag +3 ////; 
ttag +4 ////; 
ttag +5 ////; 
ttag +6 ////; 
ttag +7 ////; 
ttag +8 ////; 
ttag +9 ////; 
ttag +10 ////; 
ttag +11 ////; 
ttag +12 ////; 
ttag +13 ////; 
ttag +14 ////; 
ttag +15 ////; 
ttag +16 ////; 
ttag +17 ////; 
ttag +18 ////; 
ttag +19 ////; 
ttag +20 ////; 
ttag +21 ////; 
ttag +22 ////; 
ttag +23 ////; 
ttag +24 ////; 
ttag +25 ////; 
ttag +26 ////; 
ttag +27 ////; 
ttag +28 ////; 
ttag +29 ////; 
ttag +30 ////; 
ttag +31 ////; 
ttag +32 ////; 
ttag +33 ////; 
ttag +34 ////; 
ttag +35 ////; 
ttag +36 ////; 
ttag +37 ////; 
ttag +38 ////; 
ttag +39 ////; 
ttag +40 ////; 
ttag +41 ////; 
ttag +42 ////; 
ttag +43 ////; 
ttag +44 ////; 
ttag +45 ////; 
ttag +46 ////; 
ttag +47 ////; 
ttag +48 ////; 
ttag +49 100/100/100/100/100; 
ttag +50 66/42/41/54/46; 
ttag +51 66/55/41/58/42; 
ttag +52 95/94/84/94/84; 
ttag +53 49/36/31/41/24; 
ttag +54 93/92/89/92/87; 
ttag +55 46/26/15/17/14; 
ttag +56 72/68/60/79/60; 
ttag +57 98/98/94/96/94; 
ttag +58 90/87/76/92/80; 
ttag +59 72/63/41/58/50; 
ttag +60 49/36/36/34/38; 
ttag +61 43/30/14/23/18; 
ttag +62 9/[9]/?/?/?; 
ttag +63 19/0/2/?/2; 
ttag +64 99/98/96/100/96; 
ttag +65 38/[3]/?/?/?; 
ttag +66 98/97/96/98/96; 
ttag +67 94/93/83/91/85; 
ttag +68 98/97/89/95/93; 
ttag +69 59/55/41/59/45; 
ttag +70 97/97/88/95/86; 
ttag +71 74/69/60/70/62; 
ttag +72 96/95/87/88/81; 
ttag +73 98/97/91/96/90; 
ttag +74 97/96/78/90/80; 
ttag +75 50/31/19/26/16; 
ttag +76 87/85/68/78/66; 
ttag +77 87/84/72/82/72; 
ttag +78 88/87/70/86/71; 
ttag +79 96/96/92/97/89; 
ttag +80 91/87/82/93/72; 
ttag +81 25/7/10/0/?; 
ttag +82 54/44/35/39/36; 
ttag +83 44/26/33/26/18; 
ttag +84 96/96/90/97/90; 
ttag +85 96/96/89/96/87; 
ttag +86 31/[4]/?/0/2; 
ttag +87 99/99/99/99/98; 
ttag +88 59/36/32/27/30; 
ttag +89 95/95/88/94/86; 
ttag +90 13/[12]/?/?/?; 
ttag +91 23/11/7/15/10; 
ttag +92 99/99/97/100/97; 
ttag +93 27/9/?/16/6; 
ttag +94 42/23/12/30/23; 
