tread
'Tree with tags' 
(0 (1 ((2 3 )(4 5 6 7 11 12 13 14 15 21 (8 (9 10 ))(16 17 )(18 (19 20 ))((22 (23 (24 25 )))(26 (27 (28 (31 (29 30 ))(32 ((33 34 )(35 (36 (38 (37 39 ))))))((40 41 (42 43 ))(47 (46 (44 45 )))))))))))); 
ttag *!; 
ttag +49 ???; 
ttag +50 5; 
ttag +51 4; 
ttag +52 10; 
ttag +53 11; 
ttag +54 1; 
ttag +55 3; 
ttag +56 2; 
ttag +57 6; 
ttag +58 5; 
ttag +59 2; 
ttag +60 4; 
ttag +61 9; 
ttag +62 3; 
ttag +63 2; 
ttag +64 2; 
ttag +65 1; 
ttag +66 1; 
ttag +67 7; 
ttag +68 1; 
ttag +69 1; 
ttag +70 2; 
ttag +71 8; 
ttag +72 1; 
ttag +73 8; 
ttag +74 10; 
ttag +75 1; 
ttag +76 7; 
ttag +77 1; 
ttag +78 2; 
ttag +79 1; 
tread
'Tree with tags' 
(0 (1 ((2 3 )((4 11 )(5 (7 (6 ((13 (8 (9 10 )))(12 (21 (14 (((15 (18 (19 20 )))(16 17 ))((22 (23 (24 25 )))(26 (27 (((28 (32 ((33 34 )(35 (36 (38 (37 39 )))))))((40 (41 (42 43 )))(47 (46 (44 45 )))))(31 (29 30 )))))))))))))))))); 
ttag *!; 
ttag +0 ////; 
ttag +1 ////; 
ttag +2 ////; 
ttag +3 ////; 
ttag +4 ////; 
ttag +5 ////; 
ttag +6 ////; 
ttag +7 ////; 
ttag +8 ////; 
ttag +9 ////; 
ttag +10 ////; 
ttag +11 ////; 
ttag +12 ////; 
ttag +13 ////; 
ttag +14 ////; 
ttag +15 ////; 
ttag +16 ////; 
ttag +17 ////; 
ttag +18 ////; 
ttag +19 ////; 
ttag +20 ////; 
ttag +21 ////; 
ttag +22 ////; 
ttag +23 ////; 
ttag +24 ////; 
ttag +25 ////; 
ttag +26 ////; 
ttag +27 ////; 
ttag +28 ////; 
ttag +29 ////; 
ttag +30 ////; 
ttag +31 ////; 
ttag +32 ////; 
ttag +33 ////; 
ttag +34 ////; 
ttag +35 ////; 
ttag +36 ////; 
ttag +37 ////; 
ttag +38 ////; 
ttag +39 ////; 
ttag +40 ////; 
ttag +41 ////; 
ttag +42 ////; 
ttag +43 ////; 
ttag +44 ////; 
ttag +45 ////; 
ttag +46 ////; 
ttag +47 ////; 
ttag +48 ////; 
ttag +49 100/100/100/100/100; 
ttag +50 92/88/84/89/82; 
ttag +51 85/78/66/78/62; 
ttag +52 21/0/?/?/1; 
ttag +53 99/99/95/99/93; 
ttag +54 12/[1]/?/?/?; 
ttag +55 4/[23]/?/?/?; 
ttag +56 20/6/2/5/3; 
ttag +57 100/100/100/100/100; 
ttag +58 21/[2]/?/?/?; 
ttag +59 4/[9]/?/?/?; 
ttag +60 54/33/20/27/9; 
ttag +61 6/[16]/?/?/?; 
ttag +62 7/[1]/?/?/?; 
ttag +63 18/1/?/0/?; 
ttag +64 36/[3]/?/2/?; 
ttag +65 33/15/14/26/10; 
ttag +66 21/12/6/13/5; 
ttag +67 91/89/78/89/80; 
ttag +68 83/76/76/88/81; 
ttag +69 100/100/96/99/96; 
ttag +70 89/85/77/88/73; 
ttag +71 48/30/24/34/17; 
ttag +72 94/92/79/91/78; 
ttag +73 100/100/99/100/98; 
ttag +74 67/64/48/60/49; 
ttag +75 49/28/7/18/7; 
ttag +76 8/[38]/?/?/?; 
ttag +77 25/[21]/?/?/?; 
ttag +78 45/36/22/27/25; 
ttag +79 56/43/34/46/26; 
ttag +80 89/86/81/78/82; 
ttag +81 98/98/94/99/92; 
ttag +82 59/41/39/46/34; 
ttag +83 65/56/52/58/40; 
ttag +84 87/84/77/86/75; 
ttag +85 100/100/98/99/98; 
ttag +86 58/36/40/39/34; 
ttag +87 100/100/98/100/96; 
ttag +88 100/100/100/100/98; 
ttag +89 53/39/36/39/38; 
ttag +90 37/12/8/24/5; 
ttag +91 98/98/98/99/97; 
ttag +92 57/55/53/56/48; 
ttag +93 56/50/36/62/38; 
ttag +94 70/63/52/67/42; 
