tread
'Tree with tags' 
(0 (1 (2 3 )(4 5 (6 7 )(11 (8 (9 10 ))(12 13 (14 ((15 16 17 )(18 (19 20 ))))(21 ((22 (23 (24 25 )))(26 (27 28 ((29 (30 31 ))(((36 (35 (32 (33 34 ))))(37 (38 39 )))((46 (45 (40 (41 (42 43 )))))(44 47 ))))))))))))); 
ttag *!; 
ttag +49 ???; 
ttag +50 13; 
ttag +51 3; 
ttag +52 4; 
ttag +53 9; 
ttag +54 1; 
ttag +55 2; 
ttag +56 2; 
ttag +57 1; 
ttag +58 3; 
ttag +59 2; 
ttag +60 6; 
ttag +61 10; 
ttag +62 1; 
ttag +63 3; 
ttag +64 1; 
ttag +65 4; 
ttag +66 4; 
ttag +67 3; 
ttag +68 3; 
ttag +69 7; 
ttag +70 1; 
ttag +71 5; 
ttag +72 1; 
ttag +73 1; 
ttag +74 2; 
ttag +75 6; 
ttag +76 2; 
ttag +77 7; 
ttag +78 5; 
ttag +79 3; 
ttag +80 12; 
ttag +81 1; 
ttag +82 1; 
ttag +83 4; 
ttag +84 3; 
ttag +85 6; 
ttag +86 1; 
tread
'Tree with tags' 
(0 ((1 ((4 5 )((6 7 )((11 (8 (9 10 )))((12 13 )((14 ((16 (15 17 ))(18 (19 20 ))))(21 ((22 (23 (24 25 )))(26 (27 (28 ((29 (30 31 ))(((36 (35 (32 (33 34 ))))(37 (38 39 )))((46 (45 (40 (41 (42 43 )))))(44 47 )))))))))))))))(2 3 ))); 
ttag *!; 
ttag +0 ////; 
ttag +1 ////; 
ttag +2 ////; 
ttag +3 ////; 
ttag +4 ////; 
ttag +5 ////; 
ttag +6 ////; 
ttag +7 ////; 
ttag +8 ////; 
ttag +9 ////; 
ttag +10 ////; 
ttag +11 ////; 
ttag +12 ////; 
ttag +13 ////; 
ttag +14 ////; 
ttag +15 ////; 
ttag +16 ////; 
ttag +17 ////; 
ttag +18 ////; 
ttag +19 ////; 
ttag +20 ////; 
ttag +21 ////; 
ttag +22 ////; 
ttag +23 ////; 
ttag +24 ////; 
ttag +25 ////; 
ttag +26 ////; 
ttag +27 ////; 
ttag +28 ////; 
ttag +29 ////; 
ttag +30 ////; 
ttag +31 ////; 
ttag +32 ////; 
ttag +33 ////; 
ttag +34 ////; 
ttag +35 ////; 
ttag +36 ////; 
ttag +37 ////; 
ttag +38 ////; 
ttag +39 ////; 
ttag +40 ////; 
ttag +41 ////; 
ttag +42 ////; 
ttag +43 ////; 
ttag +44 ////; 
ttag +45 ////; 
ttag +46 ////; 
ttag +47 ////; 
ttag +48 ////; 
ttag +49 48/8/?/2/?; 
ttag +50 100/100/100/100/100; 
ttag +51 100/100/100/100/100; 
ttag +52 16/6/9/6/5; 
ttag +53 78/69/53/69/54; 
ttag +54 91/90/82/94/84; 
ttag +55 26/15/3/12/11; 
ttag +56 99/99/98/99/98; 
ttag +57 12/[11]/?/?/?; 
ttag +58 26/15/4/16/8; 
ttag +59 82/79/62/71/58; 
ttag +60 24/16/15/14/10; 
ttag +61 38/31/12/36/14; 
ttag +62 42/38/12/38/20; 
ttag +63 0/[10]/?/?/?; 
ttag +64 23/[18]/?/?/?; 
ttag +65 83/77/56/70/60; 
ttag +66 55/45/38/49/37; 
ttag +67 96/94/90/96/78; 
ttag +68 100/100/98/99/98; 
ttag +69 12/4/?/0/?; 
ttag +70 66/58/40/60/52; 
ttag +71 48/43/27/44/28; 
ttag +72 86/81/63/87/78; 
ttag +73 97/97/93/98/90; 
ttag +74 87/84/74/85/71; 
ttag +75 79/71/51/68/56; 
ttag +76 19/[12]/?/?/?; 
ttag +77 93/92/89/94/85; 
ttag +78 40/32/16/24/13; 
ttag +79 93/92/84/95/84; 
ttag +80 20/[7]/?/?/?; 
ttag +81 18/[9]/?/?/?; 
ttag +82 27/0/?/?/?; 
ttag +83 94/91/84/92/85; 
ttag +84 34/12/2/6/8; 
ttag +85 98/98/92/98/92; 
ttag +86 94/94/81/92/86; 
ttag +87 72/56/48/54/52; 
ttag +88 100/100/98/100/98; 
ttag +89 25/3/?/0/?; 
ttag +90 24/2/?/0/?; 
ttag +91 76/70/63/72/66; 
ttag +92 82/76/62/74/60; 
ttag +93 97/95/91/98/89; 
ttag +94 14/0/?/?/?; 
