tread
'Tree with tags' 
(0 (1 ((2 3 )(4 ((5 11 (6 7 (8 (9 10 )))(12 (13 (14 (21 ((22 (23 (24 25 )))(26 27 28 ((29 (30 31 ))(32 33 34 (35 (36 (38 (37 39 )))))((40 41 )(42 43 ))(44 45 46 47 )))))))))(18 (15 (16 17 )))(19 20 )))))); 
ttag *!; 
ttag +49 ???; 
ttag +50 5; 
ttag +51 1; 
ttag +52 3; 
ttag +53 1; 
ttag +54 4; 
ttag +55 2; 
ttag +56 15; 
ttag +57 2; 
ttag +58 1; 
ttag +59 1; 
ttag +60 1; 
ttag +61 7; 
ttag +62 1; 
ttag +63 3; 
ttag +64 11; 
ttag +65 2; 
ttag +66 2; 
ttag +67 5; 
ttag +68 8; 
ttag +69 8; 
ttag +70 4; 
ttag +71 5; 
ttag +72 2; 
ttag +73 9; 
ttag +74 5; 
ttag +75 4; 
ttag +76 6; 
ttag +77 2; 
ttag +78 3; 
ttag +79 1; 
ttag +80 4; 
ttag +81 5; 
ttag +82 3; 
tread
'Tree with tags' 
(0 (1 ((2 3 )(4 ((5 ((7 (6 (8 (9 10 ))))(11 (12 (13 (14 (21 ((22 (23 (24 25 )))((28 (26 27 ))((29 (30 31 ))(((33 ((32 34 )(35 (36 (38 (37 39 ))))))(45 (44 (46 47 ))))((40 41 )(42 43 )))))))))))))((18 (15 (16 17 )))(19 20 ))))))); 
ttag *!; 
ttag +0 ////; 
ttag +1 ////; 
ttag +2 ////; 
ttag +3 ////; 
ttag +4 ////; 
ttag +5 ////; 
ttag +6 ////; 
ttag +7 ////; 
ttag +8 ////; 
ttag +9 ////; 
ttag +10 ////; 
ttag +11 ////; 
ttag +12 ////; 
ttag +13 ////; 
ttag +14 ////; 
ttag +15 ////; 
ttag +16 ////; 
ttag +17 ////; 
ttag +18 ////; 
ttag +19 ////; 
ttag +20 ////; 
ttag +21 ////; 
ttag +22 ////; 
ttag +23 ////; 
ttag +24 ////; 
ttag +25 ////; 
ttag +26 ////; 
ttag +27 ////; 
ttag +28 ////; 
ttag +29 ////; 
ttag +30 ////; 
ttag +31 ////; 
ttag +32 ////; 
ttag +33 ////; 
ttag +34 ////; 
ttag +35 ////; 
ttag +36 ////; 
ttag +37 ////; 
ttag +38 ////; 
ttag +39 ////; 
ttag +40 ////; 
ttag +41 ////; 
ttag +42 ////; 
ttag +43 ////; 
ttag +44 ////; 
ttag +45 ////; 
ttag +46 ////; 
ttag +47 ////; 
ttag +48 ////; 
ttag +49 100/100/100/100/100; 
ttag +50 97/96/92/96/91; 
ttag +51 62/32/17/34/31; 
ttag +52 58/47/32/52/35; 
ttag +53 9/[16]/?/?/?; 
ttag +54 79/74/57/81/60; 
ttag +55 14/[20]/?/?/?; 
ttag +56 67/63/54/60/52; 
ttag +57 3/[25]/?/?/?; 
ttag +58 100/100/100/100/100; 
ttag +59 76/65/58/68/54; 
ttag +60 2/[22]/?/?/?; 
ttag +61 12/[12]/?/?/?; 
ttag +62 12/[12]/?/?/?; 
ttag +63 50/40/31/42/28; 
ttag +64 95/95/90/96/88; 
ttag +65 46/35/21/38/31; 
ttag +66 55/45/35/50/31; 
ttag +67 72/66/56/70/58; 
ttag +68 100/100/100/100/100; 
ttag +69 52/43/27/50/31; 
ttag +70 76/66/61/76/60; 
ttag +71 91/89/80/91/81; 
ttag +72 99/99/98/99/97; 
ttag +73 99/99/97/100/98; 
ttag +74 28/[19]/?/?/?; 
ttag +75 11/[48]/?/?/?; 
ttag +76 78/71/66/74/66; 
ttag +77 96/95/93/98/92; 
ttag +78 68/61/47/63/53; 
ttag +79 100/100/100/100/100; 
ttag +80 10/[25]/?/?/?; 
ttag +81 26/[10]/?/?/?; 
ttag +82 97/96/92/94/93; 
ttag +83 13/[24]/?/?/?; 
ttag +84 39/0/3/1/?; 
ttag +85 92/90/81/88/81; 
ttag +86 99/99/97/100/98; 
ttag +87 86/86/75/84/82; 
ttag +88 88/83/80/87/75; 
ttag +89 57/34/28/40/33; 
ttag +90 96/94/93/93/88; 
ttag +91 92/90/83/94/80; 
ttag +92 20/[23]/?/?/?; 
ttag +93 84/78/69/83/67; 
ttag +94 14/[29]/?/?/?; 
