tread
'Tree with tags' 
(0 (1 ((2 3 )(4 5 ((6 7 )(8 (9 10 )))((12 (11 13 ))(21 (14 ((15 (16 17 ))(18 (19 20 ))))(26 (22 (23 (24 25 )))(27 (28 (29 (30 31 )((32 (35 (36 (37 (38 39 )))))(33 34 ))((41 (40 (42 43 )))(47 (45 (44 46 )))))))))))))); 
ttag *!; 
ttag +49 ???; 
ttag +50 1; 
ttag +51 5; 
ttag +52 8; 
ttag +53 1; 
ttag +54 4; 
ttag +55 8; 
ttag +56 4; 
ttag +57 1; 
ttag +58 1; 
ttag +59 1; 
ttag +60 3; 
ttag +61 2; 
ttag +62 10; 
ttag +63 1; 
ttag +64 6; 
ttag +65 4; 
ttag +66 6; 
ttag +67 5; 
ttag +68 4; 
ttag +69 8; 
ttag +70 9; 
ttag +71 2; 
ttag +72 1; 
ttag +73 3; 
ttag +74 2; 
ttag +75 1; 
ttag +76 1; 
ttag +77 8; 
ttag +78 4; 
ttag +79 5; 
ttag +80 4; 
ttag +81 4; 
ttag +82 2; 
ttag +83 3; 
ttag +84 4; 
ttag +85 4; 
ttag +86 1; 
ttag +87 1; 
ttag +88 2; 
tread
'Tree with tags' 
(0 (1 ((2 3 )(5 (4 (((6 7 )(8 (9 10 )))((12 (11 13 ))((14 ((15 (16 17 ))(18 (19 20 ))))(21 ((22 (23 (24 25 )))(26 (27 (28 ((29 (30 31 ))(((32 (35 (36 (37 (38 39 )))))(33 34 ))((41 (40 (42 43 )))(47 (45 (44 46 ))))))))))))))))))); 
ttag *!; 
ttag +0 ////; 
ttag +1 ////; 
ttag +2 ////; 
ttag +3 ////; 
ttag +4 ////; 
ttag +5 ////; 
ttag +6 ////; 
ttag +7 ////; 
ttag +8 ////; 
ttag +9 ////; 
ttag +10 ////; 
ttag +11 ////; 
ttag +12 ////; 
ttag +13 ////; 
ttag +14 ////; 
ttag +15 ////; 
ttag +16 ////; 
ttag +17 ////; 
ttag +18 ////; 
ttag +19 ////; 
ttag +20 ////; 
ttag +21 ////; 
ttag +22 ////; 
ttag +23 ////; 
ttag +24 ////; 
ttag +25 ////; 
ttag +26 ////; 
ttag +27 ////; 
ttag +28 ////; 
ttag +29 ////; 
ttag +30 ////; 
ttag +31 ////; 
ttag +32 ////; 
ttag +33 ////; 
ttag +34 ////; 
ttag +35 ////; 
ttag +36 ////; 
ttag +37 ////; 
ttag +38 ////; 
ttag +39 ////; 
ttag +40 ////; 
ttag +41 ////; 
ttag +42 ////; 
ttag +43 ////; 
ttag +44 ////; 
ttag +45 ////; 
ttag +46 ////; 
ttag +47 ////; 
ttag +48 ////; 
ttag +49 100/100/100/100/100; 
ttag +50 68/48/38/42/28; 
ttag +51 96/96/94/98/93; 
ttag +52 26/1/?/1/?; 
ttag +53 98/98/98/99/97; 
ttag +54 66/59/47/51/40; 
ttag +55 81/76/56/81/67; 
ttag +56 42/32/20/28/12; 
ttag +57 100/100/98/100/99; 
ttag +58 91/88/76/87/76; 
ttag +59 28/[3]/?/?/?; 
ttag +60 35/28/18/24/25; 
ttag +61 38/28/19/28/22; 
ttag +62 65/62/44/62/44; 
ttag +63 44/38/21/33/20; 
ttag +64 100/100/99/100/100; 
ttag +65 51/37/30/40/31; 
ttag +66 96/94/90/96/88; 
ttag +67 98/97/95/96/94; 
ttag +68 99/98/96/98/97; 
ttag +69 35/24/20/25/20; 
ttag +70 93/91/75/87/78; 
ttag +71 76/74/58/78/62; 
ttag +72 99/98/98/100/98; 
ttag +73 100/100/97/99/99; 
ttag +74 52/30/34/34/30; 
ttag +75 78/76/60/77/68; 
ttag +76 70/60/46/67/52; 
ttag +77 37/18/13/23/22; 
ttag +78 78/76/65/77/70; 
ttag +79 84/80/76/82/64; 
ttag +80 64/50/54/60/48; 
ttag +81 69/60/40/44/37; 
ttag +82 30/14/15/23/21; 
ttag +83 100/100/100/99/99; 
ttag +84 96/93/89/89/84; 
ttag +85 98/97/91/98/94; 
ttag +86 95/94/84/94/90; 
ttag +87 98/97/96/98/92; 
ttag +88 57/37/13/29/14; 
ttag +89 90/86/80/86/79; 
ttag +90 96/95/85/93/81; 
ttag +91 94/91/87/91/86; 
ttag +92 44/24/14/24/18; 
ttag +93 47/35/19/29/22; 
ttag +94 69/52/48/54/53; 
