tread
'Tree with tags' 
(0 (1 ((2 3 )(13 ((12 (11 ((4 5 )(6 7 (8 (9 10 ))))))(14 (21 (((17 (15 16 ))(18 (19 20 )))(22 (23 (24 25 ))((26 27 )(28 (47 ((((29 (30 31 ))(32 ((33 34 )(35 (36 (37 38 39 ))))))(46 (44 45 )))(40 (41 (42 43 )))))))))))))))); 
ttag *!; 
ttag +49 ???; 
ttag +50 3; 
ttag +51 5; 
ttag +52 1; 
ttag +53 3; 
ttag +54 2; 
ttag +55 1; 
ttag +56 4; 
ttag +57 7; 
ttag +58 5; 
ttag +59 5; 
ttag +60 4; 
ttag +61 2; 
ttag +62 2; 
ttag +63 2; 
ttag +64 2; 
ttag +65 1; 
ttag +66 2; 
ttag +67 6; 
ttag +68 7; 
ttag +69 1; 
ttag +70 5; 
ttag +71 5; 
ttag +72 3; 
ttag +73 5; 
ttag +74 2; 
ttag +75 4; 
ttag +76 2; 
ttag +77 2; 
ttag +78 2; 
ttag +79 2; 
ttag +80 12; 
ttag +81 4; 
ttag +82 3; 
ttag +83 2; 
ttag +84 2; 
ttag +85 1; 
ttag +86 7; 
ttag +87 8; 
ttag +88 2; 
ttag +89 6; 
ttag +90 1; 
ttag +91 1; 
tread
'Tree with tags' 
(0 (1 ((2 3 )(13 ((12 (11 ((4 5 )(6 (7 (8 (9 10 )))))))(14 (21 (((17 (15 16 ))(18 (19 20 )))(22 ((23 (24 25 ))((26 27 )(28 (47 ((((29 (30 31 ))(32 ((33 34 )(35 (36 (37 (38 39 )))))))(46 (44 45 )))(40 (41 (42 43 ))))))))))))))))); 
ttag *!; 
ttag +0 ////; 
ttag +1 ////; 
ttag +2 ////; 
ttag +3 ////; 
ttag +4 ////; 
ttag +5 ////; 
ttag +6 ////; 
ttag +7 ////; 
ttag +8 ////; 
ttag +9 ////; 
ttag +10 ////; 
ttag +11 ////; 
ttag +12 ////; 
ttag +13 ////; 
ttag +14 ////; 
ttag +15 ////; 
ttag +16 ////; 
ttag +17 ////; 
ttag +18 ////; 
ttag +19 ////; 
ttag +20 ////; 
ttag +21 ////; 
ttag +22 ////; 
ttag +23 ////; 
ttag +24 ////; 
ttag +25 ////; 
ttag +26 ////; 
ttag +27 ////; 
ttag +28 ////; 
ttag +29 ////; 
ttag +30 ////; 
ttag +31 ////; 
ttag +32 ////; 
ttag +33 ////; 
ttag +34 ////; 
ttag +35 ////; 
ttag +36 ////; 
ttag +37 ////; 
ttag +38 ////; 
ttag +39 ////; 
ttag +40 ////; 
ttag +41 ////; 
ttag +42 ////; 
ttag +43 ////; 
ttag +44 ////; 
ttag +45 ////; 
ttag +46 ////; 
ttag +47 ////; 
ttag +48 ////; 
ttag +49 100/100/100/100/100; 
ttag +50 92/88/83/87/74; 
ttag +51 94/92/90/89/88; 
ttag +52 36/26/16/26/22; 
ttag +53 61/54/35/48/33; 
ttag +54 40/12/?/16/?; 
ttag +55 24/[3]/?/?/?; 
ttag +56 56/28/8/30/0; 
ttag +57 96/94/90/93/80; 
ttag +58 84/80/73/82/67; 
ttag +59 33/[6]/?/?/?; 
ttag +60 95/94/86/90/84; 
ttag +61 92/88/86/92/85; 
ttag +62 58/45/40/48/45; 
ttag +63 62/55/54/54/46; 
ttag +64 65/54/33/48/39; 
ttag +65 77/73/63/70/64; 
ttag +66 14/[22]/?/?/?; 
ttag +67 51/35/26/37/31; 
ttag +68 98/97/91/96/88; 
ttag +69 99/99/99/100/98; 
ttag +70 38/21/16/19/20; 
ttag +71 95/93/81/93/90; 
ttag +72 8/[41]/?/?/?; 
ttag +73 97/96/88/97/84; 
ttag +74 79/77/70/78/67; 
ttag +75 86/84/76/87/76; 
ttag +76 70/65/51/62/51; 
ttag +77 65/56/40/60/47; 
ttag +78 43/19/14/23/10; 
ttag +79 26/2/?/1/?; 
ttag +80 36/14/13/23/5; 
ttag +81 35/19/17/18/20; 
ttag +82 99/99/100/100/100; 
ttag +83 96/94/88/92/87; 
ttag +84 88/86/82/88/76; 
ttag +85 69/60/44/56/42; 
ttag +86 63/59/40/46/42; 
ttag +87 52/42/32/43/32; 
ttag +88 97/96/91/98/89; 
ttag +89 34/0/?/?/?; 
ttag +90 93/91/88/95/89; 
ttag +91 68/49/37/36/32; 
ttag +92 97/96/82/96/89; 
ttag +93 53/40/28/36/26; 
ttag +94 40/28/13/27/17; 
