tread
'Tree with tags' 
(0 (1 ((2 3 )(4 ((5 ((6 7 )(8 (9 10 ))))(11 (12 (13 (14 (21 ((((15 (16 17 ))(18 (19 20 )))(26 (27 (28 (29 (30 31 )(32 33 34 35 (36 (37 38 39 )))(40 41 (42 43 ))((44 45 )(46 47 )))))))(22 (23 (24 25 )))))))))))))); 
ttag *!; 
ttag +49 ???; 
ttag +50 3; 
ttag +51 4; 
ttag +52 5; 
ttag +53 1; 
ttag +54 2; 
ttag +55 1; 
ttag +56 1; 
ttag +57 8; 
ttag +58 5; 
ttag +59 1; 
ttag +60 1; 
ttag +61 1; 
ttag +62 1; 
ttag +63 5; 
ttag +64 5; 
ttag +65 2; 
ttag +66 2; 
ttag +67 1; 
ttag +68 2; 
ttag +69 6; 
ttag +70 11; 
ttag +71 4; 
ttag +72 8; 
ttag +73 15; 
ttag +74 4; 
ttag +75 3; 
ttag +76 5; 
ttag +77 2; 
ttag +78 2; 
ttag +79 3; 
ttag +80 2; 
ttag +81 9; 
ttag +82 1; 
ttag +83 12; 
ttag +84 1; 
ttag +85 2; 
ttag +86 2; 
tread
'Tree with tags' 
(0 (1 ((2 3 )(4 ((5 ((6 7 )(8 (9 10 ))))(11 (12 (13 (14 (21 ((((15 (16 17 ))(18 (19 20 )))(26 (27 (28 ((((29 (30 31 ))((40 41 )(42 43 )))(33 (32 (34 (35 (36 (39 (37 38 ))))))))((44 45 )(46 47 )))))))(22 (23 (24 25 )))))))))))))); 
ttag *!; 
ttag +0 ////; 
ttag +1 ////; 
ttag +2 ////; 
ttag +3 ////; 
ttag +4 ////; 
ttag +5 ////; 
ttag +6 ////; 
ttag +7 ////; 
ttag +8 ////; 
ttag +9 ////; 
ttag +10 ////; 
ttag +11 ////; 
ttag +12 ////; 
ttag +13 ////; 
ttag +14 ////; 
ttag +15 ////; 
ttag +16 ////; 
ttag +17 ////; 
ttag +18 ////; 
ttag +19 ////; 
ttag +20 ////; 
ttag +21 ////; 
ttag +22 ////; 
ttag +23 ////; 
ttag +24 ////; 
ttag +25 ////; 
ttag +26 ////; 
ttag +27 ////; 
ttag +28 ////; 
ttag +29 ////; 
ttag +30 ////; 
ttag +31 ////; 
ttag +32 ////; 
ttag +33 ////; 
ttag +34 ////; 
ttag +35 ////; 
ttag +36 ////; 
ttag +37 ////; 
ttag +38 ////; 
ttag +39 ////; 
ttag +40 ////; 
ttag +41 ////; 
ttag +42 ////; 
ttag +43 ////; 
ttag +44 ////; 
ttag +45 ////; 
ttag +46 ////; 
ttag +47 ////; 
ttag +48 ////; 
ttag +49 100/100/100/100/100; 
ttag +50 84/76/76/82/76; 
ttag +51 88/83/75/83/75; 
ttag +52 86/81/68/80/71; 
ttag +53 11/[6]/?/?/?; 
ttag +54 45/32/21/29/17; 
ttag +55 52/42/40/51/36; 
ttag +56 54/37/34/38/26; 
ttag +57 98/98/95/97/94; 
ttag +58 85/80/86/82/74; 
ttag +59 14/[2]/?/?/?; 
ttag +60 26/16/12/19/12; 
ttag +61 16/[6]/?/?/?; 
ttag +62 36/26/17/28/20; 
ttag +63 89/87/86/90/78; 
ttag +64 69/65/48/75/45; 
ttag +65 41/24/14/27/5; 
ttag +66 33/16/8/26/5; 
ttag +67 24/7/?/12/?; 
ttag +68 48/16/11/39/8; 
ttag +69 86/83/74/87/73; 
ttag +70 100/100/99/100/100; 
ttag +71 77/75/58/76/60; 
ttag +72 97/96/89/96/85; 
ttag +73 100/100/99/100/100; 
ttag +74 72/69/50/72/53; 
ttag +75 52/35/4/32/10; 
ttag +76 72/57/42/58/43; 
ttag +77 40/28/31/32/27; 
ttag +78 19/10/8/8/6; 
ttag +79 22/14/9/21/10; 
ttag +80 54/46/35/53/37; 
ttag +81 90/89/82/90/85; 
ttag +82 20/1/8/7/8; 
ttag +83 88/86/81/90/76; 
ttag +84 27/10/7/9/8; 
ttag +85 24/[24]/?/?/?; 
ttag +86 80/74/66/78/72; 
ttag +87 42/9/?/2/?; 
ttag +88 100/100/99/100/99; 
ttag +89 20/[36]/?/?/?; 
ttag +90 58/48/42/51/33; 
ttag +91 100/100/100/100/100; 
ttag +92 57/52/44/48/38; 
ttag +93 79/73/60/78/60; 
ttag +94 54/46/29/43/24; 
