tread
'Tree with tags' 
(0 ((1 (2 3 ))(4 (5 11 (6 7 )(12 14 21 (8 9 10 )(13 (16 (15 17 )))(18 (19 20 ))(26 (22 (23 (24 25 )))(27 (28 (((29 (30 31 ))(32 (33 34 )(35 (36 (37 (38 39 )))))(44 46 (45 47 )))(40 (41 (42 43 )))))))))))); 
ttag *!; 
ttag +49 2; 
ttag +50 ???; 
ttag +51 6; 
ttag +52 3; 
ttag +53 1; 
ttag +54 1; 
ttag +55 6; 
ttag +56 1; 
ttag +57 1; 
ttag +58 2; 
ttag +59 3; 
ttag +60 2; 
ttag +61 8; 
ttag +62 3; 
ttag +63 8; 
ttag +64 5; 
ttag +65 4; 
ttag +66 1; 
ttag +67 2; 
ttag +68 4; 
ttag +69 1; 
ttag +70 4; 
ttag +71 8; 
ttag +72 2; 
ttag +73 3; 
ttag +74 2; 
ttag +75 3; 
ttag +76 5; 
ttag +77 1; 
ttag +78 3; 
ttag +79 2; 
ttag +80 1; 
ttag +81 7; 
ttag +82 1; 
tread
'Tree with tags' 
(0 ((1 (2 3 ))(4 (11 (5 ((6 7 )((8 (9 10 ))(12 (((13 (16 (15 17 )))(18 (19 20 )))(14 (21 ((22 (23 (24 25 )))(26 (27 (28 ((((29 (30 31 ))((32 (33 34 ))(35 (36 (37 (38 39 ))))))(46 (44 (45 47 ))))(40 (41 (42 43 ))))))))))))))))))); 
ttag *!; 
ttag +0 ////; 
ttag +1 ////; 
ttag +2 ////; 
ttag +3 ////; 
ttag +4 ////; 
ttag +5 ////; 
ttag +6 ////; 
ttag +7 ////; 
ttag +8 ////; 
ttag +9 ////; 
ttag +10 ////; 
ttag +11 ////; 
ttag +12 ////; 
ttag +13 ////; 
ttag +14 ////; 
ttag +15 ////; 
ttag +16 ////; 
ttag +17 ////; 
ttag +18 ////; 
ttag +19 ////; 
ttag +20 ////; 
ttag +21 ////; 
ttag +22 ////; 
ttag +23 ////; 
ttag +24 ////; 
ttag +25 ////; 
ttag +26 ////; 
ttag +27 ////; 
ttag +28 ////; 
ttag +29 ////; 
ttag +30 ////; 
ttag +31 ////; 
ttag +32 ////; 
ttag +33 ////; 
ttag +34 ////; 
ttag +35 ////; 
ttag +36 ////; 
ttag +37 ////; 
ttag +38 ////; 
ttag +39 ////; 
ttag +40 ////; 
ttag +41 ////; 
ttag +42 ////; 
ttag +43 ////; 
ttag +44 ////; 
ttag +45 ////; 
ttag +46 ////; 
ttag +47 ////; 
ttag +48 ////; 
ttag +49 58/30/21/31/8; 
ttag +50 100/100/100/100/100; 
ttag +51 99/99/97/98/95; 
ttag +52 72/65/49/66/52; 
ttag +53 4/[9]/?/?/?; 
ttag +54 28/15/7/18/8; 
ttag +55 51/43/47/52/46; 
ttag +56 6/[6]/?/?/?; 
ttag +57 97/96/92/97/98; 
ttag +58 19/6/?/8/?; 
ttag +59 29/[19]/?/?/?; 
ttag +60 8/[4]/?/?/?; 
ttag +61 38/26/22/36/29; 
ttag +62 4/[7]/?/?/?; 
ttag +63 6/[13]/?/?/?; 
ttag +64 0/[18]/?/?/?; 
ttag +65 84/81/76/80/76; 
ttag +66 97/96/93/95/92; 
ttag +67 57/51/49/56/47; 
ttag +68 100/100/100/99/100; 
ttag +69 5/[14]/?/?/?; 
ttag +70 92/90/75/92/78; 
ttag +71 93/90/82/94/81; 
ttag +72 97/97/92/96/94; 
ttag +73 94/91/76/95/82; 
ttag +74 19/[6]/?/?/?; 
ttag +75 29/3/5/17/7; 
ttag +76 44/18/11/30/21; 
ttag +77 71/65/55/68/55; 
ttag +78 15/[15]/?/?/?; 
ttag +79 36/5/2/1/?; 
ttag +80 84/80/72/88/77; 
ttag +81 100/100/100/100/99; 
ttag +82 45/16/16/8/16; 
ttag +83 88/86/75/86/79; 
ttag +84 84/80/78/88/77; 
ttag +85 69/67/61/72/59; 
ttag +86 78/68/53/74/63; 
ttag +87 98/97/92/97/94; 
ttag +88 60/47/46/53/47; 
ttag +89 76/72/64/80/68; 
ttag +90 66/58/47/66/48; 
ttag +91 52/23/14/26/19; 
ttag +92 29/[11]/?/?/0; 
ttag +93 98/97/94/95/94; 
ttag +94 60/50/45/55/32; 
