tread
'Tree with tags' 
(0 (1 ((2 3 )(4 (5 (6 7 11 (8 (9 10 ))(12 13 )(21 (14 ((17 (15 16 ))(18 (19 20 ))))((22 (23 (24 25 )))(26 (27 (28 ((29 (30 31 )(40 41 (42 43 ))(45 47 (44 46 )))((32 (35 (36 (37 38 39 ))))(33 34 )))))))))))))); 
ttag *!; 
ttag +49 ???; 
ttag +50 5; 
ttag +51 1; 
ttag +52 4; 
ttag +53 3; 
ttag +54 2; 
ttag +55 7; 
ttag +56 5; 
ttag +57 2; 
ttag +58 2; 
ttag +59 2; 
ttag +60 2; 
ttag +61 9; 
ttag +62 3; 
ttag +63 7; 
ttag +64 6; 
ttag +65 1; 
ttag +66 2; 
ttag +67 4; 
ttag +68 9; 
ttag +69 2; 
ttag +70 5; 
ttag +71 3; 
ttag +72 2; 
ttag +73 2; 
ttag +74 2; 
ttag +75 1; 
ttag +76 6; 
ttag +77 4; 
ttag +78 2; 
ttag +79 1; 
ttag +80 5; 
ttag +81 6; 
ttag +82 7; 
ttag +83 1; 
ttag +84 3; 
tread
'Tree with tags' 
(0 (1 ((2 3 )(4 (5 ((6 7 )((11 (8 (9 10 )))((12 13 )((21 (14 ((17 (15 16 ))(18 (19 20 )))))((22 (23 (24 25 )))(26 (27 (28 ((((29 (45 (47 (44 46 ))))(41 (40 (42 43 ))))(30 31 ))((32 (35 (36 (37 (38 39 )))))(33 34 )))))))))))))))); 
ttag *!; 
ttag +0 ////; 
ttag +1 ////; 
ttag +2 ////; 
ttag +3 ////; 
ttag +4 ////; 
ttag +5 ////; 
ttag +6 ////; 
ttag +7 ////; 
ttag +8 ////; 
ttag +9 ////; 
ttag +10 ////; 
ttag +11 ////; 
ttag +12 ////; 
ttag +13 ////; 
ttag +14 ////; 
ttag +15 ////; 
ttag +16 ////; 
ttag +17 ////; 
ttag +18 ////; 
ttag +19 ////; 
ttag +20 ////; 
ttag +21 ////; 
ttag +22 ////; 
ttag +23 ////; 
ttag +24 ////; 
ttag +25 ////; 
ttag +26 ////; 
ttag +27 ////; 
ttag +28 ////; 
ttag +29 ////; 
ttag +30 ////; 
ttag +31 ////; 
ttag +32 ////; 
ttag +33 ////; 
ttag +34 ////; 
ttag +35 ////; 
ttag +36 ////; 
ttag +37 ////; 
ttag +38 ////; 
ttag +39 ////; 
ttag +40 ////; 
ttag +41 ////; 
ttag +42 ////; 
ttag +43 ////; 
ttag +44 ////; 
ttag +45 ////; 
ttag +46 ////; 
ttag +47 ////; 
ttag +48 ////; 
ttag +49 100/100/100/100/100; 
ttag +50 98/96/90/97/88; 
ttag +51 61/45/36/45/41; 
ttag +52 80/78/58/76/51; 
ttag +53 69/61/47/70/52; 
ttag +54 58/43/37/44/29; 
ttag +55 54/46/29/52/33; 
ttag +56 100/100/98/99/98; 
ttag +57 33/6/?/6/?; 
ttag +58 23/[4]/?/?/?; 
ttag +59 96/94/92/95/86; 
ttag +60 81/74/68/77/71; 
ttag +61 25/14/11/19/16; 
ttag +62 59/52/39/46/30; 
ttag +63 13/[16]/?/?/?; 
ttag +64 64/60/42/66/46; 
ttag +65 60/34/36/48/45; 
ttag +66 99/98/98/99/98; 
ttag +67 86/84/67/74/61; 
ttag +68 99/99/97/99/98; 
ttag +69 99/99/99/99/100; 
ttag +70 52/34/33/42/33; 
ttag +71 57/51/42/52/42; 
ttag +72 93/92/92/96/90; 
ttag +73 98/98/99/99/96; 
ttag +74 83/80/69/81/74; 
ttag +75 86/84/65/81/69; 
ttag +76 78/76/58/80/65; 
ttag +77 7/[22]/?/?/?; 
ttag +78 26/1/?/4/1; 
ttag +79 54/47/33/41/30; 
ttag +80 64/51/31/44/29; 
ttag +81 87/82/82/84/82; 
ttag +82 55/37/37/42/38; 
ttag +83 95/94/91/96/87; 
ttag +84 86/83/72/91/75; 
ttag +85 79/75/60/74/61; 
ttag +86 66/51/54/58/52; 
ttag +87 93/90/85/89/77; 
ttag +88 14/[18]/?/?/?; 
ttag +89 26/2/?/6/?; 
ttag +90 94/93/88/95/92; 
ttag +91 97/96/94/96/94; 
ttag +92 38/24/20/28/16; 
ttag +93 32/1/6/2/?; 
ttag +94 89/86/74/88/70; 
