tread
'Tree with tags' 
(0 (1 (2 3 )(4 (5 6 7 11 14 15 16 17 21 (8 (9 10 ))(12 13 )(18 (19 20 ))((22 (23 (24 25 )))(26 27 (28 (29 (30 31 ))((32 ((33 34 )(35 (36 (37 38 39 )))))((40 (41 (42 43 )))(44 45 46 47 )))))))))); 
ttag *!; 
ttag +49 ???; 
ttag +50 2; 
ttag +51 1; 
ttag +52 4; 
ttag +53 6; 
ttag +54 4; 
ttag +55 1; 
ttag +56 10; 
ttag +57 10; 
ttag +58 7; 
ttag +59 3; 
ttag +60 7; 
ttag +61 5; 
ttag +62 3; 
ttag +63 1; 
ttag +64 2; 
ttag +65 3; 
ttag +66 3; 
ttag +67 2; 
ttag +68 4; 
ttag +69 2; 
ttag +70 1; 
ttag +71 3; 
ttag +72 4; 
ttag +73 5; 
ttag +74 2; 
ttag +75 2; 
ttag +76 5; 
ttag +77 2; 
tread
'Tree with tags' 
(0 ((1 (2 3 ))(4 (5 (((6 7 )(8 (9 10 )))(11 ((12 13 )((14 (15 ((16 17 )(18 (19 20 )))))(21 ((22 (23 (24 25 )))((26 27 )(28 ((29 (30 31 ))((32 ((33 34 )(35 (36 (38 (37 39 ))))))((40 (41 (42 43 )))(45 (44 (46 47 )))))))))))))))))); 
ttag *!; 
ttag +0 ////; 
ttag +1 ////; 
ttag +2 ////; 
ttag +3 ////; 
ttag +4 ////; 
ttag +5 ////; 
ttag +6 ////; 
ttag +7 ////; 
ttag +8 ////; 
ttag +9 ////; 
ttag +10 ////; 
ttag +11 ////; 
ttag +12 ////; 
ttag +13 ////; 
ttag +14 ////; 
ttag +15 ////; 
ttag +16 ////; 
ttag +17 ////; 
ttag +18 ////; 
ttag +19 ////; 
ttag +20 ////; 
ttag +21 ////; 
ttag +22 ////; 
ttag +23 ////; 
ttag +24 ////; 
ttag +25 ////; 
ttag +26 ////; 
ttag +27 ////; 
ttag +28 ////; 
ttag +29 ////; 
ttag +30 ////; 
ttag +31 ////; 
ttag +32 ////; 
ttag +33 ////; 
ttag +34 ////; 
ttag +35 ////; 
ttag +36 ////; 
ttag +37 ////; 
ttag +38 ////; 
ttag +39 ////; 
ttag +40 ////; 
ttag +41 ////; 
ttag +42 ////; 
ttag +43 ////; 
ttag +44 ////; 
ttag +45 ////; 
ttag +46 ////; 
ttag +47 ////; 
ttag +48 ////; 
ttag +49 64/42/40/50/35; 
ttag +50 100/100/100/100/100; 
ttag +51 73/59/46/63/50; 
ttag +52 78/73/65/70/62; 
ttag +53 75/70/58/74/57; 
ttag +54 23/7/6/?/2; 
ttag +55 24/14/9/23/6; 
ttag +56 32/22/14/15/13; 
ttag +57 94/92/86/98/85; 
ttag +58 88/86/81/96/81; 
ttag +59 12/2/?/?/?; 
ttag +60 26/16/15/27/9; 
ttag +61 14/3/?/?/?; 
ttag +62 18/[3]/?/?/?; 
ttag +63 16/6/?/0/?; 
ttag +64 19/[2]/?/?/?; 
ttag +65 44/22/17/16/11; 
ttag +66 3/[20]/?/?/?; 
ttag +67 100/100/98/99/99; 
ttag +68 100/100/100/100/100; 
ttag +69 27/5/1/3/?; 
ttag +70 97/95/93/98/94; 
ttag +71 64/53/39/55/43; 
ttag +72 99/98/99/99/99; 
ttag +73 94/91/84/93/83; 
ttag +74 54/36/29/36/33; 
ttag +75 86/78/74/83/79; 
ttag +76 51/40/41/56/39; 
ttag +77 86/83/74/84/76; 
ttag +78 19/[10]/?/0/?; 
ttag +79 92/89/81/94/83; 
ttag +80 74/69/60/72/56; 
ttag +81 56/50/44/49/43; 
ttag +82 58/36/32/46/21; 
ttag +83 42/15/6/25/6; 
ttag +84 62/58/57/66/51; 
ttag +85 88/84/85/89/84; 
ttag +86 32/[1]/?/?/?; 
ttag +87 94/93/87/96/90; 
ttag +88 97/96/89/96/93; 
ttag +89 42/30/28/36/29; 
ttag +90 75/66/60/73/58; 
ttag +91 99/99/98/98/98; 
ttag +92 7/[20]/?/?/?; 
ttag +93 44/36/28/46/27; 
ttag +94 10/[12]/?/?/?; 
