tread
'Tree with tags' 
(0 (1 ((2 3 )(4 (5 ((6 (7 (8 (9 10 ))))((11 ((14 ((21 (26 (27 (28 ((31 (29 30 ))((32 ((33 34 )(35 (36 (37 (38 39 ))))))((40 (41 (42 43 )))(46 (44 45 47 )))))))))(22 (23 (24 25 )))))((15 (16 17 ))(18 (19 20 )))))(12 13 )))))))); 
ttag *!; 
ttag +49 ???; 
ttag +50 7; 
ttag +51 6; 
ttag +52 9; 
ttag +53 1; 
ttag +54 2; 
ttag +55 2; 
ttag +56 1; 
ttag +57 14; 
ttag +58 1; 
ttag +59 1; 
ttag +60 1; 
ttag +61 3; 
ttag +62 2; 
ttag +63 2; 
ttag +64 2; 
ttag +65 5; 
ttag +66 2; 
ttag +67 7; 
ttag +68 7; 
ttag +69 1; 
ttag +70 3; 
ttag +71 1; 
ttag +72 4; 
ttag +73 4; 
ttag +74 6; 
ttag +75 1; 
ttag +76 1; 
ttag +77 3; 
ttag +78 1; 
ttag +79 1; 
ttag +80 3; 
ttag +81 2; 
ttag +82 7; 
ttag +83 3; 
ttag +84 2; 
ttag +85 3; 
ttag +86 7; 
ttag +87 3; 
ttag +88 3; 
ttag +89 2; 
ttag +90 4; 
ttag +91 8; 
ttag +92 1; 
ttag +93 4; 
tread
'Tree with tags' 
(0 (1 ((2 3 )(4 (5 ((6 (7 (8 (9 10 ))))((11 ((14 ((21 (26 (27 (28 ((31 (29 30 ))((32 ((33 34 )(35 (36 (37 (38 39 ))))))((40 (41 (42 43 )))(46 (44 (45 47 ))))))))))(22 (23 (24 25 )))))((15 (16 17 ))(18 (19 20 )))))(12 13 )))))))); 
ttag *!; 
ttag +0 ////; 
ttag +1 ////; 
ttag +2 ////; 
ttag +3 ////; 
ttag +4 ////; 
ttag +5 ////; 
ttag +6 ////; 
ttag +7 ////; 
ttag +8 ////; 
ttag +9 ////; 
ttag +10 ////; 
ttag +11 ////; 
ttag +12 ////; 
ttag +13 ////; 
ttag +14 ////; 
ttag +15 ////; 
ttag +16 ////; 
ttag +17 ////; 
ttag +18 ////; 
ttag +19 ////; 
ttag +20 ////; 
ttag +21 ////; 
ttag +22 ////; 
ttag +23 ////; 
ttag +24 ////; 
ttag +25 ////; 
ttag +26 ////; 
ttag +27 ////; 
ttag +28 ////; 
ttag +29 ////; 
ttag +30 ////; 
ttag +31 ////; 
ttag +32 ////; 
ttag +33 ////; 
ttag +34 ////; 
ttag +35 ////; 
ttag +36 ////; 
ttag +37 ////; 
ttag +38 ////; 
ttag +39 ////; 
ttag +40 ////; 
ttag +41 ////; 
ttag +42 ////; 
ttag +43 ////; 
ttag +44 ////; 
ttag +45 ////; 
ttag +46 ////; 
ttag +47 ////; 
ttag +48 ////; 
ttag +49 100/100/100/100/100; 
ttag +50 99/99/98/100/97; 
ttag +51 98/97/94/99/93; 
ttag +52 100/100/91/99/92; 
ttag +53 58/37/25/34/19; 
ttag +54 66/54/43/48/46; 
ttag +55 64/62/50/59/50; 
ttag +56 29/[6]/?/?/?; 
ttag +57 100/100/100/100/100; 
ttag +58 72/60/56/69/62; 
ttag +59 19/[8]/?/?/?; 
ttag +60 32/5/7/7/4; 
ttag +61 83/80/72/82/73; 
ttag +62 27/18/4/18/12; 
ttag +63 50/34/26/35/33; 
ttag +64 66/50/43/53/48; 
ttag +65 75/67/56/70/61; 
ttag +66 63/48/42/49/39; 
ttag +67 99/98/98/98/97; 
ttag +68 100/100/100/99/100; 
ttag +69 13/[36]/?/?/?; 
ttag +70 79/78/73/79/66; 
ttag +71 47/20/21/25/30; 
ttag +72 92/87/86/93/83; 
ttag +73 92/89/86/90/85; 
ttag +74 96/94/91/96/86; 
ttag +75 26/[19]/?/?/?; 
ttag +76 65/44/56/46/52; 
ttag +77 74/67/50/69/50; 
ttag +78 34/16/11/7/13; 
ttag +79 67/56/46/49/45; 
ttag +80 82/78/66/81/63; 
ttag +81 45/37/22/46/22; 
ttag +82 98/97/96/99/95; 
ttag +83 69/61/41/69/43; 
ttag +84 73/65/41/72/48; 
ttag +85 76/68/47/76/48; 
ttag +86 97/95/90/97/88; 
ttag +87 82/79/68/82/59; 
ttag +88 90/86/84/87/76; 
ttag +89 62/40/29/35/39; 
ttag +90 90/84/76/86/67; 
ttag +91 100/100/100/100/98; 
ttag +92 40/25/9/17/10; 
ttag +93 82/78/66/86/65; 
ttag +94 10/[17]/?/?/?; 
