tread
'Tree with tags' 
(0 (1 ((2 3 )(4 (5 ((6 7 (8 (9 10 )))(11 13 (12 ((14 ((15 (16 17 ))(18 (19 20 ))))(21 (26 (27 ((22 (23 24 25 ))(28 (((29 (30 31 ))(32 ((33 34 )(35 (36 (38 (37 39 )))))))((40 (41 (42 43 )))((44 45 )(46 47 )))))))))))))))))); 
ttag *!; 
ttag +49 ???; 
ttag +50 8; 
ttag +51 6; 
ttag +52 5; 
ttag +53 2; 
ttag +54 1; 
ttag +55 2; 
ttag +56 10; 
ttag +57 4; 
ttag +58 3; 
ttag +59 1; 
ttag +60 3; 
ttag +61 2; 
ttag +62 8; 
ttag +63 6; 
ttag +64 4; 
ttag +65 5; 
ttag +66 10; 
ttag +67 1; 
ttag +68 4; 
ttag +69 1; 
ttag +70 1; 
ttag +71 8; 
ttag +72 7; 
ttag +73 1; 
ttag +74 3; 
ttag +75 1; 
ttag +76 1; 
ttag +77 6; 
ttag +78 5; 
ttag +79 3; 
ttag +80 1; 
ttag +81 2; 
ttag +82 1; 
ttag +83 1; 
ttag +84 9; 
ttag +85 7; 
ttag +86 1; 
ttag +87 1; 
ttag +88 7; 
ttag +89 1; 
ttag +90 7; 
ttag +91 1; 
tread
'Tree with tags' 
(0 (1 ((2 3 )(4 (5 (((6 7 )(8 (9 10 )))((11 13 )(12 ((14 ((15 (16 17 ))(18 (19 20 ))))(21 (26 (27 ((22 (25 (23 24 )))(28 (((29 (30 31 ))(32 ((33 34 )(35 (36 (38 (37 39 )))))))((40 (41 (42 43 )))((44 45 )(46 47 )))))))))))))))))); 
ttag *!; 
ttag +0 ////; 
ttag +1 ////; 
ttag +2 ////; 
ttag +3 ////; 
ttag +4 ////; 
ttag +5 ////; 
ttag +6 ////; 
ttag +7 ////; 
ttag +8 ////; 
ttag +9 ////; 
ttag +10 ////; 
ttag +11 ////; 
ttag +12 ////; 
ttag +13 ////; 
ttag +14 ////; 
ttag +15 ////; 
ttag +16 ////; 
ttag +17 ////; 
ttag +18 ////; 
ttag +19 ////; 
ttag +20 ////; 
ttag +21 ////; 
ttag +22 ////; 
ttag +23 ////; 
ttag +24 ////; 
ttag +25 ////; 
ttag +26 ////; 
ttag +27 ////; 
ttag +28 ////; 
ttag +29 ////; 
ttag +30 ////; 
ttag +31 ////; 
ttag +32 ////; 
ttag +33 ////; 
ttag +34 ////; 
ttag +35 ////; 
ttag +36 ////; 
ttag +37 ////; 
ttag +38 ////; 
ttag +39 ////; 
ttag +40 ////; 
ttag +41 ////; 
ttag +42 ////; 
ttag +43 ////; 
ttag +44 ////; 
ttag +45 ////; 
ttag +46 ////; 
ttag +47 ////; 
ttag +48 ////; 
ttag +49 100/100/100/100/100; 
ttag +50 99/99/98/100/100; 
ttag +51 99/99/96/96/95; 
ttag +52 40/18/25/43/20; 
ttag +53 19/[9]/?/1/?; 
ttag +54 4/[38]/?/?/?; 
ttag +55 58/46/40/52/36; 
ttag +56 16/[12]/?/?/?; 
ttag +57 99/99/97/100/96; 
ttag +58 94/93/87/96/92; 
ttag +59 19/8/10/20/12; 
ttag +60 26/8/6/24/6; 
ttag +61 10/[7]/?/5/?; 
ttag +62 43/36/15/40/22; 
ttag +63 19/0/?/11/1; 
ttag +64 100/100/96/99/96; 
ttag +65 91/89/80/93/84; 
ttag +66 86/83/74/89/76; 
ttag +67 82/71/52/73/62; 
ttag +68 100/100/100/100/98; 
ttag +69 13/[4]/?/?/?; 
ttag +70 74/68/56/76/61; 
ttag +71 8/[18]/?/?/?; 
ttag +72 7/[18]/?/?/?; 
ttag +73 73/68/52/78/54; 
ttag +74 38/[6]/?/?/2; 
ttag +75 96/94/92/96/92; 
ttag +76 12/[13]/?/?/?; 
ttag +77 82/79/72/76/64; 
ttag +78 4/[18]/?/?/?; 
ttag +79 16/[4]/?/?/?; 
ttag +80 99/99/97/100/97; 
ttag +81 71/67/56/65/58; 
ttag +82 74/66/56/64/62; 
ttag +83 23/[4]/4/?/?; 
ttag +84 75/69/58/72/61; 
ttag +85 51/33/33/43/42; 
ttag +86 61/52/51/58/51; 
ttag +87 99/99/95/98/95; 
ttag +88 92/91/79/94/77; 
ttag +89 27/4/?/?/?; 
ttag +90 48/22/20/21/21; 
ttag +91 96/94/90/98/92; 
ttag +92 39/24/24/24/24; 
ttag +93 97/97/93/98/91; 
ttag +94 44/11/9/18/8; 
