tread
'Tree with tags' 
(0 (1 ((2 3 )(4 (5 (((6 7 )(8 (9 10 )))(11 (13 (12 14 ((15 (16 17 ))(18 (19 20 )))(21 ((22 (23 (24 25 )))((28 (26 27 ))((29 (30 31 ))(((32 (35 (36 (39 (37 38 )))))(33 34 ))((40 (41 (42 43 )))(46 (44 45 47 ))))))))))))))))); 
ttag *!; 
ttag +49 ???; 
ttag +50 5; 
ttag +51 6; 
ttag +52 6; 
ttag +53 2; 
ttag +54 2; 
ttag +55 3; 
ttag +56 1; 
ttag +57 11; 
ttag +58 1; 
ttag +59 1; 
ttag +60 1; 
ttag +61 3; 
ttag +62 3; 
ttag +63 3; 
ttag +64 2; 
ttag +65 5; 
ttag +66 9; 
ttag +67 2; 
ttag +68 2; 
ttag +69 3; 
ttag +70 9; 
ttag +71 5; 
ttag +72 1; 
ttag +73 1; 
ttag +74 1; 
ttag +75 3; 
ttag +76 1; 
ttag +77 4; 
ttag +78 2; 
ttag +79 5; 
ttag +80 3; 
ttag +81 3; 
ttag +82 2; 
ttag +83 4; 
ttag +84 1; 
ttag +85 6; 
ttag +86 5; 
ttag +87 4; 
ttag +88 3; 
ttag +89 9; 
ttag +90 2; 
ttag +91 2; 
tread
'Tree with tags' 
(0 (1 ((2 3 )(4 (5 (((6 7 )(8 (9 10 )))(11 (13 (14 (12 (((15 (16 17 ))(18 (19 20 )))(21 ((22 (23 (24 25 )))((28 (26 27 ))((29 (30 31 ))(((32 (35 (36 (39 (37 38 )))))(33 34 ))((40 (41 (42 43 )))(46 (44 (45 47 )))))))))))))))))))); 
ttag *!; 
ttag +0 ////; 
ttag +1 ////; 
ttag +2 ////; 
ttag +3 ////; 
ttag +4 ////; 
ttag +5 ////; 
ttag +6 ////; 
ttag +7 ////; 
ttag +8 ////; 
ttag +9 ////; 
ttag +10 ////; 
ttag +11 ////; 
ttag +12 ////; 
ttag +13 ////; 
ttag +14 ////; 
ttag +15 ////; 
ttag +16 ////; 
ttag +17 ////; 
ttag +18 ////; 
ttag +19 ////; 
ttag +20 ////; 
ttag +21 ////; 
ttag +22 ////; 
ttag +23 ////; 
ttag +24 ////; 
ttag +25 ////; 
ttag +26 ////; 
ttag +27 ////; 
ttag +28 ////; 
ttag +29 ////; 
ttag +30 ////; 
ttag +31 ////; 
ttag +32 ////; 
ttag +33 ////; 
ttag +34 ////; 
ttag +35 ////; 
ttag +36 ////; 
ttag +37 ////; 
ttag +38 ////; 
ttag +39 ////; 
ttag +40 ////; 
ttag +41 ////; 
ttag +42 ////; 
ttag +43 ////; 
ttag +44 ////; 
ttag +45 ////; 
ttag +46 ////; 
ttag +47 ////; 
ttag +48 ////; 
ttag +49 100/100/100/100/100; 
ttag +50 98/97/95/93/92; 
ttag +51 98/97/94/98/95; 
ttag +52 94/92/90/94/91; 
ttag +53 38/24/10/22/9; 
ttag +54 47/39/28/49/34; 
ttag +55 47/38/32/33/29; 
ttag +56 27/13/2/21/4; 
ttag +57 100/100/99/100/99; 
ttag +58 37/6/16/12/15; 
ttag +59 43/30/17/35/19; 
ttag +60 1/[20]/?/?/?; 
ttag +61 15/[1]/?/7/?; 
ttag +62 77/72/56/70/59; 
ttag +63 91/88/86/94/80; 
ttag +64 72/64/56/70/56; 
ttag +65 4/[8]/?/?/?; 
ttag +66 81/70/64/70/60; 
ttag +67 95/94/94/96/94; 
ttag +68 100/100/100/100/100; 
ttag +69 58/48/39/50/43; 
ttag +70 72/60/48/57/51; 
ttag +71 70/64/58/66/50; 
ttag +72 99/98/98/100/99; 
ttag +73 94/93/87/90/85; 
ttag +74 12/[24]/?/?/?; 
ttag +75 12/[43]/?/?/?; 
ttag +76 42/28/29/37/20; 
ttag +77 87/85/80/84/76; 
ttag +78 48/32/23/36/32; 
ttag +79 89/84/72/81/72; 
ttag +80 50/32/26/39/30; 
ttag +81 87/83/76/88/79; 
ttag +82 67/57/57/64/50; 
ttag +83 78/74/64/83/70; 
ttag +84 52/42/39/51/34; 
ttag +85 61/51/50/58/47; 
ttag +86 51/21/14/24/13; 
ttag +87 98/97/92/98/94; 
ttag +88 89/87/81/89/76; 
ttag +89 74/65/47/71/47; 
ttag +90 75/65/66/69/58; 
ttag +91 98/98/100/99/96; 
ttag +92 75/70/58/68/57; 
ttag +93 66/56/50/64/51; 
ttag +94 23/[15]/?/?/?; 
