tread
'Tree with tags' 
(0 (1 ((2 3 )(((4 5 )(11 13 (12 ((14 ((15 (16 17 ))(18 (19 20 ))))(21 ((22 (23 (24 25 )))(26 (27 (28 ((29 (30 31 ))(32 (33 34 )(35 (36 (37 (38 39 )))))(47 (46 (41 (40 (42 43 ))))(44 45 ))))))))))))((6 7 )(8 (9 10 ))))))); 
ttag *!; 
ttag +49 ???; 
ttag +50 7; 
ttag +51 3; 
ttag +52 1; 
ttag +53 1; 
ttag +54 5; 
ttag +55 2; 
ttag +56 1; 
ttag +57 10; 
ttag +58 1; 
ttag +59 3; 
ttag +60 2; 
ttag +61 1; 
ttag +62 3; 
ttag +63 2; 
ttag +64 1; 
ttag +65 2; 
ttag +66 2; 
ttag +67 9; 
ttag +68 1; 
ttag +69 1; 
ttag +70 1; 
ttag +71 13; 
ttag +72 6; 
ttag +73 3; 
ttag +74 1; 
ttag +75 3; 
ttag +76 3; 
ttag +77 2; 
ttag +78 4; 
ttag +79 7; 
ttag +80 5; 
ttag +81 1; 
ttag +82 2; 
ttag +83 5; 
ttag +84 4; 
ttag +85 1; 
ttag +86 5; 
ttag +87 1; 
ttag +88 1; 
ttag +89 7; 
ttag +90 2; 
tread
'Tree with tags' 
(0 (1 ((2 3 )(((4 5 )(11 (13 (12 ((14 ((15 (16 17 ))(18 (19 20 ))))(21 ((22 (23 (24 25 )))(26 (27 (28 ((29 (30 31 ))((32 ((33 34 )(35 (36 (37 (38 39 ))))))((46 (41 (40 (42 43 ))))(47 (44 45 )))))))))))))))((6 7 )(8 (9 10 ))))))); 
ttag *!; 
ttag +0 ////; 
ttag +1 ////; 
ttag +2 ////; 
ttag +3 ////; 
ttag +4 ////; 
ttag +5 ////; 
ttag +6 ////; 
ttag +7 ////; 
ttag +8 ////; 
ttag +9 ////; 
ttag +10 ////; 
ttag +11 ////; 
ttag +12 ////; 
ttag +13 ////; 
ttag +14 ////; 
ttag +15 ////; 
ttag +16 ////; 
ttag +17 ////; 
ttag +18 ////; 
ttag +19 ////; 
ttag +20 ////; 
ttag +21 ////; 
ttag +22 ////; 
ttag +23 ////; 
ttag +24 ////; 
ttag +25 ////; 
ttag +26 ////; 
ttag +27 ////; 
ttag +28 ////; 
ttag +29 ////; 
ttag +30 ////; 
ttag +31 ////; 
ttag +32 ////; 
ttag +33 ////; 
ttag +34 ////; 
ttag +35 ////; 
ttag +36 ////; 
ttag +37 ////; 
ttag +38 ////; 
ttag +39 ////; 
ttag +40 ////; 
ttag +41 ////; 
ttag +42 ////; 
ttag +43 ////; 
ttag +44 ////; 
ttag +45 ////; 
ttag +46 ////; 
ttag +47 ////; 
ttag +48 ////; 
ttag +49 100/100/100/100/100; 
ttag +50 99/98/97/100/97; 
ttag +51 90/87/73/91/81; 
ttag +52 37/30/9/21/19; 
ttag +53 48/42/15/34/25; 
ttag +54 92/90/74/94/74; 
ttag +55 59/56/42/56/53; 
ttag +56 46/30/22/38/26; 
ttag +57 100/100/99/100/100; 
ttag +58 54/30/24/32/28; 
ttag +59 61/57/33/54/34; 
ttag +60 32/26/9/25/10; 
ttag +61 4/[5]/?/?/?; 
ttag +62 24/1/2/10/4; 
ttag +63 55/52/30/57/28; 
ttag +64 87/81/74/82/83; 
ttag +65 18/[4]/2/4/0; 
ttag +66 71/54/48/57/41; 
ttag +67 67/62/58/65/55; 
ttag +68 100/100/100/100/100; 
ttag +69 14/[19]/?/?/?; 
ttag +70 34/[7]/3/?/?; 
ttag +71 14/[19]/?/?/?; 
ttag +72 100/100/100/100/100; 
ttag +73 97/96/90/98/98; 
ttag +74 83/80/62/81/65; 
ttag +75 17/[4]/?/?/?; 
ttag +76 74/68/52/71/52; 
ttag +77 82/76/65/74/69; 
ttag +78 83/81/64/79/68; 
ttag +79 88/86/74/85/70; 
ttag +80 98/98/97/99/96; 
ttag +81 32/18/11/9/14; 
ttag +82 97/96/91/96/90; 
ttag +83 30/[26]/?/?/?; 
ttag +84 56/46/50/55/36; 
ttag +85 70/63/49/66/56; 
ttag +86 98/98/92/96/90; 
ttag +87 95/93/85/93/85; 
ttag +88 71/60/50/57/44; 
ttag +89 96/95/88/96/90; 
ttag +90 18/4/8/5/7; 
ttag +91 41/27/14/22/18; 
ttag +92 99/99/95/98/97; 
ttag +93 64/56/52/67/56; 
ttag +94 9/[5]/0/?/?; 
