tread
'Tree with tags' 
(0 (1 ((2 3 )(11 12 13 (5 (4 (8 (9 10 ))))(6 7 )(14 (15 (16 17 ))(18 (19 20 ))(21 ((22 (23 (24 25 )))(26 (27 (28 (((29 (30 31 ))(32 33 34 35 36 37 38 39 ))(((40 41 )(42 43 ))(45 (44 (46 47 ))))))))))))))); 
ttag *!; 
ttag +49 ???; 
ttag +50 3; 
ttag +51 3; 
ttag +52 1; 
ttag +53 1; 
ttag +54 5; 
ttag +55 2; 
ttag +56 7; 
ttag +57 2; 
ttag +58 1; 
ttag +59 3; 
ttag +60 3; 
ttag +61 1; 
ttag +62 9; 
ttag +63 3; 
ttag +64 4; 
ttag +65 1; 
ttag +66 5; 
ttag +67 6; 
ttag +68 4; 
ttag +69 3; 
ttag +70 5; 
ttag +71 1; 
ttag +72 1; 
ttag +73 1; 
ttag +74 4; 
ttag +75 4; 
ttag +76 1; 
ttag +77 3; 
ttag +78 1; 
ttag +79 8; 
ttag +80 1; 
ttag +81 2; 
ttag +82 1; 
tread
'Tree with tags' 
(0 (1 ((2 3 )((5 (4 (8 (9 10 ))))((11 (6 7 ))(12 (13 ((14 (21 ((22 (23 (24 25 )))(26 (27 (28 (((29 (30 31 ))(33 (32 (34 ((35 36 )(39 (37 38 )))))))(((40 41 )(42 43 ))(45 (44 (46 47 )))))))))))((15 (16 17 ))(18 (19 20 ))))))))))); 
ttag *!; 
ttag +0 ////; 
ttag +1 ////; 
ttag +2 ////; 
ttag +3 ////; 
ttag +4 ////; 
ttag +5 ////; 
ttag +6 ////; 
ttag +7 ////; 
ttag +8 ////; 
ttag +9 ////; 
ttag +10 ////; 
ttag +11 ////; 
ttag +12 ////; 
ttag +13 ////; 
ttag +14 ////; 
ttag +15 ////; 
ttag +16 ////; 
ttag +17 ////; 
ttag +18 ////; 
ttag +19 ////; 
ttag +20 ////; 
ttag +21 ////; 
ttag +22 ////; 
ttag +23 ////; 
ttag +24 ////; 
ttag +25 ////; 
ttag +26 ////; 
ttag +27 ////; 
ttag +28 ////; 
ttag +29 ////; 
ttag +30 ////; 
ttag +31 ////; 
ttag +32 ////; 
ttag +33 ////; 
ttag +34 ////; 
ttag +35 ////; 
ttag +36 ////; 
ttag +37 ////; 
ttag +38 ////; 
ttag +39 ////; 
ttag +40 ////; 
ttag +41 ////; 
ttag +42 ////; 
ttag +43 ////; 
ttag +44 ////; 
ttag +45 ////; 
ttag +46 ////; 
ttag +47 ////; 
ttag +48 ////; 
ttag +49 100/100/100/100/100; 
ttag +50 77/68/68/82/71; 
ttag +51 74/62/57/76/59; 
ttag +52 68/56/38/50/41; 
ttag +53 62/58/43/54/49; 
ttag +54 91/88/74/90/72; 
ttag +55 41/33/22/44/27; 
ttag +56 10/[9]/?/?/?; 
ttag +57 17/[9]/?/?/?; 
ttag +58 99/98/96/99/96; 
ttag +59 80/75/67/78/74; 
ttag +60 20/12/11/7/10; 
ttag +61 14/1/?/?/?; 
ttag +62 11/[14]/?/?/?; 
ttag +63 25/17/10/15/8; 
ttag +64 81/76/62/77/60; 
ttag +65 27/2/?/3/?; 
ttag +66 75/70/55/78/54; 
ttag +67 68/58/53/55/54; 
ttag +68 99/99/100/100/100; 
ttag +69 48/40/25/60/33; 
ttag +70 82/74/68/86/74; 
ttag +71 31/22/8/32/16; 
ttag +72 95/94/84/96/84; 
ttag +73 98/97/94/98/92; 
ttag +74 71/65/50/74/45; 
ttag +75 47/17/?/27/0; 
ttag +76 64/56/41/70/48; 
ttag +77 55/48/34/46/43; 
ttag +78 20/[1]/0/1/?; 
ttag +79 27/6/7/9/4; 
ttag +80 84/82/76/85/72; 
ttag +81 16/[15]/?/?/?; 
ttag +82 86/84/74/85/76; 
ttag +83 9/[22]/?/?/?; 
ttag +84 18/3/?/0/?; 
ttag +85 30/[1]/?/?/8; 
ttag +86 31/0/?/?/6; 
ttag +87 19/[12]/?/?/?; 
ttag +88 60/32/34/38/33; 
ttag +89 62/51/47/54/42; 
ttag +90 38/28/20/28/19; 
ttag +91 100/100/99/100/98; 
ttag +92 55/46/30/44/34; 
ttag +93 58/54/46/55/42; 
ttag +94 32/23/13/23/13; 
