tread
'Tree with tags' 
(0 (1 ((2 3 )(4 (5 (11 ((6 7 )(10 (8 9 )))((12 13 )(14 ((15 16 17 )(18 (19 20 )))(21 ((22 (23 (24 25 )))(26 (27 (28 (29 (30 31 ))(32 (33 34 )(35 (36 (38 (37 39 )))))((40 (42 (41 43 )))(45 (47 (44 46 ))))))))))))))))); 
ttag *!; 
ttag +49 ???; 
ttag +50 9; 
ttag +51 4; 
ttag +52 4; 
ttag +53 1; 
ttag +54 3; 
ttag +55 1; 
ttag +56 1; 
ttag +57 1; 
ttag +58 6; 
ttag +59 2; 
ttag +60 2; 
ttag +61 3; 
ttag +62 10; 
ttag +63 3; 
ttag +64 4; 
ttag +65 10; 
ttag +66 4; 
ttag +67 7; 
ttag +68 4; 
ttag +69 7; 
ttag +70 7; 
ttag +71 6; 
ttag +72 1; 
ttag +73 2; 
ttag +74 7; 
ttag +75 3; 
ttag +76 2; 
ttag +77 2; 
ttag +78 3; 
ttag +79 4; 
ttag +80 2; 
ttag +81 8; 
ttag +82 1; 
ttag +83 1; 
ttag +84 1; 
ttag +85 2; 
ttag +86 2; 
ttag +87 1; 
ttag +88 2; 
tread
'Tree with tags' 
(0 (1 ((2 3 )(4 (5 ((11 ((6 7 )(10 (8 9 ))))((12 13 )((14 (21 ((22 (23 (24 25 )))(26 (27 ((28 (29 (30 31 )))((32 ((33 34 )(35 (36 (38 (37 39 ))))))((40 (42 (41 43 )))(45 (47 (44 46 )))))))))))((17 (15 16 ))(18 (19 20 ))))))))))); 
ttag *!; 
ttag +0 ////; 
ttag +1 ////; 
ttag +2 ////; 
ttag +3 ////; 
ttag +4 ////; 
ttag +5 ////; 
ttag +6 ////; 
ttag +7 ////; 
ttag +8 ////; 
ttag +9 ////; 
ttag +10 ////; 
ttag +11 ////; 
ttag +12 ////; 
ttag +13 ////; 
ttag +14 ////; 
ttag +15 ////; 
ttag +16 ////; 
ttag +17 ////; 
ttag +18 ////; 
ttag +19 ////; 
ttag +20 ////; 
ttag +21 ////; 
ttag +22 ////; 
ttag +23 ////; 
ttag +24 ////; 
ttag +25 ////; 
ttag +26 ////; 
ttag +27 ////; 
ttag +28 ////; 
ttag +29 ////; 
ttag +30 ////; 
ttag +31 ////; 
ttag +32 ////; 
ttag +33 ////; 
ttag +34 ////; 
ttag +35 ////; 
ttag +36 ////; 
ttag +37 ////; 
ttag +38 ////; 
ttag +39 ////; 
ttag +40 ////; 
ttag +41 ////; 
ttag +42 ////; 
ttag +43 ////; 
ttag +44 ////; 
ttag +45 ////; 
ttag +46 ////; 
ttag +47 ////; 
ttag +48 ////; 
ttag +49 100/100/100/100/100; 
ttag +50 100/100/100/99/97; 
ttag +51 94/93/88/93/86; 
ttag +52 84/80/69/79/73; 
ttag +53 51/37/20/44/23; 
ttag +54 82/78/64/80/74; 
ttag +55 49/40/26/47/35; 
ttag +56 12/[2]/?/?/?; 
ttag +57 32/18/8/18/7; 
ttag +58 65/62/56/59/54; 
ttag +59 96/96/96/99/96; 
ttag +60 64/60/44/64/48; 
ttag +61 46/41/25/46/27; 
ttag +62 11/[30]/?/?/?; 
ttag +63 60/52/37/52/41; 
ttag +64 36/[3]/?/?/?; 
ttag +65 99/99/100/99/100; 
ttag +66 73/64/52/64/45; 
ttag +67 96/94/96/99/93; 
ttag +68 100/100/100/100/99; 
ttag +69 52/42/24/42/25; 
ttag +70 96/96/88/94/88; 
ttag +71 64/54/31/56/36; 
ttag +72 96/92/87/94/90; 
ttag +73 100/100/98/99/98; 
ttag +74 82/79/70/81/66; 
ttag +75 46/39/25/42/28; 
ttag +76 20/[17]/?/?/?; 
ttag +77 54/47/37/44/36; 
ttag +78 94/94/92/98/90; 
ttag +79 91/86/80/89/80; 
ttag +80 76/68/53/79/57; 
ttag +81 43/12/2/13/13; 
ttag +82 83/76/59/77/66; 
ttag +83 32/8/?/4/?; 
ttag +84 84/80/69/82/65; 
ttag +85 86/85/79/90/79; 
ttag +86 90/90/81/84/75; 
ttag +87 99/99/98/99/98; 
ttag +88 60/51/49/59/56; 
ttag +89 82/80/64/80/75; 
ttag +90 31/[18]/?/8/?; 
ttag +91 65/58/46/67/46; 
ttag +92 42/37/26/41/21; 
ttag +93 16/[14]/?/?/?; 
ttag +94 66/58/54/65/52; 
