tread
'Tree with tags' 
(0 (1 ((2 3 )(4 (5 (((6 7 )(8 (9 10 )))((11 (12 13 ))((14 ((15 (16 17 ))(18 (19 20 ))))(21 ((22 (23 (24 25 )))(26 (27 (28 ((29 (30 31 ))(33 (34 (32 (35 (36 (37 (38 39 )))))))(46 47 (40 (41 (42 43 )))(44 45 )))))))))))))))); 
ttag *!; 
ttag +49 ???; 
ttag +50 6; 
ttag +51 3; 
ttag +52 7; 
ttag +53 1; 
ttag +54 3; 
ttag +55 1; 
ttag +56 1; 
ttag +57 5; 
ttag +58 1; 
ttag +59 1; 
ttag +60 1; 
ttag +61 1; 
ttag +62 2; 
ttag +63 1; 
ttag +64 6; 
ttag +65 1; 
ttag +66 4; 
ttag +67 5; 
ttag +68 11; 
ttag +69 1; 
ttag +70 1; 
ttag +71 4; 
ttag +72 2; 
ttag +73 5; 
ttag +74 6; 
ttag +75 3; 
ttag +76 1; 
ttag +77 4; 
ttag +78 5; 
ttag +79 1; 
ttag +80 1; 
ttag +81 1; 
ttag +82 6; 
ttag +83 2; 
ttag +84 4; 
ttag +85 2; 
ttag +86 5; 
ttag +87 6; 
ttag +88 2; 
ttag +89 1; 
ttag +90 7; 
ttag +91 1; 
tread
'Tree with tags' 
(0 (1 ((2 3 )(4 (5 (((6 7 )(8 (9 10 )))((11 (12 13 ))((14 ((15 (16 17 ))(18 (19 20 ))))(21 ((22 (23 (24 25 )))(26 (27 (28 (((29 (30 31 ))(33 (34 (32 (35 (36 (37 (38 39 ))))))))((40 (41 (42 43 )))(46 (47 (44 45 )))))))))))))))))); 
ttag *!; 
ttag +0 ////; 
ttag +1 ////; 
ttag +2 ////; 
ttag +3 ////; 
ttag +4 ////; 
ttag +5 ////; 
ttag +6 ////; 
ttag +7 ////; 
ttag +8 ////; 
ttag +9 ////; 
ttag +10 ////; 
ttag +11 ////; 
ttag +12 ////; 
ttag +13 ////; 
ttag +14 ////; 
ttag +15 ////; 
ttag +16 ////; 
ttag +17 ////; 
ttag +18 ////; 
ttag +19 ////; 
ttag +20 ////; 
ttag +21 ////; 
ttag +22 ////; 
ttag +23 ////; 
ttag +24 ////; 
ttag +25 ////; 
ttag +26 ////; 
ttag +27 ////; 
ttag +28 ////; 
ttag +29 ////; 
ttag +30 ////; 
ttag +31 ////; 
ttag +32 ////; 
ttag +33 ////; 
ttag +34 ////; 
ttag +35 ////; 
ttag +36 ////; 
ttag +37 ////; 
ttag +38 ////; 
ttag +39 ////; 
ttag +40 ////; 
ttag +41 ////; 
ttag +42 ////; 
ttag +43 ////; 
ttag +44 ////; 
ttag +45 ////; 
ttag +46 ////; 
ttag +47 ////; 
ttag +48 ////; 
ttag +49 100/100/100/100/100; 
ttag +50 98/98/98/98/97; 
ttag +51 80/72/60/74/60; 
ttag +52 98/98/86/98/92; 
ttag +53 54/35/31/48/39; 
ttag +54 92/90/87/92/85; 
ttag +55 29/6/10/17/12; 
ttag +56 32/10/12/24/21; 
ttag +57 99/99/97/99/96; 
ttag +58 62/48/27/55/34; 
ttag +59 22/12/6/2/6; 
ttag +60 32/26/18/24/14; 
ttag +61 51/44/36/48/35; 
ttag +62 65/58/56/68/53; 
ttag +63 29/18/10/11/14; 
ttag +64 98/97/94/99/96; 
ttag +65 58/47/32/46/42; 
ttag +66 94/91/77/88/81; 
ttag +67 98/97/89/99/92; 
ttag +68 100/100/100/100/100; 
ttag +69 26/3/5/?/?; 
ttag +70 44/29/23/36/22; 
ttag +71 87/84/67/88/69; 
ttag +72 68/51/38/60/48; 
ttag +73 96/94/88/97/82; 
ttag +74 90/86/70/93/80; 
ttag +75 60/41/27/46/30; 
ttag +76 41/22/14/21/18; 
ttag +77 84/79/69/79/63; 
ttag +78 40/22/24/23/17; 
ttag +79 89/87/81/89/82; 
ttag +80 65/42/35/47/43; 
ttag +81 39/15/9/11/9; 
ttag +82 29/4/2/5/4; 
ttag +83 96/95/94/98/94; 
ttag +84 78/75/68/84/68; 
ttag +85 91/90/87/92/82; 
ttag +86 74/64/66/77/67; 
ttag +87 97/96/95/99/98; 
ttag +88 92/90/84/89/86; 
ttag +89 73/67/46/63/54; 
ttag +90 62/41/40/48/34; 
ttag +91 98/98/99/99/97; 
ttag +92 69/65/61/74/58; 
ttag +93 24/[18]/?/?/?; 
ttag +94 31/[12]/?/?/?; 
