tread
'Tree with tags' 
(0 (1 ((2 3 )((4 5 )(7 (6 ((8 (9 10 ))(11 (12 13 14 (15 (16 17 ))(18 (19 20 ))(21 ((22 (23 (24 25 )))(26 (27 ((28 ((29 (30 31 ))(40 (41 (42 43 )))))(((32 (35 (36 (38 (37 39 )))))(33 34 ))(46 (47 (44 45 )))))))))))))))))); 
ttag *!; 
ttag +49 ???; 
ttag +50 8; 
ttag +51 2; 
ttag +52 3; 
ttag +53 12; 
ttag +54 1; 
ttag +55 2; 
ttag +56 8; 
ttag +57 2; 
ttag +58 1; 
ttag +59 1; 
ttag +60 1; 
ttag +61 2; 
ttag +62 1; 
ttag +63 5; 
ttag +64 5; 
ttag +65 1; 
ttag +66 3; 
ttag +67 5; 
ttag +68 8; 
ttag +69 5; 
ttag +70 4; 
ttag +71 2; 
ttag +72 1; 
ttag +73 3; 
ttag +74 4; 
ttag +75 1; 
ttag +76 1; 
ttag +77 2; 
ttag +78 2; 
ttag +79 1; 
ttag +80 2; 
ttag +81 2; 
ttag +82 3; 
ttag +83 2; 
ttag +84 9; 
ttag +85 3; 
ttag +86 2; 
ttag +87 5; 
ttag +88 3; 
ttag +89 1; 
ttag +90 2; 
tread
'Tree with tags' 
(0 (1 ((2 3 )((4 5 )(7 (6 ((8 (9 10 ))(11 (13 (12 (14 (((15 (16 17 ))(18 (19 20 )))(21 ((22 (23 (24 25 )))(26 (27 ((28 ((29 (30 31 ))(40 (41 (42 43 )))))(((32 (35 (36 (38 (37 39 )))))(33 34 ))(46 (47 (44 45 ))))))))))))))))))))); 
ttag *!; 
ttag +0 ////; 
ttag +1 ////; 
ttag +2 ////; 
ttag +3 ////; 
ttag +4 ////; 
ttag +5 ////; 
ttag +6 ////; 
ttag +7 ////; 
ttag +8 ////; 
ttag +9 ////; 
ttag +10 ////; 
ttag +11 ////; 
ttag +12 ////; 
ttag +13 ////; 
ttag +14 ////; 
ttag +15 ////; 
ttag +16 ////; 
ttag +17 ////; 
ttag +18 ////; 
ttag +19 ////; 
ttag +20 ////; 
ttag +21 ////; 
ttag +22 ////; 
ttag +23 ////; 
ttag +24 ////; 
ttag +25 ////; 
ttag +26 ////; 
ttag +27 ////; 
ttag +28 ////; 
ttag +29 ////; 
ttag +30 ////; 
ttag +31 ////; 
ttag +32 ////; 
ttag +33 ////; 
ttag +34 ////; 
ttag +35 ////; 
ttag +36 ////; 
ttag +37 ////; 
ttag +38 ////; 
ttag +39 ////; 
ttag +40 ////; 
ttag +41 ////; 
ttag +42 ////; 
ttag +43 ////; 
ttag +44 ////; 
ttag +45 ////; 
ttag +46 ////; 
ttag +47 ////; 
ttag +48 ////; 
ttag +49 100/100/100/100/100; 
ttag +50 99/98/97/98/96; 
ttag +51 68/49/41/52/28; 
ttag +52 74/64/50/70/54; 
ttag +53 99/98/98/99/96; 
ttag +54 40/26/8/25/7; 
ttag +55 54/50/30/46/34; 
ttag +56 100/100/100/100/99; 
ttag +57 52/43/17/46/22; 
ttag +58 75/75/68/70/70; 
ttag +59 43/34/19/23/15; 
ttag +60 5/[27]/?/?/?; 
ttag +61 42/36/20/37/21; 
ttag +62 16/[16]/?/?/?; 
ttag +63 82/78/72/77/74; 
ttag +64 41/9/14/1/4; 
ttag +65 16/[15]/?/?/?; 
ttag +66 71/62/56/58/59; 
ttag +67 94/92/90/97/90; 
ttag +68 97/95/94/98/96; 
ttag +69 36/27/28/26/14; 
ttag +70 83/74/59/78/72; 
ttag +71 87/85/71/89/79; 
ttag +72 99/99/91/99/96; 
ttag +73 88/80/69/84/78; 
ttag +74 87/84/74/86/70; 
ttag +75 65/48/34/56/42; 
ttag +76 4/[33]/?/?/?; 
ttag +77 83/82/68/85/69; 
ttag +78 79/74/64/83/56; 
ttag +79 6/[21]/?/?/?; 
ttag +80 63/44/38/41/25; 
ttag +81 67/61/54/59/40; 
ttag +82 54/46/42/43/44; 
ttag +83 22/[6]/?/?/?; 
ttag +84 57/48/43/51/40; 
ttag +85 88/87/83/80/80; 
ttag +86 81/71/64/81/70; 
ttag +87 82/78/74/78/71; 
ttag +88 99/98/100/99/97; 
ttag +89 75/69/62/75/58; 
ttag +90 60/39/26/53/19; 
ttag +91 95/93/90/93/86; 
ttag +92 86/84/78/80/78; 
ttag +93 51/34/24/34/26; 
ttag +94 79/73/65/69/60; 
