tread
'Tree with tags' 
(0 (1 ((2 3 )(4 5 6 7 11 (10 (8 9 ))((12 13 )((14 (18 (19 20 )))(21 ((22 (23 (24 25 )))(26 (27 (28 (((29 (30 31 ))((32 ((33 34 )(35 (36 (37 (38 39 ))))))((40 41 )(42 43 ))))(46 (45 (44 47 ))))))))))(15 (16 17 ))))))); 
ttag *!; 
ttag +49 ???; 
ttag +50 7; 
ttag +51 3; 
ttag +52 8; 
ttag +53 1; 
ttag +54 8; 
ttag +55 3; 
ttag +56 2; 
ttag +57 1; 
ttag +58 1; 
ttag +59 5; 
ttag +60 2; 
ttag +61 4; 
ttag +62 9; 
ttag +63 3; 
ttag +64 5; 
ttag +65 2; 
ttag +66 4; 
ttag +67 2; 
ttag +68 1; 
ttag +69 1; 
ttag +70 2; 
ttag +71 4; 
ttag +72 1; 
ttag +73 3; 
ttag +74 4; 
ttag +75 3; 
ttag +76 1; 
ttag +77 4; 
ttag +78 1; 
ttag +79 1; 
ttag +80 1; 
ttag +81 2; 
ttag +82 1; 
ttag +83 1; 
ttag +84 6; 
ttag +85 7; 
ttag +86 1; 
ttag +87 1; 
ttag +88 2; 
tread
'Tree with tags' 
(0 (1 ((2 3 )(4 (5 ((11 (7 (6 (10 (8 9 )))))((12 13 )(((14 (18 (19 20 )))(21 ((22 (23 (24 25 )))(26 (27 (28 (((29 (30 31 ))((32 ((33 34 )(35 (36 (37 (38 39 ))))))((40 41 )(42 43 ))))(46 (45 (44 47 ))))))))))(15 (16 17 )))))))))); 
ttag *!; 
ttag +0 ////; 
ttag +1 ////; 
ttag +2 ////; 
ttag +3 ////; 
ttag +4 ////; 
ttag +5 ////; 
ttag +6 ////; 
ttag +7 ////; 
ttag +8 ////; 
ttag +9 ////; 
ttag +10 ////; 
ttag +11 ////; 
ttag +12 ////; 
ttag +13 ////; 
ttag +14 ////; 
ttag +15 ////; 
ttag +16 ////; 
ttag +17 ////; 
ttag +18 ////; 
ttag +19 ////; 
ttag +20 ////; 
ttag +21 ////; 
ttag +22 ////; 
ttag +23 ////; 
ttag +24 ////; 
ttag +25 ////; 
ttag +26 ////; 
ttag +27 ////; 
ttag +28 ////; 
ttag +29 ////; 
ttag +30 ////; 
ttag +31 ////; 
ttag +32 ////; 
ttag +33 ////; 
ttag +34 ////; 
ttag +35 ////; 
ttag +36 ////; 
ttag +37 ////; 
ttag +38 ////; 
ttag +39 ////; 
ttag +40 ////; 
ttag +41 ////; 
ttag +42 ////; 
ttag +43 ////; 
ttag +44 ////; 
ttag +45 ////; 
ttag +46 ////; 
ttag +47 ////; 
ttag +48 ////; 
ttag +49 100/100/100/100/100; 
ttag +50 100/100/98/100/98; 
ttag +51 85/79/67/84/70; 
ttag +52 96/95/93/94/94; 
ttag +53 28/[8]/2/?/5; 
ttag +54 28/[29]/?/?/?; 
ttag +55 58/33/36/32/42; 
ttag +56 13/[24]/?/?/?; 
ttag +57 18/[18]/?/?/?; 
ttag +58 77/66/60/70/54; 
ttag +59 99/99/100/100/99; 
ttag +60 71/65/54/69/57; 
ttag +61 78/74/57/73/59; 
ttag +62 27/0/0/7/10; 
ttag +63 9/[18]/?/?/?; 
ttag +64 49/44/44/50/41; 
ttag +65 90/84/83/85/79; 
ttag +66 56/28/24/34/20; 
ttag +67 97/96/86/94/93; 
ttag +68 100/100/100/100/100; 
ttag +69 45/24/14/32/24; 
ttag +70 84/82/74/90/76; 
ttag +71 51/29/21/38/32; 
ttag +72 90/88/79/90/78; 
ttag +73 52/21/8/28/9; 
ttag +74 72/59/52/61/43; 
ttag +75 45/22/16/20/10; 
ttag +76 74/69/54/64/49; 
ttag +77 87/85/77/88/82; 
ttag +78 10/[12]/?/?/?; 
ttag +79 79/74/69/82/75; 
ttag +80 94/92/90/92/86; 
ttag +81 74/68/53/64/55; 
ttag +82 6/[20]/?/?/?; 
ttag +83 92/89/79/87/83; 
ttag +84 16/[16]/?/?/?; 
ttag +85 66/53/49/56/54; 
ttag +86 69/60/60/68/58; 
ttag +87 58/48/37/49/46; 
ttag +88 52/36/28/48/39; 
ttag +89 48/30/26/38/26; 
ttag +90 89/86/84/94/78; 
ttag +91 100/100/99/100/98; 
ttag +92 27/14/6/4/4; 
ttag +93 5/[26]/?/?/?; 
ttag +94 45/33/28/25/24; 
