tread
'Tree with tags' 
(0 (1 (2 3 )(4 5 11 ((6 7 )(8 9 10 ))(12 13 (14 (15 16 17 )(18 (19 20 ))(21 ((22 (23 (24 25 )))(26 (27 (28 ((29 (30 31 ))(((32 ((33 34 )(35 (39 (38 (36 37 ))))))(44 45 46 47 ))(40 (41 (42 43 ))))))))))))))); 
ttag *!; 
ttag +49 ???; 
ttag +50 2; 
ttag +51 6; 
ttag +52 1; 
ttag +53 3; 
ttag +54 12; 
ttag +55 1; 
ttag +56 1; 
ttag +57 5; 
ttag +58 2; 
ttag +59 6; 
ttag +60 2; 
ttag +61 5; 
ttag +62 2; 
ttag +63 4; 
ttag +64 8; 
ttag +65 2; 
ttag +66 2; 
ttag +67 2; 
ttag +68 7; 
ttag +69 1; 
ttag +70 5; 
ttag +71 11; 
ttag +72 1; 
ttag +73 2; 
ttag +74 2; 
ttag +75 2; 
ttag +76 1; 
ttag +77 1; 
ttag +78 1; 
ttag +79 3; 
ttag +80 3; 
ttag +81 2; 
ttag +82 7; 
ttag +83 1; 
tread
'Tree with tags' 
(0 ((1 (2 3 ))(4 (5 (((6 7 )(10 (8 9 )))(11 (12 (13 ((14 (21 ((22 (23 (24 25 )))(26 (27 (28 ((29 (30 31 ))(((32 ((33 34 )(35 (39 (38 (36 37 ))))))(46 (47 (44 45 ))))(40 (41 (42 43 )))))))))))((15 (16 17 ))(18 (19 20 )))))))))))); 
ttag *!; 
ttag +0 ////; 
ttag +1 ////; 
ttag +2 ////; 
ttag +3 ////; 
ttag +4 ////; 
ttag +5 ////; 
ttag +6 ////; 
ttag +7 ////; 
ttag +8 ////; 
ttag +9 ////; 
ttag +10 ////; 
ttag +11 ////; 
ttag +12 ////; 
ttag +13 ////; 
ttag +14 ////; 
ttag +15 ////; 
ttag +16 ////; 
ttag +17 ////; 
ttag +18 ////; 
ttag +19 ////; 
ttag +20 ////; 
ttag +21 ////; 
ttag +22 ////; 
ttag +23 ////; 
ttag +24 ////; 
ttag +25 ////; 
ttag +26 ////; 
ttag +27 ////; 
ttag +28 ////; 
ttag +29 ////; 
ttag +30 ////; 
ttag +31 ////; 
ttag +32 ////; 
ttag +33 ////; 
ttag +34 ////; 
ttag +35 ////; 
ttag +36 ////; 
ttag +37 ////; 
ttag +38 ////; 
ttag +39 ////; 
ttag +40 ////; 
ttag +41 ////; 
ttag +42 ////; 
ttag +43 ////; 
ttag +44 ////; 
ttag +45 ////; 
ttag +46 ////; 
ttag +47 ////; 
ttag +48 ////; 
ttag +49 35/[3]/?/?/2; 
ttag +50 100/100/100/100/100; 
ttag +51 86/80/70/80/74; 
ttag +52 96/95/86/92/92; 
ttag +53 32/7/9/0/7; 
ttag +54 70/67/58/62/49; 
ttag +55 86/84/64/77/66; 
ttag +56 28/3/4/3/0; 
ttag +57 27/[24]/?/?/?; 
ttag +58 100/100/98/99/99; 
ttag +59 48/30/24/25/21; 
ttag +60 66/53/51/52/45; 
ttag +61 44/31/16/30/22; 
ttag +62 19/3/?/5/5; 
ttag +63 52/40/37/36/25; 
ttag +64 92/90/81/88/84; 
ttag +65 24/8/6/5/12; 
ttag +66 62/47/41/54/36; 
ttag +67 84/81/65/78/64; 
ttag +68 100/100/99/99/100; 
ttag +69 62/54/50/57/46; 
ttag +70 90/86/81/91/71; 
ttag +71 64/60/50/64/52; 
ttag +72 97/96/90/96/94; 
ttag +73 98/97/97/98/91; 
ttag +74 51/30/33/43/23; 
ttag +75 39/18/20/28/11; 
ttag +76 40/18/20/28/17; 
ttag +77 97/96/95/97/97; 
ttag +78 24/2/11/11/5; 
ttag +79 87/82/78/90/82; 
ttag +80 100/100/98/99/98; 
ttag +81 12/[28]/?/?/?; 
ttag +82 64/60/56/62/49; 
ttag +83 82/76/59/76/54; 
ttag +84 48/34/29/32/21; 
ttag +85 38/23/18/20/17; 
ttag +86 25/[10]/2/?/?; 
ttag +87 39/3/9/4/9; 
ttag +88 82/79/75/85/81; 
ttag +89 80/70/75/78/72; 
ttag +90 44/23/20/34/16; 
ttag +91 99/99/94/98/92; 
ttag +92 24/14/20/16/16; 
ttag +93 14/[7]/?/?/?; 
ttag +94 48/26/19/24/8; 
