tread
'Tree with tags' 
(0 (1 2 3 (4 5 11 12 13 14 (6 7 (8 (9 10 )))(15 16 17 )(18 (19 20 ))(21 (28 (22 (23 (24 25 )))(26 27 )(44 45 46 47 (29 (30 31 ))(32 (33 34 )(35 (36 (37 38 39 ))))(40 (41 (42 43 ))))))))); 
ttag *!; 
ttag +49 ???; 
ttag +50 4; 
ttag +51 2; 
ttag +52 12; 
ttag +53 3; 
ttag +54 3; 
ttag +55 5; 
ttag +56 7; 
ttag +57 2; 
ttag +58 4; 
ttag +59 3; 
ttag +60 9; 
ttag +61 2; 
ttag +62 2; 
ttag +63 3; 
ttag +64 6; 
ttag +65 1; 
ttag +66 5; 
ttag +67 1; 
ttag +68 4; 
ttag +69 6; 
ttag +70 4; 
ttag +71 8; 
ttag +72 ???; 
ttag +73 ???; 
tread
'Tree with tags' 
(0 (1 ((2 3 )((4 13 )(5 ((7 (6 (8 (9 10 ))))(11 (((12 (18 (19 20 )))(21 ((22 (23 (24 25 )))((26 27 )(28 ((29 (30 31 ))(47 ((32 ((33 34 )(35 (36 (38 (37 39 ))))))((40 (41 (42 43 )))(44 (45 46 )))))))))))(14 (17 (15 16 ))))))))))); 
ttag *!; 
ttag +0 ////; 
ttag +1 ////; 
ttag +2 ////; 
ttag +3 ////; 
ttag +4 ////; 
ttag +5 ////; 
ttag +6 ////; 
ttag +7 ////; 
ttag +8 ////; 
ttag +9 ////; 
ttag +10 ////; 
ttag +11 ////; 
ttag +12 ////; 
ttag +13 ////; 
ttag +14 ////; 
ttag +15 ////; 
ttag +16 ////; 
ttag +17 ////; 
ttag +18 ////; 
ttag +19 ////; 
ttag +20 ////; 
ttag +21 ////; 
ttag +22 ////; 
ttag +23 ////; 
ttag +24 ////; 
ttag +25 ////; 
ttag +26 ////; 
ttag +27 ////; 
ttag +28 ////; 
ttag +29 ////; 
ttag +30 ////; 
ttag +31 ////; 
ttag +32 ////; 
ttag +33 ////; 
ttag +34 ////; 
ttag +35 ////; 
ttag +36 ////; 
ttag +37 ////; 
ttag +38 ////; 
ttag +39 ////; 
ttag +40 ////; 
ttag +41 ////; 
ttag +42 ////; 
ttag +43 ////; 
ttag +44 ////; 
ttag +45 ////; 
ttag +46 ////; 
ttag +47 ////; 
ttag +48 ////; 
ttag +49 100/100/100/100/100; 
ttag +50 55/39/34/42/36; 
ttag +51 38/3/0/9/8; 
ttag +52 23/[12]/?/?/?; 
ttag +53 88/86/73/89/82; 
ttag +54 13/[20]/?/?/?; 
ttag +55 32/[8]/?/?/?; 
ttag +56 74/72/58/75/61; 
ttag +57 4/[28]/?/?/?; 
ttag +58 99/99/99/100/100; 
ttag +59 90/86/76/89/79; 
ttag +60 17/[15]/?/?/?; 
ttag +61 19/[8]/?/?/?; 
ttag +62 2/[26]/?/?/?; 
ttag +63 26/14/13/18/1; 
ttag +64 26/7/?/5/?; 
ttag +65 65/42/41/30/34; 
ttag +66 73/61/50/64/56; 
ttag +67 99/99/96/96/95; 
ttag +68 100/100/99/99/100; 
ttag +69 57/53/41/62/42; 
ttag +70 91/89/83/91/81; 
ttag +71 78/76/58/81/59; 
ttag +72 52/26/16/23/15; 
ttag +73 99/99/98/100/98; 
ttag +74 84/82/73/83/79; 
ttag +75 40/27/24/33/23; 
ttag +76 20/[26]/?/?/?; 
ttag +77 72/66/57/64/54; 
ttag +78 77/75/66/83/70; 
ttag +79 99/99/99/99/99; 
ttag +80 70/66/54/73/49; 
ttag +81 2/[48]/?/?/?; 
ttag +82 33/11/5/18/2; 
ttag +83 92/90/82/94/84; 
ttag +84 43/10/6/24/12; 
ttag +85 71/63/51/62/51; 
ttag +86 94/92/89/92/84; 
ttag +87 24/22/26/22/28; 
ttag +88 98/97/95/98/93; 
ttag +89 91/88/77/90/81; 
ttag +90 15/[8]/?/?/?; 
ttag +91 54/36/23/28/18; 
ttag +92 99/98/98/99/98; 
ttag +93 12/[1]/2/?/1; 
ttag +94 14/0/?/0/?; 
