tread
'Tree with tags' 
(0 (1 (2 3 )((14 (4 5 11 12 13 (6 7 )((8 (9 10 ))(18 (19 20 )))(21 ((22 (23 (24 25 )))(26 27 28 ((29 (30 31 ))((32 (33 34 )(35 (36 (37 (38 39 )))))(40 (41 (42 43 )))(44 45 46 47 ))))))))(15 (16 17 ))))); 
ttag *!; 
ttag +49 ???; 
ttag +50 2; 
ttag +51 1; 
ttag +52 1; 
ttag +53 6; 
ttag +54 2; 
ttag +55 7; 
ttag +56 1; 
ttag +57 2; 
ttag +58 1; 
ttag +59 3; 
ttag +60 4; 
ttag +61 6; 
ttag +62 1; 
ttag +63 2; 
ttag +64 2; 
ttag +65 2; 
ttag +66 10; 
ttag +67 5; 
ttag +68 3; 
ttag +69 3; 
ttag +70 6; 
ttag +71 2; 
ttag +72 2; 
ttag +73 4; 
ttag +74 1; 
ttag +75 3; 
ttag +76 3; 
ttag +77 2; 
ttag +78 2; 
ttag +79 3; 
ttag +80 5; 
ttag +81 6; 
tread
'Tree with tags' 
(0 ((1 (2 3 ))((14 ((12 ((4 13 )((5 (6 7 ))(11 ((8 (9 10 ))(18 (19 20 )))))))(21 ((22 (23 (24 25 )))(26 (27 (28 ((29 (30 31 ))((((32 (35 (36 (37 (38 39 )))))(33 34 ))(44 (45 (46 47 ))))(40 (41 (42 43 ))))))))))))(15 (16 17 ))))); 
ttag *!; 
ttag +0 ////; 
ttag +1 ////; 
ttag +2 ////; 
ttag +3 ////; 
ttag +4 ////; 
ttag +5 ////; 
ttag +6 ////; 
ttag +7 ////; 
ttag +8 ////; 
ttag +9 ////; 
ttag +10 ////; 
ttag +11 ////; 
ttag +12 ////; 
ttag +13 ////; 
ttag +14 ////; 
ttag +15 ////; 
ttag +16 ////; 
ttag +17 ////; 
ttag +18 ////; 
ttag +19 ////; 
ttag +20 ////; 
ttag +21 ////; 
ttag +22 ////; 
ttag +23 ////; 
ttag +24 ////; 
ttag +25 ////; 
ttag +26 ////; 
ttag +27 ////; 
ttag +28 ////; 
ttag +29 ////; 
ttag +30 ////; 
ttag +31 ////; 
ttag +32 ////; 
ttag +33 ////; 
ttag +34 ////; 
ttag +35 ////; 
ttag +36 ////; 
ttag +37 ////; 
ttag +38 ////; 
ttag +39 ////; 
ttag +40 ////; 
ttag +41 ////; 
ttag +42 ////; 
ttag +43 ////; 
ttag +44 ////; 
ttag +45 ////; 
ttag +46 ////; 
ttag +47 ////; 
ttag +48 ////; 
ttag +49 44/[6]/?/?/?; 
ttag +50 100/100/100/100/100; 
ttag +51 94/91/88/91/83; 
ttag +52 34/4/?/?/?; 
ttag +53 4/[26]/?/?/?; 
ttag +54 4/[3]/?/?/?; 
ttag +55 32/25/12/25/12; 
ttag +56 56/39/29/38/25; 
ttag +57 95/94/86/94/85; 
ttag +58 12/[13]/?/?/?; 
ttag +59 3/[22]/?/?/?; 
ttag +60 74/70/58/70/67; 
ttag +61 100/100/98/98/97; 
ttag +62 29/3/2/21/?; 
ttag +63 8/[17]/?/?/?; 
ttag +64 83/77/68/70/62; 
ttag +65 70/61/64/64/62; 
ttag +66 82/76/76/83/72; 
ttag +67 95/94/89/96/88; 
ttag +68 99/99/99/100/100; 
ttag +69 36/30/19/41/22; 
ttag +70 74/70/72/77/66; 
ttag +71 57/54/39/58/36; 
ttag +72 65/52/54/64/54; 
ttag +73 100/100/99/100/100; 
ttag +74 83/81/64/83/62; 
ttag +75 27/[28]/?/?/?; 
ttag +76 48/24/19/31/10; 
ttag +77 88/82/86/90/82; 
ttag +78 78/70/57/78/52; 
ttag +79 98/97/92/98/93; 
ttag +80 44/30/25/30/25; 
ttag +81 69/56/49/55/44; 
ttag +82 8/[38]/?/?/?; 
ttag +83 76/74/64/76/53; 
ttag +84 97/96/91/97/93; 
ttag +85 53/39/24/42/25; 
ttag +86 68/60/54/68/52; 
ttag +87 68/61/51/64/54; 
ttag +88 56/49/36/47/39; 
ttag +89 70/54/57/66/62; 
ttag +90 94/94/88/89/84; 
ttag +91 96/95/88/92/88; 
ttag +92 94/93/86/95/92; 
ttag +93 20/[7]/0/0/4; 
ttag +94 30/2/8/7/14; 
