tread
'Tree with tags' 
(0 (1 ((2 3 )(4 (5 (11 12 13 21 (6 7 )(10 (8 9 ))(14 ((15 (16 17 ))(18 (19 20 ))))(26 27 28 (22 (23 24 25 ))(29 (30 31 ))(32 33 34 (35 (36 (37 (38 39 )))))(40 (41 (42 43 )))(44 45 46 47 )))))))); 
ttag *!; 
ttag +49 ???; 
ttag +50 2; 
ttag +51 4; 
ttag +52 7; 
ttag +53 2; 
ttag +54 1; 
ttag +55 2; 
ttag +56 1; 
ttag +57 7; 
ttag +58 1; 
ttag +59 5; 
ttag +60 4; 
ttag +61 1; 
ttag +62 3; 
ttag +63 14; 
ttag +64 5; 
ttag +65 3; 
ttag +66 6; 
ttag +67 5; 
ttag +68 6; 
ttag +69 4; 
ttag +70 5; 
ttag +71 5; 
ttag +72 2; 
ttag +73 1; 
ttag +74 7; 
ttag +75 3; 
ttag +76 9; 
ttag +77 3; 
tread
'Tree with tags' 
(0 (1 ((2 3 )(4 (5 (((6 7 )((10 (8 9 ))((22 (25 (23 24 )))((((28 (26 27 ))(29 (30 31 )))(32 ((33 34 )(35 (36 (37 (38 39 )))))))((40 (41 (42 43 )))(46 (44 (45 47 ))))))))((11 (21 (14 ((15 (16 17 ))(18 (19 20 ))))))(12 13 )))))))); 
ttag *!; 
ttag +0 ////; 
ttag +1 ////; 
ttag +2 ////; 
ttag +3 ////; 
ttag +4 ////; 
ttag +5 ////; 
ttag +6 ////; 
ttag +7 ////; 
ttag +8 ////; 
ttag +9 ////; 
ttag +10 ////; 
ttag +11 ////; 
ttag +12 ////; 
ttag +13 ////; 
ttag +14 ////; 
ttag +15 ////; 
ttag +16 ////; 
ttag +17 ////; 
ttag +18 ////; 
ttag +19 ////; 
ttag +20 ////; 
ttag +21 ////; 
ttag +22 ////; 
ttag +23 ////; 
ttag +24 ////; 
ttag +25 ////; 
ttag +26 ////; 
ttag +27 ////; 
ttag +28 ////; 
ttag +29 ////; 
ttag +30 ////; 
ttag +31 ////; 
ttag +32 ////; 
ttag +33 ////; 
ttag +34 ////; 
ttag +35 ////; 
ttag +36 ////; 
ttag +37 ////; 
ttag +38 ////; 
ttag +39 ////; 
ttag +40 ////; 
ttag +41 ////; 
ttag +42 ////; 
ttag +43 ////; 
ttag +44 ////; 
ttag +45 ////; 
ttag +46 ////; 
ttag +47 ////; 
ttag +48 ////; 
ttag +49 100/100/100/100/100; 
ttag +50 66/51/51/53/46; 
ttag +51 90/86/79/86/77; 
ttag +52 100/100/98/99/96; 
ttag +53 66/50/36/46/32; 
ttag +54 71/59/48/64/54; 
ttag +55 28/9/2/9/?; 
ttag +56 59/54/50/54/49; 
ttag +57 64/54/37/41/28; 
ttag +58 100/100/99/100/100; 
ttag +59 13/[24]/?/?/?; 
ttag +60 2/[30]/?/?/?; 
ttag +61 32/13/4/15/0; 
ttag +62 54/41/38/42/39; 
ttag +63 54/37/34/50/38; 
ttag +64 48/40/28/36/28; 
ttag +65 98/97/94/96/95; 
ttag +66 81/77/73/84/70; 
ttag +67 50/21/10/26/18; 
ttag +68 81/73/59/74/63; 
ttag +69 100/100/100/100/100; 
ttag +70 95/93/89/96/92; 
ttag +71 88/86/80/88/80; 
ttag +72 42/3/5/5/3; 
ttag +73 99/99/97/99/97; 
ttag +74 33/20/12/9/12; 
ttag +75 42/29/16/27/24; 
ttag +76 30/18/3/9/15; 
ttag +77 1/[31]/?/?/?; 
ttag +78 48/24/30/20/20; 
ttag +79 92/90/84/92/84; 
ttag +80 97/96/96/97/96; 
ttag +81 82/80/62/83/70; 
ttag +82 63/47/34/44/26; 
ttag +83 38/22/13/18/9; 
ttag +84 92/90/80/94/86; 
ttag +85 95/94/88/93/88; 
ttag +86 83/82/77/80/84; 
ttag +87 53/29/20/36/28; 
ttag +88 99/99/99/99/98; 
ttag +89 34/17/13/20/14; 
ttag +90 96/94/92/95/88; 
ttag +91 100/100/98/100/99; 
ttag +92 11/[47]/?/?/?; 
ttag +93 88/86/78/93/79; 
ttag +94 10/[48]/?/?/?; 
