tread
'Tree with tags' 
(0 (1 ((2 3 )(4 5 6 7 11 12 13 14 21 (8 9 10 )((15 16 17 )(18 (19 20 )))(28 29 (22 (23 (24 25 )))(26 27 )(30 31 )(35 (32 (33 34 ))(36 (39 (37 38 ))))((40 (41 (42 43 )))(47 (44 (45 46 ))))))))); 
ttag *!; 
ttag +49 ???; 
ttag +50 9; 
ttag +51 4; 
ttag +52 8; 
ttag +53 6; 
ttag +54 6; 
ttag +55 1; 
ttag +56 1; 
ttag +57 10; 
ttag +58 2; 
ttag +59 4; 
ttag +60 4; 
ttag +61 12; 
ttag +62 3; 
ttag +63 4; 
ttag +64 1; 
ttag +65 4; 
ttag +66 3; 
ttag +67 2; 
ttag +68 2; 
ttag +69 3; 
ttag +70 6; 
ttag +71 3; 
ttag +72 6; 
ttag +73 4; 
ttag +74 2; 
ttag +75 4; 
ttag +76 1; 
tread
'Tree with tags' 
(0 (1 ((2 3 )(14 ((12 ((4 (5 (6 (7 (8 (9 10 ))))))(11 13 )))(((16 (15 17 ))(18 (19 20 )))(21 ((22 (23 (24 25 )))(((28 (26 27 ))((29 (30 31 ))((40 (41 (42 43 )))(47 (44 (45 46 ))))))((32 (33 34 ))(35 (36 (39 (37 38 )))))))))))))); 
ttag *!; 
ttag +0 ////; 
ttag +1 ////; 
ttag +2 ////; 
ttag +3 ////; 
ttag +4 ////; 
ttag +5 ////; 
ttag +6 ////; 
ttag +7 ////; 
ttag +8 ////; 
ttag +9 ////; 
ttag +10 ////; 
ttag +11 ////; 
ttag +12 ////; 
ttag +13 ////; 
ttag +14 ////; 
ttag +15 ////; 
ttag +16 ////; 
ttag +17 ////; 
ttag +18 ////; 
ttag +19 ////; 
ttag +20 ////; 
ttag +21 ////; 
ttag +22 ////; 
ttag +23 ////; 
ttag +24 ////; 
ttag +25 ////; 
ttag +26 ////; 
ttag +27 ////; 
ttag +28 ////; 
ttag +29 ////; 
ttag +30 ////; 
ttag +31 ////; 
ttag +32 ////; 
ttag +33 ////; 
ttag +34 ////; 
ttag +35 ////; 
ttag +36 ////; 
ttag +37 ////; 
ttag +38 ////; 
ttag +39 ////; 
ttag +40 ////; 
ttag +41 ////; 
ttag +42 ////; 
ttag +43 ////; 
ttag +44 ////; 
ttag +45 ////; 
ttag +46 ////; 
ttag +47 ////; 
ttag +48 ////; 
ttag +49 100/100/100/100/100; 
ttag +50 100/100/100/100/99; 
ttag +51 95/93/88/96/87; 
ttag +52 25/0/?/2/2; 
ttag +53 7/[44]/?/?/?; 
ttag +54 24/[27]/?/?/?; 
ttag +55 10/[41]/?/?/?; 
ttag +56 100/100/94/98/95; 
ttag +57 15/[10]/?/?/?; 
ttag +58 29/4/2/5/4; 
ttag +59 28/[1]/?/?/?; 
ttag +60 99/99/97/100/100; 
ttag +61 46/14/16/11/8; 
ttag +62 20/9/4/11/7; 
ttag +63 34/[13]/?/?/?; 
ttag +64 100/100/98/99/97; 
ttag +65 56/49/43/51/35; 
ttag +66 18/6/2/4/?; 
ttag +67 82/74/65/77/72; 
ttag +68 100/100/100/100/100; 
ttag +69 8/[14]/?/?/?; 
ttag +70 75/72/62/71/70; 
ttag +71 74/65/66/69/55; 
ttag +72 78/63/42/63/44; 
ttag +73 100/100/100/100/100; 
ttag +74 77/74/64/71/67; 
ttag +75 14/[4]/0/?/?; 
ttag +76 2/[36]/?/?/?; 
ttag +77 45/26/32/35/30; 
ttag +78 41/33/29/30/33; 
ttag +79 6/[32]/?/?/?; 
ttag +80 77/71/53/69/53; 
ttag +81 35/16/7/16/17; 
ttag +82 83/79/64/90/70; 
ttag +83 62/54/55/70/56; 
ttag +84 42/24/18/23/20; 
ttag +85 67/63/52/70/50; 
ttag +86 76/72/62/71/54; 
ttag +87 77/75/56/79/50; 
ttag +88 99/99/94/97/94; 
ttag +89 51/21/19/27/25; 
ttag +90 90/87/86/87/83; 
ttag +91 98/98/97/97/97; 
ttag +92 28/6/10/23/10; 
ttag +93 76/70/69/78/58; 
ttag +94 26/0/0/15/8; 
