tread
'Tree with tags' 
(0 (1 ((2 3 )(4 5 (11 ((6 7 )(10 (8 9 )))((12 13 )(14 ((15 (16 17 ))(18 (19 20 )))(21 ((22 (23 (24 25 )))(26 (27 (28 ((((29 (30 31 ))(40 (41 (42 43 ))))(32 ((33 34 )(35 (36 (37 (38 39 )))))))(47 (45 (44 46 )))))))))))))))); 
ttag *!; 
ttag +49 ???; 
ttag +50 3; 
ttag +51 2; 
ttag +52 5; 
ttag +53 1; 
ttag +54 1; 
ttag +55 1; 
ttag +56 2; 
ttag +57 3; 
ttag +58 1; 
ttag +59 2; 
ttag +60 1; 
ttag +61 6; 
ttag +62 4; 
ttag +63 4; 
ttag +64 6; 
ttag +65 11; 
ttag +66 3; 
ttag +67 2; 
ttag +68 1; 
ttag +69 7; 
ttag +70 5; 
ttag +71 3; 
ttag +72 6; 
ttag +73 3; 
ttag +74 6; 
ttag +75 1; 
ttag +76 1; 
ttag +77 2; 
ttag +78 6; 
ttag +79 8; 
ttag +80 5; 
ttag +81 1; 
ttag +82 1; 
ttag +83 1; 
ttag +84 5; 
ttag +85 2; 
ttag +86 6; 
ttag +87 3; 
ttag +88 11; 
ttag +89 1; 
ttag +90 3; 
ttag +91 4; 
tread
'Tree with tags' 
(0 (1 ((2 3 )((4 5 )(11 (((6 7 )(10 (8 9 )))((12 13 )((14 ((15 (16 17 ))(18 (19 20 ))))(21 ((22 (23 (24 25 )))(26 (27 (28 ((((29 (30 31 ))(40 (41 (42 43 ))))(32 ((33 34 )(35 (36 (37 (38 39 )))))))(47 (45 (44 46 ))))))))))))))))); 
ttag *!; 
ttag +0 ////; 
ttag +1 ////; 
ttag +2 ////; 
ttag +3 ////; 
ttag +4 ////; 
ttag +5 ////; 
ttag +6 ////; 
ttag +7 ////; 
ttag +8 ////; 
ttag +9 ////; 
ttag +10 ////; 
ttag +11 ////; 
ttag +12 ////; 
ttag +13 ////; 
ttag +14 ////; 
ttag +15 ////; 
ttag +16 ////; 
ttag +17 ////; 
ttag +18 ////; 
ttag +19 ////; 
ttag +20 ////; 
ttag +21 ////; 
ttag +22 ////; 
ttag +23 ////; 
ttag +24 ////; 
ttag +25 ////; 
ttag +26 ////; 
ttag +27 ////; 
ttag +28 ////; 
ttag +29 ////; 
ttag +30 ////; 
ttag +31 ////; 
ttag +32 ////; 
ttag +33 ////; 
ttag +34 ////; 
ttag +35 ////; 
ttag +36 ////; 
ttag +37 ////; 
ttag +38 ////; 
ttag +39 ////; 
ttag +40 ////; 
ttag +41 ////; 
ttag +42 ////; 
ttag +43 ////; 
ttag +44 ////; 
ttag +45 ////; 
ttag +46 ////; 
ttag +47 ////; 
ttag +48 ////; 
ttag +49 100/100/100/100/100; 
ttag +50 86/83/75/78/68; 
ttag +51 72/65/55/59/46; 
ttag +52 19/6/8/1/5; 
ttag +53 94/93/86/95/83; 
ttag +54 25/[9]/?/?/?; 
ttag +55 13/0/2/2/?; 
ttag +56 8/[13]/?/?/?; 
ttag +57 19/1/2/0/?; 
ttag +58 72/64/60/60/57; 
ttag +59 92/90/82/92/86; 
ttag +60 45/36/33/50/28; 
ttag +61 39/29/24/38/24; 
ttag +62 10/1/?/0/?; 
ttag +63 14/5/2/16/1; 
ttag +64 98/98/94/99/94; 
ttag +65 63/57/48/71/40; 
ttag +66 84/78/65/83/70; 
ttag +67 97/96/88/98/93; 
ttag +68 100/100/100/99/100; 
ttag +69 38/28/20/41/19; 
ttag +70 80/75/60/80/70; 
ttag +71 52/46/34/56/38; 
ttag +72 97/97/92/98/86; 
ttag +73 96/95/87/92/84; 
ttag +74 72/68/55/76/55; 
ttag +75 86/83/76/89/77; 
ttag +76 83/81/74/85/78; 
ttag +77 96/94/96/99/94; 
ttag +78 34/4/?/5/?; 
ttag +79 28/0/?/1/?; 
ttag +80 70/64/55/62/56; 
ttag +81 97/96/87/94/84; 
ttag +82 100/100/99/99/98; 
ttag +83 90/85/84/91/85; 
ttag +84 33/[2]/?/?/?; 
ttag +85 44/14/15/9/3; 
ttag +86 68/49/48/44/50; 
ttag +87 93/92/89/92/85; 
ttag +88 72/63/46/60/48; 
ttag +89 93/92/82/88/80; 
ttag +90 68/60/46/64/52; 
ttag +91 98/98/98/100/98; 
ttag +92 46/37/28/44/31; 
ttag +93 64/57/47/60/34; 
ttag +94 81/78/66/84/73; 
