tread
'Tree with tags' 
(0 (1 ((2 3 )(5 12 13 14 21 (4 (15 (16 17 )))(6 7 11 (8 9 10 ))((18 (19 20 ))((22 (23 (24 25 )))(26 (27 (28 (((29 (30 31 ))(32 ((33 34 )(35 (36 (37 (38 39 )))))))(44 45 46 47 (40 (41 (42 43 )))))))))))))); 
ttag *!; 
ttag +49 ???; 
ttag +50 4; 
ttag +51 3; 
ttag +52 1; 
ttag +53 6; 
ttag +54 1; 
ttag +55 9; 
ttag +56 9; 
ttag +57 3; 
ttag +58 6; 
ttag +59 2; 
ttag +60 7; 
ttag +61 5; 
ttag +62 1; 
ttag +63 5; 
ttag +64 12; 
ttag +65 3; 
ttag +66 4; 
ttag +67 5; 
ttag +68 5; 
ttag +69 1; 
ttag +70 1; 
ttag +71 1; 
ttag +72 2; 
ttag +73 2; 
ttag +74 2; 
ttag +75 3; 
ttag +76 1; 
ttag +77 3; 
ttag +78 4; 
ttag +79 8; 
ttag +80 2; 
ttag +81 1; 
ttag +82 8; 
tread
'Tree with tags' 
(0 (1 ((2 3 )((4 (15 (16 17 )))(5 ((11 (6 (7 (9 (8 10 )))))((21 (12 ((18 (19 20 ))((22 (23 (24 25 )))(26 (27 (28 (((29 (30 31 ))(32 ((33 34 )(35 (36 (37 (38 39 )))))))((47 (40 (41 (42 43 ))))(44 (45 46 )))))))))))(13 14 )))))))); 
ttag *!; 
ttag +0 ////; 
ttag +1 ////; 
ttag +2 ////; 
ttag +3 ////; 
ttag +4 ////; 
ttag +5 ////; 
ttag +6 ////; 
ttag +7 ////; 
ttag +8 ////; 
ttag +9 ////; 
ttag +10 ////; 
ttag +11 ////; 
ttag +12 ////; 
ttag +13 ////; 
ttag +14 ////; 
ttag +15 ////; 
ttag +16 ////; 
ttag +17 ////; 
ttag +18 ////; 
ttag +19 ////; 
ttag +20 ////; 
ttag +21 ////; 
ttag +22 ////; 
ttag +23 ////; 
ttag +24 ////; 
ttag +25 ////; 
ttag +26 ////; 
ttag +27 ////; 
ttag +28 ////; 
ttag +29 ////; 
ttag +30 ////; 
ttag +31 ////; 
ttag +32 ////; 
ttag +33 ////; 
ttag +34 ////; 
ttag +35 ////; 
ttag +36 ////; 
ttag +37 ////; 
ttag +38 ////; 
ttag +39 ////; 
ttag +40 ////; 
ttag +41 ////; 
ttag +42 ////; 
ttag +43 ////; 
ttag +44 ////; 
ttag +45 ////; 
ttag +46 ////; 
ttag +47 ////; 
ttag +48 ////; 
ttag +49 100/100/100/100/100; 
ttag +50 88/84/82/92/83; 
ttag +51 80/72/64/74/66; 
ttag +52 32/9/0/11/?; 
ttag +53 98/97/92/96/91; 
ttag +54 6/[16]/?/?/?; 
ttag +55 38/24/23/26/12; 
ttag +56 58/55/38/51/38; 
ttag +57 2/[20]/?/?/?; 
ttag +58 15/[10]/?/?/?; 
ttag +59 24/[32]/?/?/?; 
ttag +60 100/100/100/100/97; 
ttag +61 0/[21]/?/?/?; 
ttag +62 3/[18]/?/?/?; 
ttag +63 3/[19]/?/?/?; 
ttag +64 26/9/6/?/?; 
ttag +65 99/98/97/100/95; 
ttag +66 91/89/88/93/89; 
ttag +67 94/92/84/94/91; 
ttag +68 28/5/?/9/2; 
ttag +69 99/99/99/99/97; 
ttag +70 97/97/92/95/92; 
ttag +71 55/47/44/52/38; 
ttag +72 98/98/93/96/93; 
ttag +73 100/100/100/100/100; 
ttag +74 83/77/53/70/64; 
ttag +75 82/76/68/79/67; 
ttag +76 86/84/74/88/81; 
ttag +77 95/94/88/95/92; 
ttag +78 31/5/?/?/?; 
ttag +79 51/38/24/37/30; 
ttag +80 64/50/37/52/38; 
ttag +81 71/62/55/62/48; 
ttag +82 42/21/18/23/16; 
ttag +83 46/25/10/22/14; 
ttag +84 78/72/49/75/63; 
ttag +85 25/2/?/1/1; 
ttag +86 81/79/64/82/62; 
ttag +87 87/84/73/83/74; 
ttag +88 100/100/98/100/99; 
ttag +89 28/5/5/2/?; 
ttag +90 73/68/59/69/60; 
ttag +91 69/53/54/68/47; 
ttag +92 99/99/99/100/99; 
ttag +93 24/2/5/6/3; 
ttag +94 11/[40]/?/?/?; 
