tread
'Tree with tags' 
(0 (1 ((2 3 )(4 (5 ((6 7 (8 (9 10 )))(11 14 21 (12 13 )(15 (16 17 ))(18 (19 20 ))(22 ((23 (24 25 ))(26 (27 ((28 (((32 (35 (36 (38 (37 39 )))))(33 34 ))((40 (41 (42 43 )))(45 (44 46 47 )))))(31 (29 30 )))))))))))))); 
ttag *!; 
ttag +49 ???; 
ttag +50 6; 
ttag +51 4; 
ttag +52 3; 
ttag +53 4; 
ttag +54 2; 
ttag +55 2; 
ttag +56 8; 
ttag +57 2; 
ttag +58 1; 
ttag +59 3; 
ttag +60 1; 
ttag +61 1; 
ttag +62 3; 
ttag +63 10; 
ttag +64 5; 
ttag +65 8; 
ttag +66 1; 
ttag +67 5; 
ttag +68 2; 
ttag +69 2; 
ttag +70 1; 
ttag +71 2; 
ttag +72 3; 
ttag +73 5; 
ttag +74 2; 
ttag +75 7; 
ttag +76 2; 
ttag +77 2; 
ttag +78 6; 
ttag +79 4; 
ttag +80 3; 
ttag +81 10; 
ttag +82 6; 
ttag +83 3; 
ttag +84 2; 
ttag +85 6; 
ttag +86 1; 
ttag +87 5; 
tread
'Tree with tags' 
(0 (1 ((2 3 )(4 (5 (((6 7 )(8 (9 10 )))((11 (21 ((14 ((15 (16 17 ))(18 (19 20 ))))(22 ((23 (24 25 ))(26 (27 ((28 (((32 (35 (36 (38 (37 39 )))))(33 34 ))((40 (41 (42 43 )))(45 (47 (44 46 ))))))(31 (29 30 ))))))))))(12 13 )))))))); 
ttag *!; 
ttag +0 ////; 
ttag +1 ////; 
ttag +2 ////; 
ttag +3 ////; 
ttag +4 ////; 
ttag +5 ////; 
ttag +6 ////; 
ttag +7 ////; 
ttag +8 ////; 
ttag +9 ////; 
ttag +10 ////; 
ttag +11 ////; 
ttag +12 ////; 
ttag +13 ////; 
ttag +14 ////; 
ttag +15 ////; 
ttag +16 ////; 
ttag +17 ////; 
ttag +18 ////; 
ttag +19 ////; 
ttag +20 ////; 
ttag +21 ////; 
ttag +22 ////; 
ttag +23 ////; 
ttag +24 ////; 
ttag +25 ////; 
ttag +26 ////; 
ttag +27 ////; 
ttag +28 ////; 
ttag +29 ////; 
ttag +30 ////; 
ttag +31 ////; 
ttag +32 ////; 
ttag +33 ////; 
ttag +34 ////; 
ttag +35 ////; 
ttag +36 ////; 
ttag +37 ////; 
ttag +38 ////; 
ttag +39 ////; 
ttag +40 ////; 
ttag +41 ////; 
ttag +42 ////; 
ttag +43 ////; 
ttag +44 ////; 
ttag +45 ////; 
ttag +46 ////; 
ttag +47 ////; 
ttag +48 ////; 
ttag +49 100/100/100/100/100; 
ttag +50 99/98/97/98/98; 
ttag +51 94/92/91/97/87; 
ttag +52 91/85/79/89/75; 
ttag +53 90/89/83/90/83; 
ttag +54 28/4/0/?/0; 
ttag +55 52/34/21/45/24; 
ttag +56 56/38/22/44/28; 
ttag +57 98/98/96/97/98; 
ttag +58 63/43/32/50/40; 
ttag +59 5/[65]/?/?/?; 
ttag +60 58/51/48/60/49; 
ttag +61 82/78/75/82/70; 
ttag +62 22/[3]/?/?/?; 
ttag +63 29/4/?/8/?; 
ttag +64 29/4/1/9/?; 
ttag +65 53/45/35/48/30; 
ttag +66 33/8/11/19/6; 
ttag +67 57/32/30/45/34; 
ttag +68 80/77/74/81/67; 
ttag +69 100/100/100/100/100; 
ttag +70 94/92/82/91/83; 
ttag +71 98/98/99/99/98; 
ttag +72 41/19/0/15/4; 
ttag +73 96/95/86/96/89; 
ttag +74 44/22/10/27/18; 
ttag +75 37/15/2/26/7; 
ttag +76 22/5/?/10/6; 
ttag +77 31/10/?/9/5; 
ttag +78 82/77/72/79/77; 
ttag +79 87/82/77/80/78; 
ttag +80 60/42/20/40/27; 
ttag +81 98/97/92/96/96; 
ttag +82 28/20/11/21/17; 
ttag +83 76/59/56/64/55; 
ttag +84 96/95/93/98/95; 
ttag +85 88/84/85/93/86; 
ttag +86 88/82/65/79/64; 
ttag +87 100/100/100/100/99; 
ttag +88 95/94/87/95/92; 
ttag +89 46/38/24/42/34; 
ttag +90 58/38/38/44/30; 
ttag +91 97/97/94/97/92; 
ttag +92 10/[6]/?/?/?; 
ttag +93 29/16/10/25/21; 
ttag +94 65/61/48/62/54; 
