tread
'Tree with tags' 
(0 ((1 (2 3 ))((7 (6 (((4 5 )(12 13 ))(11 ((14 (21 ((22 (23 (24 25 )))(26 (27 (28 (((29 (30 31 ))((41 (40 (42 43 )))(46 (44 45 47 ))))(33 (34 (32 (35 (36 (37 (38 39 ))))))))))))))((15 (16 17 ))(18 (19 20 ))))))))(8 (9 10 ))))); 
ttag *!; 
ttag +49 2; 
ttag +50 ???; 
ttag +51 5; 
ttag +52 2; 
ttag +53 1; 
ttag +54 1; 
ttag +55 1; 
ttag +56 2; 
ttag +57 9; 
ttag +58 5; 
ttag +59 3; 
ttag +60 1; 
ttag +61 1; 
ttag +62 3; 
ttag +63 3; 
ttag +64 7; 
ttag +65 3; 
ttag +66 3; 
ttag +67 5; 
ttag +68 5; 
ttag +69 2; 
ttag +70 4; 
ttag +71 5; 
ttag +72 3; 
ttag +73 11; 
ttag +74 2; 
ttag +75 4; 
ttag +76 6; 
ttag +77 4; 
ttag +78 2; 
ttag +79 2; 
ttag +80 6; 
ttag +81 4; 
ttag +82 2; 
ttag +83 5; 
ttag +84 5; 
ttag +85 10; 
ttag +86 7; 
ttag +87 1; 
ttag +88 1; 
ttag +89 2; 
ttag +90 6; 
ttag +91 9; 
ttag +92 3; 
ttag +93 3; 
tread
'Tree with tags' 
(0 ((1 (2 3 ))((7 (6 (((4 5 )(12 13 ))(11 ((14 (21 ((22 (23 (24 25 )))(26 (27 (28 (((29 (30 31 ))((41 (40 (42 43 )))(46 (44 (45 47 )))))(33 (34 (32 (35 (36 (37 (38 39 ))))))))))))))((15 (16 17 ))(18 (19 20 ))))))))(8 (9 10 ))))); 
ttag *!; 
ttag +0 ////; 
ttag +1 ////; 
ttag +2 ////; 
ttag +3 ////; 
ttag +4 ////; 
ttag +5 ////; 
ttag +6 ////; 
ttag +7 ////; 
ttag +8 ////; 
ttag +9 ////; 
ttag +10 ////; 
ttag +11 ////; 
ttag +12 ////; 
ttag +13 ////; 
ttag +14 ////; 
ttag +15 ////; 
ttag +16 ////; 
ttag +17 ////; 
ttag +18 ////; 
ttag +19 ////; 
ttag +20 ////; 
ttag +21 ////; 
ttag +22 ////; 
ttag +23 ////; 
ttag +24 ////; 
ttag +25 ////; 
ttag +26 ////; 
ttag +27 ////; 
ttag +28 ////; 
ttag +29 ////; 
ttag +30 ////; 
ttag +31 ////; 
ttag +32 ////; 
ttag +33 ////; 
ttag +34 ////; 
ttag +35 ////; 
ttag +36 ////; 
ttag +37 ////; 
ttag +38 ////; 
ttag +39 ////; 
ttag +40 ////; 
ttag +41 ////; 
ttag +42 ////; 
ttag +43 ////; 
ttag +44 ////; 
ttag +45 ////; 
ttag +46 ////; 
ttag +47 ////; 
ttag +48 ////; 
ttag +49 60/44/26/44/26; 
ttag +50 100/100/100/100/100; 
ttag +51 95/94/91/91/89; 
ttag +52 46/24/16/28/23; 
ttag +53 5/[24]/?/?/?; 
ttag +54 7/[14]/?/?/?; 
ttag +55 18/[4]/?/?/?; 
ttag +56 33/11/?/14/3; 
ttag +57 99/99/96/100/96; 
ttag +58 98/97/92/97/90; 
ttag +59 94/93/82/92/81; 
ttag +60 14/[15]/?/0/?; 
ttag +61 40/28/19/36/22; 
ttag +62 59/51/33/49/21; 
ttag +63 53/42/31/44/31; 
ttag +64 99/98/97/100/95; 
ttag +65 58/41/30/41/22; 
ttag +66 70/56/53/63/50; 
ttag +67 96/95/88/97/92; 
ttag +68 98/98/96/97/98; 
ttag +69 54/46/29/41/17; 
ttag +70 83/77/56/78/58; 
ttag +71 82/79/62/82/64; 
ttag +72 83/76/66/73/62; 
ttag +73 99/99/99/100/100; 
ttag +74 56/38/26/40/20; 
ttag +75 62/44/29/42/24; 
ttag +76 76/67/52/65/54; 
ttag +77 73/66/53/71/48; 
ttag +78 43/29/1/30/8; 
ttag +79 65/56/54/70/55; 
ttag +80 96/95/92/98/95; 
ttag +81 76/70/63/80/63; 
ttag +82 50/39/20/45/22; 
ttag +83 77/76/64/80/63; 
ttag +84 94/90/78/92/80; 
ttag +85 100/100/98/100/99; 
ttag +86 99/98/96/99/95; 
ttag +87 51/18/16/20/21; 
ttag +88 26/8/4/20/5; 
ttag +89 50/35/33/41/26; 
ttag +90 72/65/45/72/51; 
ttag +91 99/99/96/99/96; 
ttag +92 73/62/48/63/46; 
ttag +93 73/58/52/75/54; 
ttag +94 27/[2]/?/?/?; 
