tread
'Tree with tags' 
(0 (1 ((2 3 )(4 (5 ((6 (7 (8 (9 10 ))))(((11 (14 ((16 (15 17 ))(18 (19 20 )))))(21 ((22 (23 (24 25 )))(26 (27 (28 ((29 (30 31 ))((33 (34 (32 (35 (36 (37 (38 39 )))))))((40 41 )(42 43 )))(47 (44 (45 46 ))))))))))(12 13 )))))))); 
ttag *!; 
ttag +49 ???; 
ttag +50 3; 
ttag +51 6; 
ttag +52 2; 
ttag +53 2; 
ttag +54 4; 
ttag +55 1; 
ttag +56 1; 
ttag +57 11; 
ttag +58 1; 
ttag +59 1; 
ttag +60 2; 
ttag +61 3; 
ttag +62 1; 
ttag +63 2; 
ttag +64 1; 
ttag +65 8; 
ttag +66 1; 
ttag +67 6; 
ttag +68 8; 
ttag +69 2; 
ttag +70 3; 
ttag +71 6; 
ttag +72 2; 
ttag +73 5; 
ttag +74 4; 
ttag +75 2; 
ttag +76 1; 
ttag +77 4; 
ttag +78 4; 
ttag +79 2; 
ttag +80 2; 
ttag +81 2; 
ttag +82 5; 
ttag +83 2; 
ttag +84 3; 
ttag +85 9; 
ttag +86 5; 
ttag +87 1; 
ttag +88 1; 
ttag +89 5; 
ttag +90 11; 
ttag +91 2; 
ttag +92 1; 
ttag +93 1; 
tread
'Tree with tags' 
(0 (1 ((2 3 )(4 (5 ((6 (7 (8 (9 10 ))))(((11 (14 ((16 (15 17 ))(18 (19 20 )))))(21 ((22 (23 (24 25 )))(26 (27 (28 ((29 (30 31 ))(((33 (34 (32 (35 (36 (37 (38 39 )))))))((40 41 )(42 43 )))(47 (44 (45 46 )))))))))))(12 13 )))))))); 
ttag *!; 
ttag +0 ////; 
ttag +1 ////; 
ttag +2 ////; 
ttag +3 ////; 
ttag +4 ////; 
ttag +5 ////; 
ttag +6 ////; 
ttag +7 ////; 
ttag +8 ////; 
ttag +9 ////; 
ttag +10 ////; 
ttag +11 ////; 
ttag +12 ////; 
ttag +13 ////; 
ttag +14 ////; 
ttag +15 ////; 
ttag +16 ////; 
ttag +17 ////; 
ttag +18 ////; 
ttag +19 ////; 
ttag +20 ////; 
ttag +21 ////; 
ttag +22 ////; 
ttag +23 ////; 
ttag +24 ////; 
ttag +25 ////; 
ttag +26 ////; 
ttag +27 ////; 
ttag +28 ////; 
ttag +29 ////; 
ttag +30 ////; 
ttag +31 ////; 
ttag +32 ////; 
ttag +33 ////; 
ttag +34 ////; 
ttag +35 ////; 
ttag +36 ////; 
ttag +37 ////; 
ttag +38 ////; 
ttag +39 ////; 
ttag +40 ////; 
ttag +41 ////; 
ttag +42 ////; 
ttag +43 ////; 
ttag +44 ////; 
ttag +45 ////; 
ttag +46 ////; 
ttag +47 ////; 
ttag +48 ////; 
ttag +49 100/100/100/100/100; 
ttag +50 91/90/76/83/84; 
ttag +51 94/93/84/94/83; 
ttag +52 58/48/28/50/33; 
ttag +53 46/40/26/45/24; 
ttag +54 64/60/57/66/56; 
ttag +55 27/13/14/15/14; 
ttag +56 42/30/28/37/31; 
ttag +57 99/99/99/100/99; 
ttag +58 52/24/26/32/37; 
ttag +59 24/16/5/12/0; 
ttag +60 23/14/?/14/?; 
ttag +61 62/55/34/55/27; 
ttag +62 30/21/4/18/16; 
ttag +63 45/31/20/32/18; 
ttag +64 47/14/6/15/19; 
ttag +65 100/100/99/100/100; 
ttag +66 52/31/32/34/37; 
ttag +67 99/99/97/99/96; 
ttag +68 100/100/100/100/100; 
ttag +69 40/25/6/28/10; 
ttag +70 77/70/58/69/61; 
ttag +71 87/84/79/91/76; 
ttag +72 57/41/27/34/30; 
ttag +73 81/77/51/78/67; 
ttag +74 82/80/64/77/64; 
ttag +75 68/62/49/62/39; 
ttag +76 48/32/18/26/17; 
ttag +77 82/75/68/81/66; 
ttag +78 62/57/44/63/44; 
ttag +79 78/66/60/75/63; 
ttag +80 36/0/?/7/?; 
ttag +81 38/2/?/7/?; 
ttag +82 86/83/75/86/68; 
ttag +83 42/14/3/15/5; 
ttag +84 16/0/?/?/?; 
ttag +85 60/46/47/58/49; 
ttag +86 99/98/95/98/95; 
ttag +87 94/93/82/96/84; 
ttag +88 51/35/28/32/25; 
ttag +89 67/55/44/55/47; 
ttag +90 95/94/93/92/87; 
ttag +91 100/100/100/100/100; 
ttag +92 54/46/26/44/40; 
ttag +93 78/76/68/72/70; 
ttag +94 49/41/19/45/33; 
