tread
'Tree with tags' 
(0 (1 ((2 3 )(4 (5 (((6 7 )(8 (9 10 )))((11 (14 (15 16 17 )(18 (19 20 ))(21 ((22 (23 (24 25 )))(26 (27 ((28 (((29 (30 31 ))(32 ((33 34 )(35 (36 (37 (38 39 )))))))((44 45 )(46 47 ))))((40 41 )(42 43 )))))))))(12 13 )))))))); 
ttag *!; 
ttag +49 ???; 
ttag +50 4; 
ttag +51 4; 
ttag +52 7; 
ttag +53 1; 
ttag +54 1; 
ttag +55 3; 
ttag +56 1; 
ttag +57 8; 
ttag +58 1; 
ttag +59 1; 
ttag +60 1; 
ttag +61 1; 
ttag +62 1; 
ttag +63 7; 
ttag +64 7; 
ttag +65 8; 
ttag +66 3; 
ttag +67 2; 
ttag +68 3; 
ttag +69 3; 
ttag +70 7; 
ttag +71 3; 
ttag +72 1; 
ttag +73 1; 
ttag +74 1; 
ttag +75 5; 
ttag +76 1; 
ttag +77 2; 
ttag +78 5; 
ttag +79 7; 
ttag +80 2; 
ttag +81 2; 
ttag +82 4; 
ttag +83 4; 
ttag +84 7; 
ttag +85 2; 
ttag +86 1; 
ttag +87 5; 
ttag +88 8; 
ttag +89 1; 
ttag +90 3; 
ttag +91 1; 
tread
'Tree with tags' 
(0 (1 ((2 3 )(4 (5 (((6 7 )(8 (9 10 )))((11 ((14 (18 (19 20 )))((15 (16 17 ))(21 ((22 (23 (24 25 )))(26 (27 ((28 (((29 (30 31 ))(32 ((33 34 )(35 (36 (37 (38 39 )))))))((44 45 )(46 47 ))))((40 41 )(42 43 ))))))))))(12 13 )))))))); 
ttag *!; 
ttag +0 ////; 
ttag +1 ////; 
ttag +2 ////; 
ttag +3 ////; 
ttag +4 ////; 
ttag +5 ////; 
ttag +6 ////; 
ttag +7 ////; 
ttag +8 ////; 
ttag +9 ////; 
ttag +10 ////; 
ttag +11 ////; 
ttag +12 ////; 
ttag +13 ////; 
ttag +14 ////; 
ttag +15 ////; 
ttag +16 ////; 
ttag +17 ////; 
ttag +18 ////; 
ttag +19 ////; 
ttag +20 ////; 
ttag +21 ////; 
ttag +22 ////; 
ttag +23 ////; 
ttag +24 ////; 
ttag +25 ////; 
ttag +26 ////; 
ttag +27 ////; 
ttag +28 ////; 
ttag +29 ////; 
ttag +30 ////; 
ttag +31 ////; 
ttag +32 ////; 
ttag +33 ////; 
ttag +34 ////; 
ttag +35 ////; 
ttag +36 ////; 
ttag +37 ////; 
ttag +38 ////; 
ttag +39 ////; 
ttag +40 ////; 
ttag +41 ////; 
ttag +42 ////; 
ttag +43 ////; 
ttag +44 ////; 
ttag +45 ////; 
ttag +46 ////; 
ttag +47 ////; 
ttag +48 ////; 
ttag +49 100/100/100/100/100; 
ttag +50 93/92/90/96/86; 
ttag +51 88/83/85/90/82; 
ttag +52 97/96/88/96/85; 
ttag +53 13/[22]/?/?/?; 
ttag +54 48/30/17/27/25; 
ttag +55 70/58/59/63/52; 
ttag +56 10/[12]/?/?/?; 
ttag +57 99/98/100/99/98; 
ttag +58 69/56/48/58/48; 
ttag +59 38/28/18/35/23; 
ttag +60 39/24/7/23/12; 
ttag +61 38/18/15/20/20; 
ttag +62 10/[2]/5/?/8; 
ttag +63 24/18/18/19/15; 
ttag +64 90/89/78/93/79; 
ttag +65 7/[5]/2/?/?; 
ttag +66 52/26/8/14/17; 
ttag +67 99/99/98/100/98; 
ttag +68 100/100/97/100/98; 
ttag +69 44/33/27/48/32; 
ttag +70 72/65/43/62/53; 
ttag +71 55/37/29/54/32; 
ttag +72 88/82/81/89/77; 
ttag +73 96/95/92/96/90; 
ttag +74 68/64/52/68/56; 
ttag +75 31/19/?/23/6; 
ttag +76 19/[8]/?/2/?; 
ttag +77 23/11/1/14/5; 
ttag +78 81/78/70/84/71; 
ttag +79 21/[22]/?/?/?; 
ttag +80 38/10/8/20/8; 
ttag +81 93/92/78/93/90; 
ttag +82 91/88/84/88/76; 
ttag +83 43/18/20/32/14; 
ttag +84 66/54/46/59/41; 
ttag +85 91/90/82/88/74; 
ttag +86 93/91/85/91/80; 
ttag +87 96/96/92/97/84; 
ttag +88 83/80/76/85/64; 
ttag +89 42/[6]/?/?/?; 
ttag +90 93/91/81/90/80; 
ttag +91 100/100/99/100/99; 
ttag +92 47/39/34/48/48; 
ttag +93 63/41/30/37/32; 
ttag +94 30/8/1/9/8; 
