tread
'Tree with tags' 
(0 (1 ((2 3 )(4 (5 ((7 (6 (8 (9 10 ))))(11 (12 13 )((21 (14 ((17 (15 16 ))(18 (19 20 )))))((22 (23 (24 25 )))(26 (27 (28 ((29 (30 31 ))(((33 (32 34 35 (36 (37 (38 39 )))))(40 41 (42 43 )))(47 (44 (45 46 ))))))))))))))))); 
ttag *!; 
ttag +49 ???; 
ttag +50 3; 
ttag +51 2; 
ttag +52 8; 
ttag +53 2; 
ttag +54 1; 
ttag +55 1; 
ttag +56 1; 
ttag +57 11; 
ttag +58 2; 
ttag +59 1; 
ttag +60 1; 
ttag +61 1; 
ttag +62 1; 
ttag +63 1; 
ttag +64 1; 
ttag +65 8; 
ttag +66 2; 
ttag +67 2; 
ttag +68 4; 
ttag +69 3; 
ttag +70 2; 
ttag +71 4; 
ttag +72 8; 
ttag +73 7; 
ttag +74 4; 
ttag +75 3; 
ttag +76 4; 
ttag +77 2; 
ttag +78 2; 
ttag +79 1; 
ttag +80 4; 
ttag +81 2; 
ttag +82 1; 
ttag +83 8; 
ttag +84 5; 
ttag +85 2; 
ttag +86 3; 
ttag +87 15; 
ttag +88 2; 
ttag +89 4; 
ttag +90 1; 
tread
'Tree with tags' 
(0 (1 ((2 3 )(4 (5 ((7 (6 (8 (9 10 ))))((11 (12 13 ))((21 (14 ((17 (15 16 ))(18 (19 20 )))))((22 (23 (24 25 )))(26 (27 (28 ((29 (30 31 ))(((33 (32 (34 (35 (36 (37 (38 39 )))))))((40 41 )(42 43 )))(47 (44 (45 46 ))))))))))))))))); 
ttag *!; 
ttag +0 ////; 
ttag +1 ////; 
ttag +2 ////; 
ttag +3 ////; 
ttag +4 ////; 
ttag +5 ////; 
ttag +6 ////; 
ttag +7 ////; 
ttag +8 ////; 
ttag +9 ////; 
ttag +10 ////; 
ttag +11 ////; 
ttag +12 ////; 
ttag +13 ////; 
ttag +14 ////; 
ttag +15 ////; 
ttag +16 ////; 
ttag +17 ////; 
ttag +18 ////; 
ttag +19 ////; 
ttag +20 ////; 
ttag +21 ////; 
ttag +22 ////; 
ttag +23 ////; 
ttag +24 ////; 
ttag +25 ////; 
ttag +26 ////; 
ttag +27 ////; 
ttag +28 ////; 
ttag +29 ////; 
ttag +30 ////; 
ttag +31 ////; 
ttag +32 ////; 
ttag +33 ////; 
ttag +34 ////; 
ttag +35 ////; 
ttag +36 ////; 
ttag +37 ////; 
ttag +38 ////; 
ttag +39 ////; 
ttag +40 ////; 
ttag +41 ////; 
ttag +42 ////; 
ttag +43 ////; 
ttag +44 ////; 
ttag +45 ////; 
ttag +46 ////; 
ttag +47 ////; 
ttag +48 ////; 
ttag +49 100/100/100/100/100; 
ttag +50 76/65/57/66/52; 
ttag +51 83/78/67/74/74; 
ttag +52 97/97/88/96/92; 
ttag +53 54/45/27/43/31; 
ttag +54 22/[16]/?/?/?; 
ttag +55 30/7/5/3/?; 
ttag +56 29/21/12/20/18; 
ttag +57 100/100/98/98/100; 
ttag +58 72/62/56/61/59; 
ttag +59 10/[8]/?/?/?; 
ttag +60 17/[2]/?/?/?; 
ttag +61 26/6/?/?/?; 
ttag +62 35/24/18/31/16; 
ttag +63 15/5/1/7/?; 
ttag +64 34/26/14/26/16; 
ttag +65 62/48/43/51/44; 
ttag +66 100/100/98/99/98; 
ttag +67 58/51/45/58/44; 
ttag +68 70/55/47/59/43; 
ttag +69 96/96/93/96/93; 
ttag +70 72/62/48/72/61; 
ttag +71 53/46/34/51/29; 
ttag +72 97/97/94/96/96; 
ttag +73 99/98/96/99/94; 
ttag +74 99/98/94/99/94; 
ttag +75 61/38/32/52/29; 
ttag +76 61/42/35/52/35; 
ttag +77 86/81/79/84/83; 
ttag +78 63/50/42/53/37; 
ttag +79 71/58/44/58/42; 
ttag +80 73/67/54/71/54; 
ttag +81 92/90/68/88/70; 
ttag +82 46/17/?/22/?; 
ttag +83 56/44/30/42/36; 
ttag +84 20/[15]/?/?/?; 
ttag +85 59/51/40/46/47; 
ttag +86 99/99/98/100/98; 
ttag +87 99/99/92/98/94; 
ttag +88 78/76/59/70/55; 
ttag +89 44/15/18/17/16; 
ttag +90 88/84/67/84/65; 
ttag +91 100/100/100/100/100; 
ttag +92 41/18/2/23/8; 
ttag +93 82/76/70/83/75; 
ttag +94 34/22/11/23/17; 
