tread
'Tree with tags' 
(0 (1 ((11 (2 3 ))(4 (5 6 7 12 (8 (9 10 ))((13 (18 (19 20 )))((14 (15 (16 17 )))(21 ((22 (23 (24 25 )))(26 (27 (((28 (44 45 46 47 ))((29 (30 31 ))(32 ((33 34 )(35 (36 (37 38 39 )))))))(40 (41 (42 43 ))))))))))))))); 
ttag *!; 
ttag +49 ???; 
ttag +50 5; 
ttag +51 1; 
ttag +52 4; 
ttag +53 1; 
ttag +54 2; 
ttag +55 9; 
ttag +56 3; 
ttag +57 1; 
ttag +58 2; 
ttag +59 2; 
ttag +60 1; 
ttag +61 8; 
ttag +62 3; 
ttag +63 3; 
ttag +64 7; 
ttag +65 2; 
ttag +66 4; 
ttag +67 4; 
ttag +68 4; 
ttag +69 6; 
ttag +70 4; 
ttag +71 3; 
ttag +72 1; 
ttag +73 1; 
ttag +74 1; 
ttag +75 7; 
ttag +76 1; 
ttag +77 3; 
ttag +78 10; 
ttag +79 5; 
ttag +80 3; 
ttag +81 2; 
ttag +82 6; 
ttag +83 5; 
ttag +84 9; 
ttag +85 6; 
ttag +86 2; 
ttag +87 3; 
tread
'Tree with tags' 
(0 (1 ((11 (2 3 ))(4 ((12 (7 (5 ((13 (18 (19 20 )))((14 (15 (16 17 )))(21 ((22 (23 (24 25 )))(26 (27 (((28 (45 (47 (44 46 ))))((29 (30 31 ))(32 ((33 34 )(35 (36 (37 (38 39 ))))))))(40 (41 (42 43 )))))))))))))(6 (8 (9 10 )))))))); 
ttag *!; 
ttag +0 ////; 
ttag +1 ////; 
ttag +2 ////; 
ttag +3 ////; 
ttag +4 ////; 
ttag +5 ////; 
ttag +6 ////; 
ttag +7 ////; 
ttag +8 ////; 
ttag +9 ////; 
ttag +10 ////; 
ttag +11 ////; 
ttag +12 ////; 
ttag +13 ////; 
ttag +14 ////; 
ttag +15 ////; 
ttag +16 ////; 
ttag +17 ////; 
ttag +18 ////; 
ttag +19 ////; 
ttag +20 ////; 
ttag +21 ////; 
ttag +22 ////; 
ttag +23 ////; 
ttag +24 ////; 
ttag +25 ////; 
ttag +26 ////; 
ttag +27 ////; 
ttag +28 ////; 
ttag +29 ////; 
ttag +30 ////; 
ttag +31 ////; 
ttag +32 ////; 
ttag +33 ////; 
ttag +34 ////; 
ttag +35 ////; 
ttag +36 ////; 
ttag +37 ////; 
ttag +38 ////; 
ttag +39 ////; 
ttag +40 ////; 
ttag +41 ////; 
ttag +42 ////; 
ttag +43 ////; 
ttag +44 ////; 
ttag +45 ////; 
ttag +46 ////; 
ttag +47 ////; 
ttag +48 ////; 
ttag +49 100/100/100/100/100; 
ttag +50 97/96/92/95/93; 
ttag +51 32/[4]/?/5/1; 
ttag +52 84/81/72/82/70; 
ttag +53 33/12/0/14/6; 
ttag +54 21/14/8/21/2; 
ttag +55 6/[36]/?/?/?; 
ttag +56 2/[40]/?/?/?; 
ttag +57 42/36/28/42/18; 
ttag +58 6/[36]/?/?/?; 
ttag +59 99/98/95/100/96; 
ttag +60 93/90/88/94/80; 
ttag +61 32/20/10/23/16; 
ttag +62 40/33/25/38/14; 
ttag +63 70/64/44/59/49; 
ttag +64 19/8/?/11/1; 
ttag +65 99/98/91/99/95; 
ttag +66 90/86/64/85/70; 
ttag +67 96/96/90/93/85; 
ttag +68 100/100/100/99/100; 
ttag +69 28/8/?/19/3; 
ttag +70 61/42/18/46/25; 
ttag +71 84/82/62/81/64; 
ttag +72 88/81/84/90/86; 
ttag +73 98/98/97/98/95; 
ttag +74 75/68/64/66/60; 
ttag +75 32/[2]/?/12/?; 
ttag +76 15/[8]/?/?/?; 
ttag +77 21/2/6/?/?; 
ttag +78 30/16/8/22/15; 
ttag +79 98/98/97/98/98; 
ttag +80 25/2/?/2/?; 
ttag +81 77/62/31/60/50; 
ttag +82 97/97/92/96/88; 
ttag +83 73/64/59/74/62; 
ttag +84 41/26/13/21/11; 
ttag +85 61/53/32/44/42; 
ttag +86 90/88/80/85/85; 
ttag +87 98/97/94/98/96; 
ttag +88 25/[16]/?/?/?; 
ttag +89 100/100/98/100/98; 
ttag +90 90/85/75/92/82; 
ttag +91 85/78/66/80/71; 
ttag +92 18/5/15/14/10; 
ttag +93 22/11/?/3/6; 
ttag +94 63/52/52/63/57; 
