tread
'Tree with tags' 
(0 (1 (3 (2 (4 ((5 11 12 13 (21 (14 ((22 (23 (24 25 )))(26 27 28 ((29 30 31 )(((32 (33 34 ))(35 (36 (37 (38 39 )))))((40 (41 (42 43 )))(44 45 (46 47 )))))))))((15 (16 17 ))(18 (19 20 ))))(6 (7 (8 (9 10 )))))))))); 
ttag *!; 
ttag +49 ???; 
ttag +50 1; 
ttag +51 7; 
ttag +52 8; 
ttag +53 2; 
ttag +54 3; 
ttag +55 1; 
ttag +56 1; 
ttag +57 9; 
ttag +58 1; 
ttag +59 1; 
ttag +60 1; 
ttag +61 9; 
ttag +62 1; 
ttag +63 3; 
ttag +64 6; 
ttag +65 14; 
ttag +66 3; 
ttag +67 8; 
ttag +68 4; 
ttag +69 5; 
ttag +70 6; 
ttag +71 5; 
ttag +72 2; 
ttag +73 2; 
ttag +74 2; 
ttag +75 2; 
ttag +76 4; 
ttag +77 2; 
ttag +78 1; 
ttag +79 4; 
ttag +80 3; 
ttag +81 4; 
ttag +82 1; 
ttag +83 3; 
ttag +84 8; 
ttag +85 3; 
ttag +86 1; 
tread
'Tree with tags' 
(0 (1 (3 (2 (4 ((12 (5 (11 (13 ((21 (14 ((22 (23 (24 25 )))((28 (26 27 ))((29 (30 31 ))(((32 (33 34 ))(35 (36 (37 (38 39 )))))((40 (41 (42 43 )))(44 (45 (46 47 ))))))))))((15 (16 17 ))(18 (19 20 ))))))))(6 (7 (8 (9 10 )))))))))); 
ttag *!; 
ttag +0 ////; 
ttag +1 ////; 
ttag +2 ////; 
ttag +3 ////; 
ttag +4 ////; 
ttag +5 ////; 
ttag +6 ////; 
ttag +7 ////; 
ttag +8 ////; 
ttag +9 ////; 
ttag +10 ////; 
ttag +11 ////; 
ttag +12 ////; 
ttag +13 ////; 
ttag +14 ////; 
ttag +15 ////; 
ttag +16 ////; 
ttag +17 ////; 
ttag +18 ////; 
ttag +19 ////; 
ttag +20 ////; 
ttag +21 ////; 
ttag +22 ////; 
ttag +23 ////; 
ttag +24 ////; 
ttag +25 ////; 
ttag +26 ////; 
ttag +27 ////; 
ttag +28 ////; 
ttag +29 ////; 
ttag +30 ////; 
ttag +31 ////; 
ttag +32 ////; 
ttag +33 ////; 
ttag +34 ////; 
ttag +35 ////; 
ttag +36 ////; 
ttag +37 ////; 
ttag +38 ////; 
ttag +39 ////; 
ttag +40 ////; 
ttag +41 ////; 
ttag +42 ////; 
ttag +43 ////; 
ttag +44 ////; 
ttag +45 ////; 
ttag +46 ////; 
ttag +47 ////; 
ttag +48 ////; 
ttag +49 100/100/100/100/100; 
ttag +50 37/14/8/21/9; 
ttag +51 91/89/80/86/82; 
ttag +52 88/82/81/87/84; 
ttag +53 4/[49]/?/?/?; 
ttag +54 46/39/29/44/34; 
ttag +55 60/52/39/62/51; 
ttag +56 44/35/32/44/32; 
ttag +57 21/[29]/?/?/?; 
ttag +58 94/90/91/96/91; 
ttag +59 48/26/18/29/9; 
ttag +60 14/[3]/0/8/5; 
ttag +61 4/[13]/?/?/?; 
ttag +62 56/49/32/47/39; 
ttag +63 36/30/19/31/26; 
ttag +64 11/[6]/?/?/?; 
ttag +65 100/100/100/100/99; 
ttag +66 37/22/25/35/20; 
ttag +67 88/83/74/89/80; 
ttag +68 97/96/95/98/97; 
ttag +69 100/100/100/100/100; 
ttag +70 88/82/72/84/70; 
ttag +71 97/96/85/96/88; 
ttag +72 89/86/77/92/81; 
ttag +73 100/100/97/98/97; 
ttag +74 24/[27]/?/?/?; 
ttag +75 14/[43]/?/?/?; 
ttag +76 96/96/87/96/90; 
ttag +77 92/89/87/94/82; 
ttag +78 69/64/55/56/57; 
ttag +79 41/4/2/5/22; 
ttag +80 36/26/24/30/12; 
ttag +81 66/61/60/70/60; 
ttag +82 62/48/44/52/39; 
ttag +83 86/84/77/83/79; 
ttag +84 33/23/20/30/14; 
ttag +85 28/11/22/18/15; 
ttag +86 55/38/47/55/41; 
ttag +87 51/24/22/32/17; 
ttag +88 89/87/79/89/78; 
ttag +89 38/15/26/25/16; 
ttag +90 89/87/70/83/68; 
ttag +91 99/98/98/99/97; 
ttag +92 90/88/77/87/84; 
ttag +93 21/[19]/?/?/?; 
ttag +94 46/22/12/18/12; 
