tread
'Tree with tags' 
(0 (1 ((2 3 )(4 5 (6 11 12 13 14 (7 (8 (9 10 )))(15 (16 17 ))(18 (19 20 ))(21 ((22 (23 (24 25 )))((26 27 )(((28 ((40 (41 (42 43 )))(44 (45 46 47 ))))(29 (30 31 )))((32 (35 (36 (37 38 39 ))))(33 34 ))))))))))); 
ttag *!; 
ttag +49 ???; 
ttag +50 4; 
ttag +51 4; 
ttag +52 5; 
ttag +53 1; 
ttag +54 1; 
ttag +55 5; 
ttag +56 3; 
ttag +57 7; 
ttag +58 2; 
ttag +59 5; 
ttag +60 4; 
ttag +61 2; 
ttag +62 7; 
ttag +63 1; 
ttag +64 7; 
ttag +65 7; 
ttag +66 2; 
ttag +67 5; 
ttag +68 1; 
ttag +69 1; 
ttag +70 2; 
ttag +71 1; 
ttag +72 6; 
ttag +73 1; 
ttag +74 6; 
ttag +75 4; 
ttag +76 1; 
ttag +77 2; 
ttag +78 4; 
ttag +79 3; 
ttag +80 1; 
ttag +81 3; 
ttag +82 4; 
ttag +83 4; 
ttag +84 1; 
tread
'Tree with tags' 
(0 (1 ((2 3 )(4 (5 (12 (((6 (7 (8 (9 10 ))))(11 (15 (16 17 ))))(14 ((13 (18 (19 20 )))(21 ((22 (23 (24 25 )))((26 27 )(((28 ((40 (41 (42 43 )))(44 (47 (45 46 )))))(29 (30 31 )))((32 (35 (36 (37 (38 39 )))))(33 34 ))))))))))))))); 
ttag *!; 
ttag +0 ////; 
ttag +1 ////; 
ttag +2 ////; 
ttag +3 ////; 
ttag +4 ////; 
ttag +5 ////; 
ttag +6 ////; 
ttag +7 ////; 
ttag +8 ////; 
ttag +9 ////; 
ttag +10 ////; 
ttag +11 ////; 
ttag +12 ////; 
ttag +13 ////; 
ttag +14 ////; 
ttag +15 ////; 
ttag +16 ////; 
ttag +17 ////; 
ttag +18 ////; 
ttag +19 ////; 
ttag +20 ////; 
ttag +21 ////; 
ttag +22 ////; 
ttag +23 ////; 
ttag +24 ////; 
ttag +25 ////; 
ttag +26 ////; 
ttag +27 ////; 
ttag +28 ////; 
ttag +29 ////; 
ttag +30 ////; 
ttag +31 ////; 
ttag +32 ////; 
ttag +33 ////; 
ttag +34 ////; 
ttag +35 ////; 
ttag +36 ////; 
ttag +37 ////; 
ttag +38 ////; 
ttag +39 ////; 
ttag +40 ////; 
ttag +41 ////; 
ttag +42 ////; 
ttag +43 ////; 
ttag +44 ////; 
ttag +45 ////; 
ttag +46 ////; 
ttag +47 ////; 
ttag +48 ////; 
ttag +49 100/100/100/100/100; 
ttag +50 91/87/81/92/87; 
ttag +51 97/96/88/97/93; 
ttag +52 90/87/73/86/77; 
ttag +53 14/[40]/?/?/?; 
ttag +54 23/8/1/11/1; 
ttag +55 9/[16]/?/?/?; 
ttag +56 4/[16]/?/?/?; 
ttag +57 68/64/55/74/60; 
ttag +58 52/41/43/43/44; 
ttag +59 96/96/91/94/93; 
ttag +60 89/86/71/83/74; 
ttag +61 30/4/6/14/5; 
ttag +62 18/[7]/?/?/?; 
ttag +63 9/[16]/?/?/?; 
ttag +64 6/[19]/?/?/?; 
ttag +65 100/100/99/100/99; 
ttag +66 73/61/46/56/50; 
ttag +67 94/93/93/96/90; 
ttag +68 99/99/97/99/99; 
ttag +69 62/54/39/66/41; 
ttag +70 98/97/94/98/92; 
ttag +71 58/44/37/61/31; 
ttag +72 99/98/96/99/96; 
ttag +73 99/99/96/100/95; 
ttag +74 58/49/38/50/45; 
ttag +75 95/94/93/97/93; 
ttag +76 14/[6]/?/4/?; 
ttag +77 10/[10]/?/?/?; 
ttag +78 56/34/26/46/22; 
ttag +79 67/63/58/68/55; 
ttag +80 95/94/95/97/91; 
ttag +81 25/2/?/?/?; 
ttag +82 91/89/83/92/80; 
ttag +83 88/85/72/86/74; 
ttag +84 37/24/10/22/8; 
ttag +85 66/60/46/63/47; 
ttag +86 82/78/68/76/58; 
ttag +87 19/[8]/?/?/?; 
ttag +88 75/71/58/79/67; 
ttag +89 26/5/?/23/?; 
ttag +90 71/64/48/72/50; 
ttag +91 94/93/84/92/83; 
ttag +92 90/89/83/93/80; 
ttag +93 28/5/?/11/0; 
ttag +94 33/14/9/22/14; 
