tread
'Tree with tags' 
(0 (1 ((2 3 )(4 (5 (((6 7 )(8 (9 10 )))(11 12 13 14 21 (15 16 17 )(18 (19 20 ))(22 (23 (24 25 )))((26 27 )(28 ((29 (30 31 ))(32 (33 34 )(35 (36 37 (38 39 ))))(40 41 (42 43 ))(46 47 (44 45 )))))))))))); 
ttag *!; 
ttag +49 ???; 
ttag +50 7; 
ttag +51 8; 
ttag +52 8; 
ttag +53 4; 
ttag +54 3; 
ttag +55 4; 
ttag +56 3; 
ttag +57 11; 
ttag +58 3; 
ttag +59 2; 
ttag +60 6; 
ttag +61 5; 
ttag +62 9; 
ttag +63 2; 
ttag +64 12; 
ttag +65 7; 
ttag +66 1; 
ttag +67 2; 
ttag +68 1; 
ttag +69 5; 
ttag +70 1; 
ttag +71 3; 
ttag +72 6; 
ttag +73 2; 
ttag +74 2; 
ttag +75 4; 
ttag +76 1; 
ttag +77 3; 
ttag +78 5; 
ttag +79 1; 
ttag +80 1; 
tread
'Tree with tags' 
(0 (1 ((2 3 )(4 (5 (((6 7 )(8 (9 10 )))(11 (14 (12 (21 (((13 (15 (16 17 )))((22 (23 (24 25 )))((26 27 )(28 ((29 (30 31 ))(((32 ((33 34 )(35 (36 (37 (38 39 ))))))(40 (41 (42 43 ))))((44 45 )(46 47 ))))))))(18 (19 20 ))))))))))))); 
ttag *!; 
ttag +0 ////; 
ttag +1 ////; 
ttag +2 ////; 
ttag +3 ////; 
ttag +4 ////; 
ttag +5 ////; 
ttag +6 ////; 
ttag +7 ////; 
ttag +8 ////; 
ttag +9 ////; 
ttag +10 ////; 
ttag +11 ////; 
ttag +12 ////; 
ttag +13 ////; 
ttag +14 ////; 
ttag +15 ////; 
ttag +16 ////; 
ttag +17 ////; 
ttag +18 ////; 
ttag +19 ////; 
ttag +20 ////; 
ttag +21 ////; 
ttag +22 ////; 
ttag +23 ////; 
ttag +24 ////; 
ttag +25 ////; 
ttag +26 ////; 
ttag +27 ////; 
ttag +28 ////; 
ttag +29 ////; 
ttag +30 ////; 
ttag +31 ////; 
ttag +32 ////; 
ttag +33 ////; 
ttag +34 ////; 
ttag +35 ////; 
ttag +36 ////; 
ttag +37 ////; 
ttag +38 ////; 
ttag +39 ////; 
ttag +40 ////; 
ttag +41 ////; 
ttag +42 ////; 
ttag +43 ////; 
ttag +44 ////; 
ttag +45 ////; 
ttag +46 ////; 
ttag +47 ////; 
ttag +48 ////; 
ttag +49 100/100/100/100/100; 
ttag +50 96/94/88/96/88; 
ttag +51 97/95/90/97/92; 
ttag +52 98/97/82/94/87; 
ttag +53 59/46/26/57/30; 
ttag +54 79/73/54/70/44; 
ttag +55 78/76/56/78/55; 
ttag +56 52/44/24/50/22; 
ttag +57 100/100/100/100/100; 
ttag +58 85/79/69/84/66; 
ttag +59 46/38/17/44/16; 
ttag +60 0/[24]/?/?/?; 
ttag +61 14/4/?/0/?; 
ttag +62 25/4/9/?/6; 
ttag +63 6/[5]/?/?/?; 
ttag +64 21/9/?/4/?; 
ttag +65 0/[24]/?/?/?; 
ttag +66 98/97/92/96/88; 
ttag +67 32/[6]/?/?/?; 
ttag +68 82/77/65/76/59; 
ttag +69 99/99/98/100/100; 
ttag +70 64/54/46/54/41; 
ttag +71 46/32/31/45/35; 
ttag +72 100/100/100/100/99; 
ttag +73 100/100/98/100/98; 
ttag +74 61/55/49/50/48; 
ttag +75 59/53/41/54/44; 
ttag +76 40/31/26/33/23; 
ttag +77 98/98/91/98/94; 
ttag +78 39/17/6/18/15; 
ttag +79 91/87/68/82/72; 
ttag +80 98/97/95/97/95; 
ttag +81 20/[6]/?/?/?; 
ttag +82 18/[8]/?/?/?; 
ttag +83 79/69/65/74/64; 
ttag +84 54/39/35/38/37; 
ttag +85 68/60/51/65/55; 
ttag +86 78/74/66/82/71; 
ttag +87 25/0/1/9/7; 
ttag +88 54/27/16/34/34; 
ttag +89 84/82/80/80/73; 
ttag +90 28/[10]/?/?/?; 
ttag +91 99/98/96/97/97; 
ttag +92 50/46/44/46/48; 
ttag +93 30/20/12/24/17; 
ttag +94 26/16/8/14/8; 
