tread
'Tree with tags' 
(0 (1 (4 ((2 3 )(5 ((11 (6 (7 (8 (9 10 )))))((12 13 )(14 (21 ((15 (16 17 ))(18 (19 20 )))((22 (23 (24 25 )))(26 (27 (((28 (40 (41 (42 43 ))))((29 (30 31 ))(32 ((33 34 )(35 (36 (38 (37 39 ))))))))(45 (44 (46 47 )))))))))))))))); 
ttag *!; 
ttag +49 ???; 
ttag +50 9; 
ttag +51 1; 
ttag +52 6; 
ttag +53 1; 
ttag +54 1; 
ttag +55 1; 
ttag +56 1; 
ttag +57 1; 
ttag +58 5; 
ttag +59 1; 
ttag +60 2; 
ttag +61 1; 
ttag +62 2; 
ttag +63 5; 
ttag +64 2; 
ttag +65 3; 
ttag +66 1; 
ttag +67 3; 
ttag +68 11; 
ttag +69 4; 
ttag +70 3; 
ttag +71 8; 
ttag +72 7; 
ttag +73 4; 
ttag +74 2; 
ttag +75 1; 
ttag +76 1; 
ttag +77 4; 
ttag +78 7; 
ttag +79 3; 
ttag +80 6; 
ttag +81 7; 
ttag +82 4; 
ttag +83 3; 
ttag +84 2; 
ttag +85 3; 
ttag +86 2; 
ttag +87 6; 
ttag +88 8; 
ttag +89 1; 
ttag +90 4; 
ttag +91 1; 
ttag +92 2; 
ttag +93 2; 
tread
'Tree with tags' 
(0 (1 (4 ((2 3 )(5 ((11 (6 (7 (8 (9 10 )))))((12 13 )(14 (((15 (16 17 ))(18 (19 20 )))(21 ((22 (23 (24 25 )))(26 (27 (((28 (40 (41 (42 43 ))))((29 (30 31 ))(32 ((33 34 )(35 (36 (38 (37 39 ))))))))(45 (44 (46 47 ))))))))))))))))); 
ttag *!; 
ttag +0 ////; 
ttag +1 ////; 
ttag +2 ////; 
ttag +3 ////; 
ttag +4 ////; 
ttag +5 ////; 
ttag +6 ////; 
ttag +7 ////; 
ttag +8 ////; 
ttag +9 ////; 
ttag +10 ////; 
ttag +11 ////; 
ttag +12 ////; 
ttag +13 ////; 
ttag +14 ////; 
ttag +15 ////; 
ttag +16 ////; 
ttag +17 ////; 
ttag +18 ////; 
ttag +19 ////; 
ttag +20 ////; 
ttag +21 ////; 
ttag +22 ////; 
ttag +23 ////; 
ttag +24 ////; 
ttag +25 ////; 
ttag +26 ////; 
ttag +27 ////; 
ttag +28 ////; 
ttag +29 ////; 
ttag +30 ////; 
ttag +31 ////; 
ttag +32 ////; 
ttag +33 ////; 
ttag +34 ////; 
ttag +35 ////; 
ttag +36 ////; 
ttag +37 ////; 
ttag +38 ////; 
ttag +39 ////; 
ttag +40 ////; 
ttag +41 ////; 
ttag +42 ////; 
ttag +43 ////; 
ttag +44 ////; 
ttag +45 ////; 
ttag +46 ////; 
ttag +47 ////; 
ttag +48 ////; 
ttag +49 100/100/100/100/100; 
ttag +50 100/100/100/100/100; 
ttag +51 48/17/12/15/6; 
ttag +52 98/98/90/98/86; 
ttag +53 29/7/6/12/10; 
ttag +54 34/20/25/45/31; 
ttag +55 38/27/17/28/18; 
ttag +56 7/[15]/?/?/?; 
ttag +57 64/47/38/38/36; 
ttag +58 98/98/96/97/94; 
ttag +59 61/47/52/53/47; 
ttag +60 64/60/54/64/45; 
ttag +61 29/7/11/6/6; 
ttag +62 46/23/26/34/26; 
ttag +63 84/82/64/78/70; 
ttag +64 33/10/14/22/8; 
ttag +65 44/22/20/35/27; 
ttag +66 38/14/3/22/12; 
ttag +67 48/26/30/37/28; 
ttag +68 100/100/100/100/100; 
ttag +69 33/26/12/24/20; 
ttag +70 90/84/84/90/81; 
ttag +71 83/81/64/82/65; 
ttag +72 99/98/94/99/94; 
ttag +73 96/94/95/97/93; 
ttag +74 92/89/76/85/75; 
ttag +75 38/[3]/8/9/?; 
ttag +76 39/[3]/4/?/?; 
ttag +77 31/[11]/?/?/?; 
ttag +78 45/34/21/27/13; 
ttag +79 96/96/90/94/84; 
ttag +80 46/33/18/35/19; 
ttag +81 97/96/96/99/94; 
ttag +82 90/88/81/94/83; 
ttag +83 81/78/73/80/71; 
ttag +84 62/51/36/52/38; 
ttag +85 76/66/52/68/62; 
ttag +86 92/91/77/90/80; 
ttag +87 82/76/60/82/64; 
ttag +88 97/97/90/98/89; 
ttag +89 98/98/98/99/96; 
ttag +90 63/44/33/33/41; 
ttag +91 93/90/86/92/89; 
ttag +92 32/8/4/9/8; 
ttag +93 73/60/60/60/65; 
ttag +94 44/26/19/26/18; 
