tread
'Tree with tags' 
(0 (1 ((2 3 )(4 ((11 ((5 ((12 (13 21 ))((14 (18 (15 16 17 )(19 20 )))((22 (23 (24 25 )))(26 (27 (28 (29 (30 31 ))(32 ((33 34 )(35 (36 (37 38 39 )))))((40 (41 (42 43 )))(44 45 46 47 )))))))))(6 7 )))(8 (9 10 ))))))); 
ttag *!; 
ttag +49 ???; 
ttag +50 1; 
ttag +51 3; 
ttag +52 4; 
ttag +53 1; 
ttag +54 1; 
ttag +55 1; 
ttag +56 6; 
ttag +57 1; 
ttag +58 10; 
ttag +59 4; 
ttag +60 1; 
ttag +61 5; 
ttag +62 1; 
ttag +63 1; 
ttag +64 1; 
ttag +65 4; 
ttag +66 2; 
ttag +67 3; 
ttag +68 1; 
ttag +69 1; 
ttag +70 5; 
ttag +71 7; 
ttag +72 1; 
ttag +73 1; 
ttag +74 2; 
ttag +75 2; 
ttag +76 2; 
ttag +77 10; 
ttag +78 8; 
ttag +79 1; 
ttag +80 5; 
ttag +81 4; 
ttag +82 7; 
ttag +83 1; 
ttag +84 2; 
ttag +85 1; 
ttag +86 6; 
ttag +87 3; 
tread
'Tree with tags' 
(0 (1 ((2 3 )(4 ((11 ((5 ((12 (13 21 ))((14 (18 ((15 (16 17 ))(19 20 ))))((22 (23 (24 25 )))(26 (27 (28 ((29 (30 31 ))((32 ((33 34 )(35 (36 (37 (38 39 ))))))((40 (41 (42 43 )))((44 46 )(45 47 ))))))))))))(6 7 )))(8 (9 10 ))))))); 
ttag *!; 
ttag +0 ////; 
ttag +1 ////; 
ttag +2 ////; 
ttag +3 ////; 
ttag +4 ////; 
ttag +5 ////; 
ttag +6 ////; 
ttag +7 ////; 
ttag +8 ////; 
ttag +9 ////; 
ttag +10 ////; 
ttag +11 ////; 
ttag +12 ////; 
ttag +13 ////; 
ttag +14 ////; 
ttag +15 ////; 
ttag +16 ////; 
ttag +17 ////; 
ttag +18 ////; 
ttag +19 ////; 
ttag +20 ////; 
ttag +21 ////; 
ttag +22 ////; 
ttag +23 ////; 
ttag +24 ////; 
ttag +25 ////; 
ttag +26 ////; 
ttag +27 ////; 
ttag +28 ////; 
ttag +29 ////; 
ttag +30 ////; 
ttag +31 ////; 
ttag +32 ////; 
ttag +33 ////; 
ttag +34 ////; 
ttag +35 ////; 
ttag +36 ////; 
ttag +37 ////; 
ttag +38 ////; 
ttag +39 ////; 
ttag +40 ////; 
ttag +41 ////; 
ttag +42 ////; 
ttag +43 ////; 
ttag +44 ////; 
ttag +45 ////; 
ttag +46 ////; 
ttag +47 ////; 
ttag +48 ////; 
ttag +49 100/100/100/100/100; 
ttag +50 54/34/26/33/30; 
ttag +51 70/61/32/56/42; 
ttag +52 66/57/35/62/40; 
ttag +53 14/[13]/?/?/?; 
ttag +54 2/[24]/?/?/?; 
ttag +55 22/5/?/2/2; 
ttag +56 62/53/31/62/34; 
ttag +57 32/22/31/20/30; 
ttag +58 99/99/98/99/98; 
ttag +59 94/91/86/94/85; 
ttag +60 21/[2]/?/?/?; 
ttag +61 65/62/45/68/44; 
ttag +62 18/[6]/?/?/?; 
ttag +63 10/[2]/4/0/5; 
ttag +64 13/[10]/?/?/?; 
ttag +65 78/74/61/76/60; 
ttag +66 32/[18]/?/?/?; 
ttag +67 50/46/41/54/37; 
ttag +68 46/11/3/8/5; 
ttag +69 94/93/89/92/88; 
ttag +70 36/2/?/?/?; 
ttag +71 33/9/?/14/?; 
ttag +72 98/97/96/98/96; 
ttag +73 100/100/100/99/99; 
ttag +74 46/34/38/41/40; 
ttag +75 66/55/45/54/37; 
ttag +76 56/46/32/57/40; 
ttag +77 59/52/42/50/47; 
ttag +78 42/24/23/36/21; 
ttag +79 90/88/80/86/84; 
ttag +80 99/98/98/100/97; 
ttag +81 32/14/8/17/7; 
ttag +82 98/98/96/99/98; 
ttag +83 71/60/48/63/49; 
ttag +84 92/90/86/93/87; 
ttag +85 94/92/92/95/91; 
ttag +86 98/98/90/98/96; 
ttag +87 31/[3]/11/?/2; 
ttag +88 52/29/19/33/26; 
ttag +89 71/66/59/62/53; 
ttag +90 36/[8]/?/0/?; 
ttag +91 99/99/94/98/94; 
ttag +92 11/[27]/?/?/?; 
ttag +93 91/88/80/89/76; 
ttag +94 33/16/14/12/13; 
