tread
'Tree with tags' 
(0 (1 ((2 3 )(4 (5 ((11 ((6 7 )(8 (9 10 ))))((12 13 )(14 ((15 (16 17 ))(18 (19 20 )))(21 ((22 (23 (24 25 )))(26 27 (28 ((29 (30 31 ))(((32 (35 (36 (37 (38 39 )))))(33 34 ))(44 45 46 47 (40 41 (42 43 ))))))))))))))))); 
ttag *!; 
ttag +49 ???; 
ttag +50 5; 
ttag +51 2; 
ttag +52 9; 
ttag +53 3; 
ttag +54 3; 
ttag +55 4; 
ttag +56 1; 
ttag +57 2; 
ttag +58 5; 
ttag +59 2; 
ttag +60 4; 
ttag +61 1; 
ttag +62 2; 
ttag +63 6; 
ttag +64 3; 
ttag +65 5; 
ttag +66 3; 
ttag +67 13; 
ttag +68 1; 
ttag +69 3; 
ttag +70 3; 
ttag +71 6; 
ttag +72 8; 
ttag +73 3; 
ttag +74 3; 
ttag +75 4; 
ttag +76 3; 
ttag +77 2; 
ttag +78 2; 
ttag +79 5; 
ttag +80 2; 
ttag +81 2; 
ttag +82 4; 
ttag +83 6; 
ttag +84 3; 
ttag +85 1; 
ttag +86 3; 
ttag +87 2; 
ttag +88 10; 
tread
'Tree with tags' 
(0 (1 ((2 3 )(4 (5 ((11 ((6 7 )(8 (9 10 ))))((12 13 )((14 ((15 (16 17 ))(18 (19 20 ))))(21 ((22 (23 (24 25 )))((26 27 )(28 ((29 (30 31 ))(((32 (35 (36 (37 (38 39 )))))(33 34 ))(47 ((46 ((40 41 )(42 43 )))(44 45 ))))))))))))))))); 
ttag *!; 
ttag +0 ////; 
ttag +1 ////; 
ttag +2 ////; 
ttag +3 ////; 
ttag +4 ////; 
ttag +5 ////; 
ttag +6 ////; 
ttag +7 ////; 
ttag +8 ////; 
ttag +9 ////; 
ttag +10 ////; 
ttag +11 ////; 
ttag +12 ////; 
ttag +13 ////; 
ttag +14 ////; 
ttag +15 ////; 
ttag +16 ////; 
ttag +17 ////; 
ttag +18 ////; 
ttag +19 ////; 
ttag +20 ////; 
ttag +21 ////; 
ttag +22 ////; 
ttag +23 ////; 
ttag +24 ////; 
ttag +25 ////; 
ttag +26 ////; 
ttag +27 ////; 
ttag +28 ////; 
ttag +29 ////; 
ttag +30 ////; 
ttag +31 ////; 
ttag +32 ////; 
ttag +33 ////; 
ttag +34 ////; 
ttag +35 ////; 
ttag +36 ////; 
ttag +37 ////; 
ttag +38 ////; 
ttag +39 ////; 
ttag +40 ////; 
ttag +41 ////; 
ttag +42 ////; 
ttag +43 ////; 
ttag +44 ////; 
ttag +45 ////; 
ttag +46 ////; 
ttag +47 ////; 
ttag +48 ////; 
ttag +49 100/100/100/100/100; 
ttag +50 89/84/85/86/80; 
ttag +51 74/61/53/55/52; 
ttag +52 97/97/94/98/94; 
ttag +53 24/11/7/20/19; 
ttag +54 62/58/56/61/54; 
ttag +55 39/27/22/31/26; 
ttag +56 5/[6]/?/?/?; 
ttag +57 13/1/?/9/0; 
ttag +58 92/87/90/90/87; 
ttag +59 54/25/36/37/38; 
ttag +60 70/64/53/69/55; 
ttag +61 14/2/?/8/6; 
ttag +62 9/[22]/?/?/?; 
ttag +63 19/[12]/?/?/?; 
ttag +64 97/97/96/98/96; 
ttag +65 38/27/15/32/26; 
ttag +66 95/93/86/95/85; 
ttag +67 77/68/61/78/71; 
ttag +68 100/100/100/100/100; 
ttag +69 40/30/21/35/22; 
ttag +70 59/47/36/52/34; 
ttag +71 69/60/48/66/44; 
ttag +72 98/98/96/98/96; 
ttag +73 99/99/98/100/98; 
ttag +74 8/[13]/?/?/?; 
ttag +75 51/43/35/48/33; 
ttag +76 53/45/29/46/34; 
ttag +77 88/85/79/88/76; 
ttag +78 64/61/54/68/54; 
ttag +79 77/66/57/67/60; 
ttag +80 49/38/29/44/30; 
ttag +81 91/89/79/94/83; 
ttag +82 58/42/34/43/34; 
ttag +83 58/45/38/58/34; 
ttag +84 89/87/81/92/85; 
ttag +85 96/95/91/96/92; 
ttag +86 86/81/70/83/74; 
ttag +87 42/31/23/42/30; 
ttag +88 43/22/18/20/28; 
ttag +89 70/65/56/62/47; 
ttag +90 18/[21]/?/?/?; 
ttag +91 6/[34]/?/?/?; 
ttag +92 71/69/58/68/56; 
ttag +93 100/100/98/100/100; 
ttag +94 18/[4]/5/?/4; 
