tread
'Tree with tags' 
(0 (1 ((2 3 )(4 (5 (((6 7 )(8 (9 10 )))(21 (12 ((11 ((15 (16 17 ))(18 (19 20 ))))(13 (14 (((22 (23 (24 25 )))((29 (30 31 ))(((32 ((33 34 )(35 (36 (37 (38 39 ))))))(40 (41 (42 43 ))))(47 (46 (44 45 ))))))(26 (27 28 )))))))))))))); 
ttag *!; 
ttag +49 ???; 
ttag +50 10; 
ttag +51 8; 
ttag +52 3; 
ttag +53 2; 
ttag +54 2; 
ttag +55 2; 
ttag +56 2; 
ttag +57 6; 
ttag +58 2; 
ttag +59 1; 
ttag +60 1; 
ttag +61 2; 
ttag +62 2; 
ttag +63 1; 
ttag +64 2; 
ttag +65 3; 
ttag +66 3; 
ttag +67 2; 
ttag +68 6; 
ttag +69 4; 
ttag +70 7; 
ttag +71 1; 
ttag +72 6; 
ttag +73 6; 
ttag +74 9; 
ttag +75 1; 
ttag +76 1; 
ttag +77 8; 
ttag +78 1; 
ttag +79 3; 
ttag +80 10; 
ttag +81 1; 
ttag +82 1; 
ttag +83 5; 
ttag +84 2; 
ttag +85 4; 
ttag +86 6; 
ttag +87 9; 
ttag +88 4; 
ttag +89 1; 
ttag +90 1; 
ttag +91 7; 
ttag +92 1; 
ttag +93 1; 
ttag +94 2; 
tread
'Tree with tags' 
(0 (1 ((2 3 )(4 (5 (((6 7 )(8 (9 10 )))(21 (12 ((11 ((15 (16 17 ))(18 (19 20 ))))(13 (14 (((22 (23 (24 25 )))((29 (30 31 ))(((32 ((33 34 )(35 (36 (37 (38 39 ))))))(40 (41 (42 43 ))))(47 (46 (44 45 ))))))(26 (27 28 )))))))))))))); 
ttag *!; 
ttag +0 ////; 
ttag +1 ////; 
ttag +2 ////; 
ttag +3 ////; 
ttag +4 ////; 
ttag +5 ////; 
ttag +6 ////; 
ttag +7 ////; 
ttag +8 ////; 
ttag +9 ////; 
ttag +10 ////; 
ttag +11 ////; 
ttag +12 ////; 
ttag +13 ////; 
ttag +14 ////; 
ttag +15 ////; 
ttag +16 ////; 
ttag +17 ////; 
ttag +18 ////; 
ttag +19 ////; 
ttag +20 ////; 
ttag +21 ////; 
ttag +22 ////; 
ttag +23 ////; 
ttag +24 ////; 
ttag +25 ////; 
ttag +26 ////; 
ttag +27 ////; 
ttag +28 ////; 
ttag +29 ////; 
ttag +30 ////; 
ttag +31 ////; 
ttag +32 ////; 
ttag +33 ////; 
ttag +34 ////; 
ttag +35 ////; 
ttag +36 ////; 
ttag +37 ////; 
ttag +38 ////; 
ttag +39 ////; 
ttag +40 ////; 
ttag +41 ////; 
ttag +42 ////; 
ttag +43 ////; 
ttag +44 ////; 
ttag +45 ////; 
ttag +46 ////; 
ttag +47 ////; 
ttag +48 ////; 
ttag +49 100/100/100/100/100; 
ttag +50 100/100/100/100/100; 
ttag +51 97/96/90/99/88; 
ttag +52 31/10/2/15/4; 
ttag +53 23/7/5/14/1; 
ttag +54 63/58/55/59/55; 
ttag +55 56/50/37/52/35; 
ttag +56 14/1/?/9/?; 
ttag +57 99/98/97/99/96; 
ttag +58 80/76/76/68/70; 
ttag +59 14/[1]/?/?/?; 
ttag +60 3/[9]/?/?/?; 
ttag +61 9/[3]/?/?/?; 
ttag +62 30/18/6/24/2; 
ttag +63 16/0/?/?/?; 
ttag +64 28/12/6/18/6; 
ttag +65 91/89/80/80/79; 
ttag +66 66/60/47/56/47; 
ttag +67 70/62/58/66/58; 
ttag +68 95/94/86/96/91; 
ttag +69 95/94/85/93/91; 
ttag +70 94/93/89/97/84; 
ttag +71 6/[36]/?/?/?; 
ttag +72 80/78/59/82/61; 
ttag +73 96/95/87/98/87; 
ttag +74 100/100/98/100/98; 
ttag +75 7/[35]/?/?/?; 
ttag +76 10/[32]/?/?/?; 
ttag +77 98/98/95/100/95; 
ttag +78 47/26/15/24/18; 
ttag +79 85/80/65/81/64; 
ttag +80 99/99/95/100/96; 
ttag +81 38/17/2/11/9; 
ttag +82 43/22/5/14/12; 
ttag +83 93/91/79/90/81; 
ttag +84 72/57/38/69/45; 
ttag +85 95/95/82/96/85; 
ttag +86 98/98/90/98/92; 
ttag +87 100/100/100/99/99; 
ttag +88 95/94/90/94/86; 
ttag +89 39/19/18/16/22; 
ttag +90 54/34/25/30/28; 
ttag +91 100/100/98/100/97; 
ttag +92 54/43/33/46/35; 
ttag +93 56/46/32/48/34; 
ttag +94 86/85/77/84/68; 
