tread
'Tree with tags' 
(0 (1 ((2 3 )(4 (5 ((6 7 )(8 (9 10 ))(11 (12 13 14 18 (15 16 17 )(19 20 )(21 ((22 (23 (24 25 )))(26 27 28 46 (29 (30 31 ))(32 ((33 34 )(35 (36 (37 (38 39 ))))))(40 (41 (42 43 )))(44 45 47 )))))))))))); 
ttag *!; 
ttag +49 ???; 
ttag +50 9; 
ttag +51 3; 
ttag +52 3; 
ttag +53 3; 
ttag +54 4; 
ttag +55 2; 
ttag +56 10; 
ttag +57 2; 
ttag +58 1; 
ttag +59 2; 
ttag +60 4; 
ttag +61 10; 
ttag +62 1; 
ttag +63 9; 
ttag +64 2; 
ttag +65 2; 
ttag +66 7; 
ttag +67 1; 
ttag +68 7; 
ttag +69 5; 
ttag +70 5; 
ttag +71 6; 
ttag +72 2; 
ttag +73 6; 
ttag +74 3; 
ttag +75 10; 
ttag +76 1; 
ttag +77 6; 
ttag +78 2; 
ttag +79 9; 
ttag +80 1; 
tread
'Tree with tags' 
(0 (1 ((2 3 )(4 (5 (((6 7 )(11 ((12 (14 (18 ((17 (15 16 ))(19 20 )))))(13 (21 ((22 (23 (24 25 )))(46 ((((28 (26 27 ))((29 (30 31 ))(32 ((33 34 )(35 (36 (37 (38 39 ))))))))(47 (44 45 )))(40 (41 (42 43 )))))))))))(8 (9 10 )))))))); 
ttag *!; 
ttag +0 ////; 
ttag +1 ////; 
ttag +2 ////; 
ttag +3 ////; 
ttag +4 ////; 
ttag +5 ////; 
ttag +6 ////; 
ttag +7 ////; 
ttag +8 ////; 
ttag +9 ////; 
ttag +10 ////; 
ttag +11 ////; 
ttag +12 ////; 
ttag +13 ////; 
ttag +14 ////; 
ttag +15 ////; 
ttag +16 ////; 
ttag +17 ////; 
ttag +18 ////; 
ttag +19 ////; 
ttag +20 ////; 
ttag +21 ////; 
ttag +22 ////; 
ttag +23 ////; 
ttag +24 ////; 
ttag +25 ////; 
ttag +26 ////; 
ttag +27 ////; 
ttag +28 ////; 
ttag +29 ////; 
ttag +30 ////; 
ttag +31 ////; 
ttag +32 ////; 
ttag +33 ////; 
ttag +34 ////; 
ttag +35 ////; 
ttag +36 ////; 
ttag +37 ////; 
ttag +38 ////; 
ttag +39 ////; 
ttag +40 ////; 
ttag +41 ////; 
ttag +42 ////; 
ttag +43 ////; 
ttag +44 ////; 
ttag +45 ////; 
ttag +46 ////; 
ttag +47 ////; 
ttag +48 ////; 
ttag +49 100/100/100/100/100; 
ttag +50 100/100/99/100/100; 
ttag +51 90/88/84/86/84; 
ttag +52 72/64/46/63/50; 
ttag +53 61/53/31/50/37; 
ttag +54 90/89/74/86/74; 
ttag +55 20/[6]/?/3/?; 
ttag +56 49/41/24/37/30; 
ttag +57 100/100/100/100/99; 
ttag +58 83/79/66/72/72; 
ttag +59 48/37/23/36/24; 
ttag +60 6/[27]/?/?/?; 
ttag +61 43/35/15/29/19; 
ttag +62 20/[14]/?/?/?; 
ttag +63 30/20/9/12/5; 
ttag +64 44/6/20/15/10; 
ttag +65 93/92/87/94/89; 
ttag +66 39/13/6/15/14; 
ttag +67 46/38/30/40/18; 
ttag +68 100/100/100/100/100; 
ttag +69 32/23/14/16/14; 
ttag +70 100/100/99/100/98; 
ttag +71 65/58/36/54/39; 
ttag +72 90/86/79/90/80; 
ttag +73 99/99/97/99/98; 
ttag +74 71/62/61/60/56; 
ttag +75 12/[1]/?/?/?; 
ttag +76 24/2/?/?/?; 
ttag +77 8/[40]/?/?/?; 
ttag +78 10/[38]/?/?/?; 
ttag +79 66/54/55/59/47; 
ttag +80 98/98/98/99/98; 
ttag +81 20/4/?/4/?; 
ttag +82 99/99/94/99/98; 
ttag +83 95/94/86/95/84; 
ttag +84 98/97/96/98/95; 
ttag +85 70/62/40/65/45; 
ttag +86 98/97/95/98/98; 
ttag +87 90/87/79/91/81; 
ttag +88 100/100/100/100/100; 
ttag +89 59/35/27/38/34; 
ttag +90 98/97/89/95/91; 
ttag +91 80/72/60/68/50; 
ttag +92 97/96/96/99/98; 
ttag +93 35/8/?/1/?; 
ttag +94 79/76/64/78/66; 
