tread
'Tree with tags' 
(0 (1 ((2 3 )(4 5 7 11 (6 (10 (8 9 )))(12 (13 (14 ((15 16 17 )(18 (19 20 ))))))(21 ((22 (23 (24 25 )))(26 27 (28 ((29 (30 31 ))((32 ((33 34 )(35 (36 (37 (38 39 ))))))(40 41 (42 43 ))((44 45 )(46 47 )))))))))))); 
ttag *!; 
ttag +49 ???; 
ttag +50 3; 
ttag +51 3; 
ttag +52 1; 
ttag +53 2; 
ttag +54 1; 
ttag +55 10; 
ttag +56 1; 
ttag +57 1; 
ttag +58 2; 
ttag +59 7; 
ttag +60 1; 
ttag +61 3; 
ttag +62 9; 
ttag +63 1; 
ttag +64 4; 
ttag +65 4; 
ttag +66 1; 
ttag +67 8; 
ttag +68 4; 
ttag +69 2; 
ttag +70 4; 
ttag +71 2; 
ttag +72 5; 
ttag +73 1; 
ttag +74 2; 
ttag +75 3; 
ttag +76 3; 
ttag +77 2; 
ttag +78 3; 
ttag +79 5; 
ttag +80 1; 
ttag +81 3; 
ttag +82 5; 
ttag +83 1; 
ttag +84 2; 
ttag +85 3; 
tread
'Tree with tags' 
(0 (1 ((2 3 )(5 (((4 11 )(7 (6 (10 (8 9 )))))((12 (13 (14 ((17 (15 16 ))(18 (19 20 ))))))(21 ((22 (23 (24 25 )))(26 (27 (28 ((29 (30 31 ))(((32 ((33 34 )(35 (36 (37 (38 39 ))))))((40 41 )(42 43 )))((44 45 )(46 47 ))))))))))))))); 
ttag *!; 
ttag +0 ////; 
ttag +1 ////; 
ttag +2 ////; 
ttag +3 ////; 
ttag +4 ////; 
ttag +5 ////; 
ttag +6 ////; 
ttag +7 ////; 
ttag +8 ////; 
ttag +9 ////; 
ttag +10 ////; 
ttag +11 ////; 
ttag +12 ////; 
ttag +13 ////; 
ttag +14 ////; 
ttag +15 ////; 
ttag +16 ////; 
ttag +17 ////; 
ttag +18 ////; 
ttag +19 ////; 
ttag +20 ////; 
ttag +21 ////; 
ttag +22 ////; 
ttag +23 ////; 
ttag +24 ////; 
ttag +25 ////; 
ttag +26 ////; 
ttag +27 ////; 
ttag +28 ////; 
ttag +29 ////; 
ttag +30 ////; 
ttag +31 ////; 
ttag +32 ////; 
ttag +33 ////; 
ttag +34 ////; 
ttag +35 ////; 
ttag +36 ////; 
ttag +37 ////; 
ttag +38 ////; 
ttag +39 ////; 
ttag +40 ////; 
ttag +41 ////; 
ttag +42 ////; 
ttag +43 ////; 
ttag +44 ////; 
ttag +45 ////; 
ttag +46 ////; 
ttag +47 ////; 
ttag +48 ////; 
ttag +49 100/100/100/100/100; 
ttag +50 82/79/62/86/78; 
ttag +51 86/80/69/77/75; 
ttag +52 20/0/?/?/?; 
ttag +53 23/13/2/8/4; 
ttag +54 19/0/?/?/?; 
ttag +55 69/51/55/57/52; 
ttag +56 75/69/59/71/66; 
ttag +57 26/6/?/1/1; 
ttag +58 53/32/31/33/32; 
ttag +59 100/100/100/100/99; 
ttag +60 45/34/18/36/18; 
ttag +61 22/2/6/9/7; 
ttag +62 37/14/0/14/?; 
ttag +63 47/36/24/38/28; 
ttag +64 42/0/6/2/11; 
ttag +65 98/97/90/98/94; 
ttag +66 50/40/38/44/30; 
ttag +67 78/74/67/80/70; 
ttag +68 100/100/100/100/100; 
ttag +69 28/8/12/12/10; 
ttag +70 92/90/76/94/83; 
ttag +71 86/84/62/78/72; 
ttag +72 43/9/28/25/15; 
ttag +73 96/95/89/98/92; 
ttag +74 81/74/69/79/70; 
ttag +75 26/[23]/?/?/?; 
ttag +76 48/38/22/56/22; 
ttag +77 78/75/64/74/63; 
ttag +78 45/35/23/43/17; 
ttag +79 92/90/80/92/86; 
ttag +80 83/78/76/80/75; 
ttag +81 41/14/?/9/?; 
ttag +82 62/58/49/61/46; 
ttag +83 75/66/51/64/52; 
ttag +84 73/64/47/68/44; 
ttag +85 56/38/28/44/34; 
ttag +86 71/64/42/64/52; 
ttag +87 98/97/88/96/89; 
ttag +88 60/45/35/34/34; 
ttag +89 30/15/14/14/14; 
ttag +90 56/42/37/48/39; 
ttag +91 99/99/99/98/97; 
ttag +92 54/37/31/38/27; 
ttag +93 83/79/71/79/69; 
ttag +94 88/86/78/83/75; 
