tread
'Tree with tags' 
(0 (1 ((2 3 )(4 5 11 12 13 21 (6 7 )(8 (9 10 ))(14 ((15 (16 17 ))(18 (19 20 ))))((22 (23 (24 25 )))((26 27 )(28 ((29 (30 31 ))((((32 35 )(36 (37 (38 39 ))))(33 34 ))((40 (41 (42 43 )))(46 (47 (44 45 ))))))))))))); 
ttag *!; 
ttag +49 ???; 
ttag +50 3; 
ttag +51 5; 
ttag +52 7; 
ttag +53 2; 
ttag +54 9; 
ttag +55 1; 
ttag +56 1; 
ttag +57 5; 
ttag +58 5; 
ttag +59 1; 
ttag +60 2; 
ttag +61 5; 
ttag +62 2; 
ttag +63 2; 
ttag +64 2; 
ttag +65 4; 
ttag +66 1; 
ttag +67 8; 
ttag +68 1; 
ttag +69 4; 
ttag +70 2; 
ttag +71 4; 
ttag +72 2; 
ttag +73 1; 
ttag +74 6; 
ttag +75 2; 
ttag +76 1; 
ttag +77 2; 
ttag +78 4; 
ttag +79 4; 
ttag +80 7; 
ttag +81 2; 
ttag +82 5; 
ttag +83 6; 
ttag +84 1; 
ttag +85 1; 
ttag +86 2; 
tread
'Tree with tags' 
(0 (1 ((2 3 )((((11 (4 5 ))(21 (13 (12 (14 ((15 (16 17 ))(18 (19 20 ))))))))(6 7 ))((8 (9 10 ))((22 (23 (24 25 )))((26 27 )(28 ((29 (30 31 ))((((32 35 )(36 (37 (38 39 ))))(33 34 ))((40 (41 (42 43 )))(46 (47 (44 45 )))))))))))))); 
ttag *!; 
ttag +0 ////; 
ttag +1 ////; 
ttag +2 ////; 
ttag +3 ////; 
ttag +4 ////; 
ttag +5 ////; 
ttag +6 ////; 
ttag +7 ////; 
ttag +8 ////; 
ttag +9 ////; 
ttag +10 ////; 
ttag +11 ////; 
ttag +12 ////; 
ttag +13 ////; 
ttag +14 ////; 
ttag +15 ////; 
ttag +16 ////; 
ttag +17 ////; 
ttag +18 ////; 
ttag +19 ////; 
ttag +20 ////; 
ttag +21 ////; 
ttag +22 ////; 
ttag +23 ////; 
ttag +24 ////; 
ttag +25 ////; 
ttag +26 ////; 
ttag +27 ////; 
ttag +28 ////; 
ttag +29 ////; 
ttag +30 ////; 
ttag +31 ////; 
ttag +32 ////; 
ttag +33 ////; 
ttag +34 ////; 
ttag +35 ////; 
ttag +36 ////; 
ttag +37 ////; 
ttag +38 ////; 
ttag +39 ////; 
ttag +40 ////; 
ttag +41 ////; 
ttag +42 ////; 
ttag +43 ////; 
ttag +44 ////; 
ttag +45 ////; 
ttag +46 ////; 
ttag +47 ////; 
ttag +48 ////; 
ttag +49 100/100/100/100/100; 
ttag +50 93/90/92/89/86; 
ttag +51 98/97/92/97/92; 
ttag +52 37/18/18/16/14; 
ttag +53 11/[10]/?/?/?; 
ttag +54 10/[10]/?/?/?; 
ttag +55 8/[18]/?/?/?; 
ttag +56 96/94/90/97/86; 
ttag +57 87/85/80/92/86; 
ttag +58 100/100/96/100/97; 
ttag +59 12/[14]/?/?/?; 
ttag +60 58/36/29/36/35; 
ttag +61 4/[45]/?/?/?; 
ttag +62 3/[14]/?/?/?; 
ttag +63 2/[15]/?/?/?; 
ttag +64 13/[4]/2/?/2; 
ttag +65 92/89/82/93/78; 
ttag +66 84/80/70/80/74; 
ttag +67 47/14/21/13/7; 
ttag +68 86/80/79/85/78; 
ttag +69 98/97/98/99/98; 
ttag +70 83/80/65/83/73; 
ttag +71 50/44/32/44/33; 
ttag +72 65/46/41/52/55; 
ttag +73 95/94/86/92/88; 
ttag +74 64/54/56/50/57; 
ttag +75 90/86/76/92/83; 
ttag +76 53/35/27/39/24; 
ttag +77 93/92/83/93/88; 
ttag +78 53/42/40/41/38; 
ttag +79 96/95/95/96/92; 
ttag +80 49/44/38/42/41; 
ttag +81 12/[19]/?/?/?; 
ttag +82 75/72/59/79/65; 
ttag +83 38/25/13/24/20; 
ttag +84 36/5/7/11/7; 
ttag +85 56/39/36/51/40; 
ttag +86 83/76/69/80/73; 
ttag +87 82/76/72/82/73; 
ttag +88 98/98/87/99/94; 
ttag +89 67/59/38/56/42; 
ttag +90 91/87/75/90/80; 
ttag +91 99/99/95/99/98; 
ttag +92 28/20/17/17/11; 
ttag +93 20/1/?/?/?; 
ttag +94 46/38/33/40/28; 
