tread
'Tree with tags' 
(0 (1 ((2 3 )(11 ((4 5 )(6 (7 (10 (8 9 )))))(12 13 (14 ((15 (16 17 ))(21 ((22 (23 (24 25 )))(26 (27 (28 ((29 (30 31 ))(32 (33 34 )(35 (36 (37 (38 39 )))))((41 (40 (42 43 )))(45 (44 (46 47 )))))))))))(18 (19 20 )))))))); 
ttag *!; 
ttag +49 ???; 
ttag +50 1; 
ttag +51 9; 
ttag +52 1; 
ttag +53 1; 
ttag +54 4; 
ttag +55 1; 
ttag +56 1; 
ttag +57 1; 
ttag +58 5; 
ttag +59 2; 
ttag +60 3; 
ttag +61 8; 
ttag +62 1; 
ttag +63 2; 
ttag +64 6; 
ttag +65 16; 
ttag +66 1; 
ttag +67 7; 
ttag +68 4; 
ttag +69 12; 
ttag +70 9; 
ttag +71 4; 
ttag +72 1; 
ttag +73 2; 
ttag +74 6; 
ttag +75 3; 
ttag +76 7; 
ttag +77 2; 
ttag +78 1; 
ttag +79 6; 
ttag +80 1; 
ttag +81 5; 
ttag +82 1; 
ttag +83 2; 
ttag +84 7; 
ttag +85 1; 
ttag +86 6; 
ttag +87 2; 
ttag +88 6; 
ttag +89 3; 
tread
'Tree with tags' 
(0 (1 ((2 3 )((11 ((4 5 )(6 (7 (10 (8 9 ))))))(12 (13 ((14 (18 (19 20 )))((15 (16 17 ))(21 ((22 (23 (24 25 )))(26 (27 (28 (((29 (30 31 ))((32 (33 34 ))(35 (36 (37 (38 39 ))))))((41 (40 (42 43 )))(45 (44 (46 47 )))))))))))))))))); 
ttag *!; 
ttag +0 ////; 
ttag +1 ////; 
ttag +2 ////; 
ttag +3 ////; 
ttag +4 ////; 
ttag +5 ////; 
ttag +6 ////; 
ttag +7 ////; 
ttag +8 ////; 
ttag +9 ////; 
ttag +10 ////; 
ttag +11 ////; 
ttag +12 ////; 
ttag +13 ////; 
ttag +14 ////; 
ttag +15 ////; 
ttag +16 ////; 
ttag +17 ////; 
ttag +18 ////; 
ttag +19 ////; 
ttag +20 ////; 
ttag +21 ////; 
ttag +22 ////; 
ttag +23 ////; 
ttag +24 ////; 
ttag +25 ////; 
ttag +26 ////; 
ttag +27 ////; 
ttag +28 ////; 
ttag +29 ////; 
ttag +30 ////; 
ttag +31 ////; 
ttag +32 ////; 
ttag +33 ////; 
ttag +34 ////; 
ttag +35 ////; 
ttag +36 ////; 
ttag +37 ////; 
ttag +38 ////; 
ttag +39 ////; 
ttag +40 ////; 
ttag +41 ////; 
ttag +42 ////; 
ttag +43 ////; 
ttag +44 ////; 
ttag +45 ////; 
ttag +46 ////; 
ttag +47 ////; 
ttag +48 ////; 
ttag +49 100/100/100/100/100; 
ttag +50 72/53/60/61/66; 
ttag +51 99/98/98/100/100; 
ttag +52 20/4/?/1/10; 
ttag +53 19/5/6/10/4; 
ttag +54 12/[1]/?/?/?; 
ttag +55 77/63/58/63/58; 
ttag +56 19/3/?/6/0; 
ttag +57 29/0/1/?/?; 
ttag +58 53/52/54/52/57; 
ttag +59 90/88/84/94/78; 
ttag +60 68/66/47/60/47; 
ttag +61 30/[13]/?/?/?; 
ttag +62 10/[19]/?/?/?; 
ttag +63 80/78/61/80/60; 
ttag +64 98/98/96/99/96; 
ttag +65 60/52/37/50/48; 
ttag +66 71/54/36/63/40; 
ttag +67 96/94/90/96/92; 
ttag +68 100/100/100/100/100; 
ttag +69 53/30/38/45/33; 
ttag +70 97/96/94/100/94; 
ttag +71 89/86/84/93/84; 
ttag +72 100/100/99/100/98; 
ttag +73 100/100/99/100/100; 
ttag +74 90/88/80/94/82; 
ttag +75 43/25/16/27/15; 
ttag +76 66/60/54/67/50; 
ttag +77 91/88/81/94/82; 
ttag +78 49/37/30/35/34; 
ttag +79 89/88/76/92/82; 
ttag +80 100/100/98/99/100; 
ttag +81 14/[6]/?/?/?; 
ttag +82 61/51/39/60/41; 
ttag +83 49/30/16/30/14; 
ttag +84 94/94/92/94/88; 
ttag +85 62/49/44/46/38; 
ttag +86 98/97/94/94/97; 
ttag +87 82/78/77/77/75; 
ttag +88 71/64/48/57/46; 
ttag +89 97/97/94/98/96; 
ttag +90 52/36/34/42/31; 
ttag +91 96/95/88/96/90; 
ttag +92 87/86/74/85/72; 
ttag +93 98/97/94/99/90; 
ttag +94 90/89/83/91/77; 
