tread
'Tree with tags' 
(0 (1 ((2 3 )(4 5 ((6 7 )(9 (8 10 )))(11 12 13 ((14 ((15 (16 17 ))(18 (19 20 ))))(21 (22 (23 (24 25 )))(26 27 28 ((29 (30 31 ))(32 (33 34 )(35 (36 (39 (37 38 )))))(44 45 46 47 (40 41 (42 43 )))))))))))); 
ttag *!; 
ttag +49 ???; 
ttag +50 1; 
ttag +51 2; 
ttag +52 2; 
ttag +53 2; 
ttag +54 1; 
ttag +55 1; 
ttag +56 11; 
ttag +57 2; 
ttag +58 2; 
ttag +59 1; 
ttag +60 7; 
ttag +61 5; 
ttag +62 6; 
ttag +63 6; 
ttag +64 7; 
ttag +65 1; 
ttag +66 5; 
ttag +67 8; 
ttag +68 3; 
ttag +69 7; 
ttag +70 2; 
ttag +71 4; 
ttag +72 3; 
ttag +73 3; 
ttag +74 3; 
ttag +75 4; 
ttag +76 4; 
ttag +77 1; 
ttag +78 5; 
ttag +79 8; 
ttag +80 1; 
ttag +81 6; 
tread
'Tree with tags' 
(0 (1 ((2 3 )(4 (5 (((6 7 )(9 (8 10 )))((11 ((14 ((15 (16 17 ))(18 (19 20 ))))(21 ((22 (23 (24 25 )))(26 (27 (28 (((29 (30 31 ))((32 (35 (36 (39 (37 38 )))))(33 34 )))(47 (46 (44 (45 (41 (40 (42 43 )))))))))))))))(12 13 )))))))); 
ttag *!; 
ttag +0 ////; 
ttag +1 ////; 
ttag +2 ////; 
ttag +3 ////; 
ttag +4 ////; 
ttag +5 ////; 
ttag +6 ////; 
ttag +7 ////; 
ttag +8 ////; 
ttag +9 ////; 
ttag +10 ////; 
ttag +11 ////; 
ttag +12 ////; 
ttag +13 ////; 
ttag +14 ////; 
ttag +15 ////; 
ttag +16 ////; 
ttag +17 ////; 
ttag +18 ////; 
ttag +19 ////; 
ttag +20 ////; 
ttag +21 ////; 
ttag +22 ////; 
ttag +23 ////; 
ttag +24 ////; 
ttag +25 ////; 
ttag +26 ////; 
ttag +27 ////; 
ttag +28 ////; 
ttag +29 ////; 
ttag +30 ////; 
ttag +31 ////; 
ttag +32 ////; 
ttag +33 ////; 
ttag +34 ////; 
ttag +35 ////; 
ttag +36 ////; 
ttag +37 ////; 
ttag +38 ////; 
ttag +39 ////; 
ttag +40 ////; 
ttag +41 ////; 
ttag +42 ////; 
ttag +43 ////; 
ttag +44 ////; 
ttag +45 ////; 
ttag +46 ////; 
ttag +47 ////; 
ttag +48 ////; 
ttag +49 100/100/100/100/100; 
ttag +50 70/58/58/66/60; 
ttag +51 77/68/48/72/57; 
ttag +52 62/49/36/53/41; 
ttag +53 25/0/?/?/5; 
ttag +54 76/67/58/69/59; 
ttag +55 38/30/28/38/26; 
ttag +56 32/24/22/24/24; 
ttag +57 62/50/41/50/34; 
ttag +58 100/100/100/100/98; 
ttag +59 18/7/11/4/2; 
ttag +60 63/58/46/59/38; 
ttag +61 24/13/7/4/5; 
ttag +62 69/64/42/62/48; 
ttag +63 45/35/27/37/22; 
ttag +64 97/96/91/97/94; 
ttag +65 89/84/74/85/80; 
ttag +66 97/95/95/97/90; 
ttag +67 97/95/89/96/88; 
ttag +68 98/97/91/97/96; 
ttag +69 36/24/11/27/16; 
ttag +70 97/95/94/98/91; 
ttag +71 39/25/18/21/35; 
ttag +72 99/98/95/98/95; 
ttag +73 86/81/69/83/74; 
ttag +74 98/98/96/99/94; 
ttag +75 43/9/3/5/?; 
ttag +76 30/10/4/12/5; 
ttag +77 79/76/74/77/64; 
ttag +78 20/[14]/?/?/?; 
ttag +79 83/81/76/85/69; 
ttag +80 89/86/79/85/78; 
ttag +81 38/18/20/18/30; 
ttag +82 83/79/69/80/66; 
ttag +83 93/92/80/86/81; 
ttag +84 96/95/84/94/88; 
ttag +85 98/98/93/97/94; 
ttag +86 59/42/44/45/34; 
ttag +87 99/98/96/97/95; 
ttag +88 56/40/37/40/37; 
ttag +89 100/100/98/98/96; 
ttag +90 6/[28]/?/?/?; 
ttag +91 1/[34]/?/?/?; 
ttag +92 12/[22]/?/?/?; 
ttag +93 50/41/32/45/22; 
ttag +94 97/96/92/99/96; 
