tread
'Tree with tags' 
(0 (1 ((2 3 )(4 (5 (((6 7 )(8 (9 10 )))(11 (12 13 )((14 (21 ((22 (23 (24 25 )))(26 (27 (28 ((29 (30 31 ))((47 (32 ((33 34 )(35 (36 (39 (37 38 )))))))(40 (41 (42 43 )))(44 (45 46 ))))))))))((15 (16 17 ))(18 (19 20 ))))))))))); 
ttag *!; 
ttag +49 ???; 
ttag +50 6; 
ttag +51 7; 
ttag +52 3; 
ttag +53 1; 
ttag +54 1; 
ttag +55 4; 
ttag +56 1; 
ttag +57 11; 
ttag +58 1; 
ttag +59 2; 
ttag +60 3; 
ttag +61 1; 
ttag +62 1; 
ttag +63 1; 
ttag +64 1; 
ttag +65 1; 
ttag +66 5; 
ttag +67 5; 
ttag +68 3; 
ttag +69 5; 
ttag +70 7; 
ttag +71 4; 
ttag +72 6; 
ttag +73 5; 
ttag +74 4; 
ttag +75 2; 
ttag +76 6; 
ttag +77 1; 
ttag +78 1; 
ttag +79 9; 
ttag +80 1; 
ttag +81 1; 
ttag +82 5; 
ttag +83 2; 
ttag +84 4; 
ttag +85 2; 
ttag +86 3; 
ttag +87 8; 
ttag +88 4; 
ttag +89 1; 
ttag +90 2; 
ttag +91 1; 
ttag +92 1; 
tread
'Tree with tags' 
(0 (1 ((2 3 )(4 (5 (((6 7 )(8 (9 10 )))(11 ((12 13 )((14 (21 ((22 (23 (24 25 )))(26 (27 (28 ((29 (30 31 ))(((47 (32 ((33 34 )(35 (36 (39 (37 38 )))))))(40 (41 (42 43 ))))(44 (45 46 ))))))))))((15 (16 17 ))(18 (19 20 )))))))))))); 
ttag *!; 
ttag +0 ////; 
ttag +1 ////; 
ttag +2 ////; 
ttag +3 ////; 
ttag +4 ////; 
ttag +5 ////; 
ttag +6 ////; 
ttag +7 ////; 
ttag +8 ////; 
ttag +9 ////; 
ttag +10 ////; 
ttag +11 ////; 
ttag +12 ////; 
ttag +13 ////; 
ttag +14 ////; 
ttag +15 ////; 
ttag +16 ////; 
ttag +17 ////; 
ttag +18 ////; 
ttag +19 ////; 
ttag +20 ////; 
ttag +21 ////; 
ttag +22 ////; 
ttag +23 ////; 
ttag +24 ////; 
ttag +25 ////; 
ttag +26 ////; 
ttag +27 ////; 
ttag +28 ////; 
ttag +29 ////; 
ttag +30 ////; 
ttag +31 ////; 
ttag +32 ////; 
ttag +33 ////; 
ttag +34 ////; 
ttag +35 ////; 
ttag +36 ////; 
ttag +37 ////; 
ttag +38 ////; 
ttag +39 ////; 
ttag +40 ////; 
ttag +41 ////; 
ttag +42 ////; 
ttag +43 ////; 
ttag +44 ////; 
ttag +45 ////; 
ttag +46 ////; 
ttag +47 ////; 
ttag +48 ////; 
ttag +49 100/100/100/100/100; 
ttag +50 98/96/97/98/97; 
ttag +51 95/94/87/96/84; 
ttag +52 56/41/35/56/41; 
ttag +53 21/6/?/14/2; 
ttag +54 68/61/59/48/46; 
ttag +55 88/84/74/86/78; 
ttag +56 45/30/16/42/28; 
ttag +57 100/100/99/100/99; 
ttag +58 65/44/48/53/49; 
ttag +59 44/32/20/43/20; 
ttag +60 73/68/63/80/63; 
ttag +61 6/[8]/?/?/?; 
ttag +62 43/28/20/34/21; 
ttag +63 21/6/3/10/3; 
ttag +64 56/27/26/25/34; 
ttag +65 63/58/53/52/49; 
ttag +66 64/52/46/51/44; 
ttag +67 92/90/76/89/80; 
ttag +68 99/99/97/98/96; 
ttag +69 47/23/12/24/7; 
ttag +70 76/67/52/65/62; 
ttag +71 93/92/85/96/87; 
ttag +72 70/60/49/66/54; 
ttag +73 96/96/91/94/90; 
ttag +74 86/81/79/80/64; 
ttag +75 67/54/35/37/29; 
ttag +76 53/40/18/22/14; 
ttag +77 95/94/83/94/84; 
ttag +78 34/21/8/12/4; 
ttag +79 62/40/38/52/29; 
ttag +80 96/96/91/98/95; 
ttag +81 19/[12]/?/?/?; 
ttag +82 2/[29]/?/?/?; 
ttag +83 26/13/4/?/?; 
ttag +84 83/78/75/84/80; 
ttag +85 54/32/23/19/7; 
ttag +86 94/92/91/94/91; 
ttag +87 63/45/38/48/40; 
ttag +88 90/87/88/84/73; 
ttag +89 99/98/98/99/98; 
ttag +90 86/84/76/85/76; 
ttag +91 60/36/35/46/31; 
ttag +92 79/70/66/75/66; 
ttag +93 24/9/8/15/7; 
ttag +94 38/23/15/22/16; 
