tread
'Tree with tags' 
(0 (1 (2 3 4 5 14 21 26 27 28 (11 ((6 7 )(8 (9 10 )))(12 13 ))((15 (16 17 ))(18 (19 20 )))(22 (23 (24 25 )))((29 (30 31 ))(((32 (33 34 ))(35 (36 (37 (38 39 )))))((47 ((40 41 )(42 43 )))(45 (44 46 )))))))); 
ttag *!; 
ttag +49 ???; 
ttag +50 2; 
ttag +51 1; 
ttag +52 4; 
ttag +53 1; 
ttag +54 4; 
ttag +55 1; 
ttag +56 2; 
ttag +57 7; 
ttag +58 4; 
ttag +59 2; 
ttag +60 7; 
ttag +61 5; 
ttag +62 7; 
ttag +63 6; 
ttag +64 9; 
ttag +65 1; 
ttag +66 5; 
ttag +67 8; 
ttag +68 1; 
ttag +69 9; 
ttag +70 2; 
ttag +71 4; 
ttag +72 6; 
ttag +73 4; 
ttag +74 6; 
ttag +75 2; 
ttag +76 2; 
ttag +77 10; 
ttag +78 2; 
ttag +79 5; 
ttag +80 11; 
ttag +81 1; 
ttag +82 1; 
tread
'Tree with tags' 
(0 (1 (2 (3 (4 (14 ((21 (5 (((6 7 )(8 (9 10 )))(11 (12 13 )))))(((15 (16 17 ))(18 (19 20 )))((26 (27 (28 (22 (23 (24 25 ))))))((29 (30 31 ))(((32 (33 34 ))(35 (36 (37 (38 39 )))))((47 ((40 41 )(42 43 )))(45 (44 46 )))))))))))))); 
ttag *!; 
ttag +0 ////; 
ttag +1 ////; 
ttag +2 ////; 
ttag +3 ////; 
ttag +4 ////; 
ttag +5 ////; 
ttag +6 ////; 
ttag +7 ////; 
ttag +8 ////; 
ttag +9 ////; 
ttag +10 ////; 
ttag +11 ////; 
ttag +12 ////; 
ttag +13 ////; 
ttag +14 ////; 
ttag +15 ////; 
ttag +16 ////; 
ttag +17 ////; 
ttag +18 ////; 
ttag +19 ////; 
ttag +20 ////; 
ttag +21 ////; 
ttag +22 ////; 
ttag +23 ////; 
ttag +24 ////; 
ttag +25 ////; 
ttag +26 ////; 
ttag +27 ////; 
ttag +28 ////; 
ttag +29 ////; 
ttag +30 ////; 
ttag +31 ////; 
ttag +32 ////; 
ttag +33 ////; 
ttag +34 ////; 
ttag +35 ////; 
ttag +36 ////; 
ttag +37 ////; 
ttag +38 ////; 
ttag +39 ////; 
ttag +40 ////; 
ttag +41 ////; 
ttag +42 ////; 
ttag +43 ////; 
ttag +44 ////; 
ttag +45 ////; 
ttag +46 ////; 
ttag +47 ////; 
ttag +48 ////; 
ttag +49 100/100/100/100/100; 
ttag +50 81/68/66/65/67; 
ttag +51 7/[52]/?/?/?; 
ttag +52 47/32/27/28/20; 
ttag +53 6/[3]/?/?/?; 
ttag +54 5/[4]/?/?/?; 
ttag +55 6/[4]/?/?/?; 
ttag +56 32/21/18/29/22; 
ttag +57 44/32/28/36/30; 
ttag +58 78/74/69/83/68; 
ttag +59 36/27/14/29/10; 
ttag +60 95/94/84/96/88; 
ttag +61 62/43/32/49/44; 
ttag +62 24/6/8/9/0; 
ttag +63 58/51/39/55/38; 
ttag +64 97/96/87/98/94; 
ttag +65 92/90/76/88/75; 
ttag +66 6/[4]/?/?/?; 
ttag +67 70/53/46/64/46; 
ttag +68 99/98/98/99/98; 
ttag +69 93/90/89/93/88; 
ttag +70 99/99/96/98/96; 
ttag +71 19/[50]/?/?/?; 
ttag +72 10/[59]/?/?/?; 
ttag +73 7/[62]/?/?/?; 
ttag +74 41/20/18/24/32; 
ttag +75 99/99/96/100/96; 
ttag +76 99/99/98/100/99; 
ttag +77 46/35/29/37/24; 
ttag +78 84/82/68/88/62; 
ttag +79 98/98/98/99/96; 
ttag +80 48/18/4/12/6; 
ttag +81 100/100/98/100/98; 
ttag +82 54/45/40/55/35; 
ttag +83 92/90/80/90/81; 
ttag +84 99/99/94/99/96; 
ttag +85 88/84/71/84/74; 
ttag +86 99/99/95/99/94; 
ttag +87 88/88/83/90/86; 
ttag +88 58/43/32/34/16; 
ttag +89 99/99/98/100/98; 
ttag +90 48/10/8/16/?; 
ttag +91 79/74/60/74/56; 
ttag +92 100/100/99/100/99; 
ttag +93 27/12/6/16/4; 
ttag +94 34/18/10/22/14; 
