tread
'Tree with tags' 
(0 (1 ((2 3 )(((4 (11 (((12 13 )(21 ((22 (23 (24 25 )))(26 27 (28 (((29 (30 31 ))(40 (41 (42 43 ))))((32 (35 (36 (37 38 39 ))))((46 (33 34 ))(44 (45 47 ))))))))))(14 ((16 (15 17 ))(18 (19 20 )))))))(5 (6 7 )))(10 (8 9 )))))); 
ttag *!; 
ttag +49 ???; 
ttag +50 9; 
ttag +51 4; 
ttag +52 1; 
ttag +53 2; 
ttag +54 9; 
ttag +55 1; 
ttag +56 4; 
ttag +57 1; 
ttag +58 5; 
ttag +59 1; 
ttag +60 1; 
ttag +61 1; 
ttag +62 1; 
ttag +63 1; 
ttag +64 1; 
ttag +65 1; 
ttag +66 2; 
ttag +67 3; 
ttag +68 8; 
ttag +69 1; 
ttag +70 7; 
ttag +71 4; 
ttag +72 3; 
ttag +73 12; 
ttag +74 5; 
ttag +75 3; 
ttag +76 7; 
ttag +77 1; 
ttag +78 5; 
ttag +79 1; 
ttag +80 1; 
ttag +81 1; 
ttag +82 6; 
ttag +83 1; 
ttag +84 1; 
ttag +85 5; 
ttag +86 8; 
ttag +87 4; 
ttag +88 6; 
ttag +89 1; 
ttag +90 9; 
ttag +91 2; 
ttag +92 1; 
tread
'Tree with tags' 
(0 (1 ((2 3 )(((4 (11 (((12 13 )(21 ((22 (23 (24 25 )))(26 (27 (28 (((29 (30 31 ))(40 (41 (42 43 ))))((32 (35 (36 (38 (37 39 )))))((46 (33 34 ))(44 (45 47 )))))))))))(14 ((16 (15 17 ))(18 (19 20 )))))))(5 (6 7 )))(10 (8 9 )))))); 
ttag *!; 
ttag +0 ////; 
ttag +1 ////; 
ttag +2 ////; 
ttag +3 ////; 
ttag +4 ////; 
ttag +5 ////; 
ttag +6 ////; 
ttag +7 ////; 
ttag +8 ////; 
ttag +9 ////; 
ttag +10 ////; 
ttag +11 ////; 
ttag +12 ////; 
ttag +13 ////; 
ttag +14 ////; 
ttag +15 ////; 
ttag +16 ////; 
ttag +17 ////; 
ttag +18 ////; 
ttag +19 ////; 
ttag +20 ////; 
ttag +21 ////; 
ttag +22 ////; 
ttag +23 ////; 
ttag +24 ////; 
ttag +25 ////; 
ttag +26 ////; 
ttag +27 ////; 
ttag +28 ////; 
ttag +29 ////; 
ttag +30 ////; 
ttag +31 ////; 
ttag +32 ////; 
ttag +33 ////; 
ttag +34 ////; 
ttag +35 ////; 
ttag +36 ////; 
ttag +37 ////; 
ttag +38 ////; 
ttag +39 ////; 
ttag +40 ////; 
ttag +41 ////; 
ttag +42 ////; 
ttag +43 ////; 
ttag +44 ////; 
ttag +45 ////; 
ttag +46 ////; 
ttag +47 ////; 
ttag +48 ////; 
ttag +49 100/100/100/100/100; 
ttag +50 100/100/98/99/98; 
ttag +51 85/77/64/82/74; 
ttag +52 49/37/25/29/28; 
ttag +53 68/61/37/54/44; 
ttag +54 99/99/93/99/96; 
ttag +55 44/26/27/27/18; 
ttag +56 94/94/80/92/77; 
ttag +57 76/71/54/67/54; 
ttag +58 98/98/93/98/94; 
ttag +59 67/53/47/50/49; 
ttag +60 60/54/50/62/54; 
ttag +61 32/16/5/8/4; 
ttag +62 42/28/11/30/24; 
ttag +63 40/34/26/40/33; 
ttag +64 21/2/?/5/?; 
ttag +65 48/29/32/38/24; 
ttag +66 58/48/43/50/49; 
ttag +67 95/94/88/97/89; 
ttag +68 99/99/100/100/99; 
ttag +69 48/42/31/48/34; 
ttag +70 94/93/87/95/89; 
ttag +71 82/77/68/84/68; 
ttag +72 83/74/64/79/71; 
ttag +73 100/100/100/100/100; 
ttag +74 81/76/71/79/73; 
ttag +75 36/0/?/3/0; 
ttag +76 64/52/44/66/47; 
ttag +77 98/97/89/96/92; 
ttag +78 44/35/20/45/27; 
ttag +79 87/85/64/85/73; 
ttag +80 49/16/19/24/24; 
ttag +81 52/34/32/33/32; 
ttag +82 43/30/18/34/25; 
ttag +83 92/88/78/92/76; 
ttag +84 22/[27]/?/?/?; 
ttag +85 15/[33]/?/?/?; 
ttag +86 89/88/80/89/79; 
ttag +87 96/95/90/96/88; 
ttag +88 26/25/19/14/19; 
ttag +89 93/91/82/92/82; 
ttag +90 93/90/78/91/79; 
ttag +91 59/36/36/45/32; 
ttag +92 100/100/100/100/99; 
ttag +93 77/75/58/70/62; 
ttag +94 26/0/3/11/7; 
