tread
'Tree with tags' 
(0 (1 (2 3 ((4 ((5 11 (12 14 (13 ((15 (16 17 ))(18 (19 20 ))))(21 ((22 (23 (24 25 )))(26 27 (28 ((29 (30 31 ))((32 ((33 34 )(35 36 (37 (38 39 )))))(40 41 (42 43 ))(44 45 46 47 )))))))))(6 7 )))(8 9 10 ))))); 
ttag *!; 
ttag +49 ???; 
ttag +50 3; 
ttag +51 1; 
ttag +52 5; 
ttag +53 1; 
ttag +54 2; 
ttag +55 4; 
ttag +56 5; 
ttag +57 1; 
ttag +58 1; 
ttag +59 7; 
ttag +60 2; 
ttag +61 1; 
ttag +62 3; 
ttag +63 9; 
ttag +64 2; 
ttag +65 2; 
ttag +66 5; 
ttag +67 6; 
ttag +68 9; 
ttag +69 5; 
ttag +70 1; 
ttag +71 2; 
ttag +72 1; 
ttag +73 1; 
ttag +74 2; 
ttag +75 1; 
ttag +76 2; 
ttag +77 1; 
ttag +78 1; 
ttag +79 8; 
ttag +80 3; 
ttag +81 7; 
ttag +82 3; 
ttag +83 2; 
tread
'Tree with tags' 
(0 (1 ((2 3 )((4 ((5 (11 (12 ((14 (13 ((15 (16 17 ))(18 (19 20 )))))(21 ((22 (23 (24 25 )))((26 27 )(28 ((29 (30 31 ))((32 ((33 34 )(35 (36 (37 (38 39 ))))))((40 (41 (42 43 )))(47 (45 (44 46 ))))))))))))))(6 7 )))(10 (8 9 )))))); 
ttag *!; 
ttag +0 ////; 
ttag +1 ////; 
ttag +2 ////; 
ttag +3 ////; 
ttag +4 ////; 
ttag +5 ////; 
ttag +6 ////; 
ttag +7 ////; 
ttag +8 ////; 
ttag +9 ////; 
ttag +10 ////; 
ttag +11 ////; 
ttag +12 ////; 
ttag +13 ////; 
ttag +14 ////; 
ttag +15 ////; 
ttag +16 ////; 
ttag +17 ////; 
ttag +18 ////; 
ttag +19 ////; 
ttag +20 ////; 
ttag +21 ////; 
ttag +22 ////; 
ttag +23 ////; 
ttag +24 ////; 
ttag +25 ////; 
ttag +26 ////; 
ttag +27 ////; 
ttag +28 ////; 
ttag +29 ////; 
ttag +30 ////; 
ttag +31 ////; 
ttag +32 ////; 
ttag +33 ////; 
ttag +34 ////; 
ttag +35 ////; 
ttag +36 ////; 
ttag +37 ////; 
ttag +38 ////; 
ttag +39 ////; 
ttag +40 ////; 
ttag +41 ////; 
ttag +42 ////; 
ttag +43 ////; 
ttag +44 ////; 
ttag +45 ////; 
ttag +46 ////; 
ttag +47 ////; 
ttag +48 ////; 
ttag +49 100/100/100/100/100; 
ttag +50 50/24/27/33/24; 
ttag +51 82/72/72/68/72; 
ttag +52 41/16/14/13/12; 
ttag +53 89/85/74/88/75; 
ttag +54 22/9/4/7/3; 
ttag +55 34/20/12/23/14; 
ttag +56 90/87/77/90/76; 
ttag +57 28/[16]/?/?/?; 
ttag +58 98/97/97/96/94; 
ttag +59 26/12/8/18/12; 
ttag +60 24/10/6/6/4; 
ttag +61 18/2/?/?/?; 
ttag +62 8/[7]/?/?/?; 
ttag +63 6/[8]/?/?/?; 
ttag +64 97/96/97/99/95; 
ttag +65 33/19/12/15/14; 
ttag +66 45/17/11/11/13; 
ttag +67 79/75/63/83/70; 
ttag +68 100/100/100/99/99; 
ttag +69 35/19/10/10/1; 
ttag +70 72/66/63/67/60; 
ttag +71 78/72/57/70/63; 
ttag +72 94/90/89/93/84; 
ttag +73 100/100/100/100/100; 
ttag +74 65/46/43/37/39; 
ttag +75 93/92/84/93/79; 
ttag +76 60/48/36/46/32; 
ttag +77 73/69/63/74/56; 
ttag +78 61/49/44/45/35; 
ttag +79 57/28/16/38/31; 
ttag +80 68/64/49/56/48; 
ttag +81 53/41/32/35/26; 
ttag +82 77/71/67/72/68; 
ttag +83 48/43/37/46/39; 
ttag +84 58/46/38/46/35; 
ttag +85 18/[16]/?/?/?; 
ttag +86 100/100/99/100/100; 
ttag +87 92/88/84/86/84; 
ttag +88 99/99/97/99/98; 
ttag +89 41/28/23/25/23; 
ttag +90 45/26/30/33/30; 
ttag +91 91/90/84/89/82; 
ttag +92 23/6/?/0/?; 
ttag +93 36/23/15/14/15; 
ttag +94 84/79/61/77/66; 
