tread
'Tree with tags' 
(0 (1 ((2 3 )(4 (5 (((6 7 )(13 (12 (((14 (18 (19 20 )))(15 (16 17 )))(21 ((22 (23 (24 25 )))(26 (27 (28 (((29 (30 31 ))((40 41 (42 43 ))(47 (46 (44 45 )))))(32 ((33 34 )(35 (36 (37 38 39 )))))))))))))))(11 (8 (9 10 ))))))))); 
ttag *!; 
ttag +49 ???; 
ttag +50 5; 
ttag +51 6; 
ttag +52 2; 
ttag +53 1; 
ttag +54 1; 
ttag +55 1; 
ttag +56 1; 
ttag +57 10; 
ttag +58 1; 
ttag +59 4; 
ttag +60 1; 
ttag +61 1; 
ttag +62 1; 
ttag +63 1; 
ttag +64 2; 
ttag +65 10; 
ttag +66 2; 
ttag +67 6; 
ttag +68 12; 
ttag +69 2; 
ttag +70 9; 
ttag +71 2; 
ttag +72 3; 
ttag +73 8; 
ttag +74 1; 
ttag +75 1; 
ttag +76 2; 
ttag +77 4; 
ttag +78 1; 
ttag +79 5; 
ttag +80 3; 
ttag +81 5; 
ttag +82 5; 
ttag +83 2; 
ttag +84 1; 
ttag +85 4; 
ttag +86 10; 
ttag +87 5; 
ttag +88 1; 
ttag +89 6; 
ttag +90 1; 
ttag +91 1; 
ttag +92 1; 
tread
'Tree with tags' 
(0 (1 ((2 3 )(4 (5 (((6 7 )(13 (12 (((14 (18 (19 20 )))(15 (16 17 )))(21 ((22 (23 (24 25 )))(26 (27 (28 (((29 (30 31 ))((40 (41 (42 43 )))(47 (46 (44 45 )))))(32 ((33 34 )(35 (36 (39 (37 38 ))))))))))))))))(11 (8 (9 10 ))))))))); 
ttag *!; 
ttag +0 ////; 
ttag +1 ////; 
ttag +2 ////; 
ttag +3 ////; 
ttag +4 ////; 
ttag +5 ////; 
ttag +6 ////; 
ttag +7 ////; 
ttag +8 ////; 
ttag +9 ////; 
ttag +10 ////; 
ttag +11 ////; 
ttag +12 ////; 
ttag +13 ////; 
ttag +14 ////; 
ttag +15 ////; 
ttag +16 ////; 
ttag +17 ////; 
ttag +18 ////; 
ttag +19 ////; 
ttag +20 ////; 
ttag +21 ////; 
ttag +22 ////; 
ttag +23 ////; 
ttag +24 ////; 
ttag +25 ////; 
ttag +26 ////; 
ttag +27 ////; 
ttag +28 ////; 
ttag +29 ////; 
ttag +30 ////; 
ttag +31 ////; 
ttag +32 ////; 
ttag +33 ////; 
ttag +34 ////; 
ttag +35 ////; 
ttag +36 ////; 
ttag +37 ////; 
ttag +38 ////; 
ttag +39 ////; 
ttag +40 ////; 
ttag +41 ////; 
ttag +42 ////; 
ttag +43 ////; 
ttag +44 ////; 
ttag +45 ////; 
ttag +46 ////; 
ttag +47 ////; 
ttag +48 ////; 
ttag +49 100/100/100/100/100; 
ttag +50 99/99/98/97/95; 
ttag +51 87/80/60/81/66; 
ttag +52 70/64/52/58/47; 
ttag +53 27/13/2/10/12; 
ttag +54 49/36/31/36/38; 
ttag +55 9/[4]/?/?/?; 
ttag +56 30/20/6/13/16; 
ttag +57 100/100/100/100/100; 
ttag +58 19/5/3/3/8; 
ttag +59 98/96/94/92/91; 
ttag +60 12/[25]/?/?/?; 
ttag +61 21/8/?/13/10; 
ttag +62 46/30/31/32/32; 
ttag +63 27/6/12/12/8; 
ttag +64 39/25/17/33/18; 
ttag +65 100/100/99/100/98; 
ttag +66 70/57/52/53/45; 
ttag +67 98/97/92/96/92; 
ttag +68 100/100/100/100/100; 
ttag +69 32/18/16/26/14; 
ttag +70 99/98/94/98/92; 
ttag +71 41/27/21/36/20; 
ttag +72 88/85/77/77/78; 
ttag +73 97/96/94/98/94; 
ttag +74 56/46/38/44/40; 
ttag +75 50/40/42/43/32; 
ttag +76 65/57/40/47/42; 
ttag +77 91/90/79/92/83; 
ttag +78 39/23/8/13/8; 
ttag +79 90/89/81/90/76; 
ttag +80 91/87/82/89/74; 
ttag +81 92/90/88/91/89; 
ttag +82 97/95/94/96/95; 
ttag +83 61/51/45/58/54; 
ttag +84 54/41/38/40/36; 
ttag +85 81/73/62/76/70; 
ttag +86 38/[3]/11/6/?; 
ttag +87 100/100/98/100/99; 
ttag +88 93/92/83/92/81; 
ttag +89 44/21/4/18/9; 
ttag +90 47/20/28/29/24; 
ttag +91 99/99/90/97/96; 
ttag +92 46/28/15/24/14; 
ttag +93 29/11/1/6/?; 
ttag +94 55/46/32/35/30; 
