tread
'Tree with tags' 
(0 (1 (2 3 )(4 (5 (6 7 (8 (9 10 ))(11 (12 13 14 18 (15 16 17 )(19 20 )(21 ((22 (23 (24 25 )))(26 (27 (28 ((29 (30 31 ))((32 (33 34 )(35 (36 (37 (38 39 )))))(40 (41 (42 43 )))(46 (44 (45 47 ))))))))))))))))); 
ttag *!; 
ttag +49 ???; 
ttag +50 4; 
ttag +51 1; 
ttag +52 3; 
ttag +53 3; 
ttag +54 7; 
ttag +55 1; 
ttag +56 4; 
ttag +57 1; 
ttag +58 8; 
ttag +59 2; 
ttag +60 5; 
ttag +61 5; 
ttag +62 6; 
ttag +63 1; 
ttag +64 2; 
ttag +65 2; 
ttag +66 5; 
ttag +67 1; 
ttag +68 4; 
ttag +69 3; 
ttag +70 5; 
ttag +71 6; 
ttag +72 3; 
ttag +73 2; 
ttag +74 2; 
ttag +75 5; 
ttag +76 2; 
ttag +77 6; 
ttag +78 1; 
ttag +79 7; 
ttag +80 1; 
ttag +81 2; 
ttag +82 1; 
ttag +83 ???; 
tread
'Tree with tags' 
(0 ((1 (2 3 ))(4 (5 ((6 (7 (8 (9 10 ))))(11 ((12 (14 (21 ((22 (23 (24 25 )))(26 (27 (28 ((29 (30 31 ))(((32 (33 34 ))(35 (36 (37 (38 39 )))))((40 (41 (42 43 )))(46 (44 (45 47 )))))))))))))(13 (18 ((16 (15 17 ))(19 20 ))))))))))); 
ttag *!; 
ttag +0 ////; 
ttag +1 ////; 
ttag +2 ////; 
ttag +3 ////; 
ttag +4 ////; 
ttag +5 ////; 
ttag +6 ////; 
ttag +7 ////; 
ttag +8 ////; 
ttag +9 ////; 
ttag +10 ////; 
ttag +11 ////; 
ttag +12 ////; 
ttag +13 ////; 
ttag +14 ////; 
ttag +15 ////; 
ttag +16 ////; 
ttag +17 ////; 
ttag +18 ////; 
ttag +19 ////; 
ttag +20 ////; 
ttag +21 ////; 
ttag +22 ////; 
ttag +23 ////; 
ttag +24 ////; 
ttag +25 ////; 
ttag +26 ////; 
ttag +27 ////; 
ttag +28 ////; 
ttag +29 ////; 
ttag +30 ////; 
ttag +31 ////; 
ttag +32 ////; 
ttag +33 ////; 
ttag +34 ////; 
ttag +35 ////; 
ttag +36 ////; 
ttag +37 ////; 
ttag +38 ////; 
ttag +39 ////; 
ttag +40 ////; 
ttag +41 ////; 
ttag +42 ////; 
ttag +43 ////; 
ttag +44 ////; 
ttag +45 ////; 
ttag +46 ////; 
ttag +47 ////; 
ttag +48 ////; 
ttag +49 26/[23]/?/?/?; 
ttag +50 100/100/100/100/100; 
ttag +51 98/97/96/98/92; 
ttag +52 68/54/47/51/48; 
ttag +53 83/75/66/80/68; 
ttag +54 31/2/?/?/?; 
ttag +55 82/74/63/78/61; 
ttag +56 51/22/20/18/16; 
ttag +57 100/100/99/100/99; 
ttag +58 74/74/66/65/69; 
ttag +59 87/86/68/84/66; 
ttag +60 0/[16]/?/?/?; 
ttag +61 55/37/22/28/24; 
ttag +62 33/21/12/16/13; 
ttag +63 0/[16]/?/?/?; 
ttag +64 26/[2]/?/?/?; 
ttag +65 88/85/79/76/75; 
ttag +66 19/[22]/?/?/?; 
ttag +67 61/50/38/48/43; 
ttag +68 100/100/98/100/99; 
ttag +69 76/73/60/71/56; 
ttag +70 96/95/92/98/88; 
ttag +71 95/95/88/98/89; 
ttag +72 96/95/92/98/94; 
ttag +73 52/17/24/34/20; 
ttag +74 82/72/66/76/57; 
ttag +75 75/65/58/70/47; 
ttag +76 79/74/67/79/55; 
ttag +77 44/27/22/28/33; 
ttag +78 87/84/79/89/82; 
ttag +79 88/84/85/85/79; 
ttag +80 10/[27]/?/?/?; 
ttag +81 91/90/82/92/87; 
ttag +82 96/95/85/92/79; 
ttag +83 64/54/51/56/50; 
ttag +84 78/76/68/76/67; 
ttag +85 71/64/54/69/54; 
ttag +86 97/96/96/98/96; 
ttag +87 63/50/37/58/48; 
ttag +88 92/91/82/94/86; 
ttag +89 32/4/6/4/14; 
ttag +90 42/13/6/14/4; 
ttag +91 98/98/96/99/98; 
ttag +92 23/1/?/16/10; 
ttag +93 39/28/23/32/27; 
ttag +94 16/[5]/?/8/2; 
