tread
'Tree with tags' 
(0 (1 ((2 3 )(4 (5 (6 7 (8 (9 10 ))(11 ((12 13 )(((14 (15 (16 17 )))(21 ((22 (23 (24 25 )))(26 (27 (28 (29 (30 31 ))(32 (35 (33 34 )(36 (37 38 39 ))))(44 45 46 47 (40 41 (42 43 )))))))))(18 (19 20 ))))))))))); 
ttag *!; 
ttag +49 ???; 
ttag +50 9; 
ttag +51 5; 
ttag +52 1; 
ttag +53 2; 
ttag +54 2; 
ttag +55 12; 
ttag +56 2; 
ttag +57 2; 
ttag +58 1; 
ttag +59 1; 
ttag +60 1; 
ttag +61 1; 
ttag +62 1; 
ttag +63 5; 
ttag +64 4; 
ttag +65 9; 
ttag +66 7; 
ttag +67 2; 
ttag +68 5; 
ttag +69 3; 
ttag +70 6; 
ttag +71 4; 
ttag +72 5; 
ttag +73 3; 
ttag +74 2; 
ttag +75 7; 
ttag +76 7; 
ttag +77 2; 
ttag +78 2; 
ttag +79 1; 
ttag +80 2; 
ttag +81 8; 
ttag +82 3; 
ttag +83 2; 
ttag +84 6; 
tread
'Tree with tags' 
(0 (1 ((2 3 )(4 (5 ((6 (8 (9 10 )))(7 (11 ((12 13 )(((14 (15 (16 17 )))(21 ((22 (23 (24 25 )))(26 (27 (28 (((29 (30 31 ))(32 ((33 34 )(35 (36 (39 (37 38 )))))))(((40 41 )(42 43 ))(46 (45 (44 47 )))))))))))(18 (19 20 )))))))))))); 
ttag *!; 
ttag +0 ////; 
ttag +1 ////; 
ttag +2 ////; 
ttag +3 ////; 
ttag +4 ////; 
ttag +5 ////; 
ttag +6 ////; 
ttag +7 ////; 
ttag +8 ////; 
ttag +9 ////; 
ttag +10 ////; 
ttag +11 ////; 
ttag +12 ////; 
ttag +13 ////; 
ttag +14 ////; 
ttag +15 ////; 
ttag +16 ////; 
ttag +17 ////; 
ttag +18 ////; 
ttag +19 ////; 
ttag +20 ////; 
ttag +21 ////; 
ttag +22 ////; 
ttag +23 ////; 
ttag +24 ////; 
ttag +25 ////; 
ttag +26 ////; 
ttag +27 ////; 
ttag +28 ////; 
ttag +29 ////; 
ttag +30 ////; 
ttag +31 ////; 
ttag +32 ////; 
ttag +33 ////; 
ttag +34 ////; 
ttag +35 ////; 
ttag +36 ////; 
ttag +37 ////; 
ttag +38 ////; 
ttag +39 ////; 
ttag +40 ////; 
ttag +41 ////; 
ttag +42 ////; 
ttag +43 ////; 
ttag +44 ////; 
ttag +45 ////; 
ttag +46 ////; 
ttag +47 ////; 
ttag +48 ////; 
ttag +49 100/100/100/100/100; 
ttag +50 99/99/99/100/99; 
ttag +51 95/94/91/96/93; 
ttag +52 49/29/24/31/23; 
ttag +53 52/42/22/46/19; 
ttag +54 37/26/21/28/25; 
ttag +55 50/41/28/40/20; 
ttag +56 31/2/0/4/?; 
ttag +57 100/100/99/100/100; 
ttag +58 55/42/30/52/32; 
ttag +59 60/48/35/48/35; 
ttag +60 53/37/33/40/30; 
ttag +61 58/52/48/51/41; 
ttag +62 46/29/14/22/13; 
ttag +63 16/[12]/?/?/?; 
ttag +64 48/44/36/47/32; 
ttag +65 99/99/94/98/90; 
ttag +66 94/92/84/94/83; 
ttag +67 98/98/98/99/99; 
ttag +68 99/98/99/99/98; 
ttag +69 57/40/20/32/26; 
ttag +70 95/95/92/97/86; 
ttag +71 88/85/75/85/70; 
ttag +72 97/97/91/97/90; 
ttag +73 95/93/84/91/75; 
ttag +74 83/80/54/78/62; 
ttag +75 64/61/42/64/43; 
ttag +76 68/65/45/64/46; 
ttag +77 99/99/99/100/98; 
ttag +78 30/[3]/2/?/?; 
ttag +79 51/36/26/38/27; 
ttag +80 99/98/98/100/96; 
ttag +81 85/83/78/82/76; 
ttag +82 77/73/62/80/66; 
ttag +83 58/46/36/44/30; 
ttag +84 36/24/20/22/14; 
ttag +85 86/83/75/74/77; 
ttag +86 17/[10]/2/?/0; 
ttag +87 100/100/99/100/97; 
ttag +88 18/[21]/?/?/?; 
ttag +89 79/67/61/64/50; 
ttag +90 74/60/57/60/54; 
ttag +91 97/96/93/98/94; 
ttag +92 16/1/?/4/5; 
ttag +93 21/7/0/2/4; 
ttag +94 29/15/4/14/2; 
