tread
'Tree with tags' 
(0 (1 ((2 3 )(4 (5 ((6 7 )(11 (8 (9 10 ))((12 13 )((14 ((15 (16 17 ))(18 (19 20 ))))(21 (22 (23 (24 25 )))(26 27 (28 ((29 (30 31 ))(32 (33 34 )(35 (36 (37 38 39 )))(((40 41 )(42 43 ))(45 (44 (46 47 )))))))))))))))))); 
ttag *!; 
ttag +49 ???; 
ttag +50 7; 
ttag +51 2; 
ttag +52 1; 
ttag +53 3; 
ttag +54 3; 
ttag +55 3; 
ttag +56 14; 
ttag +57 1; 
ttag +58 4; 
ttag +59 1; 
ttag +60 2; 
ttag +61 2; 
ttag +62 1; 
ttag +63 2; 
ttag +64 2; 
ttag +65 2; 
ttag +66 7; 
ttag +67 10; 
ttag +68 1; 
ttag +69 1; 
ttag +70 8; 
ttag +71 2; 
ttag +72 4; 
ttag +73 1; 
ttag +74 1; 
ttag +75 2; 
ttag +76 4; 
ttag +77 4; 
ttag +78 1; 
ttag +79 1; 
ttag +80 2; 
ttag +81 2; 
ttag +82 1; 
ttag +83 6; 
ttag +84 3; 
ttag +85 7; 
ttag +86 1; 
ttag +87 4; 
ttag +88 4; 
tread
'Tree with tags' 
(0 (1 ((2 3 )(4 (5 ((6 7 )((8 (9 10 ))(11 ((12 13 )((14 ((15 (16 17 ))(18 (19 20 ))))(21 ((22 (23 (24 25 )))(27 (26 (28 ((29 (30 31 ))(32 ((33 34 )((35 (36 (37 (38 39 ))))(((40 41 )(42 43 ))(45 (44 (46 47 ))))))))))))))))))))))); 
ttag *!; 
ttag +0 ////; 
ttag +1 ////; 
ttag +2 ////; 
ttag +3 ////; 
ttag +4 ////; 
ttag +5 ////; 
ttag +6 ////; 
ttag +7 ////; 
ttag +8 ////; 
ttag +9 ////; 
ttag +10 ////; 
ttag +11 ////; 
ttag +12 ////; 
ttag +13 ////; 
ttag +14 ////; 
ttag +15 ////; 
ttag +16 ////; 
ttag +17 ////; 
ttag +18 ////; 
ttag +19 ////; 
ttag +20 ////; 
ttag +21 ////; 
ttag +22 ////; 
ttag +23 ////; 
ttag +24 ////; 
ttag +25 ////; 
ttag +26 ////; 
ttag +27 ////; 
ttag +28 ////; 
ttag +29 ////; 
ttag +30 ////; 
ttag +31 ////; 
ttag +32 ////; 
ttag +33 ////; 
ttag +34 ////; 
ttag +35 ////; 
ttag +36 ////; 
ttag +37 ////; 
ttag +38 ////; 
ttag +39 ////; 
ttag +40 ////; 
ttag +41 ////; 
ttag +42 ////; 
ttag +43 ////; 
ttag +44 ////; 
ttag +45 ////; 
ttag +46 ////; 
ttag +47 ////; 
ttag +48 ////; 
ttag +49 100/100/100/100/100; 
ttag +50 99/99/98/100/97; 
ttag +51 68/57/56/62/54; 
ttag +52 69/58/43/59/52; 
ttag +53 80/78/67/80/61; 
ttag +54 90/89/79/90/81; 
ttag +55 76/74/62/75/53; 
ttag +56 100/100/100/100/100; 
ttag +57 47/42/32/48/27; 
ttag +58 80/70/68/81/56; 
ttag +59 8/[6]/?/?/?; 
ttag +60 44/34/23/33/30; 
ttag +61 42/33/25/51/24; 
ttag +62 54/49/36/66/40; 
ttag +63 21/15/1/24/7; 
ttag +64 72/68/57/71/60; 
ttag +65 48/35/34/49/24; 
ttag +66 68/60/52/52/51; 
ttag +67 90/87/86/96/84; 
ttag +68 100/100/100/100/100; 
ttag +69 34/29/21/33/17; 
ttag +70 60/48/41/58/47; 
ttag +71 14/[17]/?/?/?; 
ttag +72 99/98/97/100/99; 
ttag +73 72/52/42/58/60; 
ttag +74 2/[43]/?/?/?; 
ttag +75 84/80/69/85/68; 
ttag +76 57/48/30/45/30; 
ttag +77 79/71/65/72/68; 
ttag +78 65/60/45/70/48; 
ttag +79 95/93/90/95/90; 
ttag +80 74/63/50/72/47; 
ttag +81 54/46/44/55/45; 
ttag +82 1/[40]/?/?/?; 
ttag +83 68/66/57/67/58; 
ttag +84 10/[32]/?/?/?; 
ttag +85 80/77/70/86/66; 
ttag +86 75/72/68/79/62; 
ttag +87 25/[4]/?/?/?; 
ttag +88 52/36/28/31/31; 
ttag +89 93/92/89/92/91; 
ttag +90 72/64/52/64/50; 
ttag +91 100/100/100/99/99; 
ttag +92 48/33/11/43/17; 
ttag +93 85/76/69/78/72; 
ttag +94 61/52/37/58/38; 
