tread
'Tree with tags' 
(0 (1 ((2 3 )(4 (5 (11 (12 13 14 18 21 (6 7 (8 9 10 ))(15 (16 17 ))(19 20 )(22 28 (23 (24 25 ))(26 27 )(29 (30 31 ))(32 ((33 34 )(35 (36 (37 (38 39 ))))))(40 (41 (42 43 )))(45 (44 (46 47 ))))))))))); 
ttag *!; 
ttag +49 ???; 
ttag +50 4; 
ttag +51 4; 
ttag +52 7; 
ttag +53 3; 
ttag +54 1; 
ttag +55 2; 
ttag +56 2; 
ttag +57 4; 
ttag +58 6; 
ttag +59 2; 
ttag +60 6; 
ttag +61 5; 
ttag +62 7; 
ttag +63 4; 
ttag +64 3; 
ttag +65 4; 
ttag +66 1; 
ttag +67 5; 
ttag +68 5; 
ttag +69 2; 
ttag +70 3; 
ttag +71 2; 
ttag +72 8; 
ttag +73 2; 
ttag +74 4; 
ttag +75 1; 
ttag +76 11; 
ttag +77 1; 
ttag +78 3; 
ttag +79 1; 
tread
'Tree with tags' 
(0 (1 ((2 3 )(4 (5 (11 ((7 (6 (8 (9 10 ))))((12 ((13 14 )((15 (16 17 ))(19 20 ))))(21 (18 (22 (((23 (24 25 ))((40 (41 (42 43 )))(45 (44 (46 47 )))))((26 27 )(28 ((29 (30 31 ))(32 ((33 34 )(35 (36 (37 (38 39 ))))))))))))))))))))); 
ttag *!; 
ttag +0 ////; 
ttag +1 ////; 
ttag +2 ////; 
ttag +3 ////; 
ttag +4 ////; 
ttag +5 ////; 
ttag +6 ////; 
ttag +7 ////; 
ttag +8 ////; 
ttag +9 ////; 
ttag +10 ////; 
ttag +11 ////; 
ttag +12 ////; 
ttag +13 ////; 
ttag +14 ////; 
ttag +15 ////; 
ttag +16 ////; 
ttag +17 ////; 
ttag +18 ////; 
ttag +19 ////; 
ttag +20 ////; 
ttag +21 ////; 
ttag +22 ////; 
ttag +23 ////; 
ttag +24 ////; 
ttag +25 ////; 
ttag +26 ////; 
ttag +27 ////; 
ttag +28 ////; 
ttag +29 ////; 
ttag +30 ////; 
ttag +31 ////; 
ttag +32 ////; 
ttag +33 ////; 
ttag +34 ////; 
ttag +35 ////; 
ttag +36 ////; 
ttag +37 ////; 
ttag +38 ////; 
ttag +39 ////; 
ttag +40 ////; 
ttag +41 ////; 
ttag +42 ////; 
ttag +43 ////; 
ttag +44 ////; 
ttag +45 ////; 
ttag +46 ////; 
ttag +47 ////; 
ttag +48 ////; 
ttag +49 100/100/100/100/100; 
ttag +50 86/79/80/78/76; 
ttag +51 88/84/72/86/80; 
ttag +52 96/95/90/97/89; 
ttag +53 48/28/18/28/24; 
ttag +54 46/27/14/25/10; 
ttag +55 71/69/54/66/52; 
ttag +56 45/25/14/28/20; 
ttag +57 33/13/5/20/14; 
ttag +58 94/93/86/94/83; 
ttag +59 35/10/8/9/2; 
ttag +60 2/[39]/?/?/?; 
ttag +61 27/6/3/2/1; 
ttag +62 15/[4]/?/?/?; 
ttag +63 1/[39]/?/?/?; 
ttag +64 98/98/93/98/94; 
ttag +65 39/[2]/4/?/?; 
ttag +66 91/86/77/80/76; 
ttag +67 8/[32]/?/?/?; 
ttag +68 4/[36]/?/?/?; 
ttag +69 98/98/97/99/98; 
ttag +70 89/88/77/92/79; 
ttag +71 98/98/96/98/98; 
ttag +72 6/[46]/?/?/?; 
ttag +73 14/[23]/?/?/?; 
ttag +74 86/76/62/79/68; 
ttag +75 88/86/81/88/82; 
ttag +76 10/[30]/?/?/?; 
ttag +77 16/[25]/?/?/?; 
ttag +78 92/91/74/84/79; 
ttag +79 15/[26]/?/?/?; 
ttag +80 75/65/48/57/55; 
ttag +81 88/85/73/75/69; 
ttag +82 84/79/75/71/63; 
ttag +83 53/45/29/40/29; 
ttag +84 70/64/47/63/53; 
ttag +85 70/65/48/62/51; 
ttag +86 94/93/83/90/85; 
ttag +87 72/64/45/63/47; 
ttag +88 84/78/60/80/72; 
ttag +89 23/[18]/?/?/?; 
ttag +90 44/26/0/22/15; 
ttag +91 100/100/100/100/100; 
ttag +92 20/[6]/?/?/?; 
ttag +93 57/46/46/54/45; 
ttag +94 21/[4]/?/0/?; 
