tread
'Tree with tags' 
(0 (1 ((2 3 )(4 (5 ((7 (6 11 ))((8 (9 10 ))((12 13 )((14 ((15 (16 17 ))(18 (19 20 ))))(21 ((22 (23 (24 25 )))(26 (27 (28 (29 (30 31 ))((32 (33 34 ))(35 (36 (38 (37 39 )))))((40 41 (42 43 ))(44 45 46 47 )))))))))))))))); 
ttag *!; 
ttag +49 ???; 
ttag +50 5; 
ttag +51 5; 
ttag +52 3; 
ttag +53 2; 
ttag +54 1; 
ttag +55 1; 
ttag +56 1; 
ttag +57 11; 
ttag +58 1; 
ttag +59 5; 
ttag +60 2; 
ttag +61 4; 
ttag +62 3; 
ttag +63 1; 
ttag +64 2; 
ttag +65 2; 
ttag +66 1; 
ttag +67 2; 
ttag +68 10; 
ttag +69 4; 
ttag +70 4; 
ttag +71 3; 
ttag +72 6; 
ttag +73 5; 
ttag +74 4; 
ttag +75 1; 
ttag +76 1; 
ttag +77 1; 
ttag +78 1; 
ttag +79 1; 
ttag +80 8; 
ttag +81 4; 
ttag +82 2; 
ttag +83 1; 
ttag +84 1; 
ttag +85 4; 
ttag +86 7; 
ttag +87 1; 
ttag +88 7; 
ttag +89 1; 
tread
'Tree with tags' 
(0 (1 ((2 3 )(4 (5 ((7 (6 11 ))((8 (9 10 ))((12 13 )((14 ((15 (16 17 ))(18 (19 20 ))))(21 ((22 (23 (24 25 )))(26 (27 (28 ((29 (30 31 ))(((32 (33 34 ))(35 (36 (38 (37 39 )))))((41 (40 (42 43 )))(45 (47 (44 46 )))))))))))))))))))); 
ttag *!; 
ttag +0 ////; 
ttag +1 ////; 
ttag +2 ////; 
ttag +3 ////; 
ttag +4 ////; 
ttag +5 ////; 
ttag +6 ////; 
ttag +7 ////; 
ttag +8 ////; 
ttag +9 ////; 
ttag +10 ////; 
ttag +11 ////; 
ttag +12 ////; 
ttag +13 ////; 
ttag +14 ////; 
ttag +15 ////; 
ttag +16 ////; 
ttag +17 ////; 
ttag +18 ////; 
ttag +19 ////; 
ttag +20 ////; 
ttag +21 ////; 
ttag +22 ////; 
ttag +23 ////; 
ttag +24 ////; 
ttag +25 ////; 
ttag +26 ////; 
ttag +27 ////; 
ttag +28 ////; 
ttag +29 ////; 
ttag +30 ////; 
ttag +31 ////; 
ttag +32 ////; 
ttag +33 ////; 
ttag +34 ////; 
ttag +35 ////; 
ttag +36 ////; 
ttag +37 ////; 
ttag +38 ////; 
ttag +39 ////; 
ttag +40 ////; 
ttag +41 ////; 
ttag +42 ////; 
ttag +43 ////; 
ttag +44 ////; 
ttag +45 ////; 
ttag +46 ////; 
ttag +47 ////; 
ttag +48 ////; 
ttag +49 100/100/100/100/100; 
ttag +50 98/98/92/96/92; 
ttag +51 98/98/94/98/97; 
ttag +52 89/85/72/83/82; 
ttag +53 70/65/56/68/50; 
ttag +54 34/9/11/22/14; 
ttag +55 27/2/5/13/6; 
ttag +56 40/18/16/9/9; 
ttag +57 100/100/100/100/100; 
ttag +58 18/[6]/?/?/?; 
ttag +59 97/97/93/97/98; 
ttag +60 67/61/57/60/49; 
ttag +61 77/74/64/74/60; 
ttag +62 78/76/61/80/62; 
ttag +63 40/27/28/28/23; 
ttag +64 50/27/24/29/24; 
ttag +65 66/60/56/69/50; 
ttag +66 36/24/23/28/24; 
ttag +67 49/26/27/28/32; 
ttag +68 100/100/100/100/99; 
ttag +69 82/80/71/81/62; 
ttag +70 86/81/80/80/72; 
ttag +71 74/64/54/72/64; 
ttag +72 96/96/94/98/97; 
ttag +73 98/97/95/97/94; 
ttag +74 86/84/61/82/64; 
ttag +75 48/32/0/31/6; 
ttag +76 48/32/13/30/17; 
ttag +77 71/63/54/66/52; 
ttag +78 13/[6]/?/?/?; 
ttag +79 66/58/44/65/46; 
ttag +80 65/55/34/53/40; 
ttag +81 98/97/89/98/92; 
ttag +82 34/16/16/16/11; 
ttag +83 82/72/56/75/62; 
ttag +84 72/64/53/62/52; 
ttag +85 80/72/70/77/71; 
ttag +86 56/32/25/37/30; 
ttag +87 93/90/78/91/81; 
ttag +88 11/[26]/?/?/?; 
ttag +89 99/99/98/99/98; 
ttag +90 73/67/59/68/64; 
ttag +91 100/100/100/100/100; 
ttag +92 6/[22]/?/?/?; 
ttag +93 7/[20]/?/?/?; 
ttag +94 81/74/62/72/62; 
