tread
'Tree with tags' 
(0 (1 ((2 3 )(4 (5 (((6 7 )(8 (9 10 )))(11 12 13 14 21 ((16 (15 17 ))(18 (19 20 )))((22 (23 (24 25 )))(26 (27 (28 ((29 (30 31 ))(((32 (34 (33 (35 (36 (37 (38 39 )))))))(40 (41 (42 43 ))))((44 45 )(46 47 ))))))))))))))); 
ttag *!; 
ttag +49 ???; 
ttag +50 3; 
ttag +51 5; 
ttag +52 2; 
ttag +53 2; 
ttag +54 1; 
ttag +55 2; 
ttag +56 1; 
ttag +57 7; 
ttag +58 1; 
ttag +59 1; 
ttag +60 1; 
ttag +61 4; 
ttag +62 1; 
ttag +63 3; 
ttag +64 11; 
ttag +65 3; 
ttag +66 3; 
ttag +67 2; 
ttag +68 2; 
ttag +69 5; 
ttag +70 1; 
ttag +71 4; 
ttag +72 2; 
ttag +73 2; 
ttag +74 2; 
ttag +75 4; 
ttag +76 1; 
ttag +77 1; 
ttag +78 1; 
ttag +79 2; 
ttag +80 5; 
ttag +81 5; 
ttag +82 8; 
ttag +83 1; 
ttag +84 6; 
ttag +85 1; 
ttag +86 7; 
ttag +87 2; 
ttag +88 1; 
ttag +89 3; 
tread
'Tree with tags' 
(0 (1 ((2 3 )(4 (5 (((6 7 )(8 (9 10 )))(13 ((11 (12 (21 ((22 (23 (24 25 )))(26 (27 (28 ((29 (30 31 ))(((32 (34 (33 (35 (36 (37 (38 39 )))))))(40 (41 (42 43 ))))((44 45 )(46 47 )))))))))))(14 ((16 (15 17 ))(18 (19 20 )))))))))))); 
ttag *!; 
ttag +0 ////; 
ttag +1 ////; 
ttag +2 ////; 
ttag +3 ////; 
ttag +4 ////; 
ttag +5 ////; 
ttag +6 ////; 
ttag +7 ////; 
ttag +8 ////; 
ttag +9 ////; 
ttag +10 ////; 
ttag +11 ////; 
ttag +12 ////; 
ttag +13 ////; 
ttag +14 ////; 
ttag +15 ////; 
ttag +16 ////; 
ttag +17 ////; 
ttag +18 ////; 
ttag +19 ////; 
ttag +20 ////; 
ttag +21 ////; 
ttag +22 ////; 
ttag +23 ////; 
ttag +24 ////; 
ttag +25 ////; 
ttag +26 ////; 
ttag +27 ////; 
ttag +28 ////; 
ttag +29 ////; 
ttag +30 ////; 
ttag +31 ////; 
ttag +32 ////; 
ttag +33 ////; 
ttag +34 ////; 
ttag +35 ////; 
ttag +36 ////; 
ttag +37 ////; 
ttag +38 ////; 
ttag +39 ////; 
ttag +40 ////; 
ttag +41 ////; 
ttag +42 ////; 
ttag +43 ////; 
ttag +44 ////; 
ttag +45 ////; 
ttag +46 ////; 
ttag +47 ////; 
ttag +48 ////; 
ttag +49 100/100/100/100/100; 
ttag +50 94/94/88/94/88; 
ttag +51 95/94/87/96/89; 
ttag +52 50/38/34/46/42; 
ttag +53 50/42/30/47/37; 
ttag +54 80/77/64/73/58; 
ttag +55 40/20/20/22/21; 
ttag +56 22/12/7/16/13; 
ttag +57 100/100/99/99/99; 
ttag +58 76/65/54/55/60; 
ttag +59 0/[21]/?/?/?; 
ttag +60 6/[14]/?/?/?; 
ttag +61 18/[2]/?/0/2; 
ttag +62 8/[13]/?/?/?; 
ttag +63 5/[16]/?/?/?; 
ttag +64 84/79/65/74/70; 
ttag +65 94/94/88/92/86; 
ttag +66 21/0/?/2/?; 
ttag +67 60/38/36/43/34; 
ttag +68 100/100/100/100/100; 
ttag +69 18/[10]/?/?/?; 
ttag +70 88/82/78/84/74; 
ttag +71 46/24/14/24/20; 
ttag +72 79/71/64/74/69; 
ttag +73 73/70/61/66/63; 
ttag +74 79/76/68/84/68; 
ttag +75 47/28/10/33/17; 
ttag +76 50/32/20/46/29; 
ttag +77 53/35/27/40/44; 
ttag +78 46/38/30/41/37; 
ttag +79 71/66/54/71/62; 
ttag +80 89/88/77/89/73; 
ttag +81 18/[11]/?/?/?; 
ttag +82 29/17/20/26/19; 
ttag +83 57/49/44/58/40; 
ttag +84 69/61/61/72/53; 
ttag +85 97/97/96/95/91; 
ttag +86 94/92/90/95/88; 
ttag +87 99/99/99/100/98; 
ttag +88 44/24/38/35/31; 
ttag +89 96/95/90/99/95; 
ttag +90 37/6/2/11/?; 
ttag +91 96/94/94/94/90; 
ttag +92 79/76/73/77/66; 
ttag +93 42/26/22/31/21; 
ttag +94 50/34/26/38/25; 
