tread
'Tree with tags' 
(0 (1 ((2 3 )(4 (5 (6 7 )(8 (9 10 ))(12 13 (11 (21 (((14 (18 (19 20 )))(15 (16 17 )))((26 27 (22 (23 (24 25 ))))(28 ((29 (30 31 ))(((32 (35 (36 (37 (38 39 )))))(33 34 ))(41 ((40 (42 43 ))(45 (44 46 47 ))))))))))))))))); 
ttag *!; 
ttag +49 ???; 
ttag +50 11; 
ttag +51 4; 
ttag +52 6; 
ttag +53 1; 
ttag +54 1; 
ttag +55 9; 
ttag +56 5; 
ttag +57 2; 
ttag +58 1; 
ttag +59 2; 
ttag +60 2; 
ttag +61 2; 
ttag +62 4; 
ttag +63 3; 
ttag +64 2; 
ttag +65 6; 
ttag +66 11; 
ttag +67 3; 
ttag +68 1; 
ttag +69 3; 
ttag +70 1; 
ttag +71 9; 
ttag +72 1; 
ttag +73 5; 
ttag +74 1; 
ttag +75 5; 
ttag +76 1; 
ttag +77 8; 
ttag +78 5; 
ttag +79 1; 
ttag +80 7; 
ttag +81 8; 
ttag +82 12; 
ttag +83 1; 
ttag +84 3; 
ttag +85 1; 
ttag +86 2; 
ttag +87 10; 
ttag +88 3; 
ttag +89 2; 
tread
'Tree with tags' 
(0 (1 ((2 3 )(4 ((5 ((6 7 )(8 (9 10 ))))((11 (21 (((14 (18 (19 20 )))(15 (16 17 )))(((22 (23 (24 25 )))(26 27 ))(28 ((29 (30 31 ))(((32 (35 (36 (37 (38 39 )))))(33 34 ))(41 ((40 (42 43 ))(45 (47 (44 46 ))))))))))))(12 13 ))))))); 
ttag *!; 
ttag +0 ////; 
ttag +1 ////; 
ttag +2 ////; 
ttag +3 ////; 
ttag +4 ////; 
ttag +5 ////; 
ttag +6 ////; 
ttag +7 ////; 
ttag +8 ////; 
ttag +9 ////; 
ttag +10 ////; 
ttag +11 ////; 
ttag +12 ////; 
ttag +13 ////; 
ttag +14 ////; 
ttag +15 ////; 
ttag +16 ////; 
ttag +17 ////; 
ttag +18 ////; 
ttag +19 ////; 
ttag +20 ////; 
ttag +21 ////; 
ttag +22 ////; 
ttag +23 ////; 
ttag +24 ////; 
ttag +25 ////; 
ttag +26 ////; 
ttag +27 ////; 
ttag +28 ////; 
ttag +29 ////; 
ttag +30 ////; 
ttag +31 ////; 
ttag +32 ////; 
ttag +33 ////; 
ttag +34 ////; 
ttag +35 ////; 
ttag +36 ////; 
ttag +37 ////; 
ttag +38 ////; 
ttag +39 ////; 
ttag +40 ////; 
ttag +41 ////; 
ttag +42 ////; 
ttag +43 ////; 
ttag +44 ////; 
ttag +45 ////; 
ttag +46 ////; 
ttag +47 ////; 
ttag +48 ////; 
ttag +49 100/100/100/100/100; 
ttag +50 100/100/100/100/100; 
ttag +51 93/92/86/92/85; 
ttag +52 94/93/87/96/89; 
ttag +53 31/20/18/24/14; 
ttag +54 55/44/35/44/36; 
ttag +55 62/56/54/56/49; 
ttag +56 32/0/?/?/?; 
ttag +57 100/100/98/99/99; 
ttag +58 98/97/96/98/97; 
ttag +59 14/[6]/?/?/?; 
ttag +60 43/38/30/38/27; 
ttag +61 12/[8]/?/?/?; 
ttag +62 32/8/1/10/1; 
ttag +63 46/33/24/40/30; 
ttag +64 50/36/32/45/37; 
ttag +65 45/37/36/46/39; 
ttag +66 83/79/72/83/73; 
ttag +67 43/15/11/2/?; 
ttag +68 100/100/95/98/96; 
ttag +69 100/100/100/100/100; 
ttag +70 80/75/66/70/62; 
ttag +71 4/[41]/?/?/?; 
ttag +72 89/88/81/87/76; 
ttag +73 35/10/13/12/8; 
ttag +74 100/100/100/100/98; 
ttag +75 32/14/17/0/15; 
ttag +76 40/30/14/22/14; 
ttag +77 98/97/96/99/97; 
ttag +78 29/7/6/5/10; 
ttag +79 99/99/99/98/98; 
ttag +80 44/11/15/22/7; 
ttag +81 98/96/94/96/95; 
ttag +82 88/85/76/84/76; 
ttag +83 50/29/28/34/33; 
ttag +84 99/98/96/98/96; 
ttag +85 99/98/96/99/96; 
ttag +86 100/100/100/100/100; 
ttag +87 60/48/40/51/47; 
ttag +88 74/67/67/60/64; 
ttag +89 39/2/4/?/?; 
ttag +90 63/58/42/54/37; 
ttag +91 99/99/95/100/98; 
ttag +92 28/2/?/?/?; 
ttag +93 63/54/46/59/44; 
ttag +94 61/54/57/64/54; 
