tread
'Tree with tags' 
(0 (1 (2 3 (4 5 (6 7 )(8 (9 10 ))(11 (((12 13 )(14 ((15 (16 17 ))(18 (19 20 )))))(21 ((22 (23 (24 25 )))((26 27 )(28 29 (30 31 )(32 (33 34 )(35 (36 (37 38 39 ))))((40 41 (42 43 ))(44 45 46 47 )))))))))))); 
ttag *!; 
ttag +49 ???; 
ttag +50 4; 
ttag +51 6; 
ttag +52 3; 
ttag +53 9; 
ttag +54 1; 
ttag +55 3; 
ttag +56 3; 
ttag +57 1; 
ttag +58 2; 
ttag +59 1; 
ttag +60 6; 
ttag +61 3; 
ttag +62 2; 
ttag +63 3; 
ttag +64 9; 
ttag +65 1; 
ttag +66 4; 
ttag +67 1; 
ttag +68 5; 
ttag +69 13; 
ttag +70 1; 
ttag +71 7; 
ttag +72 2; 
ttag +73 3; 
ttag +74 5; 
ttag +75 7; 
ttag +76 1; 
ttag +77 2; 
ttag +78 3; 
ttag +79 1; 
ttag +80 2; 
ttag +81 8; 
ttag +82 1; 
tread
'Tree with tags' 
(0 (1 ((2 3 )(((4 (5 (8 (9 10 ))))(11 (((12 13 )(14 ((15 (16 17 ))(18 (19 20 )))))(21 ((22 (23 (24 25 )))((26 27 )(28 (((29 (30 31 ))(32 ((33 34 )(35 (36 (37 (38 39 )))))))((40 (41 (42 43 )))(47 (45 (44 46 ))))))))))))(6 7 ))))); 
ttag *!; 
ttag +0 ////; 
ttag +1 ////; 
ttag +2 ////; 
ttag +3 ////; 
ttag +4 ////; 
ttag +5 ////; 
ttag +6 ////; 
ttag +7 ////; 
ttag +8 ////; 
ttag +9 ////; 
ttag +10 ////; 
ttag +11 ////; 
ttag +12 ////; 
ttag +13 ////; 
ttag +14 ////; 
ttag +15 ////; 
ttag +16 ////; 
ttag +17 ////; 
ttag +18 ////; 
ttag +19 ////; 
ttag +20 ////; 
ttag +21 ////; 
ttag +22 ////; 
ttag +23 ////; 
ttag +24 ////; 
ttag +25 ////; 
ttag +26 ////; 
ttag +27 ////; 
ttag +28 ////; 
ttag +29 ////; 
ttag +30 ////; 
ttag +31 ////; 
ttag +32 ////; 
ttag +33 ////; 
ttag +34 ////; 
ttag +35 ////; 
ttag +36 ////; 
ttag +37 ////; 
ttag +38 ////; 
ttag +39 ////; 
ttag +40 ////; 
ttag +41 ////; 
ttag +42 ////; 
ttag +43 ////; 
ttag +44 ////; 
ttag +45 ////; 
ttag +46 ////; 
ttag +47 ////; 
ttag +48 ////; 
ttag +49 100/100/100/100/100; 
ttag +50 37/2/?/?/0; 
ttag +51 91/89/86/90/85; 
ttag +52 34/14/2/13/6; 
ttag +53 44/24/10/16/13; 
ttag +54 96/96/91/96/94; 
ttag +55 16/[4]/?/?/?; 
ttag +56 89/88/79/92/82; 
ttag +57 100/100/100/99/99; 
ttag +58 85/82/73/78/72; 
ttag +59 81/76/61/78/63; 
ttag +60 54/43/34/53/36; 
ttag +61 37/32/14/36/24; 
ttag +62 61/57/34/56/37; 
ttag +63 29/12/3/13/9; 
ttag +64 94/92/85/92/87; 
ttag +65 60/50/30/53/36; 
ttag +66 68/48/46/52/42; 
ttag +67 90/89/81/91/80; 
ttag +68 100/100/99/99/100; 
ttag +69 44/27/23/35/30; 
ttag +70 94/93/88/94/87; 
ttag +71 52/35/23/34/30; 
ttag +72 97/96/93/95/93; 
ttag +73 100/100/99/100/100; 
ttag +74 78/77/67/73/67; 
ttag +75 99/98/96/99/93; 
ttag +76 82/79/68/84/69; 
ttag +77 69/56/58/66/62; 
ttag +78 21/[9]/?/?/?; 
ttag +79 66/58/50/53/47; 
ttag +80 92/89/86/88/89; 
ttag +81 97/96/94/97/93; 
ttag +82 99/98/99/100/99; 
ttag +83 30/0/?/2/2; 
ttag +84 73/60/63/64/62; 
ttag +85 82/78/72/76/68; 
ttag +86 93/91/90/89/88; 
ttag +87 40/15/10/7/6; 
ttag +88 75/67/64/71/58; 
ttag +89 74/71/58/72/61; 
ttag +90 44/18/21/20/18; 
ttag +91 98/98/98/99/97; 
ttag +92 34/17/7/13/15; 
ttag +93 40/22/16/22/16; 
ttag +94 50/34/40/43/34; 
