tread
'Tree with tags' 
(0 (1 ((2 3 )(4 (5 (((6 7 )(8 9 10 ))((11 (14 ((15 16 17 )(18 (19 20 )))))(12 (21 (26 (28 (27 (((29 (30 31 ))(32 ((33 34 )(35 (36 (38 (37 39 )))))))(47 (45 (44 (46 (40 (41 (42 43 )))))))))))))(13 (22 (23 (24 25 ))))))))))); 
ttag *!; 
ttag +49 ???; 
ttag +50 2; 
ttag +51 4; 
ttag +52 7; 
ttag +53 6; 
ttag +54 1; 
ttag +55 3; 
ttag +56 1; 
ttag +57 10; 
ttag +58 1; 
ttag +59 1; 
ttag +60 1; 
ttag +61 3; 
ttag +62 1; 
ttag +63 8; 
ttag +64 1; 
ttag +65 4; 
ttag +66 5; 
ttag +67 1; 
ttag +68 6; 
ttag +69 7; 
ttag +70 4; 
ttag +71 6; 
ttag +72 2; 
ttag +73 2; 
ttag +74 8; 
ttag +75 1; 
ttag +76 5; 
ttag +77 6; 
ttag +78 7; 
ttag +79 6; 
ttag +80 2; 
ttag +81 6; 
ttag +82 4; 
ttag +83 1; 
ttag +84 10; 
ttag +85 8; 
ttag +86 4; 
ttag +87 1; 
ttag +88 3; 
ttag +89 6; 
ttag +90 6; 
ttag +91 9; 
tread
'Tree with tags' 
(0 (1 ((2 3 )(4 (5 (((6 7 )(8 (9 10 )))(((11 (14 ((15 (16 17 ))(18 (19 20 )))))(12 (21 (26 (28 (27 (((29 (30 31 ))(32 ((33 34 )(35 (36 (38 (37 39 )))))))(47 (45 (44 (46 (40 (41 (42 43 ))))))))))))))(13 (22 (23 (24 25 ))))))))))); 
ttag *!; 
ttag +0 ////; 
ttag +1 ////; 
ttag +2 ////; 
ttag +3 ////; 
ttag +4 ////; 
ttag +5 ////; 
ttag +6 ////; 
ttag +7 ////; 
ttag +8 ////; 
ttag +9 ////; 
ttag +10 ////; 
ttag +11 ////; 
ttag +12 ////; 
ttag +13 ////; 
ttag +14 ////; 
ttag +15 ////; 
ttag +16 ////; 
ttag +17 ////; 
ttag +18 ////; 
ttag +19 ////; 
ttag +20 ////; 
ttag +21 ////; 
ttag +22 ////; 
ttag +23 ////; 
ttag +24 ////; 
ttag +25 ////; 
ttag +26 ////; 
ttag +27 ////; 
ttag +28 ////; 
ttag +29 ////; 
ttag +30 ////; 
ttag +31 ////; 
ttag +32 ////; 
ttag +33 ////; 
ttag +34 ////; 
ttag +35 ////; 
ttag +36 ////; 
ttag +37 ////; 
ttag +38 ////; 
ttag +39 ////; 
ttag +40 ////; 
ttag +41 ////; 
ttag +42 ////; 
ttag +43 ////; 
ttag +44 ////; 
ttag +45 ////; 
ttag +46 ////; 
ttag +47 ////; 
ttag +48 ////; 
ttag +49 100/100/100/100/100; 
ttag +50 75/63/54/60/55; 
ttag +51 91/88/86/93/88; 
ttag +52 94/93/82/94/89; 
ttag +53 95/94/86/96/85; 
ttag +54 45/28/28/32/34; 
ttag +55 85/82/73/80/67; 
ttag +56 27/13/14/21/21; 
ttag +57 100/100/100/100/99; 
ttag +58 36/8/?/?/6; 
ttag +59 8/[17]/?/?/?; 
ttag +60 1/[24]/?/?/?; 
ttag +61 22/7/13/11/17; 
ttag +62 18/9/6/16/4; 
ttag +63 58/49/39/58/34; 
ttag +64 35/25/16/42/20; 
ttag +65 98/97/94/97/96; 
ttag +66 17/[12]/?/?/?; 
ttag +67 26/[17]/?/?/?; 
ttag +68 92/89/78/93/80; 
ttag +69 94/91/84/94/87; 
ttag +70 18/8/7/11/7; 
ttag +71 91/89/80/92/78; 
ttag +72 99/99/98/99/99; 
ttag +73 92/90/76/93/80; 
ttag +74 88/86/78/92/76; 
ttag +75 50/27/28/39/27; 
ttag +76 65/48/45/53/45; 
ttag +77 96/95/91/96/90; 
ttag +78 46/14/3/13/9; 
ttag +79 91/85/80/88/80; 
ttag +80 93/90/82/90/79; 
ttag +81 98/98/94/98/94; 
ttag +82 92/87/86/95/82; 
ttag +83 71/63/52/71/51; 
ttag +84 99/99/98/99/98; 
ttag +85 94/92/90/94/92; 
ttag +86 63/40/25/50/38; 
ttag +87 100/100/99/100/100; 
ttag +88 98/98/96/99/95; 
ttag +89 72/62/49/71/44; 
ttag +90 41/29/15/30/9; 
ttag +91 60/50/34/48/30; 
ttag +92 87/82/74/85/73; 
ttag +93 99/99/97/100/98; 
ttag +94 100/100/99/100/98; 
