tread
'Tree with tags' 
(0 (1 ((2 3 )(4 5 6 7 11 (8 (9 10 ))(12 13 ((14 ((15 (16 17 ))(18 (19 20 ))))(21 ((22 (25 (23 24 )))(26 (27 (28 (29 (30 31 )((33 34 (32 (35 (36 (38 (37 39 ))))))(40 41 42 43 )(45 (44 (46 47 )))))))))))))))); 
ttag *!; 
ttag +49 ???; 
ttag +50 4; 
ttag +51 1; 
ttag +52 4; 
ttag +53 11; 
ttag +54 1; 
ttag +55 3; 
ttag +56 1; 
ttag +57 1; 
ttag +58 10; 
ttag +59 1; 
ttag +60 1; 
ttag +61 7; 
ttag +62 6; 
ttag +63 2; 
ttag +64 4; 
ttag +65 4; 
ttag +66 2; 
ttag +67 5; 
ttag +68 4; 
ttag +69 3; 
ttag +70 4; 
ttag +71 2; 
ttag +72 7; 
ttag +73 1; 
ttag +74 3; 
ttag +75 3; 
ttag +76 1; 
ttag +77 2; 
ttag +78 1; 
ttag +79 2; 
ttag +80 5; 
ttag +81 3; 
ttag +82 4; 
ttag +83 1; 
tread
'Tree with tags' 
(0 (1 ((2 3 )(4 (((5 (11 (12 (13 ((14 ((15 (16 17 ))(18 (19 20 ))))(21 ((22 (25 (23 24 )))(26 (27 (28 ((29 ((((32 (35 (36 (38 (37 39 )))))(33 34 ))(45 (44 (46 47 ))))(41 (40 (42 43 )))))(30 31 ))))))))))))(6 7 ))(8 (9 10 ))))))); 
ttag *!; 
ttag +0 ////; 
ttag +1 ////; 
ttag +2 ////; 
ttag +3 ////; 
ttag +4 ////; 
ttag +5 ////; 
ttag +6 ////; 
ttag +7 ////; 
ttag +8 ////; 
ttag +9 ////; 
ttag +10 ////; 
ttag +11 ////; 
ttag +12 ////; 
ttag +13 ////; 
ttag +14 ////; 
ttag +15 ////; 
ttag +16 ////; 
ttag +17 ////; 
ttag +18 ////; 
ttag +19 ////; 
ttag +20 ////; 
ttag +21 ////; 
ttag +22 ////; 
ttag +23 ////; 
ttag +24 ////; 
ttag +25 ////; 
ttag +26 ////; 
ttag +27 ////; 
ttag +28 ////; 
ttag +29 ////; 
ttag +30 ////; 
ttag +31 ////; 
ttag +32 ////; 
ttag +33 ////; 
ttag +34 ////; 
ttag +35 ////; 
ttag +36 ////; 
ttag +37 ////; 
ttag +38 ////; 
ttag +39 ////; 
ttag +40 ////; 
ttag +41 ////; 
ttag +42 ////; 
ttag +43 ////; 
ttag +44 ////; 
ttag +45 ////; 
ttag +46 ////; 
ttag +47 ////; 
ttag +48 ////; 
ttag +49 100/100/100/100/100; 
ttag +50 87/84/72/86/70; 
ttag +51 62/44/39/56/34; 
ttag +52 89/86/72/90/72; 
ttag +53 7/[12]/?/?/?; 
ttag +54 5/[37]/?/?/?; 
ttag +55 18/[1]/2/?/?; 
ttag +56 34/13/13/11/19; 
ttag +57 100/100/100/100/99; 
ttag +58 61/49/44/50/34; 
ttag +59 17/[1]/5/7/?; 
ttag +60 71/67/58/76/58; 
ttag +61 17/[14]/?/?/?; 
ttag +62 17/[18]/?/?/?; 
ttag +63 58/40/25/47/32; 
ttag +64 100/100/100/100/100; 
ttag +65 44/9/12/15/6; 
ttag +66 59/30/23/48/27; 
ttag +67 99/98/95/100/98; 
ttag +68 100/100/99/99/99; 
ttag +69 56/43/39/61/42; 
ttag +70 87/82/77/88/77; 
ttag +71 72/68/50/73/50; 
ttag +72 86/83/77/82/80; 
ttag +73 96/94/88/94/90; 
ttag +74 72/68/53/76/56; 
ttag +75 58/50/29/60/27; 
ttag +76 60/53/37/64/36; 
ttag +77 19/[14]/?/?/?; 
ttag +78 48/38/20/52/21; 
ttag +79 100/100/97/99/96; 
ttag +80 43/35/28/32/25; 
ttag +81 81/73/63/87/61; 
ttag +82 34/11/2/11/6; 
ttag +83 57/50/26/47/21; 
ttag +84 35/8/7/13/?; 
ttag +85 44/33/23/40/23; 
ttag +86 85/82/69/78/62; 
ttag +87 73/72/78/70/65; 
ttag +88 70/56/50/60/57; 
ttag +89 20/[33]/?/?/?; 
ttag +90 95/93/84/91/82; 
ttag +91 56/40/36/27/29; 
ttag +92 75/65/50/74/42; 
ttag +93 86/84/78/88/82; 
ttag +94 52/34/23/42/29; 
