tread
'Tree with tags' 
(0 (1 (2 3 (4 5 6 7 11 21 26 (8 (9 10 ))(13 (12 (14 ((15 (16 17 ))(18 (19 20 ))))))(22 (23 (24 25 )))(27 (28 (29 (30 31 ))))((32 (33 34 )(35 (36 (39 (37 38 )))))(44 (45 46 (47 (41 (40 (42 43 ))))))))))); 
ttag *!; 
ttag +49 ???; 
ttag +50 4; 
ttag +51 9; 
ttag +52 12; 
ttag +53 2; 
ttag +54 1; 
ttag +55 1; 
ttag +56 4; 
ttag +57 6; 
ttag +58 3; 
ttag +59 2; 
ttag +60 5; 
ttag +61 10; 
ttag +62 5; 
ttag +63 11; 
ttag +64 5; 
ttag +65 1; 
ttag +66 1; 
ttag +67 2; 
ttag +68 3; 
ttag +69 7; 
ttag +70 1; 
ttag +71 5; 
ttag +72 2; 
ttag +73 4; 
ttag +74 3; 
ttag +75 11; 
ttag +76 1; 
ttag +77 3; 
ttag +78 2; 
ttag +79 1; 
ttag +80 1; 
ttag +81 7; 
tread
'Tree with tags' 
(0 (1 (2 (3 ((6 (7 (11 (5 (4 ((21 (13 (12 (14 ((15 (16 17 ))(18 (19 20 )))))))(26 (((22 (23 (24 25 )))((32 ((33 34 )(35 (36 (39 (37 38 ))))))(44 (46 (45 (47 (41 (40 (42 43 )))))))))(27 (28 (29 (30 31 ))))))))))))(8 (9 10 ))))))); 
ttag *!; 
ttag +0 ////; 
ttag +1 ////; 
ttag +2 ////; 
ttag +3 ////; 
ttag +4 ////; 
ttag +5 ////; 
ttag +6 ////; 
ttag +7 ////; 
ttag +8 ////; 
ttag +9 ////; 
ttag +10 ////; 
ttag +11 ////; 
ttag +12 ////; 
ttag +13 ////; 
ttag +14 ////; 
ttag +15 ////; 
ttag +16 ////; 
ttag +17 ////; 
ttag +18 ////; 
ttag +19 ////; 
ttag +20 ////; 
ttag +21 ////; 
ttag +22 ////; 
ttag +23 ////; 
ttag +24 ////; 
ttag +25 ////; 
ttag +26 ////; 
ttag +27 ////; 
ttag +28 ////; 
ttag +29 ////; 
ttag +30 ////; 
ttag +31 ////; 
ttag +32 ////; 
ttag +33 ////; 
ttag +34 ////; 
ttag +35 ////; 
ttag +36 ////; 
ttag +37 ////; 
ttag +38 ////; 
ttag +39 ////; 
ttag +40 ////; 
ttag +41 ////; 
ttag +42 ////; 
ttag +43 ////; 
ttag +44 ////; 
ttag +45 ////; 
ttag +46 ////; 
ttag +47 ////; 
ttag +48 ////; 
ttag +49 100/100/100/100/100; 
ttag +50 88/81/81/91/76; 
ttag +51 18/[18]/?/?/?; 
ttag +52 0/[30]/?/?/?; 
ttag +53 0/[30]/?/?/?; 
ttag +54 13/[17]/?/?/?; 
ttag +55 11/[19]/?/?/?; 
ttag +56 19/[11]/?/1/?; 
ttag +57 97/97/95/98/90; 
ttag +58 100/100/100/100/99; 
ttag +59 90/90/89/92/90; 
ttag +60 32/8/?/24/?; 
ttag +61 23/18/6/18/14; 
ttag +62 12/[8]/?/?/?; 
ttag +63 30/23/16/25/10; 
ttag +64 77/72/58/74/62; 
ttag +65 89/84/68/90/76; 
ttag +66 71/66/64/73/60; 
ttag +67 62/48/54/63/52; 
ttag +68 94/93/90/96/81; 
ttag +69 100/100/99/100/100; 
ttag +70 93/91/83/91/88; 
ttag +71 14/[44]/?/?/?; 
ttag +72 12/[46]/?/?/?; 
ttag +73 45/40/34/46/28; 
ttag +74 100/100/100/100/100; 
ttag +75 93/89/84/92/85; 
ttag +76 34/8/10/17/9; 
ttag +77 51/38/39/42/36; 
ttag +78 49/38/28/46/36; 
ttag +79 78/70/61/74/66; 
ttag +80 100/100/98/100/100; 
ttag +81 60/52/39/48/37; 
ttag +82 92/90/85/90/80; 
ttag +83 22/[12]/?/?/3; 
ttag +84 76/65/45/71/45; 
ttag +85 94/93/87/96/86; 
ttag +86 96/96/92/95/92; 
ttag +87 99/99/98/100/97; 
ttag +88 62/38/35/39/31; 
ttag +89 60/45/38/48/36; 
ttag +90 36/21/6/22/8; 
ttag +91 23/8/?/6/4; 
ttag +92 23/6/?/8/4; 
ttag +93 77/72/60/74/60; 
ttag +94 100/100/99/99/99; 
