tread
'Tree with tags' 
(0 (1 ((2 3 )(4 (5 (6 7 )(8 9 10 )((11 ((14 ((17 (15 16 ))(18 (19 20 ))))(21 ((22 (23 (24 25 )))(26 (27 (28 44 45 46 47 (29 (30 31 ))((32 35 (36 (37 38 39 )))(33 34 ))(40 41 (42 43 )))))))))(12 13 ))))))); 
ttag *!; 
ttag +49 ???; 
ttag +50 3; 
ttag +51 2; 
ttag +52 7; 
ttag +53 1; 
ttag +54 1; 
ttag +55 3; 
ttag +56 1; 
ttag +57 4; 
ttag +58 2; 
ttag +59 3; 
ttag +60 3; 
ttag +61 1; 
ttag +62 8; 
ttag +63 1; 
ttag +64 6; 
ttag +65 6; 
ttag +66 2; 
ttag +67 2; 
ttag +68 7; 
ttag +69 6; 
ttag +70 5; 
ttag +71 8; 
ttag +72 2; 
ttag +73 2; 
ttag +74 1; 
ttag +75 6; 
ttag +76 2; 
ttag +77 5; 
ttag +78 1; 
ttag +79 2; 
ttag +80 3; 
ttag +81 8; 
ttag +82 9; 
tread
'Tree with tags' 
(0 (1 ((2 3 )(4 (((5 ((11 ((14 ((17 (15 16 ))(18 (19 20 ))))(21 ((22 (23 (24 25 )))(26 (27 (((28 ((35 (32 (36 (38 (37 39 )))))(33 34 )))(47 (46 (44 (45 (40 (41 (42 43 ))))))))(29 (30 31 )))))))))(12 13 )))(6 7 ))(8 (9 10 ))))))); 
ttag *!; 
ttag +0 ////; 
ttag +1 ////; 
ttag +2 ////; 
ttag +3 ////; 
ttag +4 ////; 
ttag +5 ////; 
ttag +6 ////; 
ttag +7 ////; 
ttag +8 ////; 
ttag +9 ////; 
ttag +10 ////; 
ttag +11 ////; 
ttag +12 ////; 
ttag +13 ////; 
ttag +14 ////; 
ttag +15 ////; 
ttag +16 ////; 
ttag +17 ////; 
ttag +18 ////; 
ttag +19 ////; 
ttag +20 ////; 
ttag +21 ////; 
ttag +22 ////; 
ttag +23 ////; 
ttag +24 ////; 
ttag +25 ////; 
ttag +26 ////; 
ttag +27 ////; 
ttag +28 ////; 
ttag +29 ////; 
ttag +30 ////; 
ttag +31 ////; 
ttag +32 ////; 
ttag +33 ////; 
ttag +34 ////; 
ttag +35 ////; 
ttag +36 ////; 
ttag +37 ////; 
ttag +38 ////; 
ttag +39 ////; 
ttag +40 ////; 
ttag +41 ////; 
ttag +42 ////; 
ttag +43 ////; 
ttag +44 ////; 
ttag +45 ////; 
ttag +46 ////; 
ttag +47 ////; 
ttag +48 ////; 
ttag +49 100/100/100/100/100; 
ttag +50 77/67/60/73/61; 
ttag +51 66/53/28/39/25; 
ttag +52 87/84/71/82/68; 
ttag +53 8/[11]/?/?/?; 
ttag +54 10/[9]/?/?/?; 
ttag +55 29/12/7/7/4; 
ttag +56 59/44/42/45/28; 
ttag +57 96/95/93/96/94; 
ttag +58 30/[5]/?/2/7; 
ttag +59 13/5/?/6/0; 
ttag +60 46/41/25/37/23; 
ttag +61 42/36/22/32/28; 
ttag +62 40/34/18/28/17; 
ttag +63 34/26/11/24/13; 
ttag +64 51/39/32/38/34; 
ttag +65 99/98/92/98/94; 
ttag +66 23/5/?/4/?; 
ttag +67 88/84/77/87/80; 
ttag +68 99/99/98/100/99; 
ttag +69 36/28/17/28/14; 
ttag +70 75/66/42/65/56; 
ttag +71 92/90/86/90/82; 
ttag +72 98/98/97/98/97; 
ttag +73 89/84/68/86/72; 
ttag +74 95/94/88/95/84; 
ttag +75 70/60/46/70/49; 
ttag +76 9/[13]/?/?/?; 
ttag +77 17/0/?/?/?; 
ttag +78 72/70/50/71/55; 
ttag +79 64/47/41/48/40; 
ttag +80 96/94/88/95/89; 
ttag +81 8/[39]/?/?/?; 
ttag +82 60/49/42/52/43; 
ttag +83 99/99/97/96/95; 
ttag +84 57/43/24/46/34; 
ttag +85 73/68/59/69/59; 
ttag +86 47/18/4/24/22; 
ttag +87 82/79/74/81/70; 
ttag +88 98/98/90/96/88; 
ttag +89 17/[46]/?/?/?; 
ttag +90 21/[42]/?/?/?; 
ttag +91 20/[43]/?/?/?; 
ttag +92 61/50/51/42/48; 
ttag +93 38/[7]/1/?/10; 
ttag +94 100/100/100/100/99; 
