tread
'Tree with tags' 
(0 (1 ((2 3 )((4 5 (6 7 (8 (9 10 ))))(11 (12 (13 (21 (14 ((16 (15 17 ))(18 (19 20 ))))((22 (23 (24 25 )))(26 (27 (28 (29 30 31 )(32 ((33 34 )(35 (36 (37 (38 39 ))))))(44 45 46 47 (40 41 (42 43 ))))))))))))))); 
ttag *!; 
ttag +49 ???; 
ttag +50 6; 
ttag +51 1; 
ttag +52 1; 
ttag +53 4; 
ttag +54 3; 
ttag +55 7; 
ttag +56 4; 
ttag +57 1; 
ttag +58 2; 
ttag +59 1; 
ttag +60 5; 
ttag +61 1; 
ttag +62 1; 
ttag +63 3; 
ttag +64 3; 
ttag +65 4; 
ttag +66 6; 
ttag +67 6; 
ttag +68 2; 
ttag +69 5; 
ttag +70 2; 
ttag +71 7; 
ttag +72 1; 
ttag +73 5; 
ttag +74 4; 
ttag +75 5; 
ttag +76 5; 
ttag +77 1; 
ttag +78 3; 
ttag +79 6; 
ttag +80 5; 
ttag +81 2; 
ttag +82 2; 
ttag +83 1; 
ttag +84 10; 
tread
'Tree with tags' 
(0 (1 ((2 3 )(((4 5 )(6 (7 (8 (9 10 )))))(11 (12 (13 ((14 ((16 (15 17 ))(18 (19 20 ))))(21 ((22 (23 (24 25 )))(26 (27 (28 ((30 (29 31 ))((32 ((33 34 )(35 (36 (37 (38 39 ))))))(45 (44 (47 (46 (40 (41 (42 43 )))))))))))))))))))))); 
ttag *!; 
ttag +0 ////; 
ttag +1 ////; 
ttag +2 ////; 
ttag +3 ////; 
ttag +4 ////; 
ttag +5 ////; 
ttag +6 ////; 
ttag +7 ////; 
ttag +8 ////; 
ttag +9 ////; 
ttag +10 ////; 
ttag +11 ////; 
ttag +12 ////; 
ttag +13 ////; 
ttag +14 ////; 
ttag +15 ////; 
ttag +16 ////; 
ttag +17 ////; 
ttag +18 ////; 
ttag +19 ////; 
ttag +20 ////; 
ttag +21 ////; 
ttag +22 ////; 
ttag +23 ////; 
ttag +24 ////; 
ttag +25 ////; 
ttag +26 ////; 
ttag +27 ////; 
ttag +28 ////; 
ttag +29 ////; 
ttag +30 ////; 
ttag +31 ////; 
ttag +32 ////; 
ttag +33 ////; 
ttag +34 ////; 
ttag +35 ////; 
ttag +36 ////; 
ttag +37 ////; 
ttag +38 ////; 
ttag +39 ////; 
ttag +40 ////; 
ttag +41 ////; 
ttag +42 ////; 
ttag +43 ////; 
ttag +44 ////; 
ttag +45 ////; 
ttag +46 ////; 
ttag +47 ////; 
ttag +48 ////; 
ttag +49 100/100/100/100/100; 
ttag +50 94/92/82/94/81; 
ttag +51 46/14/?/14/6; 
ttag +52 4/[10]/?/?/?; 
ttag +53 22/7/10/14/7; 
ttag +54 64/57/36/58/43; 
ttag +55 66/60/45/60/58; 
ttag +56 37/6/7/6/6; 
ttag +57 100/100/100/100/99; 
ttag +58 98/98/95/98/98; 
ttag +59 40/34/29/36/24; 
ttag +60 43/36/35/47/33; 
ttag +61 24/2/15/21/?; 
ttag +62 80/77/66/85/71; 
ttag +63 44/38/34/44/29; 
ttag +64 48/30/12/31/29; 
ttag +65 90/86/76/86/76; 
ttag +66 86/82/67/83/70; 
ttag +67 91/86/79/94/88; 
ttag +68 100/100/97/98/97; 
ttag +69 22/7/4/7/6; 
ttag +70 97/96/84/94/91; 
ttag +71 80/77/69/84/75; 
ttag +72 96/95/96/93/91; 
ttag +73 75/66/59/76/70; 
ttag +74 99/99/92/95/94; 
ttag +75 90/89/74/79/76; 
ttag +76 98/97/95/96/91; 
ttag +77 18/[48]/?/?/?; 
ttag +78 98/96/93/96/92; 
ttag +79 49/20/32/25/18; 
ttag +80 97/97/94/99/94; 
ttag +81 24/[9]/?/?/?; 
ttag +82 94/92/84/92/83; 
ttag +83 66/55/49/65/55; 
ttag +84 87/84/78/92/81; 
ttag +85 99/99/96/99/94; 
ttag +86 93/91/84/91/77; 
ttag +87 87/85/75/80/66; 
ttag +88 87/86/79/86/77; 
ttag +89 32/[11]/?/?/?; 
ttag +90 19/[24]/?/?/?; 
ttag +91 4/[39]/?/?/?; 
ttag +92 69/55/47/48/50; 
ttag +93 49/23/27/31/25; 
ttag +94 100/100/99/99/100; 
