tread
'Tree with tags' 
(0 (1 ((2 3 )(4 (5 ((6 (7 (8 (9 10 ))))(11 ((12 13 )((14 ((15 (16 17 ))(18 (19 20 ))))(21 ((22 (23 (24 25 )))(26 (27 (28 (29 (30 31 ))(32 (33 34 )(35 (36 (37 (38 39 )))))(41 (40 (42 43 )))(46 (44 45 47 )))))))))))))))); 
ttag *!; 
ttag +49 ???; 
ttag +50 4; 
ttag +51 2; 
ttag +52 6; 
ttag +53 4; 
ttag +54 1; 
ttag +55 4; 
ttag +56 1; 
ttag +57 9; 
ttag +58 1; 
ttag +59 3; 
ttag +60 3; 
ttag +61 2; 
ttag +62 2; 
ttag +63 3; 
ttag +64 2; 
ttag +65 5; 
ttag +66 2; 
ttag +67 7; 
ttag +68 9; 
ttag +69 1; 
ttag +70 4; 
ttag +71 1; 
ttag +72 5; 
ttag +73 9; 
ttag +74 3; 
ttag +75 1; 
ttag +76 1; 
ttag +77 4; 
ttag +78 2; 
ttag +79 4; 
ttag +80 4; 
ttag +81 2; 
ttag +82 4; 
ttag +83 4; 
ttag +84 3; 
ttag +85 1; 
ttag +86 5; 
ttag +87 6; 
ttag +88 2; 
ttag +89 5; 
tread
'Tree with tags' 
(0 (1 ((2 3 )(4 (5 ((6 (7 (8 (9 10 ))))(11 ((12 13 )((14 ((15 (16 17 ))(18 (19 20 ))))(21 ((22 (23 (24 25 )))(26 (27 (28 (((29 (30 31 ))(46 (44 (45 47 ))))((32 ((33 34 )(35 (36 (37 (38 39 ))))))(41 (40 (42 43 ))))))))))))))))))); 
ttag *!; 
ttag +0 ////; 
ttag +1 ////; 
ttag +2 ////; 
ttag +3 ////; 
ttag +4 ////; 
ttag +5 ////; 
ttag +6 ////; 
ttag +7 ////; 
ttag +8 ////; 
ttag +9 ////; 
ttag +10 ////; 
ttag +11 ////; 
ttag +12 ////; 
ttag +13 ////; 
ttag +14 ////; 
ttag +15 ////; 
ttag +16 ////; 
ttag +17 ////; 
ttag +18 ////; 
ttag +19 ////; 
ttag +20 ////; 
ttag +21 ////; 
ttag +22 ////; 
ttag +23 ////; 
ttag +24 ////; 
ttag +25 ////; 
ttag +26 ////; 
ttag +27 ////; 
ttag +28 ////; 
ttag +29 ////; 
ttag +30 ////; 
ttag +31 ////; 
ttag +32 ////; 
ttag +33 ////; 
ttag +34 ////; 
ttag +35 ////; 
ttag +36 ////; 
ttag +37 ////; 
ttag +38 ////; 
ttag +39 ////; 
ttag +40 ////; 
ttag +41 ////; 
ttag +42 ////; 
ttag +43 ////; 
ttag +44 ////; 
ttag +45 ////; 
ttag +46 ////; 
ttag +47 ////; 
ttag +48 ////; 
ttag +49 100/100/100/100/100; 
ttag +50 95/94/89/94/87; 
ttag +51 58/27/26/29/25; 
ttag +52 92/86/76/92/79; 
ttag +53 54/32/20/39/19; 
ttag +54 30/21/19/25/20; 
ttag +55 50/38/29/49/26; 
ttag +56 29/20/13/26/10; 
ttag +57 98/98/98/99/96; 
ttag +58 64/46/39/49/34; 
ttag +59 63/57/56/60/57; 
ttag +60 87/86/88/90/88; 
ttag +61 65/56/53/64/60; 
ttag +62 52/43/37/46/30; 
ttag +63 74/71/58/71/55; 
ttag +64 64/52/50/61/42; 
ttag +65 92/90/88/94/81; 
ttag +66 70/62/46/64/52; 
ttag +67 99/99/98/100/97; 
ttag +68 100/100/99/100/99; 
ttag +69 32/22/21/26/13; 
ttag +70 86/84/70/87/71; 
ttag +71 51/41/15/32/27; 
ttag +72 95/91/89/91/89; 
ttag +73 100/100/100/98/99; 
ttag +74 89/88/76/88/77; 
ttag +75 50/38/31/34/35; 
ttag +76 61/55/46/49/51; 
ttag +77 83/78/72/82/71; 
ttag +78 6/[40]/?/?/?; 
ttag +79 41/16/12/20/19; 
ttag +80 95/93/95/96/90; 
ttag +81 96/95/90/96/87; 
ttag +82 40/22/14/23/17; 
ttag +83 84/81/75/90/72; 
ttag +84 42/11/17/6/10; 
ttag +85 88/86/79/88/77; 
ttag +86 94/92/80/89/79; 
ttag +87 94/93/85/95/86; 
ttag +88 94/94/87/93/89; 
ttag +89 65/57/39/58/30; 
ttag +90 85/83/72/84/64; 
ttag +91 100/100/98/98/99; 
ttag +92 90/88/74/83/77; 
ttag +93 98/98/94/98/95; 
ttag +94 37/6/?/3/3; 
