tread
'Tree with tags' 
(0 (1 ((2 3 )(11 (7 (6 ((4 5 )((8 9 10 )(12 (14 ((21 (13 ((22 (23 (24 25 )))(26 (27 (28 ((29 30 31 )(33 34 (32 35 (36 (37 (38 39 )))))((40 (41 (42 43 )))(44 (45 (46 47 )))))))))))((15 (16 17 ))(18 (19 20 )))))))))))))); 
ttag *!; 
ttag +49 ???; 
ttag +50 5; 
ttag +51 6; 
ttag +52 3; 
ttag +53 1; 
ttag +54 1; 
ttag +55 3; 
ttag +56 9; 
ttag +57 7; 
ttag +58 2; 
ttag +59 1; 
ttag +60 1; 
ttag +61 1; 
ttag +62 1; 
ttag +63 1; 
ttag +64 7; 
ttag +65 2; 
ttag +66 2; 
ttag +67 4; 
ttag +68 8; 
ttag +69 3; 
ttag +70 4; 
ttag +71 8; 
ttag +72 4; 
ttag +73 1; 
ttag +74 1; 
ttag +75 1; 
ttag +76 3; 
ttag +77 2; 
ttag +78 2; 
ttag +79 4; 
ttag +80 4; 
ttag +81 6; 
ttag +82 2; 
ttag +83 5; 
ttag +84 1; 
ttag +85 5; 
ttag +86 6; 
ttag +87 7; 
ttag +88 2; 
ttag +89 2; 
tread
'Tree with tags' 
(0 (1 ((2 3 )(11 (7 (6 ((4 5 )((9 (8 10 ))(12 (14 ((21 (13 ((22 (23 (24 25 )))(26 (27 (28 (((29 (30 31 ))((32 (35 (36 (37 (38 39 )))))(33 34 )))((40 (41 (42 43 )))(44 (45 (46 47 )))))))))))((15 (16 17 ))(18 (19 20 )))))))))))))); 
ttag *!; 
ttag +0 ////; 
ttag +1 ////; 
ttag +2 ////; 
ttag +3 ////; 
ttag +4 ////; 
ttag +5 ////; 
ttag +6 ////; 
ttag +7 ////; 
ttag +8 ////; 
ttag +9 ////; 
ttag +10 ////; 
ttag +11 ////; 
ttag +12 ////; 
ttag +13 ////; 
ttag +14 ////; 
ttag +15 ////; 
ttag +16 ////; 
ttag +17 ////; 
ttag +18 ////; 
ttag +19 ////; 
ttag +20 ////; 
ttag +21 ////; 
ttag +22 ////; 
ttag +23 ////; 
ttag +24 ////; 
ttag +25 ////; 
ttag +26 ////; 
ttag +27 ////; 
ttag +28 ////; 
ttag +29 ////; 
ttag +30 ////; 
ttag +31 ////; 
ttag +32 ////; 
ttag +33 ////; 
ttag +34 ////; 
ttag +35 ////; 
ttag +36 ////; 
ttag +37 ////; 
ttag +38 ////; 
ttag +39 ////; 
ttag +40 ////; 
ttag +41 ////; 
ttag +42 ////; 
ttag +43 ////; 
ttag +44 ////; 
ttag +45 ////; 
ttag +46 ////; 
ttag +47 ////; 
ttag +48 ////; 
ttag +49 100/100/100/100/100; 
ttag +50 94/91/82/88/79; 
ttag +51 99/99/93/99/96; 
ttag +52 42/30/15/34/14; 
ttag +53 29/17/4/16/6; 
ttag +54 25/12/4/20/4; 
ttag +55 38/25/14/30/16; 
ttag +56 100/100/98/100/99; 
ttag +57 1/[5]/?/?/?; 
ttag +58 98/97/97/99/96; 
ttag +59 26/15/8/23/9; 
ttag +60 21/10/?/11/5; 
ttag +61 31/4/7/4/3; 
ttag +62 2/[17]/?/?/?; 
ttag +63 7/[12]/?/?/?; 
ttag +64 6/[13]/?/?/?; 
ttag +65 100/100/98/99/98; 
ttag +66 61/54/46/51/51; 
ttag +67 57/40/37/46/36; 
ttag +68 94/90/85/90/86; 
ttag +69 100/100/100/100/100; 
ttag +70 88/82/76/87/76; 
ttag +71 90/88/78/92/81; 
ttag +72 99/99/99/100/98; 
ttag +73 94/90/88/96/87; 
ttag +74 37/17/14/22/11; 
ttag +75 46/25/24/36/22; 
ttag +76 56/44/40/44/39; 
ttag +77 92/90/81/92/77; 
ttag +78 5/[46]/?/?/?; 
ttag +79 68/62/42/62/46; 
ttag +80 36/5/2/6/4; 
ttag +81 59/47/34/49/29; 
ttag +82 86/84/76/88/73; 
ttag +83 55/38/42/42/38; 
ttag +84 52/40/37/36/30; 
ttag +85 92/90/78/87/78; 
ttag +86 96/96/89/94/86; 
ttag +87 80/74/60/68/62; 
ttag +88 91/89/85/94/84; 
ttag +89 66/61/56/62/42; 
ttag +90 91/90/82/92/81; 
ttag +91 98/97/94/98/93; 
ttag +92 86/84/76/80/70; 
ttag +93 48/27/7/27/5; 
ttag +94 53/33/12/35/13; 
