tread
'Tree with tags' 
(0 (1 ((2 3 )(4 (5 6 7 (8 9 10 )(11 12 13 14 21 (15 (16 17 ))(18 (19 20 ))((22 (23 (24 25 )))(26 (27 (28 ((29 30 31 )((32 35 (36 (38 (37 39 ))))(33 34 ))(46 (40 41 (42 43 ))(45 (44 47 )))))))))))))); 
ttag *!; 
ttag +49 ???; 
ttag +50 7; 
ttag +51 2; 
ttag +52 10; 
ttag +53 3; 
ttag +54 8; 
ttag +55 4; 
ttag +56 4; 
ttag +57 2; 
ttag +58 1; 
ttag +59 10; 
ttag +60 4; 
ttag +61 4; 
ttag +62 9; 
ttag +63 5; 
ttag +64 5; 
ttag +65 2; 
ttag +66 1; 
ttag +67 4; 
ttag +68 1; 
ttag +69 1; 
ttag +70 5; 
ttag +71 2; 
ttag +72 3; 
ttag +73 1; 
ttag +74 3; 
ttag +75 5; 
ttag +76 2; 
ttag +77 4; 
ttag +78 1; 
ttag +79 1; 
tread
'Tree with tags' 
(0 (1 ((2 3 )(4 ((5 ((8 (9 10 ))((13 (21 ((11 12 )((22 (23 (24 25 )))(26 (27 (28 (((29 (30 31 ))((40 (41 (42 43 )))(46 (45 (44 47 )))))(((32 35 )(36 (38 (37 39 ))))(33 34 ))))))))))(14 ((15 (16 17 ))(18 (19 20 )))))))(6 7 )))))); 
ttag *!; 
ttag +0 ////; 
ttag +1 ////; 
ttag +2 ////; 
ttag +3 ////; 
ttag +4 ////; 
ttag +5 ////; 
ttag +6 ////; 
ttag +7 ////; 
ttag +8 ////; 
ttag +9 ////; 
ttag +10 ////; 
ttag +11 ////; 
ttag +12 ////; 
ttag +13 ////; 
ttag +14 ////; 
ttag +15 ////; 
ttag +16 ////; 
ttag +17 ////; 
ttag +18 ////; 
ttag +19 ////; 
ttag +20 ////; 
ttag +21 ////; 
ttag +22 ////; 
ttag +23 ////; 
ttag +24 ////; 
ttag +25 ////; 
ttag +26 ////; 
ttag +27 ////; 
ttag +28 ////; 
ttag +29 ////; 
ttag +30 ////; 
ttag +31 ////; 
ttag +32 ////; 
ttag +33 ////; 
ttag +34 ////; 
ttag +35 ////; 
ttag +36 ////; 
ttag +37 ////; 
ttag +38 ////; 
ttag +39 ////; 
ttag +40 ////; 
ttag +41 ////; 
ttag +42 ////; 
ttag +43 ////; 
ttag +44 ////; 
ttag +45 ////; 
ttag +46 ////; 
ttag +47 ////; 
ttag +48 ////; 
ttag +49 100/100/100/100/100; 
ttag +50 98/98/93/97/95; 
ttag +51 90/89/81/88/86; 
ttag +52 99/99/97/100/98; 
ttag +53 5/[34]/?/?/?; 
ttag +54 56/26/19/49/27; 
ttag +55 50/38/42/43/44; 
ttag +56 99/99/99/100/100; 
ttag +57 20/[4]/?/?/?; 
ttag +58 46/17/20/24/24; 
ttag +59 15/[2]/?/?/?; 
ttag +60 9/[17]/?/?/?; 
ttag +61 6/[10]/?/?/?; 
ttag +62 17/2/0/?/?; 
ttag +63 59/52/40/58/48; 
ttag +64 47/38/30/30/27; 
ttag +65 92/91/79/89/80; 
ttag +66 51/27/37/29/36; 
ttag +67 78/73/61/76/60; 
ttag +68 72/66/50/61/57; 
ttag +69 100/100/100/100/100; 
ttag +70 92/90/87/95/85; 
ttag +71 80/77/59/78/64; 
ttag +72 99/99/96/99/95; 
ttag +73 93/91/92/96/89; 
ttag +74 85/81/71/81/74; 
ttag +75 61/45/19/45/24; 
ttag +76 59/54/42/50/35; 
ttag +77 88/86/78/90/78; 
ttag +78 12/[6]/?/?/7; 
ttag +79 31/25/17/27/11; 
ttag +80 43/19/19/11/26; 
ttag +81 28/[23]/?/?/?; 
ttag +82 52/39/38/50/40; 
ttag +83 91/86/82/89/83; 
ttag +84 86/82/78/78/74; 
ttag +85 82/80/76/83/74; 
ttag +86 58/38/28/46/28; 
ttag +87 87/84/83/90/80; 
ttag +88 93/91/84/96/82; 
ttag +89 76/72/55/73/54; 
ttag +90 48/10/17/22/7; 
ttag +91 98/98/98/99/98; 
ttag +92 43/28/11/20/15; 
ttag +93 54/44/34/30/28; 
ttag +94 28/7/8/14/8; 
