tread
'Tree with tags' 
(0 (1 (2 3 )(4 5 (6 7 (8 (9 10 )))(11 ((12 13 )(((14 21 )((15 (16 17 ))(18 (19 20 ))))((22 (23 (24 25 )))(26 (27 (28 (((29 (30 31 ))((32 (33 34 ))(35 (36 (37 (38 39 ))))))((40 41 (42 43 ))(44 45 46 47 ))))))))))))); 
ttag *!; 
ttag +49 ???; 
ttag +50 6; 
ttag +51 6; 
ttag +52 2; 
ttag +53 10; 
ttag +54 3; 
ttag +55 2; 
ttag +56 3; 
ttag +57 4; 
ttag +58 1; 
ttag +59 1; 
ttag +60 4; 
ttag +61 6; 
ttag +62 2; 
ttag +63 2; 
ttag +64 4; 
ttag +65 7; 
ttag +66 5; 
ttag +67 2; 
ttag +68 3; 
ttag +69 9; 
ttag +70 4; 
ttag +71 2; 
ttag +72 3; 
ttag +73 5; 
ttag +74 1; 
ttag +75 2; 
ttag +76 5; 
ttag +77 2; 
ttag +78 9; 
ttag +79 5; 
ttag +80 2; 
ttag +81 3; 
ttag +82 1; 
ttag +83 2; 
ttag +84 4; 
ttag +85 3; 
ttag +86 5; 
ttag +87 1; 
tread
'Tree with tags' 
(0 ((1 (2 3 ))(4 ((5 (7 (6 (8 (9 10 )))))(11 ((12 13 )(((14 21 )((15 (16 17 ))(18 (19 20 ))))((22 (23 (24 25 )))(26 (27 (28 (((29 (30 31 ))((32 (33 34 ))(35 (36 (37 (38 39 ))))))(((40 41 )(42 43 ))(44 (45 (46 47 )))))))))))))))); 
ttag *!; 
ttag +0 ////; 
ttag +1 ////; 
ttag +2 ////; 
ttag +3 ////; 
ttag +4 ////; 
ttag +5 ////; 
ttag +6 ////; 
ttag +7 ////; 
ttag +8 ////; 
ttag +9 ////; 
ttag +10 ////; 
ttag +11 ////; 
ttag +12 ////; 
ttag +13 ////; 
ttag +14 ////; 
ttag +15 ////; 
ttag +16 ////; 
ttag +17 ////; 
ttag +18 ////; 
ttag +19 ////; 
ttag +20 ////; 
ttag +21 ////; 
ttag +22 ////; 
ttag +23 ////; 
ttag +24 ////; 
ttag +25 ////; 
ttag +26 ////; 
ttag +27 ////; 
ttag +28 ////; 
ttag +29 ////; 
ttag +30 ////; 
ttag +31 ////; 
ttag +32 ////; 
ttag +33 ////; 
ttag +34 ////; 
ttag +35 ////; 
ttag +36 ////; 
ttag +37 ////; 
ttag +38 ////; 
ttag +39 ////; 
ttag +40 ////; 
ttag +41 ////; 
ttag +42 ////; 
ttag +43 ////; 
ttag +44 ////; 
ttag +45 ////; 
ttag +46 ////; 
ttag +47 ////; 
ttag +48 ////; 
ttag +49 19/[6]/?/?/?; 
ttag +50 100/100/100/100/100; 
ttag +51 98/97/92/98/90; 
ttag +52 96/94/92/96/90; 
ttag +53 20/[9]/?/?/?; 
ttag +54 38/8/13/3/14; 
ttag +55 8/[22]/?/?/?; 
ttag +56 54/47/37/53/35; 
ttag +57 100/100/100/100/100; 
ttag +58 94/93/87/92/89; 
ttag +59 46/38/13/38/18; 
ttag +60 81/77/76/84/76; 
ttag +61 54/47/22/49/29; 
ttag +62 9/[10]/?/?/?; 
ttag +63 9/[19]/?/?/?; 
ttag +64 56/48/26/51/28; 
ttag +65 98/96/91/94/88; 
ttag +66 27/[1]/?/7/?; 
ttag +67 53/42/38/42/42; 
ttag +68 85/81/74/81/74; 
ttag +69 100/100/99/99/99; 
ttag +70 86/82/78/90/80; 
ttag +71 28/0/?/8/?; 
ttag +72 71/64/64/74/63; 
ttag +73 100/100/100/100/98; 
ttag +74 88/87/80/92/85; 
ttag +75 73/68/50/70/58; 
ttag +76 75/70/63/78/68; 
ttag +77 88/86/85/93/84; 
ttag +78 48/24/25/40/18; 
ttag +79 50/40/33/45/34; 
ttag +80 93/92/91/95/81; 
ttag +81 52/42/34/43/26; 
ttag +82 99/99/96/97/96; 
ttag +83 78/68/67/80/68; 
ttag +84 48/31/22/38/6; 
ttag +85 67/60/53/60/50; 
ttag +86 28/10/2/18/?; 
ttag +87 58/48/53/58/41; 
ttag +88 48/32/12/26/22; 
ttag +89 70/60/56/72/59; 
ttag +90 78/73/66/78/64; 
ttag +91 100/100/95/98/95; 
ttag +92 63/50/36/43/32; 
ttag +93 19/7/?/2/?; 
ttag +94 37/24/24/15/18; 
