tread
'Tree with tags' 
(0 ((1 (2 3 ))(((4 5 )((11 (6 7 ))(8 (9 10 ))))(13 (12 ((14 ((15 (16 17 ))((22 (23 (24 25 )))(26 (27 (28 ((29 30 31 )(32 33 34 (35 (36 (37 38 39 ))))(40 (41 (42 43 )))(44 45 46 47 ))))))))(21 (18 (19 20 ))))))))); 
ttag *!; 
ttag +49 3; 
ttag +50 ???; 
ttag +51 9; 
ttag +52 1; 
ttag +53 2; 
ttag +54 6; 
ttag +55 3; 
ttag +56 1; 
ttag +57 2; 
ttag +58 9; 
ttag +59 1; 
ttag +60 2; 
ttag +61 2; 
ttag +62 1; 
ttag +63 1; 
ttag +64 5; 
ttag +65 1; 
ttag +66 4; 
ttag +67 6; 
ttag +68 1; 
ttag +69 5; 
ttag +70 5; 
ttag +71 4; 
ttag +72 2; 
ttag +73 5; 
ttag +74 1; 
ttag +75 3; 
ttag +76 3; 
ttag +77 3; 
ttag +78 1; 
ttag +79 3; 
ttag +80 3; 
ttag +81 2; 
ttag +82 4; 
ttag +83 12; 
ttag +84 1; 
ttag +85 7; 
ttag +86 1; 
tread
'Tree with tags' 
(0 ((1 (2 3 ))(((4 5 )((11 (6 7 ))(8 (9 10 ))))(13 (12 ((14 ((15 (16 17 ))((22 (23 (24 25 )))(26 (27 (28 ((29 (30 31 ))((32 ((33 34 )(35 (36 (38 (37 39 ))))))((40 (41 (42 43 )))(46 (44 (45 47 ))))))))))))(21 (18 (19 20 ))))))))); 
ttag *!; 
ttag +0 ////; 
ttag +1 ////; 
ttag +2 ////; 
ttag +3 ////; 
ttag +4 ////; 
ttag +5 ////; 
ttag +6 ////; 
ttag +7 ////; 
ttag +8 ////; 
ttag +9 ////; 
ttag +10 ////; 
ttag +11 ////; 
ttag +12 ////; 
ttag +13 ////; 
ttag +14 ////; 
ttag +15 ////; 
ttag +16 ////; 
ttag +17 ////; 
ttag +18 ////; 
ttag +19 ////; 
ttag +20 ////; 
ttag +21 ////; 
ttag +22 ////; 
ttag +23 ////; 
ttag +24 ////; 
ttag +25 ////; 
ttag +26 ////; 
ttag +27 ////; 
ttag +28 ////; 
ttag +29 ////; 
ttag +30 ////; 
ttag +31 ////; 
ttag +32 ////; 
ttag +33 ////; 
ttag +34 ////; 
ttag +35 ////; 
ttag +36 ////; 
ttag +37 ////; 
ttag +38 ////; 
ttag +39 ////; 
ttag +40 ////; 
ttag +41 ////; 
ttag +42 ////; 
ttag +43 ////; 
ttag +44 ////; 
ttag +45 ////; 
ttag +46 ////; 
ttag +47 ////; 
ttag +48 ////; 
ttag +49 74/54/51/63/45; 
ttag +50 100/100/100/100/100; 
ttag +51 99/99/99/100/99; 
ttag +52 21/[8]/?/8/?; 
ttag +53 24/[4]/?/9/?; 
ttag +54 92/90/82/92/78; 
ttag +55 79/74/65/76/69; 
ttag +56 10/1/?/2/?; 
ttag +57 23/14/14/25/15; 
ttag +58 100/100/98/99/97; 
ttag +59 52/35/25/36/22; 
ttag +60 18/[7]/?/8/?; 
ttag +61 42/28/24/33/24; 
ttag +62 14/[42]/?/?/?; 
ttag +63 24/20/14/22/11; 
ttag +64 91/90/82/94/83; 
ttag +65 8/[48]/?/?/?; 
ttag +66 96/95/93/97/94; 
ttag +67 98/98/90/99/96; 
ttag +68 14/[42]/?/?/?; 
ttag +69 98/98/98/99/98; 
ttag +70 90/88/79/84/79; 
ttag +71 57/52/38/51/40; 
ttag +72 53/22/22/31/14; 
ttag +73 97/96/95/96/96; 
ttag +74 44/35/29/36/31; 
ttag +75 67/62/55/76/56; 
ttag +76 68/64/49/76/53; 
ttag +77 87/82/78/90/75; 
ttag +78 48/40/26/39/34; 
ttag +79 33/10/14/12/6; 
ttag +80 82/77/67/80/65; 
ttag +81 35/26/14/26/22; 
ttag +82 41/10/8/5/?; 
ttag +83 13/[38]/?/?/?; 
ttag +84 90/90/77/83/78; 
ttag +85 72/63/56/70/65; 
ttag +86 50/27/13/27/19; 
ttag +87 97/96/91/93/92; 
ttag +88 100/100/99/100/99; 
ttag +89 28/[8]/?/?/?; 
ttag +90 69/54/53/64/49; 
ttag +91 99/99/97/98/97; 
ttag +92 28/4/6/4/5; 
ttag +93 75/67/60/69/63; 
ttag +94 17/[36]/?/?/?; 
