tread
'Tree with tags' 
(0 (1 ((2 3 )(4 (5 ((6 7 )(((8 (9 10 ))(18 (19 20 )))(12 ((11 (14 (17 (15 16 ))))(13 (21 ((22 (23 (24 25 )))(26 (27 (28 40 41 (29 (30 31 ))(32 ((33 34 )(35 (36 (37 38 39 )))))(42 43 )(46 (44 (45 47 )))))))))))))))))); 
ttag *!; 
ttag +49 ???; 
ttag +50 6; 
ttag +51 7; 
ttag +52 1; 
ttag +53 6; 
ttag +54 4; 
ttag +55 3; 
ttag +56 6; 
ttag +57 1; 
ttag +58 1; 
ttag +59 3; 
ttag +60 1; 
ttag +61 1; 
ttag +62 1; 
ttag +63 1; 
ttag +64 1; 
ttag +65 1; 
ttag +66 11; 
ttag +67 7; 
ttag +68 8; 
ttag +69 3; 
ttag +70 5; 
ttag +71 2; 
ttag +72 7; 
ttag +73 7; 
ttag +74 4; 
ttag +75 2; 
ttag +76 1; 
ttag +77 1; 
ttag +78 4; 
ttag +79 5; 
ttag +80 7; 
ttag +81 1; 
ttag +82 2; 
ttag +83 1; 
ttag +84 6; 
ttag +85 9; 
ttag +86 2; 
ttag +87 2; 
ttag +88 2; 
tread
'Tree with tags' 
(0 (1 ((2 3 )(4 (5 ((6 7 )(((8 (9 10 ))(18 (19 20 )))(12 ((11 (14 (17 (15 16 ))))(13 (21 ((22 (23 (24 25 )))(26 (27 ((28 (((40 (32 ((33 34 )(35 (36 (38 (37 39 )))))))(41 (42 43 )))(46 (44 (45 47 )))))(29 (30 31 ))))))))))))))))); 
ttag *!; 
ttag +0 ////; 
ttag +1 ////; 
ttag +2 ////; 
ttag +3 ////; 
ttag +4 ////; 
ttag +5 ////; 
ttag +6 ////; 
ttag +7 ////; 
ttag +8 ////; 
ttag +9 ////; 
ttag +10 ////; 
ttag +11 ////; 
ttag +12 ////; 
ttag +13 ////; 
ttag +14 ////; 
ttag +15 ////; 
ttag +16 ////; 
ttag +17 ////; 
ttag +18 ////; 
ttag +19 ////; 
ttag +20 ////; 
ttag +21 ////; 
ttag +22 ////; 
ttag +23 ////; 
ttag +24 ////; 
ttag +25 ////; 
ttag +26 ////; 
ttag +27 ////; 
ttag +28 ////; 
ttag +29 ////; 
ttag +30 ////; 
ttag +31 ////; 
ttag +32 ////; 
ttag +33 ////; 
ttag +34 ////; 
ttag +35 ////; 
ttag +36 ////; 
ttag +37 ////; 
ttag +38 ////; 
ttag +39 ////; 
ttag +40 ////; 
ttag +41 ////; 
ttag +42 ////; 
ttag +43 ////; 
ttag +44 ////; 
ttag +45 ////; 
ttag +46 ////; 
ttag +47 ////; 
ttag +48 ////; 
ttag +49 100/100/100/100/100; 
ttag +50 96/94/93/98/93; 
ttag +51 100/100/99/99/99; 
ttag +52 40/22/11/16/14; 
ttag +53 81/78/65/81/69; 
ttag +54 90/87/82/93/80; 
ttag +55 56/46/44/52/34; 
ttag +56 97/97/94/97/94; 
ttag +57 18/[22]/?/?/?; 
ttag +58 10/[31]/?/?/?; 
ttag +59 98/98/98/98/96; 
ttag +60 9/[11]/?/?/?; 
ttag +61 6/[43]/?/?/?; 
ttag +62 23/2/?/9/5; 
ttag +63 15/[34]/?/?/?; 
ttag +64 36/16/16/30/25; 
ttag +65 57/36/45/48/50; 
ttag +66 99/99/98/100/94; 
ttag +67 98/98/91/96/89; 
ttag +68 100/100/98/100/99; 
ttag +69 50/42/40/54/49; 
ttag +70 76/65/60/70/61; 
ttag +71 65/57/49/68/60; 
ttag +72 99/98/97/99/96; 
ttag +73 89/84/77/85/81; 
ttag +74 82/80/63/77/64; 
ttag +75 64/56/37/57/33; 
ttag +76 14/[15]/?/?/?; 
ttag +77 63/59/42/59/46; 
ttag +78 73/68/68/69/59; 
ttag +79 95/91/88/92/86; 
ttag +80 97/96/93/98/95; 
ttag +81 21/[5]/7/?/?; 
ttag +82 15/[8]/?/?/?; 
ttag +83 29/12/12/13/2; 
ttag +84 99/98/95/98/95; 
ttag +85 71/57/36/45/48; 
ttag +86 82/77/63/84/75; 
ttag +87 70/61/54/65/52; 
ttag +88 47/19/22/18/14; 
ttag +89 98/98/88/97/95; 
ttag +90 34/14/20/13/14; 
ttag +91 99/99/100/100/100; 
ttag +92 79/74/66/71/62; 
ttag +93 77/73/60/73/63; 
ttag +94 76/68/58/72/55; 
