tread
'Tree with tags' 
(0 (1 (2 3 (4 (5 11 12 (6 7 )(8 9 10 )(13 14 (18 (15 (16 17 ))(19 20 ))(21 ((22 (23 (24 25 )))(26 (27 (28 ((29 30 31 )(32 (33 34 (35 36 (37 38 39 ))))(((40 41 )(42 43 ))(44 46 (45 47 ))))))))))))))); 
ttag *!; 
ttag +49 ???; 
ttag +50 1; 
ttag +51 6; 
ttag +52 3; 
ttag +53 1; 
ttag +54 6; 
ttag +55 1; 
ttag +56 4; 
ttag +57 5; 
ttag +58 3; 
ttag +59 6; 
ttag +60 3; 
ttag +61 3; 
ttag +62 4; 
ttag +63 6; 
ttag +64 9; 
ttag +65 7; 
ttag +66 2; 
ttag +67 1; 
ttag +68 3; 
ttag +69 1; 
ttag +70 5; 
ttag +71 4; 
ttag +72 1; 
ttag +73 5; 
ttag +74 1; 
ttag +75 3; 
ttag +76 1; 
ttag +77 3; 
ttag +78 2; 
ttag +79 3; 
tread
'Tree with tags' 
(0 (1 (2 (3 (4 (((5 (12 (13 ((14 (18 ((15 (16 17 ))(19 20 ))))(21 ((22 (23 (24 25 )))(26 (27 (28 (((31 (29 30 ))(((40 41 )(42 43 ))(46 (44 (45 47 )))))(32 (34 (33 (35 (36 (37 (38 39 )))))))))))))))))(11 (8 (9 10 ))))(6 7 ))))))); 
ttag *!; 
ttag +0 ////; 
ttag +1 ////; 
ttag +2 ////; 
ttag +3 ////; 
ttag +4 ////; 
ttag +5 ////; 
ttag +6 ////; 
ttag +7 ////; 
ttag +8 ////; 
ttag +9 ////; 
ttag +10 ////; 
ttag +11 ////; 
ttag +12 ////; 
ttag +13 ////; 
ttag +14 ////; 
ttag +15 ////; 
ttag +16 ////; 
ttag +17 ////; 
ttag +18 ////; 
ttag +19 ////; 
ttag +20 ////; 
ttag +21 ////; 
ttag +22 ////; 
ttag +23 ////; 
ttag +24 ////; 
ttag +25 ////; 
ttag +26 ////; 
ttag +27 ////; 
ttag +28 ////; 
ttag +29 ////; 
ttag +30 ////; 
ttag +31 ////; 
ttag +32 ////; 
ttag +33 ////; 
ttag +34 ////; 
ttag +35 ////; 
ttag +36 ////; 
ttag +37 ////; 
ttag +38 ////; 
ttag +39 ////; 
ttag +40 ////; 
ttag +41 ////; 
ttag +42 ////; 
ttag +43 ////; 
ttag +44 ////; 
ttag +45 ////; 
ttag +46 ////; 
ttag +47 ////; 
ttag +48 ////; 
ttag +49 100/100/100/100/100; 
ttag +50 62/47/36/44/39; 
ttag +51 31/[22]/?/?/?; 
ttag +52 98/97/97/99/96; 
ttag +53 30/11/6/11/9; 
ttag +54 8/[6]/?/?/?; 
ttag +55 72/63/47/61/50; 
ttag +56 82/78/74/76/75; 
ttag +57 99/98/98/99/98; 
ttag +58 48/33/26/38/30; 
ttag +59 41/16/22/22/27; 
ttag +60 33/14/5/20/12; 
ttag +61 62/54/33/46/44; 
ttag +62 33/8/12/5/14; 
ttag +63 26/17/8/8/7; 
ttag +64 92/88/79/85/84; 
ttag +65 18/[23]/?/?/?; 
ttag +66 91/87/80/86/81; 
ttag +67 89/86/80/84/80; 
ttag +68 99/98/95/98/98; 
ttag +69 90/88/66/90/72; 
ttag +70 87/85/81/90/84; 
ttag +71 90/89/71/94/76; 
ttag +72 100/100/95/98/96; 
ttag +73 100/100/99/99/97; 
ttag +74 96/95/84/98/91; 
ttag +75 53/30/29/34/32; 
ttag +76 42/18/15/18/15; 
ttag +77 17/[17]/?/?/?; 
ttag +78 90/87/83/91/86; 
ttag +79 19/[30]/?/?/?; 
ttag +80 48/36/20/47/27; 
ttag +81 95/95/87/96/89; 
ttag +82 27/8/10/10/5; 
ttag +83 78/66/60/77/63; 
ttag +84 68/62/46/60/47; 
ttag +85 59/38/30/33/28; 
ttag +86 94/93/87/96/86; 
ttag +87 24/[22]/?/?/?; 
ttag +88 66/52/32/62/49; 
ttag +89 91/87/76/84/82; 
ttag +90 70/52/40/52/43; 
ttag +91 95/94/91/94/89; 
ttag +92 2/[26]/?/?/?; 
ttag +93 82/75/72/83/64; 
ttag +94 82/79/70/82/66; 
