tread
'Tree with tags' 
(0 (1 ((2 3 )((4 5 )(((6 7 )(8 (9 10 )))(11 (((12 13 )(21 ((22 (23 (24 25 )))(26 (27 (28 ((((29 (30 31 ))((32 (35 (36 (37 (38 39 )))))(33 34 )))(46 47 (44 45 )))(40 (41 (42 43 ))))))))))(14 ((15 16 17 )(18 (19 20 ))))))))))); 
ttag *!; 
ttag +49 ???; 
ttag +50 7; 
ttag +51 3; 
ttag +52 1; 
ttag +53 9; 
ttag +54 1; 
ttag +55 2; 
ttag +56 3; 
ttag +57 15; 
ttag +58 1; 
ttag +59 2; 
ttag +60 3; 
ttag +61 1; 
ttag +62 3; 
ttag +63 2; 
ttag +64 7; 
ttag +65 2; 
ttag +66 2; 
ttag +67 10; 
ttag +68 5; 
ttag +69 3; 
ttag +70 1; 
ttag +71 5; 
ttag +72 6; 
ttag +73 3; 
ttag +74 5; 
ttag +75 4; 
ttag +76 1; 
ttag +77 1; 
ttag +78 1; 
ttag +79 1; 
ttag +80 2; 
ttag +81 1; 
ttag +82 4; 
ttag +83 4; 
ttag +84 4; 
ttag +85 4; 
ttag +86 4; 
ttag +87 1; 
ttag +88 4; 
ttag +89 1; 
ttag +90 5; 
ttag +91 1; 
ttag +92 3; 
tread
'Tree with tags' 
(0 (1 ((2 3 )((4 5 )(((6 7 )(8 (9 10 )))(11 (((12 13 )(21 ((22 (23 (24 25 )))(26 (27 (28 ((((29 (30 31 ))((32 (35 (36 (37 (38 39 )))))(33 34 )))((44 45 )(46 47 )))(40 (41 (42 43 ))))))))))(14 ((15 (16 17 ))(18 (19 20 ))))))))))); 
ttag *!; 
ttag +0 ////; 
ttag +1 ////; 
ttag +2 ////; 
ttag +3 ////; 
ttag +4 ////; 
ttag +5 ////; 
ttag +6 ////; 
ttag +7 ////; 
ttag +8 ////; 
ttag +9 ////; 
ttag +10 ////; 
ttag +11 ////; 
ttag +12 ////; 
ttag +13 ////; 
ttag +14 ////; 
ttag +15 ////; 
ttag +16 ////; 
ttag +17 ////; 
ttag +18 ////; 
ttag +19 ////; 
ttag +20 ////; 
ttag +21 ////; 
ttag +22 ////; 
ttag +23 ////; 
ttag +24 ////; 
ttag +25 ////; 
ttag +26 ////; 
ttag +27 ////; 
ttag +28 ////; 
ttag +29 ////; 
ttag +30 ////; 
ttag +31 ////; 
ttag +32 ////; 
ttag +33 ////; 
ttag +34 ////; 
ttag +35 ////; 
ttag +36 ////; 
ttag +37 ////; 
ttag +38 ////; 
ttag +39 ////; 
ttag +40 ////; 
ttag +41 ////; 
ttag +42 ////; 
ttag +43 ////; 
ttag +44 ////; 
ttag +45 ////; 
ttag +46 ////; 
ttag +47 ////; 
ttag +48 ////; 
ttag +49 100/100/100/100/100; 
ttag +50 97/97/95/98/96; 
ttag +51 79/68/58/70/63; 
ttag +52 29/10/3/20/10; 
ttag +53 93/90/81/92/85; 
ttag +54 71/59/63/66/61; 
ttag +55 52/36/32/33/21; 
ttag +56 81/79/56/70/61; 
ttag +57 100/100/100/100/99; 
ttag +58 56/40/38/49/36; 
ttag +59 46/29/21/22/20; 
ttag +60 70/65/55/67/58; 
ttag +61 18/4/?/5/?; 
ttag +62 44/37/15/36/21; 
ttag +63 44/32/22/34/17; 
ttag +64 97/96/84/96/88; 
ttag +65 63/56/40/60/40; 
ttag +66 45/3/?/?/?; 
ttag +67 80/73/64/70/60; 
ttag +68 100/100/100/100/100; 
ttag +69 83/82/57/84/60; 
ttag +70 82/79/58/82/67; 
ttag +71 42/22/20/20/18; 
ttag +72 98/97/92/97/96; 
ttag +73 98/97/96/96/96; 
ttag +74 72/70/52/72/57; 
ttag +75 79/74/55/75/53; 
ttag +76 82/79/54/82/64; 
ttag +77 52/42/42/49/49; 
ttag +78 5/[14]/?/?/?; 
ttag +79 55/48/43/52/29; 
ttag +80 35/4/?/12/12; 
ttag +81 62/47/39/55/42; 
ttag +82 19/0/?/7/?; 
ttag +83 58/53/45/58/46; 
ttag +84 88/86/74/90/78; 
ttag +85 48/30/26/42/24; 
ttag +86 76/62/56/71/59; 
ttag +87 56/30/33/44/28; 
ttag +88 19/[10]/?/6/?; 
ttag +89 92/90/85/92/81; 
ttag +90 20/[4]/?/?/?; 
ttag +91 96/95/92/96/90; 
ttag +92 58/46/38/46/41; 
ttag +93 79/77/67/79/61; 
ttag +94 27/5/4/10/3; 
