tread
'Tree with tags' 
(0 (1 ((2 3 )(4 (5 11 (6 7 (8 (9 10 )))(12 13 (14 (15 (16 17 ))(18 (19 20 )))(21 ((22 (23 (24 25 )))(26 (27 (28 ((29 (30 31 ))((32 (35 (33 34 )(36 (37 38 39 ))))((40 (41 (42 43 )))(44 (45 (46 47 ))))))))))))))))); 
ttag *!; 
ttag +49 ???; 
ttag +50 6; 
ttag +51 3; 
ttag +52 1; 
ttag +53 1; 
ttag +54 3; 
ttag +55 6; 
ttag +56 1; 
ttag +57 1; 
ttag +58 3; 
ttag +59 6; 
ttag +60 1; 
ttag +61 4; 
ttag +62 10; 
ttag +63 1; 
ttag +64 6; 
ttag +65 3; 
ttag +66 7; 
ttag +67 7; 
ttag +68 7; 
ttag +69 5; 
ttag +70 3; 
ttag +71 7; 
ttag +72 1; 
ttag +73 7; 
ttag +74 8; 
ttag +75 5; 
ttag +76 2; 
ttag +77 2; 
ttag +78 1; 
ttag +79 7; 
ttag +80 4; 
ttag +81 1; 
ttag +82 4; 
ttag +83 11; 
ttag +84 2; 
ttag +85 2; 
ttag +86 2; 
tread
'Tree with tags' 
(0 (1 ((2 3 )(4 (5 (((6 7 )(8 (9 10 )))(11 ((13 (12 (21 ((22 (23 (24 25 )))(26 (27 (28 ((29 (30 31 ))((32 ((33 34 )(35 (36 (37 (38 39 ))))))((40 (41 (42 43 )))(44 (45 (46 47 )))))))))))))(14 ((15 (16 17 ))(18 (19 20 )))))))))))); 
ttag *!; 
ttag +0 ////; 
ttag +1 ////; 
ttag +2 ////; 
ttag +3 ////; 
ttag +4 ////; 
ttag +5 ////; 
ttag +6 ////; 
ttag +7 ////; 
ttag +8 ////; 
ttag +9 ////; 
ttag +10 ////; 
ttag +11 ////; 
ttag +12 ////; 
ttag +13 ////; 
ttag +14 ////; 
ttag +15 ////; 
ttag +16 ////; 
ttag +17 ////; 
ttag +18 ////; 
ttag +19 ////; 
ttag +20 ////; 
ttag +21 ////; 
ttag +22 ////; 
ttag +23 ////; 
ttag +24 ////; 
ttag +25 ////; 
ttag +26 ////; 
ttag +27 ////; 
ttag +28 ////; 
ttag +29 ////; 
ttag +30 ////; 
ttag +31 ////; 
ttag +32 ////; 
ttag +33 ////; 
ttag +34 ////; 
ttag +35 ////; 
ttag +36 ////; 
ttag +37 ////; 
ttag +38 ////; 
ttag +39 ////; 
ttag +40 ////; 
ttag +41 ////; 
ttag +42 ////; 
ttag +43 ////; 
ttag +44 ////; 
ttag +45 ////; 
ttag +46 ////; 
ttag +47 ////; 
ttag +48 ////; 
ttag +49 100/100/100/100/100; 
ttag +50 96/93/90/94/89; 
ttag +51 87/82/80/83/78; 
ttag +52 49/23/19/32/12; 
ttag +53 40/20/20/26/12; 
ttag +54 2/[33]/?/?/?; 
ttag +55 73/68/62/80/62; 
ttag +56 25/5/6/4/3; 
ttag +57 98/98/95/99/98; 
ttag +58 66/50/41/56/44; 
ttag +59 21/4/8/8/4; 
ttag +60 5/[12]/?/?/?; 
ttag +61 5/[12]/?/?/?; 
ttag +62 23/6/4/14/3; 
ttag +63 48/40/34/48/29; 
ttag +64 91/88/81/92/84; 
ttag +65 31/12/10/11/6; 
ttag +66 58/42/30/40/28; 
ttag +67 79/72/57/73/59; 
ttag +68 100/100/99/100/99; 
ttag +69 39/32/22/40/27; 
ttag +70 97/96/91/98/91; 
ttag +71 67/64/53/74/51; 
ttag +72 99/98/96/99/96; 
ttag +73 99/99/97/98/97; 
ttag +74 95/94/85/96/86; 
ttag +75 86/83/72/91/74; 
ttag +76 80/75/56/73/59; 
ttag +77 100/100/98/99/96; 
ttag +78 32/[12]/?/0/?; 
ttag +79 98/98/97/100/99; 
ttag +80 98/98/92/99/94; 
ttag +81 88/86/73/90/73; 
ttag +82 44/14/14/22/16; 
ttag +83 34/5/3/8/2; 
ttag +84 19/3/4/5/13; 
ttag +85 35/9/4/15/?; 
ttag +86 96/96/92/98/94; 
ttag +87 21/[4]/3/5/2; 
ttag +88 87/83/72/87/70; 
ttag +89 14/[13]/?/?/?; 
ttag +90 68/54/38/62/41; 
ttag +91 100/100/97/99/97; 
ttag +92 42/24/25/37/23; 
ttag +93 33/15/14/26/10; 
ttag +94 30/12/6/23/11; 
