tread
'Tree with tags' 
(0 (1 (4 5 (2 3 )((6 7 )(8 (9 10 )))(11 ((12 13 )(14 (15 (16 17 ))(18 (19 20 ))(21 ((22 (23 (24 25 )))(26 27 (28 ((29 (30 31 ))(32 (33 34 )(35 (36 (37 38 39 ))))((40 41 (42 43 ))(44 45 (46 47 )))))))))))))); 
ttag *!; 
ttag +49 ???; 
ttag +50 8; 
ttag +51 4; 
ttag +52 1; 
ttag +53 3; 
ttag +54 8; 
ttag +55 1; 
ttag +56 1; 
ttag +57 2; 
ttag +58 1; 
ttag +59 2; 
ttag +60 8; 
ttag +61 7; 
ttag +62 9; 
ttag +63 7; 
ttag +64 3; 
ttag +65 3; 
ttag +66 1; 
ttag +67 2; 
ttag +68 6; 
ttag +69 4; 
ttag +70 1; 
ttag +71 4; 
ttag +72 1; 
ttag +73 3; 
ttag +74 2; 
ttag +75 5; 
ttag +76 1; 
ttag +77 5; 
ttag +78 8; 
ttag +79 1; 
ttag +80 1; 
ttag +81 11; 
ttag +82 4; 
ttag +83 2; 
tread
'Tree with tags' 
(0 (1 (((4 (5 (2 3 )))((6 7 )(8 (9 10 ))))(11 ((12 13 )((14 ((15 (16 17 ))(21 ((22 (23 (24 25 )))((26 27 )(28 (((29 (30 31 ))((41 (40 (42 43 )))(44 (45 (46 47 )))))((32 (35 (36 (39 (37 38 )))))(33 34 )))))))))(18 (19 20 )))))))); 
ttag *!; 
ttag +0 ////; 
ttag +1 ////; 
ttag +2 ////; 
ttag +3 ////; 
ttag +4 ////; 
ttag +5 ////; 
ttag +6 ////; 
ttag +7 ////; 
ttag +8 ////; 
ttag +9 ////; 
ttag +10 ////; 
ttag +11 ////; 
ttag +12 ////; 
ttag +13 ////; 
ttag +14 ////; 
ttag +15 ////; 
ttag +16 ////; 
ttag +17 ////; 
ttag +18 ////; 
ttag +19 ////; 
ttag +20 ////; 
ttag +21 ////; 
ttag +22 ////; 
ttag +23 ////; 
ttag +24 ////; 
ttag +25 ////; 
ttag +26 ////; 
ttag +27 ////; 
ttag +28 ////; 
ttag +29 ////; 
ttag +30 ////; 
ttag +31 ////; 
ttag +32 ////; 
ttag +33 ////; 
ttag +34 ////; 
ttag +35 ////; 
ttag +36 ////; 
ttag +37 ////; 
ttag +38 ////; 
ttag +39 ////; 
ttag +40 ////; 
ttag +41 ////; 
ttag +42 ////; 
ttag +43 ////; 
ttag +44 ////; 
ttag +45 ////; 
ttag +46 ////; 
ttag +47 ////; 
ttag +48 ////; 
ttag +49 100/100/100/100/100; 
ttag +50 99/98/94/99/94; 
ttag +51 13/[18]/?/?/?; 
ttag +52 12/[19]/?/?/?; 
ttag +53 12/[20]/?/?/?; 
ttag +54 92/90/91/94/89; 
ttag +55 56/49/45/51/36; 
ttag +56 48/41/29/52/24; 
ttag +57 100/100/98/100/100; 
ttag +58 80/80/72/75/70; 
ttag +59 27/7/9/14/15; 
ttag +60 61/50/48/57/41; 
ttag +61 42/37/26/37/21; 
ttag +62 11/[17]/?/?/?; 
ttag +63 63/57/38/59/38; 
ttag +64 99/99/98/100/99; 
ttag +65 18/[11]/?/?/?; 
ttag +66 99/99/98/100/98; 
ttag +67 100/100/97/100/98; 
ttag +68 97/96/96/97/98; 
ttag +69 63/54/38/59/42; 
ttag +70 60/50/37/54/45; 
ttag +71 54/45/31/51/31; 
ttag +72 78/66/64/64/62; 
ttag +73 98/98/94/98/96; 
ttag +74 66/46/41/40/38; 
ttag +75 82/78/72/80/76; 
ttag +76 52/27/26/33/29; 
ttag +77 86/84/70/81/75; 
ttag +78 13/[10]/?/?/?; 
ttag +79 35/26/26/28/18; 
ttag +80 88/83/72/80/60; 
ttag +81 21/[24]/?/?/?; 
ttag +82 72/66/53/69/48; 
ttag +83 98/98/92/97/91; 
ttag +84 70/60/51/63/59; 
ttag +85 95/94/89/97/86; 
ttag +86 38/[5]/?/?/?; 
ttag +87 99/99/98/98/92; 
ttag +88 32/[8]/?/0/?; 
ttag +89 64/56/39/59/52; 
ttag +90 72/69/60/66/60; 
ttag +91 100/100/99/100/100; 
ttag +92 93/91/81/86/76; 
ttag +93 33/8/?/12/?; 
ttag +94 59/38/32/57/37; 
