tread
'Tree with tags' 
(0 (1 ((2 3 )(4 ((5 (6 7 ))(((((8 (9 10 ))((22 (23 (24 25 )))(26 27 (28 ((29 ((32 (35 (33 34 )(36 (37 38 39 ))))(45 (47 (44 46 )))))((30 31 )(40 41 (42 43 ))))))))(12 13 ))(11 21 ))(14 ((15 (16 17 ))(18 (19 20 )))))))))); 
ttag *!; 
ttag +49 ???; 
ttag +50 5; 
ttag +51 1; 
ttag +52 8; 
ttag +53 1; 
ttag +54 3; 
ttag +55 4; 
ttag +56 7; 
ttag +57 2; 
ttag +58 1; 
ttag +59 2; 
ttag +60 1; 
ttag +61 3; 
ttag +62 2; 
ttag +63 2; 
ttag +64 2; 
ttag +65 12; 
ttag +66 1; 
ttag +67 1; 
ttag +68 4; 
ttag +69 7; 
ttag +70 6; 
ttag +71 4; 
ttag +72 7; 
ttag +73 4; 
ttag +74 2; 
ttag +75 2; 
ttag +76 1; 
ttag +77 2; 
ttag +78 1; 
ttag +79 1; 
ttag +80 7; 
ttag +81 1; 
ttag +82 5; 
ttag +83 1; 
ttag +84 2; 
ttag +85 2; 
ttag +86 9; 
ttag +87 3; 
ttag +88 1; 
ttag +89 1; 
ttag +90 1; 
tread
'Tree with tags' 
(0 (1 ((2 3 )(4 ((5 (6 7 ))(((((8 (9 10 ))((22 (23 (24 25 )))(26 (27 (28 ((29 ((32 ((35 (33 34 ))(36 (39 (37 38 )))))(45 (47 (44 46 )))))((30 31 )((40 41 )(42 43 )))))))))(12 13 ))(11 21 ))(14 ((15 (16 17 ))(18 (19 20 )))))))))); 
ttag *!; 
ttag +0 ////; 
ttag +1 ////; 
ttag +2 ////; 
ttag +3 ////; 
ttag +4 ////; 
ttag +5 ////; 
ttag +6 ////; 
ttag +7 ////; 
ttag +8 ////; 
ttag +9 ////; 
ttag +10 ////; 
ttag +11 ////; 
ttag +12 ////; 
ttag +13 ////; 
ttag +14 ////; 
ttag +15 ////; 
ttag +16 ////; 
ttag +17 ////; 
ttag +18 ////; 
ttag +19 ////; 
ttag +20 ////; 
ttag +21 ////; 
ttag +22 ////; 
ttag +23 ////; 
ttag +24 ////; 
ttag +25 ////; 
ttag +26 ////; 
ttag +27 ////; 
ttag +28 ////; 
ttag +29 ////; 
ttag +30 ////; 
ttag +31 ////; 
ttag +32 ////; 
ttag +33 ////; 
ttag +34 ////; 
ttag +35 ////; 
ttag +36 ////; 
ttag +37 ////; 
ttag +38 ////; 
ttag +39 ////; 
ttag +40 ////; 
ttag +41 ////; 
ttag +42 ////; 
ttag +43 ////; 
ttag +44 ////; 
ttag +45 ////; 
ttag +46 ////; 
ttag +47 ////; 
ttag +48 ////; 
ttag +49 100/100/100/100/100; 
ttag +50 78/67/74/74/76; 
ttag +51 59/43/37/44/43; 
ttag +52 100/100/97/98/97; 
ttag +53 1/[6]/?/?/?; 
ttag +54 41/21/24/25/14; 
ttag +55 85/82/75/86/73; 
ttag +56 99/99/96/98/100; 
ttag +57 9/[12]/?/?/?; 
ttag +58 0/[21]/?/?/?; 
ttag +59 3/[17]/?/?/?; 
ttag +60 2/[18]/?/?/?; 
ttag +61 80/69/64/72/60; 
ttag +62 12/[9]/?/?/?; 
ttag +63 36/16/5/18/4; 
ttag +64 25/4/?/?/0; 
ttag +65 98/98/98/98/96; 
ttag +66 21/[29]/?/?/?; 
ttag +67 44/18/25/26/18; 
ttag +68 95/95/80/94/90; 
ttag +69 99/99/97/98/98; 
ttag +70 81/73/59/77/62; 
ttag +71 84/82/68/82/71; 
ttag +72 99/99/99/97/97; 
ttag +73 95/93/91/96/88; 
ttag +74 58/50/42/58/42; 
ttag +75 17/[27]/?/?/?; 
ttag +76 38/29/25/37/31; 
ttag +77 25/[8]/?/?/?; 
ttag +78 45/36/27/43/33; 
ttag +79 62/51/38/62/47; 
ttag +80 8/[24]/?/?/?; 
ttag +81 94/94/88/95/90; 
ttag +82 46/30/14/21/18; 
ttag +83 96/94/85/94/81; 
ttag +84 22/[10]/?/?/?; 
ttag +85 48/38/38/33/40; 
ttag +86 58/48/26/48/38; 
ttag +87 19/[23]/?/?/?; 
ttag +88 63/54/32/50/36; 
ttag +89 30/[5]/?/?/?; 
ttag +90 99/99/94/98/98; 
ttag +91 86/82/76/79/71; 
ttag +92 50/36/17/41/28; 
ttag +93 31/17/5/26/12; 
ttag +94 52/38/33/46/35; 
