tread
'Tree with tags' 
(0 (1 (11 (5 ((4 (2 3 ))((6 7 (8 (9 10 )))((12 13 )((21 (14 (26 (28 (27 (((29 (30 31 ))((40 (41 (42 43 )))(46 (44 45 47 ))))(32 (35 ((33 34 )(38 (36 (37 39 ))))))))))))(((15 (16 17 ))(18 (19 20 )))(22 (23 (24 25 )))))))))))); 
ttag *!; 
ttag +49 ???; 
ttag +50 11; 
ttag +51 1; 
ttag +52 1; 
ttag +53 2; 
ttag +54 8; 
ttag +55 1; 
ttag +56 1; 
ttag +57 7; 
ttag +58 1; 
ttag +59 4; 
ttag +60 1; 
ttag +61 1; 
ttag +62 1; 
ttag +63 2; 
ttag +64 7; 
ttag +65 3; 
ttag +66 2; 
ttag +67 6; 
ttag +68 2; 
ttag +69 7; 
ttag +70 7; 
ttag +71 6; 
ttag +72 8; 
ttag +73 9; 
ttag +74 1; 
ttag +75 3; 
ttag +76 5; 
ttag +77 3; 
ttag +78 3; 
ttag +79 5; 
ttag +80 7; 
ttag +81 3; 
ttag +82 2; 
ttag +83 2; 
ttag +84 2; 
ttag +85 6; 
ttag +86 2; 
ttag +87 5; 
ttag +88 4; 
ttag +89 3; 
ttag +90 6; 
ttag +91 1; 
ttag +92 2; 
tread
'Tree with tags' 
(0 (1 (11 (5 ((4 (2 3 ))(((6 7 )(8 (9 10 )))((12 13 )((21 (14 (26 (28 (27 (((29 (30 31 ))((40 (41 (42 43 )))(46 (47 (44 45 )))))(32 (35 ((33 34 )(38 (36 (37 39 ))))))))))))(((15 (16 17 ))(18 (19 20 )))(22 (23 (24 25 )))))))))))); 
ttag *!; 
ttag +0 ////; 
ttag +1 ////; 
ttag +2 ////; 
ttag +3 ////; 
ttag +4 ////; 
ttag +5 ////; 
ttag +6 ////; 
ttag +7 ////; 
ttag +8 ////; 
ttag +9 ////; 
ttag +10 ////; 
ttag +11 ////; 
ttag +12 ////; 
ttag +13 ////; 
ttag +14 ////; 
ttag +15 ////; 
ttag +16 ////; 
ttag +17 ////; 
ttag +18 ////; 
ttag +19 ////; 
ttag +20 ////; 
ttag +21 ////; 
ttag +22 ////; 
ttag +23 ////; 
ttag +24 ////; 
ttag +25 ////; 
ttag +26 ////; 
ttag +27 ////; 
ttag +28 ////; 
ttag +29 ////; 
ttag +30 ////; 
ttag +31 ////; 
ttag +32 ////; 
ttag +33 ////; 
ttag +34 ////; 
ttag +35 ////; 
ttag +36 ////; 
ttag +37 ////; 
ttag +38 ////; 
ttag +39 ////; 
ttag +40 ////; 
ttag +41 ////; 
ttag +42 ////; 
ttag +43 ////; 
ttag +44 ////; 
ttag +45 ////; 
ttag +46 ////; 
ttag +47 ////; 
ttag +48 ////; 
ttag +49 100/100/100/100/100; 
ttag +50 99/99/98/100/97; 
ttag +51 16/0/?/1/?; 
ttag +52 19/3/?/9/?; 
ttag +53 44/28/18/35/25; 
ttag +54 100/100/99/100/99; 
ttag +55 21/17/18/16/20; 
ttag +56 32/22/19/22/14; 
ttag +57 6/[4]/?/?/?; 
ttag +58 98/98/95/98/92; 
ttag +59 57/36/30/31/31; 
ttag +60 83/82/80/92/76; 
ttag +61 16/5/1/2/2; 
ttag +62 14/1/?/0/?; 
ttag +63 11/[2]/?/?/?; 
ttag +64 21/11/7/16/8; 
ttag +65 98/98/96/99/97; 
ttag +66 72/65/58/63/55; 
ttag +67 12/[1]/?/?/?; 
ttag +68 97/96/88/98/89; 
ttag +69 60/51/52/50/41; 
ttag +70 98/98/98/100/98; 
ttag +71 98/98/91/95/91; 
ttag +72 98/98/94/97/94; 
ttag +73 99/99/98/99/99; 
ttag +74 96/95/91/96/90; 
ttag +75 26/[7]/?/?/?; 
ttag +76 72/60/45/65/48; 
ttag +77 81/77/69/81/70; 
ttag +78 49/44/27/45/27; 
ttag +79 66/60/48/56/40; 
ttag +80 91/88/87/94/84; 
ttag +81 94/93/90/97/92; 
ttag +82 85/81/72/84/79; 
ttag +83 64/56/46/60/52; 
ttag +84 78/76/70/84/74; 
ttag +85 66/48/36/48/44; 
ttag +86 95/93/90/93/91; 
ttag +87 70/63/45/60/46; 
ttag +88 91/90/89/92/84; 
ttag +89 52/44/33/48/21; 
ttag +90 80/71/66/70/62; 
ttag +91 99/99/98/99/97; 
ttag +92 21/6/11/5/14; 
ttag +93 36/24/24/33/28; 
ttag +94 51/39/27/39/36; 
