tread
'Tree with tags' 
(0 (1 ((2 3 )((4 ((13 (11 12 14 21 ((15 16 17 )(18 (19 20 )))(22 23 (24 25 ))))(28 (26 (27 ((29 (30 31 ))((32 ((33 34 )(35 (36 (37 (38 39 ))))))((40 41 (42 43 ))(46 (47 (44 45 )))))))))))(5 (7 (6 (8 (9 10 ))))))))); 
ttag *!; 
ttag +49 ???; 
ttag +50 8; 
ttag +51 13; 
ttag +52 1; 
ttag +53 4; 
ttag +54 1; 
ttag +55 2; 
ttag +56 4; 
ttag +57 10; 
ttag +58 2; 
ttag +59 1; 
ttag +60 1; 
ttag +61 2; 
ttag +62 7; 
ttag +63 2; 
ttag +64 4; 
ttag +65 10; 
ttag +66 2; 
ttag +67 10; 
ttag +68 3; 
ttag +69 5; 
ttag +70 1; 
ttag +71 4; 
ttag +72 6; 
ttag +73 1; 
ttag +74 5; 
ttag +75 1; 
ttag +76 3; 
ttag +77 1; 
ttag +78 1; 
ttag +79 3; 
ttag +80 9; 
ttag +81 2; 
ttag +82 8; 
ttag +83 1; 
ttag +84 6; 
ttag +85 1; 
ttag +86 2; 
ttag +87 1; 
tread
'Tree with tags' 
(0 (1 ((2 3 )((4 ((13 ((11 (14 ((17 (15 16 ))(18 (19 20 )))))(21 (12 ((22 23 )(24 25 ))))))(28 (26 (27 ((29 (30 31 ))((32 ((33 34 )(35 (36 (37 (38 39 ))))))((41 (40 (42 43 )))(46 (47 (44 45 )))))))))))(5 (7 (6 (8 (9 10 ))))))))); 
ttag *!; 
ttag +0 ////; 
ttag +1 ////; 
ttag +2 ////; 
ttag +3 ////; 
ttag +4 ////; 
ttag +5 ////; 
ttag +6 ////; 
ttag +7 ////; 
ttag +8 ////; 
ttag +9 ////; 
ttag +10 ////; 
ttag +11 ////; 
ttag +12 ////; 
ttag +13 ////; 
ttag +14 ////; 
ttag +15 ////; 
ttag +16 ////; 
ttag +17 ////; 
ttag +18 ////; 
ttag +19 ////; 
ttag +20 ////; 
ttag +21 ////; 
ttag +22 ////; 
ttag +23 ////; 
ttag +24 ////; 
ttag +25 ////; 
ttag +26 ////; 
ttag +27 ////; 
ttag +28 ////; 
ttag +29 ////; 
ttag +30 ////; 
ttag +31 ////; 
ttag +32 ////; 
ttag +33 ////; 
ttag +34 ////; 
ttag +35 ////; 
ttag +36 ////; 
ttag +37 ////; 
ttag +38 ////; 
ttag +39 ////; 
ttag +40 ////; 
ttag +41 ////; 
ttag +42 ////; 
ttag +43 ////; 
ttag +44 ////; 
ttag +45 ////; 
ttag +46 ////; 
ttag +47 ////; 
ttag +48 ////; 
ttag +49 100/100/100/100/100; 
ttag +50 98/97/94/98/92; 
ttag +51 100/100/100/100/100; 
ttag +52 16/[19]/?/?/?; 
ttag +53 75/70/61/66/62; 
ttag +54 16/[19]/?/?/?; 
ttag +55 69/65/51/67/52; 
ttag +56 75/72/64/76/58; 
ttag +57 100/100/97/100/100; 
ttag +58 64/47/37/53/41; 
ttag +59 2/[11]/?/?/?; 
ttag +60 13/[10]/?/?/?; 
ttag +61 19/[4]/?/?/0; 
ttag +62 45/33/11/39/21; 
ttag +63 16/[6]/?/?/3; 
ttag +64 4/[19]/?/?/?; 
ttag +65 25/6/?/4/3; 
ttag +66 30/[4]/4/?/5; 
ttag +67 98/97/94/99/93; 
ttag +68 55/43/33/46/43; 
ttag +69 66/52/44/52/47; 
ttag +70 100/100/96/100/99; 
ttag +71 18/[40]/?/?/?; 
ttag +72 68/60/48/71/52; 
ttag +73 99/98/100/100/97; 
ttag +74 52/44/34/46/42; 
ttag +75 73/70/60/73/58; 
ttag +76 15/[39]/?/?/?; 
ttag +77 78/75/70/80/76; 
ttag +78 90/88/81/92/84; 
ttag +79 64/46/42/56/43; 
ttag +80 92/91/83/91/85; 
ttag +81 49/32/29/26/20; 
ttag +82 67/52/43/46/50; 
ttag +83 41/7/6/21/22; 
ttag +84 71/64/47/59/50; 
ttag +85 90/89/80/88/75; 
ttag +86 100/100/98/100/98; 
ttag +87 83/79/69/80/72; 
ttag +88 8/[22]/?/?/?; 
ttag +89 100/100/99/100/98; 
ttag +90 34/15/16/28/22; 
ttag +91 98/96/99/98/96; 
ttag +92 45/26/26/30/27; 
ttag +93 56/47/43/56/48; 
ttag +94 56/44/40/54/45; 
