tread
'Tree with tags' 
(0 (1 ((2 3 )(4 (5 ((11 ((6 7 )(8 (9 10 ))))((12 13 )((14 (18 ((15 (16 17 ))(19 20 ))))(21 ((22 (23 (24 25 )))(26 27 (28 (29 (30 31 ))((35 ((32 (33 34 ))(36 (38 (37 39 )))))((41 (40 (42 43 )))(47 (46 (44 45 ))))))))))))))))); 
ttag *!; 
ttag +49 ???; 
ttag +50 6; 
ttag +51 4; 
ttag +52 5; 
ttag +53 1; 
ttag +54 2; 
ttag +55 1; 
ttag +56 1; 
ttag +57 3; 
ttag +58 10; 
ttag +59 2; 
ttag +60 2; 
ttag +61 1; 
ttag +62 1; 
ttag +63 2; 
ttag +64 9; 
ttag +65 1; 
ttag +66 2; 
ttag +67 3; 
ttag +68 7; 
ttag +69 1; 
ttag +70 4; 
ttag +71 2; 
ttag +72 2; 
ttag +73 12; 
ttag +74 5; 
ttag +75 5; 
ttag +76 5; 
ttag +77 3; 
ttag +78 1; 
ttag +79 1; 
ttag +80 6; 
ttag +81 4; 
ttag +82 8; 
ttag +83 1; 
ttag +84 1; 
ttag +85 3; 
ttag +86 1; 
ttag +87 3; 
ttag +88 1; 
ttag +89 7; 
ttag +90 1; 
ttag +91 1; 
ttag +92 4; 
tread
'Tree with tags' 
(0 (1 ((2 3 )(4 (5 ((11 ((6 7 )(8 (9 10 ))))((12 13 )((14 (18 ((15 (16 17 ))(19 20 ))))(21 ((22 (23 (24 25 )))(26 (27 ((28 (29 (30 31 )))((35 ((32 (33 34 ))(36 (38 (37 39 )))))((41 (40 (42 43 )))(47 (46 (44 45 )))))))))))))))))); 
ttag *!; 
ttag +0 ////; 
ttag +1 ////; 
ttag +2 ////; 
ttag +3 ////; 
ttag +4 ////; 
ttag +5 ////; 
ttag +6 ////; 
ttag +7 ////; 
ttag +8 ////; 
ttag +9 ////; 
ttag +10 ////; 
ttag +11 ////; 
ttag +12 ////; 
ttag +13 ////; 
ttag +14 ////; 
ttag +15 ////; 
ttag +16 ////; 
ttag +17 ////; 
ttag +18 ////; 
ttag +19 ////; 
ttag +20 ////; 
ttag +21 ////; 
ttag +22 ////; 
ttag +23 ////; 
ttag +24 ////; 
ttag +25 ////; 
ttag +26 ////; 
ttag +27 ////; 
ttag +28 ////; 
ttag +29 ////; 
ttag +30 ////; 
ttag +31 ////; 
ttag +32 ////; 
ttag +33 ////; 
ttag +34 ////; 
ttag +35 ////; 
ttag +36 ////; 
ttag +37 ////; 
ttag +38 ////; 
ttag +39 ////; 
ttag +40 ////; 
ttag +41 ////; 
ttag +42 ////; 
ttag +43 ////; 
ttag +44 ////; 
ttag +45 ////; 
ttag +46 ////; 
ttag +47 ////; 
ttag +48 ////; 
ttag +49 100/100/100/100/100; 
ttag +50 96/94/89/95/91; 
ttag +51 90/88/75/92/79; 
ttag +52 71/60/50/59/39; 
ttag +53 35/24/17/22/13; 
ttag +54 78/77/72/78/70; 
ttag +55 12/[14]/?/?/?; 
ttag +56 15/1/?/0/?; 
ttag +57 40/33/22/31/22; 
ttag +58 100/100/100/99/98; 
ttag +59 76/63/53/57/51; 
ttag +60 58/53/45/51/42; 
ttag +61 16/4/?/?/?; 
ttag +62 29/16/6/11/10; 
ttag +63 28/16/11/16/10; 
ttag +64 99/98/100/99/98; 
ttag +65 28/[14]/?/?/?; 
ttag +66 63/51/36/60/45; 
ttag +67 80/76/74/85/66; 
ttag +68 99/99/97/99/98; 
ttag +69 67/60/53/62/47; 
ttag +70 82/75/64/80/58; 
ttag +71 77/71/58/70/57; 
ttag +72 71/56/40/57/36; 
ttag +73 100/100/100/100/100; 
ttag +74 90/88/76/89/74; 
ttag +75 39/11/1/15/?; 
ttag +76 53/32/36/40/37; 
ttag +77 84/80/68/85/62; 
ttag +78 97/97/92/93/88; 
ttag +79 94/91/91/91/88; 
ttag +80 44/16/15/27/15; 
ttag +81 29/0/?/?/?; 
ttag +82 95/94/90/94/90; 
ttag +83 85/80/64/82/58; 
ttag +84 99/98/98/98/96; 
ttag +85 47/27/28/19/14; 
ttag +86 42/12/15/13/9; 
ttag +87 98/97/90/89/88; 
ttag +88 63/53/44/59/42; 
ttag +89 86/83/76/87/79; 
ttag +90 60/37/20/14/20; 
ttag +91 99/99/100/99/98; 
ttag +92 38/19/26/12/14; 
ttag +93 46/17/19/4/7; 
ttag +94 86/84/73/88/77; 
