tread
'Tree with tags' 
(0 (1 ((2 3 )(4 5 6 7 11 12 13 14 21 28 (8 9 10 )(15 (16 17 ))(18 (19 20 ))((22 (23 (24 25 )))(26 27 ))((29 (30 31 ))(((32 (35 36 (37 38 39 )))(33 34 ))(46 (40 (41 (42 43 )))(47 (44 45 ))))))))); 
ttag *!; 
ttag +49 ???; 
ttag +50 2; 
ttag +51 6; 
ttag +52 4; 
ttag +53 9; 
ttag +54 6; 
ttag +55 4; 
ttag +56 8; 
ttag +57 8; 
ttag +58 7; 
ttag +59 2; 
ttag +60 8; 
ttag +61 11; 
ttag +62 1; 
ttag +63 5; 
ttag +64 3; 
ttag +65 7; 
ttag +66 2; 
ttag +67 4; 
ttag +68 2; 
ttag +69 5; 
ttag +70 6; 
ttag +71 6; 
ttag +72 4; 
ttag +73 1; 
ttag +74 3; 
ttag +75 2; 
ttag +76 2; 
ttag +77 1; 
tread
'Tree with tags' 
(0 (1 ((2 3 )(6 (7 ((5 (4 (11 (12 (13 (((14 (18 (19 20 )))(21 (((22 (23 (24 25 )))(26 27 ))(28 ((29 (30 31 ))(((32 (35 (36 (38 (37 39 )))))(33 34 ))((40 (41 (42 43 )))(46 (47 (44 45 ))))))))))(15 (16 17 ))))))))(10 (8 9 )))))))); 
ttag *!; 
ttag +0 ////; 
ttag +1 ////; 
ttag +2 ////; 
ttag +3 ////; 
ttag +4 ////; 
ttag +5 ////; 
ttag +6 ////; 
ttag +7 ////; 
ttag +8 ////; 
ttag +9 ////; 
ttag +10 ////; 
ttag +11 ////; 
ttag +12 ////; 
ttag +13 ////; 
ttag +14 ////; 
ttag +15 ////; 
ttag +16 ////; 
ttag +17 ////; 
ttag +18 ////; 
ttag +19 ////; 
ttag +20 ////; 
ttag +21 ////; 
ttag +22 ////; 
ttag +23 ////; 
ttag +24 ////; 
ttag +25 ////; 
ttag +26 ////; 
ttag +27 ////; 
ttag +28 ////; 
ttag +29 ////; 
ttag +30 ////; 
ttag +31 ////; 
ttag +32 ////; 
ttag +33 ////; 
ttag +34 ////; 
ttag +35 ////; 
ttag +36 ////; 
ttag +37 ////; 
ttag +38 ////; 
ttag +39 ////; 
ttag +40 ////; 
ttag +41 ////; 
ttag +42 ////; 
ttag +43 ////; 
ttag +44 ////; 
ttag +45 ////; 
ttag +46 ////; 
ttag +47 ////; 
ttag +48 ////; 
ttag +49 100/100/100/100/100; 
ttag +50 80/74/75/80/70; 
ttag +51 94/92/81/92/76; 
ttag +52 11/2/2/4/?; 
ttag +53 14/0/?/?/?; 
ttag +54 16/[10]/?/?/?; 
ttag +55 20/[8]/?/?/?; 
ttag +56 81/79/66/82/60; 
ttag +57 20/[16]/?/?/?; 
ttag +58 100/100/100/100/100; 
ttag +59 16/8/6/7/?; 
ttag +60 13/4/?/9/?; 
ttag +61 2/[13]/?/?/?; 
ttag +62 8/[12]/?/?/?; 
ttag +63 7/[12]/?/?/?; 
ttag +64 9/0/?/4/2; 
ttag +65 98/98/96/99/97; 
ttag +66 89/87/85/91/88; 
ttag +67 98/98/96/99/96; 
ttag +68 100/100/100/100/100; 
ttag +69 16/8/6/14/3; 
ttag +70 88/82/68/85/63; 
ttag +71 21/5/5/5/4; 
ttag +72 40/32/25/35/25; 
ttag +73 96/96/91/97/90; 
ttag +74 100/100/98/98/97; 
ttag +75 32/24/19/21/26; 
ttag +76 24/14/14/16/8; 
ttag +77 90/89/77/92/74; 
ttag +78 50/39/30/54/30; 
ttag +79 97/96/92/98/94; 
ttag +80 77/70/53/70/62; 
ttag +81 91/90/76/91/80; 
ttag +82 34/21/9/26/13; 
ttag +83 93/90/89/96/89; 
ttag +84 87/83/76/89/80; 
ttag +85 62/50/45/49/47; 
ttag +86 16/[10]/?/?/?; 
ttag +87 96/95/88/94/88; 
ttag +88 87/83/67/89/72; 
ttag +89 26/12/6/10/4; 
ttag +90 77/70/63/78/70; 
ttag +91 74/62/45/62/58; 
ttag +92 47/34/29/43/34; 
ttag +93 20/8/8/11/0; 
ttag +94 26/6/4/2/6; 
