tread
'Tree with tags' 
(0 (1 ((2 3 )(14 ((((11 (5 (4 ((6 7 )(8 (9 10 ))))))(12 13 ))(21 ((22 (23 (24 25 )))(26 (27 (28 ((29 (30 31 ))((32 ((33 34 )(35 (36 (37 (38 39 ))))))(40 (41 (42 43 )))((44 45 )(46 47 ))))))))))((15 (16 17 ))(18 (19 20 )))))))); 
ttag *!; 
ttag +49 ???; 
ttag +50 1; 
ttag +51 4; 
ttag +52 2; 
ttag +53 2; 
ttag +54 1; 
ttag +55 1; 
ttag +56 1; 
ttag +57 1; 
ttag +58 11; 
ttag +59 2; 
ttag +60 2; 
ttag +61 9; 
ttag +62 5; 
ttag +63 2; 
ttag +64 6; 
ttag +65 3; 
ttag +66 3; 
ttag +67 2; 
ttag +68 4; 
ttag +69 3; 
ttag +70 1; 
ttag +71 3; 
ttag +72 9; 
ttag +73 6; 
ttag +74 2; 
ttag +75 1; 
ttag +76 4; 
ttag +77 7; 
ttag +78 1; 
ttag +79 2; 
ttag +80 2; 
ttag +81 1; 
ttag +82 1; 
ttag +83 2; 
ttag +84 3; 
ttag +85 3; 
ttag +86 2; 
ttag +87 5; 
ttag +88 5; 
ttag +89 2; 
ttag +90 6; 
ttag +91 1; 
ttag +92 3; 
ttag +93 2; 
tread
'Tree with tags' 
(0 (1 ((2 3 )(14 ((((11 (5 (4 ((6 7 )(8 (9 10 ))))))(12 13 ))(21 ((22 (23 (24 25 )))(26 (27 (28 ((29 (30 31 ))(((32 ((33 34 )(35 (36 (37 (38 39 ))))))((44 45 )(46 47 )))(40 (41 (42 43 )))))))))))((15 (16 17 ))(18 (19 20 )))))))); 
ttag *!; 
ttag +0 ////; 
ttag +1 ////; 
ttag +2 ////; 
ttag +3 ////; 
ttag +4 ////; 
ttag +5 ////; 
ttag +6 ////; 
ttag +7 ////; 
ttag +8 ////; 
ttag +9 ////; 
ttag +10 ////; 
ttag +11 ////; 
ttag +12 ////; 
ttag +13 ////; 
ttag +14 ////; 
ttag +15 ////; 
ttag +16 ////; 
ttag +17 ////; 
ttag +18 ////; 
ttag +19 ////; 
ttag +20 ////; 
ttag +21 ////; 
ttag +22 ////; 
ttag +23 ////; 
ttag +24 ////; 
ttag +25 ////; 
ttag +26 ////; 
ttag +27 ////; 
ttag +28 ////; 
ttag +29 ////; 
ttag +30 ////; 
ttag +31 ////; 
ttag +32 ////; 
ttag +33 ////; 
ttag +34 ////; 
ttag +35 ////; 
ttag +36 ////; 
ttag +37 ////; 
ttag +38 ////; 
ttag +39 ////; 
ttag +40 ////; 
ttag +41 ////; 
ttag +42 ////; 
ttag +43 ////; 
ttag +44 ////; 
ttag +45 ////; 
ttag +46 ////; 
ttag +47 ////; 
ttag +48 ////; 
ttag +49 100/100/100/100/100; 
ttag +50 61/47/42/51/44; 
ttag +51 81/76/71/77/68; 
ttag +52 20/4/?/1/?; 
ttag +53 16/[3]/?/6/?; 
ttag +54 13/[6]/?/2/?; 
ttag +55 32/16/6/20/12; 
ttag +56 24/6/?/4/?; 
ttag +57 19/[16]/?/?/?; 
ttag +58 99/98/98/100/100; 
ttag +59 73/66/52/60/56; 
ttag +60 68/60/56/63/60; 
ttag +61 99/99/98/100/99; 
ttag +62 99/98/98/99/97; 
ttag +63 35/15/19/32/19; 
ttag +64 99/99/96/99/94; 
ttag +65 83/76/61/80/71; 
ttag +66 86/84/74/88/76; 
ttag +67 85/82/77/82/77; 
ttag +68 98/98/93/97/89; 
ttag +69 67/64/47/66/40; 
ttag +70 62/51/29/52/34; 
ttag +71 67/61/51/69/49; 
ttag +72 99/98/93/97/92; 
ttag +73 99/99/97/100/98; 
ttag +74 60/49/27/54/36; 
ttag +75 30/5/?/0/?; 
ttag +76 65/60/41/64/41; 
ttag +77 95/94/94/96/95; 
ttag +78 20/1/?/?/0; 
ttag +79 88/82/65/78/66; 
ttag +80 34/12/21/23/21; 
ttag +81 6/[20]/?/?/?; 
ttag +82 13/[7]/1/4/3; 
ttag +83 26/4/10/18/14; 
ttag +84 27/4/10/17/7; 
ttag +85 90/88/79/90/79; 
ttag +86 92/91/84/88/83; 
ttag +87 80/70/66/71/63; 
ttag +88 98/98/96/96/95; 
ttag +89 84/80/74/86/75; 
ttag +90 67/56/39/66/45; 
ttag +91 98/98/89/100/92; 
ttag +92 49/36/43/38/37; 
ttag +93 75/73/58/72/68; 
ttag +94 48/34/23/36/20; 
