tread
'Tree with tags' 
(0 (1 ((2 3 )((((4 7 (6 (8 (9 10 ))))(5 11 ))(14 (17 (15 16 ))(18 (19 20 ))(21 ((22 (23 (24 25 )))(26 (27 (28 (29 (30 31 )(32 (35 (33 34 )(36 (37 (38 39 )))))((40 (41 (42 43 )))(44 45 46 47 ))))))))))(12 13 ))))); 
ttag *!; 
ttag +49 ???; 
ttag +50 7; 
ttag +51 4; 
ttag +52 1; 
ttag +53 1; 
ttag +54 1; 
ttag +55 4; 
ttag +56 1; 
ttag +57 1; 
ttag +58 10; 
ttag +59 2; 
ttag +60 2; 
ttag +61 4; 
ttag +62 1; 
ttag +63 5; 
ttag +64 5; 
ttag +65 10; 
ttag +66 2; 
ttag +67 2; 
ttag +68 5; 
ttag +69 4; 
ttag +70 3; 
ttag +71 9; 
ttag +72 3; 
ttag +73 5; 
ttag +74 4; 
ttag +75 8; 
ttag +76 4; 
ttag +77 3; 
ttag +78 2; 
ttag +79 3; 
ttag +80 5; 
ttag +81 4; 
ttag +82 7; 
ttag +83 1; 
ttag +84 1; 
ttag +85 6; 
ttag +86 1; 
tread
'Tree with tags' 
(0 (1 ((2 3 )(((((4 7 )(6 (8 (9 10 ))))(5 11 ))((14 ((17 (15 16 ))(18 (19 20 ))))(21 ((22 (23 (24 25 )))(26 (27 (28 (29 (((30 31 )(32 ((33 34 )(35 (36 (37 (38 39 )))))))((40 (41 (42 43 )))(45 (46 (44 47 )))))))))))))(12 13 ))))); 
ttag *!; 
ttag +0 ////; 
ttag +1 ////; 
ttag +2 ////; 
ttag +3 ////; 
ttag +4 ////; 
ttag +5 ////; 
ttag +6 ////; 
ttag +7 ////; 
ttag +8 ////; 
ttag +9 ////; 
ttag +10 ////; 
ttag +11 ////; 
ttag +12 ////; 
ttag +13 ////; 
ttag +14 ////; 
ttag +15 ////; 
ttag +16 ////; 
ttag +17 ////; 
ttag +18 ////; 
ttag +19 ////; 
ttag +20 ////; 
ttag +21 ////; 
ttag +22 ////; 
ttag +23 ////; 
ttag +24 ////; 
ttag +25 ////; 
ttag +26 ////; 
ttag +27 ////; 
ttag +28 ////; 
ttag +29 ////; 
ttag +30 ////; 
ttag +31 ////; 
ttag +32 ////; 
ttag +33 ////; 
ttag +34 ////; 
ttag +35 ////; 
ttag +36 ////; 
ttag +37 ////; 
ttag +38 ////; 
ttag +39 ////; 
ttag +40 ////; 
ttag +41 ////; 
ttag +42 ////; 
ttag +43 ////; 
ttag +44 ////; 
ttag +45 ////; 
ttag +46 ////; 
ttag +47 ////; 
ttag +48 ////; 
ttag +49 100/100/100/100/100; 
ttag +50 97/95/90/94/86; 
ttag +51 98/98/94/94/92; 
ttag +52 11/[8]/?/?/0; 
ttag +53 23/9/9/12/2; 
ttag +54 25/19/12/23/11; 
ttag +55 24/12/?/14/?; 
ttag +56 64/52/32/58/36; 
ttag +57 27/13/14/16/11; 
ttag +58 30/20/11/18/10; 
ttag +59 99/99/99/100/98; 
ttag +60 89/84/76/83/82; 
ttag +61 59/52/44/56/47; 
ttag +62 46/37/26/40/25; 
ttag +63 56/45/25/57/37; 
ttag +64 50/19/22/33/13; 
ttag +65 90/87/82/92/82; 
ttag +66 41/16/10/10/0; 
ttag +67 94/93/82/97/84; 
ttag +68 100/100/100/100/100; 
ttag +69 38/24/10/31/12; 
ttag +70 55/39/26/48/33; 
ttag +71 68/64/42/71/43; 
ttag +72 87/84/70/87/70; 
ttag +73 83/77/57/82/62; 
ttag +74 98/98/95/98/94; 
ttag +75 75/62/45/68/36; 
ttag +76 84/78/73/78/58; 
ttag +77 87/86/72/90/76; 
ttag +78 100/100/98/99/95; 
ttag +79 36/18/10/20/5; 
ttag +80 21/6/0/14/?; 
ttag +81 91/90/77/88/76; 
ttag +82 84/80/69/82/64; 
ttag +83 79/75/63/78/63; 
ttag +84 26/[1]/5/?/4; 
ttag +85 82/80/69/81/71; 
ttag +86 97/96/94/96/91; 
ttag +87 96/95/91/93/94; 
ttag +88 96/95/90/98/85; 
ttag +89 50/34/25/34/23; 
ttag +90 49/33/35/38/28; 
ttag +91 99/98/98/98/96; 
ttag +92 10/[6]/?/?/?; 
ttag +93 18/1/3/?/5; 
ttag +94 70/62/45/60/51; 
