tread
'Tree with tags' 
(0 (1 ((2 3 )(4 5 11 12 13 (6 7 (8 (9 10 )))((14 (21 ((22 (23 (24 25 )))((26 27 )((28 (32 (35 (33 34 )(36 39 (37 38 )))))((29 (30 31 ))((40 (41 (42 43 )))(47 (44 (45 46 ))))))))))((15 (16 17 ))(18 (19 20 )))))))); 
ttag *!; 
ttag +49 ???; 
ttag +50 2; 
ttag +51 1; 
ttag +52 9; 
ttag +53 1; 
ttag +54 4; 
ttag +55 2; 
ttag +56 1; 
ttag +57 2; 
ttag +58 2; 
ttag +59 2; 
ttag +60 1; 
ttag +61 3; 
ttag +62 8; 
ttag +63 2; 
ttag +64 6; 
ttag +65 3; 
ttag +66 5; 
ttag +67 6; 
ttag +68 1; 
ttag +69 4; 
ttag +70 1; 
ttag +71 5; 
ttag +72 3; 
ttag +73 1; 
ttag +74 1; 
ttag +75 5; 
ttag +76 2; 
ttag +77 1; 
ttag +78 4; 
ttag +79 1; 
ttag +80 7; 
ttag +81 7; 
ttag +82 3; 
ttag +83 6; 
ttag +84 3; 
ttag +85 1; 
ttag +86 1; 
tread
'Tree with tags' 
(0 (1 ((2 3 )(5 (4 (((6 7 )(8 (9 10 )))((11 (12 13 ))((14 (21 ((22 (23 (24 25 )))((26 27 )((28 (32 ((35 (33 34 ))((36 39 )(37 38 )))))((29 (30 31 ))((40 (41 (42 43 )))(47 (44 (45 46 ))))))))))((15 (16 17 ))(18 (19 20 ))))))))))); 
ttag *!; 
ttag +0 ////; 
ttag +1 ////; 
ttag +2 ////; 
ttag +3 ////; 
ttag +4 ////; 
ttag +5 ////; 
ttag +6 ////; 
ttag +7 ////; 
ttag +8 ////; 
ttag +9 ////; 
ttag +10 ////; 
ttag +11 ////; 
ttag +12 ////; 
ttag +13 ////; 
ttag +14 ////; 
ttag +15 ////; 
ttag +16 ////; 
ttag +17 ////; 
ttag +18 ////; 
ttag +19 ////; 
ttag +20 ////; 
ttag +21 ////; 
ttag +22 ////; 
ttag +23 ////; 
ttag +24 ////; 
ttag +25 ////; 
ttag +26 ////; 
ttag +27 ////; 
ttag +28 ////; 
ttag +29 ////; 
ttag +30 ////; 
ttag +31 ////; 
ttag +32 ////; 
ttag +33 ////; 
ttag +34 ////; 
ttag +35 ////; 
ttag +36 ////; 
ttag +37 ////; 
ttag +38 ////; 
ttag +39 ////; 
ttag +40 ////; 
ttag +41 ////; 
ttag +42 ////; 
ttag +43 ////; 
ttag +44 ////; 
ttag +45 ////; 
ttag +46 ////; 
ttag +47 ////; 
ttag +48 ////; 
ttag +49 100/100/100/100/100; 
ttag +50 59/33/37/36/32; 
ttag +51 64/43/39/50/44; 
ttag +52 1/[23]/?/?/?; 
ttag +53 98/98/96/99/97; 
ttag +54 19/8/5/4/16; 
ttag +55 23/12/10/14/20; 
ttag +56 5/[14]/?/?/?; 
ttag +57 99/99/96/96/94; 
ttag +58 80/74/71/83/74; 
ttag +59 13/[3]/?/1/?; 
ttag +60 17/[1]/2/5/?; 
ttag +61 47/30/31/36/36; 
ttag +62 29/16/9/18/8; 
ttag +63 52/40/33/44/26; 
ttag +64 60/44/36/48/43; 
ttag +65 66/54/37/56/46; 
ttag +66 34/[6]/?/?/?; 
ttag +67 74/68/67/71/63; 
ttag +68 100/100/96/98/97; 
ttag +69 72/69/60/75/59; 
ttag +70 91/86/83/90/82; 
ttag +71 55/37/35/44/30; 
ttag +72 93/92/82/90/83; 
ttag +73 99/99/99/99/98; 
ttag +74 61/46/32/44/38; 
ttag +75 69/63/46/68/54; 
ttag +76 40/13/10/8/0; 
ttag +77 86/84/72/88/74; 
ttag +78 94/92/82/92/88; 
ttag +79 48/35/19/25/14; 
ttag +80 39/0/?/6/1; 
ttag +81 90/87/82/92/87; 
ttag +82 79/76/55/74/60; 
ttag +83 40/25/15/22/22; 
ttag +84 55/40/36/40/33; 
ttag +85 23/[32]/?/?/?; 
ttag +86 98/98/88/96/86; 
ttag +87 54/42/30/40/34; 
ttag +88 95/94/78/95/86; 
ttag +89 92/92/88/98/88; 
ttag +90 77/66/52/72/52; 
ttag +91 98/98/95/99/96; 
ttag +92 72/63/43/66/53; 
ttag +93 57/43/30/52/38; 
ttag +94 52/25/18/30/6; 
