tread
'Tree with tags' 
(0 (1 ((2 3 )(4 5 (7 (6 (8 (9 10 ))))(11 (12 13 14 21 ((15 (16 17 ))(18 (19 20 )))((22 (23 (24 25 )))(26 (27 (28 (((29 (30 31 ))(32 ((33 34 )(35 (36 (37 38 39 ))))))(((40 41 )(42 43 ))(47 (45 (44 46 ))))))))))))))); 
ttag *!; 
ttag +49 ???; 
ttag +50 6; 
ttag +51 3; 
ttag +52 1; 
ttag +53 2; 
ttag +54 2; 
ttag +55 10; 
ttag +56 5; 
ttag +57 1; 
ttag +58 2; 
ttag +59 6; 
ttag +60 2; 
ttag +61 2; 
ttag +62 2; 
ttag +63 10; 
ttag +64 4; 
ttag +65 3; 
ttag +66 8; 
ttag +67 4; 
ttag +68 4; 
ttag +69 3; 
ttag +70 3; 
ttag +71 4; 
ttag +72 1; 
ttag +73 4; 
ttag +74 4; 
ttag +75 5; 
ttag +76 2; 
ttag +77 6; 
ttag +78 2; 
ttag +79 4; 
ttag +80 7; 
ttag +81 1; 
ttag +82 5; 
ttag +83 2; 
ttag +84 6; 
ttag +85 2; 
ttag +86 2; 
ttag +87 2; 
tread
'Tree with tags' 
(0 (1 ((2 3 )(4 ((5 (7 (6 (8 (9 10 )))))(11 (21 (((12 13 )((22 (23 (24 25 )))(26 (27 (28 (((29 (30 31 ))(32 ((33 34 )(35 (36 (39 (37 38 )))))))(((40 41 )(42 43 ))(47 (45 (44 46 ))))))))))(14 ((15 (16 17 ))(18 (19 20 )))))))))))); 
ttag *!; 
ttag +0 ////; 
ttag +1 ////; 
ttag +2 ////; 
ttag +3 ////; 
ttag +4 ////; 
ttag +5 ////; 
ttag +6 ////; 
ttag +7 ////; 
ttag +8 ////; 
ttag +9 ////; 
ttag +10 ////; 
ttag +11 ////; 
ttag +12 ////; 
ttag +13 ////; 
ttag +14 ////; 
ttag +15 ////; 
ttag +16 ////; 
ttag +17 ////; 
ttag +18 ////; 
ttag +19 ////; 
ttag +20 ////; 
ttag +21 ////; 
ttag +22 ////; 
ttag +23 ////; 
ttag +24 ////; 
ttag +25 ////; 
ttag +26 ////; 
ttag +27 ////; 
ttag +28 ////; 
ttag +29 ////; 
ttag +30 ////; 
ttag +31 ////; 
ttag +32 ////; 
ttag +33 ////; 
ttag +34 ////; 
ttag +35 ////; 
ttag +36 ////; 
ttag +37 ////; 
ttag +38 ////; 
ttag +39 ////; 
ttag +40 ////; 
ttag +41 ////; 
ttag +42 ////; 
ttag +43 ////; 
ttag +44 ////; 
ttag +45 ////; 
ttag +46 ////; 
ttag +47 ////; 
ttag +48 ////; 
ttag +49 100/100/100/100/100; 
ttag +50 98/98/96/99/98; 
ttag +51 84/78/60/75/66; 
ttag +52 54/35/41/44/31; 
ttag +53 16/[4]/?/?/?; 
ttag +54 44/30/24/26/23; 
ttag +55 56/39/18/46/22; 
ttag +56 55/47/40/54/41; 
ttag +57 100/100/99/100/100; 
ttag +58 95/92/80/96/85; 
ttag +59 36/31/25/36/30; 
ttag +60 11/[17]/?/?/?; 
ttag +61 8/[2]/?/?/?; 
ttag +62 6/[4]/?/?/?; 
ttag +63 37/26/23/31/21; 
ttag +64 9/0/0/3/?; 
ttag +65 98/98/92/99/96; 
ttag +66 52/45/18/34/24; 
ttag +67 91/87/89/88/86; 
ttag +68 70/63/54/72/52; 
ttag +69 100/100/100/100/100; 
ttag +70 82/75/62/85/60; 
ttag +71 79/76/60/86/61; 
ttag +72 91/88/86/86/76; 
ttag +73 86/83/62/88/66; 
ttag +74 84/78/64/83/67; 
ttag +75 69/62/41/61/45; 
ttag +76 67/60/37/58/37; 
ttag +77 90/86/84/90/80; 
ttag +78 39/8/?/12/3; 
ttag +79 76/67/60/68/56; 
ttag +80 92/91/87/91/85; 
ttag +81 89/86/76/88/74; 
ttag +82 77/71/67/71/64; 
ttag +83 97/96/89/94/86; 
ttag +84 78/72/56/77/64; 
ttag +85 85/80/64/86/73; 
ttag +86 43/10/4/?/?; 
ttag +87 99/99/94/98/96; 
ttag +88 32/[4]/0/10/6; 
ttag +89 92/89/85/92/87; 
ttag +90 49/36/15/28/17; 
ttag +91 98/97/94/98/96; 
ttag +92 18/4/4/8/7; 
ttag +93 24/8/2/15/2; 
ttag +94 50/36/34/47/30; 
