tread
'Tree with tags' 
(0 (1 ((2 3 )(4 (5 (6 7 (8 (9 10 ))))(11 ((12 13 )((14 ((15 (16 17 ))(18 (19 20 ))))(21 (26 (27 (((28 (22 (23 (24 25 ))))((40 (41 (42 43 )))(46 (44 45 47 ))))((29 (30 31 ))((32 (35 (36 (38 (37 39 )))))(33 34 )))))))))))))); 
ttag *!; 
ttag +49 ???; 
ttag +50 5; 
ttag +51 7; 
ttag +52 4; 
ttag +53 1; 
ttag +54 3; 
ttag +55 11; 
ttag +56 2; 
ttag +57 1; 
ttag +58 1; 
ttag +59 2; 
ttag +60 2; 
ttag +61 1; 
ttag +62 5; 
ttag +63 4; 
ttag +64 4; 
ttag +65 3; 
ttag +66 11; 
ttag +67 2; 
ttag +68 9; 
ttag +69 1; 
ttag +70 1; 
ttag +71 1; 
ttag +72 1; 
ttag +73 3; 
ttag +74 4; 
ttag +75 10; 
ttag +76 1; 
ttag +77 1; 
ttag +78 8; 
ttag +79 1; 
ttag +80 7; 
ttag +81 2; 
ttag +82 3; 
ttag +83 4; 
ttag +84 1; 
ttag +85 4; 
ttag +86 8; 
ttag +87 3; 
ttag +88 2; 
ttag +89 6; 
ttag +90 1; 
ttag +91 1; 
tread
'Tree with tags' 
(0 (1 ((2 3 )((4 (11 ((12 13 )((14 ((15 (16 17 ))(18 (19 20 ))))(21 (26 (27 (((28 (22 (23 (24 25 ))))((40 (41 (42 43 )))(46 (45 (44 47 )))))((29 (30 31 ))((32 (35 (36 (38 (37 39 )))))(33 34 )))))))))))(5 ((6 7 )(8 (9 10 )))))))); 
ttag *!; 
ttag +0 ////; 
ttag +1 ////; 
ttag +2 ////; 
ttag +3 ////; 
ttag +4 ////; 
ttag +5 ////; 
ttag +6 ////; 
ttag +7 ////; 
ttag +8 ////; 
ttag +9 ////; 
ttag +10 ////; 
ttag +11 ////; 
ttag +12 ////; 
ttag +13 ////; 
ttag +14 ////; 
ttag +15 ////; 
ttag +16 ////; 
ttag +17 ////; 
ttag +18 ////; 
ttag +19 ////; 
ttag +20 ////; 
ttag +21 ////; 
ttag +22 ////; 
ttag +23 ////; 
ttag +24 ////; 
ttag +25 ////; 
ttag +26 ////; 
ttag +27 ////; 
ttag +28 ////; 
ttag +29 ////; 
ttag +30 ////; 
ttag +31 ////; 
ttag +32 ////; 
ttag +33 ////; 
ttag +34 ////; 
ttag +35 ////; 
ttag +36 ////; 
ttag +37 ////; 
ttag +38 ////; 
ttag +39 ////; 
ttag +40 ////; 
ttag +41 ////; 
ttag +42 ////; 
ttag +43 ////; 
ttag +44 ////; 
ttag +45 ////; 
ttag +46 ////; 
ttag +47 ////; 
ttag +48 ////; 
ttag +49 100/100/100/100/100; 
ttag +50 98/98/95/98/94; 
ttag +51 99/99/99/100/100; 
ttag +52 9/[8]/?/?/?; 
ttag +53 83/72/64/80/70; 
ttag +54 49/45/41/31/46; 
ttag +55 24/[7]/0/2/0; 
ttag +56 85/83/74/83/76; 
ttag +57 100/100/99/100/99; 
ttag +58 82/76/70/75/62; 
ttag +59 34/18/20/25/18; 
ttag +60 46/20/18/16/31; 
ttag +61 72/70/54/61/49; 
ttag +62 55/38/33/45/38; 
ttag +63 57/52/46/38/33; 
ttag +64 97/96/94/96/93; 
ttag +65 92/90/78/88/80; 
ttag +66 88/84/78/88/70; 
ttag +67 84/78/65/78/69; 
ttag +68 100/100/100/100/99; 
ttag +69 28/10/2/4/6; 
ttag +70 99/99/95/98/94; 
ttag +71 22/[19]/?/?/?; 
ttag +72 6/[34]/?/?/?; 
ttag +73 5/[36]/?/?/?; 
ttag +74 7/[34]/?/?/?; 
ttag +75 78/73/57/73/54; 
ttag +76 85/77/70/84/78; 
ttag +77 99/99/100/100/99; 
ttag +78 55/24/31/42/36; 
ttag +79 26/5/0/?/?; 
ttag +80 99/99/93/97/95; 
ttag +81 43/28/24/28/16; 
ttag +82 100/100/98/100/98; 
ttag +83 90/87/80/85/87; 
ttag +84 93/91/90/93/88; 
ttag +85 97/96/91/95/92; 
ttag +86 68/63/55/63/52; 
ttag +87 92/87/84/92/80; 
ttag +88 99/98/97/100/96; 
ttag +89 57/45/35/52/31; 
ttag +90 63/48/34/46/37; 
ttag +91 98/98/96/96/95; 
ttag +92 10/[5]/?/?/?; 
ttag +93 7/[8]/?/?/?; 
ttag +94 28/17/17/20/15; 
