tread
'Tree with tags' 
(0 (1 (2 3 )(4 5 11 12 13 14 21 (6 7 )(8 9 10 )(18 (15 16 17 )(19 20 ))((22 (23 (24 25 )))(26 (27 (28 (44 45 46 47 (29 (30 31 ))(33 (32 34 35 (36 (37 (38 39 )))))(40 41 (42 43 )))))))))); 
ttag *!; 
ttag +49 ???; 
ttag +50 7; 
ttag +51 4; 
ttag +52 3; 
ttag +53 4; 
ttag +54 3; 
ttag +55 1; 
ttag +56 6; 
ttag +57 3; 
ttag +58 3; 
ttag +59 2; 
ttag +60 11; 
ttag +61 4; 
ttag +62 4; 
ttag +63 2; 
ttag +64 4; 
ttag +65 2; 
ttag +66 1; 
ttag +67 1; 
ttag +68 3; 
ttag +69 2; 
ttag +70 8; 
ttag +71 1; 
ttag +72 6; 
ttag +73 6; 
tread
'Tree with tags' 
(0 (1 ((2 3 )(5 (((4 11 )(6 7 ))(13 (12 ((10 (8 9 ))((14 (21 ((22 (23 (24 25 )))(26 (27 (28 (((29 (30 31 ))(40 (41 (42 43 ))))((33 (35 ((32 34 )(36 (37 (38 39 ))))))(47 (45 (44 46 )))))))))))(18 ((15 (16 17 ))(19 20 )))))))))))); 
ttag *!; 
ttag +0 ////; 
ttag +1 ////; 
ttag +2 ////; 
ttag +3 ////; 
ttag +4 ////; 
ttag +5 ////; 
ttag +6 ////; 
ttag +7 ////; 
ttag +8 ////; 
ttag +9 ////; 
ttag +10 ////; 
ttag +11 ////; 
ttag +12 ////; 
ttag +13 ////; 
ttag +14 ////; 
ttag +15 ////; 
ttag +16 ////; 
ttag +17 ////; 
ttag +18 ////; 
ttag +19 ////; 
ttag +20 ////; 
ttag +21 ////; 
ttag +22 ////; 
ttag +23 ////; 
ttag +24 ////; 
ttag +25 ////; 
ttag +26 ////; 
ttag +27 ////; 
ttag +28 ////; 
ttag +29 ////; 
ttag +30 ////; 
ttag +31 ////; 
ttag +32 ////; 
ttag +33 ////; 
ttag +34 ////; 
ttag +35 ////; 
ttag +36 ////; 
ttag +37 ////; 
ttag +38 ////; 
ttag +39 ////; 
ttag +40 ////; 
ttag +41 ////; 
ttag +42 ////; 
ttag +43 ////; 
ttag +44 ////; 
ttag +45 ////; 
ttag +46 ////; 
ttag +47 ////; 
ttag +48 ////; 
ttag +49 100/100/100/100/100; 
ttag +50 98/96/95/99/99; 
ttag +51 32/2/10/6/6; 
ttag +52 13/[13]/?/?/?; 
ttag +53 1/[25]/?/?/?; 
ttag +54 21/[5]/?/4/?; 
ttag +55 84/82/66/85/70; 
ttag +56 88/87/74/88/82; 
ttag +57 27/[10]/?/?/?; 
ttag +58 99/98/97/98/97; 
ttag +59 2/[8]/?/?/?; 
ttag +60 2/[35]/?/?/?; 
ttag +61 15/7/4/13/7; 
ttag +62 12/2/?/0/?; 
ttag +63 7/[3]/?/?/?; 
ttag +64 91/89/80/90/81; 
ttag +65 26/6/2/8/4; 
ttag +66 55/49/37/48/42; 
ttag +67 47/7/4/14/13; 
ttag +68 100/100/98/100/99; 
ttag +69 27/16/8/17/12; 
ttag +70 58/36/30/39/30; 
ttag +71 59/52/34/53/37; 
ttag +72 46/13/?/21/5; 
ttag +73 99/99/96/99/99; 
ttag +74 87/84/74/81/75; 
ttag +75 86/82/76/83/73; 
ttag +76 91/90/82/90/82; 
ttag +77 98/98/93/97/91; 
ttag +78 25/[4]/1/?/?; 
ttag +79 66/55/48/60/52; 
ttag +80 62/51/42/51/48; 
ttag +81 19/[2]/0/?/?; 
ttag +82 18/[8]/?/?/?; 
ttag +83 47/25/26/26/24; 
ttag +84 78/74/56/72/63; 
ttag +85 24/7/10/4/12; 
ttag +86 67/56/53/60/54; 
ttag +87 99/98/96/99/95; 
ttag +88 45/25/27/29/21; 
ttag +89 98/97/89/95/90; 
ttag +90 52/30/12/27/10; 
ttag +91 100/100/98/100/99; 
ttag +92 16/[12]/?/?/?; 
ttag +93 20/[7]/?/?/?; 
ttag +94 54/49/41/54/41; 
