tread
'Tree with tags' 
(0 (1 (4 5 (2 3 )(6 7 )(8 9 10 )(11 (12 13 ))((14 (18 (19 20 )))((15 (16 17 ))(21 ((22 (23 (24 25 )))(26 27 (28 ((29 (30 31 ))((33 34 (35 (32 (36 (37 (38 39 ))))))((40 (41 (42 43 )))(46 (47 (44 45 ))))))))))))))); 
ttag *!; 
ttag +49 ???; 
ttag +50 7; 
ttag +51 2; 
ttag +52 2; 
ttag +53 3; 
ttag +54 1; 
ttag +55 1; 
ttag +56 1; 
ttag +57 1; 
ttag +58 7; 
ttag +59 1; 
ttag +60 3; 
ttag +61 4; 
ttag +62 12; 
ttag +63 1; 
ttag +64 4; 
ttag +65 1; 
ttag +66 6; 
ttag +67 4; 
ttag +68 3; 
ttag +69 1; 
ttag +70 4; 
ttag +71 2; 
ttag +72 4; 
ttag +73 1; 
ttag +74 1; 
ttag +75 6; 
ttag +76 1; 
ttag +77 6; 
ttag +78 6; 
ttag +79 2; 
ttag +80 2; 
ttag +81 1; 
ttag +82 3; 
ttag +83 7; 
ttag +84 1; 
ttag +85 1; 
ttag +86 1; 
tread
'Tree with tags' 
(0 (1 ((2 3 )((4 (5 ((6 7 )((11 (12 13 ))((14 (18 (19 20 )))((15 (16 17 ))(21 ((22 (23 (24 25 )))(26 (27 (28 ((29 (30 31 ))((33 (34 (35 (32 (36 (37 (38 39 )))))))((40 (41 (42 43 )))(46 (47 (44 45 )))))))))))))))))(9 (8 10 )))))); 
ttag *!; 
ttag +0 ////; 
ttag +1 ////; 
ttag +2 ////; 
ttag +3 ////; 
ttag +4 ////; 
ttag +5 ////; 
ttag +6 ////; 
ttag +7 ////; 
ttag +8 ////; 
ttag +9 ////; 
ttag +10 ////; 
ttag +11 ////; 
ttag +12 ////; 
ttag +13 ////; 
ttag +14 ////; 
ttag +15 ////; 
ttag +16 ////; 
ttag +17 ////; 
ttag +18 ////; 
ttag +19 ////; 
ttag +20 ////; 
ttag +21 ////; 
ttag +22 ////; 
ttag +23 ////; 
ttag +24 ////; 
ttag +25 ////; 
ttag +26 ////; 
ttag +27 ////; 
ttag +28 ////; 
ttag +29 ////; 
ttag +30 ////; 
ttag +31 ////; 
ttag +32 ////; 
ttag +33 ////; 
ttag +34 ////; 
ttag +35 ////; 
ttag +36 ////; 
ttag +37 ////; 
ttag +38 ////; 
ttag +39 ////; 
ttag +40 ////; 
ttag +41 ////; 
ttag +42 ////; 
ttag +43 ////; 
ttag +44 ////; 
ttag +45 ////; 
ttag +46 ////; 
ttag +47 ////; 
ttag +48 ////; 
ttag +49 100/100/100/100/100; 
ttag +50 100/100/97/99/97; 
ttag +51 72/53/42/56/45; 
ttag +52 44/21/14/29/24; 
ttag +53 44/27/22/28/18; 
ttag +54 13/[4]/?/?/?; 
ttag +55 88/85/71/76/70; 
ttag +56 14/[9]/?/?/?; 
ttag +57 65/46/39/48/36; 
ttag +58 92/91/90/93/89; 
ttag +59 30/11/4/9/?; 
ttag +60 16/3/2/4/2; 
ttag +61 44/25/21/26/10; 
ttag +62 19/0/?/?/?; 
ttag +63 28/8/2/12/1; 
ttag +64 94/91/70/89/79; 
ttag +65 14/1/?/?/?; 
ttag +66 78/71/55/66/49; 
ttag +67 86/82/62/80/79; 
ttag +68 100/100/100/100/100; 
ttag +69 29/16/12/10/8; 
ttag +70 80/69/52/70/62; 
ttag +71 67/61/51/54/54; 
ttag +72 98/98/97/100/93; 
ttag +73 94/92/86/90/86; 
ttag +74 79/77/69/74/68; 
ttag +75 6/[58]/?/?/?; 
ttag +76 24/[15]/?/?/?; 
ttag +77 78/74/58/82/57; 
ttag +78 36/24/16/28/22; 
ttag +79 86/80/65/83/66; 
ttag +80 28/12/14/19/14; 
ttag +81 70/63/57/61/56; 
ttag +82 19/[28]/?/?/?; 
ttag +83 88/86/76/90/80; 
ttag +84 13/[8]/?/?/?; 
ttag +85 98/98/95/97/96; 
ttag +86 96/94/94/96/90; 
ttag +87 80/73/74/77/63; 
ttag +88 72/69/50/65/52; 
ttag +89 32/10/4/12/9; 
ttag +90 83/79/62/74/73; 
ttag +91 97/96/96/97/95; 
ttag +92 67/55/39/53/37; 
ttag +93 34/22/18/22/12; 
ttag +94 53/32/42/41/35; 
