tread
'Tree with tags' 
(0 (1 ((2 3 )(4 (11 (5 ((6 (7 (10 (8 9 ))))((12 13 )((14 ((15 (16 17 ))(18 (19 20 ))))(21 ((22 (23 (24 25 )))((26 27 )(28 ((29 (30 31 ))((32 ((33 34 )(35 (36 (39 (37 38 ))))))((40 (41 (42 43 )))(46 (47 (44 45 ))))))))))))))))))); 
ttag *!; 
ttag +49 ???; 
ttag +50 8; 
ttag +51 3; 
ttag +52 5; 
ttag +53 1; 
ttag +54 2; 
ttag +55 5; 
ttag +56 1; 
ttag +57 1; 
ttag +58 1; 
ttag +59 12; 
ttag +60 1; 
ttag +61 3; 
ttag +62 4; 
ttag +63 3; 
ttag +64 7; 
ttag +65 3; 
ttag +66 3; 
ttag +67 8; 
ttag +68 6; 
ttag +69 1; 
ttag +70 7; 
ttag +71 2; 
ttag +72 6; 
ttag +73 7; 
ttag +74 1; 
ttag +75 4; 
ttag +76 4; 
ttag +77 4; 
ttag +78 1; 
ttag +79 7; 
ttag +80 8; 
ttag +81 1; 
ttag +82 5; 
ttag +83 1; 
ttag +84 3; 
ttag +85 4; 
ttag +86 4; 
ttag +87 8; 
ttag +88 9; 
ttag +89 1; 
ttag +90 2; 
ttag +91 8; 
ttag +92 2; 
ttag +93 1; 
ttag +94 5; 
tread
'Tree with tags' 
(0 (1 ((2 3 )(4 (11 (5 ((6 (7 (10 (8 9 ))))((12 13 )((14 ((15 (16 17 ))(18 (19 20 ))))(21 ((22 (23 (24 25 )))((26 27 )(28 ((29 (30 31 ))((32 ((33 34 )(35 (36 (39 (37 38 ))))))((40 (41 (42 43 )))(46 (47 (44 45 ))))))))))))))))))); 
ttag *!; 
ttag +0 ////; 
ttag +1 ////; 
ttag +2 ////; 
ttag +3 ////; 
ttag +4 ////; 
ttag +5 ////; 
ttag +6 ////; 
ttag +7 ////; 
ttag +8 ////; 
ttag +9 ////; 
ttag +10 ////; 
ttag +11 ////; 
ttag +12 ////; 
ttag +13 ////; 
ttag +14 ////; 
ttag +15 ////; 
ttag +16 ////; 
ttag +17 ////; 
ttag +18 ////; 
ttag +19 ////; 
ttag +20 ////; 
ttag +21 ////; 
ttag +22 ////; 
ttag +23 ////; 
ttag +24 ////; 
ttag +25 ////; 
ttag +26 ////; 
ttag +27 ////; 
ttag +28 ////; 
ttag +29 ////; 
ttag +30 ////; 
ttag +31 ////; 
ttag +32 ////; 
ttag +33 ////; 
ttag +34 ////; 
ttag +35 ////; 
ttag +36 ////; 
ttag +37 ////; 
ttag +38 ////; 
ttag +39 ////; 
ttag +40 ////; 
ttag +41 ////; 
ttag +42 ////; 
ttag +43 ////; 
ttag +44 ////; 
ttag +45 ////; 
ttag +46 ////; 
ttag +47 ////; 
ttag +48 ////; 
ttag +49 100/100/100/100/100; 
ttag +50 100/100/99/99/98; 
ttag +51 78/68/60/68/62; 
ttag +52 93/92/84/92/80; 
ttag +53 34/15/11/22/11; 
ttag +54 63/51/38/52/41; 
ttag +55 83/81/59/81/64; 
ttag +56 12/[6]/?/1/?; 
ttag +57 50/36/28/31/27; 
ttag +58 53/36/28/22/21; 
ttag +59 100/100/100/100/100; 
ttag +60 52/42/23/49/26; 
ttag +61 62/52/31/59/32; 
ttag +62 73/65/48/78/56; 
ttag +63 85/81/75/87/77; 
ttag +64 97/96/95/98/94; 
ttag +65 81/78/63/86/66; 
ttag +66 75/70/62/76/66; 
ttag +67 100/100/100/100/100; 
ttag +68 100/100/97/98/97; 
ttag +69 33/11/12/12/4; 
ttag +70 96/95/83/95/85; 
ttag +71 64/50/44/51/34; 
ttag +72 96/94/84/96/90; 
ttag +73 99/98/99/100/100; 
ttag +74 60/43/28/35/38; 
ttag +75 86/84/75/90/72; 
ttag +76 87/86/77/87/76; 
ttag +77 81/73/61/79/69; 
ttag +78 48/36/32/40/31; 
ttag +79 100/100/97/100/95; 
ttag +80 98/98/96/99/95; 
ttag +81 35/20/12/19/17; 
ttag +82 98/98/89/96/92; 
ttag +83 54/46/26/44/27; 
ttag +84 76/71/62/75/65; 
ttag +85 95/94/90/91/88; 
ttag +86 95/95/86/89/75; 
ttag +87 99/99/98/99/97; 
ttag +88 98/98/94/98/95; 
ttag +89 53/44/32/48/25; 
ttag +90 64/57/46/56/36; 
ttag +91 98/98/98/99/98; 
ttag +92 63/50/34/48/32; 
ttag +93 36/8/?/14/0; 
ttag +94 95/94/88/93/86; 
