tread
'Tree with tags' 
(0 (1 ((2 3 )(4 (5 ((6 7 (8 9 10 ))((11 12 13 )((14 (21 (22 (23 (24 25 )))(26 (27 (28 (((46 ((29 (30 31 ))(44 45 47 )))(32 ((35 (33 34 ))(36 (38 (37 39 ))))))(40 (41 (42 43 )))))))))((15 (16 17 ))(18 (19 20 ))))))))))); 
ttag *!; 
ttag +49 ???; 
ttag +50 3; 
ttag +51 4; 
ttag +52 4; 
ttag +53 1; 
ttag +54 3; 
ttag +55 1; 
ttag +56 7; 
ttag +57 1; 
ttag +58 4; 
ttag +59 1; 
ttag +60 1; 
ttag +61 3; 
ttag +62 3; 
ttag +63 1; 
ttag +64 5; 
ttag +65 8; 
ttag +66 1; 
ttag +67 4; 
ttag +68 10; 
ttag +69 6; 
ttag +70 3; 
ttag +71 1; 
ttag +72 4; 
ttag +73 4; 
ttag +74 2; 
ttag +75 3; 
ttag +76 3; 
ttag +77 3; 
ttag +78 3; 
ttag +79 7; 
ttag +80 4; 
ttag +81 3; 
ttag +82 3; 
ttag +83 8; 
ttag +84 2; 
ttag +85 5; 
ttag +86 9; 
ttag +87 3; 
ttag +88 8; 
ttag +89 1; 
tread
'Tree with tags' 
(0 (1 ((2 3 )(4 (5 ((6 (7 (10 (8 9 ))))((12 (11 13 ))((14 (21 ((22 (23 (24 25 )))(26 (27 (28 (((46 ((29 (30 31 ))(44 (45 47 ))))(32 ((35 (33 34 ))(36 (38 (37 39 ))))))(40 (41 (42 43 ))))))))))((15 (16 17 ))(18 (19 20 ))))))))))); 
ttag *!; 
ttag +0 ////; 
ttag +1 ////; 
ttag +2 ////; 
ttag +3 ////; 
ttag +4 ////; 
ttag +5 ////; 
ttag +6 ////; 
ttag +7 ////; 
ttag +8 ////; 
ttag +9 ////; 
ttag +10 ////; 
ttag +11 ////; 
ttag +12 ////; 
ttag +13 ////; 
ttag +14 ////; 
ttag +15 ////; 
ttag +16 ////; 
ttag +17 ////; 
ttag +18 ////; 
ttag +19 ////; 
ttag +20 ////; 
ttag +21 ////; 
ttag +22 ////; 
ttag +23 ////; 
ttag +24 ////; 
ttag +25 ////; 
ttag +26 ////; 
ttag +27 ////; 
ttag +28 ////; 
ttag +29 ////; 
ttag +30 ////; 
ttag +31 ////; 
ttag +32 ////; 
ttag +33 ////; 
ttag +34 ////; 
ttag +35 ////; 
ttag +36 ////; 
ttag +37 ////; 
ttag +38 ////; 
ttag +39 ////; 
ttag +40 ////; 
ttag +41 ////; 
ttag +42 ////; 
ttag +43 ////; 
ttag +44 ////; 
ttag +45 ////; 
ttag +46 ////; 
ttag +47 ////; 
ttag +48 ////; 
ttag +49 100/100/100/100/100; 
ttag +50 89/87/80/83/76; 
ttag +51 88/84/75/84/73; 
ttag +52 95/93/82/92/87; 
ttag +53 48/29/21/25/24; 
ttag +54 94/90/82/91/88; 
ttag +55 45/36/30/30/26; 
ttag +56 28/[25]/?/?/?; 
ttag +57 48/19/13/16/10; 
ttag +58 98/96/98/98/96; 
ttag +59 27/8/6/8/10; 
ttag +60 33/14/9/8/5; 
ttag +61 77/73/65/76/60; 
ttag +62 52/48/33/45/30; 
ttag +63 55/52/36/52/34; 
ttag +64 83/80/65/78/66; 
ttag +65 66/60/50/68/51; 
ttag +66 70/51/38/66/46; 
ttag +67 93/92/86/94/84; 
ttag +68 99/99/100/100/98; 
ttag +69 55/42/27/36/24; 
ttag +70 90/87/83/90/82; 
ttag +71 29/8/12/13/19; 
ttag +72 100/100/98/100/99; 
ttag +73 97/96/91/97/94; 
ttag +74 80/74/62/74/64; 
ttag +75 44/30/17/30/8; 
ttag +76 75/70/55/70/47; 
ttag +77 85/82/62/81/57; 
ttag +78 28/12/0/22/4; 
ttag +79 53/39/28/45/33; 
ttag +80 64/58/46/54/43; 
ttag +81 67/62/47/64/57; 
ttag +82 86/80/80/88/78; 
ttag +83 89/86/77/91/79; 
ttag +84 83/80/70/84/65; 
ttag +85 66/59/51/66/42; 
ttag +86 65/59/43/60/38; 
ttag +87 97/96/92/94/92; 
ttag +88 67/61/48/68/44; 
ttag +89 92/91/83/94/86; 
ttag +90 99/98/95/98/97; 
ttag +91 82/80/70/90/72; 
ttag +92 99/99/98/100/98; 
ttag +93 36/26/13/28/17; 
ttag +94 18/5/4/8/2; 
