tread
'Tree with tags' 
(0 (1 (((((2 3 )(10 (8 9 )))(11 (4 5 )))(6 7 ))(((12 13 )((14 ((22 (23 (24 25 )))(26 (27 (28 ((29 (30 31 ))((32 ((33 34 )(35 (36 (37 (38 39 ))))))((40 (41 (42 43 )))(44 45 46 47 )))))))))(21 (18 (19 20 )))))(15 (16 17 )))))); 
ttag *!; 
ttag +49 ???; 
ttag +50 11; 
ttag +51 1; 
ttag +52 1; 
ttag +53 1; 
ttag +54 9; 
ttag +55 2; 
ttag +56 1; 
ttag +57 6; 
ttag +58 1; 
ttag +59 10; 
ttag +60 2; 
ttag +61 1; 
ttag +62 1; 
ttag +63 1; 
ttag +64 1; 
ttag +65 4; 
ttag +66 1; 
ttag +67 4; 
ttag +68 1; 
ttag +69 11; 
ttag +70 2; 
ttag +71 3; 
ttag +72 5; 
ttag +73 9; 
ttag +74 8; 
ttag +75 2; 
ttag +76 3; 
ttag +77 1; 
ttag +78 2; 
ttag +79 6; 
ttag +80 5; 
ttag +81 2; 
ttag +82 2; 
ttag +83 1; 
ttag +84 3; 
ttag +85 6; 
ttag +86 2; 
ttag +87 1; 
ttag +88 7; 
ttag +89 3; 
ttag +90 3; 
ttag +91 10; 
ttag +92 4; 
tread
'Tree with tags' 
(0 (1 (((((2 3 )(10 (8 9 )))(11 (4 5 )))(6 7 ))(((12 13 )((14 ((22 (23 (24 25 )))(26 (27 (28 ((29 (30 31 ))((32 ((33 34 )(35 (36 (37 (38 39 ))))))((40 (41 (42 43 )))((44 45 )(46 47 ))))))))))(21 (18 (19 20 )))))(15 (16 17 )))))); 
ttag *!; 
ttag +0 ////; 
ttag +1 ////; 
ttag +2 ////; 
ttag +3 ////; 
ttag +4 ////; 
ttag +5 ////; 
ttag +6 ////; 
ttag +7 ////; 
ttag +8 ////; 
ttag +9 ////; 
ttag +10 ////; 
ttag +11 ////; 
ttag +12 ////; 
ttag +13 ////; 
ttag +14 ////; 
ttag +15 ////; 
ttag +16 ////; 
ttag +17 ////; 
ttag +18 ////; 
ttag +19 ////; 
ttag +20 ////; 
ttag +21 ////; 
ttag +22 ////; 
ttag +23 ////; 
ttag +24 ////; 
ttag +25 ////; 
ttag +26 ////; 
ttag +27 ////; 
ttag +28 ////; 
ttag +29 ////; 
ttag +30 ////; 
ttag +31 ////; 
ttag +32 ////; 
ttag +33 ////; 
ttag +34 ////; 
ttag +35 ////; 
ttag +36 ////; 
ttag +37 ////; 
ttag +38 ////; 
ttag +39 ////; 
ttag +40 ////; 
ttag +41 ////; 
ttag +42 ////; 
ttag +43 ////; 
ttag +44 ////; 
ttag +45 ////; 
ttag +46 ////; 
ttag +47 ////; 
ttag +48 ////; 
ttag +49 100/100/100/100/100; 
ttag +50 99/99/97/100/98; 
ttag +51 28/9/?/6/?; 
ttag +52 7/[12]/?/?/?; 
ttag +53 7/[11]/?/?/?; 
ttag +54 99/99/98/99/98; 
ttag +55 62/43/37/49/40; 
ttag +56 39/33/20/31/24; 
ttag +57 95/95/92/93/94; 
ttag +58 53/31/34/44/26; 
ttag +59 100/100/100/100/98; 
ttag +60 82/81/70/80/70; 
ttag +61 6/[10]/?/?/?; 
ttag +62 26/14/9/19/5; 
ttag +63 4/[30]/?/?/?; 
ttag +64 8/[16]/?/?/?; 
ttag +65 83/81/69/78/65; 
ttag +66 49/23/14/26/11; 
ttag +67 86/84/73/86/79; 
ttag +68 12/[14]/?/?/?; 
ttag +69 100/100/99/100/99; 
ttag +70 59/51/40/54/26; 
ttag +71 56/44/41/45/28; 
ttag +72 81/73/68/84/66; 
ttag +73 99/99/98/99/98; 
ttag +74 92/90/83/94/84; 
ttag +75 51/25/14/28/20; 
ttag +76 61/54/44/56/48; 
ttag +77 38/19/30/32/25; 
ttag +78 29/18/22/22/24; 
ttag +79 98/97/96/98/96; 
ttag +80 90/88/81/90/85; 
ttag +81 62/54/44/60/50; 
ttag +82 69/55/60/68/66; 
ttag +83 58/50/33/47/40; 
ttag +84 89/87/73/87/82; 
ttag +85 93/91/82/94/90; 
ttag +86 73/59/49/52/41; 
ttag +87 46/17/11/11/10; 
ttag +88 96/96/88/98/88; 
ttag +89 85/82/74/84/76; 
ttag +90 96/95/90/94/87; 
ttag +91 100/100/99/100/98; 
ttag +92 29/[2]/9/?/5; 
ttag +93 94/90/86/92/84; 
ttag +94 37/[2]/0/?/6; 
