tread
'Tree with tags' 
(0 ((1 (2 3 ))(4 ((5 (8 (9 10 )))(6 7 )(11 ((12 13 )((14 ((15 (16 17 ))(18 (19 20 ))))(21 ((22 (23 (24 25 )))((27 (26 28 ))((29 (30 31 ))(44 45 46 47 (32 ((33 34 )(35 (36 (37 (38 39 ))))))(40 (41 (42 43 ))))))))))))))); 
ttag *!; 
ttag +49 1; 
ttag +50 ???; 
ttag +51 7; 
ttag +52 7; 
ttag +53 1; 
ttag +54 2; 
ttag +55 2; 
ttag +56 11; 
ttag +57 1; 
ttag +58 1; 
ttag +59 3; 
ttag +60 1; 
ttag +61 2; 
ttag +62 2; 
ttag +63 9; 
ttag +64 1; 
ttag +65 3; 
ttag +66 3; 
ttag +67 8; 
ttag +68 2; 
ttag +69 4; 
ttag +70 5; 
ttag +71 2; 
ttag +72 7; 
ttag +73 1; 
ttag +74 2; 
ttag +75 2; 
ttag +76 4; 
ttag +77 3; 
ttag +78 9; 
ttag +79 5; 
ttag +80 3; 
ttag +81 8; 
ttag +82 1; 
ttag +83 2; 
ttag +84 3; 
ttag +85 7; 
ttag +86 1; 
ttag +87 4; 
ttag +88 2; 
ttag +89 9; 
tread
'Tree with tags' 
(0 ((1 (2 3 ))(4 (((5 (8 (9 10 )))(11 ((12 13 )((14 ((15 (16 17 ))(18 (19 20 ))))(21 ((22 (23 (24 25 )))((27 (26 28 ))((29 (30 31 ))(((32 ((33 34 )(35 (36 (37 (38 39 ))))))(40 (41 (42 43 ))))(47 (45 (44 46 ))))))))))))(6 7 ))))); 
ttag *!; 
ttag +0 ////; 
ttag +1 ////; 
ttag +2 ////; 
ttag +3 ////; 
ttag +4 ////; 
ttag +5 ////; 
ttag +6 ////; 
ttag +7 ////; 
ttag +8 ////; 
ttag +9 ////; 
ttag +10 ////; 
ttag +11 ////; 
ttag +12 ////; 
ttag +13 ////; 
ttag +14 ////; 
ttag +15 ////; 
ttag +16 ////; 
ttag +17 ////; 
ttag +18 ////; 
ttag +19 ////; 
ttag +20 ////; 
ttag +21 ////; 
ttag +22 ////; 
ttag +23 ////; 
ttag +24 ////; 
ttag +25 ////; 
ttag +26 ////; 
ttag +27 ////; 
ttag +28 ////; 
ttag +29 ////; 
ttag +30 ////; 
ttag +31 ////; 
ttag +32 ////; 
ttag +33 ////; 
ttag +34 ////; 
ttag +35 ////; 
ttag +36 ////; 
ttag +37 ////; 
ttag +38 ////; 
ttag +39 ////; 
ttag +40 ////; 
ttag +41 ////; 
ttag +42 ////; 
ttag +43 ////; 
ttag +44 ////; 
ttag +45 ////; 
ttag +46 ////; 
ttag +47 ////; 
ttag +48 ////; 
ttag +49 63/40/21/25/16; 
ttag +50 100/100/100/100/100; 
ttag +51 99/99/97/99/98; 
ttag +52 99/98/96/98/96; 
ttag +53 19/4/4/7/?; 
ttag +54 14/0/?/?/?; 
ttag +55 54/40/29/44/30; 
ttag +56 92/92/87/88/86; 
ttag +57 100/100/98/100/99; 
ttag +58 60/60/56/66/57; 
ttag +59 44/38/22/44/20; 
ttag +60 79/78/64/78/70; 
ttag +61 49/40/27/49/30; 
ttag +62 31/22/13/36/17; 
ttag +63 46/34/26/40/26; 
ttag +64 99/98/95/99/99; 
ttag +65 30/8/?/13/9; 
ttag +66 87/84/75/85/75; 
ttag +67 78/67/60/65/56; 
ttag +68 100/100/99/100/99; 
ttag +69 28/16/8/18/7; 
ttag +70 98/98/94/96/91; 
ttag +71 74/70/55/78/56; 
ttag +72 76/65/53/66/59; 
ttag +73 100/100/99/99/97; 
ttag +74 17/5/?/1/1; 
ttag +75 36/25/19/22/16; 
ttag +76 45/17/13/14/?; 
ttag +77 82/78/63/75/67; 
ttag +78 75/72/58/71/51; 
ttag +79 99/99/97/98/98; 
ttag +80 91/90/82/93/85; 
ttag +81 19/[3]/?/0/?; 
ttag +82 62/49/44/57/43; 
ttag +83 100/100/98/99/98; 
ttag +84 44/16/12/21/7; 
ttag +85 82/77/64/81/68; 
ttag +86 87/82/72/91/76; 
ttag +87 98/97/93/98/94; 
ttag +88 58/37/25/44/36; 
ttag +89 88/86/74/90/75; 
ttag +90 57/48/32/60/44; 
ttag +91 99/99/98/99/98; 
ttag +92 1/[31]/?/?/?; 
ttag +93 1/[18]/?/?/?; 
ttag +94 4/[14]/?/?/?; 
