tread
'Tree with tags' 
(0 (1 (4 5 11 12 13 21 22 23 (2 3 )(7 (6 (8 9 10 )))(14 ((15 (16 17 ))(18 (19 20 ))))(24 25 )(26 (27 (28 ((((29 (30 31 ))(32 (33 34 )(35 (36 (37 (38 39 ))))))(40 (41 (42 43 ))))((44 45 )(46 47 ))))))))); 
ttag *!; 
ttag +49 ???; 
ttag +50 3; 
ttag +51 5; 
ttag +52 1; 
ttag +53 3; 
ttag +54 2; 
ttag +55 2; 
ttag +56 2; 
ttag +57 2; 
ttag +58 2; 
ttag +59 1; 
ttag +60 10; 
ttag +61 7; 
ttag +62 7; 
ttag +63 1; 
ttag +64 8; 
ttag +65 5; 
ttag +66 2; 
ttag +67 2; 
ttag +68 7; 
ttag +69 6; 
ttag +70 8; 
ttag +71 5; 
ttag +72 2; 
ttag +73 6; 
ttag +74 9; 
ttag +75 2; 
ttag +76 5; 
ttag +77 3; 
ttag +78 6; 
ttag +79 2; 
ttag +80 5; 
ttag +81 1; 
tread
'Tree with tags' 
(0 (1 ((2 3 )(4 (((12 (5 (7 (6 (8 (9 10 ))))))((14 ((15 (16 17 ))(18 (19 20 ))))(21 ((22 (23 (24 25 )))(26 (27 (28 ((((29 (30 31 ))((32 (33 34 ))(35 (36 (37 (38 39 ))))))(40 (41 (42 43 ))))((44 45 )(46 47 ))))))))))(11 13 )))))); 
ttag *!; 
ttag +0 ////; 
ttag +1 ////; 
ttag +2 ////; 
ttag +3 ////; 
ttag +4 ////; 
ttag +5 ////; 
ttag +6 ////; 
ttag +7 ////; 
ttag +8 ////; 
ttag +9 ////; 
ttag +10 ////; 
ttag +11 ////; 
ttag +12 ////; 
ttag +13 ////; 
ttag +14 ////; 
ttag +15 ////; 
ttag +16 ////; 
ttag +17 ////; 
ttag +18 ////; 
ttag +19 ////; 
ttag +20 ////; 
ttag +21 ////; 
ttag +22 ////; 
ttag +23 ////; 
ttag +24 ////; 
ttag +25 ////; 
ttag +26 ////; 
ttag +27 ////; 
ttag +28 ////; 
ttag +29 ////; 
ttag +30 ////; 
ttag +31 ////; 
ttag +32 ////; 
ttag +33 ////; 
ttag +34 ////; 
ttag +35 ////; 
ttag +36 ////; 
ttag +37 ////; 
ttag +38 ////; 
ttag +39 ////; 
ttag +40 ////; 
ttag +41 ////; 
ttag +42 ////; 
ttag +43 ////; 
ttag +44 ////; 
ttag +45 ////; 
ttag +46 ////; 
ttag +47 ////; 
ttag +48 ////; 
ttag +49 100/100/100/100/100; 
ttag +50 92/91/82/89/86; 
ttag +51 94/92/86/92/85; 
ttag +52 41/22/18/18/15; 
ttag +53 12/2/6/10/9; 
ttag +54 0/[9]/?/?/?; 
ttag +55 0/[18]/?/?/?; 
ttag +56 8/[10]/?/?/?; 
ttag +57 67/58/56/70/56; 
ttag +58 78/68/61/79/62; 
ttag +59 85/82/65/79/70; 
ttag +60 36/[11]/?/?/?; 
ttag +61 8/[10]/?/?/?; 
ttag +62 42/30/20/36/11; 
ttag +63 11/[7]/?/?/?; 
ttag +64 55/40/35/43/32; 
ttag +65 42/30/21/30/17; 
ttag +66 55/39/40/47/32; 
ttag +67 26/[6]/?/?/?; 
ttag +68 100/100/100/100/99; 
ttag +69 18/[1]/?/?/?; 
ttag +70 57/38/35/40/37; 
ttag +71 27/8/4/7/3; 
ttag +72 44/19/22/22/19; 
ttag +73 99/99/99/99/98; 
ttag +74 97/97/91/98/93; 
ttag +75 60/37/2/32/16; 
ttag +76 91/88/80/88/84; 
ttag +77 98/97/87/96/94; 
ttag +78 59/44/36/47/29; 
ttag +79 50/35/25/40/24; 
ttag +80 96/96/88/94/85; 
ttag +81 96/96/94/98/95; 
ttag +82 45/34/36/40/26; 
ttag +83 99/99/97/99/98; 
ttag +84 98/96/90/95/92; 
ttag +85 64/50/37/40/34; 
ttag +86 99/98/90/98/91; 
ttag +87 99/99/97/100/98; 
ttag +88 83/77/64/76/64; 
ttag +89 94/94/82/91/86; 
ttag +90 68/50/38/47/32; 
ttag +91 98/97/96/100/90; 
ttag +92 72/65/52/58/50; 
ttag +93 96/95/89/93/92; 
ttag +94 63/51/37/45/46; 
