tread
'Tree with tags' 
(0 (1 ((2 3 )(4 (5 (((6 7 )(10 (8 9 )))(11 (12 13 14 18 (15 16 17 )(19 20 )(21 28 (22 (23 24 25 ))(26 27 )(29 (30 31 ))(32 35 (33 34 )(36 (37 (38 39 ))))(44 45 46 47 (40 41 (42 43 )))))))))))); 
ttag *!; 
ttag +49 ???; 
ttag +50 2; 
ttag +51 2; 
ttag +52 2; 
ttag +53 1; 
ttag +54 3; 
ttag +55 1; 
ttag +56 2; 
ttag +57 1; 
ttag +58 9; 
ttag +59 2; 
ttag +60 2; 
ttag +61 7; 
ttag +62 7; 
ttag +63 3; 
ttag +64 1; 
ttag +65 11; 
ttag +66 2; 
ttag +67 2; 
ttag +68 5; 
ttag +69 6; 
ttag +70 4; 
ttag +71 3; 
ttag +72 3; 
ttag +73 3; 
ttag +74 5; 
ttag +75 1; 
ttag +76 9; 
tread
'Tree with tags' 
(0 (1 ((2 3 )(4 (5 (((6 7 )(10 (8 9 )))(11 ((12 13 )((14 ((15 (16 17 ))(18 (19 20 ))))(21 ((22 (23 (24 25 )))((26 27 )((28 (((40 41 )(42 43 ))(44 (47 (45 46 )))))((29 (30 31 ))((32 (35 (33 34 )))(36 (37 (38 39 )))))))))))))))))); 
ttag *!; 
ttag +0 ////; 
ttag +1 ////; 
ttag +2 ////; 
ttag +3 ////; 
ttag +4 ////; 
ttag +5 ////; 
ttag +6 ////; 
ttag +7 ////; 
ttag +8 ////; 
ttag +9 ////; 
ttag +10 ////; 
ttag +11 ////; 
ttag +12 ////; 
ttag +13 ////; 
ttag +14 ////; 
ttag +15 ////; 
ttag +16 ////; 
ttag +17 ////; 
ttag +18 ////; 
ttag +19 ////; 
ttag +20 ////; 
ttag +21 ////; 
ttag +22 ////; 
ttag +23 ////; 
ttag +24 ////; 
ttag +25 ////; 
ttag +26 ////; 
ttag +27 ////; 
ttag +28 ////; 
ttag +29 ////; 
ttag +30 ////; 
ttag +31 ////; 
ttag +32 ////; 
ttag +33 ////; 
ttag +34 ////; 
ttag +35 ////; 
ttag +36 ////; 
ttag +37 ////; 
ttag +38 ////; 
ttag +39 ////; 
ttag +40 ////; 
ttag +41 ////; 
ttag +42 ////; 
ttag +43 ////; 
ttag +44 ////; 
ttag +45 ////; 
ttag +46 ////; 
ttag +47 ////; 
ttag +48 ////; 
ttag +49 100/100/100/100/100; 
ttag +50 65/44/41/52/51; 
ttag +51 89/86/87/84/82; 
ttag +52 76/69/62/74/62; 
ttag +53 30/16/23/25/22; 
ttag +54 88/87/88/94/86; 
ttag +55 34/20/18/29/26; 
ttag +56 40/26/30/35/22; 
ttag +57 46/10/7/22/10; 
ttag +58 99/98/98/100/100; 
ttag +59 42/28/33/38/23; 
ttag +60 56/48/39/42/32; 
ttag +61 39/25/30/36/16; 
ttag +62 18/0/4/?/?; 
ttag +63 33/15/14/10/2; 
ttag +64 99/99/98/100/100; 
ttag +65 47/34/32/40/30; 
ttag +66 50/31/30/19/23; 
ttag +67 52/42/38/40/37; 
ttag +68 100/100/98/99/96; 
ttag +69 65/63/54/66/52; 
ttag +70 70/58/55/64/49; 
ttag +71 64/55/45/57/43; 
ttag +72 100/100/99/100/100; 
ttag +73 47/10/12/10/14; 
ttag +74 77/76/76/78/68; 
ttag +75 57/40/36/49/29; 
ttag +76 20/[2]/?/?/?; 
ttag +77 55/46/43/51/48; 
ttag +78 91/90/81/91/80; 
ttag +79 5/[16]/?/?/?; 
ttag +80 96/96/97/96/97; 
ttag +81 21/[20]/?/?/?; 
ttag +82 98/98/96/98/94; 
ttag +83 86/80/72/86/71; 
ttag +84 14/[10]/?/?/?; 
ttag +85 86/80/72/80/63; 
ttag +86 90/87/76/86/80; 
ttag +87 91/88/86/87/77; 
ttag +88 30/[13]/?/4/?; 
ttag +89 95/94/87/94/80; 
ttag +90 64/60/44/58/40; 
ttag +91 100/100/100/100/100; 
ttag +92 28/10/11/16/15; 
ttag +93 20/[9]/?/?/?; 
ttag +94 26/14/13/20/16; 
