tread
'Tree with tags' 
(0 ((1 (2 3 ))(21 (4 ((5 (11 (12 (13 ((14 ((15 16 17 )(18 (19 20 ))))((22 (26 (27 (28 (((29 (30 31 ))(32 (35 ((33 34 )(36 (37 (38 39 )))))))((40 (41 (42 43 )))(44 (45 (46 47 )))))))))(23 (24 25 ))))))))((6 7 )(8 (9 10 )))))))); 
ttag *!; 
ttag +49 2; 
ttag +50 ???; 
ttag +51 6; 
ttag +52 1; 
ttag +53 4; 
ttag +54 1; 
ttag +55 1; 
ttag +56 1; 
ttag +57 1; 
ttag +58 6; 
ttag +59 3; 
ttag +60 1; 
ttag +61 1; 
ttag +62 1; 
ttag +63 2; 
ttag +64 2; 
ttag +65 1; 
ttag +66 4; 
ttag +67 5; 
ttag +68 10; 
ttag +69 1; 
ttag +70 4; 
ttag +71 7; 
ttag +72 4; 
ttag +73 7; 
ttag +74 1; 
ttag +75 1; 
ttag +76 3; 
ttag +77 1; 
ttag +78 1; 
ttag +79 8; 
ttag +80 3; 
ttag +81 5; 
ttag +82 2; 
ttag +83 3; 
ttag +84 2; 
ttag +85 11; 
ttag +86 1; 
ttag +87 6; 
ttag +88 1; 
ttag +89 5; 
ttag +90 8; 
ttag +91 6; 
ttag +92 1; 
ttag +93 1; 
tread
'Tree with tags' 
(0 ((1 (2 3 ))(21 (4 ((5 (11 (12 (13 ((14 ((15 (16 17 ))(18 (19 20 ))))((22 (26 (27 (28 (((29 (30 31 ))(32 (35 ((33 34 )(36 (37 (38 39 )))))))((40 (41 (42 43 )))(44 (45 (46 47 )))))))))(23 (24 25 ))))))))((6 7 )(8 (9 10 )))))))); 
ttag *!; 
ttag +0 ////; 
ttag +1 ////; 
ttag +2 ////; 
ttag +3 ////; 
ttag +4 ////; 
ttag +5 ////; 
ttag +6 ////; 
ttag +7 ////; 
ttag +8 ////; 
ttag +9 ////; 
ttag +10 ////; 
ttag +11 ////; 
ttag +12 ////; 
ttag +13 ////; 
ttag +14 ////; 
ttag +15 ////; 
ttag +16 ////; 
ttag +17 ////; 
ttag +18 ////; 
ttag +19 ////; 
ttag +20 ////; 
ttag +21 ////; 
ttag +22 ////; 
ttag +23 ////; 
ttag +24 ////; 
ttag +25 ////; 
ttag +26 ////; 
ttag +27 ////; 
ttag +28 ////; 
ttag +29 ////; 
ttag +30 ////; 
ttag +31 ////; 
ttag +32 ////; 
ttag +33 ////; 
ttag +34 ////; 
ttag +35 ////; 
ttag +36 ////; 
ttag +37 ////; 
ttag +38 ////; 
ttag +39 ////; 
ttag +40 ////; 
ttag +41 ////; 
ttag +42 ////; 
ttag +43 ////; 
ttag +44 ////; 
ttag +45 ////; 
ttag +46 ////; 
ttag +47 ////; 
ttag +48 ////; 
ttag +49 78/69/57/70/50; 
ttag +50 100/100/100/100/100; 
ttag +51 87/83/76/88/68; 
ttag +52 38/14/9/10/1; 
ttag +53 89/86/80/89/79; 
ttag +54 8/[16]/?/?/?; 
ttag +55 15/[25]/?/?/?; 
ttag +56 46/18/23/22/19; 
ttag +57 68/55/48/60/54; 
ttag +58 98/98/96/99/98; 
ttag +59 88/82/80/85/84; 
ttag +60 4/[14]/?/?/?; 
ttag +61 18/4/2/8/7; 
ttag +62 9/[5]/?/1/?; 
ttag +63 37/21/24/34/15; 
ttag +64 32/27/17/26/26; 
ttag +65 52/38/26/31/23; 
ttag +66 92/91/86/93/82; 
ttag +67 23/2/0/4/0; 
ttag +68 96/94/94/95/92; 
ttag +69 100/100/99/100/99; 
ttag +70 40/2/?/?/2; 
ttag +71 78/71/51/78/58; 
ttag +72 95/94/95/96/91; 
ttag +73 89/83/82/92/78; 
ttag +74 86/84/76/80/76; 
ttag +75 52/31/22/30/20; 
ttag +76 43/34/31/30/31; 
ttag +77 78/68/69/69/68; 
ttag +78 31/18/14/14/17; 
ttag +79 24/14/6/9/14; 
ttag +80 99/99/97/99/96; 
ttag +81 62/53/51/58/55; 
ttag +82 87/85/74/78/72; 
ttag +83 51/37/22/42/24; 
ttag +84 68/63/53/71/50; 
ttag +85 62/52/43/48/40; 
ttag +86 99/99/97/100/100; 
ttag +87 55/38/26/41/32; 
ttag +88 98/98/96/98/97; 
ttag +89 35/18/14/14/18; 
ttag +90 97/96/91/92/88; 
ttag +91 100/100/100/100/100; 
ttag +92 98/98/96/97/92; 
ttag +93 24/[4]/?/2/?; 
ttag +94 46/17/16/24/15; 
