tread
'Tree with tags' 
(0 (1 ((2 3 )(4 5 11 (6 (7 (8 (9 10 ))))((14 (12 13 ))(((15 (16 17 ))(18 (19 20 )))(21 ((22 (23 (24 25 )))((26 27 )(28 ((29 (30 31 ))((32 ((33 34 )(35 (36 (37 38 39 )))))((40 (41 (42 43 )))(44 45 46 47 )))))))))))))); 
ttag *!; 
ttag +49 ???; 
ttag +50 4; 
ttag +51 4; 
ttag +52 1; 
ttag +53 4; 
ttag +54 2; 
ttag +55 14; 
ttag +56 3; 
ttag +57 1; 
ttag +58 1; 
ttag +59 1; 
ttag +60 5; 
ttag +61 4; 
ttag +62 1; 
ttag +63 5; 
ttag +64 5; 
ttag +65 10; 
ttag +66 1; 
ttag +67 3; 
ttag +68 5; 
ttag +69 4; 
ttag +70 4; 
ttag +71 1; 
ttag +72 1; 
ttag +73 3; 
ttag +74 3; 
ttag +75 3; 
ttag +76 2; 
ttag +77 5; 
ttag +78 3; 
ttag +79 1; 
ttag +80 5; 
ttag +81 3; 
ttag +82 2; 
ttag +83 8; 
ttag +84 2; 
ttag +85 9; 
ttag +86 1; 
ttag +87 5; 
ttag +88 5; 
tread
'Tree with tags' 
(0 (1 ((2 3 )(4 (5 ((6 (7 (8 (9 10 ))))(11 ((14 (12 13 ))(((15 (16 17 ))(18 (19 20 )))(21 ((22 (23 (24 25 )))((26 27 )(28 ((29 (30 31 ))((32 ((33 34 )(35 (36 (38 (37 39 ))))))((40 (41 (42 43 )))(46 (44 (45 47 ))))))))))))))))))); 
ttag *!; 
ttag +0 ////; 
ttag +1 ////; 
ttag +2 ////; 
ttag +3 ////; 
ttag +4 ////; 
ttag +5 ////; 
ttag +6 ////; 
ttag +7 ////; 
ttag +8 ////; 
ttag +9 ////; 
ttag +10 ////; 
ttag +11 ////; 
ttag +12 ////; 
ttag +13 ////; 
ttag +14 ////; 
ttag +15 ////; 
ttag +16 ////; 
ttag +17 ////; 
ttag +18 ////; 
ttag +19 ////; 
ttag +20 ////; 
ttag +21 ////; 
ttag +22 ////; 
ttag +23 ////; 
ttag +24 ////; 
ttag +25 ////; 
ttag +26 ////; 
ttag +27 ////; 
ttag +28 ////; 
ttag +29 ////; 
ttag +30 ////; 
ttag +31 ////; 
ttag +32 ////; 
ttag +33 ////; 
ttag +34 ////; 
ttag +35 ////; 
ttag +36 ////; 
ttag +37 ////; 
ttag +38 ////; 
ttag +39 ////; 
ttag +40 ////; 
ttag +41 ////; 
ttag +42 ////; 
ttag +43 ////; 
ttag +44 ////; 
ttag +45 ////; 
ttag +46 ////; 
ttag +47 ////; 
ttag +48 ////; 
ttag +49 100/100/100/100/100; 
ttag +50 98/98/94/99/95; 
ttag +51 94/90/80/88/80; 
ttag +52 61/36/27/44/41; 
ttag +53 22/[8]/?/?/?; 
ttag +54 75/69/56/80/67; 
ttag +55 22/[2]/?/?/6; 
ttag +56 64/51/26/62/43; 
ttag +57 100/100/99/100/100; 
ttag +58 91/88/81/88/86; 
ttag +59 10/[15]/?/?/?; 
ttag +60 55/49/42/49/44; 
ttag +61 10/[5]/?/?/?; 
ttag +62 38/28/19/34/23; 
ttag +63 95/92/86/92/90; 
ttag +64 44/22/4/25/15; 
ttag +65 15/0/1/?/?; 
ttag +66 99/99/93/98/95; 
ttag +67 94/93/78/93/74; 
ttag +68 100/100/100/100/99; 
ttag +69 20/0/?/?/?; 
ttag +70 70/62/44/58/44; 
ttag +71 79/73/58/75/63; 
ttag +72 90/83/80/91/88; 
ttag +73 97/96/88/94/91; 
ttag +74 49/41/40/51/34; 
ttag +75 26/17/6/15/11; 
ttag +76 35/16/8/13/8; 
ttag +77 83/80/74/80/69; 
ttag +78 64/59/41/69/50; 
ttag +79 52/19/10/34/15; 
ttag +80 87/84/76/87/73; 
ttag +81 67/60/52/68/53; 
ttag +82 54/24/25/26/38; 
ttag +83 94/93/78/92/80; 
ttag +84 85/83/79/82/73; 
ttag +85 71/58/64/64/67; 
ttag +86 26/[10]/2/?/?; 
ttag +87 100/100/98/100/100; 
ttag +88 65/54/40/60/44; 
ttag +89 96/95/93/99/95; 
ttag +90 43/21/26/30/25; 
ttag +91 93/91/80/89/75; 
ttag +92 37/26/14/26/16; 
ttag +93 85/81/72/86/71; 
ttag +94 14/[21]/?/?/?; 
