tread
'Tree with tags' 
(0 (1 (2 3 (4 5 6 7 11 12 13 14 21 (8 (9 10 ))(15 (16 17 ))(18 (19 20 ))((22 (23 (24 25 )))(26 27 (28 (((29 (30 31 ))(((40 41 )(42 43 ))(47 (44 (45 46 )))))(32 (35 (36 ((33 34 )(38 (37 39 )))))))))))))); 
ttag *!; 
ttag +49 ???; 
ttag +50 4; 
ttag +51 8; 
ttag +52 9; 
ttag +53 3; 
ttag +54 4; 
ttag +55 1; 
ttag +56 2; 
ttag +57 9; 
ttag +58 2; 
ttag +59 3; 
ttag +60 6; 
ttag +61 6; 
ttag +62 4; 
ttag +63 1; 
ttag +64 2; 
ttag +65 3; 
ttag +66 5; 
ttag +67 7; 
ttag +68 5; 
ttag +69 5; 
ttag +70 2; 
ttag +71 1; 
ttag +72 2; 
ttag +73 1; 
ttag +74 5; 
ttag +75 1; 
ttag +76 4; 
ttag +77 1; 
ttag +78 9; 
ttag +79 2; 
ttag +80 7; 
ttag +81 2; 
tread
'Tree with tags' 
(0 (1 (3 (2 (4 ((5 (11 (((8 (9 10 ))((21 (14 ((22 (23 (24 25 )))(27 (26 (28 (((29 (30 31 ))(((40 41 )(42 43 ))(47 (44 (45 46 )))))(32 (35 (36 ((33 34 )(38 (37 39 )))))))))))))((15 (16 17 ))(18 (19 20 )))))(12 13 ))))(6 7 ))))))); 
ttag *!; 
ttag +0 ////; 
ttag +1 ////; 
ttag +2 ////; 
ttag +3 ////; 
ttag +4 ////; 
ttag +5 ////; 
ttag +6 ////; 
ttag +7 ////; 
ttag +8 ////; 
ttag +9 ////; 
ttag +10 ////; 
ttag +11 ////; 
ttag +12 ////; 
ttag +13 ////; 
ttag +14 ////; 
ttag +15 ////; 
ttag +16 ////; 
ttag +17 ////; 
ttag +18 ////; 
ttag +19 ////; 
ttag +20 ////; 
ttag +21 ////; 
ttag +22 ////; 
ttag +23 ////; 
ttag +24 ////; 
ttag +25 ////; 
ttag +26 ////; 
ttag +27 ////; 
ttag +28 ////; 
ttag +29 ////; 
ttag +30 ////; 
ttag +31 ////; 
ttag +32 ////; 
ttag +33 ////; 
ttag +34 ////; 
ttag +35 ////; 
ttag +36 ////; 
ttag +37 ////; 
ttag +38 ////; 
ttag +39 ////; 
ttag +40 ////; 
ttag +41 ////; 
ttag +42 ////; 
ttag +43 ////; 
ttag +44 ////; 
ttag +45 ////; 
ttag +46 ////; 
ttag +47 ////; 
ttag +48 ////; 
ttag +49 100/100/100/100/100; 
ttag +50 27/[2]/?/?/0; 
ttag +51 81/74/67/74/68; 
ttag +52 92/90/78/91/81; 
ttag +53 4/[12]/?/?/?; 
ttag +54 29/12/2/12/12; 
ttag +55 26/15/0/18/15; 
ttag +56 100/100/98/99/97; 
ttag +57 10/[6]/?/?/?; 
ttag +58 17/[3]/?/3/2; 
ttag +59 6/[10]/?/?/?; 
ttag +60 96/96/92/96/92; 
ttag +61 7/[13]/?/?/?; 
ttag +62 14/0/?/?/?; 
ttag +63 0/[19]/?/?/?; 
ttag +64 32/24/16/26/17; 
ttag +65 94/93/93/96/90; 
ttag +66 67/60/55/51/52; 
ttag +67 55/31/29/38/36; 
ttag +68 72/56/51/67/60; 
ttag +69 100/100/99/100/98; 
ttag +70 82/77/63/76/63; 
ttag +71 86/83/72/84/73; 
ttag +72 94/93/86/94/88; 
ttag +73 97/96/97/98/93; 
ttag +74 9/[35]/?/?/?; 
ttag +75 80/69/64/78/64; 
ttag +76 42/12/1/25/1; 
ttag +77 57/49/47/52/43; 
ttag +78 57/51/39/54/40; 
ttag +79 77/72/67/80/65; 
ttag +80 90/88/80/87/77; 
ttag +81 85/82/73/88/74; 
ttag +82 90/88/78/89/72; 
ttag +83 24/[31]/?/?/?; 
ttag +84 10/[32]/?/?/?; 
ttag +85 47/33/26/46/23; 
ttag +86 22/[19]/?/?/?; 
ttag +87 100/100/98/99/96; 
ttag +88 26/3/1/3/?; 
ttag +89 76/70/64/74/68; 
ttag +90 30/15/14/27/17; 
ttag +91 99/98/99/100/99; 
ttag +92 58/42/30/43/38; 
ttag +93 91/90/87/92/82; 
ttag +94 44/26/14/35/16; 
