tread
'Tree with tags' 
(0 (1 ((2 3 )(4 5 6 7 11 12 13 (8 9 10 )(14 ((15 16 17 )(18 (19 20 )))(21 ((22 (23 (24 25 )))(26 27 (28 (29 (30 31 ))((32 ((33 34 )(35 (36 (39 (37 38 ))))))(44 45 46 47 (40 (41 (42 43 )))))))))))))); 
ttag *!; 
ttag +49 ???; 
ttag +50 2; 
ttag +51 2; 
ttag +52 5; 
ttag +53 4; 
ttag +54 1; 
ttag +55 7; 
ttag +56 2; 
ttag +57 3; 
ttag +58 9; 
ttag +59 1; 
ttag +60 3; 
ttag +61 1; 
ttag +62 7; 
ttag +63 8; 
ttag +64 4; 
ttag +65 2; 
ttag +66 5; 
ttag +67 4; 
ttag +68 2; 
ttag +69 1; 
ttag +70 2; 
ttag +71 2; 
ttag +72 4; 
ttag +73 6; 
ttag +74 1; 
ttag +75 5; 
ttag +76 7; 
ttag +77 1; 
ttag +78 1; 
ttag +79 6; 
tread
'Tree with tags' 
(0 (1 ((2 3 )((11 ((5 (4 (6 7 )))(13 (12 ((14 ((17 (15 16 ))(18 (19 20 ))))(21 ((22 (23 (24 25 )))(26 (27 ((28 ((32 ((33 34 )(35 (36 (39 (37 38 ))))))(45 (44 (47 (46 (40 (41 (42 43 )))))))))(29 (30 31 ))))))))))))(10 (8 9 )))))); 
ttag *!; 
ttag +0 ////; 
ttag +1 ////; 
ttag +2 ////; 
ttag +3 ////; 
ttag +4 ////; 
ttag +5 ////; 
ttag +6 ////; 
ttag +7 ////; 
ttag +8 ////; 
ttag +9 ////; 
ttag +10 ////; 
ttag +11 ////; 
ttag +12 ////; 
ttag +13 ////; 
ttag +14 ////; 
ttag +15 ////; 
ttag +16 ////; 
ttag +17 ////; 
ttag +18 ////; 
ttag +19 ////; 
ttag +20 ////; 
ttag +21 ////; 
ttag +22 ////; 
ttag +23 ////; 
ttag +24 ////; 
ttag +25 ////; 
ttag +26 ////; 
ttag +27 ////; 
ttag +28 ////; 
ttag +29 ////; 
ttag +30 ////; 
ttag +31 ////; 
ttag +32 ////; 
ttag +33 ////; 
ttag +34 ////; 
ttag +35 ////; 
ttag +36 ////; 
ttag +37 ////; 
ttag +38 ////; 
ttag +39 ////; 
ttag +40 ////; 
ttag +41 ////; 
ttag +42 ////; 
ttag +43 ////; 
ttag +44 ////; 
ttag +45 ////; 
ttag +46 ////; 
ttag +47 ////; 
ttag +48 ////; 
ttag +49 100/100/100/100/100; 
ttag +50 84/77/72/76/59; 
ttag +51 77/63/63/72/67; 
ttag +52 17/[8]/?/?/?; 
ttag +53 1/[24]/?/?/?; 
ttag +54 0/[14]/?/?/?; 
ttag +55 17/3/0/12/6; 
ttag +56 89/87/77/85/72; 
ttag +57 68/62/62/69/49; 
ttag +58 33/[10]/?/2/?; 
ttag +59 96/95/88/94/92; 
ttag +60 3/[22]/?/?/?; 
ttag +61 4/[21]/?/?/?; 
ttag +62 26/9/16/14/9; 
ttag +63 23/[2]/?/3/7; 
ttag +64 33/[23]/?/?/?; 
ttag +65 99/99/98/98/98; 
ttag +66 44/26/26/36/25; 
ttag +67 81/79/71/84/73; 
ttag +68 100/100/99/100/99; 
ttag +69 30/4/7/4/14; 
ttag +70 92/89/80/92/84; 
ttag +71 37/11/12/3/17; 
ttag +72 96/93/90/96/89; 
ttag +73 99/99/97/100/95; 
ttag +74 97/96/93/98/91; 
ttag +75 23/[41]/?/?/?; 
ttag +76 10/[18]/?/?/?; 
ttag +77 81/76/71/78/73; 
ttag +78 95/93/82/94/83; 
ttag +79 92/89/87/85/85; 
ttag +80 62/55/36/50/43; 
ttag +81 50/35/20/28/22; 
ttag +82 76/67/62/64/59; 
ttag +83 52/44/38/54/41; 
ttag +84 85/81/74/84/75; 
ttag +85 93/92/87/89/85; 
ttag +86 49/36/25/39/14; 
ttag +87 95/94/86/91/89; 
ttag +88 97/96/88/96/90; 
ttag +89 20/[21]/?/?/?; 
ttag +90 5/[36]/?/?/?; 
ttag +91 16/[25]/?/?/?; 
ttag +92 60/52/45/47/34; 
ttag +93 61/46/44/38/38; 
ttag +94 99/99/96/99/96; 
