tread
'Tree with tags' 
(0 (1 ((2 3 )(11 (5 ((6 (4 ((12 13 )(14 21 ((15 (16 17 ))(18 (19 20 )))((22 (23 (24 25 )))((26 27 )(((28 (32 (34 (33 (35 (36 (37 38 39 )))))))(29 (30 31 )))((40 41 (42 43 ))(44 46 (45 47 ))))))))))(7 (8 (9 10 ))))))))); 
ttag *!; 
ttag +49 ???; 
ttag +50 1; 
ttag +51 2; 
ttag +52 3; 
ttag +53 1; 
ttag +54 1; 
ttag +55 5; 
ttag +56 12; 
ttag +57 2; 
ttag +58 7; 
ttag +59 2; 
ttag +60 1; 
ttag +61 3; 
ttag +62 1; 
ttag +63 7; 
ttag +64 2; 
ttag +65 4; 
ttag +66 2; 
ttag +67 5; 
ttag +68 5; 
ttag +69 1; 
ttag +70 5; 
ttag +71 10; 
ttag +72 1; 
ttag +73 1; 
ttag +74 1; 
ttag +75 1; 
ttag +76 1; 
ttag +77 1; 
ttag +78 7; 
ttag +79 10; 
ttag +80 1; 
ttag +81 1; 
ttag +82 4; 
ttag +83 4; 
ttag +84 7; 
ttag +85 6; 
ttag +86 2; 
ttag +87 5; 
ttag +88 4; 
ttag +89 1; 
tread
'Tree with tags' 
(0 (1 ((2 3 )(11 (5 ((6 (4 ((12 13 )(14 ((21 ((15 (16 17 ))(18 (19 20 ))))((22 (23 (24 25 )))((26 27 )(((28 (32 (34 (33 (35 (36 (39 (37 38 ))))))))(29 (30 31 )))((41 (40 (42 43 )))(46 (44 (45 47 ))))))))))))(7 (8 (9 10 ))))))))); 
ttag *!; 
ttag +0 ////; 
ttag +1 ////; 
ttag +2 ////; 
ttag +3 ////; 
ttag +4 ////; 
ttag +5 ////; 
ttag +6 ////; 
ttag +7 ////; 
ttag +8 ////; 
ttag +9 ////; 
ttag +10 ////; 
ttag +11 ////; 
ttag +12 ////; 
ttag +13 ////; 
ttag +14 ////; 
ttag +15 ////; 
ttag +16 ////; 
ttag +17 ////; 
ttag +18 ////; 
ttag +19 ////; 
ttag +20 ////; 
ttag +21 ////; 
ttag +22 ////; 
ttag +23 ////; 
ttag +24 ////; 
ttag +25 ////; 
ttag +26 ////; 
ttag +27 ////; 
ttag +28 ////; 
ttag +29 ////; 
ttag +30 ////; 
ttag +31 ////; 
ttag +32 ////; 
ttag +33 ////; 
ttag +34 ////; 
ttag +35 ////; 
ttag +36 ////; 
ttag +37 ////; 
ttag +38 ////; 
ttag +39 ////; 
ttag +40 ////; 
ttag +41 ////; 
ttag +42 ////; 
ttag +43 ////; 
ttag +44 ////; 
ttag +45 ////; 
ttag +46 ////; 
ttag +47 ////; 
ttag +48 ////; 
ttag +49 100/100/100/100/100; 
ttag +50 68/53/61/57/61; 
ttag +51 46/26/20/19/18; 
ttag +52 35/10/7/12/9; 
ttag +53 10/[14]/?/?/?; 
ttag +54 12/[12]/?/?/?; 
ttag +55 39/14/12/19/16; 
ttag +56 100/100/100/99/99; 
ttag +57 18/1/6/6/0; 
ttag +58 100/100/96/98/96; 
ttag +59 86/84/81/82/75; 
ttag +60 67/56/47/57/56; 
ttag +61 74/71/54/61/49; 
ttag +62 46/37/32/30/34; 
ttag +63 94/93/80/92/81; 
ttag +64 65/59/43/64/36; 
ttag +65 23/3/?/?/?; 
ttag +66 18/[10]/?/?/4; 
ttag +67 83/74/48/81/61; 
ttag +68 86/83/82/87/80; 
ttag +69 97/96/96/99/97; 
ttag +70 91/89/80/94/84; 
ttag +71 64/60/38/64/34; 
ttag +72 93/89/93/94/90; 
ttag +73 100/100/99/100/99; 
ttag +74 48/26/38/25/36; 
ttag +75 63/56/46/58/48; 
ttag +76 20/[17]/?/?/?; 
ttag +77 12/[25]/?/?/?; 
ttag +78 44/34/22/39/22; 
ttag +79 68/63/44/64/56; 
ttag +80 95/94/82/94/86; 
ttag +81 98/98/94/98/93; 
ttag +82 29/8/4/3/2; 
ttag +83 58/37/36/40/38; 
ttag +84 90/88/80/85/78; 
ttag +85 89/86/74/84/73; 
ttag +86 30/[3]/5/?/2; 
ttag +87 99/98/98/98/96; 
ttag +88 36/[5]/?/5/?; 
ttag +89 97/96/91/98/93; 
ttag +90 58/49/45/53/48; 
ttag +91 95/92/84/94/88; 
ttag +92 15/[33]/?/?/?; 
ttag +93 94/92/87/93/84; 
ttag +94 45/24/24/26/10; 
