tread
'Tree with tags' 
(0 (1 ((2 3 )((4 5 (6 7 (9 (8 10 ))))(11 (13 (12 ((14 (21 (22 (23 (24 25 ))(26 (27 28 ((29 30 31 )(32 (33 34 )(35 (36 (37 (38 39 )))))((40 (41 (42 43 )))(44 45 46 47 ))))))))((15 16 17 )(18 (19 20 ))))))))))); 
ttag *!; 
ttag +49 ???; 
ttag +50 6; 
ttag +51 5; 
ttag +52 1; 
ttag +53 1; 
ttag +54 1; 
ttag +55 1; 
ttag +56 13; 
ttag +57 1; 
ttag +58 1; 
ttag +59 3; 
ttag +60 1; 
ttag +61 1; 
ttag +62 6; 
ttag +63 3; 
ttag +64 2; 
ttag +65 11; 
ttag +66 2; 
ttag +67 2; 
ttag +68 6; 
ttag +69 6; 
ttag +70 7; 
ttag +71 2; 
ttag +72 6; 
ttag +73 6; 
ttag +74 4; 
ttag +75 9; 
ttag +76 6; 
ttag +77 5; 
ttag +78 3; 
ttag +79 1; 
ttag +80 4; 
ttag +81 4; 
ttag +82 5; 
ttag +83 10; 
ttag +84 6; 
tread
'Tree with tags' 
(0 (1 ((2 3 )((5 (4 (6 (7 (9 (8 10 ))))))(11 (13 (12 ((14 (21 ((22 (26 (28 (27 (((29 (30 31 ))(32 ((33 34 )(35 (36 (37 (38 39 )))))))((40 (41 (42 43 )))(47 (44 (45 46 )))))))))(23 (24 25 )))))((16 (15 17 ))(18 (19 20 ))))))))))); 
ttag *!; 
ttag +0 ////; 
ttag +1 ////; 
ttag +2 ////; 
ttag +3 ////; 
ttag +4 ////; 
ttag +5 ////; 
ttag +6 ////; 
ttag +7 ////; 
ttag +8 ////; 
ttag +9 ////; 
ttag +10 ////; 
ttag +11 ////; 
ttag +12 ////; 
ttag +13 ////; 
ttag +14 ////; 
ttag +15 ////; 
ttag +16 ////; 
ttag +17 ////; 
ttag +18 ////; 
ttag +19 ////; 
ttag +20 ////; 
ttag +21 ////; 
ttag +22 ////; 
ttag +23 ////; 
ttag +24 ////; 
ttag +25 ////; 
ttag +26 ////; 
ttag +27 ////; 
ttag +28 ////; 
ttag +29 ////; 
ttag +30 ////; 
ttag +31 ////; 
ttag +32 ////; 
ttag +33 ////; 
ttag +34 ////; 
ttag +35 ////; 
ttag +36 ////; 
ttag +37 ////; 
ttag +38 ////; 
ttag +39 ////; 
ttag +40 ////; 
ttag +41 ////; 
ttag +42 ////; 
ttag +43 ////; 
ttag +44 ////; 
ttag +45 ////; 
ttag +46 ////; 
ttag +47 ////; 
ttag +48 ////; 
ttag +49 100/100/100/100/100; 
ttag +50 93/92/90/98/93; 
ttag +51 96/96/91/96/92; 
ttag +52 9/[27]/?/?/?; 
ttag +53 14/[2]/?/2/?; 
ttag +54 36/18/13/21/17; 
ttag +55 42/38/32/45/32; 
ttag +56 20/[9]/?/?/?; 
ttag +57 57/41/39/47/28; 
ttag +58 100/100/100/100/100; 
ttag +59 38/26/12/19/20; 
ttag +60 19/2/?/?/?; 
ttag +61 58/52/34/58/39; 
ttag +62 28/18/5/12/1; 
ttag +63 27/17/3/10/2; 
ttag +64 48/17/23/30/36; 
ttag +65 99/99/92/98/97; 
ttag +66 73/70/53/72/55; 
ttag +67 88/86/77/87/78; 
ttag +68 100/100/100/100/100; 
ttag +69 63/57/37/60/36; 
ttag +70 37/[5]/?/?/?; 
ttag +71 72/67/42/67/48; 
ttag +72 96/95/88/96/89; 
ttag +73 99/99/98/99/99; 
ttag +74 98/98/93/97/94; 
ttag +75 18/[7]/?/?/?; 
ttag +76 80/69/48/67/47; 
ttag +77 98/98/92/97/96; 
ttag +78 22/[24]/?/?/?; 
ttag +79 96/95/88/94/86; 
ttag +80 50/23/29/25/30; 
ttag +81 75/63/48/68/48; 
ttag +82 100/100/99/100/99; 
ttag +83 7/[31]/?/?/?; 
ttag +84 99/99/96/98/96; 
ttag +85 90/86/81/87/78; 
ttag +86 81/75/60/75/58; 
ttag +87 55/35/23/44/28; 
ttag +88 89/85/76/88/75; 
ttag +89 93/92/88/94/80; 
ttag +90 86/82/72/88/74; 
ttag +91 100/100/100/100/99; 
ttag +92 13/[16]/?/?/?; 
ttag +93 98/96/93/96/91; 
ttag +94 20/[9]/?/?/?; 
