tread
'Tree with tags' 
(0 (1 (2 3 (6 7 (4 5 (11 (12 13 14 (17 (15 16 ))(18 (19 20 ))(21 (26 (27 ((28 (22 (23 (24 25 ))))((29 (30 31 ))((32 ((33 34 )(35 (36 (38 (37 39 ))))))((40 41 (42 43 ))(44 45 46 47 )))))))))))(8 (9 10 )))))); 
ttag *!; 
ttag +49 ???; 
ttag +50 1; 
ttag +51 2; 
ttag +52 3; 
ttag +53 6; 
ttag +54 2; 
ttag +55 1; 
ttag +56 3; 
ttag +57 3; 
ttag +58 2; 
ttag +59 3; 
ttag +60 4; 
ttag +61 3; 
ttag +62 5; 
ttag +63 1; 
ttag +64 1; 
ttag +65 1; 
ttag +66 5; 
ttag +67 6; 
ttag +68 8; 
ttag +69 3; 
ttag +70 9; 
ttag +71 5; 
ttag +72 3; 
ttag +73 1; 
ttag +74 4; 
ttag +75 2; 
ttag +76 3; 
ttag +77 9; 
ttag +78 1; 
ttag +79 4; 
ttag +80 4; 
ttag +81 1; 
ttag +82 2; 
ttag +83 3; 
tread
'Tree with tags' 
(0 (1 ((2 3 )(((4 5 )(11 ((12 13 )((14 ((17 (15 16 ))(18 (19 20 ))))(21 (26 (27 ((28 (22 (23 (24 25 ))))((29 (30 31 ))((32 ((33 34 )(35 (36 (38 (37 39 ))))))((41 (40 (42 43 )))(47 (44 (45 46 ))))))))))))))(6 (7 (8 (9 10 )))))))); 
ttag *!; 
ttag +0 ////; 
ttag +1 ////; 
ttag +2 ////; 
ttag +3 ////; 
ttag +4 ////; 
ttag +5 ////; 
ttag +6 ////; 
ttag +7 ////; 
ttag +8 ////; 
ttag +9 ////; 
ttag +10 ////; 
ttag +11 ////; 
ttag +12 ////; 
ttag +13 ////; 
ttag +14 ////; 
ttag +15 ////; 
ttag +16 ////; 
ttag +17 ////; 
ttag +18 ////; 
ttag +19 ////; 
ttag +20 ////; 
ttag +21 ////; 
ttag +22 ////; 
ttag +23 ////; 
ttag +24 ////; 
ttag +25 ////; 
ttag +26 ////; 
ttag +27 ////; 
ttag +28 ////; 
ttag +29 ////; 
ttag +30 ////; 
ttag +31 ////; 
ttag +32 ////; 
ttag +33 ////; 
ttag +34 ////; 
ttag +35 ////; 
ttag +36 ////; 
ttag +37 ////; 
ttag +38 ////; 
ttag +39 ////; 
ttag +40 ////; 
ttag +41 ////; 
ttag +42 ////; 
ttag +43 ////; 
ttag +44 ////; 
ttag +45 ////; 
ttag +46 ////; 
ttag +47 ////; 
ttag +48 ////; 
ttag +49 100/100/100/100/100; 
ttag +50 48/22/14/20/17; 
ttag +51 74/58/52/67/69; 
ttag +52 16/2/0/2/?; 
ttag +53 38/25/17/32/19; 
ttag +54 90/87/83/86/79; 
ttag +55 24/1/4/?/0; 
ttag +56 24/0/?/?/?; 
ttag +57 98/97/96/99/94; 
ttag +58 55/47/39/54/42; 
ttag +59 38/32/29/40/27; 
ttag +60 15/[11]/?/?/?; 
ttag +61 70/66/57/75/59; 
ttag +62 9/[19]/?/?/?; 
ttag +63 22/[4]/?/?/?; 
ttag +64 90/87/81/87/76; 
ttag +65 92/90/79/86/84; 
ttag +66 44/17/2/22/0; 
ttag +67 90/88/80/88/85; 
ttag +68 94/92/87/92/90; 
ttag +69 63/58/51/55/46; 
ttag +70 86/83/82/90/81; 
ttag +71 53/32/30/30/35; 
ttag +72 47/32/17/32/22; 
ttag +73 41/21/9/28/18; 
ttag +74 79/72/59/71/63; 
ttag +75 98/98/98/98/96; 
ttag +76 99/99/98/98/97; 
ttag +77 88/86/80/88/80; 
ttag +78 98/97/91/97/91; 
ttag +79 93/90/81/91/82; 
ttag +80 89/86/77/87/77; 
ttag +81 57/44/31/49/36; 
ttag +82 86/84/82/91/77; 
ttag +83 70/60/45/60/53; 
ttag +84 76/71/62/71/64; 
ttag +85 99/99/98/100/98; 
ttag +86 52/28/27/32/30; 
ttag +87 90/85/80/88/75; 
ttag +88 52/38/27/37/25; 
ttag +89 94/93/92/92/90; 
ttag +90 49/26/17/29/27; 
ttag +91 85/81/64/81/64; 
ttag +92 24/[2]/?/2/2; 
ttag +93 83/82/65/81/65; 
ttag +94 17/[8]/?/?/?; 
