tread
'Tree with tags' 
(0 (1 ((2 3 )(4 5 6 7 11 (8 9 10 )(12 13 )(21 (14 (16 (15 17 ))(18 (19 20 )))((22 (23 (24 25 )))(26 (27 (28 ((29 (30 31 ))(((32 ((33 34 )(35 (36 (37 (38 39 ))))))(40 (41 (42 43 ))))(47 (46 (44 45 )))))))))))))); 
ttag *!; 
ttag +49 ???; 
ttag +50 4; 
ttag +51 5; 
ttag +52 6; 
ttag +53 4; 
ttag +54 1; 
ttag +55 2; 
ttag +56 3; 
ttag +57 3; 
ttag +58 10; 
ttag +59 3; 
ttag +60 8; 
ttag +61 4; 
ttag +62 4; 
ttag +63 2; 
ttag +64 10; 
ttag +65 6; 
ttag +66 1; 
ttag +67 3; 
ttag +68 3; 
ttag +69 4; 
ttag +70 3; 
ttag +71 7; 
ttag +72 2; 
ttag +73 1; 
ttag +74 6; 
ttag +75 2; 
ttag +76 1; 
ttag +77 6; 
ttag +78 11; 
ttag +79 1; 
ttag +80 12; 
ttag +81 2; 
ttag +82 10; 
ttag +83 2; 
ttag +84 1; 
ttag +85 3; 
tread
'Tree with tags' 
(0 (1 ((2 3 )(((4 5 )((6 7 )(11 ((12 13 )((21 (14 ((16 (15 17 ))(18 (19 20 )))))((22 (23 (24 25 )))(26 (27 (28 ((29 (30 31 ))(((32 ((33 34 )(35 (36 (37 (38 39 ))))))(40 (41 (42 43 ))))(47 (46 (44 45 ))))))))))))))(8 (9 10 )))))); 
ttag *!; 
ttag +0 ////; 
ttag +1 ////; 
ttag +2 ////; 
ttag +3 ////; 
ttag +4 ////; 
ttag +5 ////; 
ttag +6 ////; 
ttag +7 ////; 
ttag +8 ////; 
ttag +9 ////; 
ttag +10 ////; 
ttag +11 ////; 
ttag +12 ////; 
ttag +13 ////; 
ttag +14 ////; 
ttag +15 ////; 
ttag +16 ////; 
ttag +17 ////; 
ttag +18 ////; 
ttag +19 ////; 
ttag +20 ////; 
ttag +21 ////; 
ttag +22 ////; 
ttag +23 ////; 
ttag +24 ////; 
ttag +25 ////; 
ttag +26 ////; 
ttag +27 ////; 
ttag +28 ////; 
ttag +29 ////; 
ttag +30 ////; 
ttag +31 ////; 
ttag +32 ////; 
ttag +33 ////; 
ttag +34 ////; 
ttag +35 ////; 
ttag +36 ////; 
ttag +37 ////; 
ttag +38 ////; 
ttag +39 ////; 
ttag +40 ////; 
ttag +41 ////; 
ttag +42 ////; 
ttag +43 ////; 
ttag +44 ////; 
ttag +45 ////; 
ttag +46 ////; 
ttag +47 ////; 
ttag +48 ////; 
ttag +49 100/100/100/100/100; 
ttag +50 93/91/83/90/87; 
ttag +51 99/99/98/98/99; 
ttag +52 25/3/?/?/?; 
ttag +53 24/1/?/?/?; 
ttag +54 94/90/90/91/86; 
ttag +55 14/[7]/?/?/?; 
ttag +56 14/[9]/?/?/?; 
ttag +57 98/97/94/97/96; 
ttag +58 53/36/23/31/28; 
ttag +59 4/[19]/?/?/?; 
ttag +60 54/45/39/43/43; 
ttag +61 1/[10]/?/?/?; 
ttag +62 62/50/32/56/39; 
ttag +63 33/[2]/?/?/?; 
ttag +64 68/56/36/66/42; 
ttag +65 94/93/84/97/85; 
ttag +66 96/94/90/95/95; 
ttag +67 41/22/22/14/8; 
ttag +68 96/95/93/94/90; 
ttag +69 99/99/98/100/99; 
ttag +70 92/88/86/96/85; 
ttag +71 88/86/72/86/73; 
ttag +72 81/71/64/89/72; 
ttag +73 100/100/100/100/98; 
ttag +74 94/93/82/90/81; 
ttag +75 29/[1]/?/?/?; 
ttag +76 52/28/15/26/25; 
ttag +77 78/67/73/73/72; 
ttag +78 74/62/52/52/57; 
ttag +79 94/93/90/92/86; 
ttag +80 92/90/74/92/79; 
ttag +81 28/13/5/14/7; 
ttag +82 43/28/20/40/19; 
ttag +83 98/98/96/98/98; 
ttag +84 78/72/66/78/66; 
ttag +85 60/44/40/42/32; 
ttag +86 97/96/88/97/86; 
ttag +87 100/100/98/100/99; 
ttag +88 63/47/48/53/56; 
ttag +89 100/100/98/100/98; 
ttag +90 47/20/8/22/13; 
ttag +91 100/100/98/100/98; 
ttag +92 66/63/62/62/54; 
ttag +93 48/32/27/31/32; 
ttag +94 70/66/55/64/55; 
