tread
'Tree with tags' 
(0 (1 ((2 3 )(((5 (4 ((12 (14 (13 ((22 (23 (24 25 )))(26 (27 28 (29 (30 31 )(32 (35 (36 (37 (38 39 )))))(33 34 )((40 (41 (42 43 )))(46 47 (44 45 ))))))))))(21 ((15 (16 17 ))(18 (19 20 )))))))(11 (6 7 )))(8 (9 10 )))))); 
ttag *!; 
ttag +49 ???; 
ttag +50 4; 
ttag +51 6; 
ttag +52 1; 
ttag +53 1; 
ttag +54 1; 
ttag +55 8; 
ttag +56 1; 
ttag +57 1; 
ttag +58 7; 
ttag +59 1; 
ttag +60 1; 
ttag +61 4; 
ttag +62 1; 
ttag +63 2; 
ttag +64 4; 
ttag +65 1; 
ttag +66 1; 
ttag +67 4; 
ttag +68 8; 
ttag +69 11; 
ttag +70 3; 
ttag +71 3; 
ttag +72 6; 
ttag +73 5; 
ttag +74 11; 
ttag +75 2; 
ttag +76 4; 
ttag +77 5; 
ttag +78 1; 
ttag +79 3; 
ttag +80 2; 
ttag +81 6; 
ttag +82 7; 
ttag +83 1; 
ttag +84 8; 
ttag +85 1; 
ttag +86 2; 
ttag +87 7; 
ttag +88 1; 
ttag +89 1; 
tread
'Tree with tags' 
(0 (1 ((2 3 )(((5 (4 ((12 (14 (13 ((22 (23 (24 25 )))(26 (28 (27 (((29 (33 34 ))(32 (35 (36 (37 (38 39 ))))))((30 31 )((40 (41 (42 43 )))((44 45 )(46 47 ))))))))))))(21 ((15 (16 17 ))(18 (19 20 )))))))(11 (6 7 )))(8 (9 10 )))))); 
ttag *!; 
ttag +0 ////; 
ttag +1 ////; 
ttag +2 ////; 
ttag +3 ////; 
ttag +4 ////; 
ttag +5 ////; 
ttag +6 ////; 
ttag +7 ////; 
ttag +8 ////; 
ttag +9 ////; 
ttag +10 ////; 
ttag +11 ////; 
ttag +12 ////; 
ttag +13 ////; 
ttag +14 ////; 
ttag +15 ////; 
ttag +16 ////; 
ttag +17 ////; 
ttag +18 ////; 
ttag +19 ////; 
ttag +20 ////; 
ttag +21 ////; 
ttag +22 ////; 
ttag +23 ////; 
ttag +24 ////; 
ttag +25 ////; 
ttag +26 ////; 
ttag +27 ////; 
ttag +28 ////; 
ttag +29 ////; 
ttag +30 ////; 
ttag +31 ////; 
ttag +32 ////; 
ttag +33 ////; 
ttag +34 ////; 
ttag +35 ////; 
ttag +36 ////; 
ttag +37 ////; 
ttag +38 ////; 
ttag +39 ////; 
ttag +40 ////; 
ttag +41 ////; 
ttag +42 ////; 
ttag +43 ////; 
ttag +44 ////; 
ttag +45 ////; 
ttag +46 ////; 
ttag +47 ////; 
ttag +48 ////; 
ttag +49 100/100/100/100/100; 
ttag +50 91/88/85/89/78; 
ttag +51 94/93/92/97/91; 
ttag +52 17/[25]/?/?/?; 
ttag +53 7/[35]/?/?/?; 
ttag +54 34/[8]/?/?/?; 
ttag +55 99/99/95/97/95; 
ttag +56 64/58/55/52/52; 
ttag +57 36/9/6/16/?; 
ttag +58 100/100/99/99/97; 
ttag +59 46/11/6/1/?; 
ttag +60 13/[2]/?/?/?; 
ttag +61 64/58/45/60/48; 
ttag +62 32/8/?/8/8; 
ttag +63 30/10/?/17/8; 
ttag +64 92/88/78/91/74; 
ttag +65 48/32/20/27/20; 
ttag +66 28/18/13/15/16; 
ttag +67 86/83/79/87/80; 
ttag +68 100/100/98/100/98; 
ttag +69 100/100/100/100/100; 
ttag +70 89/84/71/88/81; 
ttag +71 84/80/63/74/64; 
ttag +72 95/92/91/92/87; 
ttag +73 96/94/95/97/98; 
ttag +74 99/99/98/100/97; 
ttag +75 20/[12]/?/?/?; 
ttag +76 59/49/46/54/42; 
ttag +77 4/[36]/?/?/?; 
ttag +78 13/[27]/?/?/?; 
ttag +79 84/81/66/80/62; 
ttag +80 96/94/90/96/94; 
ttag +81 13/[27]/?/?/?; 
ttag +82 56/46/37/45/37; 
ttag +83 79/76/71/79/65; 
ttag +84 70/65/50/67/61; 
ttag +85 92/89/78/90/80; 
ttag +86 97/96/91/96/91; 
ttag +87 62/43/38/46/45; 
ttag +88 98/98/96/99/94; 
ttag +89 35/5/14/13/4; 
ttag +90 79/74/72/81/74; 
ttag +91 100/100/99/100/99; 
ttag +92 60/47/44/49/46; 
ttag +93 70/59/44/57/52; 
ttag +94 30/19/11/4/10; 
