tread
'Tree with tags' 
(0 (1 ((2 3 )(4 (5 (11 ((6 7 )(8 (9 10 )))((12 13 )(21 (14 (((15 (16 17 ))(18 (19 20 )))((22 (23 (24 25 )))(26 (27 (28 ((29 (30 31 ))(32 33 34 35 (36 (37 (38 39 ))))(44 45 46 47 (40 41 (42 43 )))))))))))))))))); 
ttag *!; 
ttag +49 ???; 
ttag +50 4; 
ttag +51 3; 
ttag +52 6; 
ttag +53 2; 
ttag +54 1; 
ttag +55 1; 
ttag +56 1; 
ttag +57 2; 
ttag +58 9; 
ttag +59 2; 
ttag +60 1; 
ttag +61 1; 
ttag +62 2; 
ttag +63 4; 
ttag +64 1; 
ttag +65 1; 
ttag +66 6; 
ttag +67 5; 
ttag +68 10; 
ttag +69 5; 
ttag +70 3; 
ttag +71 3; 
ttag +72 5; 
ttag +73 4; 
ttag +74 3; 
ttag +75 2; 
ttag +76 2; 
ttag +77 4; 
ttag +78 1; 
ttag +79 8; 
ttag +80 3; 
ttag +81 4; 
ttag +82 3; 
ttag +83 1; 
ttag +84 1; 
ttag +85 1; 
tread
'Tree with tags' 
(0 (1 ((2 3 )(4 (5 (11 (((6 7 )(8 (9 10 )))((12 13 )(21 (14 (((15 (16 17 ))(18 (19 20 )))((22 (23 (24 25 )))(26 (27 (28 ((29 (30 31 ))(((32 (33 34 ))(35 (36 (37 (38 39 )))))((46 (45 (40 (41 (42 43 )))))(44 47 ))))))))))))))))))); 
ttag *!; 
ttag +0 ////; 
ttag +1 ////; 
ttag +2 ////; 
ttag +3 ////; 
ttag +4 ////; 
ttag +5 ////; 
ttag +6 ////; 
ttag +7 ////; 
ttag +8 ////; 
ttag +9 ////; 
ttag +10 ////; 
ttag +11 ////; 
ttag +12 ////; 
ttag +13 ////; 
ttag +14 ////; 
ttag +15 ////; 
ttag +16 ////; 
ttag +17 ////; 
ttag +18 ////; 
ttag +19 ////; 
ttag +20 ////; 
ttag +21 ////; 
ttag +22 ////; 
ttag +23 ////; 
ttag +24 ////; 
ttag +25 ////; 
ttag +26 ////; 
ttag +27 ////; 
ttag +28 ////; 
ttag +29 ////; 
ttag +30 ////; 
ttag +31 ////; 
ttag +32 ////; 
ttag +33 ////; 
ttag +34 ////; 
ttag +35 ////; 
ttag +36 ////; 
ttag +37 ////; 
ttag +38 ////; 
ttag +39 ////; 
ttag +40 ////; 
ttag +41 ////; 
ttag +42 ////; 
ttag +43 ////; 
ttag +44 ////; 
ttag +45 ////; 
ttag +46 ////; 
ttag +47 ////; 
ttag +48 ////; 
ttag +49 100/100/100/100/100; 
ttag +50 94/94/90/94/91; 
ttag +51 78/69/68/77/61; 
ttag +52 91/88/77/88/71; 
ttag +53 24/[2]/5/9/4; 
ttag +54 58/39/26/45/38; 
ttag +55 37/10/15/15/16; 
ttag +56 0/[26]/?/?/?; 
ttag +57 8/[18]/?/?/?; 
ttag +58 48/32/37/33/40; 
ttag +59 99/99/98/99/99; 
ttag +60 38/18/10/20/16; 
ttag +61 44/38/30/48/28; 
ttag +62 2/[31]/?/?/?; 
ttag +63 32/12/3/14/7; 
ttag +64 97/96/93/97/93; 
ttag +65 30/11/7/4/8; 
ttag +66 18/0/?/?/?; 
ttag +67 94/92/93/96/88; 
ttag +68 96/94/89/89/90; 
ttag +69 99/99/99/100/99; 
ttag +70 88/84/77/90/76; 
ttag +71 71/68/49/72/49; 
ttag +72 89/83/66/84/70; 
ttag +73 98/97/91/98/97; 
ttag +74 81/78/61/79/74; 
ttag +75 76/71/51/74/63; 
ttag +76 80/75/58/79/66; 
ttag +77 85/82/79/82/72; 
ttag +78 81/78/67/81/70; 
ttag +79 36/[14]/?/?/?; 
ttag +80 26/0/?/0/2; 
ttag +81 98/98/94/98/94; 
ttag +82 32/6/?/?/?; 
ttag +83 40/18/8/14/14; 
ttag +84 46/26/26/28/20; 
ttag +85 93/90/84/89/86; 
ttag +86 96/94/87/94/85; 
ttag +87 85/79/72/89/78; 
ttag +88 51/43/32/46/31; 
ttag +89 9/[20]/?/?/?; 
ttag +90 2/[27]/?/?/?; 
ttag +91 41/29/4/24/23; 
ttag +92 24/5/0/?/0; 
ttag +93 55/36/33/31/31; 
ttag +94 17/[6]/?/?/2; 
