tread
'Tree with tags' 
(0 (1 ((2 3 )(4 (5 ((6 7 (8 9 10 ))(11 (13 (12 ((14 ((15 (16 17 ))(18 (19 20 ))))(21 ((22 (23 (24 25 )))(26 27 (28 ((29 (30 31 ))(32 ((33 34 )(35 (36 (38 (37 39 ))))))(40 41 (42 43 ))(44 45 (46 47 ))))))))))))))))); 
ttag *!; 
ttag +49 ???; 
ttag +50 2; 
ttag +51 2; 
ttag +52 3; 
ttag +53 2; 
ttag +54 3; 
ttag +55 2; 
ttag +56 8; 
ttag +57 2; 
ttag +58 1; 
ttag +59 2; 
ttag +60 1; 
ttag +61 2; 
ttag +62 7; 
ttag +63 1; 
ttag +64 4; 
ttag +65 7; 
ttag +66 16; 
ttag +67 1; 
ttag +68 3; 
ttag +69 2; 
ttag +70 3; 
ttag +71 1; 
ttag +72 1; 
ttag +73 1; 
ttag +74 2; 
ttag +75 1; 
ttag +76 2; 
ttag +77 2; 
ttag +78 9; 
ttag +79 3; 
ttag +80 1; 
ttag +81 4; 
ttag +82 1; 
ttag +83 3; 
ttag +84 5; 
ttag +85 3; 
ttag +86 1; 
ttag +87 2; 
tread
'Tree with tags' 
(0 (1 ((2 3 )(4 (5 ((7 (6 (10 (8 9 ))))(11 (13 (12 ((14 ((15 (16 17 ))(18 (19 20 ))))(21 ((22 (23 (24 25 )))((26 27 )(28 ((((29 (30 31 ))(41 (40 (42 43 ))))(45 (44 (46 47 ))))(32 ((33 34 )(35 (36 (38 (37 39 ))))))))))))))))))))); 
ttag *!; 
ttag +0 ////; 
ttag +1 ////; 
ttag +2 ////; 
ttag +3 ////; 
ttag +4 ////; 
ttag +5 ////; 
ttag +6 ////; 
ttag +7 ////; 
ttag +8 ////; 
ttag +9 ////; 
ttag +10 ////; 
ttag +11 ////; 
ttag +12 ////; 
ttag +13 ////; 
ttag +14 ////; 
ttag +15 ////; 
ttag +16 ////; 
ttag +17 ////; 
ttag +18 ////; 
ttag +19 ////; 
ttag +20 ////; 
ttag +21 ////; 
ttag +22 ////; 
ttag +23 ////; 
ttag +24 ////; 
ttag +25 ////; 
ttag +26 ////; 
ttag +27 ////; 
ttag +28 ////; 
ttag +29 ////; 
ttag +30 ////; 
ttag +31 ////; 
ttag +32 ////; 
ttag +33 ////; 
ttag +34 ////; 
ttag +35 ////; 
ttag +36 ////; 
ttag +37 ////; 
ttag +38 ////; 
ttag +39 ////; 
ttag +40 ////; 
ttag +41 ////; 
ttag +42 ////; 
ttag +43 ////; 
ttag +44 ////; 
ttag +45 ////; 
ttag +46 ////; 
ttag +47 ////; 
ttag +48 ////; 
ttag +49 100/100/100/100/100; 
ttag +50 74/66/62/70/64; 
ttag +51 52/15/13/18/22; 
ttag +52 47/31/25/30/21; 
ttag +53 24/8/4/11/8; 
ttag +54 32/[8]/?/?/?; 
ttag +55 56/43/32/44/32; 
ttag +56 21/6/1/9/3; 
ttag +57 12/[15]/?/?/?; 
ttag +58 98/98/96/98/96; 
ttag +59 25/9/17/13/13; 
ttag +60 9/[11]/?/?/?; 
ttag +61 18/3/7/4/4; 
ttag +62 30/23/18/25/19; 
ttag +63 23/7/18/12/10; 
ttag +64 91/89/80/92/72; 
ttag +65 22/6/5/10/7; 
ttag +66 78/69/51/73/46; 
ttag +67 96/95/86/96/88; 
ttag +68 100/100/100/100/100; 
ttag +69 18/3/6/3/?; 
ttag +70 72/68/56/68/53; 
ttag +71 44/33/35/37/26; 
ttag +72 76/70/64/74/59; 
ttag +73 60/36/38/32/37; 
ttag +74 9/[34]/?/?/?; 
ttag +75 65/58/52/60/48; 
ttag +76 49/38/33/42/30; 
ttag +77 69/56/55/68/49; 
ttag +78 20/[8]/?/?/?; 
ttag +79 19/[9]/?/?/?; 
ttag +80 69/58/48/60/44; 
ttag +81 81/73/65/80/70; 
ttag +82 62/57/41/60/47; 
ttag +83 98/98/96/98/94; 
ttag +84 66/55/29/60/39; 
ttag +85 66/53/44/53/42; 
ttag +86 94/92/84/91/81; 
ttag +87 67/56/46/55/51; 
ttag +88 90/88/77/84/71; 
ttag +89 23/[26]/?/?/?; 
ttag +90 96/96/87/97/92; 
ttag +91 85/80/72/84/76; 
ttag +92 33/[6]/?/6/4; 
ttag +93 64/59/52/60/56; 
ttag +94 73/70/61/67/61; 
