tread
'Tree with tags' 
(0 (1 ((2 3 )((5 (4 (11 ((6 7 )(8 (9 10 ))))))(((12 13 )(14 (21 ((22 (23 (24 25 )))((26 27 )((28 (47 (45 (32 (33 34 )(35 (36 (37 (38 39 )))))(40 41 (42 43 ))(44 46 ))))(29 (30 31 ))))))))(15 (16 17 )))(18 (19 20 )))))); 
ttag *!; 
ttag +49 ???; 
ttag +50 4; 
ttag +51 1; 
ttag +52 1; 
ttag +53 1; 
ttag +54 2; 
ttag +55 1; 
ttag +56 2; 
ttag +57 1; 
ttag +58 6; 
ttag +59 2; 
ttag +60 2; 
ttag +61 1; 
ttag +62 1; 
ttag +63 1; 
ttag +64 7; 
ttag +65 2; 
ttag +66 3; 
ttag +67 12; 
ttag +68 2; 
ttag +69 8; 
ttag +70 4; 
ttag +71 5; 
ttag +72 6; 
ttag +73 3; 
ttag +74 4; 
ttag +75 2; 
ttag +76 3; 
ttag +77 3; 
ttag +78 9; 
ttag +79 6; 
ttag +80 3; 
ttag +81 5; 
ttag +82 2; 
ttag +83 2; 
ttag +84 4; 
ttag +85 3; 
ttag +86 1; 
ttag +87 3; 
ttag +88 7; 
ttag +89 1; 
tread
'Tree with tags' 
(0 (1 ((2 3 )(((5 (4 (11 ((6 7 )(8 (9 10 ))))))(((12 13 )(14 (21 ((22 (23 (24 25 )))((26 27 )((28 (47 ((45 ((32 (33 34 ))(35 (36 (37 (38 39 ))))))(((40 41 )(42 43 ))(44 46 )))))(29 (30 31 ))))))))(15 (16 17 ))))(18 (19 20 )))))); 
ttag *!; 
ttag +0 ////; 
ttag +1 ////; 
ttag +2 ////; 
ttag +3 ////; 
ttag +4 ////; 
ttag +5 ////; 
ttag +6 ////; 
ttag +7 ////; 
ttag +8 ////; 
ttag +9 ////; 
ttag +10 ////; 
ttag +11 ////; 
ttag +12 ////; 
ttag +13 ////; 
ttag +14 ////; 
ttag +15 ////; 
ttag +16 ////; 
ttag +17 ////; 
ttag +18 ////; 
ttag +19 ////; 
ttag +20 ////; 
ttag +21 ////; 
ttag +22 ////; 
ttag +23 ////; 
ttag +24 ////; 
ttag +25 ////; 
ttag +26 ////; 
ttag +27 ////; 
ttag +28 ////; 
ttag +29 ////; 
ttag +30 ////; 
ttag +31 ////; 
ttag +32 ////; 
ttag +33 ////; 
ttag +34 ////; 
ttag +35 ////; 
ttag +36 ////; 
ttag +37 ////; 
ttag +38 ////; 
ttag +39 ////; 
ttag +40 ////; 
ttag +41 ////; 
ttag +42 ////; 
ttag +43 ////; 
ttag +44 ////; 
ttag +45 ////; 
ttag +46 ////; 
ttag +47 ////; 
ttag +48 ////; 
ttag +49 100/100/100/100/100; 
ttag +50 87/82/85/90/86; 
ttag +51 72/60/47/61/61; 
ttag +52 7/[33]/?/?/?; 
ttag +53 24/10/8/8/10; 
ttag +54 6/[10]/?/?/?; 
ttag +55 66/50/53/58/54; 
ttag +56 51/36/28/33/23; 
ttag +57 42/32/16/30/16; 
ttag +58 18/4/2/6/5; 
ttag +59 98/98/98/100/95; 
ttag +60 72/61/52/68/55; 
ttag +61 61/55/52/55/40; 
ttag +62 5/[6]/?/?/?; 
ttag +63 5/[11]/?/?/?; 
ttag +64 6/[5]/?/?/?; 
ttag +65 99/98/96/98/96; 
ttag +66 64/54/50/61/60; 
ttag +67 75/72/71/79/68; 
ttag +68 100/100/100/100/100; 
ttag +69 33/24/20/24/18; 
ttag +70 93/92/86/86/83; 
ttag +71 52/46/30/47/36; 
ttag +72 87/83/76/78/72; 
ttag +73 98/97/92/97/93; 
ttag +74 42/13/12/10/?; 
ttag +75 77/72/61/75/60; 
ttag +76 21/[17]/?/?/?; 
ttag +77 60/54/42/54/40; 
ttag +78 48/30/21/18/16; 
ttag +79 99/99/98/99/98; 
ttag +80 22/[15]/?/?/?; 
ttag +81 99/98/95/100/95; 
ttag +82 27/[1]/3/17/13; 
ttag +83 50/36/29/26/29; 
ttag +84 90/88/71/88/65; 
ttag +85 91/90/83/91/81; 
ttag +86 70/62/54/62/56; 
ttag +87 92/89/80/90/83; 
ttag +88 96/96/91/92/88; 
ttag +89 60/42/42/44/48; 
ttag +90 45/1/0/2/14; 
ttag +91 79/73/76/78/64; 
ttag +92 10/[17]/?/?/?; 
ttag +93 100/100/99/100/99; 
ttag +94 40/32/34/34/35; 
