tread
'Tree with tags' 
(0 (1 ((2 3 )(4 (13 (5 11 12 (6 7 )(8 9 10 )(14 ((15 (16 17 ))(18 (19 20 )))(21 ((26 (22 (23 (24 25 ))))(28 (27 ((29 (30 31 ))(((32 ((33 34 )(35 (36 (37 (38 39 ))))))(40 (41 (42 43 ))))(46 47 (44 45 ))))))))))))))); 
ttag *!; 
ttag +49 ???; 
ttag +50 2; 
ttag +51 2; 
ttag +52 6; 
ttag +53 1; 
ttag +54 3; 
ttag +55 4; 
ttag +56 7; 
ttag +57 1; 
ttag +58 4; 
ttag +59 2; 
ttag +60 3; 
ttag +61 6; 
ttag +62 7; 
ttag +63 2; 
ttag +64 5; 
ttag +65 1; 
ttag +66 5; 
ttag +67 6; 
ttag +68 6; 
ttag +69 2; 
ttag +70 1; 
ttag +71 2; 
ttag +72 1; 
ttag +73 8; 
ttag +74 7; 
ttag +75 1; 
ttag +76 1; 
ttag +77 5; 
ttag +78 2; 
ttag +79 4; 
ttag +80 2; 
ttag +81 6; 
ttag +82 2; 
ttag +83 9; 
ttag +84 4; 
ttag +85 4; 
ttag +86 1; 
ttag +87 1; 
tread
'Tree with tags' 
(0 (1 ((2 3 )(4 (13 (5 (((6 7 )(10 (8 9 )))(11 (12 ((14 ((15 (16 17 ))(18 (19 20 ))))(21 ((26 (22 (23 (24 25 ))))(28 (27 ((29 (30 31 ))(((32 ((33 34 )(35 (36 (37 (38 39 ))))))(40 (41 (42 43 ))))(47 (46 (44 45 ))))))))))))))))))); 
ttag *!; 
ttag +0 ////; 
ttag +1 ////; 
ttag +2 ////; 
ttag +3 ////; 
ttag +4 ////; 
ttag +5 ////; 
ttag +6 ////; 
ttag +7 ////; 
ttag +8 ////; 
ttag +9 ////; 
ttag +10 ////; 
ttag +11 ////; 
ttag +12 ////; 
ttag +13 ////; 
ttag +14 ////; 
ttag +15 ////; 
ttag +16 ////; 
ttag +17 ////; 
ttag +18 ////; 
ttag +19 ////; 
ttag +20 ////; 
ttag +21 ////; 
ttag +22 ////; 
ttag +23 ////; 
ttag +24 ////; 
ttag +25 ////; 
ttag +26 ////; 
ttag +27 ////; 
ttag +28 ////; 
ttag +29 ////; 
ttag +30 ////; 
ttag +31 ////; 
ttag +32 ////; 
ttag +33 ////; 
ttag +34 ////; 
ttag +35 ////; 
ttag +36 ////; 
ttag +37 ////; 
ttag +38 ////; 
ttag +39 ////; 
ttag +40 ////; 
ttag +41 ////; 
ttag +42 ////; 
ttag +43 ////; 
ttag +44 ////; 
ttag +45 ////; 
ttag +46 ////; 
ttag +47 ////; 
ttag +48 ////; 
ttag +49 100/100/100/100/100; 
ttag +50 50/20/12/25/26; 
ttag +51 45/9/?/18/8; 
ttag +52 88/80/66/77/67; 
ttag +53 12/[7]/?/?/?; 
ttag +54 53/48/36/45/34; 
ttag +55 93/92/79/87/76; 
ttag +56 21/13/3/4/1; 
ttag +57 5/[14]/?/?/?; 
ttag +58 44/15/16/15/13; 
ttag +59 100/100/98/100/98; 
ttag +60 1/[18]/?/?/?; 
ttag +61 11/[8]/?/?/?; 
ttag +62 8/[11]/?/?/?; 
ttag +63 16/[2]/?/?/?; 
ttag +64 90/89/70/89/80; 
ttag +65 54/38/22/37/20; 
ttag +66 80/72/62/76/61; 
ttag +67 99/99/98/99/98; 
ttag +68 100/100/100/98/100; 
ttag +69 46/30/16/28/15; 
ttag +70 90/86/70/88/74; 
ttag +71 42/32/28/32/24; 
ttag +72 82/78/64/75/69; 
ttag +73 96/93/82/92/84; 
ttag +74 96/94/90/98/92; 
ttag +75 37/25/19/25/19; 
ttag +76 40/31/25/36/30; 
ttag +77 47/34/32/38/36; 
ttag +78 21/8/5/9/4; 
ttag +79 100/100/98/99/99; 
ttag +80 95/94/92/96/88; 
ttag +81 18/2/6/4/7; 
ttag +82 21/8/9/13/3; 
ttag +83 93/88/88/93/87; 
ttag +84 71/54/40/52/43; 
ttag +85 92/90/84/94/88; 
ttag +86 74/65/59/76/64; 
ttag +87 98/97/94/98/93; 
ttag +88 76/70/68/72/69; 
ttag +89 99/99/97/100/98; 
ttag +90 90/88/82/96/84; 
ttag +91 97/96/96/95/94; 
ttag +92 68/59/57/62/52; 
ttag +93 27/[4]/4/?/4; 
ttag +94 31/14/13/12/15; 
