tread
'Tree with tags' 
(0 (1 ((2 3 )(4 5 6 7 11 (8 (9 10 ))(14 (12 13 )((15 16 17 )(18 (19 20 )))(21 (22 (23 (24 25 ))(26 (27 (28 (((29 (30 31 ))((40 (41 (42 43 )))(44 (47 (45 46 )))))((32 (33 34 ))(35 (36 (38 (37 39 )))))))))))))))); 
ttag *!; 
ttag +49 ???; 
ttag +50 3; 
ttag +51 6; 
ttag +52 4; 
ttag +53 9; 
ttag +54 2; 
ttag +55 2; 
ttag +56 1; 
ttag +57 1; 
ttag +58 1; 
ttag +59 1; 
ttag +60 8; 
ttag +61 2; 
ttag +62 5; 
ttag +63 11; 
ttag +64 2; 
ttag +65 2; 
ttag +66 2; 
ttag +67 1; 
ttag +68 4; 
ttag +69 1; 
ttag +70 4; 
ttag +71 3; 
ttag +72 1; 
ttag +73 9; 
ttag +74 7; 
ttag +75 3; 
ttag +76 3; 
ttag +77 1; 
ttag +78 2; 
ttag +79 5; 
ttag +80 5; 
ttag +81 4; 
ttag +82 3; 
ttag +83 1; 
ttag +84 1; 
ttag +85 1; 
tread
'Tree with tags' 
(0 (1 ((2 3 )(11 (((4 (5 (6 7 )))(8 (9 10 )))((12 13 )((14 (21 ((22 (23 (24 25 )))(26 (27 (28 (((29 (30 31 ))((40 (41 (42 43 )))(44 (47 (45 46 )))))((32 (33 34 ))(35 (36 (38 (37 39 ))))))))))))((15 (16 17 ))(18 (19 20 )))))))))); 
ttag *!; 
ttag +0 ////; 
ttag +1 ////; 
ttag +2 ////; 
ttag +3 ////; 
ttag +4 ////; 
ttag +5 ////; 
ttag +6 ////; 
ttag +7 ////; 
ttag +8 ////; 
ttag +9 ////; 
ttag +10 ////; 
ttag +11 ////; 
ttag +12 ////; 
ttag +13 ////; 
ttag +14 ////; 
ttag +15 ////; 
ttag +16 ////; 
ttag +17 ////; 
ttag +18 ////; 
ttag +19 ////; 
ttag +20 ////; 
ttag +21 ////; 
ttag +22 ////; 
ttag +23 ////; 
ttag +24 ////; 
ttag +25 ////; 
ttag +26 ////; 
ttag +27 ////; 
ttag +28 ////; 
ttag +29 ////; 
ttag +30 ////; 
ttag +31 ////; 
ttag +32 ////; 
ttag +33 ////; 
ttag +34 ////; 
ttag +35 ////; 
ttag +36 ////; 
ttag +37 ////; 
ttag +38 ////; 
ttag +39 ////; 
ttag +40 ////; 
ttag +41 ////; 
ttag +42 ////; 
ttag +43 ////; 
ttag +44 ////; 
ttag +45 ////; 
ttag +46 ////; 
ttag +47 ////; 
ttag +48 ////; 
ttag +49 100/100/100/100/100; 
ttag +50 88/82/80/86/73; 
ttag +51 98/98/90/97/95; 
ttag +52 17/[17]/?/?/?; 
ttag +53 20/[14]/?/?/?; 
ttag +54 33/2/3/11/8; 
ttag +55 85/79/69/88/76; 
ttag +56 19/0/?/1/?; 
ttag +57 34/21/30/26/24; 
ttag +58 100/100/100/99/98; 
ttag +59 87/83/76/87/78; 
ttag +60 74/70/63/72/56; 
ttag +61 52/43/37/52/34; 
ttag +62 34/23/16/31/11; 
ttag +63 45/33/30/30/28; 
ttag +64 69/51/40/59/44; 
ttag +65 44/34/31/41/17; 
ttag +66 58/41/30/50/35; 
ttag +67 88/84/76/80/78; 
ttag +68 100/100/99/99/100; 
ttag +69 74/68/65/84/54; 
ttag +70 29/11/4/?/4; 
ttag +71 80/77/65/86/60; 
ttag +72 100/100/98/100/100; 
ttag +73 71/54/52/75/62; 
ttag +74 60/52/34/50/41; 
ttag +75 54/47/38/53/40; 
ttag +76 42/17/11/28/16; 
ttag +77 74/70/60/72/64; 
ttag +78 19/0/?/4/1; 
ttag +79 66/58/55/60/49; 
ttag +80 77/72/57/78/70; 
ttag +81 34/[2]/?/?/?; 
ttag +82 96/95/91/98/88; 
ttag +83 97/96/97/96/96; 
ttag +84 68/62/54/64/48; 
ttag +85 60/48/38/51/33; 
ttag +86 60/46/39/46/41; 
ttag +87 61/44/36/49/34; 
ttag +88 96/96/90/94/90; 
ttag +89 64/58/49/69/51; 
ttag +90 88/84/74/85/76; 
ttag +91 78/67/68/78/65; 
ttag +92 26/[2]/10/8/8; 
ttag +93 7/[22]/?/?/?; 
ttag +94 7/[22]/?/?/?; 
