tread
'Tree with tags' 
(0 (1 ((2 3 )(4 (5 ((6 7 (8 (9 10 )))(11 (12 13 ((14 ((15 (16 17 ))(18 (19 20 ))))(21 (22 (23 (24 25 )))(26 (27 (28 ((29 (30 31 ))(((32 (33 34 ))(35 (36 (37 (38 39 )))))(44 (45 (46 (47 (40 (41 (42 43 )))))))))))))))))))))); 
ttag *!; 
ttag +49 ???; 
ttag +50 7; 
ttag +51 3; 
ttag +52 5; 
ttag +53 2; 
ttag +54 5; 
ttag +55 3; 
ttag +56 7; 
ttag +57 4; 
ttag +58 4; 
ttag +59 1; 
ttag +60 3; 
ttag +61 3; 
ttag +62 5; 
ttag +63 3; 
ttag +64 3; 
ttag +65 3; 
ttag +66 11; 
ttag +67 2; 
ttag +68 3; 
ttag +69 5; 
ttag +70 4; 
ttag +71 3; 
ttag +72 3; 
ttag +73 1; 
ttag +74 2; 
ttag +75 1; 
ttag +76 8; 
ttag +77 1; 
ttag +78 8; 
ttag +79 3; 
ttag +80 6; 
ttag +81 2; 
ttag +82 3; 
ttag +83 10; 
ttag +84 1; 
ttag +85 8; 
ttag +86 2; 
ttag +87 1; 
ttag +88 1; 
ttag +89 4; 
ttag +90 6; 
ttag +91 8; 
tread
'Tree with tags' 
(0 (1 ((2 3 )(4 (5 ((7 (6 (8 (9 10 ))))(11 (12 (13 ((14 ((15 (16 17 ))(18 (19 20 ))))(21 ((22 (23 (24 25 )))(26 (27 (28 ((29 (30 31 ))(((32 (33 34 ))(35 (36 (37 (38 39 )))))(44 (45 (46 (47 (40 (41 (42 43 )))))))))))))))))))))))); 
ttag *!; 
ttag +0 ////; 
ttag +1 ////; 
ttag +2 ////; 
ttag +3 ////; 
ttag +4 ////; 
ttag +5 ////; 
ttag +6 ////; 
ttag +7 ////; 
ttag +8 ////; 
ttag +9 ////; 
ttag +10 ////; 
ttag +11 ////; 
ttag +12 ////; 
ttag +13 ////; 
ttag +14 ////; 
ttag +15 ////; 
ttag +16 ////; 
ttag +17 ////; 
ttag +18 ////; 
ttag +19 ////; 
ttag +20 ////; 
ttag +21 ////; 
ttag +22 ////; 
ttag +23 ////; 
ttag +24 ////; 
ttag +25 ////; 
ttag +26 ////; 
ttag +27 ////; 
ttag +28 ////; 
ttag +29 ////; 
ttag +30 ////; 
ttag +31 ////; 
ttag +32 ////; 
ttag +33 ////; 
ttag +34 ////; 
ttag +35 ////; 
ttag +36 ////; 
ttag +37 ////; 
ttag +38 ////; 
ttag +39 ////; 
ttag +40 ////; 
ttag +41 ////; 
ttag +42 ////; 
ttag +43 ////; 
ttag +44 ////; 
ttag +45 ////; 
ttag +46 ////; 
ttag +47 ////; 
ttag +48 ////; 
ttag +49 100/100/100/100/100; 
ttag +50 99/98/98/98/96; 
ttag +51 78/75/68/85/73; 
ttag +52 92/91/83/95/89; 
ttag +53 52/34/17/41/27; 
ttag +54 22/[14]/?/?/?; 
ttag +55 85/83/68/88/74; 
ttag +56 58/50/41/56/44; 
ttag +57 96/95/90/94/90; 
ttag +58 96/95/90/96/91; 
ttag +59 63/58/37/66/45; 
ttag +60 43/34/19/43/15; 
ttag +61 17/[20]/?/?/?; 
ttag +62 42/33/19/40/19; 
ttag +63 72/69/52/76/54; 
ttag +64 93/92/86/93/85; 
ttag +65 49/40/23/40/26; 
ttag +66 90/90/77/83/70; 
ttag +67 83/79/79/86/82; 
ttag +68 100/100/100/100/100; 
ttag +69 52/45/25/46/26; 
ttag +70 84/75/66/72/62; 
ttag +71 53/43/40/44/43; 
ttag +72 94/92/89/90/82; 
ttag +73 94/92/89/96/94; 
ttag +74 88/86/72/81/66; 
ttag +75 73/69/46/64/50; 
ttag +76 22/[10]/?/?/?; 
ttag +77 67/57/54/55/54; 
ttag +78 25/[8]/1/?/?; 
ttag +79 99/99/100/99/98; 
ttag +80 20/[11]/?/?/?; 
ttag +81 99/99/97/99/95; 
ttag +82 72/68/61/73/59; 
ttag +83 91/88/71/91/74; 
ttag +84 67/62/46/62/50; 
ttag +85 84/79/62/75/73; 
ttag +86 99/99/98/100/98; 
ttag +87 29/11/9/15/10; 
ttag +88 94/92/86/93/88; 
ttag +89 40/21/14/33/12; 
ttag +90 9/[16]/?/?/?; 
ttag +91 8/[11]/?/?/?; 
ttag +92 84/81/70/82/72; 
ttag +93 97/96/91/96/92; 
ttag +94 99/99/98/100/98; 
