tread
'Tree with tags' 
(0 ((1 (2 3 ))(4 (5 ((6 7 (8 (9 10 )))(11 (12 13 (14 (21 ((15 (16 17 ))(18 (19 20 )))((22 (23 (24 25 )))(26 27 (28 ((29 (30 31 ))((32 35 (33 34 )(36 (37 (38 39 ))))(40 (41 (42 43 )))(46 47 (44 45 )))))))))))))))); 
ttag *!; 
ttag +49 1; 
ttag +50 ???; 
ttag +51 2; 
ttag +52 2; 
ttag +53 3; 
ttag +54 3; 
ttag +55 1; 
ttag +56 9; 
ttag +57 3; 
ttag +58 2; 
ttag +59 1; 
ttag +60 1; 
ttag +61 5; 
ttag +62 5; 
ttag +63 1; 
ttag +64 4; 
ttag +65 2; 
ttag +66 8; 
ttag +67 2; 
ttag +68 2; 
ttag +69 11; 
ttag +70 4; 
ttag +71 3; 
ttag +72 2; 
ttag +73 1; 
ttag +74 1; 
ttag +75 6; 
ttag +76 4; 
ttag +77 1; 
ttag +78 2; 
ttag +79 3; 
ttag +80 2; 
ttag +81 2; 
ttag +82 6; 
ttag +83 2; 
ttag +84 11; 
ttag +85 2; 
ttag +86 6; 
tread
'Tree with tags' 
(0 ((1 (2 3 ))(4 (5 ((7 (6 (8 (9 10 ))))(11 (12 (13 (14 (21 (((15 (16 17 ))(18 (19 20 )))((22 (23 (24 25 )))((26 27 )(28 ((29 (30 31 ))(((32 ((33 34 )(35 (36 (37 (38 39 ))))))((44 45 )(46 47 )))(40 (41 (42 43 ))))))))))))))))))); 
ttag *!; 
ttag +0 ////; 
ttag +1 ////; 
ttag +2 ////; 
ttag +3 ////; 
ttag +4 ////; 
ttag +5 ////; 
ttag +6 ////; 
ttag +7 ////; 
ttag +8 ////; 
ttag +9 ////; 
ttag +10 ////; 
ttag +11 ////; 
ttag +12 ////; 
ttag +13 ////; 
ttag +14 ////; 
ttag +15 ////; 
ttag +16 ////; 
ttag +17 ////; 
ttag +18 ////; 
ttag +19 ////; 
ttag +20 ////; 
ttag +21 ////; 
ttag +22 ////; 
ttag +23 ////; 
ttag +24 ////; 
ttag +25 ////; 
ttag +26 ////; 
ttag +27 ////; 
ttag +28 ////; 
ttag +29 ////; 
ttag +30 ////; 
ttag +31 ////; 
ttag +32 ////; 
ttag +33 ////; 
ttag +34 ////; 
ttag +35 ////; 
ttag +36 ////; 
ttag +37 ////; 
ttag +38 ////; 
ttag +39 ////; 
ttag +40 ////; 
ttag +41 ////; 
ttag +42 ////; 
ttag +43 ////; 
ttag +44 ////; 
ttag +45 ////; 
ttag +46 ////; 
ttag +47 ////; 
ttag +48 ////; 
ttag +49 26/[15]/?/?/?; 
ttag +50 100/100/100/100/100; 
ttag +51 77/62/57/64/66; 
ttag +52 71/56/48/57/48; 
ttag +53 68/60/58/59/49; 
ttag +54 22/[27]/?/?/?; 
ttag +55 50/40/26/40/24; 
ttag +56 50/44/40/44/35; 
ttag +57 99/98/97/99/96; 
ttag +58 84/76/62/75/70; 
ttag +59 46/39/24/40/28; 
ttag +60 32/26/16/28/16; 
ttag +61 1/[4]/?/?/?; 
ttag +62 21/14/3/4/0; 
ttag +63 94/93/86/92/84; 
ttag +64 85/83/62/82/58; 
ttag +65 24/15/8/18/10; 
ttag +66 20/8/?/1/?; 
ttag +67 96/94/90/94/90; 
ttag +68 63/43/39/49/40; 
ttag +69 100/100/100/100/99; 
ttag +70 56/32/24/45/18; 
ttag +71 68/62/51/62/50; 
ttag +72 99/99/98/99/97; 
ttag +73 84/72/69/74/60; 
ttag +74 16/[24]/?/?/6; 
ttag +75 61/41/34/53/24; 
ttag +76 54/36/16/33/12; 
ttag +77 57/47/42/45/29; 
ttag +78 50/42/30/42/23; 
ttag +79 100/100/98/100/98; 
ttag +80 80/76/77/80/73; 
ttag +81 25/1/12/?/4; 
ttag +82 49/38/35/52/25; 
ttag +83 89/87/75/83/75; 
ttag +84 48/30/22/24/21; 
ttag +85 44/31/26/26/24; 
ttag +86 92/92/86/91/86; 
ttag +87 83/76/72/72/65; 
ttag +88 81/70/67/76/71; 
ttag +89 89/87/88/92/82; 
ttag +90 82/80/62/72/59; 
ttag +91 100/100/100/100/100; 
ttag +92 74/68/60/64/46; 
ttag +93 96/94/94/96/88; 
ttag +94 24/1/0/3/13; 
