tread
'Tree with tags' 
(0 (1 ((2 3 )(4 (5 ((6 (7 (8 9 10 )))(((21 (11 12 ))(13 (22 (23 (24 25 )))))((14 (26 (27 (28 ((29 (30 31 ))((32 (35 (36 (38 (37 39 )))))(33 34 )))((40 (41 (42 43 )))(44 45 46 47 ))))))((15 (16 17 ))(18 (19 20 ))))))))))); 
ttag *!; 
ttag +49 ???; 
ttag +50 8; 
ttag +51 6; 
ttag +52 5; 
ttag +53 3; 
ttag +54 3; 
ttag +55 2; 
ttag +56 1; 
ttag +57 12; 
ttag +58 1; 
ttag +59 1; 
ttag +60 1; 
ttag +61 3; 
ttag +62 2; 
ttag +63 2; 
ttag +64 2; 
ttag +65 6; 
ttag +66 4; 
ttag +67 5; 
ttag +68 4; 
ttag +69 17; 
ttag +70 2; 
ttag +71 5; 
ttag +72 5; 
ttag +73 4; 
ttag +74 1; 
ttag +75 4; 
ttag +76 2; 
ttag +77 1; 
ttag +78 2; 
ttag +79 1; 
ttag +80 2; 
ttag +81 5; 
ttag +82 2; 
ttag +83 1; 
ttag +84 1; 
ttag +85 4; 
ttag +86 4; 
ttag +87 2; 
ttag +88 2; 
ttag +89 8; 
ttag +90 2; 
tread
'Tree with tags' 
(0 (1 ((2 3 )(4 (5 ((6 (7 (9 (8 10 ))))(((21 (11 12 ))(13 (22 (23 (24 25 )))))((14 (26 (27 (28 (((29 (30 31 ))((32 (35 (36 (38 (37 39 )))))(33 34 )))((40 (41 (42 43 )))(46 (44 (45 47 )))))))))((15 (16 17 ))(18 (19 20 ))))))))))); 
ttag *!; 
ttag +0 ////; 
ttag +1 ////; 
ttag +2 ////; 
ttag +3 ////; 
ttag +4 ////; 
ttag +5 ////; 
ttag +6 ////; 
ttag +7 ////; 
ttag +8 ////; 
ttag +9 ////; 
ttag +10 ////; 
ttag +11 ////; 
ttag +12 ////; 
ttag +13 ////; 
ttag +14 ////; 
ttag +15 ////; 
ttag +16 ////; 
ttag +17 ////; 
ttag +18 ////; 
ttag +19 ////; 
ttag +20 ////; 
ttag +21 ////; 
ttag +22 ////; 
ttag +23 ////; 
ttag +24 ////; 
ttag +25 ////; 
ttag +26 ////; 
ttag +27 ////; 
ttag +28 ////; 
ttag +29 ////; 
ttag +30 ////; 
ttag +31 ////; 
ttag +32 ////; 
ttag +33 ////; 
ttag +34 ////; 
ttag +35 ////; 
ttag +36 ////; 
ttag +37 ////; 
ttag +38 ////; 
ttag +39 ////; 
ttag +40 ////; 
ttag +41 ////; 
ttag +42 ////; 
ttag +43 ////; 
ttag +44 ////; 
ttag +45 ////; 
ttag +46 ////; 
ttag +47 ////; 
ttag +48 ////; 
ttag +49 100/100/100/100/100; 
ttag +50 100/100/98/99/98; 
ttag +51 92/89/83/94/88; 
ttag +52 70/63/59/75/65; 
ttag +53 50/40/26/49/26; 
ttag +54 54/44/34/37/41; 
ttag +55 48/38/32/50/42; 
ttag +56 19/[29]/?/?/?; 
ttag +57 23/[10]/?/?/?; 
ttag +58 100/100/100/100/100; 
ttag +59 35/22/24/25/20; 
ttag +60 7/[15]/?/?/?; 
ttag +61 2/[22]/?/?/?; 
ttag +62 22/11/5/19/13; 
ttag +63 15/[9]/?/?/?; 
ttag +64 16/[10]/?/?/?; 
ttag +65 9/[15]/?/?/?; 
ttag +66 90/87/76/86/78; 
ttag +67 61/55/39/65/41; 
ttag +68 82/77/65/84/64; 
ttag +69 77/67/64/74/66; 
ttag +70 100/100/100/100/100; 
ttag +71 71/66/53/66/52; 
ttag +72 88/84/82/90/89; 
ttag +73 90/88/84/95/80; 
ttag +74 69/64/44/66/47; 
ttag +75 28/[6]/?/?/?; 
ttag +76 71/65/56/73/52; 
ttag +77 77/65/58/76/64; 
ttag +78 32/7/8/19/1; 
ttag +79 34/12/10/10/16; 
ttag +80 81/77/64/76/63; 
ttag +81 51/20/10/21/11; 
ttag +82 93/92/90/92/84; 
ttag +83 95/94/91/94/91; 
ttag +84 71/62/48/69/58; 
ttag +85 53/42/39/36/31; 
ttag +86 58/44/36/39/35; 
ttag +87 69/64/60/67/58; 
ttag +88 73/66/50/71/55; 
ttag +89 56/49/34/50/38; 
ttag +90 68/49/29/49/36; 
ttag +91 100/100/99/100/98; 
ttag +92 37/21/20/21/15; 
ttag +93 84/81/76/76/78; 
ttag +94 4/[22]/?/?/?; 
