tread
'Tree with tags' 
(0 (1 ((2 3 )((4 5 11 12 13 (6 7 )((14 ((15 (16 17 ))(18 (19 20 ))))(21 (22 (23 (24 25 ))(26 27 (28 (((29 (30 31 ))(40 (41 (42 43 ))))((((32 (33 34 ))(35 (36 (37 (38 39 )))))(44 45 ))(46 47 )))))))))(8 9 10 ))))); 
ttag *!; 
ttag +49 ???; 
ttag +50 2; 
ttag +51 6; 
ttag +52 2; 
ttag +53 8; 
ttag +54 1; 
ttag +55 7; 
ttag +56 1; 
ttag +57 1; 
ttag +58 3; 
ttag +59 1; 
ttag +60 1; 
ttag +61 8; 
ttag +62 13; 
ttag +63 3; 
ttag +64 2; 
ttag +65 3; 
ttag +66 6; 
ttag +67 6; 
ttag +68 2; 
ttag +69 2; 
ttag +70 1; 
ttag +71 2; 
ttag +72 8; 
ttag +73 1; 
ttag +74 7; 
ttag +75 1; 
ttag +76 1; 
ttag +77 5; 
ttag +78 2; 
ttag +79 1; 
ttag +80 1; 
ttag +81 2; 
ttag +82 4; 
ttag +83 2; 
ttag +84 7; 
ttag +85 1; 
ttag +86 1; 
tread
'Tree with tags' 
(0 (1 ((2 3 )((13 (12 (((11 (4 5 ))(6 7 ))((14 ((15 (16 17 ))(18 (19 20 ))))(21 (22 ((23 (24 25 ))((26 27 )(28 (((29 (30 31 ))(40 (41 (42 43 ))))((((32 (33 34 ))(35 (36 (37 (38 39 )))))(44 45 ))(46 47 ))))))))))))(9 (8 10 )))))); 
ttag *!; 
ttag +0 ////; 
ttag +1 ////; 
ttag +2 ////; 
ttag +3 ////; 
ttag +4 ////; 
ttag +5 ////; 
ttag +6 ////; 
ttag +7 ////; 
ttag +8 ////; 
ttag +9 ////; 
ttag +10 ////; 
ttag +11 ////; 
ttag +12 ////; 
ttag +13 ////; 
ttag +14 ////; 
ttag +15 ////; 
ttag +16 ////; 
ttag +17 ////; 
ttag +18 ////; 
ttag +19 ////; 
ttag +20 ////; 
ttag +21 ////; 
ttag +22 ////; 
ttag +23 ////; 
ttag +24 ////; 
ttag +25 ////; 
ttag +26 ////; 
ttag +27 ////; 
ttag +28 ////; 
ttag +29 ////; 
ttag +30 ////; 
ttag +31 ////; 
ttag +32 ////; 
ttag +33 ////; 
ttag +34 ////; 
ttag +35 ////; 
ttag +36 ////; 
ttag +37 ////; 
ttag +38 ////; 
ttag +39 ////; 
ttag +40 ////; 
ttag +41 ////; 
ttag +42 ////; 
ttag +43 ////; 
ttag +44 ////; 
ttag +45 ////; 
ttag +46 ////; 
ttag +47 ////; 
ttag +48 ////; 
ttag +49 100/100/100/100/100; 
ttag +50 80/76/72/78/68; 
ttag +51 94/90/81/92/84; 
ttag +52 16/0/4/?/5; 
ttag +53 9/[4]/?/?/?; 
ttag +54 8/[12]/?/?/?; 
ttag +55 18/[2]/?/?/?; 
ttag +56 7/[42]/?/?/?; 
ttag +57 50/38/26/42/33; 
ttag +58 99/99/96/99/93; 
ttag +59 68/56/61/59/52; 
ttag +60 6/[56]/?/?/?; 
ttag +61 99/99/99/99/98; 
ttag +62 36/27/16/32/29; 
ttag +63 14/2/3/9/3; 
ttag +64 64/54/44/60/55; 
ttag +65 38/21/32/34/33; 
ttag +66 58/34/23/40/34; 
ttag +67 94/92/85/96/88; 
ttag +68 100/100/100/100/100; 
ttag +69 36/27/12/35/26; 
ttag +70 66/56/44/62/49; 
ttag +71 80/75/69/76/68; 
ttag +72 12/[29]/?/?/?; 
ttag +73 98/98/98/98/97; 
ttag +74 40/26/26/33/39; 
ttag +75 78/74/64/76/62; 
ttag +76 26/7/?/2/?; 
ttag +77 51/34/43/51/34; 
ttag +78 32/23/5/20/2; 
ttag +79 63/56/37/50/30; 
ttag +80 98/98/98/99/97; 
ttag +81 39/26/8/30/7; 
ttag +82 87/84/71/88/70; 
ttag +83 28/14/4/16/2; 
ttag +84 43/32/12/32/16; 
ttag +85 87/84/76/86/71; 
ttag +86 64/58/35/64/38; 
ttag +87 61/50/48/54/41; 
ttag +88 64/43/33/45/32; 
ttag +89 81/76/62/73/68; 
ttag +90 64/55/39/50/33; 
ttag +91 55/42/29/33/13; 
ttag +92 99/99/98/98/98; 
ttag +93 34/26/7/17/4; 
ttag +94 40/21/24/30/20; 
