tread
'Tree with tags' 
(0 (1 (2 3 )(4 (5 6 7 (8 (9 10 ))(11 ((12 13 )(14 21 ((17 (15 16 ))(18 (19 20 ))((22 (23 (24 25 )))(26 ((27 (28 (29 (30 31 ))))(((32 35 (36 (37 (38 39 ))))(33 34 ))((41 (40 (42 43 )))(47 (44 (45 46 )))))))))))))))); 
ttag *!; 
ttag +49 ???; 
ttag +50 4; 
ttag +51 5; 
ttag +52 3; 
ttag +53 11; 
ttag +54 1; 
ttag +55 4; 
ttag +56 1; 
ttag +57 1; 
ttag +58 2; 
ttag +59 1; 
ttag +60 5; 
ttag +61 1; 
ttag +62 3; 
ttag +63 9; 
ttag +64 2; 
ttag +65 1; 
ttag +66 2; 
ttag +67 5; 
ttag +68 1; 
ttag +69 2; 
ttag +70 1; 
ttag +71 2; 
ttag +72 6; 
ttag +73 5; 
ttag +74 5; 
ttag +75 7; 
ttag +76 6; 
ttag +77 6; 
ttag +78 2; 
ttag +79 5; 
ttag +80 1; 
ttag +81 2; 
ttag +82 7; 
ttag +83 5; 
ttag +84 9; 
ttag +85 3; 
ttag +86 2; 
ttag +87 1; 
tread
'Tree with tags' 
(0 ((1 (4 (5 (6 ((7 (8 (9 10 )))(11 ((12 13 )(14 (21 (((17 (15 16 ))(18 (19 20 )))((22 (23 (24 25 )))(26 ((27 (28 (29 (30 31 ))))(((32 (35 (36 (37 (38 39 )))))(33 34 ))((41 (40 (42 43 )))(47 (44 (45 46 ))))))))))))))))))(2 3 ))); 
ttag *!; 
ttag +0 ////; 
ttag +1 ////; 
ttag +2 ////; 
ttag +3 ////; 
ttag +4 ////; 
ttag +5 ////; 
ttag +6 ////; 
ttag +7 ////; 
ttag +8 ////; 
ttag +9 ////; 
ttag +10 ////; 
ttag +11 ////; 
ttag +12 ////; 
ttag +13 ////; 
ttag +14 ////; 
ttag +15 ////; 
ttag +16 ////; 
ttag +17 ////; 
ttag +18 ////; 
ttag +19 ////; 
ttag +20 ////; 
ttag +21 ////; 
ttag +22 ////; 
ttag +23 ////; 
ttag +24 ////; 
ttag +25 ////; 
ttag +26 ////; 
ttag +27 ////; 
ttag +28 ////; 
ttag +29 ////; 
ttag +30 ////; 
ttag +31 ////; 
ttag +32 ////; 
ttag +33 ////; 
ttag +34 ////; 
ttag +35 ////; 
ttag +36 ////; 
ttag +37 ////; 
ttag +38 ////; 
ttag +39 ////; 
ttag +40 ////; 
ttag +41 ////; 
ttag +42 ////; 
ttag +43 ////; 
ttag +44 ////; 
ttag +45 ////; 
ttag +46 ////; 
ttag +47 ////; 
ttag +48 ////; 
ttag +49 46/5/?/1/?; 
ttag +50 100/100/100/100/100; 
ttag +51 87/84/80/83/75; 
ttag +52 91/90/79/91/80; 
ttag +53 81/76/65/76/70; 
ttag +54 33/11/10/19/11; 
ttag +55 7/[18]/?/?/?; 
ttag +56 18/[6]/?/5/?; 
ttag +57 100/100/99/100/99; 
ttag +58 58/48/45/52/43; 
ttag +59 76/71/58/81/63; 
ttag +60 31/12/16/22/17; 
ttag +61 55/43/24/46/30; 
ttag +62 69/62/44/56/47; 
ttag +63 37/7/?/7/6; 
ttag +64 96/95/90/96/88; 
ttag +65 61/53/44/53/48; 
ttag +66 44/39/23/34/32; 
ttag +67 6/[24]/?/?/?; 
ttag +68 87/84/73/86/75; 
ttag +69 100/100/100/100/99; 
ttag +70 80/70/56/65/58; 
ttag +71 37/24/24/32/25; 
ttag +72 70/53/58/61/54; 
ttag +73 97/96/91/95/90; 
ttag +74 44/37/32/38/25; 
ttag +75 30/13/2/9/2; 
ttag +76 32/18/11/20/14; 
ttag +77 36/19/4/13/2; 
ttag +78 94/93/88/96/88; 
ttag +79 98/98/98/99/97; 
ttag +80 76/68/56/71/57; 
ttag +81 88/87/67/89/76; 
ttag +82 70/65/44/66/48; 
ttag +83 97/96/90/97/92; 
ttag +84 37/5/?/0/?; 
ttag +85 61/53/45/57/47; 
ttag +86 86/84/78/92/81; 
ttag +87 44/32/34/46/26; 
ttag +88 54/28/22/35/14; 
ttag +89 92/92/85/92/84; 
ttag +90 92/89/72/86/69; 
ttag +91 98/98/97/99/94; 
ttag +92 58/51/36/51/35; 
ttag +93 45/31/25/24/20; 
ttag +94 49/36/27/43/28; 
