tread
'Tree with tags' 
(0 (1 2 3 (((4 5 )(11 ((12 13 )((21 (14 ((15 (16 17 ))(18 (19 20 )))))((22 (23 (24 25 )))(26 (27 (28 ((29 (30 31 ))((32 ((33 34 )(35 (36 (37 38 39 )))))(((40 41 )(42 43 ))(45 (44 46 47 )))))))))))))(6 7 )(8 (9 10 ))))); 
ttag *!; 
ttag +49 ???; 
ttag +50 1; 
ttag +51 1; 
ttag +52 7; 
ttag +53 2; 
ttag +54 4; 
ttag +55 5; 
ttag +56 2; 
ttag +57 1; 
ttag +58 3; 
ttag +59 1; 
ttag +60 2; 
ttag +61 2; 
ttag +62 7; 
ttag +63 2; 
ttag +64 2; 
ttag +65 1; 
ttag +66 13; 
ttag +67 2; 
ttag +68 2; 
ttag +69 7; 
ttag +70 3; 
ttag +71 6; 
ttag +72 2; 
ttag +73 3; 
ttag +74 2; 
ttag +75 1; 
ttag +76 5; 
ttag +77 4; 
ttag +78 1; 
ttag +79 2; 
ttag +80 1; 
ttag +81 5; 
ttag +82 6; 
ttag +83 6; 
ttag +84 2; 
ttag +85 6; 
ttag +86 1; 
ttag +87 10; 
ttag +88 1; 
ttag +89 3; 
tread
'Tree with tags' 
(0 (1 (3 (2 ((((4 5 )(11 ((12 13 )((21 (14 ((15 (16 17 ))(18 (19 20 )))))((22 (23 (24 25 )))(26 (27 (28 ((29 (30 31 ))((32 ((33 34 )(35 (36 (39 (37 38 ))))))(((40 41 )(42 43 ))(45 (46 (44 47 ))))))))))))))(6 7 ))(8 (9 10 ))))))); 
ttag *!; 
ttag +0 ////; 
ttag +1 ////; 
ttag +2 ////; 
ttag +3 ////; 
ttag +4 ////; 
ttag +5 ////; 
ttag +6 ////; 
ttag +7 ////; 
ttag +8 ////; 
ttag +9 ////; 
ttag +10 ////; 
ttag +11 ////; 
ttag +12 ////; 
ttag +13 ////; 
ttag +14 ////; 
ttag +15 ////; 
ttag +16 ////; 
ttag +17 ////; 
ttag +18 ////; 
ttag +19 ////; 
ttag +20 ////; 
ttag +21 ////; 
ttag +22 ////; 
ttag +23 ////; 
ttag +24 ////; 
ttag +25 ////; 
ttag +26 ////; 
ttag +27 ////; 
ttag +28 ////; 
ttag +29 ////; 
ttag +30 ////; 
ttag +31 ////; 
ttag +32 ////; 
ttag +33 ////; 
ttag +34 ////; 
ttag +35 ////; 
ttag +36 ////; 
ttag +37 ////; 
ttag +38 ////; 
ttag +39 ////; 
ttag +40 ////; 
ttag +41 ////; 
ttag +42 ////; 
ttag +43 ////; 
ttag +44 ////; 
ttag +45 ////; 
ttag +46 ////; 
ttag +47 ////; 
ttag +48 ////; 
ttag +49 100/100/100/100/100; 
ttag +50 32/[7]/?/6/?; 
ttag +51 54/36/36/46/31; 
ttag +52 39/29/14/33/17; 
ttag +53 28/17/2/19/10; 
ttag +54 24/[32]/?/?/?; 
ttag +55 95/94/87/96/86; 
ttag +56 65/52/43/59/48; 
ttag +57 98/98/95/96/98; 
ttag +58 98/96/97/96/97; 
ttag +59 53/42/35/48/34; 
ttag +60 18/4/4/4/4; 
ttag +61 62/53/32/55/36; 
ttag +62 37/30/19/32/22; 
ttag +63 15/3/?/2/1; 
ttag +64 10/[4]/?/?/?; 
ttag +65 99/99/96/98/95; 
ttag +66 63/51/41/54/33; 
ttag +67 76/62/51/62/60; 
ttag +68 32/[16]/?/?/?; 
ttag +69 100/100/100/100/99; 
ttag +70 78/72/70/77/71; 
ttag +71 46/32/24/35/29; 
ttag +72 98/96/92/97/93; 
ttag +73 88/86/78/88/84; 
ttag +74 86/84/68/93/71; 
ttag +75 54/30/31/38/9; 
ttag +76 60/42/47/56/35; 
ttag +77 75/70/61/68/55; 
ttag +78 65/58/42/61/34; 
ttag +79 95/94/90/96/87; 
ttag +80 85/82/68/84/69; 
ttag +81 26/4/?/8/2; 
ttag +82 66/56/44/70/46; 
ttag +83 28/[21]/?/?/?; 
ttag +84 96/95/92/98/93; 
ttag +85 99/99/90/98/94; 
ttag +86 33/[12]/?/?/?; 
ttag +87 100/100/95/99/98; 
ttag +88 88/85/66/81/58; 
ttag +89 93/92/84/96/86; 
ttag +90 23/[14]/?/?/?; 
ttag +91 100/100/99/100/99; 
ttag +92 22/0/5/4/7; 
ttag +93 15/[8]/?/?/?; 
ttag +94 74/66/44/67/42; 
