tread
'Tree with tags' 
(0 (1 (2 3 )(4 5 11 (6 7 )(8 (9 10 ))(12 (13 ((14 ((15 (16 17 ))(18 (19 20 ))))(21 (22 ((23 (24 25 ))((26 27 )(28 ((29 (30 31 ))(32 (33 34 )(35 (36 (39 (37 38 )))))(40 (41 (42 43 )))(46 (47 (44 45 ))))))))))))))); 
ttag *!; 
ttag +49 ???; 
ttag +50 2; 
ttag +51 1; 
ttag +52 2; 
ttag +53 6; 
ttag +54 4; 
ttag +55 4; 
ttag +56 2; 
ttag +57 3; 
ttag +58 2; 
ttag +59 6; 
ttag +60 2; 
ttag +61 3; 
ttag +62 5; 
ttag +63 6; 
ttag +64 2; 
ttag +65 7; 
ttag +66 7; 
ttag +67 1; 
ttag +68 9; 
ttag +69 1; 
ttag +70 7; 
ttag +71 2; 
ttag +72 5; 
ttag +73 5; 
ttag +74 1; 
ttag +75 3; 
ttag +76 3; 
ttag +77 1; 
ttag +78 1; 
ttag +79 1; 
ttag +80 4; 
ttag +81 6; 
ttag +82 3; 
ttag +83 4; 
ttag +84 2; 
ttag +85 2; 
ttag +86 2; 
tread
'Tree with tags' 
(0 ((1 ((((4 (12 (13 ((14 ((15 (16 17 ))(18 (19 20 ))))(21 (22 ((23 (24 25 ))((26 27 )(28 ((((29 (30 31 ))(32 ((33 34 )(35 (36 (39 (37 38 )))))))(46 (47 (44 45 ))))(40 (41 (42 43 )))))))))))))(6 7 ))(8 (9 10 )))(5 11 )))(2 3 ))); 
ttag *!; 
ttag +0 ////; 
ttag +1 ////; 
ttag +2 ////; 
ttag +3 ////; 
ttag +4 ////; 
ttag +5 ////; 
ttag +6 ////; 
ttag +7 ////; 
ttag +8 ////; 
ttag +9 ////; 
ttag +10 ////; 
ttag +11 ////; 
ttag +12 ////; 
ttag +13 ////; 
ttag +14 ////; 
ttag +15 ////; 
ttag +16 ////; 
ttag +17 ////; 
ttag +18 ////; 
ttag +19 ////; 
ttag +20 ////; 
ttag +21 ////; 
ttag +22 ////; 
ttag +23 ////; 
ttag +24 ////; 
ttag +25 ////; 
ttag +26 ////; 
ttag +27 ////; 
ttag +28 ////; 
ttag +29 ////; 
ttag +30 ////; 
ttag +31 ////; 
ttag +32 ////; 
ttag +33 ////; 
ttag +34 ////; 
ttag +35 ////; 
ttag +36 ////; 
ttag +37 ////; 
ttag +38 ////; 
ttag +39 ////; 
ttag +40 ////; 
ttag +41 ////; 
ttag +42 ////; 
ttag +43 ////; 
ttag +44 ////; 
ttag +45 ////; 
ttag +46 ////; 
ttag +47 ////; 
ttag +48 ////; 
ttag +49 36/[10]/?/?/?; 
ttag +50 100/100/100/100/100; 
ttag +51 90/88/87/88/84; 
ttag +52 15/[17]/?/?/?; 
ttag +53 12/[20]/?/?/?; 
ttag +54 9/[23]/?/?/?; 
ttag +55 81/74/64/68/59; 
ttag +56 6/[26]/?/?/?; 
ttag +57 73/66/55/62/64; 
ttag +58 98/98/97/99/98; 
ttag +59 98/97/96/96/93; 
ttag +60 91/90/79/88/76; 
ttag +61 55/29/26/27/21; 
ttag +62 71/64/38/69/49; 
ttag +63 47/34/22/34/20; 
ttag +64 98/98/92/98/92; 
ttag +65 67/60/37/69/46; 
ttag +66 88/85/76/88/76; 
ttag +67 90/86/69/86/73; 
ttag +68 99/99/98/99/98; 
ttag +69 47/40/16/44/21; 
ttag +70 95/94/79/90/76; 
ttag +71 94/92/90/97/89; 
ttag +72 38/0/?/14/?; 
ttag +73 100/100/99/100/99; 
ttag +74 52/36/36/52/28; 
ttag +75 95/95/88/96/90; 
ttag +76 54/36/14/39/19; 
ttag +77 97/96/94/96/98; 
ttag +78 34/6/12/5/1; 
ttag +79 23/[12]/?/?/?; 
ttag +80 82/80/69/78/63; 
ttag +81 71/50/44/53/37; 
ttag +82 83/80/74/81/79; 
ttag +83 84/78/52/77/57; 
ttag +84 28/[11]/?/?/?; 
ttag +85 61/46/36/43/45; 
ttag +86 74/69/62/66/66; 
ttag +87 58/37/35/42/26; 
ttag +88 92/90/83/90/82; 
ttag +89 98/97/95/98/92; 
ttag +90 91/88/76/86/69; 
ttag +91 93/92/76/88/76; 
ttag +92 73/66/55/67/66; 
ttag +93 74/71/54/66/60; 
ttag +94 73/67/52/67/55; 
