tread
'Tree with tags' 
(0 (1 (2 3 )(4 5 11 ((6 7 )(8 (9 10 )))(12 13 (14 (((15 (16 17 ))(18 (19 20 )))((21 (26 27 28 (29 (30 31 ))(32 ((33 34 )(35 (36 (37 38 39 )))))(40 (41 (42 43 )))(44 45 46 47 )))(22 (23 (24 25 )))))))))); 
ttag *!; 
ttag +49 ???; 
ttag +50 2; 
ttag +51 4; 
ttag +52 1; 
ttag +53 2; 
ttag +54 8; 
ttag +55 4; 
ttag +56 1; 
ttag +57 1; 
ttag +58 6; 
ttag +59 2; 
ttag +60 1; 
ttag +61 3; 
ttag +62 6; 
ttag +63 8; 
ttag +64 2; 
ttag +65 2; 
ttag +66 2; 
ttag +67 4; 
ttag +68 10; 
ttag +69 2; 
ttag +70 2; 
ttag +71 8; 
ttag +72 3; 
ttag +73 3; 
ttag +74 3; 
ttag +75 2; 
ttag +76 1; 
ttag +77 6; 
ttag +78 3; 
ttag +79 4; 
ttag +80 10; 
ttag +81 3; 
tread
'Tree with tags' 
(0 ((1 (4 ((5 ((6 7 )(8 (9 10 ))))(11 ((12 13 )(14 (((15 (16 17 ))(18 (19 20 )))((21 (((28 (26 27 ))((29 (30 31 ))((40 (41 (42 43 )))(47 (44 (45 46 ))))))(32 ((33 34 )(35 (36 (38 (37 39 ))))))))(22 (23 (24 25 )))))))))))(2 3 ))); 
ttag *!; 
ttag +0 ////; 
ttag +1 ////; 
ttag +2 ////; 
ttag +3 ////; 
ttag +4 ////; 
ttag +5 ////; 
ttag +6 ////; 
ttag +7 ////; 
ttag +8 ////; 
ttag +9 ////; 
ttag +10 ////; 
ttag +11 ////; 
ttag +12 ////; 
ttag +13 ////; 
ttag +14 ////; 
ttag +15 ////; 
ttag +16 ////; 
ttag +17 ////; 
ttag +18 ////; 
ttag +19 ////; 
ttag +20 ////; 
ttag +21 ////; 
ttag +22 ////; 
ttag +23 ////; 
ttag +24 ////; 
ttag +25 ////; 
ttag +26 ////; 
ttag +27 ////; 
ttag +28 ////; 
ttag +29 ////; 
ttag +30 ////; 
ttag +31 ////; 
ttag +32 ////; 
ttag +33 ////; 
ttag +34 ////; 
ttag +35 ////; 
ttag +36 ////; 
ttag +37 ////; 
ttag +38 ////; 
ttag +39 ////; 
ttag +40 ////; 
ttag +41 ////; 
ttag +42 ////; 
ttag +43 ////; 
ttag +44 ////; 
ttag +45 ////; 
ttag +46 ////; 
ttag +47 ////; 
ttag +48 ////; 
ttag +49 18/[11]/?/?/?; 
ttag +50 100/100/100/100/100; 
ttag +51 80/73/69/81/73; 
ttag +52 96/95/87/92/90; 
ttag +53 14/[3]/?/?/?; 
ttag +54 19/1/?/?/2; 
ttag +55 75/64/53/64/61; 
ttag +56 68/64/64/74/61; 
ttag +57 100/100/100/100/100; 
ttag +58 97/94/88/93/88; 
ttag +59 33/22/16/24/22; 
ttag +60 51/48/42/51/47; 
ttag +61 28/18/15/17/19; 
ttag +62 42/32/26/33/29; 
ttag +63 96/94/88/96/89; 
ttag +64 52/27/16/29/19; 
ttag +65 16/[8]/?/?/?; 
ttag +66 72/57/48/53/49; 
ttag +67 99/99/98/100/98; 
ttag +68 99/98/99/99/99; 
ttag +69 29/9/2/11/1; 
ttag +70 59/52/42/54/41; 
ttag +71 53/33/27/40/26; 
ttag +72 83/78/72/79/72; 
ttag +73 100/100/98/100/98; 
ttag +74 61/52/43/44/48; 
ttag +75 12/[10]/?/?/?; 
ttag +76 12/[10]/?/?/?; 
ttag +77 64/62/52/72/44; 
ttag +78 63/57/53/59/36; 
ttag +79 8/[14]/?/?/?; 
ttag +80 97/96/95/96/90; 
ttag +81 79/74/60/77/60; 
ttag +82 91/88/70/86/80; 
ttag +83 82/81/66/81/70; 
ttag +84 66/55/49/66/52; 
ttag +85 74/66/58/64/60; 
ttag +86 32/[12]/?/?/?; 
ttag +87 99/99/97/97/98; 
ttag +88 91/90/77/92/77; 
ttag +89 29/6/2/?/1; 
ttag +90 93/90/87/96/85; 
ttag +91 100/100/99/99/97; 
ttag +92 54/41/41/44/36; 
ttag +93 88/86/75/87/72; 
ttag +94 33/9/5/2/1; 
