tread
'Tree with tags' 
(0 (1 ((2 3 )(((21 (12 14 (11 ((4 5 )((6 7 )(8 (9 10 )))))(13 (22 (23 (24 25 ))))))(26 27 (28 ((29 ((32 ((33 34 )(35 (36 (37 (38 39 ))))))((40 (41 (42 43 )))(46 (44 (45 47 ))))))(30 31 )))))((15 (16 17 ))(18 (19 20 ))))))); 
ttag *!; 
ttag +49 ???; 
ttag +50 5; 
ttag +51 8; 
ttag +52 6; 
ttag +53 2; 
ttag +54 4; 
ttag +55 1; 
ttag +56 2; 
ttag +57 1; 
ttag +58 4; 
ttag +59 2; 
ttag +60 1; 
ttag +61 8; 
ttag +62 3; 
ttag +63 1; 
ttag +64 5; 
ttag +65 1; 
ttag +66 2; 
ttag +67 4; 
ttag +68 7; 
ttag +69 7; 
ttag +70 6; 
ttag +71 5; 
ttag +72 6; 
ttag +73 2; 
ttag +74 1; 
ttag +75 2; 
ttag +76 6; 
ttag +77 5; 
ttag +78 3; 
ttag +79 4; 
ttag +80 1; 
ttag +81 2; 
ttag +82 7; 
ttag +83 7; 
ttag +84 2; 
ttag +85 7; 
ttag +86 5; 
ttag +87 4; 
ttag +88 6; 
ttag +89 1; 
ttag +90 5; 
ttag +91 1; 
tread
'Tree with tags' 
(0 (1 ((2 3 )(((21 ((11 ((4 5 )((6 7 )(8 (9 10 )))))(14 (12 (13 (22 (23 (24 25 ))))))))(27 (26 (28 ((29 ((32 ((33 34 )(35 (36 (37 (38 39 ))))))((40 (41 (42 43 )))(46 (44 (45 47 ))))))(30 31 ))))))((15 (16 17 ))(18 (19 20 ))))))); 
ttag *!; 
ttag +0 ////; 
ttag +1 ////; 
ttag +2 ////; 
ttag +3 ////; 
ttag +4 ////; 
ttag +5 ////; 
ttag +6 ////; 
ttag +7 ////; 
ttag +8 ////; 
ttag +9 ////; 
ttag +10 ////; 
ttag +11 ////; 
ttag +12 ////; 
ttag +13 ////; 
ttag +14 ////; 
ttag +15 ////; 
ttag +16 ////; 
ttag +17 ////; 
ttag +18 ////; 
ttag +19 ////; 
ttag +20 ////; 
ttag +21 ////; 
ttag +22 ////; 
ttag +23 ////; 
ttag +24 ////; 
ttag +25 ////; 
ttag +26 ////; 
ttag +27 ////; 
ttag +28 ////; 
ttag +29 ////; 
ttag +30 ////; 
ttag +31 ////; 
ttag +32 ////; 
ttag +33 ////; 
ttag +34 ////; 
ttag +35 ////; 
ttag +36 ////; 
ttag +37 ////; 
ttag +38 ////; 
ttag +39 ////; 
ttag +40 ////; 
ttag +41 ////; 
ttag +42 ////; 
ttag +43 ////; 
ttag +44 ////; 
ttag +45 ////; 
ttag +46 ////; 
ttag +47 ////; 
ttag +48 ////; 
ttag +49 100/100/100/100/100; 
ttag +50 96/94/88/96/85; 
ttag +51 99/99/96/99/95; 
ttag +52 92/91/86/94/85; 
ttag +53 36/22/13/30/21; 
ttag +54 58/47/31/61/34; 
ttag +55 7/[6]/?/?/?; 
ttag +56 27/14/?/24/?; 
ttag +57 20/1/?/3/?; 
ttag +58 92/88/81/86/68; 
ttag +59 84/80/66/75/68; 
ttag +60 37/23/20/27/29; 
ttag +61 98/98/97/99/99; 
ttag +62 87/84/79/89/80; 
ttag +63 21/5/7/2/3; 
ttag +64 17/8/6/12/5; 
ttag +65 40/15/13/16/4; 
ttag +66 88/82/68/84/72; 
ttag +67 19/0/2/?/?; 
ttag +68 83/78/70/75/62; 
ttag +69 91/87/80/85/84; 
ttag +70 98/98/98/100/96; 
ttag +71 96/95/94/96/85; 
ttag +72 97/96/93/97/95; 
ttag +73 98/98/95/98/98; 
ttag +74 6/[41]/?/?/?; 
ttag +75 82/80/70/86/76; 
ttag +76 23/[24]/?/?/?; 
ttag +77 28/[3]/2/?/?; 
ttag +78 64/56/46/58/53; 
ttag +79 95/94/90/95/88; 
ttag +80 87/84/83/88/75; 
ttag +81 56/47/35/56/41; 
ttag +82 84/82/73/84/69; 
ttag +83 39/4/2/2/?; 
ttag +84 51/27/18/30/17; 
ttag +85 94/93/85/93/88; 
ttag +86 98/98/92/98/94; 
ttag +87 72/67/50/70/50; 
ttag +88 97/96/90/98/88; 
ttag +89 68/60/46/61/41; 
ttag +90 78/64/52/76/58; 
ttag +91 99/98/97/99/96; 
ttag +92 46/21/27/24/18; 
ttag +93 74/58/50/68/56; 
ttag +94 26/1/2/?/?; 
