tread
'Tree with tags' 
(0 (1 ((2 3 )(4 (5 (6 7 (8 (9 10 ))(13 (11 12 ((14 (18 (19 20 )))(15 (16 17 )))(21 ((22 (23 (24 25 )))(26 (27 (28 (40 41 (29 (30 31 ))(33 34 (32 35 (36 (37 38 39 ))))(42 43 )(44 45 46 47 ))))))))))))))); 
ttag *!; 
ttag +49 ???; 
ttag +50 7; 
ttag +51 5; 
ttag +52 4; 
ttag +53 1; 
ttag +54 5; 
ttag +55 7; 
ttag +56 3; 
ttag +57 2; 
ttag +58 2; 
ttag +59 1; 
ttag +60 3; 
ttag +61 3; 
ttag +62 2; 
ttag +63 5; 
ttag +64 11; 
ttag +65 1; 
ttag +66 3; 
ttag +67 3; 
ttag +68 7; 
ttag +69 15; 
ttag +70 4; 
ttag +71 2; 
ttag +72 2; 
ttag +73 2; 
ttag +74 2; 
ttag +75 3; 
ttag +76 1; 
ttag +77 4; 
ttag +78 1; 
ttag +79 1; 
ttag +80 1; 
ttag +81 1; 
tread
'Tree with tags' 
(0 (1 ((2 3 )(4 (5 (((6 7 )(8 (9 10 )))(13 ((11 ((14 (18 (19 20 )))(15 (16 17 ))))(12 (21 ((22 (23 (24 25 )))(26 (27 (28 ((29 (30 31 ))(((34 (33 ((32 35 )(36 (39 (37 38 ))))))(46 (44 (45 47 ))))(41 (40 (42 43 ))))))))))))))))))); 
ttag *!; 
ttag +0 ////; 
ttag +1 ////; 
ttag +2 ////; 
ttag +3 ////; 
ttag +4 ////; 
ttag +5 ////; 
ttag +6 ////; 
ttag +7 ////; 
ttag +8 ////; 
ttag +9 ////; 
ttag +10 ////; 
ttag +11 ////; 
ttag +12 ////; 
ttag +13 ////; 
ttag +14 ////; 
ttag +15 ////; 
ttag +16 ////; 
ttag +17 ////; 
ttag +18 ////; 
ttag +19 ////; 
ttag +20 ////; 
ttag +21 ////; 
ttag +22 ////; 
ttag +23 ////; 
ttag +24 ////; 
ttag +25 ////; 
ttag +26 ////; 
ttag +27 ////; 
ttag +28 ////; 
ttag +29 ////; 
ttag +30 ////; 
ttag +31 ////; 
ttag +32 ////; 
ttag +33 ////; 
ttag +34 ////; 
ttag +35 ////; 
ttag +36 ////; 
ttag +37 ////; 
ttag +38 ////; 
ttag +39 ////; 
ttag +40 ////; 
ttag +41 ////; 
ttag +42 ////; 
ttag +43 ////; 
ttag +44 ////; 
ttag +45 ////; 
ttag +46 ////; 
ttag +47 ////; 
ttag +48 ////; 
ttag +49 100/100/100/100/100; 
ttag +50 99/99/98/99/98; 
ttag +51 92/88/84/88/78; 
ttag +52 71/60/57/69/57; 
ttag +53 36/16/2/16/5; 
ttag +54 44/34/33/36/37; 
ttag +55 42/30/29/33/30; 
ttag +56 56/48/36/52/40; 
ttag +57 100/100/98/100/100; 
ttag +58 88/84/73/87/81; 
ttag +59 4/[10]/?/?/?; 
ttag +60 8/0/?/?/1; 
ttag +61 30/24/13/24/14; 
ttag +62 3/[10]/?/?/?; 
ttag +63 44/11/12/12/10; 
ttag +64 46/40/24/46/26; 
ttag +65 81/76/69/72/60; 
ttag +66 44/14/18/29/30; 
ttag +67 94/94/88/95/88; 
ttag +68 100/100/100/100/100; 
ttag +69 19/5/3/2/6; 
ttag +70 71/63/51/71/52; 
ttag +71 40/33/17/35/14; 
ttag +72 93/91/86/93/87; 
ttag +73 100/100/99/100/100; 
ttag +74 52/45/40/56/35; 
ttag +75 27/[9]/?/6/?; 
ttag +76 36/2/0/12/?; 
ttag +77 68/64/48/70/61; 
ttag +78 55/50/35/62/35; 
ttag +79 88/85/76/81/70; 
ttag +80 33/[4]/8/?/?; 
ttag +81 64/49/41/48/36; 
ttag +82 32/[8]/?/0/?; 
ttag +83 87/84/71/90/76; 
ttag +84 4/[40]/?/?/?; 
ttag +85 23/5/8/4/8; 
ttag +86 78/65/64/70/56; 
ttag +87 18/[10]/?/?/?; 
ttag +88 81/74/76/81/71; 
ttag +89 46/23/30/33/32; 
ttag +90 41/13/14/21/12; 
ttag +91 80/75/57/74/60; 
ttag +92 16/[8]/?/?/?; 
ttag +93 74/71/62/75/58; 
ttag +94 9/[22]/?/?/?; 
