tread
'Tree with tags' 
(0 (1 (2 3 )(4 5 6 7 (8 9 10 )(11 (12 13 )((14 ((15 (16 17 ))(18 (19 20 ))(22 (23 (24 25 )))))(21 (26 (27 (28 (((29 (30 31 ))((35 (32 (33 34 )))(36 (39 (37 38 )))))((46 (40 (41 (42 43 ))))(47 (44 45 ))))))))))))); 
ttag *!; 
ttag +49 ???; 
ttag +50 6; 
ttag +51 2; 
ttag +52 3; 
ttag +53 2; 
ttag +54 2; 
ttag +55 1; 
ttag +56 1; 
ttag +57 6; 
ttag +58 1; 
ttag +59 7; 
ttag +60 7; 
ttag +61 9; 
ttag +62 2; 
ttag +63 3; 
ttag +64 6; 
ttag +65 3; 
ttag +66 4; 
ttag +67 2; 
ttag +68 8; 
ttag +69 3; 
ttag +70 2; 
ttag +71 2; 
ttag +72 6; 
ttag +73 3; 
ttag +74 1; 
ttag +75 7; 
ttag +76 8; 
ttag +77 2; 
ttag +78 1; 
ttag +79 4; 
ttag +80 6; 
ttag +81 2; 
ttag +82 3; 
ttag +83 1; 
ttag +84 2; 
ttag +85 3; 
ttag +86 1; 
tread
'Tree with tags' 
(0 ((1 (2 3 ))((7 (6 (5 (4 (11 ((12 13 )((14 ((15 (16 17 ))((18 (19 20 ))(22 (23 (24 25 ))))))(21 (26 (27 (28 (((29 (30 31 ))((35 (32 (33 34 )))(36 (39 (37 38 )))))((46 (40 (41 (42 43 ))))(47 (44 45 )))))))))))))))(8 (9 10 ))))); 
ttag *!; 
ttag +0 ////; 
ttag +1 ////; 
ttag +2 ////; 
ttag +3 ////; 
ttag +4 ////; 
ttag +5 ////; 
ttag +6 ////; 
ttag +7 ////; 
ttag +8 ////; 
ttag +9 ////; 
ttag +10 ////; 
ttag +11 ////; 
ttag +12 ////; 
ttag +13 ////; 
ttag +14 ////; 
ttag +15 ////; 
ttag +16 ////; 
ttag +17 ////; 
ttag +18 ////; 
ttag +19 ////; 
ttag +20 ////; 
ttag +21 ////; 
ttag +22 ////; 
ttag +23 ////; 
ttag +24 ////; 
ttag +25 ////; 
ttag +26 ////; 
ttag +27 ////; 
ttag +28 ////; 
ttag +29 ////; 
ttag +30 ////; 
ttag +31 ////; 
ttag +32 ////; 
ttag +33 ////; 
ttag +34 ////; 
ttag +35 ////; 
ttag +36 ////; 
ttag +37 ////; 
ttag +38 ////; 
ttag +39 ////; 
ttag +40 ////; 
ttag +41 ////; 
ttag +42 ////; 
ttag +43 ////; 
ttag +44 ////; 
ttag +45 ////; 
ttag +46 ////; 
ttag +47 ////; 
ttag +48 ////; 
ttag +49 32/0/0/0/6; 
ttag +50 100/100/100/100/100; 
ttag +51 99/99/96/98/98; 
ttag +52 15/2/?/?/?; 
ttag +53 9/[4]/?/?/?; 
ttag +54 1/[35]/?/?/?; 
ttag +55 23/9/5/10/11; 
ttag +56 82/76/60/70/68; 
ttag +57 96/94/88/92/86; 
ttag +58 48/29/14/17/16; 
ttag +59 59/54/42/62/43; 
ttag +60 67/58/65/66/64; 
ttag +61 28/2/14/?/15; 
ttag +62 10/[22]/?/?/?; 
ttag +63 48/37/32/39/38; 
ttag +64 97/96/94/98/90; 
ttag +65 12/[20]/?/?/?; 
ttag +66 99/98/96/99/96; 
ttag +67 99/98/98/99/98; 
ttag +68 13/[18]/?/?/?; 
ttag +69 100/100/100/100/100; 
ttag +70 35/3/0/12/?; 
ttag +71 80/71/62/76/58; 
ttag +72 96/95/87/98/86; 
ttag +73 80/72/64/80/68; 
ttag +74 90/87/82/88/82; 
ttag +75 80/76/66/76/70; 
ttag +76 97/97/94/98/92; 
ttag +77 79/76/55/74/64; 
ttag +78 45/30/6/28/20; 
ttag +79 49/32/26/30/20; 
ttag +80 96/94/96/98/94; 
ttag +81 83/79/80/82/77; 
ttag +82 66/47/40/37/37; 
ttag +83 94/92/86/94/90; 
ttag +84 97/96/94/96/91; 
ttag +85 69/58/46/62/54; 
ttag +86 49/21/21/26/24; 
ttag +87 96/96/95/95/91; 
ttag +88 95/94/93/98/94; 
ttag +89 37/2/?/0/?; 
ttag +90 56/40/24/42/30; 
ttag +91 52/40/32/37/39; 
ttag +92 70/60/53/58/52; 
ttag +93 87/86/78/82/80; 
ttag +94 26/0/?/4/?; 
