tread
'Tree with tags' 
(0 (1 ((2 3 )(4 (5 11 (6 7 (8 (9 10 )))(12 13 )(14 21 ((15 (16 17 ))(18 (19 20 )))((22 (23 (24 25 )))(26 (27 (28 ((29 (30 31 ))((32 (((33 34 )(35 (36 (38 (37 39 )))))(44 45 (46 47 ))))(41 (40 (42 43 ))))))))))))))); 
ttag *!; 
ttag +49 ???; 
ttag +50 3; 
ttag +51 5; 
ttag +52 3; 
ttag +53 3; 
ttag +54 1; 
ttag +55 7; 
ttag +56 3; 
ttag +57 1; 
ttag +58 3; 
ttag +59 6; 
ttag +60 3; 
ttag +61 3; 
ttag +62 3; 
ttag +63 8; 
ttag +64 9; 
ttag +65 2; 
ttag +66 6; 
ttag +67 9; 
ttag +68 3; 
ttag +69 3; 
ttag +70 3; 
ttag +71 2; 
ttag +72 1; 
ttag +73 5; 
ttag +74 1; 
ttag +75 1; 
ttag +76 1; 
ttag +77 2; 
ttag +78 1; 
ttag +79 2; 
ttag +80 4; 
ttag +81 2; 
ttag +82 2; 
ttag +83 2; 
ttag +84 5; 
ttag +85 2; 
ttag +86 4; 
ttag +87 1; 
tread
'Tree with tags' 
(0 (1 ((2 3 )(4 ((5 ((11 ((14 (21 ((22 (23 (24 25 )))(26 (27 (28 ((29 (30 31 ))((32 (((33 34 )(35 (36 (38 (37 39 )))))(45 (44 (46 47 )))))(41 (40 (42 43 )))))))))))((15 (16 17 ))(18 (19 20 )))))(12 13 )))(6 (7 (8 (9 10 ))))))))); 
ttag *!; 
ttag +0 ////; 
ttag +1 ////; 
ttag +2 ////; 
ttag +3 ////; 
ttag +4 ////; 
ttag +5 ////; 
ttag +6 ////; 
ttag +7 ////; 
ttag +8 ////; 
ttag +9 ////; 
ttag +10 ////; 
ttag +11 ////; 
ttag +12 ////; 
ttag +13 ////; 
ttag +14 ////; 
ttag +15 ////; 
ttag +16 ////; 
ttag +17 ////; 
ttag +18 ////; 
ttag +19 ////; 
ttag +20 ////; 
ttag +21 ////; 
ttag +22 ////; 
ttag +23 ////; 
ttag +24 ////; 
ttag +25 ////; 
ttag +26 ////; 
ttag +27 ////; 
ttag +28 ////; 
ttag +29 ////; 
ttag +30 ////; 
ttag +31 ////; 
ttag +32 ////; 
ttag +33 ////; 
ttag +34 ////; 
ttag +35 ////; 
ttag +36 ////; 
ttag +37 ////; 
ttag +38 ////; 
ttag +39 ////; 
ttag +40 ////; 
ttag +41 ////; 
ttag +42 ////; 
ttag +43 ////; 
ttag +44 ////; 
ttag +45 ////; 
ttag +46 ////; 
ttag +47 ////; 
ttag +48 ////; 
ttag +49 100/100/100/100/100; 
ttag +50 85/78/73/86/68; 
ttag +51 98/97/90/97/94; 
ttag +52 81/74/58/72/70; 
ttag +53 6/[8]/?/?/?; 
ttag +54 54/38/29/42/18; 
ttag +55 49/43/26/34/28; 
ttag +56 29/10/?/12/?; 
ttag +57 99/98/96/100/95; 
ttag +58 90/90/89/91/87; 
ttag +59 21/10/10/6/5; 
ttag +60 17/2/?/2/?; 
ttag +61 50/35/32/39/21; 
ttag +62 17/[8]/?/?/?; 
ttag +63 51/46/43/50/29; 
ttag +64 98/97/94/97/91; 
ttag +65 74/70/60/84/65; 
ttag +66 83/75/71/84/71; 
ttag +67 93/89/87/92/90; 
ttag +68 100/100/99/99/99; 
ttag +69 16/0/?/?/?; 
ttag +70 98/98/97/99/97; 
ttag +71 70/60/56/72/52; 
ttag +72 93/90/80/96/81; 
ttag +73 100/100/99/99/98; 
ttag +74 74/68/64/74/52; 
ttag +75 72/67/60/71/50; 
ttag +76 74/70/64/74/60; 
ttag +77 74/72/59/70/61; 
ttag +78 18/0/?/8/4; 
ttag +79 90/88/79/89/83; 
ttag +80 13/[4]/?/3/?; 
ttag +81 22/4/6/15/5; 
ttag +82 41/5/2/26/8; 
ttag +83 71/67/48/69/46; 
ttag +84 19/[4]/?/1/?; 
ttag +85 57/36/33/32/38; 
ttag +86 87/84/71/81/66; 
ttag +87 60/44/37/49/36; 
ttag +88 76/72/68/72/63; 
ttag +89 49/25/32/14/7; 
ttag +90 87/82/77/90/85; 
ttag +91 59/50/51/41/47; 
ttag +92 2/[18]/?/?/?; 
ttag +93 77/74/62/78/62; 
ttag +94 63/44/39/50/48; 
