tread
'Tree with tags' 
(0 (1 ((2 3 )(4 (5 (11 (((6 7 )(8 (9 10 )))(12 (14 ((13 ((22 (23 (24 25 )))(26 (27 (28 ((29 (30 31 ))((32 (33 34 )(35 (36 (37 (38 39 )))))(40 (41 (42 43 )))(47 (45 (44 46 ))))))))))(21 ((15 (16 17 ))(18 (19 20 )))))))))))))); 
ttag *!; 
ttag +49 ???; 
ttag +50 7; 
ttag +51 4; 
ttag +52 6; 
ttag +53 1; 
ttag +54 3; 
ttag +55 3; 
ttag +56 1; 
ttag +57 2; 
ttag +58 12; 
ttag +59 2; 
ttag +60 2; 
ttag +61 1; 
ttag +62 1; 
ttag +63 1; 
ttag +64 7; 
ttag +65 2; 
ttag +66 1; 
ttag +67 2; 
ttag +68 11; 
ttag +69 8; 
ttag +70 3; 
ttag +71 2; 
ttag +72 8; 
ttag +73 6; 
ttag +74 6; 
ttag +75 2; 
ttag +76 5; 
ttag +77 7; 
ttag +78 2; 
ttag +79 4; 
ttag +80 8; 
ttag +81 1; 
ttag +82 2; 
ttag +83 4; 
ttag +84 8; 
ttag +85 5; 
ttag +86 1; 
ttag +87 5; 
ttag +88 2; 
ttag +89 3; 
ttag +90 1; 
ttag +91 1; 
ttag +92 2; 
tread
'Tree with tags' 
(0 (1 ((2 3 )(4 (5 (11 (((6 7 )(8 (9 10 )))(12 (14 ((13 ((22 (23 (24 25 )))(26 (27 (28 ((29 (30 31 ))(((32 (33 34 ))(35 (36 (37 (38 39 )))))((40 (41 (42 43 )))(47 (45 (44 46 )))))))))))(21 ((15 (16 17 ))(18 (19 20 )))))))))))))); 
ttag *!; 
ttag +0 ////; 
ttag +1 ////; 
ttag +2 ////; 
ttag +3 ////; 
ttag +4 ////; 
ttag +5 ////; 
ttag +6 ////; 
ttag +7 ////; 
ttag +8 ////; 
ttag +9 ////; 
ttag +10 ////; 
ttag +11 ////; 
ttag +12 ////; 
ttag +13 ////; 
ttag +14 ////; 
ttag +15 ////; 
ttag +16 ////; 
ttag +17 ////; 
ttag +18 ////; 
ttag +19 ////; 
ttag +20 ////; 
ttag +21 ////; 
ttag +22 ////; 
ttag +23 ////; 
ttag +24 ////; 
ttag +25 ////; 
ttag +26 ////; 
ttag +27 ////; 
ttag +28 ////; 
ttag +29 ////; 
ttag +30 ////; 
ttag +31 ////; 
ttag +32 ////; 
ttag +33 ////; 
ttag +34 ////; 
ttag +35 ////; 
ttag +36 ////; 
ttag +37 ////; 
ttag +38 ////; 
ttag +39 ////; 
ttag +40 ////; 
ttag +41 ////; 
ttag +42 ////; 
ttag +43 ////; 
ttag +44 ////; 
ttag +45 ////; 
ttag +46 ////; 
ttag +47 ////; 
ttag +48 ////; 
ttag +49 100/100/100/100/100; 
ttag +50 99/98/94/97/95; 
ttag +51 88/84/76/86/77; 
ttag +52 97/96/94/98/94; 
ttag +53 58/40/34/40/32; 
ttag +54 74/65/58/69/52; 
ttag +55 57/46/26/55/35; 
ttag +56 9/[7]/?/?/?; 
ttag +57 56/45/42/50/38; 
ttag +58 100/100/100/100/100; 
ttag +59 81/73/56/77/60; 
ttag +60 56/46/33/34/34; 
ttag +61 3/[28]/?/?/?; 
ttag +62 6/[26]/?/?/?; 
ttag +63 16/0/?/?/?; 
ttag +64 97/96/94/98/94; 
ttag +65 46/32/20/40/24; 
ttag +66 21/2/2/4/3; 
ttag +67 68/56/42/56/41; 
ttag +68 100/100/100/100/100; 
ttag +69 99/99/99/100/98; 
ttag +70 60/49/39/54/35; 
ttag +71 67/60/45/58/47; 
ttag +72 99/98/98/99/98; 
ttag +73 98/97/90/95/93; 
ttag +74 80/74/57/75/64; 
ttag +75 48/21/?/26/15; 
ttag +76 88/86/69/87/78; 
ttag +77 99/99/99/99/99; 
ttag +78 73/66/59/64/59; 
ttag +79 94/93/90/96/94; 
ttag +80 26/[13]/?/?/?; 
ttag +81 100/100/96/100/96; 
ttag +82 34/12/13/23/14; 
ttag +83 72/62/59/70/62; 
ttag +84 92/90/78/93/82; 
ttag +85 99/99/98/98/99; 
ttag +86 98/96/93/97/96; 
ttag +87 62/49/37/52/34; 
ttag +88 93/92/86/93/86; 
ttag +89 25/1/?/3/?; 
ttag +90 66/53/54/66/50; 
ttag +91 91/88/78/89/81; 
ttag +92 53/42/36/43/24; 
ttag +93 55/47/39/50/39; 
ttag +94 82/74/64/79/69; 
