tread
'Tree with tags' 
(0 (1 ((2 3 )(4 5 (6 7 (8 (9 10 )))(11 (12 13 ((14 ((15 (16 17 ))(18 (19 20 ))))(21 (22 26 27 28 (23 (24 25 ))((29 (((32 (35 (36 (39 (37 38 )))))(33 34 ))((40 41 (42 43 ))(47 (46 (44 45 ))))))(30 31 ))))))))))); 
ttag *!; 
ttag +49 ???; 
ttag +50 2; 
ttag +51 2; 
ttag +52 7; 
ttag +53 2; 
ttag +54 7; 
ttag +55 4; 
ttag +56 3; 
ttag +57 2; 
ttag +58 1; 
ttag +59 2; 
ttag +60 1; 
ttag +61 4; 
ttag +62 3; 
ttag +63 7; 
ttag +64 13; 
ttag +65 1; 
ttag +66 4; 
ttag +67 4; 
ttag +68 11; 
ttag +69 1; 
ttag +70 1; 
ttag +71 3; 
ttag +72 1; 
ttag +73 5; 
ttag +74 3; 
ttag +75 1; 
ttag +76 2; 
ttag +77 4; 
ttag +78 2; 
ttag +79 12; 
ttag +80 4; 
ttag +81 4; 
ttag +82 8; 
ttag +83 2; 
ttag +84 2; 
ttag +85 3; 
tread
'Tree with tags' 
(0 (1 ((2 3 )(((4 5 )((6 7 )(8 (9 10 ))))(11 (13 (12 ((14 ((15 (16 17 ))(18 (19 20 ))))(21 ((22 (23 (24 25 )))(28 (26 (27 ((29 (((32 (35 (36 (39 (37 38 )))))(33 34 ))(((40 41 )(42 43 ))(47 (46 (44 45 ))))))(30 31 ))))))))))))))); 
ttag *!; 
ttag +0 ////; 
ttag +1 ////; 
ttag +2 ////; 
ttag +3 ////; 
ttag +4 ////; 
ttag +5 ////; 
ttag +6 ////; 
ttag +7 ////; 
ttag +8 ////; 
ttag +9 ////; 
ttag +10 ////; 
ttag +11 ////; 
ttag +12 ////; 
ttag +13 ////; 
ttag +14 ////; 
ttag +15 ////; 
ttag +16 ////; 
ttag +17 ////; 
ttag +18 ////; 
ttag +19 ////; 
ttag +20 ////; 
ttag +21 ////; 
ttag +22 ////; 
ttag +23 ////; 
ttag +24 ////; 
ttag +25 ////; 
ttag +26 ////; 
ttag +27 ////; 
ttag +28 ////; 
ttag +29 ////; 
ttag +30 ////; 
ttag +31 ////; 
ttag +32 ////; 
ttag +33 ////; 
ttag +34 ////; 
ttag +35 ////; 
ttag +36 ////; 
ttag +37 ////; 
ttag +38 ////; 
ttag +39 ////; 
ttag +40 ////; 
ttag +41 ////; 
ttag +42 ////; 
ttag +43 ////; 
ttag +44 ////; 
ttag +45 ////; 
ttag +46 ////; 
ttag +47 ////; 
ttag +48 ////; 
ttag +49 100/100/100/100/100; 
ttag +50 80/70/68/72/63; 
ttag +51 80/70/71/76/68; 
ttag +52 34/20/23/26/21; 
ttag +53 29/[1]/6/4/1; 
ttag +54 96/96/93/97/93; 
ttag +55 18/[11]/?/?/?; 
ttag +56 65/59/47/63/49; 
ttag +57 100/100/100/99/100; 
ttag +58 97/97/97/99/96; 
ttag +59 74/66/50/63/52; 
ttag +60 32/24/9/16/11; 
ttag +61 52/42/16/34/25; 
ttag +62 42/35/20/43/22; 
ttag +63 54/46/29/47/31; 
ttag +64 61/37/34/40/43; 
ttag +65 76/69/64/80/58; 
ttag +66 95/95/92/94/92; 
ttag +67 100/100/100/100/100; 
ttag +68 100/100/99/100/100; 
ttag +69 36/28/17/26/18; 
ttag +70 68/53/48/44/42; 
ttag +71 80/78/64/76/64; 
ttag +72 91/84/87/89/85; 
ttag +73 100/100/100/100/100; 
ttag +74 20/[11]/?/?/?; 
ttag +75 56/41/30/31/22; 
ttag +76 14/[17]/?/?/?; 
ttag +77 25/9/7/17/9; 
ttag +78 38/20/21/26/17; 
ttag +79 84/81/72/79/70; 
ttag +80 17/[16]/?/?/?; 
ttag +81 90/90/81/95/80; 
ttag +82 60/54/43/66/41; 
ttag +83 30/[3]/?/?/?; 
ttag +84 60/50/52/47/38; 
ttag +85 80/75/66/78/63; 
ttag +86 82/80/80/83/78; 
ttag +87 100/100/100/100/100; 
ttag +88 27/[23]/?/?/?; 
ttag +89 79/73/65/81/66; 
ttag +90 58/46/41/48/45; 
ttag +91 99/99/99/99/98; 
ttag +92 82/80/78/82/74; 
ttag +93 61/54/40/52/40; 
ttag +94 62/50/44/52/48; 
