tread
'Tree with tags' 
(0 (1 ((2 3 )(18 (((((11 ((4 5 )(6 (7 (8 9 10 )))))(12 13 ))(14 (21 ((22 (23 (24 25 )))(26 (27 (28 ((29 (30 31 ))(((35 (32 (34 (33 (36 (37 (38 39 )))))))(47 (44 (45 46 ))))((40 41 )(42 43 )))))))))))(15 (16 17 )))(19 20 )))))); 
ttag *!; 
ttag +49 ???; 
ttag +50 5; 
ttag +51 1; 
ttag +52 3; 
ttag +53 1; 
ttag +54 2; 
ttag +55 3; 
ttag +56 2; 
ttag +57 2; 
ttag +58 2; 
ttag +59 9; 
ttag +60 5; 
ttag +61 2; 
ttag +62 10; 
ttag +63 1; 
ttag +64 2; 
ttag +65 8; 
ttag +66 2; 
ttag +67 8; 
ttag +68 3; 
ttag +69 4; 
ttag +70 3; 
ttag +71 5; 
ttag +72 5; 
ttag +73 3; 
ttag +74 2; 
ttag +75 5; 
ttag +76 3; 
ttag +77 4; 
ttag +78 2; 
ttag +79 1; 
ttag +80 2; 
ttag +81 1; 
ttag +82 2; 
ttag +83 1; 
ttag +84 1; 
ttag +85 2; 
ttag +86 2; 
ttag +87 2; 
ttag +88 2; 
ttag +89 6; 
ttag +90 8; 
ttag +91 1; 
ttag +92 4; 
ttag +93 1; 
tread
'Tree with tags' 
(0 (1 ((2 3 )(18 (((((11 ((4 5 )(6 (7 (8 (9 10 ))))))(12 13 ))(14 (21 ((22 (23 (24 25 )))(26 (27 (28 ((29 (30 31 ))(((35 (32 (34 (33 (36 (37 (38 39 )))))))(47 (44 (45 46 ))))((40 41 )(42 43 )))))))))))(15 (16 17 )))(19 20 )))))); 
ttag *!; 
ttag +0 ////; 
ttag +1 ////; 
ttag +2 ////; 
ttag +3 ////; 
ttag +4 ////; 
ttag +5 ////; 
ttag +6 ////; 
ttag +7 ////; 
ttag +8 ////; 
ttag +9 ////; 
ttag +10 ////; 
ttag +11 ////; 
ttag +12 ////; 
ttag +13 ////; 
ttag +14 ////; 
ttag +15 ////; 
ttag +16 ////; 
ttag +17 ////; 
ttag +18 ////; 
ttag +19 ////; 
ttag +20 ////; 
ttag +21 ////; 
ttag +22 ////; 
ttag +23 ////; 
ttag +24 ////; 
ttag +25 ////; 
ttag +26 ////; 
ttag +27 ////; 
ttag +28 ////; 
ttag +29 ////; 
ttag +30 ////; 
ttag +31 ////; 
ttag +32 ////; 
ttag +33 ////; 
ttag +34 ////; 
ttag +35 ////; 
ttag +36 ////; 
ttag +37 ////; 
ttag +38 ////; 
ttag +39 ////; 
ttag +40 ////; 
ttag +41 ////; 
ttag +42 ////; 
ttag +43 ////; 
ttag +44 ////; 
ttag +45 ////; 
ttag +46 ////; 
ttag +47 ////; 
ttag +48 ////; 
ttag +49 100/100/100/100/100; 
ttag +50 94/92/85/91/89; 
ttag +51 41/2/16/6/9; 
ttag +52 84/81/70/77/71; 
ttag +53 52/44/35/38/35; 
ttag +54 50/30/28/34/26; 
ttag +55 54/48/33/49/28; 
ttag +56 47/42/36/44/32; 
ttag +57 67/61/48/60/42; 
ttag +58 40/2/1/10/?; 
ttag +59 98/98/82/94/88; 
ttag +60 96/96/88/94/89; 
ttag +61 86/84/74/85/79; 
ttag +62 100/100/98/99/100; 
ttag +63 29/[20]/?/?/?; 
ttag +64 40/20/14/18/14; 
ttag +65 20/0/?/4/5; 
ttag +66 98/98/92/96/92; 
ttag +67 67/46/32/36/29; 
ttag +68 99/98/100/100/98; 
ttag +69 41/35/32/40/28; 
ttag +70 71/64/52/65/57; 
ttag +71 48/34/28/41/19; 
ttag +72 94/90/83/89/82; 
ttag +73 98/97/91/99/97; 
ttag +74 78/71/52/66/56; 
ttag +75 49/20/12/22/17; 
ttag +76 80/68/73/70/63; 
ttag +77 88/84/70/80/72; 
ttag +78 92/89/87/93/78; 
ttag +79 68/54/46/58/50; 
ttag +80 10/[17]/?/?/?; 
ttag +81 88/84/74/88/78; 
ttag +82 9/[32]/?/?/?; 
ttag +83 68/56/53/58/60; 
ttag +84 36/6/10/23/16; 
ttag +85 34/9/4/13/3; 
ttag +86 53/34/38/50/39; 
ttag +87 68/62/48/72/59; 
ttag +88 57/48/37/53/41; 
ttag +89 58/40/44/44/37; 
ttag +90 97/96/96/96/92; 
ttag +91 99/98/97/97/98; 
ttag +92 36/15/17/19/12; 
ttag +93 81/75/74/84/71; 
ttag +94 24/2/6/11/2; 
