tread
'Tree with tags' 
(0 (1 ((2 3 )(4 (5 6 7 11 (8 (9 10 ))(12 (13 ((22 (23 (24 25 )))(26 ((27 28 )((29 (30 31 ))(((32 (33 34 ))(35 (36 (38 (37 39 )))))((40 (41 (42 43 )))(44 45 46 47 ))))))))(21 (14 ((15 (16 17 ))(18 (19 20 ))))))))))); 
ttag *!; 
ttag +49 ???; 
ttag +50 5; 
ttag +51 4; 
ttag +52 6; 
ttag +53 1; 
ttag +54 7; 
ttag +55 1; 
ttag +56 2; 
ttag +57 1; 
ttag +58 1; 
ttag +59 2; 
ttag +60 3; 
ttag +61 5; 
ttag +62 5; 
ttag +63 8; 
ttag +64 7; 
ttag +65 5; 
ttag +66 6; 
ttag +67 8; 
ttag +68 11; 
ttag +69 3; 
ttag +70 2; 
ttag +71 1; 
ttag +72 7; 
ttag +73 5; 
ttag +74 6; 
ttag +75 1; 
ttag +76 3; 
ttag +77 2; 
ttag +78 2; 
ttag +79 4; 
ttag +80 6; 
ttag +81 2; 
ttag +82 8; 
ttag +83 8; 
ttag +84 2; 
ttag +85 2; 
ttag +86 5; 
ttag +87 5; 
tread
'Tree with tags' 
(0 (1 ((2 3 )(4 (5 (11 (((6 7 )(8 (9 10 )))(12 ((13 ((22 (23 (24 25 )))(26 ((27 28 )((29 (30 31 ))(((32 (33 34 ))(35 (36 (38 (37 39 )))))((40 (41 (42 43 )))(47 (44 (45 46 ))))))))))(21 (14 ((15 (16 17 ))(18 (19 20 )))))))))))))); 
ttag *!; 
ttag +0 ////; 
ttag +1 ////; 
ttag +2 ////; 
ttag +3 ////; 
ttag +4 ////; 
ttag +5 ////; 
ttag +6 ////; 
ttag +7 ////; 
ttag +8 ////; 
ttag +9 ////; 
ttag +10 ////; 
ttag +11 ////; 
ttag +12 ////; 
ttag +13 ////; 
ttag +14 ////; 
ttag +15 ////; 
ttag +16 ////; 
ttag +17 ////; 
ttag +18 ////; 
ttag +19 ////; 
ttag +20 ////; 
ttag +21 ////; 
ttag +22 ////; 
ttag +23 ////; 
ttag +24 ////; 
ttag +25 ////; 
ttag +26 ////; 
ttag +27 ////; 
ttag +28 ////; 
ttag +29 ////; 
ttag +30 ////; 
ttag +31 ////; 
ttag +32 ////; 
ttag +33 ////; 
ttag +34 ////; 
ttag +35 ////; 
ttag +36 ////; 
ttag +37 ////; 
ttag +38 ////; 
ttag +39 ////; 
ttag +40 ////; 
ttag +41 ////; 
ttag +42 ////; 
ttag +43 ////; 
ttag +44 ////; 
ttag +45 ////; 
ttag +46 ////; 
ttag +47 ////; 
ttag +48 ////; 
ttag +49 100/100/100/100/100; 
ttag +50 94/92/91/94/87; 
ttag +51 86/84/80/88/85; 
ttag +52 85/82/72/87/65; 
ttag +53 34/22/18/28/18; 
ttag +54 33/28/19/32/14; 
ttag +55 8/[7]/?/?/?; 
ttag +56 6/[14]/?/?/?; 
ttag +57 17/3/?/?/?; 
ttag +58 98/97/97/99/95; 
ttag +59 86/79/74/79/71; 
ttag +60 35/19/4/34/4; 
ttag +61 22/5/?/6/?; 
ttag +62 16/0/?/11/?; 
ttag +63 25/13/12/24/8; 
ttag +64 25/12/5/24/0; 
ttag +65 82/77/61/79/64; 
ttag +66 75/70/51/69/46; 
ttag +67 96/95/88/92/90; 
ttag +68 99/99/99/100/97; 
ttag +69 99/98/98/99/98; 
ttag +70 70/62/58/74/58; 
ttag +71 75/65/57/73/59; 
ttag +72 98/97/98/98/96; 
ttag +73 100/100/100/100/100; 
ttag +74 94/94/87/95/88; 
ttag +75 49/39/40/45/39; 
ttag +76 42/24/23/27/17; 
ttag +77 98/98/95/99/94; 
ttag +78 80/73/63/85/64; 
ttag +79 94/93/89/98/94; 
ttag +80 29/15/10/16/?; 
ttag +81 64/52/44/54/44; 
ttag +82 51/35/25/50/33; 
ttag +83 76/66/48/66/38; 
ttag +84 93/92/92/94/90; 
ttag +85 98/96/98/99/95; 
ttag +86 80/70/63/65/57; 
ttag +87 99/98/98/98/98; 
ttag +88 99/99/98/99/96; 
ttag +89 72/66/51/75/64; 
ttag +90 73/60/37/61/46; 
ttag +91 97/96/94/97/96; 
ttag +92 47/11/19/17/13; 
ttag +93 92/88/81/93/82; 
ttag +94 24/[11]/?/?/?; 
