tread
'Tree with tags' 
(0 (1 ((2 3 )(4 (5 6 7 11 (8 (9 10 ))(14 (12 13 )(15 (16 17 ))(18 (19 20 ))(21 (22 (23 (24 25 )))(26 (27 (28 ((29 (30 31 ))((32 ((33 34 )(35 (36 (38 (37 39 ))))))((40 (41 (42 43 )))(44 45 (46 47 ))))))))))))))); 
ttag *!; 
ttag +49 ???; 
ttag +50 4; 
ttag +51 3; 
ttag +52 9; 
ttag +53 3; 
ttag +54 8; 
ttag +55 6; 
ttag +56 3; 
ttag +57 1; 
ttag +58 5; 
ttag +59 2; 
ttag +60 3; 
ttag +61 13; 
ttag +62 1; 
ttag +63 3; 
ttag +64 6; 
ttag +65 4; 
ttag +66 2; 
ttag +67 7; 
ttag +68 3; 
ttag +69 2; 
ttag +70 3; 
ttag +71 2; 
ttag +72 5; 
ttag +73 3; 
ttag +74 2; 
ttag +75 2; 
ttag +76 5; 
ttag +77 3; 
ttag +78 1; 
ttag +79 4; 
ttag +80 6; 
ttag +81 2; 
ttag +82 2; 
ttag +83 9; 
ttag +84 7; 
ttag +85 2; 
tread
'Tree with tags' 
(0 (1 ((2 3 )(4 (5 ((7 (6 (11 (8 (9 10 )))))((12 13 )(14 (((15 (16 17 ))(18 (19 20 )))((21 (22 (23 (24 25 ))))(26 (27 (28 ((29 (30 31 ))((32 ((33 34 )(35 (36 (38 (37 39 ))))))((40 (41 (42 43 )))(45 (44 (46 47 ))))))))))))))))))); 
ttag *!; 
ttag +0 ////; 
ttag +1 ////; 
ttag +2 ////; 
ttag +3 ////; 
ttag +4 ////; 
ttag +5 ////; 
ttag +6 ////; 
ttag +7 ////; 
ttag +8 ////; 
ttag +9 ////; 
ttag +10 ////; 
ttag +11 ////; 
ttag +12 ////; 
ttag +13 ////; 
ttag +14 ////; 
ttag +15 ////; 
ttag +16 ////; 
ttag +17 ////; 
ttag +18 ////; 
ttag +19 ////; 
ttag +20 ////; 
ttag +21 ////; 
ttag +22 ////; 
ttag +23 ////; 
ttag +24 ////; 
ttag +25 ////; 
ttag +26 ////; 
ttag +27 ////; 
ttag +28 ////; 
ttag +29 ////; 
ttag +30 ////; 
ttag +31 ////; 
ttag +32 ////; 
ttag +33 ////; 
ttag +34 ////; 
ttag +35 ////; 
ttag +36 ////; 
ttag +37 ////; 
ttag +38 ////; 
ttag +39 ////; 
ttag +40 ////; 
ttag +41 ////; 
ttag +42 ////; 
ttag +43 ////; 
ttag +44 ////; 
ttag +45 ////; 
ttag +46 ////; 
ttag +47 ////; 
ttag +48 ////; 
ttag +49 100/100/100/100/100; 
ttag +50 90/89/92/90/84; 
ttag +51 68/51/50/49/49; 
ttag +52 98/98/94/99/92; 
ttag +53 45/27/31/31/25; 
ttag +54 7/[26]/?/?/?; 
ttag +55 24/7/9/9/8; 
ttag +56 16/[2]/?/?/?; 
ttag +57 99/99/98/99/99; 
ttag +58 14/[3]/2/0/8; 
ttag +59 99/98/96/98/98; 
ttag +60 94/92/85/88/86; 
ttag +61 28/10/12/11/6; 
ttag +62 14/[4]/?/?/?; 
ttag +63 92/90/82/94/87; 
ttag +64 20/5/2/3/0; 
ttag +65 6/[12]/?/?/?; 
ttag +66 86/79/77/74/71; 
ttag +67 74/71/48/60/53; 
ttag +68 100/100/100/100/100; 
ttag +69 29/8/?/3/?; 
ttag +70 29/11/8/6/10; 
ttag +71 80/73/68/78/74; 
ttag +72 98/98/94/97/96; 
ttag +73 98/97/94/96/96; 
ttag +74 84/78/71/78/62; 
ttag +75 95/94/86/95/83; 
ttag +76 84/77/70/84/72; 
ttag +77 69/64/53/59/45; 
ttag +78 82/76/67/72/66; 
ttag +79 68/61/52/63/44; 
ttag +80 95/94/90/94/84; 
ttag +81 73/69/60/75/63; 
ttag +82 72/64/55/60/46; 
ttag +83 67/55/28/52/17; 
ttag +84 94/93/80/93/81; 
ttag +85 93/92/78/91/76; 
ttag +86 60/44/29/48/33; 
ttag +87 93/92/83/96/88; 
ttag +88 98/97/91/97/89; 
ttag +89 60/46/38/46/37; 
ttag +90 50/20/25/33/21; 
ttag +91 100/100/100/100/99; 
ttag +92 18/[17]/?/?/?; 
ttag +93 94/92/87/96/83; 
ttag +94 53/37/27/52/28; 
