tread
'Tree with tags' 
(0 (1 ((2 3 )(4 (5 11 12 13 (6 7 )(8 (9 10 ))(14 ((15 16 17 )(18 (19 20 )))(21 ((26 (22 (23 (24 25 ))))(27 (28 (29 (30 31 ))(32 (33 34 )(35 36 37 (38 39 )))(40 (41 (42 43 )))(44 45 46 47 ))))))))))); 
ttag *!; 
ttag +49 ???; 
ttag +50 5; 
ttag +51 3; 
ttag +52 5; 
ttag +53 1; 
ttag +54 1; 
ttag +55 10; 
ttag +56 1; 
ttag +57 2; 
ttag +58 7; 
ttag +59 3; 
ttag +60 3; 
ttag +61 5; 
ttag +62 4; 
ttag +63 6; 
ttag +64 1; 
ttag +65 4; 
ttag +66 3; 
ttag +67 7; 
ttag +68 2; 
ttag +69 2; 
ttag +70 4; 
ttag +71 2; 
ttag +72 6; 
ttag +73 1; 
ttag +74 3; 
ttag +75 1; 
ttag +76 7; 
ttag +77 2; 
ttag +78 12; 
ttag +79 3; 
tread
'Tree with tags' 
(0 (1 ((2 3 )(4 (11 ((5 (8 (9 10 )))((6 7 )((12 13 )((14 (21 ((26 (22 (23 (24 25 ))))(27 (28 ((((29 (30 31 ))(40 (41 (42 43 ))))((44 45 )(46 47 )))(32 ((33 34 )(35 (37 (36 (38 39 ))))))))))))((15 (16 17 ))(18 (19 20 )))))))))))); 
ttag *!; 
ttag +0 ////; 
ttag +1 ////; 
ttag +2 ////; 
ttag +3 ////; 
ttag +4 ////; 
ttag +5 ////; 
ttag +6 ////; 
ttag +7 ////; 
ttag +8 ////; 
ttag +9 ////; 
ttag +10 ////; 
ttag +11 ////; 
ttag +12 ////; 
ttag +13 ////; 
ttag +14 ////; 
ttag +15 ////; 
ttag +16 ////; 
ttag +17 ////; 
ttag +18 ////; 
ttag +19 ////; 
ttag +20 ////; 
ttag +21 ////; 
ttag +22 ////; 
ttag +23 ////; 
ttag +24 ////; 
ttag +25 ////; 
ttag +26 ////; 
ttag +27 ////; 
ttag +28 ////; 
ttag +29 ////; 
ttag +30 ////; 
ttag +31 ////; 
ttag +32 ////; 
ttag +33 ////; 
ttag +34 ////; 
ttag +35 ////; 
ttag +36 ////; 
ttag +37 ////; 
ttag +38 ////; 
ttag +39 ////; 
ttag +40 ////; 
ttag +41 ////; 
ttag +42 ////; 
ttag +43 ////; 
ttag +44 ////; 
ttag +45 ////; 
ttag +46 ////; 
ttag +47 ////; 
ttag +48 ////; 
ttag +49 100/100/100/100/100; 
ttag +50 99/99/98/99/97; 
ttag +51 80/70/70/82/75; 
ttag +52 97/96/88/94/87; 
ttag +53 16/[26]/?/?/?; 
ttag +54 12/[31]/?/?/?; 
ttag +55 68/56/49/52/51; 
ttag +56 73/70/65/61/63; 
ttag +57 8/[9]/?/?/?; 
ttag +58 100/100/100/100/100; 
ttag +59 68/57/56/56/59; 
ttag +60 25/14/10/16/8; 
ttag +61 18/7/4/4/10; 
ttag +62 17/6/6/8/12; 
ttag +63 43/33/22/38/20; 
ttag +64 98/98/95/98/94; 
ttag +65 81/78/64/83/58; 
ttag +66 33/0/14/6/15; 
ttag +67 90/88/79/93/76; 
ttag +68 99/98/95/97/94; 
ttag +69 80/74/64/76/67; 
ttag +70 90/88/71/87/76; 
ttag +71 26/2/?/8/2; 
ttag +72 80/75/63/76/64; 
ttag +73 78/69/60/69/60; 
ttag +74 98/97/93/97/94; 
ttag +75 47/34/22/38/21; 
ttag +76 64/57/53/58/57; 
ttag +77 78/65/70/84/78; 
ttag +78 8/[36]/?/?/?; 
ttag +79 10/[34]/?/?/?; 
ttag +80 31/[13]/?/?/?; 
ttag +81 87/83/79/87/79; 
ttag +82 99/99/97/98/94; 
ttag +83 70/57/61/64/55; 
ttag +84 54/44/30/33/36; 
ttag +85 84/82/72/82/74; 
ttag +86 46/33/24/36/23; 
ttag +87 46/33/20/28/26; 
ttag +88 76/66/70/75/64; 
ttag +89 98/98/92/98/94; 
ttag +90 63/48/37/59/47; 
ttag +91 100/100/100/100/100; 
ttag +92 8/[16]/?/?/?; 
ttag +93 78/75/61/72/74; 
ttag +94 16/[7]/?/?/1; 
