tread
'Tree with tags' 
(0 (1 ((2 3 )(4 (5 ((7 (6 (8 (9 10 ))))(11 ((12 13 )(14 21 (15 (16 17 ))(18 (19 20 ))((22 (23 (24 25 )))(26 27 28 (29 (30 31 ))((32 (33 34 )(35 (36 (37 (38 39 )))))(40 41 (42 43 ))(44 45 46 47 ))))))))))))); 
ttag *!; 
ttag +49 ???; 
ttag +50 6; 
ttag +51 5; 
ttag +52 7; 
ttag +53 5; 
ttag +54 1; 
ttag +55 2; 
ttag +56 3; 
ttag +57 10; 
ttag +58 2; 
ttag +59 3; 
ttag +60 2; 
ttag +61 2; 
ttag +62 1; 
ttag +63 8; 
ttag +64 1; 
ttag +65 8; 
ttag +66 4; 
ttag +67 2; 
ttag +68 1; 
ttag +69 6; 
ttag +70 10; 
ttag +71 6; 
ttag +72 4; 
ttag +73 5; 
ttag +74 3; 
ttag +75 1; 
ttag +76 4; 
ttag +77 1; 
ttag +78 5; 
ttag +79 9; 
ttag +80 3; 
ttag +81 6; 
ttag +82 2; 
ttag +83 4; 
tread
'Tree with tags' 
(0 (1 ((2 3 )(4 (5 ((7 (6 (8 (9 10 ))))(11 ((12 13 )(((14 21 )((22 (23 (24 25 )))(26 (27 (28 ((29 (30 31 ))(((32 ((33 34 )(35 (36 (37 (38 39 ))))))((44 45 )(46 47 )))(40 (41 (42 43 ))))))))))((15 (16 17 ))(18 (19 20 )))))))))))); 
ttag *!; 
ttag +0 ////; 
ttag +1 ////; 
ttag +2 ////; 
ttag +3 ////; 
ttag +4 ////; 
ttag +5 ////; 
ttag +6 ////; 
ttag +7 ////; 
ttag +8 ////; 
ttag +9 ////; 
ttag +10 ////; 
ttag +11 ////; 
ttag +12 ////; 
ttag +13 ////; 
ttag +14 ////; 
ttag +15 ////; 
ttag +16 ////; 
ttag +17 ////; 
ttag +18 ////; 
ttag +19 ////; 
ttag +20 ////; 
ttag +21 ////; 
ttag +22 ////; 
ttag +23 ////; 
ttag +24 ////; 
ttag +25 ////; 
ttag +26 ////; 
ttag +27 ////; 
ttag +28 ////; 
ttag +29 ////; 
ttag +30 ////; 
ttag +31 ////; 
ttag +32 ////; 
ttag +33 ////; 
ttag +34 ////; 
ttag +35 ////; 
ttag +36 ////; 
ttag +37 ////; 
ttag +38 ////; 
ttag +39 ////; 
ttag +40 ////; 
ttag +41 ////; 
ttag +42 ////; 
ttag +43 ////; 
ttag +44 ////; 
ttag +45 ////; 
ttag +46 ////; 
ttag +47 ////; 
ttag +48 ////; 
ttag +49 100/100/100/100/100; 
ttag +50 96/96/85/95/82; 
ttag +51 89/84/75/94/78; 
ttag +52 81/74/66/84/65; 
ttag +53 64/56/43/76/44; 
ttag +54 61/45/27/44/25; 
ttag +55 79/75/62/73/53; 
ttag +56 58/46/30/65/29; 
ttag +57 100/100/98/100/98; 
ttag +58 82/79/67/81/71; 
ttag +59 57/48/30/64/35; 
ttag +60 59/56/34/60/36; 
ttag +61 49/40/31/54/31; 
ttag +62 11/[6]/0/?/?; 
ttag +63 16/[1]/?/?/?; 
ttag +64 60/51/38/62/39; 
ttag +65 98/97/93/100/95; 
ttag +66 31/13/9/18/9; 
ttag +67 66/50/42/50/46; 
ttag +68 99/99/96/99/98; 
ttag +69 98/98/88/92/88; 
ttag +70 86/82/74/87/75; 
ttag +71 51/44/32/40/32; 
ttag +72 97/96/95/98/96; 
ttag +73 100/100/99/100/99; 
ttag +74 86/86/67/86/73; 
ttag +75 32/7/0/2/?; 
ttag +76 35/22/6/24/11; 
ttag +77 74/70/57/73/61; 
ttag +78 23/11/?/10/1; 
ttag +79 98/98/88/97/92; 
ttag +80 96/96/91/96/90; 
ttag +81 36/18/9/15/1; 
ttag +82 34/12/13/22/11; 
ttag +83 96/95/96/92/90; 
ttag +84 39/3/4/?/4; 
ttag +85 67/54/31/56/41; 
ttag +86 98/98/94/98/96; 
ttag +87 99/98/95/100/96; 
ttag +88 96/95/88/95/92; 
ttag +89 100/100/96/97/98; 
ttag +90 60/46/41/42/31; 
ttag +91 90/85/80/86/75; 
ttag +92 21/[10]/?/?/?; 
ttag +93 92/90/83/87/82; 
ttag +94 22/[9]/?/?/?; 
