tread
'Tree with tags' 
(0 (1 ((2 3 )(4 (5 6 7 (8 9 10 )((11 12 13 )(21 ((14 ((22 (23 (24 25 )))(26 (27 (28 (29 (30 31 ))((32 (((33 34 )(35 36 ))(37 38 39 )))((40 41 (42 43 ))(44 45 46 47 ))))))))((15 (16 17 ))(18 (19 20 ))))))))))); 
ttag *!; 
ttag +49 ???; 
ttag +50 5; 
ttag +51 3; 
ttag +52 6; 
ttag +53 2; 
ttag +54 8; 
ttag +55 1; 
ttag +56 1; 
ttag +57 1; 
ttag +58 2; 
ttag +59 3; 
ttag +60 6; 
ttag +61 2; 
ttag +62 2; 
ttag +63 1; 
ttag +64 14; 
ttag +65 2; 
ttag +66 3; 
ttag +67 8; 
ttag +68 10; 
ttag +69 2; 
ttag +70 4; 
ttag +71 1; 
ttag +72 1; 
ttag +73 1; 
ttag +74 8; 
ttag +75 1; 
ttag +76 4; 
ttag +77 1; 
ttag +78 2; 
ttag +79 1; 
ttag +80 6; 
ttag +81 2; 
ttag +82 2; 
ttag +83 7; 
ttag +84 2; 
tread
'Tree with tags' 
(0 (1 ((2 3 )(4 ((5 (8 (9 10 )))(7 (6 ((12 (11 13 ))(21 ((14 ((22 (23 (24 25 )))(26 (27 ((28 (29 (30 31 )))((32 (((33 34 )(35 36 ))(39 (37 38 ))))((40 (41 (42 43 )))(46 (44 (45 47 ))))))))))((15 (16 17 ))(18 (19 20 ))))))))))))); 
ttag *!; 
ttag +0 ////; 
ttag +1 ////; 
ttag +2 ////; 
ttag +3 ////; 
ttag +4 ////; 
ttag +5 ////; 
ttag +6 ////; 
ttag +7 ////; 
ttag +8 ////; 
ttag +9 ////; 
ttag +10 ////; 
ttag +11 ////; 
ttag +12 ////; 
ttag +13 ////; 
ttag +14 ////; 
ttag +15 ////; 
ttag +16 ////; 
ttag +17 ////; 
ttag +18 ////; 
ttag +19 ////; 
ttag +20 ////; 
ttag +21 ////; 
ttag +22 ////; 
ttag +23 ////; 
ttag +24 ////; 
ttag +25 ////; 
ttag +26 ////; 
ttag +27 ////; 
ttag +28 ////; 
ttag +29 ////; 
ttag +30 ////; 
ttag +31 ////; 
ttag +32 ////; 
ttag +33 ////; 
ttag +34 ////; 
ttag +35 ////; 
ttag +36 ////; 
ttag +37 ////; 
ttag +38 ////; 
ttag +39 ////; 
ttag +40 ////; 
ttag +41 ////; 
ttag +42 ////; 
ttag +43 ////; 
ttag +44 ////; 
ttag +45 ////; 
ttag +46 ////; 
ttag +47 ////; 
ttag +48 ////; 
ttag +49 100/100/100/100/100; 
ttag +50 88/83/80/88/80; 
ttag +51 77/73/65/76/57; 
ttag +52 90/87/74/87/75; 
ttag +53 16/3/7/8/2; 
ttag +54 54/45/29/43/34; 
ttag +55 5/[19]/?/?/?; 
ttag +56 16/3/0/11/?; 
ttag +57 99/98/96/99/97; 
ttag +58 54/25/22/36/25; 
ttag +59 8/[39]/?/?/?; 
ttag +60 52/47/41/50/41; 
ttag +61 31/18/10/19/6; 
ttag +62 16/[7]/?/?/?; 
ttag +63 18/1/5/10/8; 
ttag +64 66/59/37/53/44; 
ttag +65 94/93/86/94/88; 
ttag +66 53/46/36/45/42; 
ttag +67 59/29/17/32/19; 
ttag +68 62/43/32/48/40; 
ttag +69 100/100/100/100/100; 
ttag +70 34/6/5/12/12; 
ttag +71 72/64/59/65/60; 
ttag +72 99/98/98/98/98; 
ttag +73 99/99/99/99/99; 
ttag +74 75/72/62/71/61; 
ttag +75 74/65/52/71/50; 
ttag +76 23/[19]/?/?/?; 
ttag +77 48/39/29/38/28; 
ttag +78 72/66/50/67/60; 
ttag +79 65/44/52/53/48; 
ttag +80 98/97/92/98/93; 
ttag +81 65/58/49/55/50; 
ttag +82 93/91/78/92/82; 
ttag +83 43/27/17/30/16; 
ttag +84 61/52/48/54/50; 
ttag +85 49/33/22/39/24; 
ttag +86 27/[20]/?/?/?; 
ttag +87 93/92/85/94/86; 
ttag +88 64/48/38/49/43; 
ttag +89 76/72/65/67/61; 
ttag +90 23/[2]/6/0/?; 
ttag +91 98/98/93/96/96; 
ttag +92 37/10/17/12/14; 
ttag +93 80/76/76/71/72; 
ttag +94 10/[26]/?/?/?; 
