tread
'Tree with tags' 
(0 (1 (4 ((2 3 )(5 ((6 (7 (8 (9 10 ))))(11 (12 13 (21 ((14 ((22 (23 24 25 ))(26 (27 (28 (40 41 46 47 (29 30 31 )(32 35 (33 34 )(36 (37 38 39 )))(42 43 )(44 45 )))))))((15 (16 17 ))(18 (19 20 ))))))))))))); 
ttag *!; 
ttag +49 ???; 
ttag +50 9; 
ttag +51 1; 
ttag +52 9; 
ttag +53 1; 
ttag +54 1; 
ttag +55 1; 
ttag +56 1; 
ttag +57 14; 
ttag +58 3; 
ttag +59 2; 
ttag +60 3; 
ttag +61 1; 
ttag +62 1; 
ttag +63 3; 
ttag +64 4; 
ttag +65 2; 
ttag +66 5; 
ttag +67 5; 
ttag +68 11; 
ttag +69 1; 
ttag +70 3; 
ttag +71 6; 
ttag +72 4; 
ttag +73 3; 
ttag +74 4; 
ttag +75 5; 
ttag +76 1; 
ttag +77 3; 
ttag +78 3; 
ttag +79 1; 
ttag +80 3; 
ttag +81 4; 
ttag +82 2; 
tread
'Tree with tags' 
(0 (1 (4 ((2 3 )(5 ((6 (7 (8 (9 10 ))))(11 (12 (13 (21 ((14 ((22 (25 (23 24 )))(26 (27 (28 (((30 (29 31 ))(35 ((32 (33 34 ))(36 (38 (37 39 ))))))((40 (41 (42 43 )))((44 45 )(46 47 )))))))))((15 (16 17 ))(18 (19 20 )))))))))))))); 
ttag *!; 
ttag +0 ////; 
ttag +1 ////; 
ttag +2 ////; 
ttag +3 ////; 
ttag +4 ////; 
ttag +5 ////; 
ttag +6 ////; 
ttag +7 ////; 
ttag +8 ////; 
ttag +9 ////; 
ttag +10 ////; 
ttag +11 ////; 
ttag +12 ////; 
ttag +13 ////; 
ttag +14 ////; 
ttag +15 ////; 
ttag +16 ////; 
ttag +17 ////; 
ttag +18 ////; 
ttag +19 ////; 
ttag +20 ////; 
ttag +21 ////; 
ttag +22 ////; 
ttag +23 ////; 
ttag +24 ////; 
ttag +25 ////; 
ttag +26 ////; 
ttag +27 ////; 
ttag +28 ////; 
ttag +29 ////; 
ttag +30 ////; 
ttag +31 ////; 
ttag +32 ////; 
ttag +33 ////; 
ttag +34 ////; 
ttag +35 ////; 
ttag +36 ////; 
ttag +37 ////; 
ttag +38 ////; 
ttag +39 ////; 
ttag +40 ////; 
ttag +41 ////; 
ttag +42 ////; 
ttag +43 ////; 
ttag +44 ////; 
ttag +45 ////; 
ttag +46 ////; 
ttag +47 ////; 
ttag +48 ////; 
ttag +49 100/100/100/100/100; 
ttag +50 96/95/94/99/94; 
ttag +51 32/6/0/6/?; 
ttag +52 99/98/96/100/98; 
ttag +53 48/38/26/40/32; 
ttag +54 36/24/23/24/18; 
ttag +55 37/28/18/26/21; 
ttag +56 25/[17]/?/?/?; 
ttag +57 100/100/100/100/100; 
ttag +58 91/88/84/89/86; 
ttag +59 56/44/39/50/32; 
ttag +60 67/64/49/68/49; 
ttag +61 21/8/4/6/4; 
ttag +62 31/22/12/25/14; 
ttag +63 34/22/19/25/21; 
ttag +64 52/42/32/48/38; 
ttag +65 89/85/74/88/73; 
ttag +66 49/42/35/38/28; 
ttag +67 94/92/92/96/90; 
ttag +68 94/92/86/92/87; 
ttag +69 100/100/100/100/100; 
ttag +70 38/26/23/29/19; 
ttag +71 44/35/28/44/28; 
ttag +72 21/[40]/?/?/?; 
ttag +73 98/97/94/98/95; 
ttag +74 85/81/72/85/70; 
ttag +75 67/56/44/66/39; 
ttag +76 78/72/62/79/54; 
ttag +77 13/[67]/?/?/?; 
ttag +78 94/93/84/93/85; 
ttag +79 30/3/?/?/?; 
ttag +80 66/60/43/60/44; 
ttag +81 31/1/?/?/?; 
ttag +82 11/[18]/?/?/?; 
ttag +83 81/73/68/72/62; 
ttag +84 89/86/74/85/82; 
ttag +85 65/52/48/45/34; 
ttag +86 36/4/2/2/9; 
ttag +87 85/80/81/81/78; 
ttag +88 58/38/31/22/23; 
ttag +89 28/1/0/?/?; 
ttag +90 46/26/23/16/21; 
ttag +91 92/90/82/90/80; 
ttag +92 66/60/63/66/51; 
ttag +93 35/10/4/5/2; 
ttag +94 43/18/15/14/17; 
