tread
'Tree with tags' 
(0 (1 ((2 3 )(4 (5 (((6 ((7 (8 (9 10 )))((12 13 )((15 16 17 )(18 (19 20 ))))))(11 ((22 (23 (24 25 )))(26 (27 ((28 ((29 (30 31 ))(46 (44 45 47 (40 41 (42 43 ))))))(32 (36 (35 (33 34 ))(39 (37 38 ))))))))))(14 21 ))))))); 
ttag *!; 
ttag +49 ???; 
ttag +50 10; 
ttag +51 5; 
ttag +52 8; 
ttag +53 2; 
ttag +54 1; 
ttag +55 1; 
ttag +56 1; 
ttag +57 1; 
ttag +58 1; 
ttag +59 11; 
ttag +60 3; 
ttag +61 2; 
ttag +62 2; 
ttag +63 1; 
ttag +64 1; 
ttag +65 5; 
ttag +66 4; 
ttag +67 3; 
ttag +68 1; 
ttag +69 6; 
ttag +70 1; 
ttag +71 7; 
ttag +72 3; 
ttag +73 5; 
ttag +74 5; 
ttag +75 2; 
ttag +76 6; 
ttag +77 5; 
ttag +78 4; 
ttag +79 4; 
ttag +80 4; 
ttag +81 2; 
ttag +82 1; 
ttag +83 2; 
ttag +84 3; 
ttag +85 8; 
ttag +86 10; 
ttag +87 1; 
ttag +88 2; 
ttag +89 7; 
tread
'Tree with tags' 
(0 (1 ((2 3 )(4 (5 (((6 ((7 (8 (9 10 )))((12 13 )((15 (16 17 ))(18 (19 20 ))))))(11 ((22 (23 (24 25 )))(26 (27 ((28 ((29 (30 31 ))(46 ((47 ((40 41 )(42 43 )))(44 45 )))))(32 ((35 (33 34 ))(36 (39 (37 38 )))))))))))(14 21 ))))))); 
ttag *!; 
ttag +0 ////; 
ttag +1 ////; 
ttag +2 ////; 
ttag +3 ////; 
ttag +4 ////; 
ttag +5 ////; 
ttag +6 ////; 
ttag +7 ////; 
ttag +8 ////; 
ttag +9 ////; 
ttag +10 ////; 
ttag +11 ////; 
ttag +12 ////; 
ttag +13 ////; 
ttag +14 ////; 
ttag +15 ////; 
ttag +16 ////; 
ttag +17 ////; 
ttag +18 ////; 
ttag +19 ////; 
ttag +20 ////; 
ttag +21 ////; 
ttag +22 ////; 
ttag +23 ////; 
ttag +24 ////; 
ttag +25 ////; 
ttag +26 ////; 
ttag +27 ////; 
ttag +28 ////; 
ttag +29 ////; 
ttag +30 ////; 
ttag +31 ////; 
ttag +32 ////; 
ttag +33 ////; 
ttag +34 ////; 
ttag +35 ////; 
ttag +36 ////; 
ttag +37 ////; 
ttag +38 ////; 
ttag +39 ////; 
ttag +40 ////; 
ttag +41 ////; 
ttag +42 ////; 
ttag +43 ////; 
ttag +44 ////; 
ttag +45 ////; 
ttag +46 ////; 
ttag +47 ////; 
ttag +48 ////; 
ttag +49 100/100/100/100/100; 
ttag +50 100/100/99/100/100; 
ttag +51 98/97/88/98/88; 
ttag +52 98/98/88/98/90; 
ttag +53 49/38/34/40/34; 
ttag +54 8/[1]/?/1/?; 
ttag +55 3/[8]/?/?/?; 
ttag +56 31/19/18/13/13; 
ttag +57 32/12/4/5/12; 
ttag +58 12/[8]/?/?/?; 
ttag +59 100/100/100/100/100; 
ttag +60 86/79/72/81/77; 
ttag +61 19/7/6/6/2; 
ttag +62 63/49/39/51/33; 
ttag +63 30/20/12/28/13; 
ttag +64 18/8/?/7/?; 
ttag +65 93/90/89/93/81; 
ttag +66 80/74/57/76/52; 
ttag +67 27/[19]/?/?/?; 
ttag +68 92/90/88/91/90; 
ttag +69 72/61/46/57/48; 
ttag +70 95/94/88/94/89; 
ttag +71 33/20/21/23/18; 
ttag +72 95/93/88/96/92; 
ttag +73 90/84/70/80/75; 
ttag +74 80/72/63/69/64; 
ttag +75 71/64/50/60/54; 
ttag +76 50/41/17/38/17; 
ttag +77 78/74/54/71/62; 
ttag +78 96/95/89/95/90; 
ttag +79 63/56/38/59/34; 
ttag +80 79/70/58/70/56; 
ttag +81 84/80/71/78/63; 
ttag +82 70/62/52/64/51; 
ttag +83 57/46/30/42/20; 
ttag +84 60/49/39/48/32; 
ttag +85 36/10/15/11/15; 
ttag +86 99/99/94/97/95; 
ttag +87 100/100/99/100/98; 
ttag +88 26/[3]/?/?/2; 
ttag +89 99/99/98/100/96; 
ttag +90 15/[18]/?/?/?; 
ttag +91 40/10/?/13/?; 
ttag +92 68/61/42/59/36; 
ttag +93 100/100/99/100/99; 
ttag +94 48/14/34/15/34; 
