tread
'Tree with tags' 
(0 (1 ((2 3 )(5 (4 (11 ((6 7 )(8 (9 10 )))(12 (13 ((14 ((15 (16 17 ))(18 (19 20 ))))(21 ((22 (23 (24 25 )))(26 (27 (28 (((29 (30 31 ))(46 (45 (44 47 ))))(32 ((33 34 )(35 (36 (37 (38 39 ))))))(40 (41 (42 43 )))))))))))))))))); 
ttag *!; 
ttag +49 ???; 
ttag +50 5; 
ttag +51 8; 
ttag +52 1; 
ttag +53 7; 
ttag +54 3; 
ttag +55 1; 
ttag +56 1; 
ttag +57 9; 
ttag +58 7; 
ttag +59 2; 
ttag +60 1; 
ttag +61 4; 
ttag +62 1; 
ttag +63 7; 
ttag +64 5; 
ttag +65 6; 
ttag +66 3; 
ttag +67 8; 
ttag +68 1; 
ttag +69 3; 
ttag +70 3; 
ttag +71 6; 
ttag +72 14; 
ttag +73 4; 
ttag +74 2; 
ttag +75 2; 
ttag +76 3; 
ttag +77 1; 
ttag +78 1; 
ttag +79 2; 
ttag +80 6; 
ttag +81 3; 
ttag +82 1; 
ttag +83 1; 
ttag +84 1; 
ttag +85 2; 
ttag +86 2; 
ttag +87 4; 
ttag +88 3; 
ttag +89 5; 
ttag +90 1; 
ttag +91 1; 
ttag +92 6; 
tread
'Tree with tags' 
(0 (1 ((2 3 )(5 (4 ((11 ((6 7 )(8 (9 10 ))))(12 (13 ((14 ((15 (16 17 ))(18 (19 20 ))))(21 ((22 (23 (24 25 )))(26 (27 (28 (((29 (30 31 ))(46 (45 (44 47 ))))((32 ((33 34 )(35 (36 (37 (38 39 ))))))(40 (41 (42 43 ))))))))))))))))))); 
ttag *!; 
ttag +0 ////; 
ttag +1 ////; 
ttag +2 ////; 
ttag +3 ////; 
ttag +4 ////; 
ttag +5 ////; 
ttag +6 ////; 
ttag +7 ////; 
ttag +8 ////; 
ttag +9 ////; 
ttag +10 ////; 
ttag +11 ////; 
ttag +12 ////; 
ttag +13 ////; 
ttag +14 ////; 
ttag +15 ////; 
ttag +16 ////; 
ttag +17 ////; 
ttag +18 ////; 
ttag +19 ////; 
ttag +20 ////; 
ttag +21 ////; 
ttag +22 ////; 
ttag +23 ////; 
ttag +24 ////; 
ttag +25 ////; 
ttag +26 ////; 
ttag +27 ////; 
ttag +28 ////; 
ttag +29 ////; 
ttag +30 ////; 
ttag +31 ////; 
ttag +32 ////; 
ttag +33 ////; 
ttag +34 ////; 
ttag +35 ////; 
ttag +36 ////; 
ttag +37 ////; 
ttag +38 ////; 
ttag +39 ////; 
ttag +40 ////; 
ttag +41 ////; 
ttag +42 ////; 
ttag +43 ////; 
ttag +44 ////; 
ttag +45 ////; 
ttag +46 ////; 
ttag +47 ////; 
ttag +48 ////; 
ttag +49 100/100/100/100/100; 
ttag +50 98/97/89/94/87; 
ttag +51 100/100/96/99/94; 
ttag +52 32/14/1/9/3; 
ttag +53 96/95/82/97/88; 
ttag +54 91/90/80/88/82; 
ttag +55 22/10/4/12/2; 
ttag +56 2/[13]/?/?/?; 
ttag +57 27/11/0/6/?; 
ttag +58 100/100/99/100/98; 
ttag +59 100/100/100/99/99; 
ttag +60 24/12/9/8/1; 
ttag +61 22/7/1/3/?; 
ttag +62 86/85/72/78/70; 
ttag +63 32/16/16/12/7; 
ttag +64 98/98/94/99/95; 
ttag +65 88/86/78/88/80; 
ttag +66 99/98/93/99/94; 
ttag +67 92/92/90/96/92; 
ttag +68 100/100/97/100/98; 
ttag +69 61/50/26/45/31; 
ttag +70 55/46/36/52/30; 
ttag +71 74/68/59/74/57; 
ttag +72 94/93/84/94/84; 
ttag +73 100/100/100/100/100; 
ttag +74 85/82/72/87/70; 
ttag +75 54/43/24/52/24; 
ttag +76 62/56/44/59/37; 
ttag +77 71/65/60/75/57; 
ttag +78 48/26/13/25/17; 
ttag +79 39/18/11/22/19; 
ttag +80 80/71/48/76/58; 
ttag +81 96/94/80/93/79; 
ttag +82 8/[23]/?/?/?; 
ttag +83 88/86/73/82/77; 
ttag +84 35/6/?/0/2; 
ttag +85 58/29/20/24/32; 
ttag +86 36/0/?/5/?; 
ttag +87 83/78/67/79/74; 
ttag +88 66/56/50/60/59; 
ttag +89 90/87/79/88/84; 
ttag +90 77/71/63/74/59; 
ttag +91 100/100/94/99/96; 
ttag +92 41/27/26/28/18; 
ttag +93 34/20/10/21/7; 
ttag +94 96/96/88/96/88; 
