tread
'Tree with tags' 
(0 (1 ((2 3 )(4 (5 (((6 7 )(11 ((12 13 )((14 ((17 (15 16 ))(18 (19 20 ))))(21 ((22 (23 (24 25 )))(28 ((26 27 )(((29 (30 31 ))(32 ((33 34 )(35 (36 (37 38 39 ))))))((41 (40 (42 43 )))(46 (44 (45 47 )))))))))))))(8 9 10 ))))))); 
ttag *!; 
ttag +49 ???; 
ttag +50 9; 
ttag +51 6; 
ttag +52 5; 
ttag +53 2; 
ttag +54 1; 
ttag +55 1; 
ttag +56 2; 
ttag +57 9; 
ttag +58 1; 
ttag +59 1; 
ttag +60 1; 
ttag +61 2; 
ttag +62 1; 
ttag +63 2; 
ttag +64 2; 
ttag +65 2; 
ttag +66 5; 
ttag +67 9; 
ttag +68 1; 
ttag +69 3; 
ttag +70 1; 
ttag +71 4; 
ttag +72 15; 
ttag +73 1; 
ttag +74 2; 
ttag +75 6; 
ttag +76 8; 
ttag +77 1; 
ttag +78 1; 
ttag +79 3; 
ttag +80 8; 
ttag +81 1; 
ttag +82 1; 
ttag +83 3; 
ttag +84 2; 
ttag +85 4; 
ttag +86 2; 
ttag +87 3; 
ttag +88 3; 
ttag +89 3; 
ttag +90 1; 
ttag +91 1; 
ttag +92 1; 
tread
'Tree with tags' 
(0 (1 ((2 3 )(4 (5 (((6 7 )(11 ((12 13 )((14 ((17 (15 16 ))(18 (19 20 ))))(21 ((22 (23 (24 25 )))(28 ((26 27 )(((29 (30 31 ))(32 ((33 34 )(35 (36 (39 (37 38 )))))))((41 (40 (42 43 )))(46 (44 (45 47 )))))))))))))(8 (9 10 )))))))); 
ttag *!; 
ttag +0 ////; 
ttag +1 ////; 
ttag +2 ////; 
ttag +3 ////; 
ttag +4 ////; 
ttag +5 ////; 
ttag +6 ////; 
ttag +7 ////; 
ttag +8 ////; 
ttag +9 ////; 
ttag +10 ////; 
ttag +11 ////; 
ttag +12 ////; 
ttag +13 ////; 
ttag +14 ////; 
ttag +15 ////; 
ttag +16 ////; 
ttag +17 ////; 
ttag +18 ////; 
ttag +19 ////; 
ttag +20 ////; 
ttag +21 ////; 
ttag +22 ////; 
ttag +23 ////; 
ttag +24 ////; 
ttag +25 ////; 
ttag +26 ////; 
ttag +27 ////; 
ttag +28 ////; 
ttag +29 ////; 
ttag +30 ////; 
ttag +31 ////; 
ttag +32 ////; 
ttag +33 ////; 
ttag +34 ////; 
ttag +35 ////; 
ttag +36 ////; 
ttag +37 ////; 
ttag +38 ////; 
ttag +39 ////; 
ttag +40 ////; 
ttag +41 ////; 
ttag +42 ////; 
ttag +43 ////; 
ttag +44 ////; 
ttag +45 ////; 
ttag +46 ////; 
ttag +47 ////; 
ttag +48 ////; 
ttag +49 100/100/100/100/100; 
ttag +50 99/98/99/99/99; 
ttag +51 96/96/86/94/86; 
ttag +52 78/75/62/79/56; 
ttag +53 45/32/11/38/14; 
ttag +54 66/60/50/56/59; 
ttag +55 11/[6]/?/?/?; 
ttag +56 48/40/25/48/25; 
ttag +57 100/100/100/100/98; 
ttag +58 38/[2]/?/?/?; 
ttag +59 25/7/3/8/2; 
ttag +60 60/44/34/46/41; 
ttag +61 35/26/22/27/19; 
ttag +62 50/44/46/50/38; 
ttag +63 50/43/41/51/42; 
ttag +64 70/62/44/57/45; 
ttag +65 90/85/76/81/74; 
ttag +66 51/30/26/27/14; 
ttag +67 91/87/85/96/83; 
ttag +68 99/99/100/100/100; 
ttag +69 48/41/38/38/26; 
ttag +70 66/60/47/64/48; 
ttag +71 46/36/33/41/27; 
ttag +72 74/64/61/66/66; 
ttag +73 100/100/100/100/100; 
ttag +74 43/29/23/27/21; 
ttag +75 24/2/?/12/3; 
ttag +76 96/95/90/96/88; 
ttag +77 98/98/97/100/97; 
ttag +78 36/6/?/?/?; 
ttag +79 34/20/8/14/10; 
ttag +80 83/78/69/80/66; 
ttag +81 99/99/97/100/97; 
ttag +82 67/47/35/44/35; 
ttag +83 67/54/46/58/57; 
ttag +84 70/66/55/67/49; 
ttag +85 68/61/48/65/51; 
ttag +86 32/[3]/?/?/?; 
ttag +87 90/89/86/90/83; 
ttag +88 63/46/16/45/22; 
ttag +89 69/60/59/69/50; 
ttag +90 70/66/56/73/58; 
ttag +91 94/94/93/93/96; 
ttag +92 39/6/?/10/?; 
ttag +93 68/57/52/56/55; 
ttag +94 34/1/?/?/?; 
