tread
'Tree with tags' 
(0 ((1 (4 (5 (6 7 )(8 (9 10 ))(11 ((21 (((27 (26 28 ))((40 (41 (42 43 )))(44 (45 46 47 ))))((29 (30 31 ))(32 ((33 34 )(35 (36 (37 38 39 ))))))))(22 (23 (24 25 )))))(12 13 )(14 ((15 (16 17 ))(18 (19 20 )))))))(2 3 ))); 
ttag *!; 
ttag +49 1; 
ttag +50 ???; 
ttag +51 8; 
ttag +52 2; 
ttag +53 2; 
ttag +54 1; 
ttag +55 9; 
ttag +56 2; 
ttag +57 2; 
ttag +58 3; 
ttag +59 2; 
ttag +60 5; 
ttag +61 3; 
ttag +62 4; 
ttag +63 1; 
ttag +64 9; 
ttag +65 2; 
ttag +66 2; 
ttag +67 4; 
ttag +68 2; 
ttag +69 6; 
ttag +70 1; 
ttag +71 3; 
ttag +72 1; 
ttag +73 4; 
ttag +74 5; 
ttag +75 1; 
ttag +76 2; 
ttag +77 4; 
ttag +78 2; 
ttag +79 1; 
ttag +80 1; 
ttag +81 2; 
ttag +82 4; 
ttag +83 3; 
ttag +84 1; 
ttag +85 3; 
ttag +86 8; 
ttag +87 1; 
ttag +88 1; 
tread
'Tree with tags' 
(0 ((1 (4 (((5 (8 (9 10 )))((11 ((21 (((27 (26 28 ))((40 (41 (42 43 )))(44 (45 (46 47 )))))((29 (30 31 ))(32 ((33 34 )(35 (36 (38 (37 39 )))))))))(22 (23 (24 25 )))))(12 13 )))((6 7 )(14 ((15 (16 17 ))(18 (19 20 ))))))))(2 3 ))); 
ttag *!; 
ttag +0 ////; 
ttag +1 ////; 
ttag +2 ////; 
ttag +3 ////; 
ttag +4 ////; 
ttag +5 ////; 
ttag +6 ////; 
ttag +7 ////; 
ttag +8 ////; 
ttag +9 ////; 
ttag +10 ////; 
ttag +11 ////; 
ttag +12 ////; 
ttag +13 ////; 
ttag +14 ////; 
ttag +15 ////; 
ttag +16 ////; 
ttag +17 ////; 
ttag +18 ////; 
ttag +19 ////; 
ttag +20 ////; 
ttag +21 ////; 
ttag +22 ////; 
ttag +23 ////; 
ttag +24 ////; 
ttag +25 ////; 
ttag +26 ////; 
ttag +27 ////; 
ttag +28 ////; 
ttag +29 ////; 
ttag +30 ////; 
ttag +31 ////; 
ttag +32 ////; 
ttag +33 ////; 
ttag +34 ////; 
ttag +35 ////; 
ttag +36 ////; 
ttag +37 ////; 
ttag +38 ////; 
ttag +39 ////; 
ttag +40 ////; 
ttag +41 ////; 
ttag +42 ////; 
ttag +43 ////; 
ttag +44 ////; 
ttag +45 ////; 
ttag +46 ////; 
ttag +47 ////; 
ttag +48 ////; 
ttag +49 26/[21]/?/?/?; 
ttag +50 100/100/100/100/100; 
ttag +51 100/100/97/99/98; 
ttag +52 70/54/44/57/42; 
ttag +53 30/[2]/3/2/8; 
ttag +54 0/[31]/?/?/?; 
ttag +55 45/31/24/32/22; 
ttag +56 43/33/34/38/34; 
ttag +57 2/[29]/?/?/?; 
ttag +58 100/100/97/99/100; 
ttag +59 91/86/82/81/79; 
ttag +60 20/10/3/15/5; 
ttag +61 13/[2]/?/?/?; 
ttag +62 80/77/62/79/71; 
ttag +63 42/28/21/27/18; 
ttag +64 95/93/84/97/90; 
ttag +65 74/70/52/70/58; 
ttag +66 89/85/64/82/74; 
ttag +67 46/20/14/12/16; 
ttag +68 100/100/100/100/100; 
ttag +69 29/10/?/6/?; 
ttag +70 41/24/12/29/11; 
ttag +71 88/85/79/92/67; 
ttag +72 80/73/58/71/62; 
ttag +73 96/94/92/95/94; 
ttag +74 26/10/0/4/6; 
ttag +75 48/37/23/41/28; 
ttag +76 27/3/?/2/0; 
ttag +77 62/53/38/52/36; 
ttag +78 75/69/61/71/56; 
ttag +79 45/28/17/26/11; 
ttag +80 74/62/66/71/66; 
ttag +81 78/70/56/78/55; 
ttag +82 71/57/49/60/56; 
ttag +83 56/48/29/45/17; 
ttag +84 46/36/20/32/15; 
ttag +85 64/57/52/60/54; 
ttag +86 29/7/?/?/?; 
ttag +87 79/76/63/80/69; 
ttag +88 92/90/81/92/81; 
ttag +89 63/55/50/58/50; 
ttag +90 65/46/40/46/33; 
ttag +91 98/98/96/99/98; 
ttag +92 55/28/34/30/29; 
ttag +93 24/[2]/?/?/?; 
ttag +94 24/[2]/?/?/?; 
