tread
'Tree with tags' 
(0 (1 ((2 3 )(4 (5 6 7 (11 12 13 14 21 (8 9 10 )((15 16 17 )(18 (19 20 )))(22 (23 (24 25 ))(28 (26 27 )(((29 (30 31 ))(32 33 34 35 36 (39 (37 38 ))))((40 (41 (42 43 )))(44 (45 (46 47 ))))))))))))); 
ttag *!; 
ttag +49 ???; 
ttag +50 4; 
ttag +51 1; 
ttag +52 6; 
ttag +53 2; 
ttag +54 8; 
ttag +55 1; 
ttag +56 8; 
ttag +57 3; 
ttag +58 5; 
ttag +59 9; 
ttag +60 4; 
ttag +61 6; 
ttag +62 2; 
ttag +63 1; 
ttag +64 5; 
ttag +65 4; 
ttag +66 3; 
ttag +67 4; 
ttag +68 4; 
ttag +69 2; 
ttag +70 1; 
ttag +71 4; 
ttag +72 6; 
ttag +73 1; 
ttag +74 1; 
ttag +75 4; 
ttag +76 3; 
ttag +77 1; 
ttag +78 1; 
tread
'Tree with tags' 
(0 (1 ((2 3 )(4 ((5 (13 (11 (((14 (10 (8 9 )))((17 (15 16 ))(18 (19 20 ))))(12 (21 ((22 (23 (24 25 )))((28 (26 27 ))(((29 (30 31 ))((35 (32 36 ))((33 34 )(39 (37 38 )))))((40 (41 (42 43 )))(44 (45 (46 47 )))))))))))))(6 7 )))))); 
ttag *!; 
ttag +0 ////; 
ttag +1 ////; 
ttag +2 ////; 
ttag +3 ////; 
ttag +4 ////; 
ttag +5 ////; 
ttag +6 ////; 
ttag +7 ////; 
ttag +8 ////; 
ttag +9 ////; 
ttag +10 ////; 
ttag +11 ////; 
ttag +12 ////; 
ttag +13 ////; 
ttag +14 ////; 
ttag +15 ////; 
ttag +16 ////; 
ttag +17 ////; 
ttag +18 ////; 
ttag +19 ////; 
ttag +20 ////; 
ttag +21 ////; 
ttag +22 ////; 
ttag +23 ////; 
ttag +24 ////; 
ttag +25 ////; 
ttag +26 ////; 
ttag +27 ////; 
ttag +28 ////; 
ttag +29 ////; 
ttag +30 ////; 
ttag +31 ////; 
ttag +32 ////; 
ttag +33 ////; 
ttag +34 ////; 
ttag +35 ////; 
ttag +36 ////; 
ttag +37 ////; 
ttag +38 ////; 
ttag +39 ////; 
ttag +40 ////; 
ttag +41 ////; 
ttag +42 ////; 
ttag +43 ////; 
ttag +44 ////; 
ttag +45 ////; 
ttag +46 ////; 
ttag +47 ////; 
ttag +48 ////; 
ttag +49 100/100/100/100/100; 
ttag +50 93/90/82/93/89; 
ttag +51 66/44/43/40/45; 
ttag +52 98/98/96/98/97; 
ttag +53 15/[4]/?/?/?; 
ttag +54 46/26/26/31/21; 
ttag +55 55/42/22/30/31; 
ttag +56 32/[11]/?/?/?; 
ttag +57 100/100/98/99/99; 
ttag +58 9/[23]/?/?/?; 
ttag +59 3/[17]/?/?/?; 
ttag +60 2/[17]/?/?/?; 
ttag +61 6/[14]/?/?/?; 
ttag +62 16/[3]/?/5/?; 
ttag +63 2/[7]/?/?/?; 
ttag +64 50/15/5/8/19; 
ttag +65 99/99/96/100/96; 
ttag +66 89/86/72/89/72; 
ttag +67 100/100/97/98/98; 
ttag +68 100/100/100/100/100; 
ttag +69 26/17/11/18/6; 
ttag +70 66/48/48/42/46; 
ttag +71 60/54/46/52/41; 
ttag +72 99/99/96/96/98; 
ttag +73 78/70/66/76/57; 
ttag +74 60/44/42/42/44; 
ttag +75 44/10/19/5/8; 
ttag +76 91/87/82/90/80; 
ttag +77 94/93/84/91/86; 
ttag +78 58/49/37/49/34; 
ttag +79 77/74/62/76/62; 
ttag +80 94/92/79/88/79; 
ttag +81 1/[19]/?/?/?; 
ttag +82 6/[14]/?/?/?; 
ttag +83 63/55/44/55/33; 
ttag +84 61/44/45/49/43; 
ttag +85 35/11/0/1/4; 
ttag +86 68/54/37/53/39; 
ttag +87 86/82/68/86/70; 
ttag +88 97/96/95/97/92; 
ttag +89 52/39/33/45/34; 
ttag +90 46/11/3/10/?; 
ttag +91 92/89/91/92/92; 
ttag +92 63/53/44/59/52; 
ttag +93 16/[5]/?/?/?; 
ttag +94 38/16/5/10/6; 
