tread
'Tree with tags' 
(0 (1 ((2 3 )(4 (5 ((6 7 (8 (9 10 )))(11 ((12 13 )((14 ((15 (16 17 ))(18 (19 20 ))))(21 ((22 (23 (24 25 )))(26 (27 (28 ((29 (30 31 ))((33 (34 ((32 35 )(36 (38 (37 39 ))))))((40 (41 (42 43 )))((44 45 )(46 47 ))))))))))))))))))); 
ttag *!; 
ttag +49 ???; 
ttag +50 3; 
ttag +51 5; 
ttag +52 4; 
ttag +53 3; 
ttag +54 1; 
ttag +55 1; 
ttag +56 10; 
ttag +57 3; 
ttag +58 1; 
ttag +59 1; 
ttag +60 1; 
ttag +61 3; 
ttag +62 2; 
ttag +63 11; 
ttag +64 3; 
ttag +65 2; 
ttag +66 5; 
ttag +67 15; 
ttag +68 1; 
ttag +69 5; 
ttag +70 7; 
ttag +71 6; 
ttag +72 8; 
ttag +73 4; 
ttag +74 1; 
ttag +75 3; 
ttag +76 5; 
ttag +77 1; 
ttag +78 4; 
ttag +79 2; 
ttag +80 2; 
ttag +81 2; 
ttag +82 9; 
ttag +83 1; 
ttag +84 2; 
ttag +85 1; 
ttag +86 7; 
ttag +87 3; 
ttag +88 1; 
ttag +89 3; 
ttag +90 7; 
ttag +91 2; 
ttag +92 3; 
ttag +93 1; 
tread
'Tree with tags' 
(0 (1 ((2 3 )(4 (5 (((6 7 )(8 (9 10 )))(11 ((12 13 )((14 ((15 (16 17 ))(18 (19 20 ))))(21 ((22 (23 (24 25 )))(26 (27 (28 ((29 (30 31 ))((33 (34 ((32 35 )(36 (38 (37 39 ))))))((40 (41 (42 43 )))((44 45 )(46 47 ))))))))))))))))))); 
ttag *!; 
ttag +0 ////; 
ttag +1 ////; 
ttag +2 ////; 
ttag +3 ////; 
ttag +4 ////; 
ttag +5 ////; 
ttag +6 ////; 
ttag +7 ////; 
ttag +8 ////; 
ttag +9 ////; 
ttag +10 ////; 
ttag +11 ////; 
ttag +12 ////; 
ttag +13 ////; 
ttag +14 ////; 
ttag +15 ////; 
ttag +16 ////; 
ttag +17 ////; 
ttag +18 ////; 
ttag +19 ////; 
ttag +20 ////; 
ttag +21 ////; 
ttag +22 ////; 
ttag +23 ////; 
ttag +24 ////; 
ttag +25 ////; 
ttag +26 ////; 
ttag +27 ////; 
ttag +28 ////; 
ttag +29 ////; 
ttag +30 ////; 
ttag +31 ////; 
ttag +32 ////; 
ttag +33 ////; 
ttag +34 ////; 
ttag +35 ////; 
ttag +36 ////; 
ttag +37 ////; 
ttag +38 ////; 
ttag +39 ////; 
ttag +40 ////; 
ttag +41 ////; 
ttag +42 ////; 
ttag +43 ////; 
ttag +44 ////; 
ttag +45 ////; 
ttag +46 ////; 
ttag +47 ////; 
ttag +48 ////; 
ttag +49 100/100/100/100/100; 
ttag +50 81/74/60/76/65; 
ttag +51 97/97/94/97/94; 
ttag +52 88/83/76/88/74; 
ttag +53 76/70/55/72/58; 
ttag +54 11/3/4/0/8; 
ttag +55 28/20/14/23/18; 
ttag +56 19/[13]/?/?/?; 
ttag +57 100/100/99/100/100; 
ttag +58 78/68/67/75/64; 
ttag +59 47/35/28/42/30; 
ttag +60 43/18/19/17/10; 
ttag +61 18/[6]/?/?/?; 
ttag +62 75/69/55/67/52; 
ttag +63 60/53/36/57/40; 
ttag +64 98/98/99/100/98; 
ttag +65 78/72/58/76/54; 
ttag +66 75/72/62/68/58; 
ttag +67 94/92/85/94/81; 
ttag +68 100/100/99/100/100; 
ttag +69 27/13/11/19/8; 
ttag +70 88/84/73/84/72; 
ttag +71 97/96/90/98/91; 
ttag +72 94/92/88/96/86; 
ttag +73 96/96/92/98/91; 
ttag +74 56/36/27/36/21; 
ttag +75 27/7/?/4/?; 
ttag +76 36/16/8/16/1; 
ttag +77 86/80/76/86/80; 
ttag +78 27/7/2/6/?; 
ttag +79 95/94/83/91/85; 
ttag +80 58/46/39/51/38; 
ttag +81 62/55/46/62/53; 
ttag +82 70/59/46/58/48; 
ttag +83 98/98/92/96/91; 
ttag +84 26/6/?/4/?; 
ttag +85 76/72/57/66/66; 
ttag +86 50/36/30/44/32; 
ttag +87 100/100/94/99/96; 
ttag +88 46/25/20/21/15; 
ttag +89 33/13/14/16/4; 
ttag +90 40/10/8/9/0; 
ttag +91 95/93/86/96/83; 
ttag +92 69/67/54/63/51; 
ttag +93 71/68/56/67/59; 
ttag +94 42/36/25/42/28; 
