tread
'Tree with tags' 
(0 (1 ((2 3 )(4 (5 ((6 7 )(8 (9 10 )))(11 ((12 13 )(14 21 22 26 27 28 (23 (24 25 ))(29 (30 31 ))(44 45 46 47 (32 (33 34 )(35 (36 (37 38 39 ))))(40 (41 (42 43 )))))((15 (16 17 ))(18 (19 20 )))))))))); 
ttag *!; 
ttag +49 ???; 
ttag +50 1; 
ttag +51 3; 
ttag +52 3; 
ttag +53 2; 
ttag +54 3; 
ttag +55 1; 
ttag +56 6; 
ttag +57 2; 
ttag +58 4; 
ttag +59 1; 
ttag +60 3; 
ttag +61 1; 
ttag +62 9; 
ttag +63 2; 
ttag +64 1; 
ttag +65 4; 
ttag +66 1; 
ttag +67 4; 
ttag +68 2; 
ttag +69 2; 
ttag +70 5; 
ttag +71 7; 
ttag +72 1; 
ttag +73 4; 
ttag +74 4; 
ttag +75 2; 
ttag +76 5; 
ttag +77 5; 
ttag +78 2; 
ttag +79 4; 
tread
'Tree with tags' 
(0 (1 ((2 3 )(4 (5 (((6 7 )(8 (9 10 )))(11 (((12 13 )((15 (16 17 ))(18 (19 20 ))))(14 (21 (26 ((22 (23 (24 25 )))(27 (28 ((29 (30 31 ))(46 (47 (((32 ((33 34 )(35 (36 (38 (37 39 ))))))(40 (41 (42 43 ))))(44 45 ))))))))))))))))))); 
ttag *!; 
ttag +0 ////; 
ttag +1 ////; 
ttag +2 ////; 
ttag +3 ////; 
ttag +4 ////; 
ttag +5 ////; 
ttag +6 ////; 
ttag +7 ////; 
ttag +8 ////; 
ttag +9 ////; 
ttag +10 ////; 
ttag +11 ////; 
ttag +12 ////; 
ttag +13 ////; 
ttag +14 ////; 
ttag +15 ////; 
ttag +16 ////; 
ttag +17 ////; 
ttag +18 ////; 
ttag +19 ////; 
ttag +20 ////; 
ttag +21 ////; 
ttag +22 ////; 
ttag +23 ////; 
ttag +24 ////; 
ttag +25 ////; 
ttag +26 ////; 
ttag +27 ////; 
ttag +28 ////; 
ttag +29 ////; 
ttag +30 ////; 
ttag +31 ////; 
ttag +32 ////; 
ttag +33 ////; 
ttag +34 ////; 
ttag +35 ////; 
ttag +36 ////; 
ttag +37 ////; 
ttag +38 ////; 
ttag +39 ////; 
ttag +40 ////; 
ttag +41 ////; 
ttag +42 ////; 
ttag +43 ////; 
ttag +44 ////; 
ttag +45 ////; 
ttag +46 ////; 
ttag +47 ////; 
ttag +48 ////; 
ttag +49 100/100/100/100/100; 
ttag +50 68/48/44/53/52; 
ttag +51 88/86/81/92/75; 
ttag +52 84/81/68/81/66; 
ttag +53 64/57/30/49/40; 
ttag +54 88/86/80/87/80; 
ttag +55 50/36/31/45/32; 
ttag +56 32/16/7/10/3; 
ttag +57 97/96/90/97/92; 
ttag +58 90/90/79/82/76; 
ttag +59 66/58/30/55/38; 
ttag +60 41/33/29/29/26; 
ttag +61 16/5/?/3/?; 
ttag +62 59/51/21/50/38; 
ttag +63 34/27/?/19/13; 
ttag +64 100/100/100/100/99; 
ttag +65 47/39/34/37/31; 
ttag +66 60/39/25/49/40; 
ttag +67 95/94/87/96/95; 
ttag +68 87/86/84/81/86; 
ttag +69 24/1/11/13/2; 
ttag +70 48/38/30/36/27; 
ttag +71 14/[8]/?/3/?; 
ttag +72 34/11/15/26/9; 
ttag +73 94/92/88/94/91; 
ttag +74 79/74/67/75/67; 
ttag +75 42/33/22/34/24; 
ttag +76 22/5/11/14/7; 
ttag +77 82/76/66/77/75; 
ttag +78 38/8/2/8/13; 
ttag +79 98/97/94/98/94; 
ttag +80 99/99/96/99/99; 
ttag +81 52/36/32/34/22; 
ttag +82 5/[18]/?/?/?; 
ttag +83 30/7/2/16/?; 
ttag +84 41/28/18/27/14; 
ttag +85 86/84/74/86/70; 
ttag +86 35/16/12/16/10; 
ttag +87 87/83/83/83/75; 
ttag +88 93/92/76/88/76; 
ttag +89 23/[5]/?/?/?; 
ttag +90 99/99/94/98/93; 
ttag +91 94/93/88/95/88; 
ttag +92 78/64/46/59/49; 
ttag +93 97/97/92/96/94; 
ttag +94 61/53/66/53/58; 
