tread
'Tree with tags' 
(0 (1 ((2 3 )(4 (5 ((6 7 )((11 (12 (8 (9 10 ))))(13 (14 ((15 16 17 )(18 (19 20 )))(21 ((22 (23 (24 25 )))(28 ((26 27 )((31 (29 30 ))((32 (33 34 )(35 (36 (38 (37 39 )))))((40 (41 (42 43 )))(44 45 46 47 ))))))))))))))))); 
ttag *!; 
ttag +49 ???; 
ttag +50 7; 
ttag +51 5; 
ttag +52 9; 
ttag +53 4; 
ttag +54 2; 
ttag +55 2; 
ttag +56 10; 
ttag +57 1; 
ttag +58 1; 
ttag +59 2; 
ttag +60 4; 
ttag +61 1; 
ttag +62 1; 
ttag +63 4; 
ttag +64 1; 
ttag +65 4; 
ttag +66 13; 
ttag +67 1; 
ttag +68 2; 
ttag +69 7; 
ttag +70 3; 
ttag +71 4; 
ttag +72 1; 
ttag +73 1; 
ttag +74 1; 
ttag +75 1; 
ttag +76 5; 
ttag +77 1; 
ttag +78 4; 
ttag +79 2; 
ttag +80 9; 
ttag +81 2; 
ttag +82 5; 
ttag +83 2; 
ttag +84 8; 
ttag +85 2; 
ttag +86 1; 
ttag +87 4; 
ttag +88 8; 
ttag +89 2; 
tread
'Tree with tags' 
(0 (1 ((2 3 )(4 (5 ((6 7 )((11 (12 (8 (9 10 ))))(13 (14 (((15 (16 17 ))(18 (19 20 )))(21 ((22 (23 (24 25 )))(28 ((26 27 )((31 (29 30 ))(((32 (33 34 ))(35 (36 (38 (37 39 )))))((40 (41 (42 43 )))(44 (45 (46 47 )))))))))))))))))))); 
ttag *!; 
ttag +0 ////; 
ttag +1 ////; 
ttag +2 ////; 
ttag +3 ////; 
ttag +4 ////; 
ttag +5 ////; 
ttag +6 ////; 
ttag +7 ////; 
ttag +8 ////; 
ttag +9 ////; 
ttag +10 ////; 
ttag +11 ////; 
ttag +12 ////; 
ttag +13 ////; 
ttag +14 ////; 
ttag +15 ////; 
ttag +16 ////; 
ttag +17 ////; 
ttag +18 ////; 
ttag +19 ////; 
ttag +20 ////; 
ttag +21 ////; 
ttag +22 ////; 
ttag +23 ////; 
ttag +24 ////; 
ttag +25 ////; 
ttag +26 ////; 
ttag +27 ////; 
ttag +28 ////; 
ttag +29 ////; 
ttag +30 ////; 
ttag +31 ////; 
ttag +32 ////; 
ttag +33 ////; 
ttag +34 ////; 
ttag +35 ////; 
ttag +36 ////; 
ttag +37 ////; 
ttag +38 ////; 
ttag +39 ////; 
ttag +40 ////; 
ttag +41 ////; 
ttag +42 ////; 
ttag +43 ////; 
ttag +44 ////; 
ttag +45 ////; 
ttag +46 ////; 
ttag +47 ////; 
ttag +48 ////; 
ttag +49 100/100/100/100/100; 
ttag +50 98/98/95/97/94; 
ttag +51 93/91/77/91/84; 
ttag +52 99/98/91/97/94; 
ttag +53 78/70/54/74/60; 
ttag +54 74/72/67/73/67; 
ttag +55 44/21/3/29/12; 
ttag +56 100/100/99/100/100; 
ttag +57 12/[10]/?/?/?; 
ttag +58 21/[2]/?/0/?; 
ttag +59 41/18/?/23/4; 
ttag +60 97/96/92/96/96; 
ttag +61 18/9/4/6/0; 
ttag +62 28/19/4/13/2; 
ttag +63 81/76/67/86/68; 
ttag +64 50/38/36/31/27; 
ttag +65 11/[1]/?/?/?; 
ttag +66 30/[14]/?/?/?; 
ttag +67 91/89/93/90/90; 
ttag +68 100/100/100/100/100; 
ttag +69 52/42/40/51/42; 
ttag +70 85/77/68/74/69; 
ttag +71 92/90/84/92/88; 
ttag +72 92/89/83/87/86; 
ttag +73 84/72/65/81/65; 
ttag +74 46/28/37/37/26; 
ttag +75 14/[10]/?/2/?; 
ttag +76 58/39/36/40/24; 
ttag +77 37/3/?/4/?; 
ttag +78 92/91/75/90/79; 
ttag +79 17/0/3/1/5; 
ttag +80 50/32/20/28/21; 
ttag +81 94/94/76/92/81; 
ttag +82 66/64/54/66/49; 
ttag +83 100/100/97/100/98; 
ttag +84 84/78/60/72/60; 
ttag +85 98/98/94/96/94; 
ttag +86 84/78/66/74/61; 
ttag +87 99/99/97/100/99; 
ttag +88 50/21/13/24/11; 
ttag +89 47/18/12/28/13; 
ttag +90 83/82/79/81/71; 
ttag +91 99/98/97/99/97; 
ttag +92 68/56/50/58/60; 
ttag +93 17/[33]/?/?/?; 
ttag +94 16/[33]/?/?/?; 
