tread
'Tree with tags' 
(0 (1 ((2 3 )(4 (5 (6 7 11 12 13 (10 (8 9 ))((14 21 (16 (15 17 )(18 (19 20 ))))((22 (23 (24 25 )))(26 (27 (28 (((29 (30 31 ))(32 ((33 34 )(35 (36 (37 (38 39 )))))))(40 41 (42 43 ))(44 45 46 47 ))))))))))))); 
ttag *!; 
ttag +49 ???; 
ttag +50 2; 
ttag +51 7; 
ttag +52 2; 
ttag +53 1; 
ttag +54 1; 
ttag +55 1; 
ttag +56 9; 
ttag +57 1; 
ttag +58 4; 
ttag +59 1; 
ttag +60 2; 
ttag +61 7; 
ttag +62 5; 
ttag +63 7; 
ttag +64 2; 
ttag +65 6; 
ttag +66 9; 
ttag +67 4; 
ttag +68 1; 
ttag +69 1; 
ttag +70 5; 
ttag +71 2; 
ttag +72 3; 
ttag +73 4; 
ttag +74 5; 
ttag +75 5; 
ttag +76 1; 
ttag +77 1; 
ttag +78 5; 
ttag +79 7; 
ttag +80 2; 
ttag +81 2; 
ttag +82 3; 
ttag +83 3; 
tread
'Tree with tags' 
(0 (1 ((2 3 )(4 (5 (11 ((6 (7 (10 (8 9 ))))((12 13 )(((14 21 )((16 (15 17 ))(18 (19 20 ))))((22 (23 (24 25 )))(26 (27 (28 ((((29 (30 31 ))(32 ((33 34 )(35 (36 (37 (38 39 )))))))((44 45 )(46 47 )))((40 41 )(42 43 )))))))))))))))); 
ttag *!; 
ttag +0 ////; 
ttag +1 ////; 
ttag +2 ////; 
ttag +3 ////; 
ttag +4 ////; 
ttag +5 ////; 
ttag +6 ////; 
ttag +7 ////; 
ttag +8 ////; 
ttag +9 ////; 
ttag +10 ////; 
ttag +11 ////; 
ttag +12 ////; 
ttag +13 ////; 
ttag +14 ////; 
ttag +15 ////; 
ttag +16 ////; 
ttag +17 ////; 
ttag +18 ////; 
ttag +19 ////; 
ttag +20 ////; 
ttag +21 ////; 
ttag +22 ////; 
ttag +23 ////; 
ttag +24 ////; 
ttag +25 ////; 
ttag +26 ////; 
ttag +27 ////; 
ttag +28 ////; 
ttag +29 ////; 
ttag +30 ////; 
ttag +31 ////; 
ttag +32 ////; 
ttag +33 ////; 
ttag +34 ////; 
ttag +35 ////; 
ttag +36 ////; 
ttag +37 ////; 
ttag +38 ////; 
ttag +39 ////; 
ttag +40 ////; 
ttag +41 ////; 
ttag +42 ////; 
ttag +43 ////; 
ttag +44 ////; 
ttag +45 ////; 
ttag +46 ////; 
ttag +47 ////; 
ttag +48 ////; 
ttag +49 100/100/100/100/100; 
ttag +50 77/62/57/66/52; 
ttag +51 99/99/98/99/97; 
ttag +52 72/65/52/69/52; 
ttag +53 48/40/36/38/36; 
ttag +54 18/2/5/0/3; 
ttag +55 18/6/7/5/6; 
ttag +56 53/44/42/51/34; 
ttag +57 3/[63]/?/?/?; 
ttag +58 80/69/52/71/61; 
ttag +59 100/100/99/100/100; 
ttag +60 46/15/14/23/24; 
ttag +61 36/20/24/26/19; 
ttag +62 45/33/29/32/21; 
ttag +63 26/9/5/16/1; 
ttag +64 70/65/60/77/58; 
ttag +65 49/36/30/47/31; 
ttag +66 36/22/17/12/16; 
ttag +67 57/49/46/56/44; 
ttag +68 97/96/91/97/84; 
ttag +69 97/97/96/98/98; 
ttag +70 99/99/99/100/99; 
ttag +71 53/37/31/40/24; 
ttag +72 99/98/95/96/95; 
ttag +73 100/100/98/100/99; 
ttag +74 86/82/81/88/84; 
ttag +75 70/55/50/64/50; 
ttag +76 61/53/52/63/54; 
ttag +77 96/95/91/96/93; 
ttag +78 49/37/30/40/32; 
ttag +79 15/[14]/?/?/?; 
ttag +80 91/88/80/88/82; 
ttag +81 97/96/92/94/89; 
ttag +82 92/91/76/93/83; 
ttag +83 90/84/68/92/76; 
ttag +84 33/18/14/26/15; 
ttag +85 44/22/14/22/6; 
ttag +86 78/72/53/80/53; 
ttag +87 94/90/84/93/77; 
ttag +88 78/74/61/72/53; 
ttag +89 47/18/11/16/10; 
ttag +90 84/80/79/82/77; 
ttag +91 91/89/78/85/80; 
ttag +92 35/18/21/20/23; 
ttag +93 74/67/63/74/62; 
ttag +94 34/1/0/10/4; 
