tread
'Tree with tags' 
(0 (1 ((2 3 )(4 5 6 7 11 12 13 (8 (9 10 ))(21 (14 (15 ((16 17 )(18 (19 20 ))))((22 (23 (24 25 )))(26 (27 (28 (((29 (30 31 ))(46 (47 (44 (45 (40 41 (42 43 )))))))(32 ((33 34 )(35 (36 (39 (37 38 ))))))))))))))))); 
ttag *!; 
ttag +49 ???; 
ttag +50 6; 
ttag +51 7; 
ttag +52 8; 
ttag +53 6; 
ttag +54 1; 
ttag +55 2; 
ttag +56 2; 
ttag +57 2; 
ttag +58 3; 
ttag +59 2; 
ttag +60 7; 
ttag +61 8; 
ttag +62 7; 
ttag +63 2; 
ttag +64 8; 
ttag +65 11; 
ttag +66 4; 
ttag +67 2; 
ttag +68 3; 
ttag +69 4; 
ttag +70 2; 
ttag +71 2; 
ttag +72 6; 
ttag +73 5; 
ttag +74 5; 
ttag +75 2; 
ttag +76 5; 
ttag +77 4; 
ttag +78 2; 
ttag +79 4; 
ttag +80 8; 
ttag +81 1; 
ttag +82 1; 
ttag +83 1; 
ttag +84 4; 
ttag +85 6; 
tread
'Tree with tags' 
(0 (1 ((2 3 )((5 ((4 11 )(13 (12 (21 ((14 (15 ((16 17 )(18 (19 20 )))))((22 (23 (24 25 )))(26 (27 (28 (((29 (30 31 ))(46 (47 (44 (45 ((40 41 )(42 43 )))))))(32 ((33 34 )(35 (36 (39 (37 38 )))))))))))))))))(7 (6 (8 (9 10 )))))))); 
ttag *!; 
ttag +0 ////; 
ttag +1 ////; 
ttag +2 ////; 
ttag +3 ////; 
ttag +4 ////; 
ttag +5 ////; 
ttag +6 ////; 
ttag +7 ////; 
ttag +8 ////; 
ttag +9 ////; 
ttag +10 ////; 
ttag +11 ////; 
ttag +12 ////; 
ttag +13 ////; 
ttag +14 ////; 
ttag +15 ////; 
ttag +16 ////; 
ttag +17 ////; 
ttag +18 ////; 
ttag +19 ////; 
ttag +20 ////; 
ttag +21 ////; 
ttag +22 ////; 
ttag +23 ////; 
ttag +24 ////; 
ttag +25 ////; 
ttag +26 ////; 
ttag +27 ////; 
ttag +28 ////; 
ttag +29 ////; 
ttag +30 ////; 
ttag +31 ////; 
ttag +32 ////; 
ttag +33 ////; 
ttag +34 ////; 
ttag +35 ////; 
ttag +36 ////; 
ttag +37 ////; 
ttag +38 ////; 
ttag +39 ////; 
ttag +40 ////; 
ttag +41 ////; 
ttag +42 ////; 
ttag +43 ////; 
ttag +44 ////; 
ttag +45 ////; 
ttag +46 ////; 
ttag +47 ////; 
ttag +48 ////; 
ttag +49 100/100/100/100/100; 
ttag +50 97/96/98/98/95; 
ttag +51 98/98/92/98/95; 
ttag +52 42/36/20/32/24; 
ttag +53 7/[8]/?/?/?; 
ttag +54 3/[16]/?/?/?; 
ttag +55 96/95/86/94/81; 
ttag +56 9/[38]/?/?/?; 
ttag +57 55/33/46/40/39; 
ttag +58 99/99/100/100/99; 
ttag +59 83/78/64/77/71; 
ttag +60 24/0/?/?/?; 
ttag +61 23/7/5/8/1; 
ttag +62 20/[4]/?/1/?; 
ttag +63 53/44/24/39/23; 
ttag +64 53/46/33/52/30; 
ttag +65 32/16/8/18/5; 
ttag +66 70/62/51/67/53; 
ttag +67 32/[4]/?/?/?; 
ttag +68 93/92/84/92/81; 
ttag +69 99/99/98/99/98; 
ttag +70 85/78/78/88/71; 
ttag +71 60/44/28/49/28; 
ttag +72 97/96/90/95/90; 
ttag +73 100/100/100/100/99; 
ttag +74 77/74/68/78/64; 
ttag +75 44/12/1/18/?; 
ttag +76 55/40/32/48/23; 
ttag +77 87/83/76/90/80; 
ttag +78 42/32/21/38/24; 
ttag +79 54/50/35/55/34; 
ttag +80 98/98/93/98/94; 
ttag +81 84/80/79/88/74; 
ttag +82 92/91/88/91/82; 
ttag +83 50/34/23/33/24; 
ttag +84 95/94/89/96/89; 
ttag +85 92/90/84/90/77; 
ttag +86 92/92/84/88/86; 
ttag +87 98/98/93/97/94; 
ttag +88 36/[3]/?/?/?; 
ttag +89 97/96/91/98/94; 
ttag +90 24/[14]/?/?/?; 
ttag +91 24/[14]/?/?/?; 
ttag +92 31/[7]/?/1/?; 
ttag +93 69/56/43/57/43; 
ttag +94 98/97/96/98/96; 
