tread
'Tree with tags' 
(0 (1 ((2 3 )(4 (5 (11 (6 7 (8 (9 10 )))(12 13 ((14 21 )((15 (16 17 ))((18 (19 20 ))((22 (23 (24 25 )))(26 (27 (28 ((((29 (30 31 ))(40 (41 (42 43 ))))((44 45 )(46 47 )))((32 (35 (36 (37 (38 39 )))))(33 34 ))))))))))))))))); 
ttag *!; 
ttag +49 ???; 
ttag +50 9; 
ttag +51 5; 
ttag +52 13; 
ttag +53 2; 
ttag +54 1; 
ttag +55 1; 
ttag +56 7; 
ttag +57 3; 
ttag +58 2; 
ttag +59 1; 
ttag +60 1; 
ttag +61 6; 
ttag +62 1; 
ttag +63 2; 
ttag +64 4; 
ttag +65 1; 
ttag +66 11; 
ttag +67 6; 
ttag +68 3; 
ttag +69 8; 
ttag +70 5; 
ttag +71 2; 
ttag +72 2; 
ttag +73 2; 
ttag +74 7; 
ttag +75 2; 
ttag +76 1; 
ttag +77 2; 
ttag +78 7; 
ttag +79 1; 
ttag +80 8; 
ttag +81 3; 
ttag +82 4; 
ttag +83 6; 
ttag +84 1; 
ttag +85 1; 
ttag +86 10; 
ttag +87 3; 
ttag +88 5; 
ttag +89 2; 
ttag +90 1; 
ttag +91 1; 
tread
'Tree with tags' 
(0 (1 ((2 3 )(4 (5 ((11 (6 (7 (8 (9 10 )))))((12 13 )((14 21 )((15 (16 17 ))((18 (19 20 ))((22 (23 (24 25 )))(26 (27 (28 ((((29 (30 31 ))(40 (41 (42 43 ))))((44 45 )(46 47 )))((32 (35 (36 (37 (38 39 )))))(33 34 ))))))))))))))))); 
ttag *!; 
ttag +0 ////; 
ttag +1 ////; 
ttag +2 ////; 
ttag +3 ////; 
ttag +4 ////; 
ttag +5 ////; 
ttag +6 ////; 
ttag +7 ////; 
ttag +8 ////; 
ttag +9 ////; 
ttag +10 ////; 
ttag +11 ////; 
ttag +12 ////; 
ttag +13 ////; 
ttag +14 ////; 
ttag +15 ////; 
ttag +16 ////; 
ttag +17 ////; 
ttag +18 ////; 
ttag +19 ////; 
ttag +20 ////; 
ttag +21 ////; 
ttag +22 ////; 
ttag +23 ////; 
ttag +24 ////; 
ttag +25 ////; 
ttag +26 ////; 
ttag +27 ////; 
ttag +28 ////; 
ttag +29 ////; 
ttag +30 ////; 
ttag +31 ////; 
ttag +32 ////; 
ttag +33 ////; 
ttag +34 ////; 
ttag +35 ////; 
ttag +36 ////; 
ttag +37 ////; 
ttag +38 ////; 
ttag +39 ////; 
ttag +40 ////; 
ttag +41 ////; 
ttag +42 ////; 
ttag +43 ////; 
ttag +44 ////; 
ttag +45 ////; 
ttag +46 ////; 
ttag +47 ////; 
ttag +48 ////; 
ttag +49 100/100/100/100/100; 
ttag +50 99/99/99/100/98; 
ttag +51 93/90/86/89/80; 
ttag +52 100/100/100/100/97; 
ttag +53 49/30/34/50/31; 
ttag +54 83/82/78/82/78; 
ttag +55 12/[15]/?/?/?; 
ttag +56 41/29/29/34/27; 
ttag +57 28/[19]/?/?/?; 
ttag +58 99/99/97/100/99; 
ttag +59 84/76/73/74/68; 
ttag +60 14/2/2/1/1; 
ttag +61 32/20/20/28/21; 
ttag +62 28/14/8/18/16; 
ttag +63 8/[6]/?/?/?; 
ttag +64 98/98/94/96/92; 
ttag +65 11/[5]/?/?/?; 
ttag +66 81/74/63/69/57; 
ttag +67 84/82/78/86/80; 
ttag +68 25/6/8/8/6; 
ttag +69 100/100/100/100/100; 
ttag +70 83/80/78/83/79; 
ttag +71 67/60/48/66/51; 
ttag +72 99/99/99/99/96; 
ttag +73 96/95/93/97/93; 
ttag +74 62/52/49/50/54; 
ttag +75 26/[15]/?/?/?; 
ttag +76 35/23/22/24/23; 
ttag +77 97/96/89/98/90; 
ttag +78 45/32/10/30/16; 
ttag +79 11/[1]/?/?/?; 
ttag +80 50/42/47/53/39; 
ttag +81 100/100/99/99/99; 
ttag +82 26/[9]/?/?/?; 
ttag +83 98/97/94/98/97; 
ttag +84 80/74/72/70/70; 
ttag +85 93/92/88/91/84; 
ttag +86 93/90/87/90/84; 
ttag +87 56/49/44/41/50; 
ttag +88 54/54/48/53/52; 
ttag +89 100/100/97/100/98; 
ttag +90 87/83/66/83/75; 
ttag +91 97/97/97/97/91; 
ttag +92 44/37/28/43/32; 
ttag +93 48/41/24/42/26; 
ttag +94 37/24/25/30/20; 
