tread
'Tree with tags' 
(0 (1 ((2 3 )(5 (4 (14 ((11 12 13 (21 ((22 (23 (24 25 )))(26 (27 (28 (29 30 31 )(32 ((35 (33 34 ))(36 (37 (38 39 )))))((40 (41 (42 43 )))(44 47 (45 46 )))))))))(18 (19 20 )))(15 16 17 )))(6 7 (8 9 10 )))))); 
ttag *!; 
ttag +49 ???; 
ttag +50 6; 
ttag +51 1; 
ttag +52 1; 
ttag +53 7; 
ttag +54 4; 
ttag +55 7; 
ttag +56 1; 
ttag +57 1; 
ttag +58 1; 
ttag +59 7; 
ttag +60 7; 
ttag +61 10; 
ttag +62 1; 
ttag +63 5; 
ttag +64 4; 
ttag +65 3; 
ttag +66 13; 
ttag +67 3; 
ttag +68 2; 
ttag +69 2; 
ttag +70 1; 
ttag +71 4; 
ttag +72 4; 
ttag +73 1; 
ttag +74 3; 
ttag +75 7; 
ttag +76 6; 
ttag +77 4; 
ttag +78 3; 
ttag +79 1; 
ttag +80 3; 
ttag +81 8; 
ttag +82 3; 
ttag +83 1; 
tread
'Tree with tags' 
(0 (1 ((2 3 )(5 ((4 ((14 ((13 ((11 12 )(21 ((22 (23 (24 25 )))(26 (27 (28 ((29 (30 31 ))((32 ((35 (33 34 ))(36 (37 (38 39 )))))((40 (41 (42 43 )))(44 (47 (45 46 )))))))))))))(18 (19 20 ))))(15 (16 17 ))))(7 (6 (8 (9 10 ))))))))); 
ttag *!; 
ttag +0 ////; 
ttag +1 ////; 
ttag +2 ////; 
ttag +3 ////; 
ttag +4 ////; 
ttag +5 ////; 
ttag +6 ////; 
ttag +7 ////; 
ttag +8 ////; 
ttag +9 ////; 
ttag +10 ////; 
ttag +11 ////; 
ttag +12 ////; 
ttag +13 ////; 
ttag +14 ////; 
ttag +15 ////; 
ttag +16 ////; 
ttag +17 ////; 
ttag +18 ////; 
ttag +19 ////; 
ttag +20 ////; 
ttag +21 ////; 
ttag +22 ////; 
ttag +23 ////; 
ttag +24 ////; 
ttag +25 ////; 
ttag +26 ////; 
ttag +27 ////; 
ttag +28 ////; 
ttag +29 ////; 
ttag +30 ////; 
ttag +31 ////; 
ttag +32 ////; 
ttag +33 ////; 
ttag +34 ////; 
ttag +35 ////; 
ttag +36 ////; 
ttag +37 ////; 
ttag +38 ////; 
ttag +39 ////; 
ttag +40 ////; 
ttag +41 ////; 
ttag +42 ////; 
ttag +43 ////; 
ttag +44 ////; 
ttag +45 ////; 
ttag +46 ////; 
ttag +47 ////; 
ttag +48 ////; 
ttag +49 100/100/100/100/100; 
ttag +50 93/90/84/95/83; 
ttag +51 36/20/12/24/14; 
ttag +52 12/[8]/?/?/?; 
ttag +53 18/[1]/?/?/?; 
ttag +54 88/86/77/87/79; 
ttag +55 33/3/7/12/?; 
ttag +56 81/78/70/82/69; 
ttag +57 100/100/96/98/92; 
ttag +58 32/[1]/?/?/?; 
ttag +59 11/[7]/?/?/?; 
ttag +60 5/[12]/?/?/?; 
ttag +61 6/[9]/?/?/?; 
ttag +62 6/[14]/?/?/?; 
ttag +63 10/[5]/?/1/?; 
ttag +64 36/21/6/29/11; 
ttag +65 100/100/97/99/97; 
ttag +66 47/11/24/15/2; 
ttag +67 98/98/97/98/96; 
ttag +68 100/100/99/100/99; 
ttag +69 32/19/17/24/14; 
ttag +70 98/97/88/95/88; 
ttag +71 74/71/54/71/44; 
ttag +72 88/82/84/84/78; 
ttag +73 100/100/100/100/100; 
ttag +74 95/94/89/91/83; 
ttag +75 64/48/33/52/34; 
ttag +76 80/77/68/73/57; 
ttag +77 81/73/67/73/60; 
ttag +78 21/4/1/4/3; 
ttag +79 45/8/12/?/4; 
ttag +80 97/97/87/89/87; 
ttag +81 24/7/0/8/8; 
ttag +82 78/74/56/76/52; 
ttag +83 56/46/26/38/23; 
ttag +84 78/74/54/74/57; 
ttag +85 98/98/96/99/97; 
ttag +86 94/92/82/92/78; 
ttag +87 93/91/78/90/74; 
ttag +88 87/83/74/88/64; 
ttag +89 48/36/22/47/23; 
ttag +90 81/77/66/81/61; 
ttag +91 99/99/97/100/99; 
ttag +92 85/82/68/79/74; 
ttag +93 58/44/20/36/30; 
ttag +94 28/10/7/9/18; 
