tread
'Tree with tags' 
(0 (1 ((2 3 )(4 (5 ((6 7 )(11 14 (10 (8 9 ))(12 13 )(15 (16 17 ))(18 (19 20 ))(21 ((22 (23 (24 25 )))(26 (27 (28 ((29 (30 31 ))((32 ((33 34 )(35 (36 (38 (37 39 ))))))(46 ((40 (41 (42 43 )))(44 45 47 ))))))))))))))))); 
ttag *!; 
ttag +49 ???; 
ttag +50 4; 
ttag +51 2; 
ttag +52 3; 
ttag +53 1; 
ttag +54 2; 
ttag +55 1; 
ttag +56 1; 
ttag +57 6; 
ttag +58 1; 
ttag +59 4; 
ttag +60 9; 
ttag +61 3; 
ttag +62 5; 
ttag +63 9; 
ttag +64 2; 
ttag +65 6; 
ttag +66 2; 
ttag +67 6; 
ttag +68 5; 
ttag +69 9; 
ttag +70 2; 
ttag +71 3; 
ttag +72 4; 
ttag +73 4; 
ttag +74 2; 
ttag +75 3; 
ttag +76 3; 
ttag +77 10; 
ttag +78 4; 
ttag +79 2; 
ttag +80 3; 
ttag +81 1; 
ttag +82 6; 
ttag +83 12; 
ttag +84 3; 
ttag +85 5; 
ttag +86 3; 
ttag +87 7; 
ttag +88 1; 
tread
'Tree with tags' 
(0 (1 ((2 3 )(4 (5 ((6 7 )((10 (8 9 ))(11 ((12 13 )(((14 (15 (16 17 )))(21 ((22 (23 (24 25 )))(26 (27 (28 ((29 (30 31 ))((32 ((33 34 )(35 (36 (38 (37 39 ))))))(46 ((40 (41 (42 43 )))(47 (44 45 ))))))))))))(18 (19 20 )))))))))))); 
ttag *!; 
ttag +0 ////; 
ttag +1 ////; 
ttag +2 ////; 
ttag +3 ////; 
ttag +4 ////; 
ttag +5 ////; 
ttag +6 ////; 
ttag +7 ////; 
ttag +8 ////; 
ttag +9 ////; 
ttag +10 ////; 
ttag +11 ////; 
ttag +12 ////; 
ttag +13 ////; 
ttag +14 ////; 
ttag +15 ////; 
ttag +16 ////; 
ttag +17 ////; 
ttag +18 ////; 
ttag +19 ////; 
ttag +20 ////; 
ttag +21 ////; 
ttag +22 ////; 
ttag +23 ////; 
ttag +24 ////; 
ttag +25 ////; 
ttag +26 ////; 
ttag +27 ////; 
ttag +28 ////; 
ttag +29 ////; 
ttag +30 ////; 
ttag +31 ////; 
ttag +32 ////; 
ttag +33 ////; 
ttag +34 ////; 
ttag +35 ////; 
ttag +36 ////; 
ttag +37 ////; 
ttag +38 ////; 
ttag +39 ////; 
ttag +40 ////; 
ttag +41 ////; 
ttag +42 ////; 
ttag +43 ////; 
ttag +44 ////; 
ttag +45 ////; 
ttag +46 ////; 
ttag +47 ////; 
ttag +48 ////; 
ttag +49 100/100/100/100/100; 
ttag +50 89/82/78/90/73; 
ttag +51 81/76/73/81/84; 
ttag +52 65/54/48/54/46; 
ttag +53 30/20/10/21/4; 
ttag +54 53/42/36/58/48; 
ttag +55 24/14/10/16/3; 
ttag +56 39/18/18/19/21; 
ttag +57 99/99/98/99/98; 
ttag +58 14/[2]/?/9/?; 
ttag +59 8/[12]/?/?/?; 
ttag +60 88/87/80/90/79; 
ttag +61 8/[11]/?/?/?; 
ttag +62 4/[15]/?/?/?; 
ttag +63 9/[10]/?/?/?; 
ttag +64 5/[14]/?/?/?; 
ttag +65 96/95/90/95/89; 
ttag +66 90/85/72/87/73; 
ttag +67 90/88/77/89/80; 
ttag +68 100/100/98/100/99; 
ttag +69 30/24/9/30/14; 
ttag +70 90/88/85/95/80; 
ttag +71 49/40/27/44/28; 
ttag +72 94/92/92/94/88; 
ttag +73 94/92/88/94/88; 
ttag +74 98/98/98/99/96; 
ttag +75 58/33/28/27/4; 
ttag +76 66/61/50/62/46; 
ttag +77 90/87/74/90/79; 
ttag +78 83/79/71/81/67; 
ttag +79 81/76/69/78/65; 
ttag +80 72/68/58/80/58; 
ttag +81 62/44/34/54/46; 
ttag +82 98/98/91/97/94; 
ttag +83 79/76/58/76/61; 
ttag +84 65/55/47/58/54; 
ttag +85 84/82/71/85/72; 
ttag +86 49/11/12/22/27; 
ttag +87 97/96/89/94/90; 
ttag +88 100/100/100/99/100; 
ttag +89 68/54/45/54/54; 
ttag +90 94/93/91/94/88; 
ttag +91 80/74/67/75/73; 
ttag +92 96/94/96/96/94; 
ttag +93 37/[2]/?/?/?; 
ttag +94 48/40/26/33/30; 
