tread
'Tree with tags' 
(0 (1 ((2 3 )(4 5 6 7 11 12 13 (14 (8 (9 10 )))(((15 (16 17 ))(18 (19 20 )))(21 ((22 (23 (24 25 )))(26 (27 28 )(((29 (30 31 ))(40 (41 (42 43 ))))(((35 (32 (33 34 )))(36 (37 38 39 )))(44 45 (46 47 )))))))))))); 
ttag *!; 
ttag +49 ???; 
ttag +50 1; 
ttag +51 10; 
ttag +52 6; 
ttag +53 8; 
ttag +54 1; 
ttag +55 4; 
ttag +56 8; 
ttag +57 3; 
ttag +58 1; 
ttag +59 1; 
ttag +60 6; 
ttag +61 8; 
ttag +62 3; 
ttag +63 1; 
ttag +64 5; 
ttag +65 9; 
ttag +66 8; 
ttag +67 8; 
ttag +68 2; 
ttag +69 3; 
ttag +70 1; 
ttag +71 1; 
ttag +72 5; 
ttag +73 1; 
ttag +74 1; 
ttag +75 5; 
ttag +76 1; 
ttag +77 4; 
ttag +78 2; 
ttag +79 4; 
ttag +80 5; 
ttag +81 1; 
ttag +82 5; 
ttag +83 1; 
ttag +84 1; 
tread
'Tree with tags' 
(0 (1 ((2 3 )(4 (5 (7 (6 ((14 (8 (9 10 )))(12 ((11 13 )(((15 (16 17 ))(18 (19 20 )))(21 ((22 (23 (24 25 )))((26 (((29 (30 31 ))(40 (41 (42 43 ))))(((35 (32 (33 34 )))(36 (38 (37 39 ))))(45 (44 (46 47 ))))))(27 28 ))))))))))))))); 
ttag *!; 
ttag +0 ////; 
ttag +1 ////; 
ttag +2 ////; 
ttag +3 ////; 
ttag +4 ////; 
ttag +5 ////; 
ttag +6 ////; 
ttag +7 ////; 
ttag +8 ////; 
ttag +9 ////; 
ttag +10 ////; 
ttag +11 ////; 
ttag +12 ////; 
ttag +13 ////; 
ttag +14 ////; 
ttag +15 ////; 
ttag +16 ////; 
ttag +17 ////; 
ttag +18 ////; 
ttag +19 ////; 
ttag +20 ////; 
ttag +21 ////; 
ttag +22 ////; 
ttag +23 ////; 
ttag +24 ////; 
ttag +25 ////; 
ttag +26 ////; 
ttag +27 ////; 
ttag +28 ////; 
ttag +29 ////; 
ttag +30 ////; 
ttag +31 ////; 
ttag +32 ////; 
ttag +33 ////; 
ttag +34 ////; 
ttag +35 ////; 
ttag +36 ////; 
ttag +37 ////; 
ttag +38 ////; 
ttag +39 ////; 
ttag +40 ////; 
ttag +41 ////; 
ttag +42 ////; 
ttag +43 ////; 
ttag +44 ////; 
ttag +45 ////; 
ttag +46 ////; 
ttag +47 ////; 
ttag +48 ////; 
ttag +49 100/100/100/100/100; 
ttag +50 72/62/51/66/52; 
ttag +51 100/100/99/100/100; 
ttag +52 96/94/92/97/90; 
ttag +53 27/6/10/0/7; 
ttag +54 2/[26]/?/?/?; 
ttag +55 16/[4]/?/?/0; 
ttag +56 96/94/91/96/87; 
ttag +57 31/10/7/18/12; 
ttag +58 12/[4]/?/?/?; 
ttag +59 82/72/71/79/74; 
ttag +60 15/[2]/?/?/?; 
ttag +61 0/[20]/?/?/?; 
ttag +62 4/[16]/?/?/?; 
ttag +63 98/98/97/99/94; 
ttag +64 70/65/48/68/48; 
ttag +65 11/[9]/?/?/?; 
ttag +66 39/[4]/6/?/2; 
ttag +67 96/94/86/98/92; 
ttag +68 100/100/100/100/100; 
ttag +69 50/29/25/36/21; 
ttag +70 57/47/42/54/49; 
ttag +71 78/75/64/77/66; 
ttag +72 89/83/77/88/76; 
ttag +73 98/97/92/97/94; 
ttag +74 28/[2]/?/?/?; 
ttag +75 99/99/90/96/90; 
ttag +76 75/70/63/72/50; 
ttag +77 88/86/73/89/68; 
ttag +78 38/6/?/7/3; 
ttag +79 58/46/24/44/36; 
ttag +80 89/86/77/89/82; 
ttag +81 64/52/42/52/47; 
ttag +82 41/17/9/3/7; 
ttag +83 92/91/85/93/86; 
ttag +84 28/[2]/?/?/?; 
ttag +85 94/92/85/89/84; 
ttag +86 81/75/74/77/71; 
ttag +87 44/20/24/20/19; 
ttag +88 90/85/77/89/79; 
ttag +89 88/86/78/88/78; 
ttag +90 33/5/7/1/0; 
ttag +91 99/99/96/99/96; 
ttag +92 13/[14]/?/?/?; 
ttag +93 61/46/43/49/46; 
ttag +94 53/39/33/38/39; 
