tread
'Tree with tags' 
(0 (1 ((2 3 )(4 (5 (11 (7 (6 (8 (9 10 ))))((12 13 )((14 ((15 (16 17 ))(18 (19 20 ))))(21 ((22 (23 (24 25 )))(26 (27 (28 (((29 (30 31 ))(32 ((33 34 )(35 (36 (38 (37 39 )))))))((40 41 (42 43 ))(46 (44 45 47 ))))))))))))))))); 
ttag *!; 
ttag +49 ???; 
ttag +50 3; 
ttag +51 4; 
ttag +52 5; 
ttag +53 3; 
ttag +54 1; 
ttag +55 3; 
ttag +56 1; 
ttag +57 7; 
ttag +58 5; 
ttag +59 1; 
ttag +60 2; 
ttag +61 1; 
ttag +62 1; 
ttag +63 5; 
ttag +64 4; 
ttag +65 5; 
ttag +66 8; 
ttag +67 10; 
ttag +68 3; 
ttag +69 6; 
ttag +70 1; 
ttag +71 10; 
ttag +72 5; 
ttag +73 4; 
ttag +74 1; 
ttag +75 1; 
ttag +76 8; 
ttag +77 1; 
ttag +78 5; 
ttag +79 6; 
ttag +80 11; 
ttag +81 7; 
ttag +82 2; 
ttag +83 2; 
ttag +84 2; 
ttag +85 1; 
ttag +86 4; 
ttag +87 2; 
ttag +88 1; 
ttag +89 5; 
ttag +90 1; 
ttag +91 3; 
tread
'Tree with tags' 
(0 (1 ((2 3 )(4 (5 ((11 (7 (6 (8 (9 10 )))))((12 13 )((14 ((15 (16 17 ))(18 (19 20 ))))(21 ((22 (23 (24 25 )))(26 (27 (28 (((29 (30 31 ))(32 ((33 34 )(35 (36 (38 (37 39 )))))))((41 (40 (42 43 )))(46 (44 (45 47 )))))))))))))))))); 
ttag *!; 
ttag +0 ////; 
ttag +1 ////; 
ttag +2 ////; 
ttag +3 ////; 
ttag +4 ////; 
ttag +5 ////; 
ttag +6 ////; 
ttag +7 ////; 
ttag +8 ////; 
ttag +9 ////; 
ttag +10 ////; 
ttag +11 ////; 
ttag +12 ////; 
ttag +13 ////; 
ttag +14 ////; 
ttag +15 ////; 
ttag +16 ////; 
ttag +17 ////; 
ttag +18 ////; 
ttag +19 ////; 
ttag +20 ////; 
ttag +21 ////; 
ttag +22 ////; 
ttag +23 ////; 
ttag +24 ////; 
ttag +25 ////; 
ttag +26 ////; 
ttag +27 ////; 
ttag +28 ////; 
ttag +29 ////; 
ttag +30 ////; 
ttag +31 ////; 
ttag +32 ////; 
ttag +33 ////; 
ttag +34 ////; 
ttag +35 ////; 
ttag +36 ////; 
ttag +37 ////; 
ttag +38 ////; 
ttag +39 ////; 
ttag +40 ////; 
ttag +41 ////; 
ttag +42 ////; 
ttag +43 ////; 
ttag +44 ////; 
ttag +45 ////; 
ttag +46 ////; 
ttag +47 ////; 
ttag +48 ////; 
ttag +49 100/100/100/100/100; 
ttag +50 90/88/82/90/89; 
ttag +51 82/71/52/66/58; 
ttag +52 80/73/57/72/65; 
ttag +53 59/48/34/51/38; 
ttag +54 44/24/22/26/24; 
ttag +55 84/82/67/84/70; 
ttag +56 28/3/?/?/?; 
ttag +57 38/28/13/35/19; 
ttag +58 99/99/97/99/96; 
ttag +59 97/97/89/97/91; 
ttag +60 46/42/28/34/30; 
ttag +61 60/51/38/53/37; 
ttag +62 58/42/24/43/30; 
ttag +63 48/41/29/41/26; 
ttag +64 97/97/86/93/88; 
ttag +65 85/82/72/84/76; 
ttag +66 97/96/93/94/96; 
ttag +67 99/99/98/99/98; 
ttag +68 100/100/100/100/100; 
ttag +69 72/65/47/64/43; 
ttag +70 95/94/90/96/93; 
ttag +71 44/18/5/8/6; 
ttag +72 99/99/99/100/100; 
ttag +73 97/97/92/96/88; 
ttag +74 82/80/63/83/66; 
ttag +75 31/4/?/2/?; 
ttag +76 38/10/7/6/3; 
ttag +77 98/98/88/96/89; 
ttag +78 21/9/3/6/?; 
ttag +79 90/89/68/90/72; 
ttag +80 88/83/53/84/64; 
ttag +81 100/100/98/99/98; 
ttag +82 98/97/94/98/94; 
ttag +83 47/27/23/43/20; 
ttag +84 26/14/?/15/5; 
ttag +85 51/41/34/43/29; 
ttag +86 63/48/46/45/36; 
ttag +87 82/76/50/80/53; 
ttag +88 29/[2]/?/?/?; 
ttag +89 66/52/31/55/28; 
ttag +90 35/18/20/17/28; 
ttag +91 97/95/95/99/97; 
ttag +92 29/6/9/8/10; 
ttag +93 64/50/26/51/32; 
ttag +94 11/[30]/?/?/?; 
