tread
'Tree with tags' 
(0 (1 (2 3 )(13 (4 ((5 ((6 7 )(8 (9 10 ))))(11 (12 ((14 ((17 (15 16 ))(18 (19 20 ))))(21 ((22 (23 (24 25 )))(26 (27 (28 (((29 (30 31 ))(((32 (35 (36 (39 (37 38 )))))(33 34 ))(40 (41 (42 43 )))))(46 (45 (44 47 ))))))))))))))))); 
ttag *!; 
ttag +49 ???; 
ttag +50 1; 
ttag +51 1; 
ttag +52 2; 
ttag +53 1; 
ttag +54 1; 
ttag +55 1; 
ttag +56 2; 
ttag +57 8; 
ttag +58 3; 
ttag +59 1; 
ttag +60 1; 
ttag +61 2; 
ttag +62 1; 
ttag +63 3; 
ttag +64 6; 
ttag +65 4; 
ttag +66 8; 
ttag +67 7; 
ttag +68 1; 
ttag +69 1; 
ttag +70 6; 
ttag +71 2; 
ttag +72 5; 
ttag +73 3; 
ttag +74 3; 
ttag +75 2; 
ttag +76 7; 
ttag +77 1; 
ttag +78 4; 
ttag +79 7; 
ttag +80 1; 
ttag +81 4; 
ttag +82 1; 
ttag +83 4; 
ttag +84 3; 
ttag +85 6; 
ttag +86 1; 
ttag +87 3; 
ttag +88 3; 
ttag +89 1; 
ttag +90 4; 
ttag +91 1; 
ttag +92 2; 
ttag +93 1; 
tread
'Tree with tags' 
(0 (1 ((2 3 )(13 (4 ((5 ((6 7 )(8 (9 10 ))))(11 (12 ((14 ((17 (15 16 ))(18 (19 20 ))))(21 ((22 (23 (24 25 )))(26 (27 (28 (((29 (30 31 ))(((32 (35 (36 (39 (37 38 )))))(33 34 ))(40 (41 (42 43 )))))(46 (45 (44 47 )))))))))))))))))); 
ttag *!; 
ttag +0 ////; 
ttag +1 ////; 
ttag +2 ////; 
ttag +3 ////; 
ttag +4 ////; 
ttag +5 ////; 
ttag +6 ////; 
ttag +7 ////; 
ttag +8 ////; 
ttag +9 ////; 
ttag +10 ////; 
ttag +11 ////; 
ttag +12 ////; 
ttag +13 ////; 
ttag +14 ////; 
ttag +15 ////; 
ttag +16 ////; 
ttag +17 ////; 
ttag +18 ////; 
ttag +19 ////; 
ttag +20 ////; 
ttag +21 ////; 
ttag +22 ////; 
ttag +23 ////; 
ttag +24 ////; 
ttag +25 ////; 
ttag +26 ////; 
ttag +27 ////; 
ttag +28 ////; 
ttag +29 ////; 
ttag +30 ////; 
ttag +31 ////; 
ttag +32 ////; 
ttag +33 ////; 
ttag +34 ////; 
ttag +35 ////; 
ttag +36 ////; 
ttag +37 ////; 
ttag +38 ////; 
ttag +39 ////; 
ttag +40 ////; 
ttag +41 ////; 
ttag +42 ////; 
ttag +43 ////; 
ttag +44 ////; 
ttag +45 ////; 
ttag +46 ////; 
ttag +47 ////; 
ttag +48 ////; 
ttag +49 100/100/100/100/100; 
ttag +50 60/40/26/44/39; 
ttag +51 39/22/24/26/21; 
ttag +52 18/[1]/?/2/?; 
ttag +53 73/69/48/65/50; 
ttag +54 34/23/14/22/7; 
ttag +55 24/14/8/13/6; 
ttag +56 60/55/50/48/47; 
ttag +57 51/33/29/42/16; 
ttag +58 100/100/98/100/97; 
ttag +59 94/91/90/88/83; 
ttag +60 25/14/11/21/3; 
ttag +61 22/10/6/13/4; 
ttag +62 40/21/13/26/12; 
ttag +63 34/24/20/28/20; 
ttag +64 94/93/85/90/89; 
ttag +65 96/96/94/98/94; 
ttag +66 79/75/60/77/54; 
ttag +67 100/100/99/100/97; 
ttag +68 100/100/99/100/99; 
ttag +69 30/18/14/20/13; 
ttag +70 58/39/43/43/50; 
ttag +71 94/93/92/96/88; 
ttag +72 88/82/62/77/58; 
ttag +73 97/97/87/96/92; 
ttag +74 88/86/77/87/81; 
ttag +75 78/66/52/74/52; 
ttag +76 72/64/54/72/57; 
ttag +77 97/96/93/97/89; 
ttag +78 11/[18]/?/?/?; 
ttag +79 93/92/80/87/77; 
ttag +80 100/100/97/98/97; 
ttag +81 54/32/30/25/20; 
ttag +82 88/85/76/86/74; 
ttag +83 14/[14]/?/?/?; 
ttag +84 96/94/87/94/87; 
ttag +85 90/88/80/88/80; 
ttag +86 97/96/90/96/91; 
ttag +87 63/49/38/48/37; 
ttag +88 86/84/76/84/76; 
ttag +89 85/82/63/80/68; 
ttag +90 60/39/42/45/35; 
ttag +91 95/93/91/95/92; 
ttag +92 42/8/1/9/3; 
ttag +93 74/70/67/72/67; 
ttag +94 32/3/12/3/4; 
