tread
'Tree with tags' 
(0 (1 (4 11 (2 3 )(5 (6 7 (8 9 10 )(12 13 ((14 ((15 (16 17 ))(18 (19 20 ))))(21 ((22 (23 (24 25 )))((26 27 )(28 ((29 (30 31 ))(((32 (33 34 ))(35 (36 (37 38 39 ))))((40 (41 (42 43 )))(47 (46 (44 45 ))))))))))))))))); 
ttag *!; 
ttag +49 ???; 
ttag +50 1; 
ttag +51 2; 
ttag +52 1; 
ttag +53 1; 
ttag +54 9; 
ttag +55 1; 
ttag +56 1; 
ttag +57 2; 
ttag +58 3; 
ttag +59 3; 
ttag +60 1; 
ttag +61 3; 
ttag +62 12; 
ttag +63 1; 
ttag +64 5; 
ttag +65 4; 
ttag +66 11; 
ttag +67 6; 
ttag +68 1; 
ttag +69 5; 
ttag +70 1; 
ttag +71 5; 
ttag +72 1; 
ttag +73 3; 
ttag +74 2; 
ttag +75 4; 
ttag +76 2; 
ttag +77 7; 
ttag +78 4; 
ttag +79 3; 
ttag +80 5; 
ttag +81 5; 
ttag +82 2; 
ttag +83 3; 
ttag +84 5; 
ttag +85 1; 
ttag +86 1; 
ttag +87 2; 
tread
'Tree with tags' 
(0 (1 ((4 (2 3 ))(11 (5 (((6 7 )(8 (9 10 )))((12 13 )((14 ((15 (16 17 ))(18 (19 20 ))))(21 ((22 (23 (24 25 )))((26 27 )(28 ((29 (30 31 ))(((32 (33 34 ))(35 (36 (37 (38 39 )))))((40 (41 (42 43 )))(47 (46 (44 45 )))))))))))))))))); 
ttag *!; 
ttag +0 ////; 
ttag +1 ////; 
ttag +2 ////; 
ttag +3 ////; 
ttag +4 ////; 
ttag +5 ////; 
ttag +6 ////; 
ttag +7 ////; 
ttag +8 ////; 
ttag +9 ////; 
ttag +10 ////; 
ttag +11 ////; 
ttag +12 ////; 
ttag +13 ////; 
ttag +14 ////; 
ttag +15 ////; 
ttag +16 ////; 
ttag +17 ////; 
ttag +18 ////; 
ttag +19 ////; 
ttag +20 ////; 
ttag +21 ////; 
ttag +22 ////; 
ttag +23 ////; 
ttag +24 ////; 
ttag +25 ////; 
ttag +26 ////; 
ttag +27 ////; 
ttag +28 ////; 
ttag +29 ////; 
ttag +30 ////; 
ttag +31 ////; 
ttag +32 ////; 
ttag +33 ////; 
ttag +34 ////; 
ttag +35 ////; 
ttag +36 ////; 
ttag +37 ////; 
ttag +38 ////; 
ttag +39 ////; 
ttag +40 ////; 
ttag +41 ////; 
ttag +42 ////; 
ttag +43 ////; 
ttag +44 ////; 
ttag +45 ////; 
ttag +46 ////; 
ttag +47 ////; 
ttag +48 ////; 
ttag +49 100/100/100/100/100; 
ttag +50 74/59/59/64/49; 
ttag +51 22/[4]/?/?/?; 
ttag +52 73/63/53/73/51; 
ttag +53 12/[6]/1/?/?; 
ttag +54 35/17/3/17/15; 
ttag +55 25/11/10/10/13; 
ttag +56 29/14/14/22/19; 
ttag +57 12/1/?/0/0; 
ttag +58 98/98/96/98/95; 
ttag +59 31/[3]/?/?/?; 
ttag +60 15/[6]/?/?/?; 
ttag +61 23/13/18/24/13; 
ttag +62 27/11/5/?/?; 
ttag +63 14/[6]/?/?/?; 
ttag +64 66/54/50/61/52; 
ttag +65 61/56/40/58/44; 
ttag +66 34/14/13/12/6; 
ttag +67 74/64/59/61/53; 
ttag +68 100/100/100/100/100; 
ttag +69 31/23/16/18/16; 
ttag +70 90/85/75/91/76; 
ttag +71 77/74/65/79/62; 
ttag +72 99/99/98/99/98; 
ttag +73 93/91/82/97/86; 
ttag +74 39/23/18/20/16; 
ttag +75 80/78/63/80/69; 
ttag +76 35/12/10/19/9; 
ttag +77 93/92/85/94/80; 
ttag +78 24/1/?/14/4; 
ttag +79 86/82/78/80/80; 
ttag +80 48/26/19/40/27; 
ttag +81 77/74/62/82/65; 
ttag +82 54/45/32/49/30; 
ttag +83 98/98/91/97/88; 
ttag +84 90/86/80/84/77; 
ttag +85 95/94/88/92/91; 
ttag +86 94/92/90/95/86; 
ttag +87 41/13/5/?/?; 
ttag +88 92/86/88/96/88; 
ttag +89 64/59/43/60/48; 
ttag +90 69/58/49/59/53; 
ttag +91 94/93/90/95/90; 
ttag +92 43/18/16/18/9; 
ttag +93 23/[20]/?/?/?; 
ttag +94 71/64/60/78/62; 
