tread
'Tree with tags' 
(0 (1 ((2 3 )(4 (5 11 (6 7 )(12 13 14 21 (8 9 10 )(15 16 17 )(18 (19 20 ))((22 (23 (24 25 )))(26 27 28 (29 (30 31 ))(32 35 (33 34 )(36 (37 (38 39 ))))((40 (41 (42 43 )))(44 45 46 47 )))))))))); 
ttag *!; 
ttag +49 ???; 
ttag +50 6; 
ttag +51 2; 
ttag +52 7; 
ttag +53 2; 
ttag +54 1; 
ttag +55 9; 
ttag +56 2; 
ttag +57 6; 
ttag +58 6; 
ttag +59 3; 
ttag +60 4; 
ttag +61 4; 
ttag +62 5; 
ttag +63 7; 
ttag +64 2; 
ttag +65 1; 
ttag +66 6; 
ttag +67 8; 
ttag +68 3; 
ttag +69 4; 
ttag +70 6; 
ttag +71 2; 
ttag +72 1; 
ttag +73 3; 
ttag +74 4; 
ttag +75 2; 
ttag +76 2; 
tread
'Tree with tags' 
(0 (1 ((2 3 )(4 (5 (11 ((6 7 )((8 (9 10 ))(12 (13 ((14 ((17 (15 16 ))(18 (19 20 ))))(21 ((22 (23 (24 25 )))(26 (27 ((28 ((35 (32 (33 34 )))(36 (37 (38 39 )))))((29 (30 31 ))((40 (41 (42 43 )))(45 (47 (44 46 ))))))))))))))))))))); 
ttag *!; 
ttag +0 ////; 
ttag +1 ////; 
ttag +2 ////; 
ttag +3 ////; 
ttag +4 ////; 
ttag +5 ////; 
ttag +6 ////; 
ttag +7 ////; 
ttag +8 ////; 
ttag +9 ////; 
ttag +10 ////; 
ttag +11 ////; 
ttag +12 ////; 
ttag +13 ////; 
ttag +14 ////; 
ttag +15 ////; 
ttag +16 ////; 
ttag +17 ////; 
ttag +18 ////; 
ttag +19 ////; 
ttag +20 ////; 
ttag +21 ////; 
ttag +22 ////; 
ttag +23 ////; 
ttag +24 ////; 
ttag +25 ////; 
ttag +26 ////; 
ttag +27 ////; 
ttag +28 ////; 
ttag +29 ////; 
ttag +30 ////; 
ttag +31 ////; 
ttag +32 ////; 
ttag +33 ////; 
ttag +34 ////; 
ttag +35 ////; 
ttag +36 ////; 
ttag +37 ////; 
ttag +38 ////; 
ttag +39 ////; 
ttag +40 ////; 
ttag +41 ////; 
ttag +42 ////; 
ttag +43 ////; 
ttag +44 ////; 
ttag +45 ////; 
ttag +46 ////; 
ttag +47 ////; 
ttag +48 ////; 
ttag +49 100/100/100/100/100; 
ttag +50 98/98/98/98/95; 
ttag +51 64/55/48/69/48; 
ttag +52 88/86/80/87/73; 
ttag +53 52/34/30/44/34; 
ttag +54 64/59/51/60/46; 
ttag +55 15/[2]/?/0/0; 
ttag +56 15/[2]/?/?/2; 
ttag +57 99/98/98/100/98; 
ttag +58 31/13/7/22/13; 
ttag +59 14/[59]/?/?/?; 
ttag +60 11/[13]/?/?/?; 
ttag +61 5/[19]/?/?/?; 
ttag +62 13/[10]/?/?/?; 
ttag +63 13/[11]/?/?/?; 
ttag +64 38/[3]/3/?/?; 
ttag +65 96/94/84/96/92; 
ttag +66 20/0/6/?/5; 
ttag +67 98/98/98/99/98; 
ttag +68 98/96/92/94/88; 
ttag +69 10/[9]/?/?/?; 
ttag +70 95/94/89/93/89; 
ttag +71 51/45/34/46/36; 
ttag +72 97/96/89/92/88; 
ttag +73 98/98/97/99/96; 
ttag +74 42/29/18/31/22; 
ttag +75 22/[16]/?/?/?; 
ttag +76 41/26/26/23/16; 
ttag +77 19/[3]/?/?/?; 
ttag +78 80/76/69/81/76; 
ttag +79 13/[9]/?/?/?; 
ttag +80 99/98/96/100/98; 
ttag +81 35/18/9/8/7; 
ttag +82 38/[1]/?/?/?; 
ttag +83 96/94/90/95/90; 
ttag +84 90/87/85/90/79; 
ttag +85 94/93/86/94/88; 
ttag +86 98/98/94/98/94; 
ttag +87 90/89/83/91/85; 
ttag +88 69/64/59/66/54; 
ttag +89 64/61/55/70/54; 
ttag +90 94/94/83/95/85; 
ttag +91 80/74/66/78/66; 
ttag +92 26/2/?/2/?; 
ttag +93 27/2/3/8/1; 
ttag +94 68/58/49/72/58; 
