tread
'Tree with tags' 
(0 ((1 (2 3 ))(4 ((11 (((5 ((10 (8 9 ))(15 (16 17 ))))(6 7 ))(12 (21 (18 (19 20 ))((22 (23 (24 25 )))(26 (28 (27 ((29 (30 31 ))(((32 (35 (36 (38 (37 39 )))))(33 34 ))((40 (41 (42 43 )))(47 (46 (44 45 ))))))))))))))(13 14 ))))); 
ttag *!; 
ttag +49 2; 
ttag +50 ???; 
ttag +51 11; 
ttag +52 9; 
ttag +53 1; 
ttag +54 1; 
ttag +55 1; 
ttag +56 1; 
ttag +57 4; 
ttag +58 1; 
ttag +59 1; 
ttag +60 8; 
ttag +61 1; 
ttag +62 1; 
ttag +63 1; 
ttag +64 6; 
ttag +65 1; 
ttag +66 6; 
ttag +67 1; 
ttag +68 12; 
ttag +69 5; 
ttag +70 3; 
ttag +71 4; 
ttag +72 5; 
ttag +73 4; 
ttag +74 1; 
ttag +75 4; 
ttag +76 8; 
ttag +77 4; 
ttag +78 9; 
ttag +79 1; 
ttag +80 9; 
ttag +81 5; 
ttag +82 3; 
ttag +83 2; 
ttag +84 5; 
ttag +85 2; 
ttag +86 3; 
ttag +87 10; 
ttag +88 2; 
ttag +89 1; 
ttag +90 4; 
ttag +91 2; 
ttag +92 2; 
ttag +93 5; 
tread
'Tree with tags' 
(0 ((1 (2 3 ))(4 ((11 (((5 ((10 (8 9 ))(15 (16 17 ))))(6 7 ))(12 ((18 (19 20 ))(21 ((22 (23 (24 25 )))(26 (28 (27 ((29 (30 31 ))(((32 (35 (36 (38 (37 39 )))))(33 34 ))((40 (41 (42 43 )))(47 (46 (44 45 )))))))))))))))(13 14 ))))); 
ttag *!; 
ttag +0 ////; 
ttag +1 ////; 
ttag +2 ////; 
ttag +3 ////; 
ttag +4 ////; 
ttag +5 ////; 
ttag +6 ////; 
ttag +7 ////; 
ttag +8 ////; 
ttag +9 ////; 
ttag +10 ////; 
ttag +11 ////; 
ttag +12 ////; 
ttag +13 ////; 
ttag +14 ////; 
ttag +15 ////; 
ttag +16 ////; 
ttag +17 ////; 
ttag +18 ////; 
ttag +19 ////; 
ttag +20 ////; 
ttag +21 ////; 
ttag +22 ////; 
ttag +23 ////; 
ttag +24 ////; 
ttag +25 ////; 
ttag +26 ////; 
ttag +27 ////; 
ttag +28 ////; 
ttag +29 ////; 
ttag +30 ////; 
ttag +31 ////; 
ttag +32 ////; 
ttag +33 ////; 
ttag +34 ////; 
ttag +35 ////; 
ttag +36 ////; 
ttag +37 ////; 
ttag +38 ////; 
ttag +39 ////; 
ttag +40 ////; 
ttag +41 ////; 
ttag +42 ////; 
ttag +43 ////; 
ttag +44 ////; 
ttag +45 ////; 
ttag +46 ////; 
ttag +47 ////; 
ttag +48 ////; 
ttag +49 49/32/35/47/40; 
ttag +50 100/100/100/100/100; 
ttag +51 100/100/100/100/100; 
ttag +52 98/97/92/98/95; 
ttag +53 6/[33]/?/?/?; 
ttag +54 6/[14]/?/?/?; 
ttag +55 4/[15]/?/?/?; 
ttag +56 13/[6]/?/?/?; 
ttag +57 83/80/64/75/68; 
ttag +58 42/24/19/24/27; 
ttag +59 57/44/46/54/48; 
ttag +60 99/99/98/100/99; 
ttag +61 25/[14]/?/?/?; 
ttag +62 1/[19]/?/?/?; 
ttag +63 24/11/11/5/11; 
ttag +64 98/98/95/99/95; 
ttag +65 54/34/22/28/24; 
ttag +66 92/89/82/95/85; 
ttag +67 6/[13]/?/?/?; 
ttag +68 100/100/100/100/100; 
ttag +69 4/[15]/?/?/?; 
ttag +70 87/86/76/90/72; 
ttag +71 73/60/46/64/37; 
ttag +72 93/92/85/90/81; 
ttag +73 96/96/87/95/89; 
ttag +74 84/83/67/87/65; 
ttag +75 34/14/11/11/12; 
ttag +76 77/70/45/73/49; 
ttag +77 98/98/95/97/96; 
ttag +78 74/72/43/74/51; 
ttag +79 98/97/94/99/94; 
ttag +80 46/38/34/35/34; 
ttag +81 98/98/95/99/95; 
ttag +82 78/76/55/83/62; 
ttag +83 74/60/43/64/35; 
ttag +84 56/37/37/40/27; 
ttag +85 94/94/94/98/92; 
ttag +86 76/69/58/73/63; 
ttag +87 92/92/94/94/94; 
ttag +88 99/99/96/98/96; 
ttag +89 40/13/10/32/20; 
ttag +90 58/37/33/42/26; 
ttag +91 87/82/82/88/83; 
ttag +92 54/45/36/40/28; 
ttag +93 54/50/36/51/37; 
ttag +94 88/86/75/84/71; 
