tread
'Tree with tags' 
(0 (1 ((2 3 )(4 (5 (6 7 (8 (9 10 ))(12 13 (11 (14 ((15 (16 17 ))(18 (19 20 ))))(21 ((22 (23 (24 25 )))(26 (27 (28 (((29 (30 31 ))((41 (40 (42 43 )))(45 (46 (44 47 )))))(32 (35 ((33 34 )(36 (37 38 39 ))))))))))))))))))); 
ttag *!; 
ttag +49 ???; 
ttag +50 5; 
ttag +51 4; 
ttag +52 8; 
ttag +53 3; 
ttag +54 1; 
ttag +55 6; 
ttag +56 4; 
ttag +57 1; 
ttag +58 1; 
ttag +59 1; 
ttag +60 5; 
ttag +61 3; 
ttag +62 3; 
ttag +63 5; 
ttag +64 11; 
ttag +65 5; 
ttag +66 5; 
ttag +67 1; 
ttag +68 7; 
ttag +69 8; 
ttag +70 7; 
ttag +71 4; 
ttag +72 4; 
ttag +73 2; 
ttag +74 2; 
ttag +75 5; 
ttag +76 1; 
ttag +77 1; 
ttag +78 3; 
ttag +79 1; 
ttag +80 4; 
ttag +81 3; 
ttag +82 2; 
ttag +83 2; 
ttag +84 5; 
ttag +85 4; 
ttag +86 3; 
ttag +87 3; 
ttag +88 3; 
ttag +89 4; 
tread
'Tree with tags' 
(0 (1 ((2 3 )(4 (5 (((6 7 )(8 (9 10 )))(((11 (21 ((22 (23 (24 25 )))(26 (27 (28 (((29 (30 31 ))((41 (40 (42 43 )))(45 (46 (44 47 )))))(32 (35 ((33 34 )(36 (38 (37 39 )))))))))))))(14 ((15 (16 17 ))(18 (19 20 )))))(12 13 )))))))); 
ttag *!; 
ttag +0 ////; 
ttag +1 ////; 
ttag +2 ////; 
ttag +3 ////; 
ttag +4 ////; 
ttag +5 ////; 
ttag +6 ////; 
ttag +7 ////; 
ttag +8 ////; 
ttag +9 ////; 
ttag +10 ////; 
ttag +11 ////; 
ttag +12 ////; 
ttag +13 ////; 
ttag +14 ////; 
ttag +15 ////; 
ttag +16 ////; 
ttag +17 ////; 
ttag +18 ////; 
ttag +19 ////; 
ttag +20 ////; 
ttag +21 ////; 
ttag +22 ////; 
ttag +23 ////; 
ttag +24 ////; 
ttag +25 ////; 
ttag +26 ////; 
ttag +27 ////; 
ttag +28 ////; 
ttag +29 ////; 
ttag +30 ////; 
ttag +31 ////; 
ttag +32 ////; 
ttag +33 ////; 
ttag +34 ////; 
ttag +35 ////; 
ttag +36 ////; 
ttag +37 ////; 
ttag +38 ////; 
ttag +39 ////; 
ttag +40 ////; 
ttag +41 ////; 
ttag +42 ////; 
ttag +43 ////; 
ttag +44 ////; 
ttag +45 ////; 
ttag +46 ////; 
ttag +47 ////; 
ttag +48 ////; 
ttag +49 100/100/100/100/100; 
ttag +50 98/98/95/98/92; 
ttag +51 91/89/82/92/87; 
ttag +52 98/97/87/96/88; 
ttag +53 56/49/18/54/29; 
ttag +54 44/20/16/14/19; 
ttag +55 23/10/10/10/17; 
ttag +56 40/35/12/35/18; 
ttag +57 99/99/98/98/98; 
ttag +58 98/98/95/95/94; 
ttag +59 9/[23]/?/?/?; 
ttag +60 26/12/?/10/?; 
ttag +61 43/38/12/43/30; 
ttag +62 38/24/15/19/13; 
ttag +63 58/54/35/47/33; 
ttag +64 92/89/75/90/77; 
ttag +65 78/73/58/79/66; 
ttag +66 89/84/72/83/82; 
ttag +67 97/96/91/95/90; 
ttag +68 100/100/98/100/100; 
ttag +69 87/84/72/87/70; 
ttag +70 95/92/83/94/84; 
ttag +71 50/19/10/14/1; 
ttag +72 99/98/90/96/90; 
ttag +73 100/100/98/99/98; 
ttag +74 100/100/94/98/95; 
ttag +75 84/76/72/84/71; 
ttag +76 86/79/78/86/73; 
ttag +77 50/40/46/49/45; 
ttag +78 38/19/15/25/8; 
ttag +79 92/89/80/91/79; 
ttag +80 44/27/33/36/26; 
ttag +81 69/59/48/65/62; 
ttag +82 92/90/84/90/82; 
ttag +83 68/62/55/62/54; 
ttag +84 87/82/74/85/70; 
ttag +85 79/67/66/74/66; 
ttag +86 40/2/?/1/4; 
ttag +87 73/67/55/66/54; 
ttag +88 40/27/27/34/24; 
ttag +89 88/86/74/89/74; 
ttag +90 74/71/62/74/61; 
ttag +91 86/81/65/79/68; 
ttag +92 35/5/4/15/3; 
ttag +93 30/1/?/10/?; 
ttag +94 74/70/64/68/59; 
