tread
'Tree with tags' 
(0 (1 ((2 3 )(4 (5 (6 7 (8 (9 10 )))(12 (11 13 14 21 ((15 16 17 )(18 (19 20 )))((22 (23 (24 25 )))(26 (27 (28 (29 (((46 (30 31 ))(32 ((33 34 )(35 (36 (37 38 39 ))))))((47 (41 (40 (42 43 ))))(44 45 ))))))))))))))); 
ttag *!; 
ttag +49 ???; 
ttag +50 8; 
ttag +51 1; 
ttag +52 1; 
ttag +53 2; 
ttag +54 3; 
ttag +55 7; 
ttag +56 1; 
ttag +57 1; 
ttag +58 1; 
ttag +59 4; 
ttag +60 2; 
ttag +61 3; 
ttag +62 7; 
ttag +63 4; 
ttag +64 3; 
ttag +65 6; 
ttag +66 5; 
ttag +67 2; 
ttag +68 2; 
ttag +69 2; 
ttag +70 1; 
ttag +71 6; 
ttag +72 1; 
ttag +73 1; 
ttag +74 1; 
ttag +75 8; 
ttag +76 5; 
ttag +77 2; 
ttag +78 1; 
ttag +79 6; 
ttag +80 8; 
ttag +81 2; 
ttag +82 6; 
ttag +83 1; 
ttag +84 1; 
ttag +85 10; 
ttag +86 2; 
tread
'Tree with tags' 
(0 (1 ((2 3 )(4 (5 (((6 7 )(8 (9 10 )))(12 ((13 (11 ((22 (23 (24 25 )))(26 (27 (28 (29 (((46 (30 31 ))(32 ((33 34 )(35 (36 (39 (37 38 )))))))((47 (41 (40 (42 43 ))))(44 45 ))))))))))((14 21 )((16 (15 17 ))(18 (19 20 )))))))))))); 
ttag *!; 
ttag +0 ////; 
ttag +1 ////; 
ttag +2 ////; 
ttag +3 ////; 
ttag +4 ////; 
ttag +5 ////; 
ttag +6 ////; 
ttag +7 ////; 
ttag +8 ////; 
ttag +9 ////; 
ttag +10 ////; 
ttag +11 ////; 
ttag +12 ////; 
ttag +13 ////; 
ttag +14 ////; 
ttag +15 ////; 
ttag +16 ////; 
ttag +17 ////; 
ttag +18 ////; 
ttag +19 ////; 
ttag +20 ////; 
ttag +21 ////; 
ttag +22 ////; 
ttag +23 ////; 
ttag +24 ////; 
ttag +25 ////; 
ttag +26 ////; 
ttag +27 ////; 
ttag +28 ////; 
ttag +29 ////; 
ttag +30 ////; 
ttag +31 ////; 
ttag +32 ////; 
ttag +33 ////; 
ttag +34 ////; 
ttag +35 ////; 
ttag +36 ////; 
ttag +37 ////; 
ttag +38 ////; 
ttag +39 ////; 
ttag +40 ////; 
ttag +41 ////; 
ttag +42 ////; 
ttag +43 ////; 
ttag +44 ////; 
ttag +45 ////; 
ttag +46 ////; 
ttag +47 ////; 
ttag +48 ////; 
ttag +49 100/100/100/100/100; 
ttag +50 99/99/98/99/97; 
ttag +51 65/54/55/60/52; 
ttag +52 36/7/?/11/4; 
ttag +53 52/42/34/47/38; 
ttag +54 46/14/5/7/10; 
ttag +55 81/79/66/84/70; 
ttag +56 40/32/22/34/26; 
ttag +57 98/98/94/99/95; 
ttag +58 62/45/34/52/30; 
ttag +59 18/[12]/?/?/?; 
ttag +60 13/[17]/?/?/?; 
ttag +61 37/25/8/24/11; 
ttag +62 41/30/16/27/16; 
ttag +63 28/2/?/2/1; 
ttag +64 41/24/7/12/6; 
ttag +65 10/[45]/?/?/?; 
ttag +66 96/95/88/92/84; 
ttag +67 88/87/76/86/77; 
ttag +68 82/79/60/77/54; 
ttag +69 100/100/100/100/98; 
ttag +70 63/55/46/60/48; 
ttag +71 91/90/84/95/83; 
ttag +72 97/97/92/98/94; 
ttag +73 97/97/93/98/96; 
ttag +74 42/15/9/24/18; 
ttag +75 29/2/?/8/?; 
ttag +76 29/2/?/8/?; 
ttag +77 33/18/10/21/11; 
ttag +78 94/92/82/93/85; 
ttag +79 22/[17]/?/?/?; 
ttag +80 14/[24]/?/?/?; 
ttag +81 41/10/5/15/3; 
ttag +82 93/92/89/96/88; 
ttag +83 93/91/88/94/89; 
ttag +84 59/45/28/56/39; 
ttag +85 49/35/17/33/16; 
ttag +86 88/82/77/88/71; 
ttag +87 32/[7]/?/1/?; 
ttag +88 99/99/98/100/97; 
ttag +89 63/46/42/52/34; 
ttag +90 86/85/71/85/72; 
ttag +91 30/13/7/8/10; 
ttag +92 30/12/8/2/10; 
ttag +93 100/100/99/100/99; 
ttag +94 64/60/52/59/50; 
