tread
'Tree with tags' 
(0 (1 ((2 3 )(4 5 (((6 7 (8 (9 10 )))(21 (((14 (11 (12 13 )))((26 27 )((28 (40 (41 (42 43 ))))((29 (30 31 ))((32 (33 (34 (35 (36 (38 (37 39 )))))))(47 (46 (44 45 ))))))))((15 (16 17 ))(18 (19 20 ))))))(22 (23 (24 25 )))))))); 
ttag *!; 
ttag +49 ???; 
ttag +50 3; 
ttag +51 1; 
ttag +52 9; 
ttag +53 1; 
ttag +54 1; 
ttag +55 2; 
ttag +56 9; 
ttag +57 1; 
ttag +58 1; 
ttag +59 1; 
ttag +60 1; 
ttag +61 1; 
ttag +62 1; 
ttag +63 1; 
ttag +64 3; 
ttag +65 3; 
ttag +66 4; 
ttag +67 2; 
ttag +68 11; 
ttag +69 6; 
ttag +70 9; 
ttag +71 11; 
ttag +72 1; 
ttag +73 4; 
ttag +74 1; 
ttag +75 5; 
ttag +76 2; 
ttag +77 1; 
ttag +78 7; 
ttag +79 4; 
ttag +80 1; 
ttag +81 3; 
ttag +82 2; 
ttag +83 3; 
ttag +84 7; 
ttag +85 2; 
ttag +86 5; 
ttag +87 6; 
ttag +88 1; 
ttag +89 7; 
ttag +90 1; 
ttag +91 1; 
ttag +92 4; 
tread
'Tree with tags' 
(0 (1 ((2 3 )((4 5 )(((6 (7 (8 (9 10 ))))(21 (((14 (11 (12 13 )))((26 27 )((28 (40 (41 (42 43 ))))((29 (30 31 ))((32 (33 (34 (35 (36 (38 (37 39 )))))))(47 (46 (44 45 ))))))))((15 (16 17 ))(18 (19 20 ))))))(22 (23 (24 25 )))))))); 
ttag *!; 
ttag +0 ////; 
ttag +1 ////; 
ttag +2 ////; 
ttag +3 ////; 
ttag +4 ////; 
ttag +5 ////; 
ttag +6 ////; 
ttag +7 ////; 
ttag +8 ////; 
ttag +9 ////; 
ttag +10 ////; 
ttag +11 ////; 
ttag +12 ////; 
ttag +13 ////; 
ttag +14 ////; 
ttag +15 ////; 
ttag +16 ////; 
ttag +17 ////; 
ttag +18 ////; 
ttag +19 ////; 
ttag +20 ////; 
ttag +21 ////; 
ttag +22 ////; 
ttag +23 ////; 
ttag +24 ////; 
ttag +25 ////; 
ttag +26 ////; 
ttag +27 ////; 
ttag +28 ////; 
ttag +29 ////; 
ttag +30 ////; 
ttag +31 ////; 
ttag +32 ////; 
ttag +33 ////; 
ttag +34 ////; 
ttag +35 ////; 
ttag +36 ////; 
ttag +37 ////; 
ttag +38 ////; 
ttag +39 ////; 
ttag +40 ////; 
ttag +41 ////; 
ttag +42 ////; 
ttag +43 ////; 
ttag +44 ////; 
ttag +45 ////; 
ttag +46 ////; 
ttag +47 ////; 
ttag +48 ////; 
ttag +49 100/100/100/100/100; 
ttag +50 84/82/72/84/74; 
ttag +51 45/7/9/13/13; 
ttag +52 21/[12]/?/?/?; 
ttag +53 99/99/96/100/95; 
ttag +54 48/41/24/46/30; 
ttag +55 5/[35]/?/?/?; 
ttag +56 41/31/22/37/21; 
ttag +57 19/[28]/?/?/?; 
ttag +58 100/100/99/99/100; 
ttag +59 70/69/74/68/68; 
ttag +60 37/23/19/31/2; 
ttag +61 7/[12]/?/?/?; 
ttag +62 2/[38]/?/?/?; 
ttag +63 1/[39]/?/?/?; 
ttag +64 3/[38]/?/?/?; 
ttag +65 59/42/29/38/28; 
ttag +66 86/81/73/86/78; 
ttag +67 62/56/46/63/52; 
ttag +68 90/87/82/94/82; 
ttag +69 64/48/27/44/43; 
ttag +70 100/100/100/100/100; 
ttag +71 94/94/80/94/86; 
ttag +72 98/98/96/99/97; 
ttag +73 100/100/99/99/100; 
ttag +74 42/18/16/13/14; 
ttag +75 92/90/84/94/85; 
ttag +76 15/[30]/?/?/?; 
ttag +77 74/71/61/71/65; 
ttag +78 54/40/43/46/30; 
ttag +79 31/[5]/?/?/4; 
ttag +80 98/98/99/99/99; 
ttag +81 88/86/82/93/78; 
ttag +82 26/[10]/?/?/?; 
ttag +83 77/71/70/85/68; 
ttag +84 74/72/64/72/69; 
ttag +85 86/85/82/85/81; 
ttag +86 97/96/94/96/93; 
ttag +87 74/69/49/67/59; 
ttag +88 96/95/90/97/86; 
ttag +89 95/94/86/93/87; 
ttag +90 65/41/10/26/18; 
ttag +91 98/98/93/98/96; 
ttag +92 43/22/20/9/22; 
ttag +93 48/24/17/14/29; 
ttag +94 89/87/79/87/86; 
