tread
'Tree with tags' 
(0 (1 ((2 3 )((4 5 (11 (6 (7 (8 (9 10 ))))))(12 13 (14 ((15 (16 17 ))(18 (19 20 ))))(21 (22 (23 (24 25 ))(26 (27 (28 ((29 (30 31 ))(33 34 (32 35 36 (37 (38 39 ))))(44 45 46 47 (40 (41 (42 43 ))))))))))))))); 
ttag *!; 
ttag +49 ???; 
ttag +50 9; 
ttag +51 4; 
ttag +52 1; 
ttag +53 4; 
ttag +54 1; 
ttag +55 1; 
ttag +56 1; 
ttag +57 11; 
ttag +58 2; 
ttag +59 3; 
ttag +60 2; 
ttag +61 6; 
ttag +62 2; 
ttag +63 6; 
ttag +64 6; 
ttag +65 13; 
ttag +66 3; 
ttag +67 3; 
ttag +68 5; 
ttag +69 6; 
ttag +70 4; 
ttag +71 1; 
ttag +72 4; 
ttag +73 2; 
ttag +74 5; 
ttag +75 2; 
ttag +76 2; 
ttag +77 2; 
ttag +78 9; 
ttag +79 3; 
ttag +80 8; 
ttag +81 1; 
ttag +82 3; 
ttag +83 7; 
tread
'Tree with tags' 
(0 (1 ((2 3 )((4 (5 (11 (6 (7 (8 (9 10 )))))))(((12 13 )(21 ((22 (23 (24 25 )))(26 (27 (28 ((29 (30 31 ))((33 (34 ((32 35 )(36 (37 (38 39 ))))))(47 (44 (45 (46 (40 (41 (42 43 )))))))))))))))(14 ((15 (16 17 ))(18 (19 20 ))))))))); 
ttag *!; 
ttag +0 ////; 
ttag +1 ////; 
ttag +2 ////; 
ttag +3 ////; 
ttag +4 ////; 
ttag +5 ////; 
ttag +6 ////; 
ttag +7 ////; 
ttag +8 ////; 
ttag +9 ////; 
ttag +10 ////; 
ttag +11 ////; 
ttag +12 ////; 
ttag +13 ////; 
ttag +14 ////; 
ttag +15 ////; 
ttag +16 ////; 
ttag +17 ////; 
ttag +18 ////; 
ttag +19 ////; 
ttag +20 ////; 
ttag +21 ////; 
ttag +22 ////; 
ttag +23 ////; 
ttag +24 ////; 
ttag +25 ////; 
ttag +26 ////; 
ttag +27 ////; 
ttag +28 ////; 
ttag +29 ////; 
ttag +30 ////; 
ttag +31 ////; 
ttag +32 ////; 
ttag +33 ////; 
ttag +34 ////; 
ttag +35 ////; 
ttag +36 ////; 
ttag +37 ////; 
ttag +38 ////; 
ttag +39 ////; 
ttag +40 ////; 
ttag +41 ////; 
ttag +42 ////; 
ttag +43 ////; 
ttag +44 ////; 
ttag +45 ////; 
ttag +46 ////; 
ttag +47 ////; 
ttag +48 ////; 
ttag +49 100/100/100/100/100; 
ttag +50 100/100/100/100/98; 
ttag +51 86/82/71/89/71; 
ttag +52 20/2/0/12/3; 
ttag +53 84/82/72/88/67; 
ttag +54 12/[19]/?/?/?; 
ttag +55 37/24/22/29/15; 
ttag +56 34/20/15/35/10; 
ttag +57 36/23/20/29/17; 
ttag +58 100/100/100/100/99; 
ttag +59 56/42/41/51/39; 
ttag +60 38/21/5/10/9; 
ttag +61 20/[12]/?/?/?; 
ttag +62 58/51/39/60/34; 
ttag +63 75/68/57/66/59; 
ttag +64 100/100/95/98/98; 
ttag +65 81/74/76/84/69; 
ttag +66 99/99/99/99/97; 
ttag +67 99/99/97/99/98; 
ttag +68 100/100/100/100/100; 
ttag +69 78/72/62/72/64; 
ttag +70 68/52/42/51/39; 
ttag +71 93/93/88/93/84; 
ttag +72 95/93/90/96/86; 
ttag +73 96/94/94/97/92; 
ttag +74 96/95/91/95/89; 
ttag +75 66/47/52/49/42; 
ttag +76 97/96/94/98/92; 
ttag +77 86/77/68/79/76; 
ttag +78 95/94/87/95/88; 
ttag +79 90/87/86/87/81; 
ttag +80 32/18/7/10/17; 
ttag +81 86/83/75/86/75; 
ttag +82 20/[32]/?/?/?; 
ttag +83 91/90/82/92/81; 
ttag +84 28/[18]/?/?/?; 
ttag +85 33/6/1/10/12; 
ttag +86 99/99/98/99/98; 
ttag +87 86/81/76/90/76; 
ttag +88 98/98/98/99/97; 
ttag +89 21/2/?/4/?; 
ttag +90 26/12/4/6/6; 
ttag +91 42/29/22/23/24; 
ttag +92 56/46/36/40/34; 
ttag +93 78/71/54/68/60; 
ttag +94 100/100/98/98/95; 
