tread
'Tree with tags' 
(0 (1 ((2 3 )(4 (5 (((6 7 )(8 9 10 ))(11 (12 13 14 ((15 (16 17 ))(18 (19 20 )))(21 ((22 (23 (24 25 )))(26 (27 (28 ((29 (30 31 ))((32 ((33 34 )(35 (36 (37 (38 39 ))))))((40 41 (42 43 ))(44 (47 (45 46 ))))))))))))))))))); 
ttag *!; 
ttag +49 ???; 
ttag +50 7; 
ttag +51 7; 
ttag +52 5; 
ttag +53 2; 
ttag +54 1; 
ttag +55 1; 
ttag +56 1; 
ttag +57 10; 
ttag +58 2; 
ttag +59 2; 
ttag +60 9; 
ttag +61 3; 
ttag +62 2; 
ttag +63 2; 
ttag +64 9; 
ttag +65 2; 
ttag +66 6; 
ttag +67 2; 
ttag +68 6; 
ttag +69 1; 
ttag +70 4; 
ttag +71 4; 
ttag +72 3; 
ttag +73 3; 
ttag +74 2; 
ttag +75 3; 
ttag +76 1; 
ttag +77 2; 
ttag +78 4; 
ttag +79 3; 
ttag +80 2; 
ttag +81 4; 
ttag +82 7; 
ttag +83 1; 
ttag +84 8; 
ttag +85 2; 
ttag +86 8; 
ttag +87 2; 
ttag +88 1; 
ttag +89 3; 
tread
'Tree with tags' 
(0 (1 ((2 3 )(4 (5 (((6 7 )(9 (8 10 )))(11 (13 ((14 (12 (21 ((22 (23 (24 25 )))(26 (27 (28 ((29 (30 31 ))((32 ((33 34 )(35 (36 (37 (38 39 ))))))((41 (40 (42 43 )))(44 (47 (45 46 )))))))))))))((15 (16 17 ))(18 (19 20 )))))))))))); 
ttag *!; 
ttag +0 ////; 
ttag +1 ////; 
ttag +2 ////; 
ttag +3 ////; 
ttag +4 ////; 
ttag +5 ////; 
ttag +6 ////; 
ttag +7 ////; 
ttag +8 ////; 
ttag +9 ////; 
ttag +10 ////; 
ttag +11 ////; 
ttag +12 ////; 
ttag +13 ////; 
ttag +14 ////; 
ttag +15 ////; 
ttag +16 ////; 
ttag +17 ////; 
ttag +18 ////; 
ttag +19 ////; 
ttag +20 ////; 
ttag +21 ////; 
ttag +22 ////; 
ttag +23 ////; 
ttag +24 ////; 
ttag +25 ////; 
ttag +26 ////; 
ttag +27 ////; 
ttag +28 ////; 
ttag +29 ////; 
ttag +30 ////; 
ttag +31 ////; 
ttag +32 ////; 
ttag +33 ////; 
ttag +34 ////; 
ttag +35 ////; 
ttag +36 ////; 
ttag +37 ////; 
ttag +38 ////; 
ttag +39 ////; 
ttag +40 ////; 
ttag +41 ////; 
ttag +42 ////; 
ttag +43 ////; 
ttag +44 ////; 
ttag +45 ////; 
ttag +46 ////; 
ttag +47 ////; 
ttag +48 ////; 
ttag +49 100/100/100/100/100; 
ttag +50 97/96/86/95/90; 
ttag +51 98/97/94/98/92; 
ttag +52 80/76/67/82/72; 
ttag +53 50/18/15/19/21; 
ttag +54 56/35/30/33/35; 
ttag +55 53/42/32/35/25; 
ttag +56 31/13/10/13/11; 
ttag +57 32/[7]/2/4/4; 
ttag +58 99/99/99/100/98; 
ttag +59 41/23/18/28/19; 
ttag +60 8/[26]/?/?/?; 
ttag +61 8/[26]/?/?/?; 
ttag +62 28/[6]/?/?/?; 
ttag +63 76/72/54/72/60; 
ttag +64 98/97/88/98/92; 
ttag +65 60/52/37/50/40; 
ttag +66 58/41/30/39/19; 
ttag +67 73/61/61/60/54; 
ttag +68 100/100/100/100/100; 
ttag +69 42/35/19/36/14; 
ttag +70 85/81/69/84/71; 
ttag +71 61/54/36/57/38; 
ttag +72 99/98/97/98/98; 
ttag +73 67/51/55/52/39; 
ttag +74 68/63/53/68/52; 
ttag +75 61/52/31/60/42; 
ttag +76 52/45/31/54/40; 
ttag +77 87/86/71/86/76; 
ttag +78 23/10/9/23/8; 
ttag +79 85/78/70/77/68; 
ttag +80 32/19/13/23/14; 
ttag +81 32/19/11/23/19; 
ttag +82 74/67/46/70/48; 
ttag +83 42/24/15/41/19; 
ttag +84 80/77/74/81/72; 
ttag +85 88/86/83/92/81; 
ttag +86 94/93/94/98/93; 
ttag +87 61/60/56/57/50; 
ttag +88 38/19/24/24/26; 
ttag +89 98/98/94/98/93; 
ttag +90 23/12/6/10/16; 
ttag +91 99/99/95/98/95; 
ttag +92 49/44/29/45/38; 
ttag +93 40/28/20/33/27; 
ttag +94 42/29/20/33/24; 
