tread
'Tree with tags' 
(0 (1 ((2 3 )(4 (5 (((6 7 )(8 (9 10 )))(11 (13 (12 (14 (((15 (16 17 ))(18 (19 20 )))(21 ((22 (23 (24 25 )))(26 (27 (28 ((29 (30 31 ))((46 (47 ((32 ((33 34 )(35 (36 (37 (38 39 ))))))(44 45 ))))(40 (41 (42 43 ))))))))))))))))))))); 
ttag *!; 
ttag +49 ???; 
ttag +50 6; 
ttag +51 4; 
ttag +52 9; 
ttag +53 4; 
ttag +54 1; 
ttag +55 1; 
ttag +56 4; 
ttag +57 7; 
ttag +58 3; 
ttag +59 2; 
ttag +60 1; 
ttag +61 5; 
ttag +62 1; 
ttag +63 4; 
ttag +64 5; 
ttag +65 1; 
ttag +66 5; 
ttag +67 6; 
ttag +68 12; 
ttag +69 2; 
ttag +70 3; 
ttag +71 2; 
ttag +72 6; 
ttag +73 2; 
ttag +74 5; 
ttag +75 3; 
ttag +76 1; 
ttag +77 7; 
ttag +78 3; 
ttag +79 2; 
ttag +80 12; 
ttag +81 1; 
ttag +82 3; 
ttag +83 2; 
ttag +84 5; 
ttag +85 4; 
ttag +86 1; 
ttag +87 3; 
ttag +88 5; 
ttag +89 6; 
ttag +90 1; 
ttag +91 7; 
ttag +92 1; 
ttag +93 11; 
ttag +94 1; 
tread
'Tree with tags' 
(0 (1 ((2 3 )(4 (5 (((6 7 )(8 (9 10 )))(11 (13 (12 (14 (((15 (16 17 ))(18 (19 20 )))(21 ((22 (23 (24 25 )))(26 (27 (28 ((29 (30 31 ))((46 (47 ((32 ((33 34 )(35 (36 (37 (38 39 ))))))(44 45 ))))(40 (41 (42 43 ))))))))))))))))))))); 
ttag *!; 
ttag +0 ////; 
ttag +1 ////; 
ttag +2 ////; 
ttag +3 ////; 
ttag +4 ////; 
ttag +5 ////; 
ttag +6 ////; 
ttag +7 ////; 
ttag +8 ////; 
ttag +9 ////; 
ttag +10 ////; 
ttag +11 ////; 
ttag +12 ////; 
ttag +13 ////; 
ttag +14 ////; 
ttag +15 ////; 
ttag +16 ////; 
ttag +17 ////; 
ttag +18 ////; 
ttag +19 ////; 
ttag +20 ////; 
ttag +21 ////; 
ttag +22 ////; 
ttag +23 ////; 
ttag +24 ////; 
ttag +25 ////; 
ttag +26 ////; 
ttag +27 ////; 
ttag +28 ////; 
ttag +29 ////; 
ttag +30 ////; 
ttag +31 ////; 
ttag +32 ////; 
ttag +33 ////; 
ttag +34 ////; 
ttag +35 ////; 
ttag +36 ////; 
ttag +37 ////; 
ttag +38 ////; 
ttag +39 ////; 
ttag +40 ////; 
ttag +41 ////; 
ttag +42 ////; 
ttag +43 ////; 
ttag +44 ////; 
ttag +45 ////; 
ttag +46 ////; 
ttag +47 ////; 
ttag +48 ////; 
ttag +49 100/100/100/100/100; 
ttag +50 98/98/95/98/92; 
ttag +51 92/91/79/90/80; 
ttag +52 98/98/96/100/96; 
ttag +53 84/80/56/87/66; 
ttag +54 30/14/13/23/12; 
ttag +55 38/16/?/27/11; 
ttag +56 84/82/66/84/68; 
ttag +57 100/100/98/99/97; 
ttag +58 88/85/80/88/80; 
ttag +59 50/28/12/50/18; 
ttag +60 12/[8]/?/?/?; 
ttag +61 81/79/67/86/65; 
ttag +62 14/1/?/1/2; 
ttag +63 96/94/91/93/90; 
ttag +64 92/89/83/92/82; 
ttag +65 7/[6]/?/?/?; 
ttag +66 99/98/96/99/98; 
ttag +67 98/97/98/100/98; 
ttag +68 100/100/100/100/100; 
ttag +69 50/43/27/36/31; 
ttag +70 83/73/73/74/77; 
ttag +71 69/60/50/57/48; 
ttag +72 98/98/93/99/90; 
ttag +73 77/61/49/65/51; 
ttag +74 98/97/93/96/90; 
ttag +75 62/53/53/52/40; 
ttag +76 24/14/9/18/2; 
ttag +77 99/99/94/97/95; 
ttag +78 60/52/31/50/33; 
ttag +79 66/53/43/60/42; 
ttag +80 99/99/98/100/98; 
ttag +81 17/[8]/?/?/?; 
ttag +82 55/34/11/38/11; 
ttag +83 60/50/40/49/37; 
ttag +84 83/79/70/76/66; 
ttag +85 96/95/88/94/88; 
ttag +86 38/[2]/8/0/5; 
ttag +87 86/85/73/86/82; 
ttag +88 94/91/82/92/88; 
ttag +89 98/98/90/99/96; 
ttag +90 49/20/19/14/17; 
ttag +91 96/96/96/97/94; 
ttag +92 46/26/17/26/11; 
ttag +93 100/100/98/100/99; 
ttag +94 53/41/38/36/37; 
