tread
'Tree with tags' 
(0 (1 ((2 3 )(4 (5 ((6 7 )(8 9 10 )(11 ((12 13 )((14 ((21 ((16 (15 17 ))(26 (27 (28 ((((29 (30 31 ))(40 (41 (42 43 ))))(46 (45 (44 47 ))))(35 ((33 (32 34 ))(36 (37 (38 39 )))))))))))(22 (23 (24 25 )))))(18 (19 20 ))))))))))); 
ttag *!; 
ttag +49 ???; 
ttag +50 4; 
ttag +51 4; 
ttag +52 6; 
ttag +53 3; 
ttag +54 1; 
ttag +55 1; 
ttag +56 8; 
ttag +57 3; 
ttag +58 3; 
ttag +59 5; 
ttag +60 1; 
ttag +61 3; 
ttag +62 1; 
ttag +63 12; 
ttag +64 1; 
ttag +65 1; 
ttag +66 1; 
ttag +67 6; 
ttag +68 12; 
ttag +69 5; 
ttag +70 6; 
ttag +71 3; 
ttag +72 1; 
ttag +73 1; 
ttag +74 5; 
ttag +75 2; 
ttag +76 2; 
ttag +77 1; 
ttag +78 1; 
ttag +79 6; 
ttag +80 2; 
ttag +81 1; 
ttag +82 1; 
ttag +83 6; 
ttag +84 3; 
ttag +85 6; 
ttag +86 3; 
ttag +87 8; 
ttag +88 4; 
ttag +89 6; 
ttag +90 1; 
ttag +91 3; 
ttag +92 8; 
tread
'Tree with tags' 
(0 (1 ((2 3 )(4 (5 ((6 7 )((9 (8 10 ))(11 ((12 13 )((14 ((21 ((16 (15 17 ))(26 (27 (28 ((((29 (30 31 ))(40 (41 (42 43 ))))(46 (45 (44 47 ))))(35 ((33 (32 34 ))(36 (37 (38 39 )))))))))))(22 (23 (24 25 )))))(18 (19 20 )))))))))))); 
ttag *!; 
ttag +0 ////; 
ttag +1 ////; 
ttag +2 ////; 
ttag +3 ////; 
ttag +4 ////; 
ttag +5 ////; 
ttag +6 ////; 
ttag +7 ////; 
ttag +8 ////; 
ttag +9 ////; 
ttag +10 ////; 
ttag +11 ////; 
ttag +12 ////; 
ttag +13 ////; 
ttag +14 ////; 
ttag +15 ////; 
ttag +16 ////; 
ttag +17 ////; 
ttag +18 ////; 
ttag +19 ////; 
ttag +20 ////; 
ttag +21 ////; 
ttag +22 ////; 
ttag +23 ////; 
ttag +24 ////; 
ttag +25 ////; 
ttag +26 ////; 
ttag +27 ////; 
ttag +28 ////; 
ttag +29 ////; 
ttag +30 ////; 
ttag +31 ////; 
ttag +32 ////; 
ttag +33 ////; 
ttag +34 ////; 
ttag +35 ////; 
ttag +36 ////; 
ttag +37 ////; 
ttag +38 ////; 
ttag +39 ////; 
ttag +40 ////; 
ttag +41 ////; 
ttag +42 ////; 
ttag +43 ////; 
ttag +44 ////; 
ttag +45 ////; 
ttag +46 ////; 
ttag +47 ////; 
ttag +48 ////; 
ttag +49 100/100/100/100/100; 
ttag +50 89/86/86/92/84; 
ttag +51 68/45/30/49/30; 
ttag +52 74/68/58/74/51; 
ttag +53 46/29/15/46/16; 
ttag +54 86/82/79/82/84; 
ttag +55 32/18/2/29/5; 
ttag +56 18/[7]/?/?/?; 
ttag +57 98/98/96/99/96; 
ttag +58 9/[23]/?/?/?; 
ttag +59 40/31/21/41/18; 
ttag +60 65/61/48/64/47; 
ttag +61 49/36/23/42/17; 
ttag +62 40/25/26/30/26; 
ttag +63 50/37/26/45/25; 
ttag +64 18/[15]/?/?/?; 
ttag +65 100/100/98/100/100; 
ttag +66 17/[29]/?/?/?; 
ttag +67 6/[40]/?/?/?; 
ttag +68 33/18/16/16/16; 
ttag +69 73/59/54/62/48; 
ttag +70 100/100/100/100/99; 
ttag +71 80/78/66/83/66; 
ttag +72 96/94/89/94/88; 
ttag +73 82/79/75/82/70; 
ttag +74 38/25/22/30/26; 
ttag +75 9/[50]/?/?/?; 
ttag +76 54/47/31/48/31; 
ttag +77 60/53/41/54/44; 
ttag +78 32/16/12/21/12; 
ttag +79 23/3/4/4/?; 
ttag +80 19/8/2/11/10; 
ttag +81 93/92/82/87/78; 
ttag +82 49/39/26/42/29; 
ttag +83 34/19/13/31/14; 
ttag +84 17/[15]/?/?/?; 
ttag +85 90/89/71/91/73; 
ttag +86 58/46/31/38/35; 
ttag +87 87/85/66/84/67; 
ttag +88 71/60/54/65/54; 
ttag +89 96/96/96/99/93; 
ttag +90 68/47/48/62/36; 
ttag +91 97/97/92/97/87; 
ttag +92 19/1/?/?/?; 
ttag +93 50/32/30/34/33; 
ttag +94 95/94/87/94/88; 
