tread
'Tree with tags' 
(0 (1 ((2 3 )(11 ((5 (4 ((12 13 )(21 (14 ((22 (26 27 28 ((32 (35 36 (29 (30 31 ))(37 38 39 )((40 (41 (42 43 )))(45 (44 (46 47 ))))))(33 34 ))))(23 (24 25 )))))((15 (16 17 ))(18 (19 20 ))))))(7 (6 (8 (9 10 ))))))))); 
ttag *!; 
ttag +49 ???; 
ttag +50 5; 
ttag +51 5; 
ttag +52 1; 
ttag +53 1; 
ttag +54 2; 
ttag +55 5; 
ttag +56 1; 
ttag +57 2; 
ttag +58 11; 
ttag +59 3; 
ttag +60 3; 
ttag +61 1; 
ttag +62 1; 
ttag +63 2; 
ttag +64 3; 
ttag +65 2; 
ttag +66 4; 
ttag +67 7; 
ttag +68 7; 
ttag +69 1; 
ttag +70 3; 
ttag +71 4; 
ttag +72 11; 
ttag +73 6; 
ttag +74 6; 
ttag +75 1; 
ttag +76 1; 
ttag +77 2; 
ttag +78 5; 
ttag +79 6; 
ttag +80 1; 
ttag +81 6; 
ttag +82 4; 
ttag +83 1; 
ttag +84 6; 
ttag +85 1; 
ttag +86 2; 
ttag +87 1; 
tread
'Tree with tags' 
(0 (1 ((2 3 )(11 ((5 (4 (((12 13 )(21 (14 ((22 ((28 (26 27 ))((32 (36 ((35 (29 (30 31 )))((37 (38 39 ))((40 (41 (42 43 )))(45 (44 (46 47 ))))))))(33 34 ))))(23 (24 25 ))))))((15 (16 17 ))(18 (19 20 ))))))(7 (6 (8 (9 10 ))))))))); 
ttag *!; 
ttag +0 ////; 
ttag +1 ////; 
ttag +2 ////; 
ttag +3 ////; 
ttag +4 ////; 
ttag +5 ////; 
ttag +6 ////; 
ttag +7 ////; 
ttag +8 ////; 
ttag +9 ////; 
ttag +10 ////; 
ttag +11 ////; 
ttag +12 ////; 
ttag +13 ////; 
ttag +14 ////; 
ttag +15 ////; 
ttag +16 ////; 
ttag +17 ////; 
ttag +18 ////; 
ttag +19 ////; 
ttag +20 ////; 
ttag +21 ////; 
ttag +22 ////; 
ttag +23 ////; 
ttag +24 ////; 
ttag +25 ////; 
ttag +26 ////; 
ttag +27 ////; 
ttag +28 ////; 
ttag +29 ////; 
ttag +30 ////; 
ttag +31 ////; 
ttag +32 ////; 
ttag +33 ////; 
ttag +34 ////; 
ttag +35 ////; 
ttag +36 ////; 
ttag +37 ////; 
ttag +38 ////; 
ttag +39 ////; 
ttag +40 ////; 
ttag +41 ////; 
ttag +42 ////; 
ttag +43 ////; 
ttag +44 ////; 
ttag +45 ////; 
ttag +46 ////; 
ttag +47 ////; 
ttag +48 ////; 
ttag +49 100/100/100/100/100; 
ttag +50 97/96/92/96/91; 
ttag +51 96/94/88/94/85; 
ttag +52 18/6/?/8/?; 
ttag +53 8/[3]/?/0/?; 
ttag +54 31/19/7/27/6; 
ttag +55 64/54/49/67/44; 
ttag +56 39/16/3/30/5; 
ttag +57 38/30/24/46/16; 
ttag +58 100/100/99/100/100; 
ttag +59 90/89/84/90/90; 
ttag +60 56/52/49/57/40; 
ttag +61 10/[2]/?/0/1; 
ttag +62 27/15/5/15/6; 
ttag +63 25/16/0/21/3; 
ttag +64 32/26/10/34/8; 
ttag +65 84/82/79/84/73; 
ttag +66 33/20/12/25/15; 
ttag +67 84/79/74/80/70; 
ttag +68 100/100/96/100/97; 
ttag +69 98/98/97/99/98; 
ttag +70 23/0/?/7/?; 
ttag +71 47/41/22/52/19; 
ttag +72 92/89/82/88/87; 
ttag +73 99/99/98/100/100; 
ttag +74 64/58/55/61/62; 
ttag +75 22/[8]/4/?/5; 
ttag +76 74/70/50/75/62; 
ttag +77 94/93/86/98/88; 
ttag +78 13/[40]/?/?/?; 
ttag +79 4/[48]/?/?/?; 
ttag +80 22/0/?/?/?; 
ttag +81 18/[4]/?/?/?; 
ttag +82 42/31/15/37/30; 
ttag +83 96/92/87/94/88; 
ttag +84 92/91/79/91/80; 
ttag +85 40/22/11/19/12; 
ttag +86 7/[46]/?/?/?; 
ttag +87 54/28/36/45/37; 
ttag +88 84/82/74/82/77; 
ttag +89 61/52/53/58/48; 
ttag +90 58/43/34/42/36; 
ttag +91 98/97/97/98/94; 
ttag +92 31/15/8/18/9; 
ttag +93 70/67/64/73/60; 
ttag +94 37/11/6/19/12; 
