tread
'Tree with tags' 
(0 (1 ((2 3 )((5 (4 (11 (6 7 (8 (9 10 ))))))((12 13 )((14 ((15 (16 17 ))(18 (19 20 ))))(21 ((22 (23 (24 25 )))(26 (27 (28 ((29 (30 31 ))((32 ((33 34 )(35 36 )(39 (37 38 ))))(40 41 (42 43 ))(44 45 46 47 )))))))))))))); 
ttag *!; 
ttag +49 ???; 
ttag +50 2; 
ttag +51 4; 
ttag +52 1; 
ttag +53 1; 
ttag +54 7; 
ttag +55 1; 
ttag +56 2; 
ttag +57 11; 
ttag +58 4; 
ttag +59 3; 
ttag +60 1; 
ttag +61 1; 
ttag +62 2; 
ttag +63 7; 
ttag +64 3; 
ttag +65 5; 
ttag +66 7; 
ttag +67 9; 
ttag +68 2; 
ttag +69 5; 
ttag +70 3; 
ttag +71 7; 
ttag +72 3; 
ttag +73 2; 
ttag +74 2; 
ttag +75 7; 
ttag +76 5; 
ttag +77 3; 
ttag +78 1; 
ttag +79 8; 
ttag +80 4; 
ttag +81 2; 
ttag +82 2; 
ttag +83 1; 
ttag +84 1; 
ttag +85 6; 
ttag +86 7; 
ttag +87 8; 
ttag +88 2; 
tread
'Tree with tags' 
(0 (1 ((2 3 )((5 (4 (11 ((6 7 )(8 (9 10 ))))))((12 13 )((14 ((15 (16 17 ))(18 (19 20 ))))(21 ((22 (23 (24 25 )))(26 (27 (28 ((29 (30 31 ))((32 (((33 34 )(39 (37 38 )))(35 36 )))((40 (41 (42 43 )))((44 46 )(45 47 )))))))))))))))); 
ttag *!; 
ttag +0 ////; 
ttag +1 ////; 
ttag +2 ////; 
ttag +3 ////; 
ttag +4 ////; 
ttag +5 ////; 
ttag +6 ////; 
ttag +7 ////; 
ttag +8 ////; 
ttag +9 ////; 
ttag +10 ////; 
ttag +11 ////; 
ttag +12 ////; 
ttag +13 ////; 
ttag +14 ////; 
ttag +15 ////; 
ttag +16 ////; 
ttag +17 ////; 
ttag +18 ////; 
ttag +19 ////; 
ttag +20 ////; 
ttag +21 ////; 
ttag +22 ////; 
ttag +23 ////; 
ttag +24 ////; 
ttag +25 ////; 
ttag +26 ////; 
ttag +27 ////; 
ttag +28 ////; 
ttag +29 ////; 
ttag +30 ////; 
ttag +31 ////; 
ttag +32 ////; 
ttag +33 ////; 
ttag +34 ////; 
ttag +35 ////; 
ttag +36 ////; 
ttag +37 ////; 
ttag +38 ////; 
ttag +39 ////; 
ttag +40 ////; 
ttag +41 ////; 
ttag +42 ////; 
ttag +43 ////; 
ttag +44 ////; 
ttag +45 ////; 
ttag +46 ////; 
ttag +47 ////; 
ttag +48 ////; 
ttag +49 100/100/100/100/100; 
ttag +50 82/70/72/80/68; 
ttag +51 76/66/51/64/48; 
ttag +52 11/[2]/?/?/?; 
ttag +53 31/24/13/22/17; 
ttag +54 79/72/54/73/53; 
ttag +55 66/49/44/43/46; 
ttag +56 35/16/15/19/14; 
ttag +57 19/5/2/8/3; 
ttag +58 99/99/99/100/100; 
ttag +59 80/74/67/76/68; 
ttag +60 75/70/68/73/66; 
ttag +61 36/29/16/23/11; 
ttag +62 22/8/15/13/10; 
ttag +63 41/36/25/33/23; 
ttag +64 99/99/96/100/93; 
ttag +65 61/51/40/47/35; 
ttag +66 95/94/87/98/85; 
ttag +67 97/96/95/95/89; 
ttag +68 99/99/99/99/100; 
ttag +69 22/8/9/12/2; 
ttag +70 82/74/67/80/60; 
ttag +71 60/55/43/59/40; 
ttag +72 99/98/98/100/96; 
ttag +73 87/81/79/89/83; 
ttag +74 53/39/29/42/27; 
ttag +75 39/25/14/27/15; 
ttag +76 67/59/43/62/36; 
ttag +77 82/79/69/84/71; 
ttag +78 51/34/15/41/16; 
ttag +79 46/30/25/39/27; 
ttag +80 100/100/100/100/98; 
ttag +81 74/70/62/76/54; 
ttag +82 74/65/56/67/58; 
ttag +83 16/[39]/?/?/?; 
ttag +84 72/60/46/55/38; 
ttag +85 72/59/55/58/55; 
ttag +86 63/52/44/48/42; 
ttag +87 97/96/93/97/91; 
ttag +88 93/91/86/95/86; 
ttag +89 30/1/?/8/4; 
ttag +90 30/[4]/2/?/?; 
ttag +91 98/98/95/98/96; 
ttag +92 28/0/?/5/?; 
ttag +93 78/73/67/79/68; 
ttag +94 20/[8]/?/?/?; 
