tread
'Tree with tags' 
(0 (1 ((2 3 )(4 5 6 7 11 12 13 (8 (9 10 ))(14 (18 (17 (15 16 ))(19 20 )))(21 ((22 23 (24 25 ))(26 (27 (28 ((29 (30 31 ))(44 45 46 47 (32 (33 (36 (37 (38 39 ))))(34 35 ))(40 (41 (42 43 )))))))))))))); 
ttag *!; 
ttag +49 ???; 
ttag +50 3; 
ttag +51 6; 
ttag +52 6; 
ttag +53 6; 
ttag +54 3; 
ttag +55 1; 
ttag +56 1; 
ttag +57 6; 
ttag +58 3; 
ttag +59 12; 
ttag +60 1; 
ttag +61 2; 
ttag +62 4; 
ttag +63 2; 
ttag +64 1; 
ttag +65 1; 
ttag +66 1; 
ttag +67 2; 
ttag +68 1; 
ttag +69 4; 
ttag +70 5; 
ttag +71 5; 
ttag +72 1; 
ttag +73 1; 
ttag +74 3; 
ttag +75 2; 
ttag +76 5; 
ttag +77 3; 
ttag +78 1; 
ttag +79 8; 
tread
'Tree with tags' 
(0 (1 ((2 3 )(6 (11 ((4 (5 (8 (9 10 ))))(7 ((12 13 )((14 (18 ((17 (15 16 ))(19 20 ))))(21 ((22 (23 (24 25 )))(26 (27 (28 ((29 (30 31 ))((((32 (33 (36 (37 (38 39 )))))(34 35 ))(40 (41 (42 43 ))))(46 (44 (45 47 ))))))))))))))))))); 
ttag *!; 
ttag +0 ////; 
ttag +1 ////; 
ttag +2 ////; 
ttag +3 ////; 
ttag +4 ////; 
ttag +5 ////; 
ttag +6 ////; 
ttag +7 ////; 
ttag +8 ////; 
ttag +9 ////; 
ttag +10 ////; 
ttag +11 ////; 
ttag +12 ////; 
ttag +13 ////; 
ttag +14 ////; 
ttag +15 ////; 
ttag +16 ////; 
ttag +17 ////; 
ttag +18 ////; 
ttag +19 ////; 
ttag +20 ////; 
ttag +21 ////; 
ttag +22 ////; 
ttag +23 ////; 
ttag +24 ////; 
ttag +25 ////; 
ttag +26 ////; 
ttag +27 ////; 
ttag +28 ////; 
ttag +29 ////; 
ttag +30 ////; 
ttag +31 ////; 
ttag +32 ////; 
ttag +33 ////; 
ttag +34 ////; 
ttag +35 ////; 
ttag +36 ////; 
ttag +37 ////; 
ttag +38 ////; 
ttag +39 ////; 
ttag +40 ////; 
ttag +41 ////; 
ttag +42 ////; 
ttag +43 ////; 
ttag +44 ////; 
ttag +45 ////; 
ttag +46 ////; 
ttag +47 ////; 
ttag +48 ////; 
ttag +49 100/100/100/100/100; 
ttag +50 92/89/78/88/76; 
ttag +51 98/98/94/99/96; 
ttag +52 9/[31]/?/?/?; 
ttag +53 6/[34]/?/?/?; 
ttag +54 14/[26]/?/?/?; 
ttag +55 98/98/90/97/86; 
ttag +56 21/8/6/4/3; 
ttag +57 2/[12]/?/?/?; 
ttag +58 98/97/92/98/92; 
ttag +59 94/92/88/94/94; 
ttag +60 38/24/26/40/32; 
ttag +61 8/[5]/?/?/?; 
ttag +62 60/55/40/61/37; 
ttag +63 11/[5]/?/?/?; 
ttag +64 76/65/41/54/44; 
ttag +65 98/97/93/98/95; 
ttag +66 39/0/?/?/?; 
ttag +67 86/83/62/73/52; 
ttag +68 100/100/100/100/100; 
ttag +69 51/44/31/46/24; 
ttag +70 76/66/68/77/58; 
ttag +71 93/92/83/92/80; 
ttag +72 56/28/33/28/35; 
ttag +73 83/77/68/76/65; 
ttag +74 47/26/21/26/16; 
ttag +75 43/26/20/26/16; 
ttag +76 43/25/20/27/15; 
ttag +77 87/83/65/79/70; 
ttag +78 46/28/14/29/16; 
ttag +79 94/92/90/96/90; 
ttag +80 9/[20]/?/?/?; 
ttag +81 96/96/90/96/87; 
ttag +82 53/42/32/34/31; 
ttag +83 74/69/59/74/58; 
ttag +84 25/[3]/?/?/?; 
ttag +85 32/7/1/11/1; 
ttag +86 80/78/64/79/65; 
ttag +87 78/70/59/73/54; 
ttag +88 85/81/70/88/64; 
ttag +89 85/80/75/82/71; 
ttag +90 54/24/23/42/21; 
ttag +91 100/100/100/100/99; 
ttag +92 16/[18]/?/?/?; 
ttag +93 22/14/10/13/12; 
ttag +94 6/[28]/?/?/?; 
