tread
'Tree with tags' 
(0 ((1 (2 3 ))(4 (5 (11 ((6 (7 (8 (9 10 ))))(13 (12 ((21 (14 ((22 (23 (24 25 )))(26 (27 (28 (((29 (30 31 ))(32 ((33 34 )(35 (36 (37 38 39 ))))))(((40 41 )(42 43 ))(44 (45 46 47 ))))))))))((16 (15 17 ))(18 (19 20 )))))))))))); 
ttag *!; 
ttag +49 1; 
ttag +50 ???; 
ttag +51 1; 
ttag +52 3; 
ttag +53 1; 
ttag +54 2; 
ttag +55 1; 
ttag +56 1; 
ttag +57 1; 
ttag +58 11; 
ttag +59 2; 
ttag +60 1; 
ttag +61 2; 
ttag +62 1; 
ttag +63 1; 
ttag +64 2; 
ttag +65 1; 
ttag +66 5; 
ttag +67 2; 
ttag +68 3; 
ttag +69 12; 
ttag +70 9; 
ttag +71 1; 
ttag +72 5; 
ttag +73 12; 
ttag +74 6; 
ttag +75 2; 
ttag +76 6; 
ttag +77 9; 
ttag +78 2; 
ttag +79 1; 
ttag +80 4; 
ttag +81 6; 
ttag +82 1; 
ttag +83 1; 
ttag +84 2; 
ttag +85 7; 
ttag +86 4; 
ttag +87 1; 
ttag +88 4; 
ttag +89 2; 
ttag +90 6; 
ttag +91 3; 
ttag +92 2; 
tread
'Tree with tags' 
(0 ((1 (2 3 ))(4 (5 (11 ((6 (7 (8 (9 10 ))))(13 (12 ((21 (14 ((22 (23 (24 25 )))(26 (27 (28 (((29 (30 31 ))(32 ((33 34 )(35 (36 (38 (37 39 )))))))(((40 41 )(42 43 ))(44 (45 (46 47 )))))))))))((16 (15 17 ))(18 (19 20 )))))))))))); 
ttag *!; 
ttag +0 ////; 
ttag +1 ////; 
ttag +2 ////; 
ttag +3 ////; 
ttag +4 ////; 
ttag +5 ////; 
ttag +6 ////; 
ttag +7 ////; 
ttag +8 ////; 
ttag +9 ////; 
ttag +10 ////; 
ttag +11 ////; 
ttag +12 ////; 
ttag +13 ////; 
ttag +14 ////; 
ttag +15 ////; 
ttag +16 ////; 
ttag +17 ////; 
ttag +18 ////; 
ttag +19 ////; 
ttag +20 ////; 
ttag +21 ////; 
ttag +22 ////; 
ttag +23 ////; 
ttag +24 ////; 
ttag +25 ////; 
ttag +26 ////; 
ttag +27 ////; 
ttag +28 ////; 
ttag +29 ////; 
ttag +30 ////; 
ttag +31 ////; 
ttag +32 ////; 
ttag +33 ////; 
ttag +34 ////; 
ttag +35 ////; 
ttag +36 ////; 
ttag +37 ////; 
ttag +38 ////; 
ttag +39 ////; 
ttag +40 ////; 
ttag +41 ////; 
ttag +42 ////; 
ttag +43 ////; 
ttag +44 ////; 
ttag +45 ////; 
ttag +46 ////; 
ttag +47 ////; 
ttag +48 ////; 
ttag +49 60/48/43/49/38; 
ttag +50 100/100/100/100/100; 
ttag +51 70/62/45/54/45; 
ttag +52 62/50/28/34/21; 
ttag +53 28/6/10/8/8; 
ttag +54 68/58/54/62/48; 
ttag +55 11/[10]/?/?/?; 
ttag +56 27/5/7/8/8; 
ttag +57 45/28/18/24/15; 
ttag +58 100/100/100/100/100; 
ttag +59 93/93/85/88/88; 
ttag +60 33/17/14/17/17; 
ttag +61 56/48/33/35/28; 
ttag +62 30/12/8/20/4; 
ttag +63 17/[1]/?/6/?; 
ttag +64 54/47/32/46/32; 
ttag +65 42/20/21/24/19; 
ttag +66 89/88/78/88/80; 
ttag +67 29/10/12/18/9; 
ttag +68 90/87/76/87/78; 
ttag +69 100/100/100/100/100; 
ttag +70 100/100/98/98/98; 
ttag +71 26/7/0/10/4; 
ttag +72 90/85/86/92/75; 
ttag +73 100/100/100/100/100; 
ttag +74 83/79/73/82/64; 
ttag +75 54/26/4/34/11; 
ttag +76 89/85/82/84/73; 
ttag +77 99/99/96/97/92; 
ttag +78 32/17/14/22/10; 
ttag +79 48/32/29/40/32; 
ttag +80 86/81/65/82/72; 
ttag +81 90/88/82/91/82; 
ttag +82 71/60/58/60/46; 
ttag +83 50/30/16/34/29; 
ttag +84 70/60/58/68/51; 
ttag +85 94/93/87/96/89; 
ttag +86 28/[7]/?/?/6; 
ttag +87 90/86/77/89/79; 
ttag +88 45/30/26/42/32; 
ttag +89 86/79/73/73/74; 
ttag +90 58/51/46/50/36; 
ttag +91 98/97/94/96/90; 
ttag +92 63/51/45/61/45; 
ttag +93 47/38/31/42/29; 
ttag +94 25/8/3/1/3; 
