tread
'Tree with tags' 
(0 (1 ((2 3 )(4 5 6 (7 (8 (9 10 )))(11 12 13 14 21 ((15 (16 17 ))(18 (19 20 )))((22 (23 (24 25 )))(26 (27 (((28 ((40 (41 (42 43 )))(47 (46 (44 45 )))))(32 (35 (33 34 )(36 (37 38 39 )))))(29 (30 31 ))))))))))); 
ttag *!; 
ttag +49 ???; 
ttag +50 1; 
ttag +51 1; 
ttag +52 3; 
ttag +53 3; 
ttag +54 9; 
ttag +55 4; 
ttag +56 1; 
ttag +57 5; 
ttag +58 4; 
ttag +59 1; 
ttag +60 2; 
ttag +61 6; 
ttag +62 1; 
ttag +63 1; 
ttag +64 3; 
ttag +65 5; 
ttag +66 6; 
ttag +67 7; 
ttag +68 1; 
ttag +69 1; 
ttag +70 6; 
ttag +71 3; 
ttag +72 8; 
ttag +73 5; 
ttag +74 3; 
ttag +75 1; 
ttag +76 1; 
ttag +77 6; 
ttag +78 8; 
ttag +79 1; 
ttag +80 3; 
ttag +81 12; 
ttag +82 1; 
ttag +83 1; 
ttag +84 4; 
tread
'Tree with tags' 
(0 (1 ((2 3 )(6 ((4 (((12 (11 13 ))(21 (14 ((15 (16 17 ))(18 (19 20 ))))))((22 (23 (24 25 )))(26 (27 (((28 ((40 (41 (42 43 )))(47 (46 (44 45 )))))(32 ((35 (33 34 ))(36 (37 (38 39 ))))))(29 (30 31 ))))))))(5 (7 (8 (9 10 ))))))))); 
ttag *!; 
ttag +0 ////; 
ttag +1 ////; 
ttag +2 ////; 
ttag +3 ////; 
ttag +4 ////; 
ttag +5 ////; 
ttag +6 ////; 
ttag +7 ////; 
ttag +8 ////; 
ttag +9 ////; 
ttag +10 ////; 
ttag +11 ////; 
ttag +12 ////; 
ttag +13 ////; 
ttag +14 ////; 
ttag +15 ////; 
ttag +16 ////; 
ttag +17 ////; 
ttag +18 ////; 
ttag +19 ////; 
ttag +20 ////; 
ttag +21 ////; 
ttag +22 ////; 
ttag +23 ////; 
ttag +24 ////; 
ttag +25 ////; 
ttag +26 ////; 
ttag +27 ////; 
ttag +28 ////; 
ttag +29 ////; 
ttag +30 ////; 
ttag +31 ////; 
ttag +32 ////; 
ttag +33 ////; 
ttag +34 ////; 
ttag +35 ////; 
ttag +36 ////; 
ttag +37 ////; 
ttag +38 ////; 
ttag +39 ////; 
ttag +40 ////; 
ttag +41 ////; 
ttag +42 ////; 
ttag +43 ////; 
ttag +44 ////; 
ttag +45 ////; 
ttag +46 ////; 
ttag +47 ////; 
ttag +48 ////; 
ttag +49 100/100/100/100/100; 
ttag +50 85/78/78/77/73; 
ttag +51 72/55/46/68/49; 
ttag +52 22/[22]/?/?/?; 
ttag +53 15/[29]/?/?/?; 
ttag +54 91/87/73/91/78; 
ttag +55 26/12/16/22/18; 
ttag +56 71/70/55/72/61; 
ttag +57 100/100/100/100/100; 
ttag +58 94/94/93/97/92; 
ttag +59 26/0/2/15/6; 
ttag +60 36/8/14/28/22; 
ttag +61 4/[23]/?/?/?; 
ttag +62 58/53/38/56/42; 
ttag +63 19/8/13/6/10; 
ttag +64 9/[4]/?/?/?; 
ttag +65 94/92/86/93/87; 
ttag +66 87/82/80/89/77; 
ttag +67 58/38/30/46/33; 
ttag +68 83/78/78/85/81; 
ttag +69 100/100/98/100/99; 
ttag +70 61/47/49/46/48; 
ttag +71 26/12/14/16/16; 
ttag +72 86/81/77/82/76; 
ttag +73 97/97/95/98/92; 
ttag +74 95/94/90/96/92; 
ttag +75 96/94/86/92/81; 
ttag +76 34/22/16/31/23; 
ttag +77 32/20/10/30/15; 
ttag +78 94/92/87/94/86; 
ttag +79 66/55/49/60/42; 
ttag +80 97/97/94/99/98; 
ttag +81 82/79/69/79/70; 
ttag +82 86/82/79/86/74; 
ttag +83 11/[8]/?/?/?; 
ttag +84 41/26/18/32/22; 
ttag +85 51/31/30/42/28; 
ttag +86 96/96/94/100/91; 
ttag +87 52/21/13/23/28; 
ttag +88 97/96/92/97/87; 
ttag +89 48/41/40/46/39; 
ttag +90 79/72/66/77/62; 
ttag +91 100/100/100/100/100; 
ttag +92 49/34/33/30/25; 
ttag +93 36/21/16/16/16; 
ttag +94 82/80/74/87/71; 
