tread
'Tree with tags' 
(0 (1 ((2 3 )(4 (5 (13 (12 ((6 7 )(21 ((22 (23 (24 25 )))(26 (27 (28 ((29 (30 31 ))((32 ((33 34 )(35 (36 (37 38 39 )))))((40 (41 (42 43 )))(46 (45 (44 47 ))))))))))))((11 (8 (9 10 )))(14 ((15 16 17 )(18 (19 20 )))))))))))); 
ttag *!; 
ttag +49 ???; 
ttag +50 1; 
ttag +51 7; 
ttag +52 3; 
ttag +53 2; 
ttag +54 2; 
ttag +55 1; 
ttag +56 1; 
ttag +57 2; 
ttag +58 14; 
ttag +59 1; 
ttag +60 1; 
ttag +61 4; 
ttag +62 1; 
ttag +63 3; 
ttag +64 1; 
ttag +65 4; 
ttag +66 12; 
ttag +67 2; 
ttag +68 9; 
ttag +69 4; 
ttag +70 2; 
ttag +71 10; 
ttag +72 3; 
ttag +73 2; 
ttag +74 4; 
ttag +75 7; 
ttag +76 4; 
ttag +77 3; 
ttag +78 5; 
ttag +79 4; 
ttag +80 3; 
ttag +81 3; 
ttag +82 1; 
ttag +83 7; 
ttag +84 6; 
ttag +85 5; 
ttag +86 2; 
ttag +87 2; 
ttag +88 7; 
ttag +89 2; 
ttag +90 1; 
ttag +91 4; 
tread
'Tree with tags' 
(0 (1 ((2 3 )(4 (5 (13 (((6 7 )(21 ((22 (23 (24 25 )))(26 (27 (28 ((29 (30 31 ))((32 ((33 34 )(35 (36 (39 (37 38 ))))))((40 (41 (42 43 )))(46 (45 (44 47 ))))))))))))(12 ((11 (8 (9 10 )))(14 ((16 (15 17 ))(18 (19 20 ))))))))))))); 
ttag *!; 
ttag +0 ////; 
ttag +1 ////; 
ttag +2 ////; 
ttag +3 ////; 
ttag +4 ////; 
ttag +5 ////; 
ttag +6 ////; 
ttag +7 ////; 
ttag +8 ////; 
ttag +9 ////; 
ttag +10 ////; 
ttag +11 ////; 
ttag +12 ////; 
ttag +13 ////; 
ttag +14 ////; 
ttag +15 ////; 
ttag +16 ////; 
ttag +17 ////; 
ttag +18 ////; 
ttag +19 ////; 
ttag +20 ////; 
ttag +21 ////; 
ttag +22 ////; 
ttag +23 ////; 
ttag +24 ////; 
ttag +25 ////; 
ttag +26 ////; 
ttag +27 ////; 
ttag +28 ////; 
ttag +29 ////; 
ttag +30 ////; 
ttag +31 ////; 
ttag +32 ////; 
ttag +33 ////; 
ttag +34 ////; 
ttag +35 ////; 
ttag +36 ////; 
ttag +37 ////; 
ttag +38 ////; 
ttag +39 ////; 
ttag +40 ////; 
ttag +41 ////; 
ttag +42 ////; 
ttag +43 ////; 
ttag +44 ////; 
ttag +45 ////; 
ttag +46 ////; 
ttag +47 ////; 
ttag +48 ////; 
ttag +49 100/100/100/100/100; 
ttag +50 76/68/56/62/68; 
ttag +51 90/88/80/95/82; 
ttag +52 66/56/30/60/42; 
ttag +53 34/20/12/22/10; 
ttag +54 72/70/62/73/64; 
ttag +55 1/[17]/?/?/?; 
ttag +56 5/[14]/?/?/?; 
ttag +57 34/27/18/29/18; 
ttag +58 100/100/100/100/100; 
ttag +59 18/0/8/3/1; 
ttag +60 1/[18]/?/?/?; 
ttag +61 0/[18]/?/?/?; 
ttag +62 97/97/92/95/89; 
ttag +63 30/17/28/28/18; 
ttag +64 27/[6]/?/?/?; 
ttag +65 91/90/70/87/76; 
ttag +66 40/18/28/19/13; 
ttag +67 87/84/74/78/70; 
ttag +68 100/100/100/100/100; 
ttag +69 37/20/27/32/27; 
ttag +70 99/98/96/98/96; 
ttag +71 64/48/46/49/47; 
ttag +72 71/49/50/44/41; 
ttag +73 100/100/98/99/97; 
ttag +74 72/64/62/59/49; 
ttag +75 47/36/18/40/23; 
ttag +76 64/56/51/58/46; 
ttag +77 91/89/76/91/82; 
ttag +78 72/60/50/60/39; 
ttag +79 87/84/74/88/76; 
ttag +80 84/81/76/83/70; 
ttag +81 69/64/54/62/51; 
ttag +82 70/66/45/60/44; 
ttag +83 62/48/28/44/22; 
ttag +84 41/21/29/23/24; 
ttag +85 99/99/96/99/97; 
ttag +86 39/1/?/?/6; 
ttag +87 98/98/92/99/95; 
ttag +88 95/93/89/96/84; 
ttag +89 66/60/50/58/49; 
ttag +90 69/48/28/40/32; 
ttag +91 98/98/90/96/89; 
ttag +92 40/20/3/27/9; 
ttag +93 24/2/?/9/?; 
ttag +94 75/71/52/70/53; 
