tread
'Tree with tags' 
(0 (1 ((2 3 )(4 5 6 7 11 (8 (9 10 ))((12 14 )(13 (15 (16 17 ))(21 ((22 (23 (24 25 )))(26 (27 (28 ((((29 (30 31 ))(32 ((33 34 )(35 (36 (37 (38 39 )))))))(40 (41 (42 43 ))))((44 45 )(46 47 )))))))))(18 (19 20 ))))))); 
ttag *!; 
ttag +49 ???; 
ttag +50 3; 
ttag +51 2; 
ttag +52 3; 
ttag +53 5; 
ttag +54 1; 
ttag +55 1; 
ttag +56 1; 
ttag +57 1; 
ttag +58 4; 
ttag +59 1; 
ttag +60 4; 
ttag +61 9; 
ttag +62 3; 
ttag +63 8; 
ttag +64 4; 
ttag +65 2; 
ttag +66 7; 
ttag +67 4; 
ttag +68 4; 
ttag +69 1; 
ttag +70 6; 
ttag +71 1; 
ttag +72 2; 
ttag +73 2; 
ttag +74 4; 
ttag +75 2; 
ttag +76 5; 
ttag +77 3; 
ttag +78 3; 
ttag +79 5; 
ttag +80 6; 
ttag +81 1; 
ttag +82 4; 
ttag +83 2; 
ttag +84 7; 
ttag +85 3; 
ttag +86 2; 
ttag +87 1; 
tread
'Tree with tags' 
(0 (1 ((2 3 )((((4 5 )(6 7 ))(11 (((12 14 )((13 (15 (16 17 )))(21 ((22 (23 (24 25 )))(26 (27 (28 ((((29 (30 31 ))(32 ((33 34 )(35 (36 (37 (38 39 )))))))(40 (41 (42 43 ))))((44 45 )(46 47 ))))))))))(18 (19 20 )))))(8 (9 10 )))))); 
ttag *!; 
ttag +0 ////; 
ttag +1 ////; 
ttag +2 ////; 
ttag +3 ////; 
ttag +4 ////; 
ttag +5 ////; 
ttag +6 ////; 
ttag +7 ////; 
ttag +8 ////; 
ttag +9 ////; 
ttag +10 ////; 
ttag +11 ////; 
ttag +12 ////; 
ttag +13 ////; 
ttag +14 ////; 
ttag +15 ////; 
ttag +16 ////; 
ttag +17 ////; 
ttag +18 ////; 
ttag +19 ////; 
ttag +20 ////; 
ttag +21 ////; 
ttag +22 ////; 
ttag +23 ////; 
ttag +24 ////; 
ttag +25 ////; 
ttag +26 ////; 
ttag +27 ////; 
ttag +28 ////; 
ttag +29 ////; 
ttag +30 ////; 
ttag +31 ////; 
ttag +32 ////; 
ttag +33 ////; 
ttag +34 ////; 
ttag +35 ////; 
ttag +36 ////; 
ttag +37 ////; 
ttag +38 ////; 
ttag +39 ////; 
ttag +40 ////; 
ttag +41 ////; 
ttag +42 ////; 
ttag +43 ////; 
ttag +44 ////; 
ttag +45 ////; 
ttag +46 ////; 
ttag +47 ////; 
ttag +48 ////; 
ttag +49 100/100/100/100/100; 
ttag +50 89/84/82/88/76; 
ttag +51 87/80/65/68/67; 
ttag +52 40/23/25/22/21; 
ttag +53 16/[1]/?/?/?; 
ttag +54 30/13/6/12/4; 
ttag +55 96/95/96/96/94; 
ttag +56 42/21/11/22/22; 
ttag +57 99/99/98/98/94; 
ttag +58 66/44/43/51/50; 
ttag +59 34/20/8/16/5; 
ttag +60 31/18/7/14/7; 
ttag +61 18/0/?/?/?; 
ttag +62 46/38/26/35/25; 
ttag +63 14/[9]/?/?/?; 
ttag +64 21/3/?/1/?; 
ttag +65 86/81/72/83/75; 
ttag +66 46/34/18/22/18; 
ttag +67 81/78/64/79/70; 
ttag +68 99/99/99/100/99; 
ttag +69 88/86/65/87/70; 
ttag +70 100/100/98/99/97; 
ttag +71 86/80/66/82/75; 
ttag +72 76/64/48/72/60; 
ttag +73 98/96/96/100/94; 
ttag +74 93/92/79/90/80; 
ttag +75 94/93/86/96/87; 
ttag +76 32/22/17/19/15; 
ttag +77 92/90/78/92/82; 
ttag +78 26/9/?/6/?; 
ttag +79 68/56/36/47/41; 
ttag +80 76/65/50/65/56; 
ttag +81 93/92/82/90/86; 
ttag +82 66/59/48/51/37; 
ttag +83 97/97/88/95/88; 
ttag +84 82/75/68/77/56; 
ttag +85 74/67/49/67/45; 
ttag +86 88/82/74/77/68; 
ttag +87 95/94/86/94/78; 
ttag +88 54/44/30/55/49; 
ttag +89 95/94/86/95/87; 
ttag +90 70/51/46/49/47; 
ttag +91 100/100/100/100/100; 
ttag +92 85/82/68/85/71; 
ttag +93 71/63/62/73/66; 
ttag +94 21/[4]/?/4/?; 
