tread
'Tree with tags' 
(0 (1 ((2 3 )(4 (5 (((6 7 )(8 9 10 ))(11 ((12 13 )((14 (21 ((22 (23 (24 25 )))(26 (27 (28 ((29 (30 31 ))(47 (44 45 46 (40 41 (32 ((35 (33 34 ))(36 (39 (37 38 )))))(42 43 )))))))))))((15 (16 17 ))(18 (19 20 )))))))))))); 
ttag *!; 
ttag +49 ???; 
ttag +50 4; 
ttag +51 8; 
ttag +52 7; 
ttag +53 2; 
ttag +54 1; 
ttag +55 4; 
ttag +56 4; 
ttag +57 7; 
ttag +58 3; 
ttag +59 2; 
ttag +60 2; 
ttag +61 1; 
ttag +62 3; 
ttag +63 4; 
ttag +64 3; 
ttag +65 5; 
ttag +66 4; 
ttag +67 9; 
ttag +68 4; 
ttag +69 6; 
ttag +70 7; 
ttag +71 5; 
ttag +72 9; 
ttag +73 3; 
ttag +74 2; 
ttag +75 5; 
ttag +76 3; 
ttag +77 6; 
ttag +78 5; 
ttag +79 6; 
ttag +80 4; 
ttag +81 1; 
ttag +82 5; 
ttag +83 4; 
ttag +84 1; 
ttag +85 5; 
ttag +86 1; 
ttag +87 1; 
ttag +88 2; 
ttag +89 5; 
tread
'Tree with tags' 
(0 (1 ((2 3 )(4 (5 (((6 7 )(10 (8 9 )))(11 ((12 13 )((14 (21 ((22 (23 (24 25 )))(26 (27 (28 ((29 (30 31 ))(47 ((46 ((32 ((35 (33 34 ))(36 (39 (37 38 )))))(41 (40 (42 43 )))))(44 45 ))))))))))((15 (16 17 ))(18 (19 20 )))))))))))); 
ttag *!; 
ttag +0 ////; 
ttag +1 ////; 
ttag +2 ////; 
ttag +3 ////; 
ttag +4 ////; 
ttag +5 ////; 
ttag +6 ////; 
ttag +7 ////; 
ttag +8 ////; 
ttag +9 ////; 
ttag +10 ////; 
ttag +11 ////; 
ttag +12 ////; 
ttag +13 ////; 
ttag +14 ////; 
ttag +15 ////; 
ttag +16 ////; 
ttag +17 ////; 
ttag +18 ////; 
ttag +19 ////; 
ttag +20 ////; 
ttag +21 ////; 
ttag +22 ////; 
ttag +23 ////; 
ttag +24 ////; 
ttag +25 ////; 
ttag +26 ////; 
ttag +27 ////; 
ttag +28 ////; 
ttag +29 ////; 
ttag +30 ////; 
ttag +31 ////; 
ttag +32 ////; 
ttag +33 ////; 
ttag +34 ////; 
ttag +35 ////; 
ttag +36 ////; 
ttag +37 ////; 
ttag +38 ////; 
ttag +39 ////; 
ttag +40 ////; 
ttag +41 ////; 
ttag +42 ////; 
ttag +43 ////; 
ttag +44 ////; 
ttag +45 ////; 
ttag +46 ////; 
ttag +47 ////; 
ttag +48 ////; 
ttag +49 100/100/100/100/100; 
ttag +50 85/81/72/80/69; 
ttag +51 99/99/97/98/95; 
ttag +52 90/86/68/88/81; 
ttag +53 48/33/9/26/11; 
ttag +54 66/62/54/65/49; 
ttag +55 69/62/48/50/49; 
ttag +56 55/48/24/38/30; 
ttag +57 30/[8]/0/?/?; 
ttag +58 94/93/87/94/88; 
ttag +59 55/49/23/50/28; 
ttag +60 60/47/43/50/39; 
ttag +61 42/35/14/33/18; 
ttag +62 26/2/?/5/?; 
ttag +63 47/35/18/41/22; 
ttag +64 87/84/74/86/71; 
ttag +65 69/62/47/68/48; 
ttag +66 93/90/78/94/77; 
ttag +67 90/89/81/86/92; 
ttag +68 100/100/100/100/99; 
ttag +69 76/68/52/68/49; 
ttag +70 94/92/79/94/85; 
ttag +71 99/99/94/98/92; 
ttag +72 99/99/94/98/94; 
ttag +73 99/99/100/100/97; 
ttag +74 77/71/56/76/65; 
ttag +75 64/58/44/64/40; 
ttag +76 78/74/56/80/62; 
ttag +77 76/64/46/68/44; 
ttag +78 88/84/73/87/74; 
ttag +79 88/79/79/85/78; 
ttag +80 98/98/94/98/93; 
ttag +81 71/66/56/72/52; 
ttag +82 9/[14]/?/?/?; 
ttag +83 45/26/18/22/15; 
ttag +84 86/81/74/85/75; 
ttag +85 93/92/83/92/81; 
ttag +86 59/31/22/38/22; 
ttag +87 94/91/74/90/76; 
ttag +88 43/38/43/33/44; 
ttag +89 44/34/36/43/40; 
ttag +90 76/73/71/70/67; 
ttag +91 22/[28]/?/?/?; 
ttag +92 40/10/20/10/18; 
ttag +93 96/96/92/96/91; 
ttag +94 40/17/2/13/8; 
