tread
'Tree with tags' 
(0 (1 ((2 3 )(11 (4 5 6 7 12 13 14 21 (8 9 10 )(15 16 17 )(18 (19 20 ))((22 (23 (24 25 )))(26 (27 (28 29 (30 31 )(32 (35 ((33 34 )(36 (37 (38 39 ))))))(44 45 46 47 (40 (41 (42 43 ))))))))))))); 
ttag *!; 
ttag +49 ???; 
ttag +50 3; 
ttag +51 6; 
ttag +52 1; 
ttag +53 5; 
ttag +54 5; 
ttag +55 4; 
ttag +56 1; 
ttag +57 7; 
ttag +58 5; 
ttag +59 2; 
ttag +60 5; 
ttag +61 5; 
ttag +62 2; 
ttag +63 4; 
ttag +64 2; 
ttag +65 2; 
ttag +66 9; 
ttag +67 7; 
ttag +68 1; 
ttag +69 2; 
ttag +70 5; 
ttag +71 4; 
ttag +72 2; 
ttag +73 11; 
ttag +74 1; 
ttag +75 2; 
ttag +76 2; 
tread
'Tree with tags' 
(0 (1 ((2 3 )(11 (7 ((6 (4 (9 (8 10 ))))((5 (21 (14 ((16 (15 17 ))((18 (19 20 ))((22 (23 (24 25 )))(26 (27 ((((28 29 )((40 (41 (42 43 )))(46 (44 (45 47 )))))(30 31 ))(32 (35 ((33 34 )(36 (37 (38 39 )))))))))))))))(12 13 )))))))); 
ttag *!; 
ttag +0 ////; 
ttag +1 ////; 
ttag +2 ////; 
ttag +3 ////; 
ttag +4 ////; 
ttag +5 ////; 
ttag +6 ////; 
ttag +7 ////; 
ttag +8 ////; 
ttag +9 ////; 
ttag +10 ////; 
ttag +11 ////; 
ttag +12 ////; 
ttag +13 ////; 
ttag +14 ////; 
ttag +15 ////; 
ttag +16 ////; 
ttag +17 ////; 
ttag +18 ////; 
ttag +19 ////; 
ttag +20 ////; 
ttag +21 ////; 
ttag +22 ////; 
ttag +23 ////; 
ttag +24 ////; 
ttag +25 ////; 
ttag +26 ////; 
ttag +27 ////; 
ttag +28 ////; 
ttag +29 ////; 
ttag +30 ////; 
ttag +31 ////; 
ttag +32 ////; 
ttag +33 ////; 
ttag +34 ////; 
ttag +35 ////; 
ttag +36 ////; 
ttag +37 ////; 
ttag +38 ////; 
ttag +39 ////; 
ttag +40 ////; 
ttag +41 ////; 
ttag +42 ////; 
ttag +43 ////; 
ttag +44 ////; 
ttag +45 ////; 
ttag +46 ////; 
ttag +47 ////; 
ttag +48 ////; 
ttag +49 100/100/100/100/100; 
ttag +50 90/85/81/85/76; 
ttag +51 100/100/99/98/97; 
ttag +52 37/17/17/22/15; 
ttag +53 21/2/?/?/?; 
ttag +54 17/[1]/?/?/?; 
ttag +55 48/34/20/38/23; 
ttag +56 97/96/94/98/95; 
ttag +57 5/[30]/?/?/?; 
ttag +58 10/0/?/5/?; 
ttag +59 57/47/37/52/45; 
ttag +60 99/98/96/100/98; 
ttag +61 17/[11]/?/?/?; 
ttag +62 7/[22]/?/?/?; 
ttag +63 34/5/?/6/?; 
ttag +64 39/[4]/?/?/10; 
ttag +65 97/96/89/97/90; 
ttag +66 7/[21]/?/?/?; 
ttag +67 50/33/34/38/42; 
ttag +68 6/[22]/?/?/?; 
ttag +69 99/99/99/100/100; 
ttag +70 93/91/82/94/86; 
ttag +71 40/32/26/36/24; 
ttag +72 94/92/85/96/86; 
ttag +73 89/84/84/89/79; 
ttag +74 87/83/69/82/69; 
ttag +75 86/82/75/85/69; 
ttag +76 23/[2]/?/?/?; 
ttag +77 8/[18]/?/?/?; 
ttag +78 29/2/?/?/?; 
ttag +79 83/78/66/76/67; 
ttag +80 90/88/76/88/73; 
ttag +81 99/99/96/100/96; 
ttag +82 93/92/85/92/84; 
ttag +83 54/37/22/28/22; 
ttag +84 65/48/33/47/37; 
ttag +85 95/94/88/97/86; 
ttag +86 90/88/84/96/83; 
ttag +87 79/74/58/73/60; 
ttag +88 100/100/97/100/100; 
ttag +89 68/56/44/55/57; 
ttag +90 75/64/60/73/71; 
ttag +91 82/73/67/78/65; 
ttag +92 23/7/14/15/9; 
ttag +93 35/2/?/7/?; 
ttag +94 22/1/?/8/5; 
