tread
'Tree with tags' 
(0 (1 ((2 3 )(6 7 (((4 5 )(11 (12 ((13 (22 (23 (24 25 ))))((21 (14 (28 (26 27 (40 41 (29 (30 31 ))(32 ((33 34 )(35 (36 (37 (38 39 ))))))(42 43 )(46 47 (44 45 )))))))((15 (16 17 ))(18 (19 20 ))))))))(8 9 10 )))))); 
ttag *!; 
ttag +49 ???; 
ttag +50 8; 
ttag +51 2; 
ttag +52 3; 
ttag +53 2; 
ttag +54 1; 
ttag +55 3; 
ttag +56 6; 
ttag +57 3; 
ttag +58 3; 
ttag +59 2; 
ttag +60 1; 
ttag +61 2; 
ttag +62 2; 
ttag +63 2; 
ttag +64 8; 
ttag +65 3; 
ttag +66 7; 
ttag +67 4; 
ttag +68 8; 
ttag +69 5; 
ttag +70 2; 
ttag +71 8; 
ttag +72 2; 
ttag +73 5; 
ttag +74 3; 
ttag +75 4; 
ttag +76 6; 
ttag +77 4; 
ttag +78 2; 
ttag +79 1; 
ttag +80 4; 
ttag +81 3; 
ttag +82 9; 
ttag +83 2; 
ttag +84 2; 
ttag +85 3; 
ttag +86 1; 
tread
'Tree with tags' 
(0 (1 ((2 3 )(7 (6 (((4 5 )(11 (12 ((13 (22 (23 (24 25 ))))((21 (14 (28 (27 (26 ((((29 (30 31 ))(47 (46 (44 45 ))))((40 41 )(42 43 )))(32 ((33 34 )(35 (36 (37 (38 39 ))))))))))))((15 (16 17 ))(18 (19 20 ))))))))(9 (8 10 )))))))); 
ttag *!; 
ttag +0 ////; 
ttag +1 ////; 
ttag +2 ////; 
ttag +3 ////; 
ttag +4 ////; 
ttag +5 ////; 
ttag +6 ////; 
ttag +7 ////; 
ttag +8 ////; 
ttag +9 ////; 
ttag +10 ////; 
ttag +11 ////; 
ttag +12 ////; 
ttag +13 ////; 
ttag +14 ////; 
ttag +15 ////; 
ttag +16 ////; 
ttag +17 ////; 
ttag +18 ////; 
ttag +19 ////; 
ttag +20 ////; 
ttag +21 ////; 
ttag +22 ////; 
ttag +23 ////; 
ttag +24 ////; 
ttag +25 ////; 
ttag +26 ////; 
ttag +27 ////; 
ttag +28 ////; 
ttag +29 ////; 
ttag +30 ////; 
ttag +31 ////; 
ttag +32 ////; 
ttag +33 ////; 
ttag +34 ////; 
ttag +35 ////; 
ttag +36 ////; 
ttag +37 ////; 
ttag +38 ////; 
ttag +39 ////; 
ttag +40 ////; 
ttag +41 ////; 
ttag +42 ////; 
ttag +43 ////; 
ttag +44 ////; 
ttag +45 ////; 
ttag +46 ////; 
ttag +47 ////; 
ttag +48 ////; 
ttag +49 100/100/100/100/100; 
ttag +50 99/99/98/99/98; 
ttag +51 76/66/61/66/60; 
ttag +52 63/57/47/61/38; 
ttag +53 46/38/22/47/25; 
ttag +54 26/8/?/10/3; 
ttag +55 23/1/?/?/?; 
ttag +56 81/75/65/82/60; 
ttag +57 36/[1]/?/10/7; 
ttag +58 98/98/94/98/96; 
ttag +59 69/67/53/78/51; 
ttag +60 54/49/36/55/40; 
ttag +61 24/[5]/?/1/?; 
ttag +62 30/15/15/20/12; 
ttag +63 7/[22]/?/?/?; 
ttag +64 8/[20]/?/?/?; 
ttag +65 22/[6]/?/1/?; 
ttag +66 99/98/96/98/93; 
ttag +67 58/47/42/56/47; 
ttag +68 99/99/99/99/98; 
ttag +69 89/84/73/85/82; 
ttag +70 100/100/98/99/99; 
ttag +71 85/80/64/84/76; 
ttag +72 62/40/31/42/30; 
ttag +73 99/99/98/100/99; 
ttag +74 9/[34]/?/?/?; 
ttag +75 37/18/2/22/8; 
ttag +76 81/76/64/83/68; 
ttag +77 81/74/64/76/60; 
ttag +78 6/[22]/?/?/?; 
ttag +79 23/8/?/0/?; 
ttag +80 78/76/61/78/60; 
ttag +81 97/97/92/98/92; 
ttag +82 90/86/84/90/84; 
ttag +83 80/73/69/74/60; 
ttag +84 40/4/?/2/?; 
ttag +85 90/88/82/90/74; 
ttag +86 84/77/72/84/67; 
ttag +87 99/99/99/100/99; 
ttag +88 74/70/55/76/71; 
ttag +89 29/1/3/12/8; 
ttag +90 43/34/17/36/36; 
ttag +91 76/65/52/71/56; 
ttag +92 66/59/48/63/53; 
ttag +93 22/6/?/16/4; 
ttag +94 48/41/31/42/21; 
