tread
'Tree with tags' 
(0 (1 ((2 3 )(4 (5 (11 ((12 13 )((14 ((15 (16 17 ))(18 (19 20 ))))(21 ((22 (23 (24 25 )))(26 (27 (28 ((29 (30 31 ))(47 (32 ((33 34 )(35 (36 (39 (37 38 ))))))(40 (41 (42 43 )))(44 45 46 ))))))))))))(6 7 )(8 9 10 ))))); 
ttag *!; 
ttag +49 ???; 
ttag +50 1; 
ttag +51 6; 
ttag +52 6; 
ttag +53 1; 
ttag +54 1; 
ttag +55 9; 
ttag +56 2; 
ttag +57 2; 
ttag +58 2; 
ttag +59 1; 
ttag +60 4; 
ttag +61 3; 
ttag +62 4; 
ttag +63 3; 
ttag +64 4; 
ttag +65 17; 
ttag +66 2; 
ttag +67 4; 
ttag +68 3; 
ttag +69 6; 
ttag +70 3; 
ttag +71 3; 
ttag +72 2; 
ttag +73 1; 
ttag +74 5; 
ttag +75 5; 
ttag +76 2; 
ttag +77 2; 
ttag +78 3; 
ttag +79 3; 
ttag +80 1; 
ttag +81 8; 
ttag +82 3; 
ttag +83 1; 
ttag +84 5; 
ttag +85 6; 
ttag +86 1; 
ttag +87 7; 
ttag +88 1; 
tread
'Tree with tags' 
(0 (1 ((2 3 )(((4 (5 (11 ((12 13 )((14 ((15 (16 17 ))(18 (19 20 ))))(21 ((22 (23 (24 25 )))(26 (27 (28 ((29 (30 31 ))(47 ((32 ((33 34 )(35 (36 (39 (37 38 ))))))((40 (41 (42 43 )))(46 (44 45 ))))))))))))))))(6 7 ))(10 (8 9 )))))); 
ttag *!; 
ttag +0 ////; 
ttag +1 ////; 
ttag +2 ////; 
ttag +3 ////; 
ttag +4 ////; 
ttag +5 ////; 
ttag +6 ////; 
ttag +7 ////; 
ttag +8 ////; 
ttag +9 ////; 
ttag +10 ////; 
ttag +11 ////; 
ttag +12 ////; 
ttag +13 ////; 
ttag +14 ////; 
ttag +15 ////; 
ttag +16 ////; 
ttag +17 ////; 
ttag +18 ////; 
ttag +19 ////; 
ttag +20 ////; 
ttag +21 ////; 
ttag +22 ////; 
ttag +23 ////; 
ttag +24 ////; 
ttag +25 ////; 
ttag +26 ////; 
ttag +27 ////; 
ttag +28 ////; 
ttag +29 ////; 
ttag +30 ////; 
ttag +31 ////; 
ttag +32 ////; 
ttag +33 ////; 
ttag +34 ////; 
ttag +35 ////; 
ttag +36 ////; 
ttag +37 ////; 
ttag +38 ////; 
ttag +39 ////; 
ttag +40 ////; 
ttag +41 ////; 
ttag +42 ////; 
ttag +43 ////; 
ttag +44 ////; 
ttag +45 ////; 
ttag +46 ////; 
ttag +47 ////; 
ttag +48 ////; 
ttag +49 100/100/100/100/100; 
ttag +50 46/20/22/22/9; 
ttag +51 97/96/88/96/94; 
ttag +52 14/[12]/?/?/?; 
ttag +53 24/[3]/?/?/?; 
ttag +54 96/96/90/96/90; 
ttag +55 26/16/6/16/2; 
ttag +56 35/26/17/25/10; 
ttag +57 23/[20]/?/?/?; 
ttag +58 100/100/100/99/100; 
ttag +59 46/30/27/32/18; 
ttag +60 82/82/74/82/75; 
ttag +61 36/23/12/23/18; 
ttag +62 26/8/2/15/?; 
ttag +63 76/70/56/71/54; 
ttag +64 62/55/44/67/50; 
ttag +65 83/79/68/85/61; 
ttag +66 69/62/59/74/60; 
ttag +67 84/80/74/83/73; 
ttag +68 100/100/100/100/100; 
ttag +69 46/32/20/31/28; 
ttag +70 98/98/95/96/92; 
ttag +71 69/55/44/54/51; 
ttag +72 98/97/96/99/92; 
ttag +73 96/95/87/96/88; 
ttag +74 71/64/54/69/60; 
ttag +75 58/42/30/42/26; 
ttag +76 72/69/62/64/54; 
ttag +77 98/98/94/98/96; 
ttag +78 96/95/90/97/95; 
ttag +79 77/71/63/76/68; 
ttag +80 57/50/41/44/48; 
ttag +81 30/4/8/8/6; 
ttag +82 93/92/94/93/89; 
ttag +83 73/69/60/81/74; 
ttag +84 46/25/13/22/11; 
ttag +85 98/97/94/99/91; 
ttag +86 84/79/68/77/71; 
ttag +87 53/24/10/16/14; 
ttag +88 96/96/91/97/90; 
ttag +89 96/95/90/98/86; 
ttag +90 19/[7]/?/?/?; 
ttag +91 70/55/41/50/40; 
ttag +92 100/100/98/99/99; 
ttag +93 22/[6]/?/?/?; 
ttag +94 64/59/60/60/51; 
