tread
'Tree with tags' 
(0 (1 ((2 3 )(((4 12 13 14 21 (15 16 17 )(18 (19 20 ))((26 27 )(28 ((29 (30 31 ))(((32 (33 34 )(35 (36 (39 (37 38 )))))(44 45 46 47 ))(41 (40 (42 43 ))))))))(11 (5 (6 (7 (10 (8 9 )))))))(22 (23 (24 25 ))))))); 
ttag *!; 
ttag +49 ???; 
ttag +50 9; 
ttag +51 2; 
ttag +52 2; 
ttag +53 3; 
ttag +54 6; 
ttag +55 1; 
ttag +56 1; 
ttag +57 3; 
ttag +58 1; 
ttag +59 1; 
ttag +60 12; 
ttag +61 6; 
ttag +62 6; 
ttag +63 11; 
ttag +64 5; 
ttag +65 7; 
ttag +66 3; 
ttag +67 2; 
ttag +68 2; 
ttag +69 1; 
ttag +70 3; 
ttag +71 1; 
ttag +72 5; 
ttag +73 3; 
ttag +74 1; 
ttag +75 3; 
ttag +76 2; 
ttag +77 3; 
ttag +78 2; 
ttag +79 2; 
ttag +80 9; 
ttag +81 1; 
ttag +82 4; 
ttag +83 9; 
ttag +84 2; 
tread
'Tree with tags' 
(0 (1 ((2 3 )(((12 (14 (21 ((4 ((15 (16 17 ))(18 (19 20 ))))(13 ((26 27 )(28 ((29 (30 31 ))((((32 (35 (36 (39 (37 38 )))))(33 34 ))((44 46 )(45 47 )))(41 (40 (42 43 ))))))))))))(11 (5 (6 (7 (10 (8 9 )))))))(22 (23 (24 25 ))))))); 
ttag *!; 
ttag +0 ////; 
ttag +1 ////; 
ttag +2 ////; 
ttag +3 ////; 
ttag +4 ////; 
ttag +5 ////; 
ttag +6 ////; 
ttag +7 ////; 
ttag +8 ////; 
ttag +9 ////; 
ttag +10 ////; 
ttag +11 ////; 
ttag +12 ////; 
ttag +13 ////; 
ttag +14 ////; 
ttag +15 ////; 
ttag +16 ////; 
ttag +17 ////; 
ttag +18 ////; 
ttag +19 ////; 
ttag +20 ////; 
ttag +21 ////; 
ttag +22 ////; 
ttag +23 ////; 
ttag +24 ////; 
ttag +25 ////; 
ttag +26 ////; 
ttag +27 ////; 
ttag +28 ////; 
ttag +29 ////; 
ttag +30 ////; 
ttag +31 ////; 
ttag +32 ////; 
ttag +33 ////; 
ttag +34 ////; 
ttag +35 ////; 
ttag +36 ////; 
ttag +37 ////; 
ttag +38 ////; 
ttag +39 ////; 
ttag +40 ////; 
ttag +41 ////; 
ttag +42 ////; 
ttag +43 ////; 
ttag +44 ////; 
ttag +45 ////; 
ttag +46 ////; 
ttag +47 ////; 
ttag +48 ////; 
ttag +49 100/100/100/100/100; 
ttag +50 100/100/100/100/99; 
ttag +51 67/52/31/44/28; 
ttag +52 6/[13]/?/?/?; 
ttag +53 5/[30]/?/?/?; 
ttag +54 3/[32]/?/?/?; 
ttag +55 0/[34]/?/?/?; 
ttag +56 14/7/0/7/?; 
ttag +57 46/39/22/40/19; 
ttag +58 86/83/71/82/66; 
ttag +59 9/[10]/?/0/?; 
ttag +60 8/0/2/2/?; 
ttag +61 52/32/29/44/24; 
ttag +62 22/[25]/?/?/?; 
ttag +63 44/27/14/27/16; 
ttag +64 99/99/98/100/98; 
ttag +65 27/[7]/?/7/?; 
ttag +66 99/99/94/98/95; 
ttag +67 22/3/8/1/7; 
ttag +68 32/[11]/?/?/?; 
ttag +69 98/97/96/98/97; 
ttag +70 100/100/100/100/100; 
ttag +71 81/72/69/82/68; 
ttag +72 97/96/88/97/92; 
ttag +73 98/98/94/96/94; 
ttag +74 89/81/78/80/79; 
ttag +75 79/72/61/76/57; 
ttag +76 80/76/64/77/60; 
ttag +77 87/80/61/80/67; 
ttag +78 69/54/39/58/34; 
ttag +79 97/96/94/99/92; 
ttag +80 66/52/45/39/31; 
ttag +81 82/79/70/86/72; 
ttag +82 59/48/48/54/36; 
ttag +83 89/86/69/87/74; 
ttag +84 83/78/68/83/66; 
ttag +85 94/93/82/91/85; 
ttag +86 88/84/77/87/77; 
ttag +87 86/86/81/88/80; 
ttag +88 99/98/97/100/98; 
ttag +89 54/39/33/44/39; 
ttag +90 95/94/80/92/83; 
ttag +91 99/98/99/100/98; 
ttag +92 16/[19]/?/?/?; 
ttag +93 79/73/63/83/67; 
ttag +94 16/[20]/?/?/?; 
