tread
'Tree with tags' 
(0 ((1 (2 3 ))(5 ((4 ((21 ((11 14 )(12 13 )))((15 (16 17 ))(18 (19 20 )))((22 (23 (24 25 )))(26 (27 ((28 (29 (30 31 )))(32 (35 (33 34 )(36 (37 (38 39 )))))(40 41 (42 43 ))(47 (44 45 46 ))))))))(10 (8 9 )))(6 7 )))); 
ttag *!; 
ttag +49 1; 
ttag +50 ???; 
ttag +51 3; 
ttag +52 1; 
ttag +53 2; 
ttag +54 4; 
ttag +55 3; 
ttag +56 1; 
ttag +57 9; 
ttag +58 2; 
ttag +59 2; 
ttag +60 1; 
ttag +61 3; 
ttag +62 1; 
ttag +63 7; 
ttag +64 5; 
ttag +65 1; 
ttag +66 2; 
ttag +67 7; 
ttag +68 5; 
ttag +69 3; 
ttag +70 1; 
ttag +71 4; 
ttag +72 1; 
ttag +73 1; 
ttag +74 1; 
ttag +75 6; 
ttag +76 4; 
ttag +77 4; 
ttag +78 4; 
ttag +79 4; 
ttag +80 1; 
ttag +81 3; 
ttag +82 4; 
ttag +83 2; 
ttag +84 6; 
ttag +85 7; 
ttag +86 1; 
ttag +87 2; 
tread
'Tree with tags' 
(0 ((1 (2 3 ))(5 (((4 (((21 ((11 14 )(12 13 )))((22 (23 (24 25 )))(26 (27 ((((28 (29 (30 31 )))(47 (46 (44 45 ))))(40 (41 (42 43 ))))(32 ((33 34 )(35 (36 (37 (38 39 )))))))))))((15 (16 17 ))(18 (19 20 )))))(10 (8 9 )))(6 7 ))))); 
ttag *!; 
ttag +0 ////; 
ttag +1 ////; 
ttag +2 ////; 
ttag +3 ////; 
ttag +4 ////; 
ttag +5 ////; 
ttag +6 ////; 
ttag +7 ////; 
ttag +8 ////; 
ttag +9 ////; 
ttag +10 ////; 
ttag +11 ////; 
ttag +12 ////; 
ttag +13 ////; 
ttag +14 ////; 
ttag +15 ////; 
ttag +16 ////; 
ttag +17 ////; 
ttag +18 ////; 
ttag +19 ////; 
ttag +20 ////; 
ttag +21 ////; 
ttag +22 ////; 
ttag +23 ////; 
ttag +24 ////; 
ttag +25 ////; 
ttag +26 ////; 
ttag +27 ////; 
ttag +28 ////; 
ttag +29 ////; 
ttag +30 ////; 
ttag +31 ////; 
ttag +32 ////; 
ttag +33 ////; 
ttag +34 ////; 
ttag +35 ////; 
ttag +36 ////; 
ttag +37 ////; 
ttag +38 ////; 
ttag +39 ////; 
ttag +40 ////; 
ttag +41 ////; 
ttag +42 ////; 
ttag +43 ////; 
ttag +44 ////; 
ttag +45 ////; 
ttag +46 ////; 
ttag +47 ////; 
ttag +48 ////; 
ttag +49 35/13/10/12/7; 
ttag +50 100/100/100/100/100; 
ttag +51 90/87/78/88/74; 
ttag +52 10/[8]/?/?/?; 
ttag +53 16/[2]/?/2/?; 
ttag +54 11/[7]/?/?/?; 
ttag +55 76/72/60/73/62; 
ttag +56 74/68/60/69/60; 
ttag +57 75/74/73/74/68; 
ttag +58 100/100/96/100/98; 
ttag +59 22/4/?/7/?; 
ttag +60 14/[3]/?/?/?; 
ttag +61 12/[5]/?/?/?; 
ttag +62 13/[4]/?/?/?; 
ttag +63 45/40/29/42/28; 
ttag +64 39/26/16/23/24; 
ttag +65 98/97/95/100/94; 
ttag +66 80/76/66/78/68; 
ttag +67 60/33/40/36/35; 
ttag +68 70/63/54/72/61; 
ttag +69 100/100/98/99/98; 
ttag +70 80/71/60/84/57; 
ttag +71 59/54/49/66/45; 
ttag +72 67/45/51/41/54; 
ttag +73 83/80/76/86/72; 
ttag +74 56/43/27/46/26; 
ttag +75 32/10/?/4/2; 
ttag +76 47/38/35/48/28; 
ttag +77 12/[16]/?/?/?; 
ttag +78 10/[18]/?/?/?; 
ttag +79 88/88/79/93/78; 
ttag +80 92/91/79/87/76; 
ttag +81 80/73/58/79/61; 
ttag +82 90/89/75/91/74; 
ttag +83 96/94/87/98/90; 
ttag +84 62/56/45/56/37; 
ttag +85 32/4/1/12/12; 
ttag +86 85/81/70/88/66; 
ttag +87 91/89/83/95/81; 
ttag +88 75/63/52/74/53; 
ttag +89 96/96/95/95/89; 
ttag +90 36/10/6/12/2; 
ttag +91 100/100/96/100/98; 
ttag +92 26/23/28/23/24; 
ttag +93 55/52/40/49/39; 
ttag +94 48/40/34/52/35; 
