tread
'Tree with tags' 
(0 (1 ((2 3 )(4 (5 ((6 7 )(9 (8 10 )))(11 (21 (12 13 )(14 (17 (15 16 )))(18 (19 20 ))(22 (23 (24 25 )))(26 27 28 (29 (30 31 ))(((32 ((35 (33 34 ))(36 (37 (38 39 )))))(40 (41 (42 43 ))))(44 45 46 47 )))))))))); 
ttag *!; 
ttag +49 ???; 
ttag +50 2; 
ttag +51 6; 
ttag +52 7; 
ttag +53 1; 
ttag +54 1; 
ttag +55 3; 
ttag +56 1; 
ttag +57 11; 
ttag +58 2; 
ttag +59 1; 
ttag +60 2; 
ttag +61 1; 
ttag +62 1; 
ttag +63 8; 
ttag +64 4; 
ttag +65 9; 
ttag +66 3; 
ttag +67 8; 
ttag +68 7; 
ttag +69 3; 
ttag +70 1; 
ttag +71 6; 
ttag +72 4; 
ttag +73 1; 
ttag +74 4; 
ttag +75 7; 
ttag +76 1; 
ttag +77 2; 
ttag +78 1; 
ttag +79 4; 
ttag +80 1; 
ttag +81 6; 
ttag +82 1; 
ttag +83 3; 
ttag +84 2; 
tread
'Tree with tags' 
(0 (1 ((2 3 )(4 ((5 ((6 7 )(9 (8 10 ))))(11 (((12 13 )(21 (14 (17 (15 16 )))))((18 (19 20 ))((22 (23 (24 25 )))(((26 27 )(29 (30 31 )))(28 (((32 ((35 (33 34 ))(36 (37 (38 39 )))))(40 (41 (42 43 ))))(46 (47 (44 45 ))))))))))))))); 
ttag *!; 
ttag +0 ////; 
ttag +1 ////; 
ttag +2 ////; 
ttag +3 ////; 
ttag +4 ////; 
ttag +5 ////; 
ttag +6 ////; 
ttag +7 ////; 
ttag +8 ////; 
ttag +9 ////; 
ttag +10 ////; 
ttag +11 ////; 
ttag +12 ////; 
ttag +13 ////; 
ttag +14 ////; 
ttag +15 ////; 
ttag +16 ////; 
ttag +17 ////; 
ttag +18 ////; 
ttag +19 ////; 
ttag +20 ////; 
ttag +21 ////; 
ttag +22 ////; 
ttag +23 ////; 
ttag +24 ////; 
ttag +25 ////; 
ttag +26 ////; 
ttag +27 ////; 
ttag +28 ////; 
ttag +29 ////; 
ttag +30 ////; 
ttag +31 ////; 
ttag +32 ////; 
ttag +33 ////; 
ttag +34 ////; 
ttag +35 ////; 
ttag +36 ////; 
ttag +37 ////; 
ttag +38 ////; 
ttag +39 ////; 
ttag +40 ////; 
ttag +41 ////; 
ttag +42 ////; 
ttag +43 ////; 
ttag +44 ////; 
ttag +45 ////; 
ttag +46 ////; 
ttag +47 ////; 
ttag +48 ////; 
ttag +49 100/100/100/100/100; 
ttag +50 89/87/79/80/75; 
ttag +51 96/94/90/97/89; 
ttag +52 96/95/90/98/90; 
ttag +53 26/8/8/8/9; 
ttag +54 34/0/?/4/?; 
ttag +55 55/37/33/44/42; 
ttag +56 76/71/50/74/57; 
ttag +57 72/62/40/58/42; 
ttag +58 100/100/100/100/100; 
ttag +59 40/21/18/32/14; 
ttag +60 51/46/42/48/35; 
ttag +61 4/[16]/?/?/?; 
ttag +62 26/8/6/22/5; 
ttag +63 43/25/14/27/14; 
ttag +64 1/[19]/?/?/?; 
ttag +65 64/45/26/50/40; 
ttag +66 98/98/97/100/98; 
ttag +67 96/96/88/92/90; 
ttag +68 7/[13]/?/?/?; 
ttag +69 100/100/99/100/100; 
ttag +70 87/85/70/88/76; 
ttag +71 52/34/32/44/29; 
ttag +72 99/98/96/98/94; 
ttag +73 97/96/88/96/92; 
ttag +74 15/[45]/?/?/?; 
ttag +75 11/[50]/?/?/?; 
ttag +76 86/82/77/88/81; 
ttag +77 27/[16]/?/?/?; 
ttag +78 60/40/30/44/25; 
ttag +79 98/97/92/96/94; 
ttag +80 78/74/61/79/58; 
ttag +81 52/35/20/30/28; 
ttag +82 86/84/66/78/67; 
ttag +83 95/94/84/97/91; 
ttag +84 14/4/?/?/?; 
ttag +85 51/43/25/43/36; 
ttag +86 35/23/4/12/8; 
ttag +87 66/62/44/61/55; 
ttag +88 70/61/58/68/54; 
ttag +89 95/94/87/98/87; 
ttag +90 69/56/32/60/42; 
ttag +91 85/78/60/80/69; 
ttag +92 51/42/34/47/38; 
ttag +93 31/16/17/26/26; 
ttag +94 69/53/40/47/46; 
