tread
'Tree with tags' 
(0 (1 (2 3 )(4 (5 11 14 15 16 17 (6 7 )(8 9 10 )(12 13 )(18 (19 20 ))(21 ((22 (23 (24 25 )))(26 (27 (28 (((29 (30 31 ))((40 41 (42 43 ))(46 (47 (44 45 )))))((32 (35 (36 (39 (37 38 )))))(33 34 )))))))))))); 
ttag *!; 
ttag +49 ???; 
ttag +50 8; 
ttag +51 3; 
ttag +52 1; 
ttag +53 2; 
ttag +54 6; 
ttag +55 1; 
ttag +56 3; 
ttag +57 13; 
ttag +58 2; 
ttag +59 3; 
ttag +60 7; 
ttag +61 8; 
ttag +62 3; 
ttag +63 6; 
ttag +64 1; 
ttag +65 6; 
ttag +66 4; 
ttag +67 1; 
ttag +68 4; 
ttag +69 4; 
ttag +70 1; 
ttag +71 5; 
ttag +72 2; 
ttag +73 2; 
ttag +74 6; 
ttag +75 3; 
ttag +76 8; 
ttag +77 2; 
ttag +78 3; 
ttag +79 4; 
ttag +80 2; 
ttag +81 2; 
ttag +82 2; 
tread
'Tree with tags' 
(0 ((1 (4 (5 ((11 ((6 7 )((8 (9 10 ))(17 (16 (15 (18 (19 20 ))))))))((12 13 )(14 (21 ((22 (23 (24 25 )))(26 (27 (28 (((29 (30 31 ))(((40 41 )(42 43 ))(46 (47 (44 45 )))))((32 (35 (36 (39 (37 38 )))))(33 34 ))))))))))))))(2 3 ))); 
ttag *!; 
ttag +0 ////; 
ttag +1 ////; 
ttag +2 ////; 
ttag +3 ////; 
ttag +4 ////; 
ttag +5 ////; 
ttag +6 ////; 
ttag +7 ////; 
ttag +8 ////; 
ttag +9 ////; 
ttag +10 ////; 
ttag +11 ////; 
ttag +12 ////; 
ttag +13 ////; 
ttag +14 ////; 
ttag +15 ////; 
ttag +16 ////; 
ttag +17 ////; 
ttag +18 ////; 
ttag +19 ////; 
ttag +20 ////; 
ttag +21 ////; 
ttag +22 ////; 
ttag +23 ////; 
ttag +24 ////; 
ttag +25 ////; 
ttag +26 ////; 
ttag +27 ////; 
ttag +28 ////; 
ttag +29 ////; 
ttag +30 ////; 
ttag +31 ////; 
ttag +32 ////; 
ttag +33 ////; 
ttag +34 ////; 
ttag +35 ////; 
ttag +36 ////; 
ttag +37 ////; 
ttag +38 ////; 
ttag +39 ////; 
ttag +40 ////; 
ttag +41 ////; 
ttag +42 ////; 
ttag +43 ////; 
ttag +44 ////; 
ttag +45 ////; 
ttag +46 ////; 
ttag +47 ////; 
ttag +48 ////; 
ttag +49 34/[9]/?/?/?; 
ttag +50 100/100/100/100/100; 
ttag +51 100/100/97/100/99; 
ttag +52 82/75/45/75/55; 
ttag +53 74/72/48/72/57; 
ttag +54 86/84/77/84/73; 
ttag +55 4/[15]/?/?/?; 
ttag +56 0/[18]/?/?/?; 
ttag +57 35/24/20/25/24; 
ttag +58 99/99/98/100/97; 
ttag +59 11/[8]/?/?/?; 
ttag +60 20/[39]/?/?/?; 
ttag +61 53/50/31/49/41; 
ttag +62 10/[7]/?/?/?; 
ttag +63 26/16/9/19/11; 
ttag +64 10/[59]/?/?/?; 
ttag +65 14/[55]/?/?/?; 
ttag +66 54/43/30/35/33; 
ttag +67 89/83/78/91/76; 
ttag +68 100/100/100/100/100; 
ttag +69 49/39/28/44/22; 
ttag +70 87/82/72/87/74; 
ttag +71 98/98/87/99/90; 
ttag +72 99/99/96/99/100; 
ttag +73 88/82/70/79/68; 
ttag +74 95/94/90/95/90; 
ttag +75 54/38/38/47/26; 
ttag +76 95/92/82/95/84; 
ttag +77 84/80/70/82/74; 
ttag +78 37/2/?/10/?; 
ttag +79 88/86/73/88/78; 
ttag +80 90/86/86/93/86; 
ttag +81 58/50/42/56/44; 
ttag +82 90/88/82/92/74; 
ttag +83 69/65/50/69/52; 
ttag +84 68/62/58/69/58; 
ttag +85 94/94/91/96/92; 
ttag +86 86/84/70/87/73; 
ttag +87 95/93/85/95/90; 
ttag +88 45/14/16/14/15; 
ttag +89 70/62/48/64/60; 
ttag +90 80/75/66/78/65; 
ttag +91 98/97/92/94/88; 
ttag +92 60/54/47/58/45; 
ttag +93 65/58/44/61/49; 
ttag +94 77/72/55/68/57; 
