tread
'Tree with tags' 
(0 (1 ((2 3 )(4 5 6 7 11 12 13 (8 (9 10 ))(14 21 (15 (16 17 ))(18 (19 20 ))(22 (23 (24 25 )))(26 (27 (28 ((29 (30 31 ))((32 ((33 34 )(35 (36 (37 38 39 )))))(46 47 (40 41 (42 43 ))(44 45 )))))))))))); 
ttag *!; 
ttag +49 ???; 
ttag +50 8; 
ttag +51 5; 
ttag +52 5; 
ttag +53 12; 
ttag +54 2; 
ttag +55 1; 
ttag +56 3; 
ttag +57 1; 
ttag +58 1; 
ttag +59 7; 
ttag +60 3; 
ttag +61 4; 
ttag +62 10; 
ttag +63 2; 
ttag +64 7; 
ttag +65 1; 
ttag +66 5; 
ttag +67 3; 
ttag +68 4; 
ttag +69 5; 
ttag +70 1; 
ttag +71 5; 
ttag +72 3; 
ttag +73 2; 
ttag +74 8; 
ttag +75 8; 
ttag +76 5; 
ttag +77 1; 
ttag +78 6; 
ttag +79 2; 
tread
'Tree with tags' 
(0 (1 ((2 3 )(4 (12 (13 (5 (11 (((6 7 )(8 (9 10 )))((21 ((14 (18 (19 20 )))(15 (16 17 ))))((22 (23 (24 25 )))(26 (27 (28 ((29 (30 31 ))((32 ((33 34 )(35 (36 (37 (38 39 ))))))(((40 41 )(42 43 ))(47 (46 (44 45 )))))))))))))))))))); 
ttag *!; 
ttag +0 ////; 
ttag +1 ////; 
ttag +2 ////; 
ttag +3 ////; 
ttag +4 ////; 
ttag +5 ////; 
ttag +6 ////; 
ttag +7 ////; 
ttag +8 ////; 
ttag +9 ////; 
ttag +10 ////; 
ttag +11 ////; 
ttag +12 ////; 
ttag +13 ////; 
ttag +14 ////; 
ttag +15 ////; 
ttag +16 ////; 
ttag +17 ////; 
ttag +18 ////; 
ttag +19 ////; 
ttag +20 ////; 
ttag +21 ////; 
ttag +22 ////; 
ttag +23 ////; 
ttag +24 ////; 
ttag +25 ////; 
ttag +26 ////; 
ttag +27 ////; 
ttag +28 ////; 
ttag +29 ////; 
ttag +30 ////; 
ttag +31 ////; 
ttag +32 ////; 
ttag +33 ////; 
ttag +34 ////; 
ttag +35 ////; 
ttag +36 ////; 
ttag +37 ////; 
ttag +38 ////; 
ttag +39 ////; 
ttag +40 ////; 
ttag +41 ////; 
ttag +42 ////; 
ttag +43 ////; 
ttag +44 ////; 
ttag +45 ////; 
ttag +46 ////; 
ttag +47 ////; 
ttag +48 ////; 
ttag +49 100/100/100/100/100; 
ttag +50 100/100/98/99/98; 
ttag +51 96/95/90/96/90; 
ttag +52 87/84/75/90/76; 
ttag +53 4/[7]/?/?/?; 
ttag +54 11/[18]/?/?/?; 
ttag +55 31/20/5/16/?; 
ttag +56 66/57/62/62/63; 
ttag +57 40/29/27/31/24; 
ttag +58 18/7/?/4/?; 
ttag +59 12/0/?/?/?; 
ttag +60 100/100/100/100/100; 
ttag +61 88/85/80/88/74; 
ttag +62 24/[5]/0/?/?; 
ttag +63 16/6/2/10/4; 
ttag +64 8/0/?/0/?; 
ttag +65 19/8/?/9/3; 
ttag +66 86/84/71/86/74; 
ttag +67 54/40/32/41/36; 
ttag +68 68/60/56/55/55; 
ttag +69 99/99/100/99/100; 
ttag +70 65/60/44/68/46; 
ttag +71 17/5/?/10/5; 
ttag +72 84/73/58/76/74; 
ttag +73 99/99/95/98/96; 
ttag +74 55/49/33/52/30; 
ttag +75 88/87/71/92/74; 
ttag +76 49/29/15/35/18; 
ttag +77 92/90/78/89/78; 
ttag +78 72/70/46/70/57; 
ttag +79 94/91/91/94/90; 
ttag +80 91/90/77/93/83; 
ttag +81 62/52/31/57/42; 
ttag +82 98/97/97/99/95; 
ttag +83 86/84/76/88/70; 
ttag +84 79/73/64/79/68; 
ttag +85 97/96/95/98/94; 
ttag +86 98/98/96/99/98; 
ttag +87 29/[9]/3/4/6; 
ttag +88 30/[5]/6/?/?; 
ttag +89 98/98/94/98/94; 
ttag +90 46/30/32/42/34; 
ttag +91 98/98/89/97/93; 
ttag +92 59/53/41/56/42; 
ttag +93 20/[9]/?/?/?; 
ttag +94 32/19/24/24/23; 
