tread
'Tree with tags' 
(0 (1 (2 3 (11 (5 12 13 (4 (6 7 (8 9 10 )))((14 (18 (19 20 )))(21 ((22 (23 (24 25 )))(26 27 28 (46 47 (29 (30 31 ))(35 (32 (33 34 ))(36 (37 38 39 )))((40 41 )(42 43 ))(44 45 ))))))(15 (16 17 ))))))); 
ttag *!; 
ttag +49 ???; 
ttag +50 4; 
ttag +51 1; 
ttag +52 1; 
ttag +53 2; 
ttag +54 1; 
ttag +55 3; 
ttag +56 1; 
ttag +57 1; 
ttag +58 7; 
ttag +59 3; 
ttag +60 3; 
ttag +61 8; 
ttag +62 1; 
ttag +63 6; 
ttag +64 4; 
ttag +65 5; 
ttag +66 3; 
ttag +67 6; 
ttag +68 5; 
ttag +69 5; 
ttag +70 5; 
ttag +71 1; 
ttag +72 3; 
ttag +73 3; 
ttag +74 5; 
ttag +75 5; 
ttag +76 1; 
ttag +77 6; 
ttag +78 4; 
ttag +79 1; 
tread
'Tree with tags' 
(0 (1 ((2 3 )(11 (((12 (13 (5 (4 ((6 7 )(10 (8 9 )))))))((14 (18 (19 20 )))(21 ((22 (23 (24 25 )))(26 ((27 28 )((29 (30 31 ))(((35 (32 (33 34 )))(36 (38 (37 39 ))))(47 ((46 ((40 41 )(42 43 )))(44 45 )))))))))))(15 (16 17 ))))))); 
ttag *!; 
ttag +0 ////; 
ttag +1 ////; 
ttag +2 ////; 
ttag +3 ////; 
ttag +4 ////; 
ttag +5 ////; 
ttag +6 ////; 
ttag +7 ////; 
ttag +8 ////; 
ttag +9 ////; 
ttag +10 ////; 
ttag +11 ////; 
ttag +12 ////; 
ttag +13 ////; 
ttag +14 ////; 
ttag +15 ////; 
ttag +16 ////; 
ttag +17 ////; 
ttag +18 ////; 
ttag +19 ////; 
ttag +20 ////; 
ttag +21 ////; 
ttag +22 ////; 
ttag +23 ////; 
ttag +24 ////; 
ttag +25 ////; 
ttag +26 ////; 
ttag +27 ////; 
ttag +28 ////; 
ttag +29 ////; 
ttag +30 ////; 
ttag +31 ////; 
ttag +32 ////; 
ttag +33 ////; 
ttag +34 ////; 
ttag +35 ////; 
ttag +36 ////; 
ttag +37 ////; 
ttag +38 ////; 
ttag +39 ////; 
ttag +40 ////; 
ttag +41 ////; 
ttag +42 ////; 
ttag +43 ////; 
ttag +44 ////; 
ttag +45 ////; 
ttag +46 ////; 
ttag +47 ////; 
ttag +48 ////; 
ttag +49 100/100/100/100/100; 
ttag +50 61/36/34/30/38; 
ttag +51 92/88/82/89/84; 
ttag +52 42/28/13/22/16; 
ttag +53 35/21/3/14/13; 
ttag +54 6/[51]/?/?/?; 
ttag +55 17/[2]/?/?/?; 
ttag +56 28/2/?/?/?; 
ttag +57 31/7/?/16/8; 
ttag +58 84/73/66/75/75; 
ttag +59 22/[11]/?/?/?; 
ttag +60 63/52/45/53/60; 
ttag +61 58/37/31/29/25; 
ttag +62 89/85/82/87/81; 
ttag +63 64/60/52/60/53; 
ttag +64 49/36/28/37/25; 
ttag +65 95/94/92/97/93; 
ttag +66 79/74/74/84/68; 
ttag +67 83/81/76/83/72; 
ttag +68 100/100/100/100/100; 
ttag +69 65/53/50/61/52; 
ttag +70 96/95/94/96/88; 
ttag +71 93/92/82/93/74; 
ttag +72 97/96/90/95/92; 
ttag +73 98/98/94/96/93; 
ttag +74 93/91/80/94/78; 
ttag +75 48/25/12/25/12; 
ttag +76 6/[32]/?/?/?; 
ttag +77 88/86/70/90/72; 
ttag +78 88/86/72/90/71; 
ttag +79 93/89/83/91/77; 
ttag +80 49/39/18/36/26; 
ttag +81 23/8/?/0/?; 
ttag +82 62/55/38/53/38; 
ttag +83 36/22/18/20/15; 
ttag +84 83/81/72/78/64; 
ttag +85 85/81/79/88/83; 
ttag +86 41/5/6/?/?; 
ttag +87 82/80/71/87/75; 
ttag +88 34/9/11/18/?; 
ttag +89 95/94/88/94/92; 
ttag +90 16/[29]/?/?/?; 
ttag +91 8/[36]/?/?/?; 
ttag +92 37/11/4/9/10; 
ttag +93 95/94/87/93/89; 
ttag +94 45/37/32/44/27; 
