tread
'Tree with tags' 
(0 (1 ((2 3 )(4 ((5 (11 (12 (13 (21 ((22 (23 (24 25 )))(26 (27 (((28 ((40 41 (42 43 ))(46 (44 45 47 ))))(32 ((33 34 )(35 (36 (38 (37 39 )))))))(29 (30 31 )))))))))(14 ((15 (16 17 ))(18 (19 20 ))))))(7 (6 (8 (9 10 ))))))))); 
ttag *!; 
ttag +49 ???; 
ttag +50 9; 
ttag +51 3; 
ttag +52 9; 
ttag +53 1; 
ttag +54 1; 
ttag +55 1; 
ttag +56 1; 
ttag +57 9; 
ttag +58 3; 
ttag +59 3; 
ttag +60 2; 
ttag +61 2; 
ttag +62 2; 
ttag +63 6; 
ttag +64 4; 
ttag +65 3; 
ttag +66 3; 
ttag +67 9; 
ttag +68 5; 
ttag +69 5; 
ttag +70 5; 
ttag +71 5; 
ttag +72 6; 
ttag +73 4; 
ttag +74 1; 
ttag +75 1; 
ttag +76 1; 
ttag +77 4; 
ttag +78 5; 
ttag +79 1; 
ttag +80 7; 
ttag +81 2; 
ttag +82 1; 
ttag +83 6; 
ttag +84 5; 
ttag +85 1; 
ttag +86 4; 
ttag +87 9; 
ttag +88 1; 
ttag +89 6; 
ttag +90 1; 
ttag +91 2; 
tread
'Tree with tags' 
(0 (1 ((2 3 )(4 ((5 ((11 (14 ((15 (16 17 ))(18 (19 20 )))))(12 (13 (21 ((22 (23 (24 25 )))(26 (27 (((28 (((40 41 )(42 43 ))(46 (44 (45 47 )))))(32 ((33 34 )(35 (36 (38 (37 39 )))))))(29 (30 31 )))))))))))(7 (6 (8 (9 10 ))))))))); 
ttag *!; 
ttag +0 ////; 
ttag +1 ////; 
ttag +2 ////; 
ttag +3 ////; 
ttag +4 ////; 
ttag +5 ////; 
ttag +6 ////; 
ttag +7 ////; 
ttag +8 ////; 
ttag +9 ////; 
ttag +10 ////; 
ttag +11 ////; 
ttag +12 ////; 
ttag +13 ////; 
ttag +14 ////; 
ttag +15 ////; 
ttag +16 ////; 
ttag +17 ////; 
ttag +18 ////; 
ttag +19 ////; 
ttag +20 ////; 
ttag +21 ////; 
ttag +22 ////; 
ttag +23 ////; 
ttag +24 ////; 
ttag +25 ////; 
ttag +26 ////; 
ttag +27 ////; 
ttag +28 ////; 
ttag +29 ////; 
ttag +30 ////; 
ttag +31 ////; 
ttag +32 ////; 
ttag +33 ////; 
ttag +34 ////; 
ttag +35 ////; 
ttag +36 ////; 
ttag +37 ////; 
ttag +38 ////; 
ttag +39 ////; 
ttag +40 ////; 
ttag +41 ////; 
ttag +42 ////; 
ttag +43 ////; 
ttag +44 ////; 
ttag +45 ////; 
ttag +46 ////; 
ttag +47 ////; 
ttag +48 ////; 
ttag +49 100/100/100/100/100; 
ttag +50 100/100/100/99/99; 
ttag +51 69/57/52/59/50; 
ttag +52 99/98/95/99/95; 
ttag +53 30/24/13/30/19; 
ttag +54 42/34/28/38/21; 
ttag +55 35/10/11/8/2; 
ttag +56 50/42/38/38/34; 
ttag +57 100/100/97/99/98; 
ttag +58 93/91/87/95/92; 
ttag +59 16/[20]/?/?/?; 
ttag +60 72/67/50/75/55; 
ttag +61 30/8/?/20/?; 
ttag +62 30/8/?/22/?; 
ttag +63 39/18/12/34/12; 
ttag +64 98/98/95/98/94; 
ttag +65 85/83/70/84/72; 
ttag +66 89/86/74/90/81; 
ttag +67 80/72/64/82/61; 
ttag +68 100/100/99/100/100; 
ttag +69 72/66/52/76/58; 
ttag +70 89/87/76/93/87; 
ttag +71 91/89/76/93/82; 
ttag +72 94/92/84/89/87; 
ttag +73 99/98/93/99/96; 
ttag +74 90/88/74/90/72; 
ttag +75 37/2/?/10/2; 
ttag +76 8/[12]/?/?/?; 
ttag +77 25/8/5/?/?; 
ttag +78 81/79/66/79/66; 
ttag +79 92/91/84/88/82; 
ttag +80 37/[1]/?/?/3; 
ttag +81 98/98/94/97/94; 
ttag +82 65/44/35/48/40; 
ttag +83 40/26/18/19/20; 
ttag +84 95/93/90/94/84; 
ttag +85 97/96/90/95/84; 
ttag +86 51/23/20/35/36; 
ttag +87 96/96/91/96/88; 
ttag +88 21/[18]/?/?/?; 
ttag +89 99/99/99/100/98; 
ttag +90 20/5/1/?/?; 
ttag +91 99/99/96/99/98; 
ttag +92 27/[11]/?/?/?; 
ttag +93 43/28/24/23/22; 
ttag +94 13/[26]/?/?/?; 
