tread
'Tree with tags' 
(0 (1 ((2 3 )(4 (5 ((6 7 (8 (9 10 )))(11 12 13 (14 21 )((15 16 17 (18 (19 20 )))(22 ((23 (24 25 ))((29 (28 (26 27 ))(46 47 ((32 ((33 34 )(35 36 (37 38 39 ))))(40 (41 (42 43 ))))(44 45 )))(30 31 )))))))))))); 
ttag *!; 
ttag +49 ???; 
ttag +50 2; 
ttag +51 2; 
ttag +52 3; 
ttag +53 2; 
ttag +54 1; 
ttag +55 2; 
ttag +56 12; 
ttag +57 3; 
ttag +58 1; 
ttag +59 2; 
ttag +60 4; 
ttag +61 1; 
ttag +62 6; 
ttag +63 4; 
ttag +64 4; 
ttag +65 6; 
ttag +66 2; 
ttag +67 4; 
ttag +68 4; 
ttag +69 2; 
ttag +70 1; 
ttag +71 5; 
ttag +72 7; 
ttag +73 5; 
ttag +74 1; 
ttag +75 1; 
ttag +76 7; 
ttag +77 1; 
ttag +78 2; 
ttag +79 1; 
ttag +80 1; 
ttag +81 1; 
ttag +82 4; 
ttag +83 1; 
tread
'Tree with tags' 
(0 (1 ((2 3 )(4 (5 (((6 7 )(8 (9 10 )))(11 (12 (13 ((14 21 )(((17 (15 16 ))(18 (19 20 )))(22 ((23 (24 25 ))((29 ((28 (26 27 ))(((32 ((33 34 )(35 (36 (38 (37 39 ))))))(40 (41 (42 43 ))))((44 45 )(46 47 )))))(30 31 ))))))))))))))); 
ttag *!; 
ttag +0 ////; 
ttag +1 ////; 
ttag +2 ////; 
ttag +3 ////; 
ttag +4 ////; 
ttag +5 ////; 
ttag +6 ////; 
ttag +7 ////; 
ttag +8 ////; 
ttag +9 ////; 
ttag +10 ////; 
ttag +11 ////; 
ttag +12 ////; 
ttag +13 ////; 
ttag +14 ////; 
ttag +15 ////; 
ttag +16 ////; 
ttag +17 ////; 
ttag +18 ////; 
ttag +19 ////; 
ttag +20 ////; 
ttag +21 ////; 
ttag +22 ////; 
ttag +23 ////; 
ttag +24 ////; 
ttag +25 ////; 
ttag +26 ////; 
ttag +27 ////; 
ttag +28 ////; 
ttag +29 ////; 
ttag +30 ////; 
ttag +31 ////; 
ttag +32 ////; 
ttag +33 ////; 
ttag +34 ////; 
ttag +35 ////; 
ttag +36 ////; 
ttag +37 ////; 
ttag +38 ////; 
ttag +39 ////; 
ttag +40 ////; 
ttag +41 ////; 
ttag +42 ////; 
ttag +43 ////; 
ttag +44 ////; 
ttag +45 ////; 
ttag +46 ////; 
ttag +47 ////; 
ttag +48 ////; 
ttag +49 100/100/100/100/100; 
ttag +50 84/79/78/82/78; 
ttag +51 73/60/46/68/45; 
ttag +52 71/66/54/72/64; 
ttag +53 63/54/52/60/48; 
ttag +54 35/12/11/15/12; 
ttag +55 66/62/51/67/51; 
ttag +56 66/62/50/61/53; 
ttag +57 100/100/100/100/100; 
ttag +58 95/95/85/96/90; 
ttag +59 32/28/22/31/20; 
ttag +60 18/6/?/6/?; 
ttag +61 6/[5]/?/?/?; 
ttag +62 38/28/19/26/19; 
ttag +63 20/11/?/13/6; 
ttag +64 32/[16]/?/?/?; 
ttag +65 60/49/39/48/34; 
ttag +66 92/90/84/93/78; 
ttag +67 30/20/6/17/6; 
ttag +68 96/96/95/95/91; 
ttag +69 98/98/96/97/94; 
ttag +70 56/48/29/45/32; 
ttag +71 93/90/82/92/82; 
ttag +72 36/6/1/0/?; 
ttag +73 76/62/42/72/48; 
ttag +74 66/52/51/50/44; 
ttag +75 26/[7]/?/1/?; 
ttag +76 12/[22]/?/?/?; 
ttag +77 20/[26]/?/?/?; 
ttag +78 66/62/51/67/54; 
ttag +79 99/99/98/100/96; 
ttag +80 92/91/75/93/83; 
ttag +81 9/[6]/?/?/?; 
ttag +82 26/14/8/25/9; 
ttag +83 98/98/98/98/96; 
ttag +84 42/23/18/39/9; 
ttag +85 74/66/56/69/59; 
ttag +86 26/2/5/8/11; 
ttag +87 25/[15]/?/?/?; 
ttag +88 57/51/45/54/48; 
ttag +89 64/50/54/59/50; 
ttag +90 40/11/17/22/19; 
ttag +91 94/93/90/92/86; 
ttag +92 65/63/61/66/58; 
ttag +93 10/[5]/?/?/?; 
ttag +94 10/[5]/?/?/?; 
