tread
'Tree with tags' 
(0 (1 ((2 3 )(4 (5 (((6 7 )((11 ((14 ((17 (15 16 ))(18 (19 20 ))))(21 ((22 ((26 27 )(28 ((29 (30 31 ))((32 ((33 34 )(35 (36 (37 38 39 )))))((40 (41 (42 43 )))(46 (44 45 47 ))))))))(23 (24 25 ))))))(12 13 )))(8 (9 10 )))))))); 
ttag *!; 
ttag +49 ???; 
ttag +50 9; 
ttag +51 3; 
ttag +52 7; 
ttag +53 3; 
ttag +54 2; 
ttag +55 4; 
ttag +56 2; 
ttag +57 6; 
ttag +58 3; 
ttag +59 1; 
ttag +60 4; 
ttag +61 1; 
ttag +62 1; 
ttag +63 1; 
ttag +64 2; 
ttag +65 8; 
ttag +66 3; 
ttag +67 10; 
ttag +68 9; 
ttag +69 1; 
ttag +70 1; 
ttag +71 2; 
ttag +72 9; 
ttag +73 4; 
ttag +74 1; 
ttag +75 6; 
ttag +76 2; 
ttag +77 2; 
ttag +78 2; 
ttag +79 4; 
ttag +80 2; 
ttag +81 1; 
ttag +82 3; 
ttag +83 1; 
ttag +84 1; 
ttag +85 2; 
ttag +86 7; 
ttag +87 6; 
ttag +88 2; 
ttag +89 2; 
ttag +90 6; 
ttag +91 1; 
ttag +92 2; 
tread
'Tree with tags' 
(0 (1 ((2 3 )(4 (5 (((6 7 )((11 ((14 ((17 (15 16 ))(18 (19 20 ))))(21 ((22 ((26 27 )(28 ((29 (30 31 ))((32 ((33 34 )(35 (36 (39 (37 38 ))))))((40 (41 (42 43 )))(46 (44 (45 47 )))))))))(23 (24 25 ))))))(12 13 )))(8 (9 10 )))))))); 
ttag *!; 
ttag +0 ////; 
ttag +1 ////; 
ttag +2 ////; 
ttag +3 ////; 
ttag +4 ////; 
ttag +5 ////; 
ttag +6 ////; 
ttag +7 ////; 
ttag +8 ////; 
ttag +9 ////; 
ttag +10 ////; 
ttag +11 ////; 
ttag +12 ////; 
ttag +13 ////; 
ttag +14 ////; 
ttag +15 ////; 
ttag +16 ////; 
ttag +17 ////; 
ttag +18 ////; 
ttag +19 ////; 
ttag +20 ////; 
ttag +21 ////; 
ttag +22 ////; 
ttag +23 ////; 
ttag +24 ////; 
ttag +25 ////; 
ttag +26 ////; 
ttag +27 ////; 
ttag +28 ////; 
ttag +29 ////; 
ttag +30 ////; 
ttag +31 ////; 
ttag +32 ////; 
ttag +33 ////; 
ttag +34 ////; 
ttag +35 ////; 
ttag +36 ////; 
ttag +37 ////; 
ttag +38 ////; 
ttag +39 ////; 
ttag +40 ////; 
ttag +41 ////; 
ttag +42 ////; 
ttag +43 ////; 
ttag +44 ////; 
ttag +45 ////; 
ttag +46 ////; 
ttag +47 ////; 
ttag +48 ////; 
ttag +49 100/100/100/100/100; 
ttag +50 100/100/100/100/100; 
ttag +51 88/83/67/87/70; 
ttag +52 98/97/91/97/94; 
ttag +53 80/74/57/67/58; 
ttag +54 67/63/48/56/44; 
ttag +55 61/55/27/53/30; 
ttag +56 71/64/38/58/38; 
ttag +57 95/94/90/97/92; 
ttag +58 87/83/59/81/66; 
ttag +59 13/[2]/?/4/?; 
ttag +60 67/61/52/69/55; 
ttag +61 36/29/25/37/20; 
ttag +62 41/31/24/28/16; 
ttag +63 39/30/21/28/21; 
ttag +64 74/70/57/72/62; 
ttag +65 99/99/96/100/98; 
ttag +66 80/75/65/83/71; 
ttag +67 100/100/99/100/100; 
ttag +68 100/100/100/100/100; 
ttag +69 27/15/8/9/15; 
ttag +70 41/9/10/?/8; 
ttag +71 80/76/62/85/60; 
ttag +72 100/100/99/100/99; 
ttag +73 93/92/84/93/87; 
ttag +74 38/5/6/9/?; 
ttag +75 93/92/85/96/88; 
ttag +76 56/43/40/49/38; 
ttag +77 57/50/37/53/43; 
ttag +78 50/46/32/46/37; 
ttag +79 97/97/94/98/93; 
ttag +80 44/25/29/36/31; 
ttag +81 20/10/2/8/4; 
ttag +82 76/67/64/78/66; 
ttag +83 18/[18]/?/?/?; 
ttag +84 65/59/53/56/54; 
ttag +85 54/43/39/40/35; 
ttag +86 15/10/6/6/12; 
ttag +87 98/97/95/99/94; 
ttag +88 93/92/92/96/92; 
ttag +89 64/57/40/58/49; 
ttag +90 77/70/65/74/59; 
ttag +91 96/95/91/92/86; 
ttag +92 49/32/42/39/40; 
ttag +93 64/47/55/60/63; 
ttag +94 17/[4]/?/?/?; 
