tread
'Tree with tags' 
(0 (1 ((2 3 )(4 ((5 11 12 13 14 21 (15 16 17 )(18 (19 20 ))(22 (23 (24 25 )))(26 27 28 (29 (30 31 ))(32 ((33 34 )(35 (36 (37 (38 39 ))))))((40 41 )(42 43 ))(44 45 46 47 )))(6 7 (8 9 10 ))))))); 
ttag *!; 
ttag +49 ???; 
ttag +50 12; 
ttag +51 10; 
ttag +52 5; 
ttag +53 1; 
ttag +54 7; 
ttag +55 2; 
ttag +56 10; 
ttag +57 1; 
ttag +58 5; 
ttag +59 4; 
ttag +60 7; 
ttag +61 3; 
ttag +62 6; 
ttag +63 2; 
ttag +64 1; 
ttag +65 2; 
ttag +66 7; 
ttag +67 2; 
ttag +68 1; 
ttag +69 3; 
ttag +70 2; 
ttag +71 4; 
ttag +72 2; 
ttag +73 1; 
ttag +74 9; 
ttag +75 1; 
ttag +76 1; 
tread
'Tree with tags' 
(0 (1 ((2 3 )(4 ((5 (11 (13 (12 (14 ((21 ((15 (16 17 ))(18 (19 20 ))))((22 (23 (24 25 )))(26 ((27 (28 (32 ((33 34 )(35 (36 (37 (38 39 ))))))))((29 (30 31 ))(((40 41 )(42 43 ))(46 (47 (44 45 ))))))))))))))((6 7 )(8 (9 10 )))))))); 
ttag *!; 
ttag +0 ////; 
ttag +1 ////; 
ttag +2 ////; 
ttag +3 ////; 
ttag +4 ////; 
ttag +5 ////; 
ttag +6 ////; 
ttag +7 ////; 
ttag +8 ////; 
ttag +9 ////; 
ttag +10 ////; 
ttag +11 ////; 
ttag +12 ////; 
ttag +13 ////; 
ttag +14 ////; 
ttag +15 ////; 
ttag +16 ////; 
ttag +17 ////; 
ttag +18 ////; 
ttag +19 ////; 
ttag +20 ////; 
ttag +21 ////; 
ttag +22 ////; 
ttag +23 ////; 
ttag +24 ////; 
ttag +25 ////; 
ttag +26 ////; 
ttag +27 ////; 
ttag +28 ////; 
ttag +29 ////; 
ttag +30 ////; 
ttag +31 ////; 
ttag +32 ////; 
ttag +33 ////; 
ttag +34 ////; 
ttag +35 ////; 
ttag +36 ////; 
ttag +37 ////; 
ttag +38 ////; 
ttag +39 ////; 
ttag +40 ////; 
ttag +41 ////; 
ttag +42 ////; 
ttag +43 ////; 
ttag +44 ////; 
ttag +45 ////; 
ttag +46 ////; 
ttag +47 ////; 
ttag +48 ////; 
ttag +49 100/100/100/100/100; 
ttag +50 100/100/100/100/100; 
ttag +51 99/99/97/100/98; 
ttag +52 93/92/86/94/84; 
ttag +53 46/29/16/44/23; 
ttag +54 92/90/83/92/81; 
ttag +55 46/37/32/41/38; 
ttag +56 50/42/28/48/36; 
ttag +57 99/99/99/99/100; 
ttag +58 33/[15]/?/?/?; 
ttag +59 39/24/16/33/13; 
ttag +60 4/[11]/?/?/?; 
ttag +61 48/30/22/28/32; 
ttag +62 12/[3]/?/0/?; 
ttag +63 74/62/55/54/45; 
ttag +64 21/[5]/?/?/?; 
ttag +65 6/[20]/?/?/?; 
ttag +66 1/[14]/?/?/?; 
ttag +67 46/19/13/13/7; 
ttag +68 86/82/75/90/78; 
ttag +69 92/89/80/90/84; 
ttag +70 96/94/92/97/90; 
ttag +71 26/0/?/?/?; 
ttag +72 92/88/86/88/82; 
ttag +73 97/96/94/98/96; 
ttag +74 78/74/69/77/60; 
ttag +75 0/[35]/?/?/?; 
ttag +76 30/8/6/13/5; 
ttag +77 4/[30]/?/?/?; 
ttag +78 82/73/76/80/76; 
ttag +79 5/[30]/?/?/?; 
ttag +80 76/65/60/72/56; 
ttag +81 98/98/92/98/94; 
ttag +82 85/82/80/87/76; 
ttag +83 66/56/48/61/48; 
ttag +84 92/91/80/92/81; 
ttag +85 88/86/80/89/81; 
ttag +86 97/96/96/96/94; 
ttag +87 90/90/83/89/84; 
ttag +88 64/45/39/40/34; 
ttag +89 100/100/98/99/99; 
ttag +90 24/8/5/?/2; 
ttag +91 75/66/60/68/60; 
ttag +92 32/2/5/11/9; 
ttag +93 46/35/20/24/28; 
ttag +94 56/40/35/34/22; 
