tread
'Tree with tags' 
(0 (1 ((2 3 )(5 ((11 (4 13 ))(((6 7 )(9 (8 10 )))((12 (15 (16 17 )))(14 (21 ((18 (19 20 ))((22 (23 (24 25 )))(26 (27 (28 ((29 (30 31 ))(((32 (35 (36 (37 (38 39 )))))(33 34 ))((40 (41 (42 43 )))(47 (44 (45 46 )))))))))))))))))))); 
ttag *!; 
ttag +49 ???; 
ttag +50 7; 
ttag +51 2; 
ttag +52 1; 
ttag +53 1; 
ttag +54 1; 
ttag +55 1; 
ttag +56 2; 
ttag +57 1; 
ttag +58 1; 
ttag +59 2; 
ttag +60 9; 
ttag +61 1; 
ttag +62 1; 
ttag +63 1; 
ttag +64 4; 
ttag +65 4; 
ttag +66 5; 
ttag +67 1; 
ttag +68 1; 
ttag +69 7; 
ttag +70 8; 
ttag +71 3; 
ttag +72 2; 
ttag +73 3; 
ttag +74 3; 
ttag +75 3; 
ttag +76 2; 
ttag +77 6; 
ttag +78 2; 
ttag +79 4; 
ttag +80 1; 
ttag +81 3; 
ttag +82 2; 
ttag +83 1; 
ttag +84 1; 
ttag +85 4; 
ttag +86 7; 
ttag +87 2; 
ttag +88 2; 
ttag +89 2; 
ttag +90 1; 
ttag +91 8; 
ttag +92 1; 
ttag +93 4; 
ttag +94 1; 
tread
'Tree with tags' 
(0 (1 ((2 3 )(5 ((11 (4 13 ))(((6 7 )(9 (8 10 )))((12 (15 (16 17 )))(14 (21 ((18 (19 20 ))((22 (23 (24 25 )))(26 (27 (28 ((29 (30 31 ))(((32 (35 (36 (37 (38 39 )))))(33 34 ))((40 (41 (42 43 )))(47 (44 (45 46 )))))))))))))))))))); 
ttag *!; 
ttag +0 ////; 
ttag +1 ////; 
ttag +2 ////; 
ttag +3 ////; 
ttag +4 ////; 
ttag +5 ////; 
ttag +6 ////; 
ttag +7 ////; 
ttag +8 ////; 
ttag +9 ////; 
ttag +10 ////; 
ttag +11 ////; 
ttag +12 ////; 
ttag +13 ////; 
ttag +14 ////; 
ttag +15 ////; 
ttag +16 ////; 
ttag +17 ////; 
ttag +18 ////; 
ttag +19 ////; 
ttag +20 ////; 
ttag +21 ////; 
ttag +22 ////; 
ttag +23 ////; 
ttag +24 ////; 
ttag +25 ////; 
ttag +26 ////; 
ttag +27 ////; 
ttag +28 ////; 
ttag +29 ////; 
ttag +30 ////; 
ttag +31 ////; 
ttag +32 ////; 
ttag +33 ////; 
ttag +34 ////; 
ttag +35 ////; 
ttag +36 ////; 
ttag +37 ////; 
ttag +38 ////; 
ttag +39 ////; 
ttag +40 ////; 
ttag +41 ////; 
ttag +42 ////; 
ttag +43 ////; 
ttag +44 ////; 
ttag +45 ////; 
ttag +46 ////; 
ttag +47 ////; 
ttag +48 ////; 
ttag +49 100/100/100/100/100; 
ttag +50 92/88/87/91/85; 
ttag +51 75/58/56/58/44; 
ttag +52 5/[12]/?/?/?; 
ttag +53 4/[18]/?/?/?; 
ttag +54 13/[4]/?/?/?; 
ttag +55 62/44/34/43/32; 
ttag +56 73/65/64/68/54; 
ttag +57 42/32/28/28/33; 
ttag +58 0/[22]/?/?/?; 
ttag +59 77/72/72/76/70; 
ttag +60 99/99/98/98/97; 
ttag +61 10/[12]/?/?/?; 
ttag +62 1/[21]/?/?/?; 
ttag +63 2/[15]/?/?/?; 
ttag +64 92/90/80/92/79; 
ttag +65 97/96/92/97/92; 
ttag +66 82/74/61/78/59; 
ttag +67 8/[35]/?/?/?; 
ttag +68 11/[6]/?/?/?; 
ttag +69 98/97/93/99/96; 
ttag +70 98/98/96/100/99; 
ttag +71 81/77/71/85/61; 
ttag +72 77/70/54/72/57; 
ttag +73 88/82/78/89/86; 
ttag +74 85/82/77/82/79; 
ttag +75 55/35/34/44/32; 
ttag +76 37/23/25/28/19; 
ttag +77 98/98/95/95/92; 
ttag +78 64/55/47/51/51; 
ttag +79 93/91/86/88/92; 
ttag +80 74/62/60/64/52; 
ttag +81 80/75/68/73/74; 
ttag +82 49/34/26/35/26; 
ttag +83 46/26/25/28/23; 
ttag +84 45/30/27/35/31; 
ttag +85 95/93/86/98/89; 
ttag +86 99/99/97/99/96; 
ttag +87 88/85/58/74/73; 
ttag +88 69/64/59/59/57; 
ttag +89 60/58/52/61/48; 
ttag +90 52/28/14/21/14; 
ttag +91 99/99/100/100/99; 
ttag +92 17/[19]/?/?/?; 
ttag +93 73/69/65/73/59; 
ttag +94 20/[6]/?/?/?; 
