tread
'Tree with tags' 
(0 (1 ((2 3 )(21 (14 (((12 (13 (4 (5 11 ((6 7 )(8 (9 10 )))))))(26 (27 (28 (((29 (30 31 ))(32 ((33 34 )(35 (36 (37 (38 39 )))))))((41 (40 (42 43 )))(45 (44 (46 47 )))))))))((15 (16 17 ))(18 (19 20 )))))(22 (23 (24 25 ))))))); 
ttag *!; 
ttag +49 ???; 
ttag +50 2; 
ttag +51 4; 
ttag +52 1; 
ttag +53 1; 
ttag +54 1; 
ttag +55 1; 
ttag +56 1; 
ttag +57 1; 
ttag +58 6; 
ttag +59 1; 
ttag +60 1; 
ttag +61 4; 
ttag +62 7; 
ttag +63 4; 
ttag +64 6; 
ttag +65 2; 
ttag +66 1; 
ttag +67 4; 
ttag +68 10; 
ttag +69 2; 
ttag +70 4; 
ttag +71 7; 
ttag +72 4; 
ttag +73 1; 
ttag +74 6; 
ttag +75 5; 
ttag +76 1; 
ttag +77 3; 
ttag +78 4; 
ttag +79 8; 
ttag +80 4; 
ttag +81 2; 
ttag +82 2; 
ttag +83 4; 
ttag +84 4; 
ttag +85 6; 
ttag +86 3; 
ttag +87 4; 
ttag +88 3; 
ttag +89 9; 
ttag +90 2; 
ttag +91 3; 
ttag +92 3; 
tread
'Tree with tags' 
(0 (1 ((2 3 )((14 (((12 (13 (4 ((5 11 )((6 7 )(8 (9 10 )))))))(26 (27 (28 (((29 (30 31 ))(32 ((33 34 )(35 (36 (37 (38 39 )))))))((41 (40 (42 43 )))(45 (44 (46 47 )))))))))((15 (16 17 ))(18 (19 20 )))))(21 (22 (23 (24 25 )))))))); 
ttag *!; 
ttag +0 ////; 
ttag +1 ////; 
ttag +2 ////; 
ttag +3 ////; 
ttag +4 ////; 
ttag +5 ////; 
ttag +6 ////; 
ttag +7 ////; 
ttag +8 ////; 
ttag +9 ////; 
ttag +10 ////; 
ttag +11 ////; 
ttag +12 ////; 
ttag +13 ////; 
ttag +14 ////; 
ttag +15 ////; 
ttag +16 ////; 
ttag +17 ////; 
ttag +18 ////; 
ttag +19 ////; 
ttag +20 ////; 
ttag +21 ////; 
ttag +22 ////; 
ttag +23 ////; 
ttag +24 ////; 
ttag +25 ////; 
ttag +26 ////; 
ttag +27 ////; 
ttag +28 ////; 
ttag +29 ////; 
ttag +30 ////; 
ttag +31 ////; 
ttag +32 ////; 
ttag +33 ////; 
ttag +34 ////; 
ttag +35 ////; 
ttag +36 ////; 
ttag +37 ////; 
ttag +38 ////; 
ttag +39 ////; 
ttag +40 ////; 
ttag +41 ////; 
ttag +42 ////; 
ttag +43 ////; 
ttag +44 ////; 
ttag +45 ////; 
ttag +46 ////; 
ttag +47 ////; 
ttag +48 ////; 
ttag +49 100/100/100/100/100; 
ttag +50 91/87/79/90/74; 
ttag +51 89/86/73/75/72; 
ttag +52 33/19/7/21/12; 
ttag +53 6/[7]/?/?/?; 
ttag +54 16/2/?/4/?; 
ttag +55 8/[6]/?/2/?; 
ttag +56 2/[11]/?/?/?; 
ttag +57 14/0/?/10/?; 
ttag +58 91/89/75/83/75; 
ttag +59 22/8/4/9/4; 
ttag +60 14/0/?/8/2; 
ttag +61 82/81/76/79/70; 
ttag +62 78/75/65/77/57; 
ttag +63 98/98/94/98/96; 
ttag +64 90/87/78/83/79; 
ttag +65 92/90/83/95/84; 
ttag +66 40/30/18/36/26; 
ttag +67 56/47/44/50/42; 
ttag +68 76/67/55/68/59; 
ttag +69 100/100/99/99/99; 
ttag +70 16/0/?/0/2; 
ttag +71 73/68/59/74/58; 
ttag +72 90/88/82/87/81; 
ttag +73 96/95/92/98/91; 
ttag +74 79/77/53/80/56; 
ttag +75 40/26/7/30/16; 
ttag +76 79/76/59/75/56; 
ttag +77 83/78/71/84/74; 
ttag +78 14/[11]/?/?/?; 
ttag +79 64/57/36/54/39; 
ttag +80 97/96/91/95/88; 
ttag +81 98/97/97/99/98; 
ttag +82 78/70/63/69/62; 
ttag +83 44/10/?/14/?; 
ttag +84 67/60/42/66/50; 
ttag +85 86/83/62/85/72; 
ttag +86 94/94/82/92/84; 
ttag +87 98/98/95/98/97; 
ttag +88 48/30/26/35/22; 
ttag +89 65/58/53/63/48; 
ttag +90 52/45/32/53/32; 
ttag +91 98/98/95/98/97; 
ttag +92 51/38/29/46/23; 
ttag +93 83/81/72/82/71; 
ttag +94 58/44/37/58/37; 
