tread
'Tree with tags' 
(0 (1 (2 3 (4 5 6 7 11 12 13 21 26 (8 9 10 )(14 (18 (19 20 )))(15 16 17 )(22 (23 (24 25 )))(27 28 (29 (30 31 ))((32 ((33 34 )(35 (36 (38 (37 39 ))))))((40 (41 (42 43 )))(44 45 46 47 )))))))); 
ttag *!; 
ttag +49 ???; 
ttag +50 2; 
ttag +51 4; 
ttag +52 5; 
ttag +53 1; 
ttag +54 7; 
ttag +55 3; 
ttag +56 11; 
ttag +57 2; 
ttag +58 7; 
ttag +59 2; 
ttag +60 2; 
ttag +61 6; 
ttag +62 3; 
ttag +63 7; 
ttag +64 4; 
ttag +65 5; 
ttag +66 2; 
ttag +67 3; 
ttag +68 3; 
ttag +69 1; 
ttag +70 5; 
ttag +71 7; 
ttag +72 2; 
ttag +73 1; 
ttag +74 2; 
ttag +75 2; 
tread
'Tree with tags' 
(0 (1 ((2 3 )(4 ((5 ((12 (((7 (11 (22 (23 (24 25 )))))(16 (15 17 )))(21 (26 (27 (28 ((29 (30 31 ))((32 ((33 34 )(35 (36 (38 (37 39 ))))))((40 (41 (42 43 )))(45 (44 (46 47 ))))))))))))(13 (14 (18 (19 20 ))))))(6 (8 (9 10 )))))))); 
ttag *!; 
ttag +0 ////; 
ttag +1 ////; 
ttag +2 ////; 
ttag +3 ////; 
ttag +4 ////; 
ttag +5 ////; 
ttag +6 ////; 
ttag +7 ////; 
ttag +8 ////; 
ttag +9 ////; 
ttag +10 ////; 
ttag +11 ////; 
ttag +12 ////; 
ttag +13 ////; 
ttag +14 ////; 
ttag +15 ////; 
ttag +16 ////; 
ttag +17 ////; 
ttag +18 ////; 
ttag +19 ////; 
ttag +20 ////; 
ttag +21 ////; 
ttag +22 ////; 
ttag +23 ////; 
ttag +24 ////; 
ttag +25 ////; 
ttag +26 ////; 
ttag +27 ////; 
ttag +28 ////; 
ttag +29 ////; 
ttag +30 ////; 
ttag +31 ////; 
ttag +32 ////; 
ttag +33 ////; 
ttag +34 ////; 
ttag +35 ////; 
ttag +36 ////; 
ttag +37 ////; 
ttag +38 ////; 
ttag +39 ////; 
ttag +40 ////; 
ttag +41 ////; 
ttag +42 ////; 
ttag +43 ////; 
ttag +44 ////; 
ttag +45 ////; 
ttag +46 ////; 
ttag +47 ////; 
ttag +48 ////; 
ttag +49 100/100/100/100/100; 
ttag +50 40/22/16/21/28; 
ttag +51 84/78/67/80/63; 
ttag +52 83/80/71/90/78; 
ttag +53 11/[4]/?/?/?; 
ttag +54 14/[2]/?/?/3; 
ttag +55 33/22/18/12/16; 
ttag +56 0/[20]/?/?/?; 
ttag +57 0/[19]/?/?/?; 
ttag +58 0/[15]/?/?/?; 
ttag +59 0/[15]/?/?/?; 
ttag +60 18/2/?/?/?; 
ttag +61 98/98/94/98/94; 
ttag +62 32/[20]/?/?/?; 
ttag +63 5/[14]/?/?/?; 
ttag +64 9/[2]/?/?/?; 
ttag +65 40/28/23/28/16; 
ttag +66 37/4/6/2/10; 
ttag +67 97/97/90/98/92; 
ttag +68 87/85/74/87/79; 
ttag +69 99/99/99/99/99; 
ttag +70 10/[9]/?/?/?; 
ttag +71 53/33/26/28/22; 
ttag +72 100/100/100/100/100; 
ttag +73 85/77/70/84/66; 
ttag +74 56/50/36/53/37; 
ttag +75 59/52/34/64/44; 
ttag +76 30/11/7/3/0; 
ttag +77 94/92/86/94/89; 
ttag +78 22/[1]/?/?/?; 
ttag +79 92/88/82/89/78; 
ttag +80 93/91/88/92/86; 
ttag +81 80/78/64/79/60; 
ttag +82 93/92/89/95/91; 
ttag +83 77/70/58/72/62; 
ttag +84 62/45/42/57/44; 
ttag +85 58/41/32/58/42; 
ttag +86 50/37/24/31/22; 
ttag +87 94/92/80/92/83; 
ttag +88 94/94/84/92/79; 
ttag +89 52/32/22/38/14; 
ttag +90 52/33/24/34/18; 
ttag +91 78/66/59/68/68; 
ttag +92 30/14/7/19/15; 
ttag +93 54/44/36/46/50; 
ttag +94 22/6/2/14/1; 
