tread
'Tree with tags' 
(0 ((1 (2 3 ))(4 (((5 11 )(6 7 ))((8 9 10 )((12 13 )((14 18 (15 16 17 )(19 20 ))(21 ((22 (26 27 (28 ((29 (30 31 ))(32 ((33 34 )(35 (36 (39 (37 38 ))))))(40 (41 (42 43 )))(46 47 (44 45 ))))))(23 (24 25 ))))))))))); 
ttag *!; 
ttag +49 2; 
ttag +50 ???; 
ttag +51 8; 
ttag +52 9; 
ttag +53 1; 
ttag +54 1; 
ttag +55 3; 
ttag +56 3; 
ttag +57 10; 
ttag +58 1; 
ttag +59 1; 
ttag +60 2; 
ttag +61 1; 
ttag +62 1; 
ttag +63 7; 
ttag +64 12; 
ttag +65 1; 
ttag +66 1; 
ttag +67 3; 
ttag +68 1; 
ttag +69 7; 
ttag +70 1; 
ttag +71 1; 
ttag +72 3; 
ttag +73 2; 
ttag +74 2; 
ttag +75 5; 
ttag +76 2; 
ttag +77 2; 
ttag +78 4; 
ttag +79 2; 
ttag +80 3; 
ttag +81 9; 
ttag +82 3; 
ttag +83 1; 
ttag +84 8; 
ttag +85 1; 
ttag +86 3; 
tread
'Tree with tags' 
(0 ((1 (2 3 ))(4 (((5 11 )(6 7 ))((10 (8 9 ))((12 13 )(((14 (15 (16 17 )))(18 (19 20 )))(21 ((22 (27 (26 (28 ((29 (30 31 ))((32 ((33 34 )(35 (36 (39 (37 38 ))))))((40 (41 (42 43 )))(47 (46 (44 45 ))))))))))(23 (24 25 ))))))))))); 
ttag *!; 
ttag +0 ////; 
ttag +1 ////; 
ttag +2 ////; 
ttag +3 ////; 
ttag +4 ////; 
ttag +5 ////; 
ttag +6 ////; 
ttag +7 ////; 
ttag +8 ////; 
ttag +9 ////; 
ttag +10 ////; 
ttag +11 ////; 
ttag +12 ////; 
ttag +13 ////; 
ttag +14 ////; 
ttag +15 ////; 
ttag +16 ////; 
ttag +17 ////; 
ttag +18 ////; 
ttag +19 ////; 
ttag +20 ////; 
ttag +21 ////; 
ttag +22 ////; 
ttag +23 ////; 
ttag +24 ////; 
ttag +25 ////; 
ttag +26 ////; 
ttag +27 ////; 
ttag +28 ////; 
ttag +29 ////; 
ttag +30 ////; 
ttag +31 ////; 
ttag +32 ////; 
ttag +33 ////; 
ttag +34 ////; 
ttag +35 ////; 
ttag +36 ////; 
ttag +37 ////; 
ttag +38 ////; 
ttag +39 ////; 
ttag +40 ////; 
ttag +41 ////; 
ttag +42 ////; 
ttag +43 ////; 
ttag +44 ////; 
ttag +45 ////; 
ttag +46 ////; 
ttag +47 ////; 
ttag +48 ////; 
ttag +49 69/59/58/54/53; 
ttag +50 100/100/100/100/100; 
ttag +51 99/99/99/100/97; 
ttag +52 100/100/98/99/97; 
ttag +53 19/[6]/?/?/?; 
ttag +54 6/[19]/?/?/?; 
ttag +55 60/52/43/61/47; 
ttag +56 88/84/72/78/70; 
ttag +57 34/0/4/?/?; 
ttag +58 100/100/99/100/98; 
ttag +59 24/[2]/?/?/?; 
ttag +60 66/58/55/54/49; 
ttag +61 42/34/20/35/18; 
ttag +62 23/[17]/?/?/?; 
ttag +63 43/37/24/31/20; 
ttag +64 27/21/14/16/9; 
ttag +65 95/94/92/96/92; 
ttag +66 42/1/2/?/1; 
ttag +67 57/31/34/27/44; 
ttag +68 100/100/100/100/100; 
ttag +69 42/26/12/22/23; 
ttag +70 56/42/38/43/42; 
ttag +71 73/69/56/69/55; 
ttag +72 50/36/40/50/36; 
ttag +73 99/98/96/100/98; 
ttag +74 6/[28]/?/?/?; 
ttag +75 56/49/36/43/33; 
ttag +76 35/21/5/18/15; 
ttag +77 91/90/85/89/88; 
ttag +78 64/50/34/57/46; 
ttag +79 76/64/51/58/56; 
ttag +80 91/89/77/88/81; 
ttag +81 28/2/?/?/2; 
ttag +82 87/84/70/86/75; 
ttag +83 89/86/68/85/79; 
ttag +84 92/89/82/89/78; 
ttag +85 71/60/51/67/59; 
ttag +86 84/81/75/87/73; 
ttag +87 100/100/98/100/98; 
ttag +88 88/87/83/87/78; 
ttag +89 54/40/42/33/29; 
ttag +90 81/78/65/76/62; 
ttag +91 99/98/98/99/96; 
ttag +92 74/73/68/72/70; 
ttag +93 46/20/7/21/18; 
ttag +94 83/80/71/82/73; 
