tread
'Tree with tags' 
(0 (1 ((2 3 )(4 (5 11 ((6 7 )(8 (9 10 )))(12 (13 ((14 18 (15 (16 17 ))(19 20 ))(21 ((22 (23 (24 25 )))(26 27 (28 40 41 (29 (30 31 ))(32 ((33 34 )(35 (36 (37 (38 39 ))))))(42 43 )(44 47 (45 46 )))))))))))))); 
ttag *!; 
ttag +49 ???; 
ttag +50 7; 
ttag +51 8; 
ttag +52 7; 
ttag +53 3; 
ttag +54 2; 
ttag +55 2; 
ttag +56 7; 
ttag +57 1; 
ttag +58 1; 
ttag +59 1; 
ttag +60 1; 
ttag +61 1; 
ttag +62 8; 
ttag +63 2; 
ttag +64 14; 
ttag +65 1; 
ttag +66 2; 
ttag +67 2; 
ttag +68 7; 
ttag +69 8; 
ttag +70 6; 
ttag +71 3; 
ttag +72 6; 
ttag +73 2; 
ttag +74 4; 
ttag +75 3; 
ttag +76 2; 
ttag +77 3; 
ttag +78 6; 
ttag +79 6; 
ttag +80 4; 
ttag +81 9; 
ttag +82 3; 
ttag +83 1; 
tread
'Tree with tags' 
(0 (1 ((2 3 )(4 ((5 (11 (12 (13 ((14 (18 ((15 (16 17 ))(19 20 ))))(21 ((22 (23 (24 25 )))(26 (27 (28 (((29 (30 31 ))((40 (41 (42 43 )))(44 (47 (45 46 )))))(32 ((33 34 )(35 (36 (37 (38 39 )))))))))))))))))((6 7 )(8 (9 10 )))))))); 
ttag *!; 
ttag +0 ////; 
ttag +1 ////; 
ttag +2 ////; 
ttag +3 ////; 
ttag +4 ////; 
ttag +5 ////; 
ttag +6 ////; 
ttag +7 ////; 
ttag +8 ////; 
ttag +9 ////; 
ttag +10 ////; 
ttag +11 ////; 
ttag +12 ////; 
ttag +13 ////; 
ttag +14 ////; 
ttag +15 ////; 
ttag +16 ////; 
ttag +17 ////; 
ttag +18 ////; 
ttag +19 ////; 
ttag +20 ////; 
ttag +21 ////; 
ttag +22 ////; 
ttag +23 ////; 
ttag +24 ////; 
ttag +25 ////; 
ttag +26 ////; 
ttag +27 ////; 
ttag +28 ////; 
ttag +29 ////; 
ttag +30 ////; 
ttag +31 ////; 
ttag +32 ////; 
ttag +33 ////; 
ttag +34 ////; 
ttag +35 ////; 
ttag +36 ////; 
ttag +37 ////; 
ttag +38 ////; 
ttag +39 ////; 
ttag +40 ////; 
ttag +41 ////; 
ttag +42 ////; 
ttag +43 ////; 
ttag +44 ////; 
ttag +45 ////; 
ttag +46 ////; 
ttag +47 ////; 
ttag +48 ////; 
ttag +49 100/100/100/100/100; 
ttag +50 100/100/99/99/98; 
ttag +51 100/100/99/100/98; 
ttag +52 88/79/69/74/71; 
ttag +53 22/4/5/7/?; 
ttag +54 79/71/56/68/54; 
ttag +55 74/57/55/55/52; 
ttag +56 88/87/77/84/74; 
ttag +57 98/97/95/99/93; 
ttag +58 58/40/39/40/26; 
ttag +59 24/2/?/1/?; 
ttag +60 60/50/40/42/33; 
ttag +61 40/30/23/29/18; 
ttag +62 42/34/24/30/14; 
ttag +63 47/42/34/37/32; 
ttag +64 99/98/96/99/96; 
ttag +65 38/16/11/12/4; 
ttag +66 24/11/7/8/3; 
ttag +67 83/79/62/79/71; 
ttag +68 100/100/100/100/100; 
ttag +69 30/22/12/21/8; 
ttag +70 74/65/43/64/44; 
ttag +71 58/50/35/53/37; 
ttag +72 99/99/97/98/97; 
ttag +73 99/99/88/98/90; 
ttag +74 92/91/81/91/80; 
ttag +75 24/[3]/?/0/2; 
ttag +76 78/74/61/75/64; 
ttag +77 97/96/91/98/90; 
ttag +78 12/[21]/?/?/?; 
ttag +79 40/6/3/15/10; 
ttag +80 86/80/76/85/81; 
ttag +81 74/70/60/76/58; 
ttag +82 76/73/63/74/61; 
ttag +83 67/58/45/66/42; 
ttag +84 73/69/62/80/59; 
ttag +85 95/94/91/96/93; 
ttag +86 98/98/98/99/98; 
ttag +87 97/96/97/98/96; 
ttag +88 36/11/6/8/19; 
ttag +89 38/12/6/18/15; 
ttag +90 11/[45]/?/?/?; 
ttag +91 100/100/98/99/100; 
ttag +92 72/70/57/71/56; 
ttag +93 54/42/29/40/16; 
ttag +94 14/[20]/?/?/?; 
