tread
'Tree with tags' 
(0 (1 ((2 3 )(4 (5 (((6 7 (10 (8 9 )))(11 13 ))(12 (21 (14 ((15 (16 17 ))(18 (19 20 )))((22 (23 (24 25 )))(26 27 (28 (32 35 36 44 45 46 47 (29 (30 31 ))(33 34 )(39 (37 38 ))(40 (41 (42 43 )))))))))))))))); 
ttag *!; 
ttag +49 ???; 
ttag +50 5; 
ttag +51 6; 
ttag +52 4; 
ttag +53 4; 
ttag +54 2; 
ttag +55 1; 
ttag +56 1; 
ttag +57 1; 
ttag +58 11; 
ttag +59 2; 
ttag +60 2; 
ttag +61 3; 
ttag +62 2; 
ttag +63 7; 
ttag +64 2; 
ttag +65 2; 
ttag +66 2; 
ttag +67 11; 
ttag +68 2; 
ttag +69 4; 
ttag +70 10; 
ttag +71 4; 
ttag +72 3; 
ttag +73 1; 
ttag +74 4; 
ttag +75 2; 
ttag +76 5; 
ttag +77 4; 
ttag +78 1; 
ttag +79 4; 
ttag +80 1; 
ttag +81 1; 
ttag +82 9; 
tread
'Tree with tags' 
(0 (1 ((2 3 )(4 (5 (((7 (6 (10 (8 9 ))))(11 13 ))(12 (21 ((14 ((15 (16 17 ))(18 (19 20 ))))((22 (23 (24 25 )))(26 (27 (28 ((29 (30 31 ))((((32 (35 (36 (39 (37 38 )))))(33 34 ))(40 (41 (42 43 ))))(44 (45 (46 47 )))))))))))))))))); 
ttag *!; 
ttag +0 ////; 
ttag +1 ////; 
ttag +2 ////; 
ttag +3 ////; 
ttag +4 ////; 
ttag +5 ////; 
ttag +6 ////; 
ttag +7 ////; 
ttag +8 ////; 
ttag +9 ////; 
ttag +10 ////; 
ttag +11 ////; 
ttag +12 ////; 
ttag +13 ////; 
ttag +14 ////; 
ttag +15 ////; 
ttag +16 ////; 
ttag +17 ////; 
ttag +18 ////; 
ttag +19 ////; 
ttag +20 ////; 
ttag +21 ////; 
ttag +22 ////; 
ttag +23 ////; 
ttag +24 ////; 
ttag +25 ////; 
ttag +26 ////; 
ttag +27 ////; 
ttag +28 ////; 
ttag +29 ////; 
ttag +30 ////; 
ttag +31 ////; 
ttag +32 ////; 
ttag +33 ////; 
ttag +34 ////; 
ttag +35 ////; 
ttag +36 ////; 
ttag +37 ////; 
ttag +38 ////; 
ttag +39 ////; 
ttag +40 ////; 
ttag +41 ////; 
ttag +42 ////; 
ttag +43 ////; 
ttag +44 ////; 
ttag +45 ////; 
ttag +46 ////; 
ttag +47 ////; 
ttag +48 ////; 
ttag +49 100/100/100/100/100; 
ttag +50 93/90/83/92/86; 
ttag +51 96/95/94/99/96; 
ttag +52 89/86/81/91/80; 
ttag +53 28/4/?/6/4; 
ttag +54 16/[37]/?/?/?; 
ttag +55 44/34/28/35/37; 
ttag +56 5/[22]/?/?/?; 
ttag +57 17/4/?/0/4; 
ttag +58 55/28/26/38/26; 
ttag +59 99/99/100/100/100; 
ttag +60 22/[5]/?/?/?; 
ttag +61 22/13/6/10/6; 
ttag +62 21/2/?/7/1; 
ttag +63 50/45/26/40/29; 
ttag +64 26/[10]/?/0/?; 
ttag +65 96/96/91/96/92; 
ttag +66 36/21/21/21/14; 
ttag +67 71/56/48/58/50; 
ttag +68 47/36/39/46/40; 
ttag +69 100/100/100/100/100; 
ttag +70 54/32/32/42/31; 
ttag +71 88/86/73/88/70; 
ttag +72 100/100/100/100/99; 
ttag +73 92/88/79/86/69; 
ttag +74 82/78/72/84/75; 
ttag +75 20/[42]/?/?/?; 
ttag +76 78/71/56/72/52; 
ttag +77 92/91/82/88/86; 
ttag +78 88/86/72/84/71; 
ttag +79 98/98/96/98/95; 
ttag +80 16/[15]/?/?/?; 
ttag +81 54/23/27/23/25; 
ttag +82 32/[2]/?/?/?; 
ttag +83 16/[19]/?/?/?; 
ttag +84 85/78/73/79/71; 
ttag +85 46/18/25/22/21; 
ttag +86 36/8/14/9/12; 
ttag +87 53/38/30/47/27; 
ttag +88 94/92/92/96/93; 
ttag +89 77/72/69/78/65; 
ttag +90 48/12/3/17/10; 
ttag +91 100/100/100/100/100; 
ttag +92 14/2/9/3/6; 
ttag +93 41/30/29/36/27; 
ttag +94 32/14/14/10/8; 
