tread
'Tree with tags' 
(0 (1 ((2 3 )(4 (11 (5 (7 ((6 ((12 13 )((14 ((15 (16 17 ))(18 (19 20 ))))(21 ((22 (28 (26 (27 ((29 (30 31 ))((32 (33 34 (35 (36 (37 (38 39 ))))))((41 (40 (42 43 )))(47 (44 45 46 )))))))))(23 (24 25 )))))))(8 9 10 ))))))))); 
ttag *!; 
ttag +49 ???; 
ttag +50 14; 
ttag +51 3; 
ttag +52 4; 
ttag +53 2; 
ttag +54 2; 
ttag +55 1; 
ttag +56 1; 
ttag +57 3; 
ttag +58 6; 
ttag +59 3; 
ttag +60 2; 
ttag +61 2; 
ttag +62 1; 
ttag +63 6; 
ttag +64 3; 
ttag +65 3; 
ttag +66 7; 
ttag +67 13; 
ttag +68 1; 
ttag +69 1; 
ttag +70 7; 
ttag +71 1; 
ttag +72 3; 
ttag +73 1; 
ttag +74 5; 
ttag +75 1; 
ttag +76 5; 
ttag +77 6; 
ttag +78 7; 
ttag +79 5; 
ttag +80 2; 
ttag +81 1; 
ttag +82 1; 
ttag +83 3; 
ttag +84 1; 
ttag +85 1; 
ttag +86 1; 
ttag +87 3; 
ttag +88 1; 
ttag +89 8; 
ttag +90 2; 
ttag +91 2; 
tread
'Tree with tags' 
(0 (1 ((2 3 )(4 (11 (5 (7 ((6 ((12 13 )((14 ((15 (16 17 ))(18 (19 20 ))))(21 ((22 (28 (26 (27 ((29 (30 31 ))((32 ((33 34 )(35 (36 (37 (38 39 ))))))((41 (40 (42 43 )))(47 (46 (44 45 ))))))))))(23 (24 25 )))))))(9 (8 10 )))))))))); 
ttag *!; 
ttag +0 ////; 
ttag +1 ////; 
ttag +2 ////; 
ttag +3 ////; 
ttag +4 ////; 
ttag +5 ////; 
ttag +6 ////; 
ttag +7 ////; 
ttag +8 ////; 
ttag +9 ////; 
ttag +10 ////; 
ttag +11 ////; 
ttag +12 ////; 
ttag +13 ////; 
ttag +14 ////; 
ttag +15 ////; 
ttag +16 ////; 
ttag +17 ////; 
ttag +18 ////; 
ttag +19 ////; 
ttag +20 ////; 
ttag +21 ////; 
ttag +22 ////; 
ttag +23 ////; 
ttag +24 ////; 
ttag +25 ////; 
ttag +26 ////; 
ttag +27 ////; 
ttag +28 ////; 
ttag +29 ////; 
ttag +30 ////; 
ttag +31 ////; 
ttag +32 ////; 
ttag +33 ////; 
ttag +34 ////; 
ttag +35 ////; 
ttag +36 ////; 
ttag +37 ////; 
ttag +38 ////; 
ttag +39 ////; 
ttag +40 ////; 
ttag +41 ////; 
ttag +42 ////; 
ttag +43 ////; 
ttag +44 ////; 
ttag +45 ////; 
ttag +46 ////; 
ttag +47 ////; 
ttag +48 ////; 
ttag +49 100/100/100/100/100; 
ttag +50 100/100/100/100/100; 
ttag +51 71/61/51/64/52; 
ttag +52 68/62/39/62/43; 
ttag +53 22/14/3/16/1; 
ttag +54 35/14/3/22/?; 
ttag +55 25/10/?/10/?; 
ttag +56 27/12/?/17/?; 
ttag +57 31/23/5/24/7; 
ttag +58 23/[28]/?/?/?; 
ttag +59 98/98/97/97/95; 
ttag +60 70/62/50/72/49; 
ttag +61 33/25/6/28/11; 
ttag +62 76/73/50/64/57; 
ttag +63 36/28/19/34/15; 
ttag +64 95/93/86/94/88; 
ttag +65 68/60/41/66/43; 
ttag +66 81/73/58/73/51; 
ttag +67 98/97/94/98/96; 
ttag +68 100/100/100/100/100; 
ttag +69 48/40/33/32/28; 
ttag +70 31/14/10/24/9; 
ttag +71 90/89/79/93/79; 
ttag +72 58/47/36/62/40; 
ttag +73 67/49/38/54/36; 
ttag +74 31/2/?/7/?; 
ttag +75 84/81/73/86/71; 
ttag +76 35/6/?/16/?; 
ttag +77 84/77/69/82/68; 
ttag +78 86/83/70/83/71; 
ttag +79 97/97/96/98/95; 
ttag +80 80/76/62/78/63; 
ttag +81 46/34/22/34/25; 
ttag +82 25/[6]/?/?/?; 
ttag +83 52/43/38/45/31; 
ttag +84 36/15/?/14/?; 
ttag +85 79/75/53/76/55; 
ttag +86 63/52/34/54/41; 
ttag +87 40/25/9/11/7; 
ttag +88 57/42/48/52/48; 
ttag +89 73/68/49/63/54; 
ttag +90 41/24/14/26/16; 
ttag +91 98/98/97/100/95; 
ttag +92 30/9/?/2/?; 
ttag +93 73/68/60/64/54; 
ttag +94 54/42/29/39/29; 
