tread
'Tree with tags' 
(0 (1 ((2 3 )(4 (5 ((6 7 )(8 (9 10 ))(11 (14 (((12 13 )(21 ((18 (19 20 ))(22 (23 (24 25 ))))))((15 (16 17 ))(26 (27 (28 (29 (30 31 )(45 46 47 (44 ((32 ((33 34 )(35 (36 (37 (38 39 ))))))(40 41 (42 43 ))))))))))))))))))); 
ttag *!; 
ttag +49 ???; 
ttag +50 3; 
ttag +51 2; 
ttag +52 9; 
ttag +53 3; 
ttag +54 1; 
ttag +55 2; 
ttag +56 8; 
ttag +57 1; 
ttag +58 3; 
ttag +59 2; 
ttag +60 1; 
ttag +61 3; 
ttag +62 2; 
ttag +63 6; 
ttag +64 1; 
ttag +65 3; 
ttag +66 5; 
ttag +67 1; 
ttag +68 1; 
ttag +69 10; 
ttag +70 5; 
ttag +71 1; 
ttag +72 10; 
ttag +73 3; 
ttag +74 3; 
ttag +75 2; 
ttag +76 3; 
ttag +77 4; 
ttag +78 8; 
ttag +79 2; 
ttag +80 1; 
ttag +81 3; 
ttag +82 3; 
ttag +83 5; 
ttag +84 3; 
ttag +85 6; 
ttag +86 5; 
ttag +87 1; 
ttag +88 8; 
ttag +89 7; 
tread
'Tree with tags' 
(0 (1 ((2 3 )(4 (5 (((6 7 )(8 (9 10 )))(11 (14 (((12 13 )(21 ((18 (19 20 ))(22 (23 (24 25 ))))))((15 (16 17 ))(26 (27 (28 ((29 (45 (46 (47 (44 ((32 ((33 34 )(35 (36 (37 (38 39 ))))))(40 (41 (42 43 )))))))))(30 31 ))))))))))))))); 
ttag *!; 
ttag +0 ////; 
ttag +1 ////; 
ttag +2 ////; 
ttag +3 ////; 
ttag +4 ////; 
ttag +5 ////; 
ttag +6 ////; 
ttag +7 ////; 
ttag +8 ////; 
ttag +9 ////; 
ttag +10 ////; 
ttag +11 ////; 
ttag +12 ////; 
ttag +13 ////; 
ttag +14 ////; 
ttag +15 ////; 
ttag +16 ////; 
ttag +17 ////; 
ttag +18 ////; 
ttag +19 ////; 
ttag +20 ////; 
ttag +21 ////; 
ttag +22 ////; 
ttag +23 ////; 
ttag +24 ////; 
ttag +25 ////; 
ttag +26 ////; 
ttag +27 ////; 
ttag +28 ////; 
ttag +29 ////; 
ttag +30 ////; 
ttag +31 ////; 
ttag +32 ////; 
ttag +33 ////; 
ttag +34 ////; 
ttag +35 ////; 
ttag +36 ////; 
ttag +37 ////; 
ttag +38 ////; 
ttag +39 ////; 
ttag +40 ////; 
ttag +41 ////; 
ttag +42 ////; 
ttag +43 ////; 
ttag +44 ////; 
ttag +45 ////; 
ttag +46 ////; 
ttag +47 ////; 
ttag +48 ////; 
ttag +49 100/100/100/100/100; 
ttag +50 92/88/86/91/86; 
ttag +51 66/57/41/51/34; 
ttag +52 100/100/98/100/98; 
ttag +53 52/34/21/40/20; 
ttag +54 62/56/49/50/40; 
ttag +55 30/14/9/10/10; 
ttag +56 38/20/13/26/5; 
ttag +57 98/97/94/99/94; 
ttag +58 47/18/8/21/19; 
ttag +59 51/45/27/43/23; 
ttag +60 53/46/40/47/37; 
ttag +61 3/[34]/?/?/?; 
ttag +62 28/21/7/26/8; 
ttag +63 18/[6]/?/?/?; 
ttag +64 100/100/97/98/96; 
ttag +65 10/[27]/?/?/?; 
ttag +66 95/93/81/95/87; 
ttag +67 91/90/87/91/89; 
ttag +68 4/[33]/?/?/?; 
ttag +69 8/[28]/?/?/?; 
ttag +70 100/100/99/100/100; 
ttag +71 79/74/64/80/58; 
ttag +72 72/55/49/56/55; 
ttag +73 100/100/100/99/100; 
ttag +74 68/56/44/62/41; 
ttag +75 33/2/10/15/0; 
ttag +76 36/10/16/19/12; 
ttag +77 11/[16]/?/?/?; 
ttag +78 51/38/38/41/31; 
ttag +79 96/94/88/93/90; 
ttag +80 99/99/96/98/93; 
ttag +81 68/61/42/50/42; 
ttag +82 36/29/17/26/12; 
ttag +83 29/[2]/?/?/?; 
ttag +84 30/0/?/?/?; 
ttag +85 80/78/58/76/64; 
ttag +86 76/68/65/66/61; 
ttag +87 92/90/83/93/80; 
ttag +88 72/60/56/61/44; 
ttag +89 98/98/93/97/94; 
ttag +90 98/98/93/97/94; 
ttag +91 49/30/22/25/14; 
ttag +92 100/100/94/98/96; 
ttag +93 30/[19]/?/?/?; 
ttag +94 99/99/100/99/96; 
