tread
'Tree with tags' 
(0 (1 ((2 3 )(4 (5 (((6 7 )(8 9 10 ))(11 ((12 13 )(14 21 ((15 (16 17 ))(18 (19 20 )))(22 (23 (24 25 )))(26 (27 (28 ((29 (30 31 ))((34 (32 (33 (35 (36 (39 (37 38 )))))))((40 (41 (42 43 )))(44 45 (46 47 ))))))))))))))))); 
ttag *!; 
ttag +49 ???; 
ttag +50 6; 
ttag +51 3; 
ttag +52 4; 
ttag +53 2; 
ttag +54 1; 
ttag +55 1; 
ttag +56 1; 
ttag +57 9; 
ttag +58 1; 
ttag +59 2; 
ttag +60 2; 
ttag +61 1; 
ttag +62 7; 
ttag +63 1; 
ttag +64 3; 
ttag +65 2; 
ttag +66 11; 
ttag +67 6; 
ttag +68 6; 
ttag +69 4; 
ttag +70 5; 
ttag +71 7; 
ttag +72 2; 
ttag +73 8; 
ttag +74 2; 
ttag +75 1; 
ttag +76 1; 
ttag +77 4; 
ttag +78 2; 
ttag +79 1; 
ttag +80 1; 
ttag +81 8; 
ttag +82 1; 
ttag +83 7; 
ttag +84 4; 
ttag +85 3; 
ttag +86 4; 
ttag +87 7; 
ttag +88 3; 
ttag +89 2; 
tread
'Tree with tags' 
(0 (1 ((2 3 )(4 (5 (((6 7 )(8 (9 10 )))(11 ((12 13 )((14 21 )(((15 (16 17 ))(18 (19 20 )))((22 (23 (24 25 )))(26 (27 (28 ((29 (30 31 ))((34 (32 (33 (35 (36 (39 (37 38 )))))))((40 (41 (42 43 )))(45 (44 (46 47 )))))))))))))))))))); 
ttag *!; 
ttag +0 ////; 
ttag +1 ////; 
ttag +2 ////; 
ttag +3 ////; 
ttag +4 ////; 
ttag +5 ////; 
ttag +6 ////; 
ttag +7 ////; 
ttag +8 ////; 
ttag +9 ////; 
ttag +10 ////; 
ttag +11 ////; 
ttag +12 ////; 
ttag +13 ////; 
ttag +14 ////; 
ttag +15 ////; 
ttag +16 ////; 
ttag +17 ////; 
ttag +18 ////; 
ttag +19 ////; 
ttag +20 ////; 
ttag +21 ////; 
ttag +22 ////; 
ttag +23 ////; 
ttag +24 ////; 
ttag +25 ////; 
ttag +26 ////; 
ttag +27 ////; 
ttag +28 ////; 
ttag +29 ////; 
ttag +30 ////; 
ttag +31 ////; 
ttag +32 ////; 
ttag +33 ////; 
ttag +34 ////; 
ttag +35 ////; 
ttag +36 ////; 
ttag +37 ////; 
ttag +38 ////; 
ttag +39 ////; 
ttag +40 ////; 
ttag +41 ////; 
ttag +42 ////; 
ttag +43 ////; 
ttag +44 ////; 
ttag +45 ////; 
ttag +46 ////; 
ttag +47 ////; 
ttag +48 ////; 
ttag +49 100/100/100/100/100; 
ttag +50 98/98/94/99/93; 
ttag +51 80/71/74/80/74; 
ttag +52 57/44/31/47/39; 
ttag +53 49/34/15/35/25; 
ttag +54 64/56/48/50/50; 
ttag +55 43/35/31/42/30; 
ttag +56 12/0/?/2/?; 
ttag +57 100/100/99/100/99; 
ttag +58 39/[1]/1/?/?; 
ttag +59 24/11/2/6/8; 
ttag +60 74/70/62/66/65; 
ttag +61 48/40/22/44/26; 
ttag +62 8/[7]/?/?/?; 
ttag +63 42/35/20/40/27; 
ttag +64 100/100/97/98/96; 
ttag +65 20/6/0/9/7; 
ttag +66 12/3/?/0/?; 
ttag +67 82/74/58/80/64; 
ttag +68 74/60/41/60/49; 
ttag +69 100/100/100/100/100; 
ttag +70 90/88/79/92/84; 
ttag +71 32/18/15/22/16; 
ttag +72 97/96/96/96/94; 
ttag +73 99/99/98/99/97; 
ttag +74 87/86/76/90/78; 
ttag +75 91/90/81/93/81; 
ttag +76 69/64/51/66/59; 
ttag +77 99/99/95/98/95; 
ttag +78 70/66/50/63/51; 
ttag +79 56/28/26/33/30; 
ttag +80 26/4/?/6/2; 
ttag +81 88/83/67/85/74; 
ttag +82 65/46/30/48/40; 
ttag +83 25/8/?/8/9; 
ttag +84 45/25/30/26/14; 
ttag +85 99/99/99/100/100; 
ttag +86 70/70/62/66/61; 
ttag +87 98/98/91/98/93; 
ttag +88 89/86/66/87/70; 
ttag +89 92/92/78/90/78; 
ttag +90 85/80/57/82/66; 
ttag +91 100/100/99/100/100; 
ttag +92 0/[20]/?/?/?; 
ttag +93 73/65/62/71/54; 
ttag +94 56/44/39/48/40; 
