tread
'Tree with tags' 
(0 ((1 (5 11 12 13 14 21 (4 (8 9 10 ))(6 7 )((15 16 17 )(18 (19 20 )))(22 (23 (24 25 )))(26 27 28 (29 (30 31 ))((32 ((33 34 )(35 36 (39 (37 38 )))))((40 (41 (42 43 )))(45 (44 (46 47 ))))))))(2 3 ))); 
ttag *!; 
ttag +49 1; 
ttag +50 ???; 
ttag +51 5; 
ttag +52 1; 
ttag +53 8; 
ttag +54 3; 
ttag +55 6; 
ttag +56 9; 
ttag +57 2; 
ttag +58 1; 
ttag +59 13; 
ttag +60 2; 
ttag +61 4; 
ttag +62 3; 
ttag +63 6; 
ttag +64 4; 
ttag +65 5; 
ttag +66 7; 
ttag +67 5; 
ttag +68 2; 
ttag +69 1; 
ttag +70 3; 
ttag +71 1; 
ttag +72 2; 
ttag +73 7; 
ttag +74 4; 
ttag +75 1; 
ttag +76 7; 
ttag +77 1; 
ttag +78 7; 
ttag +79 2; 
tread
'Tree with tags' 
(0 ((1 (((4 (10 (8 9 )))(5 (6 7 )))((21 (14 (11 (12 (13 ((16 (15 17 ))(18 (19 20 ))))))))((22 (23 (24 25 )))(28 (26 (27 ((29 (30 31 ))((32 ((33 34 )(36 (35 (39 (37 38 ))))))((40 (41 (42 43 )))(45 (44 (46 47 )))))))))))))(2 3 ))); 
ttag *!; 
ttag +0 ////; 
ttag +1 ////; 
ttag +2 ////; 
ttag +3 ////; 
ttag +4 ////; 
ttag +5 ////; 
ttag +6 ////; 
ttag +7 ////; 
ttag +8 ////; 
ttag +9 ////; 
ttag +10 ////; 
ttag +11 ////; 
ttag +12 ////; 
ttag +13 ////; 
ttag +14 ////; 
ttag +15 ////; 
ttag +16 ////; 
ttag +17 ////; 
ttag +18 ////; 
ttag +19 ////; 
ttag +20 ////; 
ttag +21 ////; 
ttag +22 ////; 
ttag +23 ////; 
ttag +24 ////; 
ttag +25 ////; 
ttag +26 ////; 
ttag +27 ////; 
ttag +28 ////; 
ttag +29 ////; 
ttag +30 ////; 
ttag +31 ////; 
ttag +32 ////; 
ttag +33 ////; 
ttag +34 ////; 
ttag +35 ////; 
ttag +36 ////; 
ttag +37 ////; 
ttag +38 ////; 
ttag +39 ////; 
ttag +40 ////; 
ttag +41 ////; 
ttag +42 ////; 
ttag +43 ////; 
ttag +44 ////; 
ttag +45 ////; 
ttag +46 ////; 
ttag +47 ////; 
ttag +48 ////; 
ttag +49 74/60/50/63/48; 
ttag +50 100/100/100/100/100; 
ttag +51 96/95/87/96/93; 
ttag +52 68/56/40/53/38; 
ttag +53 44/32/17/32/19; 
ttag +54 99/99/98/100/97; 
ttag +55 54/49/48/46/42; 
ttag +56 89/87/87/89/85; 
ttag +57 28/[9]/2/?/9; 
ttag +58 99/98/98/99/97; 
ttag +59 1/[30]/?/?/?; 
ttag +60 1/[30]/?/?/?; 
ttag +61 1/[30]/?/?/?; 
ttag +62 24/[6]/?/?/?; 
ttag +63 14/0/?/0/?; 
ttag +64 3/[22]/?/?/?; 
ttag +65 24/[22]/?/?/?; 
ttag +66 100/100/99/100/100; 
ttag +67 74/69/64/76/61; 
ttag +68 72/64/63/71/59; 
ttag +69 100/100/100/100/100; 
ttag +70 88/85/69/84/70; 
ttag +71 22/1/2/0/?; 
ttag +72 94/93/84/86/77; 
ttag +73 91/87/76/84/74; 
ttag +74 32/[6]/?/?/?; 
ttag +75 94/93/82/96/86; 
ttag +76 21/[17]/?/?/?; 
ttag +77 95/94/84/96/89; 
ttag +78 49/24/32/24/33; 
ttag +79 98/98/96/98/97; 
ttag +80 98/98/94/99/96; 
ttag +81 82/79/67/78/66; 
ttag +82 72/57/49/61/42; 
ttag +83 66/52/37/45/39; 
ttag +84 33/6/?/1/?; 
ttag +85 90/88/80/92/78; 
ttag +86 64/46/35/50/24; 
ttag +87 69/63/51/68/54; 
ttag +88 96/94/89/99/91; 
ttag +89 80/73/56/76/68; 
ttag +90 48/34/25/42/28; 
ttag +91 100/100/94/98/96; 
ttag +92 33/11/5/18/11; 
ttag +93 90/89/82/92/84; 
ttag +94 49/27/18/30/21; 
