tread
'Tree with tags' 
(0 (1 ((2 3 )(4 5 11 12 13 (6 7 (8 (9 10 )))((14 ((15 (16 17 ))(18 (19 20 ))))(21 (26 27 (22 (23 (24 25 )))(28 ((29 (30 31 ))(((32 (35 (36 (37 (38 39 )))))(33 34 ))((40 (41 (42 43 )))((44 46 )(45 47 ))))))))))))); 
ttag *!; 
ttag +49 ???; 
ttag +50 7; 
ttag +51 2; 
ttag +52 4; 
ttag +53 2; 
ttag +54 12; 
ttag +55 3; 
ttag +56 2; 
ttag +57 2; 
ttag +58 5; 
ttag +59 5; 
ttag +60 5; 
ttag +61 5; 
ttag +62 9; 
ttag +63 3; 
ttag +64 1; 
ttag +65 2; 
ttag +66 2; 
ttag +67 7; 
ttag +68 1; 
ttag +69 5; 
ttag +70 3; 
ttag +71 4; 
ttag +72 2; 
ttag +73 10; 
ttag +74 2; 
ttag +75 5; 
ttag +76 2; 
ttag +77 7; 
ttag +78 5; 
ttag +79 2; 
ttag +80 7; 
ttag +81 1; 
ttag +82 6; 
ttag +83 5; 
ttag +84 1; 
ttag +85 1; 
ttag +86 1; 
tread
'Tree with tags' 
(0 (1 ((2 3 )(((4 5 )((12 (11 13 ))((14 ((15 (16 17 ))(18 (19 20 ))))(21 ((22 (23 (24 25 )))((26 27 )(28 ((29 (30 31 ))(((32 (35 (36 (37 (38 39 )))))(33 34 ))((40 (41 (42 43 )))((44 46 )(45 47 ))))))))))))(6 (7 (8 (9 10 )))))))); 
ttag *!; 
ttag +0 ////; 
ttag +1 ////; 
ttag +2 ////; 
ttag +3 ////; 
ttag +4 ////; 
ttag +5 ////; 
ttag +6 ////; 
ttag +7 ////; 
ttag +8 ////; 
ttag +9 ////; 
ttag +10 ////; 
ttag +11 ////; 
ttag +12 ////; 
ttag +13 ////; 
ttag +14 ////; 
ttag +15 ////; 
ttag +16 ////; 
ttag +17 ////; 
ttag +18 ////; 
ttag +19 ////; 
ttag +20 ////; 
ttag +21 ////; 
ttag +22 ////; 
ttag +23 ////; 
ttag +24 ////; 
ttag +25 ////; 
ttag +26 ////; 
ttag +27 ////; 
ttag +28 ////; 
ttag +29 ////; 
ttag +30 ////; 
ttag +31 ////; 
ttag +32 ////; 
ttag +33 ////; 
ttag +34 ////; 
ttag +35 ////; 
ttag +36 ////; 
ttag +37 ////; 
ttag +38 ////; 
ttag +39 ////; 
ttag +40 ////; 
ttag +41 ////; 
ttag +42 ////; 
ttag +43 ////; 
ttag +44 ////; 
ttag +45 ////; 
ttag +46 ////; 
ttag +47 ////; 
ttag +48 ////; 
ttag +49 100/100/100/100/100; 
ttag +50 98/98/95/99/97; 
ttag +51 78/70/70/79/72; 
ttag +52 3/[10]/?/?/?; 
ttag +53 16/[2]/?/?/?; 
ttag +54 63/43/38/46/32; 
ttag +55 65/54/48/56/43; 
ttag +56 33/[10]/?/?/?; 
ttag +57 100/100/99/100/100; 
ttag +58 86/80/81/84/82; 
ttag +59 11/[9]/?/?/?; 
ttag +60 5/[14]/?/?/?; 
ttag +61 18/[1]/?/?/?; 
ttag +62 63/56/43/58/38; 
ttag +63 58/51/40/60/34; 
ttag +64 93/91/81/93/78; 
ttag +65 90/88/84/91/78; 
ttag +66 95/93/88/97/86; 
ttag +67 98/97/95/97/90; 
ttag +68 100/100/100/99/100; 
ttag +69 75/71/56/76/64; 
ttag +70 43/8/6/1/11; 
ttag +71 78/74/65/73/61; 
ttag +72 78/72/64/74/67; 
ttag +73 96/94/95/99/94; 
ttag +74 19/[1]/0/8/2; 
ttag +75 25/5/5/22/6; 
ttag +76 34/17/20/21/33; 
ttag +77 93/91/84/92/89; 
ttag +78 85/84/69/84/68; 
ttag +79 92/88/75/88/79; 
ttag +80 55/39/24/45/30; 
ttag +81 99/99/96/100/95; 
ttag +82 35/21/20/39/23; 
ttag +83 94/90/80/90/82; 
ttag +84 58/38/34/47/29; 
ttag +85 98/97/92/98/92; 
ttag +86 98/98/91/98/89; 
ttag +87 69/55/52/65/52; 
ttag +88 98/98/93/98/92; 
ttag +89 30/7/5/13/8; 
ttag +90 99/99/95/98/97; 
ttag +91 100/100/99/98/98; 
ttag +92 18/[1]/2/6/2; 
ttag +93 32/12/14/24/18; 
ttag +94 31/20/18/26/22; 
