tread
'Tree with tags' 
(0 (1 ((2 3 )(4 5 11 ((6 7 )(8 (9 10 )))(12 13 14 (15 (16 17 ))(18 (19 20 ))(21 ((22 (23 (24 25 )))(26 (27 (28 (((29 (30 31 ))(32 ((33 34 )(35 (36 (37 (38 39 )))))))(((40 41 )(42 43 ))(45 (44 (46 47 ))))))))))))))); 
ttag *!; 
ttag +49 ???; 
ttag +50 4; 
ttag +51 1; 
ttag +52 5; 
ttag +53 1; 
ttag +54 2; 
ttag +55 8; 
ttag +56 5; 
ttag +57 1; 
ttag +58 5; 
ttag +59 1; 
ttag +60 2; 
ttag +61 9; 
ttag +62 2; 
ttag +63 2; 
ttag +64 2; 
ttag +65 5; 
ttag +66 1; 
ttag +67 5; 
ttag +68 3; 
ttag +69 7; 
ttag +70 5; 
ttag +71 1; 
ttag +72 2; 
ttag +73 3; 
ttag +74 2; 
ttag +75 2; 
ttag +76 2; 
ttag +77 5; 
ttag +78 7; 
ttag +79 9; 
ttag +80 1; 
ttag +81 1; 
ttag +82 6; 
ttag +83 1; 
ttag +84 5; 
ttag +85 2; 
ttag +86 3; 
ttag +87 2; 
tread
'Tree with tags' 
(0 (1 ((2 3 )(4 (11 ((5 ((6 7 )(8 (9 10 ))))((12 ((18 (19 20 ))(21 ((22 (23 (24 25 )))(26 (27 (28 (((29 (30 31 ))(32 ((33 34 )(35 (36 (37 (38 39 )))))))(((40 41 )(42 43 ))(45 (44 (46 47 ))))))))))))(13 (14 (15 (16 17 ))))))))))); 
ttag *!; 
ttag +0 ////; 
ttag +1 ////; 
ttag +2 ////; 
ttag +3 ////; 
ttag +4 ////; 
ttag +5 ////; 
ttag +6 ////; 
ttag +7 ////; 
ttag +8 ////; 
ttag +9 ////; 
ttag +10 ////; 
ttag +11 ////; 
ttag +12 ////; 
ttag +13 ////; 
ttag +14 ////; 
ttag +15 ////; 
ttag +16 ////; 
ttag +17 ////; 
ttag +18 ////; 
ttag +19 ////; 
ttag +20 ////; 
ttag +21 ////; 
ttag +22 ////; 
ttag +23 ////; 
ttag +24 ////; 
ttag +25 ////; 
ttag +26 ////; 
ttag +27 ////; 
ttag +28 ////; 
ttag +29 ////; 
ttag +30 ////; 
ttag +31 ////; 
ttag +32 ////; 
ttag +33 ////; 
ttag +34 ////; 
ttag +35 ////; 
ttag +36 ////; 
ttag +37 ////; 
ttag +38 ////; 
ttag +39 ////; 
ttag +40 ////; 
ttag +41 ////; 
ttag +42 ////; 
ttag +43 ////; 
ttag +44 ////; 
ttag +45 ////; 
ttag +46 ////; 
ttag +47 ////; 
ttag +48 ////; 
ttag +49 100/100/100/100/100; 
ttag +50 98/98/97/96/96; 
ttag +51 68/51/48/54/33; 
ttag +52 83/79/70/80/66; 
ttag +53 38/26/20/27/18; 
ttag +54 14/0/1/7/?; 
ttag +55 10/[8]/?/?/1; 
ttag +56 55/27/26/20/23; 
ttag +57 70/68/56/72/56; 
ttag +58 100/100/100/100/97; 
ttag +59 95/94/92/95/88; 
ttag +60 11/[4]/?/?/?; 
ttag +61 44/35/30/53/32; 
ttag +62 4/[10]/?/?/?; 
ttag +63 36/26/24/24/17; 
ttag +64 99/99/96/98/95; 
ttag +65 65/48/47/52/48; 
ttag +66 55/46/31/42/30; 
ttag +67 14/0/?/?/?; 
ttag +68 100/100/100/100/100; 
ttag +69 51/45/24/59/34; 
ttag +70 79/74/58/79/62; 
ttag +71 67/61/43/71/54; 
ttag +72 94/92/82/88/80; 
ttag +73 68/51/40/49/30; 
ttag +74 95/94/83/93/84; 
ttag +75 76/66/44/70/54; 
ttag +76 96/95/91/97/92; 
ttag +77 91/88/83/92/81; 
ttag +78 22/4/9/2/6; 
ttag +79 75/70/56/65/61; 
ttag +80 94/91/80/85/90; 
ttag +81 67/61/60/60/48; 
ttag +82 58/31/25/29/11; 
ttag +83 58/48/44/50/33; 
ttag +84 89/84/80/81/77; 
ttag +85 90/85/84/84/82; 
ttag +86 99/99/99/99/98; 
ttag +87 57/33/31/46/31; 
ttag +88 37/12/15/16/14; 
ttag +89 96/96/94/94/91; 
ttag +90 36/17/20/19/20; 
ttag +91 95/94/91/94/92; 
ttag +92 49/42/27/40/28; 
ttag +93 78/77/58/75/59; 
ttag +94 52/46/28/52/37; 
