tread
'Tree with tags' 
(0 (1 (2 3 )(4 5 11 ((6 7 )(8 (9 10 )))((12 ((14 (15 (16 17 )))(21 ((18 (19 20 ))(28 ((26 27 )((29 (30 31 ))((32 (35 ((33 34 )(36 (37 (38 39 ))))))((40 41 (42 43 ))(47 (44 45 46 )))))))))))(13 (22 (23 (24 25 )))))))); 
ttag *!; 
ttag +49 ???; 
ttag +50 5; 
ttag +51 4; 
ttag +52 2; 
ttag +53 1; 
ttag +54 5; 
ttag +55 3; 
ttag +56 1; 
ttag +57 1; 
ttag +58 1; 
ttag +59 1; 
ttag +60 1; 
ttag +61 3; 
ttag +62 1; 
ttag +63 2; 
ttag +64 1; 
ttag +65 1; 
ttag +66 10; 
ttag +67 7; 
ttag +68 12; 
ttag +69 8; 
ttag +70 1; 
ttag +71 1; 
ttag +72 5; 
ttag +73 6; 
ttag +74 1; 
ttag +75 10; 
ttag +76 7; 
ttag +77 2; 
ttag +78 4; 
ttag +79 1; 
ttag +80 1; 
ttag +81 5; 
ttag +82 8; 
ttag +83 3; 
ttag +84 6; 
ttag +85 2; 
ttag +86 5; 
ttag +87 1; 
ttag +88 6; 
tread
'Tree with tags' 
(0 (1 ((2 3 )(11 (((4 5 )((12 ((14 (15 (16 17 )))(21 ((18 (19 20 ))(28 ((26 27 )((29 (30 31 ))((32 (35 ((33 34 )(36 (37 (38 39 ))))))((40 (41 (42 43 )))(47 (45 (44 46 ))))))))))))(13 (22 (23 (24 25 ))))))((6 7 )(8 (9 10 )))))))); 
ttag *!; 
ttag +0 ////; 
ttag +1 ////; 
ttag +2 ////; 
ttag +3 ////; 
ttag +4 ////; 
ttag +5 ////; 
ttag +6 ////; 
ttag +7 ////; 
ttag +8 ////; 
ttag +9 ////; 
ttag +10 ////; 
ttag +11 ////; 
ttag +12 ////; 
ttag +13 ////; 
ttag +14 ////; 
ttag +15 ////; 
ttag +16 ////; 
ttag +17 ////; 
ttag +18 ////; 
ttag +19 ////; 
ttag +20 ////; 
ttag +21 ////; 
ttag +22 ////; 
ttag +23 ////; 
ttag +24 ////; 
ttag +25 ////; 
ttag +26 ////; 
ttag +27 ////; 
ttag +28 ////; 
ttag +29 ////; 
ttag +30 ////; 
ttag +31 ////; 
ttag +32 ////; 
ttag +33 ////; 
ttag +34 ////; 
ttag +35 ////; 
ttag +36 ////; 
ttag +37 ////; 
ttag +38 ////; 
ttag +39 ////; 
ttag +40 ////; 
ttag +41 ////; 
ttag +42 ////; 
ttag +43 ////; 
ttag +44 ////; 
ttag +45 ////; 
ttag +46 ////; 
ttag +47 ////; 
ttag +48 ////; 
ttag +49 100/100/100/100/100; 
ttag +50 100/100/99/100/99; 
ttag +51 58/27/30/10/42; 
ttag +52 26/12/9/15/13; 
ttag +53 4/[14]/?/?/?; 
ttag +54 5/[15]/?/?/?; 
ttag +55 73/66/54/76/63; 
ttag +56 80/78/72/79/71; 
ttag +57 36/28/24/30/28; 
ttag +58 96/96/95/97/94; 
ttag +59 84/80/67/84/70; 
ttag +60 3/[10]/?/?/?; 
ttag +61 23/4/4/8/11; 
ttag +62 8/[10]/?/?/?; 
ttag +63 22/[11]/?/?/0; 
ttag +64 8/[1]/?/?/?; 
ttag +65 80/76/62/73/65; 
ttag +66 28/[21]/?/?/?; 
ttag +67 64/56/46/62/44; 
ttag +68 33/23/9/21/20; 
ttag +69 4/[28]/?/?/?; 
ttag +70 100/100/98/100/100; 
ttag +71 90/89/82/96/88; 
ttag +72 100/100/100/100/100; 
ttag +73 99/99/98/100/98; 
ttag +74 54/44/45/44/40; 
ttag +75 9/[23]/?/?/?; 
ttag +76 84/82/72/89/70; 
ttag +77 91/90/82/94/81; 
ttag +78 38/16/13/26/26; 
ttag +79 99/99/98/99/100; 
ttag +80 95/94/84/94/89; 
ttag +81 60/54/45/63/43; 
ttag +82 91/88/81/91/84; 
ttag +83 38/9/11/27/6; 
ttag +84 43/22/19/36/21; 
ttag +85 97/96/91/98/92; 
ttag +86 97/96/94/99/96; 
ttag +87 89/87/76/90/78; 
ttag +88 95/94/90/95/95; 
ttag +89 55/38/39/51/32; 
ttag +90 52/29/20/27/22; 
ttag +91 96/95/90/94/84; 
ttag +92 42/9/15/20/11; 
ttag +93 80/80/77/80/72; 
ttag +94 94/93/89/95/84; 
