tread
'Tree with tags' 
(0 (1 (3 (2 (4 (5 (11 12 14 (6 (7 (8 (9 10 ))))(13 (15 16 17 ))(18 (19 20 ))(21 (((22 (23 (24 25 )))(28 ((29 (30 31 )(40 (41 (42 43 )))(44 45 46 47 ))(32 ((33 34 )(35 (36 (37 (38 39 )))))))))(26 27 )))))))))); 
ttag *!; 
ttag +49 ???; 
ttag +50 1; 
ttag +51 6; 
ttag +52 4; 
ttag +53 1; 
ttag +54 2; 
ttag +55 1; 
ttag +56 1; 
ttag +57 6; 
ttag +58 3; 
ttag +59 1; 
ttag +60 13; 
ttag +61 5; 
ttag +62 12; 
ttag +63 1; 
ttag +64 4; 
ttag +65 1; 
ttag +66 4; 
ttag +67 7; 
ttag +68 8; 
ttag +69 1; 
ttag +70 2; 
ttag +71 1; 
ttag +72 2; 
ttag +73 6; 
ttag +74 10; 
ttag +75 5; 
ttag +76 2; 
ttag +77 2; 
ttag +78 2; 
ttag +79 6; 
ttag +80 2; 
ttag +81 9; 
ttag +82 5; 
ttag +83 6; 
ttag +84 1; 
tread
'Tree with tags' 
(0 (1 (3 (2 (4 (5 ((6 (7 (8 (9 10 ))))(11 (12 (((13 (16 (15 17 )))(21 (((22 (23 (24 25 )))(28 (((29 (30 31 ))((40 (41 (42 43 )))(44 (46 (45 47 )))))(32 ((33 34 )(35 (36 (37 (38 39 )))))))))(26 27 ))))(14 (18 (19 20 ))))))))))))); 
ttag *!; 
ttag +0 ////; 
ttag +1 ////; 
ttag +2 ////; 
ttag +3 ////; 
ttag +4 ////; 
ttag +5 ////; 
ttag +6 ////; 
ttag +7 ////; 
ttag +8 ////; 
ttag +9 ////; 
ttag +10 ////; 
ttag +11 ////; 
ttag +12 ////; 
ttag +13 ////; 
ttag +14 ////; 
ttag +15 ////; 
ttag +16 ////; 
ttag +17 ////; 
ttag +18 ////; 
ttag +19 ////; 
ttag +20 ////; 
ttag +21 ////; 
ttag +22 ////; 
ttag +23 ////; 
ttag +24 ////; 
ttag +25 ////; 
ttag +26 ////; 
ttag +27 ////; 
ttag +28 ////; 
ttag +29 ////; 
ttag +30 ////; 
ttag +31 ////; 
ttag +32 ////; 
ttag +33 ////; 
ttag +34 ////; 
ttag +35 ////; 
ttag +36 ////; 
ttag +37 ////; 
ttag +38 ////; 
ttag +39 ////; 
ttag +40 ////; 
ttag +41 ////; 
ttag +42 ////; 
ttag +43 ////; 
ttag +44 ////; 
ttag +45 ////; 
ttag +46 ////; 
ttag +47 ////; 
ttag +48 ////; 
ttag +49 100/100/100/100/100; 
ttag +50 46/6/6/25/7; 
ttag +51 92/86/87/93/74; 
ttag +52 79/73/68/76/67; 
ttag +53 62/56/46/56/44; 
ttag +54 46/38/36/52/31; 
ttag +55 27/16/18/16/15; 
ttag +56 53/42/36/50/35; 
ttag +57 99/99/97/98/99; 
ttag +58 94/93/92/94/92; 
ttag +59 12/1/2/2/0; 
ttag +60 12/0/?/?/?; 
ttag +61 29/10/2/14/0; 
ttag +62 3/[18]/?/?/?; 
ttag +63 19/8/8/6/2; 
ttag +64 57/50/34/56/37; 
ttag +65 36/5/?/7/?; 
ttag +66 100/100/98/100/99; 
ttag +67 95/93/91/96/91; 
ttag +68 100/100/100/100/100; 
ttag +69 46/40/33/46/28; 
ttag +70 78/76/63/80/57; 
ttag +71 27/4/?/7/2; 
ttag +72 73/68/56/73/45; 
ttag +73 96/95/85/95/88; 
ttag +74 99/98/99/99/98; 
ttag +75 66/66/67/65/67; 
ttag +76 56/50/33/50/28; 
ttag +77 16/[10]/?/?/?; 
ttag +78 24/5/7/8/5; 
ttag +79 54/49/39/53/30; 
ttag +80 95/93/92/93/83; 
ttag +81 100/100/98/100/99; 
ttag +82 88/84/79/91/84; 
ttag +83 50/23/10/30/19; 
ttag +84 39/12/?/20/6; 
ttag +85 37/[2]/?/8/2; 
ttag +86 83/76/70/90/66; 
ttag +87 29/4/8/19/9; 
ttag +88 99/99/100/100/100; 
ttag +89 30/9/16/1/17; 
ttag +90 99/99/98/99/98; 
ttag +91 99/99/96/99/95; 
ttag +92 52/36/28/48/26; 
ttag +93 32/11/?/1/6; 
ttag +94 24/5/?/13/4; 
