tread
'Tree with tags' 
(0 (1 ((2 3 )(4 (5 (6 7 (8 9 10 )(11 (12 13 )(21 (14 (17 (15 16 )))(18 (19 20 ))(26 ((22 (23 (24 25 )))((27 28 )(((29 (30 31 ))(46 (40 (41 (42 43 ))))(45 (44 47 )))(((32 35 )(33 34 ))(36 (37 (38 39 )))))))))))))))); 
ttag *!; 
ttag +49 ???; 
ttag +50 5; 
ttag +51 2; 
ttag +52 4; 
ttag +53 2; 
ttag +54 2; 
ttag +55 7; 
ttag +56 1; 
ttag +57 1; 
ttag +58 2; 
ttag +59 2; 
ttag +60 1; 
ttag +61 4; 
ttag +62 10; 
ttag +63 6; 
ttag +64 2; 
ttag +65 1; 
ttag +66 2; 
ttag +67 4; 
ttag +68 11; 
ttag +69 2; 
ttag +70 3; 
ttag +71 5; 
ttag +72 2; 
ttag +73 3; 
ttag +74 9; 
ttag +75 1; 
ttag +76 1; 
ttag +77 5; 
ttag +78 1; 
ttag +79 6; 
ttag +80 8; 
ttag +81 1; 
ttag +82 9; 
ttag +83 2; 
ttag +84 3; 
ttag +85 7; 
ttag +86 2; 
ttag +87 1; 
tread
'Tree with tags' 
(0 (1 ((2 3 )(4 (5 (((6 7 )(11 ((12 13 )((14 (17 (15 16 )))(21 ((18 (19 20 ))(26 ((22 (23 (24 25 )))((27 28 )((((29 (30 31 ))(46 (40 (41 (42 43 )))))(45 (44 47 )))(((32 35 )(33 34 ))(36 (37 (38 39 ))))))))))))))(10 (8 9 )))))))); 
ttag *!; 
ttag +0 ////; 
ttag +1 ////; 
ttag +2 ////; 
ttag +3 ////; 
ttag +4 ////; 
ttag +5 ////; 
ttag +6 ////; 
ttag +7 ////; 
ttag +8 ////; 
ttag +9 ////; 
ttag +10 ////; 
ttag +11 ////; 
ttag +12 ////; 
ttag +13 ////; 
ttag +14 ////; 
ttag +15 ////; 
ttag +16 ////; 
ttag +17 ////; 
ttag +18 ////; 
ttag +19 ////; 
ttag +20 ////; 
ttag +21 ////; 
ttag +22 ////; 
ttag +23 ////; 
ttag +24 ////; 
ttag +25 ////; 
ttag +26 ////; 
ttag +27 ////; 
ttag +28 ////; 
ttag +29 ////; 
ttag +30 ////; 
ttag +31 ////; 
ttag +32 ////; 
ttag +33 ////; 
ttag +34 ////; 
ttag +35 ////; 
ttag +36 ////; 
ttag +37 ////; 
ttag +38 ////; 
ttag +39 ////; 
ttag +40 ////; 
ttag +41 ////; 
ttag +42 ////; 
ttag +43 ////; 
ttag +44 ////; 
ttag +45 ////; 
ttag +46 ////; 
ttag +47 ////; 
ttag +48 ////; 
ttag +49 100/100/100/100/100; 
ttag +50 94/93/94/98/95; 
ttag +51 81/72/67/80/62; 
ttag +52 74/61/47/64/46; 
ttag +53 59/52/30/53/40; 
ttag +54 27/20/18/19/15; 
ttag +55 4/[12]/?/?/?; 
ttag +56 55/48/25/51/34; 
ttag +57 22/[2]/1/1/?; 
ttag +58 99/99/95/98/97; 
ttag +59 51/48/33/52/32; 
ttag +60 34/7/4/1/3; 
ttag +61 37/22/13/18/8; 
ttag +62 44/18/7/17/10; 
ttag +63 56/49/29/38/25; 
ttag +64 39/[1]/4/4/?; 
ttag +65 72/54/56/58/61; 
ttag +66 100/100/99/100/99; 
ttag +67 13/[17]/?/?/?; 
ttag +68 10/[20]/?/?/?; 
ttag +69 100/100/100/100/99; 
ttag +70 66/55/39/50/38; 
ttag +71 20/[45]/?/?/?; 
ttag +72 66/53/41/56/48; 
ttag +73 87/85/80/85/75; 
ttag +74 99/99/98/100/100; 
ttag +75 30/[3]/2/11/3; 
ttag +76 81/80/75/84/71; 
ttag +77 92/91/78/88/79; 
ttag +78 22/[14]/?/?/?; 
ttag +79 59/41/36/44/40; 
ttag +80 78/73/53/72/53; 
ttag +81 100/100/100/100/100; 
ttag +82 48/38/20/32/28; 
ttag +83 21/[8]/?/?/?; 
ttag +84 96/95/83/96/83; 
ttag +85 43/13/9/20/14; 
ttag +86 98/98/94/96/92; 
ttag +87 100/100/98/99/99; 
ttag +88 44/30/30/35/25; 
ttag +89 100/100/98/98/98; 
ttag +90 56/44/27/44/22; 
ttag +91 78/67/56/69/53; 
ttag +92 98/97/94/97/93; 
ttag +93 53/46/31/46/34; 
ttag +94 34/24/15/27/13; 
