tread
'Tree with tags' 
(0 (1 ((2 3 )(4 (5 ((6 7 (11 (12 13 14 18 21 (15 (16 17 ))(19 20 )(22 (23 (24 25 )))(26 (27 (28 (29 (30 31 ))(((32 (33 34 )(35 (36 (38 (37 39 )))))(40 (41 (42 43 ))))(44 45 46 47 ))))))))(8 (9 10 )))))))); 
ttag *!; 
ttag +49 ???; 
ttag +50 7; 
ttag +51 1; 
ttag +52 3; 
ttag +53 1; 
ttag +54 1; 
ttag +55 2; 
ttag +56 5; 
ttag +57 1; 
ttag +58 2; 
ttag +59 1; 
ttag +60 6; 
ttag +61 6; 
ttag +62 5; 
ttag +63 5; 
ttag +64 3; 
ttag +65 4; 
ttag +66 2; 
ttag +67 2; 
ttag +68 2; 
ttag +69 2; 
ttag +70 9; 
ttag +71 4; 
ttag +72 1; 
ttag +73 3; 
ttag +74 1; 
ttag +75 2; 
ttag +76 5; 
ttag +77 1; 
ttag +78 4; 
ttag +79 6; 
ttag +80 1; 
ttag +81 7; 
ttag +82 2; 
tread
'Tree with tags' 
(0 (1 ((2 3 )(4 (5 (((6 7 )(11 (12 (13 ((21 (14 ((15 (16 17 ))(18 (19 20 )))))((22 (23 (24 25 )))(26 (27 (28 ((29 (30 31 ))((((32 (35 (36 (38 (37 39 )))))(33 34 ))(40 (41 (42 43 ))))((44 45 )(46 47 )))))))))))))(8 (9 10 )))))))); 
ttag *!; 
ttag +0 ////; 
ttag +1 ////; 
ttag +2 ////; 
ttag +3 ////; 
ttag +4 ////; 
ttag +5 ////; 
ttag +6 ////; 
ttag +7 ////; 
ttag +8 ////; 
ttag +9 ////; 
ttag +10 ////; 
ttag +11 ////; 
ttag +12 ////; 
ttag +13 ////; 
ttag +14 ////; 
ttag +15 ////; 
ttag +16 ////; 
ttag +17 ////; 
ttag +18 ////; 
ttag +19 ////; 
ttag +20 ////; 
ttag +21 ////; 
ttag +22 ////; 
ttag +23 ////; 
ttag +24 ////; 
ttag +25 ////; 
ttag +26 ////; 
ttag +27 ////; 
ttag +28 ////; 
ttag +29 ////; 
ttag +30 ////; 
ttag +31 ////; 
ttag +32 ////; 
ttag +33 ////; 
ttag +34 ////; 
ttag +35 ////; 
ttag +36 ////; 
ttag +37 ////; 
ttag +38 ////; 
ttag +39 ////; 
ttag +40 ////; 
ttag +41 ////; 
ttag +42 ////; 
ttag +43 ////; 
ttag +44 ////; 
ttag +45 ////; 
ttag +46 ////; 
ttag +47 ////; 
ttag +48 ////; 
ttag +49 100/100/100/100/100; 
ttag +50 100/100/99/99/98; 
ttag +51 30/4/4/24/20; 
ttag +52 73/67/63/77/64; 
ttag +53 38/15/6/15/?; 
ttag +54 40/15/24/17/15; 
ttag +55 54/46/40/47/32; 
ttag +56 59/50/47/46/37; 
ttag +57 99/99/100/100/99; 
ttag +58 75/68/54/65/51; 
ttag +59 71/60/50/59/46; 
ttag +60 58/52/46/62/42; 
ttag +61 8/[18]/?/?/?; 
ttag +62 12/[14]/?/?/?; 
ttag +63 5/[29]/?/?/?; 
ttag +64 52/36/31/49/28; 
ttag +65 96/94/96/98/97; 
ttag +66 30/3/?/10/1; 
ttag +67 100/100/95/98/97; 
ttag +68 69/61/51/59/60; 
ttag +69 100/100/99/100/99; 
ttag +70 98/98/96/99/93; 
ttag +71 66/60/46/60/47; 
ttag +72 92/87/84/91/90; 
ttag +73 98/98/99/99/98; 
ttag +74 75/71/60/75/63; 
ttag +75 72/68/50/72/48; 
ttag +76 80/77/60/77/61; 
ttag +77 65/52/47/53/53; 
ttag +78 35/13/14/9/17; 
ttag +79 100/100/99/99/99; 
ttag +80 44/36/28/28/26; 
ttag +81 81/78/67/80/68; 
ttag +82 44/36/26/32/28; 
ttag +83 71/65/48/69/45; 
ttag +84 52/37/29/48/32; 
ttag +85 61/55/45/61/40; 
ttag +86 100/100/94/98/95; 
ttag +87 63/60/55/62/58; 
ttag +88 92/89/82/87/87; 
ttag +89 99/99/93/97/93; 
ttag +90 66/57/49/57/48; 
ttag +91 99/99/99/100/98; 
ttag +92 31/21/19/16/18; 
ttag +93 62/56/46/62/48; 
ttag +94 28/0/?/3/?; 
