tread
'Tree with tags' 
(0 (1 ((2 3 )(4 (5 11 (6 7 )(8 9 10 )((12 13 )((14 ((15 16 17 )(18 (19 20 ))))(21 ((22 (23 (24 25 )))(26 (27 (28 ((29 (30 31 ))(32 35 (33 34 )(36 (39 (37 38 ))))((40 (41 (42 43 )))(47 (44 (45 46 ))))))))))))))))); 
ttag *!; 
ttag +49 ???; 
ttag +50 3; 
ttag +51 5; 
ttag +52 5; 
ttag +53 4; 
ttag +54 2; 
ttag +55 10; 
ttag +56 3; 
ttag +57 1; 
ttag +58 2; 
ttag +59 2; 
ttag +60 5; 
ttag +61 4; 
ttag +62 8; 
ttag +63 5; 
ttag +64 2; 
ttag +65 5; 
ttag +66 3; 
ttag +67 5; 
ttag +68 9; 
ttag +69 4; 
ttag +70 1; 
ttag +71 2; 
ttag +72 3; 
ttag +73 1; 
ttag +74 5; 
ttag +75 6; 
ttag +76 5; 
ttag +77 2; 
ttag +78 1; 
ttag +79 1; 
ttag +80 1; 
ttag +81 1; 
ttag +82 3; 
ttag +83 12; 
ttag +84 1; 
ttag +85 2; 
ttag +86 2; 
tread
'Tree with tags' 
(0 (1 ((2 3 )(4 ((5 ((11 (6 7 ))(9 (8 10 ))))((12 13 )((14 ((15 (16 17 ))(18 (19 20 ))))(21 ((22 (23 (24 25 )))(26 (27 (28 (((29 (30 31 ))((40 (41 (42 43 )))(47 (44 (45 46 )))))((35 (32 (36 (39 (37 38 )))))(33 34 ))))))))))))))); 
ttag *!; 
ttag +0 ////; 
ttag +1 ////; 
ttag +2 ////; 
ttag +3 ////; 
ttag +4 ////; 
ttag +5 ////; 
ttag +6 ////; 
ttag +7 ////; 
ttag +8 ////; 
ttag +9 ////; 
ttag +10 ////; 
ttag +11 ////; 
ttag +12 ////; 
ttag +13 ////; 
ttag +14 ////; 
ttag +15 ////; 
ttag +16 ////; 
ttag +17 ////; 
ttag +18 ////; 
ttag +19 ////; 
ttag +20 ////; 
ttag +21 ////; 
ttag +22 ////; 
ttag +23 ////; 
ttag +24 ////; 
ttag +25 ////; 
ttag +26 ////; 
ttag +27 ////; 
ttag +28 ////; 
ttag +29 ////; 
ttag +30 ////; 
ttag +31 ////; 
ttag +32 ////; 
ttag +33 ////; 
ttag +34 ////; 
ttag +35 ////; 
ttag +36 ////; 
ttag +37 ////; 
ttag +38 ////; 
ttag +39 ////; 
ttag +40 ////; 
ttag +41 ////; 
ttag +42 ////; 
ttag +43 ////; 
ttag +44 ////; 
ttag +45 ////; 
ttag +46 ////; 
ttag +47 ////; 
ttag +48 ////; 
ttag +49 100/100/100/100/100; 
ttag +50 83/76/63/78/68; 
ttag +51 92/88/74/91/76; 
ttag +52 93/90/82/90/81; 
ttag +53 5/[5]/?/?/?; 
ttag +54 73/70/52/68/57; 
ttag +55 59/52/42/52/44; 
ttag +56 17/[2]/2/?/?; 
ttag +57 5/[5]/?/?/?; 
ttag +58 27/[14]/?/?/?; 
ttag +59 99/99/99/100/100; 
ttag +60 60/50/39/54/40; 
ttag +61 23/18/1/19/5; 
ttag +62 46/38/25/35/32; 
ttag +63 36/28/20/27/20; 
ttag +64 97/96/94/98/95; 
ttag +65 69/52/42/67/45; 
ttag +66 28/[10]/?/?/?; 
ttag +67 100/100/98/99/98; 
ttag +68 97/96/95/98/96; 
ttag +69 38/22/14/23/17; 
ttag +70 96/94/88/92/89; 
ttag +71 69/53/58/56/53; 
ttag +72 96/96/92/93/91; 
ttag +73 100/100/100/99/99; 
ttag +74 87/83/79/83/72; 
ttag +75 52/39/46/44/36; 
ttag +76 62/56/42/54/40; 
ttag +77 62/55/50/61/45; 
ttag +78 26/2/?/12/7; 
ttag +79 52/28/28/42/32; 
ttag +80 97/96/88/92/88; 
ttag +81 8/[48]/?/?/?; 
ttag +82 36/7/13/10/22; 
ttag +83 97/96/90/96/93; 
ttag +84 98/98/93/98/94; 
ttag +85 70/58/58/66/55; 
ttag +86 57/37/21/48/42; 
ttag +87 68/57/50/53/42; 
ttag +88 56/47/42/44/39; 
ttag +89 48/34/29/28/22; 
ttag +90 87/82/76/74/69; 
ttag +91 100/100/100/100/100; 
ttag +92 38/15/12/21/9; 
ttag +93 76/70/51/68/54; 
ttag +94 54/46/29/43/34; 
