tread
'Tree with tags' 
(0 (1 ((2 3 )(4 (5 (((6 7 )(11 ((12 13 )((14 (21 ((22 (23 (24 25 )))((26 27 )(28 ((29 (30 31 ))((((32 (33 34 ))(35 36 ))(37 (38 39 )))(40 41 (42 43 ))(44 45 46 47 ))))))))((16 (15 17 ))(18 (19 20 )))))))(8 9 10 ))))))); 
ttag *!; 
ttag +49 ???; 
ttag +50 1; 
ttag +51 2; 
ttag +52 4; 
ttag +53 4; 
ttag +54 1; 
ttag +55 1; 
ttag +56 3; 
ttag +57 8; 
ttag +58 1; 
ttag +59 3; 
ttag +60 1; 
ttag +61 2; 
ttag +62 1; 
ttag +63 1; 
ttag +64 8; 
ttag +65 3; 
ttag +66 4; 
ttag +67 8; 
ttag +68 2; 
ttag +69 2; 
ttag +70 2; 
ttag +71 7; 
ttag +72 9; 
ttag +73 1; 
ttag +74 1; 
ttag +75 3; 
ttag +76 6; 
ttag +77 6; 
ttag +78 3; 
ttag +79 1; 
ttag +80 1; 
ttag +81 4; 
ttag +82 1; 
ttag +83 7; 
ttag +84 1; 
ttag +85 1; 
ttag +86 2; 
ttag +87 1; 
ttag +88 3; 
ttag +89 1; 
tread
'Tree with tags' 
(0 (1 ((2 3 )(4 (5 (((6 7 )(11 ((12 13 )((14 (21 ((22 (23 (24 25 )))((26 27 )(28 ((29 (30 31 ))(((((32 (33 34 ))(35 36 ))(37 (38 39 )))(41 (40 (42 43 ))))(44 (45 (46 47 ))))))))))((16 (15 17 ))(18 (19 20 )))))))(9 (8 10 )))))))); 
ttag *!; 
ttag +0 ////; 
ttag +1 ////; 
ttag +2 ////; 
ttag +3 ////; 
ttag +4 ////; 
ttag +5 ////; 
ttag +6 ////; 
ttag +7 ////; 
ttag +8 ////; 
ttag +9 ////; 
ttag +10 ////; 
ttag +11 ////; 
ttag +12 ////; 
ttag +13 ////; 
ttag +14 ////; 
ttag +15 ////; 
ttag +16 ////; 
ttag +17 ////; 
ttag +18 ////; 
ttag +19 ////; 
ttag +20 ////; 
ttag +21 ////; 
ttag +22 ////; 
ttag +23 ////; 
ttag +24 ////; 
ttag +25 ////; 
ttag +26 ////; 
ttag +27 ////; 
ttag +28 ////; 
ttag +29 ////; 
ttag +30 ////; 
ttag +31 ////; 
ttag +32 ////; 
ttag +33 ////; 
ttag +34 ////; 
ttag +35 ////; 
ttag +36 ////; 
ttag +37 ////; 
ttag +38 ////; 
ttag +39 ////; 
ttag +40 ////; 
ttag +41 ////; 
ttag +42 ////; 
ttag +43 ////; 
ttag +44 ////; 
ttag +45 ////; 
ttag +46 ////; 
ttag +47 ////; 
ttag +48 ////; 
ttag +49 100/100/100/100/100; 
ttag +50 82/75/68/75/66; 
ttag +51 46/2/15/23/10; 
ttag +52 87/84/77/88/78; 
ttag +53 74/68/53/76/52; 
ttag +54 33/0/3/?/6; 
ttag +55 10/[23]/?/?/?; 
ttag +56 43/26/18/26/23; 
ttag +57 32/3/1/?/?; 
ttag +58 99/99/98/100/99; 
ttag +59 14/[2]/?/?/?; 
ttag +60 74/69/63/77/67; 
ttag +61 21/11/6/2/7; 
ttag +62 27/16/0/11/?; 
ttag +63 19/12/8/14/11; 
ttag +64 62/39/29/41/31; 
ttag +65 98/98/96/98/94; 
ttag +66 59/50/34/50/38; 
ttag +67 96/96/92/93/94; 
ttag +68 100/100/99/100/99; 
ttag +69 50/43/25/50/38; 
ttag +70 63/55/48/57/40; 
ttag +71 57/42/24/46/34; 
ttag +72 97/96/87/98/88; 
ttag +73 98/98/94/98/91; 
ttag +74 50/32/30/35/28; 
ttag +75 68/62/56/64/53; 
ttag +76 82/77/59/75/62; 
ttag +77 96/95/90/97/90; 
ttag +78 84/81/71/88/74; 
ttag +79 88/84/76/90/80; 
ttag +80 56/45/42/34/36; 
ttag +81 31/[2]/?/?/?; 
ttag +82 76/69/55/77/60; 
ttag +83 22/5/?/2/2; 
ttag +84 43/26/11/33/21; 
ttag +85 98/98/95/99/97; 
ttag +86 26/[6]/?/?/?; 
ttag +87 79/73/64/74/69; 
ttag +88 86/84/73/82/67; 
ttag +89 40/22/11/10/14; 
ttag +90 53/36/29/29/21; 
ttag +91 86/83/80/86/72; 
ttag +92 64/57/56/60/56; 
ttag +93 11/[12]/?/?/?; 
ttag +94 24/10/3/10/9; 
