tread
'Tree with tags' 
(0 (1 ((2 3 )(4 (5 (6 (7 (8 (9 10 )))(11 ((12 13 )(14 (21 (((16 (15 17 ))(18 (19 20 )))((22 (23 (24 25 )))(26 27 (28 (29 (30 31 ))(44 45 (32 33 34 (35 (36 (39 (37 38 )))))(40 (41 (42 43 )))(46 47 )))))))))))))))); 
ttag *!; 
ttag +49 ???; 
ttag +50 6; 
ttag +51 1; 
ttag +52 3; 
ttag +53 2; 
ttag +54 2; 
ttag +55 1; 
ttag +56 7; 
ttag +57 7; 
ttag +58 3; 
ttag +59 1; 
ttag +60 2; 
ttag +61 3; 
ttag +62 1; 
ttag +63 10; 
ttag +64 1; 
ttag +65 1; 
ttag +66 1; 
ttag +67 3; 
ttag +68 6; 
ttag +69 2; 
ttag +70 1; 
ttag +71 3; 
ttag +72 4; 
ttag +73 3; 
ttag +74 2; 
ttag +75 4; 
ttag +76 3; 
ttag +77 6; 
ttag +78 1; 
ttag +79 2; 
ttag +80 4; 
ttag +81 1; 
ttag +82 4; 
ttag +83 9; 
ttag +84 6; 
ttag +85 10; 
ttag +86 2; 
tread
'Tree with tags' 
(0 (1 ((2 3 )(4 (5 ((6 (11 ((12 13 )(14 (21 (((16 (15 17 ))(18 (19 20 )))((22 (23 (24 25 )))((26 27 )((28 (29 (30 31 )))(((44 (45 (32 (34 (33 (35 (36 (39 (37 38 )))))))))(46 47 ))(40 (41 (42 43 )))))))))))))(7 (8 (9 10 ))))))))); 
ttag *!; 
ttag +0 ////; 
ttag +1 ////; 
ttag +2 ////; 
ttag +3 ////; 
ttag +4 ////; 
ttag +5 ////; 
ttag +6 ////; 
ttag +7 ////; 
ttag +8 ////; 
ttag +9 ////; 
ttag +10 ////; 
ttag +11 ////; 
ttag +12 ////; 
ttag +13 ////; 
ttag +14 ////; 
ttag +15 ////; 
ttag +16 ////; 
ttag +17 ////; 
ttag +18 ////; 
ttag +19 ////; 
ttag +20 ////; 
ttag +21 ////; 
ttag +22 ////; 
ttag +23 ////; 
ttag +24 ////; 
ttag +25 ////; 
ttag +26 ////; 
ttag +27 ////; 
ttag +28 ////; 
ttag +29 ////; 
ttag +30 ////; 
ttag +31 ////; 
ttag +32 ////; 
ttag +33 ////; 
ttag +34 ////; 
ttag +35 ////; 
ttag +36 ////; 
ttag +37 ////; 
ttag +38 ////; 
ttag +39 ////; 
ttag +40 ////; 
ttag +41 ////; 
ttag +42 ////; 
ttag +43 ////; 
ttag +44 ////; 
ttag +45 ////; 
ttag +46 ////; 
ttag +47 ////; 
ttag +48 ////; 
ttag +49 100/100/100/100/100; 
ttag +50 98/98/100/98/96; 
ttag +51 42/15/20/34/28; 
ttag +52 46/30/28/48/34; 
ttag +53 46/31/25/46/24; 
ttag +54 11/[12]/?/?/?; 
ttag +55 49/33/32/52/34; 
ttag +56 58/44/40/52/29; 
ttag +57 99/99/100/100/98; 
ttag +58 99/99/98/100/100; 
ttag +59 57/49/33/61/44; 
ttag +60 20/4/5/4/2; 
ttag +61 57/51/30/60/44; 
ttag +62 40/34/21/42/26; 
ttag +63 47/11/?/12/2; 
ttag +64 99/99/97/100/96; 
ttag +65 35/7/?/6/0; 
ttag +66 18/[10]/?/?/?; 
ttag +67 15/[12]/?/?/?; 
ttag +68 88/85/82/86/78; 
ttag +69 99/99/98/100/98; 
ttag +70 60/48/50/56/38; 
ttag +71 35/23/24/29/27; 
ttag +72 89/84/81/91/86; 
ttag +73 92/89/88/92/85; 
ttag +74 32/[9]/?/10/?; 
ttag +75 81/75/67/75/68; 
ttag +76 25/[9]/?/?/?; 
ttag +77 78/74/58/78/64; 
ttag +78 95/94/90/91/83; 
ttag +79 87/82/76/79/77; 
ttag +80 96/95/87/96/91; 
ttag +81 40/16/14/24/5; 
ttag +82 24/1/?/4/?; 
ttag +83 37/20/8/22/4; 
ttag +84 60/50/38/47/36; 
ttag +85 12/[5]/?/?/?; 
ttag +86 28/8/?/6/4; 
ttag +87 64/60/56/69/54; 
ttag +88 93/90/89/96/87; 
ttag +89 68/55/50/54/60; 
ttag +90 87/80/68/84/75; 
ttag +91 99/98/97/98/94; 
ttag +92 96/95/86/92/88; 
ttag +93 100/100/100/100/99; 
ttag +94 67/63/59/64/54; 
