tread
'Tree with tags' 
(0 (1 ((2 3 )(6 7 12 13 14 21 (4 5 )(11 (8 (9 10 )))(15 16 17 )(18 (19 20 ))((22 (23 (24 25 )))(26 (27 ((28 (31 (29 30 )))((32 ((33 34 )(35 (36 (37 (38 39 ))))))((40 (41 (42 43 )))(45 (46 (44 47 ))))))))))))); 
ttag *!; 
ttag +49 ???; 
ttag +50 7; 
ttag +51 5; 
ttag +52 1; 
ttag +53 8; 
ttag +54 10; 
ttag +55 1; 
ttag +56 1; 
ttag +57 4; 
ttag +58 5; 
ttag +59 10; 
ttag +60 1; 
ttag +61 1; 
ttag +62 1; 
ttag +63 8; 
ttag +64 5; 
ttag +65 3; 
ttag +66 1; 
ttag +67 4; 
ttag +68 1; 
ttag +69 6; 
ttag +70 5; 
ttag +71 2; 
ttag +72 2; 
ttag +73 1; 
ttag +74 2; 
ttag +75 2; 
ttag +76 4; 
ttag +77 2; 
ttag +78 7; 
ttag +79 5; 
ttag +80 3; 
ttag +81 8; 
ttag +82 1; 
ttag +83 1; 
ttag +84 5; 
tread
'Tree with tags' 
(0 (1 ((2 3 )(6 (7 (((4 5 )(12 ((13 (14 21 ))(((15 (16 17 ))(18 (19 20 )))((22 (23 (24 25 )))(26 (27 ((28 (31 (29 30 )))((32 ((33 34 )(35 (36 (37 (38 39 ))))))((40 (41 (42 43 )))(45 (46 (44 47 )))))))))))))(11 (8 (9 10 ))))))))); 
ttag *!; 
ttag +0 ////; 
ttag +1 ////; 
ttag +2 ////; 
ttag +3 ////; 
ttag +4 ////; 
ttag +5 ////; 
ttag +6 ////; 
ttag +7 ////; 
ttag +8 ////; 
ttag +9 ////; 
ttag +10 ////; 
ttag +11 ////; 
ttag +12 ////; 
ttag +13 ////; 
ttag +14 ////; 
ttag +15 ////; 
ttag +16 ////; 
ttag +17 ////; 
ttag +18 ////; 
ttag +19 ////; 
ttag +20 ////; 
ttag +21 ////; 
ttag +22 ////; 
ttag +23 ////; 
ttag +24 ////; 
ttag +25 ////; 
ttag +26 ////; 
ttag +27 ////; 
ttag +28 ////; 
ttag +29 ////; 
ttag +30 ////; 
ttag +31 ////; 
ttag +32 ////; 
ttag +33 ////; 
ttag +34 ////; 
ttag +35 ////; 
ttag +36 ////; 
ttag +37 ////; 
ttag +38 ////; 
ttag +39 ////; 
ttag +40 ////; 
ttag +41 ////; 
ttag +42 ////; 
ttag +43 ////; 
ttag +44 ////; 
ttag +45 ////; 
ttag +46 ////; 
ttag +47 ////; 
ttag +48 ////; 
ttag +49 100/100/100/100/100; 
ttag +50 98/98/98/99/97; 
ttag +51 92/88/82/87/86; 
ttag +52 16/[5]/?/?/?; 
ttag +53 4/[22]/?/?/?; 
ttag +54 11/[16]/?/?/?; 
ttag +55 10/[20]/?/?/?; 
ttag +56 92/89/85/92/83; 
ttag +57 99/99/99/98/98; 
ttag +58 32/5/12/16/3; 
ttag +59 51/37/34/42/44; 
ttag +60 12/[7]/?/?/?; 
ttag +61 5/[15]/?/?/?; 
ttag +62 9/[10]/?/?/?; 
ttag +63 10/[10]/?/?/?; 
ttag +64 96/96/93/97/92; 
ttag +65 48/40/34/44/34; 
ttag +66 13/[7]/?/?/?; 
ttag +67 17/[13]/?/?/?; 
ttag +68 92/88/84/91/86; 
ttag +69 100/100/99/100/100; 
ttag +70 58/46/20/44/20; 
ttag +71 40/27/17/20/19; 
ttag +72 74/66/61/74/59; 
ttag +73 98/98/97/98/97; 
ttag +74 86/84/75/93/80; 
ttag +75 64/46/35/53/40; 
ttag +76 24/10/?/13/10; 
ttag +77 79/76/65/80/72; 
ttag +78 40/[5]/?/3/?; 
ttag +79 97/95/92/96/91; 
ttag +80 83/81/74/85/74; 
ttag +81 50/37/22/37/31; 
ttag +82 64/58/45/50/38; 
ttag +83 36/26/25/22/12; 
ttag +84 42/23/20/34/30; 
ttag +85 58/53/39/56/38; 
ttag +86 84/77/61/78/58; 
ttag +87 70/65/53/72/60; 
ttag +88 92/91/89/96/85; 
ttag +89 68/62/46/72/53; 
ttag +90 75/69/72/81/63; 
ttag +91 99/99/96/100/98; 
ttag +92 49/30/25/40/28; 
ttag +93 33/8/4/18/2; 
ttag +94 86/82/73/87/84; 
