tread
'Tree with tags' 
(0 (1 ((2 3 )(4 (5 (7 (6 (8 (9 10 ))))(11 12 13 14 21 (17 (15 16 ))(18 (19 20 ))((22 (23 (24 25 )))(26 (27 ((28 (40 (41 (42 43 ))))((29 (30 31 ))(((32 ((35 36 )(38 (37 39 ))))(33 34 ))(47 (46 (44 45 ))))))))))))))); 
ttag *!; 
ttag +49 ???; 
ttag +50 4; 
ttag +51 1; 
ttag +52 2; 
ttag +53 1; 
ttag +54 1; 
ttag +55 1; 
ttag +56 8; 
ttag +57 2; 
ttag +58 2; 
ttag +59 1; 
ttag +60 4; 
ttag +61 7; 
ttag +62 5; 
ttag +63 5; 
ttag +64 4; 
ttag +65 8; 
ttag +66 2; 
ttag +67 3; 
ttag +68 1; 
ttag +69 2; 
ttag +70 3; 
ttag +71 4; 
ttag +72 2; 
ttag +73 3; 
ttag +74 3; 
ttag +75 9; 
ttag +76 2; 
ttag +77 5; 
ttag +78 2; 
ttag +79 4; 
ttag +80 1; 
ttag +81 5; 
ttag +82 9; 
ttag +83 2; 
ttag +84 13; 
ttag +85 1; 
ttag +86 1; 
ttag +87 2; 
tread
'Tree with tags' 
(0 (1 ((2 3 )(4 ((5 (7 (6 (8 (9 10 )))))(12 (13 ((14 (21 ((11 (17 (15 16 )))(18 (19 20 )))))((22 (23 (24 25 )))(26 (27 ((28 (40 (41 (42 43 ))))((29 (30 31 ))(((32 ((35 36 )(38 (37 39 ))))(33 34 ))(47 (46 (44 45 ))))))))))))))))); 
ttag *!; 
ttag +0 ////; 
ttag +1 ////; 
ttag +2 ////; 
ttag +3 ////; 
ttag +4 ////; 
ttag +5 ////; 
ttag +6 ////; 
ttag +7 ////; 
ttag +8 ////; 
ttag +9 ////; 
ttag +10 ////; 
ttag +11 ////; 
ttag +12 ////; 
ttag +13 ////; 
ttag +14 ////; 
ttag +15 ////; 
ttag +16 ////; 
ttag +17 ////; 
ttag +18 ////; 
ttag +19 ////; 
ttag +20 ////; 
ttag +21 ////; 
ttag +22 ////; 
ttag +23 ////; 
ttag +24 ////; 
ttag +25 ////; 
ttag +26 ////; 
ttag +27 ////; 
ttag +28 ////; 
ttag +29 ////; 
ttag +30 ////; 
ttag +31 ////; 
ttag +32 ////; 
ttag +33 ////; 
ttag +34 ////; 
ttag +35 ////; 
ttag +36 ////; 
ttag +37 ////; 
ttag +38 ////; 
ttag +39 ////; 
ttag +40 ////; 
ttag +41 ////; 
ttag +42 ////; 
ttag +43 ////; 
ttag +44 ////; 
ttag +45 ////; 
ttag +46 ////; 
ttag +47 ////; 
ttag +48 ////; 
ttag +49 100/100/100/100/100; 
ttag +50 93/89/80/91/81; 
ttag +51 68/48/48/48/45; 
ttag +52 61/42/38/46/30; 
ttag +53 22/[5]/?/?/?; 
ttag +54 56/50/42/53/39; 
ttag +55 38/32/16/29/16; 
ttag +56 58/54/41/50/44; 
ttag +57 99/99/96/100/98; 
ttag +58 74/59/48/64/56; 
ttag +59 33/0/?/?/4; 
ttag +60 24/[7]/?/?/?; 
ttag +61 8/[24]/?/?/?; 
ttag +62 10/[21]/?/?/?; 
ttag +63 36/4/11/3/16; 
ttag +64 15/[44]/?/?/?; 
ttag +65 64/60/50/58/58; 
ttag +66 71/54/52/56/48; 
ttag +67 98/97/94/96/92; 
ttag +68 99/99/98/98/97; 
ttag +69 99/99/96/98/98; 
ttag +70 78/71/52/76/62; 
ttag +71 78/72/60/72/61; 
ttag +72 100/100/98/100/97; 
ttag +73 86/82/76/78/69; 
ttag +74 70/59/43/56/37; 
ttag +75 46/35/18/29/18; 
ttag +76 5/[30]/?/?/?; 
ttag +77 61/50/31/49/30; 
ttag +78 75/68/60/73/72; 
ttag +79 18/[7]/?/6/?; 
ttag +80 86/82/76/81/78; 
ttag +81 63/55/51/64/42; 
ttag +82 99/98/96/99/91; 
ttag +83 22/1/?/2/?; 
ttag +84 93/90/82/90/80; 
ttag +85 68/55/41/61/38; 
ttag +86 76/72/60/82/51; 
ttag +87 61/47/46/49/43; 
ttag +88 94/93/86/96/84; 
ttag +89 98/98/94/98/92; 
ttag +90 67/53/54/68/58; 
ttag +91 100/100/100/100/100; 
ttag +92 48/28/14/30/31; 
ttag +93 44/34/36/34/28; 
ttag +94 52/41/38/42/34; 
