tread
'Tree with tags' 
(0 (1 ((2 3 )(4 5 11 (6 (7 (8 (9 10 ))))(12 13 )(14 ((15 (16 17 ))(18 (19 20 )))(21 22 (23 (24 25 ))(26 (27 (28 ((29 (30 31 ))((32 ((33 34 )(35 (36 (38 (37 39 ))))))(44 45 46 47 ))(40 (41 (42 43 ))))))))))))); 
ttag *!; 
ttag +49 ???; 
ttag +50 5; 
ttag +51 5; 
ttag +52 3; 
ttag +53 1; 
ttag +54 2; 
ttag +55 5; 
ttag +56 1; 
ttag +57 3; 
ttag +58 4; 
ttag +59 8; 
ttag +60 3; 
ttag +61 4; 
ttag +62 6; 
ttag +63 7; 
ttag +64 1; 
ttag +65 2; 
ttag +66 6; 
ttag +67 2; 
ttag +68 4; 
ttag +69 4; 
ttag +70 4; 
ttag +71 3; 
ttag +72 5; 
ttag +73 4; 
ttag +74 2; 
ttag +75 4; 
ttag +76 3; 
ttag +77 2; 
ttag +78 6; 
ttag +79 1; 
ttag +80 3; 
ttag +81 6; 
ttag +82 1; 
ttag +83 3; 
ttag +84 1; 
tread
'Tree with tags' 
(0 (1 ((2 3 )(11 (((4 5 )((12 13 )((14 ((15 (16 17 ))(18 (19 20 ))))(21 ((22 (26 (27 (28 ((29 (30 31 ))(((32 ((33 34 )(35 (36 (38 (37 39 ))))))(45 (44 (46 47 ))))(40 (41 (42 43 )))))))))(23 (24 25 )))))))(6 (7 (8 (9 10 ))))))))); 
ttag *!; 
ttag +0 ////; 
ttag +1 ////; 
ttag +2 ////; 
ttag +3 ////; 
ttag +4 ////; 
ttag +5 ////; 
ttag +6 ////; 
ttag +7 ////; 
ttag +8 ////; 
ttag +9 ////; 
ttag +10 ////; 
ttag +11 ////; 
ttag +12 ////; 
ttag +13 ////; 
ttag +14 ////; 
ttag +15 ////; 
ttag +16 ////; 
ttag +17 ////; 
ttag +18 ////; 
ttag +19 ////; 
ttag +20 ////; 
ttag +21 ////; 
ttag +22 ////; 
ttag +23 ////; 
ttag +24 ////; 
ttag +25 ////; 
ttag +26 ////; 
ttag +27 ////; 
ttag +28 ////; 
ttag +29 ////; 
ttag +30 ////; 
ttag +31 ////; 
ttag +32 ////; 
ttag +33 ////; 
ttag +34 ////; 
ttag +35 ////; 
ttag +36 ////; 
ttag +37 ////; 
ttag +38 ////; 
ttag +39 ////; 
ttag +40 ////; 
ttag +41 ////; 
ttag +42 ////; 
ttag +43 ////; 
ttag +44 ////; 
ttag +45 ////; 
ttag +46 ////; 
ttag +47 ////; 
ttag +48 ////; 
ttag +49 100/100/100/100/100; 
ttag +50 95/93/88/94/85; 
ttag +51 88/83/75/90/75; 
ttag +52 33/12/11/4/14; 
ttag +53 6/[20]/?/?/?; 
ttag +54 24/[2]/?/2/3; 
ttag +55 71/66/58/70/62; 
ttag +56 41/29/29/32/30; 
ttag +57 68/63/57/61/55; 
ttag +58 92/91/89/96/86; 
ttag +59 58/56/49/56/51; 
ttag +60 83/81/71/81/70; 
ttag +61 48/43/36/48/39; 
ttag +62 17/[5]/?/?/6; 
ttag +63 81/77/66/77/66; 
ttag +64 98/97/94/99/96; 
ttag +65 79/76/52/70/55; 
ttag +66 86/78/63/83/66; 
ttag +67 99/99/98/99/96; 
ttag +68 99/99/98/100/98; 
ttag +69 46/40/28/36/34; 
ttag +70 9/[4]/?/?/0; 
ttag +71 30/16/16/18/19; 
ttag +72 70/60/54/67/58; 
ttag +73 100/100/99/99/98; 
ttag +74 76/71/56/74/59; 
ttag +75 90/86/69/88/74; 
ttag +76 92/91/76/88/76; 
ttag +77 89/87/74/90/81; 
ttag +78 76/71/50/78/60; 
ttag +79 96/94/90/96/89; 
ttag +80 77/64/55/76/64; 
ttag +81 57/45/31/48/26; 
ttag +82 51/31/33/28/31; 
ttag +83 87/84/73/83/78; 
ttag +84 69/64/52/68/63; 
ttag +85 74/65/52/64/60; 
ttag +86 98/98/91/96/92; 
ttag +87 58/38/25/29/25; 
ttag +88 86/80/73/84/80; 
ttag +89 96/95/84/92/84; 
ttag +90 66/50/49/51/48; 
ttag +91 82/78/73/80/71; 
ttag +92 21/[40]/?/?/?; 
ttag +93 54/32/21/39/31; 
ttag +94 20/[41]/?/?/?; 
