tread
'Tree with tags' 
(0 (1 ((2 3 )(13 (6 7 11 (4 5 )(8 (9 10 ))(12 21 (14 ((15 (16 17 ))(18 (19 20 ))))((22 (23 (24 25 )))(26 (27 28 ((30 (29 31 ))((32 (35 (36 (37 (38 39 )))))(33 34 ))(40 41 (42 43 ))(44 45 46 47 ))))))))))); 
ttag *!; 
ttag +49 ???; 
ttag +50 9; 
ttag +51 9; 
ttag +52 1; 
ttag +53 2; 
ttag +54 10; 
ttag +55 6; 
ttag +56 1; 
ttag +57 2; 
ttag +58 2; 
ttag +59 6; 
ttag +60 1; 
ttag +61 2; 
ttag +62 2; 
ttag +63 8; 
ttag +64 1; 
ttag +65 5; 
ttag +66 3; 
ttag +67 8; 
ttag +68 1; 
ttag +69 1; 
ttag +70 2; 
ttag +71 3; 
ttag +72 3; 
ttag +73 2; 
ttag +74 3; 
ttag +75 4; 
ttag +76 5; 
ttag +77 3; 
ttag +78 8; 
ttag +79 4; 
ttag +80 5; 
ttag +81 6; 
ttag +82 2; 
tread
'Tree with tags' 
(0 (1 ((2 3 )(13 (11 (6 (((4 5 )((12 21 )((14 ((15 (16 17 ))(18 (19 20 ))))((22 (23 (24 25 )))(26 ((27 28 )((30 (29 31 ))(((32 (35 (36 (37 (38 39 )))))(33 34 ))((40 (41 (42 43 )))(47 (46 (44 45 ))))))))))))(7 (8 (9 10 )))))))))); 
ttag *!; 
ttag +0 ////; 
ttag +1 ////; 
ttag +2 ////; 
ttag +3 ////; 
ttag +4 ////; 
ttag +5 ////; 
ttag +6 ////; 
ttag +7 ////; 
ttag +8 ////; 
ttag +9 ////; 
ttag +10 ////; 
ttag +11 ////; 
ttag +12 ////; 
ttag +13 ////; 
ttag +14 ////; 
ttag +15 ////; 
ttag +16 ////; 
ttag +17 ////; 
ttag +18 ////; 
ttag +19 ////; 
ttag +20 ////; 
ttag +21 ////; 
ttag +22 ////; 
ttag +23 ////; 
ttag +24 ////; 
ttag +25 ////; 
ttag +26 ////; 
ttag +27 ////; 
ttag +28 ////; 
ttag +29 ////; 
ttag +30 ////; 
ttag +31 ////; 
ttag +32 ////; 
ttag +33 ////; 
ttag +34 ////; 
ttag +35 ////; 
ttag +36 ////; 
ttag +37 ////; 
ttag +38 ////; 
ttag +39 ////; 
ttag +40 ////; 
ttag +41 ////; 
ttag +42 ////; 
ttag +43 ////; 
ttag +44 ////; 
ttag +45 ////; 
ttag +46 ////; 
ttag +47 ////; 
ttag +48 ////; 
ttag +49 100/100/100/100/100; 
ttag +50 100/100/99/100/100; 
ttag +51 100/100/99/100/98; 
ttag +52 57/46/40/46/48; 
ttag +53 4/[22]/?/?/?; 
ttag +54 4/[22]/?/?/?; 
ttag +55 9/[26]/?/?/?; 
ttag +56 34/8/?/?/?; 
ttag +57 100/100/99/100/99; 
ttag +58 3/[10]/?/?/?; 
ttag +59 97/97/93/99/94; 
ttag +60 62/44/28/44/43; 
ttag +61 20/[4]/0/9/6; 
ttag +62 31/17/4/12/5; 
ttag +63 51/42/19/34/30; 
ttag +64 13/[10]/?/?/?; 
ttag +65 95/94/91/98/93; 
ttag +66 42/34/12/24/14; 
ttag +67 73/59/51/60/46; 
ttag +68 65/56/38/49/52; 
ttag +69 100/100/100/100/100; 
ttag +70 64/51/47/64/46; 
ttag +71 84/81/70/84/67; 
ttag +72 88/84/72/88/72; 
ttag +73 100/100/98/100/99; 
ttag +74 53/39/40/37/38; 
ttag +75 4/[49]/?/?/?; 
ttag +76 50/37/28/32/36; 
ttag +77 80/76/74/81/71; 
ttag +78 88/86/78/91/80; 
ttag +79 86/83/72/86/71; 
ttag +80 60/49/36/57/40; 
ttag +81 75/71/70/73/66; 
ttag +82 39/12/6/2/0; 
ttag +83 92/90/85/88/80; 
ttag +84 99/99/96/99/96; 
ttag +85 96/96/88/91/94; 
ttag +86 99/99/97/100/97; 
ttag +87 99/99/97/97/97; 
ttag +88 97/96/88/95/86; 
ttag +89 47/38/38/33/41; 
ttag +90 40/11/6/25/12; 
ttag +91 100/100/99/99/97; 
ttag +92 36/16/14/18/9; 
ttag +93 47/26/22/15/28; 
ttag +94 78/71/64/76/70; 
