tread
'Tree with tags' 
(0 (1 (2 3 )(4 5 ((6 7 )(11 ((12 13 )(((14 (15 16 17 ))(18 (19 20 )))((21 (26 (27 (28 ((29 (30 31 ))((35 36 (32 33 34 )(38 (37 39 )))(40 41 (42 43 ))(46 (47 (44 45 )))))))))(22 (23 (24 25 ))))))))(8 9 10 )))); 
ttag *!; 
ttag +49 ???; 
ttag +50 6; 
ttag +51 5; 
ttag +52 1; 
ttag +53 1; 
ttag +54 4; 
ttag +55 2; 
ttag +56 4; 
ttag +57 1; 
ttag +58 1; 
ttag +59 1; 
ttag +60 3; 
ttag +61 6; 
ttag +62 7; 
ttag +63 17; 
ttag +64 1; 
ttag +65 4; 
ttag +66 3; 
ttag +67 5; 
ttag +68 5; 
ttag +69 3; 
ttag +70 2; 
ttag +71 3; 
ttag +72 5; 
ttag +73 6; 
ttag +74 3; 
ttag +75 1; 
ttag +76 7; 
ttag +77 1; 
ttag +78 3; 
ttag +79 3; 
ttag +80 5; 
ttag +81 2; 
ttag +82 1; 
ttag +83 1; 
ttag +84 2; 
tread
'Tree with tags' 
(0 ((1 (2 3 ))((5 (4 ((6 7 )(11 ((12 13 )(((14 (15 (16 17 )))(18 (19 20 )))((21 (26 (27 (28 ((29 (30 31 ))((((32 (33 34 ))(35 (36 (38 (37 39 )))))(40 (41 (42 43 ))))(46 (47 (44 45 )))))))))(22 (23 (24 25 ))))))))))(8 (9 10 ))))); 
ttag *!; 
ttag +0 ////; 
ttag +1 ////; 
ttag +2 ////; 
ttag +3 ////; 
ttag +4 ////; 
ttag +5 ////; 
ttag +6 ////; 
ttag +7 ////; 
ttag +8 ////; 
ttag +9 ////; 
ttag +10 ////; 
ttag +11 ////; 
ttag +12 ////; 
ttag +13 ////; 
ttag +14 ////; 
ttag +15 ////; 
ttag +16 ////; 
ttag +17 ////; 
ttag +18 ////; 
ttag +19 ////; 
ttag +20 ////; 
ttag +21 ////; 
ttag +22 ////; 
ttag +23 ////; 
ttag +24 ////; 
ttag +25 ////; 
ttag +26 ////; 
ttag +27 ////; 
ttag +28 ////; 
ttag +29 ////; 
ttag +30 ////; 
ttag +31 ////; 
ttag +32 ////; 
ttag +33 ////; 
ttag +34 ////; 
ttag +35 ////; 
ttag +36 ////; 
ttag +37 ////; 
ttag +38 ////; 
ttag +39 ////; 
ttag +40 ////; 
ttag +41 ////; 
ttag +42 ////; 
ttag +43 ////; 
ttag +44 ////; 
ttag +45 ////; 
ttag +46 ////; 
ttag +47 ////; 
ttag +48 ////; 
ttag +49 40/2/6/10/9; 
ttag +50 100/100/100/100/100; 
ttag +51 97/95/94/96/90; 
ttag +52 12/[3]/?/?/?; 
ttag +53 37/21/10/25/18; 
ttag +54 80/73/67/76/69; 
ttag +55 40/30/26/25/26; 
ttag +56 8/[8]/?/?/?; 
ttag +57 93/92/89/95/92; 
ttag +58 26/0/?/?/?; 
ttag +59 17/1/?/9/0; 
ttag +60 91/90/87/91/87; 
ttag +61 9/[6]/?/?/?; 
ttag +62 33/16/11/24/10; 
ttag +63 15/[6]/?/?/?; 
ttag +64 24/8/2/16/8; 
ttag +65 95/93/83/95/87; 
ttag +66 21/[36]/?/?/?; 
ttag +67 93/91/85/93/81; 
ttag +68 100/100/100/100/100; 
ttag +69 20/[43]/?/?/?; 
ttag +70 58/36/32/39/38; 
ttag +71 74/58/48/60/39; 
ttag +72 95/93/92/98/92; 
ttag +73 97/96/88/95/84; 
ttag +74 82/71/64/77/69; 
ttag +75 34/[6]/?/8/?; 
ttag +76 74/67/55/64/48; 
ttag +77 92/89/82/91/82; 
ttag +78 96/94/86/92/87; 
ttag +79 95/94/82/91/82; 
ttag +80 60/41/30/40/30; 
ttag +81 99/98/97/99/96; 
ttag +82 40/26/19/20/22; 
ttag +83 42/22/15/19/18; 
ttag +84 11/[34]/?/?/?; 
ttag +85 33/14/19/7/16; 
ttag +86 43/28/31/26/22; 
ttag +87 97/97/98/96/97; 
ttag +88 90/86/74/86/78; 
ttag +89 96/94/88/97/92; 
ttag +90 30/[12]/?/?/?; 
ttag +91 88/84/77/91/75; 
ttag +92 70/63/49/56/47; 
ttag +93 58/49/38/52/38; 
ttag +94 90/88/78/85/82; 
