tread
'Tree with tags' 
(0 (1 ((2 3 )(4 ((12 ((5 (6 (7 (8 (9 10 )))))(11 (13 ((21 (14 (18 (19 20 ))))(26 (27 (28 (((29 (30 31 ))(((32 (35 (36 (37 38 39 ))))(33 34 ))((44 45 )(46 47 ))))(41 (40 (42 43 ))))))))))))((15 (16 17 ))(22 (23 (24 25 ))))))))); 
ttag *!; 
ttag +49 ???; 
ttag +50 5; 
ttag +51 1; 
ttag +52 2; 
ttag +53 1; 
ttag +54 2; 
ttag +55 2; 
ttag +56 3; 
ttag +57 4; 
ttag +58 1; 
ttag +59 10; 
ttag +60 1; 
ttag +61 2; 
ttag +62 2; 
ttag +63 3; 
ttag +64 2; 
ttag +65 2; 
ttag +66 6; 
ttag +67 2; 
ttag +68 2; 
ttag +69 4; 
ttag +70 9; 
ttag +71 2; 
ttag +72 8; 
ttag +73 4; 
ttag +74 5; 
ttag +75 4; 
ttag +76 3; 
ttag +77 4; 
ttag +78 1; 
ttag +79 4; 
ttag +80 8; 
ttag +81 2; 
ttag +82 2; 
ttag +83 1; 
ttag +84 2; 
ttag +85 2; 
ttag +86 3; 
ttag +87 5; 
ttag +88 1; 
ttag +89 5; 
ttag +90 5; 
ttag +91 1; 
ttag +92 3; 
ttag +93 1; 
tread
'Tree with tags' 
(0 (1 ((2 3 )(4 ((12 ((5 (6 (7 (8 (9 10 )))))(11 (13 ((21 (14 (18 (19 20 ))))(26 (27 (28 (((29 (30 31 ))(((32 (35 (36 (39 (37 38 )))))(33 34 ))((44 45 )(46 47 ))))(41 (40 (42 43 ))))))))))))((15 (16 17 ))(22 (23 (24 25 ))))))))); 
ttag *!; 
ttag +0 ////; 
ttag +1 ////; 
ttag +2 ////; 
ttag +3 ////; 
ttag +4 ////; 
ttag +5 ////; 
ttag +6 ////; 
ttag +7 ////; 
ttag +8 ////; 
ttag +9 ////; 
ttag +10 ////; 
ttag +11 ////; 
ttag +12 ////; 
ttag +13 ////; 
ttag +14 ////; 
ttag +15 ////; 
ttag +16 ////; 
ttag +17 ////; 
ttag +18 ////; 
ttag +19 ////; 
ttag +20 ////; 
ttag +21 ////; 
ttag +22 ////; 
ttag +23 ////; 
ttag +24 ////; 
ttag +25 ////; 
ttag +26 ////; 
ttag +27 ////; 
ttag +28 ////; 
ttag +29 ////; 
ttag +30 ////; 
ttag +31 ////; 
ttag +32 ////; 
ttag +33 ////; 
ttag +34 ////; 
ttag +35 ////; 
ttag +36 ////; 
ttag +37 ////; 
ttag +38 ////; 
ttag +39 ////; 
ttag +40 ////; 
ttag +41 ////; 
ttag +42 ////; 
ttag +43 ////; 
ttag +44 ////; 
ttag +45 ////; 
ttag +46 ////; 
ttag +47 ////; 
ttag +48 ////; 
ttag +49 100/100/100/100/100; 
ttag +50 95/94/88/93/85; 
ttag +51 64/41/40/48/47; 
ttag +52 80/77/69/87/70; 
ttag +53 24/9/6/13/7; 
ttag +54 5/[29]/?/?/?; 
ttag +55 6/[28]/?/?/?; 
ttag +56 71/66/49/63/48; 
ttag +57 73/68/54/62/45; 
ttag +58 40/19/23/19/11; 
ttag +59 99/99/98/98/98; 
ttag +60 59/41/27/34/20; 
ttag +61 4/[30]/?/?/?; 
ttag +62 6/[29]/?/?/?; 
ttag +63 41/18/15/35/14; 
ttag +64 22/[1]/?/12/?; 
ttag +65 6/[28]/?/?/?; 
ttag +66 97/96/94/98/93; 
ttag +67 16/[19]/?/?/?; 
ttag +68 59/30/31/35/15; 
ttag +69 84/74/80/82/73; 
ttag +70 100/100/100/100/99; 
ttag +71 67/50/47/60/46; 
ttag +72 99/99/99/100/97; 
ttag +73 95/92/84/96/88; 
ttag +74 70/66/54/78/54; 
ttag +75 38/19/6/24/?; 
ttag +76 45/31/6/28/2; 
ttag +77 84/80/77/90/78; 
ttag +78 24/9/9/6/7; 
ttag +79 68/66/48/62/53; 
ttag +80 98/98/98/99/98; 
ttag +81 74/68/54/61/56; 
ttag +82 44/28/24/33/28; 
ttag +83 21/6/1/6/4; 
ttag +84 72/66/57/74/58; 
ttag +85 76/71/63/80/53; 
ttag +86 90/87/82/88/80; 
ttag +87 34/[10]/?/?/?; 
ttag +88 99/99/94/98/94; 
ttag +89 23/[22]/?/?/?; 
ttag +90 93/92/86/94/87; 
ttag +91 95/93/84/88/85; 
ttag +92 43/30/17/24/24; 
ttag +93 60/52/41/57/36; 
ttag +94 30/11/7/10/10; 
