tread
'Tree with tags' 
(0 (1 ((2 3 )(4 (5 ((6 7 )(8 (9 10 ))(11 ((12 13 )(((14 (15 16 17 ))(18 (19 20 )))(21 (22 (23 (24 25 ))(26 (27 28 ((29 (30 31 ))((32 ((33 34 )(35 (36 (37 38 39 )))))((40 (41 (42 43 )))(47 (44 45 46 )))))))))))))))))); 
ttag *!; 
ttag +49 ???; 
ttag +50 5; 
ttag +51 4; 
ttag +52 8; 
ttag +53 3; 
ttag +54 2; 
ttag +55 2; 
ttag +56 11; 
ttag +57 2; 
ttag +58 1; 
ttag +59 2; 
ttag +60 1; 
ttag +61 1; 
ttag +62 1; 
ttag +63 5; 
ttag +64 4; 
ttag +65 3; 
ttag +66 8; 
ttag +67 2; 
ttag +68 3; 
ttag +69 2; 
ttag +70 4; 
ttag +71 3; 
ttag +72 5; 
ttag +73 4; 
ttag +74 1; 
ttag +75 2; 
ttag +76 4; 
ttag +77 4; 
ttag +78 5; 
ttag +79 5; 
ttag +80 2; 
ttag +81 2; 
ttag +82 7; 
ttag +83 8; 
ttag +84 1; 
ttag +85 1; 
ttag +86 6; 
ttag +87 1; 
ttag +88 4; 
tread
'Tree with tags' 
(0 (1 ((2 3 )(4 (5 (((6 7 )(11 ((12 13 )(((14 (16 (15 17 )))(18 (19 20 )))(21 ((22 (23 (24 25 )))(26 (27 (28 ((29 (30 31 ))((32 ((33 34 )(35 (36 (38 (37 39 ))))))((40 (41 (42 43 )))(47 (46 (44 45 )))))))))))))))(8 (9 10 )))))))); 
ttag *!; 
ttag +0 ////; 
ttag +1 ////; 
ttag +2 ////; 
ttag +3 ////; 
ttag +4 ////; 
ttag +5 ////; 
ttag +6 ////; 
ttag +7 ////; 
ttag +8 ////; 
ttag +9 ////; 
ttag +10 ////; 
ttag +11 ////; 
ttag +12 ////; 
ttag +13 ////; 
ttag +14 ////; 
ttag +15 ////; 
ttag +16 ////; 
ttag +17 ////; 
ttag +18 ////; 
ttag +19 ////; 
ttag +20 ////; 
ttag +21 ////; 
ttag +22 ////; 
ttag +23 ////; 
ttag +24 ////; 
ttag +25 ////; 
ttag +26 ////; 
ttag +27 ////; 
ttag +28 ////; 
ttag +29 ////; 
ttag +30 ////; 
ttag +31 ////; 
ttag +32 ////; 
ttag +33 ////; 
ttag +34 ////; 
ttag +35 ////; 
ttag +36 ////; 
ttag +37 ////; 
ttag +38 ////; 
ttag +39 ////; 
ttag +40 ////; 
ttag +41 ////; 
ttag +42 ////; 
ttag +43 ////; 
ttag +44 ////; 
ttag +45 ////; 
ttag +46 ////; 
ttag +47 ////; 
ttag +48 ////; 
ttag +49 100/100/100/100/100; 
ttag +50 99/99/96/98/96; 
ttag +51 95/94/86/95/88; 
ttag +52 94/91/87/99/90; 
ttag +53 69/65/53/76/60; 
ttag +54 72/70/56/62/53; 
ttag +55 14/[22]/?/?/?; 
ttag +56 53/48/35/56/42; 
ttag +57 96/94/96/100/92; 
ttag +58 72/63/52/69/54; 
ttag +59 39/33/18/32/23; 
ttag +60 74/66/51/70/49; 
ttag +61 51/45/24/49/30; 
ttag +62 40/25/23/34/20; 
ttag +63 33/19/12/25/9; 
ttag +64 78/75/53/79/57; 
ttag +65 15/[28]/?/?/?; 
ttag +66 93/92/85/95/84; 
ttag +67 85/82/69/87/72; 
ttag +68 100/100/100/98/99; 
ttag +69 63/59/40/55/41; 
ttag +70 52/40/24/45/32; 
ttag +71 74/69/53/64/49; 
ttag +72 80/66/65/69/57; 
ttag +73 94/93/84/94/88; 
ttag +74 79/77/62/80/69; 
ttag +75 87/85/74/92/76; 
ttag +76 44/29/32/14/25; 
ttag +77 92/91/78/90/76; 
ttag +78 60/49/32/50/43; 
ttag +79 73/62/60/75/63; 
ttag +80 61/54/44/61/36; 
ttag +81 58/49/43/62/49; 
ttag +82 93/93/78/94/81; 
ttag +83 80/77/58/78/59; 
ttag +84 62/54/47/66/60; 
ttag +85 65/49/43/57/41; 
ttag +86 40/6/?/7/13; 
ttag +87 96/95/95/98/97; 
ttag +88 99/99/92/98/96; 
ttag +89 33/24/21/28/18; 
ttag +90 42/23/25/30/26; 
ttag +91 99/99/91/96/94; 
ttag +92 22/11/16/8/14; 
ttag +93 22/5/4/8/?; 
ttag +94 83/81/74/80/74; 
