tread
'Tree with tags' 
(0 (1 2 3 (4 5 6 7 11 12 13 14 21 (8 9 10 )(15 16 17 (18 (19 20 )))((22 (23 (24 25 )))(26 27 28 ((29 (30 31 ))((32 ((33 34 )(35 (36 (37 (38 39 ))))))((40 (41 (42 43 )))(47 (46 (44 45 ))))))))))); 
ttag *!; 
ttag +49 ???; 
ttag +50 8; 
ttag +51 7; 
ttag +52 1; 
ttag +53 5; 
ttag +54 10; 
ttag +55 2; 
ttag +56 2; 
ttag +57 2; 
ttag +58 6; 
ttag +59 4; 
ttag +60 5; 
ttag +61 3; 
ttag +62 4; 
ttag +63 1; 
ttag +64 1; 
ttag +65 6; 
ttag +66 4; 
ttag +67 1; 
ttag +68 5; 
ttag +69 4; 
ttag +70 2; 
ttag +71 6; 
ttag +72 4; 
ttag +73 3; 
ttag +74 8; 
ttag +75 1; 
ttag +76 1; 
ttag +77 3; 
tread
'Tree with tags' 
(0 (1 (3 (2 ((6 (5 (4 ((7 11 )((12 13 )(21 (14 (((15 (16 17 ))(18 (19 20 )))((22 (23 (24 25 )))(26 (27 (28 ((29 (30 31 ))((32 ((33 34 )(35 (36 (37 (38 39 ))))))((40 (41 (42 43 )))(47 (46 (44 45 ))))))))))))))))))(9 (8 10 ))))))); 
ttag *!; 
ttag +0 ////; 
ttag +1 ////; 
ttag +2 ////; 
ttag +3 ////; 
ttag +4 ////; 
ttag +5 ////; 
ttag +6 ////; 
ttag +7 ////; 
ttag +8 ////; 
ttag +9 ////; 
ttag +10 ////; 
ttag +11 ////; 
ttag +12 ////; 
ttag +13 ////; 
ttag +14 ////; 
ttag +15 ////; 
ttag +16 ////; 
ttag +17 ////; 
ttag +18 ////; 
ttag +19 ////; 
ttag +20 ////; 
ttag +21 ////; 
ttag +22 ////; 
ttag +23 ////; 
ttag +24 ////; 
ttag +25 ////; 
ttag +26 ////; 
ttag +27 ////; 
ttag +28 ////; 
ttag +29 ////; 
ttag +30 ////; 
ttag +31 ////; 
ttag +32 ////; 
ttag +33 ////; 
ttag +34 ////; 
ttag +35 ////; 
ttag +36 ////; 
ttag +37 ////; 
ttag +38 ////; 
ttag +39 ////; 
ttag +40 ////; 
ttag +41 ////; 
ttag +42 ////; 
ttag +43 ////; 
ttag +44 ////; 
ttag +45 ////; 
ttag +46 ////; 
ttag +47 ////; 
ttag +48 ////; 
ttag +49 100/100/100/100/100; 
ttag +50 17/[49]/?/?/?; 
ttag +51 54/38/34/44/36; 
ttag +52 0/[25]/?/?/?; 
ttag +53 2/[23]/?/?/?; 
ttag +54 4/[21]/?/?/?; 
ttag +55 95/94/90/98/88; 
ttag +56 25/5/7/6/?; 
ttag +57 0/[21]/?/?/?; 
ttag +58 20/[39]/?/?/?; 
ttag +59 99/99/99/98/97; 
ttag +60 30/20/6/28/8; 
ttag +61 6/[15]/?/?/?; 
ttag +62 8/[13]/?/?/?; 
ttag +63 18/[2]/?/?/?; 
ttag +64 40/14/19/29/23; 
ttag +65 58/54/47/54/38; 
ttag +66 12/[3]/?/?/?; 
ttag +67 20/[9]/?/?/?; 
ttag +68 92/92/90/95/84; 
ttag +69 100/100/100/100/100; 
ttag +70 62/46/36/52/36; 
ttag +71 60/56/48/68/48; 
ttag +72 60/38/31/45/32; 
ttag +73 99/98/96/100/100; 
ttag +74 94/93/84/95/84; 
ttag +75 28/[10]/?/?/?; 
ttag +76 28/[9]/?/?/?; 
ttag +77 75/70/69/82/58; 
ttag +78 76/72/68/79/59; 
ttag +79 84/79/67/88/65; 
ttag +80 63/58/48/61/50; 
ttag +81 34/21/15/28/18; 
ttag +82 98/98/96/99/92; 
ttag +83 89/87/77/90/69; 
ttag +84 64/53/47/56/42; 
ttag +85 90/86/79/90/74; 
ttag +86 89/85/69/91/72; 
ttag +87 74/62/56/74/61; 
ttag +88 97/97/85/96/87; 
ttag +89 84/80/65/83/62; 
ttag +90 87/83/70/80/70; 
ttag +91 100/100/98/99/97; 
ttag +92 42/33/24/32/28; 
ttag +93 56/47/39/44/40; 
ttag +94 87/85/72/88/67; 
