tread
'Tree with tags' 
(0 (1 ((2 3 )(4 (5 ((11 12 13 (6 7 )(14 (21 (26 (27 (28 ((((22 (23 (24 25 )))((40 (41 (42 43 )))((44 45 )(46 47 ))))(32 (35 (33 34 )(36 (37 (38 39 ))))))(29 (30 31 ))))))))((15 16 17 )(18 (19 20 ))))(8 (9 10 )))))))); 
ttag *!; 
ttag +49 ???; 
ttag +50 3; 
ttag +51 6; 
ttag +52 5; 
ttag +53 1; 
ttag +54 3; 
ttag +55 1; 
ttag +56 2; 
ttag +57 9; 
ttag +58 4; 
ttag +59 1; 
ttag +60 6; 
ttag +61 3; 
ttag +62 7; 
ttag +63 10; 
ttag +64 1; 
ttag +65 6; 
ttag +66 1; 
ttag +67 1; 
ttag +68 1; 
ttag +69 1; 
ttag +70 2; 
ttag +71 7; 
ttag +72 1; 
ttag +73 2; 
ttag +74 7; 
ttag +75 4; 
ttag +76 7; 
ttag +77 2; 
ttag +78 2; 
ttag +79 2; 
ttag +80 3; 
ttag +81 1; 
ttag +82 2; 
ttag +83 3; 
ttag +84 2; 
ttag +85 10; 
ttag +86 1; 
ttag +87 4; 
ttag +88 1; 
tread
'Tree with tags' 
(0 (1 ((2 3 )(4 (5 (((6 7 )(((12 (11 13 ))((17 (15 16 ))(18 (19 20 ))))(14 (21 (26 (27 (28 ((((22 (23 (24 25 )))((40 (41 (42 43 )))((44 45 )(46 47 ))))(32 ((35 (33 34 ))(36 (37 (38 39 ))))))(29 (30 31 ))))))))))(8 (9 10 )))))))); 
ttag *!; 
ttag +0 ////; 
ttag +1 ////; 
ttag +2 ////; 
ttag +3 ////; 
ttag +4 ////; 
ttag +5 ////; 
ttag +6 ////; 
ttag +7 ////; 
ttag +8 ////; 
ttag +9 ////; 
ttag +10 ////; 
ttag +11 ////; 
ttag +12 ////; 
ttag +13 ////; 
ttag +14 ////; 
ttag +15 ////; 
ttag +16 ////; 
ttag +17 ////; 
ttag +18 ////; 
ttag +19 ////; 
ttag +20 ////; 
ttag +21 ////; 
ttag +22 ////; 
ttag +23 ////; 
ttag +24 ////; 
ttag +25 ////; 
ttag +26 ////; 
ttag +27 ////; 
ttag +28 ////; 
ttag +29 ////; 
ttag +30 ////; 
ttag +31 ////; 
ttag +32 ////; 
ttag +33 ////; 
ttag +34 ////; 
ttag +35 ////; 
ttag +36 ////; 
ttag +37 ////; 
ttag +38 ////; 
ttag +39 ////; 
ttag +40 ////; 
ttag +41 ////; 
ttag +42 ////; 
ttag +43 ////; 
ttag +44 ////; 
ttag +45 ////; 
ttag +46 ////; 
ttag +47 ////; 
ttag +48 ////; 
ttag +49 100/100/100/100/100; 
ttag +50 90/87/84/89/81; 
ttag +51 98/98/91/98/96; 
ttag +52 97/96/90/95/88; 
ttag +53 44/25/15/28/12; 
ttag +54 84/82/82/85/74; 
ttag +55 44/32/20/37/21; 
ttag +56 63/58/43/52/34; 
ttag +57 100/100/99/98/98; 
ttag +58 98/98/95/96/95; 
ttag +59 25/[6]/?/?/?; 
ttag +60 7/[24]/?/?/?; 
ttag +61 2/[29]/?/?/?; 
ttag +62 32/19/16/20/24; 
ttag +63 29/16/18/21/10; 
ttag +64 38/[4]/?/?/?; 
ttag +65 99/99/99/99/100; 
ttag +66 74/71/62/72/60; 
ttag +67 99/99/99/99/100; 
ttag +68 99/99/100/100/100; 
ttag +69 23/3/13/10/4; 
ttag +70 86/81/68/89/73; 
ttag +71 25/[21]/?/?/?; 
ttag +72 26/[1]/?/?/?; 
ttag +73 19/[8]/?/?/?; 
ttag +74 19/[8]/?/?/?; 
ttag +75 41/26/12/34/24; 
ttag +76 90/89/82/94/84; 
ttag +77 68/59/52/65/59; 
ttag +78 75/72/56/75/59; 
ttag +79 94/91/89/96/92; 
ttag +80 70/56/47/61/50; 
ttag +81 97/96/89/94/93; 
ttag +82 91/90/82/82/78; 
ttag +83 12/[15]/?/?/?; 
ttag +84 75/69/48/67/50; 
ttag +85 71/62/46/64/51; 
ttag +86 83/79/72/84/69; 
ttag +87 33/15/17/24/12; 
ttag +88 87/84/76/84/74; 
ttag +89 83/79/65/77/70; 
ttag +90 78/75/57/71/58; 
ttag +91 100/100/100/100/98; 
ttag +92 60/50/40/47/46; 
ttag +93 78/74/66/72/69; 
ttag +94 50/31/13/35/22; 
