tread
'Tree with tags' 
(0 (1 ((2 3 )(4 (5 ((6 (7 (8 (9 10 ))))(11 ((12 13 )(21 (14 (((17 (15 16 ))(18 (19 20 )))((22 (23 (24 25 )))((26 27 )(28 ((29 (30 31 ))(((32 (35 ((33 34 )(36 (37 (38 39 ))))))(46 (47 (44 45 ))))(41 (40 (42 43 ))))))))))))))))))); 
ttag *!; 
ttag +49 ???; 
ttag +50 6; 
ttag +51 1; 
ttag +52 4; 
ttag +53 3; 
ttag +54 7; 
ttag +55 3; 
ttag +56 1; 
ttag +57 5; 
ttag +58 1; 
ttag +59 2; 
ttag +60 2; 
ttag +61 2; 
ttag +62 1; 
ttag +63 7; 
ttag +64 1; 
ttag +65 1; 
ttag +66 1; 
ttag +67 1; 
ttag +68 3; 
ttag +69 14; 
ttag +70 1; 
ttag +71 2; 
ttag +72 2; 
ttag +73 6; 
ttag +74 1; 
ttag +75 6; 
ttag +76 1; 
ttag +77 3; 
ttag +78 1; 
ttag +79 2; 
ttag +80 3; 
ttag +81 1; 
ttag +82 1; 
ttag +83 4; 
ttag +84 2; 
ttag +85 2; 
ttag +86 8; 
ttag +87 3; 
ttag +88 1; 
ttag +89 1; 
ttag +90 10; 
ttag +91 2; 
ttag +92 2; 
ttag +93 1; 
ttag +94 1; 
tread
'Tree with tags' 
(0 (1 ((2 3 )(4 (5 ((6 (7 (8 (9 10 ))))(11 ((12 13 )(21 (14 (((17 (15 16 ))(18 (19 20 )))((22 (23 (24 25 )))((26 27 )(28 ((29 (30 31 ))(((32 (35 ((33 34 )(36 (37 (38 39 ))))))(46 (47 (44 45 ))))(41 (40 (42 43 ))))))))))))))))))); 
ttag *!; 
ttag +0 ////; 
ttag +1 ////; 
ttag +2 ////; 
ttag +3 ////; 
ttag +4 ////; 
ttag +5 ////; 
ttag +6 ////; 
ttag +7 ////; 
ttag +8 ////; 
ttag +9 ////; 
ttag +10 ////; 
ttag +11 ////; 
ttag +12 ////; 
ttag +13 ////; 
ttag +14 ////; 
ttag +15 ////; 
ttag +16 ////; 
ttag +17 ////; 
ttag +18 ////; 
ttag +19 ////; 
ttag +20 ////; 
ttag +21 ////; 
ttag +22 ////; 
ttag +23 ////; 
ttag +24 ////; 
ttag +25 ////; 
ttag +26 ////; 
ttag +27 ////; 
ttag +28 ////; 
ttag +29 ////; 
ttag +30 ////; 
ttag +31 ////; 
ttag +32 ////; 
ttag +33 ////; 
ttag +34 ////; 
ttag +35 ////; 
ttag +36 ////; 
ttag +37 ////; 
ttag +38 ////; 
ttag +39 ////; 
ttag +40 ////; 
ttag +41 ////; 
ttag +42 ////; 
ttag +43 ////; 
ttag +44 ////; 
ttag +45 ////; 
ttag +46 ////; 
ttag +47 ////; 
ttag +48 ////; 
ttag +49 100/100/100/100/100; 
ttag +50 98/98/96/97/91; 
ttag +51 55/33/21/33/29; 
ttag +52 92/87/85/86/74; 
ttag +53 83/76/67/82/75; 
ttag +54 97/96/91/96/91; 
ttag +55 87/84/76/88/74; 
ttag +56 60/44/31/57/40; 
ttag +57 98/98/97/98/95; 
ttag +58 58/30/24/38/32; 
ttag +59 57/40/25/60/36; 
ttag +60 84/80/76/77/76; 
ttag +61 67/54/37/56/49; 
ttag +62 7/[13]/?/?/?; 
ttag +63 89/88/65/84/72; 
ttag +64 46/23/30/30/27; 
ttag +65 61/42/42/37/33; 
ttag +66 57/32/32/43/34; 
ttag +67 18/[2]/?/0/2; 
ttag +68 91/89/76/91/81; 
ttag +69 100/100/100/100/100; 
ttag +70 48/21/9/17/1; 
ttag +71 69/62/51/60/50; 
ttag +72 78/67/48/71/59; 
ttag +73 98/98/96/97/89; 
ttag +74 48/45/41/33/32; 
ttag +75 93/92/83/95/88; 
ttag +76 37/30/26/26/20; 
ttag +77 78/71/63/74/62; 
ttag +78 43/35/32/34/24; 
ttag +79 90/87/82/89/82; 
ttag +80 77/73/51/64/61; 
ttag +81 8/[11]/?/?/?; 
ttag +82 16/[1]/7/2/?; 
ttag +83 68/58/42/59/50; 
ttag +84 49/38/20/38/25; 
ttag +85 40/29/17/34/22; 
ttag +86 99/98/96/98/94; 
ttag +87 82/69/61/74/63; 
ttag +88 42/23/14/33/25; 
ttag +89 46/17/13/12/11; 
ttag +90 100/100/99/100/98; 
ttag +91 87/81/80/84/77; 
ttag +92 72/67/60/70/63; 
ttag +93 8/[24]/?/?/?; 
ttag +94 47/30/30/28/26; 
