tread
'Tree with tags' 
(0 ((1 (2 3 ))((11 (4 5 (6 7 )((12 13 )((14 ((15 (16 17 ))(18 (19 20 ))))(21 ((22 (23 (24 25 )))(28 (27 (26 (((29 (30 31 ))(32 ((33 34 )(35 (36 (37 38 39 ))))))((40 (41 (42 43 )))((44 45 )(46 47 )))))))))))))(10 (8 9 ))))); 
ttag *!; 
ttag +49 2; 
ttag +50 ???; 
ttag +51 5; 
ttag +52 1; 
ttag +53 1; 
ttag +54 8; 
ttag +55 1; 
ttag +56 1; 
ttag +57 4; 
ttag +58 4; 
ttag +59 1; 
ttag +60 1; 
ttag +61 2; 
ttag +62 6; 
ttag +63 6; 
ttag +64 2; 
ttag +65 5; 
ttag +66 5; 
ttag +67 4; 
ttag +68 1; 
ttag +69 4; 
ttag +70 3; 
ttag +71 6; 
ttag +72 1; 
ttag +73 1; 
ttag +74 5; 
ttag +75 4; 
ttag +76 1; 
ttag +77 2; 
ttag +78 5; 
ttag +79 2; 
ttag +80 3; 
ttag +81 1; 
ttag +82 7; 
ttag +83 4; 
ttag +84 5; 
ttag +85 4; 
ttag +86 4; 
ttag +87 2; 
ttag +88 6; 
ttag +89 1; 
ttag +90 2; 
ttag +91 2; 
tread
'Tree with tags' 
(0 ((1 (2 3 ))((11 (4 ((5 (6 7 ))((12 13 )((14 ((15 (16 17 ))(18 (19 20 ))))(21 ((22 (23 (24 25 )))(28 (27 (26 (((29 (30 31 ))(32 ((33 34 )(35 (36 (37 (38 39 )))))))((40 (41 (42 43 )))((44 45 )(46 47 ))))))))))))))(10 (8 9 ))))); 
ttag *!; 
ttag +0 ////; 
ttag +1 ////; 
ttag +2 ////; 
ttag +3 ////; 
ttag +4 ////; 
ttag +5 ////; 
ttag +6 ////; 
ttag +7 ////; 
ttag +8 ////; 
ttag +9 ////; 
ttag +10 ////; 
ttag +11 ////; 
ttag +12 ////; 
ttag +13 ////; 
ttag +14 ////; 
ttag +15 ////; 
ttag +16 ////; 
ttag +17 ////; 
ttag +18 ////; 
ttag +19 ////; 
ttag +20 ////; 
ttag +21 ////; 
ttag +22 ////; 
ttag +23 ////; 
ttag +24 ////; 
ttag +25 ////; 
ttag +26 ////; 
ttag +27 ////; 
ttag +28 ////; 
ttag +29 ////; 
ttag +30 ////; 
ttag +31 ////; 
ttag +32 ////; 
ttag +33 ////; 
ttag +34 ////; 
ttag +35 ////; 
ttag +36 ////; 
ttag +37 ////; 
ttag +38 ////; 
ttag +39 ////; 
ttag +40 ////; 
ttag +41 ////; 
ttag +42 ////; 
ttag +43 ////; 
ttag +44 ////; 
ttag +45 ////; 
ttag +46 ////; 
ttag +47 ////; 
ttag +48 ////; 
ttag +49 60/37/36/48/32; 
ttag +50 100/100/100/100/100; 
ttag +51 91/87/88/92/87; 
ttag +52 10/[18]/?/?/?; 
ttag +53 27/[1]/7/9/?; 
ttag +54 98/97/94/99/89; 
ttag +55 8/[18]/?/?/?; 
ttag +56 4/[22]/?/?/?; 
ttag +57 54/42/44/46/35; 
ttag +58 42/8/17/13/4; 
ttag +59 98/97/95/95/94; 
ttag +60 90/88/83/86/79; 
ttag +61 56/47/35/60/33; 
ttag +62 45/36/30/40/27; 
ttag +63 66/62/46/60/43; 
ttag +64 99/98/97/97/96; 
ttag +65 93/92/87/94/89; 
ttag +66 70/62/61/70/47; 
ttag +67 94/92/84/92/85; 
ttag +68 98/98/93/98/94; 
ttag +69 79/75/65/79/66; 
ttag +70 48/13/0/7/6; 
ttag +71 83/80/71/83/72; 
ttag +72 95/93/86/93/87; 
ttag +73 98/98/97/97/96; 
ttag +74 17/[23]/?/?/?; 
ttag +75 22/[18]/?/?/?; 
ttag +76 93/92/80/94/80; 
ttag +77 79/74/61/75/56; 
ttag +78 16/[4]/3/?/?; 
ttag +79 42/16/18/9/18; 
ttag +80 84/75/67/78/66; 
ttag +81 67/62/53/62/53; 
ttag +82 90/87/89/94/86; 
ttag +83 48/14/9/8/2; 
ttag +84 95/93/88/91/90; 
ttag +85 96/94/90/91/87; 
ttag +86 96/95/87/98/88; 
ttag +87 38/0/?/?/?; 
ttag +88 84/82/67/88/70; 
ttag +89 83/81/69/86/70; 
ttag +90 80/76/70/80/64; 
ttag +91 98/98/96/99/96; 
ttag +92 36/18/16/23/22; 
ttag +93 51/34/35/30/35; 
ttag +94 39/22/19/22/26; 
