tread
'Tree with tags' 
(0 (1 ((2 3 )(4 (5 (((6 7 )(10 (8 9 )))(11 (((12 13 )(14 ((15 (16 17 ))(18 (19 20 )))))(21 ((22 (23 (24 25 )))(26 (27 (28 (((29 (30 31 ))((40 (41 (42 43 )))(44 (46 (45 47 )))))(32 ((33 34 )(35 (36 (37 (38 39 )))))))))))))))))))); 
ttag *!; 
ttag +49 ???; 
ttag +50 5; 
ttag +51 2; 
ttag +52 8; 
ttag +53 2; 
ttag +54 3; 
ttag +55 1; 
ttag +56 1; 
ttag +57 1; 
ttag +58 10; 
ttag +59 2; 
ttag +60 1; 
ttag +61 1; 
ttag +62 1; 
ttag +63 1; 
ttag +64 2; 
ttag +65 1; 
ttag +66 5; 
ttag +67 4; 
ttag +68 4; 
ttag +69 2; 
ttag +70 2; 
ttag +71 2; 
ttag +72 5; 
ttag +73 3; 
ttag +74 4; 
ttag +75 1; 
ttag +76 4; 
ttag +77 5; 
ttag +78 1; 
ttag +79 5; 
ttag +80 2; 
ttag +81 6; 
ttag +82 1; 
ttag +83 2; 
ttag +84 3; 
ttag +85 4; 
ttag +86 2; 
ttag +87 2; 
ttag +88 4; 
ttag +89 1; 
ttag +90 2; 
ttag +91 11; 
ttag +92 7; 
ttag +93 2; 
ttag +94 1; 
tread
'Tree with tags' 
(0 (1 ((2 3 )(4 (5 (((6 7 )(10 (8 9 )))(11 (((12 13 )(14 ((15 (16 17 ))(18 (19 20 )))))(21 ((22 (23 (24 25 )))(26 (27 (28 (((29 (30 31 ))((40 (41 (42 43 )))(44 (46 (45 47 )))))(32 ((33 34 )(35 (36 (37 (38 39 )))))))))))))))))))); 
ttag *!; 
ttag +0 ////; 
ttag +1 ////; 
ttag +2 ////; 
ttag +3 ////; 
ttag +4 ////; 
ttag +5 ////; 
ttag +6 ////; 
ttag +7 ////; 
ttag +8 ////; 
ttag +9 ////; 
ttag +10 ////; 
ttag +11 ////; 
ttag +12 ////; 
ttag +13 ////; 
ttag +14 ////; 
ttag +15 ////; 
ttag +16 ////; 
ttag +17 ////; 
ttag +18 ////; 
ttag +19 ////; 
ttag +20 ////; 
ttag +21 ////; 
ttag +22 ////; 
ttag +23 ////; 
ttag +24 ////; 
ttag +25 ////; 
ttag +26 ////; 
ttag +27 ////; 
ttag +28 ////; 
ttag +29 ////; 
ttag +30 ////; 
ttag +31 ////; 
ttag +32 ////; 
ttag +33 ////; 
ttag +34 ////; 
ttag +35 ////; 
ttag +36 ////; 
ttag +37 ////; 
ttag +38 ////; 
ttag +39 ////; 
ttag +40 ////; 
ttag +41 ////; 
ttag +42 ////; 
ttag +43 ////; 
ttag +44 ////; 
ttag +45 ////; 
ttag +46 ////; 
ttag +47 ////; 
ttag +48 ////; 
ttag +49 100/100/100/100/100; 
ttag +50 84/73/64/69/70; 
ttag +51 68/57/36/51/34; 
ttag +52 90/86/68/90/69; 
ttag +53 54/44/28/51/26; 
ttag +54 87/82/80/90/80; 
ttag +55 50/32/37/38/33; 
ttag +56 38/21/18/26/15; 
ttag +57 50/26/12/26/19; 
ttag +58 100/100/100/100/100; 
ttag +59 62/54/32/60/28; 
ttag +60 32/14/14/14/15; 
ttag +61 16/4/?/1/?; 
ttag +62 39/31/18/28/16; 
ttag +63 11/[7]/?/?/?; 
ttag +64 76/67/62/73/60; 
ttag +65 44/29/16/20/20; 
ttag +66 94/93/89/96/92; 
ttag +67 94/92/84/93/87; 
ttag +68 97/97/97/98/98; 
ttag +69 51/48/33/48/36; 
ttag +70 51/40/29/45/36; 
ttag +71 54/45/32/47/28; 
ttag +72 91/89/73/91/80; 
ttag +73 95/94/90/96/94; 
ttag +74 67/61/34/57/45; 
ttag +75 32/12/5/12/?; 
ttag +76 69/63/39/61/43; 
ttag +77 94/94/84/91/82; 
ttag +78 27/[4]/?/?/?; 
ttag +79 75/70/52/73/63; 
ttag +80 77/65/64/69/62; 
ttag +81 85/82/68/85/74; 
ttag +82 32/7/5/16/3; 
ttag +83 58/47/37/44/40; 
ttag +84 94/94/84/90/86; 
ttag +85 84/82/74/90/76; 
ttag +86 67/60/59/69/54; 
ttag +87 66/56/54/58/50; 
ttag +88 81/78/66/82/74; 
ttag +89 27/9/7/12/15; 
ttag +90 64/48/35/47/36; 
ttag +91 100/100/100/99/100; 
ttag +92 92/90/84/94/87; 
ttag +93 39/26/14/35/21; 
ttag +94 33/15/5/15/3; 
