tread
'Tree with tags' 
(0 (1 ((2 3 )(4 (5 (7 (6 (11 (8 (9 10 ))))(14 (12 13 (((15 (16 17 ))(18 (19 20 )))(21 ((22 (23 (24 25 )))(26 (27 (28 ((29 (30 31 ))((32 ((33 34 )(35 36 (37 (38 39 )))))(40 (41 (42 43 )))(46 (47 (44 45 ))))))))))))))))))); 
ttag *!; 
ttag +49 ???; 
ttag +50 6; 
ttag +51 3; 
ttag +52 6; 
ttag +53 3; 
ttag +54 1; 
ttag +55 4; 
ttag +56 7; 
ttag +57 2; 
ttag +58 3; 
ttag +59 1; 
ttag +60 1; 
ttag +61 10; 
ttag +62 2; 
ttag +63 1; 
ttag +64 2; 
ttag +65 3; 
ttag +66 11; 
ttag +67 2; 
ttag +68 3; 
ttag +69 1; 
ttag +70 6; 
ttag +71 6; 
ttag +72 8; 
ttag +73 2; 
ttag +74 1; 
ttag +75 5; 
ttag +76 3; 
ttag +77 4; 
ttag +78 5; 
ttag +79 1; 
ttag +80 6; 
ttag +81 1; 
ttag +82 1; 
ttag +83 2; 
ttag +84 1; 
ttag +85 3; 
ttag +86 2; 
ttag +87 6; 
ttag +88 2; 
ttag +89 1; 
ttag +90 2; 
tread
'Tree with tags' 
(0 (1 ((2 3 )(4 (5 ((6 (11 (8 (9 10 ))))(7 (14 ((12 13 )(((15 (16 17 ))(18 (19 20 )))(21 ((22 (23 (24 25 )))(26 (27 (28 ((29 (30 31 ))(((32 ((33 34 )((35 36 )(37 (38 39 )))))(40 (41 (42 43 ))))(46 (47 (44 45 )))))))))))))))))))); 
ttag *!; 
ttag +0 ////; 
ttag +1 ////; 
ttag +2 ////; 
ttag +3 ////; 
ttag +4 ////; 
ttag +5 ////; 
ttag +6 ////; 
ttag +7 ////; 
ttag +8 ////; 
ttag +9 ////; 
ttag +10 ////; 
ttag +11 ////; 
ttag +12 ////; 
ttag +13 ////; 
ttag +14 ////; 
ttag +15 ////; 
ttag +16 ////; 
ttag +17 ////; 
ttag +18 ////; 
ttag +19 ////; 
ttag +20 ////; 
ttag +21 ////; 
ttag +22 ////; 
ttag +23 ////; 
ttag +24 ////; 
ttag +25 ////; 
ttag +26 ////; 
ttag +27 ////; 
ttag +28 ////; 
ttag +29 ////; 
ttag +30 ////; 
ttag +31 ////; 
ttag +32 ////; 
ttag +33 ////; 
ttag +34 ////; 
ttag +35 ////; 
ttag +36 ////; 
ttag +37 ////; 
ttag +38 ////; 
ttag +39 ////; 
ttag +40 ////; 
ttag +41 ////; 
ttag +42 ////; 
ttag +43 ////; 
ttag +44 ////; 
ttag +45 ////; 
ttag +46 ////; 
ttag +47 ////; 
ttag +48 ////; 
ttag +49 100/100/100/100/100; 
ttag +50 99/98/96/99/95; 
ttag +51 91/88/76/86/84; 
ttag +52 98/97/89/97/90; 
ttag +53 68/54/45/69/45; 
ttag +54 20/6/0/20/4; 
ttag +55 68/64/42/75/51; 
ttag +56 3/[11]/?/?/?; 
ttag +57 98/98/96/98/98; 
ttag +58 29/14/7/28/8; 
ttag +59 90/88/82/86/86; 
ttag +60 18/5/?/6/6; 
ttag +61 14/5/0/11/3; 
ttag +62 23/9/?/17/5; 
ttag +63 100/100/98/100/98; 
ttag +64 37/22/15/30/21; 
ttag +65 27/13/4/17/6; 
ttag +66 80/74/68/74/76; 
ttag +67 83/80/72/80/68; 
ttag +68 100/100/99/100/100; 
ttag +69 36/24/13/36/24; 
ttag +70 89/87/80/91/73; 
ttag +71 38/16/6/24/10; 
ttag +72 97/95/92/97/94; 
ttag +73 99/98/93/99/97; 
ttag +74 89/86/80/98/85; 
ttag +75 73/65/54/70/50; 
ttag +76 70/63/52/65/46; 
ttag +77 95/94/89/97/92; 
ttag +78 77/74/68/74/66; 
ttag +79 90/86/69/86/71; 
ttag +80 97/97/89/98/92; 
ttag +81 21/[15]/?/?/?; 
ttag +82 52/40/28/45/30; 
ttag +83 98/98/97/98/96; 
ttag +84 54/36/23/32/30; 
ttag +85 7/[54]/?/?/?; 
ttag +86 63/46/45/45/44; 
ttag +87 74/68/48/70/50; 
ttag +88 66/46/35/52/40; 
ttag +89 81/72/50/64/55; 
ttag +90 69/60/50/56/45; 
ttag +91 99/98/96/97/97; 
ttag +92 65/60/57/65/61; 
ttag +93 52/45/40/40/33; 
ttag +94 63/56/46/58/47; 
