tread
'Tree with tags' 
(0 (1 ((2 3 )(((4 5 )(11 ((12 ((13 (18 (19 20 )))(14 (15 (16 17 )))))(21 ((22 (23 (24 25 )))((26 27 (28 ((32 ((33 34 )(35 (36 (37 38 39 )))))((40 41 )(42 43 ))((44 45 )(46 47 )))))(29 (30 31 ))))))))(6 7 )(8 (9 10 )))))); 
ttag *!; 
ttag +49 ???; 
ttag +50 2; 
ttag +51 5; 
ttag +52 1; 
ttag +53 1; 
ttag +54 6; 
ttag +55 2; 
ttag +56 8; 
ttag +57 1; 
ttag +58 4; 
ttag +59 1; 
ttag +60 1; 
ttag +61 1; 
ttag +62 1; 
ttag +63 1; 
ttag +64 3; 
ttag +65 2; 
ttag +66 7; 
ttag +67 12; 
ttag +68 3; 
ttag +69 1; 
ttag +70 3; 
ttag +71 3; 
ttag +72 7; 
ttag +73 1; 
ttag +74 1; 
ttag +75 1; 
ttag +76 2; 
ttag +77 6; 
ttag +78 8; 
ttag +79 2; 
ttag +80 1; 
ttag +81 1; 
ttag +82 1; 
ttag +83 2; 
ttag +84 6; 
ttag +85 1; 
ttag +86 6; 
ttag +87 4; 
ttag +88 1; 
ttag +89 3; 
ttag +90 1; 
tread
'Tree with tags' 
(0 (1 ((2 3 )((((4 5 )(11 ((12 ((13 (18 (19 20 )))(14 (15 (16 17 )))))(21 ((22 (23 (24 25 )))((26 (27 (28 ((32 ((33 34 )(35 (36 (38 (37 39 ))))))(((40 41 )(42 43 ))((44 45 )(46 47 )))))))(29 (30 31 ))))))))(6 7 ))(8 (9 10 )))))); 
ttag *!; 
ttag +0 ////; 
ttag +1 ////; 
ttag +2 ////; 
ttag +3 ////; 
ttag +4 ////; 
ttag +5 ////; 
ttag +6 ////; 
ttag +7 ////; 
ttag +8 ////; 
ttag +9 ////; 
ttag +10 ////; 
ttag +11 ////; 
ttag +12 ////; 
ttag +13 ////; 
ttag +14 ////; 
ttag +15 ////; 
ttag +16 ////; 
ttag +17 ////; 
ttag +18 ////; 
ttag +19 ////; 
ttag +20 ////; 
ttag +21 ////; 
ttag +22 ////; 
ttag +23 ////; 
ttag +24 ////; 
ttag +25 ////; 
ttag +26 ////; 
ttag +27 ////; 
ttag +28 ////; 
ttag +29 ////; 
ttag +30 ////; 
ttag +31 ////; 
ttag +32 ////; 
ttag +33 ////; 
ttag +34 ////; 
ttag +35 ////; 
ttag +36 ////; 
ttag +37 ////; 
ttag +38 ////; 
ttag +39 ////; 
ttag +40 ////; 
ttag +41 ////; 
ttag +42 ////; 
ttag +43 ////; 
ttag +44 ////; 
ttag +45 ////; 
ttag +46 ////; 
ttag +47 ////; 
ttag +48 ////; 
ttag +49 100/100/100/100/100; 
ttag +50 78/67/62/72/66; 
ttag +51 98/98/86/96/90; 
ttag +52 30/22/13/28/21; 
ttag +53 15/6/4/8/?; 
ttag +54 12/[22]/?/?/?; 
ttag +55 84/76/59/77/58; 
ttag +56 66/54/47/68/51; 
ttag +57 100/100/96/99/96; 
ttag +58 70/50/39/41/40; 
ttag +59 35/27/17/34/16; 
ttag +60 2/[18]/?/?/?; 
ttag +61 14/[5]/2/?/?; 
ttag +62 40/18/13/20/18; 
ttag +63 5/[14]/?/?/?; 
ttag +64 26/6/9/14/12; 
ttag +65 70/67/53/72/56; 
ttag +66 67/61/65/66/56; 
ttag +67 99/98/98/99/96; 
ttag +68 100/100/100/100/100; 
ttag +69 43/35/20/38/14; 
ttag +70 38/20/12/20/7; 
ttag +71 56/39/26/42/21; 
ttag +72 96/96/92/96/91; 
ttag +73 99/99/98/99/98; 
ttag +74 27/17/6/24/16; 
ttag +75 53/43/34/44/41; 
ttag +76 12/[37]/?/?/?; 
ttag +77 27/15/3/21/10; 
ttag +78 50/40/22/43/34; 
ttag +79 99/99/96/99/100; 
ttag +80 98/98/96/98/98; 
ttag +81 52/42/35/46/44; 
ttag +82 72/67/50/57/52; 
ttag +83 34/9/6/5/2; 
ttag +84 48/29/30/36/23; 
ttag +85 66/54/47/61/54; 
ttag +86 30/8/4/?/6; 
ttag +87 98/98/94/99/96; 
ttag +88 26/[12]/?/?/?; 
ttag +89 93/92/87/96/85; 
ttag +90 41/30/24/30/26; 
ttag +91 91/88/78/88/73; 
ttag +92 76/67/58/68/63; 
ttag +93 52/32/30/43/34; 
ttag +94 46/26/23/37/20; 
