tread
'Tree with tags' 
(0 (1 (4 (2 3 )(11 (5 ((6 7 (8 9 10 ))(21 (12 13 )(14 (18 (15 (16 17 ))(19 20 )))((22 (23 (24 25 )))(26 (27 (28 ((29 (30 31 ))(32 (35 (33 34 )(36 (37 (38 39 ))))((41 (40 (42 43 )))(46 (44 45 47 )))))))))))))))); 
ttag *!; 
ttag +49 ???; 
ttag +50 1; 
ttag +51 1; 
ttag +52 1; 
ttag +53 1; 
ttag +54 1; 
ttag +55 1; 
ttag +56 5; 
ttag +57 1; 
ttag +58 1; 
ttag +59 1; 
ttag +60 8; 
ttag +61 1; 
ttag +62 3; 
ttag +63 7; 
ttag +64 3; 
ttag +65 6; 
ttag +66 4; 
ttag +67 8; 
ttag +68 3; 
ttag +69 3; 
ttag +70 3; 
ttag +71 2; 
ttag +72 2; 
ttag +73 2; 
ttag +74 5; 
ttag +75 5; 
ttag +76 3; 
ttag +77 4; 
ttag +78 8; 
ttag +79 2; 
ttag +80 1; 
ttag +81 3; 
ttag +82 2; 
ttag +83 10; 
ttag +84 1; 
ttag +85 1; 
tread
'Tree with tags' 
(0 (1 (4 ((2 3 )(11 (5 (((6 7 )(10 (8 9 )))(((21 (12 13 ))(14 (18 ((15 (16 17 ))(19 20 )))))((22 (23 (24 25 )))(26 (27 (28 ((29 (30 31 ))((32 (35 ((33 34 )(36 (37 (38 39 ))))))((41 (40 (42 43 )))(46 (45 (44 47 )))))))))))))))))); 
ttag *!; 
ttag +0 ////; 
ttag +1 ////; 
ttag +2 ////; 
ttag +3 ////; 
ttag +4 ////; 
ttag +5 ////; 
ttag +6 ////; 
ttag +7 ////; 
ttag +8 ////; 
ttag +9 ////; 
ttag +10 ////; 
ttag +11 ////; 
ttag +12 ////; 
ttag +13 ////; 
ttag +14 ////; 
ttag +15 ////; 
ttag +16 ////; 
ttag +17 ////; 
ttag +18 ////; 
ttag +19 ////; 
ttag +20 ////; 
ttag +21 ////; 
ttag +22 ////; 
ttag +23 ////; 
ttag +24 ////; 
ttag +25 ////; 
ttag +26 ////; 
ttag +27 ////; 
ttag +28 ////; 
ttag +29 ////; 
ttag +30 ////; 
ttag +31 ////; 
ttag +32 ////; 
ttag +33 ////; 
ttag +34 ////; 
ttag +35 ////; 
ttag +36 ////; 
ttag +37 ////; 
ttag +38 ////; 
ttag +39 ////; 
ttag +40 ////; 
ttag +41 ////; 
ttag +42 ////; 
ttag +43 ////; 
ttag +44 ////; 
ttag +45 ////; 
ttag +46 ////; 
ttag +47 ////; 
ttag +48 ////; 
ttag +49 100/100/100/100/100; 
ttag +50 71/58/55/62/48; 
ttag +51 18/[30]/?/?/?; 
ttag +52 52/28/32/38/22; 
ttag +53 36/29/20/36/26; 
ttag +54 46/34/31/42/36; 
ttag +55 49/32/36/44/30; 
ttag +56 31/25/20/19/14; 
ttag +57 30/25/12/22/14; 
ttag +58 39/4/?/1/?; 
ttag +59 95/95/91/96/88; 
ttag +60 55/50/44/55/46; 
ttag +61 12/[4]/?/?/?; 
ttag +62 7/[9]/?/?/?; 
ttag +63 35/29/16/35/21; 
ttag +64 32/21/10/28/14; 
ttag +65 99/98/94/99/96; 
ttag +66 22/[18]/?/?/?; 
ttag +67 35/24/12/29/16; 
ttag +68 90/87/85/91/82; 
ttag +69 100/100/98/100/100; 
ttag +70 84/79/62/79/55; 
ttag +71 88/86/68/85/73; 
ttag +72 90/85/76/88/80; 
ttag +73 100/100/100/100/99; 
ttag +74 68/64/52/65/48; 
ttag +75 41/18/9/24/15; 
ttag +76 37/22/11/23/16; 
ttag +77 48/44/38/52/32; 
ttag +78 40/28/22/30/21; 
ttag +79 73/70/54/68/55; 
ttag +80 22/8/6/9/8; 
ttag +81 50/43/34/38/29; 
ttag +82 88/87/84/88/84; 
ttag +83 31/8/4/10/?; 
ttag +84 58/55/45/59/41; 
ttag +85 80/73/78/80/74; 
ttag +86 99/99/97/98/97; 
ttag +87 89/88/84/86/78; 
ttag +88 21/[21]/?/?/?; 
ttag +89 87/86/75/82/73; 
ttag +90 55/45/34/50/35; 
ttag +91 99/99/99/100/100; 
ttag +92 24/6/4/4/14; 
ttag +93 33/7/9/10/9; 
ttag +94 66/55/47/63/51; 
