tread
'Tree with tags' 
(0 (1 ((2 3 )(4 5 6 7 11 12 13 (8 (9 10 ))(21 (14 (15 16 17 )(18 (19 20 ))))((22 (23 (24 25 )))(28 (26 27 )((29 (30 31 ))((33 34 (32 (35 (36 (37 (38 39 ))))))(40 (41 (42 43 )))((44 45 )(46 47 )))))))))); 
ttag *!; 
ttag +49 ???; 
ttag +50 9; 
ttag +51 4; 
ttag +52 1; 
ttag +53 9; 
ttag +54 3; 
ttag +55 1; 
ttag +56 3; 
ttag +57 5; 
ttag +58 5; 
ttag +59 9; 
ttag +60 1; 
ttag +61 3; 
ttag +62 5; 
ttag +63 11; 
ttag +64 4; 
ttag +65 5; 
ttag +66 6; 
ttag +67 2; 
ttag +68 4; 
ttag +69 1; 
ttag +70 8; 
ttag +71 2; 
ttag +72 7; 
ttag +73 5; 
ttag +74 5; 
ttag +75 1; 
ttag +76 6; 
ttag +77 1; 
ttag +78 7; 
ttag +79 2; 
ttag +80 1; 
ttag +81 1; 
tread
'Tree with tags' 
(0 (1 ((2 3 )((5 (4 (11 ((12 13 )(21 (14 ((17 (15 16 ))(18 (19 20 )))))))))(7 (6 ((8 (9 10 ))((22 (23 (24 25 )))(28 ((26 27 )((29 (30 31 ))(((34 (33 (32 (35 (36 (37 (38 39 )))))))((44 45 )(46 47 )))(40 (41 (42 43 ))))))))))))))); 
ttag *!; 
ttag +0 ////; 
ttag +1 ////; 
ttag +2 ////; 
ttag +3 ////; 
ttag +4 ////; 
ttag +5 ////; 
ttag +6 ////; 
ttag +7 ////; 
ttag +8 ////; 
ttag +9 ////; 
ttag +10 ////; 
ttag +11 ////; 
ttag +12 ////; 
ttag +13 ////; 
ttag +14 ////; 
ttag +15 ////; 
ttag +16 ////; 
ttag +17 ////; 
ttag +18 ////; 
ttag +19 ////; 
ttag +20 ////; 
ttag +21 ////; 
ttag +22 ////; 
ttag +23 ////; 
ttag +24 ////; 
ttag +25 ////; 
ttag +26 ////; 
ttag +27 ////; 
ttag +28 ////; 
ttag +29 ////; 
ttag +30 ////; 
ttag +31 ////; 
ttag +32 ////; 
ttag +33 ////; 
ttag +34 ////; 
ttag +35 ////; 
ttag +36 ////; 
ttag +37 ////; 
ttag +38 ////; 
ttag +39 ////; 
ttag +40 ////; 
ttag +41 ////; 
ttag +42 ////; 
ttag +43 ////; 
ttag +44 ////; 
ttag +45 ////; 
ttag +46 ////; 
ttag +47 ////; 
ttag +48 ////; 
ttag +49 100/100/100/100/100; 
ttag +50 99/99/96/97/99; 
ttag +51 94/92/85/91/85; 
ttag +52 6/[24]/?/?/?; 
ttag +53 13/[17]/?/?/?; 
ttag +54 60/53/42/47/53; 
ttag +55 2/[39]/?/?/?; 
ttag +56 10/[20]/?/?/?; 
ttag +57 99/99/97/99/97; 
ttag +58 14/[16]/?/?/?; 
ttag +59 90/86/74/85/69; 
ttag +60 24/[6]/?/2/?; 
ttag +61 65/54/51/58/50; 
ttag +62 30/14/3/22/4; 
ttag +63 46/36/27/43/21; 
ttag +64 52/43/22/38/22; 
ttag +65 23/[32]/?/?/?; 
ttag +66 96/94/91/96/94; 
ttag +67 34/13/21/14/6; 
ttag +68 96/96/90/96/92; 
ttag +69 100/100/99/99/98; 
ttag +70 75/68/66/74/65; 
ttag +71 79/76/55/76/59; 
ttag +72 88/86/78/87/77; 
ttag +73 100/100/96/98/94; 
ttag +74 93/92/84/96/87; 
ttag +75 26/6/?/?/?; 
ttag +76 91/88/80/91/84; 
ttag +77 96/95/88/96/87; 
ttag +78 68/60/38/63/50; 
ttag +79 95/94/84/93/86; 
ttag +80 34/16/12/15/8; 
ttag +81 14/[28]/?/?/?; 
ttag +82 98/98/94/98/93; 
ttag +83 18/[3]/?/?/?; 
ttag +84 60/46/23/49/38; 
ttag +85 97/96/92/95/95; 
ttag +86 92/89/84/90/84; 
ttag +87 94/93/85/92/86; 
ttag +88 68/67/54/56/52; 
ttag +89 99/99/95/99/98; 
ttag +90 54/32/16/29/13; 
ttag +91 98/98/94/97/92; 
ttag +92 70/64/66/65/56; 
ttag +93 41/29/25/31/13; 
ttag +94 62/56/46/44/43; 
