tread
'Tree with tags' 
(0 (1 ((2 3 )(4 (5 ((6 7 (13 (11 (12 ((14 ((15 (16 17 ))(18 (19 20 ))))(21 (26 27 (22 (23 (24 25 )))(28 ((29 (30 31 ))(((32 (35 (36 (37 38 39 ))))(33 34 ))(44 45 46 47 (40 41 (42 43 )))))))))))))(8 (9 10 )))))))); 
ttag *!; 
ttag +49 ???; 
ttag +50 7; 
ttag +51 12; 
ttag +52 4; 
ttag +53 2; 
ttag +54 1; 
ttag +55 2; 
ttag +56 7; 
ttag +57 5; 
ttag +58 1; 
ttag +59 2; 
ttag +60 1; 
ttag +61 1; 
ttag +62 1; 
ttag +63 8; 
ttag +64 1; 
ttag +65 1; 
ttag +66 2; 
ttag +67 8; 
ttag +68 3; 
ttag +69 4; 
ttag +70 5; 
ttag +71 7; 
ttag +72 4; 
ttag +73 4; 
ttag +74 7; 
ttag +75 3; 
ttag +76 1; 
ttag +77 1; 
ttag +78 4; 
ttag +79 3; 
ttag +80 2; 
ttag +81 4; 
ttag +82 3; 
ttag +83 4; 
ttag +84 6; 
ttag +85 1; 
ttag +86 7; 
tread
'Tree with tags' 
(0 (1 ((2 3 )(4 (5 ((6 (7 (13 (11 (12 ((14 ((15 (16 17 ))(18 (19 20 ))))(21 ((22 (23 (24 25 )))(26 (27 (28 ((29 (30 31 ))(((32 (35 (36 (39 (37 38 )))))(33 34 ))(47 (46 (44 (45 (41 (40 (42 43 ))))))))))))))))))))(8 (9 10 )))))))); 
ttag *!; 
ttag +0 ////; 
ttag +1 ////; 
ttag +2 ////; 
ttag +3 ////; 
ttag +4 ////; 
ttag +5 ////; 
ttag +6 ////; 
ttag +7 ////; 
ttag +8 ////; 
ttag +9 ////; 
ttag +10 ////; 
ttag +11 ////; 
ttag +12 ////; 
ttag +13 ////; 
ttag +14 ////; 
ttag +15 ////; 
ttag +16 ////; 
ttag +17 ////; 
ttag +18 ////; 
ttag +19 ////; 
ttag +20 ////; 
ttag +21 ////; 
ttag +22 ////; 
ttag +23 ////; 
ttag +24 ////; 
ttag +25 ////; 
ttag +26 ////; 
ttag +27 ////; 
ttag +28 ////; 
ttag +29 ////; 
ttag +30 ////; 
ttag +31 ////; 
ttag +32 ////; 
ttag +33 ////; 
ttag +34 ////; 
ttag +35 ////; 
ttag +36 ////; 
ttag +37 ////; 
ttag +38 ////; 
ttag +39 ////; 
ttag +40 ////; 
ttag +41 ////; 
ttag +42 ////; 
ttag +43 ////; 
ttag +44 ////; 
ttag +45 ////; 
ttag +46 ////; 
ttag +47 ////; 
ttag +48 ////; 
ttag +49 100/100/100/100/100; 
ttag +50 99/99/98/99/98; 
ttag +51 100/100/100/100/100; 
ttag +52 88/85/73/88/68; 
ttag +53 74/71/49/69/46; 
ttag +54 39/21/12/26/14; 
ttag +55 57/50/31/45/24; 
ttag +56 6/[17]/?/?/?; 
ttag +57 96/96/93/98/93; 
ttag +58 98/98/94/98/96; 
ttag +59 33/8/1/8/?; 
ttag +60 68/62/45/61/49; 
ttag +61 39/31/12/26/12; 
ttag +62 41/26/13/32/22; 
ttag +63 10/[4]/?/?/?; 
ttag +64 98/97/92/99/97; 
ttag +65 39/23/12/19/21; 
ttag +66 86/82/70/78/76; 
ttag +67 92/90/87/85/78; 
ttag +68 99/99/99/99/100; 
ttag +69 65/59/55/67/58; 
ttag +70 94/93/80/89/80; 
ttag +71 96/96/92/94/91; 
ttag +72 99/99/99/99/99; 
ttag +73 97/96/92/95/88; 
ttag +74 31/[9]/?/?/?; 
ttag +75 37/[3]/?/?/1; 
ttag +76 92/90/85/88/83; 
ttag +77 96/94/93/96/89; 
ttag +78 62/50/44/59/37; 
ttag +79 65/46/42/47/38; 
ttag +80 44/11/4/11/0; 
ttag +81 98/97/94/96/90; 
ttag +82 54/46/35/54/36; 
ttag +83 76/68/54/78/76; 
ttag +84 90/84/76/90/74; 
ttag +85 97/96/92/97/92; 
ttag +86 34/2/?/?/6; 
ttag +87 97/95/93/98/89; 
ttag +88 22/[8]/?/?/2; 
ttag +89 97/96/92/98/94; 
ttag +90 5/[29]/?/?/?; 
ttag +91 4/[30]/?/?/?; 
ttag +92 4/[30]/?/?/?; 
ttag +93 31/10/?/10/5; 
ttag +94 100/100/100/100/100; 
