tread
'Tree with tags' 
(0 (1 ((2 3 )((11 ((4 5 )((6 7 )((8 (9 10 ))((14 21 (18 (19 20 )))((15 (16 17 ))(22 ((23 (24 25 ))(26 (27 (28 ((29 (30 31 ))((32 ((33 34 )(35 (36 (37 38 39 )))))((40 (41 (42 43 )))(45 (44 (46 47 )))))))))))))))))(12 13 ))))); 
ttag *!; 
ttag +49 ???; 
ttag +50 4; 
ttag +51 6; 
ttag +52 2; 
ttag +53 1; 
ttag +54 1; 
ttag +55 2; 
ttag +56 1; 
ttag +57 1; 
ttag +58 10; 
ttag +59 1; 
ttag +60 3; 
ttag +61 1; 
ttag +62 1; 
ttag +63 4; 
ttag +64 6; 
ttag +65 3; 
ttag +66 3; 
ttag +67 6; 
ttag +68 12; 
ttag +69 1; 
ttag +70 12; 
ttag +71 3; 
ttag +72 5; 
ttag +73 3; 
ttag +74 2; 
ttag +75 2; 
ttag +76 10; 
ttag +77 1; 
ttag +78 5; 
ttag +79 9; 
ttag +80 1; 
ttag +81 8; 
ttag +82 3; 
ttag +83 3; 
ttag +84 8; 
ttag +85 6; 
ttag +86 1; 
ttag +87 1; 
ttag +88 3; 
ttag +89 7; 
ttag +90 3; 
ttag +91 6; 
ttag +92 1; 
tread
'Tree with tags' 
(0 (1 ((2 3 )((11 ((4 5 )((6 7 )((8 (9 10 ))((21 (14 (18 (19 20 ))))((15 (16 17 ))(22 ((23 (24 25 ))(26 (27 (28 ((29 (30 31 ))((32 ((33 34 )(35 (36 (38 (37 39 ))))))((40 (41 (42 43 )))(45 (44 (46 47 )))))))))))))))))(12 13 ))))); 
ttag *!; 
ttag +0 ////; 
ttag +1 ////; 
ttag +2 ////; 
ttag +3 ////; 
ttag +4 ////; 
ttag +5 ////; 
ttag +6 ////; 
ttag +7 ////; 
ttag +8 ////; 
ttag +9 ////; 
ttag +10 ////; 
ttag +11 ////; 
ttag +12 ////; 
ttag +13 ////; 
ttag +14 ////; 
ttag +15 ////; 
ttag +16 ////; 
ttag +17 ////; 
ttag +18 ////; 
ttag +19 ////; 
ttag +20 ////; 
ttag +21 ////; 
ttag +22 ////; 
ttag +23 ////; 
ttag +24 ////; 
ttag +25 ////; 
ttag +26 ////; 
ttag +27 ////; 
ttag +28 ////; 
ttag +29 ////; 
ttag +30 ////; 
ttag +31 ////; 
ttag +32 ////; 
ttag +33 ////; 
ttag +34 ////; 
ttag +35 ////; 
ttag +36 ////; 
ttag +37 ////; 
ttag +38 ////; 
ttag +39 ////; 
ttag +40 ////; 
ttag +41 ////; 
ttag +42 ////; 
ttag +43 ////; 
ttag +44 ////; 
ttag +45 ////; 
ttag +46 ////; 
ttag +47 ////; 
ttag +48 ////; 
ttag +49 100/100/100/100/100; 
ttag +50 95/92/87/94/90; 
ttag +51 92/88/86/90/82; 
ttag +52 70/66/60/68/58; 
ttag +53 5/[16]/?/?/?; 
ttag +54 11/[10]/?/?/?; 
ttag +55 81/76/69/78/66; 
ttag +56 55/50/45/56/54; 
ttag +57 5/[16]/?/?/?; 
ttag +58 100/100/100/100/100; 
ttag +59 0/[21]/?/?/?; 
ttag +60 92/90/82/93/76; 
ttag +61 48/27/19/21/11; 
ttag +62 6/[8]/?/?/?; 
ttag +63 19/6/?/8/6; 
ttag +64 56/51/39/58/35; 
ttag +65 91/90/83/93/87; 
ttag +66 26/9/?/19/6; 
ttag +67 63/38/33/44/44; 
ttag +68 82/77/66/83/60; 
ttag +69 100/100/100/100/100; 
ttag +70 36/16/17/16/12; 
ttag +71 100/100/100/99/99; 
ttag +72 31/11/6/20/1; 
ttag +73 90/84/72/87/70; 
ttag +74 28/14/10/26/2; 
ttag +75 20/6/1/16/?; 
ttag +76 13/0/?/7/?; 
ttag +77 99/99/98/100/97; 
ttag +78 6/[26]/?/?/?; 
ttag +79 95/94/94/95/88; 
ttag +80 94/92/78/91/76; 
ttag +81 9/[18]/?/?/?; 
ttag +82 97/96/90/97/90; 
ttag +83 61/37/24/43/16; 
ttag +84 62/38/31/44/26; 
ttag +85 96/95/87/93/90; 
ttag +86 3/2/5/1/4; 
ttag +87 91/86/71/86/71; 
ttag +88 57/41/35/36/26; 
ttag +89 17/[9]/?/?/?; 
ttag +90 87/84/71/86/68; 
ttag +91 98/98/96/99/94; 
ttag +92 49/26/21/40/20; 
ttag +93 83/79/68/82/68; 
ttag +94 33/10/12/26/17; 
