tread
'Tree with tags' 
(0 (1 ((2 3 )(4 (6 (7 ((5 (11 (12 13 21 (14 18 (17 (15 16 ))(19 20 ))(22 (23 (24 25 ))(26 27 (28 29 (30 31 )(32 ((35 (33 34 ))(36 (37 (38 39 )))))((40 41 (42 43 ))(44 47 (45 46 )))))))))(8 (9 10 ))))))))); 
ttag *!; 
ttag +49 ???; 
ttag +50 1; 
ttag +51 2; 
ttag +52 8; 
ttag +53 2; 
ttag +54 1; 
ttag +55 1; 
ttag +56 7; 
ttag +57 10; 
ttag +58 5; 
ttag +59 3; 
ttag +60 3; 
ttag +61 3; 
ttag +62 1; 
ttag +63 6; 
ttag +64 5; 
ttag +65 5; 
ttag +66 6; 
ttag +67 4; 
ttag +68 5; 
ttag +69 1; 
ttag +70 2; 
ttag +71 8; 
ttag +72 3; 
ttag +73 1; 
ttag +74 2; 
ttag +75 3; 
ttag +76 2; 
ttag +77 2; 
ttag +78 7; 
ttag +79 1; 
ttag +80 5; 
ttag +81 1; 
ttag +82 1; 
tread
'Tree with tags' 
(0 (1 ((2 3 )(4 (6 (7 ((5 (11 (((12 13 )((22 (23 (24 25 )))(26 (27 (28 (((29 (30 31 ))((40 (41 (42 43 )))(47 (44 (45 46 )))))(32 ((35 (33 34 ))(36 (37 (38 39 )))))))))))(21 (((14 18 )(17 (15 16 )))(19 20 ))))))(8 (9 10 ))))))))); 
ttag *!; 
ttag +0 ////; 
ttag +1 ////; 
ttag +2 ////; 
ttag +3 ////; 
ttag +4 ////; 
ttag +5 ////; 
ttag +6 ////; 
ttag +7 ////; 
ttag +8 ////; 
ttag +9 ////; 
ttag +10 ////; 
ttag +11 ////; 
ttag +12 ////; 
ttag +13 ////; 
ttag +14 ////; 
ttag +15 ////; 
ttag +16 ////; 
ttag +17 ////; 
ttag +18 ////; 
ttag +19 ////; 
ttag +20 ////; 
ttag +21 ////; 
ttag +22 ////; 
ttag +23 ////; 
ttag +24 ////; 
ttag +25 ////; 
ttag +26 ////; 
ttag +27 ////; 
ttag +28 ////; 
ttag +29 ////; 
ttag +30 ////; 
ttag +31 ////; 
ttag +32 ////; 
ttag +33 ////; 
ttag +34 ////; 
ttag +35 ////; 
ttag +36 ////; 
ttag +37 ////; 
ttag +38 ////; 
ttag +39 ////; 
ttag +40 ////; 
ttag +41 ////; 
ttag +42 ////; 
ttag +43 ////; 
ttag +44 ////; 
ttag +45 ////; 
ttag +46 ////; 
ttag +47 ////; 
ttag +48 ////; 
ttag +49 100/100/100/100/100; 
ttag +50 56/34/21/41/28; 
ttag +51 85/82/78/81/80; 
ttag +52 99/99/97/98/96; 
ttag +53 58/52/25/48/23; 
ttag +54 41/27/2/31/7; 
ttag +55 45/30/6/34/9; 
ttag +56 87/83/71/88/70; 
ttag +57 100/100/99/100/99; 
ttag +58 99/99/99/96/97; 
ttag +59 67/60/42/61/36; 
ttag +60 34/21/10/20/13; 
ttag +61 6/[18]/?/?/?; 
ttag +62 66/61/42/65/36; 
ttag +63 20/[30]/?/?/?; 
ttag +64 24/[26]/?/?/?; 
ttag +65 79/78/63/79/62; 
ttag +66 20/[4]/?/?/?; 
ttag +67 64/39/30/33/35; 
ttag +68 98/97/92/98/95; 
ttag +69 98/97/95/98/93; 
ttag +70 25/[9]/?/?/?; 
ttag +71 80/76/58/79/55; 
ttag +72 98/98/92/95/94; 
ttag +73 92/90/81/90/85; 
ttag +74 82/80/67/86/70; 
ttag +75 22/[35]/?/?/?; 
ttag +76 31/16/10/19/8; 
ttag +77 43/24/24/13/12; 
ttag +78 12/[8]/?/?/?; 
ttag +79 23/5/?/?/?; 
ttag +80 82/74/69/81/78; 
ttag +81 99/98/98/99/96; 
ttag +82 86/80/74/83/65; 
ttag +83 55/39/28/42/36; 
ttag +84 71/62/52/66/57; 
ttag +85 83/78/76/81/74; 
ttag +86 93/92/86/87/81; 
ttag +87 78/68/59/74/59; 
ttag +88 99/98/96/99/97; 
ttag +89 48/32/39/42/28; 
ttag +90 35/[8]/?/?/?; 
ttag +91 92/88/83/90/87; 
ttag +92 35/28/27/27/24; 
ttag +93 55/33/25/34/24; 
ttag +94 54/42/43/50/40; 
