tread
'Tree with tags' 
(0 (1 ((2 3 )(4 5 6 7 11 (8 9 10 )(12 13 ((14 ((15 (16 17 ))(18 (19 20 ))))(21 ((22 (23 (24 25 )))(26 (27 (28 ((29 (30 31 ))(((32 (33 34 ))(35 (36 (38 (37 39 )))))((40 41 (42 43 ))(46 (44 (45 47 ))))))))))))))))); 
ttag *!; 
ttag +49 ???; 
ttag +50 3; 
ttag +51 1; 
ttag +52 4; 
ttag +53 10; 
ttag +54 3; 
ttag +55 4; 
ttag +56 1; 
ttag +57 4; 
ttag +58 3; 
ttag +59 2; 
ttag +60 5; 
ttag +61 8; 
ttag +62 2; 
ttag +63 5; 
ttag +64 5; 
ttag +65 8; 
ttag +66 5; 
ttag +67 9; 
ttag +68 5; 
ttag +69 2; 
ttag +70 9; 
ttag +71 2; 
ttag +72 1; 
ttag +73 1; 
ttag +74 7; 
ttag +75 3; 
ttag +76 5; 
ttag +77 2; 
ttag +78 5; 
ttag +79 2; 
ttag +80 4; 
ttag +81 6; 
ttag +82 1; 
ttag +83 7; 
ttag +84 1; 
ttag +85 5; 
ttag +86 1; 
tread
'Tree with tags' 
(0 (1 ((2 3 )(5 ((4 11 )((6 (7 (10 (8 9 ))))((12 13 )((14 ((15 (16 17 ))(18 (19 20 ))))(21 ((22 (23 (24 25 )))(26 (27 (28 ((29 (30 31 ))(((32 (33 34 ))(35 (36 (38 (37 39 )))))((40 (41 (42 43 )))(46 (44 (45 47 ))))))))))))))))))); 
ttag *!; 
ttag +0 ////; 
ttag +1 ////; 
ttag +2 ////; 
ttag +3 ////; 
ttag +4 ////; 
ttag +5 ////; 
ttag +6 ////; 
ttag +7 ////; 
ttag +8 ////; 
ttag +9 ////; 
ttag +10 ////; 
ttag +11 ////; 
ttag +12 ////; 
ttag +13 ////; 
ttag +14 ////; 
ttag +15 ////; 
ttag +16 ////; 
ttag +17 ////; 
ttag +18 ////; 
ttag +19 ////; 
ttag +20 ////; 
ttag +21 ////; 
ttag +22 ////; 
ttag +23 ////; 
ttag +24 ////; 
ttag +25 ////; 
ttag +26 ////; 
ttag +27 ////; 
ttag +28 ////; 
ttag +29 ////; 
ttag +30 ////; 
ttag +31 ////; 
ttag +32 ////; 
ttag +33 ////; 
ttag +34 ////; 
ttag +35 ////; 
ttag +36 ////; 
ttag +37 ////; 
ttag +38 ////; 
ttag +39 ////; 
ttag +40 ////; 
ttag +41 ////; 
ttag +42 ////; 
ttag +43 ////; 
ttag +44 ////; 
ttag +45 ////; 
ttag +46 ////; 
ttag +47 ////; 
ttag +48 ////; 
ttag +49 100/100/100/100/100; 
ttag +50 80/76/74/81/68; 
ttag +51 60/53/51/49/45; 
ttag +52 13/[7]/?/?/4; 
ttag +53 22/1/0/4/0; 
ttag +54 61/56/36/59/45; 
ttag +55 29/10/6/8/13; 
ttag +56 3/[15]/?/?/?; 
ttag +57 18/[8]/?/?/?; 
ttag +58 8/[24]/?/?/?; 
ttag +59 100/100/99/100/99; 
ttag +60 54/50/31/40/42; 
ttag +61 47/36/22/48/16; 
ttag +62 56/44/30/51/26; 
ttag +63 33/21/8/32/4; 
ttag +64 92/90/90/95/89; 
ttag +65 49/36/19/47/16; 
ttag +66 78/66/51/65/54; 
ttag +67 96/95/89/98/90; 
ttag +68 100/100/100/99/98; 
ttag +69 61/58/51/68/47; 
ttag +70 96/95/91/95/86; 
ttag +71 80/77/68/80/64; 
ttag +72 99/98/98/100/96; 
ttag +73 99/99/98/98/97; 
ttag +74 94/91/82/91/80; 
ttag +75 74/64/55/74/61; 
ttag +76 64/57/45/58/50; 
ttag +77 99/99/97/99/99; 
ttag +78 44/35/27/36/30; 
ttag +79 53/24/28/28/17; 
ttag +80 37/11/10/12/9; 
ttag +81 98/98/94/99/94; 
ttag +82 42/19/14/33/16; 
ttag +83 93/90/76/87/85; 
ttag +84 48/23/25/28/28; 
ttag +85 93/92/82/94/80; 
ttag +86 93/93/86/87/87; 
ttag +87 93/92/85/94/90; 
ttag +88 98/98/93/99/97; 
ttag +89 54/43/43/39/31; 
ttag +90 42/12/?/4/12; 
ttag +91 98/97/95/99/96; 
ttag +92 34/0/?/?/?; 
ttag +93 82/75/66/76/60; 
ttag +94 35/2/?/?/?; 
