tread
'Tree with tags' 
(0 (1 ((2 3 )(4 5 (6 7 )(8 (9 10 ))(11 12 (13 (14 21 ((15 16 17 )(18 (19 20 )))((22 (23 (24 25 )))(26 (27 (28 (47 (29 (30 31 ))(((32 (35 (36 (37 38 39 ))))(33 34 ))(41 (40 (42 43 ))))(44 45 46 ))))))))))))); 
ttag *!; 
ttag +49 ???; 
ttag +50 10; 
ttag +51 2; 
ttag +52 1; 
ttag +53 1; 
ttag +54 9; 
ttag +55 3; 
ttag +56 3; 
ttag +57 1; 
ttag +58 1; 
ttag +59 3; 
ttag +60 3; 
ttag +61 7; 
ttag +62 5; 
ttag +63 3; 
ttag +64 4; 
ttag +65 4; 
ttag +66 11; 
ttag +67 1; 
ttag +68 4; 
ttag +69 2; 
ttag +70 2; 
ttag +71 3; 
ttag +72 3; 
ttag +73 1; 
ttag +74 7; 
ttag +75 2; 
ttag +76 4; 
ttag +77 4; 
ttag +78 5; 
ttag +79 8; 
ttag +80 1; 
ttag +81 6; 
ttag +82 6; 
ttag +83 1; 
tread
'Tree with tags' 
(0 (1 ((2 3 )(4 (((5 (8 (9 10 )))(6 7 ))(11 (12 (13 (((14 21 )((22 (23 (24 25 )))(26 (27 (28 (((47 (29 (30 31 )))(((32 (35 (36 (38 (37 39 )))))(33 34 ))(41 (40 (42 43 )))))(45 (44 46 ))))))))((15 (16 17 ))(18 (19 20 )))))))))))); 
ttag *!; 
ttag +0 ////; 
ttag +1 ////; 
ttag +2 ////; 
ttag +3 ////; 
ttag +4 ////; 
ttag +5 ////; 
ttag +6 ////; 
ttag +7 ////; 
ttag +8 ////; 
ttag +9 ////; 
ttag +10 ////; 
ttag +11 ////; 
ttag +12 ////; 
ttag +13 ////; 
ttag +14 ////; 
ttag +15 ////; 
ttag +16 ////; 
ttag +17 ////; 
ttag +18 ////; 
ttag +19 ////; 
ttag +20 ////; 
ttag +21 ////; 
ttag +22 ////; 
ttag +23 ////; 
ttag +24 ////; 
ttag +25 ////; 
ttag +26 ////; 
ttag +27 ////; 
ttag +28 ////; 
ttag +29 ////; 
ttag +30 ////; 
ttag +31 ////; 
ttag +32 ////; 
ttag +33 ////; 
ttag +34 ////; 
ttag +35 ////; 
ttag +36 ////; 
ttag +37 ////; 
ttag +38 ////; 
ttag +39 ////; 
ttag +40 ////; 
ttag +41 ////; 
ttag +42 ////; 
ttag +43 ////; 
ttag +44 ////; 
ttag +45 ////; 
ttag +46 ////; 
ttag +47 ////; 
ttag +48 ////; 
ttag +49 100/100/100/100/100; 
ttag +50 100/100/99/100/100; 
ttag +51 56/33/22/33/27; 
ttag +52 29/9/?/6/?; 
ttag +53 13/[2]/?/?/?; 
ttag +54 11/[3]/?/?/?; 
ttag +55 15/[4]/?/?/?; 
ttag +56 50/34/28/18/24; 
ttag +57 99/99/100/100/99; 
ttag +58 96/94/94/95/87; 
ttag +59 40/19/6/18/2; 
ttag +60 13/[10]/?/?/?; 
ttag +61 26/5/?/5/?; 
ttag +62 26/16/10/7/10; 
ttag +63 27/9/4/2/0; 
ttag +64 40/20/6/22/10; 
ttag +65 82/80/72/85/74; 
ttag +66 52/31/12/33/15; 
ttag +67 27/[4]/?/10/6; 
ttag +68 98/98/95/98/94; 
ttag +69 98/98/99/98/97; 
ttag +70 61/50/46/58/51; 
ttag +71 72/66/54/65/49; 
ttag +72 96/94/86/92/88; 
ttag +73 100/100/100/100/99; 
ttag +74 78/75/60/66/56; 
ttag +75 80/75/58/79/57; 
ttag +76 65/57/43/62/39; 
ttag +77 76/69/64/67/53; 
ttag +78 16/[7]/?/?/?; 
ttag +79 8/[16]/?/?/?; 
ttag +80 83/82/69/84/65; 
ttag +81 94/92/89/94/86; 
ttag +82 44/16/4/29/14; 
ttag +83 97/96/94/96/91; 
ttag +84 58/51/34/57/29; 
ttag +85 94/92/89/92/86; 
ttag +86 83/80/72/81/74; 
ttag +87 94/91/79/92/79; 
ttag +88 6/5/6/2/9; 
ttag +89 97/96/92/98/93; 
ttag +90 60/45/38/62/54; 
ttag +91 85/80/76/88/71; 
ttag +92 99/99/99/100/97; 
ttag +93 5/[63]/?/?/?; 
ttag +94 46/36/26/35/32; 
