tread
'Tree with tags' 
(0 (1 ((2 3 )(11 (4 5 ((6 7 )(8 (9 10 )))(14 21 (12 13 )(((15 (16 17 ))(18 (19 20 )))((22 (23 (24 25 )))(26 (27 (28 (40 41 46 (29 (30 31 ))(32 ((33 34 )(35 (36 (37 (38 39 ))))))(42 43 )(44 (45 47 )))))))))))))); 
ttag *!; 
ttag +49 ???; 
ttag +50 7; 
ttag +51 5; 
ttag +52 1; 
ttag +53 2; 
ttag +54 2; 
ttag +55 1; 
ttag +56 6; 
ttag +57 1; 
ttag +58 3; 
ttag +59 1; 
ttag +60 10; 
ttag +61 5; 
ttag +62 1; 
ttag +63 1; 
ttag +64 2; 
ttag +65 8; 
ttag +66 7; 
ttag +67 7; 
ttag +68 3; 
ttag +69 6; 
ttag +70 4; 
ttag +71 2; 
ttag +72 2; 
ttag +73 4; 
ttag +74 1; 
ttag +75 2; 
ttag +76 9; 
ttag +77 7; 
ttag +78 3; 
ttag +79 2; 
ttag +80 4; 
ttag +81 9; 
ttag +82 2; 
ttag +83 6; 
ttag +84 2; 
ttag +85 1; 
tread
'Tree with tags' 
(0 (1 ((2 3 )(11 (4 ((5 ((6 7 )(8 (9 10 ))))((14 (21 (12 13 )))(((15 (16 17 ))(18 (19 20 )))((22 (23 (24 25 )))(26 (27 (28 (((29 (30 31 ))(32 ((33 34 )(35 (36 (37 (38 39 )))))))((46 (40 (41 (42 43 ))))(44 (45 47 )))))))))))))))); 
ttag *!; 
ttag +0 ////; 
ttag +1 ////; 
ttag +2 ////; 
ttag +3 ////; 
ttag +4 ////; 
ttag +5 ////; 
ttag +6 ////; 
ttag +7 ////; 
ttag +8 ////; 
ttag +9 ////; 
ttag +10 ////; 
ttag +11 ////; 
ttag +12 ////; 
ttag +13 ////; 
ttag +14 ////; 
ttag +15 ////; 
ttag +16 ////; 
ttag +17 ////; 
ttag +18 ////; 
ttag +19 ////; 
ttag +20 ////; 
ttag +21 ////; 
ttag +22 ////; 
ttag +23 ////; 
ttag +24 ////; 
ttag +25 ////; 
ttag +26 ////; 
ttag +27 ////; 
ttag +28 ////; 
ttag +29 ////; 
ttag +30 ////; 
ttag +31 ////; 
ttag +32 ////; 
ttag +33 ////; 
ttag +34 ////; 
ttag +35 ////; 
ttag +36 ////; 
ttag +37 ////; 
ttag +38 ////; 
ttag +39 ////; 
ttag +40 ////; 
ttag +41 ////; 
ttag +42 ////; 
ttag +43 ////; 
ttag +44 ////; 
ttag +45 ////; 
ttag +46 ////; 
ttag +47 ////; 
ttag +48 ////; 
ttag +49 100/100/100/100/100; 
ttag +50 98/98/92/100/95; 
ttag +51 93/90/86/92/88; 
ttag +52 42/23/12/32/5; 
ttag +53 59/40/36/54/28; 
ttag +54 14/7/2/14/3; 
ttag +55 10/[7]/?/?/?; 
ttag +56 66/61/61/65/57; 
ttag +57 33/27/24/31/19; 
ttag +58 99/99/100/100/98; 
ttag +59 46/11/3/9/13; 
ttag +60 86/83/62/87/74; 
ttag +61 34/20/10/10/12; 
ttag +62 25/6/?/9/10; 
ttag +63 39/32/27/34/19; 
ttag +64 99/99/97/99/96; 
ttag +65 86/82/72/88/75; 
ttag +66 44/25/18/23/21; 
ttag +67 59/34/25/37/28; 
ttag +68 79/73/68/75/61; 
ttag +69 100/100/99/100/98; 
ttag +70 100/100/96/100/96; 
ttag +71 98/97/93/97/94; 
ttag +72 92/91/77/88/73; 
ttag +73 100/100/98/99/98; 
ttag +74 86/84/67/86/74; 
ttag +75 71/67/42/70/45; 
ttag +76 77/73/56/72/58; 
ttag +77 76/74/62/80/54; 
ttag +78 11/[21]/?/?/?; 
ttag +79 52/41/33/38/26; 
ttag +80 80/76/56/79/64; 
ttag +81 100/100/100/99/98; 
ttag +82 98/98/98/97/97; 
ttag +83 56/37/32/46/27; 
ttag +84 50/30/26/36/20; 
ttag +85 80/70/69/76/74; 
ttag +86 98/97/96/99/97; 
ttag +87 71/59/46/64/39; 
ttag +88 24/[8]/?/?/?; 
ttag +89 28/[4]/?/?/?; 
ttag +90 19/[13]/?/?/?; 
ttag +91 38/5/8/2/7; 
ttag +92 98/98/92/99/94; 
ttag +93 75/70/59/62/55; 
ttag +94 66/56/47/61/39; 
