tread
'Tree with tags' 
(0 (1 ((2 3 )(4 ((5 ((((11 (15 (16 17 )))(12 13 ))(14 (21 (18 (19 20 )))))((22 (23 (24 25 )))(26 (27 (28 ((29 (30 31 ))(((((32 (35 (36 (38 (37 39 )))))(33 34 ))(40 41 (42 43 )))(45 46 ))(44 47 )))))))))((6 7 )(8 (9 10 )))))))); 
ttag *!; 
ttag +49 ???; 
ttag +50 2; 
ttag +51 4; 
ttag +52 4; 
ttag +53 1; 
ttag +54 1; 
ttag +55 1; 
ttag +56 1; 
ttag +57 9; 
ttag +58 2; 
ttag +59 1; 
ttag +60 2; 
ttag +61 2; 
ttag +62 1; 
ttag +63 4; 
ttag +64 1; 
ttag +65 2; 
ttag +66 1; 
ttag +67 10; 
ttag +68 3; 
ttag +69 9; 
ttag +70 3; 
ttag +71 4; 
ttag +72 8; 
ttag +73 9; 
ttag +74 4; 
ttag +75 1; 
ttag +76 2; 
ttag +77 3; 
ttag +78 1; 
ttag +79 2; 
ttag +80 2; 
ttag +81 5; 
ttag +82 1; 
ttag +83 1; 
ttag +84 3; 
ttag +85 3; 
ttag +86 7; 
ttag +87 4; 
ttag +88 2; 
ttag +89 5; 
ttag +90 7; 
ttag +91 4; 
ttag +92 1; 
ttag +93 1; 
tread
'Tree with tags' 
(0 (1 ((2 3 )(4 ((5 ((((11 (15 (16 17 )))(12 13 ))(14 (21 (18 (19 20 )))))((22 (23 (24 25 )))(26 (27 (28 ((29 (30 31 ))(((((32 (35 (36 (38 (37 39 )))))(33 34 ))((40 41 )(42 43 )))(45 46 ))(44 47 )))))))))((6 7 )(8 (9 10 )))))))); 
ttag *!; 
ttag +0 ////; 
ttag +1 ////; 
ttag +2 ////; 
ttag +3 ////; 
ttag +4 ////; 
ttag +5 ////; 
ttag +6 ////; 
ttag +7 ////; 
ttag +8 ////; 
ttag +9 ////; 
ttag +10 ////; 
ttag +11 ////; 
ttag +12 ////; 
ttag +13 ////; 
ttag +14 ////; 
ttag +15 ////; 
ttag +16 ////; 
ttag +17 ////; 
ttag +18 ////; 
ttag +19 ////; 
ttag +20 ////; 
ttag +21 ////; 
ttag +22 ////; 
ttag +23 ////; 
ttag +24 ////; 
ttag +25 ////; 
ttag +26 ////; 
ttag +27 ////; 
ttag +28 ////; 
ttag +29 ////; 
ttag +30 ////; 
ttag +31 ////; 
ttag +32 ////; 
ttag +33 ////; 
ttag +34 ////; 
ttag +35 ////; 
ttag +36 ////; 
ttag +37 ////; 
ttag +38 ////; 
ttag +39 ////; 
ttag +40 ////; 
ttag +41 ////; 
ttag +42 ////; 
ttag +43 ////; 
ttag +44 ////; 
ttag +45 ////; 
ttag +46 ////; 
ttag +47 ////; 
ttag +48 ////; 
ttag +49 100/100/100/100/100; 
ttag +50 74/59/55/54/53; 
ttag +51 92/90/84/86/81; 
ttag +52 91/89/87/93/80; 
ttag +53 16/6/2/2/?; 
ttag +54 24/3/?/5/0; 
ttag +55 58/53/52/55/52; 
ttag +56 14/[7]/?/?/?; 
ttag +57 100/100/100/100/100; 
ttag +58 61/51/38/51/46; 
ttag +59 15/3/?/6/3; 
ttag +60 7/[8]/?/0/?; 
ttag +61 11/[24]/?/?/?; 
ttag +62 31/22/10/22/8; 
ttag +63 52/36/28/46/30; 
ttag +64 15/[20]/?/?/?; 
ttag +65 79/75/68/72/65; 
ttag +66 37/2/?/6/4; 
ttag +67 99/99/96/98/96; 
ttag +68 25/[10]/?/?/?; 
ttag +69 100/100/100/100/98; 
ttag +70 83/76/64/80/66; 
ttag +71 72/63/56/74/50; 
ttag +72 100/100/99/99/98; 
ttag +73 98/97/99/99/98; 
ttag +74 89/88/84/90/80; 
ttag +75 29/5/2/?/?; 
ttag +76 57/34/20/31/30; 
ttag +77 86/80/83/91/80; 
ttag +78 60/54/40/50/51; 
ttag +79 74/60/48/60/56; 
ttag +80 59/39/32/36/29; 
ttag +81 90/86/74/91/80; 
ttag +82 32/13/1/6/0; 
ttag +83 23/[7]/?/?/?; 
ttag +84 77/72/66/78/58; 
ttag +85 94/94/86/96/89; 
ttag +86 96/94/93/95/90; 
ttag +87 98/98/97/96/96; 
ttag +88 75/71/55/75/62; 
ttag +89 95/94/93/97/95; 
ttag +90 29/[23]/?/?/?; 
ttag +91 98/98/94/99/93; 
ttag +92 98/97/92/98/94; 
ttag +93 44/38/38/45/36; 
ttag +94 36/16/10/23/10; 
