tread
'Tree with tags' 
(0 (1 ((2 3 )(((4 (11 (((14 ((12 (13 21 ))(18 (19 20 ))))(15 (16 17 )))((22 (23 (24 25 )))(26 (27 (28 ((29 (30 31 ))(40 (41 (42 43 ))))(((32 (35 (36 (38 (37 39 )))))(33 34 ))(46 (45 (44 47 )))))))))))(5 (6 7 )))(8 (9 10 )))))); 
ttag *!; 
ttag +49 ???; 
ttag +50 3; 
ttag +51 3; 
ttag +52 1; 
ttag +53 1; 
ttag +54 5; 
ttag +55 1; 
ttag +56 3; 
ttag +57 5; 
ttag +58 5; 
ttag +59 1; 
ttag +60 1; 
ttag +61 1; 
ttag +62 1; 
ttag +63 1; 
ttag +64 1; 
ttag +65 2; 
ttag +66 8; 
ttag +67 2; 
ttag +68 8; 
ttag +69 6; 
ttag +70 2; 
ttag +71 2; 
ttag +72 5; 
ttag +73 2; 
ttag +74 4; 
ttag +75 4; 
ttag +76 4; 
ttag +77 4; 
ttag +78 1; 
ttag +79 4; 
ttag +80 1; 
ttag +81 7; 
ttag +82 2; 
ttag +83 2; 
ttag +84 3; 
ttag +85 5; 
ttag +86 2; 
ttag +87 5; 
ttag +88 5; 
ttag +89 2; 
ttag +90 4; 
ttag +91 2; 
ttag +92 2; 
ttag +93 5; 
tread
'Tree with tags' 
(0 (1 ((2 3 )(((4 (11 (((14 ((12 (13 21 ))(18 (19 20 ))))(15 (16 17 )))((22 (23 (24 25 )))(26 (27 ((28 (((32 (35 (36 (38 (37 39 )))))(33 34 ))(46 (45 (44 47 )))))((29 (30 31 ))(40 (41 (42 43 )))))))))))(5 (6 7 )))(8 (9 10 )))))); 
ttag *!; 
ttag +0 ////; 
ttag +1 ////; 
ttag +2 ////; 
ttag +3 ////; 
ttag +4 ////; 
ttag +5 ////; 
ttag +6 ////; 
ttag +7 ////; 
ttag +8 ////; 
ttag +9 ////; 
ttag +10 ////; 
ttag +11 ////; 
ttag +12 ////; 
ttag +13 ////; 
ttag +14 ////; 
ttag +15 ////; 
ttag +16 ////; 
ttag +17 ////; 
ttag +18 ////; 
ttag +19 ////; 
ttag +20 ////; 
ttag +21 ////; 
ttag +22 ////; 
ttag +23 ////; 
ttag +24 ////; 
ttag +25 ////; 
ttag +26 ////; 
ttag +27 ////; 
ttag +28 ////; 
ttag +29 ////; 
ttag +30 ////; 
ttag +31 ////; 
ttag +32 ////; 
ttag +33 ////; 
ttag +34 ////; 
ttag +35 ////; 
ttag +36 ////; 
ttag +37 ////; 
ttag +38 ////; 
ttag +39 ////; 
ttag +40 ////; 
ttag +41 ////; 
ttag +42 ////; 
ttag +43 ////; 
ttag +44 ////; 
ttag +45 ////; 
ttag +46 ////; 
ttag +47 ////; 
ttag +48 ////; 
ttag +49 100/100/100/100/100; 
ttag +50 81/76/77/78/73; 
ttag +51 79/70/66/77/64; 
ttag +52 2/[28]/?/?/?; 
ttag +53 12/[18]/?/?/?; 
ttag +54 81/74/54/76/63; 
ttag +55 20/12/10/11/16; 
ttag +56 52/48/45/55/46; 
ttag +57 96/95/94/98/92; 
ttag +58 85/78/74/81/70; 
ttag +59 5/[25]/?/?/?; 
ttag +60 6/[14]/?/?/?; 
ttag +61 1/[29]/?/?/?; 
ttag +62 4/[26]/?/?/?; 
ttag +63 1/[29]/?/?/?; 
ttag +64 4/[26]/?/?/?; 
ttag +65 21/0/?/4/?; 
ttag +66 97/96/89/98/89; 
ttag +67 68/53/48/58/51; 
ttag +68 99/99/99/100/98; 
ttag +69 100/100/97/98/99; 
ttag +70 67/54/42/60/47; 
ttag +71 11/[9]/?/?/?; 
ttag +72 91/88/90/85/87; 
ttag +73 72/64/56/65/43; 
ttag +74 78/66/59/66/56; 
ttag +75 71/60/52/65/53; 
ttag +76 9/[23]/?/?/?; 
ttag +77 69/60/53/68/48; 
ttag +78 87/82/76/88/81; 
ttag +79 32/5/?/2/?; 
ttag +80 90/88/89/91/83; 
ttag +81 69/56/44/59/45; 
ttag +82 98/98/92/94/90; 
ttag +83 42/16/?/15/?; 
ttag +84 52/36/30/43/24; 
ttag +85 84/80/72/81/68; 
ttag +86 97/96/89/95/88; 
ttag +87 79/70/52/70/63; 
ttag +88 98/98/90/98/94; 
ttag +89 78/70/61/65/61; 
ttag +90 57/44/43/43/39; 
ttag +91 92/89/82/94/82; 
ttag +92 50/39/28/38/26; 
ttag +93 40/14/?/12/1; 
ttag +94 93/92/83/94/83; 
