tread
'Tree with tags' 
(0 (1 ((2 3 )(5 (4 11 )((6 7 )(8 (9 10 )))(12 13 )(14 (21 (18 (19 20 ))((22 (23 (24 25 )))(26 (27 (28 ((29 (30 31 ))(46 (44 45 47 ((32 (35 (36 (37 38 39 ))))(33 34 ))((40 41 )(42 43 )))))))))))(15 16 17 ))))); 
ttag *!; 
ttag +49 ???; 
ttag +50 7; 
ttag +51 6; 
ttag +52 1; 
ttag +53 4; 
ttag +54 1; 
ttag +55 1; 
ttag +56 5; 
ttag +57 5; 
ttag +58 2; 
ttag +59 1; 
ttag +60 8; 
ttag +61 4; 
ttag +62 1; 
ttag +63 10; 
ttag +64 2; 
ttag +65 2; 
ttag +66 3; 
ttag +67 8; 
ttag +68 4; 
ttag +69 1; 
ttag +70 6; 
ttag +71 8; 
ttag +72 1; 
ttag +73 4; 
ttag +74 1; 
ttag +75 4; 
ttag +76 1; 
ttag +77 4; 
ttag +78 6; 
ttag +79 1; 
ttag +80 3; 
ttag +81 4; 
ttag +82 2; 
ttag +83 4; 
ttag +84 9; 
tread
'Tree with tags' 
(0 (1 ((2 3 )(((4 11 )(5 (((6 7 )(8 (9 10 )))((12 13 )(14 (21 ((18 (19 20 ))((22 (23 (24 25 )))(26 (27 (28 ((29 (30 31 ))(46 ((47 ((32 (35 (36 (39 (37 38 )))))(33 34 )))(45 (44 ((40 41 )(42 43 ))))))))))))))))))(17 (15 16 )))))); 
ttag *!; 
ttag +0 ////; 
ttag +1 ////; 
ttag +2 ////; 
ttag +3 ////; 
ttag +4 ////; 
ttag +5 ////; 
ttag +6 ////; 
ttag +7 ////; 
ttag +8 ////; 
ttag +9 ////; 
ttag +10 ////; 
ttag +11 ////; 
ttag +12 ////; 
ttag +13 ////; 
ttag +14 ////; 
ttag +15 ////; 
ttag +16 ////; 
ttag +17 ////; 
ttag +18 ////; 
ttag +19 ////; 
ttag +20 ////; 
ttag +21 ////; 
ttag +22 ////; 
ttag +23 ////; 
ttag +24 ////; 
ttag +25 ////; 
ttag +26 ////; 
ttag +27 ////; 
ttag +28 ////; 
ttag +29 ////; 
ttag +30 ////; 
ttag +31 ////; 
ttag +32 ////; 
ttag +33 ////; 
ttag +34 ////; 
ttag +35 ////; 
ttag +36 ////; 
ttag +37 ////; 
ttag +38 ////; 
ttag +39 ////; 
ttag +40 ////; 
ttag +41 ////; 
ttag +42 ////; 
ttag +43 ////; 
ttag +44 ////; 
ttag +45 ////; 
ttag +46 ////; 
ttag +47 ////; 
ttag +48 ////; 
ttag +49 100/100/100/100/100; 
ttag +50 99/99/98/100/97; 
ttag +51 98/98/95/98/95; 
ttag +52 73/70/58/70/57; 
ttag +53 25/[16]/?/?/?; 
ttag +54 84/79/61/79/62; 
ttag +55 2/[40]/?/?/?; 
ttag +56 59/50/53/58/54; 
ttag +57 41/28/32/28/26; 
ttag +58 3/[38]/?/?/?; 
ttag +59 99/98/90/98/95; 
ttag +60 99/99/95/97/92; 
ttag +61 77/71/67/74/66; 
ttag +62 24/[4]/?/2/?; 
ttag +63 26/15/11/28/14; 
ttag +64 42/13/17/21/14; 
ttag +65 100/100/98/100/98; 
ttag +66 94/93/87/95/91; 
ttag +67 20/[6]/?/?/?; 
ttag +68 46/42/29/47/36; 
ttag +69 100/100/100/100/99; 
ttag +70 60/44/33/44/32; 
ttag +71 55/38/25/43/31; 
ttag +72 84/80/77/84/78; 
ttag +73 100/100/100/100/99; 
ttag +74 69/64/61/68/58; 
ttag +75 43/14/?/13/?; 
ttag +76 76/73/63/77/66; 
ttag +77 99/99/98/100/97; 
ttag +78 47/38/27/45/34; 
ttag +79 94/94/88/95/85; 
ttag +80 38/9/2/11/1; 
ttag +81 94/92/82/92/81; 
ttag +82 8/[12]/?/?/?; 
ttag +83 20/0/?/5/?; 
ttag +84 63/56/50/65/54; 
ttag +85 99/98/95/98/93; 
ttag +86 30/20/21/24/19; 
ttag +87 81/72/64/70/62; 
ttag +88 33/[3]/?/?/?; 
ttag +89 84/76/72/80/68; 
ttag +90 76/71/52/67/63; 
ttag +91 93/91/86/93/90; 
ttag +92 30/7/?/3/2; 
ttag +93 14/[5]/?/?/?; 
ttag +94 100/100/98/100/98; 
