tread
'Tree with tags' 
(0 (1 ((2 3 )(4 (5 ((6 7 )(8 (9 10 )))(11 (12 13 14 21 (17 (15 16 ))(18 (19 20 ))(22 (23 (24 25 )))(26 (28 (27 ((29 (30 31 ))((32 ((33 34 )(35 (36 (37 (38 39 ))))))((40 (41 (42 43 )))(44 45 46 47 )))))))))))))); 
ttag *!; 
ttag +49 ???; 
ttag +50 6; 
ttag +51 2; 
ttag +52 3; 
ttag +53 1; 
ttag +54 3; 
ttag +55 2; 
ttag +56 8; 
ttag +57 1; 
ttag +58 2; 
ttag +59 1; 
ttag +60 1; 
ttag +61 3; 
ttag +62 5; 
ttag +63 8; 
ttag +64 3; 
ttag +65 5; 
ttag +66 5; 
ttag +67 10; 
ttag +68 1; 
ttag +69 1; 
ttag +70 4; 
ttag +71 5; 
ttag +72 7; 
ttag +73 5; 
ttag +74 2; 
ttag +75 4; 
ttag +76 1; 
ttag +77 1; 
ttag +78 1; 
ttag +79 8; 
ttag +80 1; 
ttag +81 6; 
ttag +82 2; 
ttag +83 1; 
ttag +84 11; 
ttag +85 1; 
tread
'Tree with tags' 
(0 (1 ((2 3 )(4 ((5 (11 ((12 13 )(((14 ((17 (15 16 ))(18 (19 20 ))))(22 (23 (24 25 ))))(21 (26 (28 (27 ((29 (30 31 ))((32 ((33 34 )(35 (36 (37 (38 39 ))))))((40 (41 (42 43 )))((44 45 )(46 47 )))))))))))))((6 7 )(8 (9 10 )))))))); 
ttag *!; 
ttag +0 ////; 
ttag +1 ////; 
ttag +2 ////; 
ttag +3 ////; 
ttag +4 ////; 
ttag +5 ////; 
ttag +6 ////; 
ttag +7 ////; 
ttag +8 ////; 
ttag +9 ////; 
ttag +10 ////; 
ttag +11 ////; 
ttag +12 ////; 
ttag +13 ////; 
ttag +14 ////; 
ttag +15 ////; 
ttag +16 ////; 
ttag +17 ////; 
ttag +18 ////; 
ttag +19 ////; 
ttag +20 ////; 
ttag +21 ////; 
ttag +22 ////; 
ttag +23 ////; 
ttag +24 ////; 
ttag +25 ////; 
ttag +26 ////; 
ttag +27 ////; 
ttag +28 ////; 
ttag +29 ////; 
ttag +30 ////; 
ttag +31 ////; 
ttag +32 ////; 
ttag +33 ////; 
ttag +34 ////; 
ttag +35 ////; 
ttag +36 ////; 
ttag +37 ////; 
ttag +38 ////; 
ttag +39 ////; 
ttag +40 ////; 
ttag +41 ////; 
ttag +42 ////; 
ttag +43 ////; 
ttag +44 ////; 
ttag +45 ////; 
ttag +46 ////; 
ttag +47 ////; 
ttag +48 ////; 
ttag +49 100/100/100/100/100; 
ttag +50 98/98/96/98/96; 
ttag +51 76/66/70/80/72; 
ttag +52 85/81/73/82/72; 
ttag +53 40/24/12/15/9; 
ttag +54 55/39/45/53/41; 
ttag +55 84/82/78/85/82; 
ttag +56 65/61/48/69/52; 
ttag +57 99/99/99/100/99; 
ttag +58 58/34/27/35/32; 
ttag +59 65/62/46/73/50; 
ttag +60 25/16/12/18/18; 
ttag +61 45/39/24/45/32; 
ttag +62 24/4/?/2/0; 
ttag +63 6/[14]/?/?/?; 
ttag +64 14/4/?/6/0; 
ttag +65 57/52/39/55/53; 
ttag +66 61/44/36/48/39; 
ttag +67 30/10/2/12/6; 
ttag +68 96/95/88/95/87; 
ttag +69 100/100/100/100/100; 
ttag +70 15/[5]/?/?/?; 
ttag +71 62/42/41/53/40; 
ttag +72 97/96/96/98/95; 
ttag +73 96/96/87/97/93; 
ttag +74 100/100/99/100/98; 
ttag +75 48/31/18/32/19; 
ttag +76 78/71/56/70/67; 
ttag +77 81/74/71/79/73; 
ttag +78 88/87/80/87/78; 
ttag +79 98/98/96/99/94; 
ttag +80 95/94/90/96/93; 
ttag +81 59/47/38/51/38; 
ttag +82 87/82/76/85/73; 
ttag +83 69/64/56/63/50; 
ttag +84 49/31/31/34/27; 
ttag +85 52/30/30/36/18; 
ttag +86 98/98/97/99/93; 
ttag +87 59/42/33/46/26; 
ttag +88 96/94/88/97/90; 
ttag +89 68/62/57/61/52; 
ttag +90 79/74/68/72/61; 
ttag +91 100/100/98/100/100; 
ttag +92 42/34/30/25/23; 
ttag +93 49/34/29/38/33; 
ttag +94 6/[20]/?/?/?; 
