tread
'Tree with tags' 
(0 (1 ((2 3 )(4 (6 7 (5 (11 (12 13 14 21 ((15 16 17 )(18 (19 20 )))((22 (23 (24 25 )))(26 (27 (28 (((29 (30 31 ))((40 (41 (42 43 )))(46 47 (44 45 ))))(32 ((33 34 )(35 (36 (37 38 39 )))))))))))))(8 (9 10 ))))))); 
ttag *!; 
ttag +49 ???; 
ttag +50 6; 
ttag +51 3; 
ttag +52 6; 
ttag +53 1; 
ttag +54 2; 
ttag +55 6; 
ttag +56 4; 
ttag +57 1; 
ttag +58 3; 
ttag +59 5; 
ttag +60 1; 
ttag +61 1; 
ttag +62 10; 
ttag +63 6; 
ttag +64 10; 
ttag +65 6; 
ttag +66 2; 
ttag +67 2; 
ttag +68 3; 
ttag +69 4; 
ttag +70 4; 
ttag +71 2; 
ttag +72 7; 
ttag +73 1; 
ttag +74 4; 
ttag +75 3; 
ttag +76 2; 
ttag +77 4; 
ttag +78 5; 
ttag +79 4; 
ttag +80 8; 
ttag +81 2; 
ttag +82 2; 
ttag +83 3; 
ttag +84 1; 
ttag +85 2; 
tread
'Tree with tags' 
(0 (1 ((2 3 )(4 ((5 (11 (((12 13 )((17 (15 16 ))(18 (19 20 ))))(14 (21 ((22 (23 (24 25 )))(26 (27 (28 (((29 (30 31 ))((40 (41 (42 43 )))(46 (47 (44 45 )))))(32 ((33 34 )(35 (36 (38 (37 39 ))))))))))))))))((6 7 )(8 (9 10 )))))))); 
ttag *!; 
ttag +0 ////; 
ttag +1 ////; 
ttag +2 ////; 
ttag +3 ////; 
ttag +4 ////; 
ttag +5 ////; 
ttag +6 ////; 
ttag +7 ////; 
ttag +8 ////; 
ttag +9 ////; 
ttag +10 ////; 
ttag +11 ////; 
ttag +12 ////; 
ttag +13 ////; 
ttag +14 ////; 
ttag +15 ////; 
ttag +16 ////; 
ttag +17 ////; 
ttag +18 ////; 
ttag +19 ////; 
ttag +20 ////; 
ttag +21 ////; 
ttag +22 ////; 
ttag +23 ////; 
ttag +24 ////; 
ttag +25 ////; 
ttag +26 ////; 
ttag +27 ////; 
ttag +28 ////; 
ttag +29 ////; 
ttag +30 ////; 
ttag +31 ////; 
ttag +32 ////; 
ttag +33 ////; 
ttag +34 ////; 
ttag +35 ////; 
ttag +36 ////; 
ttag +37 ////; 
ttag +38 ////; 
ttag +39 ////; 
ttag +40 ////; 
ttag +41 ////; 
ttag +42 ////; 
ttag +43 ////; 
ttag +44 ////; 
ttag +45 ////; 
ttag +46 ////; 
ttag +47 ////; 
ttag +48 ////; 
ttag +49 100/100/100/100/100; 
ttag +50 99/99/99/98/97; 
ttag +51 78/65/58/66/46; 
ttag +52 94/92/88/95/85; 
ttag +53 17/0/3/5/?; 
ttag +54 40/24/30/37/21; 
ttag +55 24/10/9/18/13; 
ttag +56 25/16/6/11/9; 
ttag +57 99/98/96/99/96; 
ttag +58 95/94/79/91/78; 
ttag +59 26/10/14/20/4; 
ttag +60 28/13/6/13/14; 
ttag +61 5/[9]/?/?/?; 
ttag +62 52/46/30/48/36; 
ttag +63 30/15/?/15/12; 
ttag +64 42/[1]/?/?/3; 
ttag +65 90/88/78/93/81; 
ttag +66 57/52/40/47/40; 
ttag +67 66/53/62/58/54; 
ttag +68 100/100/100/100/99; 
ttag +69 24/9/?/13/12; 
ttag +70 98/97/94/97/93; 
ttag +71 98/98/92/99/95; 
ttag +72 99/99/98/98/97; 
ttag +73 72/59/62/71/70; 
ttag +74 55/40/19/37/26; 
ttag +75 65/50/28/45/36; 
ttag +76 64/49/31/47/34; 
ttag +77 89/88/80/85/72; 
ttag +78 27/6/?/3/?; 
ttag +79 94/93/89/95/87; 
ttag +80 48/27/26/26/31; 
ttag +81 82/78/66/83/64; 
ttag +82 88/84/68/85/70; 
ttag +83 74/69/54/72/55; 
ttag +84 86/83/70/81/69; 
ttag +85 93/91/92/94/86; 
ttag +86 38/[2]/?/2/?; 
ttag +87 94/93/88/94/88; 
ttag +88 92/90/80/92/87; 
ttag +89 46/31/14/29/19; 
ttag +90 30/0/?/7/?; 
ttag +91 88/83/78/85/83; 
ttag +92 45/33/25/23/30; 
ttag +93 17/[5]/2/?/0; 
ttag +94 46/30/22/24/25; 
