tread
'Tree with tags' 
(0 (1 (2 3 )(4 5 11 12 13 14 ((6 7 )(8 (9 10 )))(15 (16 17 ))(21 (18 (19 20 )))(((22 23 )(24 25 ))((26 27 )(28 ((29 (30 31 ))(((32 (33 34 ))(35 (36 (37 38 39 ))))(40 (41 (42 43 )))(45 46 (44 47 )))))))))); 
ttag *!; 
ttag +49 ???; 
ttag +50 8; 
ttag +51 2; 
ttag +52 2; 
ttag +53 1; 
ttag +54 2; 
ttag +55 1; 
ttag +56 6; 
ttag +57 3; 
ttag +58 7; 
ttag +59 2; 
ttag +60 13; 
ttag +61 3; 
ttag +62 2; 
ttag +63 4; 
ttag +64 5; 
ttag +65 2; 
ttag +66 4; 
ttag +67 4; 
ttag +68 6; 
ttag +69 2; 
ttag +70 3; 
ttag +71 1; 
ttag +72 5; 
ttag +73 1; 
ttag +74 1; 
ttag +75 1; 
ttag +76 2; 
ttag +77 7; 
ttag +78 5; 
ttag +79 1; 
ttag +80 9; 
ttag +81 1; 
ttag +82 4; 
tread
'Tree with tags' 
(0 (1 ((2 3 )((((4 11 )(5 ((6 7 )(8 (9 10 )))))((14 (12 (13 (15 (16 17 )))))(21 (18 (19 20 )))))(((22 23 )(24 25 ))((26 27 )(28 ((29 (30 31 ))((((32 (33 34 ))(35 (36 (38 (37 39 )))))(45 (46 (44 47 ))))(40 (41 (42 43 )))))))))))); 
ttag *!; 
ttag +0 ////; 
ttag +1 ////; 
ttag +2 ////; 
ttag +3 ////; 
ttag +4 ////; 
ttag +5 ////; 
ttag +6 ////; 
ttag +7 ////; 
ttag +8 ////; 
ttag +9 ////; 
ttag +10 ////; 
ttag +11 ////; 
ttag +12 ////; 
ttag +13 ////; 
ttag +14 ////; 
ttag +15 ////; 
ttag +16 ////; 
ttag +17 ////; 
ttag +18 ////; 
ttag +19 ////; 
ttag +20 ////; 
ttag +21 ////; 
ttag +22 ////; 
ttag +23 ////; 
ttag +24 ////; 
ttag +25 ////; 
ttag +26 ////; 
ttag +27 ////; 
ttag +28 ////; 
ttag +29 ////; 
ttag +30 ////; 
ttag +31 ////; 
ttag +32 ////; 
ttag +33 ////; 
ttag +34 ////; 
ttag +35 ////; 
ttag +36 ////; 
ttag +37 ////; 
ttag +38 ////; 
ttag +39 ////; 
ttag +40 ////; 
ttag +41 ////; 
ttag +42 ////; 
ttag +43 ////; 
ttag +44 ////; 
ttag +45 ////; 
ttag +46 ////; 
ttag +47 ////; 
ttag +48 ////; 
ttag +49 100/100/100/100/100; 
ttag +50 100/100/98/100/98; 
ttag +51 72/53/63/64/57; 
ttag +52 26/17/8/4/5; 
ttag +53 6/[18]/?/?/?; 
ttag +54 8/[50]/?/?/?; 
ttag +55 62/49/47/68/52; 
ttag +56 12/[11]/?/?/?; 
ttag +57 95/95/90/89/85; 
ttag +58 49/25/11/22/9; 
ttag +59 80/74/70/82/69; 
ttag +60 70/64/53/66/52; 
ttag +61 31/10/?/4/?; 
ttag +62 9/[11]/?/?/?; 
ttag +63 23/2/?/4/?; 
ttag +64 22/0/?/0/?; 
ttag +65 96/95/92/98/92; 
ttag +66 93/92/90/91/90; 
ttag +67 98/98/95/98/94; 
ttag +68 54/38/33/44/24; 
ttag +69 100/100/100/100/100; 
ttag +70 66/43/38/46/24; 
ttag +71 60/48/36/48/32; 
ttag +72 90/88/80/88/79; 
ttag +73 96/96/88/92/91; 
ttag +74 74/61/49/52/38; 
ttag +75 82/77/58/82/65; 
ttag +76 88/87/69/84/71; 
ttag +77 90/89/85/92/86; 
ttag +78 76/72/57/70/56; 
ttag +79 90/87/91/88/88; 
ttag +80 41/27/10/22/16; 
ttag +81 94/94/81/92/84; 
ttag +82 30/10/2/?/2; 
ttag +83 51/42/26/42/24; 
ttag +84 66/54/47/56/51; 
ttag +85 66/60/60/71/61; 
ttag +86 78/75/71/71/70; 
ttag +87 21/1/?/?/?; 
ttag +88 100/100/99/100/98; 
ttag +89 94/92/87/93/86; 
ttag +90 59/45/45/49/40; 
ttag +91 99/99/98/100/96; 
ttag +92 54/36/37/42/35; 
ttag +93 19/[10]/?/?/?; 
ttag +94 88/86/84/94/81; 
