tread
'Tree with tags' 
(0 (1 (2 3 )(4 5 11 (6 7 )(8 9 10 )(12 13 )(14 ((15 (16 17 ))(18 (19 20 )))(21 (22 (23 (24 25 )))(26 (27 28 ((29 30 31 )(32 (33 34 )(35 36 (38 (37 39 ))))(40 41 (42 43 ))(44 45 46 47 ))))))))); 
ttag *!; 
ttag +49 ???; 
ttag +50 4; 
ttag +51 1; 
ttag +52 2; 
ttag +53 7; 
ttag +54 3; 
ttag +55 1; 
ttag +56 5; 
ttag +57 1; 
ttag +58 1; 
ttag +59 5; 
ttag +60 10; 
ttag +61 1; 
ttag +62 1; 
ttag +63 10; 
ttag +64 2; 
ttag +65 3; 
ttag +66 1; 
ttag +67 2; 
ttag +68 2; 
ttag +69 5; 
ttag +70 4; 
ttag +71 2; 
ttag +72 1; 
ttag +73 7; 
ttag +74 6; 
ttag +75 1; 
ttag +76 5; 
tread
'Tree with tags' 
(0 ((1 (2 3 ))(((4 5 )((6 7 )((11 ((14 ((15 (16 17 ))(18 (19 20 ))))(21 ((22 (23 (24 25 )))(26 (27 (28 (((31 (29 30 ))(32 ((33 34 )((35 36 )(38 (37 39 ))))))((40 (41 (42 43 )))((44 46 )(45 47 )))))))))))(12 13 ))))(10 (8 9 ))))); 
ttag *!; 
ttag +0 ////; 
ttag +1 ////; 
ttag +2 ////; 
ttag +3 ////; 
ttag +4 ////; 
ttag +5 ////; 
ttag +6 ////; 
ttag +7 ////; 
ttag +8 ////; 
ttag +9 ////; 
ttag +10 ////; 
ttag +11 ////; 
ttag +12 ////; 
ttag +13 ////; 
ttag +14 ////; 
ttag +15 ////; 
ttag +16 ////; 
ttag +17 ////; 
ttag +18 ////; 
ttag +19 ////; 
ttag +20 ////; 
ttag +21 ////; 
ttag +22 ////; 
ttag +23 ////; 
ttag +24 ////; 
ttag +25 ////; 
ttag +26 ////; 
ttag +27 ////; 
ttag +28 ////; 
ttag +29 ////; 
ttag +30 ////; 
ttag +31 ////; 
ttag +32 ////; 
ttag +33 ////; 
ttag +34 ////; 
ttag +35 ////; 
ttag +36 ////; 
ttag +37 ////; 
ttag +38 ////; 
ttag +39 ////; 
ttag +40 ////; 
ttag +41 ////; 
ttag +42 ////; 
ttag +43 ////; 
ttag +44 ////; 
ttag +45 ////; 
ttag +46 ////; 
ttag +47 ////; 
ttag +48 ////; 
ttag +49 26/[26]/?/?/?; 
ttag +50 100/100/100/100/100; 
ttag +51 97/96/93/96/94; 
ttag +52 25/0/6/7/?; 
ttag +53 33/6/13/13/8; 
ttag +54 87/83/75/82/72; 
ttag +55 91/90/82/90/84; 
ttag +56 7/[19]/?/?/?; 
ttag +57 57/41/32/25/27; 
ttag +58 100/100/98/100/97; 
ttag +59 16/[10]/?/?/?; 
ttag +60 22/4/10/4/?; 
ttag +61 84/80/78/87/76; 
ttag +62 29/12/0/19/8; 
ttag +63 55/46/38/38/23; 
ttag +64 93/91/84/89/80; 
ttag +65 63/52/38/57/38; 
ttag +66 71/65/45/54/42; 
ttag +67 99/99/92/98/93; 
ttag +68 100/100/100/100/100; 
ttag +69 34/21/16/17/11; 
ttag +70 42/19/17/16/9; 
ttag +71 6/[41]/?/?/?; 
ttag +72 100/100/100/99/98; 
ttag +73 78/66/52/60/42; 
ttag +74 91/90/80/89/66; 
ttag +75 74/68/56/59/50; 
ttag +76 61/58/44/49/45; 
ttag +77 25/2/?/1/?; 
ttag +78 77/71/62/70/61; 
ttag +79 30/1/?/4/?; 
ttag +80 77/73/60/66/62; 
ttag +81 92/90/81/92/82; 
ttag +82 93/92/83/90/81; 
ttag +83 52/23/18/22/18; 
ttag +84 23/[22]/?/?/?; 
ttag +85 88/86/72/80/80; 
ttag +86 69/51/54/63/56; 
ttag +87 100/100/97/100/98; 
ttag +88 94/92/85/92/86; 
ttag +89 14/[15]/?/?/?; 
ttag +90 29/[2]/3/?/?; 
ttag +91 55/41/33/46/34; 
ttag +92 24/[2]/?/?/?; 
ttag +93 97/96/93/96/89; 
ttag +94 26/[20]/?/?/?; 
