tread
'Tree with tags' 
(0 (1 ((2 3 )((6 (7 (5 (4 (11 12 13 14 18 26 (15 (16 17 ))(19 20 )(21 (22 (23 (24 25 ))))(27 (28 ((29 (30 31 ))((32 (33 34 )(35 (36 (37 (38 39 )))))(40 (41 (42 43 )))(44 45 (46 47 )))))))))))(8 (9 10 )))))); 
ttag *!; 
ttag +49 ???; 
ttag +50 2; 
ttag +51 1; 
ttag +52 1; 
ttag +53 1; 
ttag +54 1; 
ttag +55 1; 
ttag +56 11; 
ttag +57 7; 
ttag +58 1; 
ttag +59 1; 
ttag +60 4; 
ttag +61 4; 
ttag +62 7; 
ttag +63 3; 
ttag +64 1; 
ttag +65 6; 
ttag +66 8; 
ttag +67 2; 
ttag +68 2; 
ttag +69 4; 
ttag +70 1; 
ttag +71 4; 
ttag +72 5; 
ttag +73 1; 
ttag +74 2; 
ttag +75 4; 
ttag +76 9; 
ttag +77 8; 
ttag +78 3; 
ttag +79 3; 
ttag +80 3; 
ttag +81 14; 
ttag +82 1; 
ttag +83 1; 
tread
'Tree with tags' 
(0 (1 ((2 3 )((6 (7 (5 (4 (11 (14 ((12 13 )((((15 (16 17 ))(21 (22 (23 (24 25 )))))(26 (27 (28 ((29 (30 31 ))(((32 (33 34 ))(35 (36 (37 (38 39 )))))((40 (41 (42 43 )))((44 45 )(46 47 )))))))))(18 (19 20 ))))))))))(8 (9 10 )))))); 
ttag *!; 
ttag +0 ////; 
ttag +1 ////; 
ttag +2 ////; 
ttag +3 ////; 
ttag +4 ////; 
ttag +5 ////; 
ttag +6 ////; 
ttag +7 ////; 
ttag +8 ////; 
ttag +9 ////; 
ttag +10 ////; 
ttag +11 ////; 
ttag +12 ////; 
ttag +13 ////; 
ttag +14 ////; 
ttag +15 ////; 
ttag +16 ////; 
ttag +17 ////; 
ttag +18 ////; 
ttag +19 ////; 
ttag +20 ////; 
ttag +21 ////; 
ttag +22 ////; 
ttag +23 ////; 
ttag +24 ////; 
ttag +25 ////; 
ttag +26 ////; 
ttag +27 ////; 
ttag +28 ////; 
ttag +29 ////; 
ttag +30 ////; 
ttag +31 ////; 
ttag +32 ////; 
ttag +33 ////; 
ttag +34 ////; 
ttag +35 ////; 
ttag +36 ////; 
ttag +37 ////; 
ttag +38 ////; 
ttag +39 ////; 
ttag +40 ////; 
ttag +41 ////; 
ttag +42 ////; 
ttag +43 ////; 
ttag +44 ////; 
ttag +45 ////; 
ttag +46 ////; 
ttag +47 ////; 
ttag +48 ////; 
ttag +49 100/100/100/100/100; 
ttag +50 86/80/70/72/66; 
ttag +51 34/[18]/?/?/?; 
ttag +52 10/[14]/?/?/?; 
ttag +53 20/[3]/?/?/?; 
ttag +54 15/[43]/?/?/?; 
ttag +55 14/[44]/?/?/?; 
ttag +56 100/100/98/99/96; 
ttag +57 99/99/97/99/99; 
ttag +58 75/69/62/70/57; 
ttag +59 25/3/?/0/?; 
ttag +60 11/[14]/?/?/?; 
ttag +61 7/[18]/?/?/?; 
ttag +62 30/8/?/13/?; 
ttag +63 76/71/64/83/60; 
ttag +64 2/[21]/?/?/?; 
ttag +65 2/[19]/?/?/?; 
ttag +66 15/[6]/?/?/?; 
ttag +67 97/96/89/94/89; 
ttag +68 33/21/18/23/15; 
ttag +69 100/100/98/100/98; 
ttag +70 56/49/32/66/30; 
ttag +71 80/70/62/74/60; 
ttag +72 87/84/80/93/74; 
ttag +73 99/98/96/100/95; 
ttag +74 24/0/?/?/?; 
ttag +75 55/36/30/40/25; 
ttag +76 55/39/32/46/30; 
ttag +77 86/82/72/91/75; 
ttag +78 36/20/16/26/14; 
ttag +79 87/78/65/81/62; 
ttag +80 22/[12]/?/?/2; 
ttag +81 91/85/83/86/82; 
ttag +82 40/34/25/37/28; 
ttag +83 68/59/43/63/48; 
ttag +84 69/60/46/58/54; 
ttag +85 100/100/100/99/100; 
ttag +86 99/98/98/99/97; 
ttag +87 96/96/93/93/93; 
ttag +88 87/84/76/89/77; 
ttag +89 30/3/0/?/9; 
ttag +90 84/76/66/90/63; 
ttag +91 100/100/100/100/100; 
ttag +92 17/3/1/4/3; 
ttag +93 34/6/1/14/12; 
ttag +94 36/6/3/10/8; 
