tread
'Tree with tags' 
(0 (1 ((2 3 )(4 (5 ((6 (7 (8 9 10 )))(11 (12 (13 ((14 ((15 (16 17 ))(18 (19 20 ))))(21 ((22 (23 (24 25 )))(26 (27 (28 ((29 (30 31 ))(32 35 36 (33 34 )(37 (38 39 )))((40 (41 (42 43 )))(44 45 (46 47 ))))))))))))))))))); 
ttag *!; 
ttag +49 ???; 
ttag +50 3; 
ttag +51 5; 
ttag +52 5; 
ttag +53 3; 
ttag +54 6; 
ttag +55 2; 
ttag +56 2; 
ttag +57 10; 
ttag +58 2; 
ttag +59 6; 
ttag +60 3; 
ttag +61 3; 
ttag +62 2; 
ttag +63 8; 
ttag +64 1; 
ttag +65 2; 
ttag +66 5; 
ttag +67 7; 
ttag +68 1; 
ttag +69 2; 
ttag +70 5; 
ttag +71 8; 
ttag +72 4; 
ttag +73 2; 
ttag +74 1; 
ttag +75 1; 
ttag +76 2; 
ttag +77 6; 
ttag +78 6; 
ttag +79 4; 
ttag +80 4; 
ttag +81 2; 
ttag +82 1; 
ttag +83 6; 
ttag +84 1; 
ttag +85 1; 
ttag +86 9; 
ttag +87 2; 
ttag +88 3; 
tread
'Tree with tags' 
(0 (1 ((2 3 )(4 (5 ((6 (7 (8 (9 10 ))))(11 (12 (13 ((14 ((15 (16 17 ))(18 (19 20 ))))(21 ((22 (23 (24 25 )))(26 (27 (28 ((29 (30 31 ))((35 (36 ((32 (33 34 ))(37 (38 39 )))))((40 (41 (42 43 )))(45 (44 (46 47 ))))))))))))))))))))); 
ttag *!; 
ttag +0 ////; 
ttag +1 ////; 
ttag +2 ////; 
ttag +3 ////; 
ttag +4 ////; 
ttag +5 ////; 
ttag +6 ////; 
ttag +7 ////; 
ttag +8 ////; 
ttag +9 ////; 
ttag +10 ////; 
ttag +11 ////; 
ttag +12 ////; 
ttag +13 ////; 
ttag +14 ////; 
ttag +15 ////; 
ttag +16 ////; 
ttag +17 ////; 
ttag +18 ////; 
ttag +19 ////; 
ttag +20 ////; 
ttag +21 ////; 
ttag +22 ////; 
ttag +23 ////; 
ttag +24 ////; 
ttag +25 ////; 
ttag +26 ////; 
ttag +27 ////; 
ttag +28 ////; 
ttag +29 ////; 
ttag +30 ////; 
ttag +31 ////; 
ttag +32 ////; 
ttag +33 ////; 
ttag +34 ////; 
ttag +35 ////; 
ttag +36 ////; 
ttag +37 ////; 
ttag +38 ////; 
ttag +39 ////; 
ttag +40 ////; 
ttag +41 ////; 
ttag +42 ////; 
ttag +43 ////; 
ttag +44 ////; 
ttag +45 ////; 
ttag +46 ////; 
ttag +47 ////; 
ttag +48 ////; 
ttag +49 100/100/100/100/100; 
ttag +50 90/87/87/86/86; 
ttag +51 95/92/86/93/91; 
ttag +52 92/86/82/95/86; 
ttag +53 81/76/59/76/62; 
ttag +54 93/91/73/90/79; 
ttag +55 58/41/22/40/21; 
ttag +56 73/64/41/60/40; 
ttag +57 100/100/100/100/100; 
ttag +58 0/[2]/?/?/?; 
ttag +59 55/39/13/42/20; 
ttag +60 89/87/73/88/72; 
ttag +61 74/70/47/73/54; 
ttag +62 75/73/64/70/60; 
ttag +63 78/71/64/76/69; 
ttag +64 99/99/98/99/98; 
ttag +65 59/52/40/39/31; 
ttag +66 77/67/56/66/49; 
ttag +67 94/92/84/93/87; 
ttag +68 98/98/97/98/98; 
ttag +69 32/12/0/3/5; 
ttag +70 73/60/55/69/56; 
ttag +71 88/86/72/86/73; 
ttag +72 99/98/95/100/97; 
ttag +73 90/85/82/90/83; 
ttag +74 68/59/50/56/46; 
ttag +75 62/52/42/55/43; 
ttag +76 46/14/12/16/10; 
ttag +77 63/41/40/59/47; 
ttag +78 99/98/93/97/94; 
ttag +79 96/94/94/98/97; 
ttag +80 32/[2]/4/9/?; 
ttag +81 17/[17]/?/?/?; 
ttag +82 16/[18]/?/?/?; 
ttag +83 96/95/90/94/89; 
ttag +84 33/19/12/7/12; 
ttag +85 92/87/82/91/81; 
ttag +86 86/83/69/80/76; 
ttag +87 75/71/65/73/65; 
ttag +88 96/95/86/94/87; 
ttag +89 50/37/31/41/36; 
ttag +90 66/53/52/60/52; 
ttag +91 100/100/97/100/98; 
ttag +92 14/[28]/?/?/?; 
ttag +93 87/84/76/84/70; 
ttag +94 73/66/46/69/61; 
