tread
'Tree with tags' 
(0 (1 ((2 3 )(11 (4 5 )(6 7 (10 (8 9 ))(13 (12 (21 ((14 ((15 (16 17 ))(18 (19 20 ))))((22 (23 (24 25 )))((26 27 )(28 ((29 (30 31 ))((45 (44 (46 (47 ((32 (35 (36 (37 (38 39 )))))(33 34 ))))))(40 (41 (42 43 ))))))))))))))))); 
ttag *!; 
ttag +49 ???; 
ttag +50 8; 
ttag +51 4; 
ttag +52 1; 
ttag +53 2; 
ttag +54 1; 
ttag +55 1; 
ttag +56 9; 
ttag +57 1; 
ttag +58 1; 
ttag +59 1; 
ttag +60 1; 
ttag +61 3; 
ttag +62 10; 
ttag +63 2; 
ttag +64 4; 
ttag +65 1; 
ttag +66 12; 
ttag +67 5; 
ttag +68 1; 
ttag +69 6; 
ttag +70 10; 
ttag +71 1; 
ttag +72 8; 
ttag +73 5; 
ttag +74 8; 
ttag +75 5; 
ttag +76 3; 
ttag +77 2; 
ttag +78 15; 
ttag +79 1; 
ttag +80 1; 
ttag +81 1; 
ttag +82 1; 
ttag +83 2; 
ttag +84 3; 
ttag +85 5; 
ttag +86 5; 
ttag +87 4; 
ttag +88 5; 
ttag +89 7; 
ttag +90 3; 
ttag +91 6; 
tread
'Tree with tags' 
(0 (1 ((2 3 )((4 5 )(11 ((7 (6 (13 (12 (21 ((14 ((15 (16 17 ))(18 (19 20 ))))((22 (23 (24 25 )))((26 27 )(28 ((29 (30 31 ))((45 (44 (46 (47 ((32 (35 (36 (37 (38 39 )))))(33 34 ))))))(40 (41 (42 43 ))))))))))))))(10 (8 9 )))))))); 
ttag *!; 
ttag +0 ////; 
ttag +1 ////; 
ttag +2 ////; 
ttag +3 ////; 
ttag +4 ////; 
ttag +5 ////; 
ttag +6 ////; 
ttag +7 ////; 
ttag +8 ////; 
ttag +9 ////; 
ttag +10 ////; 
ttag +11 ////; 
ttag +12 ////; 
ttag +13 ////; 
ttag +14 ////; 
ttag +15 ////; 
ttag +16 ////; 
ttag +17 ////; 
ttag +18 ////; 
ttag +19 ////; 
ttag +20 ////; 
ttag +21 ////; 
ttag +22 ////; 
ttag +23 ////; 
ttag +24 ////; 
ttag +25 ////; 
ttag +26 ////; 
ttag +27 ////; 
ttag +28 ////; 
ttag +29 ////; 
ttag +30 ////; 
ttag +31 ////; 
ttag +32 ////; 
ttag +33 ////; 
ttag +34 ////; 
ttag +35 ////; 
ttag +36 ////; 
ttag +37 ////; 
ttag +38 ////; 
ttag +39 ////; 
ttag +40 ////; 
ttag +41 ////; 
ttag +42 ////; 
ttag +43 ////; 
ttag +44 ////; 
ttag +45 ////; 
ttag +46 ////; 
ttag +47 ////; 
ttag +48 ////; 
ttag +49 100/100/100/100/100; 
ttag +50 99/99/98/99/98; 
ttag +51 80/73/62/77/60; 
ttag +52 39/32/24/38/24; 
ttag +53 34/20/15/33/20; 
ttag +54 0/[35]/?/?/?; 
ttag +55 3/[12]/?/?/?; 
ttag +56 17/4/?/11/2; 
ttag +57 9/[4]/?/3/?; 
ttag +58 68/58/60/59/57; 
ttag +59 99/99/98/99/98; 
ttag +60 24/18/10/21/8; 
ttag +61 27/21/16/32/13; 
ttag +62 39/33/23/36/26; 
ttag +63 22/14/4/18/4; 
ttag +64 42/37/26/47/22; 
ttag +65 98/98/97/99/98; 
ttag +66 45/38/22/44/31; 
ttag +67 90/88/76/89/74; 
ttag +68 47/32/13/34/25; 
ttag +69 100/100/100/100/100; 
ttag +70 88/84/75/88/69; 
ttag +71 59/54/36/47/39; 
ttag +72 98/98/90/99/92; 
ttag +73 100/100/99/100/98; 
ttag +74 45/14/4/13/10; 
ttag +75 98/97/92/98/90; 
ttag +76 79/76/65/76/59; 
ttag +77 100/100/99/98/98; 
ttag +78 75/68/55/68/60; 
ttag +79 84/79/69/82/79; 
ttag +80 43/25/20/25/12; 
ttag +81 100/100/100/100/99; 
ttag +82 20/[40]/?/?/?; 
ttag +83 15/[46]/?/?/?; 
ttag +84 7/[54]/?/?/?; 
ttag +85 54/44/36/42/35; 
ttag +86 35/22/12/21/10; 
ttag +87 88/85/72/81/70; 
ttag +88 92/91/85/90/84; 
ttag +89 92/91/86/92/79; 
ttag +90 93/90/86/90/76; 
ttag +91 98/98/92/97/88; 
ttag +92 94/92/80/89/84; 
ttag +93 66/48/43/52/49; 
ttag +94 95/91/90/95/87; 
