tread
'Tree with tags' 
(0 (1 (4 (2 3 )(5 (6 7 (((11 14 )(21 ((22 (23 (24 25 )))(26 27 (28 ((29 (30 31 ))((32 33 34 (35 (36 (37 (38 39 )))))(47 (44 (45 (46 ((40 41 )(42 43 )))))))))))))(12 13 )))((8 (9 10 ))(18 ((15 16 17 )(19 20 )))))))); 
ttag *!; 
ttag +49 ???; 
ttag +50 8; 
ttag +51 3; 
ttag +52 2; 
ttag +53 1; 
ttag +54 5; 
ttag +55 1; 
ttag +56 2; 
ttag +57 1; 
ttag +58 1; 
ttag +59 1; 
ttag +60 2; 
ttag +61 5; 
ttag +62 2; 
ttag +63 4; 
ttag +64 10; 
ttag +65 1; 
ttag +66 5; 
ttag +67 4; 
ttag +68 4; 
ttag +69 10; 
ttag +70 1; 
ttag +71 4; 
ttag +72 1; 
ttag +73 2; 
ttag +74 6; 
ttag +75 3; 
ttag +76 2; 
ttag +77 4; 
ttag +78 5; 
ttag +79 9; 
ttag +80 2; 
ttag +81 2; 
ttag +82 6; 
ttag +83 3; 
ttag +84 1; 
ttag +85 1; 
ttag +86 2; 
ttag +87 10; 
tread
'Tree with tags' 
(0 (1 (4 ((2 3 )(5 (((6 7 )(((11 14 )(21 ((22 (23 (24 25 )))((26 27 )(28 ((29 (30 31 ))((32 ((33 34 )(35 (36 (37 (38 39 ))))))(47 (44 (45 (46 ((40 41 )(42 43 )))))))))))))(12 13 )))((8 (9 10 ))(18 ((16 (15 17 ))(19 20 )))))))))); 
ttag *!; 
ttag +0 ////; 
ttag +1 ////; 
ttag +2 ////; 
ttag +3 ////; 
ttag +4 ////; 
ttag +5 ////; 
ttag +6 ////; 
ttag +7 ////; 
ttag +8 ////; 
ttag +9 ////; 
ttag +10 ////; 
ttag +11 ////; 
ttag +12 ////; 
ttag +13 ////; 
ttag +14 ////; 
ttag +15 ////; 
ttag +16 ////; 
ttag +17 ////; 
ttag +18 ////; 
ttag +19 ////; 
ttag +20 ////; 
ttag +21 ////; 
ttag +22 ////; 
ttag +23 ////; 
ttag +24 ////; 
ttag +25 ////; 
ttag +26 ////; 
ttag +27 ////; 
ttag +28 ////; 
ttag +29 ////; 
ttag +30 ////; 
ttag +31 ////; 
ttag +32 ////; 
ttag +33 ////; 
ttag +34 ////; 
ttag +35 ////; 
ttag +36 ////; 
ttag +37 ////; 
ttag +38 ////; 
ttag +39 ////; 
ttag +40 ////; 
ttag +41 ////; 
ttag +42 ////; 
ttag +43 ////; 
ttag +44 ////; 
ttag +45 ////; 
ttag +46 ////; 
ttag +47 ////; 
ttag +48 ////; 
ttag +49 100/100/100/100/100; 
ttag +50 99/99/99/99/98; 
ttag +51 20/[7]/?/?/?; 
ttag +52 78/71/65/78/64; 
ttag +53 71/68/55/73/50; 
ttag +54 5/[3]/?/?/?; 
ttag +55 6/[12]/?/?/?; 
ttag +56 32/20/21/16/10; 
ttag +57 97/96/88/95/93; 
ttag +58 9/[9]/?/?/?; 
ttag +59 88/86/72/81/67; 
ttag +60 42/23/15/28/21; 
ttag +61 10/[8]/?/?/?; 
ttag +62 10/[8]/?/?/?; 
ttag +63 68/62/44/65/46; 
ttag +64 25/[28]/?/?/?; 
ttag +65 96/96/90/95/93; 
ttag +66 38/21/6/31/11; 
ttag +67 58/40/29/55/19; 
ttag +68 100/100/100/100/100; 
ttag +69 36/19/12/35/16; 
ttag +70 90/87/77/90/77; 
ttag +71 82/75/65/78/65; 
ttag +72 92/90/80/90/76; 
ttag +73 100/100/98/100/96; 
ttag +74 48/33/36/26/38; 
ttag +75 37/18/16/31/12; 
ttag +76 66/60/50/72/50; 
ttag +77 59/44/38/57/42; 
ttag +78 60/53/46/58/44; 
ttag +79 99/99/97/100/97; 
ttag +80 74/71/62/75/68; 
ttag +81 55/42/17/44/28; 
ttag +82 58/40/32/34/35; 
ttag +83 18/[23]/?/?/?; 
ttag +84 96/94/90/92/85; 
ttag +85 95/94/92/96/92; 
ttag +86 99/99/98/100/98; 
ttag +87 88/87/79/80/76; 
ttag +88 65/51/42/57/50; 
ttag +89 86/82/72/87/81; 
ttag +90 48/34/19/29/19; 
ttag +91 37/20/8/21/7; 
ttag +92 40/22/6/17/6; 
ttag +93 64/58/47/66/40; 
ttag +94 100/100/100/100/99; 
