tread
'Tree with tags' 
(0 (1 ((2 3 )(4 (5 ((6 7 (8 (9 10 )))(11 (12 (((13 (15 (16 17 )))(18 (19 20 )))(14 (21 (22 (26 27 (28 (29 (30 31 ))(44 (46 (47 (45 (33 (32 (34 (35 (36 (37 (38 39 ))))))))))(40 (41 (42 43 )))))))))(23 (24 25 ))))))))))); 
ttag *!; 
ttag +49 ???; 
ttag +50 2; 
ttag +51 5; 
ttag +52 8; 
ttag +53 4; 
ttag +54 2; 
ttag +55 1; 
ttag +56 5; 
ttag +57 6; 
ttag +58 1; 
ttag +59 1; 
ttag +60 1; 
ttag +61 1; 
ttag +62 1; 
ttag +63 1; 
ttag +64 5; 
ttag +65 2; 
ttag +66 5; 
ttag +67 5; 
ttag +68 1; 
ttag +69 3; 
ttag +70 6; 
ttag +71 2; 
ttag +72 2; 
ttag +73 4; 
ttag +74 1; 
ttag +75 9; 
ttag +76 2; 
ttag +77 7; 
ttag +78 1; 
ttag +79 1; 
ttag +80 1; 
ttag +81 1; 
ttag +82 2; 
ttag +83 4; 
ttag +84 2; 
ttag +85 5; 
ttag +86 2; 
ttag +87 5; 
ttag +88 3; 
ttag +89 12; 
tread
'Tree with tags' 
(0 (1 ((2 3 )(4 (5 ((7 (6 (8 (9 10 ))))(11 (12 (((13 (15 (16 17 )))(18 (19 20 )))((14 (21 (22 ((26 27 )((28 (44 ((46 (47 (45 (33 (32 (34 (35 (36 (37 (38 39 ))))))))))(40 (41 (42 43 ))))))(29 (30 31 )))))))(23 (24 25 )))))))))))); 
ttag *!; 
ttag +0 ////; 
ttag +1 ////; 
ttag +2 ////; 
ttag +3 ////; 
ttag +4 ////; 
ttag +5 ////; 
ttag +6 ////; 
ttag +7 ////; 
ttag +8 ////; 
ttag +9 ////; 
ttag +10 ////; 
ttag +11 ////; 
ttag +12 ////; 
ttag +13 ////; 
ttag +14 ////; 
ttag +15 ////; 
ttag +16 ////; 
ttag +17 ////; 
ttag +18 ////; 
ttag +19 ////; 
ttag +20 ////; 
ttag +21 ////; 
ttag +22 ////; 
ttag +23 ////; 
ttag +24 ////; 
ttag +25 ////; 
ttag +26 ////; 
ttag +27 ////; 
ttag +28 ////; 
ttag +29 ////; 
ttag +30 ////; 
ttag +31 ////; 
ttag +32 ////; 
ttag +33 ////; 
ttag +34 ////; 
ttag +35 ////; 
ttag +36 ////; 
ttag +37 ////; 
ttag +38 ////; 
ttag +39 ////; 
ttag +40 ////; 
ttag +41 ////; 
ttag +42 ////; 
ttag +43 ////; 
ttag +44 ////; 
ttag +45 ////; 
ttag +46 ////; 
ttag +47 ////; 
ttag +48 ////; 
ttag +49 100/100/100/100/100; 
ttag +50 68/50/44/56/59; 
ttag +51 84/76/57/83/55; 
ttag +52 93/90/80/91/78; 
ttag +53 67/61/49/72/40; 
ttag +54 24/[7]/?/?/?; 
ttag +55 53/48/35/53/41; 
ttag +56 45/38/22/42/14; 
ttag +57 98/97/93/98/95; 
ttag +58 99/99/94/99/93; 
ttag +59 21/14/5/20/6; 
ttag +60 31/24/14/30/16; 
ttag +61 33/10/2/7/2; 
ttag +62 21/[2]/?/1/?; 
ttag +63 26/19/16/24/12; 
ttag +64 11/[11]/?/?/?; 
ttag +65 6/[17]/?/?/?; 
ttag +66 99/99/92/97/93; 
ttag +67 61/46/34/39/28; 
ttag +68 99/99/89/99/94; 
ttag +69 98/98/98/98/99; 
ttag +70 21/[1]/?/?/?; 
ttag +71 72/66/56/65/48; 
ttag +72 98/97/96/96/91; 
ttag +73 68/60/53/60/56; 
ttag +74 28/[6]/6/1/7; 
ttag +75 70/64/53/58/46; 
ttag +76 26/[8]/?/?/?; 
ttag +77 79/75/69/78/58; 
ttag +78 73/61/49/55/51; 
ttag +79 100/100/100/99/99; 
ttag +80 59/34/22/34/28; 
ttag +81 96/95/89/97/86; 
ttag +82 26/[5]/?/?/?; 
ttag +83 12/[12]/?/?/?; 
ttag +84 21/[3]/?/?/?; 
ttag +85 5/[20]/?/?/?; 
ttag +86 60/54/46/50/39; 
ttag +87 63/54/41/55/38; 
ttag +88 88/86/77/87/76; 
ttag +89 64/48/43/55/38; 
ttag +90 94/93/87/91/88; 
ttag +91 75/63/66/72/59; 
ttag +92 90/88/85/88/78; 
ttag +93 87/84/79/87/76; 
ttag +94 100/100/100/100/100; 
