tread
'Tree with tags' 
(0 (1 ((2 3 )(4 5 11 14 (6 7 )(8 (9 10 ))(12 13 )((15 (16 17 ))(18 (19 20 )))(21 ((22 (23 (24 25 )))(26 (27 (28 ((29 (30 31 ))(32 33 34 (35 (36 (39 (37 38 )))))(40 (41 (42 43 )))(46 47 (44 45 )))))))))))); 
ttag *!; 
ttag +49 ???; 
ttag +50 7; 
ttag +51 5; 
ttag +52 4; 
ttag +53 3; 
ttag +54 10; 
ttag +55 4; 
ttag +56 1; 
ttag +57 8; 
ttag +58 5; 
ttag +59 2; 
ttag +60 2; 
ttag +61 11; 
ttag +62 3; 
ttag +63 3; 
ttag +64 1; 
ttag +65 2; 
ttag +66 8; 
ttag +67 5; 
ttag +68 3; 
ttag +69 1; 
ttag +70 8; 
ttag +71 1; 
ttag +72 3; 
ttag +73 1; 
ttag +74 4; 
ttag +75 4; 
ttag +76 1; 
ttag +77 7; 
ttag +78 6; 
ttag +79 3; 
ttag +80 3; 
ttag +81 1; 
ttag +82 3; 
tread
'Tree with tags' 
(0 (1 ((2 3 )(5 (((((14 (4 ((15 (16 17 ))(18 (19 20 )))))(12 13 ))(11 (21 ((22 (23 (24 25 )))(26 (27 (28 ((((29 (30 31 ))(46 (47 (44 45 ))))((32 (35 (36 (39 (37 38 )))))(33 34 )))(40 (41 (42 43 )))))))))))(6 7 ))(8 (9 10 ))))))); 
ttag *!; 
ttag +0 ////; 
ttag +1 ////; 
ttag +2 ////; 
ttag +3 ////; 
ttag +4 ////; 
ttag +5 ////; 
ttag +6 ////; 
ttag +7 ////; 
ttag +8 ////; 
ttag +9 ////; 
ttag +10 ////; 
ttag +11 ////; 
ttag +12 ////; 
ttag +13 ////; 
ttag +14 ////; 
ttag +15 ////; 
ttag +16 ////; 
ttag +17 ////; 
ttag +18 ////; 
ttag +19 ////; 
ttag +20 ////; 
ttag +21 ////; 
ttag +22 ////; 
ttag +23 ////; 
ttag +24 ////; 
ttag +25 ////; 
ttag +26 ////; 
ttag +27 ////; 
ttag +28 ////; 
ttag +29 ////; 
ttag +30 ////; 
ttag +31 ////; 
ttag +32 ////; 
ttag +33 ////; 
ttag +34 ////; 
ttag +35 ////; 
ttag +36 ////; 
ttag +37 ////; 
ttag +38 ////; 
ttag +39 ////; 
ttag +40 ////; 
ttag +41 ////; 
ttag +42 ////; 
ttag +43 ////; 
ttag +44 ////; 
ttag +45 ////; 
ttag +46 ////; 
ttag +47 ////; 
ttag +48 ////; 
ttag +49 100/100/100/100/100; 
ttag +50 98/97/96/97/98; 
ttag +51 91/87/82/84/80; 
ttag +52 15/[15]/?/?/?; 
ttag +53 0/[30]/?/?/?; 
ttag +54 0/[30]/?/?/?; 
ttag +55 1/[29]/?/?/?; 
ttag +56 5/[25]/?/?/?; 
ttag +57 2/[29]/?/?/?; 
ttag +58 74/66/49/73/58; 
ttag +59 68/63/58/68/57; 
ttag +60 100/100/100/100/99; 
ttag +61 91/90/81/86/78; 
ttag +62 3/[20]/?/?/?; 
ttag +63 55/47/48/49/36; 
ttag +64 98/97/96/98/96; 
ttag +65 76/68/60/75/62; 
ttag +66 82/76/72/80/70; 
ttag +67 58/50/36/50/51; 
ttag +68 100/100/99/100/99; 
ttag +69 69/64/54/71/54; 
ttag +70 59/48/46/52/40; 
ttag +71 48/36/28/36/34; 
ttag +72 94/92/89/94/90; 
ttag +73 99/98/99/100/97; 
ttag +74 78/73/66/77/59; 
ttag +75 60/44/40/53/33; 
ttag +76 44/22/12/18/16; 
ttag +77 97/96/94/99/95; 
ttag +78 19/[31]/?/?/?; 
ttag +79 6/[44]/?/?/?; 
ttag +80 58/50/50/60/44; 
ttag +81 90/86/78/86/81; 
ttag +82 39/16/19/22/7; 
ttag +83 48/40/34/51/34; 
ttag +84 22/0/8/5/5; 
ttag +85 83/80/73/86/73; 
ttag +86 80/77/71/86/75; 
ttag +87 58/37/16/32/14; 
ttag +88 97/95/93/98/94; 
ttag +89 98/97/88/97/92; 
ttag +90 92/90/79/94/83; 
ttag +91 88/83/77/90/81; 
ttag +92 61/50/50/49/46; 
ttag +93 14/[19]/?/?/?; 
ttag +94 92/92/85/94/87; 
