tread
'Tree with tags' 
(0 (1 ((2 3 )(4 ((5 ((6 7 )(10 (8 9 ))))(11 ((12 13 )(14 21 )((17 (15 16 ))(18 (19 20 )))((22 (23 (24 25 )))((26 27 )(28 ((29 (30 31 ))(35 (32 ((33 34 )(36 (37 (38 39 )))))))((40 (41 (42 43 )))(45 46 (44 47 ))))))))))))); 
ttag *!; 
ttag +49 ???; 
ttag +50 6; 
ttag +51 3; 
ttag +52 7; 
ttag +53 1; 
ttag +54 3; 
ttag +55 3; 
ttag +56 2; 
ttag +57 2; 
ttag +58 8; 
ttag +59 1; 
ttag +60 2; 
ttag +61 1; 
ttag +62 1; 
ttag +63 3; 
ttag +64 7; 
ttag +65 1; 
ttag +66 8; 
ttag +67 10; 
ttag +68 4; 
ttag +69 3; 
ttag +70 6; 
ttag +71 4; 
ttag +72 1; 
ttag +73 3; 
ttag +74 2; 
ttag +75 4; 
ttag +76 2; 
ttag +77 6; 
ttag +78 2; 
ttag +79 9; 
ttag +80 5; 
ttag +81 2; 
ttag +82 7; 
ttag +83 7; 
ttag +84 1; 
ttag +85 2; 
ttag +86 4; 
ttag +87 2; 
ttag +88 6; 
ttag +89 1; 
ttag +90 2; 
tread
'Tree with tags' 
(0 (1 ((2 3 )(4 ((5 ((6 7 )(10 (8 9 ))))(11 (((12 13 )(14 21 ))(((17 (15 16 ))(18 (19 20 )))((22 (23 (24 25 )))((26 27 )((28 ((40 (41 (42 43 )))(45 (46 (44 47 )))))((29 (30 31 ))(35 (32 ((33 34 )(36 (37 (38 39 )))))))))))))))))); 
ttag *!; 
ttag +0 ////; 
ttag +1 ////; 
ttag +2 ////; 
ttag +3 ////; 
ttag +4 ////; 
ttag +5 ////; 
ttag +6 ////; 
ttag +7 ////; 
ttag +8 ////; 
ttag +9 ////; 
ttag +10 ////; 
ttag +11 ////; 
ttag +12 ////; 
ttag +13 ////; 
ttag +14 ////; 
ttag +15 ////; 
ttag +16 ////; 
ttag +17 ////; 
ttag +18 ////; 
ttag +19 ////; 
ttag +20 ////; 
ttag +21 ////; 
ttag +22 ////; 
ttag +23 ////; 
ttag +24 ////; 
ttag +25 ////; 
ttag +26 ////; 
ttag +27 ////; 
ttag +28 ////; 
ttag +29 ////; 
ttag +30 ////; 
ttag +31 ////; 
ttag +32 ////; 
ttag +33 ////; 
ttag +34 ////; 
ttag +35 ////; 
ttag +36 ////; 
ttag +37 ////; 
ttag +38 ////; 
ttag +39 ////; 
ttag +40 ////; 
ttag +41 ////; 
ttag +42 ////; 
ttag +43 ////; 
ttag +44 ////; 
ttag +45 ////; 
ttag +46 ////; 
ttag +47 ////; 
ttag +48 ////; 
ttag +49 100/100/100/100/100; 
ttag +50 96/95/86/94/92; 
ttag +51 88/81/72/86/81; 
ttag +52 97/96/97/100/96; 
ttag +53 37/27/9/21/17; 
ttag +54 70/60/41/62/48; 
ttag +55 91/88/85/89/87; 
ttag +56 65/55/35/56/41; 
ttag +57 74/58/50/68/61; 
ttag +58 98/98/96/98/95; 
ttag +59 44/35/28/32/34; 
ttag +60 73/64/43/68/51; 
ttag +61 13/[1]/?/?/?; 
ttag +62 66/62/48/56/44; 
ttag +63 26/10/5/13/5; 
ttag +64 78/68/59/76/51; 
ttag +65 99/98/96/99/96; 
ttag +66 37/22/15/28/8; 
ttag +67 19/4/2/6/?; 
ttag +68 100/100/98/99/97; 
ttag +69 100/100/100/100/100; 
ttag +70 92/89/77/87/77; 
ttag +71 54/42/44/42/34; 
ttag +72 97/96/88/98/88; 
ttag +73 92/88/70/90/77; 
ttag +74 40/29/22/20/20; 
ttag +75 80/76/59/76/62; 
ttag +76 10/[13]/?/?/?; 
ttag +77 39/29/15/24/14; 
ttag +78 94/93/88/94/88; 
ttag +79 41/31/16/35/18; 
ttag +80 99/98/91/96/91; 
ttag +81 23/[12]/?/?/?; 
ttag +82 90/88/84/94/82; 
ttag +83 84/77/74/80/74; 
ttag +84 28/[8]/?/0/?; 
ttag +85 96/95/87/93/86; 
ttag +86 98/97/96/98/94; 
ttag +87 44/8/?/10/2; 
ttag +88 68/49/46/48/46; 
ttag +89 88/85/76/87/76; 
ttag +90 82/76/73/80/66; 
ttag +91 98/97/97/100/98; 
ttag +92 33/5/3/3/8; 
ttag +93 8/[55]/?/?/?; 
ttag +94 88/83/79/87/82; 
