tread
'Tree with tags' 
(0 (1 ((2 3 )(4 5 6 7 11 13 (8 9 10 )(12 14 )((15 (16 17 ))(18 (19 20 )))(21 ((22 (23 (24 25 )))(26 (27 (28 ((29 (30 31 ))(44 47 ((32 (35 (36 (37 (38 39 )))))(33 34 ))(40 41 (42 43 ))(45 46 )))))))))))); 
ttag *!; 
ttag +49 ???; 
ttag +50 3; 
ttag +51 1; 
ttag +52 1; 
ttag +53 8; 
ttag +54 1; 
ttag +55 6; 
ttag +56 4; 
ttag +57 4; 
ttag +58 1; 
ttag +59 3; 
ttag +60 2; 
ttag +61 4; 
ttag +62 7; 
ttag +63 3; 
ttag +64 2; 
ttag +65 7; 
ttag +66 3; 
ttag +67 5; 
ttag +68 5; 
ttag +69 1; 
ttag +70 5; 
ttag +71 1; 
ttag +72 1; 
ttag +73 2; 
ttag +74 2; 
ttag +75 3; 
ttag +76 4; 
ttag +77 9; 
ttag +78 1; 
ttag +79 6; 
ttag +80 9; 
ttag +81 1; 
tread
'Tree with tags' 
(0 (1 ((2 3 )((4 (5 (11 ((13 (12 14 ))(21 ((22 (23 (24 25 )))(26 (27 (28 ((29 (30 31 ))((((32 (35 (36 (37 (38 39 )))))(33 34 ))(40 (41 (42 43 ))))(44 (47 (45 46 ))))))))))))))((7 (6 ((15 (16 17 ))(18 (19 20 )))))(8 (9 10 ))))))); 
ttag *!; 
ttag +0 ////; 
ttag +1 ////; 
ttag +2 ////; 
ttag +3 ////; 
ttag +4 ////; 
ttag +5 ////; 
ttag +6 ////; 
ttag +7 ////; 
ttag +8 ////; 
ttag +9 ////; 
ttag +10 ////; 
ttag +11 ////; 
ttag +12 ////; 
ttag +13 ////; 
ttag +14 ////; 
ttag +15 ////; 
ttag +16 ////; 
ttag +17 ////; 
ttag +18 ////; 
ttag +19 ////; 
ttag +20 ////; 
ttag +21 ////; 
ttag +22 ////; 
ttag +23 ////; 
ttag +24 ////; 
ttag +25 ////; 
ttag +26 ////; 
ttag +27 ////; 
ttag +28 ////; 
ttag +29 ////; 
ttag +30 ////; 
ttag +31 ////; 
ttag +32 ////; 
ttag +33 ////; 
ttag +34 ////; 
ttag +35 ////; 
ttag +36 ////; 
ttag +37 ////; 
ttag +38 ////; 
ttag +39 ////; 
ttag +40 ////; 
ttag +41 ////; 
ttag +42 ////; 
ttag +43 ////; 
ttag +44 ////; 
ttag +45 ////; 
ttag +46 ////; 
ttag +47 ////; 
ttag +48 ////; 
ttag +49 100/100/100/100/100; 
ttag +50 96/96/93/97/96; 
ttag +51 50/21/14/26/22; 
ttag +52 22/0/0/?/?; 
ttag +53 44/34/19/38/23; 
ttag +54 7/[22]/?/?/?; 
ttag +55 10/[26]/?/?/?; 
ttag +56 13/[8]/?/?/?; 
ttag +57 5/[16]/?/?/?; 
ttag +58 99/99/99/100/98; 
ttag +59 64/44/39/48/32; 
ttag +60 35/20/11/10/12; 
ttag +61 12/[22]/?/?/?; 
ttag +62 7/[27]/?/?/?; 
ttag +63 16/1/?/?/?; 
ttag +64 95/94/88/95/86; 
ttag +65 80/74/58/77/62; 
ttag +66 86/79/65/80/70; 
ttag +67 80/68/63/75/69; 
ttag +68 93/92/93/90/89; 
ttag +69 33/0/8/15/12; 
ttag +70 64/49/38/50/44; 
ttag +71 83/78/68/83/72; 
ttag +72 80/76/61/80/69; 
ttag +73 78/67/62/63/62; 
ttag +74 95/95/86/88/87; 
ttag +75 79/70/48/70/55; 
ttag +76 90/89/79/86/83; 
ttag +77 97/96/93/97/90; 
ttag +78 51/34/21/35/24; 
ttag +79 93/91/88/91/84; 
ttag +80 27/0/3/4/15; 
ttag +81 34/7/4/12/13; 
ttag +82 10/[16]/?/?/?; 
ttag +83 60/45/43/49/33; 
ttag +84 86/81/68/80/78; 
ttag +85 80/78/68/82/70; 
ttag +86 88/85/74/91/78; 
ttag +87 100/100/98/100/97; 
ttag +88 61/43/27/44/36; 
ttag +89 96/96/94/97/92; 
ttag +90 22/[10]/?/?/?; 
ttag +91 100/100/99/100/99; 
ttag +92 55/49/30/38/29; 
ttag +93 64/53/46/60/47; 
ttag +94 40/23/4/23/8; 
