tread
'Tree with tags' 
(0 (1 ((2 3 )(4 (5 (((6 7 )(9 (8 10 )))(11 (12 13 )((14 (21 ((22 (23 24 25 ))(26 (27 ((28 (29 (30 31 )))((32 35 (33 34 )(36 (37 38 39 )))((41 (40 (42 43 )))(47 (45 (44 46 )))))))))))(18 ((16 (15 17 ))(19 20 ))))))))))); 
ttag *!; 
ttag +49 ???; 
ttag +50 3; 
ttag +51 3; 
ttag +52 5; 
ttag +53 1; 
ttag +54 1; 
ttag +55 1; 
ttag +56 1; 
ttag +57 1; 
ttag +58 14; 
ttag +59 3; 
ttag +60 1; 
ttag +61 1; 
ttag +62 4; 
ttag +63 1; 
ttag +64 7; 
ttag +65 1; 
ttag +66 1; 
ttag +67 9; 
ttag +68 2; 
ttag +69 3; 
ttag +70 3; 
ttag +71 8; 
ttag +72 4; 
ttag +73 1; 
ttag +74 1; 
ttag +75 3; 
ttag +76 2; 
ttag +77 7; 
ttag +78 1; 
ttag +79 1; 
ttag +80 4; 
ttag +81 4; 
ttag +82 9; 
ttag +83 1; 
ttag +84 1; 
ttag +85 1; 
ttag +86 6; 
ttag +87 2; 
ttag +88 1; 
ttag +89 6; 
tread
'Tree with tags' 
(0 (1 ((2 3 )(4 (5 (((6 7 )(9 (8 10 )))((11 ((14 (21 ((22 (25 (23 24 )))(26 (27 ((28 (29 (30 31 )))(((35 (32 (33 34 )))(36 (37 (38 39 ))))((41 (40 (42 43 )))(47 (45 (44 46 )))))))))))(18 ((16 (15 17 ))(19 20 )))))(12 13 )))))))); 
ttag *!; 
ttag +0 ////; 
ttag +1 ////; 
ttag +2 ////; 
ttag +3 ////; 
ttag +4 ////; 
ttag +5 ////; 
ttag +6 ////; 
ttag +7 ////; 
ttag +8 ////; 
ttag +9 ////; 
ttag +10 ////; 
ttag +11 ////; 
ttag +12 ////; 
ttag +13 ////; 
ttag +14 ////; 
ttag +15 ////; 
ttag +16 ////; 
ttag +17 ////; 
ttag +18 ////; 
ttag +19 ////; 
ttag +20 ////; 
ttag +21 ////; 
ttag +22 ////; 
ttag +23 ////; 
ttag +24 ////; 
ttag +25 ////; 
ttag +26 ////; 
ttag +27 ////; 
ttag +28 ////; 
ttag +29 ////; 
ttag +30 ////; 
ttag +31 ////; 
ttag +32 ////; 
ttag +33 ////; 
ttag +34 ////; 
ttag +35 ////; 
ttag +36 ////; 
ttag +37 ////; 
ttag +38 ////; 
ttag +39 ////; 
ttag +40 ////; 
ttag +41 ////; 
ttag +42 ////; 
ttag +43 ////; 
ttag +44 ////; 
ttag +45 ////; 
ttag +46 ////; 
ttag +47 ////; 
ttag +48 ////; 
ttag +49 100/100/100/100/100; 
ttag +50 94/93/90/95/86; 
ttag +51 86/82/77/88/80; 
ttag +52 84/81/61/82/75; 
ttag +53 21/[6]/?/?/?; 
ttag +54 54/46/49/52/47; 
ttag +55 11/[4]/4/?/?; 
ttag +56 41/25/31/27/22; 
ttag +57 63/59/60/58/52; 
ttag +58 100/100/100/100/100; 
ttag +59 20/[4]/?/?/?; 
ttag +60 59/52/42/60/46; 
ttag +61 38/32/32/33/31; 
ttag +62 32/18/20/22/21; 
ttag +63 70/68/56/72/58; 
ttag +64 44/27/22/26/12; 
ttag +65 99/98/98/99/97; 
ttag +66 38/12/5/14/2; 
ttag +67 41/29/22/23/16; 
ttag +68 100/100/100/100/100; 
ttag +69 55/47/38/54/37; 
ttag +70 83/75/46/67/65; 
ttag +71 77/69/62/74/64; 
ttag +72 24/[32]/?/?/?; 
ttag +73 98/98/97/98/98; 
ttag +74 86/82/69/84/74; 
ttag +75 56/41/21/50/32; 
ttag +76 35/0/?/4/?; 
ttag +77 83/81/62/81/71; 
ttag +78 62/56/40/51/45; 
ttag +79 99/98/96/98/96; 
ttag +80 49/40/29/31/24; 
ttag +81 14/[17]/?/?/?; 
ttag +82 54/42/26/44/33; 
ttag +83 56/44/49/49/36; 
ttag +84 92/90/79/95/80; 
ttag +85 81/78/72/81/69; 
ttag +86 97/97/97/98/95; 
ttag +87 50/27/32/40/34; 
ttag +88 64/43/40/48/35; 
ttag +89 79/74/63/70/69; 
ttag +90 73/70/65/72/63; 
ttag +91 98/98/98/98/95; 
ttag +92 75/69/64/61/51; 
ttag +93 47/35/23/31/30; 
ttag +94 94/92/86/96/90; 
