tread
'Tree with tags' 
(0 (1 ((2 3 )(4 (5 11 ((6 7 )(8 (9 10 )))(12 13 14 (15 (16 17 ))(18 (19 20 ))(21 ((22 (23 (24 25 )))(26 (27 (28 (((29 (30 31 ))((40 (41 (42 43 )))(47 (44 45 46 ))))(35 ((32 (33 34 ))(36 (38 (37 39 ))))))))))))))))); 
ttag *!; 
ttag +49 ???; 
ttag +50 7; 
ttag +51 1; 
ttag +52 2; 
ttag +53 2; 
ttag +54 1; 
ttag +55 1; 
ttag +56 10; 
ttag +57 4; 
ttag +58 2; 
ttag +59 6; 
ttag +60 1; 
ttag +61 5; 
ttag +62 9; 
ttag +63 1; 
ttag +64 8; 
ttag +65 3; 
ttag +66 7; 
ttag +67 6; 
ttag +68 4; 
ttag +69 3; 
ttag +70 1; 
ttag +71 4; 
ttag +72 2; 
ttag +73 4; 
ttag +74 7; 
ttag +75 1; 
ttag +76 1; 
ttag +77 8; 
ttag +78 5; 
ttag +79 3; 
ttag +80 1; 
ttag +81 9; 
ttag +82 7; 
ttag +83 1; 
ttag +84 1; 
ttag +85 8; 
ttag +86 1; 
ttag +87 2; 
tread
'Tree with tags' 
(0 (1 ((2 3 )(4 (5 (((6 7 )(8 (9 10 )))(11 (13 (12 ((14 ((15 (16 17 ))(18 (19 20 ))))(21 ((22 (23 (24 25 )))(26 (27 (28 (((29 (30 31 ))((40 (41 (42 43 )))(47 (44 (45 46 )))))(35 ((32 (33 34 ))(36 (38 (37 39 ))))))))))))))))))))); 
ttag *!; 
ttag +0 ////; 
ttag +1 ////; 
ttag +2 ////; 
ttag +3 ////; 
ttag +4 ////; 
ttag +5 ////; 
ttag +6 ////; 
ttag +7 ////; 
ttag +8 ////; 
ttag +9 ////; 
ttag +10 ////; 
ttag +11 ////; 
ttag +12 ////; 
ttag +13 ////; 
ttag +14 ////; 
ttag +15 ////; 
ttag +16 ////; 
ttag +17 ////; 
ttag +18 ////; 
ttag +19 ////; 
ttag +20 ////; 
ttag +21 ////; 
ttag +22 ////; 
ttag +23 ////; 
ttag +24 ////; 
ttag +25 ////; 
ttag +26 ////; 
ttag +27 ////; 
ttag +28 ////; 
ttag +29 ////; 
ttag +30 ////; 
ttag +31 ////; 
ttag +32 ////; 
ttag +33 ////; 
ttag +34 ////; 
ttag +35 ////; 
ttag +36 ////; 
ttag +37 ////; 
ttag +38 ////; 
ttag +39 ////; 
ttag +40 ////; 
ttag +41 ////; 
ttag +42 ////; 
ttag +43 ////; 
ttag +44 ////; 
ttag +45 ////; 
ttag +46 ////; 
ttag +47 ////; 
ttag +48 ////; 
ttag +49 100/100/100/100/100; 
ttag +50 96/95/95/97/93; 
ttag +51 60/36/38/39/34; 
ttag +52 67/54/49/64/47; 
ttag +53 42/36/21/38/23; 
ttag +54 72/71/60/66/66; 
ttag +55 55/40/32/39/35; 
ttag +56 12/[2]/?/6/5; 
ttag +57 100/100/100/100/100; 
ttag +58 91/90/82/88/84; 
ttag +59 17/0/?/6/1; 
ttag +60 11/[9]/?/?/?; 
ttag +61 58/52/40/58/39; 
ttag +62 14/[1]/?/1/?; 
ttag +63 8/[6]/?/?/?; 
ttag +64 96/96/89/96/90; 
ttag +65 41/26/16/20/6; 
ttag +66 76/65/44/65/55; 
ttag +67 92/91/72/88/81; 
ttag +68 100/100/100/100/100; 
ttag +69 24/16/8/21/12; 
ttag +70 99/99/98/99/95; 
ttag +71 47/40/32/46/32; 
ttag +72 94/93/85/92/82; 
ttag +73 99/98/96/99/94; 
ttag +74 69/61/48/74/55; 
ttag +75 44/33/21/37/22; 
ttag +76 20/1/2/8/?; 
ttag +77 79/72/54/74/60; 
ttag +78 29/13/13/20/14; 
ttag +79 60/55/43/67/42; 
ttag +80 96/94/91/98/88; 
ttag +81 25/8/6/9/6; 
ttag +82 24/8/5/11/4; 
ttag +83 94/91/90/92/92; 
ttag +84 88/81/72/82/76; 
ttag +85 56/39/38/44/37; 
ttag +86 56/32/20/19/10; 
ttag +87 100/100/100/100/99; 
ttag +88 97/96/90/96/93; 
ttag +89 31/22/14/26/19; 
ttag +90 55/36/32/41/38; 
ttag +91 99/98/96/98/95; 
ttag +92 40/16/16/26/9; 
ttag +93 68/62/53/70/46; 
ttag +94 28/3/0/3/?; 
