tread
'Tree with tags' 
(0 (1 ((2 3 )((4 5 11 (6 7 )((12 13 )((14 (18 ((15 (16 17 ))(19 20 ))))(21 ((22 (23 (24 25 )))(26 (27 (28 ((30 (29 31 ))(((32 (33 34 ))(35 (36 (37 (38 39 )))))(47 ((46 (40 (41 (42 43 ))))(44 45 )))))))))))))(8 (9 10 )))))); 
ttag *!; 
ttag +49 ???; 
ttag +50 2; 
ttag +51 6; 
ttag +52 1; 
ttag +53 10; 
ttag +54 1; 
ttag +55 6; 
ttag +56 7; 
ttag +57 2; 
ttag +58 2; 
ttag +59 2; 
ttag +60 1; 
ttag +61 8; 
ttag +62 1; 
ttag +63 2; 
ttag +64 4; 
ttag +65 8; 
ttag +66 1; 
ttag +67 2; 
ttag +68 5; 
ttag +69 7; 
ttag +70 8; 
ttag +71 6; 
ttag +72 2; 
ttag +73 3; 
ttag +74 1; 
ttag +75 2; 
ttag +76 2; 
ttag +77 1; 
ttag +78 6; 
ttag +79 1; 
ttag +80 3; 
ttag +81 6; 
ttag +82 7; 
ttag +83 4; 
ttag +84 4; 
ttag +85 5; 
ttag +86 1; 
ttag +87 1; 
ttag +88 4; 
ttag +89 1; 
ttag +90 7; 
ttag +91 1; 
tread
'Tree with tags' 
(0 (1 ((2 3 )(((5 (4 (11 ((12 13 )((14 (18 ((15 (16 17 ))(19 20 ))))(21 ((22 (23 (24 25 )))(26 (27 (28 ((30 (29 31 ))(((32 (33 34 ))(35 (36 (37 (38 39 )))))(47 ((46 (40 (41 (42 43 ))))(44 45 )))))))))))))))(6 7 ))(8 (9 10 )))))); 
ttag *!; 
ttag +0 ////; 
ttag +1 ////; 
ttag +2 ////; 
ttag +3 ////; 
ttag +4 ////; 
ttag +5 ////; 
ttag +6 ////; 
ttag +7 ////; 
ttag +8 ////; 
ttag +9 ////; 
ttag +10 ////; 
ttag +11 ////; 
ttag +12 ////; 
ttag +13 ////; 
ttag +14 ////; 
ttag +15 ////; 
ttag +16 ////; 
ttag +17 ////; 
ttag +18 ////; 
ttag +19 ////; 
ttag +20 ////; 
ttag +21 ////; 
ttag +22 ////; 
ttag +23 ////; 
ttag +24 ////; 
ttag +25 ////; 
ttag +26 ////; 
ttag +27 ////; 
ttag +28 ////; 
ttag +29 ////; 
ttag +30 ////; 
ttag +31 ////; 
ttag +32 ////; 
ttag +33 ////; 
ttag +34 ////; 
ttag +35 ////; 
ttag +36 ////; 
ttag +37 ////; 
ttag +38 ////; 
ttag +39 ////; 
ttag +40 ////; 
ttag +41 ////; 
ttag +42 ////; 
ttag +43 ////; 
ttag +44 ////; 
ttag +45 ////; 
ttag +46 ////; 
ttag +47 ////; 
ttag +48 ////; 
ttag +49 100/100/100/100/100; 
ttag +50 68/49/52/54/46; 
ttag +51 98/97/89/99/92; 
ttag +52 13/0/2/?/4; 
ttag +53 4/[25]/?/?/?; 
ttag +54 63/57/46/60/48; 
ttag +55 99/99/94/98/96; 
ttag +56 66/62/52/64/49; 
ttag +57 100/100/99/99/99; 
ttag +58 99/99/99/98/98; 
ttag +59 41/26/20/26/23; 
ttag +60 78/75/64/64/58; 
ttag +61 72/69/49/68/58; 
ttag +62 47/36/30/33/30; 
ttag +63 29/17/5/10/10; 
ttag +64 100/100/99/100/99; 
ttag +65 41/1/4/12/6; 
ttag +66 60/51/34/54/37; 
ttag +67 91/88/83/90/90; 
ttag +68 99/98/100/99/100; 
ttag +69 52/46/41/58/38; 
ttag +70 69/54/40/56/48; 
ttag +71 93/92/84/95/89; 
ttag +72 100/100/99/100/99; 
ttag +73 100/100/99/100/100; 
ttag +74 96/95/86/93/91; 
ttag +75 69/64/48/62/53; 
ttag +76 68/59/46/62/47; 
ttag +77 27/[5]/?/4/?; 
ttag +78 64/56/46/64/51; 
ttag +79 62/53/51/50/45; 
ttag +80 50/41/22/44/36; 
ttag +81 95/92/86/95/87; 
ttag +82 45/23/13/22/18; 
ttag +83 78/72/55/75/70; 
ttag +84 94/93/89/95/87; 
ttag +85 100/100/96/98/97; 
ttag +86 94/94/92/96/88; 
ttag +87 92/88/75/86/78; 
ttag +88 94/93/84/94/84; 
ttag +89 32/[9]/?/?/?; 
ttag +90 28/[13]/?/?/?; 
ttag +91 86/84/76/85/77; 
ttag +92 67/56/46/52/48; 
ttag +93 99/99/93/97/96; 
ttag +94 52/38/36/37/44; 
