tread
'Tree with tags' 
(0 (1 ((2 3 )(4 5 (6 7 )(11 (10 (8 9 )))(21 (12 13 )(14 ((22 (23 24 25 ))(26 (27 (28 (29 (30 31 ))(((32 (35 (36 (37 (38 39 )))))(33 34 ))(44 45 46 47 (40 41 (42 43 )))))))))((17 (15 16 ))(18 (19 20 )))))))); 
ttag *!; 
ttag +49 ???; 
ttag +50 6; 
ttag +51 5; 
ttag +52 6; 
ttag +53 2; 
ttag +54 1; 
ttag +55 12; 
ttag +56 1; 
ttag +57 3; 
ttag +58 1; 
ttag +59 2; 
ttag +60 1; 
ttag +61 5; 
ttag +62 1; 
ttag +63 5; 
ttag +64 6; 
ttag +65 4; 
ttag +66 2; 
ttag +67 11; 
ttag +68 4; 
ttag +69 2; 
ttag +70 5; 
ttag +71 3; 
ttag +72 2; 
ttag +73 1; 
ttag +74 1; 
ttag +75 3; 
ttag +76 1; 
ttag +77 3; 
ttag +78 5; 
ttag +79 3; 
ttag +80 5; 
ttag +81 6; 
ttag +82 2; 
ttag +83 9; 
tread
'Tree with tags' 
(0 (1 ((2 3 )((4 (5 ((6 7 )(11 (10 (8 9 ))))))(21 (((12 13 )(14 ((22 (23 (24 25 )))(26 (27 (28 ((29 (30 31 ))(((32 (35 (36 (37 (38 39 )))))(33 34 ))(46 (47 (45 (44 ((40 41 )(42 43 ))))))))))))))((17 (15 16 ))(18 (19 20 ))))))))); 
ttag *!; 
ttag +0 ////; 
ttag +1 ////; 
ttag +2 ////; 
ttag +3 ////; 
ttag +4 ////; 
ttag +5 ////; 
ttag +6 ////; 
ttag +7 ////; 
ttag +8 ////; 
ttag +9 ////; 
ttag +10 ////; 
ttag +11 ////; 
ttag +12 ////; 
ttag +13 ////; 
ttag +14 ////; 
ttag +15 ////; 
ttag +16 ////; 
ttag +17 ////; 
ttag +18 ////; 
ttag +19 ////; 
ttag +20 ////; 
ttag +21 ////; 
ttag +22 ////; 
ttag +23 ////; 
ttag +24 ////; 
ttag +25 ////; 
ttag +26 ////; 
ttag +27 ////; 
ttag +28 ////; 
ttag +29 ////; 
ttag +30 ////; 
ttag +31 ////; 
ttag +32 ////; 
ttag +33 ////; 
ttag +34 ////; 
ttag +35 ////; 
ttag +36 ////; 
ttag +37 ////; 
ttag +38 ////; 
ttag +39 ////; 
ttag +40 ////; 
ttag +41 ////; 
ttag +42 ////; 
ttag +43 ////; 
ttag +44 ////; 
ttag +45 ////; 
ttag +46 ////; 
ttag +47 ////; 
ttag +48 ////; 
ttag +49 100/100/100/100/100; 
ttag +50 97/97/93/98/95; 
ttag +51 98/98/91/96/93; 
ttag +52 14/[11]/?/?/?; 
ttag +53 94/92/84/93/82; 
ttag +54 6/[12]/?/?/?; 
ttag +55 84/81/62/75/68; 
ttag +56 2/[15]/?/?/?; 
ttag +57 46/6/?/6/2; 
ttag +58 99/99/99/100/98; 
ttag +59 19/1/?/3/?; 
ttag +60 94/94/86/91/90; 
ttag +61 12/[1]/?/?/?; 
ttag +62 4/[9]/?/?/?; 
ttag +63 19/5/1/2/?; 
ttag +64 42/28/18/24/22; 
ttag +65 33/[11]/?/?/?; 
ttag +66 98/98/96/99/95; 
ttag +67 12/3/0/9/1; 
ttag +68 88/86/79/90/78; 
ttag +69 97/97/94/98/96; 
ttag +70 90/86/72/86/76; 
ttag +71 82/79/72/82/78; 
ttag +72 99/99/98/100/100; 
ttag +73 26/0/3/?/?; 
ttag +74 96/95/87/95/86; 
ttag +75 80/75/65/78/64; 
ttag +76 88/83/70/86/74; 
ttag +77 81/72/66/79/67; 
ttag +78 54/44/36/40/44; 
ttag +79 81/77/61/77/62; 
ttag +80 50/32/18/40/39; 
ttag +81 82/76/65/74/71; 
ttag +82 59/56/40/62/43; 
ttag +83 66/48/44/49/46; 
ttag +84 84/81/68/78/70; 
ttag +85 93/91/84/92/82; 
ttag +86 84/80/67/84/74; 
ttag +87 96/96/92/96/92; 
ttag +88 52/29/36/38/22; 
ttag +89 95/93/84/93/89; 
ttag +90 35/8/10/2/1; 
ttag +91 34/7/6/3/2; 
ttag +92 18/[22]/?/?/?; 
ttag +93 68/64/46/66/50; 
ttag +94 99/98/99/100/98; 
