tread
'Tree with tags' 
(0 (1 ((2 3 )(4 (5 6 7 (11 (8 (9 10 )))((12 13 )((14 ((15 (16 17 ))(18 (19 20 ))))(21 ((22 (23 (24 25 )))(26 27 (28 ((29 (30 31 ))((32 35 (33 34 )(36 (37 (38 39 ))))(47 ((41 (40 (42 43 )))(44 45 46 )))))))))))))))); 
ttag *!; 
ttag +49 ???; 
ttag +50 6; 
ttag +51 8; 
ttag +52 5; 
ttag +53 3; 
ttag +54 10; 
ttag +55 1; 
ttag +56 2; 
ttag +57 2; 
ttag +58 5; 
ttag +59 1; 
ttag +60 3; 
ttag +61 3; 
ttag +62 2; 
ttag +63 3; 
ttag +64 8; 
ttag +65 4; 
ttag +66 2; 
ttag +67 5; 
ttag +68 3; 
ttag +69 7; 
ttag +70 2; 
ttag +71 3; 
ttag +72 1; 
ttag +73 5; 
ttag +74 6; 
ttag +75 2; 
ttag +76 4; 
ttag +77 2; 
ttag +78 8; 
ttag +79 1; 
ttag +80 10; 
ttag +81 2; 
ttag +82 1; 
ttag +83 8; 
ttag +84 1; 
ttag +85 3; 
ttag +86 8; 
ttag +87 1; 
tread
'Tree with tags' 
(0 (1 ((2 3 )(4 ((5 ((11 (8 (9 10 )))((12 13 )((14 ((15 (16 17 ))(18 (19 20 ))))(21 ((22 (23 (24 25 )))((26 27 )(28 ((29 (30 31 ))((((32 35 )(33 34 ))(36 (37 (38 39 ))))(47 ((41 (40 (42 43 )))(44 (45 46 ))))))))))))))(6 7 )))))); 
ttag *!; 
ttag +0 ////; 
ttag +1 ////; 
ttag +2 ////; 
ttag +3 ////; 
ttag +4 ////; 
ttag +5 ////; 
ttag +6 ////; 
ttag +7 ////; 
ttag +8 ////; 
ttag +9 ////; 
ttag +10 ////; 
ttag +11 ////; 
ttag +12 ////; 
ttag +13 ////; 
ttag +14 ////; 
ttag +15 ////; 
ttag +16 ////; 
ttag +17 ////; 
ttag +18 ////; 
ttag +19 ////; 
ttag +20 ////; 
ttag +21 ////; 
ttag +22 ////; 
ttag +23 ////; 
ttag +24 ////; 
ttag +25 ////; 
ttag +26 ////; 
ttag +27 ////; 
ttag +28 ////; 
ttag +29 ////; 
ttag +30 ////; 
ttag +31 ////; 
ttag +32 ////; 
ttag +33 ////; 
ttag +34 ////; 
ttag +35 ////; 
ttag +36 ////; 
ttag +37 ////; 
ttag +38 ////; 
ttag +39 ////; 
ttag +40 ////; 
ttag +41 ////; 
ttag +42 ////; 
ttag +43 ////; 
ttag +44 ////; 
ttag +45 ////; 
ttag +46 ////; 
ttag +47 ////; 
ttag +48 ////; 
ttag +49 100/100/100/100/100; 
ttag +50 94/92/86/96/84; 
ttag +51 100/100/97/100/98; 
ttag +52 91/88/83/92/83; 
ttag +53 0/[22]/?/?/?; 
ttag +54 80/76/70/86/71; 
ttag +55 31/18/21/18/19; 
ttag +56 99/98/98/99/96; 
ttag +57 53/44/25/51/33; 
ttag +58 28/9/12/16/8; 
ttag +59 78/70/59/73/56; 
ttag +60 66/53/48/72/47; 
ttag +61 72/69/55/78/52; 
ttag +62 46/40/18/40/24; 
ttag +63 76/72/58/78/60; 
ttag +64 90/89/84/90/86; 
ttag +65 60/49/28/53/36; 
ttag +66 91/88/78/93/77; 
ttag +67 100/100/98/99/98; 
ttag +68 99/99/98/100/96; 
ttag +69 57/53/39/57/43; 
ttag +70 92/87/73/91/72; 
ttag +71 78/75/62/80/64; 
ttag +72 100/100/96/100/97; 
ttag +73 77/64/55/64/60; 
ttag +74 44/24/23/17/25; 
ttag +75 90/86/80/86/67; 
ttag +76 64/46/38/50/33; 
ttag +77 99/98/92/98/96; 
ttag +78 95/94/88/95/89; 
ttag +79 72/64/70/70/64; 
ttag +80 22/[6]/?/?/?; 
ttag +81 35/11/8/8/8; 
ttag +82 78/72/61/74/60; 
ttag +83 41/24/9/29/14; 
ttag +84 100/100/98/100/100; 
ttag +85 54/48/38/37/29; 
ttag +86 100/100/98/100/97; 
ttag +87 80/70/70/73/66; 
ttag +88 59/38/20/33/10; 
ttag +89 97/96/95/98/94; 
ttag +90 30/12/?/16/?; 
ttag +91 53/35/21/46/31; 
ttag +92 98/98/92/99/96; 
ttag +93 34/26/10/24/13; 
ttag +94 14/[9]/?/?/?; 
