tread
'Tree with tags' 
(0 (1 ((2 3 )(4 (5 (11 12 13 14 21 (7 (6 (8 9 10 )))(15 (16 17 ))(18 (19 20 ))((22 (23 (24 25 )))((26 27 )(28 (29 (30 31 ))((32 33 34 35 (36 (37 38 39 )))((40 (41 (42 43 )))(46 (44 (45 47 )))))))))))))); 
ttag *!; 
ttag +49 ???; 
ttag +50 5; 
ttag +51 4; 
ttag +52 7; 
ttag +53 1; 
ttag +54 1; 
ttag +55 3; 
ttag +56 1; 
ttag +57 9; 
ttag +58 8; 
ttag +59 2; 
ttag +60 7; 
ttag +61 9; 
ttag +62 7; 
ttag +63 2; 
ttag +64 4; 
ttag +65 2; 
ttag +66 2; 
ttag +67 4; 
ttag +68 1; 
ttag +69 1; 
ttag +70 8; 
ttag +71 6; 
ttag +72 3; 
ttag +73 1; 
ttag +74 5; 
ttag +75 3; 
ttag +76 1; 
ttag +77 2; 
ttag +78 3; 
ttag +79 4; 
ttag +80 2; 
ttag +81 1; 
tread
'Tree with tags' 
(0 (1 ((2 3 )(4 (5 ((11 (12 (7 (6 (8 (9 10 ))))))(14 ((13 ((22 (23 (24 25 )))((26 27 )(28 ((29 (30 31 ))((32 (35 ((33 34 )(36 (37 (38 39 ))))))((40 (41 (42 43 )))(46 (44 (45 47 ))))))))))(21 ((15 (16 17 ))(18 (19 20 )))))))))))); 
ttag *!; 
ttag +0 ////; 
ttag +1 ////; 
ttag +2 ////; 
ttag +3 ////; 
ttag +4 ////; 
ttag +5 ////; 
ttag +6 ////; 
ttag +7 ////; 
ttag +8 ////; 
ttag +9 ////; 
ttag +10 ////; 
ttag +11 ////; 
ttag +12 ////; 
ttag +13 ////; 
ttag +14 ////; 
ttag +15 ////; 
ttag +16 ////; 
ttag +17 ////; 
ttag +18 ////; 
ttag +19 ////; 
ttag +20 ////; 
ttag +21 ////; 
ttag +22 ////; 
ttag +23 ////; 
ttag +24 ////; 
ttag +25 ////; 
ttag +26 ////; 
ttag +27 ////; 
ttag +28 ////; 
ttag +29 ////; 
ttag +30 ////; 
ttag +31 ////; 
ttag +32 ////; 
ttag +33 ////; 
ttag +34 ////; 
ttag +35 ////; 
ttag +36 ////; 
ttag +37 ////; 
ttag +38 ////; 
ttag +39 ////; 
ttag +40 ////; 
ttag +41 ////; 
ttag +42 ////; 
ttag +43 ////; 
ttag +44 ////; 
ttag +45 ////; 
ttag +46 ////; 
ttag +47 ////; 
ttag +48 ////; 
ttag +49 100/100/100/100/100; 
ttag +50 95/95/94/97/93; 
ttag +51 96/94/90/91/88; 
ttag +52 99/99/91/96/92; 
ttag +53 28/[3]/?/?/?; 
ttag +54 61/37/21/50/44; 
ttag +55 79/71/53/74/64; 
ttag +56 14/[4]/2/?/2; 
ttag +57 0/[18]/?/?/?; 
ttag +58 24/10/1/6/?; 
ttag +59 100/100/100/99/99; 
ttag +60 45/11/15/5/10; 
ttag +61 11/[7]/?/?/?; 
ttag +62 0/[21]/?/?/?; 
ttag +63 2/[16]/?/?/?; 
ttag +64 99/99/96/99/96; 
ttag +65 26/4/2/11/6; 
ttag +66 10/[11]/?/?/?; 
ttag +67 76/67/51/62/53; 
ttag +68 97/96/89/97/94; 
ttag +69 100/100/99/100/100; 
ttag +70 92/87/89/90/87; 
ttag +71 62/57/42/52/44; 
ttag +72 89/82/81/86/81; 
ttag +73 66/45/31/44/40; 
ttag +74 62/47/29/51/42; 
ttag +75 85/81/73/85/70; 
ttag +76 37/24/20/26/16; 
ttag +77 35/14/4/18/14; 
ttag +78 16/[4]/?/?/?; 
ttag +79 98/98/95/98/98; 
ttag +80 96/96/95/97/90; 
ttag +81 57/44/36/54/40; 
ttag +82 49/31/28/30/28; 
ttag +83 21/[24]/?/?/?; 
ttag +84 53/27/28/32/24; 
ttag +85 50/41/35/44/39; 
ttag +86 99/99/94/99/96; 
ttag +87 34/[2]/8/5/1; 
ttag +88 70/64/52/68/54; 
ttag +89 53/43/43/55/38; 
ttag +90 61/42/38/44/44; 
ttag +91 86/77/78/83/67; 
ttag +92 73/69/67/80/68; 
ttag +93 58/48/46/56/42; 
ttag +94 42/11/16/17/0; 
