tread
'Tree with tags' 
(0 (1 ((2 3 )((((4 5 )(12 ((11 (21 ((22 (23 (24 25 )))(26 (27 (28 ((29 (30 31 ))((((32 (35 (36 (37 (38 39 )))))(33 34 ))(40 41 (42 43 )))(45 (44 (46 47 )))))))))))((13 (17 (15 16 )))(14 (18 (19 20 )))))))(6 7 ))(8 (9 10 )))))); 
ttag *!; 
ttag +49 ???; 
ttag +50 8; 
ttag +51 1; 
ttag +52 1; 
ttag +53 1; 
ttag +54 1; 
ttag +55 7; 
ttag +56 3; 
ttag +57 3; 
ttag +58 2; 
ttag +59 2; 
ttag +60 1; 
ttag +61 1; 
ttag +62 2; 
ttag +63 2; 
ttag +64 2; 
ttag +65 3; 
ttag +66 7; 
ttag +67 7; 
ttag +68 9; 
ttag +69 2; 
ttag +70 8; 
ttag +71 5; 
ttag +72 8; 
ttag +73 6; 
ttag +74 5; 
ttag +75 1; 
ttag +76 3; 
ttag +77 3; 
ttag +78 1; 
ttag +79 6; 
ttag +80 1; 
ttag +81 3; 
ttag +82 1; 
ttag +83 1; 
ttag +84 4; 
ttag +85 3; 
ttag +86 3; 
ttag +87 5; 
ttag +88 1; 
ttag +89 5; 
ttag +90 10; 
ttag +91 1; 
ttag +92 2; 
ttag +93 1; 
tread
'Tree with tags' 
(0 (1 ((2 3 )((((4 5 )(12 ((11 (21 ((22 (23 (24 25 )))(26 (27 (28 ((29 (30 31 ))((((32 (35 (36 (37 (38 39 )))))(33 34 ))(41 (40 (42 43 ))))(45 (44 (46 47 )))))))))))((13 (17 (15 16 )))(14 (18 (19 20 )))))))(6 7 ))(8 (9 10 )))))); 
ttag *!; 
ttag +0 ////; 
ttag +1 ////; 
ttag +2 ////; 
ttag +3 ////; 
ttag +4 ////; 
ttag +5 ////; 
ttag +6 ////; 
ttag +7 ////; 
ttag +8 ////; 
ttag +9 ////; 
ttag +10 ////; 
ttag +11 ////; 
ttag +12 ////; 
ttag +13 ////; 
ttag +14 ////; 
ttag +15 ////; 
ttag +16 ////; 
ttag +17 ////; 
ttag +18 ////; 
ttag +19 ////; 
ttag +20 ////; 
ttag +21 ////; 
ttag +22 ////; 
ttag +23 ////; 
ttag +24 ////; 
ttag +25 ////; 
ttag +26 ////; 
ttag +27 ////; 
ttag +28 ////; 
ttag +29 ////; 
ttag +30 ////; 
ttag +31 ////; 
ttag +32 ////; 
ttag +33 ////; 
ttag +34 ////; 
ttag +35 ////; 
ttag +36 ////; 
ttag +37 ////; 
ttag +38 ////; 
ttag +39 ////; 
ttag +40 ////; 
ttag +41 ////; 
ttag +42 ////; 
ttag +43 ////; 
ttag +44 ////; 
ttag +45 ////; 
ttag +46 ////; 
ttag +47 ////; 
ttag +48 ////; 
ttag +49 100/100/100/100/100; 
ttag +50 100/100/98/100/100; 
ttag +51 38/0/?/4/?; 
ttag +52 54/39/32/29/32; 
ttag +53 7/[15]/?/?/?; 
ttag +54 19/[3]/?/?/?; 
ttag +55 98/98/92/99/90; 
ttag +56 72/67/61/67/62; 
ttag +57 88/86/76/88/80; 
ttag +58 58/46/44/51/26; 
ttag +59 30/8/?/6/1; 
ttag +60 10/[12]/?/?/?; 
ttag +61 18/[4]/?/?/?; 
ttag +62 32/[5]/?/3/?; 
ttag +63 34/28/21/34/18; 
ttag +64 41/26/13/33/11; 
ttag +65 72/56/38/59/38; 
ttag +66 97/96/88/95/87; 
ttag +67 96/94/86/93/84; 
ttag +68 100/100/100/100/100; 
ttag +69 78/74/62/75/68; 
ttag +70 99/99/99/99/97; 
ttag +71 90/85/77/92/81; 
ttag +72 98/98/95/98/95; 
ttag +73 99/99/97/99/94; 
ttag +74 99/99/96/98/95; 
ttag +75 50/26/13/21/5; 
ttag +76 68/64/51/58/50; 
ttag +77 57/33/42/45/42; 
ttag +78 55/48/34/45/33; 
ttag +79 98/97/94/97/90; 
ttag +80 43/30/28/36/27; 
ttag +81 74/71/58/76/58; 
ttag +82 30/12/14/13/14; 
ttag +83 27/17/11/15/12; 
ttag +84 83/78/66/85/69; 
ttag +85 79/75/62/82/66; 
ttag +86 80/76/62/80/64; 
ttag +87 92/90/84/93/81; 
ttag +88 54/41/40/46/37; 
ttag +89 8/[56]/?/?/?; 
ttag +90 96/95/94/93/92; 
ttag +91 100/100/100/100/97; 
ttag +92 20/[22]/?/?/?; 
ttag +93 55/49/39/55/52; 
ttag +94 52/30/31/41/33; 
