tread
'Tree with tags' 
(0 (1 ((2 3 )(4 (5 ((6 7 (8 (9 10 )))(11 (13 (12 (14 21 (15 (16 17 ))((18 (19 20 ))((22 (23 (24 25 )))(26 27 28 (((29 (30 31 ))(((40 41 )(42 43 ))(46 (47 (44 45 )))))((32 (35 (36 (38 (37 39 )))))(33 34 )))))))))))))))); 
ttag *!; 
ttag +49 ???; 
ttag +50 3; 
ttag +51 4; 
ttag +52 9; 
ttag +53 3; 
ttag +54 1; 
ttag +55 1; 
ttag +56 7; 
ttag +57 1; 
ttag +58 3; 
ttag +59 1; 
ttag +60 2; 
ttag +61 3; 
ttag +62 3; 
ttag +63 3; 
ttag +64 4; 
ttag +65 1; 
ttag +66 10; 
ttag +67 3; 
ttag +68 2; 
ttag +69 7; 
ttag +70 3; 
ttag +71 3; 
ttag +72 1; 
ttag +73 1; 
ttag +74 3; 
ttag +75 1; 
ttag +76 1; 
ttag +77 3; 
ttag +78 5; 
ttag +79 1; 
ttag +80 3; 
ttag +81 1; 
ttag +82 6; 
ttag +83 1; 
ttag +84 9; 
ttag +85 1; 
ttag +86 7; 
ttag +87 1; 
ttag +88 1; 
ttag +89 3; 
tread
'Tree with tags' 
(0 (1 ((2 3 )(4 (5 ((7 (6 (8 (9 10 ))))(11 (13 (12 (21 (14 ((15 (16 17 ))((18 (19 20 ))((22 (23 (24 25 )))(26 ((27 28 )(((29 (30 31 ))(((40 41 )(42 43 ))(46 (47 (44 45 )))))((32 (35 (36 (38 (37 39 )))))(33 34 ))))))))))))))))))); 
ttag *!; 
ttag +0 ////; 
ttag +1 ////; 
ttag +2 ////; 
ttag +3 ////; 
ttag +4 ////; 
ttag +5 ////; 
ttag +6 ////; 
ttag +7 ////; 
ttag +8 ////; 
ttag +9 ////; 
ttag +10 ////; 
ttag +11 ////; 
ttag +12 ////; 
ttag +13 ////; 
ttag +14 ////; 
ttag +15 ////; 
ttag +16 ////; 
ttag +17 ////; 
ttag +18 ////; 
ttag +19 ////; 
ttag +20 ////; 
ttag +21 ////; 
ttag +22 ////; 
ttag +23 ////; 
ttag +24 ////; 
ttag +25 ////; 
ttag +26 ////; 
ttag +27 ////; 
ttag +28 ////; 
ttag +29 ////; 
ttag +30 ////; 
ttag +31 ////; 
ttag +32 ////; 
ttag +33 ////; 
ttag +34 ////; 
ttag +35 ////; 
ttag +36 ////; 
ttag +37 ////; 
ttag +38 ////; 
ttag +39 ////; 
ttag +40 ////; 
ttag +41 ////; 
ttag +42 ////; 
ttag +43 ////; 
ttag +44 ////; 
ttag +45 ////; 
ttag +46 ////; 
ttag +47 ////; 
ttag +48 ////; 
ttag +49 100/100/100/100/100; 
ttag +50 79/71/62/75/64; 
ttag +51 93/91/85/93/85; 
ttag +52 99/98/97/99/95; 
ttag +53 74/64/39/64/43; 
ttag +54 26/2/6/8/6; 
ttag +55 37/32/26/26/27; 
ttag +56 52/44/30/48/39; 
ttag +57 97/96/94/97/91; 
ttag +58 60/44/49/50/49; 
ttag +59 58/50/37/53/36; 
ttag +60 52/34/18/39/18; 
ttag +61 60/44/40/52/40; 
ttag +62 18/2/8/2/?; 
ttag +63 66/64/53/72/46; 
ttag +64 87/85/75/84/79; 
ttag +65 26/2/0/6/?; 
ttag +66 86/83/81/89/75; 
ttag +67 95/94/90/96/93; 
ttag +68 43/36/20/37/19; 
ttag +69 100/100/100/100/100; 
ttag +70 87/85/71/92/77; 
ttag +71 66/60/49/64/47; 
ttag +72 99/99/98/97/97; 
ttag +73 93/90/87/92/87; 
ttag +74 73/70/59/76/62; 
ttag +75 16/[8]/?/?/?; 
ttag +76 35/16/5/18/0; 
ttag +77 55/49/46/56/43; 
ttag +78 16/0/0/?/?; 
ttag +79 49/40/28/44/31; 
ttag +80 56/27/16/36/19; 
ttag +81 44/28/26/30/26; 
ttag +82 89/88/81/90/78; 
ttag +83 97/96/82/94/82; 
ttag +84 54/47/37/51/35; 
ttag +85 91/88/77/88/76; 
ttag +86 64/48/48/46/38; 
ttag +87 98/97/90/98/91; 
ttag +88 28/17/13/15/17; 
ttag +89 99/99/96/98/97; 
ttag +90 24/14/11/18/5; 
ttag +91 99/98/95/99/98; 
ttag +92 27/10/1/3/?; 
ttag +93 25/7/?/2/?; 
ttag +94 54/45/37/46/31; 
