tread
'Tree with tags' 
(0 (1 ((2 3 )(4 (5 6 7 11 14 21 (8 (9 10 ))(12 13 )(15 (16 17 ))(18 (19 20 ))((22 (23 (24 25 )))(26 (27 ((28 ((32 ((33 34 )(35 (36 (37 38 39 )))))((40 (41 (42 43 )))((44 45 )(46 47 )))))(29 (30 31 ))))))))))); 
ttag *!; 
ttag +49 ???; 
ttag +50 6; 
ttag +51 2; 
ttag +52 4; 
ttag +53 4; 
ttag +54 13; 
ttag +55 1; 
ttag +56 1; 
ttag +57 8; 
ttag +58 2; 
ttag +59 2; 
ttag +60 9; 
ttag +61 7; 
ttag +62 5; 
ttag +63 9; 
ttag +64 8; 
ttag +65 3; 
ttag +66 3; 
ttag +67 2; 
ttag +68 5; 
ttag +69 8; 
ttag +70 5; 
ttag +71 4; 
ttag +72 4; 
ttag +73 5; 
ttag +74 4; 
ttag +75 3; 
ttag +76 1; 
ttag +77 1; 
ttag +78 1; 
ttag +79 2; 
ttag +80 1; 
ttag +81 3; 
ttag +82 1; 
ttag +83 7; 
ttag +84 1; 
tread
'Tree with tags' 
(0 (1 ((2 3 )(4 (5 (((6 7 )(11 (12 13 )))((21 ((14 ((8 (9 10 ))(18 (19 20 ))))(15 (16 17 ))))((22 (23 (24 25 )))(26 (27 ((28 ((32 ((33 34 )(35 (36 (39 (37 38 ))))))((40 (41 (42 43 )))((44 45 )(46 47 )))))(29 (30 31 ))))))))))))); 
ttag *!; 
ttag +0 ////; 
ttag +1 ////; 
ttag +2 ////; 
ttag +3 ////; 
ttag +4 ////; 
ttag +5 ////; 
ttag +6 ////; 
ttag +7 ////; 
ttag +8 ////; 
ttag +9 ////; 
ttag +10 ////; 
ttag +11 ////; 
ttag +12 ////; 
ttag +13 ////; 
ttag +14 ////; 
ttag +15 ////; 
ttag +16 ////; 
ttag +17 ////; 
ttag +18 ////; 
ttag +19 ////; 
ttag +20 ////; 
ttag +21 ////; 
ttag +22 ////; 
ttag +23 ////; 
ttag +24 ////; 
ttag +25 ////; 
ttag +26 ////; 
ttag +27 ////; 
ttag +28 ////; 
ttag +29 ////; 
ttag +30 ////; 
ttag +31 ////; 
ttag +32 ////; 
ttag +33 ////; 
ttag +34 ////; 
ttag +35 ////; 
ttag +36 ////; 
ttag +37 ////; 
ttag +38 ////; 
ttag +39 ////; 
ttag +40 ////; 
ttag +41 ////; 
ttag +42 ////; 
ttag +43 ////; 
ttag +44 ////; 
ttag +45 ////; 
ttag +46 ////; 
ttag +47 ////; 
ttag +48 ////; 
ttag +49 100/100/100/100/100; 
ttag +50 98/98/96/98/96; 
ttag +51 72/57/58/61/59; 
ttag +52 91/88/84/91/88; 
ttag +53 96/96/89/92/80; 
ttag +54 59/56/42/54/36; 
ttag +55 8/[11]/?/?/?; 
ttag +56 36/18/17/22/23; 
ttag +57 100/100/100/100/100; 
ttag +58 6/[31]/?/?/?; 
ttag +59 6/[31]/?/?/?; 
ttag +60 13/[14]/?/?/?; 
ttag +61 8/[15]/?/?/?; 
ttag +62 5/[7]/?/?/?; 
ttag +63 67/50/50/55/45; 
ttag +64 39/31/24/20/15; 
ttag +65 60/46/40/48/34; 
ttag +66 99/98/95/99/93; 
ttag +67 74/66/55/66/51; 
ttag +68 66/45/27/43/21; 
ttag +69 99/99/100/100/99; 
ttag +70 98/98/93/98/96; 
ttag +71 93/93/72/93/76; 
ttag +72 99/99/99/99/98; 
ttag +73 100/100/98/100/100; 
ttag +74 95/95/83/94/85; 
ttag +75 88/86/70/88/68; 
ttag +76 58/49/40/52/29; 
ttag +77 90/89/76/88/80; 
ttag +78 93/90/85/94/87; 
ttag +79 93/88/80/92/74; 
ttag +80 84/78/70/79/66; 
ttag +81 86/84/76/84/72; 
ttag +82 91/86/80/92/83; 
ttag +83 78/70/58/75/58; 
ttag +84 85/82/84/87/83; 
ttag +85 66/51/41/46/43; 
ttag +86 15/[17]/?/?/?; 
ttag +87 54/37/27/40/28; 
ttag +88 38/20/17/24/18; 
ttag +89 54/44/38/44/28; 
ttag +90 62/44/40/49/51; 
ttag +91 83/75/75/76/69; 
ttag +92 42/14/5/16/6; 
ttag +93 96/96/92/96/90; 
ttag +94 56/50/33/48/35; 
