tread
'Tree with tags' 
(0 (1 ((2 3 )(4 5 6 7 11 14 (8 (9 10 ))(12 13 (21 ((22 (23 (24 25 )))(26 (27 (28 (29 (30 31 ))((32 ((33 34 )(35 (36 (38 (37 39 ))))))(44 45 46 47 (40 (41 (42 43 )))))))))))(15 16 17 )(18 (19 20 )))))); 
ttag *!; 
ttag +49 ???; 
ttag +50 8; 
ttag +51 4; 
ttag +52 5; 
ttag +53 11; 
ttag +54 2; 
ttag +55 1; 
ttag +56 7; 
ttag +57 6; 
ttag +58 8; 
ttag +59 3; 
ttag +60 1; 
ttag +61 4; 
ttag +62 7; 
ttag +63 4; 
ttag +64 3; 
ttag +65 2; 
ttag +66 1; 
ttag +67 2; 
ttag +68 7; 
ttag +69 4; 
ttag +70 1; 
ttag +71 7; 
ttag +72 2; 
ttag +73 1; 
ttag +74 3; 
ttag +75 2; 
ttag +76 9; 
ttag +77 10; 
ttag +78 2; 
ttag +79 2; 
ttag +80 7; 
tread
'Tree with tags' 
(0 (1 ((2 3 )(4 (5 ((7 (6 (8 (9 10 ))))((11 ((14 (18 (19 20 )))(16 (15 17 ))))(13 (12 (21 ((22 (23 (24 25 )))(26 (27 (28 ((29 (30 31 ))((32 ((33 34 )(35 (36 (38 (37 39 ))))))((40 (41 (42 43 )))(46 (44 (45 47 )))))))))))))))))))); 
ttag *!; 
ttag +0 ////; 
ttag +1 ////; 
ttag +2 ////; 
ttag +3 ////; 
ttag +4 ////; 
ttag +5 ////; 
ttag +6 ////; 
ttag +7 ////; 
ttag +8 ////; 
ttag +9 ////; 
ttag +10 ////; 
ttag +11 ////; 
ttag +12 ////; 
ttag +13 ////; 
ttag +14 ////; 
ttag +15 ////; 
ttag +16 ////; 
ttag +17 ////; 
ttag +18 ////; 
ttag +19 ////; 
ttag +20 ////; 
ttag +21 ////; 
ttag +22 ////; 
ttag +23 ////; 
ttag +24 ////; 
ttag +25 ////; 
ttag +26 ////; 
ttag +27 ////; 
ttag +28 ////; 
ttag +29 ////; 
ttag +30 ////; 
ttag +31 ////; 
ttag +32 ////; 
ttag +33 ////; 
ttag +34 ////; 
ttag +35 ////; 
ttag +36 ////; 
ttag +37 ////; 
ttag +38 ////; 
ttag +39 ////; 
ttag +40 ////; 
ttag +41 ////; 
ttag +42 ////; 
ttag +43 ////; 
ttag +44 ////; 
ttag +45 ////; 
ttag +46 ////; 
ttag +47 ////; 
ttag +48 ////; 
ttag +49 100/100/100/100/100; 
ttag +50 99/99/97/99/98; 
ttag +51 89/82/72/81/76; 
ttag +52 70/59/51/62/55; 
ttag +53 14/3/0/4/?; 
ttag +54 19/[10]/?/?/?; 
ttag +55 55/48/32/46/42; 
ttag +56 6/[4]/?/?/?; 
ttag +57 100/100/100/100/100; 
ttag +58 84/78/80/86/81; 
ttag +59 12/2/0/2/?; 
ttag +60 11/2/?/?/?; 
ttag +61 12/[29]/?/?/?; 
ttag +62 50/40/28/37/13; 
ttag +63 25/3/5/2/6; 
ttag +64 33/21/16/17/15; 
ttag +65 25/0/?/?/?; 
ttag +66 99/98/96/100/95; 
ttag +67 97/96/92/96/94; 
ttag +68 99/99/100/100/100; 
ttag +69 69/64/58/66/47; 
ttag +70 55/31/24/36/20; 
ttag +71 82/78/66/81/58; 
ttag +72 96/96/89/96/94; 
ttag +73 87/84/80/90/85; 
ttag +74 82/80/69/88/71; 
ttag +75 60/46/33/56/32; 
ttag +76 56/51/38/54/42; 
ttag +77 75/70/60/70/47; 
ttag +78 28/2/?/?/0; 
ttag +79 96/95/89/98/92; 
ttag +80 92/90/82/90/84; 
ttag +81 63/58/43/58/42; 
ttag +82 98/97/95/99/96; 
ttag +83 75/67/52/72/58; 
ttag +84 54/47/37/46/33; 
ttag +85 77/72/61/77/65; 
ttag +86 66/59/42/62/50; 
ttag +87 99/98/99/99/99; 
ttag +88 97/96/96/98/96; 
ttag +89 58/50/40/57/31; 
ttag +90 73/62/50/72/46; 
ttag +91 98/98/93/99/92; 
ttag +92 20/[10]/?/?/?; 
ttag +93 53/42/38/54/48; 
ttag +94 28/11/9/5/0; 
