tread
'Tree with tags' 
(0 (1 ((2 3 )(4 (11 ((5 (8 (9 10 )))((6 7 )((12 13 )((14 ((15 (16 17 ))(18 (19 20 ))))(21 ((22 (23 (24 25 )))((26 27 )(28 ((29 (30 31 ))(46 ((47 ((32 ((33 34 )(35 (36 (39 (37 38 ))))))(40 (41 (42 43 )))))(44 45 ))))))))))))))))); 
ttag *!; 
ttag +49 ???; 
ttag +50 9; 
ttag +51 2; 
ttag +52 9; 
ttag +53 1; 
ttag +54 1; 
ttag +55 2; 
ttag +56 4; 
ttag +57 1; 
ttag +58 6; 
ttag +59 2; 
ttag +60 1; 
ttag +61 1; 
ttag +62 1; 
ttag +63 1; 
ttag +64 1; 
ttag +65 1; 
ttag +66 1; 
ttag +67 5; 
ttag +68 2; 
ttag +69 2; 
ttag +70 5; 
ttag +71 1; 
ttag +72 9; 
ttag +73 6; 
ttag +74 1; 
ttag +75 1; 
ttag +76 1; 
ttag +77 3; 
ttag +78 1; 
ttag +79 5; 
ttag +80 11; 
ttag +81 1; 
ttag +82 1; 
ttag +83 1; 
ttag +84 1; 
ttag +85 6; 
ttag +86 4; 
ttag +87 4; 
ttag +88 3; 
ttag +89 1; 
ttag +90 6; 
ttag +91 7; 
ttag +92 1; 
ttag +93 11; 
ttag +94 1; 
tread
'Tree with tags' 
(0 (1 ((2 3 )(4 (11 ((5 (8 (9 10 )))((6 7 )((12 13 )((14 ((15 (16 17 ))(18 (19 20 ))))(21 ((22 (23 (24 25 )))((26 27 )(28 ((29 (30 31 ))(46 ((47 ((32 ((33 34 )(35 (36 (39 (37 38 ))))))(40 (41 (42 43 )))))(44 45 ))))))))))))))))); 
ttag *!; 
ttag +0 ////; 
ttag +1 ////; 
ttag +2 ////; 
ttag +3 ////; 
ttag +4 ////; 
ttag +5 ////; 
ttag +6 ////; 
ttag +7 ////; 
ttag +8 ////; 
ttag +9 ////; 
ttag +10 ////; 
ttag +11 ////; 
ttag +12 ////; 
ttag +13 ////; 
ttag +14 ////; 
ttag +15 ////; 
ttag +16 ////; 
ttag +17 ////; 
ttag +18 ////; 
ttag +19 ////; 
ttag +20 ////; 
ttag +21 ////; 
ttag +22 ////; 
ttag +23 ////; 
ttag +24 ////; 
ttag +25 ////; 
ttag +26 ////; 
ttag +27 ////; 
ttag +28 ////; 
ttag +29 ////; 
ttag +30 ////; 
ttag +31 ////; 
ttag +32 ////; 
ttag +33 ////; 
ttag +34 ////; 
ttag +35 ////; 
ttag +36 ////; 
ttag +37 ////; 
ttag +38 ////; 
ttag +39 ////; 
ttag +40 ////; 
ttag +41 ////; 
ttag +42 ////; 
ttag +43 ////; 
ttag +44 ////; 
ttag +45 ////; 
ttag +46 ////; 
ttag +47 ////; 
ttag +48 ////; 
ttag +49 100/100/100/100/100; 
ttag +50 100/100/97/99/97; 
ttag +51 66/46/48/53/46; 
ttag +52 99/99/96/98/98; 
ttag +53 14/[5]/?/?/?; 
ttag +54 18/[7]/?/?/?; 
ttag +55 64/57/35/57/50; 
ttag +56 83/78/70/84/76; 
ttag +57 8/[16]/?/?/?; 
ttag +58 91/90/82/92/80; 
ttag +59 64/40/29/42/27; 
ttag +60 48/30/37/37/31; 
ttag +61 18/7/6/9/6; 
ttag +62 46/34/34/40/30; 
ttag +63 17/2/2/5/6; 
ttag +64 67/58/54/57/64; 
ttag +65 40/27/26/27/21; 
ttag +66 68/58/50/59/56; 
ttag +67 96/96/93/96/94; 
ttag +68 94/92/85/93/90; 
ttag +69 57/50/43/58/46; 
ttag +70 91/89/79/86/79; 
ttag +71 46/30/18/22/14; 
ttag +72 99/98/99/100/98; 
ttag +73 96/94/98/96/94; 
ttag +74 34/20/27/20/31; 
ttag +75 29/17/12/8/8; 
ttag +76 44/30/20/27/16; 
ttag +77 79/76/67/72/62; 
ttag +78 38/17/8/17/4; 
ttag +79 99/99/98/98/96; 
ttag +80 100/100/98/100/100; 
ttag +81 16/[29]/?/?/?; 
ttag +82 3/[43]/?/?/?; 
ttag +83 21/[25]/?/?/?; 
ttag +84 36/15/14/18/6; 
ttag +85 98/98/90/97/90; 
ttag +86 91/87/79/94/84; 
ttag +87 94/93/87/95/91; 
ttag +88 82/78/64/78/65; 
ttag +89 62/47/31/47/43; 
ttag +90 99/99/98/100/98; 
ttag +91 100/100/98/99/99; 
ttag +92 53/19/16/33/16; 
ttag +93 100/100/99/100/98; 
ttag +94 51/41/45/45/45; 
