tread
'Tree with tags' 
(0 (1 ((2 3 )(4 (5 (((6 7 )(8 (9 10 )))(11 ((12 13 )((14 (18 (17 (15 16 ))(19 20 )))(21 ((22 (23 (24 25 )))(26 (27 ((28 (32 (35 ((33 34 )(36 (37 38 39 ))))))((29 (30 31 ))((40 (41 (42 43 )))((44 45 )(46 47 )))))))))))))))))); 
ttag *!; 
ttag +49 ???; 
ttag +50 8; 
ttag +51 5; 
ttag +52 11; 
ttag +53 2; 
ttag +54 4; 
ttag +55 2; 
ttag +56 3; 
ttag +57 10; 
ttag +58 3; 
ttag +59 2; 
ttag +60 1; 
ttag +61 5; 
ttag +62 4; 
ttag +63 3; 
ttag +64 2; 
ttag +65 7; 
ttag +66 2; 
ttag +67 11; 
ttag +68 1; 
ttag +69 5; 
ttag +70 2; 
ttag +71 8; 
ttag +72 10; 
ttag +73 4; 
ttag +74 2; 
ttag +75 1; 
ttag +76 8; 
ttag +77 4; 
ttag +78 1; 
ttag +79 2; 
ttag +80 6; 
ttag +81 6; 
ttag +82 1; 
ttag +83 2; 
ttag +84 1; 
ttag +85 6; 
ttag +86 3; 
ttag +87 5; 
ttag +88 5; 
ttag +89 2; 
ttag +90 2; 
ttag +91 4; 
ttag +92 1; 
tread
'Tree with tags' 
(0 (1 ((2 3 )(4 (5 (((6 7 )(8 (9 10 )))(11 ((12 13 )((14 (18 ((17 (15 16 ))(19 20 ))))(21 ((22 (23 (24 25 )))(26 (27 ((28 (32 (35 ((33 34 )(36 (38 (37 39 )))))))((29 (30 31 ))((40 (41 (42 43 )))((44 45 )(46 47 )))))))))))))))))); 
ttag *!; 
ttag +0 ////; 
ttag +1 ////; 
ttag +2 ////; 
ttag +3 ////; 
ttag +4 ////; 
ttag +5 ////; 
ttag +6 ////; 
ttag +7 ////; 
ttag +8 ////; 
ttag +9 ////; 
ttag +10 ////; 
ttag +11 ////; 
ttag +12 ////; 
ttag +13 ////; 
ttag +14 ////; 
ttag +15 ////; 
ttag +16 ////; 
ttag +17 ////; 
ttag +18 ////; 
ttag +19 ////; 
ttag +20 ////; 
ttag +21 ////; 
ttag +22 ////; 
ttag +23 ////; 
ttag +24 ////; 
ttag +25 ////; 
ttag +26 ////; 
ttag +27 ////; 
ttag +28 ////; 
ttag +29 ////; 
ttag +30 ////; 
ttag +31 ////; 
ttag +32 ////; 
ttag +33 ////; 
ttag +34 ////; 
ttag +35 ////; 
ttag +36 ////; 
ttag +37 ////; 
ttag +38 ////; 
ttag +39 ////; 
ttag +40 ////; 
ttag +41 ////; 
ttag +42 ////; 
ttag +43 ////; 
ttag +44 ////; 
ttag +45 ////; 
ttag +46 ////; 
ttag +47 ////; 
ttag +48 ////; 
ttag +49 100/100/100/100/100; 
ttag +50 100/100/98/99/100; 
ttag +51 94/92/91/98/87; 
ttag +52 97/96/94/99/92; 
ttag +53 51/31/32/48/25; 
ttag +54 89/88/86/92/87; 
ttag +55 56/44/36/40/36; 
ttag +56 44/24/21/42/11; 
ttag +57 99/99/98/100/99; 
ttag +58 93/92/87/89/88; 
ttag +59 38/18/17/35/13; 
ttag +60 51/45/37/49/43; 
ttag +61 63/43/46/64/35; 
ttag +62 80/76/60/77/60; 
ttag +63 54/39/30/44/21; 
ttag +64 66/59/54/64/49; 
ttag +65 96/95/86/96/88; 
ttag +66 27/[11]/?/?/?; 
ttag +67 76/71/67/73/67; 
ttag +68 100/100/99/100/100; 
ttag +69 34/16/4/14/3; 
ttag +70 84/81/78/86/77; 
ttag +71 54/42/28/49/30; 
ttag +72 98/96/93/98/91; 
ttag +73 100/100/98/100/98; 
ttag +74 85/81/76/92/74; 
ttag +75 60/45/23/40/24; 
ttag +76 44/25/22/22/16; 
ttag +77 94/92/85/96/84; 
ttag +78 84/79/65/83/67; 
ttag +79 30/5/16/13/2; 
ttag +80 64/50/44/54/28; 
ttag +81 89/88/75/91/68; 
ttag +82 97/96/88/98/93; 
ttag +83 49/42/24/43/24; 
ttag +84 73/66/50/74/49; 
ttag +85 69/50/44/50/50; 
ttag +86 18/[13]/?/?/?; 
ttag +87 98/97/96/99/98; 
ttag +88 88/82/71/82/82; 
ttag +89 93/92/78/93/76; 
ttag +90 92/87/85/88/79; 
ttag +91 84/76/68/78/62; 
ttag +92 84/82/74/82/67; 
ttag +93 96/95/85/92/81; 
ttag +94 54/27/37/37/35; 
