tread
'Tree with tags' 
(0 ((1 (2 3 ))(4 ((5 (6 7 (8 (9 10 ))))(12 13 (14 21 (11 (26 27 (28 ((29 (30 31 ))((32 (35 (33 34 ))(36 37 38 39 ))(47 (40 (41 (42 43 ))))(44 45 46 ))))))(15 16 17 )((18 (19 20 ))((22 23 )(24 25 ))))))))); 
ttag *!; 
ttag +49 1; 
ttag +50 ???; 
ttag +51 5; 
ttag +52 6; 
ttag +53 2; 
ttag +54 1; 
ttag +55 1; 
ttag +56 5; 
ttag +57 3; 
ttag +58 2; 
ttag +59 1; 
ttag +60 2; 
ttag +61 2; 
ttag +62 1; 
ttag +63 2; 
ttag +64 11; 
ttag +65 2; 
ttag +66 3; 
ttag +67 3; 
ttag +68 4; 
ttag +69 6; 
ttag +70 9; 
ttag +71 2; 
ttag +72 7; 
ttag +73 6; 
ttag +74 1; 
ttag +75 5; 
ttag +76 1; 
ttag +77 6; 
ttag +78 7; 
ttag +79 1; 
ttag +80 3; 
ttag +81 2; 
ttag +82 1; 
tread
'Tree with tags' 
(0 ((1 (2 3 ))(4 ((5 (7 (6 (8 (9 10 )))))((14 (21 ((11 ((26 27 )(28 ((29 (30 31 ))((32 ((35 (33 34 ))(38 (37 (36 39 )))))((47 (40 (41 (42 43 ))))(45 (44 46 ))))))))((17 (15 16 ))((18 (19 20 ))((22 23 )(24 25 )))))))(12 13 )))))); 
ttag *!; 
ttag +0 ////; 
ttag +1 ////; 
ttag +2 ////; 
ttag +3 ////; 
ttag +4 ////; 
ttag +5 ////; 
ttag +6 ////; 
ttag +7 ////; 
ttag +8 ////; 
ttag +9 ////; 
ttag +10 ////; 
ttag +11 ////; 
ttag +12 ////; 
ttag +13 ////; 
ttag +14 ////; 
ttag +15 ////; 
ttag +16 ////; 
ttag +17 ////; 
ttag +18 ////; 
ttag +19 ////; 
ttag +20 ////; 
ttag +21 ////; 
ttag +22 ////; 
ttag +23 ////; 
ttag +24 ////; 
ttag +25 ////; 
ttag +26 ////; 
ttag +27 ////; 
ttag +28 ////; 
ttag +29 ////; 
ttag +30 ////; 
ttag +31 ////; 
ttag +32 ////; 
ttag +33 ////; 
ttag +34 ////; 
ttag +35 ////; 
ttag +36 ////; 
ttag +37 ////; 
ttag +38 ////; 
ttag +39 ////; 
ttag +40 ////; 
ttag +41 ////; 
ttag +42 ////; 
ttag +43 ////; 
ttag +44 ////; 
ttag +45 ////; 
ttag +46 ////; 
ttag +47 ////; 
ttag +48 ////; 
ttag +49 46/14/22/15/9; 
ttag +50 100/100/100/100/100; 
ttag +51 98/98/97/100/97; 
ttag +52 93/92/88/96/88; 
ttag +53 39/21/28/21/11; 
ttag +54 27/[11]/?/?/?; 
ttag +55 14/[16]/?/?/?; 
ttag +56 60/48/39/62/50; 
ttag +57 98/97/96/98/96; 
ttag +58 84/81/72/88/79; 
ttag +59 26/12/7/17/?; 
ttag +60 6/[5]/?/?/?; 
ttag +61 3/[8]/?/?/?; 
ttag +62 4/[9]/?/1/?; 
ttag +63 21/8/8/17/6; 
ttag +64 58/50/37/50/36; 
ttag +65 48/10/?/?/5; 
ttag +66 72/68/52/74/60; 
ttag +67 11/[2]/?/?/?; 
ttag +68 64/52/52/66/55; 
ttag +69 44/31/22/32/12; 
ttag +70 100/100/100/100/100; 
ttag +71 35/18/8/22/7; 
ttag +72 48/37/23/39/26; 
ttag +73 91/90/90/90/88; 
ttag +74 48/23/18/8/11; 
ttag +75 84/76/75/76/72; 
ttag +76 76/72/71/83/71; 
ttag +77 98/98/97/100/96; 
ttag +78 54/47/30/53/42; 
ttag +79 100/100/100/100/98; 
ttag +80 99/99/96/97/93; 
ttag +81 24/12/8/13/10; 
ttag +82 93/92/83/96/88; 
ttag +83 27/0/?/16/0; 
ttag +84 30/1/?/?/7; 
ttag +85 8/[49]/?/?/?; 
ttag +86 19/[37]/?/?/?; 
ttag +87 94/92/86/92/89; 
ttag +88 96/95/94/98/90; 
ttag +89 34/17/10/24/17; 
ttag +90 28/16/13/16/11; 
ttag +91 73/56/50/69/48; 
ttag +92 87/84/70/82/70; 
ttag +93 11/[4]/?/5/4; 
ttag +94 17/1/?/10/0; 
