tread
'Tree with tags' 
(0 (1 ((2 3 )(4 ((5 ((6 7 )(9 (8 10 ))))(11 ((12 13 )((14 ((22 (23 (24 25 )))(26 27 (28 ((29 30 31 )(32 (35 (36 (37 38 39 ))))(33 34 )(41 (40 (42 43 )(44 45 46 47 ))))))))((21 (15 (16 17 )))(18 (19 20 ))))))))))); 
ttag *!; 
ttag +49 ???; 
ttag +50 4; 
ttag +51 4; 
ttag +52 2; 
ttag +53 1; 
ttag +54 2; 
ttag +55 1; 
ttag +56 1; 
ttag +57 1; 
ttag +58 6; 
ttag +59 1; 
ttag +60 2; 
ttag +61 1; 
ttag +62 3; 
ttag +63 1; 
ttag +64 9; 
ttag +65 1; 
ttag +66 1; 
ttag +67 2; 
ttag +68 1; 
ttag +69 7; 
ttag +70 9; 
ttag +71 3; 
ttag +72 5; 
ttag +73 11; 
ttag +74 3; 
ttag +75 5; 
ttag +76 4; 
ttag +77 2; 
ttag +78 1; 
ttag +79 2; 
ttag +80 3; 
ttag +81 3; 
ttag +82 2; 
ttag +83 1; 
ttag +84 3; 
ttag +85 7; 
ttag +86 2; 
tread
'Tree with tags' 
(0 (1 ((2 3 )(4 ((5 ((6 7 )(9 (8 10 ))))(11 ((12 13 )((14 ((22 (23 (24 25 )))(26 (27 (28 (((29 (30 31 ))(41 (40 ((42 43 )(47 (44 (45 46 )))))))((32 (35 (36 (39 (37 38 )))))(33 34 ))))))))((21 (15 (16 17 )))(18 (19 20 ))))))))))); 
ttag *!; 
ttag +0 ////; 
ttag +1 ////; 
ttag +2 ////; 
ttag +3 ////; 
ttag +4 ////; 
ttag +5 ////; 
ttag +6 ////; 
ttag +7 ////; 
ttag +8 ////; 
ttag +9 ////; 
ttag +10 ////; 
ttag +11 ////; 
ttag +12 ////; 
ttag +13 ////; 
ttag +14 ////; 
ttag +15 ////; 
ttag +16 ////; 
ttag +17 ////; 
ttag +18 ////; 
ttag +19 ////; 
ttag +20 ////; 
ttag +21 ////; 
ttag +22 ////; 
ttag +23 ////; 
ttag +24 ////; 
ttag +25 ////; 
ttag +26 ////; 
ttag +27 ////; 
ttag +28 ////; 
ttag +29 ////; 
ttag +30 ////; 
ttag +31 ////; 
ttag +32 ////; 
ttag +33 ////; 
ttag +34 ////; 
ttag +35 ////; 
ttag +36 ////; 
ttag +37 ////; 
ttag +38 ////; 
ttag +39 ////; 
ttag +40 ////; 
ttag +41 ////; 
ttag +42 ////; 
ttag +43 ////; 
ttag +44 ////; 
ttag +45 ////; 
ttag +46 ////; 
ttag +47 ////; 
ttag +48 ////; 
ttag +49 100/100/100/100/100; 
ttag +50 96/94/89/94/89; 
ttag +51 96/94/94/90/89; 
ttag +52 36/9/10/13/11; 
ttag +53 0/[26]/?/?/?; 
ttag +54 26/0/?/4/0; 
ttag +55 9/1/6/5/1; 
ttag +56 4/[22]/?/?/?; 
ttag +57 14/[28]/?/?/?; 
ttag +58 98/98/99/98/98; 
ttag +59 2/[13]/?/?/?; 
ttag +60 74/72/58/77/61; 
ttag +61 5/[9]/?/?/?; 
ttag +62 20/4/1/16/6; 
ttag +63 6/[9]/?/0/?; 
ttag +64 98/97/94/98/95; 
ttag +65 16/7/?/13/7; 
ttag +66 22/14/6/22/7; 
ttag +67 57/36/33/49/32; 
ttag +68 61/55/44/65/52; 
ttag +69 98/98/97/97/98; 
ttag +70 90/88/79/91/82; 
ttag +71 52/33/35/41/34; 
ttag +72 92/90/83/91/84; 
ttag +73 97/96/92/98/94; 
ttag +74 90/89/83/90/84; 
ttag +75 54/22/10/35/22; 
ttag +76 90/88/78/88/79; 
ttag +77 96/95/94/96/94; 
ttag +78 24/[16]/?/?/?; 
ttag +79 58/51/35/53/46; 
ttag +80 59/38/29/40/35; 
ttag +81 62/56/43/54/47; 
ttag +82 54/46/50/45/41; 
ttag +83 82/78/72/78/67; 
ttag +84 83/82/72/86/77; 
ttag +85 89/88/82/88/83; 
ttag +86 22/[4]/?/3/0; 
ttag +87 80/73/66/80/73; 
ttag +88 20/[11]/?/?/?; 
ttag +89 74/67/47/66/54; 
ttag +90 97/97/95/99/97; 
ttag +91 29/[2]/?/4/?; 
ttag +92 34/7/?/4/2; 
ttag +93 90/89/77/87/84; 
ttag +94 22/[4]/?/?/?; 
