tread
'Tree with tags' 
(0 (1 ((2 3 )(12 (13 ((4 5 6 7 11 (8 (9 10 )))((14 (21 (18 (19 20 ))))(15 (16 17 )))((22 (23 (24 25 )))(27 (26 (28 ((29 (30 31 ))(((32 ((33 34 )(35 (36 (37 38 39 )))))((40 41 )(42 43 )))(46 (47 (44 45 ))))))))))))))); 
ttag *!; 
ttag +49 ???; 
ttag +50 1; 
ttag +51 1; 
ttag +52 1; 
ttag +53 1; 
ttag +54 1; 
ttag +55 8; 
ttag +56 9; 
ttag +57 2; 
ttag +58 1; 
ttag +59 2; 
ttag +60 7; 
ttag +61 4; 
ttag +62 8; 
ttag +63 1; 
ttag +64 12; 
ttag +65 6; 
ttag +66 4; 
ttag +67 4; 
ttag +68 6; 
ttag +69 2; 
ttag +70 2; 
ttag +71 2; 
ttag +72 1; 
ttag +73 4; 
ttag +74 4; 
ttag +75 10; 
ttag +76 1; 
ttag +77 2; 
ttag +78 2; 
ttag +79 1; 
ttag +80 1; 
ttag +81 3; 
ttag +82 4; 
ttag +83 2; 
ttag +84 8; 
ttag +85 2; 
ttag +86 1; 
ttag +87 2; 
ttag +88 1; 
tread
'Tree with tags' 
(0 (1 ((2 3 )(12 (13 (((11 ((4 (5 (8 (9 10 ))))(6 7 )))((14 (21 (18 (19 20 ))))(15 (16 17 ))))((22 (23 (24 25 )))(27 (26 (28 ((29 (30 31 ))(((32 ((33 34 )(35 (36 (38 (37 39 ))))))((40 41 )(42 43 )))(46 (47 (44 45 ))))))))))))))); 
ttag *!; 
ttag +0 ////; 
ttag +1 ////; 
ttag +2 ////; 
ttag +3 ////; 
ttag +4 ////; 
ttag +5 ////; 
ttag +6 ////; 
ttag +7 ////; 
ttag +8 ////; 
ttag +9 ////; 
ttag +10 ////; 
ttag +11 ////; 
ttag +12 ////; 
ttag +13 ////; 
ttag +14 ////; 
ttag +15 ////; 
ttag +16 ////; 
ttag +17 ////; 
ttag +18 ////; 
ttag +19 ////; 
ttag +20 ////; 
ttag +21 ////; 
ttag +22 ////; 
ttag +23 ////; 
ttag +24 ////; 
ttag +25 ////; 
ttag +26 ////; 
ttag +27 ////; 
ttag +28 ////; 
ttag +29 ////; 
ttag +30 ////; 
ttag +31 ////; 
ttag +32 ////; 
ttag +33 ////; 
ttag +34 ////; 
ttag +35 ////; 
ttag +36 ////; 
ttag +37 ////; 
ttag +38 ////; 
ttag +39 ////; 
ttag +40 ////; 
ttag +41 ////; 
ttag +42 ////; 
ttag +43 ////; 
ttag +44 ////; 
ttag +45 ////; 
ttag +46 ////; 
ttag +47 ////; 
ttag +48 ////; 
ttag +49 100/100/100/100/100; 
ttag +50 46/26/18/32/17; 
ttag +51 36/16/17/19/11; 
ttag +52 2/[20]/?/?/?; 
ttag +53 15/[6]/?/?/?; 
ttag +54 18/[3]/?/?/?; 
ttag +55 4/[40]/?/?/?; 
ttag +56 22/0/?/?/?; 
ttag +57 28/[6]/?/?/?; 
ttag +58 93/92/85/93/82; 
ttag +59 7/[12]/?/?/?; 
ttag +60 49/37/32/26/33; 
ttag +61 100/100/99/100/100; 
ttag +62 78/73/70/82/65; 
ttag +63 18/5/?/1/?; 
ttag +64 16/2/?/3/?; 
ttag +65 97/96/88/90/89; 
ttag +66 86/80/61/74/65; 
ttag +67 99/98/97/99/95; 
ttag +68 32/14/11/22/10; 
ttag +69 100/100/100/100/99; 
ttag +70 94/92/84/94/82; 
ttag +71 65/56/42/61/46; 
ttag +72 83/74/68/68/63; 
ttag +73 94/92/86/96/88; 
ttag +74 16/[16]/?/?/?; 
ttag +75 42/19/19/13/21; 
ttag +76 22/[7]/?/?/0; 
ttag +77 65/54/40/61/43; 
ttag +78 84/80/70/78/62; 
ttag +79 90/87/82/86/84; 
ttag +80 95/92/89/97/94; 
ttag +81 24/[15]/?/?/?; 
ttag +82 51/46/29/48/29; 
ttag +83 60/49/39/55/39; 
ttag +84 36/16/12/17/6; 
ttag +85 60/56/42/46/41; 
ttag +86 82/77/68/81/65; 
ttag +87 40/1/0/?/?; 
ttag +88 94/92/87/92/84; 
ttag +89 72/56/47/56/46; 
ttag +90 100/100/97/98/99; 
ttag +91 73/61/61/59/55; 
ttag +92 35/17/14/18/22; 
ttag +93 56/48/36/60/40; 
ttag +94 31/10/?/3/9; 
