tread
'Tree with tags' 
(0 (1 ((2 3 )(4 5 (((6 7 )(8 (9 10 )))(11 ((12 13 )(14 (21 ((15 (16 17 ))(18 (19 20 )))((22 (23 (24 25 )))(26 27 (28 (((29 (30 31 ))((33 34 (32 (35 36 (37 (38 39 )))))(41 (40 (42 43 )))))((44 46 )(45 47 ))))))))))))))); 
ttag *!; 
ttag +49 ???; 
ttag +50 7; 
ttag +51 5; 
ttag +52 5; 
ttag +53 2; 
ttag +54 3; 
ttag +55 1; 
ttag +56 7; 
ttag +57 2; 
ttag +58 3; 
ttag +59 1; 
ttag +60 2; 
ttag +61 1; 
ttag +62 5; 
ttag +63 2; 
ttag +64 1; 
ttag +65 2; 
ttag +66 3; 
ttag +67 11; 
ttag +68 2; 
ttag +69 6; 
ttag +70 1; 
ttag +71 5; 
ttag +72 2; 
ttag +73 1; 
ttag +74 3; 
ttag +75 4; 
ttag +76 5; 
ttag +77 4; 
ttag +78 1; 
ttag +79 2; 
ttag +80 5; 
ttag +81 2; 
ttag +82 4; 
ttag +83 3; 
ttag +84 3; 
ttag +85 8; 
ttag +86 7; 
ttag +87 2; 
ttag +88 7; 
ttag +89 2; 
tread
'Tree with tags' 
(0 (1 ((2 3 )(5 (4 (((6 7 )(8 (9 10 )))(11 ((12 13 )(14 (21 (((15 (16 17 ))(18 (19 20 )))((22 (23 (24 25 )))((26 27 )(28 (((29 (30 31 ))((33 (34 (32 (35 (36 (37 (38 39 )))))))(41 (40 (42 43 )))))((44 46 )(45 47 ))))))))))))))))); 
ttag *!; 
ttag +0 ////; 
ttag +1 ////; 
ttag +2 ////; 
ttag +3 ////; 
ttag +4 ////; 
ttag +5 ////; 
ttag +6 ////; 
ttag +7 ////; 
ttag +8 ////; 
ttag +9 ////; 
ttag +10 ////; 
ttag +11 ////; 
ttag +12 ////; 
ttag +13 ////; 
ttag +14 ////; 
ttag +15 ////; 
ttag +16 ////; 
ttag +17 ////; 
ttag +18 ////; 
ttag +19 ////; 
ttag +20 ////; 
ttag +21 ////; 
ttag +22 ////; 
ttag +23 ////; 
ttag +24 ////; 
ttag +25 ////; 
ttag +26 ////; 
ttag +27 ////; 
ttag +28 ////; 
ttag +29 ////; 
ttag +30 ////; 
ttag +31 ////; 
ttag +32 ////; 
ttag +33 ////; 
ttag +34 ////; 
ttag +35 ////; 
ttag +36 ////; 
ttag +37 ////; 
ttag +38 ////; 
ttag +39 ////; 
ttag +40 ////; 
ttag +41 ////; 
ttag +42 ////; 
ttag +43 ////; 
ttag +44 ////; 
ttag +45 ////; 
ttag +46 ////; 
ttag +47 ////; 
ttag +48 ////; 
ttag +49 100/100/100/100/100; 
ttag +50 100/100/98/100/99; 
ttag +51 94/90/84/92/82; 
ttag +52 30/12/16/8/10; 
ttag +53 83/77/67/77/68; 
ttag +54 80/78/67/76/64; 
ttag +55 80/77/62/75/59; 
ttag +56 40/31/25/31/20; 
ttag +57 100/100/96/98/98; 
ttag +58 77/71/68/75/58; 
ttag +59 55/48/30/42/30; 
ttag +60 54/46/40/46/30; 
ttag +61 46/38/26/28/19; 
ttag +62 33/20/13/14/8; 
ttag +63 96/94/90/94/86; 
ttag +64 64/56/52/55/53; 
ttag +65 23/[4]/?/?/?; 
ttag +66 30/12/2/2/?; 
ttag +67 80/73/61/78/60; 
ttag +68 79/72/62/70/63; 
ttag +69 100/100/100/100/100; 
ttag +70 82/72/60/77/54; 
ttag +71 93/91/80/92/80; 
ttag +72 63/37/26/38/28; 
ttag +73 96/94/90/98/88; 
ttag +74 39/5/?/?/?; 
ttag +75 60/48/40/55/44; 
ttag +76 50/26/35/52/43; 
ttag +77 86/81/63/81/64; 
ttag +78 64/57/54/60/51; 
ttag +79 80/77/68/78/70; 
ttag +80 80/73/60/73/58; 
ttag +81 37/28/20/38/16; 
ttag +82 20/[21]/?/?/?; 
ttag +83 58/47/29/44/34; 
ttag +84 82/80/56/81/62; 
ttag +85 65/58/42/62/43; 
ttag +86 32/[7]/?/1/?; 
ttag +87 90/88/79/95/82; 
ttag +88 82/79/70/89/71; 
ttag +89 70/60/41/68/47; 
ttag +90 97/96/94/99/95; 
ttag +91 95/94/89/96/89; 
ttag +92 50/28/22/38/18; 
ttag +93 97/96/92/98/91; 
ttag +94 50/29/22/36/18; 
