tread
'Tree with tags' 
(0 (1 ((2 3 )(4 (11 (((5 13 )(12 ((14 ((15 (16 17 ))(18 (19 20 ))))(21 ((22 (23 (24 25 )))(26 (27 (28 ((((29 (30 31 ))(40 41 (42 43 )))(45 (44 46 47 )))((32 ((35 36 )(37 (38 39 ))))(33 34 )))))))))))((6 7 )(8 (9 10 ))))))))); 
ttag *!; 
ttag +49 ???; 
ttag +50 4; 
ttag +51 8; 
ttag +52 2; 
ttag +53 1; 
ttag +54 1; 
ttag +55 1; 
ttag +56 2; 
ttag +57 2; 
ttag +58 2; 
ttag +59 8; 
ttag +60 2; 
ttag +61 1; 
ttag +62 4; 
ttag +63 3; 
ttag +64 12; 
ttag +65 6; 
ttag +66 1; 
ttag +67 5; 
ttag +68 9; 
ttag +69 1; 
ttag +70 9; 
ttag +71 1; 
ttag +72 6; 
ttag +73 4; 
ttag +74 1; 
ttag +75 1; 
ttag +76 2; 
ttag +77 5; 
ttag +78 1; 
ttag +79 2; 
ttag +80 1; 
ttag +81 1; 
ttag +82 1; 
ttag +83 5; 
ttag +84 6; 
ttag +85 2; 
ttag +86 6; 
ttag +87 4; 
ttag +88 2; 
ttag +89 3; 
ttag +90 5; 
ttag +91 1; 
ttag +92 1; 
tread
'Tree with tags' 
(0 (1 ((2 3 )(4 (11 (((5 13 )(12 ((14 ((15 (16 17 ))(18 (19 20 ))))(21 ((22 (23 (24 25 )))(26 (27 (28 ((((29 (30 31 ))((40 41 )(42 43 )))(45 (47 (44 46 ))))((32 ((35 36 )(37 (38 39 ))))(33 34 )))))))))))((6 7 )(8 (9 10 ))))))))); 
ttag *!; 
ttag +0 ////; 
ttag +1 ////; 
ttag +2 ////; 
ttag +3 ////; 
ttag +4 ////; 
ttag +5 ////; 
ttag +6 ////; 
ttag +7 ////; 
ttag +8 ////; 
ttag +9 ////; 
ttag +10 ////; 
ttag +11 ////; 
ttag +12 ////; 
ttag +13 ////; 
ttag +14 ////; 
ttag +15 ////; 
ttag +16 ////; 
ttag +17 ////; 
ttag +18 ////; 
ttag +19 ////; 
ttag +20 ////; 
ttag +21 ////; 
ttag +22 ////; 
ttag +23 ////; 
ttag +24 ////; 
ttag +25 ////; 
ttag +26 ////; 
ttag +27 ////; 
ttag +28 ////; 
ttag +29 ////; 
ttag +30 ////; 
ttag +31 ////; 
ttag +32 ////; 
ttag +33 ////; 
ttag +34 ////; 
ttag +35 ////; 
ttag +36 ////; 
ttag +37 ////; 
ttag +38 ////; 
ttag +39 ////; 
ttag +40 ////; 
ttag +41 ////; 
ttag +42 ////; 
ttag +43 ////; 
ttag +44 ////; 
ttag +45 ////; 
ttag +46 ////; 
ttag +47 ////; 
ttag +48 ////; 
ttag +49 100/100/100/100/100; 
ttag +50 91/90/85/87/81; 
ttag +51 99/98/98/99/98; 
ttag +52 54/31/11/28/22; 
ttag +53 25/11/3/13/1; 
ttag +54 7/[8]/?/?/?; 
ttag +55 28/12/8/15/?; 
ttag +56 77/73/52/73/52; 
ttag +57 66/50/45/61/33; 
ttag +58 51/44/35/40/30; 
ttag +59 100/100/98/99/98; 
ttag +60 76/67/55/69/68; 
ttag +61 28/14/8/12/5; 
ttag +62 82/80/60/79/59; 
ttag +63 67/63/54/67/52; 
ttag +64 99/99/98/100/98; 
ttag +65 90/87/79/90/68; 
ttag +66 46/33/32/36/28; 
ttag +67 96/94/91/98/91; 
ttag +68 100/100/99/100/99; 
ttag +69 63/55/55/65/49; 
ttag +70 98/98/95/99/96; 
ttag +71 59/52/53/58/38; 
ttag +72 99/99/98/99/98; 
ttag +73 98/97/87/95/93; 
ttag +74 53/40/23/38/32; 
ttag +75 38/21/16/27/19; 
ttag +76 68/58/34/59/46; 
ttag +77 89/87/85/94/86; 
ttag +78 41/20/11/22/23; 
ttag +79 48/42/25/42/25; 
ttag +80 44/23/17/26/21; 
ttag +81 66/58/50/54/63; 
ttag +82 48/19/13/19/14; 
ttag +83 89/88/74/86/76; 
ttag +84 94/91/86/95/92; 
ttag +85 79/72/63/73/63; 
ttag +86 94/93/80/89/84; 
ttag +87 91/90/82/90/84; 
ttag +88 81/73/60/71/60; 
ttag +89 28/[22]/?/?/?; 
ttag +90 86/81/75/84/66; 
ttag +91 98/97/96/98/94; 
ttag +92 0/[11]/?/?/?; 
ttag +93 32/23/8/24/10; 
ttag +94 47/37/26/39/30; 
