tread
'Tree with tags' 
(0 (1 ((2 3 )(4 5 ((6 7 )(8 (9 10 ))(11 12 13 (14 21 22 (15 16 17 )(18 (19 20 ))(23 (24 25 ))(26 (27 (28 (40 (((29 (30 31 ))(32 (33 34 )(35 (36 (37 (38 39 ))))))(44 45 46 47 ))(41 (42 43 ))))))))))))); 
ttag *!; 
ttag +49 ???; 
ttag +50 1; 
ttag +51 4; 
ttag +52 4; 
ttag +53 1; 
ttag +54 1; 
ttag +55 10; 
ttag +56 2; 
ttag +57 1; 
ttag +58 1; 
ttag +59 5; 
ttag +60 6; 
ttag +61 11; 
ttag +62 10; 
ttag +63 9; 
ttag +64 7; 
ttag +65 2; 
ttag +66 7; 
ttag +67 5; 
ttag +68 1; 
ttag +69 2; 
ttag +70 4; 
ttag +71 2; 
ttag +72 3; 
ttag +73 5; 
ttag +74 1; 
ttag +75 2; 
ttag +76 4; 
ttag +77 2; 
ttag +78 1; 
ttag +79 7; 
ttag +80 1; 
tread
'Tree with tags' 
(0 (1 ((2 3 )(5 (4 (((6 7 )(8 (9 10 )))((11 ((21 (14 ((17 (15 16 ))(18 (19 20 )))))(22 ((23 (24 25 ))(26 (27 (28 ((40 (((29 (30 31 ))(32 ((33 34 )(35 (36 (37 (38 39 )))))))((44 45 )(46 47 ))))(41 (42 43 ))))))))))(12 13 )))))))); 
ttag *!; 
ttag +0 ////; 
ttag +1 ////; 
ttag +2 ////; 
ttag +3 ////; 
ttag +4 ////; 
ttag +5 ////; 
ttag +6 ////; 
ttag +7 ////; 
ttag +8 ////; 
ttag +9 ////; 
ttag +10 ////; 
ttag +11 ////; 
ttag +12 ////; 
ttag +13 ////; 
ttag +14 ////; 
ttag +15 ////; 
ttag +16 ////; 
ttag +17 ////; 
ttag +18 ////; 
ttag +19 ////; 
ttag +20 ////; 
ttag +21 ////; 
ttag +22 ////; 
ttag +23 ////; 
ttag +24 ////; 
ttag +25 ////; 
ttag +26 ////; 
ttag +27 ////; 
ttag +28 ////; 
ttag +29 ////; 
ttag +30 ////; 
ttag +31 ////; 
ttag +32 ////; 
ttag +33 ////; 
ttag +34 ////; 
ttag +35 ////; 
ttag +36 ////; 
ttag +37 ////; 
ttag +38 ////; 
ttag +39 ////; 
ttag +40 ////; 
ttag +41 ////; 
ttag +42 ////; 
ttag +43 ////; 
ttag +44 ////; 
ttag +45 ////; 
ttag +46 ////; 
ttag +47 ////; 
ttag +48 ////; 
ttag +49 100/100/100/100/100; 
ttag +50 70/58/57/65/56; 
ttag +51 88/82/72/89/80; 
ttag +52 22/[3]/?/?/3; 
ttag +53 95/94/86/94/83; 
ttag +54 53/48/41/51/51; 
ttag +55 24/11/8/10/14; 
ttag +56 45/35/18/40/31; 
ttag +57 100/100/100/100/99; 
ttag +58 65/49/46/48/41; 
ttag +59 4/[59]/?/?/?; 
ttag +60 37/23/8/29/18; 
ttag +61 38/27/36/33/24; 
ttag +62 17/[15]/?/?/?; 
ttag +63 13/[19]/?/?/?; 
ttag +64 44/38/30/50/33; 
ttag +65 35/[19]/?/?/?; 
ttag +66 94/93/82/93/85; 
ttag +67 22/[10]/?/?/?; 
ttag +68 94/93/86/96/92; 
ttag +69 100/100/99/100/99; 
ttag +70 44/10/18/22/16; 
ttag +71 99/99/98/99/99; 
ttag +72 24/[18]/?/?/?; 
ttag +73 99/99/100/100/100; 
ttag +74 98/98/96/100/97; 
ttag +75 78/71/63/72/65; 
ttag +76 98/97/94/99/96; 
ttag +77 97/96/87/95/93; 
ttag +78 34/7/5/11/4; 
ttag +79 39/12/4/19/4; 
ttag +80 13/[14]/?/?/?; 
ttag +81 88/86/72/85/70; 
ttag +82 93/90/82/92/90; 
ttag +83 94/91/88/90/86; 
ttag +84 99/98/95/98/96; 
ttag +85 32/5/6/?/1; 
ttag +86 62/41/32/54/35; 
ttag +87 79/74/69/74/67; 
ttag +88 89/88/77/86/74; 
ttag +89 67/54/47/54/40; 
ttag +90 51/35/19/40/13; 
ttag +91 98/98/94/99/96; 
ttag +92 21/9/14/6/12; 
ttag +93 61/52/44/48/37; 
ttag +94 22/[7]/?/?/?; 
