tread
'Tree with tags' 
(0 (1 ((2 3 )(4 5 11 (6 7 (8 (9 10 )))(12 13 (21 (14 (18 (19 20 )))(15 (16 17 ))((22 (23 (24 25 )))(26 (27 (28 (29 (30 31 ))(32 35 36 (33 34 )(37 38 39 ))((40 (41 (42 43 )))(46 47 (44 45 ))))))))))))); 
ttag *!; 
ttag +49 ???; 
ttag +50 5; 
ttag +51 4; 
ttag +52 2; 
ttag +53 1; 
ttag +54 11; 
ttag +55 1; 
ttag +56 2; 
ttag +57 1; 
ttag +58 1; 
ttag +59 4; 
ttag +60 1; 
ttag +61 7; 
ttag +62 4; 
ttag +63 4; 
ttag +64 3; 
ttag +65 4; 
ttag +66 2; 
ttag +67 6; 
ttag +68 1; 
ttag +69 1; 
ttag +70 5; 
ttag +71 2; 
ttag +72 6; 
ttag +73 6; 
ttag +74 4; 
ttag +75 5; 
ttag +76 1; 
ttag +77 2; 
ttag +78 9; 
ttag +79 1; 
ttag +80 2; 
tread
'Tree with tags' 
(0 (1 ((2 3 )(4 ((5 (6 (7 (8 (9 10 )))))(11 ((12 13 )((21 (14 (18 (19 20 ))))((15 (16 17 ))((22 (23 (24 25 )))(26 (27 (28 (((29 (30 31 ))((40 (41 (42 43 )))((44 45 )(46 47 ))))(32 (35 (36 ((33 34 )(38 (37 39 )))))))))))))))))))); 
ttag *!; 
ttag +0 ////; 
ttag +1 ////; 
ttag +2 ////; 
ttag +3 ////; 
ttag +4 ////; 
ttag +5 ////; 
ttag +6 ////; 
ttag +7 ////; 
ttag +8 ////; 
ttag +9 ////; 
ttag +10 ////; 
ttag +11 ////; 
ttag +12 ////; 
ttag +13 ////; 
ttag +14 ////; 
ttag +15 ////; 
ttag +16 ////; 
ttag +17 ////; 
ttag +18 ////; 
ttag +19 ////; 
ttag +20 ////; 
ttag +21 ////; 
ttag +22 ////; 
ttag +23 ////; 
ttag +24 ////; 
ttag +25 ////; 
ttag +26 ////; 
ttag +27 ////; 
ttag +28 ////; 
ttag +29 ////; 
ttag +30 ////; 
ttag +31 ////; 
ttag +32 ////; 
ttag +33 ////; 
ttag +34 ////; 
ttag +35 ////; 
ttag +36 ////; 
ttag +37 ////; 
ttag +38 ////; 
ttag +39 ////; 
ttag +40 ////; 
ttag +41 ////; 
ttag +42 ////; 
ttag +43 ////; 
ttag +44 ////; 
ttag +45 ////; 
ttag +46 ////; 
ttag +47 ////; 
ttag +48 ////; 
ttag +49 100/100/100/100/100; 
ttag +50 94/94/87/95/92; 
ttag +51 96/95/93/97/90; 
ttag +52 76/67/50/70/63; 
ttag +53 9/[21]/?/?/?; 
ttag +54 49/40/27/46/33; 
ttag +55 67/62/46/63/61; 
ttag +56 18/[19]/?/?/?; 
ttag +57 100/100/99/100/98; 
ttag +58 64/48/49/54/36; 
ttag +59 32/9/2/7/10; 
ttag +60 20/3/0/2/5; 
ttag +61 61/58/42/60/40; 
ttag +62 54/46/31/46/31; 
ttag +63 19/0/?/4/?; 
ttag +64 24/17/6/13/4; 
ttag +65 88/87/73/90/78; 
ttag +66 17/[2]/?/4/?; 
ttag +67 54/32/25/32/16; 
ttag +68 98/98/93/98/94; 
ttag +69 100/100/98/97/97; 
ttag +70 90/90/84/91/83; 
ttag +71 59/54/34/55/39; 
ttag +72 94/90/87/85/76; 
ttag +73 66/49/36/54/46; 
ttag +74 92/91/77/91/76; 
ttag +75 44/24/15/28/19; 
ttag +76 47/38/33/38/35; 
ttag +77 94/93/80/94/85; 
ttag +78 36/6/7/?/?; 
ttag +79 30/12/12/11/11; 
ttag +80 83/77/66/83/75; 
ttag +81 93/92/82/95/81; 
ttag +82 95/92/87/94/90; 
ttag +83 22/[12]/?/?/?; 
ttag +84 24/[10]/?/?/?; 
ttag +85 30/7/4/13/10; 
ttag +86 54/32/20/24/20; 
ttag +87 89/87/79/88/79; 
ttag +88 96/94/87/97/86; 
ttag +89 64/53/42/62/52; 
ttag +90 67/54/34/60/44; 
ttag +91 100/100/99/100/99; 
ttag +92 60/45/32/46/33; 
ttag +93 58/40/34/57/32; 
ttag +94 34/16/6/20/5; 
