tread
'Tree with tags' 
(0 (1 ((2 3 )(4 (((5 (6 7 )(8 (9 10 )))(11 (21 ((14 ((18 (19 20 ))((22 (23 (24 25 )))(26 (27 (28 ((29 (30 31 ))((32 ((33 34 )(35 (36 (37 38 39 )))))((40 (41 (42 43 )))(44 45 46 47 ))))))))))(15 (16 17 ))))))(12 13 )))))); 
ttag *!; 
ttag +49 ???; 
ttag +50 8; 
ttag +51 6; 
ttag +52 9; 
ttag +53 1; 
ttag +54 1; 
ttag +55 2; 
ttag +56 3; 
ttag +57 10; 
ttag +58 5; 
ttag +59 1; 
ttag +60 3; 
ttag +61 1; 
ttag +62 1; 
ttag +63 7; 
ttag +64 5; 
ttag +65 6; 
ttag +66 6; 
ttag +67 2; 
ttag +68 7; 
ttag +69 4; 
ttag +70 4; 
ttag +71 9; 
ttag +72 5; 
ttag +73 2; 
ttag +74 2; 
ttag +75 2; 
ttag +76 1; 
ttag +77 1; 
ttag +78 3; 
ttag +79 9; 
ttag +80 2; 
ttag +81 4; 
ttag +82 1; 
ttag +83 3; 
ttag +84 6; 
ttag +85 6; 
ttag +86 5; 
ttag +87 2; 
ttag +88 3; 
ttag +89 5; 
ttag +90 3; 
tread
'Tree with tags' 
(0 (1 ((2 3 )(4 (((5 ((6 7 )(8 (9 10 ))))(11 (21 ((14 ((18 (19 20 ))((22 (23 (24 25 )))(26 (27 (28 ((29 (30 31 ))((32 ((33 34 )(35 (36 (37 (38 39 ))))))((40 (41 (42 43 )))(46 (44 (45 47 ))))))))))))(15 (16 17 ))))))(12 13 )))))); 
ttag *!; 
ttag +0 ////; 
ttag +1 ////; 
ttag +2 ////; 
ttag +3 ////; 
ttag +4 ////; 
ttag +5 ////; 
ttag +6 ////; 
ttag +7 ////; 
ttag +8 ////; 
ttag +9 ////; 
ttag +10 ////; 
ttag +11 ////; 
ttag +12 ////; 
ttag +13 ////; 
ttag +14 ////; 
ttag +15 ////; 
ttag +16 ////; 
ttag +17 ////; 
ttag +18 ////; 
ttag +19 ////; 
ttag +20 ////; 
ttag +21 ////; 
ttag +22 ////; 
ttag +23 ////; 
ttag +24 ////; 
ttag +25 ////; 
ttag +26 ////; 
ttag +27 ////; 
ttag +28 ////; 
ttag +29 ////; 
ttag +30 ////; 
ttag +31 ////; 
ttag +32 ////; 
ttag +33 ////; 
ttag +34 ////; 
ttag +35 ////; 
ttag +36 ////; 
ttag +37 ////; 
ttag +38 ////; 
ttag +39 ////; 
ttag +40 ////; 
ttag +41 ////; 
ttag +42 ////; 
ttag +43 ////; 
ttag +44 ////; 
ttag +45 ////; 
ttag +46 ////; 
ttag +47 ////; 
ttag +48 ////; 
ttag +49 100/100/100/100/100; 
ttag +50 99/99/98/99/97; 
ttag +51 99/99/96/99/96; 
ttag +52 98/98/93/98/94; 
ttag +53 36/19/10/16/12; 
ttag +54 21/[8]/?/?/?; 
ttag +55 44/16/13/11/15; 
ttag +56 89/86/82/88/82; 
ttag +57 34/26/18/22/21; 
ttag +58 100/100/100/100/99; 
ttag +59 96/95/95/98/89; 
ttag +60 10/[19]/?/?/?; 
ttag +61 71/66/51/63/53; 
ttag +62 12/[24]/?/?/?; 
ttag +63 17/[20]/?/?/?; 
ttag +64 94/92/81/88/83; 
ttag +65 92/92/85/95/84; 
ttag +66 96/95/89/97/91; 
ttag +67 98/97/96/98/97; 
ttag +68 41/32/24/34/24; 
ttag +69 100/100/97/98/93; 
ttag +70 78/76/52/77/57; 
ttag +71 82/79/72/76/66; 
ttag +72 98/98/98/99/98; 
ttag +73 98/98/98/98/96; 
ttag +74 58/48/43/52/48; 
ttag +75 36/[1]/?/0/?; 
ttag +76 46/40/31/47/32; 
ttag +77 33/18/12/16/14; 
ttag +78 27/13/4/9/18; 
ttag +79 78/76/59/78/65; 
ttag +80 98/97/91/97/88; 
ttag +81 47/32/15/35/24; 
ttag +82 60/45/50/70/34; 
ttag +83 46/31/34/40/26; 
ttag +84 74/70/66/76/60; 
ttag +85 90/86/81/87/85; 
ttag +86 98/98/95/98/95; 
ttag +87 28/[7]/1/?/0; 
ttag +88 69/54/54/64/55; 
ttag +89 62/52/42/66/44; 
ttag +90 62/46/37/55/49; 
ttag +91 95/94/90/98/89; 
ttag +92 18/[26]/?/?/?; 
ttag +93 92/90/83/94/80; 
ttag +94 18/[26]/?/?/?; 
