tread
'Tree with tags' 
(0 (1 ((2 3 )(4 (5 ((6 7 )(12 ((11 (13 (8 (9 10 ))))(21 22 (14 (15 (16 17 ))((18 (19 20 ))(23 (24 25 ))))(26 27 28 ((29 (30 31 ))((32 35 36 (33 34 )(38 (37 39 )))((40 41 (42 43 ))(44 45 (46 47 ))))))))))))))); 
ttag *!; 
ttag +49 ???; 
ttag +50 4; 
ttag +51 3; 
ttag +52 7; 
ttag +53 3; 
ttag +54 1; 
ttag +55 4; 
ttag +56 7; 
ttag +57 1; 
ttag +58 1; 
ttag +59 1; 
ttag +60 1; 
ttag +61 1; 
ttag +62 1; 
ttag +63 1; 
ttag +64 1; 
ttag +65 2; 
ttag +66 7; 
ttag +67 1; 
ttag +68 6; 
ttag +69 5; 
ttag +70 5; 
ttag +71 5; 
ttag +72 5; 
ttag +73 1; 
ttag +74 4; 
ttag +75 7; 
ttag +76 2; 
ttag +77 9; 
ttag +78 3; 
ttag +79 2; 
ttag +80 4; 
ttag +81 2; 
ttag +82 7; 
ttag +83 8; 
ttag +84 3; 
tread
'Tree with tags' 
(0 (1 ((2 3 )(4 (5 ((6 7 )(12 ((11 (13 (8 (9 10 ))))(((14 ((18 (19 20 ))(23 (24 25 ))))(15 (16 17 )))(21 (22 ((26 27 )(28 ((29 (30 31 ))((32 ((33 34 )(35 (36 (38 (37 39 ))))))((41 (40 (42 43 )))((44 45 )(46 47 )))))))))))))))))); 
ttag *!; 
ttag +0 ////; 
ttag +1 ////; 
ttag +2 ////; 
ttag +3 ////; 
ttag +4 ////; 
ttag +5 ////; 
ttag +6 ////; 
ttag +7 ////; 
ttag +8 ////; 
ttag +9 ////; 
ttag +10 ////; 
ttag +11 ////; 
ttag +12 ////; 
ttag +13 ////; 
ttag +14 ////; 
ttag +15 ////; 
ttag +16 ////; 
ttag +17 ////; 
ttag +18 ////; 
ttag +19 ////; 
ttag +20 ////; 
ttag +21 ////; 
ttag +22 ////; 
ttag +23 ////; 
ttag +24 ////; 
ttag +25 ////; 
ttag +26 ////; 
ttag +27 ////; 
ttag +28 ////; 
ttag +29 ////; 
ttag +30 ////; 
ttag +31 ////; 
ttag +32 ////; 
ttag +33 ////; 
ttag +34 ////; 
ttag +35 ////; 
ttag +36 ////; 
ttag +37 ////; 
ttag +38 ////; 
ttag +39 ////; 
ttag +40 ////; 
ttag +41 ////; 
ttag +42 ////; 
ttag +43 ////; 
ttag +44 ////; 
ttag +45 ////; 
ttag +46 ////; 
ttag +47 ////; 
ttag +48 ////; 
ttag +49 100/100/100/100/100; 
ttag +50 94/90/88/93/87; 
ttag +51 84/81/62/79/60; 
ttag +52 98/98/96/98/95; 
ttag +53 87/81/83/83/80; 
ttag +54 56/48/46/43/38; 
ttag +55 95/94/78/90/76; 
ttag +56 98/97/95/98/96; 
ttag +57 26/0/?/?/?; 
ttag +58 7/[19]/?/?/?; 
ttag +59 14/[11]/?/?/?; 
ttag +60 60/48/46/56/42; 
ttag +61 62/53/50/63/49; 
ttag +62 14/[24]/?/?/?; 
ttag +63 47/34/33/33/21; 
ttag +64 29/20/15/24/18; 
ttag +65 43/25/34/32/22; 
ttag +66 76/70/64/70/60; 
ttag +67 100/100/100/100/100; 
ttag +68 28/[9]/2/?/?; 
ttag +69 99/99/99/99/100; 
ttag +70 3/[31]/?/?/?; 
ttag +71 14/[20]/?/?/?; 
ttag +72 98/98/90/96/91; 
ttag +73 99/99/96/99/98; 
ttag +74 30/16/8/17/10; 
ttag +75 79/75/64/79/67; 
ttag +76 27/[1]/?/?/?; 
ttag +77 93/91/91/97/89; 
ttag +78 49/39/37/37/31; 
ttag +79 90/86/83/86/82; 
ttag +80 98/97/94/99/92; 
ttag +81 50/38/38/42/35; 
ttag +82 98/98/96/98/98; 
ttag +83 25/[12]/?/?/?; 
ttag +84 58/44/34/44/26; 
ttag +85 47/23/26/37/36; 
ttag +86 80/78/74/81/68; 
ttag +87 68/56/45/65/51; 
ttag +88 38/[6]/?/?/?; 
ttag +89 92/90/84/94/85; 
ttag +90 71/66/60/73/66; 
ttag +91 99/99/99/99/99; 
ttag +92 23/[10]/?/?/?; 
ttag +93 98/98/96/99/99; 
ttag +94 86/84/72/81/76; 
