tread
'Tree with tags' 
(0 (1 (2 3 (4 5 6 7 (8 (9 10 ))(11 (12 13 14 ((15 (16 17 ))(18 (19 20 )))(21 ((22 (23 (24 25 )))(26 (27 (28 ((29 (30 31 ))((((32 (33 34 ))(35 (36 (38 (37 39 )))))(40 41 (42 43 )))(46 (47 (44 45 )))))))))))))))); 
ttag *!; 
ttag +49 ???; 
ttag +50 6; 
ttag +51 5; 
ttag +52 10; 
ttag +53 1; 
ttag +54 1; 
ttag +55 1; 
ttag +56 2; 
ttag +57 2; 
ttag +58 4; 
ttag +59 3; 
ttag +60 14; 
ttag +61 3; 
ttag +62 4; 
ttag +63 2; 
ttag +64 9; 
ttag +65 5; 
ttag +66 4; 
ttag +67 2; 
ttag +68 5; 
ttag +69 5; 
ttag +70 3; 
ttag +71 6; 
ttag +72 2; 
ttag +73 3; 
ttag +74 3; 
ttag +75 3; 
ttag +76 2; 
ttag +77 7; 
ttag +78 4; 
ttag +79 1; 
ttag +80 8; 
ttag +81 3; 
ttag +82 7; 
ttag +83 1; 
ttag +84 2; 
ttag +85 7; 
tread
'Tree with tags' 
(0 (1 ((2 3 )(5 ((4 (7 (6 (8 (9 10 )))))(11 (((14 (12 13 ))(21 ((22 (23 (24 25 )))(26 (27 (28 ((29 (30 31 ))((((32 (33 34 ))(35 (36 (38 (37 39 )))))((40 41 )(42 43 )))(46 (47 (44 45 )))))))))))((15 (16 17 ))(18 (19 20 )))))))))); 
ttag *!; 
ttag +0 ////; 
ttag +1 ////; 
ttag +2 ////; 
ttag +3 ////; 
ttag +4 ////; 
ttag +5 ////; 
ttag +6 ////; 
ttag +7 ////; 
ttag +8 ////; 
ttag +9 ////; 
ttag +10 ////; 
ttag +11 ////; 
ttag +12 ////; 
ttag +13 ////; 
ttag +14 ////; 
ttag +15 ////; 
ttag +16 ////; 
ttag +17 ////; 
ttag +18 ////; 
ttag +19 ////; 
ttag +20 ////; 
ttag +21 ////; 
ttag +22 ////; 
ttag +23 ////; 
ttag +24 ////; 
ttag +25 ////; 
ttag +26 ////; 
ttag +27 ////; 
ttag +28 ////; 
ttag +29 ////; 
ttag +30 ////; 
ttag +31 ////; 
ttag +32 ////; 
ttag +33 ////; 
ttag +34 ////; 
ttag +35 ////; 
ttag +36 ////; 
ttag +37 ////; 
ttag +38 ////; 
ttag +39 ////; 
ttag +40 ////; 
ttag +41 ////; 
ttag +42 ////; 
ttag +43 ////; 
ttag +44 ////; 
ttag +45 ////; 
ttag +46 ////; 
ttag +47 ////; 
ttag +48 ////; 
ttag +49 100/100/100/100/100; 
ttag +50 59/31/21/29/20; 
ttag +51 96/95/83/96/87; 
ttag +52 7/[6]/?/?/?; 
ttag +53 12/[1]/0/6/2; 
ttag +54 85/84/68/86/72; 
ttag +55 38/23/14/24/12; 
ttag +56 31/18/7/14/11; 
ttag +57 100/100/99/100/100; 
ttag +58 62/44/36/56/38; 
ttag +59 28/18/4/24/15; 
ttag +60 22/12/4/10/8; 
ttag +61 2/[23]/?/?/?; 
ttag +62 0/[26]/?/?/?; 
ttag +63 64/58/40/61/42; 
ttag +64 65/46/38/46/26; 
ttag +65 58/49/40/54/45; 
ttag +66 94/92/87/88/78; 
ttag +67 79/73/62/62/56; 
ttag +68 100/100/100/100/100; 
ttag +69 53/44/28/49/34; 
ttag +70 80/69/61/68/58; 
ttag +71 49/39/23/42/22; 
ttag +72 99/98/97/99/99; 
ttag +73 95/94/89/92/86; 
ttag +74 71/65/50/73/45; 
ttag +75 56/38/16/55/24; 
ttag +76 72/69/53/75/49; 
ttag +77 94/93/79/90/84; 
ttag +78 72/70/45/76/51; 
ttag +79 98/98/93/99/94; 
ttag +80 71/62/52/71/53; 
ttag +81 82/78/71/83/70; 
ttag +82 73/64/39/70/39; 
ttag +83 71/68/50/73/49; 
ttag +84 72/62/33/65/43; 
ttag +85 97/97/84/98/89; 
ttag +86 86/80/64/87/63; 
ttag +87 64/46/34/41/37; 
ttag +88 99/98/93/99/93; 
ttag +89 26/[3]/?/2/?; 
ttag +90 86/80/69/82/71; 
ttag +91 100/100/97/100/96; 
ttag +92 48/34/28/36/33; 
ttag +93 73/69/49/70/46; 
ttag +94 95/94/82/92/86; 
