tread
'Tree with tags' 
(0 (1 ((2 3 )(4 (5 ((6 7 )(8 (9 10 )))(11 (((14 (12 13 ))(18 (19 20 ))(21 (26 27 28 29 (22 (23 (24 25 )))(30 31 )(((35 (32 (33 34 )))(36 (37 38 39 )))(41 (40 (42 43 ))))(47 (45 (44 46 ))))))(17 (15 16 ))))))))); 
ttag *!; 
ttag +49 ???; 
ttag +50 5; 
ttag +51 4; 
ttag +52 1; 
ttag +53 1; 
ttag +54 1; 
ttag +55 1; 
ttag +56 8; 
ttag +57 3; 
ttag +58 3; 
ttag +59 2; 
ttag +60 1; 
ttag +61 3; 
ttag +62 1; 
ttag +63 1; 
ttag +64 6; 
ttag +65 6; 
ttag +66 9; 
ttag +67 2; 
ttag +68 7; 
ttag +69 2; 
ttag +70 4; 
ttag +71 2; 
ttag +72 3; 
ttag +73 2; 
ttag +74 2; 
ttag +75 5; 
ttag +76 2; 
ttag +77 9; 
ttag +78 2; 
ttag +79 3; 
ttag +80 2; 
ttag +81 5; 
ttag +82 8; 
ttag +83 1; 
ttag +84 1; 
ttag +85 3; 
tread
'Tree with tags' 
(0 (1 ((2 3 )(4 ((5 ((6 7 )(8 (9 10 ))))(11 (((14 (12 13 ))((18 (19 20 ))(21 ((((29 (22 (23 (24 25 ))))(30 31 ))((((35 (32 (33 34 )))(36 (37 (38 39 ))))(41 (40 (42 43 ))))(47 (45 (44 46 )))))(26 (27 28 ))))))(17 (15 16 ))))))))); 
ttag *!; 
ttag +0 ////; 
ttag +1 ////; 
ttag +2 ////; 
ttag +3 ////; 
ttag +4 ////; 
ttag +5 ////; 
ttag +6 ////; 
ttag +7 ////; 
ttag +8 ////; 
ttag +9 ////; 
ttag +10 ////; 
ttag +11 ////; 
ttag +12 ////; 
ttag +13 ////; 
ttag +14 ////; 
ttag +15 ////; 
ttag +16 ////; 
ttag +17 ////; 
ttag +18 ////; 
ttag +19 ////; 
ttag +20 ////; 
ttag +21 ////; 
ttag +22 ////; 
ttag +23 ////; 
ttag +24 ////; 
ttag +25 ////; 
ttag +26 ////; 
ttag +27 ////; 
ttag +28 ////; 
ttag +29 ////; 
ttag +30 ////; 
ttag +31 ////; 
ttag +32 ////; 
ttag +33 ////; 
ttag +34 ////; 
ttag +35 ////; 
ttag +36 ////; 
ttag +37 ////; 
ttag +38 ////; 
ttag +39 ////; 
ttag +40 ////; 
ttag +41 ////; 
ttag +42 ////; 
ttag +43 ////; 
ttag +44 ////; 
ttag +45 ////; 
ttag +46 ////; 
ttag +47 ////; 
ttag +48 ////; 
ttag +49 100/100/100/100/100; 
ttag +50 98/98/94/95/96; 
ttag +51 93/91/91/94/94; 
ttag +52 50/25/12/26/16; 
ttag +53 6/[18]/?/?/?; 
ttag +54 68/64/52/56/48; 
ttag +55 58/50/41/55/50; 
ttag +56 28/7/1/4/2; 
ttag +57 100/100/99/99/99; 
ttag +58 91/91/88/93/86; 
ttag +59 58/47/37/50/40; 
ttag +60 60/55/42/60/46; 
ttag +61 36/25/18/35/22; 
ttag +62 45/25/11/38/12; 
ttag +63 58/44/42/40/31; 
ttag +64 61/35/30/43/21; 
ttag +65 98/98/94/99/94; 
ttag +66 86/78/74/84/71; 
ttag +67 12/[7]/?/0/?; 
ttag +68 100/100/100/100/98; 
ttag +69 64/60/50/69/54; 
ttag +70 97/97/94/99/94; 
ttag +71 23/[12]/?/1/?; 
ttag +72 5/[28]/?/?/?; 
ttag +73 29/20/3/22/19; 
ttag +74 84/82/70/86/71; 
ttag +75 92/88/78/92/82; 
ttag +76 88/84/70/81/74; 
ttag +77 20/12/0/14/14; 
ttag +78 26/19/7/24/21; 
ttag +79 91/89/82/94/88; 
ttag +80 59/53/45/62/54; 
ttag +81 35/24/18/36/21; 
ttag +82 89/88/76/92/77; 
ttag +83 42/34/28/43/27; 
ttag +84 8/[24]/?/?/?; 
ttag +85 99/98/97/98/98; 
ttag +86 62/43/30/42/30; 
ttag +87 88/84/82/88/79; 
ttag +88 40/6/12/7/12; 
ttag +89 61/49/30/54/28; 
ttag +90 96/95/86/94/92; 
ttag +91 100/100/99/100/100; 
ttag +92 44/21/3/27/2; 
ttag +93 62/40/31/40/29; 
ttag +94 86/84/66/76/70; 
