tread
'Tree with tags' 
(0 (1 ((2 3 )(4 (5 (((6 7 )(11 ((12 (13 (14 21 ((22 (23 (24 25 )))(26 (27 28 ))((29 (30 31 ))((32 ((33 34 )(35 (36 (37 38 39 )))))((41 (40 (42 43 )))(46 (47 (44 45 ))))))))))((15 (16 17 ))(18 (19 20 ))))))(8 (9 10 )))))))); 
ttag *!; 
ttag +49 ???; 
ttag +50 6; 
ttag +51 5; 
ttag +52 3; 
ttag +53 2; 
ttag +54 1; 
ttag +55 1; 
ttag +56 2; 
ttag +57 11; 
ttag +58 3; 
ttag +59 1; 
ttag +60 1; 
ttag +61 1; 
ttag +62 1; 
ttag +63 1; 
ttag +64 5; 
ttag +65 1; 
ttag +66 7; 
ttag +67 4; 
ttag +68 11; 
ttag +69 4; 
ttag +70 4; 
ttag +71 3; 
ttag +72 6; 
ttag +73 1; 
ttag +74 2; 
ttag +75 7; 
ttag +76 2; 
ttag +77 2; 
ttag +78 2; 
ttag +79 2; 
ttag +80 1; 
ttag +81 1; 
ttag +82 2; 
ttag +83 4; 
ttag +84 5; 
ttag +85 1; 
ttag +86 7; 
ttag +87 1; 
ttag +88 1; 
ttag +89 2; 
ttag +90 2; 
ttag +91 2; 
tread
'Tree with tags' 
(0 (1 ((2 3 )(4 (5 (((6 7 )(11 ((12 (13 (14 (21 (((22 (23 (24 25 )))((29 (30 31 ))((32 ((33 34 )(35 (36 (37 (38 39 ))))))((41 (40 (42 43 )))(46 (47 (44 45 )))))))(26 (27 28 )))))))((15 (16 17 ))(18 (19 20 ))))))(8 (9 10 )))))))); 
ttag *!; 
ttag +0 ////; 
ttag +1 ////; 
ttag +2 ////; 
ttag +3 ////; 
ttag +4 ////; 
ttag +5 ////; 
ttag +6 ////; 
ttag +7 ////; 
ttag +8 ////; 
ttag +9 ////; 
ttag +10 ////; 
ttag +11 ////; 
ttag +12 ////; 
ttag +13 ////; 
ttag +14 ////; 
ttag +15 ////; 
ttag +16 ////; 
ttag +17 ////; 
ttag +18 ////; 
ttag +19 ////; 
ttag +20 ////; 
ttag +21 ////; 
ttag +22 ////; 
ttag +23 ////; 
ttag +24 ////; 
ttag +25 ////; 
ttag +26 ////; 
ttag +27 ////; 
ttag +28 ////; 
ttag +29 ////; 
ttag +30 ////; 
ttag +31 ////; 
ttag +32 ////; 
ttag +33 ////; 
ttag +34 ////; 
ttag +35 ////; 
ttag +36 ////; 
ttag +37 ////; 
ttag +38 ////; 
ttag +39 ////; 
ttag +40 ////; 
ttag +41 ////; 
ttag +42 ////; 
ttag +43 ////; 
ttag +44 ////; 
ttag +45 ////; 
ttag +46 ////; 
ttag +47 ////; 
ttag +48 ////; 
ttag +49 100/100/100/100/100; 
ttag +50 96/95/90/96/92; 
ttag +51 94/90/80/93/77; 
ttag +52 83/81/72/85/69; 
ttag +53 23/4/6/13/3; 
ttag +54 24/21/25/22/21; 
ttag +55 7/[6]/?/?/?; 
ttag +56 22/8/9/16/4; 
ttag +57 99/99/99/99/98; 
ttag +58 76/66/53/72/58; 
ttag +59 6/[7]/?/?/?; 
ttag +60 16/[14]/?/?/?; 
ttag +61 4/[5]/?/?/?; 
ttag +62 7/[30]/?/?/?; 
ttag +63 18/[12]/?/?/?; 
ttag +64 95/94/90/93/91; 
ttag +65 15/[15]/?/?/?; 
ttag +66 98/98/94/98/97; 
ttag +67 96/96/91/96/91; 
ttag +68 100/100/100/100/100; 
ttag +69 32/24/25/32/17; 
ttag +70 61/54/48/60/42; 
ttag +71 6/[54]/?/?/?; 
ttag +72 66/54/42/60/46; 
ttag +73 71/53/64/65/54; 
ttag +74 98/97/84/93/85; 
ttag +75 38/14/14/11/16; 
ttag +76 39/16/15/12/16; 
ttag +77 98/98/96/98/92; 
ttag +78 43/14/12/16/9; 
ttag +79 66/41/36/46/40; 
ttag +80 68/61/54/62/54; 
ttag +81 64/59/48/50/48; 
ttag +82 59/52/41/54/47; 
ttag +83 34/22/11/17/10; 
ttag +84 68/60/54/66/48; 
ttag +85 97/96/93/97/94; 
ttag +86 100/100/97/99/96; 
ttag +87 39/[4]/?/?/?; 
ttag +88 27/[21]/?/?/?; 
ttag +89 94/90/82/95/86; 
ttag +90 63/51/41/46/43; 
ttag +91 48/16/10/12/2; 
ttag +92 49/37/18/31/22; 
ttag +93 54/42/25/37/30; 
ttag +94 82/75/74/80/70; 
