tread
'Tree with tags' 
(0 (1 (4 5 6 7 11 14 (2 3 )(8 (9 10 ))(12 13 )(15 16 17 )(18 (19 20 ))(21 ((23 (22 (24 25 )))(28 (26 27 ))((29 (30 31 ))((((32 (35 (36 (38 (37 39 )))))(33 34 ))((40 41 )(42 43 )))(44 45 46 47 )))))))); 
ttag *!; 
ttag +49 ???; 
ttag +50 5; 
ttag +51 1; 
ttag +52 9; 
ttag +53 4; 
ttag +54 1; 
ttag +55 5; 
ttag +56 2; 
ttag +57 8; 
ttag +58 2; 
ttag +59 1; 
ttag +60 3; 
ttag +61 6; 
ttag +62 6; 
ttag +63 2; 
ttag +64 3; 
ttag +65 5; 
ttag +66 4; 
ttag +67 4; 
ttag +68 1; 
ttag +69 6; 
ttag +70 2; 
ttag +71 4; 
ttag +72 4; 
ttag +73 1; 
ttag +74 6; 
ttag +75 3; 
ttag +76 9; 
ttag +77 3; 
ttag +78 3; 
ttag +79 9; 
ttag +80 7; 
tread
'Tree with tags' 
(0 (1 ((2 3 )(((4 5 )(11 ((14 ((15 (16 17 ))(18 (19 20 ))))(21 (((23 (22 (24 25 )))(28 (26 27 )))((29 (30 31 ))((((32 (35 (36 (38 (37 39 )))))(33 34 ))((40 41 )(42 43 )))(46 (47 (44 45 ))))))))))((6 7 )((8 (9 10 ))(12 13 ))))))); 
ttag *!; 
ttag +0 ////; 
ttag +1 ////; 
ttag +2 ////; 
ttag +3 ////; 
ttag +4 ////; 
ttag +5 ////; 
ttag +6 ////; 
ttag +7 ////; 
ttag +8 ////; 
ttag +9 ////; 
ttag +10 ////; 
ttag +11 ////; 
ttag +12 ////; 
ttag +13 ////; 
ttag +14 ////; 
ttag +15 ////; 
ttag +16 ////; 
ttag +17 ////; 
ttag +18 ////; 
ttag +19 ////; 
ttag +20 ////; 
ttag +21 ////; 
ttag +22 ////; 
ttag +23 ////; 
ttag +24 ////; 
ttag +25 ////; 
ttag +26 ////; 
ttag +27 ////; 
ttag +28 ////; 
ttag +29 ////; 
ttag +30 ////; 
ttag +31 ////; 
ttag +32 ////; 
ttag +33 ////; 
ttag +34 ////; 
ttag +35 ////; 
ttag +36 ////; 
ttag +37 ////; 
ttag +38 ////; 
ttag +39 ////; 
ttag +40 ////; 
ttag +41 ////; 
ttag +42 ////; 
ttag +43 ////; 
ttag +44 ////; 
ttag +45 ////; 
ttag +46 ////; 
ttag +47 ////; 
ttag +48 ////; 
ttag +49 100/100/100/100/100; 
ttag +50 98/97/96/96/96; 
ttag +51 83/76/66/80/72; 
ttag +52 51/33/33/34/26; 
ttag +53 1/[26]/?/?/?; 
ttag +54 33/10/15/29/20; 
ttag +55 81/79/66/74/68; 
ttag +56 6/[22]/?/?/?; 
ttag +57 100/100/100/100/100; 
ttag +58 2/[25]/?/?/?; 
ttag +59 94/94/88/96/90; 
ttag +60 14/2/?/4/?; 
ttag +61 50/47/39/48/44; 
ttag +62 45/38/28/42/24; 
ttag +63 24/11/7/18/14; 
ttag +64 95/94/92/98/92; 
ttag +65 38/17/18/27/12; 
ttag +66 45/13/1/5/11; 
ttag +67 84/76/72/72/74; 
ttag +68 100/100/98/100/100; 
ttag +69 61/58/40/64/44; 
ttag +70 46/14/13/27/6; 
ttag +71 86/84/79/90/73; 
ttag +72 11/[27]/?/?/?; 
ttag +73 76/72/57/79/64; 
ttag +74 97/97/89/96/90; 
ttag +75 45/33/30/39/32; 
ttag +76 32/20/5/22/7; 
ttag +77 98/96/87/96/95; 
ttag +78 59/50/34/44/41; 
ttag +79 95/94/84/95/91; 
ttag +80 55/38/30/36/29; 
ttag +81 90/87/81/87/80; 
ttag +82 30/5/?/1/?; 
ttag +83 66/59/44/61/53; 
ttag +84 94/92/86/90/92; 
ttag +85 33/14/6/6/12; 
ttag +86 96/96/90/94/88; 
ttag +87 86/84/78/88/82; 
ttag +88 99/99/98/100/99; 
ttag +89 73/64/61/62/57; 
ttag +90 76/70/61/76/62; 
ttag +91 100/100/99/100/99; 
ttag +92 36/16/16/14/13; 
ttag +93 42/14/6/16/7; 
ttag +94 98/98/97/99/96; 
