tread
'Tree with tags' 
(0 (1 ((2 3 )(4 5 6 7 11 (8 (9 10 ))(21 (12 13 )(14 (15 16 17 )(18 (19 20 ))((22 (23 (24 25 )))((26 (27 28 ))((29 (30 31 ))((32 ((33 34 )(35 36 (38 (37 39 )))))((41 (40 (42 43 )))(46 (44 (45 47 )))))))))))))); 
ttag *!; 
ttag +49 ???; 
ttag +50 8; 
ttag +51 1; 
ttag +52 8; 
ttag +53 5; 
ttag +54 2; 
ttag +55 1; 
ttag +56 1; 
ttag +57 2; 
ttag +58 2; 
ttag +59 6; 
ttag +60 11; 
ttag +61 5; 
ttag +62 4; 
ttag +63 2; 
ttag +64 9; 
ttag +65 2; 
ttag +66 5; 
ttag +67 1; 
ttag +68 4; 
ttag +69 1; 
ttag +70 1; 
ttag +71 6; 
ttag +72 2; 
ttag +73 1; 
ttag +74 2; 
ttag +75 3; 
ttag +76 1; 
ttag +77 1; 
ttag +78 1; 
ttag +79 6; 
ttag +80 5; 
ttag +81 7; 
ttag +82 4; 
ttag +83 4; 
ttag +84 3; 
tread
'Tree with tags' 
(0 (1 ((2 3 )((7 (4 ((5 ((12 13 )(21 ((14 ((15 (16 17 ))((22 (23 (24 25 )))((26 (27 28 ))((29 (30 31 ))((32 ((33 34 )((35 36 )(38 (37 39 )))))((41 (40 (42 43 )))(46 (44 (45 47 ))))))))))(18 (19 20 ))))))(6 11 ))))(8 (9 10 )))))); 
ttag *!; 
ttag +0 ////; 
ttag +1 ////; 
ttag +2 ////; 
ttag +3 ////; 
ttag +4 ////; 
ttag +5 ////; 
ttag +6 ////; 
ttag +7 ////; 
ttag +8 ////; 
ttag +9 ////; 
ttag +10 ////; 
ttag +11 ////; 
ttag +12 ////; 
ttag +13 ////; 
ttag +14 ////; 
ttag +15 ////; 
ttag +16 ////; 
ttag +17 ////; 
ttag +18 ////; 
ttag +19 ////; 
ttag +20 ////; 
ttag +21 ////; 
ttag +22 ////; 
ttag +23 ////; 
ttag +24 ////; 
ttag +25 ////; 
ttag +26 ////; 
ttag +27 ////; 
ttag +28 ////; 
ttag +29 ////; 
ttag +30 ////; 
ttag +31 ////; 
ttag +32 ////; 
ttag +33 ////; 
ttag +34 ////; 
ttag +35 ////; 
ttag +36 ////; 
ttag +37 ////; 
ttag +38 ////; 
ttag +39 ////; 
ttag +40 ////; 
ttag +41 ////; 
ttag +42 ////; 
ttag +43 ////; 
ttag +44 ////; 
ttag +45 ////; 
ttag +46 ////; 
ttag +47 ////; 
ttag +48 ////; 
ttag +49 100/100/100/100/100; 
ttag +50 96/94/95/100/97; 
ttag +51 49/21/28/26/16; 
ttag +52 10/[12]/?/?/?; 
ttag +53 14/[8]/?/?/?; 
ttag +54 93/91/86/93/78; 
ttag +55 12/[14]/?/?/?; 
ttag +56 12/[6]/?/?/?; 
ttag +57 44/17/?/12/12; 
ttag +58 99/99/98/97/94; 
ttag +59 82/73/67/73/67; 
ttag +60 37/28/20/28/24; 
ttag +61 44/35/24/39/22; 
ttag +62 4/[31]/?/?/?; 
ttag +63 34/19/9/27/15; 
ttag +64 37/29/14/28/16; 
ttag +65 91/90/85/95/85; 
ttag +66 16/[19]/?/?/?; 
ttag +67 49/18/22/19/24; 
ttag +68 97/96/93/95/93; 
ttag +69 100/100/100/100/99; 
ttag +70 93/92/82/96/84; 
ttag +71 78/75/54/75/65; 
ttag +72 62/36/26/44/39; 
ttag +73 92/88/80/91/90; 
ttag +74 32/14/22/24/19; 
ttag +75 80/74/67/79/64; 
ttag +76 21/6/9/8/6; 
ttag +77 74/69/68/67/59; 
ttag +78 48/40/32/42/28; 
ttag +79 69/58/50/49/45; 
ttag +80 96/95/93/97/93; 
ttag +81 50/40/30/44/41; 
ttag +82 75/69/51/54/54; 
ttag +83 66/59/46/55/50; 
ttag +84 24/[16]/?/?/?; 
ttag +85 78/70/59/75/62; 
ttag +86 61/45/47/56/52; 
ttag +87 68/56/44/60/40; 
ttag +88 67/57/52/49/60; 
ttag +89 96/95/84/95/86; 
ttag +90 92/90/87/93/86; 
ttag +91 99/99/93/98/94; 
ttag +92 94/93/87/92/88; 
ttag +93 95/95/90/95/93; 
ttag +94 83/76/73/81/71; 
