tread
'Tree with tags' 
(0 (1 ((2 3 )(4 (5 (11 ((7 (6 (8 (9 10 ))))((12 13 )(21 (14 ((15 (16 17 ))(18 (19 20 ))))(26 27 28 (22 (23 (24 25 )))(29 (30 31 ))(44 45 46 47 (32 ((33 34 )(35 (36 (37 (38 39 ))))))(40 41 (42 43 ))))))))))))); 
ttag *!; 
ttag +49 ???; 
ttag +50 9; 
ttag +51 3; 
ttag +52 6; 
ttag +53 1; 
ttag +54 1; 
ttag +55 6; 
ttag +56 1; 
ttag +57 2; 
ttag +58 9; 
ttag +59 4; 
ttag +60 1; 
ttag +61 2; 
ttag +62 1; 
ttag +63 1; 
ttag +64 7; 
ttag +65 5; 
ttag +66 3; 
ttag +67 6; 
ttag +68 15; 
ttag +69 4; 
ttag +70 2; 
ttag +71 10; 
ttag +72 8; 
ttag +73 5; 
ttag +74 2; 
ttag +75 6; 
ttag +76 2; 
ttag +77 5; 
ttag +78 1; 
ttag +79 3; 
ttag +80 3; 
ttag +81 7; 
ttag +82 1; 
ttag +83 5; 
ttag +84 8; 
tread
'Tree with tags' 
(0 (1 ((2 3 )(4 (5 (11 ((7 (6 (8 (9 10 ))))((12 13 )((14 ((15 (16 17 ))(18 (19 20 ))))(21 ((22 (23 (24 25 )))(26 (27 (28 ((29 (30 31 ))((47 (44 (45 (46 (32 ((33 34 )(35 (36 (37 (38 39 ))))))))))(41 (40 (42 43 ))))))))))))))))))); 
ttag *!; 
ttag +0 ////; 
ttag +1 ////; 
ttag +2 ////; 
ttag +3 ////; 
ttag +4 ////; 
ttag +5 ////; 
ttag +6 ////; 
ttag +7 ////; 
ttag +8 ////; 
ttag +9 ////; 
ttag +10 ////; 
ttag +11 ////; 
ttag +12 ////; 
ttag +13 ////; 
ttag +14 ////; 
ttag +15 ////; 
ttag +16 ////; 
ttag +17 ////; 
ttag +18 ////; 
ttag +19 ////; 
ttag +20 ////; 
ttag +21 ////; 
ttag +22 ////; 
ttag +23 ////; 
ttag +24 ////; 
ttag +25 ////; 
ttag +26 ////; 
ttag +27 ////; 
ttag +28 ////; 
ttag +29 ////; 
ttag +30 ////; 
ttag +31 ////; 
ttag +32 ////; 
ttag +33 ////; 
ttag +34 ////; 
ttag +35 ////; 
ttag +36 ////; 
ttag +37 ////; 
ttag +38 ////; 
ttag +39 ////; 
ttag +40 ////; 
ttag +41 ////; 
ttag +42 ////; 
ttag +43 ////; 
ttag +44 ////; 
ttag +45 ////; 
ttag +46 ////; 
ttag +47 ////; 
ttag +48 ////; 
ttag +49 100/100/100/100/100; 
ttag +50 100/100/98/99/100; 
ttag +51 65/42/42/59/49; 
ttag +52 69/62/49/66/49; 
ttag +53 26/12/3/12/?; 
ttag +54 10/[37]/?/?/?; 
ttag +55 88/86/78/92/78; 
ttag +56 23/0/?/?/?; 
ttag +57 43/36/15/43/20; 
ttag +58 99/99/99/99/98; 
ttag +59 92/89/82/92/80; 
ttag +60 20/12/7/12/9; 
ttag +61 47/40/19/46/26; 
ttag +62 56/47/36/46/35; 
ttag +63 42/34/15/31/24; 
ttag +64 99/99/95/100/96; 
ttag +65 93/92/86/96/79; 
ttag +66 78/72/53/78/54; 
ttag +67 99/99/97/98/93; 
ttag +68 100/100/100/100/100; 
ttag +69 18/1/1/2/2; 
ttag +70 65/51/45/53/38; 
ttag +71 48/42/17/32/26; 
ttag +72 100/100/100/100/98; 
ttag +73 98/98/98/98/98; 
ttag +74 8/[5]/?/?/?; 
ttag +75 7/[36]/?/?/?; 
ttag +76 10/[6]/?/?/?; 
ttag +77 92/88/77/97/86; 
ttag +78 22/8/1/5/3; 
ttag +79 95/94/91/92/88; 
ttag +80 98/98/94/98/90; 
ttag +81 6/[24]/?/?/?; 
ttag +82 12/[18]/?/?/?; 
ttag +83 4/[26]/?/?/?; 
ttag +84 12/[18]/?/?/?; 
ttag +85 55/41/30/42/25; 
ttag +86 96/95/87/92/91; 
ttag +87 47/32/20/38/23; 
ttag +88 78/68/50/63/46; 
ttag +89 74/58/55/67/55; 
ttag +90 99/98/98/98/96; 
ttag +91 68/58/54/61/51; 
ttag +92 36/15/7/5/7; 
ttag +93 95/94/88/94/86; 
ttag +94 99/99/100/100/99; 
