tread
'Tree with tags' 
(0 (1 (2 3 (4 (11 (5 (6 7 (9 (8 10 )))((12 13 )(14 ((15 (16 17 ))(18 (19 20 )))(21 ((22 (23 (24 25 )))(26 (27 (28 29 (30 31 )(32 35 (33 34 )(36 (37 (38 39 ))))(40 (41 (42 43 ))(46 (47 (44 45 ))))))))))))))))); 
ttag *!; 
ttag +49 ???; 
ttag +50 2; 
ttag +51 7; 
ttag +52 1; 
ttag +53 1; 
ttag +54 3; 
ttag +55 3; 
ttag +56 11; 
ttag +57 1; 
ttag +58 1; 
ttag +59 1; 
ttag +60 8; 
ttag +61 1; 
ttag +62 3; 
ttag +63 6; 
ttag +64 10; 
ttag +65 1; 
ttag +66 7; 
ttag +67 2; 
ttag +68 1; 
ttag +69 7; 
ttag +70 1; 
ttag +71 1; 
ttag +72 1; 
ttag +73 3; 
ttag +74 5; 
ttag +75 3; 
ttag +76 1; 
ttag +77 3; 
ttag +78 3; 
ttag +79 1; 
ttag +80 1; 
ttag +81 9; 
ttag +82 1; 
ttag +83 1; 
ttag +84 1; 
tread
'Tree with tags' 
(0 (1 (2 (3 (4 (11 (5 ((6 (7 (9 (8 10 ))))((12 13 )((14 (21 ((22 (23 (24 25 )))(26 (27 (28 ((29 (30 31 ))((32 ((35 (33 34 ))(36 (37 (38 39 )))))(40 ((41 (42 43 ))(46 (47 (44 45 )))))))))))))((15 (16 17 ))(18 (19 20 ))))))))))))); 
ttag *!; 
ttag +0 ////; 
ttag +1 ////; 
ttag +2 ////; 
ttag +3 ////; 
ttag +4 ////; 
ttag +5 ////; 
ttag +6 ////; 
ttag +7 ////; 
ttag +8 ////; 
ttag +9 ////; 
ttag +10 ////; 
ttag +11 ////; 
ttag +12 ////; 
ttag +13 ////; 
ttag +14 ////; 
ttag +15 ////; 
ttag +16 ////; 
ttag +17 ////; 
ttag +18 ////; 
ttag +19 ////; 
ttag +20 ////; 
ttag +21 ////; 
ttag +22 ////; 
ttag +23 ////; 
ttag +24 ////; 
ttag +25 ////; 
ttag +26 ////; 
ttag +27 ////; 
ttag +28 ////; 
ttag +29 ////; 
ttag +30 ////; 
ttag +31 ////; 
ttag +32 ////; 
ttag +33 ////; 
ttag +34 ////; 
ttag +35 ////; 
ttag +36 ////; 
ttag +37 ////; 
ttag +38 ////; 
ttag +39 ////; 
ttag +40 ////; 
ttag +41 ////; 
ttag +42 ////; 
ttag +43 ////; 
ttag +44 ////; 
ttag +45 ////; 
ttag +46 ////; 
ttag +47 ////; 
ttag +48 ////; 
ttag +49 100/100/100/100/100; 
ttag +50 82/75/70/83/69; 
ttag +51 30/[25]/?/?/?; 
ttag +52 94/92/86/93/84; 
ttag +53 34/14/?/20/11; 
ttag +54 61/46/45/58/46; 
ttag +55 74/67/56/70/54; 
ttag +56 24/4/?/4/2; 
ttag +57 39/0/?/?/?; 
ttag +58 82/71/57/73/64; 
ttag +59 99/99/99/99/98; 
ttag +60 68/62/62/57/49; 
ttag +61 48/41/24/43/27; 
ttag +62 12/[36]/?/?/?; 
ttag +63 29/16/6/19/2; 
ttag +64 100/100/100/99/100; 
ttag +65 82/78/74/76/58; 
ttag +66 89/86/81/90/80; 
ttag +67 100/100/99/100/100; 
ttag +68 100/100/100/100/100; 
ttag +69 48/35/28/44/30; 
ttag +70 100/100/98/99/99; 
ttag +71 73/68/55/73/59; 
ttag +72 70/50/44/53/48; 
ttag +73 98/98/94/98/90; 
ttag +74 70/64/57/55/55; 
ttag +75 24/[2]/?/?/?; 
ttag +76 74/57/48/58/54; 
ttag +77 51/38/35/41/34; 
ttag +78 53/36/42/48/52; 
ttag +79 84/78/74/85/74; 
ttag +80 98/97/94/98/93; 
ttag +81 46/30/24/23/29; 
ttag +82 81/68/58/74/69; 
ttag +83 7/[50]/?/?/?; 
ttag +84 10/[47]/?/?/?; 
ttag +85 60/45/46/45/46; 
ttag +86 93/92/84/93/84; 
ttag +87 85/82/70/78/75; 
ttag +88 72/64/49/51/48; 
ttag +89 57/34/39/37/28; 
ttag +90 23/[39]/?/?/?; 
ttag +91 100/100/100/100/100; 
ttag +92 49/37/36/36/38; 
ttag +93 59/50/31/40/27; 
ttag +94 53/21/28/28/28; 
