tread
'Tree with tags' 
(0 (1 ((2 3 )(4 (5 ((6 7 )(8 (9 10 ))(11 (12 (13 (14 ((15 (16 17 ))(18 (19 20 )))))(21 ((22 (23 (24 25 )))(26 (27 (28 ((29 (30 31 ))(((32 (33 34 ))(35 (36 (37 (38 39 )))))((40 (41 (42 43 )))(46 47 (44 45 )))))))))))))))))); 
ttag *!; 
ttag +49 ???; 
ttag +50 1; 
ttag +51 4; 
ttag +52 4; 
ttag +53 4; 
ttag +54 1; 
ttag +55 2; 
ttag +56 10; 
ttag +57 4; 
ttag +58 3; 
ttag +59 2; 
ttag +60 1; 
ttag +61 1; 
ttag +62 7; 
ttag +63 4; 
ttag +64 2; 
ttag +65 6; 
ttag +66 8; 
ttag +67 2; 
ttag +68 3; 
ttag +69 4; 
ttag +70 6; 
ttag +71 6; 
ttag +72 3; 
ttag +73 2; 
ttag +74 5; 
ttag +75 2; 
ttag +76 2; 
ttag +77 2; 
ttag +78 3; 
ttag +79 6; 
ttag +80 1; 
ttag +81 1; 
ttag +82 2; 
ttag +83 8; 
ttag +84 6; 
ttag +85 1; 
ttag +86 6; 
ttag +87 4; 
ttag +88 1; 
ttag +89 10; 
ttag +90 1; 
ttag +91 5; 
tread
'Tree with tags' 
(0 (1 ((2 3 )(4 (5 (((6 7 )(11 (12 ((13 (14 ((15 (16 17 ))(18 (19 20 )))))(21 ((22 (23 (24 25 )))(26 (27 (28 ((29 (30 31 ))(((32 (33 34 ))(35 (36 (37 (38 39 )))))((40 (41 (42 43 )))(46 (47 (44 45 )))))))))))))))(8 (9 10 )))))))); 
ttag *!; 
ttag +0 ////; 
ttag +1 ////; 
ttag +2 ////; 
ttag +3 ////; 
ttag +4 ////; 
ttag +5 ////; 
ttag +6 ////; 
ttag +7 ////; 
ttag +8 ////; 
ttag +9 ////; 
ttag +10 ////; 
ttag +11 ////; 
ttag +12 ////; 
ttag +13 ////; 
ttag +14 ////; 
ttag +15 ////; 
ttag +16 ////; 
ttag +17 ////; 
ttag +18 ////; 
ttag +19 ////; 
ttag +20 ////; 
ttag +21 ////; 
ttag +22 ////; 
ttag +23 ////; 
ttag +24 ////; 
ttag +25 ////; 
ttag +26 ////; 
ttag +27 ////; 
ttag +28 ////; 
ttag +29 ////; 
ttag +30 ////; 
ttag +31 ////; 
ttag +32 ////; 
ttag +33 ////; 
ttag +34 ////; 
ttag +35 ////; 
ttag +36 ////; 
ttag +37 ////; 
ttag +38 ////; 
ttag +39 ////; 
ttag +40 ////; 
ttag +41 ////; 
ttag +42 ////; 
ttag +43 ////; 
ttag +44 ////; 
ttag +45 ////; 
ttag +46 ////; 
ttag +47 ////; 
ttag +48 ////; 
ttag +49 100/100/100/100/100; 
ttag +50 63/43/42/50/49; 
ttag +51 85/80/78/84/76; 
ttag +52 88/86/74/89/76; 
ttag +53 82/75/62/79/64; 
ttag +54 49/31/18/26/18; 
ttag +55 26/9/?/8/?; 
ttag +56 51/38/29/44/31; 
ttag +57 100/100/100/100/99; 
ttag +58 96/94/94/97/93; 
ttag +59 62/55/39/58/51; 
ttag +60 52/43/40/42/37; 
ttag +61 18/0/?/?/0; 
ttag +62 10/[2]/?/?/?; 
ttag +63 30/12/7/9/11; 
ttag +64 97/97/95/96/98; 
ttag +65 81/75/66/80/67; 
ttag +66 80/78/68/79/68; 
ttag +67 98/98/95/99/97; 
ttag +68 100/100/94/98/94; 
ttag +69 38/20/16/17/17; 
ttag +70 86/85/78/88/81; 
ttag +71 75/72/50/73/61; 
ttag +72 98/98/88/98/86; 
ttag +73 100/100/98/99/98; 
ttag +74 68/65/53/66/56; 
ttag +75 39/15/26/18/9; 
ttag +76 86/84/70/86/71; 
ttag +77 66/45/41/44/42; 
ttag +78 50/32/28/34/22; 
ttag +79 80/72/69/69/68; 
ttag +80 76/68/58/73/54; 
ttag +81 94/92/84/94/84; 
ttag +82 45/31/26/29/33; 
ttag +83 42/12/13/14/16; 
ttag +84 73/65/55/67/56; 
ttag +85 97/96/94/97/90; 
ttag +86 99/98/98/98/96; 
ttag +87 50/16/16/29/15; 
ttag +88 96/96/94/98/93; 
ttag +89 94/93/87/92/79; 
ttag +90 53/27/28/27/24; 
ttag +91 100/100/99/100/97; 
ttag +92 63/60/55/62/55; 
ttag +93 37/[6]/?/?/?; 
ttag +94 96/95/85/93/78; 
