tread
'Tree with tags' 
(0 (1 ((2 3 )(4 (5 ((6 7 (8 (9 10 )))(11 12 13 (21 ((14 ((15 (16 17 ))(18 (19 20 ))))((22 (23 (24 25 )))(26 27 (28 (29 (30 31 )((32 ((33 34 )(35 (36 (37 38 39 )))))((40 41 (42 43 ))(46 (44 45 47 ))))))))))))))))); 
ttag *!; 
ttag +49 ???; 
ttag +50 7; 
ttag +51 5; 
ttag +52 4; 
ttag +53 2; 
ttag +54 3; 
ttag +55 1; 
ttag +56 9; 
ttag +57 5; 
ttag +58 2; 
ttag +59 3; 
ttag +60 4; 
ttag +61 1; 
ttag +62 11; 
ttag +63 5; 
ttag +64 3; 
ttag +65 4; 
ttag +66 10; 
ttag +67 5; 
ttag +68 4; 
ttag +69 4; 
ttag +70 10; 
ttag +71 5; 
ttag +72 2; 
ttag +73 2; 
ttag +74 1; 
ttag +75 5; 
ttag +76 2; 
ttag +77 4; 
ttag +78 1; 
ttag +79 2; 
ttag +80 8; 
ttag +81 8; 
ttag +82 7; 
ttag +83 2; 
ttag +84 3; 
ttag +85 1; 
ttag +86 2; 
tread
'Tree with tags' 
(0 (1 ((2 3 )(4 (5 ((7 (6 (8 (9 10 ))))(11 ((12 13 )(21 ((14 ((15 (16 17 ))(18 (19 20 ))))((22 (23 (24 25 )))(26 (27 (28 ((29 (30 31 ))((32 ((33 34 )(35 (36 (37 (38 39 ))))))((40 (41 (42 43 )))(46 (47 (44 45 )))))))))))))))))))); 
ttag *!; 
ttag +0 ////; 
ttag +1 ////; 
ttag +2 ////; 
ttag +3 ////; 
ttag +4 ////; 
ttag +5 ////; 
ttag +6 ////; 
ttag +7 ////; 
ttag +8 ////; 
ttag +9 ////; 
ttag +10 ////; 
ttag +11 ////; 
ttag +12 ////; 
ttag +13 ////; 
ttag +14 ////; 
ttag +15 ////; 
ttag +16 ////; 
ttag +17 ////; 
ttag +18 ////; 
ttag +19 ////; 
ttag +20 ////; 
ttag +21 ////; 
ttag +22 ////; 
ttag +23 ////; 
ttag +24 ////; 
ttag +25 ////; 
ttag +26 ////; 
ttag +27 ////; 
ttag +28 ////; 
ttag +29 ////; 
ttag +30 ////; 
ttag +31 ////; 
ttag +32 ////; 
ttag +33 ////; 
ttag +34 ////; 
ttag +35 ////; 
ttag +36 ////; 
ttag +37 ////; 
ttag +38 ////; 
ttag +39 ////; 
ttag +40 ////; 
ttag +41 ////; 
ttag +42 ////; 
ttag +43 ////; 
ttag +44 ////; 
ttag +45 ////; 
ttag +46 ////; 
ttag +47 ////; 
ttag +48 ////; 
ttag +49 100/100/100/100/100; 
ttag +50 99/99/97/99/98; 
ttag +51 89/86/70/88/64; 
ttag +52 88/86/72/84/60; 
ttag +53 64/54/41/54/32; 
ttag +54 27/[16]/?/?/?; 
ttag +55 68/64/58/64/53; 
ttag +56 38/23/10/23/2; 
ttag +57 99/98/98/99/95; 
ttag +58 98/98/96/97/93; 
ttag +59 54/48/33/48/25; 
ttag +60 23/3/6/8/6; 
ttag +61 18/[1]/1/4/3; 
ttag +62 75/66/54/65/58; 
ttag +63 82/79/59/80/49; 
ttag +64 52/34/27/39/26; 
ttag +65 100/100/100/100/99; 
ttag +66 91/88/72/91/69; 
ttag +67 88/84/68/84/71; 
ttag +68 94/93/84/91/80; 
ttag +69 100/100/100/100/100; 
ttag +70 94/92/80/90/78; 
ttag +71 86/84/66/79/57; 
ttag +72 86/81/78/86/68; 
ttag +73 100/100/100/100/99; 
ttag +74 89/84/76/88/76; 
ttag +75 22/[16]/1/?/?; 
ttag +76 82/76/66/81/69; 
ttag +77 46/32/42/29/40; 
ttag +78 82/74/68/71/63; 
ttag +79 60/48/42/53/52; 
ttag +80 96/95/88/94/91; 
ttag +81 63/57/42/54/44; 
ttag +82 83/76/73/79/70; 
ttag +83 36/18/?/22/3; 
ttag +84 67/52/40/48/38; 
ttag +85 100/100/98/100/99; 
ttag +86 99/99/98/99/99; 
ttag +87 19/[2]/?/?/?; 
ttag +88 97/97/93/97/90; 
ttag +89 83/80/71/80/69; 
ttag +90 56/33/37/24/33; 
ttag +91 94/93/92/90/90; 
ttag +92 31/10/8/6/5; 
ttag +93 62/52/32/52/38; 
ttag +94 75/66/49/68/53; 
