tread
'Tree with tags' 
(0 (1 (4 (2 3 )(5 (11 (6 7 ))(12 13 (14 (21 ((15 (16 17 ))(18 (19 20 )))(26 27 28 (22 (23 (24 25 )))(29 (30 31 ))((32 (33 34 ))(35 (36 (37 38 39 ))))((40 (41 (42 43 )))(44 45 (46 47 ))))))))(8 (9 10 ))))); 
ttag *!; 
ttag +49 ???; 
ttag +50 2; 
ttag +51 5; 
ttag +52 1; 
ttag +53 3; 
ttag +54 1; 
ttag +55 8; 
ttag +56 1; 
ttag +57 3; 
ttag +58 3; 
ttag +59 8; 
ttag +60 4; 
ttag +61 1; 
ttag +62 4; 
ttag +63 4; 
ttag +64 10; 
ttag +65 3; 
ttag +66 1; 
ttag +67 6; 
ttag +68 5; 
ttag +69 1; 
ttag +70 7; 
ttag +71 1; 
ttag +72 7; 
ttag +73 9; 
ttag +74 3; 
ttag +75 3; 
ttag +76 6; 
ttag +77 3; 
ttag +78 1; 
ttag +79 2; 
ttag +80 3; 
ttag +81 2; 
ttag +82 1; 
tread
'Tree with tags' 
(0 (1 ((2 3 )((4 (5 ((11 (6 7 ))(12 (13 (14 (((15 (16 17 ))(18 (19 20 )))(21 ((22 (23 (24 25 )))(26 (27 (28 ((29 (30 31 ))(((32 (33 34 ))(35 (36 (37 (38 39 )))))((40 (41 (42 43 )))((44 45 )(46 47 )))))))))))))))))(8 (9 10 )))))); 
ttag *!; 
ttag +0 ////; 
ttag +1 ////; 
ttag +2 ////; 
ttag +3 ////; 
ttag +4 ////; 
ttag +5 ////; 
ttag +6 ////; 
ttag +7 ////; 
ttag +8 ////; 
ttag +9 ////; 
ttag +10 ////; 
ttag +11 ////; 
ttag +12 ////; 
ttag +13 ////; 
ttag +14 ////; 
ttag +15 ////; 
ttag +16 ////; 
ttag +17 ////; 
ttag +18 ////; 
ttag +19 ////; 
ttag +20 ////; 
ttag +21 ////; 
ttag +22 ////; 
ttag +23 ////; 
ttag +24 ////; 
ttag +25 ////; 
ttag +26 ////; 
ttag +27 ////; 
ttag +28 ////; 
ttag +29 ////; 
ttag +30 ////; 
ttag +31 ////; 
ttag +32 ////; 
ttag +33 ////; 
ttag +34 ////; 
ttag +35 ////; 
ttag +36 ////; 
ttag +37 ////; 
ttag +38 ////; 
ttag +39 ////; 
ttag +40 ////; 
ttag +41 ////; 
ttag +42 ////; 
ttag +43 ////; 
ttag +44 ////; 
ttag +45 ////; 
ttag +46 ////; 
ttag +47 ////; 
ttag +48 ////; 
ttag +49 100/100/100/100/100; 
ttag +50 71/61/59/65/59; 
ttag +51 88/82/73/88/82; 
ttag +52 30/[16]/?/?/?; 
ttag +53 39/11/8/8/7; 
ttag +54 39/30/20/27/18; 
ttag +55 74/70/56/69/52; 
ttag +56 33/25/10/22/10; 
ttag +57 15/[5]/?/?/0; 
ttag +58 100/100/100/100/98; 
ttag +59 64/56/52/57/56; 
ttag +60 53/46/24/48/28; 
ttag +61 12/[16]/?/?/?; 
ttag +62 66/63/39/67/37; 
ttag +63 98/98/96/100/96; 
ttag +64 77/74/64/74/62; 
ttag +65 47/34/34/40/29; 
ttag +66 93/92/88/94/89; 
ttag +67 95/94/91/97/89; 
ttag +68 100/100/100/100/100; 
ttag +69 49/24/10/22/8; 
ttag +70 81/79/68/83/72; 
ttag +71 84/83/72/80/71; 
ttag +72 98/97/95/98/96; 
ttag +73 98/98/95/98/95; 
ttag +74 30/15/14/17/11; 
ttag +75 40/24/20/23/18; 
ttag +76 32/13/5/17/12; 
ttag +77 62/47/41/49/36; 
ttag +78 37/18/13/22/17; 
ttag +79 98/98/96/99/97; 
ttag +80 60/39/46/47/38; 
ttag +81 97/96/91/98/91; 
ttag +82 42/21/13/13/11; 
ttag +83 99/99/99/99/98; 
ttag +84 86/82/75/85/82; 
ttag +85 95/94/87/95/88; 
ttag +86 97/96/92/98/92; 
ttag +87 38/[4]/3/4/2; 
ttag +88 82/80/73/84/78; 
ttag +89 59/40/36/38/32; 
ttag +90 66/52/36/46/38; 
ttag +91 90/85/72/86/83; 
ttag +92 7/[28]/?/?/?; 
ttag +93 71/66/60/67/54; 
ttag +94 35/0/?/14/7; 
