tread
'Tree with tags' 
(0 (1 ((2 3 )(4 5 (6 7 )(10 (8 9 ))(11 (12 13 )(14 (15 (16 17 ))(18 (19 20 ))(21 ((22 (23 (24 25 )))(28 (26 27 )(44 45 46 47 (29 (30 31 ))(32 33 34 (35 (36 (37 38 39 ))))(40 41 (42 43 )))))))))))); 
ttag *!; 
ttag +49 ???; 
ttag +50 3; 
ttag +51 4; 
ttag +52 3; 
ttag +53 3; 
ttag +54 2; 
ttag +55 5; 
ttag +56 1; 
ttag +57 1; 
ttag +58 6; 
ttag +59 6; 
ttag +60 1; 
ttag +61 7; 
ttag +62 11; 
ttag +63 2; 
ttag +64 1; 
ttag +65 1; 
ttag +66 4; 
ttag +67 4; 
ttag +68 2; 
ttag +69 2; 
ttag +70 3; 
ttag +71 2; 
ttag +72 2; 
ttag +73 5; 
ttag +74 2; 
ttag +75 3; 
ttag +76 4; 
ttag +77 3; 
ttag +78 9; 
tread
'Tree with tags' 
(0 (1 ((2 3 )((4 ((6 7 )(10 (8 9 ))))(5 (11 ((12 13 )((14 (21 ((22 (23 (24 25 )))((26 27 )(28 ((29 (30 31 ))(45 (((34 (32 (33 (35 (36 (37 (38 39 )))))))(47 ((40 41 )(42 43 ))))(44 46 )))))))))((15 (16 17 ))(18 (19 20 ))))))))))); 
ttag *!; 
ttag +0 ////; 
ttag +1 ////; 
ttag +2 ////; 
ttag +3 ////; 
ttag +4 ////; 
ttag +5 ////; 
ttag +6 ////; 
ttag +7 ////; 
ttag +8 ////; 
ttag +9 ////; 
ttag +10 ////; 
ttag +11 ////; 
ttag +12 ////; 
ttag +13 ////; 
ttag +14 ////; 
ttag +15 ////; 
ttag +16 ////; 
ttag +17 ////; 
ttag +18 ////; 
ttag +19 ////; 
ttag +20 ////; 
ttag +21 ////; 
ttag +22 ////; 
ttag +23 ////; 
ttag +24 ////; 
ttag +25 ////; 
ttag +26 ////; 
ttag +27 ////; 
ttag +28 ////; 
ttag +29 ////; 
ttag +30 ////; 
ttag +31 ////; 
ttag +32 ////; 
ttag +33 ////; 
ttag +34 ////; 
ttag +35 ////; 
ttag +36 ////; 
ttag +37 ////; 
ttag +38 ////; 
ttag +39 ////; 
ttag +40 ////; 
ttag +41 ////; 
ttag +42 ////; 
ttag +43 ////; 
ttag +44 ////; 
ttag +45 ////; 
ttag +46 ////; 
ttag +47 ////; 
ttag +48 ////; 
ttag +49 100/100/100/100/100; 
ttag +50 87/85/66/91/75; 
ttag +51 72/58/33/64/48; 
ttag +52 13/1/?/1/?; 
ttag +53 62/50/37/40/39; 
ttag +54 18/9/1/12/5; 
ttag +55 76/71/61/78/70; 
ttag +56 17/5/11/11/9; 
ttag +57 72/68/52/61/59; 
ttag +58 95/94/90/96/92; 
ttag +59 48/40/25/34/31; 
ttag +60 50/42/42/53/39; 
ttag +61 38/13/19/22/14; 
ttag +62 14/1/?/?/3; 
ttag +63 90/89/83/96/76; 
ttag +64 97/96/89/98/88; 
ttag +65 44/33/15/30/19; 
ttag +66 56/36/14/40/19; 
ttag +67 95/94/90/96/91; 
ttag +68 100/100/100/100/100; 
ttag +69 58/49/40/52/41; 
ttag +70 28/2/8/11/8; 
ttag +71 32/20/18/27/22; 
ttag +72 94/93/92/97/88; 
ttag +73 96/94/88/95/86; 
ttag +74 70/66/62/69/54; 
ttag +75 36/26/24/31/15; 
ttag +76 26/12/4/16/?; 
ttag +77 68/62/56/63/59; 
ttag +78 51/42/32/47/31; 
ttag +79 80/74/72/78/65; 
ttag +80 43/19/7/16/2; 
ttag +81 90/88/81/86/76; 
ttag +82 15/[17]/?/?/?; 
ttag +83 6/[32]/?/?/?; 
ttag +84 52/41/35/39/37; 
ttag +85 13/[10]/?/?/?; 
ttag +86 76/74/60/74/64; 
ttag +87 90/89/82/90/81; 
ttag +88 91/90/80/91/84; 
ttag +89 26/[24]/?/?/?; 
ttag +90 67/54/44/56/48; 
ttag +91 76/71/68/77/68; 
ttag +92 19/[4]/2/0/3; 
ttag +93 100/100/99/100/98; 
ttag +94 6/[33]/?/?/?; 
