tread
'Tree with tags' 
(0 (1 ((2 3 )(4 (5 (6 7 (8 (9 10 )))(11 (12 13 (21 ((((14 18 )(19 20 ))(16 (15 17 )))((22 (23 (24 25 )))(26 (27 (28 ((29 (30 31 ))(32 (33 34 (35 (36 (37 (38 39 ))))))(46 (40 (41 (42 43 )))(47 (44 45 ))))))))))))))))); 
ttag *!; 
ttag +49 ???; 
ttag +50 2; 
ttag +51 5; 
ttag +52 8; 
ttag +53 4; 
ttag +54 4; 
ttag +55 9; 
ttag +56 5; 
ttag +57 2; 
ttag +58 3; 
ttag +59 2; 
ttag +60 3; 
ttag +61 5; 
ttag +62 3; 
ttag +63 1; 
ttag +64 1; 
ttag +65 4; 
ttag +66 14; 
ttag +67 10; 
ttag +68 2; 
ttag +69 3; 
ttag +70 5; 
ttag +71 7; 
ttag +72 1; 
ttag +73 2; 
ttag +74 2; 
ttag +75 2; 
ttag +76 5; 
ttag +77 2; 
ttag +78 1; 
ttag +79 1; 
ttag +80 5; 
ttag +81 6; 
ttag +82 3; 
ttag +83 3; 
ttag +84 2; 
ttag +85 4; 
ttag +86 5; 
ttag +87 2; 
ttag +88 1; 
tread
'Tree with tags' 
(0 (1 ((2 3 )(4 ((5 (7 (6 (8 (9 10 )))))(11 (13 (12 (21 ((((14 18 )(19 20 ))(16 (15 17 )))((22 (23 (24 25 )))(26 (27 (28 ((29 (30 31 ))((32 (33 (34 (35 (36 (37 (38 39 )))))))(46 ((40 (41 (42 43 )))(47 (44 45 )))))))))))))))))))); 
ttag *!; 
ttag +0 ////; 
ttag +1 ////; 
ttag +2 ////; 
ttag +3 ////; 
ttag +4 ////; 
ttag +5 ////; 
ttag +6 ////; 
ttag +7 ////; 
ttag +8 ////; 
ttag +9 ////; 
ttag +10 ////; 
ttag +11 ////; 
ttag +12 ////; 
ttag +13 ////; 
ttag +14 ////; 
ttag +15 ////; 
ttag +16 ////; 
ttag +17 ////; 
ttag +18 ////; 
ttag +19 ////; 
ttag +20 ////; 
ttag +21 ////; 
ttag +22 ////; 
ttag +23 ////; 
ttag +24 ////; 
ttag +25 ////; 
ttag +26 ////; 
ttag +27 ////; 
ttag +28 ////; 
ttag +29 ////; 
ttag +30 ////; 
ttag +31 ////; 
ttag +32 ////; 
ttag +33 ////; 
ttag +34 ////; 
ttag +35 ////; 
ttag +36 ////; 
ttag +37 ////; 
ttag +38 ////; 
ttag +39 ////; 
ttag +40 ////; 
ttag +41 ////; 
ttag +42 ////; 
ttag +43 ////; 
ttag +44 ////; 
ttag +45 ////; 
ttag +46 ////; 
ttag +47 ////; 
ttag +48 ////; 
ttag +49 100/100/100/100/100; 
ttag +50 80/70/56/69/53; 
ttag +51 94/93/86/93/87; 
ttag +52 98/97/94/99/96; 
ttag +53 13/[19]/?/?/?; 
ttag +54 82/77/66/79/74; 
ttag +55 24/[32]/?/?/?; 
ttag +56 93/93/87/90/86; 
ttag +57 99/99/99/100/100; 
ttag +58 100/100/97/99/98; 
ttag +59 57/50/39/50/33; 
ttag +60 25/8/2/12/?; 
ttag +61 62/54/44/58/46; 
ttag +62 46/24/12/31/15; 
ttag +63 48/34/17/34/22; 
ttag +64 80/76/68/76/70; 
ttag +65 50/40/22/43/30; 
ttag +66 50/33/35/39/26; 
ttag +67 46/24/18/32/16; 
ttag +68 96/95/90/96/89; 
ttag +69 100/100/100/100/100; 
ttag +70 99/99/97/98/98; 
ttag +71 66/58/50/56/50; 
ttag +72 82/77/70/84/70; 
ttag +73 96/96/91/96/93; 
ttag +74 90/87/78/90/79; 
ttag +75 53/32/16/32/25; 
ttag +76 52/35/33/49/33; 
ttag +77 66/59/50/63/46; 
ttag +78 63/58/51/58/53; 
ttag +79 99/99/98/99/97; 
ttag +80 83/80/75/82/76; 
ttag +81 39/5/11/2/2; 
ttag +82 60/52/51/54/37; 
ttag +83 44/18/19/20/8; 
ttag +84 55/50/43/53/37; 
ttag +85 94/92/88/91/81; 
ttag +86 99/99/97/98/96; 
ttag +87 91/89/82/92/88; 
ttag +88 93/92/86/92/84; 
ttag +89 27/0/?/?/?; 
ttag +90 56/48/42/53/37; 
ttag +91 94/90/86/91/87; 
ttag +92 97/97/91/98/94; 
ttag +93 79/78/73/82/68; 
ttag +94 60/52/39/57/44; 
