tread
'Tree with tags' 
(0 (1 ((2 3 )(5 (((4 (8 (9 10 )))(6 7 ))(((11 ((22 (23 (24 25 )))((26 27 )(((28 (32 ((33 34 )((35 36 )(37 (38 39 ))))))((40 (41 (42 43 )))(44 46 (45 47 ))))(29 (30 31 ))))))(21 (14 ((15 (16 17 ))(18 (19 20 ))))))(12 13 ))))))); 
ttag *!; 
ttag +49 ???; 
ttag +50 1; 
ttag +51 5; 
ttag +52 1; 
ttag +53 1; 
ttag +54 1; 
ttag +55 8; 
ttag +56 1; 
ttag +57 11; 
ttag +58 2; 
ttag +59 1; 
ttag +60 1; 
ttag +61 3; 
ttag +62 1; 
ttag +63 4; 
ttag +64 2; 
ttag +65 11; 
ttag +66 1; 
ttag +67 2; 
ttag +68 5; 
ttag +69 10; 
ttag +70 5; 
ttag +71 3; 
ttag +72 6; 
ttag +73 7; 
ttag +74 3; 
ttag +75 8; 
ttag +76 1; 
ttag +77 1; 
ttag +78 3; 
ttag +79 5; 
ttag +80 1; 
ttag +81 5; 
ttag +82 4; 
ttag +83 1; 
ttag +84 2; 
ttag +85 1; 
ttag +86 5; 
ttag +87 2; 
ttag +88 6; 
ttag +89 1; 
ttag +90 1; 
ttag +91 6; 
ttag +92 1; 
ttag +93 1; 
tread
'Tree with tags' 
(0 (1 ((2 3 )(5 (((4 (8 (9 10 )))(6 7 ))(((11 ((22 (23 (24 25 )))((26 27 )(((28 (32 ((33 34 )((35 36 )(37 (38 39 ))))))((40 (41 (42 43 )))((44 46 )(45 47 ))))(29 (30 31 ))))))(21 (14 ((15 (16 17 ))(18 (19 20 ))))))(12 13 ))))))); 
ttag *!; 
ttag +0 ////; 
ttag +1 ////; 
ttag +2 ////; 
ttag +3 ////; 
ttag +4 ////; 
ttag +5 ////; 
ttag +6 ////; 
ttag +7 ////; 
ttag +8 ////; 
ttag +9 ////; 
ttag +10 ////; 
ttag +11 ////; 
ttag +12 ////; 
ttag +13 ////; 
ttag +14 ////; 
ttag +15 ////; 
ttag +16 ////; 
ttag +17 ////; 
ttag +18 ////; 
ttag +19 ////; 
ttag +20 ////; 
ttag +21 ////; 
ttag +22 ////; 
ttag +23 ////; 
ttag +24 ////; 
ttag +25 ////; 
ttag +26 ////; 
ttag +27 ////; 
ttag +28 ////; 
ttag +29 ////; 
ttag +30 ////; 
ttag +31 ////; 
ttag +32 ////; 
ttag +33 ////; 
ttag +34 ////; 
ttag +35 ////; 
ttag +36 ////; 
ttag +37 ////; 
ttag +38 ////; 
ttag +39 ////; 
ttag +40 ////; 
ttag +41 ////; 
ttag +42 ////; 
ttag +43 ////; 
ttag +44 ////; 
ttag +45 ////; 
ttag +46 ////; 
ttag +47 ////; 
ttag +48 ////; 
ttag +49 100/100/100/100/100; 
ttag +50 56/27/24/23/33; 
ttag +51 98/98/95/98/92; 
ttag +52 18/[16]/?/?/?; 
ttag +53 1/[34]/?/?/?; 
ttag +54 11/[24]/?/?/?; 
ttag +55 97/96/92/98/96; 
ttag +56 19/7/13/11/9; 
ttag +57 100/100/99/100/99; 
ttag +58 90/87/86/91/82; 
ttag +59 11/[5]/?/?/?; 
ttag +60 19/2/?/?/?; 
ttag +61 30/14/2/8/10; 
ttag +62 15/4/4/4/5; 
ttag +63 39/26/21/41/24; 
ttag +64 30/22/10/29/17; 
ttag +65 100/100/98/100/98; 
ttag +66 30/2/2/8/5; 
ttag +67 78/68/58/66/56; 
ttag +68 91/90/82/94/85; 
ttag +69 100/100/100/100/100; 
ttag +70 94/93/82/96/84; 
ttag +71 34/17/8/14/9; 
ttag +72 91/86/78/93/77; 
ttag +73 100/100/96/99/94; 
ttag +74 83/79/74/78/82; 
ttag +75 90/88/76/91/76; 
ttag +76 8/[38]/?/?/?; 
ttag +77 37/28/24/28/18; 
ttag +78 53/42/28/47/27; 
ttag +79 98/98/88/92/88; 
ttag +80 46/13/14/12/10; 
ttag +81 90/88/76/94/78; 
ttag +82 95/94/88/91/84; 
ttag +83 35/12/?/14/11; 
ttag +84 50/26/18/28/20; 
ttag +85 58/48/47/53/46; 
ttag +86 92/91/86/94/84; 
ttag +87 80/77/70/84/69; 
ttag +88 98/98/96/99/96; 
ttag +89 48/36/22/40/18; 
ttag +90 62/46/49/54/44; 
ttag +91 95/94/94/96/95; 
ttag +92 18/[4]/?/?/7; 
ttag +93 32/14/21/19/13; 
ttag +94 47/28/31/26/26; 
