tread
'Tree with tags' 
(0 (1 ((2 3 )(4 5 ((6 7 )(8 (9 10 ))(11 12 13 14 ((15 16 17 )(18 (19 20 )))(21 ((22 (23 (24 25 )))(26 (27 ((28 (32 (33 34 )(35 (36 (37 (38 39 ))))))(((29 (30 31 ))(40 (41 (42 43 ))))((44 47 )(45 46 )))))))))))))); 
ttag *!; 
ttag +49 ???; 
ttag +50 3; 
ttag +51 2; 
ttag +52 4; 
ttag +53 1; 
ttag +54 1; 
ttag +55 7; 
ttag +56 2; 
ttag +57 2; 
ttag +58 1; 
ttag +59 5; 
ttag +60 5; 
ttag +61 15; 
ttag +62 3; 
ttag +63 3; 
ttag +64 1; 
ttag +65 7; 
ttag +66 8; 
ttag +67 6; 
ttag +68 1; 
ttag +69 1; 
ttag +70 2; 
ttag +71 1; 
ttag +72 1; 
ttag +73 3; 
ttag +74 7; 
ttag +75 6; 
ttag +76 3; 
ttag +77 2; 
ttag +78 2; 
ttag +79 8; 
ttag +80 2; 
ttag +81 4; 
ttag +82 3; 
ttag +83 6; 
ttag +84 1; 
ttag +85 7; 
ttag +86 1; 
tread
'Tree with tags' 
(0 (1 ((2 3 )(5 (4 (((6 7 )(8 (9 10 )))(((14 (11 12 ))((15 (16 17 ))(18 (19 20 ))))(13 (21 ((22 (23 (24 25 )))(26 (27 ((28 (32 ((33 34 )(35 (36 (37 (38 39 )))))))(((29 (30 31 ))(40 (41 (42 43 ))))((44 47 )(45 46 )))))))))))))))); 
ttag *!; 
ttag +0 ////; 
ttag +1 ////; 
ttag +2 ////; 
ttag +3 ////; 
ttag +4 ////; 
ttag +5 ////; 
ttag +6 ////; 
ttag +7 ////; 
ttag +8 ////; 
ttag +9 ////; 
ttag +10 ////; 
ttag +11 ////; 
ttag +12 ////; 
ttag +13 ////; 
ttag +14 ////; 
ttag +15 ////; 
ttag +16 ////; 
ttag +17 ////; 
ttag +18 ////; 
ttag +19 ////; 
ttag +20 ////; 
ttag +21 ////; 
ttag +22 ////; 
ttag +23 ////; 
ttag +24 ////; 
ttag +25 ////; 
ttag +26 ////; 
ttag +27 ////; 
ttag +28 ////; 
ttag +29 ////; 
ttag +30 ////; 
ttag +31 ////; 
ttag +32 ////; 
ttag +33 ////; 
ttag +34 ////; 
ttag +35 ////; 
ttag +36 ////; 
ttag +37 ////; 
ttag +38 ////; 
ttag +39 ////; 
ttag +40 ////; 
ttag +41 ////; 
ttag +42 ////; 
ttag +43 ////; 
ttag +44 ////; 
ttag +45 ////; 
ttag +46 ////; 
ttag +47 ////; 
ttag +48 ////; 
ttag +49 100/100/100/100/100; 
ttag +50 87/81/74/81/76; 
ttag +51 88/84/73/88/79; 
ttag +52 7/[24]/?/?/?; 
ttag +53 85/80/62/78/60; 
ttag +54 64/56/48/54/53; 
ttag +55 12/[11]/?/?/?; 
ttag +56 40/17/6/24/10; 
ttag +57 93/92/86/96/84; 
ttag +58 46/12/12/17/15; 
ttag +59 6/[4]/?/?/?; 
ttag +60 6/[4]/?/?/?; 
ttag +61 4/[6]/?/?/?; 
ttag +62 38/30/14/31/14; 
ttag +63 4/[6]/?/?/?; 
ttag +64 50/22/27/21/20; 
ttag +65 95/95/82/93/78; 
ttag +66 55/22/20/18/24; 
ttag +67 95/93/82/91/76; 
ttag +68 100/100/100/100/100; 
ttag +69 42/32/25/24/30; 
ttag +70 84/80/72/87/73; 
ttag +71 90/88/76/89/77; 
ttag +72 99/99/97/99/97; 
ttag +73 99/99/96/100/95; 
ttag +74 97/97/90/94/86; 
ttag +75 42/15/16/8/?; 
ttag +76 23/4/?/4/?; 
ttag +77 57/47/43/44/25; 
ttag +78 36/25/21/26/24; 
ttag +79 25/11/9/17/19; 
ttag +80 60/52/34/60/28; 
ttag +81 98/98/96/99/96; 
ttag +82 97/97/92/98/93; 
ttag +83 89/88/80/84/78; 
ttag +84 38/14/26/15/18; 
ttag +85 65/51/40/48/36; 
ttag +86 62/46/34/43/32; 
ttag +87 98/98/97/100/97; 
ttag +88 81/75/66/68/54; 
ttag +89 83/80/68/79/64; 
ttag +90 80/68/58/72/60; 
ttag +91 98/97/90/95/93; 
ttag +92 30/5/?/4/6; 
ttag +93 98/97/92/96/94; 
ttag +94 36/14/15/21/8; 
