tread
'Tree with tags' 
(0 (1 ((2 3 )(4 (5 ((6 (7 (8 (9 10 ))))(11 14 21 (12 13 )((15 (16 17 ))(18 (19 20 )))(22 (23 (24 25 ))(28 (26 27 )(29 (30 31 ))(32 (35 ((33 34 )(36 (37 (38 39 ))))))((40 41 (42 43 ))(45 (44 (46 47 ))))))))))))); 
ttag *!; 
ttag +49 ???; 
ttag +50 5; 
ttag +51 3; 
ttag +52 5; 
ttag +53 1; 
ttag +54 2; 
ttag +55 1; 
ttag +56 1; 
ttag +57 12; 
ttag +58 6; 
ttag +59 1; 
ttag +60 1; 
ttag +61 6; 
ttag +62 2; 
ttag +63 2; 
ttag +64 6; 
ttag +65 11; 
ttag +66 3; 
ttag +67 5; 
ttag +68 5; 
ttag +69 1; 
ttag +70 5; 
ttag +71 1; 
ttag +72 4; 
ttag +73 7; 
ttag +74 2; 
ttag +75 2; 
ttag +76 2; 
ttag +77 5; 
ttag +78 3; 
ttag +79 1; 
ttag +80 5; 
ttag +81 1; 
ttag +82 10; 
ttag +83 1; 
ttag +84 3; 
ttag +85 1; 
tread
'Tree with tags' 
(0 (1 ((2 3 )(4 (5 ((6 (7 (8 (9 10 ))))(11 ((12 13 )(21 ((14 (22 ((23 (24 25 ))(((28 (26 27 ))((32 (35 ((33 34 )(36 (37 (38 39 ))))))((41 (40 (42 43 )))(45 (44 (46 47 ))))))(29 (30 31 ))))))((15 (16 17 ))(18 (19 20 ))))))))))))); 
ttag *!; 
ttag +0 ////; 
ttag +1 ////; 
ttag +2 ////; 
ttag +3 ////; 
ttag +4 ////; 
ttag +5 ////; 
ttag +6 ////; 
ttag +7 ////; 
ttag +8 ////; 
ttag +9 ////; 
ttag +10 ////; 
ttag +11 ////; 
ttag +12 ////; 
ttag +13 ////; 
ttag +14 ////; 
ttag +15 ////; 
ttag +16 ////; 
ttag +17 ////; 
ttag +18 ////; 
ttag +19 ////; 
ttag +20 ////; 
ttag +21 ////; 
ttag +22 ////; 
ttag +23 ////; 
ttag +24 ////; 
ttag +25 ////; 
ttag +26 ////; 
ttag +27 ////; 
ttag +28 ////; 
ttag +29 ////; 
ttag +30 ////; 
ttag +31 ////; 
ttag +32 ////; 
ttag +33 ////; 
ttag +34 ////; 
ttag +35 ////; 
ttag +36 ////; 
ttag +37 ////; 
ttag +38 ////; 
ttag +39 ////; 
ttag +40 ////; 
ttag +41 ////; 
ttag +42 ////; 
ttag +43 ////; 
ttag +44 ////; 
ttag +45 ////; 
ttag +46 ////; 
ttag +47 ////; 
ttag +48 ////; 
ttag +49 100/100/100/100/100; 
ttag +50 89/83/86/89/82; 
ttag +51 76/66/50/72/53; 
ttag +52 96/96/84/97/83; 
ttag +53 54/43/35/44/32; 
ttag +54 50/46/29/51/34; 
ttag +55 40/24/13/24/14; 
ttag +56 37/20/6/22/8; 
ttag +57 100/100/98/100/100; 
ttag +58 98/98/91/98/97; 
ttag +59 43/27/18/28/19; 
ttag +60 37/25/9/31/23; 
ttag +61 26/16/13/20/14; 
ttag +62 15/[10]/?/?/?; 
ttag +63 11/[14]/?/?/?; 
ttag +64 14/2/?/8/4; 
ttag +65 99/99/94/98/97; 
ttag +66 29/17/?/18/5; 
ttag +67 87/84/73/86/79; 
ttag +68 96/96/91/96/88; 
ttag +69 100/100/99/100/100; 
ttag +70 48/40/25/46/26; 
ttag +71 95/93/86/96/84; 
ttag +72 17/[38]/?/?/?; 
ttag +73 98/98/93/99/97; 
ttag +74 55/25/23/33/31; 
ttag +75 22/[38]/?/?/?; 
ttag +76 4/[56]/?/?/?; 
ttag +77 85/80/77/85/71; 
ttag +78 75/69/64/72/65; 
ttag +79 91/86/79/84/78; 
ttag +80 97/96/92/99/94; 
ttag +81 20/[2]/?/?/?; 
ttag +82 65/55/46/51/50; 
ttag +83 75/67/56/68/54; 
ttag +84 70/60/48/56/48; 
ttag +85 96/95/94/97/93; 
ttag +86 90/86/81/92/88; 
ttag +87 62/46/38/54/37; 
ttag +88 48/14/10/24/26; 
ttag +89 96/95/90/94/90; 
ttag +90 43/22/24/22/20; 
ttag +91 100/100/100/100/100; 
ttag +92 25/0/?/6/?; 
ttag +93 82/79/73/86/70; 
ttag +94 27/1/?/6/?; 
