tread
'Tree with tags' 
(0 (1 ((2 3 )(4 (5 11 12 13 14 ((6 7 )(8 (9 10 )))(15 16 17 )(18 (19 20 ))(21 ((22 (23 (24 25 )))(26 (27 ((28 ((40 (41 (42 43 )))(44 (47 (45 46 )))))((29 (30 31 ))(32 33 34 (35 (36 (37 38 39 ))))))))))))))); 
ttag *!; 
ttag +49 ???; 
ttag +50 4; 
ttag +51 3; 
ttag +52 4; 
ttag +53 3; 
ttag +54 2; 
ttag +55 1; 
ttag +56 11; 
ttag +57 4; 
ttag +58 5; 
ttag +59 2; 
ttag +60 4; 
ttag +61 2; 
ttag +62 3; 
ttag +63 3; 
ttag +64 9; 
ttag +65 4; 
ttag +66 2; 
ttag +67 1; 
ttag +68 1; 
ttag +69 3; 
ttag +70 3; 
ttag +71 1; 
ttag +72 7; 
ttag +73 4; 
ttag +74 4; 
ttag +75 3; 
ttag +76 4; 
ttag +77 5; 
ttag +78 2; 
ttag +79 6; 
ttag +80 7; 
ttag +81 5; 
ttag +82 1; 
ttag +83 1; 
tread
'Tree with tags' 
(0 (1 ((2 3 )(4 ((5 ((6 7 )(8 (9 10 ))))(12 (13 (11 (14 (((17 (15 16 ))(18 (19 20 )))(21 ((22 (23 (24 25 )))(26 (27 ((28 ((40 (41 (42 43 )))(44 (47 (45 46 )))))((29 (30 31 ))(34 (32 (33 (35 (36 (37 (38 39 ))))))))))))))))))))))); 
ttag *!; 
ttag +0 ////; 
ttag +1 ////; 
ttag +2 ////; 
ttag +3 ////; 
ttag +4 ////; 
ttag +5 ////; 
ttag +6 ////; 
ttag +7 ////; 
ttag +8 ////; 
ttag +9 ////; 
ttag +10 ////; 
ttag +11 ////; 
ttag +12 ////; 
ttag +13 ////; 
ttag +14 ////; 
ttag +15 ////; 
ttag +16 ////; 
ttag +17 ////; 
ttag +18 ////; 
ttag +19 ////; 
ttag +20 ////; 
ttag +21 ////; 
ttag +22 ////; 
ttag +23 ////; 
ttag +24 ////; 
ttag +25 ////; 
ttag +26 ////; 
ttag +27 ////; 
ttag +28 ////; 
ttag +29 ////; 
ttag +30 ////; 
ttag +31 ////; 
ttag +32 ////; 
ttag +33 ////; 
ttag +34 ////; 
ttag +35 ////; 
ttag +36 ////; 
ttag +37 ////; 
ttag +38 ////; 
ttag +39 ////; 
ttag +40 ////; 
ttag +41 ////; 
ttag +42 ////; 
ttag +43 ////; 
ttag +44 ////; 
ttag +45 ////; 
ttag +46 ////; 
ttag +47 ////; 
ttag +48 ////; 
ttag +49 100/100/100/100/100; 
ttag +50 90/88/84/91/79; 
ttag +51 90/87/77/80/82; 
ttag +52 84/82/70/81/69; 
ttag +53 0/[30]/?/?/?; 
ttag +54 71/61/46/60/39; 
ttag +55 66/57/57/66/60; 
ttag +56 54/41/37/56/40; 
ttag +57 100/100/100/100/99; 
ttag +58 93/91/87/92/85; 
ttag +59 22/10/2/11/5; 
ttag +60 22/[11]/?/?/?; 
ttag +61 43/35/20/34/18; 
ttag +62 28/16/10/17/14; 
ttag +63 12/[41]/?/?/?; 
ttag +64 98/98/97/98/98; 
ttag +65 15/0/?/2/?; 
ttag +66 16/1/?/?/?; 
ttag +67 87/85/75/83/74; 
ttag +68 98/98/97/99/96; 
ttag +69 58/50/40/58/40; 
ttag +70 71/55/42/56/45; 
ttag +71 83/77/69/80/74; 
ttag +72 99/98/96/98/94; 
ttag +73 88/84/73/85/78; 
ttag +74 77/74/68/80/71; 
ttag +75 42/22/15/35/13; 
ttag +76 28/[16]/?/?/?; 
ttag +77 54/33/26/50/26; 
ttag +78 79/74/69/78/71; 
ttag +79 24/[20]/?/?/?; 
ttag +80 99/98/94/98/96; 
ttag +81 24/[2]/?/0/2; 
ttag +82 88/86/76/86/76; 
ttag +83 42/14/6/13/17; 
ttag +84 95/94/91/94/84; 
ttag +85 95/94/89/94/87; 
ttag +86 97/96/86/93/86; 
ttag +87 32/[9]/?/?/?; 
ttag +88 94/93/83/92/85; 
ttag +89 60/52/40/57/44; 
ttag +90 97/96/94/98/92; 
ttag +91 99/99/99/100/97; 
ttag +92 84/80/67/82/67; 
ttag +93 50/40/30/35/16; 
ttag +94 28/19/12/20/?; 
