tread
'Tree with tags' 
(0 ((1 (4 (5 6 7 (8 (9 10 ))(11 14 21 (12 13 )((15 (16 17 ))(18 (19 20 )))((22 (23 (24 25 )))(26 (27 (28 ((30 (29 31 ))(44 (32 (33 34 )(35 36 (37 (38 39 ))))(41 (40 (42 43 )))(47 (45 46 ))))))))))))(2 3 ))); 
ttag *!; 
ttag +49 1; 
ttag +50 ???; 
ttag +51 8; 
ttag +52 12; 
ttag +53 2; 
ttag +54 8; 
ttag +55 3; 
ttag +56 3; 
ttag +57 1; 
ttag +58 4; 
ttag +59 3; 
ttag +60 2; 
ttag +61 9; 
ttag +62 9; 
ttag +63 4; 
ttag +64 1; 
ttag +65 6; 
ttag +66 5; 
ttag +67 2; 
ttag +68 2; 
ttag +69 2; 
ttag +70 1; 
ttag +71 7; 
ttag +72 1; 
ttag +73 4; 
ttag +74 1; 
ttag +75 4; 
ttag +76 4; 
ttag +77 12; 
ttag +78 1; 
ttag +79 2; 
ttag +80 2; 
ttag +81 6; 
ttag +82 1; 
ttag +83 1; 
tread
'Tree with tags' 
(0 ((1 (4 (5 ((6 (14 ((11 (21 (((15 (16 17 ))(18 (19 20 )))((22 (23 (24 25 )))(26 (27 (28 ((30 (29 31 ))(((32 ((33 34 )(36 (35 (37 (38 39 ))))))(41 (40 (42 43 ))))(44 (47 (45 46 ))))))))))))(12 13 ))))(7 (8 (9 10 )))))))(2 3 ))); 
ttag *!; 
ttag +0 ////; 
ttag +1 ////; 
ttag +2 ////; 
ttag +3 ////; 
ttag +4 ////; 
ttag +5 ////; 
ttag +6 ////; 
ttag +7 ////; 
ttag +8 ////; 
ttag +9 ////; 
ttag +10 ////; 
ttag +11 ////; 
ttag +12 ////; 
ttag +13 ////; 
ttag +14 ////; 
ttag +15 ////; 
ttag +16 ////; 
ttag +17 ////; 
ttag +18 ////; 
ttag +19 ////; 
ttag +20 ////; 
ttag +21 ////; 
ttag +22 ////; 
ttag +23 ////; 
ttag +24 ////; 
ttag +25 ////; 
ttag +26 ////; 
ttag +27 ////; 
ttag +28 ////; 
ttag +29 ////; 
ttag +30 ////; 
ttag +31 ////; 
ttag +32 ////; 
ttag +33 ////; 
ttag +34 ////; 
ttag +35 ////; 
ttag +36 ////; 
ttag +37 ////; 
ttag +38 ////; 
ttag +39 ////; 
ttag +40 ////; 
ttag +41 ////; 
ttag +42 ////; 
ttag +43 ////; 
ttag +44 ////; 
ttag +45 ////; 
ttag +46 ////; 
ttag +47 ////; 
ttag +48 ////; 
ttag +49 62/44/31/43/32; 
ttag +50 100/100/100/100/100; 
ttag +51 100/100/99/100/98; 
ttag +52 100/100/99/100/100; 
ttag +53 77/74/68/73/58; 
ttag +54 5/[27]/?/?/?; 
ttag +55 36/8/14/26/12; 
ttag +56 29/[4]/?/?/?; 
ttag +57 100/100/99/100/99; 
ttag +58 97/96/93/96/96; 
ttag +59 10/[12]/?/?/?; 
ttag +60 30/7/15/3/12; 
ttag +61 74/68/50/76/59; 
ttag +62 74/67/62/56/52; 
ttag +63 96/95/88/98/90; 
ttag +64 82/79/71/85/68; 
ttag +65 31/3/4/5/7; 
ttag +66 28/15/9/16/14; 
ttag +67 78/74/66/77/57; 
ttag +68 100/100/100/99/100; 
ttag +69 100/100/100/100/100; 
ttag +70 79/74/54/77/56; 
ttag +71 66/62/46/64/50; 
ttag +72 95/94/90/95/88; 
ttag +73 84/78/74/84/80; 
ttag +74 46/31/14/36/13; 
ttag +75 42/28/10/33/10; 
ttag +76 44/36/17/37/15; 
ttag +77 50/14/7/15/?; 
ttag +78 96/96/92/97/94; 
ttag +79 42/35/17/29/16; 
ttag +80 91/88/75/88/71; 
ttag +81 28/[13]/?/?/?; 
ttag +82 48/37/32/38/24; 
ttag +83 88/84/67/83/71; 
ttag +84 55/34/19/42/28; 
ttag +85 34/[6]/?/?/1; 
ttag +86 95/94/92/92/83; 
ttag +87 100/100/99/100/99; 
ttag +88 69/55/58/56/47; 
ttag +89 85/80/68/86/75; 
ttag +90 92/90/77/85/85; 
ttag +91 97/97/92/96/92; 
ttag +92 12/[7]/?/?/?; 
ttag +93 36/19/10/14/13; 
ttag +94 22/5/?/5/?; 
