tread
'Tree with tags' 
(0 (1 ((2 3 )(4 (5 ((7 (6 (8 (9 10 ))))((11 (12 13 ))((14 (21 ((22 (23 (24 25 )))(26 (27 (28 ((29 (40 41 (32 (35 (33 34 )(36 (37 (38 39 )))))(42 43 )(44 45 46 47 )))(30 31 ))))))))((15 (16 17 ))(18 (19 20 ))))))))))); 
ttag *!; 
ttag +49 ???; 
ttag +50 7; 
ttag +51 10; 
ttag +52 6; 
ttag +53 1; 
ttag +54 2; 
ttag +55 5; 
ttag +56 1; 
ttag +57 12; 
ttag +58 4; 
ttag +59 1; 
ttag +60 1; 
ttag +61 1; 
ttag +62 1; 
ttag +63 1; 
ttag +64 4; 
ttag +65 4; 
ttag +66 3; 
ttag +67 3; 
ttag +68 7; 
ttag +69 5; 
ttag +70 7; 
ttag +71 6; 
ttag +72 6; 
ttag +73 5; 
ttag +74 4; 
ttag +75 1; 
ttag +76 4; 
ttag +77 1; 
ttag +78 2; 
ttag +79 6; 
ttag +80 3; 
ttag +81 1; 
ttag +82 4; 
ttag +83 2; 
ttag +84 3; 
ttag +85 7; 
ttag +86 3; 
ttag +87 3; 
ttag +88 4; 
tread
'Tree with tags' 
(0 (1 ((2 3 )(4 (5 ((7 (6 (8 (9 10 ))))((11 (12 13 ))((14 (21 ((22 (23 (24 25 )))(26 (27 (28 ((29 ((32 (35 ((33 34 )(36 (37 (38 39 ))))))((40 (41 (42 43 )))(47 (46 (44 45 ))))))(30 31 ))))))))((15 (16 17 ))(18 (19 20 ))))))))))); 
ttag *!; 
ttag +0 ////; 
ttag +1 ////; 
ttag +2 ////; 
ttag +3 ////; 
ttag +4 ////; 
ttag +5 ////; 
ttag +6 ////; 
ttag +7 ////; 
ttag +8 ////; 
ttag +9 ////; 
ttag +10 ////; 
ttag +11 ////; 
ttag +12 ////; 
ttag +13 ////; 
ttag +14 ////; 
ttag +15 ////; 
ttag +16 ////; 
ttag +17 ////; 
ttag +18 ////; 
ttag +19 ////; 
ttag +20 ////; 
ttag +21 ////; 
ttag +22 ////; 
ttag +23 ////; 
ttag +24 ////; 
ttag +25 ////; 
ttag +26 ////; 
ttag +27 ////; 
ttag +28 ////; 
ttag +29 ////; 
ttag +30 ////; 
ttag +31 ////; 
ttag +32 ////; 
ttag +33 ////; 
ttag +34 ////; 
ttag +35 ////; 
ttag +36 ////; 
ttag +37 ////; 
ttag +38 ////; 
ttag +39 ////; 
ttag +40 ////; 
ttag +41 ////; 
ttag +42 ////; 
ttag +43 ////; 
ttag +44 ////; 
ttag +45 ////; 
ttag +46 ////; 
ttag +47 ////; 
ttag +48 ////; 
ttag +49 100/100/100/100/100; 
ttag +50 100/100/95/98/98; 
ttag +51 100/100/99/100/100; 
ttag +52 74/69/55/72/56; 
ttag +53 18/[4]/?/5/?; 
ttag +54 68/49/34/50/32; 
ttag +55 86/82/71/80/70; 
ttag +56 16/[5]/?/4/2; 
ttag +57 100/100/99/100/98; 
ttag +58 97/96/89/96/91; 
ttag +59 23/14/9/17/6; 
ttag +60 11/[10]/?/?/?; 
ttag +61 15/0/5/7/2; 
ttag +62 30/5/?/4/?; 
ttag +63 34/25/11/17/12; 
ttag +64 91/89/87/91/83; 
ttag +65 84/82/66/85/68; 
ttag +66 80/75/72/75/72; 
ttag +67 85/82/66/88/68; 
ttag +68 100/100/97/99/96; 
ttag +69 86/83/66/82/66; 
ttag +70 100/100/92/97/92; 
ttag +71 88/86/72/86/68; 
ttag +72 94/93/91/96/93; 
ttag +73 99/99/96/98/94; 
ttag +74 82/74/52/71/54; 
ttag +75 51/30/23/37/32; 
ttag +76 80/78/69/84/73; 
ttag +77 41/6/?/8/?; 
ttag +78 68/59/48/60/54; 
ttag +79 98/98/95/98/91; 
ttag +80 85/84/76/82/76; 
ttag +81 45/40/30/40/23; 
ttag +82 96/95/83/94/84; 
ttag +83 22/[13]/?/?/?; 
ttag +84 59/49/34/47/27; 
ttag +85 84/81/67/78/67; 
ttag +86 96/95/85/96/86; 
ttag +87 82/72/58/77/55; 
ttag +88 50/37/39/42/37; 
ttag +89 35/22/18/29/14; 
ttag +90 26/[31]/?/?/?; 
ttag +91 92/89/84/92/84; 
ttag +92 39/15/11/5/2; 
ttag +93 17/[45]/?/?/?; 
ttag +94 94/94/86/93/87; 
