tread
'Tree with tags' 
(0 (1 ((2 3 )(4 5 11 12 13 14 21 (6 7 )(8 9 10 )(15 (16 17 ))(18 (19 20 ))(22 (26 27 28 (((29 (30 31 ))(46 47 (44 45 )))(((32 (35 (36 (37 38 39 ))))(33 34 ))(40 (41 (42 43 )))))))(23 (24 25 )))))); 
ttag *!; 
ttag +49 ???; 
ttag +50 5; 
ttag +51 3; 
ttag +52 8; 
ttag +53 1; 
ttag +54 2; 
ttag +55 8; 
ttag +56 2; 
ttag +57 2; 
ttag +58 12; 
ttag +59 1; 
ttag +60 9; 
ttag +61 11; 
ttag +62 1; 
ttag +63 5; 
ttag +64 2; 
ttag +65 2; 
ttag +66 1; 
ttag +67 1; 
ttag +68 8; 
ttag +69 2; 
ttag +70 7; 
ttag +71 3; 
ttag +72 5; 
ttag +73 6; 
ttag +74 5; 
ttag +75 4; 
ttag +76 6; 
ttag +77 1; 
ttag +78 5; 
tread
'Tree with tags' 
(0 (1 ((2 3 )(4 (5 ((((6 7 )(8 (9 10 )))(23 (24 25 )))(21 (13 ((12 (11 (14 (22 ((26 28 )(27 (((29 (30 31 ))(47 (46 (44 45 ))))(((32 (35 (36 (37 (38 39 )))))(33 34 ))(40 (41 (42 43 )))))))))))((15 (16 17 ))(18 (19 20 )))))))))))); 
ttag *!; 
ttag +0 ////; 
ttag +1 ////; 
ttag +2 ////; 
ttag +3 ////; 
ttag +4 ////; 
ttag +5 ////; 
ttag +6 ////; 
ttag +7 ////; 
ttag +8 ////; 
ttag +9 ////; 
ttag +10 ////; 
ttag +11 ////; 
ttag +12 ////; 
ttag +13 ////; 
ttag +14 ////; 
ttag +15 ////; 
ttag +16 ////; 
ttag +17 ////; 
ttag +18 ////; 
ttag +19 ////; 
ttag +20 ////; 
ttag +21 ////; 
ttag +22 ////; 
ttag +23 ////; 
ttag +24 ////; 
ttag +25 ////; 
ttag +26 ////; 
ttag +27 ////; 
ttag +28 ////; 
ttag +29 ////; 
ttag +30 ////; 
ttag +31 ////; 
ttag +32 ////; 
ttag +33 ////; 
ttag +34 ////; 
ttag +35 ////; 
ttag +36 ////; 
ttag +37 ////; 
ttag +38 ////; 
ttag +39 ////; 
ttag +40 ////; 
ttag +41 ////; 
ttag +42 ////; 
ttag +43 ////; 
ttag +44 ////; 
ttag +45 ////; 
ttag +46 ////; 
ttag +47 ////; 
ttag +48 ////; 
ttag +49 100/100/100/100/100; 
ttag +50 96/95/90/94/92; 
ttag +51 89/86/80/91/82; 
ttag +52 97/96/86/96/92; 
ttag +53 24/[22]/?/?/?; 
ttag +54 62/56/44/57/48; 
ttag +55 30/22/8/19/12; 
ttag +56 20/[14]/?/?/?; 
ttag +57 16/[19]/?/?/?; 
ttag +58 85/83/76/82/74; 
ttag +59 48/13/12/12/17; 
ttag +60 2/[24]/?/?/?; 
ttag +61 1/[25]/?/?/?; 
ttag +62 2/[24]/?/?/?; 
ttag +63 2/[24]/?/?/?; 
ttag +64 22/[4]/?/?/?; 
ttag +65 26/0/5/3/0; 
ttag +66 100/100/98/100/98; 
ttag +67 62/54/39/49/40; 
ttag +68 74/68/59/70/52; 
ttag +69 77/64/50/69/62; 
ttag +70 100/100/100/100/100; 
ttag +71 68/58/47/56/50; 
ttag +72 99/99/93/98/95; 
ttag +73 100/100/100/100/99; 
ttag +74 2/[27]/?/?/?; 
ttag +75 66/61/46/64/45; 
ttag +76 14/[16]/?/?/?; 
ttag +77 98/98/91/98/88; 
ttag +78 55/40/25/44/23; 
ttag +79 48/36/26/39/15; 
ttag +80 62/48/38/50/38; 
ttag +81 59/46/34/38/29; 
ttag +82 97/97/90/98/84; 
ttag +83 41/26/8/28/6; 
ttag +84 96/96/87/97/87; 
ttag +85 79/70/66/70/64; 
ttag +86 84/74/71/78/71; 
ttag +87 95/93/93/93/91; 
ttag +88 18/[3]/?/?/?; 
ttag +89 94/92/86/93/85; 
ttag +90 89/84/84/89/77; 
ttag +91 99/99/96/99/98; 
ttag +92 72/63/56/71/62; 
ttag +93 37/12/5/8/8; 
ttag +94 96/94/84/92/86; 
