tread
'Tree with tags' 
(0 (1 ((2 3 )(13 (12 (4 ((5 ((6 7 )(8 (9 10 ))))(11 (21 ((14 ((15 (16 17 ))(18 (19 20 ))))((22 (23 (24 25 )))((((28 (26 27 ))(32 (35 ((33 34 )(36 (37 (38 39 )))))))(((40 (41 (42 43 )))(46 47 ))(44 45 )))(29 (30 31 )))))))))))))); 
ttag *!; 
ttag +49 ???; 
ttag +50 8; 
ttag +51 8; 
ttag +52 1; 
ttag +53 1; 
ttag +54 2; 
ttag +55 1; 
ttag +56 1; 
ttag +57 1; 
ttag +58 2; 
ttag +59 6; 
ttag +60 1; 
ttag +61 1; 
ttag +62 3; 
ttag +63 1; 
ttag +64 2; 
ttag +65 8; 
ttag +66 2; 
ttag +67 2; 
ttag +68 5; 
ttag +69 7; 
ttag +70 2; 
ttag +71 4; 
ttag +72 3; 
ttag +73 5; 
ttag +74 1; 
ttag +75 1; 
ttag +76 1; 
ttag +77 1; 
ttag +78 3; 
ttag +79 5; 
ttag +80 4; 
ttag +81 2; 
ttag +82 2; 
ttag +83 1; 
ttag +84 1; 
ttag +85 7; 
ttag +86 9; 
ttag +87 4; 
ttag +88 10; 
ttag +89 1; 
ttag +90 2; 
ttag +91 3; 
ttag +92 6; 
ttag +93 1; 
ttag +94 1; 
tread
'Tree with tags' 
(0 (1 ((2 3 )(13 (12 (4 ((5 ((6 7 )(8 (9 10 ))))(11 (21 ((14 ((15 (16 17 ))(18 (19 20 ))))((22 (23 (24 25 )))((((28 (26 27 ))(32 (35 ((33 34 )(36 (37 (38 39 )))))))(((40 (41 (42 43 )))(46 47 ))(44 45 )))(29 (30 31 )))))))))))))); 
ttag *!; 
ttag +0 ////; 
ttag +1 ////; 
ttag +2 ////; 
ttag +3 ////; 
ttag +4 ////; 
ttag +5 ////; 
ttag +6 ////; 
ttag +7 ////; 
ttag +8 ////; 
ttag +9 ////; 
ttag +10 ////; 
ttag +11 ////; 
ttag +12 ////; 
ttag +13 ////; 
ttag +14 ////; 
ttag +15 ////; 
ttag +16 ////; 
ttag +17 ////; 
ttag +18 ////; 
ttag +19 ////; 
ttag +20 ////; 
ttag +21 ////; 
ttag +22 ////; 
ttag +23 ////; 
ttag +24 ////; 
ttag +25 ////; 
ttag +26 ////; 
ttag +27 ////; 
ttag +28 ////; 
ttag +29 ////; 
ttag +30 ////; 
ttag +31 ////; 
ttag +32 ////; 
ttag +33 ////; 
ttag +34 ////; 
ttag +35 ////; 
ttag +36 ////; 
ttag +37 ////; 
ttag +38 ////; 
ttag +39 ////; 
ttag +40 ////; 
ttag +41 ////; 
ttag +42 ////; 
ttag +43 ////; 
ttag +44 ////; 
ttag +45 ////; 
ttag +46 ////; 
ttag +47 ////; 
ttag +48 ////; 
ttag +49 100/100/100/100/100; 
ttag +50 100/100/98/99/97; 
ttag +51 99/99/98/99/96; 
ttag +52 2/[17]/?/?/?; 
ttag +53 11/[8]/?/?/?; 
ttag +54 32/16/13/33/17; 
ttag +55 20/10/9/10/1; 
ttag +56 5/[8]/?/?/?; 
ttag +57 58/53/46/57/45; 
ttag +58 33/29/20/34/16; 
ttag +59 96/95/88/97/91; 
ttag +60 60/39/25/28/36; 
ttag +61 3/[9]/?/?/?; 
ttag +62 54/36/32/39/28; 
ttag +63 16/0/?/?/?; 
ttag +64 38/25/14/32/17; 
ttag +65 99/99/97/98/96; 
ttag +66 68/62/58/62/55; 
ttag +67 56/33/30/32/20; 
ttag +68 92/91/90/94/88; 
ttag +69 98/97/96/99/97; 
ttag +70 71/59/54/61/49; 
ttag +71 62/56/45/66/50; 
ttag +72 85/78/71/84/84; 
ttag +73 98/98/92/96/92; 
ttag +74 62/47/40/45/36; 
ttag +75 21/[16]/?/?/?; 
ttag +76 7/[48]/?/?/?; 
ttag +77 26/[10]/?/?/?; 
ttag +78 57/48/31/50/33; 
ttag +79 88/86/81/87/79; 
ttag +80 78/69/62/72/61; 
ttag +81 62/60/47/59/54; 
ttag +82 65/55/50/63/46; 
ttag +83 39/29/14/23/16; 
ttag +84 49/39/29/40/30; 
ttag +85 100/100/96/99/96; 
ttag +86 100/100/98/100/98; 
ttag +87 95/94/84/92/83; 
ttag +88 98/98/96/99/95; 
ttag +89 13/[31]/?/?/?; 
ttag +90 63/49/24/48/38; 
ttag +91 76/62/44/68/54; 
ttag +92 97/96/90/97/93; 
ttag +93 43/26/13/26/23; 
ttag +94 55/34/22/32/21; 
