tread
'Tree with tags' 
(0 (1 ((2 3 )(4 (7 (6 (5 (11 ((8 (9 10 ))(((12 (18 (19 20 )))(14 (17 (15 16 ))))(13 (21 ((22 (23 (24 25 )))(26 (27 (28 ((29 (30 31 ))(((32 ((33 34 )(35 (36 (38 (37 39 ))))))(40 (41 (42 43 ))))(46 (44 (45 47 ))))))))))))))))))))); 
ttag *!; 
ttag +49 ???; 
ttag +50 3; 
ttag +51 7; 
ttag +52 6; 
ttag +53 1; 
ttag +54 1; 
ttag +55 2; 
ttag +56 10; 
ttag +57 1; 
ttag +58 1; 
ttag +59 1; 
ttag +60 1; 
ttag +61 1; 
ttag +62 3; 
ttag +63 2; 
ttag +64 1; 
ttag +65 1; 
ttag +66 3; 
ttag +67 7; 
ttag +68 9; 
ttag +69 2; 
ttag +70 4; 
ttag +71 2; 
ttag +72 5; 
ttag +73 2; 
ttag +74 3; 
ttag +75 1; 
ttag +76 1; 
ttag +77 4; 
ttag +78 4; 
ttag +79 7; 
ttag +80 3; 
ttag +81 3; 
ttag +82 2; 
ttag +83 4; 
ttag +84 6; 
ttag +85 3; 
ttag +86 6; 
ttag +87 1; 
ttag +88 5; 
ttag +89 7; 
ttag +90 3; 
ttag +91 7; 
ttag +92 2; 
ttag +93 3; 
ttag +94 2; 
tread
'Tree with tags' 
(0 (1 ((2 3 )(4 (7 (6 (5 (11 ((8 (9 10 ))(((12 (18 (19 20 )))(14 (17 (15 16 ))))(13 (21 ((22 (23 (24 25 )))(26 (27 (28 ((29 (30 31 ))(((32 ((33 34 )(35 (36 (38 (37 39 ))))))(40 (41 (42 43 ))))(46 (44 (45 47 ))))))))))))))))))))); 
ttag *!; 
ttag +0 ////; 
ttag +1 ////; 
ttag +2 ////; 
ttag +3 ////; 
ttag +4 ////; 
ttag +5 ////; 
ttag +6 ////; 
ttag +7 ////; 
ttag +8 ////; 
ttag +9 ////; 
ttag +10 ////; 
ttag +11 ////; 
ttag +12 ////; 
ttag +13 ////; 
ttag +14 ////; 
ttag +15 ////; 
ttag +16 ////; 
ttag +17 ////; 
ttag +18 ////; 
ttag +19 ////; 
ttag +20 ////; 
ttag +21 ////; 
ttag +22 ////; 
ttag +23 ////; 
ttag +24 ////; 
ttag +25 ////; 
ttag +26 ////; 
ttag +27 ////; 
ttag +28 ////; 
ttag +29 ////; 
ttag +30 ////; 
ttag +31 ////; 
ttag +32 ////; 
ttag +33 ////; 
ttag +34 ////; 
ttag +35 ////; 
ttag +36 ////; 
ttag +37 ////; 
ttag +38 ////; 
ttag +39 ////; 
ttag +40 ////; 
ttag +41 ////; 
ttag +42 ////; 
ttag +43 ////; 
ttag +44 ////; 
ttag +45 ////; 
ttag +46 ////; 
ttag +47 ////; 
ttag +48 ////; 
ttag +49 100/100/100/100/100; 
ttag +50 85/84/77/82/78; 
ttag +51 96/94/89/94/90; 
ttag +52 85/78/66/91/80; 
ttag +53 6/[12]/?/?/?; 
ttag +54 2/[16]/?/?/?; 
ttag +55 31/18/11/35/20; 
ttag +56 99/98/98/99/98; 
ttag +57 21/8/7/11/10; 
ttag +58 16/[2]/?/4/?; 
ttag +59 48/12/3/4/16; 
ttag +60 16/2/1/?/3; 
ttag +61 8/[5]/?/?/?; 
ttag +62 64/57/31/51/34; 
ttag +63 34/20/9/12/14; 
ttag +64 30/16/7/13/10; 
ttag +65 40/9/2/5/6; 
ttag +66 72/67/48/68/58; 
ttag +67 98/97/96/98/91; 
ttag +68 100/100/100/100/100; 
ttag +69 39/25/24/24/19; 
ttag +70 82/71/67/76/70; 
ttag +71 57/43/39/44/44; 
ttag +72 92/89/78/89/82; 
ttag +73 85/76/64/76/70; 
ttag +74 86/84/74/79/72; 
ttag +75 39/24/11/24/12; 
ttag +76 38/24/13/25/14; 
ttag +77 84/76/62/80/67; 
ttag +78 73/66/53/67/63; 
ttag +79 96/96/92/97/91; 
ttag +80 79/70/55/76/54; 
ttag +81 48/26/20/30/20; 
ttag +82 58/49/46/48/44; 
ttag +83 89/87/72/90/72; 
ttag +84 91/89/83/96/88; 
ttag +85 92/90/84/88/76; 
ttag +86 93/89/85/95/85; 
ttag +87 45/23/16/20/23; 
ttag +88 91/86/75/90/80; 
ttag +89 95/94/93/97/90; 
ttag +90 66/46/38/57/31; 
ttag +91 92/89/88/94/86; 
ttag +92 49/41/34/38/29; 
ttag +93 50/29/24/31/14; 
ttag +94 81/79/66/74/68; 
