tread
'Tree with tags' 
(0 (1 ((2 3 )((11 12 13 14 21 (6 7 (4 5 )(8 (9 10 )))(15 (16 17 ))(18 (19 20 ))((26 27 )(28 ((29 (30 31 ))(32 (33 34 35 (36 (37 (38 39 )))))(((40 41 )(42 43 ))(45 (44 (46 47 ))))))))(22 (23 (24 25 ))))))); 
ttag *!; 
ttag +49 ???; 
ttag +50 3; 
ttag +51 4; 
ttag +52 2; 
ttag +53 3; 
ttag +54 2; 
ttag +55 5; 
ttag +56 10; 
ttag +57 3; 
ttag +58 6; 
ttag +59 2; 
ttag +60 2; 
ttag +61 5; 
ttag +62 3; 
ttag +63 4; 
ttag +64 8; 
ttag +65 3; 
ttag +66 3; 
ttag +67 2; 
ttag +68 3; 
ttag +69 1; 
ttag +70 4; 
ttag +71 8; 
ttag +72 3; 
ttag +73 7; 
ttag +74 11; 
ttag +75 3; 
ttag +76 1; 
ttag +77 4; 
ttag +78 4; 
ttag +79 5; 
ttag +80 3; 
ttag +81 5; 
ttag +82 2; 
tread
'Tree with tags' 
(0 (1 ((2 3 )((13 ((((6 (7 ((4 5 )(8 (9 10 )))))((11 12 )(21 (14 (18 (19 20 ))))))((26 27 )(28 ((29 (30 31 ))((32 ((33 35 )(34 (36 (37 (38 39 ))))))(((40 41 )(42 43 ))(45 (44 (46 47 )))))))))(15 (16 17 ))))(22 (23 (24 25 ))))))); 
ttag *!; 
ttag +0 ////; 
ttag +1 ////; 
ttag +2 ////; 
ttag +3 ////; 
ttag +4 ////; 
ttag +5 ////; 
ttag +6 ////; 
ttag +7 ////; 
ttag +8 ////; 
ttag +9 ////; 
ttag +10 ////; 
ttag +11 ////; 
ttag +12 ////; 
ttag +13 ////; 
ttag +14 ////; 
ttag +15 ////; 
ttag +16 ////; 
ttag +17 ////; 
ttag +18 ////; 
ttag +19 ////; 
ttag +20 ////; 
ttag +21 ////; 
ttag +22 ////; 
ttag +23 ////; 
ttag +24 ////; 
ttag +25 ////; 
ttag +26 ////; 
ttag +27 ////; 
ttag +28 ////; 
ttag +29 ////; 
ttag +30 ////; 
ttag +31 ////; 
ttag +32 ////; 
ttag +33 ////; 
ttag +34 ////; 
ttag +35 ////; 
ttag +36 ////; 
ttag +37 ////; 
ttag +38 ////; 
ttag +39 ////; 
ttag +40 ////; 
ttag +41 ////; 
ttag +42 ////; 
ttag +43 ////; 
ttag +44 ////; 
ttag +45 ////; 
ttag +46 ////; 
ttag +47 ////; 
ttag +48 ////; 
ttag +49 100/100/100/100/100; 
ttag +50 90/87/77/85/75; 
ttag +51 90/85/80/89/87; 
ttag +52 40/30/21/24/20; 
ttag +53 18/5/6/1/7; 
ttag +54 9/[36]/?/?/?; 
ttag +55 47/34/28/36/29; 
ttag +56 20/[6]/?/?/?; 
ttag +57 11/[14]/?/?/?; 
ttag +58 15/[11]/?/?/?; 
ttag +59 32/6/2/6/2; 
ttag +60 92/92/84/94/87; 
ttag +61 100/100/100/100/100; 
ttag +62 88/84/75/86/79; 
ttag +63 21/4/14/5/5; 
ttag +64 17/0/2/?/?; 
ttag +65 33/15/8/6/5; 
ttag +66 26/8/6/?/0; 
ttag +67 99/99/95/98/96; 
ttag +68 61/32/10/26/20; 
ttag +69 79/70/56/64/55; 
ttag +70 98/98/98/100/96; 
ttag +71 84/79/66/80/69; 
ttag +72 99/98/96/98/96; 
ttag +73 99/99/97/100/100; 
ttag +74 80/71/61/75/65; 
ttag +75 78/69/52/75/63; 
ttag +76 60/47/37/52/40; 
ttag +77 76/70/63/65/46; 
ttag +78 38/25/19/31/25; 
ttag +79 85/84/71/84/76; 
ttag +80 99/99/98/99/98; 
ttag +81 45/25/24/19/24; 
ttag +82 28/[14]/?/?/?; 
ttag +83 78/74/57/74/66; 
ttag +84 33/[10]/1/2/?; 
ttag +85 99/99/93/98/94; 
ttag +86 100/100/100/100/99; 
ttag +87 97/97/90/95/92; 
ttag +88 44/26/15/30/14; 
ttag +89 85/76/69/86/76; 
ttag +90 79/65/39/68/54; 
ttag +91 96/96/93/98/93; 
ttag +92 80/76/61/76/70; 
ttag +93 96/95/84/93/90; 
ttag +94 73/69/53/67/62; 
