tread
'Tree with tags' 
(0 (1 ((2 3 )(4 ((5 (11 (((12 13 )(21 (((22 (23 (24 25 )))((29 (30 31 ))((32 ((33 34 )(35 (36 (37 (38 39 ))))))((40 (41 (42 43 )))(45 (44 (46 47 )))))))(26 (27 28 )))))(14 ((17 (15 16 ))(18 (19 20 )))))))((6 7 )(8 (9 10 )))))))); 
ttag *!; 
ttag +49 ???; 
ttag +50 2; 
ttag +51 7; 
ttag +52 5; 
ttag +53 1; 
ttag +54 2; 
ttag +55 2; 
ttag +56 2; 
ttag +57 7; 
ttag +58 4; 
ttag +59 1; 
ttag +60 1; 
ttag +61 1; 
ttag +62 2; 
ttag +63 2; 
ttag +64 1; 
ttag +65 1; 
ttag +66 1; 
ttag +67 3; 
ttag +68 4; 
ttag +69 1; 
ttag +70 8; 
ttag +71 1; 
ttag +72 5; 
ttag +73 8; 
ttag +74 8; 
ttag +75 1; 
ttag +76 1; 
ttag +77 6; 
ttag +78 4; 
ttag +79 4; 
ttag +80 9; 
ttag +81 1; 
ttag +82 6; 
ttag +83 2; 
ttag +84 3; 
ttag +85 3; 
ttag +86 4; 
ttag +87 1; 
ttag +88 8; 
ttag +89 1; 
ttag +90 1; 
ttag +91 10; 
ttag +92 3; 
ttag +93 5; 
ttag +94 1; 
tread
'Tree with tags' 
(0 (1 ((2 3 )(4 ((5 (11 (((12 13 )(21 (((22 (23 (24 25 )))((29 (30 31 ))((32 ((33 34 )(35 (36 (37 (38 39 ))))))((40 (41 (42 43 )))(45 (44 (46 47 )))))))(26 (27 28 )))))(14 ((17 (15 16 ))(18 (19 20 )))))))((6 7 )(8 (9 10 )))))))); 
ttag *!; 
ttag +0 ////; 
ttag +1 ////; 
ttag +2 ////; 
ttag +3 ////; 
ttag +4 ////; 
ttag +5 ////; 
ttag +6 ////; 
ttag +7 ////; 
ttag +8 ////; 
ttag +9 ////; 
ttag +10 ////; 
ttag +11 ////; 
ttag +12 ////; 
ttag +13 ////; 
ttag +14 ////; 
ttag +15 ////; 
ttag +16 ////; 
ttag +17 ////; 
ttag +18 ////; 
ttag +19 ////; 
ttag +20 ////; 
ttag +21 ////; 
ttag +22 ////; 
ttag +23 ////; 
ttag +24 ////; 
ttag +25 ////; 
ttag +26 ////; 
ttag +27 ////; 
ttag +28 ////; 
ttag +29 ////; 
ttag +30 ////; 
ttag +31 ////; 
ttag +32 ////; 
ttag +33 ////; 
ttag +34 ////; 
ttag +35 ////; 
ttag +36 ////; 
ttag +37 ////; 
ttag +38 ////; 
ttag +39 ////; 
ttag +40 ////; 
ttag +41 ////; 
ttag +42 ////; 
ttag +43 ////; 
ttag +44 ////; 
ttag +45 ////; 
ttag +46 ////; 
ttag +47 ////; 
ttag +48 ////; 
ttag +49 100/100/100/100/100; 
ttag +50 92/91/86/86/86; 
ttag +51 98/98/96/98/96; 
ttag +52 95/94/94/97/90; 
ttag +53 25/14/12/22/10; 
ttag +54 46/34/33/48/26; 
ttag +55 65/56/46/58/46; 
ttag +56 61/48/52/64/44; 
ttag +57 99/98/98/100/98; 
ttag +58 97/96/87/98/92; 
ttag +59 30/18/13/29/12; 
ttag +60 51/41/30/38/22; 
ttag +61 10/[10]/?/?/?; 
ttag +62 58/50/42/53/34; 
ttag +63 58/47/30/43/30; 
ttag +64 70/58/56/58/56; 
ttag +65 44/8/14/16/5; 
ttag +66 48/32/28/34/36; 
ttag +67 90/88/83/89/84; 
ttag +68 97/97/93/95/96; 
ttag +69 32/14/16/14/22; 
ttag +70 97/96/92/99/94; 
ttag +71 17/[19]/?/?/?; 
ttag +72 86/85/77/86/74; 
ttag +73 97/95/89/95/91; 
ttag +74 99/99/98/100/98; 
ttag +75 19/[17]/?/?/?; 
ttag +76 12/[24]/?/?/?; 
ttag +77 94/90/86/94/85; 
ttag +78 91/90/81/90/76; 
ttag +79 83/78/75/86/73; 
ttag +80 94/92/88/94/90; 
ttag +81 36/1/?/3/?; 
ttag +82 96/94/90/92/87; 
ttag +83 67/58/55/60/53; 
ttag +84 79/74/71/78/61; 
ttag +85 88/86/74/84/78; 
ttag +86 92/91/83/89/80; 
ttag +87 60/42/34/46/29; 
ttag +88 97/96/90/98/93; 
ttag +89 29/5/1/6/11; 
ttag +90 39/19/18/26/12; 
ttag +91 99/99/100/100/99; 
ttag +92 62/52/35/55/34; 
ttag +93 88/86/75/84/67; 
ttag +94 43/24/6/34/18; 
