tread
'Tree with tags' 
(0 (1 ((2 3 )(5 (4 (((6 7 )(11 (10 (8 9 ))))(12 (13 (14 (((17 (15 16 ))(18 (19 20 )))(21 ((22 (23 (24 25 )))(26 (27 (28 40 44 45 46 47 (29 (30 31 ))(32 ((33 34 )(35 36 (37 38 39 ))))(41 (42 43 ))))))))))))))))); 
ttag *!; 
ttag +49 ???; 
ttag +50 6; 
ttag +51 5; 
ttag +52 1; 
ttag +53 9; 
ttag +54 6; 
ttag +55 1; 
ttag +56 2; 
ttag +57 1; 
ttag +58 6; 
ttag +59 1; 
ttag +60 2; 
ttag +61 1; 
ttag +62 2; 
ttag +63 1; 
ttag +64 3; 
ttag +65 1; 
ttag +66 1; 
ttag +67 2; 
ttag +68 7; 
ttag +69 3; 
ttag +70 6; 
ttag +71 7; 
ttag +72 3; 
ttag +73 9; 
ttag +74 1; 
ttag +75 1; 
ttag +76 4; 
ttag +77 5; 
ttag +78 6; 
ttag +79 7; 
ttag +80 1; 
ttag +81 1; 
ttag +82 2; 
ttag +83 6; 
ttag +84 1; 
ttag +85 7; 
tread
'Tree with tags' 
(0 (1 ((2 3 )(5 (4 (((6 7 )(11 (10 (8 9 ))))(12 (13 (14 (((17 (15 16 ))(18 (19 20 )))(21 ((22 (23 (24 25 )))(26 (27 (((28 (32 ((33 34 )((35 36 )(37 (38 39 ))))))((40 (41 (42 43 )))(46 (47 (44 45 )))))(29 (30 31 ))))))))))))))))); 
ttag *!; 
ttag +0 ////; 
ttag +1 ////; 
ttag +2 ////; 
ttag +3 ////; 
ttag +4 ////; 
ttag +5 ////; 
ttag +6 ////; 
ttag +7 ////; 
ttag +8 ////; 
ttag +9 ////; 
ttag +10 ////; 
ttag +11 ////; 
ttag +12 ////; 
ttag +13 ////; 
ttag +14 ////; 
ttag +15 ////; 
ttag +16 ////; 
ttag +17 ////; 
ttag +18 ////; 
ttag +19 ////; 
ttag +20 ////; 
ttag +21 ////; 
ttag +22 ////; 
ttag +23 ////; 
ttag +24 ////; 
ttag +25 ////; 
ttag +26 ////; 
ttag +27 ////; 
ttag +28 ////; 
ttag +29 ////; 
ttag +30 ////; 
ttag +31 ////; 
ttag +32 ////; 
ttag +33 ////; 
ttag +34 ////; 
ttag +35 ////; 
ttag +36 ////; 
ttag +37 ////; 
ttag +38 ////; 
ttag +39 ////; 
ttag +40 ////; 
ttag +41 ////; 
ttag +42 ////; 
ttag +43 ////; 
ttag +44 ////; 
ttag +45 ////; 
ttag +46 ////; 
ttag +47 ////; 
ttag +48 ////; 
ttag +49 100/100/100/100/100; 
ttag +50 97/96/91/97/91; 
ttag +51 90/84/77/83/78; 
ttag +52 29/4/?/11/?; 
ttag +53 99/98/99/99/97; 
ttag +54 90/88/80/93/84; 
ttag +55 17/5/?/11/1; 
ttag +56 51/46/34/39/30; 
ttag +57 49/21/15/19/12; 
ttag +58 96/95/91/97/94; 
ttag +59 25/14/9/18/7; 
ttag +60 25/19/3/19/10; 
ttag +61 29/15/12/11/13; 
ttag +62 56/50/39/55/42; 
ttag +63 30/[7]/?/?/?; 
ttag +64 84/77/74/85/66; 
ttag +65 48/35/26/40/39; 
ttag +66 20/9/9/11/12; 
ttag +67 70/59/54/65/52; 
ttag +68 100/100/98/99/96; 
ttag +69 58/51/39/60/54; 
ttag +70 95/94/92/96/92; 
ttag +71 97/97/93/98/91; 
ttag +72 81/71/60/77/60; 
ttag +73 100/100/100/100/100; 
ttag +74 73/63/60/67/52; 
ttag +75 59/34/23/44/16; 
ttag +76 8/[19]/?/?/?; 
ttag +77 16/[11]/?/?/?; 
ttag +78 84/81/72/90/75; 
ttag +79 93/91/78/94/81; 
ttag +80 98/97/93/97/96; 
ttag +81 92/92/88/95/89; 
ttag +82 59/38/27/42/33; 
ttag +83 51/45/30/43/37; 
ttag +84 32/[6]/?/?/?; 
ttag +85 86/85/73/79/75; 
ttag +86 99/99/98/98/96; 
ttag +87 20/[1]/?/?/?; 
ttag +88 68/53/52/60/45; 
ttag +89 27/13/9/2/10; 
ttag +90 74/54/55/61/45; 
ttag +91 99/99/98/99/97; 
ttag +92 19/[8]/?/?/?; 
ttag +93 17/4/?/?/1; 
ttag +94 39/17/17/30/17; 
