tread
'Tree with tags' 
(0 (1 ((2 3 )(4 (5 6 7 (8 (9 10 ))(11 (((12 21 )(13 ((22 (23 (24 25 )))(26 (27 (28 ((29 (30 31 ))((32 ((33 34 )(35 (36 (37 (38 39 ))))))(40 41 (42 43 ))(44 45 (46 47 ))))))))))(14 ((15 (16 17 ))(18 (19 20 ))))))))))); 
ttag *!; 
ttag +49 ???; 
ttag +50 4; 
ttag +51 6; 
ttag +52 3; 
ttag +53 2; 
ttag +54 8; 
ttag +55 3; 
ttag +56 2; 
ttag +57 2; 
ttag +58 1; 
ttag +59 1; 
ttag +60 1; 
ttag +61 1; 
ttag +62 4; 
ttag +63 2; 
ttag +64 1; 
ttag +65 6; 
ttag +66 6; 
ttag +67 6; 
ttag +68 1; 
ttag +69 4; 
ttag +70 8; 
ttag +71 2; 
ttag +72 4; 
ttag +73 4; 
ttag +74 2; 
ttag +75 2; 
ttag +76 9; 
ttag +77 2; 
ttag +78 1; 
ttag +79 4; 
ttag +80 1; 
ttag +81 5; 
ttag +82 2; 
ttag +83 6; 
ttag +84 1; 
ttag +85 3; 
ttag +86 8; 
ttag +87 5; 
ttag +88 2; 
tread
'Tree with tags' 
(0 (1 ((2 3 )(4 (6 (7 ((5 (11 (((12 21 )(13 ((22 (23 (24 25 )))(26 (27 (28 ((29 (30 31 ))(((32 ((33 34 )(35 (36 (37 (38 39 ))))))(45 (44 (46 47 ))))(40 (41 (42 43 )))))))))))(14 ((15 (16 17 ))(18 (19 20 )))))))(8 (9 10 ))))))))); 
ttag *!; 
ttag +0 ////; 
ttag +1 ////; 
ttag +2 ////; 
ttag +3 ////; 
ttag +4 ////; 
ttag +5 ////; 
ttag +6 ////; 
ttag +7 ////; 
ttag +8 ////; 
ttag +9 ////; 
ttag +10 ////; 
ttag +11 ////; 
ttag +12 ////; 
ttag +13 ////; 
ttag +14 ////; 
ttag +15 ////; 
ttag +16 ////; 
ttag +17 ////; 
ttag +18 ////; 
ttag +19 ////; 
ttag +20 ////; 
ttag +21 ////; 
ttag +22 ////; 
ttag +23 ////; 
ttag +24 ////; 
ttag +25 ////; 
ttag +26 ////; 
ttag +27 ////; 
ttag +28 ////; 
ttag +29 ////; 
ttag +30 ////; 
ttag +31 ////; 
ttag +32 ////; 
ttag +33 ////; 
ttag +34 ////; 
ttag +35 ////; 
ttag +36 ////; 
ttag +37 ////; 
ttag +38 ////; 
ttag +39 ////; 
ttag +40 ////; 
ttag +41 ////; 
ttag +42 ////; 
ttag +43 ////; 
ttag +44 ////; 
ttag +45 ////; 
ttag +46 ////; 
ttag +47 ////; 
ttag +48 ////; 
ttag +49 100/100/100/100/100; 
ttag +50 99/98/98/97/98; 
ttag +51 96/94/92/97/95; 
ttag +52 61/43/31/53/23; 
ttag +53 16/6/2/0/6; 
ttag +54 5/[14]/?/?/?; 
ttag +55 0/[20]/?/?/?; 
ttag +56 47/40/30/50/30; 
ttag +57 99/99/97/100/98; 
ttag +58 95/94/88/95/94; 
ttag +59 42/37/26/43/21; 
ttag +60 42/33/19/38/26; 
ttag +61 7/[8]/?/?/?; 
ttag +62 16/9/6/12/4; 
ttag +63 24/8/4/19/7; 
ttag +64 27/10/10/17/11; 
ttag +65 92/89/84/89/87; 
ttag +66 62/56/56/66/53; 
ttag +67 46/13/?/11/5; 
ttag +68 93/91/82/94/84; 
ttag +69 100/100/99/99/97; 
ttag +70 79/72/52/84/59; 
ttag +71 21/[1]/?/8/?; 
ttag +72 95/95/89/95/94; 
ttag +73 98/98/95/99/97; 
ttag +74 85/84/76/79/71; 
ttag +75 79/75/63/82/58; 
ttag +76 74/71/57/82/56; 
ttag +77 60/47/49/58/47; 
ttag +78 61/56/39/68/34; 
ttag +79 100/100/100/100/100; 
ttag +80 75/71/54/70/57; 
ttag +81 16/[14]/?/?/?; 
ttag +82 33/20/7/27/8; 
ttag +83 86/82/74/85/78; 
ttag +84 57/47/31/45/33; 
ttag +85 98/98/92/94/91; 
ttag +86 60/47/38/58/38; 
ttag +87 97/96/93/98/94; 
ttag +88 53/47/47/53/48; 
ttag +89 79/74/60/75/65; 
ttag +90 31/[17]/?/?/?; 
ttag +91 98/97/99/99/98; 
ttag +92 26/[8]/?/2/1; 
ttag +93 94/94/91/99/91; 
ttag +94 90/89/76/83/76; 
