tread
'Tree with tags' 
(0 (1 ((2 3 )(4 (5 (6 7 )((10 (8 9 ))(11 (13 (12 (14 (((16 (15 17 ))(18 (19 20 )))(21 ((22 (23 (24 25 )))(26 (27 (28 (((29 (30 31 ))((32 ((35 (33 34 ))(36 (37 (38 39 )))))((44 45 )(46 47 ))))(40 (41 (42 43 )))))))))))))))))))); 
ttag *!; 
ttag +49 ???; 
ttag +50 5; 
ttag +51 4; 
ttag +52 9; 
ttag +53 2; 
ttag +54 3; 
ttag +55 2; 
ttag +56 8; 
ttag +57 2; 
ttag +58 4; 
ttag +59 2; 
ttag +60 1; 
ttag +61 1; 
ttag +62 1; 
ttag +63 7; 
ttag +64 2; 
ttag +65 2; 
ttag +66 7; 
ttag +67 5; 
ttag +68 4; 
ttag +69 4; 
ttag +70 1; 
ttag +71 5; 
ttag +72 3; 
ttag +73 4; 
ttag +74 1; 
ttag +75 10; 
ttag +76 3; 
ttag +77 1; 
ttag +78 2; 
ttag +79 7; 
ttag +80 6; 
ttag +81 1; 
ttag +82 6; 
ttag +83 3; 
ttag +84 4; 
ttag +85 4; 
ttag +86 5; 
ttag +87 1; 
ttag +88 6; 
ttag +89 4; 
ttag +90 8; 
ttag +91 2; 
ttag +92 1; 
ttag +93 1; 
tread
'Tree with tags' 
(0 (1 ((2 3 )(4 (5 ((6 7 )((10 (8 9 ))(11 (13 (12 (14 (((16 (15 17 ))(18 (19 20 )))(21 ((22 (23 (24 25 )))(26 (27 (28 (((29 (30 31 ))((32 ((35 (33 34 ))(36 (37 (38 39 )))))((44 45 )(46 47 ))))(40 (41 (42 43 ))))))))))))))))))))); 
ttag *!; 
ttag +0 ////; 
ttag +1 ////; 
ttag +2 ////; 
ttag +3 ////; 
ttag +4 ////; 
ttag +5 ////; 
ttag +6 ////; 
ttag +7 ////; 
ttag +8 ////; 
ttag +9 ////; 
ttag +10 ////; 
ttag +11 ////; 
ttag +12 ////; 
ttag +13 ////; 
ttag +14 ////; 
ttag +15 ////; 
ttag +16 ////; 
ttag +17 ////; 
ttag +18 ////; 
ttag +19 ////; 
ttag +20 ////; 
ttag +21 ////; 
ttag +22 ////; 
ttag +23 ////; 
ttag +24 ////; 
ttag +25 ////; 
ttag +26 ////; 
ttag +27 ////; 
ttag +28 ////; 
ttag +29 ////; 
ttag +30 ////; 
ttag +31 ////; 
ttag +32 ////; 
ttag +33 ////; 
ttag +34 ////; 
ttag +35 ////; 
ttag +36 ////; 
ttag +37 ////; 
ttag +38 ////; 
ttag +39 ////; 
ttag +40 ////; 
ttag +41 ////; 
ttag +42 ////; 
ttag +43 ////; 
ttag +44 ////; 
ttag +45 ////; 
ttag +46 ////; 
ttag +47 ////; 
ttag +48 ////; 
ttag +49 100/100/100/100/100; 
ttag +50 97/97/91/97/90; 
ttag +51 89/84/72/84/76; 
ttag +52 100/100/98/100/99; 
ttag +53 56/42/28/46/28; 
ttag +54 90/88/85/92/86; 
ttag +55 29/5/9/2/7; 
ttag +56 57/33/30/36/34; 
ttag +57 99/99/95/99/98; 
ttag +58 50/36/21/40/20; 
ttag +59 60/51/30/54/34; 
ttag +60 37/28/12/28/6; 
ttag +61 37/26/17/28/18; 
ttag +62 23/14/4/22/6; 
ttag +63 41/19/8/19/20; 
ttag +64 98/97/98/98/98; 
ttag +65 48/42/34/40/28; 
ttag +66 26/17/3/21/5; 
ttag +67 96/96/92/98/93; 
ttag +68 93/90/88/93/90; 
ttag +69 59/52/32/68/35; 
ttag +70 79/72/60/78/63; 
ttag +71 38/22/10/22/12; 
ttag +72 96/95/89/97/92; 
ttag +73 82/73/63/78/63; 
ttag +74 81/79/69/83/69; 
ttag +75 42/26/28/30/20; 
ttag +76 94/93/89/97/90; 
ttag +77 64/60/56/68/49; 
ttag +78 17/4/?/1/?; 
ttag +79 67/58/50/64/46; 
ttag +80 97/96/91/98/93; 
ttag +81 83/78/68/84/62; 
ttag +82 28/15/6/16/11; 
ttag +83 97/97/90/94/87; 
ttag +84 64/56/45/49/29; 
ttag +85 62/55/51/57/36; 
ttag +86 95/93/90/93/88; 
ttag +87 98/98/93/98/96; 
ttag +88 55/33/26/34/30; 
ttag +89 88/83/80/94/80; 
ttag +90 91/88/83/90/86; 
ttag +91 100/100/99/99/98; 
ttag +92 38/20/18/15/6; 
ttag +93 43/30/20/26/27; 
ttag +94 23/[1]/?/?/?; 
