tread
'Tree with tags' 
(0 (1 ((2 3 )(4 (5 ((11 (7 (6 (8 9 10 ))))((12 13 )(14 18 21 (15 (16 17 ))(19 20 )(26 27 28 44 45 46 47 (22 (23 (24 25 )))(29 (30 31 ))(32 33 34 (35 (36 (37 (38 39 )))))(40 41 (42 43 ))))))))))); 
ttag *!; 
ttag +49 ???; 
ttag +50 4; 
ttag +51 4; 
ttag +52 9; 
ttag +53 1; 
ttag +54 1; 
ttag +55 3; 
ttag +56 1; 
ttag +57 3; 
ttag +58 7; 
ttag +59 2; 
ttag +60 3; 
ttag +61 2; 
ttag +62 4; 
ttag +63 1; 
ttag +64 8; 
ttag +65 3; 
ttag +66 2; 
ttag +67 7; 
ttag +68 7; 
ttag +69 8; 
ttag +70 3; 
ttag +71 5; 
ttag +72 4; 
ttag +73 1; 
ttag +74 7; 
ttag +75 1; 
ttag +76 4; 
ttag +77 5; 
tread
'Tree with tags' 
(0 (1 ((2 3 )(4 (5 ((11 (7 (6 (8 (9 10 )))))((12 13 )((14 (21 ((22 (23 (24 25 )))((26 27 )(28 ((29 (30 31 ))((((32 (35 (36 (37 (38 39 )))))(33 34 ))((40 41 )(42 43 )))((44 45 )(46 47 )))))))))((15 (16 17 ))(18 (19 20 ))))))))))); 
ttag *!; 
ttag +0 ////; 
ttag +1 ////; 
ttag +2 ////; 
ttag +3 ////; 
ttag +4 ////; 
ttag +5 ////; 
ttag +6 ////; 
ttag +7 ////; 
ttag +8 ////; 
ttag +9 ////; 
ttag +10 ////; 
ttag +11 ////; 
ttag +12 ////; 
ttag +13 ////; 
ttag +14 ////; 
ttag +15 ////; 
ttag +16 ////; 
ttag +17 ////; 
ttag +18 ////; 
ttag +19 ////; 
ttag +20 ////; 
ttag +21 ////; 
ttag +22 ////; 
ttag +23 ////; 
ttag +24 ////; 
ttag +25 ////; 
ttag +26 ////; 
ttag +27 ////; 
ttag +28 ////; 
ttag +29 ////; 
ttag +30 ////; 
ttag +31 ////; 
ttag +32 ////; 
ttag +33 ////; 
ttag +34 ////; 
ttag +35 ////; 
ttag +36 ////; 
ttag +37 ////; 
ttag +38 ////; 
ttag +39 ////; 
ttag +40 ////; 
ttag +41 ////; 
ttag +42 ////; 
ttag +43 ////; 
ttag +44 ////; 
ttag +45 ////; 
ttag +46 ////; 
ttag +47 ////; 
ttag +48 ////; 
ttag +49 100/100/100/100/100; 
ttag +50 89/86/74/87/80; 
ttag +51 84/78/72/82/69; 
ttag +52 98/98/97/100/97; 
ttag +53 34/2/?/3/?; 
ttag +54 38/3/?/?/2; 
ttag +55 72/63/58/62/57; 
ttag +56 18/[15]/?/?/?; 
ttag +57 45/25/18/28/25; 
ttag +58 99/99/98/99/99; 
ttag +59 46/23/23/35/27; 
ttag +60 71/68/58/62/56; 
ttag +61 38/27/19/31/16; 
ttag +62 16/2/?/?/?; 
ttag +63 33/21/16/33/16; 
ttag +64 92/89/76/91/78; 
ttag +65 23/9/10/17/7; 
ttag +66 54/30/18/35/22; 
ttag +67 52/24/28/38/30; 
ttag +68 100/100/100/100/100; 
ttag +69 37/22/20/24/19; 
ttag +70 95/94/84/94/86; 
ttag +71 75/72/57/70/56; 
ttag +72 99/99/95/96/93; 
ttag +73 98/97/95/98/98; 
ttag +74 28/21/15/15/20; 
ttag +75 22/[4]/?/?/?; 
ttag +76 19/[8]/?/?/?; 
ttag +77 99/98/96/100/96; 
ttag +78 29/2/8/5/?; 
ttag +79 96/95/89/94/85; 
ttag +80 37/14/10/10/23; 
ttag +81 96/94/96/97/92; 
ttag +82 9/[34]/?/?/?; 
ttag +83 31/4/5/5/?; 
ttag +84 73/59/51/65/52; 
ttag +85 93/92/88/94/85; 
ttag +86 58/41/24/44/33; 
ttag +87 100/100/96/100/99; 
ttag +88 84/83/79/84/81; 
ttag +89 28/[19]/?/?/3; 
ttag +90 86/85/72/87/72; 
ttag +91 98/98/95/98/89; 
ttag +92 37/24/27/29/17; 
ttag +93 34/18/21/22/18; 
ttag +94 17/2/6/1/6; 
