tread
'Tree with tags' 
(0 (1 ((2 3 )(4 5 (6 7 (8 (9 10 ))(11 12 13 14 21 (15 16 17 )(18 (19 20 ))((22 (23 (24 25 )))(26 27 (((28 ((40 41 )(42 43 )))(29 (30 31 )))((32 (33 34 )(35 (36 (37 (38 39 )))))(47 (46 (44 45 ))))))))))))); 
ttag *!; 
ttag +49 ???; 
ttag +50 1; 
ttag +51 5; 
ttag +52 8; 
ttag +53 1; 
ttag +54 11; 
ttag +55 3; 
ttag +56 3; 
ttag +57 6; 
ttag +58 3; 
ttag +59 7; 
ttag +60 4; 
ttag +61 4; 
ttag +62 3; 
ttag +63 6; 
ttag +64 5; 
ttag +65 3; 
ttag +66 1; 
ttag +67 1; 
ttag +68 3; 
ttag +69 4; 
ttag +70 6; 
ttag +71 3; 
ttag +72 4; 
ttag +73 2; 
ttag +74 5; 
ttag +75 8; 
ttag +76 1; 
ttag +77 3; 
ttag +78 4; 
ttag +79 8; 
ttag +80 1; 
ttag +81 2; 
ttag +82 4; 
tread
'Tree with tags' 
(0 (1 ((2 3 )(4 (5 (((6 7 )(8 (9 10 )))(11 (12 ((13 ((22 (23 (24 25 )))((26 27 )(((28 ((40 41 )(42 43 )))(29 (30 31 )))((32 ((33 34 )(35 (36 (37 (38 39 ))))))(47 (46 (44 45 ))))))))((14 (21 (18 (19 20 ))))(16 (15 17 )))))))))))); 
ttag *!; 
ttag +0 ////; 
ttag +1 ////; 
ttag +2 ////; 
ttag +3 ////; 
ttag +4 ////; 
ttag +5 ////; 
ttag +6 ////; 
ttag +7 ////; 
ttag +8 ////; 
ttag +9 ////; 
ttag +10 ////; 
ttag +11 ////; 
ttag +12 ////; 
ttag +13 ////; 
ttag +14 ////; 
ttag +15 ////; 
ttag +16 ////; 
ttag +17 ////; 
ttag +18 ////; 
ttag +19 ////; 
ttag +20 ////; 
ttag +21 ////; 
ttag +22 ////; 
ttag +23 ////; 
ttag +24 ////; 
ttag +25 ////; 
ttag +26 ////; 
ttag +27 ////; 
ttag +28 ////; 
ttag +29 ////; 
ttag +30 ////; 
ttag +31 ////; 
ttag +32 ////; 
ttag +33 ////; 
ttag +34 ////; 
ttag +35 ////; 
ttag +36 ////; 
ttag +37 ////; 
ttag +38 ////; 
ttag +39 ////; 
ttag +40 ////; 
ttag +41 ////; 
ttag +42 ////; 
ttag +43 ////; 
ttag +44 ////; 
ttag +45 ////; 
ttag +46 ////; 
ttag +47 ////; 
ttag +48 ////; 
ttag +49 100/100/100/100/100; 
ttag +50 64/40/28/40/33; 
ttag +51 97/96/94/98/92; 
ttag +52 100/100/94/99/97; 
ttag +53 28/8/4/9/8; 
ttag +54 20/[2]/3/?/?; 
ttag +55 32/21/22/18/21; 
ttag +56 48/40/26/43/28; 
ttag +57 99/99/100/100/99; 
ttag +58 95/94/92/95/88; 
ttag +59 67/64/48/68/49; 
ttag +60 32/24/14/28/19; 
ttag +61 19/[13]/?/?/?; 
ttag +62 10/[2]/?/7/2; 
ttag +63 21/2/?/1/0; 
ttag +64 16/[16]/?/?/?; 
ttag +65 36/13/?/11/10; 
ttag +66 97/96/88/93/90; 
ttag +67 79/72/63/78/65; 
ttag +68 5/[43]/?/?/?; 
ttag +69 100/100/100/100/99; 
ttag +70 92/87/78/90/81; 
ttag +71 90/86/80/85/80; 
ttag +72 71/59/50/60/56; 
ttag +73 99/98/94/99/97; 
ttag +74 60/36/30/36/23; 
ttag +75 94/93/86/96/86; 
ttag +76 54/39/26/52/30; 
ttag +77 29/14/6/24/7; 
ttag +78 39/27/25/32/30; 
ttag +79 80/76/68/78/67; 
ttag +80 92/89/71/86/76; 
ttag +81 97/96/96/97/94; 
ttag +82 62/48/33/59/36; 
ttag +83 92/90/72/92/72; 
ttag +84 46/31/27/32/24; 
ttag +85 78/75/58/79/62; 
ttag +86 96/95/90/95/90; 
ttag +87 100/100/99/100/98; 
ttag +88 59/40/30/42/35; 
ttag +89 77/66/47/72/56; 
ttag +90 81/79/66/82/66; 
ttag +91 98/98/98/99/98; 
ttag +92 49/40/33/39/25; 
ttag +93 53/38/34/53/40; 
ttag +94 70/64/56/70/52; 
