tread
'Tree with tags' 
(0 (1 ((2 3 )(4 5 6 7 (8 (9 10 ))(13 (12 (11 (((14 (18 (19 20 )))(15 (16 17 )))(21 ((22 (23 (24 25 )))(26 (27 (28 ((29 (30 31 ))((32 ((33 34 )(35 (36 (37 (38 39 ))))))(46 ((45 (40 (41 (42 43 ))))(44 47 )))))))))))))))))); 
ttag *!; 
ttag +49 ???; 
ttag +50 3; 
ttag +51 2; 
ttag +52 7; 
ttag +53 7; 
ttag +54 1; 
ttag +55 1; 
ttag +56 1; 
ttag +57 3; 
ttag +58 1; 
ttag +59 1; 
ttag +60 2; 
ttag +61 4; 
ttag +62 1; 
ttag +63 5; 
ttag +64 7; 
ttag +65 1; 
ttag +66 13; 
ttag +67 1; 
ttag +68 2; 
ttag +69 5; 
ttag +70 3; 
ttag +71 3; 
ttag +72 4; 
ttag +73 6; 
ttag +74 1; 
ttag +75 5; 
ttag +76 6; 
ttag +77 1; 
ttag +78 3; 
ttag +79 3; 
ttag +80 1; 
ttag +81 5; 
ttag +82 6; 
ttag +83 1; 
ttag +84 6; 
ttag +85 1; 
ttag +86 1; 
ttag +87 3; 
ttag +88 4; 
ttag +89 4; 
ttag +90 1; 
tread
'Tree with tags' 
(0 (1 ((2 3 )(4 (5 ((7 (6 (8 (9 10 ))))(13 (12 (11 (((14 (18 (19 20 )))(15 (16 17 )))(21 ((22 (23 (24 25 )))(26 (27 (28 ((29 (30 31 ))((32 ((33 34 )(35 (36 (37 (38 39 ))))))(46 ((45 (40 (41 (42 43 ))))(44 47 )))))))))))))))))))); 
ttag *!; 
ttag +0 ////; 
ttag +1 ////; 
ttag +2 ////; 
ttag +3 ////; 
ttag +4 ////; 
ttag +5 ////; 
ttag +6 ////; 
ttag +7 ////; 
ttag +8 ////; 
ttag +9 ////; 
ttag +10 ////; 
ttag +11 ////; 
ttag +12 ////; 
ttag +13 ////; 
ttag +14 ////; 
ttag +15 ////; 
ttag +16 ////; 
ttag +17 ////; 
ttag +18 ////; 
ttag +19 ////; 
ttag +20 ////; 
ttag +21 ////; 
ttag +22 ////; 
ttag +23 ////; 
ttag +24 ////; 
ttag +25 ////; 
ttag +26 ////; 
ttag +27 ////; 
ttag +28 ////; 
ttag +29 ////; 
ttag +30 ////; 
ttag +31 ////; 
ttag +32 ////; 
ttag +33 ////; 
ttag +34 ////; 
ttag +35 ////; 
ttag +36 ////; 
ttag +37 ////; 
ttag +38 ////; 
ttag +39 ////; 
ttag +40 ////; 
ttag +41 ////; 
ttag +42 ////; 
ttag +43 ////; 
ttag +44 ////; 
ttag +45 ////; 
ttag +46 ////; 
ttag +47 ////; 
ttag +48 ////; 
ttag +49 100/100/100/100/100; 
ttag +50 91/90/88/90/86; 
ttag +51 81/74/54/73/57; 
ttag +52 88/86/70/89/77; 
ttag +53 25/[19]/?/?/?; 
ttag +54 23/9/8/13/6; 
ttag +55 38/24/34/28/29; 
ttag +56 14/[8]/?/?/?; 
ttag +57 99/99/99/100/98; 
ttag +58 37/16/17/25/24; 
ttag +59 26/13/10/22/7; 
ttag +60 28/15/12/26/8; 
ttag +61 45/40/26/37/18; 
ttag +62 11/[11]/?/?/?; 
ttag +63 20/1/2/3/3; 
ttag +64 42/29/26/36/24; 
ttag +65 93/92/85/94/88; 
ttag +66 50/31/26/37/29; 
ttag +67 91/89/88/89/86; 
ttag +68 99/99/99/99/99; 
ttag +69 38/18/16/14/15; 
ttag +70 99/99/100/99/98; 
ttag +71 41/20/12/16/16; 
ttag +72 70/57/47/55/54; 
ttag +73 88/83/73/86/82; 
ttag +74 58/43/36/34/17; 
ttag +75 48/30/19/17/12; 
ttag +76 56/38/26/26/18; 
ttag +77 92/90/82/93/85; 
ttag +78 22/[16]/?/?/?; 
ttag +79 97/96/92/93/91; 
ttag +80 92/89/85/92/80; 
ttag +81 10/[28]/?/?/?; 
ttag +82 67/60/54/49/44; 
ttag +83 58/48/43/43/29; 
ttag +84 31/21/17/27/16; 
ttag +85 96/96/88/98/85; 
ttag +86 100/100/99/99/97; 
ttag +87 64/44/32/40/38; 
ttag +88 83/74/60/75/55; 
ttag +89 16/[33]/?/?/?; 
ttag +90 20/[28]/?/?/?; 
ttag +91 68/61/48/62/50; 
ttag +92 67/58/51/62/52; 
ttag +93 92/90/86/94/86; 
ttag +94 45/24/17/26/19; 
