tread
'Tree with tags' 
(0 (1 ((2 3 )((5 6 7 (4 (11 (13 (12 (14 (15 (16 17 ))(18 (19 20 ))(21 ((22 (23 (24 25 )))(26 (27 (28 ((29 (30 31 ))(33 (32 34 )(35 (36 (37 38 39 ))))((40 (41 (42 43 )))(44 45 46 47 ))))))))))))))(8 (9 10 )))))); 
ttag *!; 
ttag +49 ???; 
ttag +50 5; 
ttag +51 2; 
ttag +52 1; 
ttag +53 1; 
ttag +54 6; 
ttag +55 4; 
ttag +56 1; 
ttag +57 1; 
ttag +58 1; 
ttag +59 2; 
ttag +60 1; 
ttag +61 4; 
ttag +62 3; 
ttag +63 5; 
ttag +64 8; 
ttag +65 2; 
ttag +66 2; 
ttag +67 4; 
ttag +68 3; 
ttag +69 7; 
ttag +70 7; 
ttag +71 1; 
ttag +72 4; 
ttag +73 8; 
ttag +74 1; 
ttag +75 2; 
ttag +76 1; 
ttag +77 3; 
ttag +78 4; 
ttag +79 3; 
ttag +80 5; 
ttag +81 3; 
ttag +82 2; 
ttag +83 2; 
ttag +84 7; 
ttag +85 4; 
tread
'Tree with tags' 
(0 (1 ((2 3 )((5 ((4 (11 (13 (12 ((14 ((15 (16 17 ))(18 (19 20 ))))(21 ((22 (23 (24 25 )))(26 (27 (28 ((29 (30 31 ))(((32 34 )(33 (35 (36 (38 (37 39 ))))))((40 (41 (42 43 )))(47 (46 (44 45 ))))))))))))))))(6 7 )))(8 (9 10 )))))); 
ttag *!; 
ttag +0 ////; 
ttag +1 ////; 
ttag +2 ////; 
ttag +3 ////; 
ttag +4 ////; 
ttag +5 ////; 
ttag +6 ////; 
ttag +7 ////; 
ttag +8 ////; 
ttag +9 ////; 
ttag +10 ////; 
ttag +11 ////; 
ttag +12 ////; 
ttag +13 ////; 
ttag +14 ////; 
ttag +15 ////; 
ttag +16 ////; 
ttag +17 ////; 
ttag +18 ////; 
ttag +19 ////; 
ttag +20 ////; 
ttag +21 ////; 
ttag +22 ////; 
ttag +23 ////; 
ttag +24 ////; 
ttag +25 ////; 
ttag +26 ////; 
ttag +27 ////; 
ttag +28 ////; 
ttag +29 ////; 
ttag +30 ////; 
ttag +31 ////; 
ttag +32 ////; 
ttag +33 ////; 
ttag +34 ////; 
ttag +35 ////; 
ttag +36 ////; 
ttag +37 ////; 
ttag +38 ////; 
ttag +39 ////; 
ttag +40 ////; 
ttag +41 ////; 
ttag +42 ////; 
ttag +43 ////; 
ttag +44 ////; 
ttag +45 ////; 
ttag +46 ////; 
ttag +47 ////; 
ttag +48 ////; 
ttag +49 100/100/100/100/100; 
ttag +50 94/94/87/91/83; 
ttag +51 79/72/70/85/69; 
ttag +52 17/[6]/?/?/?; 
ttag +53 2/[21]/?/?/?; 
ttag +54 21/[2]/?/?/?; 
ttag +55 97/96/90/96/91; 
ttag +56 41/19/22/25/20; 
ttag +57 99/99/96/96/96; 
ttag +58 89/85/76/83/90; 
ttag +59 28/4/?/?/?; 
ttag +60 24/[4]/?/?/?; 
ttag +61 54/44/34/38/36; 
ttag +62 18/8/4/4/6; 
ttag +63 38/28/25/33/20; 
ttag +64 94/93/88/92/88; 
ttag +65 27/14/18/18/21; 
ttag +66 82/78/71/81/64; 
ttag +67 93/91/88/94/87; 
ttag +68 99/98/97/99/98; 
ttag +69 78/76/64/74/69; 
ttag +70 85/77/68/71/69; 
ttag +71 86/84/76/86/76; 
ttag +72 68/52/52/67/42; 
ttag +73 98/97/96/98/92; 
ttag +74 98/98/95/97/91; 
ttag +75 53/30/32/44/32; 
ttag +76 82/79/73/84/76; 
ttag +77 99/99/94/98/98; 
ttag +78 62/49/38/41/36; 
ttag +79 72/60/56/72/69; 
ttag +80 44/21/19/32/24; 
ttag +81 86/82/75/80/71; 
ttag +82 50/43/29/34/30; 
ttag +83 30/[8]/?/?/?; 
ttag +84 90/87/81/92/86; 
ttag +85 91/90/83/88/80; 
ttag +86 31/[1]/7/?/?; 
ttag +87 99/99/96/97/98; 
ttag +88 80/75/64/79/74; 
ttag +89 54/43/34/46/40; 
ttag +90 56/37/25/34/30; 
ttag +91 99/99/96/99/96; 
ttag +92 41/29/31/26/26; 
ttag +93 37/3/?/7/?; 
ttag +94 86/84/83/88/77; 
