tread
'Tree with tags' 
(0 (1 ((2 3 )(4 (5 ((6 7 )(8 (9 10 )))(11 ((12 13 )(14 (21 ((22 (23 (24 25 )))(26 (27 (28 ((29 (30 31 ))(((32 (35 (36 (38 (37 39 )))))(33 34 ))(44 45 46 47 (40 (41 (42 43 ))))))))))))((16 (15 17 ))(18 (19 20 )))))))))); 
ttag *!; 
ttag +49 ???; 
ttag +50 7; 
ttag +51 7; 
ttag +52 7; 
ttag +53 4; 
ttag +54 2; 
ttag +55 1; 
ttag +56 5; 
ttag +57 3; 
ttag +58 1; 
ttag +59 4; 
ttag +60 2; 
ttag +61 1; 
ttag +62 1; 
ttag +63 6; 
ttag +64 1; 
ttag +65 4; 
ttag +66 12; 
ttag +67 1; 
ttag +68 5; 
ttag +69 1; 
ttag +70 2; 
ttag +71 2; 
ttag +72 3; 
ttag +73 4; 
ttag +74 4; 
ttag +75 3; 
ttag +76 3; 
ttag +77 6; 
ttag +78 1; 
ttag +79 4; 
ttag +80 3; 
ttag +81 6; 
ttag +82 3; 
ttag +83 1; 
ttag +84 1; 
ttag +85 5; 
ttag +86 8; 
ttag +87 3; 
ttag +88 4; 
ttag +89 6; 
tread
'Tree with tags' 
(0 (1 ((2 3 )(4 (5 (((6 7 )(8 (9 10 )))(11 (((12 13 )(14 (21 ((22 (23 (24 25 )))(26 (27 (28 ((29 (30 31 ))(((32 (35 (36 (38 (37 39 )))))(33 34 ))(46 (45 (44 (47 (40 (41 (42 43 ))))))))))))))))((16 (15 17 ))(18 (19 20 ))))))))))); 
ttag *!; 
ttag +0 ////; 
ttag +1 ////; 
ttag +2 ////; 
ttag +3 ////; 
ttag +4 ////; 
ttag +5 ////; 
ttag +6 ////; 
ttag +7 ////; 
ttag +8 ////; 
ttag +9 ////; 
ttag +10 ////; 
ttag +11 ////; 
ttag +12 ////; 
ttag +13 ////; 
ttag +14 ////; 
ttag +15 ////; 
ttag +16 ////; 
ttag +17 ////; 
ttag +18 ////; 
ttag +19 ////; 
ttag +20 ////; 
ttag +21 ////; 
ttag +22 ////; 
ttag +23 ////; 
ttag +24 ////; 
ttag +25 ////; 
ttag +26 ////; 
ttag +27 ////; 
ttag +28 ////; 
ttag +29 ////; 
ttag +30 ////; 
ttag +31 ////; 
ttag +32 ////; 
ttag +33 ////; 
ttag +34 ////; 
ttag +35 ////; 
ttag +36 ////; 
ttag +37 ////; 
ttag +38 ////; 
ttag +39 ////; 
ttag +40 ////; 
ttag +41 ////; 
ttag +42 ////; 
ttag +43 ////; 
ttag +44 ////; 
ttag +45 ////; 
ttag +46 ////; 
ttag +47 ////; 
ttag +48 ////; 
ttag +49 100/100/100/100/100; 
ttag +50 100/100/100/100/98; 
ttag +51 98/97/97/99/94; 
ttag +52 93/92/86/93/75; 
ttag +53 81/78/62/82/56; 
ttag +54 57/44/17/49/28; 
ttag +55 40/34/23/47/25; 
ttag +56 23/13/6/10/6; 
ttag +57 95/94/88/98/88; 
ttag +58 84/80/79/90/72; 
ttag +59 26/16/2/14/4; 
ttag +60 90/89/84/89/84; 
ttag +61 5/[36]/?/?/?; 
ttag +62 54/43/26/49/36; 
ttag +63 27/12/10/10/1; 
ttag +64 15/[18]/?/?/?; 
ttag +65 95/94/89/96/90; 
ttag +66 29/14/12/4/7; 
ttag +67 95/93/94/96/93; 
ttag +68 100/100/100/100/100; 
ttag +69 23/8/1/1/?; 
ttag +70 95/93/82/91/88; 
ttag +71 37/22/19/26/14; 
ttag +72 78/68/68/67/69; 
ttag +73 79/74/58/66/64; 
ttag +74 82/80/70/78/69; 
ttag +75 95/94/87/94/89; 
ttag +76 91/88/78/92/82; 
ttag +77 74/67/57/72/60; 
ttag +78 92/91/81/92/86; 
ttag +79 95/93/91/94/87; 
ttag +80 35/7/?/10/6; 
ttag +81 92/90/85/94/83; 
ttag +82 74/65/55/71/59; 
ttag +83 95/94/90/95/84; 
ttag +84 79/70/66/73/61; 
ttag +85 49/19/14/33/28; 
ttag +86 66/48/40/39/36; 
ttag +87 96/96/90/95/91; 
ttag +88 98/98/98/99/98; 
ttag +89 39/1/5/?/?; 
ttag +90 15/[22]/?/?/?; 
ttag +91 18/[20]/?/?/?; 
ttag +92 82/76/66/76/65; 
ttag +93 96/96/90/94/95; 
ttag +94 98/98/96/100/95; 
