tread
'Tree with tags' 
(0 (1 (2 3 )(4 5 11 (6 7 (8 (9 10 )))(12 13 (14 ((15 (16 17 ))(18 (19 20 ))))(21 ((22 (23 (24 25 )))(26 (27 (28 ((29 (30 31 ))((32 ((33 34 )(35 (36 (37 38 39 )))))((40 (41 (42 43 )))(45 (44 (46 47 ))))))))))))))); 
ttag *!; 
ttag +49 ???; 
ttag +50 5; 
ttag +51 3; 
ttag +52 4; 
ttag +53 12; 
ttag +54 2; 
ttag +55 3; 
ttag +56 2; 
ttag +57 9; 
ttag +58 2; 
ttag +59 2; 
ttag +60 2; 
ttag +61 6; 
ttag +62 1; 
ttag +63 3; 
ttag +64 2; 
ttag +65 7; 
ttag +66 8; 
ttag +67 5; 
ttag +68 1; 
ttag +69 1; 
ttag +70 8; 
ttag +71 4; 
ttag +72 1; 
ttag +73 7; 
ttag +74 3; 
ttag +75 2; 
ttag +76 2; 
ttag +77 1; 
ttag +78 3; 
ttag +79 7; 
ttag +80 5; 
ttag +81 3; 
ttag +82 2; 
ttag +83 6; 
ttag +84 2; 
ttag +85 2; 
ttag +86 1; 
tread
'Tree with tags' 
(0 (1 ((2 3 )(4 ((5 (11 (6 (7 (8 (9 10 ))))))(13 (12 ((14 ((15 (16 17 ))(18 (19 20 ))))(21 ((22 (23 (24 25 )))(26 (27 (28 ((29 (30 31 ))((32 ((33 34 )(35 (36 (37 (38 39 ))))))((40 (41 (42 43 )))(45 (44 (46 47 ))))))))))))))))))); 
ttag *!; 
ttag +0 ////; 
ttag +1 ////; 
ttag +2 ////; 
ttag +3 ////; 
ttag +4 ////; 
ttag +5 ////; 
ttag +6 ////; 
ttag +7 ////; 
ttag +8 ////; 
ttag +9 ////; 
ttag +10 ////; 
ttag +11 ////; 
ttag +12 ////; 
ttag +13 ////; 
ttag +14 ////; 
ttag +15 ////; 
ttag +16 ////; 
ttag +17 ////; 
ttag +18 ////; 
ttag +19 ////; 
ttag +20 ////; 
ttag +21 ////; 
ttag +22 ////; 
ttag +23 ////; 
ttag +24 ////; 
ttag +25 ////; 
ttag +26 ////; 
ttag +27 ////; 
ttag +28 ////; 
ttag +29 ////; 
ttag +30 ////; 
ttag +31 ////; 
ttag +32 ////; 
ttag +33 ////; 
ttag +34 ////; 
ttag +35 ////; 
ttag +36 ////; 
ttag +37 ////; 
ttag +38 ////; 
ttag +39 ////; 
ttag +40 ////; 
ttag +41 ////; 
ttag +42 ////; 
ttag +43 ////; 
ttag +44 ////; 
ttag +45 ////; 
ttag +46 ////; 
ttag +47 ////; 
ttag +48 ////; 
ttag +49 100/100/100/100/100; 
ttag +50 98/97/95/96/92; 
ttag +51 40/20/18/24/12; 
ttag +52 64/59/49/54/48; 
ttag +53 15/[4]/?/?/?; 
ttag +54 33/14/?/6/?; 
ttag +55 88/86/82/89/73; 
ttag +56 49/30/3/20/12; 
ttag +57 11/[39]/?/?/?; 
ttag +58 100/100/100/100/100; 
ttag +59 84/80/58/72/60; 
ttag +60 10/[1]/?/?/?; 
ttag +61 55/45/31/44/37; 
ttag +62 39/20/18/25/24; 
ttag +63 26/16/2/8/6; 
ttag +64 98/98/98/99/98; 
ttag +65 49/30/36/44/42; 
ttag +66 82/74/64/69/50; 
ttag +67 77/68/67/73/59; 
ttag +68 100/100/100/99/99; 
ttag +69 30/11/15/20/12; 
ttag +70 82/75/67/82/63; 
ttag +71 54/43/35/40/34; 
ttag +72 92/89/76/94/78; 
ttag +73 100/100/99/99/97; 
ttag +74 85/83/75/83/82; 
ttag +75 30/8/2/11/6; 
ttag +76 37/21/7/29/19; 
ttag +77 97/94/86/94/94; 
ttag +78 66/58/46/60/51; 
ttag +79 40/20/15/14/8; 
ttag +80 97/97/94/96/89; 
ttag +81 62/45/32/53/37; 
ttag +82 76/68/49/62/45; 
ttag +83 55/34/29/44/32; 
ttag +84 60/57/48/56/44; 
ttag +85 79/70/54/77/55; 
ttag +86 99/99/95/99/98; 
ttag +87 32/[9]/?/?/?; 
ttag +88 81/76/67/82/71; 
ttag +89 71/64/51/64/61; 
ttag +90 49/30/33/38/24; 
ttag +91 97/97/96/99/95; 
ttag +92 32/14/?/12/?; 
ttag +93 60/47/38/41/27; 
ttag +94 24/4/?/5/?; 
