tread
'Tree with tags' 
(0 (1 (2 3 )(4 ((5 (6 7 )(8 9 10 ))(11 ((12 13 )(14 ((15 (16 17 ))(18 (19 20 ))))(21 (26 27 28 (22 (23 (24 25 )))(29 (30 31 ))((32 ((33 34 )(35 (36 (39 (37 38 ))))))((40 (41 (42 43 )))(44 45 46 47 ))))))))))); 
ttag *!; 
ttag +49 ???; 
ttag +50 4; 
ttag +51 4; 
ttag +52 1; 
ttag +53 1; 
ttag +54 2; 
ttag +55 7; 
ttag +56 1; 
ttag +57 1; 
ttag +58 2; 
ttag +59 1; 
ttag +60 8; 
ttag +61 2; 
ttag +62 5; 
ttag +63 4; 
ttag +64 3; 
ttag +65 1; 
ttag +66 2; 
ttag +67 3; 
ttag +68 2; 
ttag +69 5; 
ttag +70 2; 
ttag +71 3; 
ttag +72 4; 
ttag +73 2; 
ttag +74 5; 
ttag +75 3; 
ttag +76 1; 
ttag +77 5; 
ttag +78 1; 
ttag +79 7; 
ttag +80 2; 
ttag +81 4; 
ttag +82 3; 
ttag +83 6; 
ttag +84 3; 
tread
'Tree with tags' 
(0 (1 ((2 3 )(4 ((5 ((6 7 )(9 (8 10 ))))(11 ((12 13 )((14 ((15 (16 17 ))(18 (19 20 ))))(21 ((22 (23 (24 25 )))(26 (27 (28 ((29 (30 31 ))((32 ((33 34 )(35 (36 (39 (37 38 ))))))((40 (41 (42 43 )))((44 45 )(46 47 )))))))))))))))))); 
ttag *!; 
ttag +0 ////; 
ttag +1 ////; 
ttag +2 ////; 
ttag +3 ////; 
ttag +4 ////; 
ttag +5 ////; 
ttag +6 ////; 
ttag +7 ////; 
ttag +8 ////; 
ttag +9 ////; 
ttag +10 ////; 
ttag +11 ////; 
ttag +12 ////; 
ttag +13 ////; 
ttag +14 ////; 
ttag +15 ////; 
ttag +16 ////; 
ttag +17 ////; 
ttag +18 ////; 
ttag +19 ////; 
ttag +20 ////; 
ttag +21 ////; 
ttag +22 ////; 
ttag +23 ////; 
ttag +24 ////; 
ttag +25 ////; 
ttag +26 ////; 
ttag +27 ////; 
ttag +28 ////; 
ttag +29 ////; 
ttag +30 ////; 
ttag +31 ////; 
ttag +32 ////; 
ttag +33 ////; 
ttag +34 ////; 
ttag +35 ////; 
ttag +36 ////; 
ttag +37 ////; 
ttag +38 ////; 
ttag +39 ////; 
ttag +40 ////; 
ttag +41 ////; 
ttag +42 ////; 
ttag +43 ////; 
ttag +44 ////; 
ttag +45 ////; 
ttag +46 ////; 
ttag +47 ////; 
ttag +48 ////; 
ttag +49 100/100/100/100/100; 
ttag +50 95/94/86/94/91; 
ttag +51 54/21/18/8/27; 
ttag +52 91/89/86/88/88; 
ttag +53 21/7/2/12/0; 
ttag +54 61/47/42/46/28; 
ttag +55 74/70/61/73/60; 
ttag +56 28/0/6/?/5; 
ttag +57 16/[25]/?/?/?; 
ttag +58 98/97/91/98/94; 
ttag +59 54/40/35/38/38; 
ttag +60 40/33/34/40/34; 
ttag +61 71/66/60/72/65; 
ttag +62 44/34/30/39/27; 
ttag +63 30/20/9/22/16; 
ttag +64 100/100/99/99/98; 
ttag +65 70/66/56/67/52; 
ttag +66 95/94/91/94/88; 
ttag +67 94/92/90/92/91; 
ttag +68 91/90/87/89/88; 
ttag +69 50/40/29/43/34; 
ttag +70 89/86/80/83/76; 
ttag +71 83/79/71/72/72; 
ttag +72 78/69/65/69/60; 
ttag +73 97/96/92/96/92; 
ttag +74 51/17/27/31/33; 
ttag +75 66/51/46/49/33; 
ttag +76 59/50/53/49/46; 
ttag +77 76/70/66/65/62; 
ttag +78 44/18/31/12/10; 
ttag +79 91/88/85/91/86; 
ttag +80 98/96/91/96/93; 
ttag +81 84/78/68/86/70; 
ttag +82 95/94/89/95/89; 
ttag +83 92/89/79/90/80; 
ttag +84 69/59/49/64/54; 
ttag +85 97/95/90/97/94; 
ttag +86 53/45/35/44/33; 
ttag +87 98/96/91/97/96; 
ttag +88 84/78/54/77/65; 
ttag +89 92/89/86/88/82; 
ttag +90 86/82/67/83/64; 
ttag +91 99/98/95/99/95; 
ttag +92 6/[34]/?/?/?; 
ttag +93 89/88/78/85/83; 
ttag +94 54/47/31/36/28; 
