tread
'Tree with tags' 
(0 (1 ((2 3 )(4 (5 11 ((6 7 )(8 (9 10 )))((12 13 )(14 (15 (16 17 ))(18 (19 20 ))(21 ((22 (23 (24 25 )))(26 (27 (28 (29 (30 31 ))((32 ((33 34 )(35 (36 (38 (37 39 ))))))(46 (44 45 47 (40 (41 (42 43 )))))))))))))))))); 
ttag *!; 
ttag +49 ???; 
ttag +50 4; 
ttag +51 1; 
ttag +52 10; 
ttag +53 1; 
ttag +54 1; 
ttag +55 2; 
ttag +56 5; 
ttag +57 2; 
ttag +58 2; 
ttag +59 2; 
ttag +60 2; 
ttag +61 6; 
ttag +62 1; 
ttag +63 2; 
ttag +64 9; 
ttag +65 2; 
ttag +66 6; 
ttag +67 3; 
ttag +68 10; 
ttag +69 5; 
ttag +70 4; 
ttag +71 3; 
ttag +72 3; 
ttag +73 10; 
ttag +74 5; 
ttag +75 6; 
ttag +76 2; 
ttag +77 3; 
ttag +78 4; 
ttag +79 2; 
ttag +80 2; 
ttag +81 2; 
ttag +82 2; 
ttag +83 7; 
ttag +84 1; 
ttag +85 3; 
ttag +86 2; 
ttag +87 10; 
tread
'Tree with tags' 
(0 (1 ((2 3 )(4 (5 ((11 ((6 7 )(8 (9 10 ))))((12 13 )(((14 (15 (16 17 )))(18 (19 20 )))(21 ((22 (23 (24 25 )))(26 (27 (28 ((29 (30 31 ))((32 ((33 34 )(35 (36 (38 (37 39 ))))))(46 (47 ((40 (41 (42 43 )))(44 45 ))))))))))))))))))); 
ttag *!; 
ttag +0 ////; 
ttag +1 ////; 
ttag +2 ////; 
ttag +3 ////; 
ttag +4 ////; 
ttag +5 ////; 
ttag +6 ////; 
ttag +7 ////; 
ttag +8 ////; 
ttag +9 ////; 
ttag +10 ////; 
ttag +11 ////; 
ttag +12 ////; 
ttag +13 ////; 
ttag +14 ////; 
ttag +15 ////; 
ttag +16 ////; 
ttag +17 ////; 
ttag +18 ////; 
ttag +19 ////; 
ttag +20 ////; 
ttag +21 ////; 
ttag +22 ////; 
ttag +23 ////; 
ttag +24 ////; 
ttag +25 ////; 
ttag +26 ////; 
ttag +27 ////; 
ttag +28 ////; 
ttag +29 ////; 
ttag +30 ////; 
ttag +31 ////; 
ttag +32 ////; 
ttag +33 ////; 
ttag +34 ////; 
ttag +35 ////; 
ttag +36 ////; 
ttag +37 ////; 
ttag +38 ////; 
ttag +39 ////; 
ttag +40 ////; 
ttag +41 ////; 
ttag +42 ////; 
ttag +43 ////; 
ttag +44 ////; 
ttag +45 ////; 
ttag +46 ////; 
ttag +47 ////; 
ttag +48 ////; 
ttag +49 100/100/100/100/100; 
ttag +50 94/93/85/92/94; 
ttag +51 72/55/69/48/62; 
ttag +52 99/98/98/99/98; 
ttag +53 52/43/33/40/25; 
ttag +54 54/44/36/47/47; 
ttag +55 76/72/59/73/58; 
ttag +56 23/4/7/9/5; 
ttag +57 24/6/5/11/13; 
ttag +58 91/87/80/88/81; 
ttag +59 82/74/70/72/70; 
ttag +60 55/44/34/47/40; 
ttag +61 57/47/34/51/34; 
ttag +62 18/[41]/?/?/?; 
ttag +63 42/18/7/19/9; 
ttag +64 71/66/47/67/56; 
ttag +65 97/96/95/97/93; 
ttag +66 67/51/34/51/40; 
ttag +67 89/85/70/81/74; 
ttag +68 100/100/100/100/100; 
ttag +69 70/64/45/66/48; 
ttag +70 90/86/79/94/80; 
ttag +71 75/70/50/71/57; 
ttag +72 100/100/99/100/99; 
ttag +73 93/89/86/90/84; 
ttag +74 73/66/46/70/45; 
ttag +75 71/65/46/71/48; 
ttag +76 75/69/50/71/48; 
ttag +77 100/100/98/100/98; 
ttag +78 26/[12]/?/?/?; 
ttag +79 98/98/92/97/91; 
ttag +80 94/93/83/90/91; 
ttag +81 70/62/55/60/56; 
ttag +82 78/74/66/75/68; 
ttag +83 82/77/63/78/62; 
ttag +84 58/48/43/56/41; 
ttag +85 88/84/84/83/79; 
ttag +86 70/60/56/68/53; 
ttag +87 89/88/80/82/84; 
ttag +88 92/91/78/89/83; 
ttag +89 16/[18]/?/?/?; 
ttag +90 45/19/5/24/11; 
ttag +91 75/68/60/73/55; 
ttag +92 66/55/36/62/40; 
ttag +93 100/100/99/100/100; 
ttag +94 17/[17]/?/?/?; 
