tread
'Tree with tags' 
(0 (1 ((2 3 )(4 ((11 (5 ((12 13 )((21 (14 (18 (19 20 ))))((15 (16 17 ))((22 (23 (24 25 )))(26 (27 (28 ((46 (29 (30 31 )))((32 (35 (36 (39 (37 38 )))))(33 34 )(40 (41 (42 43 ))))(47 (44 45 ))))))))))))(6 (7 (8 (9 10 ))))))))); 
ttag *!; 
ttag +49 ???; 
ttag +50 3; 
ttag +51 6; 
ttag +52 6; 
ttag +53 2; 
ttag +54 2; 
ttag +55 5; 
ttag +56 2; 
ttag +57 2; 
ttag +58 7; 
ttag +59 2; 
ttag +60 2; 
ttag +61 3; 
ttag +62 1; 
ttag +63 1; 
ttag +64 4; 
ttag +65 5; 
ttag +66 1; 
ttag +67 3; 
ttag +68 3; 
ttag +69 7; 
ttag +70 6; 
ttag +71 4; 
ttag +72 8; 
ttag +73 6; 
ttag +74 3; 
ttag +75 3; 
ttag +76 6; 
ttag +77 3; 
ttag +78 1; 
ttag +79 1; 
ttag +80 8; 
ttag +81 3; 
ttag +82 1; 
ttag +83 2; 
ttag +84 3; 
ttag +85 2; 
ttag +86 1; 
ttag +87 11; 
ttag +88 9; 
ttag +89 2; 
ttag +90 4; 
ttag +91 1; 
ttag +92 1; 
tread
'Tree with tags' 
(0 (1 ((2 3 )(4 ((11 (5 ((12 13 )((21 (14 (18 (19 20 ))))((15 (16 17 ))((22 (23 (24 25 )))(26 (27 (28 ((46 (29 (30 31 )))(((32 (35 (36 (39 (37 38 )))))((33 34 )(40 (41 (42 43 )))))(47 (44 45 )))))))))))))(6 (7 (8 (9 10 ))))))))); 
ttag *!; 
ttag +0 ////; 
ttag +1 ////; 
ttag +2 ////; 
ttag +3 ////; 
ttag +4 ////; 
ttag +5 ////; 
ttag +6 ////; 
ttag +7 ////; 
ttag +8 ////; 
ttag +9 ////; 
ttag +10 ////; 
ttag +11 ////; 
ttag +12 ////; 
ttag +13 ////; 
ttag +14 ////; 
ttag +15 ////; 
ttag +16 ////; 
ttag +17 ////; 
ttag +18 ////; 
ttag +19 ////; 
ttag +20 ////; 
ttag +21 ////; 
ttag +22 ////; 
ttag +23 ////; 
ttag +24 ////; 
ttag +25 ////; 
ttag +26 ////; 
ttag +27 ////; 
ttag +28 ////; 
ttag +29 ////; 
ttag +30 ////; 
ttag +31 ////; 
ttag +32 ////; 
ttag +33 ////; 
ttag +34 ////; 
ttag +35 ////; 
ttag +36 ////; 
ttag +37 ////; 
ttag +38 ////; 
ttag +39 ////; 
ttag +40 ////; 
ttag +41 ////; 
ttag +42 ////; 
ttag +43 ////; 
ttag +44 ////; 
ttag +45 ////; 
ttag +46 ////; 
ttag +47 ////; 
ttag +48 ////; 
ttag +49 100/100/100/100/100; 
ttag +50 87/82/66/78/69; 
ttag +51 90/87/80/88/81; 
ttag +52 98/98/90/98/93; 
ttag +53 33/9/2/18/1; 
ttag +54 35/10/4/20/1; 
ttag +55 75/62/58/69/52; 
ttag +56 64/59/46/56/43; 
ttag +57 58/55/39/50/40; 
ttag +58 99/99/98/99/98; 
ttag +59 84/82/80/83/75; 
ttag +60 75/63/60/63/59; 
ttag +61 79/76/58/76/63; 
ttag +62 24/[2]/?/0/8; 
ttag +63 19/[8]/?/?/?; 
ttag +64 88/85/76/91/78; 
ttag +65 94/92/88/95/88; 
ttag +66 21/[4]/?/2/?; 
ttag +67 84/80/72/80/74; 
ttag +68 89/85/82/87/86; 
ttag +69 100/100/98/99/99; 
ttag +70 96/95/93/98/89; 
ttag +71 84/82/74/86/74; 
ttag +72 100/100/99/100/100; 
ttag +73 100/100/99/99/100; 
ttag +74 83/79/74/81/73; 
ttag +75 81/77/62/72/66; 
ttag +76 95/95/87/92/84; 
ttag +77 78/75/66/75/64; 
ttag +78 35/0/1/?/?; 
ttag +79 44/23/23/27/30; 
ttag +80 100/100/97/100/99; 
ttag +81 43/33/22/37/26; 
ttag +82 50/41/33/45/37; 
ttag +83 11/[22]/?/?/?; 
ttag +84 86/83/76/78/77; 
ttag +85 26/[7]/?/?/?; 
ttag +86 51/37/18/41/22; 
ttag +87 44/15/?/22/?; 
ttag +88 51/42/32/40/29; 
ttag +89 100/100/99/100/98; 
ttag +90 97/96/92/97/94; 
ttag +91 81/76/73/82/78; 
ttag +92 99/98/94/98/97; 
ttag +93 70/66/62/58/58; 
ttag +94 45/34/23/29/14; 
