tread
'Tree with tags' 
(0 (1 ((2 3 )(4 (5 (6 7 ))(11 12 13 14 (21 (8 (9 10 ))((22 (27 (26 ((28 ((30 (29 31 ))(((35 (36 (32 (33 34 ))))(37 (38 39 )))(47 (44 45 46 )))))(41 (40 (42 43 )))))))(23 (24 25 ))))(15 (16 17 ))(18 (19 20 ))))))); 
ttag *!; 
ttag +49 ???; 
ttag +50 2; 
ttag +51 4; 
ttag +52 8; 
ttag +53 1; 
ttag +54 2; 
ttag +55 10; 
ttag +56 1; 
ttag +57 2; 
ttag +58 1; 
ttag +59 9; 
ttag +60 2; 
ttag +61 2; 
ttag +62 9; 
ttag +63 1; 
ttag +64 1; 
ttag +65 10; 
ttag +66 1; 
ttag +67 1; 
ttag +68 11; 
ttag +69 2; 
ttag +70 3; 
ttag +71 2; 
ttag +72 4; 
ttag +73 2; 
ttag +74 1; 
ttag +75 1; 
ttag +76 1; 
ttag +77 6; 
ttag +78 2; 
ttag +79 4; 
ttag +80 2; 
ttag +81 2; 
ttag +82 2; 
ttag +83 5; 
ttag +84 7; 
ttag +85 2; 
ttag +86 4; 
tread
'Tree with tags' 
(0 (1 ((2 3 )(4 ((5 (6 7 ))(11 ((((14 (21 ((8 (9 10 ))((22 (27 (26 ((28 ((30 (29 31 ))(((35 (36 (32 (33 34 ))))(37 (38 39 )))(47 (44 (45 46 ))))))(41 (40 (42 43 )))))))(23 (24 25 ))))))(18 (19 20 )))(12 13 ))(15 (16 17 ))))))))); 
ttag *!; 
ttag +0 ////; 
ttag +1 ////; 
ttag +2 ////; 
ttag +3 ////; 
ttag +4 ////; 
ttag +5 ////; 
ttag +6 ////; 
ttag +7 ////; 
ttag +8 ////; 
ttag +9 ////; 
ttag +10 ////; 
ttag +11 ////; 
ttag +12 ////; 
ttag +13 ////; 
ttag +14 ////; 
ttag +15 ////; 
ttag +16 ////; 
ttag +17 ////; 
ttag +18 ////; 
ttag +19 ////; 
ttag +20 ////; 
ttag +21 ////; 
ttag +22 ////; 
ttag +23 ////; 
ttag +24 ////; 
ttag +25 ////; 
ttag +26 ////; 
ttag +27 ////; 
ttag +28 ////; 
ttag +29 ////; 
ttag +30 ////; 
ttag +31 ////; 
ttag +32 ////; 
ttag +33 ////; 
ttag +34 ////; 
ttag +35 ////; 
ttag +36 ////; 
ttag +37 ////; 
ttag +38 ////; 
ttag +39 ////; 
ttag +40 ////; 
ttag +41 ////; 
ttag +42 ////; 
ttag +43 ////; 
ttag +44 ////; 
ttag +45 ////; 
ttag +46 ////; 
ttag +47 ////; 
ttag +48 ////; 
ttag +49 100/100/100/100/100; 
ttag +50 79/70/65/81/64; 
ttag +51 92/88/85/92/76; 
ttag +52 99/98/94/99/94; 
ttag +53 28/7/?/7/?; 
ttag +54 59/50/46/56/44; 
ttag +55 43/37/28/36/28; 
ttag +56 100/100/99/100/99; 
ttag +57 17/7/3/7/4; 
ttag +58 17/6/4/8/4; 
ttag +59 5/[5]/?/?/?; 
ttag +60 14/[2]/?/8/?; 
ttag +61 4/[21]/?/?/?; 
ttag +62 23/13/5/16/11; 
ttag +63 34/28/18/33/18; 
ttag +64 84/79/76/87/74; 
ttag +65 16/[10]/?/?/?; 
ttag +66 100/100/98/100/100; 
ttag +67 56/38/34/46/36; 
ttag +68 84/74/79/84/69; 
ttag +69 100/100/99/100/100; 
ttag +70 34/[1]/?/?/?; 
ttag +71 54/42/29/48/29; 
ttag +72 100/100/100/100/98; 
ttag +73 67/53/53/60/55; 
ttag +74 20/[10]/?/?/?; 
ttag +75 99/98/94/98/98; 
ttag +76 16/[46]/?/?/?; 
ttag +77 71/61/46/52/47; 
ttag +78 48/18/12/24/20; 
ttag +79 91/89/83/94/83; 
ttag +80 13/[48]/?/?/?; 
ttag +81 34/8/0/?/9; 
ttag +82 12/[10]/?/?/?; 
ttag +83 50/37/27/36/39; 
ttag +84 90/89/81/88/82; 
ttag +85 28/[10]/?/?/?; 
ttag +86 92/91/86/87/77; 
ttag +87 78/68/67/69/62; 
ttag +88 59/50/50/42/44; 
ttag +89 27/[12]/?/?/?; 
ttag +90 96/95/87/96/90; 
ttag +91 93/91/84/93/83; 
ttag +92 69/62/45/63/50; 
ttag +93 68/57/50/53/46; 
ttag +94 36/18/8/10/7; 
