tread
'Tree with tags' 
(0 (1 ((2 3 )(4 (5 11 (6 (7 (8 9 10 )))(14 (12 13 )(15 (16 17 ))(18 (19 20 ))(21 26 27 28 (22 (23 (24 25 )))(29 (30 31 ))(32 ((33 34 )(35 (36 (37 (38 39 ))))))((40 (41 (42 43 )))((44 46 )(45 47 )))))))))); 
ttag *!; 
ttag +49 ???; 
ttag +50 4; 
ttag +51 2; 
ttag +52 6; 
ttag +53 3; 
ttag +54 5; 
ttag +55 1; 
ttag +56 9; 
ttag +57 1; 
ttag +58 3; 
ttag +59 7; 
ttag +60 1; 
ttag +61 8; 
ttag +62 11; 
ttag +63 3; 
ttag +64 1; 
ttag +65 4; 
ttag +66 12; 
ttag +67 1; 
ttag +68 2; 
ttag +69 7; 
ttag +70 6; 
ttag +71 2; 
ttag +72 1; 
ttag +73 4; 
ttag +74 4; 
ttag +75 2; 
ttag +76 2; 
ttag +77 2; 
ttag +78 2; 
ttag +79 3; 
ttag +80 1; 
ttag +81 3; 
ttag +82 1; 
tread
'Tree with tags' 
(0 (1 ((2 3 )(4 ((5 ((((12 13 )(18 (19 20 )))((21 (26 27 ))((22 (23 (24 25 )))(((28 ((40 (41 (42 43 )))((44 46 )(45 47 ))))(29 (30 31 )))(32 ((33 34 )(35 (36 (37 (38 39 ))))))))))(14 (15 (16 17 )))))(11 (6 (7 (8 (9 10 )))))))))); 
ttag *!; 
ttag +0 ////; 
ttag +1 ////; 
ttag +2 ////; 
ttag +3 ////; 
ttag +4 ////; 
ttag +5 ////; 
ttag +6 ////; 
ttag +7 ////; 
ttag +8 ////; 
ttag +9 ////; 
ttag +10 ////; 
ttag +11 ////; 
ttag +12 ////; 
ttag +13 ////; 
ttag +14 ////; 
ttag +15 ////; 
ttag +16 ////; 
ttag +17 ////; 
ttag +18 ////; 
ttag +19 ////; 
ttag +20 ////; 
ttag +21 ////; 
ttag +22 ////; 
ttag +23 ////; 
ttag +24 ////; 
ttag +25 ////; 
ttag +26 ////; 
ttag +27 ////; 
ttag +28 ////; 
ttag +29 ////; 
ttag +30 ////; 
ttag +31 ////; 
ttag +32 ////; 
ttag +33 ////; 
ttag +34 ////; 
ttag +35 ////; 
ttag +36 ////; 
ttag +37 ////; 
ttag +38 ////; 
ttag +39 ////; 
ttag +40 ////; 
ttag +41 ////; 
ttag +42 ////; 
ttag +43 ////; 
ttag +44 ////; 
ttag +45 ////; 
ttag +46 ////; 
ttag +47 ////; 
ttag +48 ////; 
ttag +49 100/100/100/100/100; 
ttag +50 97/95/96/96/92; 
ttag +51 90/87/79/86/80; 
ttag +52 96/94/89/98/92; 
ttag +53 40/32/22/28/15; 
ttag +54 74/66/62/70/53; 
ttag +55 88/86/78/90/82; 
ttag +56 62/56/45/53/44; 
ttag +57 69/54/34/65/51; 
ttag +58 100/100/97/99/98; 
ttag +59 18/18/23/10/20; 
ttag +60 83/78/80/80/76; 
ttag +61 2/[34]/?/?/?; 
ttag +62 17/[13]/?/?/?; 
ttag +63 78/77/64/74/53; 
ttag +64 23/14/12/16/10; 
ttag +65 98/96/91/96/88; 
ttag +66 71/63/57/60/51; 
ttag +67 99/99/98/99/95; 
ttag +68 100/100/100/100/100; 
ttag +69 8/[33]/?/?/?; 
ttag +70 63/60/47/66/44; 
ttag +71 49/42/40/48/39; 
ttag +72 10/[6]/?/?/?; 
ttag +73 86/77/71/80/72; 
ttag +74 100/100/100/100/100; 
ttag +75 30/24/15/12/20; 
ttag +76 33/0/?/?/?; 
ttag +77 53/39/38/30/24; 
ttag +78 30/11/5/18/9; 
ttag +79 61/47/40/62/48; 
ttag +80 84/74/72/78/80; 
ttag +81 99/99/95/98/98; 
ttag +82 98/98/95/98/96; 
ttag +83 78/70/59/76/67; 
ttag +84 81/74/62/70/54; 
ttag +85 83/81/63/83/70; 
ttag +86 94/93/84/92/85; 
ttag +87 82/79/58/78/58; 
ttag +88 78/74/63/75/59; 
ttag +89 78/75/63/88/67; 
ttag +90 72/63/53/68/51; 
ttag +91 90/85/80/84/82; 
ttag +92 68/64/51/60/51; 
ttag +93 80/78/62/75/62; 
ttag +94 47/43/32/43/33; 
