tread
'Tree with tags' 
(0 (1 ((2 3 )(4 (5 (7 (6 (8 (9 10 )))(11 (12 13 ((14 (18 ((15 (16 17 ))(19 20 ))))(21 ((22 (23 (24 25 )))(26 27 (28 ((29 (30 31 ))(((32 ((33 34 )(35 (36 (37 38 39 )))))(46 (47 (44 45 ))))(40 (41 (42 43 )))))))))))))))))); 
ttag *!; 
ttag +49 ???; 
ttag +50 5; 
ttag +51 4; 
ttag +52 4; 
ttag +53 1; 
ttag +54 3; 
ttag +55 1; 
ttag +56 9; 
ttag +57 1; 
ttag +58 4; 
ttag +59 3; 
ttag +60 2; 
ttag +61 2; 
ttag +62 4; 
ttag +63 1; 
ttag +64 2; 
ttag +65 2; 
ttag +66 9; 
ttag +67 1; 
ttag +68 10; 
ttag +69 1; 
ttag +70 5; 
ttag +71 9; 
ttag +72 8; 
ttag +73 1; 
ttag +74 5; 
ttag +75 1; 
ttag +76 6; 
ttag +77 6; 
ttag +78 1; 
ttag +79 1; 
ttag +80 8; 
ttag +81 2; 
ttag +82 1; 
ttag +83 4; 
ttag +84 6; 
ttag +85 8; 
ttag +86 1; 
ttag +87 4; 
ttag +88 2; 
ttag +89 2; 
ttag +90 2; 
tread
'Tree with tags' 
(0 (1 ((2 3 )(4 (5 ((6 (8 (9 10 )))(7 (11 ((12 13 )((14 (18 ((15 (16 17 ))(19 20 ))))(21 ((22 (23 (24 25 )))(27 (26 (28 ((29 (30 31 ))(((32 ((33 34 )(35 (36 (37 (38 39 ))))))(46 (47 (44 45 ))))(40 (41 (42 43 )))))))))))))))))))); 
ttag *!; 
ttag +0 ////; 
ttag +1 ////; 
ttag +2 ////; 
ttag +3 ////; 
ttag +4 ////; 
ttag +5 ////; 
ttag +6 ////; 
ttag +7 ////; 
ttag +8 ////; 
ttag +9 ////; 
ttag +10 ////; 
ttag +11 ////; 
ttag +12 ////; 
ttag +13 ////; 
ttag +14 ////; 
ttag +15 ////; 
ttag +16 ////; 
ttag +17 ////; 
ttag +18 ////; 
ttag +19 ////; 
ttag +20 ////; 
ttag +21 ////; 
ttag +22 ////; 
ttag +23 ////; 
ttag +24 ////; 
ttag +25 ////; 
ttag +26 ////; 
ttag +27 ////; 
ttag +28 ////; 
ttag +29 ////; 
ttag +30 ////; 
ttag +31 ////; 
ttag +32 ////; 
ttag +33 ////; 
ttag +34 ////; 
ttag +35 ////; 
ttag +36 ////; 
ttag +37 ////; 
ttag +38 ////; 
ttag +39 ////; 
ttag +40 ////; 
ttag +41 ////; 
ttag +42 ////; 
ttag +43 ////; 
ttag +44 ////; 
ttag +45 ////; 
ttag +46 ////; 
ttag +47 ////; 
ttag +48 ////; 
ttag +49 100/100/100/100/100; 
ttag +50 95/94/93/98/91; 
ttag +51 89/85/76/81/73; 
ttag +52 79/70/68/72/59; 
ttag +53 32/6/?/3/5; 
ttag +54 59/51/42/52/35; 
ttag +55 27/15/16/17/12; 
ttag +56 24/8/3/7/6; 
ttag +57 99/99/97/98/96; 
ttag +58 63/52/44/55/44; 
ttag +59 88/87/74/86/74; 
ttag +60 24/[7]/?/?/?; 
ttag +61 85/80/73/82/72; 
ttag +62 48/26/22/24/34; 
ttag +63 60/52/46/54/35; 
ttag +64 92/90/86/94/79; 
ttag +65 38/23/22/29/20; 
ttag +66 48/36/26/36/28; 
ttag +67 72/64/50/64/44; 
ttag +68 100/100/100/100/100; 
ttag +69 27/4/?/2/?; 
ttag +70 100/100/98/100/98; 
ttag +71 46/24/11/23/22; 
ttag +72 96/95/91/93/84; 
ttag +73 100/100/100/100/100; 
ttag +74 4/[22]/?/?/?; 
ttag +75 99/99/96/99/94; 
ttag +76 24/13/10/16/14; 
ttag +77 83/80/68/85/66; 
ttag +78 22/0/?/8/0; 
ttag +79 99/99/97/100/98; 
ttag +80 86/85/78/88/68; 
ttag +81 47/19/8/31/12; 
ttag +82 50/45/46/49/45; 
ttag +83 98/98/98/99/97; 
ttag +84 67/61/50/62/49; 
ttag +85 68/62/46/62/46; 
ttag +86 86/82/73/79/76; 
ttag +87 95/94/90/98/96; 
ttag +88 29/[1]/4/?/?; 
ttag +89 99/99/96/98/95; 
ttag +90 52/32/16/32/19; 
ttag +91 96/94/91/90/92; 
ttag +92 79/73/63/73/58; 
ttag +93 53/35/35/45/32; 
ttag +94 77/71/68/76/69; 
