tread
'Tree with tags' 
(0 (1 (3 (2 (4 5 6 7 11 12 13 14 21 22 (8 (9 10 ))(15 16 17 )(18 (19 20 ))(23 (24 25 ))(26 (27 (28 (29 (30 31 ))(32 35 (33 34 )(36 (37 (38 39 ))))(40 (41 (42 43 )))(44 45 46 47 ))))))))); 
ttag *!; 
ttag +49 ???; 
ttag +50 1; 
ttag +51 7; 
ttag +52 6; 
ttag +53 9; 
ttag +54 3; 
ttag +55 8; 
ttag +56 1; 
ttag +57 5; 
ttag +58 6; 
ttag +59 7; 
ttag +60 2; 
ttag +61 2; 
ttag +62 2; 
ttag +63 8; 
ttag +64 3; 
ttag +65 7; 
ttag +66 2; 
ttag +67 1; 
ttag +68 4; 
ttag +69 3; 
ttag +70 1; 
ttag +71 2; 
ttag +72 8; 
ttag +73 5; 
tread
'Tree with tags' 
(0 (1 (3 (2 (4 ((11 (5 (6 (7 (8 (9 10 ))))))(13 (12 ((21 (14 ((22 ((16 (15 17 ))(23 (24 25 ))))(26 (27 (28 ((((29 (30 31 ))((44 45 )(46 47 )))(40 (41 (42 43 ))))((32 (33 34 ))(35 (36 (37 (38 39 ))))))))))))(18 (19 20 ))))))))))); 
ttag *!; 
ttag +0 ////; 
ttag +1 ////; 
ttag +2 ////; 
ttag +3 ////; 
ttag +4 ////; 
ttag +5 ////; 
ttag +6 ////; 
ttag +7 ////; 
ttag +8 ////; 
ttag +9 ////; 
ttag +10 ////; 
ttag +11 ////; 
ttag +12 ////; 
ttag +13 ////; 
ttag +14 ////; 
ttag +15 ////; 
ttag +16 ////; 
ttag +17 ////; 
ttag +18 ////; 
ttag +19 ////; 
ttag +20 ////; 
ttag +21 ////; 
ttag +22 ////; 
ttag +23 ////; 
ttag +24 ////; 
ttag +25 ////; 
ttag +26 ////; 
ttag +27 ////; 
ttag +28 ////; 
ttag +29 ////; 
ttag +30 ////; 
ttag +31 ////; 
ttag +32 ////; 
ttag +33 ////; 
ttag +34 ////; 
ttag +35 ////; 
ttag +36 ////; 
ttag +37 ////; 
ttag +38 ////; 
ttag +39 ////; 
ttag +40 ////; 
ttag +41 ////; 
ttag +42 ////; 
ttag +43 ////; 
ttag +44 ////; 
ttag +45 ////; 
ttag +46 ////; 
ttag +47 ////; 
ttag +48 ////; 
ttag +49 100/100/100/100/100; 
ttag +50 45/16/?/17/?; 
ttag +51 98/98/95/100/94; 
ttag +52 78/76/62/78/62; 
ttag +53 6/[23]/?/?/?; 
ttag +54 22/0/?/?/?; 
ttag +55 32/24/20/18/16; 
ttag +56 72/60/61/61/64; 
ttag +57 43/17/12/15/12; 
ttag +58 100/100/100/100/100; 
ttag +59 90/88/83/91/78; 
ttag +60 10/[30]/?/?/?; 
ttag +61 51/33/21/36/28; 
ttag +62 18/[14]/?/?/?; 
ttag +63 22/3/3/0/?; 
ttag +64 26/8/14/8/7; 
ttag +65 26/[24]/?/?/?; 
ttag +66 98/98/90/97/90; 
ttag +67 6/[42]/?/?/?; 
ttag +68 13/[34]/?/?/?; 
ttag +69 26/[7]/0/?/?; 
ttag +70 88/79/67/67/65; 
ttag +71 99/99/98/98/98; 
ttag +72 95/93/85/96/83; 
ttag +73 99/99/98/99/97; 
ttag +74 58/47/44/53/44; 
ttag +75 60/49/47/50/41; 
ttag +76 73/67/66/70/60; 
ttag +77 97/97/96/97/94; 
ttag +78 10/[16]/?/?/?; 
ttag +79 15/[11]/?/?/?; 
ttag +80 20/[5]/?/?/?; 
ttag +81 80/67/60/67/64; 
ttag +82 17/[3]/2/?/?; 
ttag +83 97/96/96/97/95; 
ttag +84 79/67/55/63/58; 
ttag +85 32/24/26/24/13; 
ttag +86 79/76/63/70/50; 
ttag +87 91/90/84/91/82; 
ttag +88 88/84/72/82/70; 
ttag +89 52/41/33/36/25; 
ttag +90 67/57/50/55/48; 
ttag +91 99/99/97/98/98; 
ttag +92 48/39/28/38/32; 
ttag +93 97/96/91/96/93; 
ttag +94 22/[16]/?/?/?; 
