tread
'Tree with tags' 
(0 (1 ((2 3 )(4 (((5 (6 7 ))(11 (13 (12 (21 (14 ((15 16 17 )(18 (19 20 ))))(22 (23 (24 25 ))(26 (27 (28 ((29 (30 31 ))(((32 33 34 (35 (36 (38 (37 39 )))))(44 45 46 47 ))(40 (41 (42 43 ))))))))))))))(8 (9 10 ))))))); 
ttag *!; 
ttag +49 ???; 
ttag +50 3; 
ttag +51 7; 
ttag +52 6; 
ttag +53 1; 
ttag +54 1; 
ttag +55 1; 
ttag +56 3; 
ttag +57 11; 
ttag +58 2; 
ttag +59 2; 
ttag +60 1; 
ttag +61 1; 
ttag +62 1; 
ttag +63 4; 
ttag +64 6; 
ttag +65 3; 
ttag +66 6; 
ttag +67 10; 
ttag +68 3; 
ttag +69 4; 
ttag +70 10; 
ttag +71 3; 
ttag +72 2; 
ttag +73 6; 
ttag +74 3; 
ttag +75 4; 
ttag +76 4; 
ttag +77 2; 
ttag +78 2; 
ttag +79 2; 
ttag +80 1; 
ttag +81 2; 
ttag +82 1; 
ttag +83 2; 
ttag +84 1; 
ttag +85 3; 
ttag +86 7; 
ttag +87 3; 
tread
'Tree with tags' 
(0 (1 ((2 3 )(4 (((5 (6 7 ))(11 (13 (12 (21 ((14 ((15 (16 17 ))(18 (19 20 ))))((22 (23 (24 25 )))(26 (27 (28 ((29 (30 31 ))((((33 (32 34 ))(35 (36 (38 (37 39 )))))(47 (44 (45 46 ))))(40 (41 (42 43 )))))))))))))))(8 (9 10 ))))))); 
ttag *!; 
ttag +0 ////; 
ttag +1 ////; 
ttag +2 ////; 
ttag +3 ////; 
ttag +4 ////; 
ttag +5 ////; 
ttag +6 ////; 
ttag +7 ////; 
ttag +8 ////; 
ttag +9 ////; 
ttag +10 ////; 
ttag +11 ////; 
ttag +12 ////; 
ttag +13 ////; 
ttag +14 ////; 
ttag +15 ////; 
ttag +16 ////; 
ttag +17 ////; 
ttag +18 ////; 
ttag +19 ////; 
ttag +20 ////; 
ttag +21 ////; 
ttag +22 ////; 
ttag +23 ////; 
ttag +24 ////; 
ttag +25 ////; 
ttag +26 ////; 
ttag +27 ////; 
ttag +28 ////; 
ttag +29 ////; 
ttag +30 ////; 
ttag +31 ////; 
ttag +32 ////; 
ttag +33 ////; 
ttag +34 ////; 
ttag +35 ////; 
ttag +36 ////; 
ttag +37 ////; 
ttag +38 ////; 
ttag +39 ////; 
ttag +40 ////; 
ttag +41 ////; 
ttag +42 ////; 
ttag +43 ////; 
ttag +44 ////; 
ttag +45 ////; 
ttag +46 ////; 
ttag +47 ////; 
ttag +48 ////; 
ttag +49 100/100/100/100/100; 
ttag +50 90/87/82/86/83; 
ttag +51 85/76/82/82/78; 
ttag +52 92/88/84/88/81; 
ttag +53 14/[6]/?/?/?; 
ttag +54 20/[7]/?/?/?; 
ttag +55 39/12/10/18/17; 
ttag +56 79/78/73/80/68; 
ttag +57 100/100/99/100/98; 
ttag +58 53/26/22/34/27; 
ttag +59 26/[1]/?/6/?; 
ttag +60 51/38/29/45/26; 
ttag +61 34/7/10/20/9; 
ttag +62 38/22/7/31/16; 
ttag +63 18/[5]/3/?/?; 
ttag +64 77/74/60/76/62; 
ttag +65 97/97/88/96/90; 
ttag +66 90/88/78/88/82; 
ttag +67 32/[2]/?/?/?; 
ttag +68 99/99/97/98/97; 
ttag +69 100/100/99/100/99; 
ttag +70 32/4/14/4/3; 
ttag +71 74/68/62/75/56; 
ttag +72 92/90/87/93/90; 
ttag +73 100/100/98/100/98; 
ttag +74 92/91/71/87/84; 
ttag +75 84/83/68/82/76; 
ttag +76 96/96/83/98/92; 
ttag +77 77/72/63/79/68; 
ttag +78 89/87/78/93/78; 
ttag +79 93/90/86/94/85; 
ttag +80 38/20/22/12/10; 
ttag +81 39/22/18/17/16; 
ttag +82 73/69/58/74/67; 
ttag +83 73/66/49/73/51; 
ttag +84 60/56/36/59/42; 
ttag +85 58/40/39/41/41; 
ttag +86 66/56/52/64/54; 
ttag +87 65/45/45/44/32; 
ttag +88 74/62/60/78/64; 
ttag +89 54/48/37/53/30; 
ttag +90 73/61/46/68/54; 
ttag +91 100/100/98/100/98; 
ttag +92 38/12/6/4/2; 
ttag +93 86/82/72/86/75; 
ttag +94 48/38/46/42/41; 
