tread
'Tree with tags' 
(0 (1 ((2 3 )(4 5 (6 7 )(11 (8 (9 10 )))((12 13 )((14 ((15 16 17 )(18 (19 20 ))))(21 ((22 (26 (27 (28 ((29 (30 31 ))(((32 (33 34 ))(35 (36 (37 (38 39 )))))((41 (40 (42 43 )))(45 (44 (46 47 ))))))))))(23 (24 25 )))))))))); 
ttag *!; 
ttag +49 ???; 
ttag +50 2; 
ttag +51 1; 
ttag +52 4; 
ttag +53 3; 
ttag +54 8; 
ttag +55 1; 
ttag +56 1; 
ttag +57 1; 
ttag +58 1; 
ttag +59 1; 
ttag +60 2; 
ttag +61 3; 
ttag +62 2; 
ttag +63 3; 
ttag +64 7; 
ttag +65 1; 
ttag +66 2; 
ttag +67 4; 
ttag +68 6; 
ttag +69 7; 
ttag +70 2; 
ttag +71 8; 
ttag +72 5; 
ttag +73 4; 
ttag +74 6; 
ttag +75 8; 
ttag +76 1; 
ttag +77 7; 
ttag +78 4; 
ttag +79 5; 
ttag +80 4; 
ttag +81 3; 
ttag +82 9; 
ttag +83 4; 
ttag +84 1; 
ttag +85 6; 
ttag +86 2; 
ttag +87 5; 
ttag +88 2; 
ttag +89 3; 
ttag +90 2; 
tread
'Tree with tags' 
(0 (1 ((2 3 )((4 (6 7 ))((5 (11 (8 (9 10 ))))((12 13 )((14 ((15 (16 17 ))(18 (19 20 ))))(21 ((22 (26 (27 (28 ((29 (30 31 ))(((32 (33 34 ))(35 (36 (37 (38 39 )))))((41 (40 (42 43 )))(45 (44 (46 47 ))))))))))(23 (24 25 ))))))))))); 
ttag *!; 
ttag +0 ////; 
ttag +1 ////; 
ttag +2 ////; 
ttag +3 ////; 
ttag +4 ////; 
ttag +5 ////; 
ttag +6 ////; 
ttag +7 ////; 
ttag +8 ////; 
ttag +9 ////; 
ttag +10 ////; 
ttag +11 ////; 
ttag +12 ////; 
ttag +13 ////; 
ttag +14 ////; 
ttag +15 ////; 
ttag +16 ////; 
ttag +17 ////; 
ttag +18 ////; 
ttag +19 ////; 
ttag +20 ////; 
ttag +21 ////; 
ttag +22 ////; 
ttag +23 ////; 
ttag +24 ////; 
ttag +25 ////; 
ttag +26 ////; 
ttag +27 ////; 
ttag +28 ////; 
ttag +29 ////; 
ttag +30 ////; 
ttag +31 ////; 
ttag +32 ////; 
ttag +33 ////; 
ttag +34 ////; 
ttag +35 ////; 
ttag +36 ////; 
ttag +37 ////; 
ttag +38 ////; 
ttag +39 ////; 
ttag +40 ////; 
ttag +41 ////; 
ttag +42 ////; 
ttag +43 ////; 
ttag +44 ////; 
ttag +45 ////; 
ttag +46 ////; 
ttag +47 ////; 
ttag +48 ////; 
ttag +49 100/100/100/100/100; 
ttag +50 89/86/87/90/85; 
ttag +51 47/22/20/26/26; 
ttag +52 14/[1]/?/?/?; 
ttag +53 92/90/86/86/85; 
ttag +54 1/[9]/?/?/?; 
ttag +55 3/[13]/?/?/?; 
ttag +56 92/90/84/91/78; 
ttag +57 100/100/99/100/99; 
ttag +58 49/38/43/49/44; 
ttag +59 61/42/38/39/35; 
ttag +60 62/53/45/54/38; 
ttag +61 42/31/20/29/13; 
ttag +62 17/[8]/?/?/?; 
ttag +63 38/28/24/32/25; 
ttag +64 95/94/89/95/94; 
ttag +65 64/58/39/53/36; 
ttag +66 42/7/9/?/?; 
ttag +67 84/79/76/84/81; 
ttag +68 100/100/100/99/99; 
ttag +69 22/[2]/0/2/2; 
ttag +70 76/72/55/72/56; 
ttag +71 73/68/52/71/59; 
ttag +72 97/96/92/96/98; 
ttag +73 100/100/94/99/97; 
ttag +74 72/58/56/56/49; 
ttag +75 98/97/90/94/90; 
ttag +76 87/82/65/78/72; 
ttag +77 64/54/38/59/42; 
ttag +78 88/85/69/84/72; 
ttag +79 100/100/98/100/97; 
ttag +80 33/8/4/14/4; 
ttag +81 95/94/89/96/89; 
ttag +82 41/28/7/30/15; 
ttag +83 90/88/82/88/81; 
ttag +84 74/70/55/71/51; 
ttag +85 69/63/46/66/46; 
ttag +86 99/99/96/99/96; 
ttag +87 89/86/79/91/85; 
ttag +88 41/[2]/?/?/?; 
ttag +89 94/92/86/94/77; 
ttag +90 46/35/15/32/20; 
ttag +91 96/96/91/96/91; 
ttag +92 30/[3]/?/5/?; 
ttag +93 71/66/60/74/57; 
ttag +94 40/34/19/30/29; 
