tread
'Tree with tags' 
(0 (1 ((2 3 )(4 (5 ((6 7 )(8 (9 10 )))(12 ((11 13 )((14 21 ((22 (23 (24 25 )))(26 (27 (28 ((47 ((29 (30 31 ))(46 (44 45 ))))(34 (32 33 (35 (36 (37 (38 39 ))))))(40 (41 (42 43 )))))))))((15 (16 17 ))(18 (19 20 ))))))))))); 
ttag *!; 
ttag +49 ???; 
ttag +50 6; 
ttag +51 3; 
ttag +52 5; 
ttag +53 1; 
ttag +54 2; 
ttag +55 2; 
ttag +56 9; 
ttag +57 2; 
ttag +58 1; 
ttag +59 1; 
ttag +60 2; 
ttag +61 1; 
ttag +62 1; 
ttag +63 2; 
ttag +64 3; 
ttag +65 5; 
ttag +66 1; 
ttag +67 4; 
ttag +68 1; 
ttag +69 2; 
ttag +70 5; 
ttag +71 3; 
ttag +72 5; 
ttag +73 2; 
ttag +74 5; 
ttag +75 9; 
ttag +76 1; 
ttag +77 1; 
ttag +78 3; 
ttag +79 6; 
ttag +80 4; 
ttag +81 7; 
ttag +82 1; 
ttag +83 1; 
ttag +84 3; 
ttag +85 1; 
ttag +86 8; 
ttag +87 2; 
ttag +88 4; 
ttag +89 1; 
ttag +90 1; 
tread
'Tree with tags' 
(0 (1 ((2 3 )(4 (5 (((6 7 )(8 (9 10 )))(12 ((11 13 )((14 (21 ((22 (23 (24 25 )))(26 (27 (28 ((47 ((29 (30 31 ))(46 (44 45 ))))((34 ((32 33 )(35 (36 (37 (38 39 ))))))(40 (41 (42 43 )))))))))))((15 (16 17 ))(18 (19 20 )))))))))))); 
ttag *!; 
ttag +0 ////; 
ttag +1 ////; 
ttag +2 ////; 
ttag +3 ////; 
ttag +4 ////; 
ttag +5 ////; 
ttag +6 ////; 
ttag +7 ////; 
ttag +8 ////; 
ttag +9 ////; 
ttag +10 ////; 
ttag +11 ////; 
ttag +12 ////; 
ttag +13 ////; 
ttag +14 ////; 
ttag +15 ////; 
ttag +16 ////; 
ttag +17 ////; 
ttag +18 ////; 
ttag +19 ////; 
ttag +20 ////; 
ttag +21 ////; 
ttag +22 ////; 
ttag +23 ////; 
ttag +24 ////; 
ttag +25 ////; 
ttag +26 ////; 
ttag +27 ////; 
ttag +28 ////; 
ttag +29 ////; 
ttag +30 ////; 
ttag +31 ////; 
ttag +32 ////; 
ttag +33 ////; 
ttag +34 ////; 
ttag +35 ////; 
ttag +36 ////; 
ttag +37 ////; 
ttag +38 ////; 
ttag +39 ////; 
ttag +40 ////; 
ttag +41 ////; 
ttag +42 ////; 
ttag +43 ////; 
ttag +44 ////; 
ttag +45 ////; 
ttag +46 ////; 
ttag +47 ////; 
ttag +48 ////; 
ttag +49 100/100/100/100/100; 
ttag +50 97/96/92/96/90; 
ttag +51 79/72/59/67/50; 
ttag +52 97/97/91/97/92; 
ttag +53 39/11/0/8/?; 
ttag +54 67/63/56/64/50; 
ttag +55 42/26/15/38/11; 
ttag +56 27/11/2/12/?; 
ttag +57 99/98/98/99/100; 
ttag +58 82/72/65/73/70; 
ttag +59 20/8/9/22/16; 
ttag +60 18/10/8/16/17; 
ttag +61 59/54/48/66/44; 
ttag +62 44/40/29/38/24; 
ttag +63 28/18/12/26/13; 
ttag +64 80/77/61/77/58; 
ttag +65 66/61/46/68/46; 
ttag +66 88/85/81/92/73; 
ttag +67 56/40/24/50/24; 
ttag +68 98/97/96/97/97; 
ttag +69 17/[1]/?/?/11; 
ttag +70 56/42/38/55/37; 
ttag +71 66/62/46/64/38; 
ttag +72 96/95/91/93/84; 
ttag +73 88/84/72/84/72; 
ttag +74 90/89/82/96/84; 
ttag +75 67/54/41/68/44; 
ttag +76 80/78/69/90/72; 
ttag +77 97/96/88/97/90; 
ttag +78 34/10/3/?/?; 
ttag +79 45/27/26/32/18; 
ttag +80 74/68/57/69/59; 
ttag +81 99/99/96/100/97; 
ttag +82 21/[6]/?/?/?; 
ttag +83 72/64/45/76/44; 
ttag +84 99/99/98/99/92; 
ttag +85 39/21/19/36/14; 
ttag +86 50/48/32/47/36; 
ttag +87 52/32/24/25/31; 
ttag +88 84/82/68/78/75; 
ttag +89 39/24/12/27/21; 
ttag +90 98/97/90/97/90; 
ttag +91 59/52/42/61/46; 
ttag +92 74/68/62/81/70; 
ttag +93 14/[2]/?/?/?; 
ttag +94 57/47/31/50/46; 
