tread
'Tree with tags' 
(0 (1 ((2 3 )((4 (5 ((6 7 )(11 (14 21 (12 13 )((15 (16 17 ))(18 (19 20 )))(26 (22 (23 (24 25 )))(27 (28 ((30 (29 31 ))(((32 (33 34 )(35 (36 (37 (38 39 )))))(44 45 (46 47 )))((40 41 )(42 43 ))))))))))))(8 (9 10 )))))); 
ttag *!; 
ttag +49 ???; 
ttag +50 5; 
ttag +51 3; 
ttag +52 1; 
ttag +53 2; 
ttag +54 1; 
ttag +55 6; 
ttag +56 1; 
ttag +57 6; 
ttag +58 2; 
ttag +59 2; 
ttag +60 1; 
ttag +61 2; 
ttag +62 7; 
ttag +63 5; 
ttag +64 4; 
ttag +65 2; 
ttag +66 9; 
ttag +67 1; 
ttag +68 4; 
ttag +69 4; 
ttag +70 3; 
ttag +71 1; 
ttag +72 4; 
ttag +73 1; 
ttag +74 4; 
ttag +75 2; 
ttag +76 3; 
ttag +77 1; 
ttag +78 2; 
ttag +79 2; 
ttag +80 2; 
ttag +81 3; 
ttag +82 4; 
ttag +83 1; 
ttag +84 1; 
ttag +85 2; 
ttag +86 7; 
ttag +87 4; 
ttag +88 1; 
tread
'Tree with tags' 
(0 (1 ((2 3 )((4 (5 ((6 7 )(11 (((12 13 )(14 ((15 (16 17 ))(18 (19 20 )))))(21 ((22 (23 (24 25 )))(26 (27 (28 ((30 (29 31 ))(((32 ((33 34 )(35 (36 (37 (38 39 ))))))(45 (44 (46 47 ))))((40 41 )(42 43 ))))))))))))))(8 (9 10 )))))); 
ttag *!; 
ttag +0 ////; 
ttag +1 ////; 
ttag +2 ////; 
ttag +3 ////; 
ttag +4 ////; 
ttag +5 ////; 
ttag +6 ////; 
ttag +7 ////; 
ttag +8 ////; 
ttag +9 ////; 
ttag +10 ////; 
ttag +11 ////; 
ttag +12 ////; 
ttag +13 ////; 
ttag +14 ////; 
ttag +15 ////; 
ttag +16 ////; 
ttag +17 ////; 
ttag +18 ////; 
ttag +19 ////; 
ttag +20 ////; 
ttag +21 ////; 
ttag +22 ////; 
ttag +23 ////; 
ttag +24 ////; 
ttag +25 ////; 
ttag +26 ////; 
ttag +27 ////; 
ttag +28 ////; 
ttag +29 ////; 
ttag +30 ////; 
ttag +31 ////; 
ttag +32 ////; 
ttag +33 ////; 
ttag +34 ////; 
ttag +35 ////; 
ttag +36 ////; 
ttag +37 ////; 
ttag +38 ////; 
ttag +39 ////; 
ttag +40 ////; 
ttag +41 ////; 
ttag +42 ////; 
ttag +43 ////; 
ttag +44 ////; 
ttag +45 ////; 
ttag +46 ////; 
ttag +47 ////; 
ttag +48 ////; 
ttag +49 100/100/100/100/100; 
ttag +50 96/94/96/99/94; 
ttag +51 68/56/56/61/60; 
ttag +52 41/26/16/32/18; 
ttag +53 76/70/49/62/56; 
ttag +54 20/2/?/?/?; 
ttag +55 98/97/97/99/95; 
ttag +56 38/25/16/29/12; 
ttag +57 97/97/96/96/94; 
ttag +58 64/54/33/50/30; 
ttag +59 56/46/29/42/32; 
ttag +60 56/42/44/48/40; 
ttag +61 3/[22]/?/?/?; 
ttag +62 74/66/54/66/56; 
ttag +63 24/[1]/?/?/?; 
ttag +64 98/98/97/100/95; 
ttag +65 97/96/90/96/88; 
ttag +66 94/92/87/91/84; 
ttag +67 86/81/80/86/66; 
ttag +68 99/99/99/100/100; 
ttag +69 53/27/19/20/11; 
ttag +70 74/58/58/48/44; 
ttag +71 90/87/78/91/75; 
ttag +72 97/96/89/95/92; 
ttag +73 88/86/75/86/77; 
ttag +74 42/11/17/26/22; 
ttag +75 64/52/39/63/47; 
ttag +76 88/84/72/90/76; 
ttag +77 53/24/2/33/14; 
ttag +78 78/73/51/72/63; 
ttag +79 69/60/51/58/38; 
ttag +80 64/51/37/57/46; 
ttag +81 22/[14]/?/?/?; 
ttag +82 61/53/39/57/50; 
ttag +83 74/65/51/66/57; 
ttag +84 11/[33]/?/?/?; 
ttag +85 44/25/12/25/26; 
ttag +86 44/17/9/32/27; 
ttag +87 87/82/80/81/74; 
ttag +88 55/40/34/42/29; 
ttag +89 43/31/30/38/32; 
ttag +90 54/43/40/46/38; 
ttag +91 98/98/99/98/96; 
ttag +92 18/2/?/?/2; 
ttag +93 80/76/63/75/60; 
ttag +94 30/3/4/4/8; 
