tread
'Tree with tags' 
(0 (1 ((2 3 )(4 5 (6 7 )(11 (10 (8 9 )))(12 13 (14 21 ((((15 16 17 )(18 (19 20 )))(22 (23 (24 25 ))))(26 (27 (28 (((29 (30 31 ))(32 35 ((33 34 )(36 37 (38 39 )))))(47 (46 (44 (45 ((40 41 )(42 43 ))))))))))))))))); 
ttag *!; 
ttag +49 ???; 
ttag +50 7; 
ttag +51 6; 
ttag +52 1; 
ttag +53 2; 
ttag +54 1; 
ttag +55 10; 
ttag +56 1; 
ttag +57 2; 
ttag +58 3; 
ttag +59 2; 
ttag +60 4; 
ttag +61 1; 
ttag +62 1; 
ttag +63 7; 
ttag +64 7; 
ttag +65 8; 
ttag +66 6; 
ttag +67 7; 
ttag +68 2; 
ttag +69 1; 
ttag +70 4; 
ttag +71 5; 
ttag +72 1; 
ttag +73 5; 
ttag +74 6; 
ttag +75 6; 
ttag +76 1; 
ttag +77 1; 
ttag +78 5; 
ttag +79 1; 
ttag +80 4; 
ttag +81 6; 
ttag +82 1; 
ttag +83 1; 
ttag +84 3; 
ttag +85 5; 
ttag +86 8; 
tread
'Tree with tags' 
(0 (1 ((2 3 )((((4 5 )(6 7 ))(11 (10 (8 9 ))))(12 (13 (21 (14 ((((17 (15 16 ))(18 (19 20 )))(22 (23 (24 25 ))))(26 (27 (28 (((29 (30 31 ))(35 (32 ((33 34 )((36 37 )(38 39 ))))))(47 (46 (44 (45 ((40 41 )(42 43 ))))))))))))))))))); 
ttag *!; 
ttag +0 ////; 
ttag +1 ////; 
ttag +2 ////; 
ttag +3 ////; 
ttag +4 ////; 
ttag +5 ////; 
ttag +6 ////; 
ttag +7 ////; 
ttag +8 ////; 
ttag +9 ////; 
ttag +10 ////; 
ttag +11 ////; 
ttag +12 ////; 
ttag +13 ////; 
ttag +14 ////; 
ttag +15 ////; 
ttag +16 ////; 
ttag +17 ////; 
ttag +18 ////; 
ttag +19 ////; 
ttag +20 ////; 
ttag +21 ////; 
ttag +22 ////; 
ttag +23 ////; 
ttag +24 ////; 
ttag +25 ////; 
ttag +26 ////; 
ttag +27 ////; 
ttag +28 ////; 
ttag +29 ////; 
ttag +30 ////; 
ttag +31 ////; 
ttag +32 ////; 
ttag +33 ////; 
ttag +34 ////; 
ttag +35 ////; 
ttag +36 ////; 
ttag +37 ////; 
ttag +38 ////; 
ttag +39 ////; 
ttag +40 ////; 
ttag +41 ////; 
ttag +42 ////; 
ttag +43 ////; 
ttag +44 ////; 
ttag +45 ////; 
ttag +46 ////; 
ttag +47 ////; 
ttag +48 ////; 
ttag +49 100/100/100/100/100; 
ttag +50 100/100/98/99/100; 
ttag +51 97/96/91/97/88; 
ttag +52 28/0/8/14/16; 
ttag +53 10/[26]/?/?/?; 
ttag +54 8/[18]/?/?/?; 
ttag +55 33/10/18/15/7; 
ttag +56 63/45/46/54/46; 
ttag +57 59/37/35/44/35; 
ttag +58 99/99/99/100/99; 
ttag +59 22/[13]/?/?/?; 
ttag +60 76/74/64/78/66; 
ttag +61 32/[11]/?/?/?; 
ttag +62 7/[13]/?/?/?; 
ttag +63 72/70/62/79/64; 
ttag +64 28/0/?/5/3; 
ttag +65 71/57/53/68/51; 
ttag +66 86/83/71/87/71; 
ttag +67 25/4/6/2/7; 
ttag +68 18/[2]/?/?/?; 
ttag +69 99/98/98/98/97; 
ttag +70 100/100/99/99/100; 
ttag +71 94/94/81/92/84; 
ttag +72 87/80/73/86/67; 
ttag +73 99/99/98/99/98; 
ttag +74 50/44/27/44/26; 
ttag +75 41/4/?/9/?; 
ttag +76 64/57/35/59/41; 
ttag +77 70/60/50/64/54; 
ttag +78 18/[4]/?/?/?; 
ttag +79 58/41/34/48/44; 
ttag +80 94/92/82/97/86; 
ttag +81 11/[30]/?/?/?; 
ttag +82 85/84/68/85/72; 
ttag +83 77/70/58/73/70; 
ttag +84 33/[7]/?/?/?; 
ttag +85 38/7/2/0/10; 
ttag +86 94/92/91/95/89; 
ttag +87 58/42/40/42/39; 
ttag +88 88/87/80/85/77; 
ttag +89 68/56/51/62/48; 
ttag +90 21/[12]/?/?/?; 
ttag +91 30/18/8/13/1; 
ttag +92 52/46/25/46/29; 
ttag +93 79/76/68/80/68; 
ttag +94 100/100/98/97/96; 
