tread
'Tree with tags' 
(0 (1 ((2 3 )(4 5 14 (6 7 )(11 (8 (9 10 )))(12 13 )((15 (16 17 ))(18 (19 20 )))((21 ((26 27 )(28 (((29 (30 31 ))((46 (40 (41 (42 43 ))))(44 (45 47 ))))(33 (34 (32 (35 (36 (37 (38 39 )))))))))))(22 (23 (24 25 )))))))); 
ttag *!; 
ttag +49 ???; 
ttag +50 14; 
ttag +51 3; 
ttag +52 8; 
ttag +53 1; 
ttag +54 7; 
ttag +55 1; 
ttag +56 2; 
ttag +57 4; 
ttag +58 7; 
ttag +59 3; 
ttag +60 1; 
ttag +61 4; 
ttag +62 8; 
ttag +63 1; 
ttag +64 2; 
ttag +65 3; 
ttag +66 4; 
ttag +67 9; 
ttag +68 3; 
ttag +69 5; 
ttag +70 6; 
ttag +71 7; 
ttag +72 3; 
ttag +73 3; 
ttag +74 4; 
ttag +75 2; 
ttag +76 1; 
ttag +77 9; 
ttag +78 2; 
ttag +79 5; 
ttag +80 5; 
ttag +81 3; 
ttag +82 3; 
ttag +83 1; 
ttag +84 3; 
ttag +85 4; 
ttag +86 8; 
ttag +87 1; 
ttag +88 1; 
tread
'Tree with tags' 
(0 (1 ((2 3 )(((14 ((((4 5 )(6 7 ))(11 (8 (9 10 ))))(12 13 )))((21 ((26 27 )(28 (((29 (30 31 ))((46 (40 (41 (42 43 ))))(44 (45 47 ))))(33 (34 (32 (35 (36 (37 (38 39 )))))))))))(22 (23 (24 25 )))))((15 (16 17 ))(18 (19 20 ))))))); 
ttag *!; 
ttag +0 ////; 
ttag +1 ////; 
ttag +2 ////; 
ttag +3 ////; 
ttag +4 ////; 
ttag +5 ////; 
ttag +6 ////; 
ttag +7 ////; 
ttag +8 ////; 
ttag +9 ////; 
ttag +10 ////; 
ttag +11 ////; 
ttag +12 ////; 
ttag +13 ////; 
ttag +14 ////; 
ttag +15 ////; 
ttag +16 ////; 
ttag +17 ////; 
ttag +18 ////; 
ttag +19 ////; 
ttag +20 ////; 
ttag +21 ////; 
ttag +22 ////; 
ttag +23 ////; 
ttag +24 ////; 
ttag +25 ////; 
ttag +26 ////; 
ttag +27 ////; 
ttag +28 ////; 
ttag +29 ////; 
ttag +30 ////; 
ttag +31 ////; 
ttag +32 ////; 
ttag +33 ////; 
ttag +34 ////; 
ttag +35 ////; 
ttag +36 ////; 
ttag +37 ////; 
ttag +38 ////; 
ttag +39 ////; 
ttag +40 ////; 
ttag +41 ////; 
ttag +42 ////; 
ttag +43 ////; 
ttag +44 ////; 
ttag +45 ////; 
ttag +46 ////; 
ttag +47 ////; 
ttag +48 ////; 
ttag +49 100/100/100/100/100; 
ttag +50 100/100/100/100/100; 
ttag +51 80/72/66/74/64; 
ttag +52 55/28/25/24/31; 
ttag +53 8/[18]/?/?/?; 
ttag +54 20/[5]/?/?/?; 
ttag +55 12/[14]/?/?/?; 
ttag +56 11/[14]/?/?/?; 
ttag +57 10/[18]/?/?/?; 
ttag +58 93/92/84/94/83; 
ttag +59 44/29/28/18/19; 
ttag +60 99/99/95/98/96; 
ttag +61 24/11/14/22/10; 
ttag +62 82/73/63/75/64; 
ttag +63 64/57/48/53/43; 
ttag +64 100/100/97/98/99; 
ttag +65 77/69/64/75/61; 
ttag +66 45/29/30/42/19; 
ttag +67 98/98/99/99/97; 
ttag +68 100/100/98/100/99; 
ttag +69 11/[27]/?/?/?; 
ttag +70 50/43/38/48/32; 
ttag +71 72/62/46/57/51; 
ttag +72 90/87/82/92/80; 
ttag +73 98/98/97/99/95; 
ttag +74 39/29/25/34/21; 
ttag +75 76/71/64/80/66; 
ttag +76 79/76/57/72/62; 
ttag +77 97/97/93/99/93; 
ttag +78 74/71/58/74/55; 
ttag +79 62/50/42/53/48; 
ttag +80 83/75/65/77/67; 
ttag +81 63/56/33/42/36; 
ttag +82 40/8/2/7/?; 
ttag +83 94/93/90/96/93; 
ttag +84 78/74/56/72/62; 
ttag +85 96/95/85/93/88; 
ttag +86 96/95/91/96/93; 
ttag +87 93/91/80/92/84; 
ttag +88 72/60/40/58/51; 
ttag +89 18/0/?/8/?; 
ttag +90 76/74/58/72/52; 
ttag +91 87/85/79/88/74; 
ttag +92 100/100/100/100/100; 
ttag +93 23/10/?/8/0; 
ttag +94 28/14/7/14/4; 
