tread
'Tree with tags' 
(0 (1 ((2 3 )(4 (5 ((11 ((6 7 )(8 (9 10 ))))((12 ((14 (13 (18 (19 20 ))))(15 (16 17 ))))(21 ((22 (28 (26 27 )((29 (30 31 ))((32 (33 34 )(35 (36 (37 (38 39 )))))((40 (41 (42 43 )))(45 (44 (46 47 ))))))))(23 (24 25 ))))))))))); 
ttag *!; 
ttag +49 ???; 
ttag +50 7; 
ttag +51 2; 
ttag +52 7; 
ttag +53 1; 
ttag +54 6; 
ttag +55 4; 
ttag +56 2; 
ttag +57 3; 
ttag +58 10; 
ttag +59 5; 
ttag +60 1; 
ttag +61 2; 
ttag +62 1; 
ttag +63 1; 
ttag +64 1; 
ttag +65 8; 
ttag +66 5; 
ttag +67 11; 
ttag +68 7; 
ttag +69 1; 
ttag +70 2; 
ttag +71 3; 
ttag +72 6; 
ttag +73 8; 
ttag +74 2; 
ttag +75 2; 
ttag +76 6; 
ttag +77 3; 
ttag +78 3; 
ttag +79 1; 
ttag +80 2; 
ttag +81 3; 
ttag +82 5; 
ttag +83 3; 
ttag +84 8; 
ttag +85 1; 
ttag +86 8; 
ttag +87 2; 
ttag +88 1; 
ttag +89 6; 
ttag +90 1; 
ttag +91 1; 
ttag +92 1; 
tread
'Tree with tags' 
(0 (1 ((2 3 )(4 (5 ((11 ((6 7 )(8 (9 10 ))))((12 ((14 (13 (18 (19 20 ))))(15 (16 17 ))))(21 ((22 ((28 (26 27 ))((29 (30 31 ))(((32 (35 (36 (37 (38 39 )))))(33 34 ))((40 (41 (42 43 )))(45 (44 (46 47 ))))))))(23 (24 25 ))))))))))); 
ttag *!; 
ttag +0 ////; 
ttag +1 ////; 
ttag +2 ////; 
ttag +3 ////; 
ttag +4 ////; 
ttag +5 ////; 
ttag +6 ////; 
ttag +7 ////; 
ttag +8 ////; 
ttag +9 ////; 
ttag +10 ////; 
ttag +11 ////; 
ttag +12 ////; 
ttag +13 ////; 
ttag +14 ////; 
ttag +15 ////; 
ttag +16 ////; 
ttag +17 ////; 
ttag +18 ////; 
ttag +19 ////; 
ttag +20 ////; 
ttag +21 ////; 
ttag +22 ////; 
ttag +23 ////; 
ttag +24 ////; 
ttag +25 ////; 
ttag +26 ////; 
ttag +27 ////; 
ttag +28 ////; 
ttag +29 ////; 
ttag +30 ////; 
ttag +31 ////; 
ttag +32 ////; 
ttag +33 ////; 
ttag +34 ////; 
ttag +35 ////; 
ttag +36 ////; 
ttag +37 ////; 
ttag +38 ////; 
ttag +39 ////; 
ttag +40 ////; 
ttag +41 ////; 
ttag +42 ////; 
ttag +43 ////; 
ttag +44 ////; 
ttag +45 ////; 
ttag +46 ////; 
ttag +47 ////; 
ttag +48 ////; 
ttag +49 100/100/100/100/100; 
ttag +50 100/100/100/99/99; 
ttag +51 77/71/64/71/57; 
ttag +52 84/77/65/84/66; 
ttag +53 35/15/8/14/10; 
ttag +54 98/98/91/96/92; 
ttag +55 61/55/24/54/40; 
ttag +56 33/27/1/25/9; 
ttag +57 50/44/30/47/25; 
ttag +58 99/98/97/99/96; 
ttag +59 93/91/70/85/72; 
ttag +60 9/0/?/?/?; 
ttag +61 30/24/?/31/12; 
ttag +62 27/16/0/16/8; 
ttag +63 9/[14]/?/?/?; 
ttag +64 8/[3]/?/?/?; 
ttag +65 98/98/98/100/98; 
ttag +66 96/94/90/97/94; 
ttag +67 100/100/96/99/99; 
ttag +68 99/99/100/98/100; 
ttag +69 54/50/41/51/36; 
ttag +70 38/5/?/?/?; 
ttag +71 70/67/54/70/57; 
ttag +72 99/98/97/99/94; 
ttag +73 99/99/98/99/98; 
ttag +74 75/72/64/65/66; 
ttag +75 14/[15]/?/?/?; 
ttag +76 54/44/28/40/31; 
ttag +77 95/93/94/91/88; 
ttag +78 70/62/50/69/53; 
ttag +79 84/78/74/78/80; 
ttag +80 47/37/35/36/32; 
ttag +81 46/36/20/36/28; 
ttag +82 33/15/4/15/14; 
ttag +83 87/86/69/85/70; 
ttag +84 88/84/80/87/80; 
ttag +85 83/78/72/86/78; 
ttag +86 99/98/97/99/96; 
ttag +87 56/37/34/49/32; 
ttag +88 98/98/90/96/93; 
ttag +89 37/19/4/25/11; 
ttag +90 54/26/14/30/18; 
ttag +91 84/76/62/77/66; 
ttag +92 28/12/5/10/5; 
ttag +93 87/81/75/77/83; 
ttag +94 42/25/15/23/16; 
