tread
'Tree with tags' 
(0 (1 ((2 3 )(4 (5 (11 ((6 7 )(8 (9 10 )))((12 13 )((14 ((15 (16 17 ))(18 (19 20 ))))(21 ((22 (23 (24 25 )))((26 27 )((28 ((((32 (35 (36 (37 38 39 ))))(33 34 ))((40 41 )(42 43 )))(44 45 46 47 )))(29 (30 31 )))))))))))))); 
ttag *!; 
ttag +49 ???; 
ttag +50 4; 
ttag +51 3; 
ttag +52 5; 
ttag +53 2; 
ttag +54 1; 
ttag +55 3; 
ttag +56 1; 
ttag +57 5; 
ttag +58 3; 
ttag +59 3; 
ttag +60 1; 
ttag +61 3; 
ttag +62 1; 
ttag +63 12; 
ttag +64 4; 
ttag +65 1; 
ttag +66 4; 
ttag +67 10; 
ttag +68 2; 
ttag +69 8; 
ttag +70 2; 
ttag +71 3; 
ttag +72 1; 
ttag +73 3; 
ttag +74 7; 
ttag +75 1; 
ttag +76 5; 
ttag +77 7; 
ttag +78 12; 
ttag +79 1; 
ttag +80 1; 
ttag +81 1; 
ttag +82 1; 
ttag +83 3; 
ttag +84 1; 
ttag +85 5; 
ttag +86 2; 
ttag +87 2; 
ttag +88 8; 
ttag +89 3; 
ttag +90 2; 
tread
'Tree with tags' 
(0 (1 ((2 3 )(4 (5 (((6 7 )(8 (9 10 )))(11 ((12 13 )((14 ((15 (16 17 ))(18 (19 20 ))))(21 ((22 (23 (24 25 )))((26 27 )((28 ((((32 (35 (36 (38 (37 39 )))))(33 34 ))((40 41 )(42 43 )))((44 46 )(45 47 ))))(29 (30 31 ))))))))))))))); 
ttag *!; 
ttag +0 ////; 
ttag +1 ////; 
ttag +2 ////; 
ttag +3 ////; 
ttag +4 ////; 
ttag +5 ////; 
ttag +6 ////; 
ttag +7 ////; 
ttag +8 ////; 
ttag +9 ////; 
ttag +10 ////; 
ttag +11 ////; 
ttag +12 ////; 
ttag +13 ////; 
ttag +14 ////; 
ttag +15 ////; 
ttag +16 ////; 
ttag +17 ////; 
ttag +18 ////; 
ttag +19 ////; 
ttag +20 ////; 
ttag +21 ////; 
ttag +22 ////; 
ttag +23 ////; 
ttag +24 ////; 
ttag +25 ////; 
ttag +26 ////; 
ttag +27 ////; 
ttag +28 ////; 
ttag +29 ////; 
ttag +30 ////; 
ttag +31 ////; 
ttag +32 ////; 
ttag +33 ////; 
ttag +34 ////; 
ttag +35 ////; 
ttag +36 ////; 
ttag +37 ////; 
ttag +38 ////; 
ttag +39 ////; 
ttag +40 ////; 
ttag +41 ////; 
ttag +42 ////; 
ttag +43 ////; 
ttag +44 ////; 
ttag +45 ////; 
ttag +46 ////; 
ttag +47 ////; 
ttag +48 ////; 
ttag +49 100/100/100/100/100; 
ttag +50 92/91/88/92/87; 
ttag +51 86/80/62/82/73; 
ttag +52 91/85/78/95/83; 
ttag +53 66/50/39/64/44; 
ttag +54 70/60/58/63/57; 
ttag +55 81/74/55/76/56; 
ttag +56 32/20/21/28/20; 
ttag +57 98/97/93/95/91; 
ttag +58 84/76/63/75/57; 
ttag +59 18/11/11/6/10; 
ttag +60 66/56/60/66/52; 
ttag +61 53/48/31/53/37; 
ttag +62 70/66/54/72/54; 
ttag +63 49/40/34/46/32; 
ttag +64 100/100/100/100/100; 
ttag +65 86/84/86/92/79; 
ttag +66 55/34/17/40/33; 
ttag +67 84/80/72/86/69; 
ttag +68 100/100/100/100/100; 
ttag +69 55/46/45/55/41; 
ttag +70 99/98/94/98/97; 
ttag +71 59/40/37/52/41; 
ttag +72 81/74/57/73/65; 
ttag +73 65/50/40/43/41; 
ttag +74 79/72/71/82/76; 
ttag +75 92/88/82/93/85; 
ttag +76 28/16/10/16/14; 
ttag +77 78/75/66/83/67; 
ttag +78 92/90/84/92/86; 
ttag +79 100/100/100/100/99; 
ttag +80 34/10/11/4/8; 
ttag +81 56/32/25/40/30; 
ttag +82 47/34/27/34/33; 
ttag +83 14/2/?/?/?; 
ttag +84 82/74/63/74/65; 
ttag +85 83/76/70/78/69; 
ttag +86 99/98/96/99/97; 
ttag +87 35/1/?/?/?; 
ttag +88 79/69/67/76/66; 
ttag +89 56/36/38/33/20; 
ttag +90 99/99/98/100/97; 
ttag +91 77/68/60/68/64; 
ttag +92 14/[6]/?/?/?; 
ttag +93 50/45/40/51/38; 
ttag +94 31/20/22/20/13; 
