tread
'Tree with tags' 
(0 (1 ((2 3 )(4 (5 ((11 ((6 7 )(8 (9 10 ))))((12 13 )((14 ((15 (16 17 ))(18 (19 20 ))))(21 ((22 (23 (24 25 )))(26 (27 (28 ((29 (30 31 ))((45 (44 (46 (47 ((32 (33 34 ))(35 (36 (37 (38 39 )))))))))(41 (40 (42 43 )))))))))))))))))); 
ttag *!; 
ttag +49 ???; 
ttag +50 8; 
ttag +51 4; 
ttag +52 8; 
ttag +53 2; 
ttag +54 3; 
ttag +55 3; 
ttag +56 2; 
ttag +57 2; 
ttag +58 7; 
ttag +59 2; 
ttag +60 3; 
ttag +61 2; 
ttag +62 2; 
ttag +63 2; 
ttag +64 7; 
ttag +65 3; 
ttag +66 7; 
ttag +67 6; 
ttag +68 10; 
ttag +69 2; 
ttag +70 6; 
ttag +71 2; 
ttag +72 5; 
ttag +73 5; 
ttag +74 2; 
ttag +75 2; 
ttag +76 2; 
ttag +77 7; 
ttag +78 2; 
ttag +79 3; 
ttag +80 1; 
ttag +81 8; 
ttag +82 1; 
ttag +83 1; 
ttag +84 1; 
ttag +85 2; 
ttag +86 2; 
ttag +87 6; 
ttag +88 4; 
ttag +89 2; 
ttag +90 7; 
ttag +91 1; 
ttag +92 1; 
ttag +93 11; 
ttag +94 2; 
tread
'Tree with tags' 
(0 (1 ((2 3 )(4 (5 ((11 ((6 7 )(8 (9 10 ))))((12 13 )((14 ((15 (16 17 ))(18 (19 20 ))))(21 ((22 (23 (24 25 )))(26 (27 (28 ((29 (30 31 ))((45 (44 (46 (47 ((32 (33 34 ))(35 (36 (37 (38 39 )))))))))(41 (40 (42 43 )))))))))))))))))); 
ttag *!; 
ttag +0 ////; 
ttag +1 ////; 
ttag +2 ////; 
ttag +3 ////; 
ttag +4 ////; 
ttag +5 ////; 
ttag +6 ////; 
ttag +7 ////; 
ttag +8 ////; 
ttag +9 ////; 
ttag +10 ////; 
ttag +11 ////; 
ttag +12 ////; 
ttag +13 ////; 
ttag +14 ////; 
ttag +15 ////; 
ttag +16 ////; 
ttag +17 ////; 
ttag +18 ////; 
ttag +19 ////; 
ttag +20 ////; 
ttag +21 ////; 
ttag +22 ////; 
ttag +23 ////; 
ttag +24 ////; 
ttag +25 ////; 
ttag +26 ////; 
ttag +27 ////; 
ttag +28 ////; 
ttag +29 ////; 
ttag +30 ////; 
ttag +31 ////; 
ttag +32 ////; 
ttag +33 ////; 
ttag +34 ////; 
ttag +35 ////; 
ttag +36 ////; 
ttag +37 ////; 
ttag +38 ////; 
ttag +39 ////; 
ttag +40 ////; 
ttag +41 ////; 
ttag +42 ////; 
ttag +43 ////; 
ttag +44 ////; 
ttag +45 ////; 
ttag +46 ////; 
ttag +47 ////; 
ttag +48 ////; 
ttag +49 100/100/100/100/100; 
ttag +50 99/98/94/100/98; 
ttag +51 95/94/87/91/84; 
ttag +52 94/93/86/96/81; 
ttag +53 56/43/31/38/22; 
ttag +54 68/63/60/75/49; 
ttag +55 55/49/36/58/30; 
ttag +56 48/42/25/46/18; 
ttag +57 46/35/32/43/27; 
ttag +58 96/96/93/95/92; 
ttag +59 74/59/57/61/54; 
ttag +60 61/50/31/56/28; 
ttag +61 46/35/23/43/22; 
ttag +62 57/46/19/53/22; 
ttag +63 21/10/?/18/?; 
ttag +64 99/98/90/99/94; 
ttag +65 60/49/20/54/22; 
ttag +66 99/99/96/100/95; 
ttag +67 98/97/94/99/96; 
ttag +68 99/99/100/100/100; 
ttag +69 30/19/4/24/8; 
ttag +70 88/87/70/86/68; 
ttag +71 37/26/11/31/14; 
ttag +72 92/90/82/93/80; 
ttag +73 96/93/89/98/92; 
ttag +74 48/37/29/44/29; 
ttag +75 53/42/32/50/30; 
ttag +76 60/49/41/55/36; 
ttag +77 99/99/98/98/100; 
ttag +78 56/47/37/48/33; 
ttag +79 90/84/72/84/78; 
ttag +80 22/[6]/?/4/?; 
ttag +81 98/98/96/100/94; 
ttag +82 10/[12]/?/?/?; 
ttag +83 10/[12]/?/?/?; 
ttag +84 10/[12]/?/?/?; 
ttag +85 44/30/28/39/34; 
ttag +86 58/45/36/50/38; 
ttag +87 97/95/91/99/91; 
ttag +88 96/96/84/92/85; 
ttag +89 77/74/58/74/66; 
ttag +90 98/98/92/98/95; 
ttag +91 53/34/34/42/36; 
ttag +92 26/[9]/?/?/?; 
ttag +93 99/99/95/99/98; 
ttag +94 69/50/44/48/42; 
