tread
'Tree with tags' 
(0 (1 ((2 3 )((5 (4 (6 7 )(11 12 (21 (13 ((14 (18 ((15 (16 17 ))(19 20 ))))((22 (23 (24 25 )))(26 (27 (29 (28 (40 41 (42 43 )))(30 31 )((32 33 )(34 35 (36 (39 (37 38 )))))(47 (44 45 46 ))))))))))))(8 (9 10 )))))); 
ttag *!; 
ttag +49 ???; 
ttag +50 5; 
ttag +51 6; 
ttag +52 1; 
ttag +53 1; 
ttag +54 7; 
ttag +55 2; 
ttag +56 4; 
ttag +57 2; 
ttag +58 1; 
ttag +59 1; 
ttag +60 1; 
ttag +61 1; 
ttag +62 1; 
ttag +63 7; 
ttag +64 1; 
ttag +65 4; 
ttag +66 4; 
ttag +67 13; 
ttag +68 5; 
ttag +69 2; 
ttag +70 6; 
ttag +71 6; 
ttag +72 3; 
ttag +73 1; 
ttag +74 1; 
ttag +75 6; 
ttag +76 1; 
ttag +77 1; 
ttag +78 6; 
ttag +79 1; 
ttag +80 4; 
ttag +81 2; 
ttag +82 10; 
ttag +83 4; 
ttag +84 8; 
ttag +85 3; 
ttag +86 3; 
tread
'Tree with tags' 
(0 (1 ((2 3 )((5 ((4 (6 7 ))(12 (11 (21 (13 ((14 (18 ((15 (16 17 ))(19 20 ))))((22 (23 (24 25 )))(26 (27 (29 ((28 ((40 41 )(42 43 )))((30 31 )(((32 33 )(35 (34 (36 (39 (37 38 ))))))(47 (45 (44 46 )))))))))))))))))(8 (9 10 )))))); 
ttag *!; 
ttag +0 ////; 
ttag +1 ////; 
ttag +2 ////; 
ttag +3 ////; 
ttag +4 ////; 
ttag +5 ////; 
ttag +6 ////; 
ttag +7 ////; 
ttag +8 ////; 
ttag +9 ////; 
ttag +10 ////; 
ttag +11 ////; 
ttag +12 ////; 
ttag +13 ////; 
ttag +14 ////; 
ttag +15 ////; 
ttag +16 ////; 
ttag +17 ////; 
ttag +18 ////; 
ttag +19 ////; 
ttag +20 ////; 
ttag +21 ////; 
ttag +22 ////; 
ttag +23 ////; 
ttag +24 ////; 
ttag +25 ////; 
ttag +26 ////; 
ttag +27 ////; 
ttag +28 ////; 
ttag +29 ////; 
ttag +30 ////; 
ttag +31 ////; 
ttag +32 ////; 
ttag +33 ////; 
ttag +34 ////; 
ttag +35 ////; 
ttag +36 ////; 
ttag +37 ////; 
ttag +38 ////; 
ttag +39 ////; 
ttag +40 ////; 
ttag +41 ////; 
ttag +42 ////; 
ttag +43 ////; 
ttag +44 ////; 
ttag +45 ////; 
ttag +46 ////; 
ttag +47 ////; 
ttag +48 ////; 
ttag +49 100/100/100/100/100; 
ttag +50 96/95/95/96/94; 
ttag +51 96/95/85/95/90; 
ttag +52 6/[11]/?/?/?; 
ttag +53 17/0/?/0/?; 
ttag +54 23/5/1/5/1; 
ttag +55 96/94/90/98/92; 
ttag +56 58/46/41/40/30; 
ttag +57 98/98/95/98/95; 
ttag +58 76/70/64/62/51; 
ttag +59 10/[17]/?/?/?; 
ttag +60 52/41/37/56/36; 
ttag +61 18/9/1/10/6; 
ttag +62 29/20/10/14/19; 
ttag +63 56/50/34/47/40; 
ttag +64 40/34/20/45/27; 
ttag +65 92/91/85/96/88; 
ttag +66 21/[41]/?/?/?; 
ttag +67 64/44/44/51/34; 
ttag +68 66/45/46/54/38; 
ttag +69 100/100/100/100/100; 
ttag +70 95/94/85/96/88; 
ttag +71 62/54/52/62/44; 
ttag +72 92/90/84/91/86; 
ttag +73 98/97/93/96/94; 
ttag +74 58/50/39/46/48; 
ttag +75 42/13/8/18/?; 
ttag +76 27/[9]/?/?/?; 
ttag +77 16/[23]/?/?/?; 
ttag +78 74/69/63/74/60; 
ttag +79 75/67/58/66/55; 
ttag +80 8/[30]/?/?/?; 
ttag +81 28/15/12/22/8; 
ttag +82 90/88/79/89/82; 
ttag +83 18/[7]/?/?/?; 
ttag +84 50/28/16/23/13; 
ttag +85 41/23/24/38/18; 
ttag +86 89/87/77/91/83; 
ttag +87 80/72/69/79/74; 
ttag +88 100/100/100/100/100; 
ttag +89 13/[22]/?/?/?; 
ttag +90 90/88/80/87/75; 
ttag +91 100/100/98/100/100; 
ttag +92 8/[10]/?/?/?; 
ttag +93 81/73/58/75/70; 
ttag +94 82/78/69/85/66; 
