tread
'Tree with tags' 
(0 ((1 ((4 5 11 12 21 (6 7 )(14 (((8 9 10 )(18 (19 20 )))(22 (26 (27 (28 (((29 (30 31 ))((40 (41 (42 43 )))((44 45 )(46 47 ))))((32 (33 34 )(35 36 ))(37 (38 39 ))))))))))(13 (15 (16 17 ))))(23 (24 25 ))))(2 3 ))); 
ttag *!; 
ttag +49 1; 
ttag +50 ???; 
ttag +51 6; 
ttag +52 3; 
ttag +53 1; 
ttag +54 1; 
ttag +55 9; 
ttag +56 1; 
ttag +57 1; 
ttag +58 1; 
ttag +59 1; 
ttag +60 5; 
ttag +61 2; 
ttag +62 8; 
ttag +63 7; 
ttag +64 1; 
ttag +65 5; 
ttag +66 2; 
ttag +67 6; 
ttag +68 4; 
ttag +69 6; 
ttag +70 5; 
ttag +71 1; 
ttag +72 5; 
ttag +73 5; 
ttag +74 1; 
ttag +75 7; 
ttag +76 1; 
ttag +77 1; 
ttag +78 5; 
ttag +79 2; 
ttag +80 5; 
ttag +81 4; 
ttag +82 2; 
ttag +83 5; 
ttag +84 1; 
ttag +85 2; 
ttag +86 1; 
tread
'Tree with tags' 
(0 ((1 (((((4 (5 11 ))(6 7 ))(12 (13 (15 (16 17 )))))(21 (14 (((10 (8 9 ))(18 (19 20 )))(22 (26 (27 (28 (((29 (30 31 ))((40 (41 (42 43 )))((44 45 )(46 47 ))))(((32 (33 34 ))(35 36 ))(37 (38 39 ))))))))))))(23 (24 25 ))))(2 3 ))); 
ttag *!; 
ttag +0 ////; 
ttag +1 ////; 
ttag +2 ////; 
ttag +3 ////; 
ttag +4 ////; 
ttag +5 ////; 
ttag +6 ////; 
ttag +7 ////; 
ttag +8 ////; 
ttag +9 ////; 
ttag +10 ////; 
ttag +11 ////; 
ttag +12 ////; 
ttag +13 ////; 
ttag +14 ////; 
ttag +15 ////; 
ttag +16 ////; 
ttag +17 ////; 
ttag +18 ////; 
ttag +19 ////; 
ttag +20 ////; 
ttag +21 ////; 
ttag +22 ////; 
ttag +23 ////; 
ttag +24 ////; 
ttag +25 ////; 
ttag +26 ////; 
ttag +27 ////; 
ttag +28 ////; 
ttag +29 ////; 
ttag +30 ////; 
ttag +31 ////; 
ttag +32 ////; 
ttag +33 ////; 
ttag +34 ////; 
ttag +35 ////; 
ttag +36 ////; 
ttag +37 ////; 
ttag +38 ////; 
ttag +39 ////; 
ttag +40 ////; 
ttag +41 ////; 
ttag +42 ////; 
ttag +43 ////; 
ttag +44 ////; 
ttag +45 ////; 
ttag +46 ////; 
ttag +47 ////; 
ttag +48 ////; 
ttag +49 31/[27]/?/?/?; 
ttag +50 100/100/100/100/100; 
ttag +51 99/99/94/100/94; 
ttag +52 1/[5]/?/?/?; 
ttag +53 0/[10]/?/?/?; 
ttag +54 1/[9]/?/?/?; 
ttag +55 20/[4]/?/?/?; 
ttag +56 74/65/47/62/52; 
ttag +57 31/24/14/24/10; 
ttag +58 51/40/39/43/44; 
ttag +59 36/[8]/?/?/?; 
ttag +60 100/100/99/99/100; 
ttag +61 29/11/?/2/6; 
ttag +62 14/[10]/?/?/?; 
ttag +63 15/[9]/?/?/?; 
ttag +64 5/[19]/?/?/?; 
ttag +65 16/9/1/10/5; 
ttag +66 41/31/20/17/15; 
ttag +67 87/86/75/89/77; 
ttag +68 75/63/51/59/55; 
ttag +69 98/98/98/100/96; 
ttag +70 99/99/100/100/99; 
ttag +71 20/[4]/?/?/?; 
ttag +72 93/91/78/93/84; 
ttag +73 83/72/63/76/63; 
ttag +74 96/94/85/96/87; 
ttag +75 89/87/66/86/68; 
ttag +76 92/89/71/89/69; 
ttag +77 98/97/96/99/98; 
ttag +78 34/12/6/3/4; 
ttag +79 96/95/84/95/85; 
ttag +80 98/97/98/99/96; 
ttag +81 16/[16]/?/?/?; 
ttag +82 34/2/?/2/?; 
ttag +83 97/96/93/99/94; 
ttag +84 74/66/62/66/55; 
ttag +85 56/35/38/41/41; 
ttag +86 98/97/93/96/93; 
ttag +87 80/68/45/63/57; 
ttag +88 95/94/89/96/92; 
ttag +89 87/86/72/85/75; 
ttag +90 66/53/34/59/50; 
ttag +91 97/96/91/96/94; 
ttag +92 58/47/35/59/40; 
ttag +93 65/42/25/50/36; 
ttag +94 45/23/13/27/15; 
