tread
'Tree with tags' 
(0 (1 (13 (12 (14 21 (11 ((5 ((2 3 )(4 (8 (9 10 )))))(6 7 )))(((15 (16 17 ))(18 (19 20 )))((22 (23 (24 25 )))((26 (27 (28 ((32 ((33 34 )(35 (36 (37 (38 39 ))))))((40 (41 (42 43 )))(44 45 (46 47 )))))))(29 (30 31 )))))))))); 
ttag *!; 
ttag +49 ???; 
ttag +50 8; 
ttag +51 1; 
ttag +52 1; 
ttag +53 2; 
ttag +54 2; 
ttag +55 1; 
ttag +56 1; 
ttag +57 7; 
ttag +58 2; 
ttag +59 1; 
ttag +60 10; 
ttag +61 1; 
ttag +62 9; 
ttag +63 2; 
ttag +64 1; 
ttag +65 5; 
ttag +66 10; 
ttag +67 12; 
ttag +68 1; 
ttag +69 2; 
ttag +70 7; 
ttag +71 3; 
ttag +72 1; 
ttag +73 4; 
ttag +74 1; 
ttag +75 2; 
ttag +76 5; 
ttag +77 9; 
ttag +78 3; 
ttag +79 3; 
ttag +80 5; 
ttag +81 2; 
ttag +82 5; 
ttag +83 4; 
ttag +84 4; 
ttag +85 1; 
ttag +86 4; 
ttag +87 4; 
ttag +88 5; 
ttag +89 5; 
ttag +90 5; 
ttag +91 2; 
tread
'Tree with tags' 
(0 (1 (13 (12 ((11 ((5 ((2 3 )(4 (8 (9 10 )))))(6 7 )))(21 (14 (((15 (16 17 ))(18 (19 20 )))((22 (23 (24 25 )))((26 (27 (28 ((32 ((33 34 )(35 (36 (37 (38 39 ))))))((40 (41 (42 43 )))(45 (44 (46 47 ))))))))(29 (30 31 )))))))))))); 
ttag *!; 
ttag +0 ////; 
ttag +1 ////; 
ttag +2 ////; 
ttag +3 ////; 
ttag +4 ////; 
ttag +5 ////; 
ttag +6 ////; 
ttag +7 ////; 
ttag +8 ////; 
ttag +9 ////; 
ttag +10 ////; 
ttag +11 ////; 
ttag +12 ////; 
ttag +13 ////; 
ttag +14 ////; 
ttag +15 ////; 
ttag +16 ////; 
ttag +17 ////; 
ttag +18 ////; 
ttag +19 ////; 
ttag +20 ////; 
ttag +21 ////; 
ttag +22 ////; 
ttag +23 ////; 
ttag +24 ////; 
ttag +25 ////; 
ttag +26 ////; 
ttag +27 ////; 
ttag +28 ////; 
ttag +29 ////; 
ttag +30 ////; 
ttag +31 ////; 
ttag +32 ////; 
ttag +33 ////; 
ttag +34 ////; 
ttag +35 ////; 
ttag +36 ////; 
ttag +37 ////; 
ttag +38 ////; 
ttag +39 ////; 
ttag +40 ////; 
ttag +41 ////; 
ttag +42 ////; 
ttag +43 ////; 
ttag +44 ////; 
ttag +45 ////; 
ttag +46 ////; 
ttag +47 ////; 
ttag +48 ////; 
ttag +49 100/100/100/100/100; 
ttag +50 77/65/73/73/76; 
ttag +51 17/[10]/?/?/?; 
ttag +52 14/[13]/?/?/?; 
ttag +53 29/2/4/18/7; 
ttag +54 33/6/2/23/16; 
ttag +55 6/[20]/?/?/?; 
ttag +56 27/0/?/12/9; 
ttag +57 89/83/78/88/77; 
ttag +58 43/34/23/36/25; 
ttag +59 45/36/32/35/23; 
ttag +60 100/100/99/100/99; 
ttag +61 62/47/45/58/55; 
ttag +62 3/[11]/?/?/?; 
ttag +63 16/8/2/10/4; 
ttag +64 98/98/94/98/95; 
ttag +65 46/38/25/42/32; 
ttag +66 6/[8]/?/?/?; 
ttag +67 90/86/78/87/68; 
ttag +68 99/99/99/100/99; 
ttag +69 100/100/99/100/100; 
ttag +70 64/56/41/67/49; 
ttag +71 46/32/33/37/31; 
ttag +72 98/98/95/99/93; 
ttag +73 93/90/84/92/84; 
ttag +74 34/13/12/13/7; 
ttag +75 86/85/79/91/81; 
ttag +76 30/4/?/8/0; 
ttag +77 50/42/32/41/30; 
ttag +78 81/74/68/84/66; 
ttag +79 99/98/97/99/99; 
ttag +80 48/39/27/44/29; 
ttag +81 59/51/32/50/38; 
ttag +82 76/66/58/74/54; 
ttag +83 41/16/11/29/16; 
ttag +84 92/91/85/94/86; 
ttag +85 91/90/74/87/79; 
ttag +86 91/89/85/94/88; 
ttag +87 56/43/34/53/42; 
ttag +88 88/86/78/89/72; 
ttag +89 71/62/54/72/53; 
ttag +90 85/82/74/88/69; 
ttag +91 96/94/88/92/94; 
ttag +92 21/[24]/?/?/?; 
ttag +93 95/93/88/92/92; 
ttag +94 83/76/69/75/50; 
