tread
'Tree with tags' 
(0 (1 ((2 3 )(4 (5 (((6 7 )(8 (9 10 )))(11 (14 21 (12 13 )(15 (16 17 ))(18 (19 20 ))(22 (23 (24 25 )))(26 27 28 (29 (30 31 ))(32 35 (33 34 )(36 (37 (38 39 ))))(40 41 (42 43 ))(44 45 46 47 )))))))))); 
ttag *!; 
ttag +49 ???; 
ttag +50 2; 
ttag +51 5; 
ttag +52 3; 
ttag +53 8; 
ttag +54 1; 
ttag +55 3; 
ttag +56 1; 
ttag +57 10; 
ttag +58 2; 
ttag +59 3; 
ttag +60 4; 
ttag +61 4; 
ttag +62 2; 
ttag +63 1; 
ttag +64 3; 
ttag +65 4; 
ttag +66 6; 
ttag +67 8; 
ttag +68 5; 
ttag +69 2; 
ttag +70 4; 
ttag +71 3; 
ttag +72 7; 
ttag +73 5; 
ttag +74 1; 
ttag +75 3; 
ttag +76 4; 
ttag +77 6; 
ttag +78 5; 
ttag +79 1; 
tread
'Tree with tags' 
(0 (1 ((2 3 )(4 (5 (((6 7 )(8 (9 10 )))(11 (((21 (12 13 ))((26 27 )((28 ((32 ((33 34 )(35 (36 (37 (38 39 ))))))((40 (41 (42 43 )))(46 (45 (44 47 ))))))(29 (30 31 )))))((14 ((18 (19 20 ))(22 (23 (24 25 )))))(15 (16 17 ))))))))))); 
ttag *!; 
ttag +0 ////; 
ttag +1 ////; 
ttag +2 ////; 
ttag +3 ////; 
ttag +4 ////; 
ttag +5 ////; 
ttag +6 ////; 
ttag +7 ////; 
ttag +8 ////; 
ttag +9 ////; 
ttag +10 ////; 
ttag +11 ////; 
ttag +12 ////; 
ttag +13 ////; 
ttag +14 ////; 
ttag +15 ////; 
ttag +16 ////; 
ttag +17 ////; 
ttag +18 ////; 
ttag +19 ////; 
ttag +20 ////; 
ttag +21 ////; 
ttag +22 ////; 
ttag +23 ////; 
ttag +24 ////; 
ttag +25 ////; 
ttag +26 ////; 
ttag +27 ////; 
ttag +28 ////; 
ttag +29 ////; 
ttag +30 ////; 
ttag +31 ////; 
ttag +32 ////; 
ttag +33 ////; 
ttag +34 ////; 
ttag +35 ////; 
ttag +36 ////; 
ttag +37 ////; 
ttag +38 ////; 
ttag +39 ////; 
ttag +40 ////; 
ttag +41 ////; 
ttag +42 ////; 
ttag +43 ////; 
ttag +44 ////; 
ttag +45 ////; 
ttag +46 ////; 
ttag +47 ////; 
ttag +48 ////; 
ttag +49 100/100/100/100/100; 
ttag +50 78/71/68/73/78; 
ttag +51 96/95/90/98/88; 
ttag +52 82/71/60/69/70; 
ttag +53 95/94/87/96/85; 
ttag +54 44/22/27/26/19; 
ttag +55 54/33/24/41/16; 
ttag +56 29/8/3/17/?; 
ttag +57 100/100/98/100/96; 
ttag +58 80/76/65/85/67; 
ttag +59 63/57/51/71/52; 
ttag +60 80/75/61/78/71; 
ttag +61 22/8/3/6/12; 
ttag +62 13/[7]/?/?/?; 
ttag +63 59/49/38/58/39; 
ttag +64 23/[1]/?/?/?; 
ttag +65 24/4/?/?/?; 
ttag +66 80/76/77/80/68; 
ttag +67 63/56/40/53/50; 
ttag +68 83/74/65/73/68; 
ttag +69 9/[34]/?/?/?; 
ttag +70 98/98/96/98/92; 
ttag +71 89/87/80/94/76; 
ttag +72 98/98/97/100/96; 
ttag +73 89/84/68/85/74; 
ttag +74 10/[40]/?/?/?; 
ttag +75 74/71/60/75/65; 
ttag +76 45/11/4/7/10; 
ttag +77 61/43/42/51/42; 
ttag +78 93/92/88/93/87; 
ttag +79 95/94/86/88/89; 
ttag +80 100/100/96/99/98; 
ttag +81 51/31/30/30/30; 
ttag +82 96/94/94/98/92; 
ttag +83 50/27/27/8/25; 
ttag +84 33/4/10/26/20; 
ttag +85 75/66/64/63/62; 
ttag +86 94/93/90/94/88; 
ttag +87 97/96/98/97/96; 
ttag +88 97/96/94/98/97; 
ttag +89 46/26/28/24/28; 
ttag +90 48/23/14/24/19; 
ttag +91 99/99/98/98/99; 
ttag +92 38/16/18/16/14; 
ttag +93 44/23/22/26/23; 
ttag +94 70/60/54/64/53; 
