tread
'Tree with tags' 
(0 (1 ((2 3 )(4 ((5 ((6 7 )(8 (9 10 ))))(12 13 14 (11 ((15 (16 17 ))(18 (19 20 ))))(21 ((22 (23 (24 25 )))((26 27 )((28 (29 (30 31 )))((32 ((33 34 )(35 (36 (37 (38 39 ))))))((40 (41 (42 43 )))(45 (44 (46 47 ))))))))))))))); 
ttag *!; 
ttag +49 ???; 
ttag +50 2; 
ttag +51 2; 
ttag +52 4; 
ttag +53 1; 
ttag +54 1; 
ttag +55 3; 
ttag +56 1; 
ttag +57 9; 
ttag +58 2; 
ttag +59 1; 
ttag +60 1; 
ttag +61 6; 
ttag +62 3; 
ttag +63 4; 
ttag +64 2; 
ttag +65 11; 
ttag +66 1; 
ttag +67 2; 
ttag +68 4; 
ttag +69 7; 
ttag +70 11; 
ttag +71 1; 
ttag +72 1; 
ttag +73 1; 
ttag +74 1; 
ttag +75 3; 
ttag +76 4; 
ttag +77 4; 
ttag +78 1; 
ttag +79 1; 
ttag +80 1; 
ttag +81 2; 
ttag +82 2; 
ttag +83 4; 
ttag +84 1; 
ttag +85 6; 
ttag +86 5; 
ttag +87 5; 
ttag +88 8; 
ttag +89 1; 
ttag +90 1; 
ttag +91 1; 
tread
'Tree with tags' 
(0 (1 ((2 3 )(4 ((5 ((6 7 )(8 (9 10 ))))((14 ((11 ((15 (16 17 ))(18 (19 20 ))))(21 ((22 (23 (24 25 )))((26 27 )((28 (29 (30 31 )))((32 ((33 34 )(35 (36 (37 (38 39 ))))))((40 (41 (42 43 )))(45 (44 (46 47 )))))))))))(12 13 ))))))); 
ttag *!; 
ttag +0 ////; 
ttag +1 ////; 
ttag +2 ////; 
ttag +3 ////; 
ttag +4 ////; 
ttag +5 ////; 
ttag +6 ////; 
ttag +7 ////; 
ttag +8 ////; 
ttag +9 ////; 
ttag +10 ////; 
ttag +11 ////; 
ttag +12 ////; 
ttag +13 ////; 
ttag +14 ////; 
ttag +15 ////; 
ttag +16 ////; 
ttag +17 ////; 
ttag +18 ////; 
ttag +19 ////; 
ttag +20 ////; 
ttag +21 ////; 
ttag +22 ////; 
ttag +23 ////; 
ttag +24 ////; 
ttag +25 ////; 
ttag +26 ////; 
ttag +27 ////; 
ttag +28 ////; 
ttag +29 ////; 
ttag +30 ////; 
ttag +31 ////; 
ttag +32 ////; 
ttag +33 ////; 
ttag +34 ////; 
ttag +35 ////; 
ttag +36 ////; 
ttag +37 ////; 
ttag +38 ////; 
ttag +39 ////; 
ttag +40 ////; 
ttag +41 ////; 
ttag +42 ////; 
ttag +43 ////; 
ttag +44 ////; 
ttag +45 ////; 
ttag +46 ////; 
ttag +47 ////; 
ttag +48 ////; 
ttag +49 100/100/100/100/100; 
ttag +50 82/74/75/73/60; 
ttag +51 79/67/56/79/59; 
ttag +52 92/88/83/90/84; 
ttag +53 30/14/14/24/14; 
ttag +54 52/36/36/44/39; 
ttag +55 90/86/75/85/77; 
ttag +56 48/32/37/39/35; 
ttag +57 99/99/99/100/97; 
ttag +58 69/54/46/56/42; 
ttag +59 33/13/10/21/2; 
ttag +60 8/[40]/?/?/?; 
ttag +61 20/9/2/9/10; 
ttag +62 28/12/6/18/8; 
ttag +63 20/4/?/6/8; 
ttag +64 97/96/90/96/94; 
ttag +65 80/73/74/78/70; 
ttag +66 95/94/90/92/87; 
ttag +67 76/62/67/66/59; 
ttag +68 100/100/99/100/100; 
ttag +69 65/52/44/47/39; 
ttag +70 62/58/42/56/48; 
ttag +71 88/85/72/85/74; 
ttag +72 95/93/88/98/88; 
ttag +73 100/100/99/100/99; 
ttag +74 41/37/37/36/29; 
ttag +75 29/12/9/26/3; 
ttag +76 22/9/13/11/6; 
ttag +77 37/30/21/34/22; 
ttag +78 81/68/54/63/58; 
ttag +79 96/95/85/95/86; 
ttag +80 84/82/75/83/72; 
ttag +81 40/25/18/23/29; 
ttag +82 74/60/55/60/55; 
ttag +83 55/29/24/28/29; 
ttag +84 83/74/65/68/66; 
ttag +85 72/63/55/62/56; 
ttag +86 92/89/85/93/89; 
ttag +87 58/41/28/34/23; 
ttag +88 95/94/91/98/90; 
ttag +89 85/84/76/87/78; 
ttag +90 95/94/91/96/92; 
ttag +91 99/99/99/100/98; 
ttag +92 17/[14]/?/?/?; 
ttag +93 41/15/18/18/14; 
ttag +94 39/13/10/15/4; 
