tread
'Tree with tags' 
(0 (1 (3 (2 (((4 (5 (6 7 )))((12 13 )((14 ((15 (16 17 ))(18 (19 20 ))))(21 ((22 (23 (24 25 )))((28 (26 27 ))((29 (30 31 ))(((47 (32 (35 (33 34 )(36 (38 (37 39 ))))))(46 (44 45 )))(40 (41 (42 43 )))))))))))(11 (10 (8 9 )))))))); 
ttag *!; 
ttag +49 ???; 
ttag +50 2; 
ttag +51 4; 
ttag +52 1; 
ttag +53 3; 
ttag +54 10; 
ttag +55 2; 
ttag +56 2; 
ttag +57 2; 
ttag +58 4; 
ttag +59 3; 
ttag +60 2; 
ttag +61 4; 
ttag +62 3; 
ttag +63 2; 
ttag +64 9; 
ttag +65 3; 
ttag +66 3; 
ttag +67 2; 
ttag +68 11; 
ttag +69 3; 
ttag +70 6; 
ttag +71 3; 
ttag +72 3; 
ttag +73 10; 
ttag +74 1; 
ttag +75 1; 
ttag +76 3; 
ttag +77 2; 
ttag +78 2; 
ttag +79 6; 
ttag +80 7; 
ttag +81 1; 
ttag +82 2; 
ttag +83 4; 
ttag +84 4; 
ttag +85 2; 
ttag +86 1; 
ttag +87 2; 
ttag +88 2; 
ttag +89 6; 
ttag +90 2; 
ttag +91 6; 
ttag +92 1; 
ttag +93 1; 
tread
'Tree with tags' 
(0 (1 (3 (2 (((4 (5 (6 7 )))((12 13 )((14 ((15 (16 17 ))(18 (19 20 ))))(21 ((22 (23 (24 25 )))((28 (26 27 ))((29 (30 31 ))(((47 (32 ((35 (33 34 ))(36 (38 (37 39 ))))))(46 (44 45 )))(40 (41 (42 43 )))))))))))(11 (10 (8 9 )))))))); 
ttag *!; 
ttag +0 ////; 
ttag +1 ////; 
ttag +2 ////; 
ttag +3 ////; 
ttag +4 ////; 
ttag +5 ////; 
ttag +6 ////; 
ttag +7 ////; 
ttag +8 ////; 
ttag +9 ////; 
ttag +10 ////; 
ttag +11 ////; 
ttag +12 ////; 
ttag +13 ////; 
ttag +14 ////; 
ttag +15 ////; 
ttag +16 ////; 
ttag +17 ////; 
ttag +18 ////; 
ttag +19 ////; 
ttag +20 ////; 
ttag +21 ////; 
ttag +22 ////; 
ttag +23 ////; 
ttag +24 ////; 
ttag +25 ////; 
ttag +26 ////; 
ttag +27 ////; 
ttag +28 ////; 
ttag +29 ////; 
ttag +30 ////; 
ttag +31 ////; 
ttag +32 ////; 
ttag +33 ////; 
ttag +34 ////; 
ttag +35 ////; 
ttag +36 ////; 
ttag +37 ////; 
ttag +38 ////; 
ttag +39 ////; 
ttag +40 ////; 
ttag +41 ////; 
ttag +42 ////; 
ttag +43 ////; 
ttag +44 ////; 
ttag +45 ////; 
ttag +46 ////; 
ttag +47 ////; 
ttag +48 ////; 
ttag +49 100/100/100/100/100; 
ttag +50 39/13/10/14/5; 
ttag +51 63/47/37/50/48; 
ttag +52 19/10/12/10/9; 
ttag +53 18/[9]/?/?/?; 
ttag +54 99/99/97/99/98; 
ttag +55 10/[8]/?/?/?; 
ttag +56 28/10/8/11/?; 
ttag +57 25/[4]/14/4/10; 
ttag +58 76/73/72/72/66; 
ttag +59 12/[16]/?/?/?; 
ttag +60 45/34/32/42/37; 
ttag +61 32/13/10/18/8; 
ttag +62 12/[7]/?/0/?; 
ttag +63 4/[15]/?/?/?; 
ttag +64 98/98/96/98/92; 
ttag +65 19/[27]/?/?/?; 
ttag +66 72/56/45/60/47; 
ttag +67 35/0/?/?/?; 
ttag +68 100/100/100/100/100; 
ttag +69 33/26/16/18/12; 
ttag +70 88/85/70/84/70; 
ttag +71 31/16/16/20/12; 
ttag +72 86/84/72/78/71; 
ttag +73 99/99/98/99/98; 
ttag +74 34/24/21/23/32; 
ttag +75 24/6/3/4/?; 
ttag +76 65/59/44/63/53; 
ttag +77 78/64/58/62/64; 
ttag +78 47/32/24/33/20; 
ttag +79 96/95/93/97/94; 
ttag +80 94/91/91/96/89; 
ttag +81 18/[1]/5/?/?; 
ttag +82 45/34/27/40/26; 
ttag +83 76/74/59/80/64; 
ttag +84 94/92/86/93/86; 
ttag +85 24/[5]/?/?/?; 
ttag +86 83/79/70/81/71; 
ttag +87 36/26/24/22/22; 
ttag +88 84/81/61/81/66; 
ttag +89 79/70/60/68/55; 
ttag +90 94/94/86/97/87; 
ttag +91 79/75/57/70/62; 
ttag +92 99/99/97/99/96; 
ttag +93 29/15/14/16/16; 
ttag +94 26/15/7/10/?; 
