tread
'Tree with tags' 
(0 (1 ((2 3 )(5 (4 ((7 (6 (8 (9 10 ))))(11 ((12 13 )(21 (14 ((15 (16 17 ))(18 (19 20 )))))((22 (23 (24 25 )))(26 (27 (28 ((29 (30 31 ))((32 (33 34 )(35 36 37 38 39 ))(44 45 46 47 (40 (41 (42 43 )))))))))))))))))); 
ttag *!; 
ttag +49 ???; 
ttag +50 4; 
ttag +51 6; 
ttag +52 1; 
ttag +53 3; 
ttag +54 1; 
ttag +55 1; 
ttag +56 1; 
ttag +57 6; 
ttag +58 1; 
ttag +59 1; 
ttag +60 1; 
ttag +61 3; 
ttag +62 1; 
ttag +63 1; 
ttag +64 6; 
ttag +65 5; 
ttag +66 3; 
ttag +67 1; 
ttag +68 11; 
ttag +69 10; 
ttag +70 2; 
ttag +71 5; 
ttag +72 6; 
ttag +73 3; 
ttag +74 2; 
ttag +75 5; 
ttag +76 7; 
ttag +77 4; 
ttag +78 7; 
ttag +79 6; 
ttag +80 2; 
ttag +81 2; 
ttag +82 1; 
ttag +83 10; 
ttag +84 1; 
ttag +85 2; 
ttag +86 7; 
tread
'Tree with tags' 
(0 (1 ((2 3 )(5 (4 ((7 (6 (8 (9 10 ))))(11 ((12 13 )((21 (14 ((15 (16 17 ))(18 (19 20 )))))((22 (23 (24 25 )))(26 (27 (28 ((29 (30 31 ))(((32 (35 (36 (37 (38 39 )))))(33 34 ))(46 (45 (44 (47 (40 (41 (42 43 )))))))))))))))))))))); 
ttag *!; 
ttag +0 ////; 
ttag +1 ////; 
ttag +2 ////; 
ttag +3 ////; 
ttag +4 ////; 
ttag +5 ////; 
ttag +6 ////; 
ttag +7 ////; 
ttag +8 ////; 
ttag +9 ////; 
ttag +10 ////; 
ttag +11 ////; 
ttag +12 ////; 
ttag +13 ////; 
ttag +14 ////; 
ttag +15 ////; 
ttag +16 ////; 
ttag +17 ////; 
ttag +18 ////; 
ttag +19 ////; 
ttag +20 ////; 
ttag +21 ////; 
ttag +22 ////; 
ttag +23 ////; 
ttag +24 ////; 
ttag +25 ////; 
ttag +26 ////; 
ttag +27 ////; 
ttag +28 ////; 
ttag +29 ////; 
ttag +30 ////; 
ttag +31 ////; 
ttag +32 ////; 
ttag +33 ////; 
ttag +34 ////; 
ttag +35 ////; 
ttag +36 ////; 
ttag +37 ////; 
ttag +38 ////; 
ttag +39 ////; 
ttag +40 ////; 
ttag +41 ////; 
ttag +42 ////; 
ttag +43 ////; 
ttag +44 ////; 
ttag +45 ////; 
ttag +46 ////; 
ttag +47 ////; 
ttag +48 ////; 
ttag +49 100/100/100/100/100; 
ttag +50 97/96/94/96/95; 
ttag +51 97/96/86/94/90; 
ttag +52 29/11/11/11/16; 
ttag +53 78/66/49/70/57; 
ttag +54 21/6/?/?/8; 
ttag +55 9/[6]/?/?/?; 
ttag +56 22/4/3/1/8; 
ttag +57 96/95/92/94/91; 
ttag +58 44/1/9/?/5; 
ttag +59 26/8/14/12/17; 
ttag +60 48/32/25/25/25; 
ttag +61 70/68/54/72/54; 
ttag +62 16/0/?/?/?; 
ttag +63 8/[7]/?/?/?; 
ttag +64 39/24/14/24/14; 
ttag +65 97/96/93/97/90; 
ttag +66 93/92/78/89/68; 
ttag +67 87/83/77/81/75; 
ttag +68 63/40/38/34/23; 
ttag +69 100/100/100/100/100; 
ttag +70 100/100/99/100/98; 
ttag +71 44/33/29/30/24; 
ttag +72 88/82/75/80/75; 
ttag +73 97/96/96/99/96; 
ttag +74 81/74/72/82/72; 
ttag +75 64/53/46/63/51; 
ttag +76 86/83/79/87/79; 
ttag +77 99/98/97/99/95; 
ttag +78 90/89/82/91/82; 
ttag +79 98/98/99/100/99; 
ttag +80 18/[3]/?/?/?; 
ttag +81 92/90/84/94/83; 
ttag +82 62/54/36/56/31; 
ttag +83 65/56/42/69/47; 
ttag +84 52/46/35/48/27; 
ttag +85 29/8/?/7/?; 
ttag +86 50/38/19/33/20; 
ttag +87 21/[24]/?/?/?; 
ttag +88 100/100/98/100/98; 
ttag +89 11/[38]/?/?/?; 
ttag +90 6/[43]/?/?/?; 
ttag +91 10/[38]/?/?/?; 
ttag +92 65/54/44/56/40; 
ttag +93 88/83/69/72/69; 
ttag +94 100/100/98/99/98; 
