tread
'Tree with tags' 
(0 (1 ((2 3 )(4 (5 (((6 7 )(9 (8 10 )))(11 13 (12 (((14 (15 (16 17 )))(21 ((22 (23 (24 25 )))(26 (27 (28 ((((32 (35 (36 (37 (38 39 )))))(33 34 ))(40 (41 (42 43 ))))(46 (47 (44 45 ))))))(29 (30 31 ))))))(18 (19 20 ))))))))))); 
ttag *!; 
ttag +49 ???; 
ttag +50 4; 
ttag +51 3; 
ttag +52 6; 
ttag +53 2; 
ttag +54 2; 
ttag +55 1; 
ttag +56 1; 
ttag +57 2; 
ttag +58 10; 
ttag +59 1; 
ttag +60 1; 
ttag +61 2; 
ttag +62 1; 
ttag +63 2; 
ttag +64 8; 
ttag +65 4; 
ttag +66 5; 
ttag +67 4; 
ttag +68 3; 
ttag +69 7; 
ttag +70 8; 
ttag +71 4; 
ttag +72 8; 
ttag +73 2; 
ttag +74 1; 
ttag +75 1; 
ttag +76 5; 
ttag +77 3; 
ttag +78 1; 
ttag +79 6; 
ttag +80 4; 
ttag +81 4; 
ttag +82 2; 
ttag +83 2; 
ttag +84 4; 
ttag +85 6; 
ttag +86 1; 
ttag +87 4; 
ttag +88 4; 
ttag +89 4; 
ttag +90 1; 
ttag +91 2; 
ttag +92 10; 
tread
'Tree with tags' 
(0 (1 ((2 3 )(4 (5 (((6 7 )(9 (8 10 )))(13 (11 (12 (((14 (15 (16 17 )))(21 ((22 (23 (24 25 )))(26 ((27 (28 ((((32 (35 (36 (37 (38 39 )))))(33 34 ))(40 (41 (42 43 ))))(46 (47 (44 45 ))))))(29 (30 31 )))))))(18 (19 20 )))))))))))); 
ttag *!; 
ttag +0 ////; 
ttag +1 ////; 
ttag +2 ////; 
ttag +3 ////; 
ttag +4 ////; 
ttag +5 ////; 
ttag +6 ////; 
ttag +7 ////; 
ttag +8 ////; 
ttag +9 ////; 
ttag +10 ////; 
ttag +11 ////; 
ttag +12 ////; 
ttag +13 ////; 
ttag +14 ////; 
ttag +15 ////; 
ttag +16 ////; 
ttag +17 ////; 
ttag +18 ////; 
ttag +19 ////; 
ttag +20 ////; 
ttag +21 ////; 
ttag +22 ////; 
ttag +23 ////; 
ttag +24 ////; 
ttag +25 ////; 
ttag +26 ////; 
ttag +27 ////; 
ttag +28 ////; 
ttag +29 ////; 
ttag +30 ////; 
ttag +31 ////; 
ttag +32 ////; 
ttag +33 ////; 
ttag +34 ////; 
ttag +35 ////; 
ttag +36 ////; 
ttag +37 ////; 
ttag +38 ////; 
ttag +39 ////; 
ttag +40 ////; 
ttag +41 ////; 
ttag +42 ////; 
ttag +43 ////; 
ttag +44 ////; 
ttag +45 ////; 
ttag +46 ////; 
ttag +47 ////; 
ttag +48 ////; 
ttag +49 100/100/100/100/100; 
ttag +50 90/85/78/89/84; 
ttag +51 81/73/63/72/59; 
ttag +52 89/85/72/84/70; 
ttag +53 36/16/2/18/13; 
ttag +54 66/63/58/60/45; 
ttag +55 20/10/2/2/?; 
ttag +56 16/0/?/?/?; 
ttag +57 65/58/44/64/43; 
ttag +58 99/99/98/100/98; 
ttag +59 3/[16]/?/?/?; 
ttag +60 22/6/3/?/?; 
ttag +61 26/11/8/4/0; 
ttag +62 47/38/33/36/30; 
ttag +63 25/14/6/12/5; 
ttag +64 29/16/7/11/4; 
ttag +65 93/89/86/88/88; 
ttag +66 89/85/77/84/74; 
ttag +67 93/92/86/90/89; 
ttag +68 96/96/92/97/93; 
ttag +69 54/42/36/48/35; 
ttag +70 98/97/91/96/89; 
ttag +71 90/87/80/87/75; 
ttag +72 96/92/84/93/79; 
ttag +73 100/100/98/100/98; 
ttag +74 69/64/47/64/49; 
ttag +75 43/18/2/22/16; 
ttag +76 39/15/18/12/7; 
ttag +77 50/43/24/41/31; 
ttag +78 93/90/77/90/77; 
ttag +79 94/92/80/92/76; 
ttag +80 29/10/1/18/4; 
ttag +81 92/89/78/91/82; 
ttag +82 79/74/54/73/61; 
ttag +83 78/71/45/66/45; 
ttag +84 64/56/49/61/54; 
ttag +85 73/69/48/74/55; 
ttag +86 88/86/73/85/79; 
ttag +87 100/100/96/98/96; 
ttag +88 53/30/32/43/24; 
ttag +89 82/79/64/83/70; 
ttag +90 84/82/68/86/71; 
ttag +91 83/74/70/86/76; 
ttag +92 56/44/32/45/39; 
ttag +93 60/46/24/40/30; 
ttag +94 99/99/94/98/93; 
