tread
'Tree with tags' 
(0 (1 ((2 3 )(4 5 6 7 (8 9 10 )(11 ((12 13 )((14 (15 (16 17 ))(18 (19 20 )))(21 ((22 (23 (24 25 )))(26 (27 (28 ((29 (30 31 ))((32 ((33 34 )(35 (36 (37 (38 39 ))))))((40 41 (42 43 ))(45 (44 (46 47 )))))))))))))))))); 
ttag *!; 
ttag +49 ???; 
ttag +50 3; 
ttag +51 7; 
ttag +52 3; 
ttag +53 7; 
ttag +54 2; 
ttag +55 2; 
ttag +56 2; 
ttag +57 1; 
ttag +58 4; 
ttag +59 9; 
ttag +60 1; 
ttag +61 4; 
ttag +62 7; 
ttag +63 2; 
ttag +64 1; 
ttag +65 3; 
ttag +66 3; 
ttag +67 8; 
ttag +68 5; 
ttag +69 2; 
ttag +70 2; 
ttag +71 1; 
ttag +72 2; 
ttag +73 5; 
ttag +74 7; 
ttag +75 3; 
ttag +76 3; 
ttag +77 2; 
ttag +78 3; 
ttag +79 1; 
ttag +80 5; 
ttag +81 2; 
ttag +82 4; 
ttag +83 1; 
ttag +84 7; 
ttag +85 4; 
ttag +86 2; 
ttag +87 3; 
tread
'Tree with tags' 
(0 (1 ((2 3 )(4 (5 ((6 (7 (8 (9 10 ))))(11 ((12 13 )((14 ((15 (16 17 ))(18 (19 20 ))))(21 ((22 (23 (24 25 )))(26 (27 (28 ((29 (30 31 ))((32 ((33 34 )(35 (36 (37 (38 39 ))))))((41 (40 (42 43 )))(45 (44 (46 47 )))))))))))))))))))); 
ttag *!; 
ttag +0 ////; 
ttag +1 ////; 
ttag +2 ////; 
ttag +3 ////; 
ttag +4 ////; 
ttag +5 ////; 
ttag +6 ////; 
ttag +7 ////; 
ttag +8 ////; 
ttag +9 ////; 
ttag +10 ////; 
ttag +11 ////; 
ttag +12 ////; 
ttag +13 ////; 
ttag +14 ////; 
ttag +15 ////; 
ttag +16 ////; 
ttag +17 ////; 
ttag +18 ////; 
ttag +19 ////; 
ttag +20 ////; 
ttag +21 ////; 
ttag +22 ////; 
ttag +23 ////; 
ttag +24 ////; 
ttag +25 ////; 
ttag +26 ////; 
ttag +27 ////; 
ttag +28 ////; 
ttag +29 ////; 
ttag +30 ////; 
ttag +31 ////; 
ttag +32 ////; 
ttag +33 ////; 
ttag +34 ////; 
ttag +35 ////; 
ttag +36 ////; 
ttag +37 ////; 
ttag +38 ////; 
ttag +39 ////; 
ttag +40 ////; 
ttag +41 ////; 
ttag +42 ////; 
ttag +43 ////; 
ttag +44 ////; 
ttag +45 ////; 
ttag +46 ////; 
ttag +47 ////; 
ttag +48 ////; 
ttag +49 100/100/100/100/100; 
ttag +50 89/85/76/83/73; 
ttag +51 99/98/96/97/95; 
ttag +52 74/70/58/78/61; 
ttag +53 36/20/15/16/16; 
ttag +54 56/44/39/40/38; 
ttag +55 14/[2]/3/?/0; 
ttag +56 15/[43]/?/?/?; 
ttag +57 100/100/99/100/100; 
ttag +58 53/38/25/32/21; 
ttag +59 30/14/10/17/9; 
ttag +60 58/54/45/54/46; 
ttag +61 42/26/21/27/21; 
ttag +62 34/18/14/14/19; 
ttag +63 49/33/31/32/27; 
ttag +64 99/99/97/99/95; 
ttag +65 13/[13]/?/?/?; 
ttag +66 75/64/58/68/54; 
ttag +67 86/81/80/86/79; 
ttag +68 99/99/97/100/99; 
ttag +69 31/19/18/21/15; 
ttag +70 60/50/41/57/44; 
ttag +71 64/52/48/49/40; 
ttag +72 91/89/73/90/76; 
ttag +73 100/100/100/100/99; 
ttag +74 90/87/78/90/80; 
ttag +75 33/[16]/?/?/?; 
ttag +76 40/20/20/14/20; 
ttag +77 42/16/19/23/15; 
ttag +78 74/66/52/70/56; 
ttag +79 97/97/96/98/95; 
ttag +80 94/92/79/92/84; 
ttag +81 73/66/56/73/57; 
ttag +82 73/56/44/58/55; 
ttag +83 56/29/18/35/27; 
ttag +84 93/91/78/87/84; 
ttag +85 63/48/51/44/46; 
ttag +86 96/96/86/97/88; 
ttag +87 88/88/82/87/88; 
ttag +88 53/24/19/16/15; 
ttag +89 92/88/78/90/80; 
ttag +90 47/32/32/39/28; 
ttag +91 97/96/92/98/96; 
ttag +92 78/72/71/82/63; 
ttag +93 80/76/67/80/72; 
ttag +94 74/68/61/73/58; 
