tread
'Tree with tags' 
(0 ((1 (2 3 ))(4 (((13 ((5 11 )((12 ((22 (26 (27 (28 ((29 (30 31 ))(32 (33 34 )(35 36 (37 38 39 )))((41 (40 (42 43 )))(44 45 46 47 )))))))(23 (24 25 ))))(21 ((14 (15 (16 17 )))(18 (19 20 )))))))(8 (9 10 )))(6 7 ))))); 
ttag *!; 
ttag +49 1; 
ttag +50 ???; 
ttag +51 7; 
ttag +52 3; 
ttag +53 2; 
ttag +54 1; 
ttag +55 1; 
ttag +56 2; 
ttag +57 4; 
ttag +58 2; 
ttag +59 3; 
ttag +60 5; 
ttag +61 1; 
ttag +62 2; 
ttag +63 1; 
ttag +64 4; 
ttag +65 5; 
ttag +66 8; 
ttag +67 1; 
ttag +68 8; 
ttag +69 12; 
ttag +70 3; 
ttag +71 4; 
ttag +72 6; 
ttag +73 6; 
ttag +74 3; 
ttag +75 2; 
ttag +76 3; 
ttag +77 7; 
ttag +78 2; 
ttag +79 5; 
ttag +80 4; 
ttag +81 2; 
ttag +82 1; 
ttag +83 2; 
ttag +84 2; 
ttag +85 4; 
ttag +86 2; 
ttag +87 5; 
ttag +88 2; 
tread
'Tree with tags' 
(0 ((1 (2 3 ))(4 (((13 ((5 11 )((12 ((22 (26 (27 (28 (((29 (30 31 ))((41 (40 (42 43 )))(47 (46 (44 45 )))))(32 ((33 34 )(35 (36 (39 (37 38 )))))))))))(23 (24 25 ))))(21 ((14 (15 (16 17 )))(18 (19 20 )))))))(8 (9 10 )))(6 7 ))))); 
ttag *!; 
ttag +0 ////; 
ttag +1 ////; 
ttag +2 ////; 
ttag +3 ////; 
ttag +4 ////; 
ttag +5 ////; 
ttag +6 ////; 
ttag +7 ////; 
ttag +8 ////; 
ttag +9 ////; 
ttag +10 ////; 
ttag +11 ////; 
ttag +12 ////; 
ttag +13 ////; 
ttag +14 ////; 
ttag +15 ////; 
ttag +16 ////; 
ttag +17 ////; 
ttag +18 ////; 
ttag +19 ////; 
ttag +20 ////; 
ttag +21 ////; 
ttag +22 ////; 
ttag +23 ////; 
ttag +24 ////; 
ttag +25 ////; 
ttag +26 ////; 
ttag +27 ////; 
ttag +28 ////; 
ttag +29 ////; 
ttag +30 ////; 
ttag +31 ////; 
ttag +32 ////; 
ttag +33 ////; 
ttag +34 ////; 
ttag +35 ////; 
ttag +36 ////; 
ttag +37 ////; 
ttag +38 ////; 
ttag +39 ////; 
ttag +40 ////; 
ttag +41 ////; 
ttag +42 ////; 
ttag +43 ////; 
ttag +44 ////; 
ttag +45 ////; 
ttag +46 ////; 
ttag +47 ////; 
ttag +48 ////; 
ttag +49 28/[2]/?/?/?; 
ttag +50 100/100/100/100/100; 
ttag +51 98/97/97/99/95; 
ttag +52 57/43/31/46/40; 
ttag +53 18/2/2/2/?; 
ttag +54 4/[18]/?/?/?; 
ttag +55 7/[8]/?/?/?; 
ttag +56 9/[21]/?/?/?; 
ttag +57 57/42/35/52/35; 
ttag +58 51/39/32/27/24; 
ttag +59 68/59/56/69/50; 
ttag +60 96/96/90/96/92; 
ttag +61 12/[6]/?/4/?; 
ttag +62 29/15/7/20/10; 
ttag +63 22/[25]/?/?/?; 
ttag +64 76/72/60/83/54; 
ttag +65 56/54/32/54/38; 
ttag +66 98/98/95/96/92; 
ttag +67 39/0/1/1/?; 
ttag +68 99/99/94/98/96; 
ttag +69 100/100/100/100/100; 
ttag +70 91/88/74/76/62; 
ttag +71 61/53/47/67/46; 
ttag +72 95/94/91/95/95; 
ttag +73 99/98/97/98/97; 
ttag +74 76/70/62/71/49; 
ttag +75 41/9/10/29/21; 
ttag +76 64/51/56/67/52; 
ttag +77 98/98/100/98/93; 
ttag +78 18/[21]/0/?/?; 
ttag +79 86/85/73/77/78; 
ttag +80 98/98/95/96/93; 
ttag +81 85/78/69/83/68; 
ttag +82 63/38/44/47/44; 
ttag +83 28/[23]/?/?/?; 
ttag +84 55/43/37/40/27; 
ttag +85 41/10/?/?/?; 
ttag +86 46/24/24/26/23; 
ttag +87 84/81/72/77/63; 
ttag +88 59/44/42/57/48; 
ttag +89 94/93/88/94/85; 
ttag +90 48/27/26/42/29; 
ttag +91 96/96/89/96/96; 
ttag +92 4/[12]/?/?/?; 
ttag +93 4/[12]/?/?/?; 
ttag +94 44/34/25/43/37; 
