tread
'Tree with tags' 
(0 (1 (2 3 )(12 13 (11 14 21 (5 (4 ((6 7 )(16 (15 17 ))))((8 (9 10 ))(18 (19 20 ))))((22 (23 (24 25 )))(26 (27 ((28 (29 (30 31 ))((32 (35 (36 (37 38 39 ))))(33 34 )))((40 (41 (42 43 )))(46 (44 (45 47 )))))))))))); 
ttag *!; 
ttag +49 ???; 
ttag +50 7; 
ttag +51 1; 
ttag +52 1; 
ttag +53 1; 
ttag +54 6; 
ttag +55 2; 
ttag +56 2; 
ttag +57 5; 
ttag +58 1; 
ttag +59 1; 
ttag +60 5; 
ttag +61 11; 
ttag +62 6; 
ttag +63 5; 
ttag +64 2; 
ttag +65 3; 
ttag +66 4; 
ttag +67 5; 
ttag +68 1; 
ttag +69 2; 
ttag +70 1; 
ttag +71 2; 
ttag +72 8; 
ttag +73 3; 
ttag +74 1; 
ttag +75 6; 
ttag +76 3; 
ttag +77 8; 
ttag +78 1; 
ttag +79 6; 
ttag +80 7; 
ttag +81 2; 
ttag +82 6; 
ttag +83 6; 
ttag +84 1; 
ttag +85 3; 
ttag +86 3; 
tread
'Tree with tags' 
(0 ((1 (2 3 ))(12 (13 (((5 ((4 ((6 7 )(16 (15 17 ))))((8 (9 10 ))(18 (19 20 )))))((22 (23 (24 25 )))(26 (27 ((28 ((29 (30 31 ))((32 (35 (36 (37 (38 39 )))))(33 34 ))))((40 (41 (42 43 )))(46 (44 (45 47 )))))))))(11 (14 21 ))))))); 
ttag *!; 
ttag +0 ////; 
ttag +1 ////; 
ttag +2 ////; 
ttag +3 ////; 
ttag +4 ////; 
ttag +5 ////; 
ttag +6 ////; 
ttag +7 ////; 
ttag +8 ////; 
ttag +9 ////; 
ttag +10 ////; 
ttag +11 ////; 
ttag +12 ////; 
ttag +13 ////; 
ttag +14 ////; 
ttag +15 ////; 
ttag +16 ////; 
ttag +17 ////; 
ttag +18 ////; 
ttag +19 ////; 
ttag +20 ////; 
ttag +21 ////; 
ttag +22 ////; 
ttag +23 ////; 
ttag +24 ////; 
ttag +25 ////; 
ttag +26 ////; 
ttag +27 ////; 
ttag +28 ////; 
ttag +29 ////; 
ttag +30 ////; 
ttag +31 ////; 
ttag +32 ////; 
ttag +33 ////; 
ttag +34 ////; 
ttag +35 ////; 
ttag +36 ////; 
ttag +37 ////; 
ttag +38 ////; 
ttag +39 ////; 
ttag +40 ////; 
ttag +41 ////; 
ttag +42 ////; 
ttag +43 ////; 
ttag +44 ////; 
ttag +45 ////; 
ttag +46 ////; 
ttag +47 ////; 
ttag +48 ////; 
ttag +49 43/1/16/7/6; 
ttag +50 100/100/100/100/100; 
ttag +51 96/96/94/96/91; 
ttag +52 22/10/?/7/?; 
ttag +53 10/[6]/?/?/?; 
ttag +54 10/[6]/?/?/?; 
ttag +55 6/[10]/?/?/?; 
ttag +56 14/[2]/?/5/?; 
ttag +57 10/[6]/?/?/?; 
ttag +58 69/58/40/50/34; 
ttag +59 52/46/36/52/36; 
ttag +60 23/12/?/7/?; 
ttag +61 98/98/91/95/94; 
ttag +62 17/0/4/6/2; 
ttag +63 52/24/22/41/26; 
ttag +64 9/2/?/1/?; 
ttag +65 17/11/10/10/4; 
ttag +66 96/95/91/94/88; 
ttag +67 99/99/97/100/98; 
ttag +68 95/92/92/98/88; 
ttag +69 98/98/92/97/93; 
ttag +70 52/20/20/26/8; 
ttag +71 57/45/40/44/22; 
ttag +72 90/87/84/88/85; 
ttag +73 89/87/82/91/82; 
ttag +74 63/52/45/58/42; 
ttag +75 64/56/49/63/53; 
ttag +76 36/22/14/28/9; 
ttag +77 70/66/64/76/61; 
ttag +78 98/98/94/98/95; 
ttag +79 24/[12]/?/?/?; 
ttag +80 88/85/81/89/78; 
ttag +81 44/27/17/20/15; 
ttag +82 95/94/94/96/91; 
ttag +83 80/77/72/81/70; 
ttag +84 99/99/98/99/96; 
ttag +85 75/60/46/56/45; 
ttag +86 93/90/91/97/90; 
ttag +87 36/[5]/1/?/4; 
ttag +88 99/99/98/99/98; 
ttag +89 50/36/22/45/28; 
ttag +90 95/93/89/95/87; 
ttag +91 94/91/83/95/89; 
ttag +92 30/14/5/22/10; 
ttag +93 60/53/40/57/42; 
ttag +94 62/51/34/53/40; 
