tread
'Tree with tags' 
(0 (1 ((2 3 )(((11 (5 ((4 (8 (9 10 )))(6 7 ))))((12 13 )(21 (14 (18 (19 20 ))))((22 (23 (24 25 )))(26 27 28 ((29 (30 31 ))((32 (((33 34 )(37 (38 39 )))(35 36 )))(47 (45 (44 (46 ((40 41 )(42 43 ))))))))))))(16 (15 17 )))))); 
ttag *!; 
ttag +49 ???; 
ttag +50 4; 
ttag +51 2; 
ttag +52 1; 
ttag +53 1; 
ttag +54 2; 
ttag +55 1; 
ttag +56 3; 
ttag +57 7; 
ttag +58 4; 
ttag +59 6; 
ttag +60 2; 
ttag +61 3; 
ttag +62 1; 
ttag +63 1; 
ttag +64 1; 
ttag +65 2; 
ttag +66 3; 
ttag +67 11; 
ttag +68 12; 
ttag +69 4; 
ttag +70 2; 
ttag +71 3; 
ttag +72 8; 
ttag +73 2; 
ttag +74 2; 
ttag +75 2; 
ttag +76 8; 
ttag +77 2; 
ttag +78 1; 
ttag +79 6; 
ttag +80 1; 
ttag +81 2; 
ttag +82 1; 
ttag +83 5; 
ttag +84 2; 
ttag +85 1; 
ttag +86 5; 
ttag +87 1; 
ttag +88 1; 
ttag +89 1; 
ttag +90 1; 
ttag +91 4; 
tread
'Tree with tags' 
(0 (1 ((2 3 )(((11 (5 ((4 (8 (9 10 )))(6 7 ))))(((12 13 )(21 (14 (18 (19 20 )))))((22 (23 (24 25 )))(28 (26 (27 ((29 (30 31 ))((32 (((33 34 )(37 (38 39 )))(35 36 )))(47 (45 (44 (46 ((40 41 )(42 43 ))))))))))))))(16 (15 17 )))))); 
ttag *!; 
ttag +0 ////; 
ttag +1 ////; 
ttag +2 ////; 
ttag +3 ////; 
ttag +4 ////; 
ttag +5 ////; 
ttag +6 ////; 
ttag +7 ////; 
ttag +8 ////; 
ttag +9 ////; 
ttag +10 ////; 
ttag +11 ////; 
ttag +12 ////; 
ttag +13 ////; 
ttag +14 ////; 
ttag +15 ////; 
ttag +16 ////; 
ttag +17 ////; 
ttag +18 ////; 
ttag +19 ////; 
ttag +20 ////; 
ttag +21 ////; 
ttag +22 ////; 
ttag +23 ////; 
ttag +24 ////; 
ttag +25 ////; 
ttag +26 ////; 
ttag +27 ////; 
ttag +28 ////; 
ttag +29 ////; 
ttag +30 ////; 
ttag +31 ////; 
ttag +32 ////; 
ttag +33 ////; 
ttag +34 ////; 
ttag +35 ////; 
ttag +36 ////; 
ttag +37 ////; 
ttag +38 ////; 
ttag +39 ////; 
ttag +40 ////; 
ttag +41 ////; 
ttag +42 ////; 
ttag +43 ////; 
ttag +44 ////; 
ttag +45 ////; 
ttag +46 ////; 
ttag +47 ////; 
ttag +48 ////; 
ttag +49 100/100/100/100/100; 
ttag +50 82/73/60/70/56; 
ttag +51 60/36/21/30/30; 
ttag +52 24/14/10/19/12; 
ttag +53 22/13/8/19/6; 
ttag +54 30/22/8/27/9; 
ttag +55 6/[8]/?/?/?; 
ttag +56 37/20/10/28/20; 
ttag +57 96/95/87/97/88; 
ttag +58 89/87/80/90/80; 
ttag +59 98/97/93/98/97; 
ttag +60 61/52/49/69/47; 
ttag +61 53/36/45/48/39; 
ttag +62 5/[12]/?/?/?; 
ttag +63 9/[7]/?/0/?; 
ttag +64 14/1/?/1/3; 
ttag +65 2/[14]/?/?/?; 
ttag +66 48/14/16/27/12; 
ttag +67 69/61/57/66/58; 
ttag +68 100/100/99/100/99; 
ttag +69 100/100/100/100/100; 
ttag +70 83/80/79/84/78; 
ttag +71 48/40/30/47/31; 
ttag +72 83/78/70/79/71; 
ttag +73 100/100/99/100/99; 
ttag +74 14/[6]/0/?/?; 
ttag +75 66/52/36/42/37; 
ttag +76 2/[45]/?/?/?; 
ttag +77 72/60/56/61/49; 
ttag +78 64/52/48/53/42; 
ttag +79 99/99/96/98/97; 
ttag +80 84/80/66/83/76; 
ttag +81 50/38/24/34/27; 
ttag +82 93/92/79/89/86; 
ttag +83 37/21/14/18/16; 
ttag +84 68/62/48/65/53; 
ttag +85 56/48/46/52/54; 
ttag +86 82/79/72/78/64; 
ttag +87 48/26/19/26/24; 
ttag +88 60/42/30/38/29; 
ttag +89 88/86/72/88/68; 
ttag +90 20/[1]/?/?/?; 
ttag +91 13/[8]/?/?/?; 
ttag +92 18/[2]/?/?/?; 
ttag +93 48/33/21/35/28; 
ttag +94 97/96/93/95/91; 
