tread
'Tree with tags' 
(0 (1 ((2 3 )(4 5 11 12 13 (6 7 (8 (9 10 )))(14 ((15 (16 17 ))(18 (19 20 ))))(21 ((22 (23 (24 25 )))(26 (27 (28 ((29 (30 31 ))((32 ((33 34 )(35 (36 (39 (37 38 ))))))((40 (41 (42 43 )))(47 (46 (44 45 ))))))))))))))); 
ttag *!; 
ttag +49 ???; 
ttag +50 4; 
ttag +51 7; 
ttag +52 7; 
ttag +53 1; 
ttag +54 7; 
ttag +55 4; 
ttag +56 1; 
ttag +57 10; 
ttag +58 1; 
ttag +59 3; 
ttag +60 1; 
ttag +61 10; 
ttag +62 1; 
ttag +63 4; 
ttag +64 1; 
ttag +65 2; 
ttag +66 7; 
ttag +67 4; 
ttag +68 2; 
ttag +69 5; 
ttag +70 2; 
ttag +71 1; 
ttag +72 5; 
ttag +73 6; 
ttag +74 7; 
ttag +75 6; 
ttag +76 3; 
ttag +77 2; 
ttag +78 6; 
ttag +79 1; 
ttag +80 5; 
ttag +81 7; 
ttag +82 2; 
ttag +83 1; 
ttag +84 7; 
ttag +85 1; 
ttag +86 2; 
ttag +87 4; 
tread
'Tree with tags' 
(0 (1 ((2 3 )(4 (5 ((7 (6 (8 (9 10 ))))(((11 13 )(12 (14 ((15 (16 17 ))(18 (19 20 ))))))(21 ((22 (23 (24 25 )))(26 (27 (28 ((29 (30 31 ))((32 ((33 34 )(35 (36 (39 (37 38 ))))))((40 (41 (42 43 )))(47 (46 (44 45 )))))))))))))))))); 
ttag *!; 
ttag +0 ////; 
ttag +1 ////; 
ttag +2 ////; 
ttag +3 ////; 
ttag +4 ////; 
ttag +5 ////; 
ttag +6 ////; 
ttag +7 ////; 
ttag +8 ////; 
ttag +9 ////; 
ttag +10 ////; 
ttag +11 ////; 
ttag +12 ////; 
ttag +13 ////; 
ttag +14 ////; 
ttag +15 ////; 
ttag +16 ////; 
ttag +17 ////; 
ttag +18 ////; 
ttag +19 ////; 
ttag +20 ////; 
ttag +21 ////; 
ttag +22 ////; 
ttag +23 ////; 
ttag +24 ////; 
ttag +25 ////; 
ttag +26 ////; 
ttag +27 ////; 
ttag +28 ////; 
ttag +29 ////; 
ttag +30 ////; 
ttag +31 ////; 
ttag +32 ////; 
ttag +33 ////; 
ttag +34 ////; 
ttag +35 ////; 
ttag +36 ////; 
ttag +37 ////; 
ttag +38 ////; 
ttag +39 ////; 
ttag +40 ////; 
ttag +41 ////; 
ttag +42 ////; 
ttag +43 ////; 
ttag +44 ////; 
ttag +45 ////; 
ttag +46 ////; 
ttag +47 ////; 
ttag +48 ////; 
ttag +49 100/100/100/100/100; 
ttag +50 94/91/88/93/88; 
ttag +51 98/96/94/97/95; 
ttag +52 98/98/94/99/96; 
ttag +53 16/[35]/?/?/?; 
ttag +54 20/[28]/?/?/?; 
ttag +55 54/46/44/50/46; 
ttag +56 20/[2]/?/1/?; 
ttag +57 99/98/96/99/98; 
ttag +58 97/97/94/95/95; 
ttag +59 11/[10]/?/?/?; 
ttag +60 1/[25]/?/?/?; 
ttag +61 6/[20]/?/?/?; 
ttag +62 1/[25]/?/?/?; 
ttag +63 18/[8]/?/?/?; 
ttag +64 100/100/99/99/98; 
ttag +65 15/[11]/?/?/?; 
ttag +66 88/83/76/85/77; 
ttag +67 68/52/41/54/48; 
ttag +68 100/100/100/100/99; 
ttag +69 14/3/?/?/?; 
ttag +70 90/87/75/91/82; 
ttag +71 31/20/11/14/10; 
ttag +72 69/50/47/62/45; 
ttag +73 99/99/98/99/97; 
ttag +74 78/75/53/80/52; 
ttag +75 60/44/25/51/30; 
ttag +76 74/71/50/76/50; 
ttag +77 74/61/61/72/59; 
ttag +78 42/24/14/24/22; 
ttag +79 94/93/89/95/92; 
ttag +80 93/91/83/96/81; 
ttag +81 84/82/68/86/67; 
ttag +82 94/93/84/94/85; 
ttag +83 70/59/39/72/31; 
ttag +84 82/76/73/84/66; 
ttag +85 95/94/86/94/87; 
ttag +86 51/41/37/44/36; 
ttag +87 99/99/94/98/94; 
ttag +88 96/94/82/90/79; 
ttag +89 74/69/52/66/54; 
ttag +90 58/35/15/27/23; 
ttag +91 98/97/95/96/94; 
ttag +92 50/40/28/38/40; 
ttag +93 45/30/17/30/10; 
ttag +94 75/68/68/84/67; 
