tread
'Tree with tags' 
(0 (1 ((2 3 )((4 5 11 12 13 21 (6 7 )(14 (15 (16 17 ))(18 (19 20 )))(22 (23 (24 25 )))(26 27 (28 ((29 30 31 )(44 45 46 47 ((32 (35 (36 (39 (37 38 )))))(33 34 ))(40 41 (42 43 )))))))(8 9 10 ))))); 
ttag *!; 
ttag +49 ???; 
ttag +50 3; 
ttag +51 6; 
ttag +52 2; 
ttag +53 5; 
ttag +54 1; 
ttag +55 6; 
ttag +56 1; 
ttag +57 7; 
ttag +58 1; 
ttag +59 9; 
ttag +60 9; 
ttag +61 3; 
ttag +62 8; 
ttag +63 5; 
ttag +64 3; 
ttag +65 2; 
ttag +66 7; 
ttag +67 2; 
ttag +68 3; 
ttag +69 5; 
ttag +70 1; 
ttag +71 2; 
ttag +72 2; 
ttag +73 6; 
ttag +74 2; 
ttag +75 11; 
ttag +76 5; 
ttag +77 6; 
tread
'Tree with tags' 
(0 (1 ((2 3 )(((4 (11 ((13 (12 (5 (14 ((15 (16 17 ))(18 (19 20 )))))))(21 ((22 (23 (24 25 )))((26 27 )(28 ((29 (30 31 ))(((32 (35 (36 (39 (37 38 )))))(33 34 ))((40 (41 (42 43 )))(45 (44 (46 47 )))))))))))))(6 7 ))(8 (9 10 )))))); 
ttag *!; 
ttag +0 ////; 
ttag +1 ////; 
ttag +2 ////; 
ttag +3 ////; 
ttag +4 ////; 
ttag +5 ////; 
ttag +6 ////; 
ttag +7 ////; 
ttag +8 ////; 
ttag +9 ////; 
ttag +10 ////; 
ttag +11 ////; 
ttag +12 ////; 
ttag +13 ////; 
ttag +14 ////; 
ttag +15 ////; 
ttag +16 ////; 
ttag +17 ////; 
ttag +18 ////; 
ttag +19 ////; 
ttag +20 ////; 
ttag +21 ////; 
ttag +22 ////; 
ttag +23 ////; 
ttag +24 ////; 
ttag +25 ////; 
ttag +26 ////; 
ttag +27 ////; 
ttag +28 ////; 
ttag +29 ////; 
ttag +30 ////; 
ttag +31 ////; 
ttag +32 ////; 
ttag +33 ////; 
ttag +34 ////; 
ttag +35 ////; 
ttag +36 ////; 
ttag +37 ////; 
ttag +38 ////; 
ttag +39 ////; 
ttag +40 ////; 
ttag +41 ////; 
ttag +42 ////; 
ttag +43 ////; 
ttag +44 ////; 
ttag +45 ////; 
ttag +46 ////; 
ttag +47 ////; 
ttag +48 ////; 
ttag +49 100/100/100/100/100; 
ttag +50 96/93/89/93/88; 
ttag +51 96/94/89/95/89; 
ttag +52 21/17/7/14/7; 
ttag +53 59/48/27/58/33; 
ttag +54 93/90/83/93/82; 
ttag +55 12/[11]/?/?/?; 
ttag +56 3/[20]/?/?/?; 
ttag +57 1/[15]/?/?/?; 
ttag +58 24/14/6/18/4; 
ttag +59 18/5/7/11/11; 
ttag +60 57/52/35/55/47; 
ttag +61 98/98/94/98/94; 
ttag +62 44/7/0/11/13; 
ttag +63 18/[5]/?/?/?; 
ttag +64 98/98/93/98/95; 
ttag +65 16/[7]/?/?/?; 
ttag +66 69/51/43/51/44; 
ttag +67 99/98/97/97/96; 
ttag +68 95/93/88/96/91; 
ttag +69 29/21/13/27/12; 
ttag +70 56/50/40/56/33; 
ttag +71 39/31/20/37/22; 
ttag +72 99/98/97/99/96; 
ttag +73 97/97/93/97/96; 
ttag +74 24/0/11/?/14; 
ttag +75 63/60/48/64/41; 
ttag +76 48/32/27/37/24; 
ttag +77 100/100/96/100/98; 
ttag +78 59/53/43/52/41; 
ttag +79 52/24/10/14/20; 
ttag +80 90/88/74/86/70; 
ttag +81 91/89/81/90/78; 
ttag +82 51/36/18/36/19; 
ttag +83 73/64/57/74/52; 
ttag +84 78/74/63/81/57; 
ttag +85 97/97/88/96/88; 
ttag +86 80/73/57/69/57; 
ttag +87 99/99/100/99/98; 
ttag +88 94/93/90/96/93; 
ttag +89 65/55/49/57/48; 
ttag +90 31/[10]/3/?/?; 
ttag +91 98/97/98/98/96; 
ttag +92 15/[22]/?/?/?; 
ttag +93 44/32/23/27/28; 
ttag +94 14/[23]/?/?/?; 
