tread
'Tree with tags' 
(0 (1 ((2 3 )(11 (4 (5 ((6 7 )(8 (9 10 )))(12 13 )((14 (15 (16 17 ))(18 (19 20 )))(21 ((22 (23 (24 25 )))((26 27 )(28 ((29 (30 31 ))((34 (33 (32 35 (36 (37 (38 39 ))))))((40 (41 (42 43 )))((44 45 )(46 47 )))))))))))))))); 
ttag *!; 
ttag +49 ???; 
ttag +50 4; 
ttag +51 7; 
ttag +52 1; 
ttag +53 6; 
ttag +54 1; 
ttag +55 1; 
ttag +56 1; 
ttag +57 8; 
ttag +58 2; 
ttag +59 1; 
ttag +60 1; 
ttag +61 1; 
ttag +62 2; 
ttag +63 3; 
ttag +64 3; 
ttag +65 10; 
ttag +66 2; 
ttag +67 1; 
ttag +68 3; 
ttag +69 8; 
ttag +70 5; 
ttag +71 2; 
ttag +72 3; 
ttag +73 3; 
ttag +74 5; 
ttag +75 1; 
ttag +76 5; 
ttag +77 4; 
ttag +78 1; 
ttag +79 6; 
ttag +80 3; 
ttag +81 4; 
ttag +82 5; 
ttag +83 2; 
ttag +84 2; 
ttag +85 2; 
ttag +86 3; 
ttag +87 11; 
ttag +88 1; 
ttag +89 3; 
ttag +90 1; 
tread
'Tree with tags' 
(0 (1 ((2 3 )(11 (4 ((5 ((14 ((15 (16 17 ))(18 (19 20 ))))(21 ((22 (23 (24 25 )))((26 27 )(28 ((29 (30 31 ))((34 (33 (32 (35 (36 (37 (38 39 )))))))((40 (41 (42 43 )))((44 45 )(46 47 )))))))))))(((6 7 )(8 (9 10 )))(12 13 )))))))); 
ttag *!; 
ttag +0 ////; 
ttag +1 ////; 
ttag +2 ////; 
ttag +3 ////; 
ttag +4 ////; 
ttag +5 ////; 
ttag +6 ////; 
ttag +7 ////; 
ttag +8 ////; 
ttag +9 ////; 
ttag +10 ////; 
ttag +11 ////; 
ttag +12 ////; 
ttag +13 ////; 
ttag +14 ////; 
ttag +15 ////; 
ttag +16 ////; 
ttag +17 ////; 
ttag +18 ////; 
ttag +19 ////; 
ttag +20 ////; 
ttag +21 ////; 
ttag +22 ////; 
ttag +23 ////; 
ttag +24 ////; 
ttag +25 ////; 
ttag +26 ////; 
ttag +27 ////; 
ttag +28 ////; 
ttag +29 ////; 
ttag +30 ////; 
ttag +31 ////; 
ttag +32 ////; 
ttag +33 ////; 
ttag +34 ////; 
ttag +35 ////; 
ttag +36 ////; 
ttag +37 ////; 
ttag +38 ////; 
ttag +39 ////; 
ttag +40 ////; 
ttag +41 ////; 
ttag +42 ////; 
ttag +43 ////; 
ttag +44 ////; 
ttag +45 ////; 
ttag +46 ////; 
ttag +47 ////; 
ttag +48 ////; 
ttag +49 100/100/100/100/100; 
ttag +50 96/94/89/92/92; 
ttag +51 98/98/88/97/87; 
ttag +52 16/[19]/?/?/?; 
ttag +53 96/95/83/96/82; 
ttag +54 6/[6]/?/?/?; 
ttag +55 18/5/?/6/2; 
ttag +56 83/81/85/80/77; 
ttag +57 46/30/22/18/25; 
ttag +58 11/0/?/?/0; 
ttag +59 100/100/99/100/98; 
ttag +60 80/70/60/64/61; 
ttag +61 64/53/38/60/50; 
ttag +62 28/15/11/21/8; 
ttag +63 35/22/17/22/11; 
ttag +64 80/75/75/76/73; 
ttag +65 22/1/1/7/2; 
ttag +66 84/77/60/80/68; 
ttag +67 84/77/64/74/60; 
ttag +68 100/100/100/100/100; 
ttag +69 61/56/38/59/38; 
ttag +70 42/27/10/32/21; 
ttag +71 72/64/52/69/56; 
ttag +72 99/99/95/99/98; 
ttag +73 96/96/91/91/86; 
ttag +74 65/62/68/61/60; 
ttag +75 53/39/39/53/36; 
ttag +76 60/52/49/62/49; 
ttag +77 89/87/78/90/78; 
ttag +78 48/38/32/36/35; 
ttag +79 92/90/80/91/85; 
ttag +80 94/93/84/96/85; 
ttag +81 37/15/3/22/6; 
ttag +82 94/93/92/96/88; 
ttag +83 89/88/83/88/81; 
ttag +84 40/9/?/4/1; 
ttag +85 96/95/93/93/90; 
ttag +86 92/91/83/94/82; 
ttag +87 73/72/66/80/66; 
ttag +88 71/63/58/69/54; 
ttag +89 51/41/47/53/42; 
ttag +90 85/82/77/86/66; 
ttag +91 100/100/99/100/100; 
ttag +92 57/47/30/45/44; 
ttag +93 81/77/58/74/62; 
ttag +94 46/36/15/29/27; 
