tread
'Tree with tags' 
(0 (1 ((2 3 )(4 5 6 7 11 12 21 (8 (9 10 ))(13 14 )(15 (16 17 ))(18 (19 20 ))(22 (23 (24 25 )))(26 (27 (28 (((29 (30 31 ))(44 (45 47 (46 (40 (41 (42 43 )))))))(33 (34 (32 (35 (36 (37 38 39 )))))))))))))); 
ttag *!; 
ttag +49 ???; 
ttag +50 1; 
ttag +51 7; 
ttag +52 4; 
ttag +53 8; 
ttag +54 5; 
ttag +55 1; 
ttag +56 5; 
ttag +57 1; 
ttag +58 5; 
ttag +59 3; 
ttag +60 4; 
ttag +61 8; 
ttag +62 2; 
ttag +63 6; 
ttag +64 3; 
ttag +65 2; 
ttag +66 3; 
ttag +67 1; 
ttag +68 1; 
ttag +69 7; 
ttag +70 4; 
ttag +71 4; 
ttag +72 6; 
ttag +73 3; 
ttag +74 3; 
ttag +75 6; 
ttag +76 6; 
ttag +77 1; 
ttag +78 3; 
ttag +79 4; 
ttag +80 5; 
ttag +81 3; 
tread
'Tree with tags' 
(0 (1 ((2 3 )(7 (4 (5 (11 ((6 (12 ((15 (16 17 ))(18 (19 20 )))))((8 (9 10 ))((13 14 )(21 ((22 (23 (24 25 )))(26 (27 (28 (((29 (30 31 ))(44 (45 (47 (46 (40 (41 (42 43 ))))))))(33 (34 (32 (35 (36 (39 (37 38 ))))))))))))))))))))))); 
ttag *!; 
ttag +0 ////; 
ttag +1 ////; 
ttag +2 ////; 
ttag +3 ////; 
ttag +4 ////; 
ttag +5 ////; 
ttag +6 ////; 
ttag +7 ////; 
ttag +8 ////; 
ttag +9 ////; 
ttag +10 ////; 
ttag +11 ////; 
ttag +12 ////; 
ttag +13 ////; 
ttag +14 ////; 
ttag +15 ////; 
ttag +16 ////; 
ttag +17 ////; 
ttag +18 ////; 
ttag +19 ////; 
ttag +20 ////; 
ttag +21 ////; 
ttag +22 ////; 
ttag +23 ////; 
ttag +24 ////; 
ttag +25 ////; 
ttag +26 ////; 
ttag +27 ////; 
ttag +28 ////; 
ttag +29 ////; 
ttag +30 ////; 
ttag +31 ////; 
ttag +32 ////; 
ttag +33 ////; 
ttag +34 ////; 
ttag +35 ////; 
ttag +36 ////; 
ttag +37 ////; 
ttag +38 ////; 
ttag +39 ////; 
ttag +40 ////; 
ttag +41 ////; 
ttag +42 ////; 
ttag +43 ////; 
ttag +44 ////; 
ttag +45 ////; 
ttag +46 ////; 
ttag +47 ////; 
ttag +48 ////; 
ttag +49 100/100/100/100/100; 
ttag +50 56/24/16/36/24; 
ttag +51 99/98/88/98/92; 
ttag +52 8/[11]/?/?/?; 
ttag +53 81/76/62/78/61; 
ttag +54 13/[6]/?/?/?; 
ttag +55 1/[18]/?/?/?; 
ttag +56 4/[15]/?/?/?; 
ttag +57 6/[13]/?/?/?; 
ttag +58 100/100/99/100/99; 
ttag +59 1/[18]/?/?/?; 
ttag +60 97/97/93/96/86; 
ttag +61 8/[3]/?/4/?; 
ttag +62 34/22/18/33/21; 
ttag +63 1/[10]/?/?/?; 
ttag +64 96/95/90/94/91; 
ttag +65 24/11/14/22/16; 
ttag +66 74/66/55/68/56; 
ttag +67 95/94/91/97/97; 
ttag +68 99/98/97/98/99; 
ttag +69 38/28/22/35/26; 
ttag +70 79/69/60/75/61; 
ttag +71 21/[20]/?/?/?; 
ttag +72 98/96/93/97/94; 
ttag +73 66/42/32/36/38; 
ttag +74 95/94/84/92/80; 
ttag +75 60/50/32/47/28; 
ttag +76 32/16/7/20/8; 
ttag +77 66/60/52/60/48; 
ttag +78 18/[15]/?/?/?; 
ttag +79 41/23/26/20/18; 
ttag +80 98/98/97/99/99; 
ttag +81 45/8/2/4/?; 
ttag +82 36/[2]/?/?/?; 
ttag +83 87/85/72/91/84; 
ttag +84 76/71/60/70/60; 
ttag +85 66/60/40/61/53; 
ttag +86 30/[2]/?/?/?; 
ttag +87 85/81/71/90/79; 
ttag +88 83/79/72/86/69; 
ttag +89 18/0/?/?/?; 
ttag +90 8/[24]/?/?/?; 
ttag +91 30/10/3/5/1; 
ttag +92 58/47/41/53/29; 
ttag +93 88/84/78/90/80; 
ttag +94 76/67/53/67/53; 
