tread
'Tree with tags' 
(0 (1 ((2 3 )(4 (5 ((6 7 (8 (9 10 )))(11 14 21 (12 13 )(18 (15 (16 17 ))(19 20 ))((22 (23 (24 25 )))(26 27 )((28 40 41 (29 (30 31 ))(42 43 )(46 (45 (44 47 ))))(32 (33 34 )(35 (36 (37 38 39 ))))))))))))); 
ttag *!; 
ttag +49 ???; 
ttag +50 5; 
ttag +51 5; 
ttag +52 5; 
ttag +53 4; 
ttag +54 1; 
ttag +55 4; 
ttag +56 13; 
ttag +57 1; 
ttag +58 1; 
ttag +59 2; 
ttag +60 9; 
ttag +61 1; 
ttag +62 2; 
ttag +63 10; 
ttag +64 8; 
ttag +65 3; 
ttag +66 2; 
ttag +67 7; 
ttag +68 2; 
ttag +69 1; 
ttag +70 1; 
ttag +71 3; 
ttag +72 5; 
ttag +73 7; 
ttag +74 2; 
ttag +75 3; 
ttag +76 4; 
ttag +77 4; 
ttag +78 4; 
ttag +79 1; 
ttag +80 3; 
ttag +81 2; 
tread
'Tree with tags' 
(0 (1 ((2 3 )(4 (5 ((7 (6 (8 (9 10 ))))(((14 (11 ((15 (16 17 ))(18 (19 20 )))))(21 ((22 (23 (24 25 )))((26 27 )((((28 (29 (30 31 )))(40 (41 (42 43 ))))(46 (45 (44 47 ))))(32 ((33 34 )(35 (36 (37 (38 39 )))))))))))(12 13 )))))))); 
ttag *!; 
ttag +0 ////; 
ttag +1 ////; 
ttag +2 ////; 
ttag +3 ////; 
ttag +4 ////; 
ttag +5 ////; 
ttag +6 ////; 
ttag +7 ////; 
ttag +8 ////; 
ttag +9 ////; 
ttag +10 ////; 
ttag +11 ////; 
ttag +12 ////; 
ttag +13 ////; 
ttag +14 ////; 
ttag +15 ////; 
ttag +16 ////; 
ttag +17 ////; 
ttag +18 ////; 
ttag +19 ////; 
ttag +20 ////; 
ttag +21 ////; 
ttag +22 ////; 
ttag +23 ////; 
ttag +24 ////; 
ttag +25 ////; 
ttag +26 ////; 
ttag +27 ////; 
ttag +28 ////; 
ttag +29 ////; 
ttag +30 ////; 
ttag +31 ////; 
ttag +32 ////; 
ttag +33 ////; 
ttag +34 ////; 
ttag +35 ////; 
ttag +36 ////; 
ttag +37 ////; 
ttag +38 ////; 
ttag +39 ////; 
ttag +40 ////; 
ttag +41 ////; 
ttag +42 ////; 
ttag +43 ////; 
ttag +44 ////; 
ttag +45 ////; 
ttag +46 ////; 
ttag +47 ////; 
ttag +48 ////; 
ttag +49 100/100/100/100/100; 
ttag +50 98/97/89/98/88; 
ttag +51 93/91/76/90/75; 
ttag +52 89/87/69/86/70; 
ttag +53 64/46/21/54/19; 
ttag +54 16/[22]/?/?/?; 
ttag +55 39/26/20/26/25; 
ttag +56 62/58/40/62/38; 
ttag +57 100/100/100/100/100; 
ttag +58 65/54/49/63/41; 
ttag +59 8/[10]/?/?/?; 
ttag +60 10/[6]/?/?/?; 
ttag +61 6/[10]/?/?/?; 
ttag +62 16/0/?/7/2; 
ttag +63 71/67/56/68/48; 
ttag +64 100/100/98/100/99; 
ttag +65 24/5/6/8/8; 
ttag +66 84/80/75/82/77; 
ttag +67 31/7/2/3/10; 
ttag +68 100/100/100/100/100; 
ttag +69 16/6/7/3/3; 
ttag +70 97/96/95/96/92; 
ttag +71 70/64/42/61/45; 
ttag +72 56/25/18/18/8; 
ttag +73 100/100/99/99/99; 
ttag +74 81/77/76/81/79; 
ttag +75 28/7/3/1/?; 
ttag +76 10/[15]/?/?/?; 
ttag +77 30/11/6/13/7; 
ttag +78 36/22/11/17/10; 
ttag +79 23/2/?/?/?; 
ttag +80 79/76/62/77/62; 
ttag +81 99/99/98/100/98; 
ttag +82 98/97/95/98/96; 
ttag +83 86/78/71/88/73; 
ttag +84 20/[13]/?/?/?; 
ttag +85 65/49/41/60/45; 
ttag +86 81/74/65/72/66; 
ttag +87 88/84/76/82/76; 
ttag +88 34/[9]/?/?/?; 
ttag +89 62/49/60/60/58; 
ttag +90 58/30/30/38/18; 
ttag +91 98/97/94/97/92; 
ttag +92 70/60/50/63/52; 
ttag +93 95/94/84/96/89; 
ttag +94 84/82/76/81/74; 
