tread
'Tree with tags' 
(0 (1 ((2 3 )(4 (5 ((7 (6 (10 (8 9 ))))(12 (11 (13 (14 21 (15 (16 17 ))(18 (19 20 ))((22 (23 (24 25 )))(26 (27 (28 ((29 (30 31 ))((32 ((33 34 )(35 (36 (37 (38 39 ))))))((40 (41 (42 43 )))(47 (44 45 46 ))))))))))))))))))); 
ttag *!; 
ttag +49 ???; 
ttag +50 3; 
ttag +51 5; 
ttag +52 3; 
ttag +53 1; 
ttag +54 1; 
ttag +55 2; 
ttag +56 1; 
ttag +57 2; 
ttag +58 11; 
ttag +59 1; 
ttag +60 1; 
ttag +61 1; 
ttag +62 1; 
ttag +63 9; 
ttag +64 2; 
ttag +65 7; 
ttag +66 9; 
ttag +67 9; 
ttag +68 5; 
ttag +69 10; 
ttag +70 8; 
ttag +71 3; 
ttag +72 1; 
ttag +73 4; 
ttag +74 7; 
ttag +75 4; 
ttag +76 2; 
ttag +77 7; 
ttag +78 2; 
ttag +79 3; 
ttag +80 2; 
ttag +81 2; 
ttag +82 5; 
ttag +83 5; 
ttag +84 1; 
ttag +85 6; 
ttag +86 2; 
ttag +87 2; 
ttag +88 7; 
ttag +89 1; 
ttag +90 7; 
tread
'Tree with tags' 
(0 (1 ((2 3 )(4 (5 ((7 (6 (10 (8 9 ))))(12 (11 (13 ((14 (18 (19 20 )))(21 ((15 (16 17 ))((22 (23 (24 25 )))(26 (27 (28 ((29 (30 31 ))((32 ((33 34 )(35 (36 (37 (38 39 ))))))((40 (41 (42 43 )))(47 (45 (44 46 )))))))))))))))))))))); 
ttag *!; 
ttag +0 ////; 
ttag +1 ////; 
ttag +2 ////; 
ttag +3 ////; 
ttag +4 ////; 
ttag +5 ////; 
ttag +6 ////; 
ttag +7 ////; 
ttag +8 ////; 
ttag +9 ////; 
ttag +10 ////; 
ttag +11 ////; 
ttag +12 ////; 
ttag +13 ////; 
ttag +14 ////; 
ttag +15 ////; 
ttag +16 ////; 
ttag +17 ////; 
ttag +18 ////; 
ttag +19 ////; 
ttag +20 ////; 
ttag +21 ////; 
ttag +22 ////; 
ttag +23 ////; 
ttag +24 ////; 
ttag +25 ////; 
ttag +26 ////; 
ttag +27 ////; 
ttag +28 ////; 
ttag +29 ////; 
ttag +30 ////; 
ttag +31 ////; 
ttag +32 ////; 
ttag +33 ////; 
ttag +34 ////; 
ttag +35 ////; 
ttag +36 ////; 
ttag +37 ////; 
ttag +38 ////; 
ttag +39 ////; 
ttag +40 ////; 
ttag +41 ////; 
ttag +42 ////; 
ttag +43 ////; 
ttag +44 ////; 
ttag +45 ////; 
ttag +46 ////; 
ttag +47 ////; 
ttag +48 ////; 
ttag +49 100/100/100/100/100; 
ttag +50 91/88/82/87/86; 
ttag +51 94/92/88/94/91; 
ttag +52 62/50/38/53/30; 
ttag +53 23/11/3/13/4; 
ttag +54 37/3/?/?/1; 
ttag +55 44/32/22/16/21; 
ttag +56 18/6/3/12/2; 
ttag +57 64/55/52/43/46; 
ttag +58 100/100/100/100/99; 
ttag +59 46/41/21/30/26; 
ttag +60 38/28/19/14/15; 
ttag +61 41/36/14/28/18; 
ttag +62 10/[14]/?/?/?; 
ttag +63 50/30/21/39/30; 
ttag +64 100/100/98/100/100; 
ttag +65 13/[16]/?/?/?; 
ttag +66 19/[5]/?/?/?; 
ttag +67 95/94/90/91/86; 
ttag +68 100/100/96/100/97; 
ttag +69 100/100/99/100/100; 
ttag +70 99/99/98/99/100; 
ttag +71 90/89/80/93/80; 
ttag +72 100/100/96/99/100; 
ttag +73 100/100/98/99/100; 
ttag +74 68/61/56/61/46; 
ttag +75 51/34/21/30/24; 
ttag +76 67/60/50/59/45; 
ttag +77 93/92/86/95/87; 
ttag +78 76/69/60/74/53; 
ttag +79 82/75/65/77/65; 
ttag +80 92/90/92/97/87; 
ttag +81 43/26/28/30/32; 
ttag +82 48/23/15/24/18; 
ttag +83 36/0/?/6/?; 
ttag +84 56/35/22/36/26; 
ttag +85 90/84/76/84/72; 
ttag +86 99/99/97/98/95; 
ttag +87 68/64/50/61/59; 
ttag +88 95/94/92/94/88; 
ttag +89 67/53/39/46/41; 
ttag +90 48/29/17/31/14; 
ttag +91 97/96/94/99/91; 
ttag +92 32/11/14/9/2; 
ttag +93 48/31/29/39/26; 
ttag +94 100/100/94/98/95; 
