tread
'Tree with tags' 
(0 (1 ((2 3 )(4 (5 (7 (6 (10 (8 9 ))))(11 12 13 14 21 ((15 16 17 )(18 (19 20 )))((22 (23 (24 25 )))(26 (27 (28 ((29 (30 31 ))((32 (33 34 )(35 (36 (37 (38 39 )))))(40 41 (42 43 ))(46 47 (44 45 )))))))))))))); 
ttag *!; 
ttag +49 ???; 
ttag +50 4; 
ttag +51 6; 
ttag +52 5; 
ttag +53 3; 
ttag +54 1; 
ttag +55 2; 
ttag +56 1; 
ttag +57 5; 
ttag +58 1; 
ttag +59 3; 
ttag +60 2; 
ttag +61 6; 
ttag +62 5; 
ttag +63 3; 
ttag +64 7; 
ttag +65 4; 
ttag +66 5; 
ttag +67 5; 
ttag +68 1; 
ttag +69 4; 
ttag +70 3; 
ttag +71 3; 
ttag +72 6; 
ttag +73 7; 
ttag +74 2; 
ttag +75 2; 
ttag +76 5; 
ttag +77 1; 
ttag +78 7; 
ttag +79 2; 
ttag +80 2; 
ttag +81 5; 
ttag +82 2; 
ttag +83 1; 
tread
'Tree with tags' 
(0 (1 ((2 3 )(4 ((5 (7 (6 (10 (8 9 )))))(11 (((12 13 )(21 ((22 (23 (24 25 )))(26 (27 (28 ((29 (30 31 ))((((32 (33 34 ))(35 (36 (37 (38 39 )))))((40 41 )(42 43 )))(47 (46 (44 45 )))))))))))(14 ((17 (15 16 ))(18 (19 20 ))))))))))); 
ttag *!; 
ttag +0 ////; 
ttag +1 ////; 
ttag +2 ////; 
ttag +3 ////; 
ttag +4 ////; 
ttag +5 ////; 
ttag +6 ////; 
ttag +7 ////; 
ttag +8 ////; 
ttag +9 ////; 
ttag +10 ////; 
ttag +11 ////; 
ttag +12 ////; 
ttag +13 ////; 
ttag +14 ////; 
ttag +15 ////; 
ttag +16 ////; 
ttag +17 ////; 
ttag +18 ////; 
ttag +19 ////; 
ttag +20 ////; 
ttag +21 ////; 
ttag +22 ////; 
ttag +23 ////; 
ttag +24 ////; 
ttag +25 ////; 
ttag +26 ////; 
ttag +27 ////; 
ttag +28 ////; 
ttag +29 ////; 
ttag +30 ////; 
ttag +31 ////; 
ttag +32 ////; 
ttag +33 ////; 
ttag +34 ////; 
ttag +35 ////; 
ttag +36 ////; 
ttag +37 ////; 
ttag +38 ////; 
ttag +39 ////; 
ttag +40 ////; 
ttag +41 ////; 
ttag +42 ////; 
ttag +43 ////; 
ttag +44 ////; 
ttag +45 ////; 
ttag +46 ////; 
ttag +47 ////; 
ttag +48 ////; 
ttag +49 100/100/100/100/100; 
ttag +50 96/96/89/96/94; 
ttag +51 96/95/87/97/83; 
ttag +52 80/73/54/76/59; 
ttag +53 18/6/6/10/4; 
ttag +54 48/39/24/44/28; 
ttag +55 39/9/?/10/?; 
ttag +56 52/40/30/48/33; 
ttag +57 36/27/23/33/22; 
ttag +58 98/97/94/98/95; 
ttag +59 24/12/0/15/3; 
ttag +60 14/[13]/?/?/?; 
ttag +61 7/[1]/?/?/?; 
ttag +62 17/[6]/?/?/?; 
ttag +63 22/[2]/?/?/?; 
ttag +64 67/49/42/38/48; 
ttag +65 95/92/86/97/88; 
ttag +66 69/55/38/48/34; 
ttag +67 96/96/97/93/94; 
ttag +68 98/98/88/96/94; 
ttag +69 14/[13]/?/?/?; 
ttag +70 88/84/64/83/66; 
ttag +71 94/92/84/94/92; 
ttag +72 93/90/85/93/84; 
ttag +73 93/90/89/96/93; 
ttag +74 86/81/63/86/66; 
ttag +75 40/11/6/26/?; 
ttag +76 69/55/37/62/36; 
ttag +77 87/84/82/90/81; 
ttag +78 54/39/27/40/21; 
ttag +79 95/94/88/96/84; 
ttag +80 21/[20]/?/?/?; 
ttag +81 97/96/85/97/86; 
ttag +82 21/[27]/?/?/?; 
ttag +83 48/38/33/47/28; 
ttag +84 84/81/70/82/69; 
ttag +85 94/92/82/94/84; 
ttag +86 62/44/50/65/51; 
ttag +87 99/99/97/100/98; 
ttag +88 80/72/59/80/72; 
ttag +89 12/[43]/?/?/?; 
ttag +90 74/68/54/76/54; 
ttag +91 98/97/97/98/96; 
ttag +92 72/64/57/75/53; 
ttag +93 20/8/10/7/6; 
ttag +94 58/46/36/46/32; 
