tread
'Tree with tags' 
(0 (1 ((2 3 )(4 (5 ((6 7 )(11 (8 9 10 )(12 13 14 21 (15 (16 17 ))(18 (19 20 ))(26 27 28 (22 (23 (24 25 )))(29 (30 31 ))((32 35 (33 34 )(36 (37 (38 39 ))))(40 (41 (42 43 )))(44 45 46 47 ))))))))))); 
ttag *!; 
ttag +49 ???; 
ttag +50 3; 
ttag +51 5; 
ttag +52 7; 
ttag +53 4; 
ttag +54 2; 
ttag +55 3; 
ttag +56 6; 
ttag +57 2; 
ttag +58 1; 
ttag +59 6; 
ttag +60 2; 
ttag +61 3; 
ttag +62 8; 
ttag +63 3; 
ttag +64 2; 
ttag +65 4; 
ttag +66 5; 
ttag +67 1; 
ttag +68 6; 
ttag +69 4; 
ttag +70 2; 
ttag +71 3; 
ttag +72 5; 
ttag +73 1; 
ttag +74 1; 
ttag +75 3; 
ttag +76 4; 
ttag +77 7; 
ttag +78 3; 
tread
'Tree with tags' 
(0 (1 ((2 3 )(4 (5 ((6 7 )((10 (8 9 ))(11 ((14 (12 13 ))((21 ((15 (16 17 ))((22 (23 (24 25 )))(26 (27 ((28 (29 (30 31 )))(((32 ((33 34 )(35 (36 (37 (38 39 ))))))(40 (41 (42 43 ))))(46 (44 (45 47 ))))))))))(18 (19 20 )))))))))))); 
ttag *!; 
ttag +0 ////; 
ttag +1 ////; 
ttag +2 ////; 
ttag +3 ////; 
ttag +4 ////; 
ttag +5 ////; 
ttag +6 ////; 
ttag +7 ////; 
ttag +8 ////; 
ttag +9 ////; 
ttag +10 ////; 
ttag +11 ////; 
ttag +12 ////; 
ttag +13 ////; 
ttag +14 ////; 
ttag +15 ////; 
ttag +16 ////; 
ttag +17 ////; 
ttag +18 ////; 
ttag +19 ////; 
ttag +20 ////; 
ttag +21 ////; 
ttag +22 ////; 
ttag +23 ////; 
ttag +24 ////; 
ttag +25 ////; 
ttag +26 ////; 
ttag +27 ////; 
ttag +28 ////; 
ttag +29 ////; 
ttag +30 ////; 
ttag +31 ////; 
ttag +32 ////; 
ttag +33 ////; 
ttag +34 ////; 
ttag +35 ////; 
ttag +36 ////; 
ttag +37 ////; 
ttag +38 ////; 
ttag +39 ////; 
ttag +40 ////; 
ttag +41 ////; 
ttag +42 ////; 
ttag +43 ////; 
ttag +44 ////; 
ttag +45 ////; 
ttag +46 ////; 
ttag +47 ////; 
ttag +48 ////; 
ttag +49 100/100/100/100/100; 
ttag +50 83/76/68/82/71; 
ttag +51 94/92/76/92/85; 
ttag +52 98/97/88/96/92; 
ttag +53 87/84/68/87/75; 
ttag +54 90/89/85/88/84; 
ttag +55 68/58/37/60/43; 
ttag +56 51/15/3/12/?; 
ttag +57 100/100/94/100/96; 
ttag +58 49/36/16/42/29; 
ttag +59 28/[6]/5/6/8; 
ttag +60 28/14/6/14/6; 
ttag +61 13/[13]/?/?/?; 
ttag +62 49/40/31/46/38; 
ttag +63 98/97/96/99/96; 
ttag +64 16/[9]/?/?/?; 
ttag +65 8/[18]/?/?/?; 
ttag +66 11/2/1/8/5; 
ttag +67 77/68/60/71/66; 
ttag +68 86/80/73/84/79; 
ttag +69 100/100/100/100/99; 
ttag +70 87/82/80/89/72; 
ttag +71 68/65/42/73/50; 
ttag +72 97/95/91/98/94; 
ttag +73 92/88/75/94/83; 
ttag +74 42/14/36/24/24; 
ttag +75 28/[3]/6/1/?; 
ttag +76 9/[13]/?/?/?; 
ttag +77 41/20/31/28/26; 
ttag +78 68/60/54/56/54; 
ttag +79 99/99/97/98/98; 
ttag +80 94/92/87/96/89; 
ttag +81 27/6/?/9/3; 
ttag +82 89/85/67/83/67; 
ttag +83 88/84/82/89/82; 
ttag +84 38/19/17/15/13; 
ttag +85 13/[5]/?/?/?; 
ttag +86 92/92/89/96/89; 
ttag +87 60/36/30/32/19; 
ttag +88 54/30/20/25/14; 
ttag +89 86/84/75/91/73; 
ttag +90 93/92/84/96/88; 
ttag +91 98/98/96/100/96; 
ttag +92 0/[18]/?/?/?; 
ttag +93 80/72/68/80/76; 
ttag +94 35/20/20/27/9; 
