tread
'Tree with tags' 
(0 (1 (2 3 )(4 (5 ((6 7 )(8 (9 10 ))(11 (12 13 (14 21 (15 (16 17 ))(18 (19 20 ))(22 (23 (24 25 ))((26 27 )(28 ((29 (30 31 ))((32 (33 34 )(35 (36 (37 38 39 ))))(40 (41 (42 43 ))))(44 47 (45 46 )))))))))))))); 
ttag *!; 
ttag +49 ???; 
ttag +50 6; 
ttag +51 5; 
ttag +52 4; 
ttag +53 3; 
ttag +54 2; 
ttag +55 6; 
ttag +56 2; 
ttag +57 2; 
ttag +58 1; 
ttag +59 1; 
ttag +60 6; 
ttag +61 1; 
ttag +62 8; 
ttag +63 10; 
ttag +64 2; 
ttag +65 6; 
ttag +66 4; 
ttag +67 2; 
ttag +68 1; 
ttag +69 2; 
ttag +70 2; 
ttag +71 2; 
ttag +72 7; 
ttag +73 4; 
ttag +74 1; 
ttag +75 1; 
ttag +76 2; 
ttag +77 7; 
ttag +78 5; 
ttag +79 5; 
ttag +80 6; 
ttag +81 6; 
ttag +82 1; 
ttag +83 1; 
tread
'Tree with tags' 
(0 ((1 (2 3 ))(4 (5 (((6 7 )(8 (9 10 )))(11 (13 (12 ((14 ((15 (16 17 ))(18 (19 20 ))))(21 ((22 (23 (24 25 )))((26 27 )(28 ((29 (30 31 ))(((32 ((33 34 )(35 (36 (39 (37 38 ))))))(40 (41 (42 43 ))))(44 (47 (45 46 )))))))))))))))))); 
ttag *!; 
ttag +0 ////; 
ttag +1 ////; 
ttag +2 ////; 
ttag +3 ////; 
ttag +4 ////; 
ttag +5 ////; 
ttag +6 ////; 
ttag +7 ////; 
ttag +8 ////; 
ttag +9 ////; 
ttag +10 ////; 
ttag +11 ////; 
ttag +12 ////; 
ttag +13 ////; 
ttag +14 ////; 
ttag +15 ////; 
ttag +16 ////; 
ttag +17 ////; 
ttag +18 ////; 
ttag +19 ////; 
ttag +20 ////; 
ttag +21 ////; 
ttag +22 ////; 
ttag +23 ////; 
ttag +24 ////; 
ttag +25 ////; 
ttag +26 ////; 
ttag +27 ////; 
ttag +28 ////; 
ttag +29 ////; 
ttag +30 ////; 
ttag +31 ////; 
ttag +32 ////; 
ttag +33 ////; 
ttag +34 ////; 
ttag +35 ////; 
ttag +36 ////; 
ttag +37 ////; 
ttag +38 ////; 
ttag +39 ////; 
ttag +40 ////; 
ttag +41 ////; 
ttag +42 ////; 
ttag +43 ////; 
ttag +44 ////; 
ttag +45 ////; 
ttag +46 ////; 
ttag +47 ////; 
ttag +48 ////; 
ttag +49 34/[2]/18/10/15; 
ttag +50 100/100/100/100/100; 
ttag +51 99/99/94/98/94; 
ttag +52 95/94/88/95/90; 
ttag +53 90/88/72/86/75; 
ttag +54 93/92/85/90/89; 
ttag +55 46/7/12/15/7; 
ttag +56 78/74/56/72/57; 
ttag +57 95/94/91/96/90; 
ttag +58 70/63/39/59/43; 
ttag +59 76/73/52/69/55; 
ttag +60 22/11/5/7/?; 
ttag +61 63/61/38/49/31; 
ttag +62 4/[25]/?/?/?; 
ttag +63 38/32/17/30/15; 
ttag +64 99/99/97/99/95; 
ttag +65 53/31/35/34/26; 
ttag +66 59/37/33/44/46; 
ttag +67 100/100/98/99/98; 
ttag +68 100/100/100/100/100; 
ttag +69 13/[16]/?/?/?; 
ttag +70 42/22/19/14/15; 
ttag +71 78/75/48/78/57; 
ttag +72 100/100/98/100/98; 
ttag +73 95/94/81/94/91; 
ttag +74 87/84/79/86/76; 
ttag +75 65/61/48/68/49; 
ttag +76 69/58/49/68/51; 
ttag +77 80/73/52/77/62; 
ttag +78 80/78/64/77/63; 
ttag +79 100/100/99/100/97; 
ttag +80 96/94/87/96/87; 
ttag +81 81/76/66/74/61; 
ttag +82 44/22/25/20/17; 
ttag +83 76/63/64/73/60; 
ttag +84 28/5/4/12/3; 
ttag +85 91/88/82/85/77; 
ttag +86 100/100/99/99/98; 
ttag +87 32/[4]/?/?/0; 
ttag +88 96/96/90/96/80; 
ttag +89 99/99/97/99/94; 
ttag +90 100/100/98/100/95; 
ttag +91 98/98/97/99/97; 
ttag +92 74/65/60/69/62; 
ttag +93 55/44/38/42/28; 
ttag +94 11/[4]/6/2/?; 
