tread
'Tree with tags' 
(0 ((1 (2 3 ))(4 5 11 12 13 21 ((6 7 )(8 (9 10 )))(14 (18 (15 (16 17 ))(19 20 )))(26 27 28 (22 (23 (24 25 )))((29 (30 31 ))((32 35 (33 34 )(36 (37 (38 39 ))))(44 45 46 47 (40 (41 (42 43 )))))))))); 
ttag *!; 
ttag +49 1; 
ttag +50 ???; 
ttag +51 7; 
ttag +52 4; 
ttag +53 2; 
ttag +54 2; 
ttag +55 13; 
ttag +56 3; 
ttag +57 2; 
ttag +58 3; 
ttag +59 2; 
ttag +60 4; 
ttag +61 13; 
ttag +62 2; 
ttag +63 3; 
ttag +64 5; 
ttag +65 10; 
ttag +66 3; 
ttag +67 3; 
ttag +68 1; 
ttag +69 2; 
ttag +70 1; 
ttag +71 9; 
ttag +72 2; 
ttag +73 2; 
ttag +74 2; 
ttag +75 4; 
ttag +76 1; 
ttag +77 2; 
ttag +78 6; 
tread
'Tree with tags' 
(0 ((1 (2 3 ))(21 (((4 (5 ((6 7 )(8 (9 10 )))))(12 (11 13 )))((14 ((18 (15 (16 17 )))(19 20 )))((22 (23 (24 25 )))(26 (27 (28 ((29 (30 31 ))((32 ((33 34 )(35 (36 (37 (38 39 ))))))((47 (40 (41 (42 43 ))))(44 (45 46 )))))))))))))); 
ttag *!; 
ttag +0 ////; 
ttag +1 ////; 
ttag +2 ////; 
ttag +3 ////; 
ttag +4 ////; 
ttag +5 ////; 
ttag +6 ////; 
ttag +7 ////; 
ttag +8 ////; 
ttag +9 ////; 
ttag +10 ////; 
ttag +11 ////; 
ttag +12 ////; 
ttag +13 ////; 
ttag +14 ////; 
ttag +15 ////; 
ttag +16 ////; 
ttag +17 ////; 
ttag +18 ////; 
ttag +19 ////; 
ttag +20 ////; 
ttag +21 ////; 
ttag +22 ////; 
ttag +23 ////; 
ttag +24 ////; 
ttag +25 ////; 
ttag +26 ////; 
ttag +27 ////; 
ttag +28 ////; 
ttag +29 ////; 
ttag +30 ////; 
ttag +31 ////; 
ttag +32 ////; 
ttag +33 ////; 
ttag +34 ////; 
ttag +35 ////; 
ttag +36 ////; 
ttag +37 ////; 
ttag +38 ////; 
ttag +39 ////; 
ttag +40 ////; 
ttag +41 ////; 
ttag +42 ////; 
ttag +43 ////; 
ttag +44 ////; 
ttag +45 ////; 
ttag +46 ////; 
ttag +47 ////; 
ttag +48 ////; 
ttag +49 45/28/24/35/28; 
ttag +50 100/100/100/100/100; 
ttag +51 93/90/84/92/80; 
ttag +52 24/3/?/?/?; 
ttag +53 22/1/2/?/?; 
ttag +54 8/[18]/?/?/?; 
ttag +55 63/57/36/68/30; 
ttag +56 20/2/1/3/?; 
ttag +57 69/63/56/64/53; 
ttag +58 58/50/34/45/33; 
ttag +59 100/100/100/100/99; 
ttag +60 95/94/92/94/88; 
ttag +61 31/22/13/16/9; 
ttag +62 10/0/?/?/?; 
ttag +63 33/22/8/18/8; 
ttag +64 14/[13]/?/?/?; 
ttag +65 91/89/89/93/87; 
ttag +66 38/[1]/13/4/?; 
ttag +67 70/64/49/61/59; 
ttag +68 88/86/78/94/81; 
ttag +69 100/100/100/100/100; 
ttag +70 75/64/41/58/45; 
ttag +71 68/62/40/62/34; 
ttag +72 99/99/99/98/98; 
ttag +73 99/99/99/100/100; 
ttag +74 40/21/17/18/17; 
ttag +75 28/2/?/?/?; 
ttag +76 36/10/3/4/?; 
ttag +77 92/90/88/88/85; 
ttag +78 77/71/54/74/46; 
ttag +79 78/68/58/62/62; 
ttag +80 81/72/61/81/61; 
ttag +81 61/51/34/45/36; 
ttag +82 99/99/97/99/97; 
ttag +83 26/6/8/1/?; 
ttag +84 51/40/19/34/25; 
ttag +85 82/80/64/84/73; 
ttag +86 84/81/66/84/70; 
ttag +87 75/70/64/77/58; 
ttag +88 80/77/73/81/66; 
ttag +89 34/18/6/22/9; 
ttag +90 73/64/66/57/55; 
ttag +91 66/54/48/59/39; 
ttag +92 100/100/100/100/99; 
ttag +93 14/[26]/?/?/?; 
ttag +94 11/[29]/?/?/?; 
