tread
'Tree with tags' 
(0 (1 ((2 3 )((4 (5 (6 7 )(12 13 (14 (11 ((15 (16 17 ))(18 (19 20 )))))(21 (22 (23 (24 25 ))(26 27 (28 (29 (30 31 ))(44 45 46 47 (33 34 (32 (35 (36 (38 (37 39 ))))))(40 (41 (42 43 )))))))))))(8 (9 10 )))))); 
ttag *!; 
ttag +49 ???; 
ttag +50 6; 
ttag +51 2; 
ttag +52 2; 
ttag +53 6; 
ttag +54 1; 
ttag +55 2; 
ttag +56 2; 
ttag +57 3; 
ttag +58 1; 
ttag +59 1; 
ttag +60 4; 
ttag +61 4; 
ttag +62 6; 
ttag +63 6; 
ttag +64 3; 
ttag +65 12; 
ttag +66 2; 
ttag +67 3; 
ttag +68 5; 
ttag +69 5; 
ttag +70 1; 
ttag +71 2; 
ttag +72 8; 
ttag +73 4; 
ttag +74 1; 
ttag +75 2; 
ttag +76 5; 
ttag +77 1; 
ttag +78 1; 
ttag +79 1; 
ttag +80 1; 
ttag +81 10; 
ttag +82 1; 
ttag +83 7; 
tread
'Tree with tags' 
(0 (1 ((2 3 )((4 ((5 (6 7 ))((13 (14 (11 ((15 (16 17 ))(18 (19 20 ))))))(12 (21 ((22 (23 (24 25 )))(26 (27 (28 ((29 (30 31 ))(44 (45 (46 (47 ((34 (33 (32 (35 (36 (38 (37 39 )))))))(40 (41 (42 43 ))))))))))))))))))(8 (9 10 )))))); 
ttag *!; 
ttag +0 ////; 
ttag +1 ////; 
ttag +2 ////; 
ttag +3 ////; 
ttag +4 ////; 
ttag +5 ////; 
ttag +6 ////; 
ttag +7 ////; 
ttag +8 ////; 
ttag +9 ////; 
ttag +10 ////; 
ttag +11 ////; 
ttag +12 ////; 
ttag +13 ////; 
ttag +14 ////; 
ttag +15 ////; 
ttag +16 ////; 
ttag +17 ////; 
ttag +18 ////; 
ttag +19 ////; 
ttag +20 ////; 
ttag +21 ////; 
ttag +22 ////; 
ttag +23 ////; 
ttag +24 ////; 
ttag +25 ////; 
ttag +26 ////; 
ttag +27 ////; 
ttag +28 ////; 
ttag +29 ////; 
ttag +30 ////; 
ttag +31 ////; 
ttag +32 ////; 
ttag +33 ////; 
ttag +34 ////; 
ttag +35 ////; 
ttag +36 ////; 
ttag +37 ////; 
ttag +38 ////; 
ttag +39 ////; 
ttag +40 ////; 
ttag +41 ////; 
ttag +42 ////; 
ttag +43 ////; 
ttag +44 ////; 
ttag +45 ////; 
ttag +46 ////; 
ttag +47 ////; 
ttag +48 ////; 
ttag +49 100/100/100/100/100; 
ttag +50 100/100/98/99/98; 
ttag +51 69/49/38/45/47; 
ttag +52 53/42/29/44/27; 
ttag +53 91/88/76/87/81; 
ttag +54 12/[20]/?/?/?; 
ttag +55 50/44/28/42/24; 
ttag +56 64/53/48/58/48; 
ttag +57 83/79/76/80/73; 
ttag +58 89/84/78/87/77; 
ttag +59 20/1/?/14/?; 
ttag +60 28/10/?/22/3; 
ttag +61 6/[11]/?/?/?; 
ttag +62 76/73/53/74/52; 
ttag +63 20/2/?/8/?; 
ttag +64 91/88/80/93/79; 
ttag +65 82/75/67/81/73; 
ttag +66 98/98/91/97/96; 
ttag +67 66/56/28/65/36; 
ttag +68 100/100/100/100/100; 
ttag +69 42/31/22/36/19; 
ttag +70 32/16/9/12/17; 
ttag +71 52/41/27/44/32; 
ttag +72 97/96/91/97/94; 
ttag +73 93/90/83/94/84; 
ttag +74 37/25/14/26/4; 
ttag +75 18/[31]/?/?/?; 
ttag +76 38/30/18/36/17; 
ttag +77 99/98/96/100/96; 
ttag +78 23/3/?/6/?; 
ttag +79 91/87/76/88/84; 
ttag +80 41/29/30/29/21; 
ttag +81 28/[3]/?/?/?; 
ttag +82 72/63/49/59/54; 
ttag +83 24/7/2/?/?; 
ttag +84 13/0/?/?/?; 
ttag +85 2/[17]/?/?/?; 
ttag +86 8/[12]/?/?/?; 
ttag +87 89/88/84/92/77; 
ttag +88 46/38/34/38/25; 
ttag +89 34/18/20/21/18; 
ttag +90 34/26/27/27/18; 
ttag +91 28/11/0/8/?; 
ttag +92 100/100/98/100/99; 
ttag +93 48/6/12/22/25; 
ttag +94 100/100/100/100/98; 
