tread
'Tree with tags' 
(0 (1 ((4 (2 3 ))(((5 11 )((6 7 )((12 13 )((14 ((15 (16 17 ))(18 (19 20 ))))(21 ((22 (23 (24 25 )))(26 (27 (28 (((29 (30 31 ))(32 ((33 34 )(35 (36 39 (37 38 ))))))((41 (40 (42 43 )))(44 45 (46 47 )))))))))))))(8 (9 10 )))))); 
ttag *!; 
ttag +49 ???; 
ttag +50 9; 
ttag +51 1; 
ttag +52 5; 
ttag +53 1; 
ttag +54 1; 
ttag +55 2; 
ttag +56 2; 
ttag +57 1; 
ttag +58 8; 
ttag +59 4; 
ttag +60 1; 
ttag +61 3; 
ttag +62 1; 
ttag +63 1; 
ttag +64 4; 
ttag +65 1; 
ttag +66 4; 
ttag +67 11; 
ttag +68 6; 
ttag +69 4; 
ttag +70 1; 
ttag +71 1; 
ttag +72 2; 
ttag +73 9; 
ttag +74 10; 
ttag +75 1; 
ttag +76 2; 
ttag +77 6; 
ttag +78 1; 
ttag +79 4; 
ttag +80 4; 
ttag +81 4; 
ttag +82 1; 
ttag +83 2; 
ttag +84 2; 
ttag +85 1; 
ttag +86 2; 
ttag +87 1; 
ttag +88 3; 
ttag +89 1; 
ttag +90 10; 
ttag +91 4; 
ttag +92 1; 
tread
'Tree with tags' 
(0 (1 ((4 (2 3 ))(((5 11 )((6 7 )((12 13 )((14 ((15 (16 17 ))(18 (19 20 ))))(21 ((22 (23 (24 25 )))(26 (27 (28 (((29 (30 31 ))(32 ((33 34 )(35 (39 (36 (37 38 )))))))((41 (40 (42 43 )))(45 (44 (46 47 ))))))))))))))(8 (9 10 )))))); 
ttag *!; 
ttag +0 ////; 
ttag +1 ////; 
ttag +2 ////; 
ttag +3 ////; 
ttag +4 ////; 
ttag +5 ////; 
ttag +6 ////; 
ttag +7 ////; 
ttag +8 ////; 
ttag +9 ////; 
ttag +10 ////; 
ttag +11 ////; 
ttag +12 ////; 
ttag +13 ////; 
ttag +14 ////; 
ttag +15 ////; 
ttag +16 ////; 
ttag +17 ////; 
ttag +18 ////; 
ttag +19 ////; 
ttag +20 ////; 
ttag +21 ////; 
ttag +22 ////; 
ttag +23 ////; 
ttag +24 ////; 
ttag +25 ////; 
ttag +26 ////; 
ttag +27 ////; 
ttag +28 ////; 
ttag +29 ////; 
ttag +30 ////; 
ttag +31 ////; 
ttag +32 ////; 
ttag +33 ////; 
ttag +34 ////; 
ttag +35 ////; 
ttag +36 ////; 
ttag +37 ////; 
ttag +38 ////; 
ttag +39 ////; 
ttag +40 ////; 
ttag +41 ////; 
ttag +42 ////; 
ttag +43 ////; 
ttag +44 ////; 
ttag +45 ////; 
ttag +46 ////; 
ttag +47 ////; 
ttag +48 ////; 
ttag +49 100/100/100/100/100; 
ttag +50 99/99/99/100/100; 
ttag +51 38/0/1/3/?; 
ttag +52 94/92/84/92/88; 
ttag +53 42/28/15/29/25; 
ttag +54 14/[20]/?/?/?; 
ttag +55 46/32/21/35/30; 
ttag +56 80/78/68/73/72; 
ttag +57 7/[27]/?/?/?; 
ttag +58 99/99/98/99/99; 
ttag +59 92/88/78/90/86; 
ttag +60 31/24/23/24/24; 
ttag +61 54/43/30/34/26; 
ttag +62 16/[16]/?/?/?; 
ttag +63 38/26/15/18/8; 
ttag +64 88/85/81/82/76; 
ttag +65 35/2/?/?/?; 
ttag +66 87/81/72/80/72; 
ttag +67 100/100/100/100/100; 
ttag +68 100/100/99/98/98; 
ttag +69 66/54/46/65/46; 
ttag +70 36/21/19/27/15; 
ttag +71 44/30/23/21/20; 
ttag +72 73/62/52/65/56; 
ttag +73 99/99/98/100/99; 
ttag +74 98/98/98/98/96; 
ttag +75 53/43/32/44/31; 
ttag +76 52/42/41/45/36; 
ttag +77 98/97/98/98/94; 
ttag +78 14/[16]/?/?/?; 
ttag +79 78/71/65/76/63; 
ttag +80 96/96/90/96/96; 
ttag +81 85/80/70/84/76; 
ttag +82 55/47/37/40/36; 
ttag +83 79/78/71/70/68; 
ttag +84 68/53/44/63/54; 
ttag +85 2/[11]/?/?/?; 
ttag +86 60/45/41/44/32; 
ttag +87 78/75/68/77/64; 
ttag +88 57/29/28/28/22; 
ttag +89 72/68/61/75/56; 
ttag +90 36/5/?/1/?; 
ttag +91 100/100/99/100/99; 
ttag +92 14/[13]/?/?/?; 
ttag +93 71/68/56/73/52; 
ttag +94 40/28/15/33/18; 
