tread
'Tree with tags' 
(0 (1 (4 (2 3 )(5 6 7 (8 (9 10 ))((11 (14 21 ((15 16 17 )(18 (19 20 )))(22 (23 (24 25 )))(26 (27 (28 ((29 (30 31 ))(46 (32 (33 34 )(35 36 (37 (38 39 ))))(40 41 (42 43 ))(44 45 47 ))))))))(12 13 )))))); 
ttag *!; 
ttag +49 ???; 
ttag +50 7; 
ttag +51 1; 
ttag +52 1; 
ttag +53 8; 
ttag +54 3; 
ttag +55 1; 
ttag +56 1; 
ttag +57 2; 
ttag +58 3; 
ttag +59 5; 
ttag +60 3; 
ttag +61 2; 
ttag +62 7; 
ttag +63 3; 
ttag +64 7; 
ttag +65 7; 
ttag +66 3; 
ttag +67 2; 
ttag +68 1; 
ttag +69 3; 
ttag +70 1; 
ttag +71 2; 
ttag +72 8; 
ttag +73 1; 
ttag +74 1; 
ttag +75 4; 
ttag +76 1; 
ttag +77 4; 
ttag +78 4; 
ttag +79 3; 
ttag +80 1; 
tread
'Tree with tags' 
(0 (1 (4 ((2 3 )(5 (7 (6 ((8 (9 10 ))((11 ((14 (21 ((22 (23 (24 25 )))(26 (27 (28 ((29 (30 31 ))((46 (((32 (36 (35 (37 (38 39 )))))(33 34 ))(45 (44 47 ))))(41 (40 (42 43 )))))))))))((17 (15 16 ))(18 (19 20 )))))(12 13 )))))))))); 
ttag *!; 
ttag +0 ////; 
ttag +1 ////; 
ttag +2 ////; 
ttag +3 ////; 
ttag +4 ////; 
ttag +5 ////; 
ttag +6 ////; 
ttag +7 ////; 
ttag +8 ////; 
ttag +9 ////; 
ttag +10 ////; 
ttag +11 ////; 
ttag +12 ////; 
ttag +13 ////; 
ttag +14 ////; 
ttag +15 ////; 
ttag +16 ////; 
ttag +17 ////; 
ttag +18 ////; 
ttag +19 ////; 
ttag +20 ////; 
ttag +21 ////; 
ttag +22 ////; 
ttag +23 ////; 
ttag +24 ////; 
ttag +25 ////; 
ttag +26 ////; 
ttag +27 ////; 
ttag +28 ////; 
ttag +29 ////; 
ttag +30 ////; 
ttag +31 ////; 
ttag +32 ////; 
ttag +33 ////; 
ttag +34 ////; 
ttag +35 ////; 
ttag +36 ////; 
ttag +37 ////; 
ttag +38 ////; 
ttag +39 ////; 
ttag +40 ////; 
ttag +41 ////; 
ttag +42 ////; 
ttag +43 ////; 
ttag +44 ////; 
ttag +45 ////; 
ttag +46 ////; 
ttag +47 ////; 
ttag +48 ////; 
ttag +49 100/100/100/100/100; 
ttag +50 99/98/96/98/97; 
ttag +51 25/[18]/?/?/?; 
ttag +52 52/30/31/37/30; 
ttag +53 54/49/29/44/44; 
ttag +54 5/[12]/?/?/?; 
ttag +55 6/[10]/?/?/?; 
ttag +56 98/97/94/99/96; 
ttag +57 10/[7]/?/?/?; 
ttag +58 87/84/75/88/76; 
ttag +59 17/[8]/?/2/?; 
ttag +60 14/[11]/?/?/?; 
ttag +61 50/36/40/46/35; 
ttag +62 10/[12]/?/?/?; 
ttag +63 44/40/26/34/27; 
ttag +64 44/14/7/6/?; 
ttag +65 94/93/90/94/90; 
ttag +66 53/46/33/38/35; 
ttag +67 60/35/31/21/32; 
ttag +68 98/98/99/100/96; 
ttag +69 8/[14]/?/?/?; 
ttag +70 53/42/44/57/42; 
ttag +71 8/[14]/?/?/?; 
ttag +72 94/93/91/94/89; 
ttag +73 98/98/95/98/97; 
ttag +74 44/36/28/37/27; 
ttag +75 25/7/1/7/8; 
ttag +76 13/[30]/?/?/?; 
ttag +77 83/81/64/84/70; 
ttag +78 27/9/5/8/10; 
ttag +79 82/75/62/67/56; 
ttag +80 62/39/27/32/22; 
ttag +81 97/96/92/96/89; 
ttag +82 2/[74]/?/?/?; 
ttag +83 6/[70]/?/?/?; 
ttag +84 50/29/29/42/30; 
ttag +85 53/18/19/22/17; 
ttag +86 26/[2]/?/?/?; 
ttag +87 94/91/86/92/88; 
ttag +88 89/87/71/85/76; 
ttag +89 93/92/82/89/82; 
ttag +90 34/4/8/10/9; 
ttag +91 91/89/77/86/76; 
ttag +92 86/82/67/81/75; 
ttag +93 6/[24]/?/?/?; 
ttag +94 42/12/6/6/2; 
