tread
'Tree with tags' 
(0 (1 ((2 3 )(4 (5 ((6 7 (8 (9 10 )))(11 ((12 13 )(14 (15 (16 17 ))(18 (19 20 ))(21 (22 (23 (24 25 )))(26 (27 (28 ((29 (30 31 ))(((32 (35 (36 (37 (38 39 )))))(33 34 ))((40 (41 (42 43 )))(46 (44 (45 47 ))))))))))))))))))); 
ttag *!; 
ttag +49 ???; 
ttag +50 5; 
ttag +51 3; 
ttag +52 5; 
ttag +53 1; 
ttag +54 1; 
ttag +55 3; 
ttag +56 7; 
ttag +57 5; 
ttag +58 1; 
ttag +59 3; 
ttag +60 1; 
ttag +61 1; 
ttag +62 2; 
ttag +63 2; 
ttag +64 3; 
ttag +65 9; 
ttag +66 1; 
ttag +67 3; 
ttag +68 7; 
ttag +69 1; 
ttag +70 3; 
ttag +71 3; 
ttag +72 7; 
ttag +73 2; 
ttag +74 2; 
ttag +75 6; 
ttag +76 3; 
ttag +77 6; 
ttag +78 1; 
ttag +79 3; 
ttag +80 1; 
ttag +81 5; 
ttag +82 7; 
ttag +83 2; 
ttag +84 3; 
ttag +85 4; 
ttag +86 6; 
ttag +87 6; 
ttag +88 2; 
ttag +89 3; 
ttag +90 2; 
tread
'Tree with tags' 
(0 (1 ((2 3 )(4 (5 ((6 (7 (8 (9 10 ))))(11 ((12 13 )(((14 (15 (16 17 )))(18 (19 20 )))(21 ((22 (23 (24 25 )))(26 (27 (28 ((29 (30 31 ))(((32 (35 (36 (37 (38 39 )))))(33 34 ))((40 (41 (42 43 )))(46 (44 (45 47 )))))))))))))))))))); 
ttag *!; 
ttag +0 ////; 
ttag +1 ////; 
ttag +2 ////; 
ttag +3 ////; 
ttag +4 ////; 
ttag +5 ////; 
ttag +6 ////; 
ttag +7 ////; 
ttag +8 ////; 
ttag +9 ////; 
ttag +10 ////; 
ttag +11 ////; 
ttag +12 ////; 
ttag +13 ////; 
ttag +14 ////; 
ttag +15 ////; 
ttag +16 ////; 
ttag +17 ////; 
ttag +18 ////; 
ttag +19 ////; 
ttag +20 ////; 
ttag +21 ////; 
ttag +22 ////; 
ttag +23 ////; 
ttag +24 ////; 
ttag +25 ////; 
ttag +26 ////; 
ttag +27 ////; 
ttag +28 ////; 
ttag +29 ////; 
ttag +30 ////; 
ttag +31 ////; 
ttag +32 ////; 
ttag +33 ////; 
ttag +34 ////; 
ttag +35 ////; 
ttag +36 ////; 
ttag +37 ////; 
ttag +38 ////; 
ttag +39 ////; 
ttag +40 ////; 
ttag +41 ////; 
ttag +42 ////; 
ttag +43 ////; 
ttag +44 ////; 
ttag +45 ////; 
ttag +46 ////; 
ttag +47 ////; 
ttag +48 ////; 
ttag +49 100/100/100/100/100; 
ttag +50 82/70/61/71/57; 
ttag +51 69/57/45/60/35; 
ttag +52 96/96/91/93/89; 
ttag +53 50/47/48/46/41; 
ttag +54 63/55/54/74/46; 
ttag +55 67/61/59/69/53; 
ttag +56 12/[31]/?/?/?; 
ttag +57 100/100/99/100/100; 
ttag +58 94/93/93/95/91; 
ttag +59 51/48/39/49/33; 
ttag +60 84/82/74/88/71; 
ttag +61 34/25/28/24/20; 
ttag +62 6/[32]/?/?/?; 
ttag +63 18/[7]/?/?/?; 
ttag +64 54/43/48/48/43; 
ttag +65 86/84/81/87/76; 
ttag +66 65/46/41/54/33; 
ttag +67 90/89/81/87/84; 
ttag +68 100/100/99/100/100; 
ttag +69 39/12/8/14/7; 
ttag +70 62/45/40/57/38; 
ttag +71 43/24/11/26/16; 
ttag +72 99/99/94/98/98; 
ttag +73 50/13/3/28/14; 
ttag +74 74/66/58/64/60; 
ttag +75 80/75/63/74/63; 
ttag +76 98/98/92/98/93; 
ttag +77 36/21/18/33/15; 
ttag +78 76/74/60/72/66; 
ttag +79 96/95/90/99/92; 
ttag +80 86/83/66/82/77; 
ttag +81 94/93/85/96/86; 
ttag +82 28/13/11/25/9; 
ttag +83 76/60/59/74/57; 
ttag +84 66/48/47/44/44; 
ttag +85 96/95/93/94/98; 
ttag +86 100/100/100/99/100; 
ttag +87 82/75/64/76/68; 
ttag +88 86/82/76/84/81; 
ttag +89 86/84/76/88/85; 
ttag +90 96/96/94/98/96; 
ttag +91 97/97/94/96/92; 
ttag +92 53/40/29/49/39; 
ttag +93 78/75/59/65/64; 
ttag +94 72/68/54/66/56; 
