tread
'Tree with tags' 
(0 (1 ((2 3 )(4 5 ((6 7 (8 (9 10 )))(11 (12 13 )((14 ((15 (16 17 ))(18 (19 20 ))))(21 ((22 (23 (24 25 )))(26 (27 (28 ((29 (30 31 ))((32 ((33 34 )(35 (36 (37 (38 39 ))))))((40 (41 (42 43 )))(45 (44 (46 47 )))))))))))))))))); 
ttag *!; 
ttag +49 ???; 
ttag +50 3; 
ttag +51 4; 
ttag +52 8; 
ttag +53 1; 
ttag +54 1; 
ttag +55 5; 
ttag +56 3; 
ttag +57 2; 
ttag +58 1; 
ttag +59 2; 
ttag +60 4; 
ttag +61 5; 
ttag +62 7; 
ttag +63 2; 
ttag +64 8; 
ttag +65 10; 
ttag +66 2; 
ttag +67 3; 
ttag +68 5; 
ttag +69 3; 
ttag +70 5; 
ttag +71 1; 
ttag +72 1; 
ttag +73 1; 
ttag +74 5; 
ttag +75 2; 
ttag +76 9; 
ttag +77 10; 
ttag +78 1; 
ttag +79 2; 
ttag +80 2; 
ttag +81 3; 
ttag +82 1; 
ttag +83 5; 
ttag +84 3; 
ttag +85 7; 
ttag +86 2; 
ttag +87 1; 
ttag +88 6; 
ttag +89 1; 
ttag +90 5; 
ttag +91 1; 
tread
'Tree with tags' 
(0 (1 ((2 3 )((4 5 )((7 (6 (8 (9 10 ))))((11 ((14 ((15 (16 17 ))(18 (19 20 ))))(21 ((22 (23 (24 25 )))(26 (27 (28 ((29 (30 31 ))((32 ((33 34 )(35 (36 (37 (38 39 ))))))((40 (41 (42 43 )))(45 (44 (46 47 )))))))))))))(12 13 ))))))); 
ttag *!; 
ttag +0 ////; 
ttag +1 ////; 
ttag +2 ////; 
ttag +3 ////; 
ttag +4 ////; 
ttag +5 ////; 
ttag +6 ////; 
ttag +7 ////; 
ttag +8 ////; 
ttag +9 ////; 
ttag +10 ////; 
ttag +11 ////; 
ttag +12 ////; 
ttag +13 ////; 
ttag +14 ////; 
ttag +15 ////; 
ttag +16 ////; 
ttag +17 ////; 
ttag +18 ////; 
ttag +19 ////; 
ttag +20 ////; 
ttag +21 ////; 
ttag +22 ////; 
ttag +23 ////; 
ttag +24 ////; 
ttag +25 ////; 
ttag +26 ////; 
ttag +27 ////; 
ttag +28 ////; 
ttag +29 ////; 
ttag +30 ////; 
ttag +31 ////; 
ttag +32 ////; 
ttag +33 ////; 
ttag +34 ////; 
ttag +35 ////; 
ttag +36 ////; 
ttag +37 ////; 
ttag +38 ////; 
ttag +39 ////; 
ttag +40 ////; 
ttag +41 ////; 
ttag +42 ////; 
ttag +43 ////; 
ttag +44 ////; 
ttag +45 ////; 
ttag +46 ////; 
ttag +47 ////; 
ttag +48 ////; 
ttag +49 100/100/100/100/100; 
ttag +50 90/87/81/86/75; 
ttag +51 94/94/86/94/85; 
ttag +52 32/9/20/21/25; 
ttag +53 99/99/95/99/96; 
ttag +54 22/[16]/?/?/?; 
ttag +55 40/31/27/33/26; 
ttag +56 39/30/22/34/18; 
ttag +57 99/99/94/99/96; 
ttag +58 90/85/81/88/80; 
ttag +59 24/[12]/?/?/?; 
ttag +60 68/63/52/68/44; 
ttag +61 55/46/35/54/40; 
ttag +62 70/62/39/62/40; 
ttag +63 86/85/74/87/72; 
ttag +64 95/94/85/94/84; 
ttag +65 98/97/92/98/91; 
ttag +66 78/69/60/67/56; 
ttag +67 99/99/94/99/94; 
ttag +68 100/100/100/100/100; 
ttag +69 57/45/43/48/39; 
ttag +70 55/46/50/56/42; 
ttag +71 88/87/76/92/78; 
ttag +72 78/76/74/82/72; 
ttag +73 97/97/93/95/90; 
ttag +74 24/5/2/10/1; 
ttag +75 16/[2]/?/4/?; 
ttag +76 29/12/15/16/9; 
ttag +77 84/78/73/75/71; 
ttag +78 47/39/38/40/36; 
ttag +79 99/99/99/100/100; 
ttag +80 98/98/93/98/93; 
ttag +81 43/17/18/15/16; 
ttag +82 66/48/30/48/27; 
ttag +83 51/41/27/40/26; 
ttag +84 84/83/76/82/65; 
ttag +85 65/57/58/48/53; 
ttag +86 91/90/83/91/77; 
ttag +87 91/89/85/90/79; 
ttag +88 96/96/94/98/97; 
ttag +89 78/74/67/73/68; 
ttag +90 47/29/10/32/27; 
ttag +91 98/97/97/99/96; 
ttag +92 38/20/26/28/22; 
ttag +93 93/92/80/92/86; 
ttag +94 46/25/30/34/21; 
