tread
'Tree with tags' 
(0 (1 ((2 3 )(4 ((5 (11 (12 (18 21 26 (13 14 )(15 (16 17 ))(19 20 )(22 (23 (24 25 )))(27 (28 (((29 (30 31 ))((32 (33 34 ))(35 (36 (37 (38 39 ))))))(((40 41 )(42 43 ))(47 (44 45 46 ))))))))))((6 7 )(8 (9 10 )))))))); 
ttag *!; 
ttag +49 ???; 
ttag +50 4; 
ttag +51 5; 
ttag +52 4; 
ttag +53 1; 
ttag +54 1; 
ttag +55 3; 
ttag +56 1; 
ttag +57 6; 
ttag +58 3; 
ttag +59 1; 
ttag +60 2; 
ttag +61 1; 
ttag +62 1; 
ttag +63 1; 
ttag +64 1; 
ttag +65 6; 
ttag +66 8; 
ttag +67 4; 
ttag +68 8; 
ttag +69 1; 
ttag +70 1; 
ttag +71 2; 
ttag +72 3; 
ttag +73 1; 
ttag +74 4; 
ttag +75 1; 
ttag +76 3; 
ttag +77 3; 
ttag +78 1; 
ttag +79 2; 
ttag +80 5; 
ttag +81 1; 
ttag +82 1; 
ttag +83 6; 
ttag +84 1; 
ttag +85 5; 
ttag +86 1; 
ttag +87 2; 
tread
'Tree with tags' 
(0 (1 ((2 3 )(4 ((5 (11 (12 (((13 14 )(18 ((15 (16 17 ))(19 20 ))))(21 (26 ((22 (23 (24 25 )))(27 (28 (((29 (30 31 ))((32 (33 34 ))(35 (36 (37 (38 39 ))))))(((40 41 )(42 43 ))(47 (44 (45 46 ))))))))))))))((6 7 )(8 (9 10 )))))))); 
ttag *!; 
ttag +0 ////; 
ttag +1 ////; 
ttag +2 ////; 
ttag +3 ////; 
ttag +4 ////; 
ttag +5 ////; 
ttag +6 ////; 
ttag +7 ////; 
ttag +8 ////; 
ttag +9 ////; 
ttag +10 ////; 
ttag +11 ////; 
ttag +12 ////; 
ttag +13 ////; 
ttag +14 ////; 
ttag +15 ////; 
ttag +16 ////; 
ttag +17 ////; 
ttag +18 ////; 
ttag +19 ////; 
ttag +20 ////; 
ttag +21 ////; 
ttag +22 ////; 
ttag +23 ////; 
ttag +24 ////; 
ttag +25 ////; 
ttag +26 ////; 
ttag +27 ////; 
ttag +28 ////; 
ttag +29 ////; 
ttag +30 ////; 
ttag +31 ////; 
ttag +32 ////; 
ttag +33 ////; 
ttag +34 ////; 
ttag +35 ////; 
ttag +36 ////; 
ttag +37 ////; 
ttag +38 ////; 
ttag +39 ////; 
ttag +40 ////; 
ttag +41 ////; 
ttag +42 ////; 
ttag +43 ////; 
ttag +44 ////; 
ttag +45 ////; 
ttag +46 ////; 
ttag +47 ////; 
ttag +48 ////; 
ttag +49 100/100/100/100/100; 
ttag +50 96/94/90/95/91; 
ttag +51 92/89/80/86/79; 
ttag +52 41/6/13/14/6; 
ttag +53 6/[23]/?/?/?; 
ttag +54 8/[26]/?/?/?; 
ttag +55 93/92/88/91/87; 
ttag +56 29/[4]/?/?/1; 
ttag +57 97/96/95/99/96; 
ttag +58 92/90/78/89/75; 
ttag +59 23/[1]/?/?/?; 
ttag +60 41/28/14/29/13; 
ttag +61 16/1/?/2/4; 
ttag +62 6/[18]/?/?/?; 
ttag +63 17/4/?/7/1; 
ttag +64 70/61/60/66/67; 
ttag +65 20/[39]/?/?/?; 
ttag +66 26/1/?/?/4; 
ttag +67 59/52/37/51/31; 
ttag +68 100/100/100/99/100; 
ttag +69 29/4/6/?/7; 
ttag +70 99/99/98/99/97; 
ttag +71 21/[32]/?/?/?; 
ttag +72 48/19/7/14/12; 
ttag +73 95/93/89/94/94; 
ttag +74 100/100/98/100/99; 
ttag +75 43/22/22/14/10; 
ttag +76 49/36/42/39/34; 
ttag +77 82/74/70/77/72; 
ttag +78 46/34/23/31/18; 
ttag +79 52/44/41/36/41; 
ttag +80 88/82/74/85/75; 
ttag +81 29/4/12/5/6; 
ttag +82 81/76/64/77/67; 
ttag +83 86/82/70/79/73; 
ttag +84 17/[9]/?/?/?; 
ttag +85 58/46/41/56/41; 
ttag +86 92/88/78/92/83; 
ttag +87 55/35/23/41/17; 
ttag +88 58/52/44/53/48; 
ttag +89 98/98/93/98/96; 
ttag +90 53/34/17/26/19; 
ttag +91 94/93/90/94/82; 
ttag +92 28/[4]/?/1/?; 
ttag +93 66/58/48/60/47; 
ttag +94 19/[14]/?/?/?; 
