tread
'Tree with tags' 
(0 (1 (11 13 (12 (14 21 22 (2 3 )((15 (16 17 ))(18 (19 20 )))(23 (24 25 ))(26 27 (28 (((29 (30 31 ))((41 (40 (42 43 )))(44 (47 (45 46 )))))(32 35 (33 34 )(36 (37 38 39 ))))))))(4 5 )(7 (6 (8 (9 10 ))))))); 
ttag *!; 
ttag +49 ???; 
ttag +50 20; 
ttag +51 2; 
ttag +52 2; 
ttag +53 7; 
ttag +54 2; 
ttag +55 2; 
ttag +56 2; 
ttag +57 10; 
ttag +58 3; 
ttag +59 4; 
ttag +60 2; 
ttag +61 6; 
ttag +62 3; 
ttag +63 7; 
ttag +64 7; 
ttag +65 5; 
ttag +66 3; 
ttag +67 2; 
ttag +68 5; 
ttag +69 2; 
ttag +70 1; 
ttag +71 7; 
ttag +72 7; 
ttag +73 3; 
ttag +74 4; 
ttag +75 2; 
ttag +76 1; 
ttag +77 3; 
ttag +78 1; 
ttag +79 8; 
ttag +80 4; 
ttag +81 2; 
ttag +82 1; 
tread
'Tree with tags' 
(0 (1 (13 (11 (((12 (14 (((2 3 )((15 (16 17 ))(18 (19 20 ))))(21 ((22 (23 (24 25 )))(27 (26 (28 (((29 (30 31 ))((41 (40 (42 43 )))(44 (47 (45 46 )))))((32 (35 (36 (37 (38 39 )))))(33 34 )))))))))))(4 5 ))(7 (6 (8 (9 10 ))))))))); 
ttag *!; 
ttag +0 ////; 
ttag +1 ////; 
ttag +2 ////; 
ttag +3 ////; 
ttag +4 ////; 
ttag +5 ////; 
ttag +6 ////; 
ttag +7 ////; 
ttag +8 ////; 
ttag +9 ////; 
ttag +10 ////; 
ttag +11 ////; 
ttag +12 ////; 
ttag +13 ////; 
ttag +14 ////; 
ttag +15 ////; 
ttag +16 ////; 
ttag +17 ////; 
ttag +18 ////; 
ttag +19 ////; 
ttag +20 ////; 
ttag +21 ////; 
ttag +22 ////; 
ttag +23 ////; 
ttag +24 ////; 
ttag +25 ////; 
ttag +26 ////; 
ttag +27 ////; 
ttag +28 ////; 
ttag +29 ////; 
ttag +30 ////; 
ttag +31 ////; 
ttag +32 ////; 
ttag +33 ////; 
ttag +34 ////; 
ttag +35 ////; 
ttag +36 ////; 
ttag +37 ////; 
ttag +38 ////; 
ttag +39 ////; 
ttag +40 ////; 
ttag +41 ////; 
ttag +42 ////; 
ttag +43 ////; 
ttag +44 ////; 
ttag +45 ////; 
ttag +46 ////; 
ttag +47 ////; 
ttag +48 ////; 
ttag +49 100/100/100/100/100; 
ttag +50 100/100/100/100/100; 
ttag +51 14/0/?/1/?; 
ttag +52 11/[32]/?/?/?; 
ttag +53 26/12/1/14/?; 
ttag +54 24/10/?/12/?; 
ttag +55 10/[6]/?/?/?; 
ttag +56 12/[3]/?/?/?; 
ttag +57 21/3/2/5/?; 
ttag +58 92/90/82/96/87; 
ttag +59 57/52/40/58/45; 
ttag +60 65/59/40/57/38; 
ttag +61 58/52/34/52/27; 
ttag +62 99/99/98/100/98; 
ttag +63 84/78/65/81/70; 
ttag +64 90/86/84/88/73; 
ttag +65 56/48/40/45/40; 
ttag +66 98/98/94/99/94; 
ttag +67 79/64/54/73/55; 
ttag +68 100/100/100/100/100; 
ttag +69 23/[20]/?/?/?; 
ttag +70 33/[10]/?/?/5; 
ttag +71 16/[27]/?/?/?; 
ttag +72 100/100/100/99/97; 
ttag +73 97/95/88/98/90; 
ttag +74 6/[27]/?/?/?; 
ttag +75 79/77/62/78/54; 
ttag +76 80/74/58/82/62; 
ttag +77 92/90/80/91/82; 
ttag +78 30/[3]/4/?/?; 
ttag +79 64/51/41/42/30; 
ttag +80 96/94/90/97/92; 
ttag +81 18/[12]/?/?/?; 
ttag +82 97/97/98/99/96; 
ttag +83 80/70/65/70/60; 
ttag +84 56/35/30/37/38; 
ttag +85 91/86/80/84/84; 
ttag +86 93/93/87/86/86; 
ttag +87 29/[24]/?/?/?; 
ttag +88 50/44/27/40/32; 
ttag +89 71/66/49/70/50; 
ttag +90 36/13/18/12/13; 
ttag +91 98/98/96/99/95; 
ttag +92 78/75/74/89/74; 
ttag +93 63/51/32/46/38; 
ttag +94 34/2/?/?/?; 
