tread
'Tree with tags' 
(0 (1 ((2 3 )(4 (5 (11 (6 7 )(8 9 10 )(12 13 )(14 ((15 16 17 )(18 (19 20 )))(21 ((22 (23 (24 25 )))(26 28 (27 ((29 (30 31 ))(((32 (35 (36 (38 (37 39 )))))(33 34 ))((40 (41 (42 43 )))(44 45 46 47 ))))))))))))))); 
ttag *!; 
ttag +49 ???; 
ttag +50 4; 
ttag +51 7; 
ttag +52 8; 
ttag +53 2; 
ttag +54 2; 
ttag +55 1; 
ttag +56 8; 
ttag +57 3; 
ttag +58 1; 
ttag +59 3; 
ttag +60 2; 
ttag +61 4; 
ttag +62 10; 
ttag +63 1; 
ttag +64 3; 
ttag +65 5; 
ttag +66 8; 
ttag +67 6; 
ttag +68 4; 
ttag +69 1; 
ttag +70 5; 
ttag +71 1; 
ttag +72 4; 
ttag +73 1; 
ttag +74 10; 
ttag +75 2; 
ttag +76 1; 
ttag +77 4; 
ttag +78 3; 
ttag +79 2; 
ttag +80 1; 
ttag +81 7; 
ttag +82 3; 
ttag +83 5; 
ttag +84 9; 
ttag +85 2; 
tread
'Tree with tags' 
(0 (1 ((2 3 )(4 (5 ((((6 7 )(9 (8 10 )))(12 13 ))(11 ((14 ((16 (15 17 ))(18 (19 20 ))))(21 ((22 (23 (24 25 )))(26 (28 (27 ((29 (30 31 ))(((32 (35 (36 (38 (37 39 )))))(33 34 ))((40 (41 (42 43 )))(44 (46 (45 47 ))))))))))))))))))); 
ttag *!; 
ttag +0 ////; 
ttag +1 ////; 
ttag +2 ////; 
ttag +3 ////; 
ttag +4 ////; 
ttag +5 ////; 
ttag +6 ////; 
ttag +7 ////; 
ttag +8 ////; 
ttag +9 ////; 
ttag +10 ////; 
ttag +11 ////; 
ttag +12 ////; 
ttag +13 ////; 
ttag +14 ////; 
ttag +15 ////; 
ttag +16 ////; 
ttag +17 ////; 
ttag +18 ////; 
ttag +19 ////; 
ttag +20 ////; 
ttag +21 ////; 
ttag +22 ////; 
ttag +23 ////; 
ttag +24 ////; 
ttag +25 ////; 
ttag +26 ////; 
ttag +27 ////; 
ttag +28 ////; 
ttag +29 ////; 
ttag +30 ////; 
ttag +31 ////; 
ttag +32 ////; 
ttag +33 ////; 
ttag +34 ////; 
ttag +35 ////; 
ttag +36 ////; 
ttag +37 ////; 
ttag +38 ////; 
ttag +39 ////; 
ttag +40 ////; 
ttag +41 ////; 
ttag +42 ////; 
ttag +43 ////; 
ttag +44 ////; 
ttag +45 ////; 
ttag +46 ////; 
ttag +47 ////; 
ttag +48 ////; 
ttag +49 100/100/100/100/100; 
ttag +50 97/95/94/98/92; 
ttag +51 96/94/83/95/85; 
ttag +52 93/91/77/93/81; 
ttag +53 56/33/12/42/12; 
ttag +54 71/64/52/68/53; 
ttag +55 38/32/23/28/25; 
ttag +56 2/[24]/?/?/?; 
ttag +57 44/38/20/40/26; 
ttag +58 34/[2]/0/1/2; 
ttag +59 98/97/96/97/95; 
ttag +60 12/[11]/?/4/?; 
ttag +61 81/76/58/81/68; 
ttag +62 26/6/7/16/4; 
ttag +63 44/39/26/40/27; 
ttag +64 32/[1]/?/?/?; 
ttag +65 92/88/88/91/82; 
ttag +66 60/54/40/60/53; 
ttag +67 92/91/83/90/87; 
ttag +68 100/100/100/100/100; 
ttag +69 50/44/34/41/32; 
ttag +70 80/76/63/78/73; 
ttag +71 73/69/51/74/57; 
ttag +72 99/98/96/98/98; 
ttag +73 100/100/100/100/97; 
ttag +74 82/78/66/81/60; 
ttag +75 37/30/18/24/11; 
ttag +76 29/12/2/13/6; 
ttag +77 92/90/82/92/85; 
ttag +78 51/46/30/46/29; 
ttag +79 90/85/80/92/82; 
ttag +80 40/26/22/25/24; 
ttag +81 99/98/97/98/97; 
ttag +82 57/43/38/45/34; 
ttag +83 58/41/36/46/32; 
ttag +84 83/80/70/78/67; 
ttag +85 68/59/52/56/46; 
ttag +86 76/70/61/76/61; 
ttag +87 53/44/40/43/37; 
ttag +88 99/99/95/99/95; 
ttag +89 99/99/94/98/97; 
ttag +90 93/91/79/92/82; 
ttag +91 100/100/98/98/98; 
ttag +92 72/61/48/64/58; 
ttag +93 15/8/1/5/2; 
ttag +94 30/2/14/4/17; 
