tread
'Tree with tags' 
(0 (1 (2 3 )(4 5 6 7 11 12 13 (8 9 10 )(14 21 (15 16 17 (18 (19 20 )))((22 (23 (24 25 )))(26 (27 (28 ((29 30 31 )(32 ((33 34 )(35 (36 (37 38 39 )))))(45 47 (44 (46 (40 (41 (42 43 ))))))))))))))); 
ttag *!; 
ttag +49 ???; 
ttag +50 4; 
ttag +51 4; 
ttag +52 7; 
ttag +53 2; 
ttag +54 2; 
ttag +55 5; 
ttag +56 11; 
ttag +57 4; 
ttag +58 3; 
ttag +59 4; 
ttag +60 1; 
ttag +61 4; 
ttag +62 1; 
ttag +63 4; 
ttag +64 5; 
ttag +65 1; 
ttag +66 8; 
ttag +67 4; 
ttag +68 1; 
ttag +69 5; 
ttag +70 3; 
ttag +71 5; 
ttag +72 7; 
ttag +73 3; 
ttag +74 1; 
ttag +75 3; 
ttag +76 6; 
ttag +77 12; 
tread
'Tree with tags' 
(0 (1 ((2 3 )(((7 (6 ((4 5 )(11 (12 13 )))))(10 (8 9 )))((14 ((15 (16 17 ))(18 (19 20 ))))(21 ((22 (23 (24 25 )))(26 (27 (28 (((30 (29 31 ))(45 (47 (44 (46 (40 (41 (42 43 ))))))))(32 ((33 34 )(35 (36 (37 (38 39 ))))))))))))))))); 
ttag *!; 
ttag +0 ////; 
ttag +1 ////; 
ttag +2 ////; 
ttag +3 ////; 
ttag +4 ////; 
ttag +5 ////; 
ttag +6 ////; 
ttag +7 ////; 
ttag +8 ////; 
ttag +9 ////; 
ttag +10 ////; 
ttag +11 ////; 
ttag +12 ////; 
ttag +13 ////; 
ttag +14 ////; 
ttag +15 ////; 
ttag +16 ////; 
ttag +17 ////; 
ttag +18 ////; 
ttag +19 ////; 
ttag +20 ////; 
ttag +21 ////; 
ttag +22 ////; 
ttag +23 ////; 
ttag +24 ////; 
ttag +25 ////; 
ttag +26 ////; 
ttag +27 ////; 
ttag +28 ////; 
ttag +29 ////; 
ttag +30 ////; 
ttag +31 ////; 
ttag +32 ////; 
ttag +33 ////; 
ttag +34 ////; 
ttag +35 ////; 
ttag +36 ////; 
ttag +37 ////; 
ttag +38 ////; 
ttag +39 ////; 
ttag +40 ////; 
ttag +41 ////; 
ttag +42 ////; 
ttag +43 ////; 
ttag +44 ////; 
ttag +45 ////; 
ttag +46 ////; 
ttag +47 ////; 
ttag +48 ////; 
ttag +49 100/100/100/100/100; 
ttag +50 98/98/94/98/93; 
ttag +51 64/41/32/33/32; 
ttag +52 38/22/9/16/23; 
ttag +53 9/[24]/?/?/?; 
ttag +54 3/[30]/?/?/?; 
ttag +55 2/[31]/?/?/?; 
ttag +56 8/[25]/?/?/?; 
ttag +57 94/93/84/90/85; 
ttag +58 41/10/8/24/11; 
ttag +59 100/100/99/100/97; 
ttag +60 28/14/10/11/8; 
ttag +61 45/32/36/28/32; 
ttag +62 33/8/2/17/5; 
ttag +63 32/23/16/25/17; 
ttag +64 52/32/30/38/21; 
ttag +65 74/69/52/65/50; 
ttag +66 48/38/29/41/30; 
ttag +67 93/92/88/95/86; 
ttag +68 100/100/98/100/100; 
ttag +69 21/8/10/19/10; 
ttag +70 92/86/84/93/79; 
ttag +71 76/72/70/85/66; 
ttag +72 95/93/84/92/84; 
ttag +73 72/57/58/64/62; 
ttag +74 89/87/89/91/86; 
ttag +75 41/4/?/12/?; 
ttag +76 90/88/90/89/86; 
ttag +77 17/[30]/?/?/?; 
ttag +78 91/89/83/94/84; 
ttag +79 10/[38]/?/?/?; 
ttag +80 52/36/28/46/31; 
ttag +81 99/99/99/100/98; 
ttag +82 93/92/92/96/84; 
ttag +83 50/26/22/33/11; 
ttag +84 91/88/84/91/77; 
ttag +85 92/90/81/90/82; 
ttag +86 98/98/92/97/91; 
ttag +87 36/1/3/8/13; 
ttag +88 97/96/91/97/90; 
ttag +89 37/12/4/18/3; 
ttag +90 30/4/?/11/?; 
ttag +91 3/[22]/?/?/?; 
ttag +92 55/35/26/43/27; 
ttag +93 85/79/70/79/72; 
ttag +94 100/100/100/100/100; 
