tread
'Tree with tags' 
(0 (2 (1 (3 (4 (5 7 11 (6 (8 9 10 ))(12 13 (18 (19 20 )))(14 (21 ((22 (23 (24 25 )))((27 (26 28 ))((29 (30 31 ))(((32 (35 (36 (37 (38 39 )))))(33 34 ))((40 (41 (42 43 )))(47 (46 (44 45 ))))))))))(15 16 17 ))))))); 
ttag *!; 
ttag +49 1; 
ttag +50 ???; 
ttag +51 1; 
ttag +52 8; 
ttag +53 4; 
ttag +54 1; 
ttag +55 7; 
ttag +56 1; 
ttag +57 1; 
ttag +58 8; 
ttag +59 6; 
ttag +60 7; 
ttag +61 1; 
ttag +62 6; 
ttag +63 3; 
ttag +64 6; 
ttag +65 3; 
ttag +66 1; 
ttag +67 1; 
ttag +68 3; 
ttag +69 2; 
ttag +70 5; 
ttag +71 2; 
ttag +72 1; 
ttag +73 5; 
ttag +74 3; 
ttag +75 6; 
ttag +76 1; 
ttag +77 5; 
ttag +78 7; 
ttag +79 1; 
ttag +80 7; 
ttag +81 5; 
ttag +82 2; 
ttag +83 9; 
ttag +84 2; 
ttag +85 2; 
ttag +86 3; 
tread
'Tree with tags' 
(0 (2 (1 (3 (4 ((7 ((5 (11 (12 (13 (18 (19 20 ))))))(6 (8 (9 10 )))))((14 (21 ((22 (23 (24 25 )))((27 (26 28 ))((29 (30 31 ))(((32 (35 (36 (37 (38 39 )))))(33 34 ))((40 (41 (42 43 )))(47 (46 (44 45 ))))))))))(15 (16 17 ))))))))); 
ttag *!; 
ttag +0 ////; 
ttag +1 ////; 
ttag +2 ////; 
ttag +3 ////; 
ttag +4 ////; 
ttag +5 ////; 
ttag +6 ////; 
ttag +7 ////; 
ttag +8 ////; 
ttag +9 ////; 
ttag +10 ////; 
ttag +11 ////; 
ttag +12 ////; 
ttag +13 ////; 
ttag +14 ////; 
ttag +15 ////; 
ttag +16 ////; 
ttag +17 ////; 
ttag +18 ////; 
ttag +19 ////; 
ttag +20 ////; 
ttag +21 ////; 
ttag +22 ////; 
ttag +23 ////; 
ttag +24 ////; 
ttag +25 ////; 
ttag +26 ////; 
ttag +27 ////; 
ttag +28 ////; 
ttag +29 ////; 
ttag +30 ////; 
ttag +31 ////; 
ttag +32 ////; 
ttag +33 ////; 
ttag +34 ////; 
ttag +35 ////; 
ttag +36 ////; 
ttag +37 ////; 
ttag +38 ////; 
ttag +39 ////; 
ttag +40 ////; 
ttag +41 ////; 
ttag +42 ////; 
ttag +43 ////; 
ttag +44 ////; 
ttag +45 ////; 
ttag +46 ////; 
ttag +47 ////; 
ttag +48 ////; 
ttag +49 29/2/2/18/?; 
ttag +50 100/100/100/100/100; 
ttag +51 44/18/11/27/6; 
ttag +52 97/96/85/99/95; 
ttag +53 2/[19]/?/?/?; 
ttag +54 0/[24]/?/?/?; 
ttag +55 8/[13]/?/?/?; 
ttag +56 69/59/45/61/48; 
ttag +57 39/14/?/20/13; 
ttag +58 100/100/98/100/96; 
ttag +59 47/23/7/12/8; 
ttag +60 5/[15]/?/?/?; 
ttag +61 18/[2]/?/?/?; 
ttag +62 11/[13]/?/?/?; 
ttag +63 18/[3]/?/?/?; 
ttag +64 8/[13]/?/?/?; 
ttag +65 97/97/92/97/92; 
ttag +66 48/16/?/5/8; 
ttag +67 99/98/96/99/96; 
ttag +68 100/100/100/100/100; 
ttag +69 46/38/23/36/21; 
ttag +70 98/98/94/100/96; 
ttag +71 71/64/50/64/47; 
ttag +72 97/95/88/96/94; 
ttag +73 90/86/81/86/79; 
ttag +74 20/[2]/?/?/?; 
ttag +75 18/[5]/?/3/?; 
ttag +76 86/81/68/78/67; 
ttag +77 68/62/41/60/35; 
ttag +78 88/86/78/90/72; 
ttag +79 76/67/67/68/57; 
ttag +80 38/28/19/38/10; 
ttag +81 90/88/77/92/73; 
ttag +82 73/66/46/66/46; 
ttag +83 99/98/97/97/97; 
ttag +84 40/28/24/34/11; 
ttag +85 83/74/59/80/49; 
ttag +86 91/89/84/90/76; 
ttag +87 49/30/26/33/21; 
ttag +88 97/96/88/96/88; 
ttag +89 96/96/90/95/93; 
ttag +90 74/69/64/69/54; 
ttag +91 100/100/100/100/100; 
ttag +92 56/44/47/47/35; 
ttag +93 70/65/61/64/55; 
ttag +94 84/76/61/80/64; 
