tread
'Tree with tags' 
(0 (1 ((2 3 )(4 5 11 12 13 14 21 (6 7 )(8 9 10 )((15 (16 17 ))(18 (19 20 )))((22 (23 (24 25 )))(26 (27 (28 (((30 (29 31 ))(32 ((33 34 )(35 (36 (37 (38 39 )))))))(46 47 ((40 41 )(42 43 ))(44 45 ))))))))))); 
ttag *!; 
ttag +49 ???; 
ttag +50 2; 
ttag +51 4; 
ttag +52 1; 
ttag +53 1; 
ttag +54 9; 
ttag +55 2; 
ttag +56 3; 
ttag +57 1; 
ttag +58 5; 
ttag +59 6; 
ttag +60 4; 
ttag +61 4; 
ttag +62 5; 
ttag +63 7; 
ttag +64 1; 
ttag +65 1; 
ttag +66 5; 
ttag +67 1; 
ttag +68 3; 
ttag +69 4; 
ttag +70 2; 
ttag +71 3; 
ttag +72 1; 
ttag +73 3; 
ttag +74 3; 
ttag +75 6; 
ttag +76 5; 
ttag +77 2; 
ttag +78 2; 
ttag +79 2; 
ttag +80 1; 
ttag +81 6; 
ttag +82 1; 
tread
'Tree with tags' 
(0 (1 ((2 3 )(5 ((4 ((21 ((14 ((8 (9 10 ))((15 (16 17 ))(18 (19 20 )))))((22 (23 (24 25 )))(26 (27 (28 (((30 (29 31 ))(32 ((33 34 )(35 (36 (37 (38 39 )))))))(46 ((47 ((40 41 )(42 43 )))(44 45 ))))))))))(12 13 )))(11 (6 7 ))))))); 
ttag *!; 
ttag +0 ////; 
ttag +1 ////; 
ttag +2 ////; 
ttag +3 ////; 
ttag +4 ////; 
ttag +5 ////; 
ttag +6 ////; 
ttag +7 ////; 
ttag +8 ////; 
ttag +9 ////; 
ttag +10 ////; 
ttag +11 ////; 
ttag +12 ////; 
ttag +13 ////; 
ttag +14 ////; 
ttag +15 ////; 
ttag +16 ////; 
ttag +17 ////; 
ttag +18 ////; 
ttag +19 ////; 
ttag +20 ////; 
ttag +21 ////; 
ttag +22 ////; 
ttag +23 ////; 
ttag +24 ////; 
ttag +25 ////; 
ttag +26 ////; 
ttag +27 ////; 
ttag +28 ////; 
ttag +29 ////; 
ttag +30 ////; 
ttag +31 ////; 
ttag +32 ////; 
ttag +33 ////; 
ttag +34 ////; 
ttag +35 ////; 
ttag +36 ////; 
ttag +37 ////; 
ttag +38 ////; 
ttag +39 ////; 
ttag +40 ////; 
ttag +41 ////; 
ttag +42 ////; 
ttag +43 ////; 
ttag +44 ////; 
ttag +45 ////; 
ttag +46 ////; 
ttag +47 ////; 
ttag +48 ////; 
ttag +49 100/100/100/100/100; 
ttag +50 81/71/67/66/65; 
ttag +51 97/95/92/96/94; 
ttag +52 6/[16]/?/?/?; 
ttag +53 11/1/?/2/?; 
ttag +54 61/49/46/65/46; 
ttag +55 60/52/40/54/52; 
ttag +56 4/[18]/?/?/?; 
ttag +57 100/100/99/100/99; 
ttag +58 23/[16]/?/?/?; 
ttag +59 38/15/13/21/17; 
ttag +60 11/[27]/?/?/?; 
ttag +61 12/[10]/?/?/?; 
ttag +62 2/[20]/?/?/?; 
ttag +63 63/42/28/32/28; 
ttag +64 44/39/35/38/35; 
ttag +65 66/58/53/62/44; 
ttag +66 68/62/62/68/56; 
ttag +67 49/28/12/28/18; 
ttag +68 98/98/92/96/94; 
ttag +69 97/97/93/98/97; 
ttag +70 85/82/80/90/75; 
ttag +71 80/76/63/76/62; 
ttag +72 88/84/80/89/79; 
ttag +73 98/98/92/98/91; 
ttag +74 68/64/50/68/56; 
ttag +75 49/26/1/24/0; 
ttag +76 74/70/52/74/60; 
ttag +77 40/17/?/16/?; 
ttag +78 85/80/63/83/71; 
ttag +79 79/72/64/74/59; 
ttag +80 69/60/43/54/39; 
ttag +81 73/65/63/69/66; 
ttag +82 41/22/8/22/5; 
ttag +83 64/56/45/66/45; 
ttag +84 84/82/76/86/76; 
ttag +85 98/98/94/99/96; 
ttag +86 96/94/88/96/93; 
ttag +87 77/67/50/66/56; 
ttag +88 70/56/51/43/42; 
ttag +89 71/68/50/62/51; 
ttag +90 27/[8]/?/?/?; 
ttag +91 27/[9]/?/?/0; 
ttag +92 63/50/45/56/42; 
ttag +93 96/95/92/98/94; 
ttag +94 67/62/58/53/55; 
