tread
'Tree with tags' 
(0 (1 ((2 3 )(4 5 6 7 11 (8 9 10 )((12 13 )((14 ((15 (16 17 ))(18 (19 20 ))))((21 (26 ((27 28 )((29 (30 31 ))((32 ((33 34 )(35 (36 (38 (37 39 ))))))((41 (40 (42 43 )))(47 (44 45 46 ))))))))(22 (23 (24 25 )))))))))); 
ttag *!; 
ttag +49 ???; 
ttag +50 5; 
ttag +51 4; 
ttag +52 1; 
ttag +53 7; 
ttag +54 1; 
ttag +55 1; 
ttag +56 2; 
ttag +57 2; 
ttag +58 5; 
ttag +59 2; 
ttag +60 1; 
ttag +61 8; 
ttag +62 8; 
ttag +63 1; 
ttag +64 3; 
ttag +65 2; 
ttag +66 7; 
ttag +67 5; 
ttag +68 5; 
ttag +69 1; 
ttag +70 1; 
ttag +71 3; 
ttag +72 2; 
ttag +73 7; 
ttag +74 5; 
ttag +75 4; 
ttag +76 4; 
ttag +77 1; 
ttag +78 1; 
ttag +79 5; 
ttag +80 1; 
ttag +81 10; 
ttag +82 1; 
ttag +83 5; 
ttag +84 2; 
ttag +85 5; 
ttag +86 1; 
ttag +87 2; 
tread
'Tree with tags' 
(0 (1 ((2 3 )((7 (6 (11 ((4 5 )((12 13 )((14 ((15 (16 17 ))(18 (19 20 ))))((21 (26 ((27 28 )((29 (30 31 ))((32 ((33 34 )(35 (36 (38 (37 39 ))))))((41 (40 (42 43 )))(47 (44 (45 46 )))))))))(22 (23 (24 25 ))))))))))(10 (8 9 )))))); 
ttag *!; 
ttag +0 ////; 
ttag +1 ////; 
ttag +2 ////; 
ttag +3 ////; 
ttag +4 ////; 
ttag +5 ////; 
ttag +6 ////; 
ttag +7 ////; 
ttag +8 ////; 
ttag +9 ////; 
ttag +10 ////; 
ttag +11 ////; 
ttag +12 ////; 
ttag +13 ////; 
ttag +14 ////; 
ttag +15 ////; 
ttag +16 ////; 
ttag +17 ////; 
ttag +18 ////; 
ttag +19 ////; 
ttag +20 ////; 
ttag +21 ////; 
ttag +22 ////; 
ttag +23 ////; 
ttag +24 ////; 
ttag +25 ////; 
ttag +26 ////; 
ttag +27 ////; 
ttag +28 ////; 
ttag +29 ////; 
ttag +30 ////; 
ttag +31 ////; 
ttag +32 ////; 
ttag +33 ////; 
ttag +34 ////; 
ttag +35 ////; 
ttag +36 ////; 
ttag +37 ////; 
ttag +38 ////; 
ttag +39 ////; 
ttag +40 ////; 
ttag +41 ////; 
ttag +42 ////; 
ttag +43 ////; 
ttag +44 ////; 
ttag +45 ////; 
ttag +46 ////; 
ttag +47 ////; 
ttag +48 ////; 
ttag +49 100/100/100/100/100; 
ttag +50 97/95/88/95/91; 
ttag +51 98/96/94/98/94; 
ttag +52 23/[12]/?/?/?; 
ttag +53 4/[31]/?/?/?; 
ttag +54 7/[32]/?/?/?; 
ttag +55 7/[40]/?/?/?; 
ttag +56 32/[3]/?/0/?; 
ttag +57 62/53/34/50/38; 
ttag +58 50/19/12/18/13; 
ttag +59 100/100/96/99/99; 
ttag +60 68/61/53/63/57; 
ttag +61 52/47/31/40/33; 
ttag +62 48/42/32/37/32; 
ttag +63 62/55/45/55/44; 
ttag +64 90/88/79/88/77; 
ttag +65 68/66/51/58/47; 
ttag +66 56/32/21/36/25; 
ttag +67 100/100/98/100/99; 
ttag +68 99/99/98/99/97; 
ttag +69 19/[34]/?/?/?; 
ttag +70 86/84/73/86/76; 
ttag +71 54/36/27/38/25; 
ttag +72 96/96/95/98/96; 
ttag +73 98/98/93/96/96; 
ttag +74 66/55/40/65/54; 
ttag +75 10/[20]/?/?/?; 
ttag +76 32/2/?/4/?; 
ttag +77 84/80/65/78/76; 
ttag +78 37/10/4/13/5; 
ttag +79 98/98/98/98/98; 
ttag +80 98/96/93/92/93; 
ttag +81 70/64/53/66/48; 
ttag +82 93/92/78/95/84; 
ttag +83 64/50/37/54/47; 
ttag +84 60/46/52/40/49; 
ttag +85 95/95/86/92/87; 
ttag +86 68/68/62/57/55; 
ttag +87 100/100/99/100/99; 
ttag +88 74/59/48/52/54; 
ttag +89 80/75/73/76/65; 
ttag +90 54/38/19/34/26; 
ttag +91 100/100/98/98/98; 
ttag +92 30/4/2/4/3; 
ttag +93 69/54/32/50/43; 
ttag +94 3/[22]/?/?/?; 
