tread
'Tree with tags' 
(0 (1 (3 (2 (4 (((5 (8 (9 10 )))((11 (14 21 ((15 (16 17 ))(18 (19 20 )))(22 (23 (24 25 ))(((26 27 )(28 (44 45 46 47 ((32 (33 34 ))(35 (36 (37 (38 39 )))))(40 (41 (42 43 ))))))(29 (30 31 ))))))(12 13 )))(6 7 ))))))); 
ttag *!; 
ttag +49 ???; 
ttag +50 1; 
ttag +51 6; 
ttag +52 9; 
ttag +53 1; 
ttag +54 1; 
ttag +55 2; 
ttag +56 1; 
ttag +57 9; 
ttag +58 4; 
ttag +59 1; 
ttag +60 1; 
ttag +61 2; 
ttag +62 3; 
ttag +63 8; 
ttag +64 1; 
ttag +65 3; 
ttag +66 1; 
ttag +67 7; 
ttag +68 5; 
ttag +69 5; 
ttag +70 5; 
ttag +71 1; 
ttag +72 1; 
ttag +73 2; 
ttag +74 2; 
ttag +75 3; 
ttag +76 9; 
ttag +77 1; 
ttag +78 7; 
ttag +79 3; 
ttag +80 6; 
ttag +81 3; 
ttag +82 5; 
ttag +83 6; 
ttag +84 2; 
ttag +85 9; 
ttag +86 2; 
ttag +87 10; 
tread
'Tree with tags' 
(0 (1 (3 (2 (4 (((5 (8 (9 10 )))((11 ((14 ((15 (16 17 ))(18 (19 20 ))))(21 ((22 (23 (24 25 )))(((26 27 )(28 (((32 (33 34 ))(35 (36 (37 (38 39 )))))(47 (45 (44 (46 (40 (41 (42 43 ))))))))))(29 (30 31 )))))))(12 13 )))(6 7 ))))))); 
ttag *!; 
ttag +0 ////; 
ttag +1 ////; 
ttag +2 ////; 
ttag +3 ////; 
ttag +4 ////; 
ttag +5 ////; 
ttag +6 ////; 
ttag +7 ////; 
ttag +8 ////; 
ttag +9 ////; 
ttag +10 ////; 
ttag +11 ////; 
ttag +12 ////; 
ttag +13 ////; 
ttag +14 ////; 
ttag +15 ////; 
ttag +16 ////; 
ttag +17 ////; 
ttag +18 ////; 
ttag +19 ////; 
ttag +20 ////; 
ttag +21 ////; 
ttag +22 ////; 
ttag +23 ////; 
ttag +24 ////; 
ttag +25 ////; 
ttag +26 ////; 
ttag +27 ////; 
ttag +28 ////; 
ttag +29 ////; 
ttag +30 ////; 
ttag +31 ////; 
ttag +32 ////; 
ttag +33 ////; 
ttag +34 ////; 
ttag +35 ////; 
ttag +36 ////; 
ttag +37 ////; 
ttag +38 ////; 
ttag +39 ////; 
ttag +40 ////; 
ttag +41 ////; 
ttag +42 ////; 
ttag +43 ////; 
ttag +44 ////; 
ttag +45 ////; 
ttag +46 ////; 
ttag +47 ////; 
ttag +48 ////; 
ttag +49 100/100/100/100/100; 
ttag +50 51/29/26/26/6; 
ttag +51 90/86/79/89/70; 
ttag +52 92/89/78/92/78; 
ttag +53 23/[1]/?/0/0; 
ttag +54 23/12/5/4/6; 
ttag +55 46/36/33/38/20; 
ttag +56 33/18/20/21/14; 
ttag +57 99/99/99/99/99; 
ttag +58 91/88/87/85/78; 
ttag +59 20/6/9/9/4; 
ttag +60 49/42/38/42/27; 
ttag +61 66/64/56/62/56; 
ttag +62 15/[6]/?/?/?; 
ttag +63 64/56/45/59/40; 
ttag +64 99/99/98/100/96; 
ttag +65 71/62/58/62/54; 
ttag +66 75/67/56/79/53; 
ttag +67 76/66/67/70/55; 
ttag +68 100/100/99/100/99; 
ttag +69 8/[13]/?/?/?; 
ttag +70 50/32/26/35/26; 
ttag +71 82/80/63/86/60; 
ttag +72 97/96/94/98/95; 
ttag +73 93/90/92/94/84; 
ttag +74 68/60/57/60/62; 
ttag +75 42/27/20/34/33; 
ttag +76 85/83/67/80/64; 
ttag +77 38/24/20/26/18; 
ttag +78 68/57/51/62/47; 
ttag +79 100/100/98/100/99; 
ttag +80 41/14/14/16/12; 
ttag +81 99/99/98/99/96; 
ttag +82 72/69/60/77/58; 
ttag +83 98/98/97/98/94; 
ttag +84 90/89/81/90/76; 
ttag +85 92/90/86/95/87; 
ttag +86 99/99/98/99/98; 
ttag +87 82/74/68/70/60; 
ttag +88 96/96/89/98/89; 
ttag +89 28/[28]/?/?/?; 
ttag +90 25/[31]/?/?/?; 
ttag +91 23/[34]/?/?/?; 
ttag +92 42/13/15/13/0; 
ttag +93 64/52/46/52/42; 
ttag +94 100/100/100/100/100; 
