tread
'Tree with tags' 
(0 (1 ((2 3 )(14 (12 13 21 (4 5 11 ((6 7 )(8 (9 10 ))))(15 16 17 )((18 (19 20 ))(22 (23 (24 25 ))(26 (27 (((28 (32 ((33 34 )(35 (36 (37 38 39 ))))))(((40 41 )(42 43 ))(46 (47 (44 45 )))))(29 (30 31 )))))))))))); 
ttag *!; 
ttag +49 ???; 
ttag +50 2; 
ttag +51 3; 
ttag +52 2; 
ttag +53 1; 
ttag +54 3; 
ttag +55 1; 
ttag +56 3; 
ttag +57 9; 
ttag +58 3; 
ttag +59 5; 
ttag +60 3; 
ttag +61 1; 
ttag +62 7; 
ttag +63 4; 
ttag +64 4; 
ttag +65 3; 
ttag +66 6; 
ttag +67 4; 
ttag +68 1; 
ttag +69 1; 
ttag +70 4; 
ttag +71 4; 
ttag +72 2; 
ttag +73 5; 
ttag +74 4; 
ttag +75 1; 
ttag +76 1; 
ttag +77 3; 
ttag +78 11; 
ttag +79 1; 
ttag +80 5; 
ttag +81 5; 
ttag +82 9; 
ttag +83 1; 
ttag +84 1; 
ttag +85 8; 
tread
'Tree with tags' 
(0 (1 ((2 3 )(14 (((5 (11 (4 ((6 7 )(8 (9 10 ))))))(21 (12 13 )))((15 (16 17 ))((18 (19 20 ))(22 ((23 (24 25 ))(26 (27 (((28 (32 ((33 34 )(35 (36 (39 (37 38 )))))))(((40 41 )(42 43 ))(46 (47 (44 45 )))))(29 (30 31 )))))))))))))); 
ttag *!; 
ttag +0 ////; 
ttag +1 ////; 
ttag +2 ////; 
ttag +3 ////; 
ttag +4 ////; 
ttag +5 ////; 
ttag +6 ////; 
ttag +7 ////; 
ttag +8 ////; 
ttag +9 ////; 
ttag +10 ////; 
ttag +11 ////; 
ttag +12 ////; 
ttag +13 ////; 
ttag +14 ////; 
ttag +15 ////; 
ttag +16 ////; 
ttag +17 ////; 
ttag +18 ////; 
ttag +19 ////; 
ttag +20 ////; 
ttag +21 ////; 
ttag +22 ////; 
ttag +23 ////; 
ttag +24 ////; 
ttag +25 ////; 
ttag +26 ////; 
ttag +27 ////; 
ttag +28 ////; 
ttag +29 ////; 
ttag +30 ////; 
ttag +31 ////; 
ttag +32 ////; 
ttag +33 ////; 
ttag +34 ////; 
ttag +35 ////; 
ttag +36 ////; 
ttag +37 ////; 
ttag +38 ////; 
ttag +39 ////; 
ttag +40 ////; 
ttag +41 ////; 
ttag +42 ////; 
ttag +43 ////; 
ttag +44 ////; 
ttag +45 ////; 
ttag +46 ////; 
ttag +47 ////; 
ttag +48 ////; 
ttag +49 100/100/100/100/100; 
ttag +50 76/65/64/72/52; 
ttag +51 85/79/68/82/71; 
ttag +52 0/[41]/?/?/?; 
ttag +53 3/[38]/?/?/?; 
ttag +54 51/32/19/48/26; 
ttag +55 6/[12]/?/?/?; 
ttag +56 30/11/8/20/11; 
ttag +57 88/87/78/88/81; 
ttag +58 71/55/50/56/49; 
ttag +59 83/80/59/72/64; 
ttag +60 100/100/99/99/98; 
ttag +61 84/74/50/64/61; 
ttag +62 36/23/30/30/22; 
ttag +63 15/[3]/1/?/5; 
ttag +64 94/93/82/94/85; 
ttag +65 3/[10]/?/?/?; 
ttag +66 53/24/20/20/13; 
ttag +67 92/90/84/89/80; 
ttag +68 22/[9]/0/?/?; 
ttag +69 98/98/99/100/96; 
ttag +70 74/66/60/68/56; 
ttag +71 98/98/96/98/96; 
ttag +72 22/[7]/?/?/?; 
ttag +73 86/79/75/80/75; 
ttag +74 76/72/59/78/64; 
ttag +75 70/58/53/64/51; 
ttag +76 30/7/1/6/8; 
ttag +77 20/[2]/?/2/5; 
ttag +78 64/52/46/58/41; 
ttag +79 63/54/41/60/42; 
ttag +80 75/67/63/71/60; 
ttag +81 78/75/67/84/64; 
ttag +82 70/63/54/59/58; 
ttag +83 45/34/27/42/27; 
ttag +84 43/28/17/28/20; 
ttag +85 80/74/62/76/64; 
ttag +86 30/[9]/?/?/?; 
ttag +87 100/100/99/100/100; 
ttag +88 56/38/26/39/26; 
ttag +89 91/87/72/91/78; 
ttag +90 62/50/49/62/44; 
ttag +91 100/100/99/98/98; 
ttag +92 31/[3]/?/?/?; 
ttag +93 31/[3]/?/?/?; 
ttag +94 94/94/90/96/90; 
