tread
'Tree with tags' 
(0 (1 ((2 3 )((((4 5 )(8 (9 10 )))(6 7 ))(11 ((13 (12 ((22 (23 (24 25 )))((26 27 )(28 (((29 (30 31 ))(40 (41 (42 43 ))))(32 (33 34 )(35 (36 (39 (37 38 )))))(46 47 (44 45 ))))))))(21 (14 ((15 16 17 )(18 (19 20 ))))))))))); 
ttag *!; 
ttag +49 ???; 
ttag +50 8; 
ttag +51 4; 
ttag +52 1; 
ttag +53 1; 
ttag +54 2; 
ttag +55 1; 
ttag +56 4; 
ttag +57 8; 
ttag +58 2; 
ttag +59 1; 
ttag +60 1; 
ttag +61 1; 
ttag +62 1; 
ttag +63 1; 
ttag +64 2; 
ttag +65 5; 
ttag +66 3; 
ttag +67 4; 
ttag +68 7; 
ttag +69 4; 
ttag +70 6; 
ttag +71 1; 
ttag +72 6; 
ttag +73 1; 
ttag +74 1; 
ttag +75 1; 
ttag +76 7; 
ttag +77 1; 
ttag +78 1; 
ttag +79 5; 
ttag +80 5; 
ttag +81 1; 
ttag +82 4; 
ttag +83 6; 
ttag +84 2; 
ttag +85 8; 
ttag +86 1; 
ttag +87 1; 
ttag +88 5; 
ttag +89 2; 
ttag +90 1; 
tread
'Tree with tags' 
(0 (1 ((2 3 )((((4 5 )(8 (9 10 )))(6 7 ))(11 ((13 (12 ((22 (23 (24 25 )))((26 27 )(28 ((((29 (30 31 ))(40 (41 (42 43 ))))(32 ((33 34 )(35 (36 (39 (37 38 )))))))(46 (47 (44 45 )))))))))(21 (14 ((16 (15 17 ))(18 (19 20 ))))))))))); 
ttag *!; 
ttag +0 ////; 
ttag +1 ////; 
ttag +2 ////; 
ttag +3 ////; 
ttag +4 ////; 
ttag +5 ////; 
ttag +6 ////; 
ttag +7 ////; 
ttag +8 ////; 
ttag +9 ////; 
ttag +10 ////; 
ttag +11 ////; 
ttag +12 ////; 
ttag +13 ////; 
ttag +14 ////; 
ttag +15 ////; 
ttag +16 ////; 
ttag +17 ////; 
ttag +18 ////; 
ttag +19 ////; 
ttag +20 ////; 
ttag +21 ////; 
ttag +22 ////; 
ttag +23 ////; 
ttag +24 ////; 
ttag +25 ////; 
ttag +26 ////; 
ttag +27 ////; 
ttag +28 ////; 
ttag +29 ////; 
ttag +30 ////; 
ttag +31 ////; 
ttag +32 ////; 
ttag +33 ////; 
ttag +34 ////; 
ttag +35 ////; 
ttag +36 ////; 
ttag +37 ////; 
ttag +38 ////; 
ttag +39 ////; 
ttag +40 ////; 
ttag +41 ////; 
ttag +42 ////; 
ttag +43 ////; 
ttag +44 ////; 
ttag +45 ////; 
ttag +46 ////; 
ttag +47 ////; 
ttag +48 ////; 
ttag +49 100/100/100/100/100; 
ttag +50 98/98/94/96/93; 
ttag +51 88/84/76/90/80; 
ttag +52 8/[42]/?/?/?; 
ttag +53 8/[42]/?/?/?; 
ttag +54 52/46/34/39/34; 
ttag +55 41/16/19/13/21; 
ttag +56 95/95/91/91/90; 
ttag +57 98/98/93/98/92; 
ttag +58 80/76/66/73/61; 
ttag +59 22/[2]/1/?/1; 
ttag +60 34/17/6/20/11; 
ttag +61 14/[2]/?/2/?; 
ttag +62 38/21/12/26/14; 
ttag +63 45/34/26/39/26; 
ttag +64 35/26/18/32/18; 
ttag +65 26/[28]/?/?/?; 
ttag +66 93/91/87/94/82; 
ttag +67 75/60/44/66/44; 
ttag +68 92/88/93/96/94; 
ttag +69 100/100/97/99/97; 
ttag +70 86/82/76/89/73; 
ttag +71 85/82/73/84/72; 
ttag +72 56/28/24/38/21; 
ttag +73 98/98/98/99/95; 
ttag +74 62/60/62/59/66; 
ttag +75 36/18/16/14/6; 
ttag +76 19/[1]/?/?/2; 
ttag +77 99/98/96/99/96; 
ttag +78 25/5/8/7/8; 
ttag +79 2/[24]/?/?/?; 
ttag +80 48/35/16/28/22; 
ttag +81 96/95/94/98/94; 
ttag +82 94/93/80/90/84; 
ttag +83 70/53/54/58/54; 
ttag +84 42/26/14/25/20; 
ttag +85 90/88/83/90/85; 
ttag +86 99/98/96/98/96; 
ttag +87 71/62/56/65/56; 
ttag +88 100/100/99/100/100; 
ttag +89 44/39/43/47/40; 
ttag +90 30/1/?/2/?; 
ttag +91 90/89/85/89/84; 
ttag +92 84/83/73/84/80; 
ttag +93 23/[7]/2/?/?; 
ttag +94 51/42/40/38/40; 
