tread
'Tree with tags' 
(0 (1 ((2 3 )(4 5 11 12 13 14 21 (6 7 )(8 9 10 )(15 16 17 )(18 (19 20 ))((22 (23 (24 25 )))(26 (27 (28 ((29 (30 31 ))(32 35 36 (33 34 )(39 (37 38 )))(41 (40 (42 43 )))(46 (47 (44 45 )))))))))))); 
ttag *!; 
ttag +49 ???; 
ttag +50 2; 
ttag +51 7; 
ttag +52 5; 
ttag +53 4; 
ttag +54 2; 
ttag +55 8; 
ttag +56 8; 
ttag +57 3; 
ttag +58 2; 
ttag +59 3; 
ttag +60 4; 
ttag +61 6; 
ttag +62 4; 
ttag +63 2; 
ttag +64 1; 
ttag +65 8; 
ttag +66 2; 
ttag +67 9; 
ttag +68 2; 
ttag +69 7; 
ttag +70 1; 
ttag +71 5; 
ttag +72 1; 
ttag +73 5; 
ttag +74 4; 
ttag +75 2; 
ttag +76 2; 
ttag +77 1; 
tread
'Tree with tags' 
(0 (1 ((2 3 )(4 ((5 ((6 7 )((11 (14 ((21 (15 (16 17 )))((18 (19 20 ))((22 (23 (24 25 )))(26 (27 (28 (((29 (30 31 ))(46 (47 (44 45 ))))(((32 (35 (36 (39 (37 38 )))))(33 34 ))(41 (40 (42 43 )))))))))))))(12 13 ))))(8 (9 10 ))))))); 
ttag *!; 
ttag +0 ////; 
ttag +1 ////; 
ttag +2 ////; 
ttag +3 ////; 
ttag +4 ////; 
ttag +5 ////; 
ttag +6 ////; 
ttag +7 ////; 
ttag +8 ////; 
ttag +9 ////; 
ttag +10 ////; 
ttag +11 ////; 
ttag +12 ////; 
ttag +13 ////; 
ttag +14 ////; 
ttag +15 ////; 
ttag +16 ////; 
ttag +17 ////; 
ttag +18 ////; 
ttag +19 ////; 
ttag +20 ////; 
ttag +21 ////; 
ttag +22 ////; 
ttag +23 ////; 
ttag +24 ////; 
ttag +25 ////; 
ttag +26 ////; 
ttag +27 ////; 
ttag +28 ////; 
ttag +29 ////; 
ttag +30 ////; 
ttag +31 ////; 
ttag +32 ////; 
ttag +33 ////; 
ttag +34 ////; 
ttag +35 ////; 
ttag +36 ////; 
ttag +37 ////; 
ttag +38 ////; 
ttag +39 ////; 
ttag +40 ////; 
ttag +41 ////; 
ttag +42 ////; 
ttag +43 ////; 
ttag +44 ////; 
ttag +45 ////; 
ttag +46 ////; 
ttag +47 ////; 
ttag +48 ////; 
ttag +49 100/100/100/100/100; 
ttag +50 88/84/78/91/80; 
ttag +51 98/98/97/99/97; 
ttag +52 96/94/91/97/88; 
ttag +53 10/[11]/?/?/?; 
ttag +54 27/6/7/8/9; 
ttag +55 86/83/73/86/74; 
ttag +56 12/[10]/?/?/?; 
ttag +57 89/84/79/86/86; 
ttag +58 47/29/32/21/30; 
ttag +59 15/[6]/?/1/?; 
ttag +60 4/[18]/?/?/?; 
ttag +61 30/26/22/30/26; 
ttag +62 22/0/?/10/?; 
ttag +63 99/99/96/98/95; 
ttag +64 17/[7]/?/?/?; 
ttag +65 2/[22]/?/?/?; 
ttag +66 73/64/60/56/54; 
ttag +67 98/98/100/100/97; 
ttag +68 18/[6]/?/?/?; 
ttag +69 97/97/97/98/96; 
ttag +70 36/0/?/28/15; 
ttag +71 48/37/26/48/41; 
ttag +72 82/74/64/79/63; 
ttag +73 97/96/96/99/96; 
ttag +74 88/87/82/88/80; 
ttag +75 69/63/46/72/48; 
ttag +76 63/55/56/59/46; 
ttag +77 99/99/93/98/97; 
ttag +78 11/[19]/?/?/?; 
ttag +79 63/54/41/52/52; 
ttag +80 99/99/99/100/99; 
ttag +81 42/14/9/8/22; 
ttag +82 86/84/70/80/73; 
ttag +83 13/[17]/?/?/?; 
ttag +84 99/98/97/97/96; 
ttag +85 44/18/19/13/23; 
ttag +86 46/20/18/10/15; 
ttag +87 85/80/70/68/68; 
ttag +88 98/97/88/97/92; 
ttag +89 50/20/14/24/22; 
ttag +90 93/91/91/96/89; 
ttag +91 94/94/90/98/89; 
ttag +92 76/71/58/68/60; 
ttag +93 55/43/34/50/33; 
ttag +94 38/11/?/19/9; 
