tread
'Tree with tags' 
(0 (1 ((2 3 )(4 (5 ((6 7 (10 (8 9 )))((11 13 )(12 (14 (((15 (16 17 ))(18 (19 20 )))(21 (22 (23 (24 25 ))(26 27 28 ((29 (30 31 ))(((32 ((33 34 )(35 (36 (37 38 39 )))))(40 (41 (42 43 ))))(44 (45 (46 47 )))))))))))))))))); 
ttag *!; 
ttag +49 ???; 
ttag +50 10; 
ttag +51 4; 
ttag +52 3; 
ttag +53 2; 
ttag +54 5; 
ttag +55 3; 
ttag +56 1; 
ttag +57 6; 
ttag +58 1; 
ttag +59 1; 
ttag +60 1; 
ttag +61 1; 
ttag +62 6; 
ttag +63 2; 
ttag +64 1; 
ttag +65 1; 
ttag +66 4; 
ttag +67 12; 
ttag +68 2; 
ttag +69 4; 
ttag +70 5; 
ttag +71 8; 
ttag +72 3; 
ttag +73 2; 
ttag +74 2; 
ttag +75 7; 
ttag +76 2; 
ttag +77 1; 
ttag +78 1; 
ttag +79 2; 
ttag +80 1; 
ttag +81 3; 
ttag +82 3; 
ttag +83 6; 
ttag +84 7; 
ttag +85 1; 
ttag +86 8; 
ttag +87 3; 
ttag +88 1; 
ttag +89 2; 
tread
'Tree with tags' 
(0 (1 ((2 3 )(4 (5 ((7 (6 (10 (8 9 ))))((11 13 )(12 (14 (((15 (16 17 ))(18 (19 20 )))(21 (22 ((23 (24 25 ))(28 ((26 27 )((29 (30 31 ))(((32 ((33 34 )(35 (36 (39 (37 38 ))))))(40 (41 (42 43 ))))(44 (45 (46 47 )))))))))))))))))))); 
ttag *!; 
ttag +0 ////; 
ttag +1 ////; 
ttag +2 ////; 
ttag +3 ////; 
ttag +4 ////; 
ttag +5 ////; 
ttag +6 ////; 
ttag +7 ////; 
ttag +8 ////; 
ttag +9 ////; 
ttag +10 ////; 
ttag +11 ////; 
ttag +12 ////; 
ttag +13 ////; 
ttag +14 ////; 
ttag +15 ////; 
ttag +16 ////; 
ttag +17 ////; 
ttag +18 ////; 
ttag +19 ////; 
ttag +20 ////; 
ttag +21 ////; 
ttag +22 ////; 
ttag +23 ////; 
ttag +24 ////; 
ttag +25 ////; 
ttag +26 ////; 
ttag +27 ////; 
ttag +28 ////; 
ttag +29 ////; 
ttag +30 ////; 
ttag +31 ////; 
ttag +32 ////; 
ttag +33 ////; 
ttag +34 ////; 
ttag +35 ////; 
ttag +36 ////; 
ttag +37 ////; 
ttag +38 ////; 
ttag +39 ////; 
ttag +40 ////; 
ttag +41 ////; 
ttag +42 ////; 
ttag +43 ////; 
ttag +44 ////; 
ttag +45 ////; 
ttag +46 ////; 
ttag +47 ////; 
ttag +48 ////; 
ttag +49 100/100/100/100/100; 
ttag +50 99/99/99/99/97; 
ttag +51 87/82/64/93/71; 
ttag +52 61/54/25/58/35; 
ttag +53 54/47/26/47/28; 
ttag +54 30/[2]/?/7/6; 
ttag +55 94/92/86/93/86; 
ttag +56 54/47/30/49/29; 
ttag +57 76/63/59/67/64; 
ttag +58 99/98/97/98/97; 
ttag +59 30/10/14/20/15; 
ttag +60 27/17/7/16/8; 
ttag +61 11/[9]/?/0/?; 
ttag +62 17/[2]/?/2/?; 
ttag +63 94/91/86/93/81; 
ttag +64 45/24/26/33/22; 
ttag +65 18/[2]/2/3/?; 
ttag +66 62/48/39/39/31; 
ttag +67 86/80/74/83/69; 
ttag +68 100/100/100/100/100; 
ttag +69 47/42/32/48/32; 
ttag +70 82/78/65/80/61; 
ttag +71 98/98/96/97/96; 
ttag +72 51/20/12/23/19; 
ttag +73 99/99/94/99/93; 
ttag +74 50/34/37/42/28; 
ttag +75 8/[21]/?/?/?; 
ttag +76 82/78/73/81/67; 
ttag +77 94/92/81/92/85; 
ttag +78 56/47/39/46/34; 
ttag +79 99/99/95/99/99; 
ttag +80 62/53/38/57/47; 
ttag +81 9/[38]/?/?/?; 
ttag +82 29/10/4/5/12; 
ttag +83 66/50/39/60/44; 
ttag +84 32/3/?/?/?; 
ttag +85 76/69/51/68/58; 
ttag +86 88/85/77/90/82; 
ttag +87 29/[2]/?/?/?; 
ttag +88 93/90/81/92/85; 
ttag +89 96/96/90/95/92; 
ttag +90 34/9/4/12/?; 
ttag +91 99/99/99/100/98; 
ttag +92 76/71/53/69/65; 
ttag +93 43/33/25/39/24; 
ttag +94 62/52/38/57/38; 
