tread
'Tree with tags' 
(0 (1 ((2 3 )(4 (5 (6 7 (8 (9 10 ))(11 12 13 (14 (((15 (16 17 ))(18 (19 20 )))(21 ((22 (23 (24 25 )))(26 27 (28 ((29 30 31 )((32 35 ((33 34 )(36 (37 (38 39 )))))(40 41 (42 43 ))(46 47 (44 45 ))))))))))))))))); 
ttag *!; 
ttag +49 ???; 
ttag +50 6; 
ttag +51 2; 
ttag +52 8; 
ttag +53 4; 
ttag +54 1; 
ttag +55 7; 
ttag +56 1; 
ttag +57 1; 
ttag +58 4; 
ttag +59 5; 
ttag +60 4; 
ttag +61 1; 
ttag +62 7; 
ttag +63 7; 
ttag +64 6; 
ttag +65 1; 
ttag +66 1; 
ttag +67 1; 
ttag +68 11; 
ttag +69 6; 
ttag +70 9; 
ttag +71 1; 
ttag +72 1; 
ttag +73 2; 
ttag +74 6; 
ttag +75 1; 
ttag +76 5; 
ttag +77 1; 
ttag +78 3; 
ttag +79 3; 
ttag +80 2; 
ttag +81 1; 
ttag +82 3; 
ttag +83 1; 
ttag +84 3; 
tread
'Tree with tags' 
(0 (1 ((2 3 )(4 (5 ((6 (8 (9 10 )))(7 (11 (13 (12 (14 (((15 (16 17 ))(18 (19 20 )))(21 ((22 (23 (24 25 )))(26 (27 (28 ((29 (30 31 ))(((32 (35 ((33 34 )(36 (37 (38 39 ))))))(47 (46 (44 45 ))))(40 (41 (42 43 )))))))))))))))))))))); 
ttag *!; 
ttag +0 ////; 
ttag +1 ////; 
ttag +2 ////; 
ttag +3 ////; 
ttag +4 ////; 
ttag +5 ////; 
ttag +6 ////; 
ttag +7 ////; 
ttag +8 ////; 
ttag +9 ////; 
ttag +10 ////; 
ttag +11 ////; 
ttag +12 ////; 
ttag +13 ////; 
ttag +14 ////; 
ttag +15 ////; 
ttag +16 ////; 
ttag +17 ////; 
ttag +18 ////; 
ttag +19 ////; 
ttag +20 ////; 
ttag +21 ////; 
ttag +22 ////; 
ttag +23 ////; 
ttag +24 ////; 
ttag +25 ////; 
ttag +26 ////; 
ttag +27 ////; 
ttag +28 ////; 
ttag +29 ////; 
ttag +30 ////; 
ttag +31 ////; 
ttag +32 ////; 
ttag +33 ////; 
ttag +34 ////; 
ttag +35 ////; 
ttag +36 ////; 
ttag +37 ////; 
ttag +38 ////; 
ttag +39 ////; 
ttag +40 ////; 
ttag +41 ////; 
ttag +42 ////; 
ttag +43 ////; 
ttag +44 ////; 
ttag +45 ////; 
ttag +46 ////; 
ttag +47 ////; 
ttag +48 ////; 
ttag +49 100/100/100/100/100; 
ttag +50 98/97/91/96/90; 
ttag +51 80/76/72/77/70; 
ttag +52 97/96/91/97/92; 
ttag +53 68/62/54/62/44; 
ttag +54 22/2/0/?/?; 
ttag +55 38/31/27/34/29; 
ttag +56 13/[14]/?/?/?; 
ttag +57 98/98/98/99/94; 
ttag +58 65/52/49/59/48; 
ttag +59 40/21/11/22/18; 
ttag +60 34/23/6/9/6; 
ttag +61 29/10/10/5/?; 
ttag +62 80/77/60/79/67; 
ttag +63 96/95/91/97/88; 
ttag +64 94/93/78/91/78; 
ttag +65 33/20/6/17/19; 
ttag +66 99/99/98/99/98; 
ttag +67 99/99/100/98/99; 
ttag +68 98/96/97/98/95; 
ttag +69 45/36/26/37/36; 
ttag +70 78/71/66/77/68; 
ttag +71 57/43/39/54/39; 
ttag +72 100/100/99/100/99; 
ttag +73 98/98/98/99/99; 
ttag +74 99/99/93/98/93; 
ttag +75 12/[48]/?/?/?; 
ttag +76 41/22/11/15/10; 
ttag +77 84/82/64/72/66; 
ttag +78 63/51/43/54/42; 
ttag +79 58/38/17/28/19; 
ttag +80 96/96/91/98/92; 
ttag +81 11/[12]/?/?/?; 
ttag +82 36/13/15/10/5; 
ttag +83 98/98/96/98/95; 
ttag +84 64/52/26/54/34; 
ttag +85 34/8/8/14/?; 
ttag +86 83/77/50/74/54; 
ttag +87 89/85/74/86/72; 
ttag +88 64/53/38/57/39; 
ttag +89 72/65/58/67/62; 
ttag +90 63/50/50/56/46; 
ttag +91 97/96/92/97/90; 
ttag +92 56/47/34/40/29; 
ttag +93 46/16/20/20/13; 
ttag +94 69/64/53/63/58; 
