tread
'Tree with tags' 
(0 (1 ((2 3 )((((13 (12 (4 11 )))((14 (21 ((22 (23 (24 25 )))(26 27 (28 (((29 (30 31 ))(33 34 ))(32 (35 (36 (37 38 39 ))))(45 (44 (47 (46 (40 (41 (42 43 )))))))))))))(17 (15 (16 (18 (19 20 )))))))(5 (6 7 )))(8 (9 10 )))))); 
ttag *!; 
ttag +49 ???; 
ttag +50 7; 
ttag +51 2; 
ttag +52 1; 
ttag +53 1; 
ttag +54 1; 
ttag +55 1; 
ttag +56 1; 
ttag +57 4; 
ttag +58 1; 
ttag +59 1; 
ttag +60 6; 
ttag +61 3; 
ttag +62 1; 
ttag +63 2; 
ttag +64 2; 
ttag +65 6; 
ttag +66 2; 
ttag +67 9; 
ttag +68 9; 
ttag +69 3; 
ttag +70 3; 
ttag +71 2; 
ttag +72 1; 
ttag +73 1; 
ttag +74 2; 
ttag +75 1; 
ttag +76 3; 
ttag +77 1; 
ttag +78 3; 
ttag +79 2; 
ttag +80 1; 
ttag +81 3; 
ttag +82 5; 
ttag +83 4; 
ttag +84 7; 
ttag +85 7; 
ttag +86 2; 
ttag +87 1; 
ttag +88 2; 
ttag +89 3; 
ttag +90 2; 
ttag +91 5; 
tread
'Tree with tags' 
(0 (1 ((2 3 )((((13 (12 (4 11 )))((14 (21 ((22 (23 (24 25 )))(26 (27 (28 ((((29 (30 31 ))(33 34 ))(45 (44 (47 (46 (40 (41 (42 43 ))))))))(32 (35 (36 (37 (38 39 ))))))))))))(17 (15 (16 (18 (19 20 )))))))(5 (6 7 )))(8 (9 10 )))))); 
ttag *!; 
ttag +0 ////; 
ttag +1 ////; 
ttag +2 ////; 
ttag +3 ////; 
ttag +4 ////; 
ttag +5 ////; 
ttag +6 ////; 
ttag +7 ////; 
ttag +8 ////; 
ttag +9 ////; 
ttag +10 ////; 
ttag +11 ////; 
ttag +12 ////; 
ttag +13 ////; 
ttag +14 ////; 
ttag +15 ////; 
ttag +16 ////; 
ttag +17 ////; 
ttag +18 ////; 
ttag +19 ////; 
ttag +20 ////; 
ttag +21 ////; 
ttag +22 ////; 
ttag +23 ////; 
ttag +24 ////; 
ttag +25 ////; 
ttag +26 ////; 
ttag +27 ////; 
ttag +28 ////; 
ttag +29 ////; 
ttag +30 ////; 
ttag +31 ////; 
ttag +32 ////; 
ttag +33 ////; 
ttag +34 ////; 
ttag +35 ////; 
ttag +36 ////; 
ttag +37 ////; 
ttag +38 ////; 
ttag +39 ////; 
ttag +40 ////; 
ttag +41 ////; 
ttag +42 ////; 
ttag +43 ////; 
ttag +44 ////; 
ttag +45 ////; 
ttag +46 ////; 
ttag +47 ////; 
ttag +48 ////; 
ttag +49 100/100/100/100/100; 
ttag +50 99/99/97/98/97; 
ttag +51 81/77/70/83/70; 
ttag +52 19/0/?/?/?; 
ttag +53 7/[12]/?/?/?; 
ttag +54 12/[16]/?/?/?; 
ttag +55 18/[1]/?/2/?; 
ttag +56 14/[10]/?/0/?; 
ttag +57 72/61/44/57/52; 
ttag +58 13/[11]/?/?/?; 
ttag +59 52/40/38/35/33; 
ttag +60 98/97/95/98/91; 
ttag +61 73/61/51/62/49; 
ttag +62 47/32/18/26/21; 
ttag +63 49/36/28/44/31; 
ttag +64 55/37/28/35/33; 
ttag +65 93/92/85/95/86; 
ttag +66 49/31/20/31/28; 
ttag +67 98/97/93/97/94; 
ttag +68 100/100/100/100/100; 
ttag +69 79/77/68/86/71; 
ttag +70 80/69/56/64/59; 
ttag +71 76/74/54/74/54; 
ttag +72 32/4/6/?/?; 
ttag +73 27/0/?/?/?; 
ttag +74 59/43/39/49/41; 
ttag +75 10/[38]/?/?/?; 
ttag +76 43/20/14/14/12; 
ttag +77 85/81/77/86/68; 
ttag +78 32/[4]/?/?/?; 
ttag +79 14/[22]/?/?/?; 
ttag +80 70/66/55/72/58; 
ttag +81 79/69/60/74/54; 
ttag +82 58/42/33/35/40; 
ttag +83 79/72/61/78/61; 
ttag +84 98/97/97/98/93; 
ttag +85 90/87/82/89/85; 
ttag +86 98/98/98/99/97; 
ttag +87 33/2/?/6/4; 
ttag +88 100/100/98/99/98; 
ttag +89 43/20/11/27/13; 
ttag +90 33/10/?/14/?; 
ttag +91 38/15/4/22/9; 
ttag +92 76/68/66/74/67; 
ttag +93 79/68/56/75/50; 
ttag +94 95/93/86/95/84; 
