tread
'Tree with tags' 
(0 (1 ((2 3 )(4 (5 (6 7 11 (8 (9 10 ))(12 13 14 21 (15 (16 17 ))(18 (19 20 ))((22 (23 (24 25 )))(26 (27 28 (((29 (30 31 ))((32 ((33 34 )(35 (36 (37 (38 39 ))))))(40 (41 (42 43 )))))(46 47 (44 45 ))))))))))))); 
ttag *!; 
ttag +49 ???; 
ttag +50 5; 
ttag +51 5; 
ttag +52 8; 
ttag +53 6; 
ttag +54 2; 
ttag +55 10; 
ttag +56 3; 
ttag +57 1; 
ttag +58 6; 
ttag +59 2; 
ttag +60 9; 
ttag +61 4; 
ttag +62 4; 
ttag +63 4; 
ttag +64 2; 
ttag +65 7; 
ttag +66 5; 
ttag +67 1; 
ttag +68 3; 
ttag +69 3; 
ttag +70 1; 
ttag +71 1; 
ttag +72 3; 
ttag +73 2; 
ttag +74 5; 
ttag +75 2; 
ttag +76 4; 
ttag +77 5; 
ttag +78 4; 
ttag +79 2; 
ttag +80 10; 
ttag +81 5; 
ttag +82 11; 
ttag +83 2; 
ttag +84 3; 
tread
'Tree with tags' 
(0 (1 ((2 3 )(4 (5 (((6 (8 (9 10 )))(7 11 ))((14 ((21 (12 13 ))(18 (19 20 ))))((15 (16 17 ))((22 (23 (24 25 )))(26 (28 (27 (((29 (30 31 ))((32 ((33 34 )(35 (36 (37 (38 39 ))))))(40 (41 (42 43 )))))((44 45 )(46 47 ))))))))))))))); 
ttag *!; 
ttag +0 ////; 
ttag +1 ////; 
ttag +2 ////; 
ttag +3 ////; 
ttag +4 ////; 
ttag +5 ////; 
ttag +6 ////; 
ttag +7 ////; 
ttag +8 ////; 
ttag +9 ////; 
ttag +10 ////; 
ttag +11 ////; 
ttag +12 ////; 
ttag +13 ////; 
ttag +14 ////; 
ttag +15 ////; 
ttag +16 ////; 
ttag +17 ////; 
ttag +18 ////; 
ttag +19 ////; 
ttag +20 ////; 
ttag +21 ////; 
ttag +22 ////; 
ttag +23 ////; 
ttag +24 ////; 
ttag +25 ////; 
ttag +26 ////; 
ttag +27 ////; 
ttag +28 ////; 
ttag +29 ////; 
ttag +30 ////; 
ttag +31 ////; 
ttag +32 ////; 
ttag +33 ////; 
ttag +34 ////; 
ttag +35 ////; 
ttag +36 ////; 
ttag +37 ////; 
ttag +38 ////; 
ttag +39 ////; 
ttag +40 ////; 
ttag +41 ////; 
ttag +42 ////; 
ttag +43 ////; 
ttag +44 ////; 
ttag +45 ////; 
ttag +46 ////; 
ttag +47 ////; 
ttag +48 ////; 
ttag +49 100/100/100/100/100; 
ttag +50 80/69/57/75/53; 
ttag +51 95/94/90/96/97; 
ttag +52 96/95/93/97/94; 
ttag +53 79/75/60/83/58; 
ttag +54 9/[5]/?/?/?; 
ttag +55 23/8/2/14/6; 
ttag +56 65/61/47/68/51; 
ttag +57 19/[13]/?/?/?; 
ttag +58 100/100/100/100/98; 
ttag +59 95/94/87/91/85; 
ttag +60 33/17/11/23/17; 
ttag +61 3/[13]/?/?/?; 
ttag +62 3/[22]/?/?/?; 
ttag +63 1/[24]/?/?/?; 
ttag +64 63/51/41/63/48; 
ttag +65 99/99/98/97/94; 
ttag +66 23/[2]/?/?/8; 
ttag +67 90/87/79/91/80; 
ttag +68 100/100/99/99/98; 
ttag +69 99/99/99/99/98; 
ttag +70 87/84/76/86/76; 
ttag +71 88/86/76/86/76; 
ttag +72 82/74/64/77/60; 
ttag +73 97/96/96/97/91; 
ttag +74 90/88/76/89/80; 
ttag +75 17/[7]/?/?/?; 
ttag +76 53/30/17/29/24; 
ttag +77 76/72/58/73/65; 
ttag +78 56/48/29/56/30; 
ttag +79 68/64/49/64/53; 
ttag +80 63/50/50/61/52; 
ttag +81 74/67/63/72/56; 
ttag +82 56/48/42/59/53; 
ttag +83 99/99/92/98/94; 
ttag +84 52/30/15/46/29; 
ttag +85 83/79/70/85/74; 
ttag +86 97/97/94/98/94; 
ttag +87 84/74/64/86/70; 
ttag +88 83/78/69/80/71; 
ttag +89 100/100/98/99/97; 
ttag +90 97/97/89/96/92; 
ttag +91 100/100/100/99/100; 
ttag +92 65/61/42/56/45; 
ttag +93 67/63/46/64/44; 
ttag +94 40/20/15/23/13; 
