tread
'Tree with tags' 
(0 (1 ((2 3 )(4 (5 ((7 (6 (8 (9 10 ))))(11 12 13 (14 21 (15 (16 17 ))(18 (19 20 ))((22 (23 (24 25 )))(26 (27 (28 (((29 (30 31 ))(32 (33 34 )(35 (36 (39 (37 38 ))))))(((40 41 )(42 43 ))(47 (44 (45 46 ))))))))))))))))); 
ttag *!; 
ttag +49 ???; 
ttag +50 2; 
ttag +51 5; 
ttag +52 5; 
ttag +53 4; 
ttag +54 1; 
ttag +55 2; 
ttag +56 1; 
ttag +57 10; 
ttag +58 3; 
ttag +59 3; 
ttag +60 3; 
ttag +61 7; 
ttag +62 3; 
ttag +63 6; 
ttag +64 6; 
ttag +65 4; 
ttag +66 1; 
ttag +67 3; 
ttag +68 8; 
ttag +69 6; 
ttag +70 3; 
ttag +71 4; 
ttag +72 7; 
ttag +73 1; 
ttag +74 4; 
ttag +75 3; 
ttag +76 4; 
ttag +77 11; 
ttag +78 6; 
ttag +79 2; 
ttag +80 4; 
ttag +81 1; 
ttag +82 5; 
ttag +83 4; 
ttag +84 4; 
ttag +85 12; 
ttag +86 1; 
ttag +87 3; 
ttag +88 3; 
tread
'Tree with tags' 
(0 (1 ((2 3 )(4 (5 ((7 (6 (8 (9 10 ))))(11 (13 (12 (((14 (21 ((22 (23 (24 25 )))(26 (27 (28 (((29 (30 31 ))(32 ((33 34 )(35 (36 (39 (37 38 )))))))(((40 41 )(42 43 ))(47 (44 (45 46 )))))))))))(18 (19 20 )))(15 (16 17 )))))))))))); 
ttag *!; 
ttag +0 ////; 
ttag +1 ////; 
ttag +2 ////; 
ttag +3 ////; 
ttag +4 ////; 
ttag +5 ////; 
ttag +6 ////; 
ttag +7 ////; 
ttag +8 ////; 
ttag +9 ////; 
ttag +10 ////; 
ttag +11 ////; 
ttag +12 ////; 
ttag +13 ////; 
ttag +14 ////; 
ttag +15 ////; 
ttag +16 ////; 
ttag +17 ////; 
ttag +18 ////; 
ttag +19 ////; 
ttag +20 ////; 
ttag +21 ////; 
ttag +22 ////; 
ttag +23 ////; 
ttag +24 ////; 
ttag +25 ////; 
ttag +26 ////; 
ttag +27 ////; 
ttag +28 ////; 
ttag +29 ////; 
ttag +30 ////; 
ttag +31 ////; 
ttag +32 ////; 
ttag +33 ////; 
ttag +34 ////; 
ttag +35 ////; 
ttag +36 ////; 
ttag +37 ////; 
ttag +38 ////; 
ttag +39 ////; 
ttag +40 ////; 
ttag +41 ////; 
ttag +42 ////; 
ttag +43 ////; 
ttag +44 ////; 
ttag +45 ////; 
ttag +46 ////; 
ttag +47 ////; 
ttag +48 ////; 
ttag +49 100/100/100/100/100; 
ttag +50 72/63/51/62/56; 
ttag +51 94/93/89/98/88; 
ttag +52 91/90/72/90/76; 
ttag +53 87/86/77/87/79; 
ttag +54 42/27/18/34/20; 
ttag +55 74/69/54/76/63; 
ttag +56 65/59/38/60/50; 
ttag +57 100/100/98/100/99; 
ttag +58 85/82/79/86/80; 
ttag +59 85/84/77/86/71; 
ttag +60 36/28/15/22/21; 
ttag +61 29/12/16/8/19; 
ttag +62 2/[15]/?/?/?; 
ttag +63 23/[12]/?/?/?; 
ttag +64 79/76/62/81/67; 
ttag +65 99/98/98/100/99; 
ttag +66 94/93/86/92/84; 
ttag +67 99/98/94/98/92; 
ttag +68 100/100/100/100/99; 
ttag +69 46/32/30/38/29; 
ttag +70 95/94/87/92/87; 
ttag +71 74/63/56/62/56; 
ttag +72 75/65/62/84/63; 
ttag +73 99/98/98/98/99; 
ttag +74 86/84/74/87/78; 
ttag +75 68/56/48/72/49; 
ttag +76 80/78/68/84/64; 
ttag +77 98/98/91/97/96; 
ttag +78 46/34/10/38/25; 
ttag +79 72/64/50/73/56; 
ttag +80 90/89/82/92/82; 
ttag +81 92/91/78/92/78; 
ttag +82 99/99/100/100/100; 
ttag +83 28/[6]/?/?/?; 
ttag +84 90/86/76/88/78; 
ttag +85 76/69/66/76/66; 
ttag +86 91/89/82/87/82; 
ttag +87 63/48/31/45/43; 
ttag +88 98/98/96/98/96; 
ttag +89 76/73/68/73/57; 
ttag +90 86/82/76/81/68; 
ttag +91 100/100/100/100/100; 
ttag +92 40/26/7/33/21; 
ttag +93 62/49/40/57/45; 
ttag +94 62/56/51/59/48; 
