tread
'Tree with tags' 
(0 (1 ((2 3 )(4 (5 ((6 7 )(8 (9 10 ))(11 12 13 (14 ((17 (15 16 ))(18 (19 20 ))))(21 (22 (23 (24 25 )))(26 (27 (28 ((29 (30 31 ))((32 ((33 34 )(35 (36 (38 (37 39 ))))))((40 (41 (42 43 )))(47 (46 (44 45 ))))))))))))))))); 
ttag *!; 
ttag +49 ???; 
ttag +50 6; 
ttag +51 4; 
ttag +52 10; 
ttag +53 3; 
ttag +54 1; 
ttag +55 1; 
ttag +56 8; 
ttag +57 1; 
ttag +58 3; 
ttag +59 1; 
ttag +60 1; 
ttag +61 2; 
ttag +62 2; 
ttag +63 4; 
ttag +64 9; 
ttag +65 1; 
ttag +66 3; 
ttag +67 5; 
ttag +68 3; 
ttag +69 1; 
ttag +70 2; 
ttag +71 1; 
ttag +72 5; 
ttag +73 3; 
ttag +74 4; 
ttag +75 6; 
ttag +76 2; 
ttag +77 5; 
ttag +78 3; 
ttag +79 3; 
ttag +80 4; 
ttag +81 3; 
ttag +82 10; 
ttag +83 7; 
ttag +84 3; 
ttag +85 4; 
ttag +86 5; 
ttag +87 2; 
ttag +88 1; 
ttag +89 2; 
tread
'Tree with tags' 
(0 (1 ((2 3 )(4 (5 (((6 7 )((12 (11 13 ))((14 ((17 (15 16 ))(18 (19 20 ))))((21 (26 (27 (28 ((29 (30 31 ))((32 ((33 34 )(35 (36 (38 (37 39 ))))))((40 (41 (42 43 )))(47 (46 (44 45 ))))))))))(22 (23 (24 25 )))))))(8 (9 10 )))))))); 
ttag *!; 
ttag +0 ////; 
ttag +1 ////; 
ttag +2 ////; 
ttag +3 ////; 
ttag +4 ////; 
ttag +5 ////; 
ttag +6 ////; 
ttag +7 ////; 
ttag +8 ////; 
ttag +9 ////; 
ttag +10 ////; 
ttag +11 ////; 
ttag +12 ////; 
ttag +13 ////; 
ttag +14 ////; 
ttag +15 ////; 
ttag +16 ////; 
ttag +17 ////; 
ttag +18 ////; 
ttag +19 ////; 
ttag +20 ////; 
ttag +21 ////; 
ttag +22 ////; 
ttag +23 ////; 
ttag +24 ////; 
ttag +25 ////; 
ttag +26 ////; 
ttag +27 ////; 
ttag +28 ////; 
ttag +29 ////; 
ttag +30 ////; 
ttag +31 ////; 
ttag +32 ////; 
ttag +33 ////; 
ttag +34 ////; 
ttag +35 ////; 
ttag +36 ////; 
ttag +37 ////; 
ttag +38 ////; 
ttag +39 ////; 
ttag +40 ////; 
ttag +41 ////; 
ttag +42 ////; 
ttag +43 ////; 
ttag +44 ////; 
ttag +45 ////; 
ttag +46 ////; 
ttag +47 ////; 
ttag +48 ////; 
ttag +49 100/100/100/100/100; 
ttag +50 98/98/95/99/97; 
ttag +51 92/90/84/94/85; 
ttag +52 100/100/100/100/100; 
ttag +53 96/95/74/83/80; 
ttag +54 78/72/68/63/55; 
ttag +55 26/[6]/?/?/?; 
ttag +56 58/48/30/46/41; 
ttag +57 100/100/99/100/100; 
ttag +58 60/40/28/45/38; 
ttag +59 17/[27]/?/?/?; 
ttag +60 27/12/2/13/2; 
ttag +61 84/80/62/84/61; 
ttag +62 58/52/33/53/40; 
ttag +63 18/[2]/1/11/1; 
ttag +64 36/26/12/32/14; 
ttag +65 40/19/7/30/10; 
ttag +66 41/20/8/26/8; 
ttag +67 89/86/74/91/82; 
ttag +68 100/100/100/100/100; 
ttag +69 28/[14]/?/?/?; 
ttag +70 68/65/51/72/58; 
ttag +71 74/65/52/70/46; 
ttag +72 99/99/94/98/94; 
ttag +73 84/75/66/80/70; 
ttag +74 40/33/24/37/17; 
ttag +75 77/75/56/74/54; 
ttag +76 47/38/31/46/25; 
ttag +77 97/97/90/96/93; 
ttag +78 81/75/59/77/56; 
ttag +79 94/92/87/92/89; 
ttag +80 94/93/89/92/87; 
ttag +81 84/81/65/84/72; 
ttag +82 97/96/88/95/90; 
ttag +83 89/88/82/85/82; 
ttag +84 86/81/71/80/73; 
ttag +85 95/93/89/96/87; 
ttag +86 92/91/91/94/90; 
ttag +87 100/100/100/100/99; 
ttag +88 97/96/96/98/94; 
ttag +89 83/77/57/75/58; 
ttag +90 96/96/94/95/96; 
ttag +91 96/95/91/95/88; 
ttag +92 73/64/51/67/47; 
ttag +93 62/53/36/55/36; 
ttag +94 73/60/44/64/58; 
