tread
'Tree with tags' 
(0 (1 ((2 3 )(4 (5 (((7 (6 (8 (9 10 ))))(11 (12 13 )))(14 21 ((15 (16 17 ))(18 (19 20 )))(22 (23 (24 25 )))(26 (27 (28 ((29 (30 31 ))(((32 ((33 34 )(35 (36 (37 38 39 )))))(41 (40 (42 43 ))))(44 45 46 47 ))))))))))))); 
ttag *!; 
ttag +49 ???; 
ttag +50 3; 
ttag +51 2; 
ttag +52 8; 
ttag +53 1; 
ttag +54 1; 
ttag +55 1; 
ttag +56 1; 
ttag +57 1; 
ttag +58 5; 
ttag +59 1; 
ttag +60 1; 
ttag +61 3; 
ttag +62 1; 
ttag +63 13; 
ttag +64 4; 
ttag +65 1; 
ttag +66 6; 
ttag +67 3; 
ttag +68 2; 
ttag +69 5; 
ttag +70 1; 
ttag +71 7; 
ttag +72 1; 
ttag +73 1; 
ttag +74 7; 
ttag +75 1; 
ttag +76 6; 
ttag +77 5; 
ttag +78 2; 
ttag +79 2; 
ttag +80 5; 
ttag +81 1; 
ttag +82 3; 
ttag +83 7; 
ttag +84 4; 
ttag +85 2; 
ttag +86 3; 
ttag +87 7; 
ttag +88 4; 
tread
'Tree with tags' 
(0 (1 ((2 3 )(4 (5 (((7 (6 (8 (9 10 ))))(11 (12 13 )))((14 ((15 (16 17 ))(18 (19 20 ))))((21 (22 (23 (24 25 ))))(26 (27 (28 ((29 (30 31 ))(((32 ((33 34 )(35 (36 (38 (37 39 ))))))(41 (40 (42 43 ))))(44 (45 (46 47 )))))))))))))))); 
ttag *!; 
ttag +0 ////; 
ttag +1 ////; 
ttag +2 ////; 
ttag +3 ////; 
ttag +4 ////; 
ttag +5 ////; 
ttag +6 ////; 
ttag +7 ////; 
ttag +8 ////; 
ttag +9 ////; 
ttag +10 ////; 
ttag +11 ////; 
ttag +12 ////; 
ttag +13 ////; 
ttag +14 ////; 
ttag +15 ////; 
ttag +16 ////; 
ttag +17 ////; 
ttag +18 ////; 
ttag +19 ////; 
ttag +20 ////; 
ttag +21 ////; 
ttag +22 ////; 
ttag +23 ////; 
ttag +24 ////; 
ttag +25 ////; 
ttag +26 ////; 
ttag +27 ////; 
ttag +28 ////; 
ttag +29 ////; 
ttag +30 ////; 
ttag +31 ////; 
ttag +32 ////; 
ttag +33 ////; 
ttag +34 ////; 
ttag +35 ////; 
ttag +36 ////; 
ttag +37 ////; 
ttag +38 ////; 
ttag +39 ////; 
ttag +40 ////; 
ttag +41 ////; 
ttag +42 ////; 
ttag +43 ////; 
ttag +44 ////; 
ttag +45 ////; 
ttag +46 ////; 
ttag +47 ////; 
ttag +48 ////; 
ttag +49 100/100/100/100/100; 
ttag +50 62/48/46/57/51; 
ttag +51 70/62/67/84/64; 
ttag +52 96/94/90/94/86; 
ttag +53 40/22/8/30/22; 
ttag +54 21/8/13/16/4; 
ttag +55 26/13/24/22/9; 
ttag +56 10/[1]/?/1/?; 
ttag +57 36/25/21/30/20; 
ttag +58 96/95/91/97/90; 
ttag +59 40/[8]/?/?/?; 
ttag +60 44/33/20/29/18; 
ttag +61 74/69/62/82/62; 
ttag +62 10/[34]/?/?/?; 
ttag +63 44/34/24/42/19; 
ttag +64 100/100/100/100/100; 
ttag +65 82/75/59/74/65; 
ttag +66 80/71/69/78/65; 
ttag +67 100/100/98/99/95; 
ttag +68 89/84/83/84/65; 
ttag +69 26/[1]/?/4/?; 
ttag +70 22/5/3/10/?; 
ttag +71 61/52/31/43/32; 
ttag +72 99/98/94/98/95; 
ttag +73 84/80/81/82/81; 
ttag +74 96/96/88/94/89; 
ttag +75 61/41/25/41/30; 
ttag +76 54/33/16/38/24; 
ttag +77 96/96/93/96/92; 
ttag +78 53/40/36/39/36; 
ttag +79 97/96/92/98/93; 
ttag +80 98/97/96/97/94; 
ttag +81 67/60/47/55/48; 
ttag +82 75/73/69/69/55; 
ttag +83 94/94/87/92/86; 
ttag +84 53/28/34/38/35; 
ttag +85 91/87/86/89/80; 
ttag +86 99/99/99/100/97; 
ttag +87 36/0/0/?/6; 
ttag +88 95/94/87/96/89; 
ttag +89 59/42/28/46/31; 
ttag +90 82/76/69/76/65; 
ttag +91 100/100/100/100/99; 
ttag +92 78/67/51/78/55; 
ttag +93 22/11/6/15/10; 
ttag +94 18/[7]/1/?/?; 
