tread
'Tree with tags' 
(0 (1 ((2 3 )(4 (5 (((6 7 )(8 (9 10 )))(12 ((11 (21 ((22 (23 (24 25 )))((26 27 )(28 (((29 (30 31 ))(32 ((33 34 )(35 (36 (37 (38 39 )))))))(40 (41 (42 43 )))(44 (45 (46 47 )))))))))(13 (14 ((15 (16 17 ))(18 (19 20 ))))))))))))); 
ttag *!; 
ttag +49 ???; 
ttag +50 4; 
ttag +51 3; 
ttag +52 6; 
ttag +53 4; 
ttag +54 3; 
ttag +55 2; 
ttag +56 1; 
ttag +57 7; 
ttag +58 3; 
ttag +59 1; 
ttag +60 2; 
ttag +61 2; 
ttag +62 1; 
ttag +63 2; 
ttag +64 3; 
ttag +65 9; 
ttag +66 2; 
ttag +67 5; 
ttag +68 12; 
ttag +69 1; 
ttag +70 5; 
ttag +71 3; 
ttag +72 4; 
ttag +73 7; 
ttag +74 1; 
ttag +75 8; 
ttag +76 2; 
ttag +77 3; 
ttag +78 1; 
ttag +79 3; 
ttag +80 12; 
ttag +81 5; 
ttag +82 2; 
ttag +83 5; 
ttag +84 2; 
ttag +85 4; 
ttag +86 5; 
ttag +87 6; 
ttag +88 4; 
ttag +89 2; 
ttag +90 8; 
ttag +91 1; 
ttag +92 1; 
ttag +93 1; 
tread
'Tree with tags' 
(0 (1 ((2 3 )(4 (5 (((6 7 )(8 (9 10 )))(12 ((11 (21 ((22 (23 (24 25 )))((26 27 )(28 ((((29 (30 31 ))(32 ((33 34 )(35 (36 (37 (38 39 )))))))(44 (45 (46 47 ))))(40 (41 (42 43 )))))))))(13 (14 ((15 (16 17 ))(18 (19 20 ))))))))))))); 
ttag *!; 
ttag +0 ////; 
ttag +1 ////; 
ttag +2 ////; 
ttag +3 ////; 
ttag +4 ////; 
ttag +5 ////; 
ttag +6 ////; 
ttag +7 ////; 
ttag +8 ////; 
ttag +9 ////; 
ttag +10 ////; 
ttag +11 ////; 
ttag +12 ////; 
ttag +13 ////; 
ttag +14 ////; 
ttag +15 ////; 
ttag +16 ////; 
ttag +17 ////; 
ttag +18 ////; 
ttag +19 ////; 
ttag +20 ////; 
ttag +21 ////; 
ttag +22 ////; 
ttag +23 ////; 
ttag +24 ////; 
ttag +25 ////; 
ttag +26 ////; 
ttag +27 ////; 
ttag +28 ////; 
ttag +29 ////; 
ttag +30 ////; 
ttag +31 ////; 
ttag +32 ////; 
ttag +33 ////; 
ttag +34 ////; 
ttag +35 ////; 
ttag +36 ////; 
ttag +37 ////; 
ttag +38 ////; 
ttag +39 ////; 
ttag +40 ////; 
ttag +41 ////; 
ttag +42 ////; 
ttag +43 ////; 
ttag +44 ////; 
ttag +45 ////; 
ttag +46 ////; 
ttag +47 ////; 
ttag +48 ////; 
ttag +49 100/100/100/100/100; 
ttag +50 91/88/84/88/80; 
ttag +51 84/75/75/78/71; 
ttag +52 87/82/72/83/75; 
ttag +53 58/48/35/55/45; 
ttag +54 93/91/89/87/84; 
ttag +55 64/61/51/64/53; 
ttag +56 23/6/9/15/9; 
ttag +57 96/96/95/96/90; 
ttag +58 87/84/79/85/76; 
ttag +59 11/[2]/?/2/?; 
ttag +60 14/4/?/4/?; 
ttag +61 35/24/11/26/17; 
ttag +62 18/6/?/12/4; 
ttag +63 37/26/11/28/20; 
ttag +64 80/75/70/72/68; 
ttag +65 97/96/88/94/91; 
ttag +66 63/50/53/50/34; 
ttag +67 86/78/65/86/69; 
ttag +68 100/100/100/100/100; 
ttag +69 44/32/33/38/32; 
ttag +70 93/90/78/92/87; 
ttag +71 78/71/67/70/60; 
ttag +72 92/89/78/84/78; 
ttag +73 99/99/96/98/95; 
ttag +74 53/22/15/20/14; 
ttag +75 98/97/94/98/94; 
ttag +76 70/53/56/60/48; 
ttag +77 76/72/75/80/69; 
ttag +78 32/19/9/21/10; 
ttag +79 8/[12]/?/?/?; 
ttag +80 74/70/53/68/53; 
ttag +81 100/100/100/100/100; 
ttag +82 94/93/82/95/92; 
ttag +83 52/38/31/47/26; 
ttag +84 82/78/63/83/63; 
ttag +85 59/49/44/62/44; 
ttag +86 75/68/61/70/57; 
ttag +87 85/81/81/90/71; 
ttag +88 99/99/97/100/98; 
ttag +89 80/76/64/85/65; 
ttag +90 54/24/20/19/25; 
ttag +91 99/99/100/100/98; 
ttag +92 39/29/19/30/19; 
ttag +93 19/[8]/?/?/?; 
ttag +94 19/[8]/?/?/?; 
