tread
'Tree with tags' 
(0 (1 ((2 3 )(4 (5 ((11 ((6 7 )(8 (9 10 ))))(12 13 14 (15 16 17 )(18 (19 20 ))(21 ((22 (23 (24 25 )))(26 (27 (28 (((29 30 31 )(32 ((35 (33 34 ))(36 (39 (37 38 ))))))((40 (41 (42 43 )))(46 (44 (45 47 ))))))))))))))))); 
ttag *!; 
ttag +49 ???; 
ttag +50 4; 
ttag +51 5; 
ttag +52 6; 
ttag +53 4; 
ttag +54 4; 
ttag +55 3; 
ttag +56 1; 
ttag +57 1; 
ttag +58 7; 
ttag +59 1; 
ttag +60 2; 
ttag +61 5; 
ttag +62 7; 
ttag +63 6; 
ttag +64 3; 
ttag +65 6; 
ttag +66 4; 
ttag +67 5; 
ttag +68 7; 
ttag +69 5; 
ttag +70 3; 
ttag +71 3; 
ttag +72 3; 
ttag +73 1; 
ttag +74 3; 
ttag +75 5; 
ttag +76 7; 
ttag +77 3; 
ttag +78 2; 
ttag +79 4; 
ttag +80 2; 
ttag +81 3; 
ttag +82 4; 
ttag +83 2; 
ttag +84 5; 
ttag +85 8; 
ttag +86 2; 
ttag +87 4; 
ttag +88 2; 
tread
'Tree with tags' 
(0 (1 ((2 3 )(4 (5 ((11 ((6 7 )(8 (9 10 ))))(13 (12 ((14 (21 ((22 (23 (24 25 )))(26 (27 (28 (((31 (29 30 ))(32 ((35 (33 34 ))(36 (39 (37 38 ))))))((40 (41 (42 43 )))(46 (44 (45 47 )))))))))))((15 (16 17 ))(18 (19 20 )))))))))))); 
ttag *!; 
ttag +0 ////; 
ttag +1 ////; 
ttag +2 ////; 
ttag +3 ////; 
ttag +4 ////; 
ttag +5 ////; 
ttag +6 ////; 
ttag +7 ////; 
ttag +8 ////; 
ttag +9 ////; 
ttag +10 ////; 
ttag +11 ////; 
ttag +12 ////; 
ttag +13 ////; 
ttag +14 ////; 
ttag +15 ////; 
ttag +16 ////; 
ttag +17 ////; 
ttag +18 ////; 
ttag +19 ////; 
ttag +20 ////; 
ttag +21 ////; 
ttag +22 ////; 
ttag +23 ////; 
ttag +24 ////; 
ttag +25 ////; 
ttag +26 ////; 
ttag +27 ////; 
ttag +28 ////; 
ttag +29 ////; 
ttag +30 ////; 
ttag +31 ////; 
ttag +32 ////; 
ttag +33 ////; 
ttag +34 ////; 
ttag +35 ////; 
ttag +36 ////; 
ttag +37 ////; 
ttag +38 ////; 
ttag +39 ////; 
ttag +40 ////; 
ttag +41 ////; 
ttag +42 ////; 
ttag +43 ////; 
ttag +44 ////; 
ttag +45 ////; 
ttag +46 ////; 
ttag +47 ////; 
ttag +48 ////; 
ttag +49 100/100/100/100/100; 
ttag +50 88/82/77/80/75; 
ttag +51 96/94/87/96/86; 
ttag +52 88/86/77/89/76; 
ttag +53 46/28/27/35/20; 
ttag +54 81/73/61/70/61; 
ttag +55 67/62/54/62/54; 
ttag +56 45/41/28/46/28; 
ttag +57 22/4/6/20/?; 
ttag +58 99/98/96/99/96; 
ttag +59 43/28/20/34/28; 
ttag +60 6/[18]/?/?/?; 
ttag +61 32/23/18/30/8; 
ttag +62 14/[24]/?/?/?; 
ttag +63 22/14/8/20/8; 
ttag +64 83/81/73/90/75; 
ttag +65 26/[12]/?/4/?; 
ttag +66 35/6/8/14/6; 
ttag +67 98/98/94/98/98; 
ttag +68 100/100/98/100/98; 
ttag +69 56/48/43/62/37; 
ttag +70 94/93/83/91/80; 
ttag +71 83/78/74/86/75; 
ttag +72 94/92/90/92/91; 
ttag +73 100/100/98/100/100; 
ttag +74 81/72/65/76/67; 
ttag +75 57/48/32/55/27; 
ttag +76 66/57/50/64/46; 
ttag +77 12/[61]/?/?/?; 
ttag +78 64/59/53/68/51; 
ttag +79 28/12/?/15/4; 
ttag +80 62/52/39/59/43; 
ttag +81 86/84/64/80/71; 
ttag +82 94/92/82/91/86; 
ttag +83 64/48/23/50/30; 
ttag +84 56/45/36/54/38; 
ttag +85 88/86/72/84/74; 
ttag +86 74/63/52/55/41; 
ttag +87 80/74/66/78/66; 
ttag +88 71/64/53/77/52; 
ttag +89 52/47/25/51/30; 
ttag +90 76/64/55/78/52; 
ttag +91 98/98/98/100/99; 
ttag +92 61/52/36/46/23; 
ttag +93 84/82/64/86/65; 
ttag +94 67/62/52/57/46; 
