tread
'Tree with tags' 
(0 (1 ((2 3 )(4 (5 (((6 7 )(8 (9 10 )))((11 14 )(12 13 )((15 (16 17 ))((18 (19 20 ))(21 ((22 (23 (24 25 )))(26 (27 (28 (((29 (30 31 ))(32 (35 (33 34 )(36 (37 (38 39 ))))))(46 (44 (47 (45 (41 (40 (42 43 )))))))))))))))))))))); 
ttag *!; 
ttag +49 ???; 
ttag +50 7; 
ttag +51 6; 
ttag +52 9; 
ttag +53 3; 
ttag +54 3; 
ttag +55 1; 
ttag +56 1; 
ttag +57 5; 
ttag +58 3; 
ttag +59 1; 
ttag +60 1; 
ttag +61 1; 
ttag +62 5; 
ttag +63 1; 
ttag +64 3; 
ttag +65 1; 
ttag +66 1; 
ttag +67 8; 
ttag +68 1; 
ttag +69 5; 
ttag +70 2; 
ttag +71 8; 
ttag +72 5; 
ttag +73 10; 
ttag +74 3; 
ttag +75 4; 
ttag +76 1; 
ttag +77 1; 
ttag +78 4; 
ttag +79 3; 
ttag +80 3; 
ttag +81 2; 
ttag +82 1; 
ttag +83 1; 
ttag +84 5; 
ttag +85 4; 
ttag +86 2; 
ttag +87 8; 
ttag +88 1; 
ttag +89 1; 
ttag +90 1; 
ttag +91 4; 
ttag +92 7; 
tread
'Tree with tags' 
(0 (1 ((2 3 )(4 (5 (((6 7 )(8 (9 10 )))(((11 14 )((15 (16 17 ))((18 (19 20 ))(21 ((22 (23 (24 25 )))(26 (27 (28 (((29 (30 31 ))(32 (35 ((33 34 )(36 (37 (38 39 )))))))(46 (44 (47 (45 (41 (40 (42 43 ))))))))))))))))(12 13 )))))))); 
ttag *!; 
ttag +0 ////; 
ttag +1 ////; 
ttag +2 ////; 
ttag +3 ////; 
ttag +4 ////; 
ttag +5 ////; 
ttag +6 ////; 
ttag +7 ////; 
ttag +8 ////; 
ttag +9 ////; 
ttag +10 ////; 
ttag +11 ////; 
ttag +12 ////; 
ttag +13 ////; 
ttag +14 ////; 
ttag +15 ////; 
ttag +16 ////; 
ttag +17 ////; 
ttag +18 ////; 
ttag +19 ////; 
ttag +20 ////; 
ttag +21 ////; 
ttag +22 ////; 
ttag +23 ////; 
ttag +24 ////; 
ttag +25 ////; 
ttag +26 ////; 
ttag +27 ////; 
ttag +28 ////; 
ttag +29 ////; 
ttag +30 ////; 
ttag +31 ////; 
ttag +32 ////; 
ttag +33 ////; 
ttag +34 ////; 
ttag +35 ////; 
ttag +36 ////; 
ttag +37 ////; 
ttag +38 ////; 
ttag +39 ////; 
ttag +40 ////; 
ttag +41 ////; 
ttag +42 ////; 
ttag +43 ////; 
ttag +44 ////; 
ttag +45 ////; 
ttag +46 ////; 
ttag +47 ////; 
ttag +48 ////; 
ttag +49 100/100/100/100/100; 
ttag +50 99/98/95/99/96; 
ttag +51 98/97/96/99/96; 
ttag +52 100/100/95/98/92; 
ttag +53 74/64/46/73/53; 
ttag +54 66/58/55/70/53; 
ttag +55 30/19/11/26/13; 
ttag +56 33/22/13/34/21; 
ttag +57 98/98/97/99/94; 
ttag +58 92/88/80/86/80; 
ttag +59 17/0/?/6/?; 
ttag +60 3/[13]/?/?/?; 
ttag +61 27/17/11/12/15; 
ttag +62 54/48/37/50/31; 
ttag +63 88/87/72/85/72; 
ttag +64 4/[12]/?/?/?; 
ttag +65 84/77/60/72/45; 
ttag +66 43/9/20/13/6; 
ttag +67 1/[32]/?/?/?; 
ttag +68 100/100/99/100/100; 
ttag +69 18/0/?/8/?; 
ttag +70 98/98/88/98/89; 
ttag +71 41/23/25/46/15; 
ttag +72 100/100/97/100/96; 
ttag +73 91/86/77/88/81; 
ttag +74 99/99/98/100/98; 
ttag +75 82/75/70/76/53; 
ttag +76 88/84/84/86/85; 
ttag +77 67/60/64/64/64; 
ttag +78 46/22/2/21/0; 
ttag +79 90/87/77/86/77; 
ttag +80 90/88/86/88/82; 
ttag +81 85/82/70/81/74; 
ttag +82 70/62/52/68/55; 
ttag +83 16/[19]/?/?/?; 
ttag +84 38/26/24/28/20; 
ttag +85 46/34/30/42/32; 
ttag +86 86/78/67/82/64; 
ttag +87 96/96/94/96/96; 
ttag +88 66/48/43/49/30; 
ttag +89 98/98/97/99/98; 
ttag +90 50/34/21/27/20; 
ttag +91 30/14/?/4/3; 
ttag +92 22/6/?/2/?; 
ttag +93 83/80/71/78/73; 
ttag +94 98/98/98/98/97; 
