tread
'Tree with tags' 
(0 (1 ((2 3 )(4 ((5 (6 7 )(8 9 10 ))(11 (((14 (12 13 ))((15 (16 17 ))(18 (19 20 ))))(21 ((22 (23 (24 25 )))(26 (27 (28 ((29 (30 31 ))(32 35 (33 34 )(36 (37 (38 39 ))))(40 41 (42 43 ))(44 45 46 47 )))))))))))))); 
ttag *!; 
ttag +49 ???; 
ttag +50 5; 
ttag +51 3; 
ttag +52 4; 
ttag +53 1; 
ttag +54 3; 
ttag +55 3; 
ttag +56 11; 
ttag +57 2; 
ttag +58 1; 
ttag +59 2; 
ttag +60 1; 
ttag +61 3; 
ttag +62 9; 
ttag +63 4; 
ttag +64 3; 
ttag +65 7; 
ttag +66 10; 
ttag +67 3; 
ttag +68 7; 
ttag +69 3; 
ttag +70 7; 
ttag +71 5; 
ttag +72 6; 
ttag +73 1; 
ttag +74 4; 
ttag +75 7; 
ttag +76 3; 
ttag +77 3; 
ttag +78 3; 
ttag +79 2; 
ttag +80 2; 
ttag +81 8; 
ttag +82 1; 
ttag +83 10; 
ttag +84 4; 
ttag +85 4; 
tread
'Tree with tags' 
(0 (1 ((2 3 )(4 ((5 ((6 7 )(10 (8 9 ))))(11 (((14 (12 13 ))((15 (16 17 ))(18 (19 20 ))))(21 ((22 (23 (24 25 )))(26 (27 (28 ((((29 (30 31 ))(46 (47 (44 45 ))))(40 (41 (42 43 ))))((32 (35 (36 (37 (38 39 )))))(33 34 ))))))))))))))); 
ttag *!; 
ttag +0 ////; 
ttag +1 ////; 
ttag +2 ////; 
ttag +3 ////; 
ttag +4 ////; 
ttag +5 ////; 
ttag +6 ////; 
ttag +7 ////; 
ttag +8 ////; 
ttag +9 ////; 
ttag +10 ////; 
ttag +11 ////; 
ttag +12 ////; 
ttag +13 ////; 
ttag +14 ////; 
ttag +15 ////; 
ttag +16 ////; 
ttag +17 ////; 
ttag +18 ////; 
ttag +19 ////; 
ttag +20 ////; 
ttag +21 ////; 
ttag +22 ////; 
ttag +23 ////; 
ttag +24 ////; 
ttag +25 ////; 
ttag +26 ////; 
ttag +27 ////; 
ttag +28 ////; 
ttag +29 ////; 
ttag +30 ////; 
ttag +31 ////; 
ttag +32 ////; 
ttag +33 ////; 
ttag +34 ////; 
ttag +35 ////; 
ttag +36 ////; 
ttag +37 ////; 
ttag +38 ////; 
ttag +39 ////; 
ttag +40 ////; 
ttag +41 ////; 
ttag +42 ////; 
ttag +43 ////; 
ttag +44 ////; 
ttag +45 ////; 
ttag +46 ////; 
ttag +47 ////; 
ttag +48 ////; 
ttag +49 100/100/100/100/100; 
ttag +50 98/98/97/100/98; 
ttag +51 76/67/58/73/58; 
ttag +52 88/86/76/86/70; 
ttag +53 45/36/30/31/20; 
ttag +54 54/40/39/57/34; 
ttag +55 94/93/88/94/90; 
ttag +56 31/12/15/17/15; 
ttag +57 35/6/?/2/8; 
ttag +58 99/98/99/100/100; 
ttag +59 47/42/32/52/32; 
ttag +60 34/25/20/32/24; 
ttag +61 32/27/14/31/14; 
ttag +62 30/12/9/14/9; 
ttag +63 59/55/38/54/33; 
ttag +64 98/98/95/99/92; 
ttag +65 72/68/54/76/56; 
ttag +66 80/75/64/74/65; 
ttag +67 97/96/95/98/93; 
ttag +68 100/100/100/100/100; 
ttag +69 54/48/40/58/35; 
ttag +70 97/96/92/98/96; 
ttag +71 72/64/52/71/54; 
ttag +72 99/98/98/98/97; 
ttag +73 98/98/97/97/97; 
ttag +74 91/88/86/94/87; 
ttag +75 65/58/42/63/38; 
ttag +76 80/76/62/78/60; 
ttag +77 96/96/96/97/92; 
ttag +78 12/[9]/?/?/?; 
ttag +79 17/[10]/?/?/?; 
ttag +80 80/77/67/82/71; 
ttag +81 87/84/76/92/83; 
ttag +82 23/[4]/?/3/?; 
ttag +83 87/83/81/86/79; 
ttag +84 95/94/85/92/88; 
ttag +85 15/[9]/?/?/?; 
ttag +86 78/73/66/81/67; 
ttag +87 100/100/99/100/99; 
ttag +88 66/64/52/61/56; 
ttag +89 100/100/96/100/100; 
ttag +90 43/15/12/19/18; 
ttag +91 98/98/93/97/92; 
ttag +92 55/45/42/52/52; 
ttag +93 52/37/27/31/21; 
ttag +94 79/77/73/87/68; 
