tread
'Tree with tags' 
(0 (1 ((2 3 )(4 (5 ((7 (6 (8 9 10 )))((11 (((26 (27 28 ))(45 ((47 ((32 ((33 34 )(35 (36 (37 38 39 )))))((40 41 )(42 43 ))))(44 46 ))))(29 (30 31 ))))((14 (12 13 )((15 16 17 )(18 (19 20 ))))(21 (22 (23 (24 25 )))))))))))); 
ttag *!; 
ttag +49 ???; 
ttag +50 8; 
ttag +51 8; 
ttag +52 7; 
ttag +53 4; 
ttag +54 2; 
ttag +55 2; 
ttag +56 4; 
ttag +57 8; 
ttag +58 2; 
ttag +59 2; 
ttag +60 4; 
ttag +61 1; 
ttag +62 2; 
ttag +63 3; 
ttag +64 2; 
ttag +65 2; 
ttag +66 6; 
ttag +67 1; 
ttag +68 7; 
ttag +69 1; 
ttag +70 9; 
ttag +71 4; 
ttag +72 1; 
ttag +73 9; 
ttag +74 1; 
ttag +75 4; 
ttag +76 6; 
ttag +77 8; 
ttag +78 3; 
ttag +79 4; 
ttag +80 2; 
ttag +81 4; 
ttag +82 3; 
ttag +83 6; 
ttag +84 3; 
ttag +85 6; 
ttag +86 6; 
ttag +87 3; 
ttag +88 8; 
ttag +89 2; 
ttag +90 2; 
tread
'Tree with tags' 
(0 (1 ((2 3 )(4 (5 ((7 (6 (10 (8 9 ))))((11 (((26 (27 28 ))(45 ((47 ((32 ((33 34 )(35 (36 (39 (37 38 ))))))((40 41 )(42 43 ))))(44 46 ))))(29 (30 31 ))))((14 ((12 13 )((17 (15 16 ))(18 (19 20 )))))(21 (22 (23 (24 25 )))))))))))); 
ttag *!; 
ttag +0 ////; 
ttag +1 ////; 
ttag +2 ////; 
ttag +3 ////; 
ttag +4 ////; 
ttag +5 ////; 
ttag +6 ////; 
ttag +7 ////; 
ttag +8 ////; 
ttag +9 ////; 
ttag +10 ////; 
ttag +11 ////; 
ttag +12 ////; 
ttag +13 ////; 
ttag +14 ////; 
ttag +15 ////; 
ttag +16 ////; 
ttag +17 ////; 
ttag +18 ////; 
ttag +19 ////; 
ttag +20 ////; 
ttag +21 ////; 
ttag +22 ////; 
ttag +23 ////; 
ttag +24 ////; 
ttag +25 ////; 
ttag +26 ////; 
ttag +27 ////; 
ttag +28 ////; 
ttag +29 ////; 
ttag +30 ////; 
ttag +31 ////; 
ttag +32 ////; 
ttag +33 ////; 
ttag +34 ////; 
ttag +35 ////; 
ttag +36 ////; 
ttag +37 ////; 
ttag +38 ////; 
ttag +39 ////; 
ttag +40 ////; 
ttag +41 ////; 
ttag +42 ////; 
ttag +43 ////; 
ttag +44 ////; 
ttag +45 ////; 
ttag +46 ////; 
ttag +47 ////; 
ttag +48 ////; 
ttag +49 100/100/100/100/100; 
ttag +50 100/100/100/100/97; 
ttag +51 99/98/98/98/97; 
ttag +52 98/98/97/99/96; 
ttag +53 86/82/78/80/66; 
ttag +54 41/24/30/22/25; 
ttag +55 53/36/33/35/38; 
ttag +56 91/90/84/90/83; 
ttag +57 32/[12]/?/?/?; 
ttag +58 99/99/95/98/97; 
ttag +59 45/36/17/35/24; 
ttag +60 75/72/52/66/58; 
ttag +61 78/75/62/83/62; 
ttag +62 10/[14]/?/?/?; 
ttag +63 24/10/10/8/10; 
ttag +64 33/25/10/21/14; 
ttag +65 28/[18]/?/?/?; 
ttag +66 90/84/66/80/70; 
ttag +67 72/69/56/74/62; 
ttag +68 88/85/69/84/84; 
ttag +69 98/98/97/96/96; 
ttag +70 28/20/15/14/14; 
ttag +71 97/97/90/97/88; 
ttag +72 73/58/63/66/61; 
ttag +73 99/99/98/100/98; 
ttag +74 85/82/72/80/70; 
ttag +75 54/36/29/47/27; 
ttag +76 96/95/85/96/86; 
ttag +77 65/52/45/57/52; 
ttag +78 75/70/66/81/64; 
ttag +79 98/97/94/97/94; 
ttag +80 96/94/88/98/91; 
ttag +81 28/[1]/0/2/5; 
ttag +82 22/[9]/?/?/?; 
ttag +83 19/[17]/?/?/?; 
ttag +84 75/70/66/75/69; 
ttag +85 70/62/57/71/58; 
ttag +86 93/92/84/97/87; 
ttag +87 79/73/64/77/64; 
ttag +88 98/98/98/98/97; 
ttag +89 31/[3]/?/?/6; 
ttag +90 98/98/93/98/93; 
ttag +91 64/56/36/66/42; 
ttag +92 96/96/86/98/85; 
ttag +93 70/64/53/71/55; 
ttag +94 59/52/42/50/42; 
