tread
'Tree with tags' 
(0 (1 ((2 3 )(4 5 6 7 11 12 13 21 22 23 (8 9 10 )(14 ((15 16 17 )(18 (19 20 ))))(24 25 )(26 27 28 (29 (30 31 ))(32 (33 34 )(35 (36 (37 38 39 ))))(40 (41 (42 43 )))(44 45 (46 47 ))))))); 
ttag *!; 
ttag +49 ???; 
ttag +50 1; 
ttag +51 4; 
ttag +52 11; 
ttag +53 8; 
ttag +54 2; 
ttag +55 3; 
ttag +56 1; 
ttag +57 4; 
ttag +58 10; 
ttag +59 6; 
ttag +60 4; 
ttag +61 2; 
ttag +62 1; 
ttag +63 10; 
ttag +64 2; 
ttag +65 1; 
ttag +66 4; 
ttag +67 5; 
ttag +68 4; 
ttag +69 2; 
ttag +70 4; 
ttag +71 6; 
ttag +72 1; 
tread
'Tree with tags' 
(0 (1 ((2 3 )((21 (((((4 5 )(6 7 ))(11 12 ))(13 (((22 23 )(24 25 ))(26 (27 (28 ((29 (30 31 ))(((32 (33 34 ))(35 (36 (37 (38 39 )))))((40 (41 (42 43 )))(45 (44 (46 47 ))))))))))))(14 ((16 (15 17 ))(18 (19 20 ))))))(9 (8 10 )))))); 
ttag *!; 
ttag +0 ////; 
ttag +1 ////; 
ttag +2 ////; 
ttag +3 ////; 
ttag +4 ////; 
ttag +5 ////; 
ttag +6 ////; 
ttag +7 ////; 
ttag +8 ////; 
ttag +9 ////; 
ttag +10 ////; 
ttag +11 ////; 
ttag +12 ////; 
ttag +13 ////; 
ttag +14 ////; 
ttag +15 ////; 
ttag +16 ////; 
ttag +17 ////; 
ttag +18 ////; 
ttag +19 ////; 
ttag +20 ////; 
ttag +21 ////; 
ttag +22 ////; 
ttag +23 ////; 
ttag +24 ////; 
ttag +25 ////; 
ttag +26 ////; 
ttag +27 ////; 
ttag +28 ////; 
ttag +29 ////; 
ttag +30 ////; 
ttag +31 ////; 
ttag +32 ////; 
ttag +33 ////; 
ttag +34 ////; 
ttag +35 ////; 
ttag +36 ////; 
ttag +37 ////; 
ttag +38 ////; 
ttag +39 ////; 
ttag +40 ////; 
ttag +41 ////; 
ttag +42 ////; 
ttag +43 ////; 
ttag +44 ////; 
ttag +45 ////; 
ttag +46 ////; 
ttag +47 ////; 
ttag +48 ////; 
ttag +49 100/100/100/100/100; 
ttag +50 72/56/43/58/42; 
ttag +51 95/92/87/96/89; 
ttag +52 49/21/20/28/34; 
ttag +53 15/[22]/?/?/?; 
ttag +54 10/[27]/?/?/?; 
ttag +55 0/[37]/?/?/?; 
ttag +56 5/[33]/?/?/?; 
ttag +57 13/[24]/?/?/?; 
ttag +58 99/98/100/99/98; 
ttag +59 64/42/54/44/44; 
ttag +60 32/5/2/0/5; 
ttag +61 100/100/100/100/99; 
ttag +62 31/25/22/24/18; 
ttag +63 1/[8]/?/?/?; 
ttag +64 44/40/33/41/31; 
ttag +65 39/[2]/?/?/?; 
ttag +66 96/95/91/95/90; 
ttag +67 59/46/28/42/24; 
ttag +68 97/96/94/98/89; 
ttag +69 100/100/100/100/100; 
ttag +70 14/[50]/?/?/?; 
ttag +71 44/36/28/33/31; 
ttag +72 19/10/6/6/2; 
ttag +73 99/99/98/99/98; 
ttag +74 84/83/74/90/74; 
ttag +75 18/[22]/?/?/?; 
ttag +76 28/11/3/20/5; 
ttag +77 79/76/73/74/66; 
ttag +78 47/29/25/22/24; 
ttag +79 60/40/30/54/43; 
ttag +80 23/0/?/2/?; 
ttag +81 99/99/98/100/99; 
ttag +82 60/55/42/42/35; 
ttag +83 57/36/31/53/26; 
ttag +84 66/56/46/56/36; 
ttag +85 83/76/70/86/75; 
ttag +86 90/88/85/95/86; 
ttag +87 41/6/2/15/14; 
ttag +88 90/89/85/96/80; 
ttag +89 44/4/1/?/16; 
ttag +90 78/70/70/76/68; 
ttag +91 93/90/82/94/82; 
ttag +92 20/[23]/?/?/?; 
ttag +93 90/89/76/92/81; 
ttag +94 44/22/20/36/16; 
