tread
'Tree with tags' 
(0 (1 (2 3 )(4 (5 (11 12 13 ((6 7 )(8 (9 10 )))(14 ((15 (16 17 ))(18 (19 20 )))(21 ((22 (23 (24 25 )))(26 (27 (((28 (29 (30 31 )))(47 ((46 (40 (41 (42 43 ))))(44 45 ))))((32 ((35 36 )(37 (38 39 ))))(33 34 ))))))))))))); 
ttag *!; 
ttag +49 ???; 
ttag +50 8; 
ttag +51 9; 
ttag +52 2; 
ttag +53 1; 
ttag +54 3; 
ttag +55 2; 
ttag +56 9; 
ttag +57 2; 
ttag +58 1; 
ttag +59 7; 
ttag +60 3; 
ttag +61 8; 
ttag +62 2; 
ttag +63 8; 
ttag +64 1; 
ttag +65 2; 
ttag +66 6; 
ttag +67 4; 
ttag +68 5; 
ttag +69 5; 
ttag +70 4; 
ttag +71 2; 
ttag +72 1; 
ttag +73 4; 
ttag +74 2; 
ttag +75 4; 
ttag +76 1; 
ttag +77 5; 
ttag +78 3; 
ttag +79 1; 
ttag +80 1; 
ttag +81 2; 
ttag +82 4; 
ttag +83 8; 
ttag +84 1; 
ttag +85 2; 
ttag +86 3; 
ttag +87 6; 
ttag +88 4; 
ttag +89 1; 
tread
'Tree with tags' 
(0 (1 ((2 3 )(4 (5 (((6 7 )(8 (9 10 )))((11 (12 13 ))((14 ((15 (16 17 ))(18 (19 20 ))))(21 ((22 (23 (24 25 )))(26 (27 (((28 (29 (30 31 )))(47 ((46 (40 (41 (42 43 ))))(44 45 ))))((32 ((35 36 )(37 (38 39 ))))(33 34 ))))))))))))))); 
ttag *!; 
ttag +0 ////; 
ttag +1 ////; 
ttag +2 ////; 
ttag +3 ////; 
ttag +4 ////; 
ttag +5 ////; 
ttag +6 ////; 
ttag +7 ////; 
ttag +8 ////; 
ttag +9 ////; 
ttag +10 ////; 
ttag +11 ////; 
ttag +12 ////; 
ttag +13 ////; 
ttag +14 ////; 
ttag +15 ////; 
ttag +16 ////; 
ttag +17 ////; 
ttag +18 ////; 
ttag +19 ////; 
ttag +20 ////; 
ttag +21 ////; 
ttag +22 ////; 
ttag +23 ////; 
ttag +24 ////; 
ttag +25 ////; 
ttag +26 ////; 
ttag +27 ////; 
ttag +28 ////; 
ttag +29 ////; 
ttag +30 ////; 
ttag +31 ////; 
ttag +32 ////; 
ttag +33 ////; 
ttag +34 ////; 
ttag +35 ////; 
ttag +36 ////; 
ttag +37 ////; 
ttag +38 ////; 
ttag +39 ////; 
ttag +40 ////; 
ttag +41 ////; 
ttag +42 ////; 
ttag +43 ////; 
ttag +44 ////; 
ttag +45 ////; 
ttag +46 ////; 
ttag +47 ////; 
ttag +48 ////; 
ttag +49 100/100/100/100/100; 
ttag +50 97/97/90/98/96; 
ttag +51 47/18/28/31/30; 
ttag +52 99/99/99/100/98; 
ttag +53 50/39/26/50/23; 
ttag +54 66/54/49/53/43; 
ttag +55 65/57/45/68/40; 
ttag +56 39/32/19/37/18; 
ttag +57 100/100/99/100/98; 
ttag +58 88/87/81/90/79; 
ttag +59 19/4/?/7/5; 
ttag +60 23/14/1/20/4; 
ttag +61 37/25/15/28/19; 
ttag +62 14/0/?/?/?; 
ttag +63 24/17/3/11/6; 
ttag +64 96/94/94/96/90; 
ttag +65 87/84/79/82/75; 
ttag +66 99/99/99/100/99; 
ttag +67 75/65/58/65/66; 
ttag +68 99/99/98/99/98; 
ttag +69 41/26/17/14/16; 
ttag +70 87/81/82/71/74; 
ttag +71 90/89/77/89/79; 
ttag +72 90/88/71/82/77; 
ttag +73 96/96/94/97/92; 
ttag +74 87/84/69/92/80; 
ttag +75 80/78/60/88/68; 
ttag +76 47/36/21/37/30; 
ttag +77 32/14/14/22/18; 
ttag +78 81/76/54/85/64; 
ttag +79 53/46/24/43/34; 
ttag +80 87/82/83/86/77; 
ttag +81 37/14/12/13/18; 
ttag +82 89/86/67/90/70; 
ttag +83 63/52/32/58/36; 
ttag +84 44/37/23/34/31; 
ttag +85 30/17/12/12/18; 
ttag +86 68/60/45/58/54; 
ttag +87 89/87/81/87/79; 
ttag +88 99/98/91/98/93; 
ttag +89 36/24/6/25/10; 
ttag +90 52/39/22/47/24; 
ttag +91 63/56/31/48/34; 
ttag +92 88/82/70/80/69; 
ttag +93 95/94/85/95/86; 
ttag +94 52/42/32/43/38; 
