tread
'Tree with tags' 
(0 (1 ((2 3 )(11 (((6 (4 5 ))(7 (8 (9 10 ))))(((12 13 )((17 (15 16 ))(18 (19 20 ))))(14 (21 ((22 (23 (24 25 )))(26 (27 (28 (45 ((29 (30 31 ))(32 35 (33 34 )(36 (37 (38 39 )))))(40 (41 (42 43 )))(44 (46 47 ))))))))))))))); 
ttag *!; 
ttag +49 ???; 
ttag +50 6; 
ttag +51 1; 
ttag +52 2; 
ttag +53 1; 
ttag +54 3; 
ttag +55 1; 
ttag +56 8; 
ttag +57 1; 
ttag +58 8; 
ttag +59 4; 
ttag +60 1; 
ttag +61 1; 
ttag +62 1; 
ttag +63 1; 
ttag +64 1; 
ttag +65 7; 
ttag +66 3; 
ttag +67 4; 
ttag +68 9; 
ttag +69 1; 
ttag +70 4; 
ttag +71 7; 
ttag +72 6; 
ttag +73 8; 
ttag +74 4; 
ttag +75 2; 
ttag +76 3; 
ttag +77 5; 
ttag +78 1; 
ttag +79 6; 
ttag +80 7; 
ttag +81 3; 
ttag +82 1; 
ttag +83 6; 
ttag +84 4; 
ttag +85 3; 
ttag +86 7; 
ttag +87 4; 
ttag +88 6; 
ttag +89 1; 
ttag +90 1; 
tread
'Tree with tags' 
(0 (1 ((2 3 )(11 (((6 (4 5 ))(7 (8 (9 10 ))))(((12 13 )((17 (15 16 ))(18 (19 20 ))))(14 (21 ((22 (23 (24 25 )))(26 (27 (28 (((29 (30 31 ))((35 (32 (36 (37 (38 39 )))))(33 34 )))((40 (41 (42 43 )))(45 (44 (46 47 ))))))))))))))))); 
ttag *!; 
ttag +0 ////; 
ttag +1 ////; 
ttag +2 ////; 
ttag +3 ////; 
ttag +4 ////; 
ttag +5 ////; 
ttag +6 ////; 
ttag +7 ////; 
ttag +8 ////; 
ttag +9 ////; 
ttag +10 ////; 
ttag +11 ////; 
ttag +12 ////; 
ttag +13 ////; 
ttag +14 ////; 
ttag +15 ////; 
ttag +16 ////; 
ttag +17 ////; 
ttag +18 ////; 
ttag +19 ////; 
ttag +20 ////; 
ttag +21 ////; 
ttag +22 ////; 
ttag +23 ////; 
ttag +24 ////; 
ttag +25 ////; 
ttag +26 ////; 
ttag +27 ////; 
ttag +28 ////; 
ttag +29 ////; 
ttag +30 ////; 
ttag +31 ////; 
ttag +32 ////; 
ttag +33 ////; 
ttag +34 ////; 
ttag +35 ////; 
ttag +36 ////; 
ttag +37 ////; 
ttag +38 ////; 
ttag +39 ////; 
ttag +40 ////; 
ttag +41 ////; 
ttag +42 ////; 
ttag +43 ////; 
ttag +44 ////; 
ttag +45 ////; 
ttag +46 ////; 
ttag +47 ////; 
ttag +48 ////; 
ttag +49 100/100/100/100/100; 
ttag +50 97/96/94/97/94; 
ttag +51 40/9/?/8/?; 
ttag +52 39/21/9/29/8; 
ttag +53 27/14/5/13/4; 
ttag +54 45/38/26/35/21; 
ttag +55 21/0/?/?/?; 
ttag +56 92/89/74/89/82; 
ttag +57 16/0/?/2/6; 
ttag +58 98/98/96/97/96; 
ttag +59 89/87/80/89/83; 
ttag +60 24/18/23/14/15; 
ttag +61 5/[4]/?/?/?; 
ttag +62 9/[3]/?/?/?; 
ttag +63 8/[4]/?/?/?; 
ttag +64 47/12/2/6/9; 
ttag +65 96/96/93/98/94; 
ttag +66 62/53/51/62/48; 
ttag +67 72/62/52/67/51; 
ttag +68 100/100/100/100/100; 
ttag +69 42/30/20/34/22; 
ttag +70 80/75/54/76/63; 
ttag +71 78/73/51/80/66; 
ttag +72 96/96/86/92/83; 
ttag +73 99/98/96/99/95; 
ttag +74 55/42/34/48/32; 
ttag +75 50/37/20/38/21; 
ttag +76 57/45/28/38/27; 
ttag +77 93/91/86/92/89; 
ttag +78 25/6/?/6/0; 
ttag +79 86/83/70/84/70; 
ttag +80 99/99/98/100/99; 
ttag +81 9/[45]/?/?/?; 
ttag +82 48/31/26/24/32; 
ttag +83 71/62/53/56/46; 
ttag +84 58/34/17/26/11; 
ttag +85 100/100/95/99/96; 
ttag +86 95/94/88/93/84; 
ttag +87 91/88/80/90/79; 
ttag +88 95/94/90/98/89; 
ttag +89 21/4/?/6/?; 
ttag +90 89/86/76/85/75; 
ttag +91 99/99/99/99/97; 
ttag +92 24/12/5/4/?; 
ttag +93 31/23/24/16/18; 
ttag +94 38/16/7/5/1; 
