tread
'Tree with tags' 
(0 (1 ((2 3 )(7 (4 (5 6 )(8 (9 10 ))(11 12 13 14 21 ((15 (16 17 ))(18 (19 20 )))(22 26 27 (23 (24 25 ))((28 (29 (30 31 )))(((32 (35 (36 (37 38 39 ))))(33 34 ))((40 (41 (42 43 )))(44 45 46 47 ))))))))))); 
ttag *!; 
ttag +49 ???; 
ttag +50 4; 
ttag +51 2; 
ttag +52 1; 
ttag +53 10; 
ttag +54 1; 
ttag +55 3; 
ttag +56 1; 
ttag +57 1; 
ttag +58 10; 
ttag +59 1; 
ttag +60 2; 
ttag +61 3; 
ttag +62 7; 
ttag +63 6; 
ttag +64 4; 
ttag +65 6; 
ttag +66 1; 
ttag +67 4; 
ttag +68 4; 
ttag +69 5; 
ttag +70 1; 
ttag +71 13; 
ttag +72 2; 
ttag +73 7; 
ttag +74 4; 
ttag +75 4; 
ttag +76 4; 
ttag +77 9; 
ttag +78 2; 
ttag +79 2; 
ttag +80 7; 
ttag +81 2; 
tread
'Tree with tags' 
(0 (1 ((2 3 )(7 ((4 (5 6 ))((8 (9 10 ))(((11 ((15 (16 17 ))(18 (19 20 ))))(14 (21 ((22 (23 (24 25 )))(26 (27 ((28 (29 (30 31 )))(((32 (35 (36 (38 (37 39 )))))(33 34 ))((40 (41 (42 43 )))(45 (44 (46 47 ))))))))))))(12 13 )))))))); 
ttag *!; 
ttag +0 ////; 
ttag +1 ////; 
ttag +2 ////; 
ttag +3 ////; 
ttag +4 ////; 
ttag +5 ////; 
ttag +6 ////; 
ttag +7 ////; 
ttag +8 ////; 
ttag +9 ////; 
ttag +10 ////; 
ttag +11 ////; 
ttag +12 ////; 
ttag +13 ////; 
ttag +14 ////; 
ttag +15 ////; 
ttag +16 ////; 
ttag +17 ////; 
ttag +18 ////; 
ttag +19 ////; 
ttag +20 ////; 
ttag +21 ////; 
ttag +22 ////; 
ttag +23 ////; 
ttag +24 ////; 
ttag +25 ////; 
ttag +26 ////; 
ttag +27 ////; 
ttag +28 ////; 
ttag +29 ////; 
ttag +30 ////; 
ttag +31 ////; 
ttag +32 ////; 
ttag +33 ////; 
ttag +34 ////; 
ttag +35 ////; 
ttag +36 ////; 
ttag +37 ////; 
ttag +38 ////; 
ttag +39 ////; 
ttag +40 ////; 
ttag +41 ////; 
ttag +42 ////; 
ttag +43 ////; 
ttag +44 ////; 
ttag +45 ////; 
ttag +46 ////; 
ttag +47 ////; 
ttag +48 ////; 
ttag +49 100/100/100/100/100; 
ttag +50 80/72/62/75/58; 
ttag +51 56/31/16/49/29; 
ttag +52 4/[20]/?/?/?; 
ttag +53 38/15/6/25/6; 
ttag +54 80/72/66/79/71; 
ttag +55 27/4/?/12/?; 
ttag +56 92/90/82/91/81; 
ttag +57 9/[15]/?/?/?; 
ttag +58 54/24/35/36/29; 
ttag +59 33/22/16/10/10; 
ttag +60 18/8/6/6/6; 
ttag +61 37/26/26/28/17; 
ttag +62 51/45/38/44/36; 
ttag +63 11/2/2/3/1; 
ttag +64 100/100/100/100/99; 
ttag +65 71/62/56/57/48; 
ttag +66 76/67/66/77/65; 
ttag +67 92/86/77/89/80; 
ttag +68 100/100/99/100/99; 
ttag +69 45/25/26/21/29; 
ttag +70 30/[5]/2/2/9; 
ttag +71 94/93/84/94/83; 
ttag +72 97/96/88/94/92; 
ttag +73 97/96/91/94/91; 
ttag +74 34/22/23/21/17; 
ttag +75 30/7/4/10/5; 
ttag +76 21/[2]/?/2/?; 
ttag +77 53/42/44/43/42; 
ttag +78 77/71/57/72/62; 
ttag +79 96/96/82/93/89; 
ttag +80 58/49/29/46/28; 
ttag +81 100/100/99/100/99; 
ttag +82 43/20/6/24/5; 
ttag +83 96/95/92/95/88; 
ttag +84 86/78/66/76/65; 
ttag +85 90/87/78/92/84; 
ttag +86 32/0/?/?/?; 
ttag +87 93/91/84/94/89; 
ttag +88 98/98/96/98/94; 
ttag +89 48/39/39/47/40; 
ttag +90 79/74/66/71/72; 
ttag +91 99/99/94/99/95; 
ttag +92 16/[11]/?/?/?; 
ttag +93 74/71/57/66/50; 
ttag +94 22/[12]/?/?/?; 
