tread
'Tree with tags' 
(0 (1 ((2 3 )(4 (5 ((7 (6 11 ))((8 (9 10 ))(14 ((((12 13 )(15 (16 17 )))(18 (19 20 )))(21 ((22 (23 (24 25 )))(26 (27 (28 ((29 (30 31 ))(32 ((33 34 )(35 (36 (37 (38 39 ))))))((40 (41 (42 43 )))(44 45 46 47 ))))))))))))))))); 
ttag *!; 
ttag +49 ???; 
ttag +50 7; 
ttag +51 11; 
ttag +52 4; 
ttag +53 5; 
ttag +54 2; 
ttag +55 1; 
ttag +56 2; 
ttag +57 5; 
ttag +58 1; 
ttag +59 6; 
ttag +60 2; 
ttag +61 1; 
ttag +62 1; 
ttag +63 1; 
ttag +64 2; 
ttag +65 8; 
ttag +66 3; 
ttag +67 5; 
ttag +68 9; 
ttag +69 3; 
ttag +70 9; 
ttag +71 4; 
ttag +72 3; 
ttag +73 10; 
ttag +74 8; 
ttag +75 1; 
ttag +76 3; 
ttag +77 1; 
ttag +78 2; 
ttag +79 6; 
ttag +80 4; 
ttag +81 1; 
ttag +82 2; 
ttag +83 4; 
ttag +84 4; 
ttag +85 4; 
ttag +86 1; 
ttag +87 8; 
ttag +88 1; 
ttag +89 2; 
ttag +90 4; 
ttag +91 2; 
tread
'Tree with tags' 
(0 (1 ((2 3 )(4 (5 ((7 (6 11 ))((8 (9 10 ))(14 ((((12 13 )(15 (16 17 )))(18 (19 20 )))(21 ((22 (23 (24 25 )))(26 (27 (28 (((29 (30 31 ))((40 (41 (42 43 )))(45 (46 (44 47 )))))(32 ((33 34 )(35 (36 (37 (38 39 ))))))))))))))))))))); 
ttag *!; 
ttag +0 ////; 
ttag +1 ////; 
ttag +2 ////; 
ttag +3 ////; 
ttag +4 ////; 
ttag +5 ////; 
ttag +6 ////; 
ttag +7 ////; 
ttag +8 ////; 
ttag +9 ////; 
ttag +10 ////; 
ttag +11 ////; 
ttag +12 ////; 
ttag +13 ////; 
ttag +14 ////; 
ttag +15 ////; 
ttag +16 ////; 
ttag +17 ////; 
ttag +18 ////; 
ttag +19 ////; 
ttag +20 ////; 
ttag +21 ////; 
ttag +22 ////; 
ttag +23 ////; 
ttag +24 ////; 
ttag +25 ////; 
ttag +26 ////; 
ttag +27 ////; 
ttag +28 ////; 
ttag +29 ////; 
ttag +30 ////; 
ttag +31 ////; 
ttag +32 ////; 
ttag +33 ////; 
ttag +34 ////; 
ttag +35 ////; 
ttag +36 ////; 
ttag +37 ////; 
ttag +38 ////; 
ttag +39 ////; 
ttag +40 ////; 
ttag +41 ////; 
ttag +42 ////; 
ttag +43 ////; 
ttag +44 ////; 
ttag +45 ////; 
ttag +46 ////; 
ttag +47 ////; 
ttag +48 ////; 
ttag +49 100/100/100/100/100; 
ttag +50 100/100/100/100/97; 
ttag +51 100/100/99/100/99; 
ttag +52 88/83/69/82/68; 
ttag +53 86/84/64/83/67; 
ttag +54 50/31/21/36/34; 
ttag +55 22/6/0/5/6; 
ttag +56 48/39/32/40/27; 
ttag +57 96/95/94/98/93; 
ttag +58 16/0/?/1/0; 
ttag +59 98/97/91/99/93; 
ttag +60 76/66/46/63/52; 
ttag +61 9/[44]/?/?/?; 
ttag +62 9/[44]/?/?/?; 
ttag +63 12/[41]/?/?/?; 
ttag +64 46/40/24/44/24; 
ttag +65 99/98/92/99/94; 
ttag +66 85/75/79/78/79; 
ttag +67 96/96/89/96/91; 
ttag +68 100/100/100/100/100; 
ttag +69 63/57/34/48/38; 
ttag +70 99/99/98/100/99; 
ttag +71 71/64/41/69/48; 
ttag +72 85/81/61/83/67; 
ttag +73 98/98/90/98/95; 
ttag +74 96/96/88/98/85; 
ttag +75 29/0/?/?/?; 
ttag +76 55/28/?/20/0; 
ttag +77 48/32/31/32/31; 
ttag +78 32/13/12/14/2; 
ttag +79 69/62/47/60/44; 
ttag +80 100/100/98/99/98; 
ttag +81 78/75/63/74/58; 
ttag +82 60/47/37/51/42; 
ttag +83 68/65/53/67/50; 
ttag +84 92/91/83/91/84; 
ttag +85 88/83/80/88/71; 
ttag +86 96/96/93/96/92; 
ttag +87 45/31/28/42/24; 
ttag +88 99/99/96/99/98; 
ttag +89 50/33/31/44/32; 
ttag +90 78/69/60/77/55; 
ttag +91 95/94/82/96/86; 
ttag +92 18/[19]/?/?/?; 
ttag +93 29/23/16/19/13; 
ttag +94 79/77/52/70/52; 
