tread
'Tree with tags' 
(0 (1 ((2 3 )(4 (5 (11 12 13 21 (6 7 )(8 (9 10 ))(14 ((15 (16 17 ))(18 (19 20 ))))((22 (23 (24 25 )))(26 (27 (28 ((29 (30 31 ))(32 (33 34 )(35 36 (37 38 39 )))((40 (41 (42 43 )))(44 45 46 47 ))))))))))))); 
ttag *!; 
ttag +49 ???; 
ttag +50 6; 
ttag +51 7; 
ttag +52 3; 
ttag +53 4; 
ttag +54 3; 
ttag +55 3; 
ttag +56 10; 
ttag +57 2; 
ttag +58 1; 
ttag +59 7; 
ttag +60 4; 
ttag +61 4; 
ttag +62 9; 
ttag +63 10; 
ttag +64 4; 
ttag +65 2; 
ttag +66 7; 
ttag +67 4; 
ttag +68 5; 
ttag +69 1; 
ttag +70 2; 
ttag +71 2; 
ttag +72 2; 
ttag +73 8; 
ttag +74 3; 
ttag +75 6; 
ttag +76 1; 
ttag +77 1; 
ttag +78 8; 
ttag +79 1; 
ttag +80 1; 
ttag +81 6; 
ttag +82 6; 
tread
'Tree with tags' 
(0 (1 ((2 3 )(4 (5 ((6 7 )(((13 (8 (9 10 )))((14 ((15 (16 17 ))(18 (19 20 ))))(21 ((22 (23 (24 25 )))(26 (27 (28 (((29 (30 31 ))((40 (41 (42 43 )))((44 45 )(46 47 ))))(32 ((33 34 )(36 (35 (37 (38 39 ))))))))))))))(11 12 )))))))); 
ttag *!; 
ttag +0 ////; 
ttag +1 ////; 
ttag +2 ////; 
ttag +3 ////; 
ttag +4 ////; 
ttag +5 ////; 
ttag +6 ////; 
ttag +7 ////; 
ttag +8 ////; 
ttag +9 ////; 
ttag +10 ////; 
ttag +11 ////; 
ttag +12 ////; 
ttag +13 ////; 
ttag +14 ////; 
ttag +15 ////; 
ttag +16 ////; 
ttag +17 ////; 
ttag +18 ////; 
ttag +19 ////; 
ttag +20 ////; 
ttag +21 ////; 
ttag +22 ////; 
ttag +23 ////; 
ttag +24 ////; 
ttag +25 ////; 
ttag +26 ////; 
ttag +27 ////; 
ttag +28 ////; 
ttag +29 ////; 
ttag +30 ////; 
ttag +31 ////; 
ttag +32 ////; 
ttag +33 ////; 
ttag +34 ////; 
ttag +35 ////; 
ttag +36 ////; 
ttag +37 ////; 
ttag +38 ////; 
ttag +39 ////; 
ttag +40 ////; 
ttag +41 ////; 
ttag +42 ////; 
ttag +43 ////; 
ttag +44 ////; 
ttag +45 ////; 
ttag +46 ////; 
ttag +47 ////; 
ttag +48 ////; 
ttag +49 100/100/100/100/100; 
ttag +50 98/98/96/97/94; 
ttag +51 96/95/94/95/91; 
ttag +52 72/61/55/74/56; 
ttag +53 80/73/65/84/62; 
ttag +54 86/83/75/84/75; 
ttag +55 53/48/42/60/43; 
ttag +56 100/100/100/100/99; 
ttag +57 0/[32]/?/?/?; 
ttag +58 0/[33]/?/?/?; 
ttag +59 8/[24]/?/?/?; 
ttag +60 77/65/61/73/65; 
ttag +61 24/0/10/4/6; 
ttag +62 52/41/30/44/30; 
ttag +63 28/6/13/8/8; 
ttag +64 96/95/87/96/85; 
ttag +65 78/74/60/77/51; 
ttag +66 91/89/80/93/83; 
ttag +67 99/98/98/99/98; 
ttag +68 100/100/100/100/99; 
ttag +69 33/23/21/23/17; 
ttag +70 80/71/60/82/58; 
ttag +71 76/69/59/71/68; 
ttag +72 98/98/93/98/90; 
ttag +73 90/88/78/89/70; 
ttag +74 89/83/81/88/70; 
ttag +75 60/43/13/41/18; 
ttag +76 66/62/37/63/38; 
ttag +77 58/46/28/50/36; 
ttag +78 46/29/18/29/18; 
ttag +79 79/75/57/77/56; 
ttag +80 100/100/100/100/99; 
ttag +81 81/80/67/81/72; 
ttag +82 98/98/91/97/96; 
ttag +83 20/[12]/?/?/?; 
ttag +84 16/[18]/?/?/?; 
ttag +85 55/42/44/41/40; 
ttag +86 62/56/48/57/52; 
ttag +87 18/[30]/?/?/?; 
ttag +88 99/99/98/100/94; 
ttag +89 52/40/40/48/35; 
ttag +90 75/60/55/70/57; 
ttag +91 99/98/99/100/100; 
ttag +92 21/[15]/?/?/?; 
ttag +93 97/95/85/96/90; 
ttag +94 58/45/43/50/39; 
