tread
'Tree with tags' 
(0 (1 ((2 3 )(4 (11 ((5 (12 13 ))((6 7 )(8 9 10 )((14 (21 ((22 (23 (24 25 )))(26 (27 (28 ((29 (30 31 ))((32 ((33 34 )(35 (36 (37 38 39 )))))(((40 41 )(42 43 ))(44 45 46 47 ))))))))))((15 (16 17 ))(18 (19 20 ))))))))))); 
ttag *!; 
ttag +49 ???; 
ttag +50 3; 
ttag +51 2; 
ttag +52 5; 
ttag +53 1; 
ttag +54 1; 
ttag +55 3; 
ttag +56 1; 
ttag +57 1; 
ttag +58 3; 
ttag +59 5; 
ttag +60 1; 
ttag +61 1; 
ttag +62 5; 
ttag +63 2; 
ttag +64 2; 
ttag +65 4; 
ttag +66 10; 
ttag +67 3; 
ttag +68 7; 
ttag +69 4; 
ttag +70 3; 
ttag +71 2; 
ttag +72 2; 
ttag +73 2; 
ttag +74 2; 
ttag +75 7; 
ttag +76 4; 
ttag +77 8; 
ttag +78 5; 
ttag +79 2; 
ttag +80 4; 
ttag +81 1; 
ttag +82 6; 
ttag +83 2; 
ttag +84 4; 
ttag +85 1; 
ttag +86 6; 
ttag +87 1; 
ttag +88 4; 
ttag +89 5; 
tread
'Tree with tags' 
(0 (1 ((2 3 )(4 (11 ((5 (12 13 ))(((6 7 )(10 (8 9 )))((14 (21 ((22 (23 (24 25 )))(26 (27 (28 ((29 (30 31 ))((32 ((33 34 )(35 (36 (38 (37 39 ))))))(((40 41 )(42 43 ))(45 (44 (46 47 ))))))))))))((15 (16 17 ))(18 (19 20 ))))))))))); 
ttag *!; 
ttag +0 ////; 
ttag +1 ////; 
ttag +2 ////; 
ttag +3 ////; 
ttag +4 ////; 
ttag +5 ////; 
ttag +6 ////; 
ttag +7 ////; 
ttag +8 ////; 
ttag +9 ////; 
ttag +10 ////; 
ttag +11 ////; 
ttag +12 ////; 
ttag +13 ////; 
ttag +14 ////; 
ttag +15 ////; 
ttag +16 ////; 
ttag +17 ////; 
ttag +18 ////; 
ttag +19 ////; 
ttag +20 ////; 
ttag +21 ////; 
ttag +22 ////; 
ttag +23 ////; 
ttag +24 ////; 
ttag +25 ////; 
ttag +26 ////; 
ttag +27 ////; 
ttag +28 ////; 
ttag +29 ////; 
ttag +30 ////; 
ttag +31 ////; 
ttag +32 ////; 
ttag +33 ////; 
ttag +34 ////; 
ttag +35 ////; 
ttag +36 ////; 
ttag +37 ////; 
ttag +38 ////; 
ttag +39 ////; 
ttag +40 ////; 
ttag +41 ////; 
ttag +42 ////; 
ttag +43 ////; 
ttag +44 ////; 
ttag +45 ////; 
ttag +46 ////; 
ttag +47 ////; 
ttag +48 ////; 
ttag +49 100/100/100/100/100; 
ttag +50 75/60/64/76/73; 
ttag +51 88/84/71/84/75; 
ttag +52 93/91/92/94/85; 
ttag +53 23/[12]/?/?/?; 
ttag +54 29/[6]/?/5/?; 
ttag +55 84/79/60/83/65; 
ttag +56 35/28/23/28/19; 
ttag +57 24/8/7/9/6; 
ttag +58 18/4/2/4/2; 
ttag +59 37/1/3/?/2; 
ttag +60 96/95/89/93/86; 
ttag +61 91/90/83/96/87; 
ttag +62 28/19/17/28/10; 
ttag +63 49/42/37/46/35; 
ttag +64 91/90/85/93/83; 
ttag +65 58/51/44/54/39; 
ttag +66 76/72/62/79/62; 
ttag +67 92/90/83/92/86; 
ttag +68 100/100/98/99/98; 
ttag +69 52/43/34/48/24; 
ttag +70 99/99/95/98/94; 
ttag +71 70/61/47/66/39; 
ttag +72 72/57/52/56/51; 
ttag +73 76/67/56/74/59; 
ttag +74 67/56/50/68/52; 
ttag +75 61/50/33/56/30; 
ttag +76 73/65/46/64/53; 
ttag +77 97/97/88/96/92; 
ttag +78 89/86/72/83/78; 
ttag +79 99/99/99/100/96; 
ttag +80 93/92/77/91/82; 
ttag +81 63/51/24/44/29; 
ttag +82 91/87/73/90/80; 
ttag +83 66/50/24/50/28; 
ttag +84 100/100/95/99/97; 
ttag +85 84/76/68/80/74; 
ttag +86 37/12/12/6/?; 
ttag +87 92/90/84/92/79; 
ttag +88 55/38/36/40/32; 
ttag +89 96/96/95/96/94; 
ttag +90 46/34/15/27/25; 
ttag +91 97/97/92/95/91; 
ttag +92 13/[16]/?/?/?; 
ttag +93 93/91/81/93/80; 
ttag +94 10/[20]/?/?/?; 
