tread
'Tree with tags' 
(0 (1 (3 (2 (4 (5 (((11 (6 7 ))(8 (9 10 )))((21 (12 (13 (22 (23 (24 25 ))))))(14 (((16 (15 17 ))(18 (19 20 )))((28 (26 27 ))((((29 (30 31 ))(47 (44 (45 46 ))))(32 ((33 34 )(35 (36 (37 38 39 ))))))(40 (41 (42 43 ))))))))))))))); 
ttag *!; 
ttag +49 ???; 
ttag +50 1; 
ttag +51 4; 
ttag +52 4; 
ttag +53 1; 
ttag +54 2; 
ttag +55 1; 
ttag +56 2; 
ttag +57 2; 
ttag +58 11; 
ttag +59 4; 
ttag +60 1; 
ttag +61 1; 
ttag +62 2; 
ttag +63 1; 
ttag +64 1; 
ttag +65 2; 
ttag +66 6; 
ttag +67 3; 
ttag +68 1; 
ttag +69 5; 
ttag +70 7; 
ttag +71 5; 
ttag +72 2; 
ttag +73 11; 
ttag +74 1; 
ttag +75 1; 
ttag +76 2; 
ttag +77 5; 
ttag +78 1; 
ttag +79 1; 
ttag +80 4; 
ttag +81 8; 
ttag +82 9; 
ttag +83 2; 
ttag +84 2; 
ttag +85 5; 
ttag +86 3; 
ttag +87 4; 
ttag +88 8; 
ttag +89 3; 
ttag +90 4; 
ttag +91 1; 
ttag +92 1; 
ttag +93 1; 
tread
'Tree with tags' 
(0 (1 (3 (2 (4 (5 (((11 (6 7 ))(8 (9 10 )))((21 (12 (13 (22 (23 (24 25 ))))))(14 (((16 (15 17 ))(18 (19 20 )))((28 (26 27 ))((((29 (30 31 ))(47 (44 (45 46 ))))(32 ((33 34 )(35 (36 (39 (37 38 )))))))(40 (41 (42 43 ))))))))))))))); 
ttag *!; 
ttag +0 ////; 
ttag +1 ////; 
ttag +2 ////; 
ttag +3 ////; 
ttag +4 ////; 
ttag +5 ////; 
ttag +6 ////; 
ttag +7 ////; 
ttag +8 ////; 
ttag +9 ////; 
ttag +10 ////; 
ttag +11 ////; 
ttag +12 ////; 
ttag +13 ////; 
ttag +14 ////; 
ttag +15 ////; 
ttag +16 ////; 
ttag +17 ////; 
ttag +18 ////; 
ttag +19 ////; 
ttag +20 ////; 
ttag +21 ////; 
ttag +22 ////; 
ttag +23 ////; 
ttag +24 ////; 
ttag +25 ////; 
ttag +26 ////; 
ttag +27 ////; 
ttag +28 ////; 
ttag +29 ////; 
ttag +30 ////; 
ttag +31 ////; 
ttag +32 ////; 
ttag +33 ////; 
ttag +34 ////; 
ttag +35 ////; 
ttag +36 ////; 
ttag +37 ////; 
ttag +38 ////; 
ttag +39 ////; 
ttag +40 ////; 
ttag +41 ////; 
ttag +42 ////; 
ttag +43 ////; 
ttag +44 ////; 
ttag +45 ////; 
ttag +46 ////; 
ttag +47 ////; 
ttag +48 ////; 
ttag +49 100/100/100/100/100; 
ttag +50 58/32/24/30/22; 
ttag +51 88/84/77/90/72; 
ttag +52 73/69/58/78/51; 
ttag +53 37/16/15/19/13; 
ttag +54 47/35/20/36/22; 
ttag +55 8/[17]/?/?/?; 
ttag +56 29/5/1/9/?; 
ttag +57 34/21/20/26/20; 
ttag +58 99/98/99/99/100; 
ttag +59 92/90/90/95/91; 
ttag +60 16/6/?/10/?; 
ttag +61 8/[1]/?/?/?; 
ttag +62 34/21/15/22/20; 
ttag +63 22/12/4/16/6; 
ttag +64 6/[6]/?/?/?; 
ttag +65 52/22/16/38/28; 
ttag +66 95/94/85/94/81; 
ttag +67 48/39/36/52/40; 
ttag +68 8/[4]/?/?/?; 
ttag +69 99/99/96/99/96; 
ttag +70 92/90/84/94/94; 
ttag +71 83/78/66/77/64; 
ttag +72 73/66/54/67/54; 
ttag +73 100/100/100/100/100; 
ttag +74 29/2/12/8/5; 
ttag +75 27/[12]/?/?/?; 
ttag +76 58/51/39/57/49; 
ttag +77 90/88/75/88/78; 
ttag +78 5/[33]/?/?/?; 
ttag +79 22/[16]/?/?/?; 
ttag +80 84/80/66/82/70; 
ttag +81 99/99/97/100/97; 
ttag +82 100/100/96/99/94; 
ttag +83 64/51/46/44/46; 
ttag +84 58/46/26/38/26; 
ttag +85 90/86/62/90/78; 
ttag +86 82/78/58/81/69; 
ttag +87 23/[3]/?/2/3; 
ttag +88 89/88/80/88/83; 
ttag +89 98/97/91/98/93; 
ttag +90 82/74/66/78/66; 
ttag +91 85/82/77/84/70; 
ttag +92 18/9/4/10/4; 
ttag +93 53/44/48/54/42; 
ttag +94 30/20/14/19/12; 
