tread
'Tree with tags' 
(0 (1 ((2 3 )(4 (5 (6 7 )((10 (8 9 ))(11 ((12 13 )((14 ((15 (16 17 ))(18 (19 20 ))))(21 ((22 (23 (24 25 )))((26 (27 (28 (33 34 (32 (35 (36 (37 (38 39 )))))))))((29 (30 31 ))((40 (41 (42 43 )))(44 (45 (46 47 ))))))))))))))))); 
ttag *!; 
ttag +49 ???; 
ttag +50 2; 
ttag +51 2; 
ttag +52 4; 
ttag +53 1; 
ttag +54 2; 
ttag +55 2; 
ttag +56 11; 
ttag +57 1; 
ttag +58 2; 
ttag +59 3; 
ttag +60 1; 
ttag +61 4; 
ttag +62 4; 
ttag +63 5; 
ttag +64 2; 
ttag +65 3; 
ttag +66 3; 
ttag +67 13; 
ttag +68 5; 
ttag +69 3; 
ttag +70 1; 
ttag +71 4; 
ttag +72 9; 
ttag +73 1; 
ttag +74 5; 
ttag +75 1; 
ttag +76 1; 
ttag +77 3; 
ttag +78 1; 
ttag +79 4; 
ttag +80 1; 
ttag +81 1; 
ttag +82 4; 
ttag +83 6; 
ttag +84 7; 
ttag +85 4; 
ttag +86 1; 
ttag +87 1; 
ttag +88 1; 
ttag +89 11; 
ttag +90 3; 
ttag +91 1; 
ttag +92 2; 
tread
'Tree with tags' 
(0 (1 ((2 3 )(4 (5 ((6 7 )((10 (8 9 ))(11 ((12 13 )((14 ((15 (16 17 ))(18 (19 20 ))))(21 ((22 (23 (24 25 )))((26 (27 (28 ((32 (35 (36 (37 (38 39 )))))(33 34 )))))((29 (30 31 ))((40 (41 (42 43 )))(44 (45 (46 47 )))))))))))))))))); 
ttag *!; 
ttag +0 ////; 
ttag +1 ////; 
ttag +2 ////; 
ttag +3 ////; 
ttag +4 ////; 
ttag +5 ////; 
ttag +6 ////; 
ttag +7 ////; 
ttag +8 ////; 
ttag +9 ////; 
ttag +10 ////; 
ttag +11 ////; 
ttag +12 ////; 
ttag +13 ////; 
ttag +14 ////; 
ttag +15 ////; 
ttag +16 ////; 
ttag +17 ////; 
ttag +18 ////; 
ttag +19 ////; 
ttag +20 ////; 
ttag +21 ////; 
ttag +22 ////; 
ttag +23 ////; 
ttag +24 ////; 
ttag +25 ////; 
ttag +26 ////; 
ttag +27 ////; 
ttag +28 ////; 
ttag +29 ////; 
ttag +30 ////; 
ttag +31 ////; 
ttag +32 ////; 
ttag +33 ////; 
ttag +34 ////; 
ttag +35 ////; 
ttag +36 ////; 
ttag +37 ////; 
ttag +38 ////; 
ttag +39 ////; 
ttag +40 ////; 
ttag +41 ////; 
ttag +42 ////; 
ttag +43 ////; 
ttag +44 ////; 
ttag +45 ////; 
ttag +46 ////; 
ttag +47 ////; 
ttag +48 ////; 
ttag +49 100/100/100/100/100; 
ttag +50 53/29/26/28/32; 
ttag +51 53/27/17/24/23; 
ttag +52 78/74/63/77/62; 
ttag +53 30/16/7/11/5; 
ttag +54 62/56/46/46/40; 
ttag +55 3/[10]/?/?/?; 
ttag +56 79/70/74/82/75; 
ttag +57 100/100/99/100/100; 
ttag +58 20/6/?/6/0; 
ttag +59 62/54/43/58/38; 
ttag +60 73/67/45/69/58; 
ttag +61 38/23/14/20/4; 
ttag +62 80/76/58/80/68; 
ttag +63 77/73/65/70/59; 
ttag +64 92/89/79/93/76; 
ttag +65 62/46/47/54/48; 
ttag +66 77/70/58/72/58; 
ttag +67 79/70/62/73/58; 
ttag +68 100/100/100/100/100; 
ttag +69 86/84/75/87/74; 
ttag +70 65/53/34/52/40; 
ttag +71 52/41/25/36/28; 
ttag +72 80/76/62/82/68; 
ttag +73 99/98/94/97/94; 
ttag +74 6/[27]/?/?/?; 
ttag +75 96/94/89/93/85; 
ttag +76 5/[28]/?/?/?; 
ttag +77 12/[5]/?/?/?; 
ttag +78 83/80/72/81/79; 
ttag +79 17/0/?/?/?; 
ttag +80 90/85/84/86/86; 
ttag +81 44/28/29/32/33; 
ttag +82 68/55/44/51/42; 
ttag +83 42/28/28/29/27; 
ttag +84 92/90/85/93/82; 
ttag +85 99/99/97/98/96; 
ttag +86 99/99/98/99/97; 
ttag +87 98/98/97/97/97; 
ttag +88 37/14/7/15/7; 
ttag +89 43/27/16/27/25; 
ttag +90 37/12/1/11/?; 
ttag +91 100/100/100/100/100; 
ttag +92 85/83/73/72/69; 
ttag +93 31/[2]/?/?/?; 
ttag +94 83/79/68/79/73; 
