tread
'Tree with tags' 
(0 (1 ((2 3 )(4 (5 6 7 (8 (9 10 ))(11 (13 (12 ((14 ((17 (15 16 ))(18 (19 20 ))))(21 ((22 (23 (24 25 )))(26 (27 (28 (44 45 46 47 (29 (30 31 ))(32 (35 (33 34 )(36 (37 38 39 ))))(41 (40 (42 43 )))))))))))))))))); 
ttag *!; 
ttag +49 ???; 
ttag +50 2; 
ttag +51 4; 
ttag +52 6; 
ttag +53 3; 
ttag +54 7; 
ttag +55 6; 
ttag +56 2; 
ttag +57 1; 
ttag +58 2; 
ttag +59 1; 
ttag +60 4; 
ttag +61 1; 
ttag +62 7; 
ttag +63 2; 
ttag +64 5; 
ttag +65 10; 
ttag +66 2; 
ttag +67 6; 
ttag +68 7; 
ttag +69 6; 
ttag +70 2; 
ttag +71 3; 
ttag +72 1; 
ttag +73 2; 
ttag +74 3; 
ttag +75 5; 
ttag +76 2; 
ttag +77 6; 
ttag +78 3; 
ttag +79 2; 
ttag +80 1; 
ttag +81 5; 
ttag +82 1; 
ttag +83 12; 
ttag +84 3; 
tread
'Tree with tags' 
(0 (1 ((2 3 )(4 ((7 ((5 6 )(8 (9 10 ))))(11 (13 (12 ((14 ((17 (15 16 ))(18 (19 20 ))))(21 ((22 (23 (24 25 )))(26 (27 (28 ((29 (30 31 ))((32 (35 ((33 34 )(36 (38 (37 39 ))))))(44 (46 (45 (47 (41 (40 (42 43 ))))))))))))))))))))))); 
ttag *!; 
ttag +0 ////; 
ttag +1 ////; 
ttag +2 ////; 
ttag +3 ////; 
ttag +4 ////; 
ttag +5 ////; 
ttag +6 ////; 
ttag +7 ////; 
ttag +8 ////; 
ttag +9 ////; 
ttag +10 ////; 
ttag +11 ////; 
ttag +12 ////; 
ttag +13 ////; 
ttag +14 ////; 
ttag +15 ////; 
ttag +16 ////; 
ttag +17 ////; 
ttag +18 ////; 
ttag +19 ////; 
ttag +20 ////; 
ttag +21 ////; 
ttag +22 ////; 
ttag +23 ////; 
ttag +24 ////; 
ttag +25 ////; 
ttag +26 ////; 
ttag +27 ////; 
ttag +28 ////; 
ttag +29 ////; 
ttag +30 ////; 
ttag +31 ////; 
ttag +32 ////; 
ttag +33 ////; 
ttag +34 ////; 
ttag +35 ////; 
ttag +36 ////; 
ttag +37 ////; 
ttag +38 ////; 
ttag +39 ////; 
ttag +40 ////; 
ttag +41 ////; 
ttag +42 ////; 
ttag +43 ////; 
ttag +44 ////; 
ttag +45 ////; 
ttag +46 ////; 
ttag +47 ////; 
ttag +48 ////; 
ttag +49 100/100/100/100/100; 
ttag +50 74/62/54/61/54; 
ttag +51 92/91/70/86/68; 
ttag +52 95/94/88/98/88; 
ttag +53 8/[8]/?/?/?; 
ttag +54 21/4/?/2/?; 
ttag +55 32/24/23/28/23; 
ttag +56 58/47/22/49/28; 
ttag +57 99/99/98/99/95; 
ttag +58 99/99/97/98/96; 
ttag +59 43/32/14/40/14; 
ttag +60 52/30/4/21/4; 
ttag +61 66/59/44/59/36; 
ttag +62 14/[23]/?/?/?; 
ttag +63 87/85/73/84/72; 
ttag +64 62/46/36/44/34; 
ttag +65 98/98/93/98/94; 
ttag +66 57/44/28/35/37; 
ttag +67 95/94/84/92/82; 
ttag +68 100/100/100/100/100; 
ttag +69 65/47/42/39/40; 
ttag +70 97/96/87/94/90; 
ttag +71 98/98/96/99/94; 
ttag +72 97/96/92/95/91; 
ttag +73 74/60/57/65/54; 
ttag +74 86/77/67/80/69; 
ttag +75 53/42/39/50/43; 
ttag +76 79/70/60/74/61; 
ttag +77 96/96/90/94/90; 
ttag +78 84/80/74/85/66; 
ttag +79 83/73/67/85/74; 
ttag +80 97/96/93/97/92; 
ttag +81 28/7/11/10/12; 
ttag +82 90/86/75/92/73; 
ttag +83 34/0/5/8/?; 
ttag +84 75/70/60/78/64; 
ttag +85 74/65/58/64/58; 
ttag +86 39/10/13/0/2; 
ttag +87 92/89/80/94/84; 
ttag +88 48/10/11/12/2; 
ttag +89 100/100/99/100/98; 
ttag +90 16/[6]/?/?/?; 
ttag +91 10/[22]/?/?/?; 
ttag +92 2/[31]/?/?/?; 
ttag +93 32/9/9/13/8; 
ttag +94 61/43/38/47/32; 
