tread
'Tree with tags' 
(0 (1 ((2 3 )(4 (((5 (6 7 ))((12 13 )((14 ((17 (15 16 ))(18 (19 20 ))))(21 ((22 (23 (24 25 )))((26 27 )(28 ((29 30 31 )(((32 (33 34 ))(35 (36 (37 38 39 ))))(41 (40 (42 43 )))(44 (45 (46 47 ))))))))))))(11 (9 (8 10 )))))))); 
ttag *!; 
ttag +49 ???; 
ttag +50 3; 
ttag +51 1; 
ttag +52 6; 
ttag +53 1; 
ttag +54 1; 
ttag +55 1; 
ttag +56 1; 
ttag +57 1; 
ttag +58 7; 
ttag +59 1; 
ttag +60 1; 
ttag +61 1; 
ttag +62 1; 
ttag +63 6; 
ttag +64 1; 
ttag +65 7; 
ttag +66 3; 
ttag +67 3; 
ttag +68 9; 
ttag +69 1; 
ttag +70 3; 
ttag +71 1; 
ttag +72 6; 
ttag +73 8; 
ttag +74 1; 
ttag +75 2; 
ttag +76 1; 
ttag +77 7; 
ttag +78 2; 
ttag +79 3; 
ttag +80 5; 
ttag +81 2; 
ttag +82 6; 
ttag +83 1; 
ttag +84 1; 
ttag +85 4; 
ttag +86 1; 
ttag +87 6; 
ttag +88 6; 
ttag +89 3; 
ttag +90 1; 
ttag +91 1; 
tread
'Tree with tags' 
(0 (1 ((2 3 )(4 (((5 (6 7 ))((12 13 )((14 ((17 (15 16 ))(18 (19 20 ))))(21 ((22 (23 (24 25 )))((26 27 )(28 ((31 (29 30 ))((((32 (33 34 ))(35 (36 (37 (38 39 )))))(41 (40 (42 43 ))))(44 (45 (46 47 ))))))))))))(11 (9 (8 10 )))))))); 
ttag *!; 
ttag +0 ////; 
ttag +1 ////; 
ttag +2 ////; 
ttag +3 ////; 
ttag +4 ////; 
ttag +5 ////; 
ttag +6 ////; 
ttag +7 ////; 
ttag +8 ////; 
ttag +9 ////; 
ttag +10 ////; 
ttag +11 ////; 
ttag +12 ////; 
ttag +13 ////; 
ttag +14 ////; 
ttag +15 ////; 
ttag +16 ////; 
ttag +17 ////; 
ttag +18 ////; 
ttag +19 ////; 
ttag +20 ////; 
ttag +21 ////; 
ttag +22 ////; 
ttag +23 ////; 
ttag +24 ////; 
ttag +25 ////; 
ttag +26 ////; 
ttag +27 ////; 
ttag +28 ////; 
ttag +29 ////; 
ttag +30 ////; 
ttag +31 ////; 
ttag +32 ////; 
ttag +33 ////; 
ttag +34 ////; 
ttag +35 ////; 
ttag +36 ////; 
ttag +37 ////; 
ttag +38 ////; 
ttag +39 ////; 
ttag +40 ////; 
ttag +41 ////; 
ttag +42 ////; 
ttag +43 ////; 
ttag +44 ////; 
ttag +45 ////; 
ttag +46 ////; 
ttag +47 ////; 
ttag +48 ////; 
ttag +49 100/100/100/100/100; 
ttag +50 87/82/78/83/74; 
ttag +51 52/35/42/36/38; 
ttag +52 97/97/90/97/92; 
ttag +53 6/[16]/?/?/?; 
ttag +54 5/[16]/?/?/?; 
ttag +55 30/8/10/25/22; 
ttag +56 31/13/26/7/17; 
ttag +57 49/38/22/28/34; 
ttag +58 99/99/95/98/98; 
ttag +59 22/4/8/?/2; 
ttag +60 33/16/7/15/14; 
ttag +61 13/[10]/?/?/?; 
ttag +62 42/32/26/35/23; 
ttag +63 87/86/75/88/75; 
ttag +64 60/47/37/54/48; 
ttag +65 95/94/91/96/93; 
ttag +66 65/56/54/63/44; 
ttag +67 84/80/71/84/68; 
ttag +68 100/100/99/100/100; 
ttag +69 32/0/?/16/?; 
ttag +70 89/87/80/88/80; 
ttag +71 47/36/42/44/34; 
ttag +72 99/99/96/97/95; 
ttag +73 99/98/96/99/97; 
ttag +74 44/10/23/26/16; 
ttag +75 68/65/53/61/53; 
ttag +76 63/52/41/54/47; 
ttag +77 20/[13]/?/?/?; 
ttag +78 100/100/99/100/98; 
ttag +79 72/62/62/67/53; 
ttag +80 87/83/80/91/75; 
ttag +81 96/95/88/96/89; 
ttag +82 22/[11]/?/?/?; 
ttag +83 76/63/62/66/60; 
ttag +84 98/97/95/98/97; 
ttag +85 59/45/34/40/28; 
ttag +86 64/50/37/44/30; 
ttag +87 86/82/69/77/63; 
ttag +88 44/18/19/15/29; 
ttag +89 58/35/22/32/16; 
ttag +90 94/94/94/97/92; 
ttag +91 98/98/90/99/93; 
ttag +92 86/84/73/82/69; 
ttag +93 40/26/26/34/18; 
ttag +94 40/25/22/28/18; 
