tread
'Tree with tags' 
(0 (1 (4 ((2 3 )(((13 (12 (11 (5 ((6 7 )(8 (9 10 )))))))(14 ((15 (16 17 ))(18 (19 20 )))))(21 ((22 (23 (24 25 )))(26 (27 (28 ((29 (30 31 ))(((32 (33 34 ))((35 36 )(37 38 39 )))((40 (41 (42 43 )))(47 (44 (45 46 )))))))))))))))); 
ttag *!; 
ttag +49 ???; 
ttag +50 7; 
ttag +51 1; 
ttag +52 5; 
ttag +53 1; 
ttag +54 1; 
ttag +55 1; 
ttag +56 1; 
ttag +57 1; 
ttag +58 3; 
ttag +59 1; 
ttag +60 2; 
ttag +61 6; 
ttag +62 1; 
ttag +63 1; 
ttag +64 6; 
ttag +65 2; 
ttag +66 2; 
ttag +67 8; 
ttag +68 6; 
ttag +69 1; 
ttag +70 2; 
ttag +71 7; 
ttag +72 12; 
ttag +73 10; 
ttag +74 2; 
ttag +75 2; 
ttag +76 1; 
ttag +77 3; 
ttag +78 5; 
ttag +79 7; 
ttag +80 1; 
ttag +81 6; 
ttag +82 3; 
ttag +83 3; 
ttag +84 1; 
ttag +85 4; 
ttag +86 4; 
ttag +87 5; 
ttag +88 1; 
ttag +89 7; 
ttag +90 3; 
ttag +91 3; 
ttag +92 3; 
ttag +93 2; 
tread
'Tree with tags' 
(0 (1 (4 ((2 3 )(((13 (12 (11 (5 ((6 7 )(8 (9 10 )))))))(14 ((15 (16 17 ))(18 (19 20 )))))(21 ((22 (23 (24 25 )))(26 (27 (28 ((29 (30 31 ))(((32 (33 34 ))((35 36 )(38 (37 39 ))))((40 (41 (42 43 )))(47 (44 (45 46 )))))))))))))))); 
ttag *!; 
ttag +0 ////; 
ttag +1 ////; 
ttag +2 ////; 
ttag +3 ////; 
ttag +4 ////; 
ttag +5 ////; 
ttag +6 ////; 
ttag +7 ////; 
ttag +8 ////; 
ttag +9 ////; 
ttag +10 ////; 
ttag +11 ////; 
ttag +12 ////; 
ttag +13 ////; 
ttag +14 ////; 
ttag +15 ////; 
ttag +16 ////; 
ttag +17 ////; 
ttag +18 ////; 
ttag +19 ////; 
ttag +20 ////; 
ttag +21 ////; 
ttag +22 ////; 
ttag +23 ////; 
ttag +24 ////; 
ttag +25 ////; 
ttag +26 ////; 
ttag +27 ////; 
ttag +28 ////; 
ttag +29 ////; 
ttag +30 ////; 
ttag +31 ////; 
ttag +32 ////; 
ttag +33 ////; 
ttag +34 ////; 
ttag +35 ////; 
ttag +36 ////; 
ttag +37 ////; 
ttag +38 ////; 
ttag +39 ////; 
ttag +40 ////; 
ttag +41 ////; 
ttag +42 ////; 
ttag +43 ////; 
ttag +44 ////; 
ttag +45 ////; 
ttag +46 ////; 
ttag +47 ////; 
ttag +48 ////; 
ttag +49 100/100/100/100/100; 
ttag +50 99/99/98/100/100; 
ttag +51 8/[18]/?/?/?; 
ttag +52 96/95/92/98/94; 
ttag +53 23/10/17/23/11; 
ttag +54 21/[1]/1/6/?; 
ttag +55 8/[14]/?/?/?; 
ttag +56 4/[18]/?/?/?; 
ttag +57 3/[19]/?/?/?; 
ttag +58 42/28/15/28/15; 
ttag +59 46/16/12/23/5; 
ttag +60 68/63/57/68/54; 
ttag +61 98/98/98/97/96; 
ttag +62 56/38/25/44/41; 
ttag +63 18/7/?/2/?; 
ttag +64 95/94/90/96/92; 
ttag +65 44/32/22/34/21; 
ttag +66 62/52/38/57/42; 
ttag +67 100/100/98/98/94; 
ttag +68 100/100/100/100/99; 
ttag +69 22/6/2/8/5; 
ttag +70 67/55/49/67/48; 
ttag +71 92/91/79/95/84; 
ttag +72 100/100/98/100/100; 
ttag +73 100/100/98/100/99; 
ttag +74 61/51/40/51/34; 
ttag +75 38/15/6/18/3; 
ttag +76 29/6/1/11/?; 
ttag +77 60/46/32/57/30; 
ttag +78 76/74/54/73/62; 
ttag +79 99/99/97/99/96; 
ttag +80 31/10/2/18/17; 
ttag +81 89/88/76/94/78; 
ttag +82 57/42/34/47/29; 
ttag +83 70/52/44/58/56; 
ttag +84 29/[7]/?/?/?; 
ttag +85 88/85/83/90/78; 
ttag +86 28/7/0/?/?; 
ttag +87 96/95/90/96/90; 
ttag +88 86/83/71/86/71; 
ttag +89 52/44/30/49/36; 
ttag +90 97/96/83/96/89; 
ttag +91 86/79/77/88/75; 
ttag +92 51/37/28/47/30; 
ttag +93 66/53/48/70/58; 
ttag +94 64/52/39/57/40; 
