tread
'Tree with tags' 
(0 (1 ((2 3 )(4 (5 ((6 7 )(8 (9 10 )))(11 (13 (12 ((14 ((17 (15 16 ))(18 (19 20 ))))(21 (((22 23 )(24 25 ))(26 (27 (28 ((31 (29 30 ))(32 ((33 34 )(35 36 (38 (37 39 )))))((40 (41 (42 43 )))((44 45 )(46 47 )))))))))))))))))); 
ttag *!; 
ttag +49 ???; 
ttag +50 2; 
ttag +51 3; 
ttag +52 5; 
ttag +53 5; 
ttag +54 3; 
ttag +55 2; 
ttag +56 8; 
ttag +57 2; 
ttag +58 1; 
ttag +59 1; 
ttag +60 2; 
ttag +61 1; 
ttag +62 2; 
ttag +63 2; 
ttag +64 3; 
ttag +65 1; 
ttag +66 7; 
ttag +67 5; 
ttag +68 2; 
ttag +69 1; 
ttag +70 1; 
ttag +71 3; 
ttag +72 6; 
ttag +73 5; 
ttag +74 2; 
ttag +75 3; 
ttag +76 1; 
ttag +77 3; 
ttag +78 1; 
ttag +79 10; 
ttag +80 2; 
ttag +81 1; 
ttag +82 1; 
ttag +83 1; 
ttag +84 2; 
ttag +85 7; 
ttag +86 1; 
ttag +87 2; 
ttag +88 4; 
ttag +89 1; 
ttag +90 1; 
ttag +91 1; 
tread
'Tree with tags' 
(0 (1 ((2 3 )(4 (5 (((6 7 )(8 (9 10 )))(11 (13 (12 ((14 ((17 (15 16 ))(18 (19 20 ))))(21 (((22 23 )(24 25 ))(26 (27 (28 (((31 (29 30 ))((40 (41 (42 43 )))((44 45 )(46 47 ))))(32 ((33 34 )((35 36 )(38 (37 39 ))))))))))))))))))))); 
ttag *!; 
ttag +0 ////; 
ttag +1 ////; 
ttag +2 ////; 
ttag +3 ////; 
ttag +4 ////; 
ttag +5 ////; 
ttag +6 ////; 
ttag +7 ////; 
ttag +8 ////; 
ttag +9 ////; 
ttag +10 ////; 
ttag +11 ////; 
ttag +12 ////; 
ttag +13 ////; 
ttag +14 ////; 
ttag +15 ////; 
ttag +16 ////; 
ttag +17 ////; 
ttag +18 ////; 
ttag +19 ////; 
ttag +20 ////; 
ttag +21 ////; 
ttag +22 ////; 
ttag +23 ////; 
ttag +24 ////; 
ttag +25 ////; 
ttag +26 ////; 
ttag +27 ////; 
ttag +28 ////; 
ttag +29 ////; 
ttag +30 ////; 
ttag +31 ////; 
ttag +32 ////; 
ttag +33 ////; 
ttag +34 ////; 
ttag +35 ////; 
ttag +36 ////; 
ttag +37 ////; 
ttag +38 ////; 
ttag +39 ////; 
ttag +40 ////; 
ttag +41 ////; 
ttag +42 ////; 
ttag +43 ////; 
ttag +44 ////; 
ttag +45 ////; 
ttag +46 ////; 
ttag +47 ////; 
ttag +48 ////; 
ttag +49 100/100/100/100/100; 
ttag +50 82/68/66/71/67; 
ttag +51 88/84/77/86/75; 
ttag +52 87/82/68/85/61; 
ttag +53 86/83/56/82/60; 
ttag +54 78/75/70/68/64; 
ttag +55 76/71/54/68/54; 
ttag +56 22/0/?/?/?; 
ttag +57 100/100/99/100/99; 
ttag +58 74/60/55/68/47; 
ttag +59 48/32/20/26/20; 
ttag +60 35/19/8/18/20; 
ttag +61 48/33/14/33/29; 
ttag +62 30/13/12/11/10; 
ttag +63 66/60/33/58/46; 
ttag +64 61/46/49/53/38; 
ttag +65 83/79/68/78/62; 
ttag +66 29/[20]/?/?/?; 
ttag +67 98/97/93/99/96; 
ttag +68 98/98/94/98/96; 
ttag +69 43/30/30/36/31; 
ttag +70 47/26/25/33/24; 
ttag +71 69/56/32/50/31; 
ttag +72 68/63/49/66/47; 
ttag +73 98/97/97/98/98; 
ttag +74 87/86/76/86/71; 
ttag +75 64/55/41/56/46; 
ttag +76 86/84/69/85/80; 
ttag +77 64/57/47/54/42; 
ttag +78 94/91/86/90/83; 
ttag +79 18/[13]/?/?/?; 
ttag +80 64/57/58/63/59; 
ttag +81 100/100/97/100/97; 
ttag +82 69/56/47/48/41; 
ttag +83 59/35/23/26/18; 
ttag +84 14/[12]/?/?/?; 
ttag +85 62/50/43/40/35; 
ttag +86 66/50/42/45/46; 
ttag +87 70/55/50/66/58; 
ttag +88 98/98/94/98/92; 
ttag +89 38/22/26/22/17; 
ttag +90 74/66/61/72/58; 
ttag +91 94/92/90/96/92; 
ttag +92 58/48/39/52/47; 
ttag +93 49/42/31/40/36; 
ttag +94 58/47/38/54/39; 
