tread
'Tree with tags' 
(0 (1 (3 (2 (4 5 11 14 (6 7 )(8 (9 10 ))(12 13 )(15 (16 17 ))(18 (19 20 ))(21 ((22 (23 (24 25 )))(26 (27 (28 ((29 (30 31 ))((((32 (35 (36 (37 (38 39 )))))(33 34 ))(40 (41 (42 43 ))))(47 (45 (44 46 ))))))))))))))); 
ttag *!; 
ttag +49 ???; 
ttag +50 1; 
ttag +51 5; 
ttag +52 3; 
ttag +53 1; 
ttag +54 9; 
ttag +55 1; 
ttag +56 1; 
ttag +57 11; 
ttag +58 3; 
ttag +59 4; 
ttag +60 12; 
ttag +61 1; 
ttag +62 1; 
ttag +63 1; 
ttag +64 3; 
ttag +65 11; 
ttag +66 9; 
ttag +67 1; 
ttag +68 5; 
ttag +69 7; 
ttag +70 2; 
ttag +71 3; 
ttag +72 1; 
ttag +73 4; 
ttag +74 1; 
ttag +75 3; 
ttag +76 3; 
ttag +77 2; 
ttag +78 8; 
ttag +79 7; 
ttag +80 1; 
ttag +81 5; 
ttag +82 1; 
ttag +83 4; 
ttag +84 1; 
ttag +85 2; 
ttag +86 2; 
tread
'Tree with tags' 
(0 (1 (3 (2 (((11 (((4 5 )((12 13 )(18 (19 20 ))))(6 7 )))((14 (21 ((22 (23 (24 25 )))(26 (27 (28 ((29 (30 31 ))((((32 (35 (36 (37 (38 39 )))))(33 34 ))(40 (41 (42 43 ))))(47 (45 (44 46 )))))))))))(15 (16 17 ))))(8 (9 10 ))))))); 
ttag *!; 
ttag +0 ////; 
ttag +1 ////; 
ttag +2 ////; 
ttag +3 ////; 
ttag +4 ////; 
ttag +5 ////; 
ttag +6 ////; 
ttag +7 ////; 
ttag +8 ////; 
ttag +9 ////; 
ttag +10 ////; 
ttag +11 ////; 
ttag +12 ////; 
ttag +13 ////; 
ttag +14 ////; 
ttag +15 ////; 
ttag +16 ////; 
ttag +17 ////; 
ttag +18 ////; 
ttag +19 ////; 
ttag +20 ////; 
ttag +21 ////; 
ttag +22 ////; 
ttag +23 ////; 
ttag +24 ////; 
ttag +25 ////; 
ttag +26 ////; 
ttag +27 ////; 
ttag +28 ////; 
ttag +29 ////; 
ttag +30 ////; 
ttag +31 ////; 
ttag +32 ////; 
ttag +33 ////; 
ttag +34 ////; 
ttag +35 ////; 
ttag +36 ////; 
ttag +37 ////; 
ttag +38 ////; 
ttag +39 ////; 
ttag +40 ////; 
ttag +41 ////; 
ttag +42 ////; 
ttag +43 ////; 
ttag +44 ////; 
ttag +45 ////; 
ttag +46 ////; 
ttag +47 ////; 
ttag +48 ////; 
ttag +49 100/100/100/100/100; 
ttag +50 55/32/29/35/22; 
ttag +51 86/79/74/79/62; 
ttag +52 4/[8]/?/?/?; 
ttag +53 0/[44]/?/?/?; 
ttag +54 0/[44]/?/?/?; 
ttag +55 0/[44]/?/?/?; 
ttag +56 30/3/4/11/3; 
ttag +57 77/75/63/82/63; 
ttag +58 71/62/59/59/55; 
ttag +59 100/100/100/100/99; 
ttag +60 86/83/75/79/70; 
ttag +61 52/31/30/39/36; 
ttag +62 0/[44]/?/?/?; 
ttag +63 2/[18]/?/?/?; 
ttag +64 0/[44]/?/?/?; 
ttag +65 100/100/100/100/100; 
ttag +66 91/89/85/94/84; 
ttag +67 95/94/92/90/92; 
ttag +68 100/100/100/100/100; 
ttag +69 26/7/2/16/9; 
ttag +70 74/65/50/58/47; 
ttag +71 34/12/9/16/16; 
ttag +72 96/96/96/96/95; 
ttag +73 100/100/100/100/100; 
ttag +74 100/100/96/99/96; 
ttag +75 66/45/21/42/24; 
ttag +76 80/74/66/82/64; 
ttag +77 98/98/96/99/98; 
ttag +78 35/12/4/20/10; 
ttag +79 87/84/75/84/76; 
ttag +80 20/[12]/?/?/?; 
ttag +81 94/93/83/91/80; 
ttag +82 17/[12]/?/?/?; 
ttag +83 59/47/38/52/36; 
ttag +84 82/77/61/78/67; 
ttag +85 61/51/42/53/41; 
ttag +86 98/97/98/99/98; 
ttag +87 99/98/95/98/95; 
ttag +88 65/49/36/44/28; 
ttag +89 94/93/84/97/85; 
ttag +90 61/38/34/45/35; 
ttag +91 94/93/86/90/84; 
ttag +92 38/24/12/19/8; 
ttag +93 46/36/22/39/21; 
ttag +94 58/48/39/48/33; 
