tread
'Tree with tags' 
(0 (1 ((2 3 )(4 (5 ((6 7 )(8 (9 10 )))(11 12 13 ((21 (22 (23 (24 25 ))))(26 27 ((28 ((32 (35 (36 (39 (37 38 )))))(33 34 )))(29 (30 31 ))((40 (41 (42 43 )))(44 45 46 47 ))))))(14 (18 (15 (16 17 ))(19 20 )))))))); 
ttag *!; 
ttag +49 ???; 
ttag +50 5; 
ttag +51 2; 
ttag +52 1; 
ttag +53 1; 
ttag +54 2; 
ttag +55 1; 
ttag +56 9; 
ttag +57 1; 
ttag +58 1; 
ttag +59 1; 
ttag +60 4; 
ttag +61 3; 
ttag +62 2; 
ttag +63 7; 
ttag +64 1; 
ttag +65 3; 
ttag +66 2; 
ttag +67 5; 
ttag +68 7; 
ttag +69 4; 
ttag +70 1; 
ttag +71 4; 
ttag +72 5; 
ttag +73 3; 
ttag +74 1; 
ttag +75 2; 
ttag +76 4; 
ttag +77 2; 
ttag +78 3; 
ttag +79 1; 
ttag +80 4; 
ttag +81 3; 
ttag +82 1; 
ttag +83 2; 
ttag +84 6; 
ttag +85 2; 
tread
'Tree with tags' 
(0 (1 ((2 3 )(4 (5 (((6 7 )(8 (9 10 )))(((12 (11 13 ))((21 (22 (23 (24 25 ))))((26 27 )((28 ((32 (35 (36 (39 (37 38 )))))(33 34 )))((29 (30 31 ))((40 (41 (42 43 )))(44 (47 (45 46 )))))))))(14 ((18 (15 (16 17 )))(19 20 )))))))))); 
ttag *!; 
ttag +0 ////; 
ttag +1 ////; 
ttag +2 ////; 
ttag +3 ////; 
ttag +4 ////; 
ttag +5 ////; 
ttag +6 ////; 
ttag +7 ////; 
ttag +8 ////; 
ttag +9 ////; 
ttag +10 ////; 
ttag +11 ////; 
ttag +12 ////; 
ttag +13 ////; 
ttag +14 ////; 
ttag +15 ////; 
ttag +16 ////; 
ttag +17 ////; 
ttag +18 ////; 
ttag +19 ////; 
ttag +20 ////; 
ttag +21 ////; 
ttag +22 ////; 
ttag +23 ////; 
ttag +24 ////; 
ttag +25 ////; 
ttag +26 ////; 
ttag +27 ////; 
ttag +28 ////; 
ttag +29 ////; 
ttag +30 ////; 
ttag +31 ////; 
ttag +32 ////; 
ttag +33 ////; 
ttag +34 ////; 
ttag +35 ////; 
ttag +36 ////; 
ttag +37 ////; 
ttag +38 ////; 
ttag +39 ////; 
ttag +40 ////; 
ttag +41 ////; 
ttag +42 ////; 
ttag +43 ////; 
ttag +44 ////; 
ttag +45 ////; 
ttag +46 ////; 
ttag +47 ////; 
ttag +48 ////; 
ttag +49 100/100/100/100/100; 
ttag +50 100/100/96/98/98; 
ttag +51 65/40/47/65/52; 
ttag +52 58/42/30/38/33; 
ttag +53 12/[8]/?/?/?; 
ttag +54 76/71/71/75/66; 
ttag +55 43/26/25/36/28; 
ttag +56 12/[7]/?/?/?; 
ttag +57 99/99/98/99/97; 
ttag +58 58/44/40/54/38; 
ttag +59 8/[20]/?/?/?; 
ttag +60 7/[13]/?/?/?; 
ttag +61 10/[10]/?/?/?; 
ttag +62 14/[5]/?/?/?; 
ttag +63 43/31/24/34/24; 
ttag +64 92/90/89/93/86; 
ttag +65 16/[41]/?/?/?; 
ttag +66 85/83/69/83/68; 
ttag +67 76/69/52/70/59; 
ttag +68 100/100/100/99/100; 
ttag +69 24/[1]/?/14/4; 
ttag +70 49/34/27/49/35; 
ttag +71 48/33/22/38/32; 
ttag +72 98/98/95/98/95; 
ttag +73 99/99/97/100/98; 
ttag +74 42/31/28/27/30; 
ttag +75 87/85/74/88/76; 
ttag +76 28/0/?/4/?; 
ttag +77 90/88/78/88/77; 
ttag +78 96/94/84/95/88; 
ttag +79 27/5/?/?/?; 
ttag +80 67/56/34/57/40; 
ttag +81 50/29/14/29/17; 
ttag +82 89/86/77/86/70; 
ttag +83 86/82/76/89/76; 
ttag +84 74/68/54/70/52; 
ttag +85 88/86/82/87/81; 
ttag +86 65/62/45/56/46; 
ttag +87 89/87/68/87/67; 
ttag +88 88/85/77/90/80; 
ttag +89 57/48/53/52/36; 
ttag +90 73/62/39/60/48; 
ttag +91 99/99/92/98/96; 
ttag +92 71/67/62/68/61; 
ttag +93 4/[35]/?/?/?; 
ttag +94 15/[6]/?/?/?; 
