tread
'Tree with tags' 
(0 (1 ((2 3 )(4 5 11 12 13 21 (6 7 )(8 (9 10 ))(14 ((15 (16 17 ))(18 (19 20 ))))(22 (23 (24 25 )))(26 (27 (28 (((29 (30 31 ))(32 (33 34 )(35 (36 (37 (38 39 )))))(40 (41 (42 43 ))))(45 (44 46 47 )))))))))); 
ttag *!; 
ttag +49 ???; 
ttag +50 6; 
ttag +51 2; 
ttag +52 11; 
ttag +53 1; 
ttag +54 9; 
ttag +55 2; 
ttag +56 5; 
ttag +57 4; 
ttag +58 2; 
ttag +59 2; 
ttag +60 3; 
ttag +61 7; 
ttag +62 5; 
ttag +63 5; 
ttag +64 7; 
ttag +65 3; 
ttag +66 3; 
ttag +67 6; 
ttag +68 2; 
ttag +69 2; 
ttag +70 3; 
ttag +71 3; 
ttag +72 7; 
ttag +73 3; 
ttag +74 4; 
ttag +75 6; 
ttag +76 6; 
ttag +77 2; 
ttag +78 5; 
ttag +79 1; 
ttag +80 3; 
ttag +81 1; 
ttag +82 3; 
tread
'Tree with tags' 
(0 (1 ((2 3 )(4 (5 (((11 (6 7 ))(12 (13 (21 ((14 ((15 (16 17 ))(18 (19 20 ))))((22 (23 (24 25 )))(26 (27 (28 (((29 (30 31 ))((32 ((33 34 )(35 (36 (37 (38 39 ))))))(40 (41 (42 43 )))))(45 (47 (44 46 )))))))))))))(8 (9 10 )))))))); 
ttag *!; 
ttag +0 ////; 
ttag +1 ////; 
ttag +2 ////; 
ttag +3 ////; 
ttag +4 ////; 
ttag +5 ////; 
ttag +6 ////; 
ttag +7 ////; 
ttag +8 ////; 
ttag +9 ////; 
ttag +10 ////; 
ttag +11 ////; 
ttag +12 ////; 
ttag +13 ////; 
ttag +14 ////; 
ttag +15 ////; 
ttag +16 ////; 
ttag +17 ////; 
ttag +18 ////; 
ttag +19 ////; 
ttag +20 ////; 
ttag +21 ////; 
ttag +22 ////; 
ttag +23 ////; 
ttag +24 ////; 
ttag +25 ////; 
ttag +26 ////; 
ttag +27 ////; 
ttag +28 ////; 
ttag +29 ////; 
ttag +30 ////; 
ttag +31 ////; 
ttag +32 ////; 
ttag +33 ////; 
ttag +34 ////; 
ttag +35 ////; 
ttag +36 ////; 
ttag +37 ////; 
ttag +38 ////; 
ttag +39 ////; 
ttag +40 ////; 
ttag +41 ////; 
ttag +42 ////; 
ttag +43 ////; 
ttag +44 ////; 
ttag +45 ////; 
ttag +46 ////; 
ttag +47 ////; 
ttag +48 ////; 
ttag +49 100/100/100/100/100; 
ttag +50 98/97/94/99/96; 
ttag +51 71/59/53/63/53; 
ttag +52 100/100/100/100/98; 
ttag +53 11/[31]/?/?/?; 
ttag +54 72/69/70/65/69; 
ttag +55 26/[8]/?/?/?; 
ttag +56 6/[33]/?/?/?; 
ttag +57 32/[7]/8/10/?; 
ttag +58 99/99/99/100/100; 
ttag +59 78/66/54/68/55; 
ttag +60 27/[4]/?/4/?; 
ttag +61 24/[6]/?/2/?; 
ttag +62 84/79/66/74/64; 
ttag +63 42/18/13/20/7; 
ttag +64 49/24/24/31/17; 
ttag +65 88/86/74/88/67; 
ttag +66 70/65/52/61/50; 
ttag +67 73/58/46/63/48; 
ttag +68 90/88/74/88/75; 
ttag +69 100/100/99/100/100; 
ttag +70 94/92/83/94/88; 
ttag +71 49/24/29/23/22; 
ttag +72 96/95/86/96/91; 
ttag +73 100/100/100/99/100; 
ttag +74 80/76/68/78/63; 
ttag +75 70/61/50/60/46; 
ttag +76 92/90/80/91/80; 
ttag +77 86/83/68/79/72; 
ttag +78 37/0/?/9/?; 
ttag +79 72/68/54/71/61; 
ttag +80 86/83/78/84/81; 
ttag +81 98/98/96/98/93; 
ttag +82 15/[22]/?/?/?; 
ttag +83 85/78/72/86/72; 
ttag +84 27/[14]/?/?/?; 
ttag +85 93/91/88/94/91; 
ttag +86 98/98/97/98/96; 
ttag +87 98/98/92/99/91; 
ttag +88 69/55/53/66/56; 
ttag +89 93/92/86/93/86; 
ttag +90 27/[12]/?/?/?; 
ttag +91 79/66/65/75/63; 
ttag +92 22/0/?/?/?; 
ttag +93 37/28/22/27/21; 
ttag +94 62/49/42/55/50; 
