tread
'Tree with tags' 
(0 (1 (2 3 (4 (5 6 7 11 (8 (9 10 ))(21 (12 13 )(14 (18 (19 20 )))((15 (16 17 ))((22 (23 (24 25 )))(26 (27 ((28 ((((32 (35 (36 (37 (38 39 )))))(33 34 ))(40 (41 (42 43 ))))(44 (45 (46 47 )))))(29 (30 31 ))))))))))))); 
ttag *!; 
ttag +49 ???; 
ttag +50 4; 
ttag +51 2; 
ttag +52 1; 
ttag +53 8; 
ttag +54 2; 
ttag +55 2; 
ttag +56 2; 
ttag +57 3; 
ttag +58 2; 
ttag +59 3; 
ttag +60 1; 
ttag +61 7; 
ttag +62 8; 
ttag +63 4; 
ttag +64 4; 
ttag +65 13; 
ttag +66 7; 
ttag +67 7; 
ttag +68 3; 
ttag +69 1; 
ttag +70 7; 
ttag +71 1; 
ttag +72 6; 
ttag +73 1; 
ttag +74 2; 
ttag +75 1; 
ttag +76 5; 
ttag +77 1; 
ttag +78 1; 
ttag +79 4; 
ttag +80 4; 
ttag +81 1; 
ttag +82 3; 
ttag +83 4; 
ttag +84 10; 
ttag +85 2; 
ttag +86 1; 
ttag +87 1; 
tread
'Tree with tags' 
(0 (1 (2 (3 (4 (5 (((6 7 )(8 (9 10 )))(11 (((12 13 )((15 (16 17 ))((22 (23 (24 25 )))(26 (27 ((28 ((((32 (35 (36 (37 (38 39 )))))(33 34 ))(40 (41 (42 43 ))))(44 (45 (46 47 )))))(29 (30 31 ))))))))(21 (14 (18 (19 20 ))))))))))))); 
ttag *!; 
ttag +0 ////; 
ttag +1 ////; 
ttag +2 ////; 
ttag +3 ////; 
ttag +4 ////; 
ttag +5 ////; 
ttag +6 ////; 
ttag +7 ////; 
ttag +8 ////; 
ttag +9 ////; 
ttag +10 ////; 
ttag +11 ////; 
ttag +12 ////; 
ttag +13 ////; 
ttag +14 ////; 
ttag +15 ////; 
ttag +16 ////; 
ttag +17 ////; 
ttag +18 ////; 
ttag +19 ////; 
ttag +20 ////; 
ttag +21 ////; 
ttag +22 ////; 
ttag +23 ////; 
ttag +24 ////; 
ttag +25 ////; 
ttag +26 ////; 
ttag +27 ////; 
ttag +28 ////; 
ttag +29 ////; 
ttag +30 ////; 
ttag +31 ////; 
ttag +32 ////; 
ttag +33 ////; 
ttag +34 ////; 
ttag +35 ////; 
ttag +36 ////; 
ttag +37 ////; 
ttag +38 ////; 
ttag +39 ////; 
ttag +40 ////; 
ttag +41 ////; 
ttag +42 ////; 
ttag +43 ////; 
ttag +44 ////; 
ttag +45 ////; 
ttag +46 ////; 
ttag +47 ////; 
ttag +48 ////; 
ttag +49 100/100/100/100/100; 
ttag +50 92/90/79/91/85; 
ttag +51 34/[13]/?/?/?; 
ttag +52 76/71/54/74/56; 
ttag +53 58/55/38/56/36; 
ttag +54 12/[1]/?/1/?; 
ttag +55 5/[11]/?/?/?; 
ttag +56 19/2/6/10/4; 
ttag +57 100/100/98/99/98; 
ttag +58 76/64/55/62/51; 
ttag +59 38/25/20/27/12; 
ttag +60 56/50/38/48/38; 
ttag +61 14/2/?/?/?; 
ttag +62 69/66/47/71/48; 
ttag +63 55/43/32/50/30; 
ttag +64 2/[10]/?/?/?; 
ttag +65 73/69/61/67/59; 
ttag +66 36/24/14/33/11; 
ttag +67 64/51/49/50/50; 
ttag +68 94/93/86/96/86; 
ttag +69 100/100/100/100/99; 
ttag +70 82/77/74/87/72; 
ttag +71 71/60/45/62/41; 
ttag +72 100/100/100/100/98; 
ttag +73 97/95/93/98/92; 
ttag +74 98/98/93/97/95; 
ttag +75 81/77/59/74/58; 
ttag +76 18/[17]/?/?/?; 
ttag +77 98/98/95/98/92; 
ttag +78 42/7/6/7/6; 
ttag +79 98/98/96/99/97; 
ttag +80 30/12/6/14/9; 
ttag +81 58/52/40/58/41; 
ttag +82 27/7/7/15/13; 
ttag +83 80/78/54/79/56; 
ttag +84 60/50/36/45/33; 
ttag +85 40/28/14/28/16; 
ttag +86 55/42/27/44/28; 
ttag +87 66/54/36/52/35; 
ttag +88 40/23/12/26/10; 
ttag +89 75/67/56/68/53; 
ttag +90 94/91/86/95/84; 
ttag +91 100/100/100/100/99; 
ttag +92 80/75/70/71/69; 
ttag +93 37/7/3/13/7; 
ttag +94 36/6/2/6/0; 
