tread
'Tree with tags' 
(0 (1 ((2 3 )(4 5 6 7 (8 (9 10 ))(11 12 13 (14 21 (15 (16 17 ))(18 (19 20 ))(22 26 27 28 (23 (24 25 ))((29 (30 31 ))(32 (33 34 )(35 (36 (37 38 39 )))))(40 (41 (42 43 )))(45 (44 46 47 ))))))))); 
ttag *!; 
ttag +49 ???; 
ttag +50 4; 
ttag +51 1; 
ttag +52 4; 
ttag +53 4; 
ttag +54 3; 
ttag +55 4; 
ttag +56 2; 
ttag +57 6; 
ttag +58 2; 
ttag +59 2; 
ttag +60 6; 
ttag +61 6; 
ttag +62 4; 
ttag +63 3; 
ttag +64 1; 
ttag +65 2; 
ttag +66 5; 
ttag +67 6; 
ttag +68 2; 
ttag +69 3; 
ttag +70 5; 
ttag +71 5; 
ttag +72 8; 
ttag +73 1; 
ttag +74 4; 
ttag +75 2; 
ttag +76 1; 
tread
'Tree with tags' 
(0 (1 ((2 3 )(4 (7 (((5 6 )(8 (9 10 )))(11 (13 (12 (14 (21 (((15 (16 17 ))(18 (19 20 )))(27 (26 (28 ((((22 (23 (24 25 )))((29 (30 31 ))(32 ((33 34 )(35 (36 (37 (38 39 ))))))))(40 (41 (42 43 ))))(45 (46 (44 47 ))))))))))))))))))); 
ttag *!; 
ttag +0 ////; 
ttag +1 ////; 
ttag +2 ////; 
ttag +3 ////; 
ttag +4 ////; 
ttag +5 ////; 
ttag +6 ////; 
ttag +7 ////; 
ttag +8 ////; 
ttag +9 ////; 
ttag +10 ////; 
ttag +11 ////; 
ttag +12 ////; 
ttag +13 ////; 
ttag +14 ////; 
ttag +15 ////; 
ttag +16 ////; 
ttag +17 ////; 
ttag +18 ////; 
ttag +19 ////; 
ttag +20 ////; 
ttag +21 ////; 
ttag +22 ////; 
ttag +23 ////; 
ttag +24 ////; 
ttag +25 ////; 
ttag +26 ////; 
ttag +27 ////; 
ttag +28 ////; 
ttag +29 ////; 
ttag +30 ////; 
ttag +31 ////; 
ttag +32 ////; 
ttag +33 ////; 
ttag +34 ////; 
ttag +35 ////; 
ttag +36 ////; 
ttag +37 ////; 
ttag +38 ////; 
ttag +39 ////; 
ttag +40 ////; 
ttag +41 ////; 
ttag +42 ////; 
ttag +43 ////; 
ttag +44 ////; 
ttag +45 ////; 
ttag +46 ////; 
ttag +47 ////; 
ttag +48 ////; 
ttag +49 100/100/100/100/100; 
ttag +50 88/84/87/88/87; 
ttag +51 70/52/50/54/48; 
ttag +52 96/94/88/94/93; 
ttag +53 12/[11]/?/?/?; 
ttag +54 4/[28]/?/?/?; 
ttag +55 8/[25]/?/?/?; 
ttag +56 9/[10]/?/?/?; 
ttag +57 98/97/94/96/94; 
ttag +58 99/99/95/98/96; 
ttag +59 67/60/53/64/57; 
ttag +60 16/0/?/6/7; 
ttag +61 24/0/5/14/15; 
ttag +62 64/60/54/60/57; 
ttag +63 99/99/98/100/97; 
ttag +64 18/[8]/?/?/?; 
ttag +65 32/5/?/1/?; 
ttag +66 20/[6]/?/?/?; 
ttag +67 90/86/74/83/68; 
ttag +68 87/82/79/81/83; 
ttag +69 99/98/98/99/98; 
ttag +70 51/29/20/37/26; 
ttag +71 2/[43]/?/?/?; 
ttag +72 3/[42]/?/?/?; 
ttag +73 3/[42]/?/?/?; 
ttag +74 16/[30]/?/?/?; 
ttag +75 6/[39]/?/?/?; 
ttag +76 96/94/88/93/88; 
ttag +77 93/92/83/88/81; 
ttag +78 88/84/83/92/86; 
ttag +79 58/30/20/22/22; 
ttag +80 34/24/2/27/13; 
ttag +81 96/96/92/94/94; 
ttag +82 94/90/83/93/83; 
ttag +83 72/66/54/64/64; 
ttag +84 34/3/8/6/?; 
ttag +85 82/76/62/82/59; 
ttag +86 95/92/82/94/81; 
ttag +87 92/88/80/91/74; 
ttag +88 42/16/10/12/7; 
ttag +89 91/90/85/92/86; 
ttag +90 51/32/23/38/26; 
ttag +91 89/83/73/87/80; 
ttag +92 15/[22]/?/?/?; 
ttag +93 54/47/33/48/38; 
ttag +94 50/44/34/45/33; 
