tread
'Tree with tags' 
(0 (1 ((2 3 )((((5 (4 11 ))(6 7 ))(8 (9 10 )))(13 (12 ((14 ((15 (16 17 ))(18 (19 20 ))))(21 ((22 (23 (24 25 )))(26 (27 (28 (((29 (30 31 ))(41 (40 (42 43 ))))((32 ((33 34 )(35 (36 (37 (38 39 ))))))(44 45 (46 47 )))))))))))))))); 
ttag *!; 
ttag +49 ???; 
ttag +50 6; 
ttag +51 1; 
ttag +52 1; 
ttag +53 1; 
ttag +54 1; 
ttag +55 1; 
ttag +56 5; 
ttag +57 3; 
ttag +58 9; 
ttag +59 5; 
ttag +60 1; 
ttag +61 2; 
ttag +62 2; 
ttag +63 1; 
ttag +64 9; 
ttag +65 6; 
ttag +66 6; 
ttag +67 4; 
ttag +68 6; 
ttag +69 6; 
ttag +70 5; 
ttag +71 4; 
ttag +72 4; 
ttag +73 3; 
ttag +74 8; 
ttag +75 3; 
ttag +76 4; 
ttag +77 2; 
ttag +78 1; 
ttag +79 1; 
ttag +80 3; 
ttag +81 9; 
ttag +82 1; 
ttag +83 4; 
ttag +84 3; 
ttag +85 3; 
ttag +86 7; 
ttag +87 6; 
ttag +88 3; 
ttag +89 1; 
ttag +90 5; 
ttag +91 10; 
ttag +92 4; 
ttag +93 1; 
tread
'Tree with tags' 
(0 (1 ((2 3 )((((5 (4 11 ))(6 7 ))(8 (9 10 )))(13 (12 ((14 ((15 (16 17 ))(18 (19 20 ))))(21 ((22 (23 (24 25 )))(26 (27 (28 (((29 (30 31 ))(41 (40 (42 43 ))))((32 ((33 34 )(35 (36 (37 (38 39 ))))))(45 (44 (46 47 ))))))))))))))))); 
ttag *!; 
ttag +0 ////; 
ttag +1 ////; 
ttag +2 ////; 
ttag +3 ////; 
ttag +4 ////; 
ttag +5 ////; 
ttag +6 ////; 
ttag +7 ////; 
ttag +8 ////; 
ttag +9 ////; 
ttag +10 ////; 
ttag +11 ////; 
ttag +12 ////; 
ttag +13 ////; 
ttag +14 ////; 
ttag +15 ////; 
ttag +16 ////; 
ttag +17 ////; 
ttag +18 ////; 
ttag +19 ////; 
ttag +20 ////; 
ttag +21 ////; 
ttag +22 ////; 
ttag +23 ////; 
ttag +24 ////; 
ttag +25 ////; 
ttag +26 ////; 
ttag +27 ////; 
ttag +28 ////; 
ttag +29 ////; 
ttag +30 ////; 
ttag +31 ////; 
ttag +32 ////; 
ttag +33 ////; 
ttag +34 ////; 
ttag +35 ////; 
ttag +36 ////; 
ttag +37 ////; 
ttag +38 ////; 
ttag +39 ////; 
ttag +40 ////; 
ttag +41 ////; 
ttag +42 ////; 
ttag +43 ////; 
ttag +44 ////; 
ttag +45 ////; 
ttag +46 ////; 
ttag +47 ////; 
ttag +48 ////; 
ttag +49 100/100/100/100/100; 
ttag +50 94/92/90/95/90; 
ttag +51 67/54/50/60/50; 
ttag +52 23/[16]/?/?/?; 
ttag +53 22/[16]/?/?/?; 
ttag +54 12/[26]/?/?/?; 
ttag +55 12/[26]/?/?/?; 
ttag +56 89/87/75/88/75; 
ttag +57 79/76/68/82/78; 
ttag +58 98/98/96/99/98; 
ttag +59 92/89/80/92/85; 
ttag +60 42/36/19/41/28; 
ttag +61 34/24/13/33/17; 
ttag +62 58/46/41/45/34; 
ttag +63 37/16/1/16/8; 
ttag +64 100/100/98/99/98; 
ttag +65 95/94/85/95/87; 
ttag +66 99/98/99/99/97; 
ttag +67 91/90/77/90/79; 
ttag +68 100/100/99/99/98; 
ttag +69 83/79/61/85/72; 
ttag +70 90/86/80/88/80; 
ttag +71 82/75/56/78/66; 
ttag +72 93/92/88/96/86; 
ttag +73 88/82/80/80/81; 
ttag +74 93/90/78/90/78; 
ttag +75 59/41/34/47/35; 
ttag +76 75/72/69/74/60; 
ttag +77 68/52/48/49/54; 
ttag +78 44/33/20/23/18; 
ttag +79 45/33/24/28/19; 
ttag +80 80/74/74/79/63; 
ttag +81 98/98/96/99/96; 
ttag +82 63/58/49/56/48; 
ttag +83 90/88/72/85/73; 
ttag +84 77/72/65/80/72; 
ttag +85 78/73/60/78/69; 
ttag +86 96/94/89/94/90; 
ttag +87 97/97/93/96/96; 
ttag +88 79/76/68/88/78; 
ttag +89 41/20/15/23/12; 
ttag +90 82/79/62/84/59; 
ttag +91 100/100/100/100/100; 
ttag +92 25/9/4/10/0; 
ttag +93 92/90/79/91/83; 
ttag +94 38/26/16/27/16; 
