tread
'Tree with tags' 
(0 (1 (4 ((2 3 )(5 11 (6 7 )(10 (8 9 ))(12 13 14 (15 (16 17 ))(18 (19 20 ))(21 (22 (28 (23 (24 25 ))(26 27 )(29 ((30 31 )((32 ((33 34 )(35 (36 (39 (37 38 ))))))((40 41 (42 43 ))(45 (44 (46 47 )))))))))))))))); 
ttag *!; 
ttag +49 ???; 
ttag +50 8; 
ttag +51 1; 
ttag +52 4; 
ttag +53 1; 
ttag +54 1; 
ttag +55 1; 
ttag +56 12; 
ttag +57 1; 
ttag +58 5; 
ttag +59 2; 
ttag +60 6; 
ttag +61 4; 
ttag +62 2; 
ttag +63 3; 
ttag +64 7; 
ttag +65 1; 
ttag +66 6; 
ttag +67 3; 
ttag +68 3; 
ttag +69 7; 
ttag +70 1; 
ttag +71 11; 
ttag +72 1; 
ttag +73 4; 
ttag +74 2; 
ttag +75 2; 
ttag +76 4; 
ttag +77 1; 
ttag +78 3; 
ttag +79 7; 
ttag +80 3; 
ttag +81 3; 
ttag +82 2; 
ttag +83 1; 
ttag +84 1; 
tread
'Tree with tags' 
(0 (1 (4 ((2 3 )(((5 (10 (8 9 )))(11 ((12 13 )((14 ((15 (16 17 ))(18 (19 20 ))))(21 (22 ((23 (24 25 ))((28 (26 27 ))(29 ((30 31 )((32 ((33 34 )(35 (36 (39 (37 38 ))))))(((40 41 )(42 43 ))(45 (44 (46 47 )))))))))))))))(6 7 )))))); 
ttag *!; 
ttag +0 ////; 
ttag +1 ////; 
ttag +2 ////; 
ttag +3 ////; 
ttag +4 ////; 
ttag +5 ////; 
ttag +6 ////; 
ttag +7 ////; 
ttag +8 ////; 
ttag +9 ////; 
ttag +10 ////; 
ttag +11 ////; 
ttag +12 ////; 
ttag +13 ////; 
ttag +14 ////; 
ttag +15 ////; 
ttag +16 ////; 
ttag +17 ////; 
ttag +18 ////; 
ttag +19 ////; 
ttag +20 ////; 
ttag +21 ////; 
ttag +22 ////; 
ttag +23 ////; 
ttag +24 ////; 
ttag +25 ////; 
ttag +26 ////; 
ttag +27 ////; 
ttag +28 ////; 
ttag +29 ////; 
ttag +30 ////; 
ttag +31 ////; 
ttag +32 ////; 
ttag +33 ////; 
ttag +34 ////; 
ttag +35 ////; 
ttag +36 ////; 
ttag +37 ////; 
ttag +38 ////; 
ttag +39 ////; 
ttag +40 ////; 
ttag +41 ////; 
ttag +42 ////; 
ttag +43 ////; 
ttag +44 ////; 
ttag +45 ////; 
ttag +46 ////; 
ttag +47 ////; 
ttag +48 ////; 
ttag +49 100/100/100/100/100; 
ttag +50 100/100/98/100/99; 
ttag +51 55/45/32/36/30; 
ttag +52 78/72/60/72/55; 
ttag +53 7/[9]/?/?/?; 
ttag +54 8/[8]/?/?/?; 
ttag +55 32/15/14/23/7; 
ttag +56 48/42/38/46/35; 
ttag +57 42/8/2/12/7; 
ttag +58 100/100/100/99/100; 
ttag +59 28/12/16/20/9; 
ttag +60 12/[10]/?/?/?; 
ttag +61 59/54/39/56/37; 
ttag +62 13/[9]/?/?/?; 
ttag +63 20/[2]/?/0/?; 
ttag +64 98/98/94/98/95; 
ttag +65 28/[4]/?/?/6; 
ttag +66 72/60/54/67/63; 
ttag +67 100/100/98/99/97; 
ttag +68 99/99/98/99/99; 
ttag +69 66/62/46/62/40; 
ttag +70 74/70/56/68/52; 
ttag +71 98/96/89/97/92; 
ttag +72 57/31/26/31/20; 
ttag +73 99/99/97/100/97; 
ttag +74 86/84/76/80/70; 
ttag +75 18/[21]/?/?/?; 
ttag +76 45/15/18/8/9; 
ttag +77 81/77/65/82/70; 
ttag +78 100/100/98/100/100; 
ttag +79 28/[3]/?/4/?; 
ttag +80 100/100/100/100/99; 
ttag +81 39/7/?/12/1; 
ttag +82 79/73/58/78/56; 
ttag +83 70/61/41/66/48; 
ttag +84 77/73/57/79/75; 
ttag +85 90/88/73/93/85; 
ttag +86 53/45/41/44/38; 
ttag +87 83/81/71/88/67; 
ttag +88 26/0/2/4/?; 
ttag +89 98/97/89/98/94; 
ttag +90 75/68/45/64/57; 
ttag +91 89/86/75/83/85; 
ttag +92 66/60/37/64/44; 
ttag +93 67/60/52/61/56; 
ttag +94 44/28/27/39/33; 
