tread
'Tree with tags' 
(0 (1 (2 3 ((12 13 14 (11 (4 5 ((6 7 )(8 (9 10 )))))(21 ((22 (23 (24 25 )))(26 (27 (28 (44 45 46 47 ((29 (30 31 ))(32 35 36 (33 34 )(37 38 39 )))(40 (41 (42 43 ))))))))))((15 16 17 )(18 (19 20 ))))))); 
ttag *!; 
ttag +49 ???; 
ttag +50 2; 
ttag +51 1; 
ttag +52 1; 
ttag +53 1; 
ttag +54 7; 
ttag +55 2; 
ttag +56 4; 
ttag +57 7; 
ttag +58 1; 
ttag +59 4; 
ttag +60 2; 
ttag +61 3; 
ttag +62 5; 
ttag +63 1; 
ttag +64 2; 
ttag +65 3; 
ttag +66 5; 
ttag +67 9; 
ttag +68 4; 
ttag +69 4; 
ttag +70 6; 
ttag +71 5; 
ttag +72 1; 
ttag +73 3; 
ttag +74 5; 
ttag +75 9; 
ttag +76 3; 
ttag +77 7; 
ttag +78 10; 
ttag +79 4; 
ttag +80 3; 
tread
'Tree with tags' 
(0 (1 (2 (3 ((14 (((11 ((4 5 )((6 7 )(8 (9 10 )))))(12 13 ))(21 ((22 (23 (24 25 )))(26 (27 (28 (((29 (30 31 ))(32 ((35 (33 34 ))(36 (37 (38 39 ))))))((40 (41 (42 43 )))((44 45 )(46 47 )))))))))))((17 (15 16 ))(18 (19 20 )))))))); 
ttag *!; 
ttag +0 ////; 
ttag +1 ////; 
ttag +2 ////; 
ttag +3 ////; 
ttag +4 ////; 
ttag +5 ////; 
ttag +6 ////; 
ttag +7 ////; 
ttag +8 ////; 
ttag +9 ////; 
ttag +10 ////; 
ttag +11 ////; 
ttag +12 ////; 
ttag +13 ////; 
ttag +14 ////; 
ttag +15 ////; 
ttag +16 ////; 
ttag +17 ////; 
ttag +18 ////; 
ttag +19 ////; 
ttag +20 ////; 
ttag +21 ////; 
ttag +22 ////; 
ttag +23 ////; 
ttag +24 ////; 
ttag +25 ////; 
ttag +26 ////; 
ttag +27 ////; 
ttag +28 ////; 
ttag +29 ////; 
ttag +30 ////; 
ttag +31 ////; 
ttag +32 ////; 
ttag +33 ////; 
ttag +34 ////; 
ttag +35 ////; 
ttag +36 ////; 
ttag +37 ////; 
ttag +38 ////; 
ttag +39 ////; 
ttag +40 ////; 
ttag +41 ////; 
ttag +42 ////; 
ttag +43 ////; 
ttag +44 ////; 
ttag +45 ////; 
ttag +46 ////; 
ttag +47 ////; 
ttag +48 ////; 
ttag +49 100/100/100/100/100; 
ttag +50 55/30/36/49/42; 
ttag +51 15/[10]/?/?/?; 
ttag +52 26/5/6/?/5; 
ttag +53 42/32/32/30/28; 
ttag +54 34/16/15/25/6; 
ttag +55 5/[12]/?/?/?; 
ttag +56 2/[16]/?/?/?; 
ttag +57 14/[4]/?/0/?; 
ttag +58 97/96/88/96/88; 
ttag +59 72/66/54/63/50; 
ttag +60 95/94/88/94/91; 
ttag +61 99/99/98/100/97; 
ttag +62 55/35/33/40/33; 
ttag +63 14/[1]/?/2/1; 
ttag +64 50/22/21/16/19; 
ttag +65 83/72/69/72/71; 
ttag +66 75/71/62/76/56; 
ttag +67 98/98/95/96/92; 
ttag +68 100/100/98/98/99; 
ttag +69 39/26/14/20/16; 
ttag +70 68/49/38/40/42; 
ttag +71 74/65/47/53/45; 
ttag +72 98/98/96/99/98; 
ttag +73 100/100/100/100/100; 
ttag +74 92/91/83/92/84; 
ttag +75 91/90/81/90/81; 
ttag +76 95/95/87/95/87; 
ttag +77 96/93/89/94/88; 
ttag +78 42/18/6/21/6; 
ttag +79 90/88/77/90/77; 
ttag +80 98/96/96/99/96; 
ttag +81 99/98/97/100/97; 
ttag +82 79/71/62/74/61; 
ttag +83 36/10/0/10/8; 
ttag +84 24/[4]/?/?/?; 
ttag +85 34/5/0/?/?; 
ttag +86 97/96/96/99/96; 
ttag +87 16/[6]/4/1/1; 
ttag +88 98/98/97/99/98; 
ttag +89 34/10/1/5/?; 
ttag +90 82/73/61/78/72; 
ttag +91 94/92/91/94/87; 
ttag +92 15/0/?/?/4; 
ttag +93 26/13/6/12/11; 
ttag +94 47/19/16/18/13; 
