tread
'Tree with tags' 
(0 (1 ((2 3 )(4 5 11 (6 7 (8 (9 10 )))(14 21 (12 13 )(((18 ((15 (16 17 ))(19 20 )))(26 (27 (28 ((29 (30 31 ))(44 45 46 47 (32 ((33 34 )(35 (36 (37 (38 39 ))))))(40 (41 (42 43 )))))))))(22 (23 (24 25 ))))))))); 
ttag *!; 
ttag +49 ???; 
ttag +50 1; 
ttag +51 6; 
ttag +52 3; 
ttag +53 1; 
ttag +54 7; 
ttag +55 2; 
ttag +56 1; 
ttag +57 1; 
ttag +58 6; 
ttag +59 2; 
ttag +60 4; 
ttag +61 2; 
ttag +62 3; 
ttag +63 5; 
ttag +64 7; 
ttag +65 5; 
ttag +66 4; 
ttag +67 5; 
ttag +68 9; 
ttag +69 5; 
ttag +70 1; 
ttag +71 3; 
ttag +72 1; 
ttag +73 6; 
ttag +74 7; 
ttag +75 1; 
ttag +76 5; 
ttag +77 3; 
ttag +78 3; 
ttag +79 2; 
ttag +80 5; 
ttag +81 2; 
ttag +82 8; 
ttag +83 1; 
ttag +84 3; 
tread
'Tree with tags' 
(0 (1 ((2 3 )(4 (5 ((11 ((6 7 )(8 (9 10 ))))((21 (12 13 ))(14 (((18 ((15 (16 17 ))(19 20 )))(26 (27 (28 ((29 (30 31 ))((32 ((33 34 )(35 (36 (37 (38 39 ))))))((47 (46 (40 (41 (42 43 )))))(44 45 ))))))))(22 (23 (24 25 )))))))))))); 
ttag *!; 
ttag +0 ////; 
ttag +1 ////; 
ttag +2 ////; 
ttag +3 ////; 
ttag +4 ////; 
ttag +5 ////; 
ttag +6 ////; 
ttag +7 ////; 
ttag +8 ////; 
ttag +9 ////; 
ttag +10 ////; 
ttag +11 ////; 
ttag +12 ////; 
ttag +13 ////; 
ttag +14 ////; 
ttag +15 ////; 
ttag +16 ////; 
ttag +17 ////; 
ttag +18 ////; 
ttag +19 ////; 
ttag +20 ////; 
ttag +21 ////; 
ttag +22 ////; 
ttag +23 ////; 
ttag +24 ////; 
ttag +25 ////; 
ttag +26 ////; 
ttag +27 ////; 
ttag +28 ////; 
ttag +29 ////; 
ttag +30 ////; 
ttag +31 ////; 
ttag +32 ////; 
ttag +33 ////; 
ttag +34 ////; 
ttag +35 ////; 
ttag +36 ////; 
ttag +37 ////; 
ttag +38 ////; 
ttag +39 ////; 
ttag +40 ////; 
ttag +41 ////; 
ttag +42 ////; 
ttag +43 ////; 
ttag +44 ////; 
ttag +45 ////; 
ttag +46 ////; 
ttag +47 ////; 
ttag +48 ////; 
ttag +49 100/100/100/100/100; 
ttag +50 68/58/55/59/64; 
ttag +51 96/95/92/94/88; 
ttag +52 62/45/37/40/25; 
ttag +53 32/22/12/14/10; 
ttag +54 21/0/5/2/2; 
ttag +55 46/38/30/42/26; 
ttag +56 12/3/?/?/?; 
ttag +57 9/[2]/?/?/?; 
ttag +58 97/96/91/98/93; 
ttag +59 78/64/54/67/58; 
ttag +60 56/44/33/42/43; 
ttag +61 13/[4]/?/?/2; 
ttag +62 52/42/22/32/31; 
ttag +63 12/[13]/?/?/?; 
ttag +64 90/85/68/86/78; 
ttag +65 39/0/?/13/?; 
ttag +66 94/94/84/95/86; 
ttag +67 35/16/6/22/6; 
ttag +68 33/20/2/23/5; 
ttag +69 90/85/68/86/75; 
ttag +70 100/100/99/100/99; 
ttag +71 84/80/75/86/77; 
ttag +72 93/92/84/92/90; 
ttag +73 97/96/95/94/91; 
ttag +74 99/98/94/100/96; 
ttag +75 70/56/37/49/32; 
ttag +76 46/36/18/26/14; 
ttag +77 86/84/74/81/74; 
ttag +78 35/24/14/21/13; 
ttag +79 97/96/95/97/95; 
ttag +80 99/98/93/98/88; 
ttag +81 34/26/20/27/18; 
ttag +82 97/96/92/96/93; 
ttag +83 82/76/68/80/64; 
ttag +84 74/67/54/69/50; 
ttag +85 69/55/42/66/42; 
ttag +86 95/94/83/93/85; 
ttag +87 81/76/71/82/65; 
ttag +88 100/100/96/98/96; 
ttag +89 18/[8]/?/?/?; 
ttag +90 7/[19]/?/?/?; 
ttag +91 10/[12]/?/?/?; 
ttag +92 76/65/52/74/54; 
ttag +93 93/90/88/94/88; 
ttag +94 45/22/20/18/18; 
