tread
'Tree with tags' 
(0 (1 (((11 ((5 (4 (2 3 )))(6 7 )))(21 (12 13 )(14 ((15 (16 17 ))(18 (19 20 ))))((22 (23 (24 25 )))(26 (27 (28 ((29 (30 31 ))((32 (33 34 ))(35 (36 (37 (38 39 )))))(47 (44 ((40 (41 (42 43 )))(45 46 )))))))))))(8 (9 10 ))))); 
ttag *!; 
ttag +49 ???; 
ttag +50 9; 
ttag +51 2; 
ttag +52 2; 
ttag +53 1; 
ttag +54 2; 
ttag +55 2; 
ttag +56 3; 
ttag +57 4; 
ttag +58 8; 
ttag +59 2; 
ttag +60 1; 
ttag +61 1; 
ttag +62 1; 
ttag +63 3; 
ttag +64 3; 
ttag +65 6; 
ttag +66 5; 
ttag +67 5; 
ttag +68 4; 
ttag +69 2; 
ttag +70 12; 
ttag +71 2; 
ttag +72 1; 
ttag +73 1; 
ttag +74 2; 
ttag +75 5; 
ttag +76 2; 
ttag +77 4; 
ttag +78 1; 
ttag +79 8; 
ttag +80 2; 
ttag +81 2; 
ttag +82 3; 
ttag +83 4; 
ttag +84 2; 
ttag +85 5; 
ttag +86 1; 
ttag +87 1; 
ttag +88 1; 
ttag +89 3; 
ttag +90 9; 
ttag +91 1; 
tread
'Tree with tags' 
(0 (1 (((11 ((5 (4 (2 3 )))(6 7 )))((12 13 )((21 (14 ((15 (16 17 ))(18 (19 20 )))))((22 (23 (24 25 )))(26 (27 (28 (((29 (30 31 ))((32 (33 34 ))(35 (36 (37 (38 39 ))))))(47 (44 ((40 (41 (42 43 )))(45 46 ))))))))))))(8 (9 10 ))))); 
ttag *!; 
ttag +0 ////; 
ttag +1 ////; 
ttag +2 ////; 
ttag +3 ////; 
ttag +4 ////; 
ttag +5 ////; 
ttag +6 ////; 
ttag +7 ////; 
ttag +8 ////; 
ttag +9 ////; 
ttag +10 ////; 
ttag +11 ////; 
ttag +12 ////; 
ttag +13 ////; 
ttag +14 ////; 
ttag +15 ////; 
ttag +16 ////; 
ttag +17 ////; 
ttag +18 ////; 
ttag +19 ////; 
ttag +20 ////; 
ttag +21 ////; 
ttag +22 ////; 
ttag +23 ////; 
ttag +24 ////; 
ttag +25 ////; 
ttag +26 ////; 
ttag +27 ////; 
ttag +28 ////; 
ttag +29 ////; 
ttag +30 ////; 
ttag +31 ////; 
ttag +32 ////; 
ttag +33 ////; 
ttag +34 ////; 
ttag +35 ////; 
ttag +36 ////; 
ttag +37 ////; 
ttag +38 ////; 
ttag +39 ////; 
ttag +40 ////; 
ttag +41 ////; 
ttag +42 ////; 
ttag +43 ////; 
ttag +44 ////; 
ttag +45 ////; 
ttag +46 ////; 
ttag +47 ////; 
ttag +48 ////; 
ttag +49 100/100/100/100/100; 
ttag +50 98/97/98/96/98; 
ttag +51 30/3/?/2/1; 
ttag +52 12/[14]/?/?/?; 
ttag +53 7/[21]/?/?/?; 
ttag +54 35/8/4/9/3; 
ttag +55 38/11/5/12/1; 
ttag +56 70/62/52/65/49; 
ttag +57 90/89/90/89/86; 
ttag +58 99/99/99/99/98; 
ttag +59 80/72/67/73/69; 
ttag +60 52/45/41/49/40; 
ttag +61 31/18/10/27/15; 
ttag +62 40/21/22/26/23; 
ttag +63 21/2/5/?/?; 
ttag +64 18/12/4/14/10; 
ttag +65 88/86/83/90/80; 
ttag +66 58/56/46/57/43; 
ttag +67 94/91/82/96/86; 
ttag +68 92/87/89/97/85; 
ttag +69 98/98/96/99/99; 
ttag +70 88/86/78/90/78; 
ttag +71 55/49/34/48/29; 
ttag +72 100/100/100/100/99; 
ttag +73 70/56/37/61/57; 
ttag +74 48/37/18/38/21; 
ttag +75 38/23/18/30/18; 
ttag +76 57/46/33/45/32; 
ttag +77 97/97/95/96/93; 
ttag +78 2/[67]/?/?/?; 
ttag +79 62/51/46/50/35; 
ttag +80 88/85/74/81/70; 
ttag +81 49/42/37/45/35; 
ttag +82 94/94/85/93/92; 
ttag +83 64/51/46/62/40; 
ttag +84 67/62/40/66/45; 
ttag +85 67/62/44/70/47; 
ttag +86 84/78/65/83/68; 
ttag +87 68/54/52/68/61; 
ttag +88 88/86/69/89/74; 
ttag +89 25/10/1/15/4; 
ttag +90 24/9/4/15/5; 
ttag +91 55/35/32/47/24; 
ttag +92 77/72/60/78/60; 
ttag +93 100/100/99/100/100; 
ttag +94 45/40/32/40/26; 
