tread
'Tree with tags' 
(0 (1 ((2 3 )(4 ((5 ((14 (11 ((22 (23 (24 25 )))(((26 27 )(28 ((31 (29 30 ))(47 (46 (44 (45 (40 (41 (42 43 ))))))))))((32 (35 (33 34 )))(36 (37 (38 39 ))))))))((21 (12 13 ))((15 (16 17 ))(18 (19 20 ))))))(7 (6 (8 (9 10 ))))))))); 
ttag *!; 
ttag +49 ???; 
ttag +50 7; 
ttag +51 3; 
ttag +52 8; 
ttag +53 1; 
ttag +54 2; 
ttag +55 1; 
ttag +56 1; 
ttag +57 9; 
ttag +58 2; 
ttag +59 1; 
ttag +60 1; 
ttag +61 3; 
ttag +62 2; 
ttag +63 1; 
ttag +64 1; 
ttag +65 6; 
ttag +66 1; 
ttag +67 5; 
ttag +68 3; 
ttag +69 8; 
ttag +70 3; 
ttag +71 2; 
ttag +72 5; 
ttag +73 8; 
ttag +74 2; 
ttag +75 1; 
ttag +76 3; 
ttag +77 1; 
ttag +78 2; 
ttag +79 6; 
ttag +80 2; 
ttag +81 2; 
ttag +82 9; 
ttag +83 5; 
ttag +84 2; 
ttag +85 2; 
ttag +86 2; 
ttag +87 1; 
ttag +88 6; 
ttag +89 2; 
ttag +90 2; 
ttag +91 2; 
ttag +92 3; 
ttag +93 1; 
ttag +94 9; 
tread
'Tree with tags' 
(0 (1 ((2 3 )(4 ((5 ((14 (11 ((22 (23 (24 25 )))(((26 27 )(28 ((31 (29 30 ))(47 (46 (44 (45 (40 (41 (42 43 ))))))))))((32 (35 (33 34 )))(36 (37 (38 39 ))))))))((21 (12 13 ))((15 (16 17 ))(18 (19 20 ))))))(7 (6 (8 (9 10 ))))))))); 
ttag *!; 
ttag +0 ////; 
ttag +1 ////; 
ttag +2 ////; 
ttag +3 ////; 
ttag +4 ////; 
ttag +5 ////; 
ttag +6 ////; 
ttag +7 ////; 
ttag +8 ////; 
ttag +9 ////; 
ttag +10 ////; 
ttag +11 ////; 
ttag +12 ////; 
ttag +13 ////; 
ttag +14 ////; 
ttag +15 ////; 
ttag +16 ////; 
ttag +17 ////; 
ttag +18 ////; 
ttag +19 ////; 
ttag +20 ////; 
ttag +21 ////; 
ttag +22 ////; 
ttag +23 ////; 
ttag +24 ////; 
ttag +25 ////; 
ttag +26 ////; 
ttag +27 ////; 
ttag +28 ////; 
ttag +29 ////; 
ttag +30 ////; 
ttag +31 ////; 
ttag +32 ////; 
ttag +33 ////; 
ttag +34 ////; 
ttag +35 ////; 
ttag +36 ////; 
ttag +37 ////; 
ttag +38 ////; 
ttag +39 ////; 
ttag +40 ////; 
ttag +41 ////; 
ttag +42 ////; 
ttag +43 ////; 
ttag +44 ////; 
ttag +45 ////; 
ttag +46 ////; 
ttag +47 ////; 
ttag +48 ////; 
ttag +49 100/100/100/100/100; 
ttag +50 96/95/94/97/91; 
ttag +51 85/78/75/83/81; 
ttag +52 99/98/98/99/93; 
ttag +53 14/[11]/?/?/?; 
ttag +54 59/50/40/48/29; 
ttag +55 30/0/?/6/?; 
ttag +56 32/15/10/12/0; 
ttag +57 98/98/97/100/95; 
ttag +58 68/46/46/55/37; 
ttag +59 16/[24]/?/?/?; 
ttag +60 9/[31]/?/?/?; 
ttag +61 64/60/51/62/49; 
ttag +62 48/40/32/46/31; 
ttag +63 12/[14]/?/?/?; 
ttag +64 9/[18]/?/?/?; 
ttag +65 96/95/89/97/95; 
ttag +66 45/34/27/38/26; 
ttag +67 96/95/95/97/95; 
ttag +68 90/88/82/87/79; 
ttag +69 100/100/98/98/98; 
ttag +70 83/76/72/79/65; 
ttag +71 34/17/14/15/9; 
ttag +72 95/92/85/93/84; 
ttag +73 98/98/96/98/98; 
ttag +74 35/13/19/13/20; 
ttag +75 4/[25]/?/?/?; 
ttag +76 85/83/74/89/79; 
ttag +77 21/1/?/?/?; 
ttag +78 50/14/8/9/4; 
ttag +79 96/95/90/94/90; 
ttag +80 40/24/28/34/33; 
ttag +81 32/0/?/12/10; 
ttag +82 97/96/94/97/94; 
ttag +83 79/76/73/83/74; 
ttag +84 23/[9]/?/2/?; 
ttag +85 70/61/50/56/37; 
ttag +86 65/58/50/56/51; 
ttag +87 45/16/10/31/22; 
ttag +88 76/68/60/66/56; 
ttag +89 33/[19]/?/?/?; 
ttag +90 32/[20]/?/?/?; 
ttag +91 35/[17]/?/?/?; 
ttag +92 87/84/75/82/75; 
ttag +93 59/49/53/56/52; 
ttag +94 99/99/99/99/99; 
