tread
'Tree with tags' 
(0 (1 ((2 3 )((((((4 (5 (6 7 )))(11 (8 (9 10 ))))(14 (15 (16 17 ))))(12 13 ))(21 ((22 (23 (24 25 )))(26 (27 (28 ((29 (30 31 ))(33 34 (32 (35 (36 (37 (38 39 )))))(40 41 (42 43 ))(44 45 46 47 )))))))))(18 (19 20 )))))); 
ttag *!; 
ttag +49 ???; 
ttag +50 1; 
ttag +51 4; 
ttag +52 1; 
ttag +53 1; 
ttag +54 1; 
ttag +55 1; 
ttag +56 1; 
ttag +57 1; 
ttag +58 1; 
ttag +59 2; 
ttag +60 11; 
ttag +61 1; 
ttag +62 3; 
ttag +63 2; 
ttag +64 1; 
ttag +65 7; 
ttag +66 1; 
ttag +67 3; 
ttag +68 9; 
ttag +69 1; 
ttag +70 4; 
ttag +71 5; 
ttag +72 10; 
ttag +73 2; 
ttag +74 4; 
ttag +75 3; 
ttag +76 2; 
ttag +77 5; 
ttag +78 2; 
ttag +79 6; 
ttag +80 1; 
ttag +81 1; 
ttag +82 1; 
ttag +83 6; 
ttag +84 6; 
ttag +85 2; 
ttag +86 7; 
ttag +87 10; 
ttag +88 5; 
tread
'Tree with tags' 
(0 (1 ((2 3 )((((((4 (5 (6 7 )))(11 (8 (9 10 ))))(14 (15 (16 17 ))))(12 13 ))(21 ((22 (23 (24 25 )))(26 (27 (28 ((29 (30 31 ))(((34 (32 (35 (36 (37 (38 39 ))))))(33 (40 (41 (42 43 )))))(47 (45 (44 46 )))))))))))(18 (19 20 )))))); 
ttag *!; 
ttag +0 ////; 
ttag +1 ////; 
ttag +2 ////; 
ttag +3 ////; 
ttag +4 ////; 
ttag +5 ////; 
ttag +6 ////; 
ttag +7 ////; 
ttag +8 ////; 
ttag +9 ////; 
ttag +10 ////; 
ttag +11 ////; 
ttag +12 ////; 
ttag +13 ////; 
ttag +14 ////; 
ttag +15 ////; 
ttag +16 ////; 
ttag +17 ////; 
ttag +18 ////; 
ttag +19 ////; 
ttag +20 ////; 
ttag +21 ////; 
ttag +22 ////; 
ttag +23 ////; 
ttag +24 ////; 
ttag +25 ////; 
ttag +26 ////; 
ttag +27 ////; 
ttag +28 ////; 
ttag +29 ////; 
ttag +30 ////; 
ttag +31 ////; 
ttag +32 ////; 
ttag +33 ////; 
ttag +34 ////; 
ttag +35 ////; 
ttag +36 ////; 
ttag +37 ////; 
ttag +38 ////; 
ttag +39 ////; 
ttag +40 ////; 
ttag +41 ////; 
ttag +42 ////; 
ttag +43 ////; 
ttag +44 ////; 
ttag +45 ////; 
ttag +46 ////; 
ttag +47 ////; 
ttag +48 ////; 
ttag +49 100/100/100/100/100; 
ttag +50 75/67/66/64/66; 
ttag +51 92/89/80/89/77; 
ttag +52 21/11/3/6/7; 
ttag +53 30/15/0/14/6; 
ttag +54 2/[13]/?/?/?; 
ttag +55 2/[13]/?/?/?; 
ttag +56 13/[1]/?/?/?; 
ttag +57 67/58/52/58/50; 
ttag +58 7/[17]/?/?/?; 
ttag +59 73/70/67/73/67; 
ttag +60 100/100/100/100/100; 
ttag +61 36/21/20/24/21; 
ttag +62 84/78/65/82/69; 
ttag +63 68/62/58/72/59; 
ttag +64 28/12/8/16/1; 
ttag +65 93/91/81/93/80; 
ttag +66 29/7/?/11/?; 
ttag +67 88/85/77/87/72; 
ttag +68 100/100/100/99/100; 
ttag +69 17/1/1/6/?; 
ttag +70 76/73/70/76/61; 
ttag +71 73/64/63/76/56; 
ttag +72 99/98/99/100/99; 
ttag +73 62/46/41/50/44; 
ttag +74 70/68/56/67/53; 
ttag +75 58/38/26/44/20; 
ttag +76 54/38/31/44/34; 
ttag +77 99/98/98/100/98; 
ttag +78 79/76/71/82/66; 
ttag +79 100/100/98/99/99; 
ttag +80 42/19/11/18/11; 
ttag +81 44/24/27/28/32; 
ttag +82 12/[9]/?/?/?; 
ttag +83 52/36/31/39/30; 
ttag +84 7/[44]/?/?/?; 
ttag +85 70/64/53/53/52; 
ttag +86 97/96/92/96/97; 
ttag +87 98/96/93/96/95; 
ttag +88 70/65/64/67/57; 
ttag +89 99/99/94/98/94; 
ttag +90 68/53/46/53/42; 
ttag +91 100/100/100/100/100; 
ttag +92 12/[12]/?/?/?; 
ttag +93 40/16/12/21/20; 
ttag +94 98/98/90/98/94; 
