tread
'Tree with tags' 
(0 (1 ((2 3 )(4 (5 (6 7 11 (10 (8 9 ))(12 13 ((14 (17 (15 16 ))(18 (19 20 )))(21 ((22 (23 (24 25 )))(26 (27 (28 (44 45 46 47 (29 (30 31 ))(32 ((33 34 )(35 (36 (39 (37 38 ))))))(40 (41 (42 43 ))))))))))))))))); 
ttag *!; 
ttag +49 ???; 
ttag +50 2; 
ttag +51 5; 
ttag +52 8; 
ttag +53 1; 
ttag +54 2; 
ttag +55 2; 
ttag +56 9; 
ttag +57 1; 
ttag +58 2; 
ttag +59 1; 
ttag +60 1; 
ttag +61 1; 
ttag +62 3; 
ttag +63 13; 
ttag +64 1; 
ttag +65 4; 
ttag +66 2; 
ttag +67 1; 
ttag +68 4; 
ttag +69 4; 
ttag +70 1; 
ttag +71 2; 
ttag +72 4; 
ttag +73 4; 
ttag +74 3; 
ttag +75 3; 
ttag +76 7; 
ttag +77 1; 
ttag +78 4; 
ttag +79 4; 
ttag +80 1; 
ttag +81 6; 
ttag +82 4; 
ttag +83 2; 
ttag +84 3; 
tread
'Tree with tags' 
(0 (1 ((2 3 )(4 (5 (((6 7 )(11 (13 (12 (((14 (18 (19 20 )))(17 (15 16 )))(21 ((22 (23 (24 25 )))(26 (27 (28 (((29 (30 31 ))((40 (41 (42 43 )))((44 47 )(45 46 ))))(32 ((33 34 )(35 (36 (39 (37 38 )))))))))))))))))(10 (8 9 )))))))); 
ttag *!; 
ttag +0 ////; 
ttag +1 ////; 
ttag +2 ////; 
ttag +3 ////; 
ttag +4 ////; 
ttag +5 ////; 
ttag +6 ////; 
ttag +7 ////; 
ttag +8 ////; 
ttag +9 ////; 
ttag +10 ////; 
ttag +11 ////; 
ttag +12 ////; 
ttag +13 ////; 
ttag +14 ////; 
ttag +15 ////; 
ttag +16 ////; 
ttag +17 ////; 
ttag +18 ////; 
ttag +19 ////; 
ttag +20 ////; 
ttag +21 ////; 
ttag +22 ////; 
ttag +23 ////; 
ttag +24 ////; 
ttag +25 ////; 
ttag +26 ////; 
ttag +27 ////; 
ttag +28 ////; 
ttag +29 ////; 
ttag +30 ////; 
ttag +31 ////; 
ttag +32 ////; 
ttag +33 ////; 
ttag +34 ////; 
ttag +35 ////; 
ttag +36 ////; 
ttag +37 ////; 
ttag +38 ////; 
ttag +39 ////; 
ttag +40 ////; 
ttag +41 ////; 
ttag +42 ////; 
ttag +43 ////; 
ttag +44 ////; 
ttag +45 ////; 
ttag +46 ////; 
ttag +47 ////; 
ttag +48 ////; 
ttag +49 100/100/100/100/100; 
ttag +50 81/72/44/69/57; 
ttag +51 95/94/83/92/87; 
ttag +52 98/98/93/97/95; 
ttag +53 68/58/51/53/45; 
ttag +54 70/61/63/64/57; 
ttag +55 10/[28]/?/?/?; 
ttag +56 56/43/40/58/41; 
ttag +57 90/89/73/88/80; 
ttag +58 100/100/99/100/99; 
ttag +59 30/[8]/?/?/?; 
ttag +60 17/[12]/?/?/?; 
ttag +61 62/48/29/53/27; 
ttag +62 32/1/6/6/?; 
ttag +63 73/70/57/70/58; 
ttag +64 45/31/14/39/10; 
ttag +65 64/58/50/48/34; 
ttag +66 58/54/48/57/46; 
ttag +67 94/94/92/92/90; 
ttag +68 100/100/100/100/100; 
ttag +69 49/35/14/37/9; 
ttag +70 89/88/75/88/72; 
ttag +71 71/63/58/74/57; 
ttag +72 58/37/24/48/32; 
ttag +73 91/88/73/84/68; 
ttag +74 87/85/77/89/79; 
ttag +75 65/54/48/58/45; 
ttag +76 85/82/61/82/72; 
ttag +77 93/92/82/93/79; 
ttag +78 17/[16]/?/?/?; 
ttag +79 87/83/76/85/71; 
ttag +80 86/82/74/86/66; 
ttag +81 80/77/72/78/71; 
ttag +82 98/98/96/98/94; 
ttag +83 48/25/24/43/32; 
ttag +84 94/92/84/90/82; 
ttag +85 92/89/80/84/80; 
ttag +86 63/47/32/52/40; 
ttag +87 98/98/95/96/96; 
ttag +88 98/97/91/94/92; 
ttag +89 26/[8]/?/5/1; 
ttag +90 75/66/59/74/66; 
ttag +91 91/88/84/88/82; 
ttag +92 36/24/25/21/14; 
ttag +93 19/[14]/?/0/?; 
ttag +94 20/[14]/?/5/?; 
