tread
'Tree with tags' 
(0 (1 ((2 3 )(4 (5 (6 7 (8 9 10 )((11 (21 (14 ((15 (16 17 ))(18 (19 20 ))))))((12 13 )(22 ((23 (24 25 ))((26 27 )(28 ((29 (30 31 ))(((32 (36 (38 (37 39 ))))(35 (33 34 )))((40 (41 (42 43 )))(46 (44 45 47 ))))))))))))))))); 
ttag *!; 
ttag +49 ???; 
ttag +50 6; 
ttag +51 4; 
ttag +52 9; 
ttag +53 2; 
ttag +54 1; 
ttag +55 6; 
ttag +56 1; 
ttag +57 2; 
ttag +58 4; 
ttag +59 1; 
ttag +60 3; 
ttag +61 2; 
ttag +62 4; 
ttag +63 2; 
ttag +64 5; 
ttag +65 5; 
ttag +66 6; 
ttag +67 5; 
ttag +68 4; 
ttag +69 1; 
ttag +70 8; 
ttag +71 2; 
ttag +72 10; 
ttag +73 2; 
ttag +74 2; 
ttag +75 2; 
ttag +76 7; 
ttag +77 1; 
ttag +78 6; 
ttag +79 2; 
ttag +80 7; 
ttag +81 2; 
ttag +82 4; 
ttag +83 1; 
ttag +84 5; 
ttag +85 3; 
ttag +86 1; 
ttag +87 2; 
ttag +88 9; 
ttag +89 1; 
ttag +90 2; 
tread
'Tree with tags' 
(0 (1 ((2 3 )(4 (5 ((6 ((11 (21 (14 ((15 (16 17 ))(18 (19 20 ))))))((12 13 )(22 ((23 (24 25 ))((26 27 )(28 ((29 (30 31 ))(((32 (36 (38 (37 39 ))))(35 (33 34 )))((40 (41 (42 43 )))(46 (44 (45 47 )))))))))))))(7 (10 (8 9 ))))))))); 
ttag *!; 
ttag +0 ////; 
ttag +1 ////; 
ttag +2 ////; 
ttag +3 ////; 
ttag +4 ////; 
ttag +5 ////; 
ttag +6 ////; 
ttag +7 ////; 
ttag +8 ////; 
ttag +9 ////; 
ttag +10 ////; 
ttag +11 ////; 
ttag +12 ////; 
ttag +13 ////; 
ttag +14 ////; 
ttag +15 ////; 
ttag +16 ////; 
ttag +17 ////; 
ttag +18 ////; 
ttag +19 ////; 
ttag +20 ////; 
ttag +21 ////; 
ttag +22 ////; 
ttag +23 ////; 
ttag +24 ////; 
ttag +25 ////; 
ttag +26 ////; 
ttag +27 ////; 
ttag +28 ////; 
ttag +29 ////; 
ttag +30 ////; 
ttag +31 ////; 
ttag +32 ////; 
ttag +33 ////; 
ttag +34 ////; 
ttag +35 ////; 
ttag +36 ////; 
ttag +37 ////; 
ttag +38 ////; 
ttag +39 ////; 
ttag +40 ////; 
ttag +41 ////; 
ttag +42 ////; 
ttag +43 ////; 
ttag +44 ////; 
ttag +45 ////; 
ttag +46 ////; 
ttag +47 ////; 
ttag +48 ////; 
ttag +49 100/100/100/100/100; 
ttag +50 98/98/94/97/95; 
ttag +51 87/83/63/87/70; 
ttag +52 98/97/96/98/95; 
ttag +53 68/61/38/58/34; 
ttag +54 20/[20]/?/?/?; 
ttag +55 53/36/24/34/23; 
ttag +56 7/[34]/?/?/?; 
ttag +57 48/18/28/34/29; 
ttag +58 95/93/84/95/86; 
ttag +59 23/2/?/3/?; 
ttag +60 68/63/33/53/34; 
ttag +61 87/84/62/80/60; 
ttag +62 36/14/6/17/7; 
ttag +63 64/55/34/50/35; 
ttag +64 54/50/31/46/28; 
ttag +65 89/87/82/92/80; 
ttag +66 49/26/10/32/8; 
ttag +67 98/97/92/95/92; 
ttag +68 88/84/72/84/72; 
ttag +69 98/97/94/98/92; 
ttag +70 77/72/47/68/51; 
ttag +71 96/95/88/97/92; 
ttag +72 35/0/?/?/?; 
ttag +73 99/99/98/100/97; 
ttag +74 56/36/37/35/23; 
ttag +75 98/98/96/99/95; 
ttag +76 51/39/23/38/24; 
ttag +77 86/82/67/79/67; 
ttag +78 61/53/39/53/44; 
ttag +79 100/100/98/98/97; 
ttag +80 42/24/15/27/17; 
ttag +81 97/97/89/98/92; 
ttag +82 50/40/19/40/25; 
ttag +83 96/96/97/97/90; 
ttag +84 59/43/28/48/28; 
ttag +85 93/89/78/88/81; 
ttag +86 57/42/33/42/38; 
ttag +87 93/89/72/90/84; 
ttag +88 94/94/86/93/90; 
ttag +89 33/16/21/23/20; 
ttag +90 86/82/68/83/73; 
ttag +91 100/100/97/99/99; 
ttag +92 28/17/16/20/10; 
ttag +93 48/25/11/29/21; 
ttag +94 28/16/18/10/19; 
