tread
'Tree with tags' 
(0 (1 ((2 3 )(11 (4 (5 (((6 7 )(8 (9 10 )))((13 (12 (14 (21 ((22 (23 (24 25 )))(26 (27 (28 ((29 (30 31 ))(32 33 34 (35 (36 (38 (37 39 )))))(44 45 46 47 (40 (41 (42 43 )))))))))))))((15 (16 17 ))(18 (19 20 ))))))))))); 
ttag *!; 
ttag +49 ???; 
ttag +50 4; 
ttag +51 1; 
ttag +52 2; 
ttag +53 4; 
ttag +54 2; 
ttag +55 1; 
ttag +56 1; 
ttag +57 1; 
ttag +58 3; 
ttag +59 6; 
ttag +60 1; 
ttag +61 1; 
ttag +62 2; 
ttag +63 1; 
ttag +64 10; 
ttag +65 3; 
ttag +66 1; 
ttag +67 7; 
ttag +68 7; 
ttag +69 1; 
ttag +70 3; 
ttag +71 4; 
ttag +72 6; 
ttag +73 8; 
ttag +74 1; 
ttag +75 1; 
ttag +76 1; 
ttag +77 4; 
ttag +78 3; 
ttag +79 10; 
ttag +80 4; 
ttag +81 2; 
ttag +82 2; 
ttag +83 1; 
ttag +84 4; 
ttag +85 6; 
ttag +86 1; 
ttag +87 2; 
ttag +88 8; 
tread
'Tree with tags' 
(0 (1 ((2 3 )(11 (4 (5 (((6 7 )(8 (9 10 )))((13 (12 (14 (21 ((22 (23 (24 25 )))(26 (27 (28 ((29 (30 31 ))((32 ((33 34 )(35 (36 (38 (37 39 ))))))(47 (45 (44 (46 (40 (41 (42 43 )))))))))))))))))((15 (16 17 ))(18 (19 20 ))))))))))); 
ttag *!; 
ttag +0 ////; 
ttag +1 ////; 
ttag +2 ////; 
ttag +3 ////; 
ttag +4 ////; 
ttag +5 ////; 
ttag +6 ////; 
ttag +7 ////; 
ttag +8 ////; 
ttag +9 ////; 
ttag +10 ////; 
ttag +11 ////; 
ttag +12 ////; 
ttag +13 ////; 
ttag +14 ////; 
ttag +15 ////; 
ttag +16 ////; 
ttag +17 ////; 
ttag +18 ////; 
ttag +19 ////; 
ttag +20 ////; 
ttag +21 ////; 
ttag +22 ////; 
ttag +23 ////; 
ttag +24 ////; 
ttag +25 ////; 
ttag +26 ////; 
ttag +27 ////; 
ttag +28 ////; 
ttag +29 ////; 
ttag +30 ////; 
ttag +31 ////; 
ttag +32 ////; 
ttag +33 ////; 
ttag +34 ////; 
ttag +35 ////; 
ttag +36 ////; 
ttag +37 ////; 
ttag +38 ////; 
ttag +39 ////; 
ttag +40 ////; 
ttag +41 ////; 
ttag +42 ////; 
ttag +43 ////; 
ttag +44 ////; 
ttag +45 ////; 
ttag +46 ////; 
ttag +47 ////; 
ttag +48 ////; 
ttag +49 100/100/100/100/100; 
ttag +50 91/86/89/92/84; 
ttag +51 65/44/40/45/44; 
ttag +52 47/33/20/33/23; 
ttag +53 90/88/78/86/81; 
ttag +54 34/24/20/23/13; 
ttag +55 37/15/1/14/14; 
ttag +56 43/38/38/40/32; 
ttag +57 29/19/11/16/6; 
ttag +58 90/87/82/93/85; 
ttag +59 94/92/88/95/88; 
ttag +60 10/[37]/?/?/?; 
ttag +61 12/[34]/?/?/?; 
ttag +62 43/30/12/29/16; 
ttag +63 52/39/40/43/37; 
ttag +64 99/99/99/98/98; 
ttag +65 58/43/26/44/33; 
ttag +66 54/30/40/33/29; 
ttag +67 100/100/99/99/97; 
ttag +68 100/100/100/100/100; 
ttag +69 41/27/22/36/20; 
ttag +70 68/58/53/72/52; 
ttag +71 85/84/73/78/69; 
ttag +72 86/83/71/84/64; 
ttag +73 100/100/99/100/98; 
ttag +74 50/38/27/41/34; 
ttag +75 34/8/4/12/6; 
ttag +76 28/1/?/4/?; 
ttag +77 96/96/91/98/91; 
ttag +78 52/26/18/34/25; 
ttag +79 100/100/97/96/97; 
ttag +80 94/94/93/97/85; 
ttag +81 8/[18]/?/?/?; 
ttag +82 26/[30]/?/?/?; 
ttag +83 26/[30]/?/?/?; 
ttag +84 94/91/78/89/78; 
ttag +85 95/93/85/93/86; 
ttag +86 62/37/37/44/34; 
ttag +87 96/95/94/96/92; 
ttag +88 84/79/72/85/74; 
ttag +89 12/[3]/?/?/?; 
ttag +90 6/[10]/?/?/?; 
ttag +91 9/[8]/?/?/?; 
ttag +92 37/22/10/12/7; 
ttag +93 76/66/55/70/66; 
ttag +94 99/99/96/98/96; 
