tread
'Tree with tags' 
(0 (1 ((2 3 )(4 5 6 7 (8 9 10 )(11 (12 13 14 21 (15 (16 17 ))(18 (19 20 ))(22 (23 (24 25 )))(26 (27 (28 ((29 (30 31 ))(32 (35 ((33 34 )(36 (37 (38 39 ))))))(((40 41 )(42 43 ))(44 45 46 47 )))))))))))); 
ttag *!; 
ttag +49 ???; 
ttag +50 2; 
ttag +51 2; 
ttag +52 3; 
ttag +53 5; 
ttag +54 1; 
ttag +55 2; 
ttag +56 4; 
ttag +57 1; 
ttag +58 5; 
ttag +59 10; 
ttag +60 5; 
ttag +61 5; 
ttag +62 8; 
ttag +63 2; 
ttag +64 3; 
ttag +65 2; 
ttag +66 9; 
ttag +67 5; 
ttag +68 8; 
ttag +69 3; 
ttag +70 5; 
ttag +71 1; 
ttag +72 3; 
ttag +73 7; 
ttag +74 4; 
ttag +75 2; 
ttag +76 2; 
ttag +77 5; 
ttag +78 6; 
ttag +79 9; 
ttag +80 1; 
tread
'Tree with tags' 
(0 (1 ((2 3 )(6 ((4 (5 (11 ((12 13 )((14 (18 (19 20 )))(21 (((15 (16 17 ))(22 (23 (24 25 ))))(26 (27 (28 (((29 (30 31 ))(32 (35 ((33 34 )(36 (37 (38 39 )))))))(((40 41 )(42 43 ))(47 (46 (44 45 )))))))))))))))(7 (10 (8 9 )))))))); 
ttag *!; 
ttag +0 ////; 
ttag +1 ////; 
ttag +2 ////; 
ttag +3 ////; 
ttag +4 ////; 
ttag +5 ////; 
ttag +6 ////; 
ttag +7 ////; 
ttag +8 ////; 
ttag +9 ////; 
ttag +10 ////; 
ttag +11 ////; 
ttag +12 ////; 
ttag +13 ////; 
ttag +14 ////; 
ttag +15 ////; 
ttag +16 ////; 
ttag +17 ////; 
ttag +18 ////; 
ttag +19 ////; 
ttag +20 ////; 
ttag +21 ////; 
ttag +22 ////; 
ttag +23 ////; 
ttag +24 ////; 
ttag +25 ////; 
ttag +26 ////; 
ttag +27 ////; 
ttag +28 ////; 
ttag +29 ////; 
ttag +30 ////; 
ttag +31 ////; 
ttag +32 ////; 
ttag +33 ////; 
ttag +34 ////; 
ttag +35 ////; 
ttag +36 ////; 
ttag +37 ////; 
ttag +38 ////; 
ttag +39 ////; 
ttag +40 ////; 
ttag +41 ////; 
ttag +42 ////; 
ttag +43 ////; 
ttag +44 ////; 
ttag +45 ////; 
ttag +46 ////; 
ttag +47 ////; 
ttag +48 ////; 
ttag +49 100/100/100/100/100; 
ttag +50 78/69/66/68/64; 
ttag +51 82/78/69/79/64; 
ttag +52 14/[3]/?/5/?; 
ttag +53 27/[4]/?/?/0; 
ttag +54 86/80/72/84/70; 
ttag +55 6/[4]/?/0/?; 
ttag +56 15/[16]/?/?/?; 
ttag +57 9/[22]/?/?/?; 
ttag +58 98/98/98/99/95; 
ttag +59 48/43/34/40/26; 
ttag +60 44/28/36/30/34; 
ttag +61 64/57/50/62/45; 
ttag +62 32/6/?/?/6; 
ttag +63 56/51/42/46/38; 
ttag +64 97/96/91/94/92; 
ttag +65 30/[7]/?/?/?; 
ttag +66 27/0/?/?/1; 
ttag +67 21/[6]/?/?/?; 
ttag +68 69/49/50/50/42; 
ttag +69 99/99/96/97/96; 
ttag +70 100/100/100/100/100; 
ttag +71 98/98/97/100/96; 
ttag +72 96/96/85/92/88; 
ttag +73 100/100/98/99/98; 
ttag +74 75/60/47/66/54; 
ttag +75 78/69/54/70/64; 
ttag +76 72/63/49/69/61; 
ttag +77 99/99/98/98/97; 
ttag +78 32/[2]/?/?/?; 
ttag +79 89/84/74/87/79; 
ttag +80 98/98/94/98/95; 
ttag +81 82/78/62/71/67; 
ttag +82 96/95/86/97/90; 
ttag +83 59/54/35/46/36; 
ttag +84 78/73/49/62/53; 
ttag +85 97/97/88/96/88; 
ttag +86 97/97/88/94/86; 
ttag +87 82/75/58/73/58; 
ttag +88 83/79/71/80/68; 
ttag +89 98/98/89/93/87; 
ttag +90 94/92/76/94/79; 
ttag +91 100/100/100/100/99; 
ttag +92 20/[18]/?/?/?; 
ttag +93 13/[26]/?/?/?; 
ttag +94 43/24/12/13/16; 
