tread
'Tree with tags' 
(0 (1 ((2 3 )(4 (5 (((6 7 )(8 (9 10 )))(11 (12 (13 ((14 (21 ((22 (23 (24 25 )))(26 (27 (28 (29 (30 31 ))(32 ((33 34 )(35 (36 (37 (38 39 ))))))(40 (41 (42 43 )))(45 (44 46 47 ))))))))(18 ((15 (16 17 ))(19 20 ))))))))))))); 
ttag *!; 
ttag +49 ???; 
ttag +50 5; 
ttag +51 5; 
ttag +52 4; 
ttag +53 4; 
ttag +54 1; 
ttag +55 3; 
ttag +56 4; 
ttag +57 9; 
ttag +58 3; 
ttag +59 2; 
ttag +60 1; 
ttag +61 1; 
ttag +62 1; 
ttag +63 1; 
ttag +64 2; 
ttag +65 1; 
ttag +66 4; 
ttag +67 1; 
ttag +68 14; 
ttag +69 1; 
ttag +70 2; 
ttag +71 2; 
ttag +72 6; 
ttag +73 3; 
ttag +74 4; 
ttag +75 1; 
ttag +76 2; 
ttag +77 5; 
ttag +78 4; 
ttag +79 2; 
ttag +80 6; 
ttag +81 1; 
ttag +82 1; 
ttag +83 5; 
ttag +84 3; 
ttag +85 4; 
ttag +86 5; 
ttag +87 1; 
ttag +88 6; 
ttag +89 1; 
ttag +90 1; 
tread
'Tree with tags' 
(0 (1 ((2 3 )(4 (5 (((6 7 )(8 (9 10 )))(11 (12 (13 ((14 (21 ((22 (23 (24 25 )))(26 (27 ((((28 (40 (41 (42 43 ))))(45 (46 (44 47 ))))(29 (30 31 )))(32 ((33 34 )(35 (36 (37 (38 39 ))))))))))))(18 ((15 (16 17 ))(19 20 ))))))))))))); 
ttag *!; 
ttag +0 ////; 
ttag +1 ////; 
ttag +2 ////; 
ttag +3 ////; 
ttag +4 ////; 
ttag +5 ////; 
ttag +6 ////; 
ttag +7 ////; 
ttag +8 ////; 
ttag +9 ////; 
ttag +10 ////; 
ttag +11 ////; 
ttag +12 ////; 
ttag +13 ////; 
ttag +14 ////; 
ttag +15 ////; 
ttag +16 ////; 
ttag +17 ////; 
ttag +18 ////; 
ttag +19 ////; 
ttag +20 ////; 
ttag +21 ////; 
ttag +22 ////; 
ttag +23 ////; 
ttag +24 ////; 
ttag +25 ////; 
ttag +26 ////; 
ttag +27 ////; 
ttag +28 ////; 
ttag +29 ////; 
ttag +30 ////; 
ttag +31 ////; 
ttag +32 ////; 
ttag +33 ////; 
ttag +34 ////; 
ttag +35 ////; 
ttag +36 ////; 
ttag +37 ////; 
ttag +38 ////; 
ttag +39 ////; 
ttag +40 ////; 
ttag +41 ////; 
ttag +42 ////; 
ttag +43 ////; 
ttag +44 ////; 
ttag +45 ////; 
ttag +46 ////; 
ttag +47 ////; 
ttag +48 ////; 
ttag +49 100/100/100/100/100; 
ttag +50 91/87/79/89/78; 
ttag +51 98/98/94/98/97; 
ttag +52 96/95/89/93/89; 
ttag +53 89/86/72/88/78; 
ttag +54 45/32/19/40/40; 
ttag +55 77/68/59/75/60; 
ttag +56 87/84/70/85/73; 
ttag +57 100/100/100/100/97; 
ttag +58 92/90/82/89/82; 
ttag +59 81/78/66/76/58; 
ttag +60 68/61/54/66/56; 
ttag +61 16/[4]/?/?/?; 
ttag +62 9/[30]/?/?/?; 
ttag +63 25/13/8/17/10; 
ttag +64 63/44/43/56/42; 
ttag +65 30/16/10/20/13; 
ttag +66 79/75/57/78/57; 
ttag +67 69/61/56/59/52; 
ttag +68 100/100/100/100/100; 
ttag +69 8/[30]/?/?/?; 
ttag +70 77/68/65/70/55; 
ttag +71 52/37/18/39/24; 
ttag +72 99/99/95/100/95; 
ttag +73 99/99/99/97/97; 
ttag +74 89/85/71/82/74; 
ttag +75 31/[10]/?/?/?; 
ttag +76 7/[29]/?/?/?; 
ttag +77 16/[20]/?/?/?; 
ttag +78 15/[21]/?/?/?; 
ttag +79 77/71/46/64/50; 
ttag +80 99/99/94/98/94; 
ttag +81 93/90/87/94/88; 
ttag +82 67/64/48/64/46; 
ttag +83 93/91/86/96/84; 
ttag +84 48/36/33/46/32; 
ttag +85 49/36/31/33/22; 
ttag +86 94/93/81/94/83; 
ttag +87 92/90/80/89/85; 
ttag +88 83/76/60/82/76; 
ttag +89 93/92/82/92/78; 
ttag +90 69/57/39/53/36; 
ttag +91 97/97/95/99/95; 
ttag +92 4/[10]/?/?/?; 
ttag +93 40/31/28/29/28; 
ttag +94 56/50/45/51/48; 
