tread
'Tree with tags' 
(0 (1 ((2 3 )(4 5 (6 7 )(8 (9 10 ))(11 12 13 21 (14 ((15 (16 17 ))(18 (19 20 ))))(22 (23 (24 25 )))(26 (27 (28 ((29 (30 31 ))(32 (33 34 )(35 (36 (37 38 39 ))))(40 41 42 43 )(44 45 46 47 )))))))))); 
ttag *!; 
ttag +49 ???; 
ttag +50 3; 
ttag +51 2; 
ttag +52 6; 
ttag +53 2; 
ttag +54 9; 
ttag +55 1; 
ttag +56 1; 
ttag +57 1; 
ttag +58 7; 
ttag +59 3; 
ttag +60 5; 
ttag +61 5; 
ttag +62 11; 
ttag +63 6; 
ttag +64 3; 
ttag +65 9; 
ttag +66 6; 
ttag +67 6; 
ttag +68 3; 
ttag +69 6; 
ttag +70 1; 
ttag +71 3; 
ttag +72 5; 
ttag +73 6; 
ttag +74 1; 
ttag +75 5; 
ttag +76 9; 
ttag +77 6; 
ttag +78 3; 
tread
'Tree with tags' 
(0 (1 ((2 3 )(4 (5 (((6 7 )(8 (9 10 )))((11 12 )(13 ((14 ((15 (16 17 ))(18 (19 20 ))))(21 ((22 (23 (24 25 )))(26 (27 (28 (((29 (30 31 ))(((32 (33 34 ))(35 (36 (38 (37 39 )))))(41 (40 (42 43 )))))(47 (45 (44 46 )))))))))))))))))); 
ttag *!; 
ttag +0 ////; 
ttag +1 ////; 
ttag +2 ////; 
ttag +3 ////; 
ttag +4 ////; 
ttag +5 ////; 
ttag +6 ////; 
ttag +7 ////; 
ttag +8 ////; 
ttag +9 ////; 
ttag +10 ////; 
ttag +11 ////; 
ttag +12 ////; 
ttag +13 ////; 
ttag +14 ////; 
ttag +15 ////; 
ttag +16 ////; 
ttag +17 ////; 
ttag +18 ////; 
ttag +19 ////; 
ttag +20 ////; 
ttag +21 ////; 
ttag +22 ////; 
ttag +23 ////; 
ttag +24 ////; 
ttag +25 ////; 
ttag +26 ////; 
ttag +27 ////; 
ttag +28 ////; 
ttag +29 ////; 
ttag +30 ////; 
ttag +31 ////; 
ttag +32 ////; 
ttag +33 ////; 
ttag +34 ////; 
ttag +35 ////; 
ttag +36 ////; 
ttag +37 ////; 
ttag +38 ////; 
ttag +39 ////; 
ttag +40 ////; 
ttag +41 ////; 
ttag +42 ////; 
ttag +43 ////; 
ttag +44 ////; 
ttag +45 ////; 
ttag +46 ////; 
ttag +47 ////; 
ttag +48 ////; 
ttag +49 100/100/100/100/100; 
ttag +50 91/86/74/86/58; 
ttag +51 78/70/63/73/49; 
ttag +52 98/97/91/97/90; 
ttag +53 45/34/26/35/27; 
ttag +54 80/74/67/77/68; 
ttag +55 17/2/3/1/?; 
ttag +56 27/19/19/26/22; 
ttag +57 99/99/100/100/98; 
ttag +58 64/46/47/50/42; 
ttag +59 17/9/13/8/12; 
ttag +60 21/6/9/7/6; 
ttag +61 5/[9]/?/?/?; 
ttag +62 33/22/13/17/13; 
ttag +63 18/4/4/6/3; 
ttag +64 98/97/92/97/89; 
ttag +65 68/63/46/62/46; 
ttag +66 94/92/86/96/89; 
ttag +67 95/94/86/92/86; 
ttag +68 100/100/100/99/100; 
ttag +69 32/6/8/10/11; 
ttag +70 97/96/90/97/93; 
ttag +71 38/4/10/5/12; 
ttag +72 90/85/75/86/72; 
ttag +73 100/100/98/100/98; 
ttag +74 98/98/93/98/90; 
ttag +75 93/89/79/89/74; 
ttag +76 88/86/75/86/73; 
ttag +77 98/97/96/99/96; 
ttag +78 39/[7]/?/?/?; 
ttag +79 78/76/60/75/60; 
ttag +80 89/82/74/84/80; 
ttag +81 44/29/20/18/18; 
ttag +82 96/94/92/94/91; 
ttag +83 37/[8]/?/?/?; 
ttag +84 97/96/91/97/94; 
ttag +85 54/38/31/48/44; 
ttag +86 96/95/85/98/91; 
ttag +87 36/7/2/?/?; 
ttag +88 99/99/99/100/99; 
ttag +89 41/17/16/17/13; 
ttag +90 97/96/94/98/93; 
ttag +91 60/46/38/44/37; 
ttag +92 2/[38]/?/?/?; 
ttag +93 21/[11]/?/?/?; 
ttag +94 90/88/74/89/74; 
