tread
'Tree with tags' 
(0 (1 (2 3 )(4 (5 (((6 7 )(8 (9 10 )))(11 ((14 (12 13 (15 (16 17 ))))(18 (19 20 ))(21 (26 27 (28 (22 (23 (24 25 ))))(44 45 46 47 (31 (29 30 ))(32 35 (33 34 )(36 (37 38 39 )))(40 41 (42 43 )))))))))))); 
ttag *!; 
ttag +49 ???; 
ttag +50 4; 
ttag +51 2; 
ttag +52 4; 
ttag +53 5; 
ttag +54 1; 
ttag +55 2; 
ttag +56 11; 
ttag +57 5; 
ttag +58 3; 
ttag +59 1; 
ttag +60 1; 
ttag +61 1; 
ttag +62 4; 
ttag +63 5; 
ttag +64 7; 
ttag +65 9; 
ttag +66 3; 
ttag +67 3; 
ttag +68 1; 
ttag +69 3; 
ttag +70 5; 
ttag +71 6; 
ttag +72 2; 
ttag +73 3; 
ttag +74 4; 
ttag +75 8; 
ttag +76 4; 
ttag +77 2; 
ttag +78 5; 
ttag +79 6; 
ttag +80 7; 
tread
'Tree with tags' 
(0 ((1 (2 3 ))(4 (5 (((6 7 )(8 (9 10 )))(11 (((14 ((12 13 )(15 (16 17 ))))(18 (19 20 )))(21 (26 (27 ((28 (22 (23 (24 25 ))))((31 (29 30 ))(46 (44 (45 (((32 (35 (36 (37 (38 39 )))))(33 34 ))(47 ((40 41 )(42 43 ))))))))))))))))))); 
ttag *!; 
ttag +0 ////; 
ttag +1 ////; 
ttag +2 ////; 
ttag +3 ////; 
ttag +4 ////; 
ttag +5 ////; 
ttag +6 ////; 
ttag +7 ////; 
ttag +8 ////; 
ttag +9 ////; 
ttag +10 ////; 
ttag +11 ////; 
ttag +12 ////; 
ttag +13 ////; 
ttag +14 ////; 
ttag +15 ////; 
ttag +16 ////; 
ttag +17 ////; 
ttag +18 ////; 
ttag +19 ////; 
ttag +20 ////; 
ttag +21 ////; 
ttag +22 ////; 
ttag +23 ////; 
ttag +24 ////; 
ttag +25 ////; 
ttag +26 ////; 
ttag +27 ////; 
ttag +28 ////; 
ttag +29 ////; 
ttag +30 ////; 
ttag +31 ////; 
ttag +32 ////; 
ttag +33 ////; 
ttag +34 ////; 
ttag +35 ////; 
ttag +36 ////; 
ttag +37 ////; 
ttag +38 ////; 
ttag +39 ////; 
ttag +40 ////; 
ttag +41 ////; 
ttag +42 ////; 
ttag +43 ////; 
ttag +44 ////; 
ttag +45 ////; 
ttag +46 ////; 
ttag +47 ////; 
ttag +48 ////; 
ttag +49 40/[4]/?/?/?; 
ttag +50 100/100/100/100/100; 
ttag +51 99/99/94/98/93; 
ttag +52 79/72/64/76/70; 
ttag +53 82/78/68/81/68; 
ttag +54 99/99/98/98/97; 
ttag +55 39/23/22/27/24; 
ttag +56 73/69/56/70/56; 
ttag +57 100/100/98/100/100; 
ttag +58 99/99/94/100/97; 
ttag +59 66/60/44/66/36; 
ttag +60 38/32/25/34/30; 
ttag +61 18/1/5/?/?; 
ttag +62 8/[8]/?/?/?; 
ttag +63 4/[11]/?/?/?; 
ttag +64 44/40/27/44/26; 
ttag +65 82/79/80/84/76; 
ttag +66 96/95/95/97/92; 
ttag +67 97/96/94/97/91; 
ttag +68 100/100/100/100/100; 
ttag +69 23/7/6/16/15; 
ttag +70 54/19/18/29/26; 
ttag +71 13/[31]/?/?/?; 
ttag +72 9/[35]/?/?/?; 
ttag +73 10/[34]/?/?/?; 
ttag +74 59/43/44/51/44; 
ttag +75 98/98/98/98/98; 
ttag +76 92/88/90/88/86; 
ttag +77 91/88/82/90/82; 
ttag +78 78/68/63/80/65; 
ttag +79 72/68/55/68/68; 
ttag +80 18/[12]/?/?/?; 
ttag +81 98/98/96/98/95; 
ttag +82 13/1/?/?/?; 
ttag +83 10/[2]/?/?/?; 
ttag +84 24/10/8/10/12; 
ttag +85 40/37/27/34/31; 
ttag +86 93/88/86/94/86; 
ttag +87 37/10/?/4/11; 
ttag +88 60/43/32/50/39; 
ttag +89 97/97/92/97/95; 
ttag +90 27/[22]/?/?/?; 
ttag +91 19/[25]/?/?/?; 
ttag +92 97/97/97/99/93; 
ttag +93 34/20/11/13/23; 
ttag +94 97/95/88/96/92; 
