tread
'Tree with tags' 
(0 (1 ((2 3 )(4 5 6 7 14 (8 9 10 )((11 ((15 (16 17 ))(18 (19 20 ))))(12 13 ))(21 ((22 (23 (24 25 )))(26 (27 (28 (((29 (30 31 ))(32 (35 (33 34 )(36 (37 (38 39 ))))))((46 (40 (41 (42 43 ))))(47 (44 45 ))))))))))))); 
ttag *!; 
ttag +49 ???; 
ttag +50 2; 
ttag +51 1; 
ttag +52 1; 
ttag +53 5; 
ttag +54 1; 
ttag +55 1; 
ttag +56 1; 
ttag +57 4; 
ttag +58 3; 
ttag +59 1; 
ttag +60 6; 
ttag +61 8; 
ttag +62 4; 
ttag +63 2; 
ttag +64 4; 
ttag +65 2; 
ttag +66 4; 
ttag +67 3; 
ttag +68 4; 
ttag +69 5; 
ttag +70 5; 
ttag +71 1; 
ttag +72 2; 
ttag +73 1; 
ttag +74 8; 
ttag +75 6; 
ttag +76 1; 
ttag +77 2; 
ttag +78 5; 
ttag +79 1; 
ttag +80 3; 
ttag +81 3; 
ttag +82 1; 
ttag +83 1; 
ttag +84 7; 
ttag +85 1; 
ttag +86 2; 
tread
'Tree with tags' 
(0 (1 ((2 3 )(5 (4 (((7 (6 (8 (9 10 ))))(14 ((11 ((15 (16 17 ))(18 (19 20 ))))(12 13 ))))(21 ((22 (23 (24 25 )))(26 (27 (28 (((29 (30 31 ))(32 ((33 34 )(35 (36 (37 (38 39 )))))))((46 (40 (41 (42 43 ))))(47 (44 45 ))))))))))))))); 
ttag *!; 
ttag +0 ////; 
ttag +1 ////; 
ttag +2 ////; 
ttag +3 ////; 
ttag +4 ////; 
ttag +5 ////; 
ttag +6 ////; 
ttag +7 ////; 
ttag +8 ////; 
ttag +9 ////; 
ttag +10 ////; 
ttag +11 ////; 
ttag +12 ////; 
ttag +13 ////; 
ttag +14 ////; 
ttag +15 ////; 
ttag +16 ////; 
ttag +17 ////; 
ttag +18 ////; 
ttag +19 ////; 
ttag +20 ////; 
ttag +21 ////; 
ttag +22 ////; 
ttag +23 ////; 
ttag +24 ////; 
ttag +25 ////; 
ttag +26 ////; 
ttag +27 ////; 
ttag +28 ////; 
ttag +29 ////; 
ttag +30 ////; 
ttag +31 ////; 
ttag +32 ////; 
ttag +33 ////; 
ttag +34 ////; 
ttag +35 ////; 
ttag +36 ////; 
ttag +37 ////; 
ttag +38 ////; 
ttag +39 ////; 
ttag +40 ////; 
ttag +41 ////; 
ttag +42 ////; 
ttag +43 ////; 
ttag +44 ////; 
ttag +45 ////; 
ttag +46 ////; 
ttag +47 ////; 
ttag +48 ////; 
ttag +49 100/100/100/100/100; 
ttag +50 92/91/89/92/94; 
ttag +51 57/34/28/44/23; 
ttag +52 26/[4]/3/?/?; 
ttag +53 90/86/82/81/74; 
ttag +54 8/[23]/?/?/?; 
ttag +55 11/[20]/?/?/?; 
ttag +56 14/[16]/?/?/?; 
ttag +57 16/[14]/?/?/?; 
ttag +58 96/94/96/98/96; 
ttag +59 63/42/42/27/32; 
ttag +60 16/0/?/3/4; 
ttag +61 23/10/1/9/2; 
ttag +62 6/[6]/?/?/?; 
ttag +63 50/36/24/36/34; 
ttag +64 77/65/62/73/65; 
ttag +65 69/64/56/61/54; 
ttag +66 72/68/63/61/48; 
ttag +67 98/98/98/99/96; 
ttag +68 100/100/99/100/99; 
ttag +69 76/72/64/80/62; 
ttag +70 62/47/48/57/40; 
ttag +71 83/81/76/83/68; 
ttag +72 72/65/55/67/59; 
ttag +73 95/93/86/88/86; 
ttag +74 74/68/56/74/55; 
ttag +75 71/56/36/64/44; 
ttag +76 86/82/70/84/64; 
ttag +77 92/90/81/92/82; 
ttag +78 24/4/?/8/?; 
ttag +79 48/29/25/34/23; 
ttag +80 72/61/50/68/62; 
ttag +81 98/98/94/97/96; 
ttag +82 98/98/95/99/97; 
ttag +83 59/47/36/49/43; 
ttag +84 58/34/32/20/16; 
ttag +85 89/88/84/89/83; 
ttag +86 96/95/85/96/91; 
ttag +87 61/46/36/55/41; 
ttag +88 81/74/55/78/69; 
ttag +89 61/53/34/56/33; 
ttag +90 30/10/3/12/7; 
ttag +91 34/16/15/20/14; 
ttag +92 99/98/96/100/97; 
ttag +93 41/33/32/45/35; 
ttag +94 24/16/15/28/16; 
