tread
'Tree with tags' 
(0 (1 ((2 3 )(4 (5 (((6 7 )(10 (8 9 )))(13 (12 (11 14 )(21 ((15 (16 17 ))(18 (19 20 )))(22 (23 (24 25 )))(26 (27 (28 (29 (30 31 )((32 33 34 35 (36 (39 (37 38 ))))((40 (41 (42 43 )))((44 45 )(46 47 ))))))))))))))))); 
ttag *!; 
ttag +49 ???; 
ttag +50 5; 
ttag +51 4; 
ttag +52 4; 
ttag +53 3; 
ttag +54 2; 
ttag +55 1; 
ttag +56 1; 
ttag +57 1; 
ttag +58 6; 
ttag +59 2; 
ttag +60 1; 
ttag +61 1; 
ttag +62 6; 
ttag +63 4; 
ttag +64 3; 
ttag +65 7; 
ttag +66 5; 
ttag +67 8; 
ttag +68 5; 
ttag +69 8; 
ttag +70 6; 
ttag +71 3; 
ttag +72 2; 
ttag +73 2; 
ttag +74 4; 
ttag +75 5; 
ttag +76 3; 
ttag +77 3; 
ttag +78 3; 
ttag +79 2; 
ttag +80 10; 
ttag +81 4; 
ttag +82 3; 
ttag +83 1; 
ttag +84 1; 
ttag +85 1; 
ttag +86 3; 
ttag +87 1; 
tread
'Tree with tags' 
(0 (1 ((2 3 )(4 (5 (((6 7 )(10 (8 9 )))(13 (12 ((11 14 )(21 ((((15 (16 17 ))(18 (19 20 )))(22 (23 (24 25 ))))(26 (27 (28 (29 ((30 31 )(((35 (32 (33 34 )))(36 (39 (37 38 ))))((40 (41 (42 43 )))((44 45 )(46 47 )))))))))))))))))))); 
ttag *!; 
ttag +0 ////; 
ttag +1 ////; 
ttag +2 ////; 
ttag +3 ////; 
ttag +4 ////; 
ttag +5 ////; 
ttag +6 ////; 
ttag +7 ////; 
ttag +8 ////; 
ttag +9 ////; 
ttag +10 ////; 
ttag +11 ////; 
ttag +12 ////; 
ttag +13 ////; 
ttag +14 ////; 
ttag +15 ////; 
ttag +16 ////; 
ttag +17 ////; 
ttag +18 ////; 
ttag +19 ////; 
ttag +20 ////; 
ttag +21 ////; 
ttag +22 ////; 
ttag +23 ////; 
ttag +24 ////; 
ttag +25 ////; 
ttag +26 ////; 
ttag +27 ////; 
ttag +28 ////; 
ttag +29 ////; 
ttag +30 ////; 
ttag +31 ////; 
ttag +32 ////; 
ttag +33 ////; 
ttag +34 ////; 
ttag +35 ////; 
ttag +36 ////; 
ttag +37 ////; 
ttag +38 ////; 
ttag +39 ////; 
ttag +40 ////; 
ttag +41 ////; 
ttag +42 ////; 
ttag +43 ////; 
ttag +44 ////; 
ttag +45 ////; 
ttag +46 ////; 
ttag +47 ////; 
ttag +48 ////; 
ttag +49 100/100/100/100/100; 
ttag +50 99/99/97/97/94; 
ttag +51 90/87/80/92/80; 
ttag +52 89/82/78/88/80; 
ttag +53 82/79/66/79/63; 
ttag +54 78/76/58/71/63; 
ttag +55 32/18/6/12/12; 
ttag +56 42/36/40/32/32; 
ttag +57 51/24/7/18/12; 
ttag +58 96/96/93/97/94; 
ttag +59 23/7/3/9/2; 
ttag +60 8/[7]/?/?/?; 
ttag +61 38/24/8/16/6; 
ttag +62 29/8/13/13/9; 
ttag +63 92/91/82/92/81; 
ttag +64 76/64/47/68/57; 
ttag +65 23/[10]/?/?/?; 
ttag +66 23/[6]/?/?/?; 
ttag +67 31/17/12/21/18; 
ttag +68 99/99/95/98/93; 
ttag +69 98/98/98/99/96; 
ttag +70 100/100/99/100/100; 
ttag +71 94/91/84/94/86; 
ttag +72 98/98/93/100/98; 
ttag +73 98/98/96/100/98; 
ttag +74 81/76/67/84/68; 
ttag +75 78/70/64/82/68; 
ttag +76 77/74/62/76/63; 
ttag +77 76/72/53/72/60; 
ttag +78 92/88/76/82/72; 
ttag +79 27/[4]/?/?/4; 
ttag +80 2/[42]/?/?/?; 
ttag +81 3/[41]/?/?/?; 
ttag +82 87/84/82/86/74; 
ttag +83 78/73/62/76/61; 
ttag +84 22/[22]/?/?/?; 
ttag +85 85/80/73/81/71; 
ttag +86 86/82/76/88/76; 
ttag +87 100/100/100/100/100; 
ttag +88 83/80/63/82/68; 
ttag +89 78/74/57/78/61; 
ttag +90 70/64/54/49/44; 
ttag +91 61/34/47/52/46; 
ttag +92 31/19/22/32/20; 
ttag +93 66/59/51/62/44; 
ttag +94 51/44/36/44/33; 
