tread
'Tree with tags' 
(0 (1 ((2 3 )(4 5 6 7 (8 (9 10 ))(11 (12 13 (((14 (15 (16 17 )))(18 (19 20 )))(21 (22 (23 (24 25 )))(26 (27 ((28 (29 (30 31 )))(44 45 46 47 (32 ((33 34 )(35 (36 (37 (38 39 ))))))(40 (41 (42 43 ))))))))))))))); 
ttag *!; 
ttag +49 ???; 
ttag +50 2; 
ttag +51 1; 
ttag +52 5; 
ttag +53 9; 
ttag +54 2; 
ttag +55 3; 
ttag +56 1; 
ttag +57 1; 
ttag +58 2; 
ttag +59 3; 
ttag +60 12; 
ttag +61 2; 
ttag +62 3; 
ttag +63 6; 
ttag +64 2; 
ttag +65 3; 
ttag +66 2; 
ttag +67 8; 
ttag +68 4; 
ttag +69 1; 
ttag +70 1; 
ttag +71 4; 
ttag +72 5; 
ttag +73 8; 
ttag +74 7; 
ttag +75 2; 
ttag +76 4; 
ttag +77 2; 
ttag +78 3; 
ttag +79 3; 
ttag +80 1; 
ttag +81 1; 
ttag +82 5; 
ttag +83 3; 
ttag +84 9; 
tread
'Tree with tags' 
(0 (1 ((2 3 )((6 (7 ((4 5 )(11 ((12 13 )(((14 (15 (16 17 )))(18 (19 20 )))(21 ((22 (23 (24 25 )))(26 (27 ((28 (29 (30 31 )))((32 ((33 34 )(35 (36 (37 (38 39 ))))))((40 (41 (42 43 )))(45 (46 (44 47 ))))))))))))))))(8 (9 10 )))))); 
ttag *!; 
ttag +0 ////; 
ttag +1 ////; 
ttag +2 ////; 
ttag +3 ////; 
ttag +4 ////; 
ttag +5 ////; 
ttag +6 ////; 
ttag +7 ////; 
ttag +8 ////; 
ttag +9 ////; 
ttag +10 ////; 
ttag +11 ////; 
ttag +12 ////; 
ttag +13 ////; 
ttag +14 ////; 
ttag +15 ////; 
ttag +16 ////; 
ttag +17 ////; 
ttag +18 ////; 
ttag +19 ////; 
ttag +20 ////; 
ttag +21 ////; 
ttag +22 ////; 
ttag +23 ////; 
ttag +24 ////; 
ttag +25 ////; 
ttag +26 ////; 
ttag +27 ////; 
ttag +28 ////; 
ttag +29 ////; 
ttag +30 ////; 
ttag +31 ////; 
ttag +32 ////; 
ttag +33 ////; 
ttag +34 ////; 
ttag +35 ////; 
ttag +36 ////; 
ttag +37 ////; 
ttag +38 ////; 
ttag +39 ////; 
ttag +40 ////; 
ttag +41 ////; 
ttag +42 ////; 
ttag +43 ////; 
ttag +44 ////; 
ttag +45 ////; 
ttag +46 ////; 
ttag +47 ////; 
ttag +48 ////; 
ttag +49 100/100/100/100/100; 
ttag +50 78/65/63/70/64; 
ttag +51 70/54/46/50/52; 
ttag +52 64/62/50/54/53; 
ttag +53 14/[6]/0/?/?; 
ttag +54 7/[14]/?/?/?; 
ttag +55 16/[4]/?/?/?; 
ttag +56 90/87/82/91/86; 
ttag +57 100/100/100/100/100; 
ttag +58 86/85/73/80/73; 
ttag +59 48/44/34/46/31; 
ttag +60 15/2/?/?/4; 
ttag +61 22/17/9/24/13; 
ttag +62 50/35/24/44/34; 
ttag +63 46/41/24/48/27; 
ttag +64 55/49/40/60/40; 
ttag +65 100/100/99/99/100; 
ttag +66 74/58/39/53/44; 
ttag +67 77/72/58/78/61; 
ttag +68 99/99/95/98/97; 
ttag +69 45/39/25/54/28; 
ttag +70 91/89/75/89/72; 
ttag +71 56/44/30/48/34; 
ttag +72 69/49/39/49/36; 
ttag +73 100/100/98/99/97; 
ttag +74 92/90/74/92/83; 
ttag +75 70/66/38/69/44; 
ttag +76 67/58/42/54/40; 
ttag +77 86/84/62/86/68; 
ttag +78 95/94/89/98/91; 
ttag +79 100/100/99/100/99; 
ttag +80 98/97/92/99/93; 
ttag +81 73/68/43/73/59; 
ttag +82 90/88/78/92/81; 
ttag +83 76/70/64/69/60; 
ttag +84 82/80/71/86/74; 
ttag +85 83/80/76/83/78; 
ttag +86 65/45/48/49/47; 
ttag +87 65/50/48/57/51; 
ttag +88 90/89/77/90/77; 
ttag +89 30/[6]/3/?/1; 
ttag +90 92/90/74/90/74; 
ttag +91 100/100/100/100/100; 
ttag +92 17/1/?/?/?; 
ttag +93 6/[12]/?/?/?; 
ttag +94 54/38/34/33/26; 
