tread
'Tree with tags' 
(0 (1 ((2 3 )(4 11 (5 (6 7 )(8 (9 10 ))((12 13 )(14 21 ((15 16 17 )(18 (19 20 )))((22 (23 (24 25 )))(26 27 28 ((29 (30 31 ))(32 ((33 34 )(35 (36 (37 38 39 )))))(40 (41 (42 43 )))(44 45 (46 47 )))))))))))); 
ttag *!; 
ttag +49 ???; 
ttag +50 6; 
ttag +51 5; 
ttag +52 6; 
ttag +53 1; 
ttag +54 2; 
ttag +55 6; 
ttag +56 3; 
ttag +57 1; 
ttag +58 3; 
ttag +59 1; 
ttag +60 6; 
ttag +61 2; 
ttag +62 2; 
ttag +63 7; 
ttag +64 3; 
ttag +65 1; 
ttag +66 2; 
ttag +67 7; 
ttag +68 1; 
ttag +69 2; 
ttag +70 1; 
ttag +71 1; 
ttag +72 5; 
ttag +73 8; 
ttag +74 4; 
ttag +75 6; 
ttag +76 4; 
ttag +77 6; 
ttag +78 3; 
ttag +79 1; 
ttag +80 7; 
ttag +81 3; 
ttag +82 1; 
tread
'Tree with tags' 
(0 (1 ((2 3 )(4 (11 ((5 ((6 7 )(8 (9 10 ))))((12 13 )((14 ((16 (15 17 ))(18 (19 20 ))))(21 ((22 (23 (24 25 )))((28 (26 27 ))(((29 (30 31 ))((32 ((33 34 )(35 (36 (38 (37 39 ))))))((44 45 )(46 47 ))))(40 (41 (42 43 ))))))))))))))); 
ttag *!; 
ttag +0 ////; 
ttag +1 ////; 
ttag +2 ////; 
ttag +3 ////; 
ttag +4 ////; 
ttag +5 ////; 
ttag +6 ////; 
ttag +7 ////; 
ttag +8 ////; 
ttag +9 ////; 
ttag +10 ////; 
ttag +11 ////; 
ttag +12 ////; 
ttag +13 ////; 
ttag +14 ////; 
ttag +15 ////; 
ttag +16 ////; 
ttag +17 ////; 
ttag +18 ////; 
ttag +19 ////; 
ttag +20 ////; 
ttag +21 ////; 
ttag +22 ////; 
ttag +23 ////; 
ttag +24 ////; 
ttag +25 ////; 
ttag +26 ////; 
ttag +27 ////; 
ttag +28 ////; 
ttag +29 ////; 
ttag +30 ////; 
ttag +31 ////; 
ttag +32 ////; 
ttag +33 ////; 
ttag +34 ////; 
ttag +35 ////; 
ttag +36 ////; 
ttag +37 ////; 
ttag +38 ////; 
ttag +39 ////; 
ttag +40 ////; 
ttag +41 ////; 
ttag +42 ////; 
ttag +43 ////; 
ttag +44 ////; 
ttag +45 ////; 
ttag +46 ////; 
ttag +47 ////; 
ttag +48 ////; 
ttag +49 100/100/100/100/100; 
ttag +50 99/99/100/99/99; 
ttag +51 96/93/85/92/83; 
ttag +52 92/88/86/94/84; 
ttag +53 49/40/45/36/34; 
ttag +54 46/40/22/39/25; 
ttag +55 27/[3]/?/?/?; 
ttag +56 93/93/87/95/87; 
ttag +57 39/33/29/26/21; 
ttag +58 98/98/97/100/98; 
ttag +59 96/95/88/95/92; 
ttag +60 59/50/42/50/49; 
ttag +61 76/70/59/80/64; 
ttag +62 36/22/10/22/18; 
ttag +63 45/38/22/53/31; 
ttag +64 41/18/15/7/12; 
ttag +65 100/100/98/98/98; 
ttag +66 78/70/58/78/63; 
ttag +67 84/79/67/79/67; 
ttag +68 100/100/98/100/100; 
ttag +69 9/[20]/?/?/?; 
ttag +70 80/73/55/80/64; 
ttag +71 62/55/46/62/50; 
ttag +72 79/69/57/68/64; 
ttag +73 95/93/89/98/92; 
ttag +74 47/15/13/4/10; 
ttag +75 22/[9]/?/?/?; 
ttag +76 79/72/68/66/66; 
ttag +77 78/74/66/75/64; 
ttag +78 2/[24]/?/?/?; 
ttag +79 69/64/48/62/52; 
ttag +80 58/28/39/51/40; 
ttag +81 97/97/95/98/96; 
ttag +82 19/[6]/?/1/?; 
ttag +83 100/100/98/100/100; 
ttag +84 94/93/82/93/82; 
ttag +85 100/100/98/99/97; 
ttag +86 98/98/98/98/98; 
ttag +87 35/2/0/?/?; 
ttag +88 98/98/95/99/97; 
ttag +89 91/89/77/90/83; 
ttag +90 68/53/41/53/50; 
ttag +91 98/98/96/99/96; 
ttag +92 41/23/10/16/22; 
ttag +93 96/95/87/96/88; 
ttag +94 66/51/38/46/36; 
