tread
'Tree with tags' 
(0 (1 ((2 3 )(4 5 11 (6 7 )(8 (9 10 ))((12 13 )(14 21 (15 16 17 )(18 (19 20 ))((22 (23 (24 25 )))(28 45 (26 27 )(29 (30 31 ))((32 (35 (36 (37 (38 39 )))))(33 34 ))(40 (41 (42 43 )))(44 46 47 ))))))))); 
ttag *!; 
ttag +49 ???; 
ttag +50 5; 
ttag +51 1; 
ttag +52 4; 
ttag +53 1; 
ttag +54 2; 
ttag +55 1; 
ttag +56 1; 
ttag +57 1; 
ttag +58 1; 
ttag +59 6; 
ttag +60 7; 
ttag +61 13; 
ttag +62 3; 
ttag +63 2; 
ttag +64 9; 
ttag +65 4; 
ttag +66 3; 
ttag +67 1; 
ttag +68 4; 
ttag +69 3; 
ttag +70 1; 
ttag +71 1; 
ttag +72 6; 
ttag +73 4; 
ttag +74 1; 
ttag +75 3; 
ttag +76 1; 
ttag +77 5; 
ttag +78 3; 
ttag +79 12; 
ttag +80 1; 
tread
'Tree with tags' 
(0 (1 ((2 3 )(4 (5 ((11 ((6 7 )(8 (9 10 ))))((12 13 )((14 (18 (19 20 )))((21 (17 (15 16 )))((22 (23 (24 25 )))((((26 27 )(45 (((32 (35 (36 (37 (38 39 )))))(33 34 ))(47 (44 46 )))))(28 (29 (30 31 ))))(40 (41 (42 43 )))))))))))))); 
ttag *!; 
ttag +0 ////; 
ttag +1 ////; 
ttag +2 ////; 
ttag +3 ////; 
ttag +4 ////; 
ttag +5 ////; 
ttag +6 ////; 
ttag +7 ////; 
ttag +8 ////; 
ttag +9 ////; 
ttag +10 ////; 
ttag +11 ////; 
ttag +12 ////; 
ttag +13 ////; 
ttag +14 ////; 
ttag +15 ////; 
ttag +16 ////; 
ttag +17 ////; 
ttag +18 ////; 
ttag +19 ////; 
ttag +20 ////; 
ttag +21 ////; 
ttag +22 ////; 
ttag +23 ////; 
ttag +24 ////; 
ttag +25 ////; 
ttag +26 ////; 
ttag +27 ////; 
ttag +28 ////; 
ttag +29 ////; 
ttag +30 ////; 
ttag +31 ////; 
ttag +32 ////; 
ttag +33 ////; 
ttag +34 ////; 
ttag +35 ////; 
ttag +36 ////; 
ttag +37 ////; 
ttag +38 ////; 
ttag +39 ////; 
ttag +40 ////; 
ttag +41 ////; 
ttag +42 ////; 
ttag +43 ////; 
ttag +44 ////; 
ttag +45 ////; 
ttag +46 ////; 
ttag +47 ////; 
ttag +48 ////; 
ttag +49 100/100/100/100/100; 
ttag +50 100/100/98/99/97; 
ttag +51 60/34/41/40/39; 
ttag +52 55/43/38/48/37; 
ttag +53 0/[35]/?/?/?; 
ttag +54 59/57/47/63/50; 
ttag +55 40/26/23/27/17; 
ttag +56 10/[3]/?/?/?; 
ttag +57 1/[13]/?/?/?; 
ttag +58 89/88/85/90/80; 
ttag +59 66/53/48/52/46; 
ttag +60 44/40/39/46/37; 
ttag +61 8/[2]/3/4/1; 
ttag +62 24/8/8/5/4; 
ttag +63 6/[4]/0/4/?; 
ttag +64 30/[23]/?/?/?; 
ttag +65 97/97/96/99/96; 
ttag +66 10/[14]/?/?/?; 
ttag +67 2/[22]/?/?/?; 
ttag +68 97/96/91/94/91; 
ttag +69 100/100/100/100/100; 
ttag +70 70/62/46/65/48; 
ttag +71 43/39/35/52/31; 
ttag +72 100/100/97/100/97; 
ttag +73 94/92/87/94/88; 
ttag +74 67/66/58/65/58; 
ttag +75 0/[24]/?/?/?; 
ttag +76 3/[20]/?/?/?; 
ttag +77 32/26/17/33/19; 
ttag +78 15/0/2/8/5; 
ttag +79 82/80/67/80/70; 
ttag +80 98/97/94/96/87; 
ttag +81 71/67/50/66/56; 
ttag +82 20/11/9/17/9; 
ttag +83 5/[29]/?/?/?; 
ttag +84 4/[5]/?/?/?; 
ttag +85 93/92/82/94/80; 
ttag +86 88/86/83/93/78; 
ttag +87 46/14/14/24/18; 
ttag +88 86/84/79/88/77; 
ttag +89 61/52/46/45/41; 
ttag +90 69/65/50/72/58; 
ttag +91 66/55/45/69/46; 
ttag +92 100/100/100/100/100; 
ttag +93 21/[16]/?/?/?; 
ttag +94 42/28/22/30/33; 
