tread
'Tree with tags' 
(0 (1 ((2 3 )(4 5 6 7 (8 (9 10 ))((11 (12 13 ))(21 (14 ((22 (23 (24 25 )))(26 (27 ((28 (35 (32 (33 34 )(36 (37 38 39 ))))(40 (41 (42 43 )))(44 45 46 47 ))(29 (30 31 )))))))((15 (16 17 ))(18 (19 20 ))))))))); 
ttag *!; 
ttag +49 ???; 
ttag +50 3; 
ttag +51 2; 
ttag +52 12; 
ttag +53 5; 
ttag +54 2; 
ttag +55 1; 
ttag +56 2; 
ttag +57 3; 
ttag +58 1; 
ttag +59 2; 
ttag +60 1; 
ttag +61 5; 
ttag +62 2; 
ttag +63 2; 
ttag +64 10; 
ttag +65 7; 
ttag +66 3; 
ttag +67 1; 
ttag +68 11; 
ttag +69 5; 
ttag +70 1; 
ttag +71 3; 
ttag +72 3; 
ttag +73 4; 
ttag +74 5; 
ttag +75 1; 
ttag +76 8; 
ttag +77 5; 
ttag +78 3; 
ttag +79 1; 
ttag +80 2; 
ttag +81 1; 
ttag +82 7; 
ttag +83 2; 
tread
'Tree with tags' 
(0 (1 ((2 3 )(4 (5 (7 ((6 (8 (9 10 )))((11 (12 13 ))((14 ((22 (23 (24 25 )))(26 (27 ((28 (((35 ((32 (33 34 ))(36 (38 (37 39 )))))((44 45 )(46 47 )))(40 (41 (42 43 )))))(29 (30 31 )))))))(21 ((15 (16 17 ))(18 (19 20 ))))))))))))); 
ttag *!; 
ttag +0 ////; 
ttag +1 ////; 
ttag +2 ////; 
ttag +3 ////; 
ttag +4 ////; 
ttag +5 ////; 
ttag +6 ////; 
ttag +7 ////; 
ttag +8 ////; 
ttag +9 ////; 
ttag +10 ////; 
ttag +11 ////; 
ttag +12 ////; 
ttag +13 ////; 
ttag +14 ////; 
ttag +15 ////; 
ttag +16 ////; 
ttag +17 ////; 
ttag +18 ////; 
ttag +19 ////; 
ttag +20 ////; 
ttag +21 ////; 
ttag +22 ////; 
ttag +23 ////; 
ttag +24 ////; 
ttag +25 ////; 
ttag +26 ////; 
ttag +27 ////; 
ttag +28 ////; 
ttag +29 ////; 
ttag +30 ////; 
ttag +31 ////; 
ttag +32 ////; 
ttag +33 ////; 
ttag +34 ////; 
ttag +35 ////; 
ttag +36 ////; 
ttag +37 ////; 
ttag +38 ////; 
ttag +39 ////; 
ttag +40 ////; 
ttag +41 ////; 
ttag +42 ////; 
ttag +43 ////; 
ttag +44 ////; 
ttag +45 ////; 
ttag +46 ////; 
ttag +47 ////; 
ttag +48 ////; 
ttag +49 100/100/100/100/100; 
ttag +50 83/76/78/82/79; 
ttag +51 71/63/54/73/64; 
ttag +52 100/100/100/100/98; 
ttag +53 30/1/?/2/4; 
ttag +54 10/[16]/?/?/?; 
ttag +55 8/[18]/?/?/?; 
ttag +56 22/0/0/?/4; 
ttag +57 93/92/86/92/93; 
ttag +58 78/71/64/74/66; 
ttag +59 33/2/?/11/?; 
ttag +60 58/52/44/50/48; 
ttag +61 70/65/60/75/57; 
ttag +62 52/30/24/42/26; 
ttag +63 66/62/52/64/57; 
ttag +64 45/25/22/31/18; 
ttag +65 83/79/65/82/72; 
ttag +66 9/[24]/?/?/?; 
ttag +67 81/68/62/78/64; 
ttag +68 83/80/70/74/71; 
ttag +69 100/100/100/100/100; 
ttag +70 95/93/85/96/95; 
ttag +71 84/80/75/84/75; 
ttag +72 54/24/29/29/43; 
ttag +73 100/100/100/100/100; 
ttag +74 90/88/85/96/83; 
ttag +75 48/17/?/8/12; 
ttag +76 86/84/66/82/68; 
ttag +77 69/56/55/62/58; 
ttag +78 90/88/68/84/68; 
ttag +79 89/85/74/93/82; 
ttag +80 41/9/8/9/11; 
ttag +81 55/43/18/28/15; 
ttag +82 99/98/92/98/93; 
ttag +83 19/[18]/?/?/?; 
ttag +84 41/33/21/30/17; 
ttag +85 96/96/90/94/90; 
ttag +86 76/72/56/67/59; 
ttag +87 48/24/?/2/?; 
ttag +88 61/48/31/41/32; 
ttag +89 73/69/60/75/48; 
ttag +90 57/46/30/50/40; 
ttag +91 100/100/99/99/98; 
ttag +92 8/[7]/?/?/?; 
ttag +93 71/65/50/64/47; 
ttag +94 11/0/?/?/?; 
