tread
'Tree with tags' 
(0 (1 ((2 3 )(4 (5 (6 (7 (10 (8 9 ))(11 (((14 (12 13 ))((21 (23 (24 25 )))(22 (26 (27 (28 ((29 (30 31 ))(46 (44 (45 (47 ((32 ((33 34 )(35 (36 (37 38 39 )))))(40 (41 (42 43 )))))))))))))))((15 (16 17 ))(18 (19 20 )))))))))))); 
ttag *!; 
ttag +49 ???; 
ttag +50 9; 
ttag +51 1; 
ttag +52 6; 
ttag +53 3; 
ttag +54 2; 
ttag +55 1; 
ttag +56 1; 
ttag +57 8; 
ttag +58 2; 
ttag +59 1; 
ttag +60 1; 
ttag +61 1; 
ttag +62 1; 
ttag +63 8; 
ttag +64 1; 
ttag +65 6; 
ttag +66 3; 
ttag +67 14; 
ttag +68 1; 
ttag +69 7; 
ttag +70 1; 
ttag +71 10; 
ttag +72 3; 
ttag +73 2; 
ttag +74 1; 
ttag +75 3; 
ttag +76 3; 
ttag +77 4; 
ttag +78 7; 
ttag +79 9; 
ttag +80 2; 
ttag +81 2; 
ttag +82 1; 
ttag +83 3; 
ttag +84 3; 
ttag +85 3; 
ttag +86 3; 
ttag +87 2; 
ttag +88 2; 
ttag +89 4; 
ttag +90 5; 
ttag +91 2; 
ttag +92 12; 
tread
'Tree with tags' 
(0 (1 ((2 3 )(4 (5 (6 ((7 (10 (8 9 )))(11 (((14 (12 13 ))((21 (23 (24 25 )))(22 (26 (27 (28 ((29 (30 31 ))(46 (44 (45 (47 ((32 ((33 34 )(35 (36 (38 (37 39 ))))))(40 (41 (42 43 )))))))))))))))((15 (16 17 ))(18 (19 20 )))))))))))); 
ttag *!; 
ttag +0 ////; 
ttag +1 ////; 
ttag +2 ////; 
ttag +3 ////; 
ttag +4 ////; 
ttag +5 ////; 
ttag +6 ////; 
ttag +7 ////; 
ttag +8 ////; 
ttag +9 ////; 
ttag +10 ////; 
ttag +11 ////; 
ttag +12 ////; 
ttag +13 ////; 
ttag +14 ////; 
ttag +15 ////; 
ttag +16 ////; 
ttag +17 ////; 
ttag +18 ////; 
ttag +19 ////; 
ttag +20 ////; 
ttag +21 ////; 
ttag +22 ////; 
ttag +23 ////; 
ttag +24 ////; 
ttag +25 ////; 
ttag +26 ////; 
ttag +27 ////; 
ttag +28 ////; 
ttag +29 ////; 
ttag +30 ////; 
ttag +31 ////; 
ttag +32 ////; 
ttag +33 ////; 
ttag +34 ////; 
ttag +35 ////; 
ttag +36 ////; 
ttag +37 ////; 
ttag +38 ////; 
ttag +39 ////; 
ttag +40 ////; 
ttag +41 ////; 
ttag +42 ////; 
ttag +43 ////; 
ttag +44 ////; 
ttag +45 ////; 
ttag +46 ////; 
ttag +47 ////; 
ttag +48 ////; 
ttag +49 100/100/100/100/100; 
ttag +50 100/100/98/100/99; 
ttag +51 62/44/42/40/41; 
ttag +52 92/90/84/96/90; 
ttag +53 62/52/43/60/48; 
ttag +54 61/51/45/60/48; 
ttag +55 22/11/6/14/5; 
ttag +56 21/[22]/?/?/?; 
ttag +57 53/27/27/44/14; 
ttag +58 99/98/97/98/97; 
ttag +59 39/30/26/40/25; 
ttag +60 26/0/8/?/1; 
ttag +61 15/[11]/?/?/?; 
ttag +62 11/[15]/?/?/?; 
ttag +63 9/[17]/?/?/?; 
ttag +64 99/99/98/100/97; 
ttag +65 44/36/26/43/32; 
ttag +66 97/96/92/98/88; 
ttag +67 93/92/81/93/83; 
ttag +68 100/100/100/100/100; 
ttag +69 38/2/0/?/?; 
ttag +70 94/92/83/93/82; 
ttag +71 38/16/7/11/?; 
ttag +72 99/98/98/99/98; 
ttag +73 87/82/70/77/70; 
ttag +74 53/42/39/54/32; 
ttag +75 26/0/6/3/5; 
ttag +76 79/73/70/74/58; 
ttag +77 93/92/81/90/77; 
ttag +78 85/80/70/82/67; 
ttag +79 99/99/93/100/96; 
ttag +80 99/99/94/97/96; 
ttag +81 22/[20]/?/?/?; 
ttag +82 14/[29]/?/?/?; 
ttag +83 10/[32]/?/?/?; 
ttag +84 18/[25]/?/?/?; 
ttag +85 35/4/8/16/11; 
ttag +86 70/61/58/67/57; 
ttag +87 73/61/44/66/47; 
ttag +88 59/47/38/42/42; 
ttag +89 85/79/73/81/69; 
ttag +90 34/[6]/?/?/?; 
ttag +91 97/96/94/96/94; 
ttag +92 97/96/93/98/96; 
ttag +93 71/61/52/61/55; 
ttag +94 100/100/100/100/100; 
