tread
'Tree with tags' 
(0 (1 (4 ((2 3 )(5 (6 7 (8 (9 10 ))(11 (12 13 ((14 (21 ((22 (23 (24 25 )))((26 27 )(28 ((29 (30 31 ))((33 (34 (32 (35 (36 (37 (38 39 )))))))(46 (45 (44 (47 (40 (41 (42 43 ))))))))))))))((15 (16 17 ))(18 (19 20 )))))))))))); 
ttag *!; 
ttag +49 ???; 
ttag +50 4; 
ttag +51 1; 
ttag +52 6; 
ttag +53 3; 
ttag +54 1; 
ttag +55 6; 
ttag +56 3; 
ttag +57 3; 
ttag +58 3; 
ttag +59 1; 
ttag +60 2; 
ttag +61 3; 
ttag +62 1; 
ttag +63 4; 
ttag +64 6; 
ttag +65 6; 
ttag +66 1; 
ttag +67 2; 
ttag +68 7; 
ttag +69 9; 
ttag +70 4; 
ttag +71 1; 
ttag +72 4; 
ttag +73 2; 
ttag +74 2; 
ttag +75 2; 
ttag +76 4; 
ttag +77 1; 
ttag +78 1; 
ttag +79 9; 
ttag +80 1; 
ttag +81 3; 
ttag +82 3; 
ttag +83 4; 
ttag +84 2; 
ttag +85 14; 
ttag +86 1; 
ttag +87 1; 
ttag +88 1; 
ttag +89 2; 
ttag +90 5; 
ttag +91 10; 
tread
'Tree with tags' 
(0 (1 (4 ((2 3 )(5 ((6 (11 (13 (12 ((14 (21 ((22 (23 (24 25 )))((26 27 )(28 ((29 (30 31 ))((33 (34 (32 (35 (36 (37 (38 39 )))))))(46 (45 (44 (47 (40 (41 (42 43 ))))))))))))))((15 (16 17 ))(18 (19 20 ))))))))(7 (8 (9 10 ))))))))); 
ttag *!; 
ttag +0 ////; 
ttag +1 ////; 
ttag +2 ////; 
ttag +3 ////; 
ttag +4 ////; 
ttag +5 ////; 
ttag +6 ////; 
ttag +7 ////; 
ttag +8 ////; 
ttag +9 ////; 
ttag +10 ////; 
ttag +11 ////; 
ttag +12 ////; 
ttag +13 ////; 
ttag +14 ////; 
ttag +15 ////; 
ttag +16 ////; 
ttag +17 ////; 
ttag +18 ////; 
ttag +19 ////; 
ttag +20 ////; 
ttag +21 ////; 
ttag +22 ////; 
ttag +23 ////; 
ttag +24 ////; 
ttag +25 ////; 
ttag +26 ////; 
ttag +27 ////; 
ttag +28 ////; 
ttag +29 ////; 
ttag +30 ////; 
ttag +31 ////; 
ttag +32 ////; 
ttag +33 ////; 
ttag +34 ////; 
ttag +35 ////; 
ttag +36 ////; 
ttag +37 ////; 
ttag +38 ////; 
ttag +39 ////; 
ttag +40 ////; 
ttag +41 ////; 
ttag +42 ////; 
ttag +43 ////; 
ttag +44 ////; 
ttag +45 ////; 
ttag +46 ////; 
ttag +47 ////; 
ttag +48 ////; 
ttag +49 100/100/100/100/100; 
ttag +50 92/92/91/96/88; 
ttag +51 36/20/2/19/2; 
ttag +52 91/90/82/90/83; 
ttag +53 58/53/31/53/30; 
ttag +54 20/[15]/?/?/?; 
ttag +55 36/31/14/28/13; 
ttag +56 15/[20]/?/?/?; 
ttag +57 94/94/90/96/90; 
ttag +58 78/64/60/69/57; 
ttag +59 60/52/42/60/34; 
ttag +60 20/[18]/?/?/?; 
ttag +61 70/64/45/69/44; 
ttag +62 22/[3]/?/?/?; 
ttag +63 42/28/12/26/19; 
ttag +64 84/81/75/86/73; 
ttag +65 23/9/?/6/2; 
ttag +66 87/83/64/85/65; 
ttag +67 96/96/92/99/94; 
ttag +68 98/98/98/98/99; 
ttag +69 53/38/29/44/27; 
ttag +70 60/46/26/41/29; 
ttag +71 90/88/76/93/76; 
ttag +72 99/99/96/100/94; 
ttag +73 94/93/89/95/90; 
ttag +74 45/19/25/6/16; 
ttag +75 81/77/62/76/64; 
ttag +76 65/48/32/48/39; 
ttag +77 66/59/56/64/65; 
ttag +78 52/36/24/37/30; 
ttag +79 90/89/82/89/86; 
ttag +80 14/[14]/?/?/?; 
ttag +81 4/[40]/?/?/?; 
ttag +82 94/94/86/94/85; 
ttag +83 38/16/10/10/16; 
ttag +84 48/20/21/32/9; 
ttag +85 54/25/29/37/13; 
ttag +86 76/61/64/69/50; 
ttag +87 52/37/39/40/31; 
ttag +88 99/99/99/100/99; 
ttag +89 18/[34]/?/?/?; 
ttag +90 13/[38]/?/?/?; 
ttag +91 24/[21]/?/?/?; 
ttag +92 75/70/61/69/64; 
ttag +93 96/95/90/98/93; 
ttag +94 100/100/100/100/100; 
