tread
'Tree with tags' 
(0 (1 ((2 3 )(5 (4 ((6 (7 (8 (9 10 ))))(11 ((12 13 )((14 ((15 (16 17 ))(18 (19 20 ))))(21 ((22 (23 (24 25 )))(26 (27 (28 (29 (30 31 ))(32 35 (33 34 )(36 (37 (38 39 ))))((40 (41 (42 43 )))((44 45 )(46 47 ))))))))))))))))); 
ttag *!; 
ttag +49 ???; 
ttag +50 8; 
ttag +51 2; 
ttag +52 1; 
ttag +53 13; 
ttag +54 1; 
ttag +55 4; 
ttag +56 1; 
ttag +57 5; 
ttag +58 1; 
ttag +59 1; 
ttag +60 2; 
ttag +61 4; 
ttag +62 2; 
ttag +63 2; 
ttag +64 6; 
ttag +65 3; 
ttag +66 4; 
ttag +67 6; 
ttag +68 7; 
ttag +69 2; 
ttag +70 7; 
ttag +71 1; 
ttag +72 4; 
ttag +73 5; 
ttag +74 3; 
ttag +75 2; 
ttag +76 3; 
ttag +77 3; 
ttag +78 7; 
ttag +79 4; 
ttag +80 1; 
ttag +81 3; 
ttag +82 7; 
ttag +83 2; 
ttag +84 4; 
ttag +85 1; 
ttag +86 2; 
ttag +87 9; 
ttag +88 2; 
ttag +89 4; 
ttag +90 1; 
tread
'Tree with tags' 
(0 (1 ((2 3 )(5 (4 ((6 (7 (8 (9 10 ))))(11 ((12 13 )((14 ((15 (16 17 ))(18 (19 20 ))))(21 ((22 (23 (24 25 )))(26 (27 (28 ((29 (30 31 ))(((32 35 )((33 34 )(36 (37 (38 39 )))))((40 (41 (42 43 )))((44 45 )(46 47 ))))))))))))))))))); 
ttag *!; 
ttag +0 ////; 
ttag +1 ////; 
ttag +2 ////; 
ttag +3 ////; 
ttag +4 ////; 
ttag +5 ////; 
ttag +6 ////; 
ttag +7 ////; 
ttag +8 ////; 
ttag +9 ////; 
ttag +10 ////; 
ttag +11 ////; 
ttag +12 ////; 
ttag +13 ////; 
ttag +14 ////; 
ttag +15 ////; 
ttag +16 ////; 
ttag +17 ////; 
ttag +18 ////; 
ttag +19 ////; 
ttag +20 ////; 
ttag +21 ////; 
ttag +22 ////; 
ttag +23 ////; 
ttag +24 ////; 
ttag +25 ////; 
ttag +26 ////; 
ttag +27 ////; 
ttag +28 ////; 
ttag +29 ////; 
ttag +30 ////; 
ttag +31 ////; 
ttag +32 ////; 
ttag +33 ////; 
ttag +34 ////; 
ttag +35 ////; 
ttag +36 ////; 
ttag +37 ////; 
ttag +38 ////; 
ttag +39 ////; 
ttag +40 ////; 
ttag +41 ////; 
ttag +42 ////; 
ttag +43 ////; 
ttag +44 ////; 
ttag +45 ////; 
ttag +46 ////; 
ttag +47 ////; 
ttag +48 ////; 
ttag +49 100/100/100/100/100; 
ttag +50 99/98/97/98/96; 
ttag +51 65/44/44/53/38; 
ttag +52 28/11/13/23/10; 
ttag +53 99/99/96/100/98; 
ttag +54 33/4/4/1/?; 
ttag +55 56/47/47/55/40; 
ttag +56 14/[42]/?/?/?; 
ttag +57 95/94/88/96/85; 
ttag +58 62/34/26/32/26; 
ttag +59 38/14/10/2/?; 
ttag +60 34/14/18/13/8; 
ttag +61 43/38/27/44/23; 
ttag +62 37/17/15/16/9; 
ttag +63 19/0/?/6/?; 
ttag +64 98/97/89/94/88; 
ttag +65 72/66/56/66/58; 
ttag +66 92/90/85/92/84; 
ttag +67 98/98/96/98/96; 
ttag +68 98/97/96/99/97; 
ttag +69 28/17/13/17/11; 
ttag +70 98/97/94/97/97; 
ttag +71 38/6/8/17/14; 
ttag +72 85/75/69/78/64; 
ttag +73 98/97/94/98/97; 
ttag +74 84/80/74/77/69; 
ttag +75 70/58/44/56/40; 
ttag +76 76/72/60/72/60; 
ttag +77 87/84/76/86/81; 
ttag +78 28/8/10/5/19; 
ttag +79 98/97/96/98/96; 
ttag +80 31/10/12/6/2; 
ttag +81 78/71/71/77/72; 
ttag +82 39/18/22/16/26; 
ttag +83 82/78/73/84/74; 
ttag +84 12/[31]/?/?/?; 
ttag +85 96/96/90/95/86; 
ttag +86 100/100/98/99/99; 
ttag +87 92/87/83/90/79; 
ttag +88 90/85/84/86/83; 
ttag +89 65/54/58/54/41; 
ttag +90 87/85/85/84/87; 
ttag +91 98/97/98/97/98; 
ttag +92 77/71/63/70/67; 
ttag +93 97/96/80/94/92; 
ttag +94 57/40/36/45/27; 
