tread
'Tree with tags' 
(0 (1 ((2 3 )(4 5 (((6 7 )(8 (9 10 )))(11 (14 21 (12 13 )((15 (16 17 ))(18 (19 20 )))((22 (23 (24 25 )))(26 (27 (28 (((46 ((29 (30 31 ))(47 (44 45 ))))(32 ((33 34 )(35 (36 (38 (37 39 )))))))(40 (41 (42 43 ))))))))))))))); 
ttag *!; 
ttag +49 ???; 
ttag +50 1; 
ttag +51 7; 
ttag +52 5; 
ttag +53 2; 
ttag +54 3; 
ttag +55 1; 
ttag +56 8; 
ttag +57 1; 
ttag +58 3; 
ttag +59 1; 
ttag +60 3; 
ttag +61 4; 
ttag +62 1; 
ttag +63 1; 
ttag +64 1; 
ttag +65 11; 
ttag +66 2; 
ttag +67 2; 
ttag +68 8; 
ttag +69 8; 
ttag +70 3; 
ttag +71 4; 
ttag +72 1; 
ttag +73 4; 
ttag +74 1; 
ttag +75 1; 
ttag +76 1; 
ttag +77 2; 
ttag +78 3; 
ttag +79 5; 
ttag +80 5; 
ttag +81 3; 
ttag +82 2; 
ttag +83 4; 
ttag +84 1; 
ttag +85 6; 
ttag +86 6; 
ttag +87 3; 
ttag +88 9; 
ttag +89 1; 
ttag +90 1; 
tread
'Tree with tags' 
(0 (1 ((2 3 )(4 (5 (((6 7 )(8 (9 10 )))(11 (21 ((12 13 )(14 (((15 (16 17 ))(18 (19 20 )))((22 (23 (24 25 )))(26 (27 (28 (((46 ((29 (30 31 ))(47 (44 45 ))))(32 ((33 34 )(35 (36 (38 (37 39 )))))))(40 (41 (42 43 ))))))))))))))))))); 
ttag *!; 
ttag +0 ////; 
ttag +1 ////; 
ttag +2 ////; 
ttag +3 ////; 
ttag +4 ////; 
ttag +5 ////; 
ttag +6 ////; 
ttag +7 ////; 
ttag +8 ////; 
ttag +9 ////; 
ttag +10 ////; 
ttag +11 ////; 
ttag +12 ////; 
ttag +13 ////; 
ttag +14 ////; 
ttag +15 ////; 
ttag +16 ////; 
ttag +17 ////; 
ttag +18 ////; 
ttag +19 ////; 
ttag +20 ////; 
ttag +21 ////; 
ttag +22 ////; 
ttag +23 ////; 
ttag +24 ////; 
ttag +25 ////; 
ttag +26 ////; 
ttag +27 ////; 
ttag +28 ////; 
ttag +29 ////; 
ttag +30 ////; 
ttag +31 ////; 
ttag +32 ////; 
ttag +33 ////; 
ttag +34 ////; 
ttag +35 ////; 
ttag +36 ////; 
ttag +37 ////; 
ttag +38 ////; 
ttag +39 ////; 
ttag +40 ////; 
ttag +41 ////; 
ttag +42 ////; 
ttag +43 ////; 
ttag +44 ////; 
ttag +45 ////; 
ttag +46 ////; 
ttag +47 ////; 
ttag +48 ////; 
ttag +49 100/100/100/100/100; 
ttag +50 70/60/64/64/50; 
ttag +51 97/96/94/98/92; 
ttag +52 91/89/77/90/81; 
ttag +53 18/[2]/?/?/?; 
ttag +54 82/80/76/76/77; 
ttag +55 71/58/56/76/54; 
ttag +56 44/30/14/33/15; 
ttag +57 99/99/96/99/94; 
ttag +58 50/18/24/25/23; 
ttag +59 67/59/33/58/40; 
ttag +60 51/46/36/40/32; 
ttag +61 6/[22]/?/?/?; 
ttag +62 70/62/50/66/54; 
ttag +63 32/11/6/12/10; 
ttag +64 88/85/79/86/78; 
ttag +65 63/54/48/48/42; 
ttag +66 22/14/7/10/1; 
ttag +67 46/17/10/17/17; 
ttag +68 65/51/41/51/51; 
ttag +69 100/100/100/100/100; 
ttag +70 54/32/27/46/28; 
ttag +71 52/40/32/49/42; 
ttag +72 96/94/88/97/89; 
ttag +73 97/97/92/98/94; 
ttag +74 64/57/44/62/41; 
ttag +75 61/54/35/59/32; 
ttag +76 46/39/27/44/28; 
ttag +77 90/88/77/90/67; 
ttag +78 8/[31]/?/?/?; 
ttag +79 12/0/?/?/?; 
ttag +80 20/12/9/10/8; 
ttag +81 38/32/21/40/20; 
ttag +82 85/76/66/78/62; 
ttag +83 98/98/87/93/87; 
ttag +84 92/90/87/92/89; 
ttag +85 76/60/36/68/46; 
ttag +86 85/80/65/87/69; 
ttag +87 90/88/87/94/88; 
ttag +88 57/29/10/33/9; 
ttag +89 97/96/88/96/86; 
ttag +90 94/94/84/96/82; 
ttag +91 77/64/49/72/53; 
ttag +92 100/100/99/100/100; 
ttag +93 34/27/34/24/34; 
ttag +94 38/12/11/15/18; 
