tread
'Tree with tags' 
(0 (1 ((2 3 )(4 5 6 7 (8 9 10 )(11 (((12 (13 (15 (16 17 ))))(21 (14 (18 (19 20 )))))((22 (23 (24 25 )))(26 27 (28 (((29 (30 31 ))((40 (41 (42 43 )))(44 45 (46 47 ))))((32 (33 34 ))(35 (36 (37 38 39 )))))))))))))); 
ttag *!; 
ttag +49 ???; 
ttag +50 6; 
ttag +51 3; 
ttag +52 4; 
ttag +53 9; 
ttag +54 3; 
ttag +55 1; 
ttag +56 1; 
ttag +57 1; 
ttag +58 1; 
ttag +59 4; 
ttag +60 1; 
ttag +61 11; 
ttag +62 3; 
ttag +63 5; 
ttag +64 10; 
ttag +65 8; 
ttag +66 4; 
ttag +67 6; 
ttag +68 10; 
ttag +69 1; 
ttag +70 4; 
ttag +71 3; 
ttag +72 3; 
ttag +73 4; 
ttag +74 8; 
ttag +75 4; 
ttag +76 6; 
ttag +77 5; 
ttag +78 5; 
ttag +79 7; 
ttag +80 5; 
ttag +81 2; 
ttag +82 4; 
ttag +83 2; 
ttag +84 3; 
ttag +85 4; 
ttag +86 1; 
tread
'Tree with tags' 
(0 (1 ((2 3 )(4 (((5 (11 (((12 (13 (15 (16 17 ))))(21 (14 (18 (19 20 )))))((22 (23 (24 25 )))(26 (27 (28 (((29 (30 31 ))((40 (41 (42 43 )))(44 (45 (46 47 )))))((32 (33 34 ))(35 (36 (37 (38 39 )))))))))))))(6 7 ))(8 (9 10 ))))))); 
ttag *!; 
ttag +0 ////; 
ttag +1 ////; 
ttag +2 ////; 
ttag +3 ////; 
ttag +4 ////; 
ttag +5 ////; 
ttag +6 ////; 
ttag +7 ////; 
ttag +8 ////; 
ttag +9 ////; 
ttag +10 ////; 
ttag +11 ////; 
ttag +12 ////; 
ttag +13 ////; 
ttag +14 ////; 
ttag +15 ////; 
ttag +16 ////; 
ttag +17 ////; 
ttag +18 ////; 
ttag +19 ////; 
ttag +20 ////; 
ttag +21 ////; 
ttag +22 ////; 
ttag +23 ////; 
ttag +24 ////; 
ttag +25 ////; 
ttag +26 ////; 
ttag +27 ////; 
ttag +28 ////; 
ttag +29 ////; 
ttag +30 ////; 
ttag +31 ////; 
ttag +32 ////; 
ttag +33 ////; 
ttag +34 ////; 
ttag +35 ////; 
ttag +36 ////; 
ttag +37 ////; 
ttag +38 ////; 
ttag +39 ////; 
ttag +40 ////; 
ttag +41 ////; 
ttag +42 ////; 
ttag +43 ////; 
ttag +44 ////; 
ttag +45 ////; 
ttag +46 ////; 
ttag +47 ////; 
ttag +48 ////; 
ttag +49 100/100/100/100/100; 
ttag +50 99/99/98/99/98; 
ttag +51 81/72/58/76/57; 
ttag +52 76/67/48/77/51; 
ttag +53 13/[16]/?/?/?; 
ttag +54 8/[21]/?/?/?; 
ttag +55 18/[10]/?/?/?; 
ttag +56 4/[17]/?/?/?; 
ttag +57 100/100/98/99/97; 
ttag +58 36/3/?/6/0; 
ttag +59 84/82/65/86/68; 
ttag +60 24/11/?/13/?; 
ttag +61 30/15/?/21/?; 
ttag +62 49/42/27/34/23; 
ttag +63 22/7/?/10/?; 
ttag +64 78/69/47/75/52; 
ttag +65 26/12/0/14/5; 
ttag +66 100/100/98/99/100; 
ttag +67 82/78/68/81/68; 
ttag +68 94/92/86/92/79; 
ttag +69 100/100/100/100/100; 
ttag +70 98/98/95/98/92; 
ttag +71 74/66/58/64/54; 
ttag +72 99/99/98/99/98; 
ttag +73 100/100/99/100/99; 
ttag +74 58/46/36/63/36; 
ttag +75 22/[15]/?/?/?; 
ttag +76 72/66/51/75/51; 
ttag +77 71/64/50/73/52; 
ttag +78 41/28/8/36/12; 
ttag +79 53/45/26/54/34; 
ttag +80 99/99/98/99/96; 
ttag +81 90/88/77/88/73; 
ttag +82 97/97/90/97/92; 
ttag +83 94/93/87/91/82; 
ttag +84 93/90/83/92/86; 
ttag +85 98/98/96/99/92; 
ttag +86 98/98/94/96/97; 
ttag +87 36/5/3/2/?; 
ttag +88 50/27/3/34/10; 
ttag +89 64/51/26/53/36; 
ttag +90 51/22/?/32/3; 
ttag +91 87/79/89/92/80; 
ttag +92 79/75/59/80/66; 
ttag +93 19/11/11/7/11; 
ttag +94 52/42/32/55/37; 
