tread
'Tree with tags' 
(0 (1 ((2 3 )(4 (5 ((7 (6 (8 (9 10 ))))(11 (14 (12 (21 (13 (((15 (16 17 ))((22 (23 (24 25 )))(26 (27 (28 44 45 46 47 (29 (30 31 ))(32 ((33 34 )(35 (36 (39 (37 38 ))))))(41 (40 (42 43 ))))))))(18 (19 20 )))))))))))))); 
ttag *!; 
ttag +49 ???; 
ttag +50 2; 
ttag +51 4; 
ttag +52 4; 
ttag +53 1; 
ttag +54 1; 
ttag +55 1; 
ttag +56 1; 
ttag +57 9; 
ttag +58 4; 
ttag +59 1; 
ttag +60 2; 
ttag +61 6; 
ttag +62 2; 
ttag +63 1; 
ttag +64 9; 
ttag +65 2; 
ttag +66 2; 
ttag +67 4; 
ttag +68 10; 
ttag +69 5; 
ttag +70 4; 
ttag +71 5; 
ttag +72 6; 
ttag +73 10; 
ttag +74 2; 
ttag +75 3; 
ttag +76 1; 
ttag +77 5; 
ttag +78 4; 
ttag +79 10; 
ttag +80 1; 
ttag +81 1; 
ttag +82 1; 
ttag +83 3; 
ttag +84 2; 
ttag +85 9; 
ttag +86 2; 
ttag +87 6; 
ttag +88 6; 
tread
'Tree with tags' 
(0 (1 ((2 3 )(4 (5 ((7 (6 (8 (9 10 ))))(11 (14 (12 (21 (13 (((15 (16 17 ))((22 (23 (24 25 )))(26 (27 (28 ((46 ((45 ((29 (30 31 ))(41 (40 (42 43 )))))(44 47 )))(32 ((33 34 )(35 (36 (39 (37 38 ))))))))))))(18 (19 20 )))))))))))))); 
ttag *!; 
ttag +0 ////; 
ttag +1 ////; 
ttag +2 ////; 
ttag +3 ////; 
ttag +4 ////; 
ttag +5 ////; 
ttag +6 ////; 
ttag +7 ////; 
ttag +8 ////; 
ttag +9 ////; 
ttag +10 ////; 
ttag +11 ////; 
ttag +12 ////; 
ttag +13 ////; 
ttag +14 ////; 
ttag +15 ////; 
ttag +16 ////; 
ttag +17 ////; 
ttag +18 ////; 
ttag +19 ////; 
ttag +20 ////; 
ttag +21 ////; 
ttag +22 ////; 
ttag +23 ////; 
ttag +24 ////; 
ttag +25 ////; 
ttag +26 ////; 
ttag +27 ////; 
ttag +28 ////; 
ttag +29 ////; 
ttag +30 ////; 
ttag +31 ////; 
ttag +32 ////; 
ttag +33 ////; 
ttag +34 ////; 
ttag +35 ////; 
ttag +36 ////; 
ttag +37 ////; 
ttag +38 ////; 
ttag +39 ////; 
ttag +40 ////; 
ttag +41 ////; 
ttag +42 ////; 
ttag +43 ////; 
ttag +44 ////; 
ttag +45 ////; 
ttag +46 ////; 
ttag +47 ////; 
ttag +48 ////; 
ttag +49 100/100/100/100/100; 
ttag +50 84/75/79/81/76; 
ttag +51 92/90/82/87/74; 
ttag +52 90/86/72/81/83; 
ttag +53 13/[10]/?/?/?; 
ttag +54 22/2/0/?/?; 
ttag +55 21/1/?/?/?; 
ttag +56 6/[17]/?/?/?; 
ttag +57 100/100/99/100/99; 
ttag +58 95/95/96/95/94; 
ttag +59 12/[11]/?/?/?; 
ttag +60 7/[5]/?/?/?; 
ttag +61 70/60/39/62/50; 
ttag +62 17/[19]/?/?/?; 
ttag +63 11/[1]/?/9/?; 
ttag +64 95/92/92/94/94; 
ttag +65 34/[2]/?/?/?; 
ttag +66 22/[14]/?/?/?; 
ttag +67 77/70/65/74/67; 
ttag +68 100/100/98/100/99; 
ttag +69 97/96/95/95/94; 
ttag +70 78/64/42/65/48; 
ttag +71 86/84/76/86/78; 
ttag +72 96/96/83/93/86; 
ttag +73 99/98/98/100/100; 
ttag +74 46/36/18/40/29; 
ttag +75 68/64/52/64/53; 
ttag +76 61/55/47/66/53; 
ttag +77 98/97/88/98/92; 
ttag +78 32/4/5/5/16; 
ttag +79 1/[29]/?/?/?; 
ttag +80 11/[16]/?/?/?; 
ttag +81 20/[7]/?/?/?; 
ttag +82 24/16/13/13/14; 
ttag +83 94/93/81/91/86; 
ttag +84 99/99/99/100/98; 
ttag +85 66/52/56/64/53; 
ttag +86 54/37/38/50/36; 
ttag +87 52/39/34/44/34; 
ttag +88 85/82/74/83/79; 
ttag +89 68/54/54/66/57; 
ttag +90 100/100/98/100/100; 
ttag +91 83/79/56/74/66; 
ttag +92 98/98/93/98/94; 
ttag +93 99/98/90/98/96; 
ttag +94 30/20/12/19/18; 
