tread
'Tree with tags' 
(0 (1 ((2 3 )(4 (5 ((6 (7 (10 (8 9 ))))(((11 12 )(13 (28 (26 27 )(29 (30 31 ))((32 ((33 34 )(35 (36 (38 (37 39 ))))))((40 41 (42 43 ))(44 45 46 47 )))))((18 (19 20 ))(22 (23 (24 25 )))))(21 (14 (16 (15 17 ))))))))))); 
ttag *!; 
ttag +49 ???; 
ttag +50 10; 
ttag +51 3; 
ttag +52 3; 
ttag +53 7; 
ttag +54 2; 
ttag +55 3; 
ttag +56 1; 
ttag +57 1; 
ttag +58 11; 
ttag +59 1; 
ttag +60 1; 
ttag +61 2; 
ttag +62 1; 
ttag +63 1; 
ttag +64 1; 
ttag +65 2; 
ttag +66 12; 
ttag +67 6; 
ttag +68 1; 
ttag +69 9; 
ttag +70 8; 
ttag +71 4; 
ttag +72 2; 
ttag +73 1; 
ttag +74 6; 
ttag +75 1; 
ttag +76 5; 
ttag +77 4; 
ttag +78 2; 
ttag +79 1; 
ttag +80 5; 
ttag +81 2; 
ttag +82 4; 
ttag +83 1; 
ttag +84 3; 
ttag +85 4; 
ttag +86 1; 
ttag +87 8; 
ttag +88 7; 
tread
'Tree with tags' 
(0 (1 ((2 3 )(4 (5 ((6 (7 (10 (8 9 ))))((((11 12 )(13 ((26 27 )(28 ((29 (30 31 ))((32 ((33 34 )(35 (36 (38 (37 39 ))))))((41 (40 (42 43 )))(44 (46 (45 47 ))))))))))((18 (19 20 ))(22 (23 (24 25 )))))(21 (14 (16 (15 17 ))))))))))); 
ttag *!; 
ttag +0 ////; 
ttag +1 ////; 
ttag +2 ////; 
ttag +3 ////; 
ttag +4 ////; 
ttag +5 ////; 
ttag +6 ////; 
ttag +7 ////; 
ttag +8 ////; 
ttag +9 ////; 
ttag +10 ////; 
ttag +11 ////; 
ttag +12 ////; 
ttag +13 ////; 
ttag +14 ////; 
ttag +15 ////; 
ttag +16 ////; 
ttag +17 ////; 
ttag +18 ////; 
ttag +19 ////; 
ttag +20 ////; 
ttag +21 ////; 
ttag +22 ////; 
ttag +23 ////; 
ttag +24 ////; 
ttag +25 ////; 
ttag +26 ////; 
ttag +27 ////; 
ttag +28 ////; 
ttag +29 ////; 
ttag +30 ////; 
ttag +31 ////; 
ttag +32 ////; 
ttag +33 ////; 
ttag +34 ////; 
ttag +35 ////; 
ttag +36 ////; 
ttag +37 ////; 
ttag +38 ////; 
ttag +39 ////; 
ttag +40 ////; 
ttag +41 ////; 
ttag +42 ////; 
ttag +43 ////; 
ttag +44 ////; 
ttag +45 ////; 
ttag +46 ////; 
ttag +47 ////; 
ttag +48 ////; 
ttag +49 100/100/100/100/100; 
ttag +50 98/98/98/98/96; 
ttag +51 60/40/26/42/31; 
ttag +52 53/33/18/35/18; 
ttag +53 80/78/52/78/62; 
ttag +54 36/27/17/29/23; 
ttag +55 66/62/40/58/42; 
ttag +56 24/[18]/?/?/?; 
ttag +57 19/[9]/?/4/0; 
ttag +58 100/100/100/100/100; 
ttag +59 15/2/1/8/5; 
ttag +60 8/[17]/?/?/?; 
ttag +61 6/[2]/?/?/?; 
ttag +62 20/12/2/10/2; 
ttag +63 19/[7]/?/?/?; 
ttag +64 35/17/3/16/0; 
ttag +65 30/24/14/18/15; 
ttag +66 75/69/60/70/59; 
ttag +67 100/100/98/100/100; 
ttag +68 98/98/95/98/96; 
ttag +69 25/0/?/?/?; 
ttag +70 99/99/99/98/100; 
ttag +71 99/98/96/98/99; 
ttag +72 90/82/79/78/70; 
ttag +73 75/66/61/70/67; 
ttag +74 74/70/57/70/61; 
ttag +75 91/89/72/90/76; 
ttag +76 25/[10]/?/?/?; 
ttag +77 80/76/68/76/60; 
ttag +78 44/16/15/19/19; 
ttag +79 99/99/97/97/96; 
ttag +80 96/96/89/95/89; 
ttag +81 72/66/48/66/54; 
ttag +82 64/46/43/44/34; 
ttag +83 90/88/80/88/79; 
ttag +84 58/40/37/46/31; 
ttag +85 93/92/88/92/86; 
ttag +86 58/46/35/50/35; 
ttag +87 86/80/71/84/75; 
ttag +88 31/[3]/1/?/?; 
ttag +89 92/91/77/86/82; 
ttag +90 60/46/29/52/43; 
ttag +91 98/98/99/98/99; 
ttag +92 98/98/94/98/93; 
ttag +93 43/0/?/2/?; 
ttag +94 15/[28]/?/?/?; 
