tread
'Tree with tags' 
(0 (1 ((2 3 )((4 5 (6 7 )((11 (((14 21 )(15 (16 17 )))((18 (19 20 ))((22 (23 (24 25 )))((26 27 )(28 ((29 (30 31 ))(((32 (33 34 ))(35 (36 (37 38 39 ))))(40 (41 (42 43 )))(47 (44 (45 46 )))))))))))(12 13 )))(10 (8 9 )))))); 
ttag *!; 
ttag +49 ???; 
ttag +50 4; 
ttag +51 3; 
ttag +52 1; 
ttag +53 7; 
ttag +54 1; 
ttag +55 1; 
ttag +56 5; 
ttag +57 1; 
ttag +58 1; 
ttag +59 1; 
ttag +60 2; 
ttag +61 1; 
ttag +62 2; 
ttag +63 10; 
ttag +64 3; 
ttag +65 2; 
ttag +66 1; 
ttag +67 13; 
ttag +68 2; 
ttag +69 1; 
ttag +70 6; 
ttag +71 3; 
ttag +72 1; 
ttag +73 2; 
ttag +74 4; 
ttag +75 3; 
ttag +76 3; 
ttag +77 2; 
ttag +78 1; 
ttag +79 11; 
ttag +80 1; 
ttag +81 4; 
ttag +82 3; 
ttag +83 5; 
ttag +84 3; 
ttag +85 4; 
ttag +86 2; 
ttag +87 8; 
ttag +88 1; 
ttag +89 3; 
ttag +90 2; 
tread
'Tree with tags' 
(0 (1 ((2 3 )(((4 5 )((6 7 )((11 (((14 21 )(15 (16 17 )))((18 (19 20 ))((22 (23 (24 25 )))((26 27 )(28 ((29 (30 31 ))((((32 (33 34 ))(35 (36 (37 (38 39 )))))(47 (44 (45 46 ))))(40 (41 (42 43 )))))))))))(12 13 ))))(10 (8 9 )))))); 
ttag *!; 
ttag +0 ////; 
ttag +1 ////; 
ttag +2 ////; 
ttag +3 ////; 
ttag +4 ////; 
ttag +5 ////; 
ttag +6 ////; 
ttag +7 ////; 
ttag +8 ////; 
ttag +9 ////; 
ttag +10 ////; 
ttag +11 ////; 
ttag +12 ////; 
ttag +13 ////; 
ttag +14 ////; 
ttag +15 ////; 
ttag +16 ////; 
ttag +17 ////; 
ttag +18 ////; 
ttag +19 ////; 
ttag +20 ////; 
ttag +21 ////; 
ttag +22 ////; 
ttag +23 ////; 
ttag +24 ////; 
ttag +25 ////; 
ttag +26 ////; 
ttag +27 ////; 
ttag +28 ////; 
ttag +29 ////; 
ttag +30 ////; 
ttag +31 ////; 
ttag +32 ////; 
ttag +33 ////; 
ttag +34 ////; 
ttag +35 ////; 
ttag +36 ////; 
ttag +37 ////; 
ttag +38 ////; 
ttag +39 ////; 
ttag +40 ////; 
ttag +41 ////; 
ttag +42 ////; 
ttag +43 ////; 
ttag +44 ////; 
ttag +45 ////; 
ttag +46 ////; 
ttag +47 ////; 
ttag +48 ////; 
ttag +49 100/100/100/100/100; 
ttag +50 89/85/80/87/80; 
ttag +51 72/59/56/70/60; 
ttag +52 30/22/18/24/23; 
ttag +53 28/12/6/20/3; 
ttag +54 96/94/84/94/86; 
ttag +55 50/39/29/49/29; 
ttag +56 8/[7]/?/?/?; 
ttag +57 48/32/25/29/16; 
ttag +58 96/94/96/92/92; 
ttag +59 6/[8]/?/?/?; 
ttag +60 30/19/3/16/3; 
ttag +61 25/14/12/13/8; 
ttag +62 49/40/32/48/32; 
ttag +63 26/2/7/0/?; 
ttag +64 50/42/33/49/31; 
ttag +65 99/99/98/98/98; 
ttag +66 78/72/69/78/62; 
ttag +67 49/29/19/38/33; 
ttag +68 37/14/8/9/2; 
ttag +69 100/100/100/100/100; 
ttag +70 62/47/36/66/47; 
ttag +71 30/20/16/13/16; 
ttag +72 84/78/71/88/76; 
ttag +73 63/39/23/61/43; 
ttag +74 58/46/50/48/44; 
ttag +75 50/35/18/50/28; 
ttag +76 64/59/37/68/48; 
ttag +77 80/75/62/79/60; 
ttag +78 60/54/41/62/43; 
ttag +79 78/67/58/70/66; 
ttag +80 66/57/27/55/42; 
ttag +81 98/98/97/100/95; 
ttag +82 19/2/9/2/1; 
ttag +83 23/4/13/11/5; 
ttag +84 94/90/82/95/87; 
ttag +85 82/76/65/78/69; 
ttag +86 95/94/88/93/90; 
ttag +87 91/87/76/84/76; 
ttag +88 35/1/3/2/10; 
ttag +89 73/67/64/72/61; 
ttag +90 58/40/29/43/36; 
ttag +91 100/100/100/100/100; 
ttag +92 19/0/0/4/?; 
ttag +93 68/62/56/66/58; 
ttag +94 39/19/14/27/10; 
