tread
'Tree with tags' 
(0 (1 ((2 3 )(4 5 11 21 (6 7 )(8 9 10 )((12 13 )(14 (18 (19 20 ))))(15 (16 17 ))((22 (23 (24 25 )))(26 27 (28 ((29 (30 31 ))(((32 ((33 34 )(35 (36 (37 38 39 )))))(46 (40 (41 (42 43 )))))(44 (45 47 ))))))))))); 
ttag *!; 
ttag +49 ???; 
ttag +50 6; 
ttag +51 2; 
ttag +52 4; 
ttag +53 1; 
ttag +54 3; 
ttag +55 2; 
ttag +56 1; 
ttag +57 1; 
ttag +58 5; 
ttag +59 2; 
ttag +60 5; 
ttag +61 9; 
ttag +62 2; 
ttag +63 7; 
ttag +64 6; 
ttag +65 8; 
ttag +66 5; 
ttag +67 1; 
ttag +68 3; 
ttag +69 4; 
ttag +70 6; 
ttag +71 10; 
ttag +72 1; 
ttag +73 3; 
ttag +74 5; 
ttag +75 5; 
ttag +76 5; 
ttag +77 3; 
ttag +78 10; 
ttag +79 3; 
ttag +80 2; 
ttag +81 4; 
ttag +82 4; 
ttag +83 2; 
ttag +84 2; 
tread
'Tree with tags' 
(0 (1 ((2 3 )((11 (4 (5 ((6 7 )((((12 13 )(14 (18 (19 20 ))))(21 ((22 (23 (24 25 )))(27 (26 (28 ((29 (30 31 ))(((32 ((33 34 )(35 (36 (37 (38 39 ))))))(46 (40 (41 (42 43 )))))(44 (45 47 ))))))))))(15 (16 17 )))))))(8 (9 10 )))))); 
ttag *!; 
ttag +0 ////; 
ttag +1 ////; 
ttag +2 ////; 
ttag +3 ////; 
ttag +4 ////; 
ttag +5 ////; 
ttag +6 ////; 
ttag +7 ////; 
ttag +8 ////; 
ttag +9 ////; 
ttag +10 ////; 
ttag +11 ////; 
ttag +12 ////; 
ttag +13 ////; 
ttag +14 ////; 
ttag +15 ////; 
ttag +16 ////; 
ttag +17 ////; 
ttag +18 ////; 
ttag +19 ////; 
ttag +20 ////; 
ttag +21 ////; 
ttag +22 ////; 
ttag +23 ////; 
ttag +24 ////; 
ttag +25 ////; 
ttag +26 ////; 
ttag +27 ////; 
ttag +28 ////; 
ttag +29 ////; 
ttag +30 ////; 
ttag +31 ////; 
ttag +32 ////; 
ttag +33 ////; 
ttag +34 ////; 
ttag +35 ////; 
ttag +36 ////; 
ttag +37 ////; 
ttag +38 ////; 
ttag +39 ////; 
ttag +40 ////; 
ttag +41 ////; 
ttag +42 ////; 
ttag +43 ////; 
ttag +44 ////; 
ttag +45 ////; 
ttag +46 ////; 
ttag +47 ////; 
ttag +48 ////; 
ttag +49 100/100/100/100/100; 
ttag +50 98/97/94/99/94; 
ttag +51 72/56/54/57/50; 
ttag +52 6/[23]/?/?/?; 
ttag +53 32/2/4/7/?; 
ttag +54 96/95/85/94/86; 
ttag +55 7/[16]/?/?/?; 
ttag +56 63/58/58/63/61; 
ttag +57 16/3/4/5/1; 
ttag +58 90/85/83/91/75; 
ttag +59 60/37/22/41/22; 
ttag +60 64/59/42/60/47; 
ttag +61 22/14/5/18/8; 
ttag +62 2/[18]/?/?/?; 
ttag +63 38/26/17/24/13; 
ttag +64 46/27/21/26/13; 
ttag +65 87/84/76/86/75; 
ttag +66 87/81/77/79/75; 
ttag +67 96/96/90/96/92; 
ttag +68 100/100/99/100/100; 
ttag +69 24/2/5/10/3; 
ttag +70 75/64/66/69/58; 
ttag +71 86/83/76/87/77; 
ttag +72 99/99/98/99/98; 
ttag +73 100/100/100/100/98; 
ttag +74 19/[33]/?/?/?; 
ttag +75 70/62/50/67/56; 
ttag +76 37/7/?/4/4; 
ttag +77 58/50/40/51/33; 
ttag +78 63/54/44/59/53; 
ttag +79 94/93/94/98/91; 
ttag +80 98/96/92/97/91; 
ttag +81 21/[17]/?/?/?; 
ttag +82 72/63/57/63/56; 
ttag +83 93/91/90/95/88; 
ttag +84 89/85/77/92/80; 
ttag +85 91/88/81/94/87; 
ttag +86 86/82/66/81/70; 
ttag +87 98/96/92/99/96; 
ttag +88 32/0/?/?/?; 
ttag +89 80/70/70/72/62; 
ttag +90 54/30/24/35/32; 
ttag +91 96/94/90/91/86; 
ttag +92 95/95/90/97/86; 
ttag +93 72/62/57/63/46; 
ttag +94 52/42/40/39/30; 
