tread
'Tree with tags' 
(0 (1 ((2 3 )(4 5 11 12 13 14 21 (6 7 )(8 (9 10 ))(15 (16 17 ))(18 (19 20 ))((22 (23 (24 25 )))(26 27 (((28 (40 (41 (42 43 ))))(29 (30 31 ))(45 (44 (46 47 ))))(32 33 34 (35 (36 (37 (38 39 )))))))))))); 
ttag *!; 
ttag +49 ???; 
ttag +50 5; 
ttag +51 3; 
ttag +52 6; 
ttag +53 3; 
ttag +54 9; 
ttag +55 3; 
ttag +56 4; 
ttag +57 4; 
ttag +58 1; 
ttag +59 9; 
ttag +60 7; 
ttag +61 2; 
ttag +62 6; 
ttag +63 5; 
ttag +64 6; 
ttag +65 2; 
ttag +66 1; 
ttag +67 4; 
ttag +68 3; 
ttag +69 2; 
ttag +70 7; 
ttag +71 3; 
ttag +72 1; 
ttag +73 6; 
ttag +74 2; 
ttag +75 3; 
ttag +76 2; 
ttag +77 8; 
ttag +78 3; 
ttag +79 3; 
ttag +80 1; 
tread
'Tree with tags' 
(0 (1 ((2 3 )(4 (5 (((12 ((11 ((6 7 )(8 (9 10 ))))((22 (23 (24 25 )))(27 (26 ((((28 (40 (41 (42 43 ))))(45 (44 (46 47 ))))(29 (30 31 )))(34 (33 (32 (35 (36 (37 (38 39 )))))))))))))(13 21 ))(14 ((15 (16 17 ))(18 (19 20 )))))))))); 
ttag *!; 
ttag +0 ////; 
ttag +1 ////; 
ttag +2 ////; 
ttag +3 ////; 
ttag +4 ////; 
ttag +5 ////; 
ttag +6 ////; 
ttag +7 ////; 
ttag +8 ////; 
ttag +9 ////; 
ttag +10 ////; 
ttag +11 ////; 
ttag +12 ////; 
ttag +13 ////; 
ttag +14 ////; 
ttag +15 ////; 
ttag +16 ////; 
ttag +17 ////; 
ttag +18 ////; 
ttag +19 ////; 
ttag +20 ////; 
ttag +21 ////; 
ttag +22 ////; 
ttag +23 ////; 
ttag +24 ////; 
ttag +25 ////; 
ttag +26 ////; 
ttag +27 ////; 
ttag +28 ////; 
ttag +29 ////; 
ttag +30 ////; 
ttag +31 ////; 
ttag +32 ////; 
ttag +33 ////; 
ttag +34 ////; 
ttag +35 ////; 
ttag +36 ////; 
ttag +37 ////; 
ttag +38 ////; 
ttag +39 ////; 
ttag +40 ////; 
ttag +41 ////; 
ttag +42 ////; 
ttag +43 ////; 
ttag +44 ////; 
ttag +45 ////; 
ttag +46 ////; 
ttag +47 ////; 
ttag +48 ////; 
ttag +49 100/100/100/100/100; 
ttag +50 99/99/95/97/95; 
ttag +51 84/74/65/71/71; 
ttag +52 84/81/74/83/67; 
ttag +53 30/4/?/?/?; 
ttag +54 83/82/76/84/72; 
ttag +55 30/8/1/3/0; 
ttag +56 5/[16]/?/?/?; 
ttag +57 3/[18]/?/?/?; 
ttag +58 0/[22]/?/?/?; 
ttag +59 1/[20]/?/?/?; 
ttag +60 16/[8]/?/?/?; 
ttag +61 100/100/100/100/98; 
ttag +62 91/89/77/90/83; 
ttag +63 16/5/5/6/4; 
ttag +64 16/[8]/?/?/?; 
ttag +65 88/84/66/88/70; 
ttag +66 34/8/?/3/9; 
ttag +67 83/75/61/86/68; 
ttag +68 67/52/49/55/50; 
ttag +69 100/100/99/99/99; 
ttag +70 99/98/89/98/92; 
ttag +71 68/62/46/60/41; 
ttag +72 96/95/91/97/88; 
ttag +73 98/98/98/98/96; 
ttag +74 27/0/?/0/?; 
ttag +75 94/92/86/91/82; 
ttag +76 39/16/3/4/13; 
ttag +77 8/[14]/?/?/?; 
ttag +78 22/0/?/?/1; 
ttag +79 77/74/54/67/50; 
ttag +80 79/76/64/75/67; 
ttag +81 73/60/53/68/50; 
ttag +82 16/[14]/?/?/?; 
ttag +83 21/[13]/?/?/?; 
ttag +84 92/90/84/90/79; 
ttag +85 78/71/66/75/66; 
ttag +86 57/37/28/38/23; 
ttag +87 97/96/88/95/83; 
ttag +88 76/69/67/72/58; 
ttag +89 76/72/68/77/72; 
ttag +90 49/27/17/29/20; 
ttag +91 99/99/99/99/99; 
ttag +92 82/79/77/72/77; 
ttag +93 86/83/74/78/74; 
ttag +94 53/20/20/17/13; 
