tread
'Tree with tags' 
(0 (1 ((2 3 )((((4 5 )(11 (6 7 )))(14 ((12 13 )(((16 (15 17 ))(18 (19 20 )))(21 ((22 (23 (24 25 )))(26 27 (28 ((29 (30 31 ))(44 45 46 47 (32 33 34 35 (36 (37 (38 39 ))))(40 41 (42 43 ))))))))))))(8 (9 10 )))))); 
ttag *!; 
ttag +49 ???; 
ttag +50 6; 
ttag +51 4; 
ttag +52 4; 
ttag +53 2; 
ttag +54 2; 
ttag +55 6; 
ttag +56 1; 
ttag +57 1; 
ttag +58 10; 
ttag +59 1; 
ttag +60 4; 
ttag +61 1; 
ttag +62 2; 
ttag +63 1; 
ttag +64 4; 
ttag +65 1; 
ttag +66 1; 
ttag +67 5; 
ttag +68 7; 
ttag +69 1; 
ttag +70 3; 
ttag +71 3; 
ttag +72 4; 
ttag +73 6; 
ttag +74 2; 
ttag +75 2; 
ttag +76 1; 
ttag +77 3; 
ttag +78 7; 
ttag +79 2; 
ttag +80 1; 
ttag +81 1; 
ttag +82 8; 
ttag +83 2; 
ttag +84 5; 
ttag +85 2; 
tread
'Tree with tags' 
(0 (1 ((2 3 )((((4 5 )(11 (6 7 )))(14 ((12 13 )(((16 (15 17 ))(18 (19 20 )))(21 ((22 (23 (24 25 )))(26 (27 (28 ((29 (30 31 ))((45 (33 (34 (32 (35 (36 (37 (38 39 ))))))))((40 (41 (42 43 )))(47 (44 46 ))))))))))))))(8 (9 10 )))))); 
ttag *!; 
ttag +0 ////; 
ttag +1 ////; 
ttag +2 ////; 
ttag +3 ////; 
ttag +4 ////; 
ttag +5 ////; 
ttag +6 ////; 
ttag +7 ////; 
ttag +8 ////; 
ttag +9 ////; 
ttag +10 ////; 
ttag +11 ////; 
ttag +12 ////; 
ttag +13 ////; 
ttag +14 ////; 
ttag +15 ////; 
ttag +16 ////; 
ttag +17 ////; 
ttag +18 ////; 
ttag +19 ////; 
ttag +20 ////; 
ttag +21 ////; 
ttag +22 ////; 
ttag +23 ////; 
ttag +24 ////; 
ttag +25 ////; 
ttag +26 ////; 
ttag +27 ////; 
ttag +28 ////; 
ttag +29 ////; 
ttag +30 ////; 
ttag +31 ////; 
ttag +32 ////; 
ttag +33 ////; 
ttag +34 ////; 
ttag +35 ////; 
ttag +36 ////; 
ttag +37 ////; 
ttag +38 ////; 
ttag +39 ////; 
ttag +40 ////; 
ttag +41 ////; 
ttag +42 ////; 
ttag +43 ////; 
ttag +44 ////; 
ttag +45 ////; 
ttag +46 ////; 
ttag +47 ////; 
ttag +48 ////; 
ttag +49 100/100/100/100/100; 
ttag +50 96/95/95/98/98; 
ttag +51 86/82/80/85/75; 
ttag +52 45/8/6/4/5; 
ttag +53 12/[27]/?/?/?; 
ttag +54 12/[28]/?/?/?; 
ttag +55 97/97/93/98/89; 
ttag +56 60/50/50/52/48; 
ttag +57 12/[12]/?/?/?; 
ttag +58 100/100/98/99/99; 
ttag +59 74/66/61/68/67; 
ttag +60 80/78/59/78/59; 
ttag +61 18/5/4/7/1; 
ttag +62 35/26/20/31/24; 
ttag +63 40/[6]/?/?/?; 
ttag +64 97/95/84/95/88; 
ttag +65 44/31/31/27/23; 
ttag +66 12/[1]/?/?/?; 
ttag +67 96/94/89/92/89; 
ttag +68 100/100/99/100/99; 
ttag +69 10/0/1/?/?; 
ttag +70 64/56/44/59/44; 
ttag +71 46/36/24/38/35; 
ttag +72 54/30/36/41/33; 
ttag +73 99/98/97/97/96; 
ttag +74 50/40/33/45/30; 
ttag +75 32/10/1/16/?; 
ttag +76 54/44/36/44/38; 
ttag +77 40/25/16/32/22; 
ttag +78 80/76/62/80/56; 
ttag +79 99/99/97/98/96; 
ttag +80 25/[7]/?/?/?; 
ttag +81 17/[47]/?/?/?; 
ttag +82 76/69/52/74/55; 
ttag +83 15/[22]/?/?/?; 
ttag +84 47/42/27/41/33; 
ttag +85 40/30/27/34/33; 
ttag +86 40/24/28/36/18; 
ttag +87 98/98/92/98/93; 
ttag +88 61/49/46/54/35; 
ttag +89 96/94/86/98/88; 
ttag +90 28/[10]/?/?/?; 
ttag +91 46/11/19/18/23; 
ttag +92 91/90/76/85/77; 
ttag +93 8/[30]/?/?/?; 
ttag +94 21/[16]/?/?/?; 
