tread
'Tree with tags' 
(0 (1 ((2 3 )(4 (5 6 7 11 12 13 (8 (9 10 ))(21 (14 18 (15 16 17 )(19 20 ))(22 ((23 (24 25 ))((26 27 )(28 ((29 (30 31 ))(32 (33 34 )(35 (36 (37 38 39 ))))((40 (41 (42 43 )))(46 (47 (44 45 ))))))))))))))); 
ttag *!; 
ttag +49 ???; 
ttag +50 11; 
ttag +51 4; 
ttag +52 8; 
ttag +53 3; 
ttag +54 7; 
ttag +55 2; 
ttag +56 2; 
ttag +57 5; 
ttag +58 4; 
ttag +59 8; 
ttag +60 5; 
ttag +61 4; 
ttag +62 2; 
ttag +63 4; 
ttag +64 3; 
ttag +65 1; 
ttag +66 3; 
ttag +67 2; 
ttag +68 3; 
ttag +69 5; 
ttag +70 6; 
ttag +71 3; 
ttag +72 1; 
ttag +73 2; 
ttag +74 3; 
ttag +75 4; 
ttag +76 2; 
ttag +77 1; 
ttag +78 7; 
ttag +79 1; 
ttag +80 1; 
ttag +81 1; 
tread
'Tree with tags' 
(0 (1 ((2 3 )(4 (11 (5 (7 ((6 (13 (12 ((21 ((14 (18 (19 20 )))(15 (16 17 ))))(22 ((23 (24 25 ))((26 27 )(28 ((29 (30 31 ))(((32 (35 (36 (37 (38 39 )))))(33 34 ))((40 (41 (42 43 )))(46 (47 (44 45 ))))))))))))))(8 (9 10 )))))))))); 
ttag *!; 
ttag +0 ////; 
ttag +1 ////; 
ttag +2 ////; 
ttag +3 ////; 
ttag +4 ////; 
ttag +5 ////; 
ttag +6 ////; 
ttag +7 ////; 
ttag +8 ////; 
ttag +9 ////; 
ttag +10 ////; 
ttag +11 ////; 
ttag +12 ////; 
ttag +13 ////; 
ttag +14 ////; 
ttag +15 ////; 
ttag +16 ////; 
ttag +17 ////; 
ttag +18 ////; 
ttag +19 ////; 
ttag +20 ////; 
ttag +21 ////; 
ttag +22 ////; 
ttag +23 ////; 
ttag +24 ////; 
ttag +25 ////; 
ttag +26 ////; 
ttag +27 ////; 
ttag +28 ////; 
ttag +29 ////; 
ttag +30 ////; 
ttag +31 ////; 
ttag +32 ////; 
ttag +33 ////; 
ttag +34 ////; 
ttag +35 ////; 
ttag +36 ////; 
ttag +37 ////; 
ttag +38 ////; 
ttag +39 ////; 
ttag +40 ////; 
ttag +41 ////; 
ttag +42 ////; 
ttag +43 ////; 
ttag +44 ////; 
ttag +45 ////; 
ttag +46 ////; 
ttag +47 ////; 
ttag +48 ////; 
ttag +49 100/100/100/100/100; 
ttag +50 100/100/100/100/100; 
ttag +51 95/94/82/94/86; 
ttag +52 97/96/92/98/89; 
ttag +53 12/[29]/?/?/?; 
ttag +54 86/84/81/91/76; 
ttag +55 4/[29]/?/?/?; 
ttag +56 1/[32]/?/?/?; 
ttag +57 7/[12]/?/?/?; 
ttag +58 98/97/92/97/95; 
ttag +59 70/60/60/66/58; 
ttag +60 5/[30]/?/?/?; 
ttag +61 25/5/4/12/4; 
ttag +62 23/[28]/?/?/?; 
ttag +63 80/76/70/74/64; 
ttag +64 24/[2]/3/0/2; 
ttag +65 91/90/85/92/80; 
ttag +66 95/94/85/93/82; 
ttag +67 34/[2]/3/?/17; 
ttag +68 61/38/37/37/47; 
ttag +69 100/100/100/99/100; 
ttag +70 93/92/78/94/75; 
ttag +71 96/95/88/94/88; 
ttag +72 62/40/24/40/32; 
ttag +73 92/88/86/89/78; 
ttag +74 83/78/67/77/62; 
ttag +75 68/58/47/64/44; 
ttag +76 86/84/73/87/71; 
ttag +77 69/56/48/54/48; 
ttag +78 81/77/67/85/66; 
ttag +79 85/81/63/88/66; 
ttag +80 25/[20]/?/?/?; 
ttag +81 97/96/95/98/93; 
ttag +82 38/20/18/9/15; 
ttag +83 83/78/71/80/70; 
ttag +84 58/50/28/44/28; 
ttag +85 88/85/64/78/67; 
ttag +86 91/89/72/88/79; 
ttag +87 28/[12]/?/?/?; 
ttag +88 74/71/50/72/50; 
ttag +89 56/44/28/44/21; 
ttag +90 59/53/29/48/38; 
ttag +91 97/97/95/99/97; 
ttag +92 75/69/76/73/71; 
ttag +93 44/32/26/52/35; 
ttag +94 52/41/40/54/39; 
