tread
'Tree with tags' 
(0 (1 ((2 3 )(4 (5 (11 ((7 (6 (8 (9 10 ))))((12 13 )((14 ((17 (15 16 ))(18 (19 20 ))))(21 ((22 (23 (24 25 )))(26 (27 ((28 (29 30 31 ))((32 ((33 34 )(35 (36 (38 (37 39 ))))))(44 45 46 47 (40 41 (42 43 )))))))))))))))))); 
ttag *!; 
ttag +49 ???; 
ttag +50 8; 
ttag +51 7; 
ttag +52 4; 
ttag +53 2; 
ttag +54 1; 
ttag +55 2; 
ttag +56 1; 
ttag +57 7; 
ttag +58 7; 
ttag +59 4; 
ttag +60 2; 
ttag +61 3; 
ttag +62 3; 
ttag +63 2; 
ttag +64 4; 
ttag +65 7; 
ttag +66 3; 
ttag +67 5; 
ttag +68 9; 
ttag +69 2; 
ttag +70 1; 
ttag +71 3; 
ttag +72 3; 
ttag +73 8; 
ttag +74 6; 
ttag +75 3; 
ttag +76 1; 
ttag +77 6; 
ttag +78 4; 
ttag +79 7; 
ttag +80 2; 
ttag +81 6; 
ttag +82 1; 
ttag +83 1; 
ttag +84 1; 
ttag +85 1; 
ttag +86 6; 
ttag +87 7; 
ttag +88 2; 
ttag +89 10; 
tread
'Tree with tags' 
(0 (1 ((2 3 )(4 (5 (11 ((7 (6 (8 (9 10 ))))((12 13 )((14 ((17 (15 16 ))(18 (19 20 ))))(21 ((22 (23 (24 25 )))(26 (27 ((28 (30 (29 31 )))((32 ((33 34 )(35 (36 (38 (37 39 ))))))(47 (45 (46 (44 (40 (41 (42 43 )))))))))))))))))))))); 
ttag *!; 
ttag +0 ////; 
ttag +1 ////; 
ttag +2 ////; 
ttag +3 ////; 
ttag +4 ////; 
ttag +5 ////; 
ttag +6 ////; 
ttag +7 ////; 
ttag +8 ////; 
ttag +9 ////; 
ttag +10 ////; 
ttag +11 ////; 
ttag +12 ////; 
ttag +13 ////; 
ttag +14 ////; 
ttag +15 ////; 
ttag +16 ////; 
ttag +17 ////; 
ttag +18 ////; 
ttag +19 ////; 
ttag +20 ////; 
ttag +21 ////; 
ttag +22 ////; 
ttag +23 ////; 
ttag +24 ////; 
ttag +25 ////; 
ttag +26 ////; 
ttag +27 ////; 
ttag +28 ////; 
ttag +29 ////; 
ttag +30 ////; 
ttag +31 ////; 
ttag +32 ////; 
ttag +33 ////; 
ttag +34 ////; 
ttag +35 ////; 
ttag +36 ////; 
ttag +37 ////; 
ttag +38 ////; 
ttag +39 ////; 
ttag +40 ////; 
ttag +41 ////; 
ttag +42 ////; 
ttag +43 ////; 
ttag +44 ////; 
ttag +45 ////; 
ttag +46 ////; 
ttag +47 ////; 
ttag +48 ////; 
ttag +49 100/100/100/100/100; 
ttag +50 100/100/99/100/100; 
ttag +51 96/96/85/89/77; 
ttag +52 95/94/83/90/74; 
ttag +53 64/47/36/46/44; 
ttag +54 52/42/37/39/37; 
ttag +55 59/45/48/56/46; 
ttag +56 33/14/?/11/6; 
ttag +57 94/94/81/95/81; 
ttag +58 96/96/95/98/93; 
ttag +59 96/95/94/94/91; 
ttag +60 47/26/26/36/22; 
ttag +61 59/51/38/58/35; 
ttag +62 66/60/39/64/40; 
ttag +63 39/22/10/24/10; 
ttag +64 93/91/88/90/86; 
ttag +65 99/99/96/99/95; 
ttag +66 73/63/49/73/56; 
ttag +67 94/93/83/92/88; 
ttag +68 100/100/100/100/100; 
ttag +69 50/33/20/38/20; 
ttag +70 59/36/24/46/32; 
ttag +71 77/71/60/72/58; 
ttag +72 88/86/79/88/84; 
ttag +73 98/98/96/100/98; 
ttag +74 92/91/78/92/84; 
ttag +75 78/69/40/75/56; 
ttag +76 40/16/11/21/1; 
ttag +77 84/81/76/85/74; 
ttag +78 33/[1]/?/?/?; 
ttag +79 84/80/66/81/70; 
ttag +80 96/94/89/92/91; 
ttag +81 66/58/43/63/41; 
ttag +82 95/93/90/95/92; 
ttag +83 37/14/14/13/3; 
ttag +84 21/[1]/?/?/?; 
ttag +85 47/38/23/40/27; 
ttag +86 28/10/14/17/10; 
ttag +87 90/86/74/92/82; 
ttag +88 98/98/94/97/94; 
ttag +89 19/[7]/?/0/?; 
ttag +90 28/0/?/4/?; 
ttag +91 38/10/8/17/10; 
ttag +92 68/57/48/63/47; 
ttag +93 62/41/31/37/32; 
ttag +94 100/100/100/100/99; 
