tread
'Tree with tags' 
(0 (1 ((2 3 )(4 (5 11 12 (6 7 )(8 9 10 )(13 (15 16 17 ))(14 (18 (19 20 )))(21 ((22 (23 (24 25 )))(26 (27 ((28 (32 (33 34 )(35 (36 (39 (37 38 ))))))((29 (30 31 ))((40 41 (42 43 ))(44 45 46 47 ))))))))))))); 
ttag *!; 
ttag +49 ???; 
ttag +50 5; 
ttag +51 4; 
ttag +52 8; 
ttag +53 1; 
ttag +54 1; 
ttag +55 7; 
ttag +56 1; 
ttag +57 1; 
ttag +58 9; 
ttag +59 4; 
ttag +60 13; 
ttag +61 3; 
ttag +62 2; 
ttag +63 6; 
ttag +64 6; 
ttag +65 8; 
ttag +66 5; 
ttag +67 2; 
ttag +68 1; 
ttag +69 2; 
ttag +70 2; 
ttag +71 1; 
ttag +72 2; 
ttag +73 2; 
ttag +74 3; 
ttag +75 5; 
ttag +76 2; 
ttag +77 1; 
ttag +78 3; 
ttag +79 5; 
ttag +80 2; 
ttag +81 3; 
ttag +82 1; 
tread
'Tree with tags' 
(0 (1 ((2 3 )(4 ((5 ((6 7 )(8 (9 10 ))))(11 ((12 (21 ((22 (23 (24 25 )))(26 (27 ((28 ((32 (33 34 ))(35 (36 (39 (37 38 ))))))((29 (30 31 ))((40 (41 (42 43 )))(44 (45 (46 47 )))))))))))((13 (16 (15 17 )))(14 (18 (19 20 ))))))))))); 
ttag *!; 
ttag +0 ////; 
ttag +1 ////; 
ttag +2 ////; 
ttag +3 ////; 
ttag +4 ////; 
ttag +5 ////; 
ttag +6 ////; 
ttag +7 ////; 
ttag +8 ////; 
ttag +9 ////; 
ttag +10 ////; 
ttag +11 ////; 
ttag +12 ////; 
ttag +13 ////; 
ttag +14 ////; 
ttag +15 ////; 
ttag +16 ////; 
ttag +17 ////; 
ttag +18 ////; 
ttag +19 ////; 
ttag +20 ////; 
ttag +21 ////; 
ttag +22 ////; 
ttag +23 ////; 
ttag +24 ////; 
ttag +25 ////; 
ttag +26 ////; 
ttag +27 ////; 
ttag +28 ////; 
ttag +29 ////; 
ttag +30 ////; 
ttag +31 ////; 
ttag +32 ////; 
ttag +33 ////; 
ttag +34 ////; 
ttag +35 ////; 
ttag +36 ////; 
ttag +37 ////; 
ttag +38 ////; 
ttag +39 ////; 
ttag +40 ////; 
ttag +41 ////; 
ttag +42 ////; 
ttag +43 ////; 
ttag +44 ////; 
ttag +45 ////; 
ttag +46 ////; 
ttag +47 ////; 
ttag +48 ////; 
ttag +49 100/100/100/100/100; 
ttag +50 88/82/76/92/76; 
ttag +51 84/82/78/87/84; 
ttag +52 95/94/90/97/85; 
ttag +53 8/[11]/?/?/?; 
ttag +54 37/19/9/28/13; 
ttag +55 66/62/62/62/51; 
ttag +56 51/46/34/51/31; 
ttag +57 100/100/97/100/97; 
ttag +58 43/2/?/?/?; 
ttag +59 8/[7]/?/?/?; 
ttag +60 6/[8]/?/?/?; 
ttag +61 16/0/?/5/1; 
ttag +62 26/[2]/?/2/?; 
ttag +63 3/[12]/?/?/?; 
ttag +64 18/[10]/?/?/?; 
ttag +65 55/40/27/35/33; 
ttag +66 99/98/99/98/99; 
ttag +67 96/94/91/95/88; 
ttag +68 100/100/100/100/100; 
ttag +69 68/57/34/60/44; 
ttag +70 84/81/74/79/72; 
ttag +71 94/93/89/98/89; 
ttag +72 97/95/93/94/89; 
ttag +73 99/99/98/99/96; 
ttag +74 90/88/77/88/76; 
ttag +75 45/20/26/40/19; 
ttag +76 34/3/?/6/?; 
ttag +77 76/70/62/78/65; 
ttag +78 77/72/66/82/71; 
ttag +79 32/1/?/?/?; 
ttag +80 94/94/94/94/90; 
ttag +81 43/28/31/29/23; 
ttag +82 59/48/41/51/42; 
ttag +83 92/91/80/92/81; 
ttag +84 92/92/82/92/79; 
ttag +85 46/19/13/31/14; 
ttag +86 35/11/?/18/0; 
ttag +87 58/34/34/43/35; 
ttag +88 94/93/85/92/86; 
ttag +89 58/46/27/49/34; 
ttag +90 37/6/?/?/?; 
ttag +91 94/93/79/84/85; 
ttag +92 77/70/72/73/71; 
ttag +93 12/[19]/?/?/?; 
ttag +94 20/[6]/?/?/5; 
