tread
'Tree with tags' 
(0 (1 ((2 3 )(4 ((5 (6 7 )((12 13 )(21 (14 ((15 (16 17 ))(18 (19 20 ))))((22 (23 (24 25 )))(26 27 28 ((29 (30 31 ))((44 (45 (46 (47 ((36 (35 (32 (33 34 ))))(37 (38 39 )))))))(40 (41 (42 43 ))))))))))(11 (8 9 10 ))))))); 
ttag *!; 
ttag +49 ???; 
ttag +50 3; 
ttag +51 4; 
ttag +52 6; 
ttag +53 1; 
ttag +54 3; 
ttag +55 2; 
ttag +56 5; 
ttag +57 1; 
ttag +58 1; 
ttag +59 2; 
ttag +60 1; 
ttag +61 1; 
ttag +62 7; 
ttag +63 1; 
ttag +64 2; 
ttag +65 7; 
ttag +66 6; 
ttag +67 6; 
ttag +68 3; 
ttag +69 4; 
ttag +70 5; 
ttag +71 2; 
ttag +72 5; 
ttag +73 2; 
ttag +74 4; 
ttag +75 1; 
ttag +76 1; 
ttag +77 1; 
ttag +78 6; 
ttag +79 1; 
ttag +80 1; 
ttag +81 1; 
ttag +82 1; 
ttag +83 2; 
ttag +84 4; 
ttag +85 5; 
ttag +86 2; 
ttag +87 1; 
ttag +88 1; 
ttag +89 5; 
tread
'Tree with tags' 
(0 (1 ((2 3 )(4 (((5 (6 7 ))((12 13 )((14 ((15 (16 17 ))(18 (19 20 ))))(21 ((22 (23 (24 25 )))(28 ((26 27 )((29 (30 31 ))((44 (45 (46 (47 ((36 (35 (32 (33 34 ))))(37 (38 39 )))))))(40 (41 (42 43 ))))))))))))(11 (10 (8 9 )))))))); 
ttag *!; 
ttag +0 ////; 
ttag +1 ////; 
ttag +2 ////; 
ttag +3 ////; 
ttag +4 ////; 
ttag +5 ////; 
ttag +6 ////; 
ttag +7 ////; 
ttag +8 ////; 
ttag +9 ////; 
ttag +10 ////; 
ttag +11 ////; 
ttag +12 ////; 
ttag +13 ////; 
ttag +14 ////; 
ttag +15 ////; 
ttag +16 ////; 
ttag +17 ////; 
ttag +18 ////; 
ttag +19 ////; 
ttag +20 ////; 
ttag +21 ////; 
ttag +22 ////; 
ttag +23 ////; 
ttag +24 ////; 
ttag +25 ////; 
ttag +26 ////; 
ttag +27 ////; 
ttag +28 ////; 
ttag +29 ////; 
ttag +30 ////; 
ttag +31 ////; 
ttag +32 ////; 
ttag +33 ////; 
ttag +34 ////; 
ttag +35 ////; 
ttag +36 ////; 
ttag +37 ////; 
ttag +38 ////; 
ttag +39 ////; 
ttag +40 ////; 
ttag +41 ////; 
ttag +42 ////; 
ttag +43 ////; 
ttag +44 ////; 
ttag +45 ////; 
ttag +46 ////; 
ttag +47 ////; 
ttag +48 ////; 
ttag +49 100/100/100/100/100; 
ttag +50 76/62/56/66/59; 
ttag +51 92/90/88/91/81; 
ttag +52 95/94/92/99/92; 
ttag +53 30/14/4/16/4; 
ttag +54 22/5/?/6/?; 
ttag +55 48/38/20/42/26; 
ttag +56 69/62/44/66/40; 
ttag +57 26/[16]/1/?/?; 
ttag +58 95/94/90/96/86; 
ttag +59 50/34/19/30/24; 
ttag +60 33/18/16/20/12; 
ttag +61 34/24/5/20/5; 
ttag +62 13/[5]/?/?/?; 
ttag +63 41/26/11/26/20; 
ttag +64 98/98/95/99/98; 
ttag +65 20/1/?/?/?; 
ttag +66 65/43/33/55/40; 
ttag +67 98/97/90/94/82; 
ttag +68 97/96/90/95/92; 
ttag +69 30/16/25/30/22; 
ttag +70 97/97/91/94/90; 
ttag +71 84/78/72/83/72; 
ttag +72 97/96/94/97/92; 
ttag +73 97/97/94/98/94; 
ttag +74 46/22/29/24/24; 
ttag +75 12/[36]/?/?/?; 
ttag +76 80/75/68/82/66; 
ttag +77 76/70/54/70/47; 
ttag +78 62/55/37/52/30; 
ttag +79 88/86/69/83/68; 
ttag +80 34/12/?/6/?; 
ttag +81 12/[9]/?/?/?; 
ttag +82 8/[14]/?/?/?; 
ttag +83 98/97/93/98/92; 
ttag +84 54/42/34/38/34; 
ttag +85 30/2/?/2/?; 
ttag +86 15/[21]/?/?/?; 
ttag +87 33/4/2/4/0; 
ttag +88 64/61/52/63/48; 
ttag +89 79/76/56/72/63; 
ttag +90 92/90/75/87/70; 
ttag +91 54/41/20/36/18; 
ttag +92 61/34/33/28/33; 
ttag +93 58/33/27/23/24; 
ttag +94 94/92/80/92/84; 
