tread
'Tree with tags' 
(0 (1 ((2 3 )(4 5 11 13 (6 7 (8 (9 10 )))((12 ((14 (18 (19 20 )))(16 (15 17 ))))(21 ((22 (23 (24 25 )))(26 (28 (27 ((29 (30 31 ))(44 45 46 47 (32 (33 34 )(35 (36 (39 (37 38 )))))(40 41 (42 43 )))))))))))))); 
ttag *!; 
ttag +49 ???; 
ttag +50 10; 
ttag +51 5; 
ttag +52 9; 
ttag +53 1; 
ttag +54 12; 
ttag +55 1; 
ttag +56 1; 
ttag +57 1; 
ttag +58 1; 
ttag +59 3; 
ttag +60 1; 
ttag +61 7; 
ttag +62 9; 
ttag +63 8; 
ttag +64 3; 
ttag +65 7; 
ttag +66 6; 
ttag +67 6; 
ttag +68 9; 
ttag +69 6; 
ttag +70 3; 
ttag +71 4; 
ttag +72 4; 
ttag +73 3; 
ttag +74 5; 
ttag +75 3; 
ttag +76 1; 
ttag +77 4; 
ttag +78 1; 
ttag +79 1; 
ttag +80 2; 
ttag +81 3; 
ttag +82 7; 
ttag +83 6; 
tread
'Tree with tags' 
(0 (1 ((2 3 )(13 (4 ((11 (5 (6 (7 (8 (9 10 ))))))((12 ((14 (18 (19 20 )))(16 (15 17 ))))(21 ((22 (23 (24 25 )))(26 (28 (27 ((29 (30 31 ))(44 (46 (45 (47 (((32 (35 (36 (39 (37 38 )))))(33 34 ))(40 (41 (42 43 ))))))))))))))))))))); 
ttag *!; 
ttag +0 ////; 
ttag +1 ////; 
ttag +2 ////; 
ttag +3 ////; 
ttag +4 ////; 
ttag +5 ////; 
ttag +6 ////; 
ttag +7 ////; 
ttag +8 ////; 
ttag +9 ////; 
ttag +10 ////; 
ttag +11 ////; 
ttag +12 ////; 
ttag +13 ////; 
ttag +14 ////; 
ttag +15 ////; 
ttag +16 ////; 
ttag +17 ////; 
ttag +18 ////; 
ttag +19 ////; 
ttag +20 ////; 
ttag +21 ////; 
ttag +22 ////; 
ttag +23 ////; 
ttag +24 ////; 
ttag +25 ////; 
ttag +26 ////; 
ttag +27 ////; 
ttag +28 ////; 
ttag +29 ////; 
ttag +30 ////; 
ttag +31 ////; 
ttag +32 ////; 
ttag +33 ////; 
ttag +34 ////; 
ttag +35 ////; 
ttag +36 ////; 
ttag +37 ////; 
ttag +38 ////; 
ttag +39 ////; 
ttag +40 ////; 
ttag +41 ////; 
ttag +42 ////; 
ttag +43 ////; 
ttag +44 ////; 
ttag +45 ////; 
ttag +46 ////; 
ttag +47 ////; 
ttag +48 ////; 
ttag +49 100/100/100/100/100; 
ttag +50 100/100/98/99/98; 
ttag +51 97/96/91/98/87; 
ttag +52 33/[1]/?/?/?; 
ttag +53 99/98/94/99/96; 
ttag +54 14/[26]/?/?/?; 
ttag +55 13/[26]/?/?/?; 
ttag +56 12/[27]/?/?/?; 
ttag +57 54/40/32/44/29; 
ttag +58 8/[47]/?/?/?; 
ttag +59 100/100/100/100/99; 
ttag +60 60/49/50/55/41; 
ttag +61 18/[16]/?/?/?; 
ttag +62 24/[10]/?/?/?; 
ttag +63 51/36/24/24/22; 
ttag +64 73/70/54/76/62; 
ttag +65 54/20/11/20/27; 
ttag +66 99/99/99/99/99; 
ttag +67 99/98/95/99/90; 
ttag +68 99/99/97/98/98; 
ttag +69 64/56/30/66/40; 
ttag +70 99/98/95/99/97; 
ttag +71 94/93/81/93/82; 
ttag +72 96/96/92/98/91; 
ttag +73 100/100/100/99/100; 
ttag +74 93/92/82/90/83; 
ttag +75 65/58/41/63/49; 
ttag +76 79/76/62/70/64; 
ttag +77 91/89/88/94/84; 
ttag +78 72/65/44/67/54; 
ttag +79 97/97/94/94/91; 
ttag +80 33/10/12/8/11; 
ttag +81 88/86/79/86/82; 
ttag +82 15/[16]/?/?/?; 
ttag +83 14/[18]/?/?/?; 
ttag +84 2/[30]/?/?/?; 
ttag +85 12/[20]/?/?/?; 
ttag +86 43/35/23/35/26; 
ttag +87 91/89/76/83/83; 
ttag +88 42/29/18/36/20; 
ttag +89 69/60/58/64/47; 
ttag +90 63/42/30/37/17; 
ttag +91 88/87/78/86/68; 
ttag +92 98/97/94/99/94; 
ttag +93 54/25/28/28/25; 
ttag +94 100/100/99/100/98; 
