tread
'Tree with tags' 
(0 (1 (4 5 14 (2 3 )(11 21 (7 (6 (8 9 10 )))(12 13 )(((15 (16 17 ))(18 (19 20 )))((22 (23 (24 25 )))(26 (27 (28 (29 (30 31 ))(46 47 ((32 (33 34 ))(35 (36 (37 (38 39 )))))(44 45 ))(40 41 (42 43 ))))))))))); 
ttag *!; 
ttag +49 ???; 
ttag +50 4; 
ttag +51 4; 
ttag +52 2; 
ttag +53 1; 
ttag +54 1; 
ttag +55 6; 
ttag +56 1; 
ttag +57 8; 
ttag +58 2; 
ttag +59 1; 
ttag +60 2; 
ttag +61 6; 
ttag +62 11; 
ttag +63 4; 
ttag +64 2; 
ttag +65 5; 
ttag +66 5; 
ttag +67 2; 
ttag +68 1; 
ttag +69 1; 
ttag +70 5; 
ttag +71 9; 
ttag +72 1; 
ttag +73 4; 
ttag +74 2; 
ttag +75 6; 
ttag +76 3; 
ttag +77 2; 
ttag +78 6; 
ttag +79 4; 
ttag +80 3; 
ttag +81 3; 
ttag +82 1; 
tread
'Tree with tags' 
(0 (1 ((2 3 )(4 (5 (14 (21 ((11 (7 (6 (10 (8 9 )))))((12 13 )(((15 (16 17 ))(18 (19 20 )))((22 (23 (24 25 )))(26 (27 ((28 (29 (30 31 )))((46 ((47 ((32 (33 34 ))(35 (36 (37 (38 39 ))))))(44 45 )))(40 (41 (42 43 )))))))))))))))))); 
ttag *!; 
ttag +0 ////; 
ttag +1 ////; 
ttag +2 ////; 
ttag +3 ////; 
ttag +4 ////; 
ttag +5 ////; 
ttag +6 ////; 
ttag +7 ////; 
ttag +8 ////; 
ttag +9 ////; 
ttag +10 ////; 
ttag +11 ////; 
ttag +12 ////; 
ttag +13 ////; 
ttag +14 ////; 
ttag +15 ////; 
ttag +16 ////; 
ttag +17 ////; 
ttag +18 ////; 
ttag +19 ////; 
ttag +20 ////; 
ttag +21 ////; 
ttag +22 ////; 
ttag +23 ////; 
ttag +24 ////; 
ttag +25 ////; 
ttag +26 ////; 
ttag +27 ////; 
ttag +28 ////; 
ttag +29 ////; 
ttag +30 ////; 
ttag +31 ////; 
ttag +32 ////; 
ttag +33 ////; 
ttag +34 ////; 
ttag +35 ////; 
ttag +36 ////; 
ttag +37 ////; 
ttag +38 ////; 
ttag +39 ////; 
ttag +40 ////; 
ttag +41 ////; 
ttag +42 ////; 
ttag +43 ////; 
ttag +44 ////; 
ttag +45 ////; 
ttag +46 ////; 
ttag +47 ////; 
ttag +48 ////; 
ttag +49 100/100/100/100/100; 
ttag +50 98/97/97/98/96; 
ttag +51 97/96/87/91/90; 
ttag +52 31/1/4/4/?; 
ttag +53 23/1/?/?/?; 
ttag +54 65/60/47/62/39; 
ttag +55 41/36/27/37/23; 
ttag +56 12/[1]/?/?/?; 
ttag +57 10/[3]/?/?/?; 
ttag +58 22/9/2/9/2; 
ttag +59 20/0/?/?/?; 
ttag +60 41/[3]/?/?/?; 
ttag +61 97/97/95/96/95; 
ttag +62 22/8/2/12/7; 
ttag +63 13/4/1/3/1; 
ttag +64 97/96/96/98/95; 
ttag +65 66/59/42/59/46; 
ttag +66 31/15/6/10/9; 
ttag +67 81/77/66/77/63; 
ttag +68 96/95/93/94/90; 
ttag +69 100/100/100/100/100; 
ttag +70 95/93/80/92/87; 
ttag +71 56/48/32/51/33; 
ttag +72 97/96/92/97/94; 
ttag +73 93/90/81/91/81; 
ttag +74 78/75/57/71/59; 
ttag +75 45/15/?/18/8; 
ttag +76 25/[2]/?/?/?; 
ttag +77 50/46/28/41/36; 
ttag +78 87/83/74/81/75; 
ttag +79 99/99/98/100/98; 
ttag +80 54/38/29/40/26; 
ttag +81 75/72/58/79/62; 
ttag +82 9/[49]/?/?/?; 
ttag +83 9/[49]/?/?/?; 
ttag +84 43/36/13/35/17; 
ttag +85 45/33/24/35/24; 
ttag +86 95/93/78/92/87; 
ttag +87 75/67/58/73/62; 
ttag +88 74/62/44/68/34; 
ttag +89 96/94/92/97/91; 
ttag +90 88/83/64/82/70; 
ttag +91 70/67/57/74/52; 
ttag +92 40/5/4/16/?; 
ttag +93 100/100/96/96/97; 
ttag +94 52/34/27/34/22; 
