tread
'Tree with tags' 
(0 (1 (4 5 6 7 11 12 13 14 21 (2 3 )(10 (8 9 ))(17 (15 16 ))(18 (19 20 ))((22 (23 (24 25 )))(26 27 (28 ((29 (30 31 ))(((32 35 (36 (39 (37 38 ))))(33 34 ))(((40 41 )(42 43 ))(45 (46 (44 47 )))))))))))); 
ttag *!; 
ttag +49 ???; 
ttag +50 5; 
ttag +51 3; 
ttag +52 1; 
ttag +53 7; 
ttag +54 3; 
ttag +55 8; 
ttag +56 6; 
ttag +57 7; 
ttag +58 7; 
ttag +59 3; 
ttag +60 6; 
ttag +61 6; 
ttag +62 2; 
ttag +63 3; 
ttag +64 7; 
ttag +65 3; 
ttag +66 6; 
ttag +67 1; 
ttag +68 7; 
ttag +69 1; 
ttag +70 1; 
ttag +71 4; 
ttag +72 2; 
ttag +73 9; 
ttag +74 2; 
ttag +75 6; 
ttag +76 1; 
ttag +77 10; 
ttag +78 1; 
ttag +79 1; 
ttag +80 1; 
tread
'Tree with tags' 
(0 (1 (11 (12 (13 (((((2 3 )(18 (19 20 )))(14 (17 (15 16 ))))(21 ((22 (23 (24 25 )))((26 27 )(28 ((29 (30 31 ))(((32 (35 (36 (39 (37 38 )))))(33 34 ))(((40 41 )(42 43 ))(45 (46 (44 47 )))))))))))(4 (5 (6 (7 (10 (8 9 )))))))))))); 
ttag *!; 
ttag +0 ////; 
ttag +1 ////; 
ttag +2 ////; 
ttag +3 ////; 
ttag +4 ////; 
ttag +5 ////; 
ttag +6 ////; 
ttag +7 ////; 
ttag +8 ////; 
ttag +9 ////; 
ttag +10 ////; 
ttag +11 ////; 
ttag +12 ////; 
ttag +13 ////; 
ttag +14 ////; 
ttag +15 ////; 
ttag +16 ////; 
ttag +17 ////; 
ttag +18 ////; 
ttag +19 ////; 
ttag +20 ////; 
ttag +21 ////; 
ttag +22 ////; 
ttag +23 ////; 
ttag +24 ////; 
ttag +25 ////; 
ttag +26 ////; 
ttag +27 ////; 
ttag +28 ////; 
ttag +29 ////; 
ttag +30 ////; 
ttag +31 ////; 
ttag +32 ////; 
ttag +33 ////; 
ttag +34 ////; 
ttag +35 ////; 
ttag +36 ////; 
ttag +37 ////; 
ttag +38 ////; 
ttag +39 ////; 
ttag +40 ////; 
ttag +41 ////; 
ttag +42 ////; 
ttag +43 ////; 
ttag +44 ////; 
ttag +45 ////; 
ttag +46 ////; 
ttag +47 ////; 
ttag +48 ////; 
ttag +49 100/100/100/100/100; 
ttag +50 96/95/90/94/93; 
ttag +51 5/[44]/?/?/?; 
ttag +52 0/[49]/?/?/?; 
ttag +53 2/[47]/?/?/?; 
ttag +54 0/[49]/?/?/?; 
ttag +55 10/[38]/?/?/?; 
ttag +56 20/[29]/?/?/?; 
ttag +57 86/78/78/86/73; 
ttag +58 4/[9]/?/?/?; 
ttag +59 4/[14]/?/?/?; 
ttag +60 31/26/19/23/16; 
ttag +61 35/26/22/24/15; 
ttag +62 59/47/36/47/37; 
ttag +63 98/98/95/98/94; 
ttag +64 20/8/5/11/7; 
ttag +65 69/48/46/59/54; 
ttag +66 99/99/96/99/97; 
ttag +67 96/95/90/94/88; 
ttag +68 100/100/100/100/100; 
ttag +69 30/18/16/25/24; 
ttag +70 96/96/90/95/90; 
ttag +71 44/32/30/38/34; 
ttag +72 98/98/93/96/93; 
ttag +73 98/97/94/97/96; 
ttag +74 21/[22]/?/?/?; 
ttag +75 72/68/56/66/57; 
ttag +76 74/70/51/74/58; 
ttag +77 94/93/84/92/88; 
ttag +78 60/48/41/52/35; 
ttag +79 96/96/84/95/84; 
ttag +80 32/15/15/9/10; 
ttag +81 96/95/91/96/86; 
ttag +82 56/46/53/58/53; 
ttag +83 77/67/62/69/62; 
ttag +84 8/[20]/?/?/?; 
ttag +85 76/66/58/65/53; 
ttag +86 84/79/74/76/64; 
ttag +87 98/97/97/99/97; 
ttag +88 42/9/10/16/3; 
ttag +89 94/94/94/96/94; 
ttag +90 38/12/2/8/5; 
ttag +91 100/100/100/99/99; 
ttag +92 58/44/25/38/31; 
ttag +93 28/0/?/1/?; 
ttag +94 54/47/48/42/43; 
