tread
'Tree with tags' 
(0 (1 ((2 3 )((4 5 21 ((12 (11 (6 7 )))(13 ((14 ((15 (16 17 ))(18 (19 20 ))))(26 (28 (27 ((29 (30 31 ))((32 ((33 34 )(35 (36 (39 (37 38 ))))))((46 (41 (40 (42 43 ))))(44 45 47 ))))))))))(8 (9 10 )))(22 (23 24 25 )))))); 
ttag *!; 
ttag +49 ???; 
ttag +50 2; 
ttag +51 6; 
ttag +52 2; 
ttag +53 6; 
ttag +54 2; 
ttag +55 1; 
ttag +56 1; 
ttag +57 1; 
ttag +58 11; 
ttag +59 3; 
ttag +60 1; 
ttag +61 2; 
ttag +62 2; 
ttag +63 6; 
ttag +64 5; 
ttag +65 6; 
ttag +66 6; 
ttag +67 6; 
ttag +68 6; 
ttag +69 2; 
ttag +70 8; 
ttag +71 1; 
ttag +72 2; 
ttag +73 6; 
ttag +74 1; 
ttag +75 7; 
ttag +76 9; 
ttag +77 4; 
ttag +78 6; 
ttag +79 1; 
ttag +80 1; 
ttag +81 3; 
ttag +82 1; 
ttag +83 3; 
ttag +84 1; 
ttag +85 10; 
ttag +86 2; 
ttag +87 2; 
ttag +88 4; 
ttag +89 2; 
tread
'Tree with tags' 
(0 (1 ((2 3 )((21 (((4 5 )((12 (11 (6 7 )))(13 ((14 ((15 (16 17 ))(18 (19 20 ))))(26 (28 (27 ((29 (30 31 ))((32 ((33 34 )(35 (36 (39 (37 38 ))))))((46 (41 (40 (42 43 ))))(47 (44 45 ))))))))))))(8 (9 10 ))))(22 (23 (24 25 ))))))); 
ttag *!; 
ttag +0 ////; 
ttag +1 ////; 
ttag +2 ////; 
ttag +3 ////; 
ttag +4 ////; 
ttag +5 ////; 
ttag +6 ////; 
ttag +7 ////; 
ttag +8 ////; 
ttag +9 ////; 
ttag +10 ////; 
ttag +11 ////; 
ttag +12 ////; 
ttag +13 ////; 
ttag +14 ////; 
ttag +15 ////; 
ttag +16 ////; 
ttag +17 ////; 
ttag +18 ////; 
ttag +19 ////; 
ttag +20 ////; 
ttag +21 ////; 
ttag +22 ////; 
ttag +23 ////; 
ttag +24 ////; 
ttag +25 ////; 
ttag +26 ////; 
ttag +27 ////; 
ttag +28 ////; 
ttag +29 ////; 
ttag +30 ////; 
ttag +31 ////; 
ttag +32 ////; 
ttag +33 ////; 
ttag +34 ////; 
ttag +35 ////; 
ttag +36 ////; 
ttag +37 ////; 
ttag +38 ////; 
ttag +39 ////; 
ttag +40 ////; 
ttag +41 ////; 
ttag +42 ////; 
ttag +43 ////; 
ttag +44 ////; 
ttag +45 ////; 
ttag +46 ////; 
ttag +47 ////; 
ttag +48 ////; 
ttag +49 100/100/100/100/100; 
ttag +50 68/58/43/56/48; 
ttag +51 98/98/92/98/94; 
ttag +52 12/[22]/?/?/?; 
ttag +53 1/[32]/?/?/?; 
ttag +54 1/[32]/?/?/?; 
ttag +55 26/[7]/?/?/?; 
ttag +56 92/90/93/93/90; 
ttag +57 47/37/34/34/25; 
ttag +58 22/6/?/9/?; 
ttag +59 4/[10]/?/?/?; 
ttag +60 2/[32]/?/?/?; 
ttag +61 100/100/100/100/99; 
ttag +62 88/85/80/89/81; 
ttag +63 14/[20]/?/?/?; 
ttag +64 69/62/48/70/52; 
ttag +65 20/[13]/?/?/?; 
ttag +66 99/99/97/99/98; 
ttag +67 88/85/75/87/72; 
ttag +68 100/100/93/98/96; 
ttag +69 98/97/92/98/94; 
ttag +70 99/98/99/99/99; 
ttag +71 79/73/66/78/68; 
ttag +72 81/79/69/74/75; 
ttag +73 53/28/36/34/23; 
ttag +74 88/84/73/83/72; 
ttag +75 27/10/?/4/?; 
ttag +76 44/27/6/25/8; 
ttag +77 95/94/84/96/82; 
ttag +78 37/20/2/13/2; 
ttag +79 98/98/97/98/96; 
ttag +80 98/98/96/99/96; 
ttag +81 60/43/21/34/19; 
ttag +82 95/94/86/95/87; 
ttag +83 21/[22]/?/?/?; 
ttag +84 72/64/55/74/55; 
ttag +85 88/85/78/86/72; 
ttag +86 60/50/41/50/49; 
ttag +87 90/87/80/90/80; 
ttag +88 34/[6]/?/?/?; 
ttag +89 98/97/89/97/94; 
ttag +90 27/[9]/?/?/?; 
ttag +91 42/32/14/26/22; 
ttag +92 93/90/90/96/90; 
ttag +93 23/[6]/0/?/?; 
ttag +94 26/[3]/?/?/?; 
