tread
'Tree with tags' 
(0 (1 (2 3 )(4 5 11 (6 7 (8 (9 10 )))(13 14 (12 ((15 (16 17 ))(18 (19 20 ))))(21 ((22 (23 (24 25 )))(26 (27 (28 (((29 (30 31 ))(32 (33 34 (35 (36 (37 (38 39 ))))))(40 (41 (42 43 ))))(45 (44 (46 47 ))))))))))))); 
ttag *!; 
ttag +49 ???; 
ttag +50 3; 
ttag +51 1; 
ttag +52 1; 
ttag +53 7; 
ttag +54 3; 
ttag +55 1; 
ttag +56 1; 
ttag +57 1; 
ttag +58 1; 
ttag +59 1; 
ttag +60 6; 
ttag +61 8; 
ttag +62 2; 
ttag +63 4; 
ttag +64 3; 
ttag +65 8; 
ttag +66 9; 
ttag +67 3; 
ttag +68 3; 
ttag +69 4; 
ttag +70 5; 
ttag +71 1; 
ttag +72 1; 
ttag +73 5; 
ttag +74 4; 
ttag +75 1; 
ttag +76 1; 
ttag +77 1; 
ttag +78 4; 
ttag +79 1; 
ttag +80 5; 
ttag +81 3; 
ttag +82 5; 
ttag +83 1; 
ttag +84 3; 
ttag +85 1; 
tread
'Tree with tags' 
(0 ((1 (2 3 ))(4 (5 ((11 (6 (7 (8 (9 10 )))))(13 ((14 (12 ((15 (16 17 ))(18 (19 20 )))))(21 ((22 (23 (24 25 )))(26 (27 (28 (((29 (30 31 ))((32 ((33 34 )(35 (36 (37 (38 39 ))))))(40 (41 (42 43 )))))(45 (44 (46 47 )))))))))))))))); 
ttag *!; 
ttag +0 ////; 
ttag +1 ////; 
ttag +2 ////; 
ttag +3 ////; 
ttag +4 ////; 
ttag +5 ////; 
ttag +6 ////; 
ttag +7 ////; 
ttag +8 ////; 
ttag +9 ////; 
ttag +10 ////; 
ttag +11 ////; 
ttag +12 ////; 
ttag +13 ////; 
ttag +14 ////; 
ttag +15 ////; 
ttag +16 ////; 
ttag +17 ////; 
ttag +18 ////; 
ttag +19 ////; 
ttag +20 ////; 
ttag +21 ////; 
ttag +22 ////; 
ttag +23 ////; 
ttag +24 ////; 
ttag +25 ////; 
ttag +26 ////; 
ttag +27 ////; 
ttag +28 ////; 
ttag +29 ////; 
ttag +30 ////; 
ttag +31 ////; 
ttag +32 ////; 
ttag +33 ////; 
ttag +34 ////; 
ttag +35 ////; 
ttag +36 ////; 
ttag +37 ////; 
ttag +38 ////; 
ttag +39 ////; 
ttag +40 ////; 
ttag +41 ////; 
ttag +42 ////; 
ttag +43 ////; 
ttag +44 ////; 
ttag +45 ////; 
ttag +46 ////; 
ttag +47 ////; 
ttag +48 ////; 
ttag +49 50/30/28/32/28; 
ttag +50 100/100/100/100/100; 
ttag +51 97/96/94/97/96; 
ttag +52 58/47/38/57/42; 
ttag +53 16/0/?/6/2; 
ttag +54 56/44/32/51/33; 
ttag +55 12/[3]/?/?/1; 
ttag +56 13/[2]/?/5/4; 
ttag +57 33/[4]/?/2/?; 
ttag +58 100/100/100/100/99; 
ttag +59 76/63/43/64/54; 
ttag +60 28/21/4/19/5; 
ttag +61 11/1/1/4/2; 
ttag +62 10/3/?/0/?; 
ttag +63 22/10/?/14/8; 
ttag +64 51/44/28/50/36; 
ttag +65 51/38/16/38/21; 
ttag +66 52/40/24/47/25; 
ttag +67 98/98/96/99/98; 
ttag +68 100/100/100/100/98; 
ttag +69 42/33/24/46/30; 
ttag +70 67/60/44/66/50; 
ttag +71 56/49/34/58/38; 
ttag +72 91/84/83/91/82; 
ttag +73 99/99/97/99/96; 
ttag +74 56/50/34/60/40; 
ttag +75 51/42/32/48/28; 
ttag +76 63/57/49/72/50; 
ttag +77 88/84/82/87/80; 
ttag +78 14/[12]/?/?/?; 
ttag +79 36/16/20/20/17; 
ttag +80 97/96/97/97/92; 
ttag +81 80/78/65/86/67; 
ttag +82 17/[10]/?/?/?; 
ttag +83 30/12/8/10/10; 
ttag +84 26/8/4/16/4; 
ttag +85 30/17/9/16/20; 
ttag +86 50/34/35/53/29; 
ttag +87 80/74/64/78/61; 
ttag +88 40/23/24/39/37; 
ttag +89 95/93/78/92/82; 
ttag +90 76/67/64/77/64; 
ttag +91 97/96/95/98/92; 
ttag +92 21/3/5/8/0; 
ttag +93 68/58/47/55/49; 
ttag +94 43/29/19/37/18; 
