tread
'Tree with tags' 
(0 (1 ((2 3 )(4 5 (6 (7 ((8 9 10 )(11 ((12 13 )((14 (18 (19 20 )))((15 (16 17 ))(21 ((22 (23 (24 25 )))(26 (27 (28 ((((29 (30 31 ))((32 (33 34 ))(36 (35 (37 (38 39 ))))))(45 (47 (44 46 ))))((40 41 )(42 43 ))))))))))))))))))); 
ttag *!; 
ttag +49 ???; 
ttag +50 4; 
ttag +51 5; 
ttag +52 3; 
ttag +53 1; 
ttag +54 1; 
ttag +55 6; 
ttag +56 2; 
ttag +57 2; 
ttag +58 2; 
ttag +59 3; 
ttag +60 2; 
ttag +61 2; 
ttag +62 8; 
ttag +63 1; 
ttag +64 1; 
ttag +65 7; 
ttag +66 9; 
ttag +67 3; 
ttag +68 7; 
ttag +69 5; 
ttag +70 3; 
ttag +71 7; 
ttag +72 2; 
ttag +73 4; 
ttag +74 3; 
ttag +75 5; 
ttag +76 2; 
ttag +77 2; 
ttag +78 2; 
ttag +79 5; 
ttag +80 1; 
ttag +81 6; 
ttag +82 4; 
ttag +83 1; 
ttag +84 5; 
ttag +85 7; 
ttag +86 1; 
ttag +87 1; 
ttag +88 5; 
ttag +89 3; 
ttag +90 1; 
ttag +91 2; 
ttag +92 1; 
tread
'Tree with tags' 
(0 (1 ((2 3 )(4 (5 (6 (7 ((8 (9 10 ))(11 ((12 13 )((14 (18 (19 20 )))((15 (16 17 ))(21 ((22 (23 (24 25 )))(26 (27 (28 ((((29 (30 31 ))((32 (33 34 ))(36 (35 (37 (38 39 ))))))(45 (47 (44 46 ))))((40 41 )(42 43 )))))))))))))))))))); 
ttag *!; 
ttag +0 ////; 
ttag +1 ////; 
ttag +2 ////; 
ttag +3 ////; 
ttag +4 ////; 
ttag +5 ////; 
ttag +6 ////; 
ttag +7 ////; 
ttag +8 ////; 
ttag +9 ////; 
ttag +10 ////; 
ttag +11 ////; 
ttag +12 ////; 
ttag +13 ////; 
ttag +14 ////; 
ttag +15 ////; 
ttag +16 ////; 
ttag +17 ////; 
ttag +18 ////; 
ttag +19 ////; 
ttag +20 ////; 
ttag +21 ////; 
ttag +22 ////; 
ttag +23 ////; 
ttag +24 ////; 
ttag +25 ////; 
ttag +26 ////; 
ttag +27 ////; 
ttag +28 ////; 
ttag +29 ////; 
ttag +30 ////; 
ttag +31 ////; 
ttag +32 ////; 
ttag +33 ////; 
ttag +34 ////; 
ttag +35 ////; 
ttag +36 ////; 
ttag +37 ////; 
ttag +38 ////; 
ttag +39 ////; 
ttag +40 ////; 
ttag +41 ////; 
ttag +42 ////; 
ttag +43 ////; 
ttag +44 ////; 
ttag +45 ////; 
ttag +46 ////; 
ttag +47 ////; 
ttag +48 ////; 
ttag +49 100/100/100/100/100; 
ttag +50 91/88/84/89/90; 
ttag +51 98/98/90/97/92; 
ttag +52 86/80/69/76/66; 
ttag +53 14/[24]/?/?/?; 
ttag +54 48/34/26/33/27; 
ttag +55 34/22/7/20/2; 
ttag +56 97/96/96/98/92; 
ttag +57 54/49/29/50/28; 
ttag +58 49/20/23/34/32; 
ttag +59 52/47/30/41/32; 
ttag +60 52/39/40/43/33; 
ttag +61 48/38/26/42/18; 
ttag +62 49/28/17/33/17; 
ttag +63 49/43/31/45/30; 
ttag +64 98/97/96/99/96; 
ttag +65 14/[6]/?/?/?; 
ttag +66 47/25/16/22/16; 
ttag +67 95/93/88/96/88; 
ttag +68 100/100/100/100/99; 
ttag +69 55/34/36/49/35; 
ttag +70 98/98/91/98/88; 
ttag +71 68/54/51/64/51; 
ttag +72 85/78/62/73/71; 
ttag +73 99/98/98/99/98; 
ttag +74 50/36/29/43/22; 
ttag +75 56/41/32/53/31; 
ttag +76 46/31/18/30/25; 
ttag +77 79/73/68/78/71; 
ttag +78 28/6/?/15/1; 
ttag +79 45/36/21/41/21; 
ttag +80 69/64/58/60/52; 
ttag +81 96/96/88/90/90; 
ttag +82 17/[23]/?/?/?; 
ttag +83 90/88/84/93/79; 
ttag +84 93/92/84/91/75; 
ttag +85 48/26/25/30/23; 
ttag +86 94/93/86/94/85; 
ttag +87 94/91/92/94/87; 
ttag +88 50/19/13/15/4; 
ttag +89 53/35/31/45/32; 
ttag +90 92/91/85/94/81; 
ttag +91 75/60/63/62/63; 
ttag +92 36/26/19/30/16; 
ttag +93 73/68/54/69/50; 
ttag +94 62/55/48/57/47; 
