tread
'Tree with tags' 
(0 (1 ((2 3 )(4 (((5 (11 (((12 13 )(21 ((22 (23 (24 25 )))((28 (26 27 ))((46 ((29 (30 31 ))(32 (33 34 (35 (36 (37 38 39 )))))))(44 (45 (47 (40 (41 (42 43 )))))))))))(14 ((15 16 17 )(18 (19 20 )))))))(6 7 ))(8 (9 10 ))))))); 
ttag *!; 
ttag +49 ???; 
ttag +50 7; 
ttag +51 2; 
ttag +52 5; 
ttag +53 1; 
ttag +54 2; 
ttag +55 2; 
ttag +56 1; 
ttag +57 10; 
ttag +58 2; 
ttag +59 1; 
ttag +60 3; 
ttag +61 2; 
ttag +62 1; 
ttag +63 2; 
ttag +64 4; 
ttag +65 1; 
ttag +66 9; 
ttag +67 7; 
ttag +68 2; 
ttag +69 1; 
ttag +70 6; 
ttag +71 4; 
ttag +72 1; 
ttag +73 2; 
ttag +74 1; 
ttag +75 5; 
ttag +76 5; 
ttag +77 1; 
ttag +78 1; 
ttag +79 3; 
ttag +80 7; 
ttag +81 3; 
ttag +82 2; 
ttag +83 3; 
ttag +84 4; 
ttag +85 6; 
ttag +86 8; 
ttag +87 1; 
ttag +88 1; 
ttag +89 1; 
ttag +90 3; 
ttag +91 7; 
tread
'Tree with tags' 
(0 (1 ((2 3 )(4 (((5 (11 (((12 13 )(21 ((22 (23 (24 25 )))((28 (26 27 ))((46 ((29 (30 31 ))(32 (33 (34 (35 (36 (38 (37 39 )))))))))(44 (45 (47 (40 (41 (42 43 )))))))))))(14 ((15 (16 17 ))(18 (19 20 )))))))(6 7 ))(8 (9 10 ))))))); 
ttag *!; 
ttag +0 ////; 
ttag +1 ////; 
ttag +2 ////; 
ttag +3 ////; 
ttag +4 ////; 
ttag +5 ////; 
ttag +6 ////; 
ttag +7 ////; 
ttag +8 ////; 
ttag +9 ////; 
ttag +10 ////; 
ttag +11 ////; 
ttag +12 ////; 
ttag +13 ////; 
ttag +14 ////; 
ttag +15 ////; 
ttag +16 ////; 
ttag +17 ////; 
ttag +18 ////; 
ttag +19 ////; 
ttag +20 ////; 
ttag +21 ////; 
ttag +22 ////; 
ttag +23 ////; 
ttag +24 ////; 
ttag +25 ////; 
ttag +26 ////; 
ttag +27 ////; 
ttag +28 ////; 
ttag +29 ////; 
ttag +30 ////; 
ttag +31 ////; 
ttag +32 ////; 
ttag +33 ////; 
ttag +34 ////; 
ttag +35 ////; 
ttag +36 ////; 
ttag +37 ////; 
ttag +38 ////; 
ttag +39 ////; 
ttag +40 ////; 
ttag +41 ////; 
ttag +42 ////; 
ttag +43 ////; 
ttag +44 ////; 
ttag +45 ////; 
ttag +46 ////; 
ttag +47 ////; 
ttag +48 ////; 
ttag +49 100/100/100/100/100; 
ttag +50 98/98/95/96/95; 
ttag +51 70/56/50/59/57; 
ttag +52 89/82/74/84/79; 
ttag +53 14/[6]/?/?/?; 
ttag +54 44/29/21/42/23; 
ttag +55 68/53/49/60/50; 
ttag +56 45/40/35/35/39; 
ttag +57 100/100/100/100/99; 
ttag +58 92/92/89/91/88; 
ttag +59 24/3/2/?/?; 
ttag +60 60/54/37/44/38; 
ttag +61 30/22/8/22/8; 
ttag +62 19/[2]/?/?/?; 
ttag +63 43/32/16/36/25; 
ttag +64 91/88/81/92/83; 
ttag +65 22/[4]/2/?/?; 
ttag +66 38/0/1/?/?; 
ttag +67 100/100/97/100/98; 
ttag +68 100/100/99/98/99; 
ttag +69 30/10/?/11/0; 
ttag +70 66/47/55/47/44; 
ttag +71 87/84/77/94/72; 
ttag +72 83/79/68/78/67; 
ttag +73 63/42/34/44/44; 
ttag +74 77/73/58/68/70; 
ttag +75 9/[28]/?/?/?; 
ttag +76 82/78/72/84/77; 
ttag +77 73/61/50/62/50; 
ttag +78 24/[18]/?/0/?; 
ttag +79 12/[2]/?/2/?; 
ttag +80 54/50/38/42/38; 
ttag +81 96/95/91/95/92; 
ttag +82 96/95/90/94/88; 
ttag +83 53/33/38/42/28; 
ttag +84 20/[10]/?/?/?; 
ttag +85 84/80/60/78/72; 
ttag +86 92/90/84/91/84; 
ttag +87 16/[9]/?/?/?; 
ttag +88 98/97/94/97/93; 
ttag +89 98/98/93/98/94; 
ttag +90 14/0/?/?/?; 
ttag +91 10/[2]/?/?/?; 
ttag +92 6/[6]/?/?/?; 
ttag +93 93/90/86/92/71; 
ttag +94 98/97/91/98/90; 
