tread
'Tree with tags' 
(0 (1 ((2 3 )(4 (5 (((6 7 )(11 (10 (8 9 ))))((12 13 )((14 21 )(((15 16 17 )(18 (19 20 )))(((28 (22 (23 (24 25 ))))((29 (30 31 ))((32 ((33 34 )(35 (36 (37 (38 39 ))))))(41 (40 (42 43 )))(44 45 46 47 ))))(26 27 ))))))))))); 
ttag *!; 
ttag +49 ???; 
ttag +50 5; 
ttag +51 3; 
ttag +52 5; 
ttag +53 3; 
ttag +54 1; 
ttag +55 3; 
ttag +56 4; 
ttag +57 1; 
ttag +58 10; 
ttag +59 1; 
ttag +60 2; 
ttag +61 1; 
ttag +62 1; 
ttag +63 4; 
ttag +64 7; 
ttag +65 1; 
ttag +66 1; 
ttag +67 6; 
ttag +68 8; 
ttag +69 2; 
ttag +70 1; 
ttag +71 1; 
ttag +72 3; 
ttag +73 4; 
ttag +74 4; 
ttag +75 1; 
ttag +76 5; 
ttag +77 4; 
ttag +78 1; 
ttag +79 6; 
ttag +80 2; 
ttag +81 6; 
ttag +82 1; 
ttag +83 1; 
ttag +84 3; 
ttag +85 6; 
ttag +86 2; 
ttag +87 2; 
ttag +88 7; 
ttag +89 5; 
ttag +90 2; 
tread
'Tree with tags' 
(0 (1 ((2 3 )(4 (5 (((6 7 )(11 (10 (8 9 ))))((12 13 )((14 21 )(((17 (15 16 ))(18 (19 20 )))(((28 (22 (23 (24 25 ))))((29 (30 31 ))(((32 ((33 34 )(35 (36 (37 (38 39 ))))))(47 (44 (45 46 ))))(41 (40 (42 43 ))))))(26 27 ))))))))))); 
ttag *!; 
ttag +0 ////; 
ttag +1 ////; 
ttag +2 ////; 
ttag +3 ////; 
ttag +4 ////; 
ttag +5 ////; 
ttag +6 ////; 
ttag +7 ////; 
ttag +8 ////; 
ttag +9 ////; 
ttag +10 ////; 
ttag +11 ////; 
ttag +12 ////; 
ttag +13 ////; 
ttag +14 ////; 
ttag +15 ////; 
ttag +16 ////; 
ttag +17 ////; 
ttag +18 ////; 
ttag +19 ////; 
ttag +20 ////; 
ttag +21 ////; 
ttag +22 ////; 
ttag +23 ////; 
ttag +24 ////; 
ttag +25 ////; 
ttag +26 ////; 
ttag +27 ////; 
ttag +28 ////; 
ttag +29 ////; 
ttag +30 ////; 
ttag +31 ////; 
ttag +32 ////; 
ttag +33 ////; 
ttag +34 ////; 
ttag +35 ////; 
ttag +36 ////; 
ttag +37 ////; 
ttag +38 ////; 
ttag +39 ////; 
ttag +40 ////; 
ttag +41 ////; 
ttag +42 ////; 
ttag +43 ////; 
ttag +44 ////; 
ttag +45 ////; 
ttag +46 ////; 
ttag +47 ////; 
ttag +48 ////; 
ttag +49 100/100/100/100/100; 
ttag +50 97/97/98/98/96; 
ttag +51 70/46/45/53/36; 
ttag +52 74/65/54/72/59; 
ttag +53 38/11/?/24/?; 
ttag +54 35/19/15/27/23; 
ttag +55 51/46/29/40/30; 
ttag +56 57/49/32/54/37; 
ttag +57 52/22/9/26/13; 
ttag +58 100/100/99/100/100; 
ttag +59 35/20/11/28/16; 
ttag +60 53/47/43/43/33; 
ttag +61 34/21/15/33/18; 
ttag +62 22/[9]/?/?/?; 
ttag +63 43/37/18/46/24; 
ttag +64 33/[12]/?/?/?; 
ttag +65 99/99/93/98/94; 
ttag +66 57/50/38/57/41; 
ttag +67 17/[15]/?/?/?; 
ttag +68 96/95/93/96/92; 
ttag +69 100/100/99/100/100; 
ttag +70 92/89/80/90/80; 
ttag +71 39/16/14/14/13; 
ttag +72 8/[18]/?/?/?; 
ttag +73 59/51/32/58/42; 
ttag +74 82/72/56/74/60; 
ttag +75 91/88/77/85/75; 
ttag +76 46/25/23/20/24; 
ttag +77 86/84/73/82/64; 
ttag +78 71/65/56/76/61; 
ttag +79 52/21/18/26/18; 
ttag +80 91/90/80/92/84; 
ttag +81 31/[6]/?/?/?; 
ttag +82 62/52/28/48/45; 
ttag +83 94/92/90/93/84; 
ttag +84 54/38/28/32/25; 
ttag +85 46/20/14/45/19; 
ttag +86 74/68/54/74/60; 
ttag +87 92/91/84/94/87; 
ttag +88 78/70/61/71/66; 
ttag +89 58/38/16/35/22; 
ttag +90 94/92/84/92/84; 
ttag +91 92/87/73/84/68; 
ttag +92 40/28/22/30/25; 
ttag +93 66/56/36/53/42; 
ttag +94 16/[10]/?/?/?; 
