tread
'Tree with tags' 
(0 (1 (2 3 (4 (5 ((6 7 )((21 ((14 ((((8 (9 10 ))(22 (23 (24 25 ))))(26 (27 (28 ((29 (30 31 ))(41 (40 (42 43 ))))(32 ((33 34 )(35 (36 (37 (38 39 ))))))(44 45 46 47 )))))(18 (19 20 ))))(15 (16 17 ))))(11 (12 13 ))))))))); 
ttag *!; 
ttag +49 ???; 
ttag +50 7; 
ttag +51 10; 
ttag +52 1; 
ttag +53 4; 
ttag +54 2; 
ttag +55 6; 
ttag +56 1; 
ttag +57 1; 
ttag +58 1; 
ttag +59 1; 
ttag +60 1; 
ttag +61 1; 
ttag +62 1; 
ttag +63 5; 
ttag +64 1; 
ttag +65 2; 
ttag +66 7; 
ttag +67 1; 
ttag +68 7; 
ttag +69 5; 
ttag +70 1; 
ttag +71 7; 
ttag +72 2; 
ttag +73 9; 
ttag +74 1; 
ttag +75 1; 
ttag +76 4; 
ttag +77 2; 
ttag +78 5; 
ttag +79 3; 
ttag +80 4; 
ttag +81 2; 
ttag +82 2; 
ttag +83 3; 
ttag +84 6; 
ttag +85 3; 
ttag +86 2; 
ttag +87 8; 
ttag +88 5; 
ttag +89 3; 
tread
'Tree with tags' 
(0 (1 (3 (2 (4 (5 ((6 7 )((21 ((14 ((((8 (9 10 ))(22 (23 (24 25 ))))(26 (27 ((28 (47 (45 (44 46 ))))(((29 (30 31 ))(41 (40 (42 43 ))))(32 ((33 34 )(35 (36 (37 (38 39 )))))))))))(18 (19 20 ))))(15 (16 17 ))))(11 (12 13 )))))))))); 
ttag *!; 
ttag +0 ////; 
ttag +1 ////; 
ttag +2 ////; 
ttag +3 ////; 
ttag +4 ////; 
ttag +5 ////; 
ttag +6 ////; 
ttag +7 ////; 
ttag +8 ////; 
ttag +9 ////; 
ttag +10 ////; 
ttag +11 ////; 
ttag +12 ////; 
ttag +13 ////; 
ttag +14 ////; 
ttag +15 ////; 
ttag +16 ////; 
ttag +17 ////; 
ttag +18 ////; 
ttag +19 ////; 
ttag +20 ////; 
ttag +21 ////; 
ttag +22 ////; 
ttag +23 ////; 
ttag +24 ////; 
ttag +25 ////; 
ttag +26 ////; 
ttag +27 ////; 
ttag +28 ////; 
ttag +29 ////; 
ttag +30 ////; 
ttag +31 ////; 
ttag +32 ////; 
ttag +33 ////; 
ttag +34 ////; 
ttag +35 ////; 
ttag +36 ////; 
ttag +37 ////; 
ttag +38 ////; 
ttag +39 ////; 
ttag +40 ////; 
ttag +41 ////; 
ttag +42 ////; 
ttag +43 ////; 
ttag +44 ////; 
ttag +45 ////; 
ttag +46 ////; 
ttag +47 ////; 
ttag +48 ////; 
ttag +49 100/100/100/100/100; 
ttag +50 24/[30]/?/?/?; 
ttag +51 98/96/97/96/96; 
ttag +52 99/99/99/100/99; 
ttag +53 37/7/4/8/4; 
ttag +54 90/88/80/92/84; 
ttag +55 44/27/23/28/26; 
ttag +56 98/98/95/99/96; 
ttag +57 14/[15]/?/?/?; 
ttag +58 3/[26]/?/?/?; 
ttag +59 0/[30]/?/?/?; 
ttag +60 0/[30]/?/?/?; 
ttag +61 0/[29]/?/?/?; 
ttag +62 4/[25]/?/?/?; 
ttag +63 13/[3]/?/?/?; 
ttag +64 94/92/85/93/89; 
ttag +65 30/22/10/22/14; 
ttag +66 47/32/31/35/34; 
ttag +67 97/96/91/97/93; 
ttag +68 38/[4]/?/?/3; 
ttag +69 96/96/94/99/96; 
ttag +70 94/93/96/93/94; 
ttag +71 31/14/8/16/8; 
ttag +72 94/92/88/96/92; 
ttag +73 70/50/58/48/44; 
ttag +74 95/94/88/95/92; 
ttag +75 78/66/70/71/63; 
ttag +76 18/[22]/?/?/?; 
ttag +77 53/38/43/47/43; 
ttag +78 90/86/80/86/73; 
ttag +79 54/43/30/56/35; 
ttag +80 8/[26]/?/?/?; 
ttag +81 100/100/99/99/98; 
ttag +82 63/58/53/65/47; 
ttag +83 87/84/78/88/81; 
ttag +84 57/45/41/55/40; 
ttag +85 80/74/57/75/56; 
ttag +86 92/90/82/88/87; 
ttag +87 98/98/97/99/95; 
ttag +88 89/85/76/87/78; 
ttag +89 84/77/61/74/58; 
ttag +90 99/99/97/98/96; 
ttag +91 96/94/89/95/90; 
ttag +92 17/[8]/?/?/?; 
ttag +93 6/[17]/?/?/?; 
ttag +94 77/74/62/83/65; 
