tread
'Tree with tags' 
(0 (1 ((2 3 )(4 5 (6 7 ((8 (9 10 ))(11 ((12 21 )(13 ((14 (15 (16 17 ))(18 (19 20 )))((22 (23 (24 25 )))(26 (27 (28 (((29 (30 31 ))(32 (33 34 )(35 (36 (37 38 39 )))))(44 45 46 47 (40 41 (42 43 )))))))))))))))))); 
ttag *!; 
ttag +49 ???; 
ttag +50 7; 
ttag +51 2; 
ttag +52 4; 
ttag +53 4; 
ttag +54 7; 
ttag +55 1; 
ttag +56 2; 
ttag +57 1; 
ttag +58 1; 
ttag +59 5; 
ttag +60 1; 
ttag +61 1; 
ttag +62 1; 
ttag +63 3; 
ttag +64 2; 
ttag +65 6; 
ttag +66 9; 
ttag +67 6; 
ttag +68 1; 
ttag +69 5; 
ttag +70 5; 
ttag +71 9; 
ttag +72 1; 
ttag +73 1; 
ttag +74 5; 
ttag +75 1; 
ttag +76 2; 
ttag +77 5; 
ttag +78 4; 
ttag +79 3; 
ttag +80 1; 
ttag +81 1; 
ttag +82 4; 
ttag +83 6; 
ttag +84 3; 
ttag +85 9; 
tread
'Tree with tags' 
(0 (1 ((2 3 )((4 5 )((6 7 )((8 (9 10 ))(11 ((12 21 )(13 (((14 (18 (19 20 )))(15 (16 17 )))((22 (23 (24 25 )))(26 (27 (28 (((29 (30 31 ))((32 (35 (36 (37 (38 39 )))))(33 34 )))((40 (41 (42 43 )))(47 (44 (45 46 ))))))))))))))))))); 
ttag *!; 
ttag +0 ////; 
ttag +1 ////; 
ttag +2 ////; 
ttag +3 ////; 
ttag +4 ////; 
ttag +5 ////; 
ttag +6 ////; 
ttag +7 ////; 
ttag +8 ////; 
ttag +9 ////; 
ttag +10 ////; 
ttag +11 ////; 
ttag +12 ////; 
ttag +13 ////; 
ttag +14 ////; 
ttag +15 ////; 
ttag +16 ////; 
ttag +17 ////; 
ttag +18 ////; 
ttag +19 ////; 
ttag +20 ////; 
ttag +21 ////; 
ttag +22 ////; 
ttag +23 ////; 
ttag +24 ////; 
ttag +25 ////; 
ttag +26 ////; 
ttag +27 ////; 
ttag +28 ////; 
ttag +29 ////; 
ttag +30 ////; 
ttag +31 ////; 
ttag +32 ////; 
ttag +33 ////; 
ttag +34 ////; 
ttag +35 ////; 
ttag +36 ////; 
ttag +37 ////; 
ttag +38 ////; 
ttag +39 ////; 
ttag +40 ////; 
ttag +41 ////; 
ttag +42 ////; 
ttag +43 ////; 
ttag +44 ////; 
ttag +45 ////; 
ttag +46 ////; 
ttag +47 ////; 
ttag +48 ////; 
ttag +49 100/100/100/100/100; 
ttag +50 100/100/98/100/98; 
ttag +51 79/71/63/72/65; 
ttag +52 9/2/2/1/2; 
ttag +53 90/89/76/87/75; 
ttag +54 64/50/51/39/41; 
ttag +55 75/70/55/72/60; 
ttag +56 98/98/96/100/98; 
ttag +57 40/25/14/20/20; 
ttag +58 81/73/76/75/74; 
ttag +59 63/48/35/46/42; 
ttag +60 34/22/18/20/22; 
ttag +61 90/88/81/91/84; 
ttag +62 23/2/4/0/4; 
ttag +63 12/[46]/?/?/?; 
ttag +64 72/65/64/64/54; 
ttag +65 35/14/15/14/14; 
ttag +66 84/77/69/73/66; 
ttag +67 67/56/42/52/28; 
ttag +68 96/96/88/98/89; 
ttag +69 100/100/100/100/100; 
ttag +70 96/95/93/98/92; 
ttag +71 55/39/36/48/37; 
ttag +72 96/95/88/95/88; 
ttag +73 96/95/88/96/87; 
ttag +74 99/99/98/100/97; 
ttag +75 50/25/6/30/10; 
ttag +76 50/36/24/41/32; 
ttag +77 90/88/88/94/83; 
ttag +78 37/15/9/33/14; 
ttag +79 72/65/63/75/62; 
ttag +80 96/94/90/95/93; 
ttag +81 16/[32]/?/?/?; 
ttag +82 93/92/89/94/86; 
ttag +83 86/81/69/80/64; 
ttag +84 52/43/31/48/28; 
ttag +85 64/53/47/58/46; 
ttag +86 96/96/78/94/86; 
ttag +87 26/[8]/?/?/?; 
ttag +88 96/96/95/97/91; 
ttag +89 78/73/67/76/68; 
ttag +90 36/6/16/16/7; 
ttag +91 100/100/99/100/99; 
ttag +92 13/[13]/?/?/?; 
ttag +93 45/18/33/18/24; 
ttag +94 13/[13]/?/?/?; 
