tread
'Tree with tags' 
(0 (1 ((2 3 )(4 5 (6 7 (8 (9 10 )))(11 12 13 21 (14 ((15 (16 17 ))(18 (19 20 ))))(26 27 28 (22 (23 (24 25 )))((29 (30 31 ))((32 (33 34 )(35 (36 (37 (38 39 )))))((40 41 )(42 43 )))(44 (45 (46 47 )))))))))); 
ttag *!; 
ttag +49 ???; 
ttag +50 6; 
ttag +51 6; 
ttag +52 2; 
ttag +53 1; 
ttag +54 6; 
ttag +55 2; 
ttag +56 1; 
ttag +57 3; 
ttag +58 8; 
ttag +59 1; 
ttag +60 2; 
ttag +61 3; 
ttag +62 14; 
ttag +63 2; 
ttag +64 1; 
ttag +65 6; 
ttag +66 8; 
ttag +67 3; 
ttag +68 1; 
ttag +69 3; 
ttag +70 4; 
ttag +71 1; 
ttag +72 4; 
ttag +73 2; 
ttag +74 2; 
ttag +75 8; 
ttag +76 1; 
ttag +77 1; 
ttag +78 4; 
ttag +79 10; 
ttag +80 4; 
ttag +81 1; 
ttag +82 2; 
tread
'Tree with tags' 
(0 (1 ((2 3 )(((4 5 )((21 ((11 (14 ((15 (16 17 ))(18 (19 20 )))))((28 (22 (23 (24 25 ))))(26 (27 (((29 (30 31 ))(((32 (35 (36 (37 (38 39 )))))(33 34 ))((40 41 )(42 43 ))))(44 (45 (46 47 )))))))))(12 13 )))(6 (7 (8 (9 10 )))))))); 
ttag *!; 
ttag +0 ////; 
ttag +1 ////; 
ttag +2 ////; 
ttag +3 ////; 
ttag +4 ////; 
ttag +5 ////; 
ttag +6 ////; 
ttag +7 ////; 
ttag +8 ////; 
ttag +9 ////; 
ttag +10 ////; 
ttag +11 ////; 
ttag +12 ////; 
ttag +13 ////; 
ttag +14 ////; 
ttag +15 ////; 
ttag +16 ////; 
ttag +17 ////; 
ttag +18 ////; 
ttag +19 ////; 
ttag +20 ////; 
ttag +21 ////; 
ttag +22 ////; 
ttag +23 ////; 
ttag +24 ////; 
ttag +25 ////; 
ttag +26 ////; 
ttag +27 ////; 
ttag +28 ////; 
ttag +29 ////; 
ttag +30 ////; 
ttag +31 ////; 
ttag +32 ////; 
ttag +33 ////; 
ttag +34 ////; 
ttag +35 ////; 
ttag +36 ////; 
ttag +37 ////; 
ttag +38 ////; 
ttag +39 ////; 
ttag +40 ////; 
ttag +41 ////; 
ttag +42 ////; 
ttag +43 ////; 
ttag +44 ////; 
ttag +45 ////; 
ttag +46 ////; 
ttag +47 ////; 
ttag +48 ////; 
ttag +49 100/100/100/100/100; 
ttag +50 99/98/96/97/95; 
ttag +51 97/96/90/98/94; 
ttag +52 37/22/15/20/14; 
ttag +53 7/[7]/?/?/?; 
ttag +54 86/80/73/83/72; 
ttag +55 34/25/10/21/20; 
ttag +56 31/12/?/8/8; 
ttag +57 98/98/97/96/95; 
ttag +58 74/60/45/59/57; 
ttag +59 28/18/10/15/18; 
ttag +60 8/[2]/?/6/?; 
ttag +61 16/4/2/11/6; 
ttag +62 44/32/24/36/29; 
ttag +63 35/29/30/27/27; 
ttag +64 84/81/61/77/66; 
ttag +65 99/98/98/99/98; 
ttag +66 62/50/39/50/41; 
ttag +67 78/74/59/78/60; 
ttag +68 92/89/81/93/77; 
ttag +69 100/100/100/100/100; 
ttag +70 87/80/70/80/78; 
ttag +71 0/[36]/?/?/?; 
ttag +72 49/38/32/47/26; 
ttag +73 98/97/96/98/94; 
ttag +74 100/100/99/100/98; 
ttag +75 5/[28]/?/?/?; 
ttag +76 5/[28]/?/?/?; 
ttag +77 94/93/82/92/78; 
ttag +78 12/[10]/?/?/?; 
ttag +79 48/32/22/32/16; 
ttag +80 94/93/90/94/91; 
ttag +81 40/8/?/19/5; 
ttag +82 94/93/86/96/90; 
ttag +83 37/14/0/16/12; 
ttag +84 87/85/82/87/76; 
ttag +85 70/64/49/72/48; 
ttag +86 83/78/69/79/69; 
ttag +87 98/98/90/97/90; 
ttag +88 67/54/44/62/44; 
ttag +89 43/1/16/4/8; 
ttag +90 93/92/83/91/84; 
ttag +91 100/100/99/100/100; 
ttag +92 82/79/77/80/68; 
ttag +93 54/45/44/47/35; 
ttag +94 65/59/53/64/57; 
