tread
'Tree with tags' 
(0 (1 ((2 3 )(4 (5 ((6 7 )(8 9 10 )(11 ((12 13 )(14 (21 ((22 (23 (24 25 )))(26 (27 (28 (((29 (30 31 ))(32 ((33 34 )(35 (36 (38 (37 39 )))))))(((40 41 )(42 43 ))(46 (45 (44 47 )))))))))))((15 (16 17 ))(18 (19 20 ))))))))))); 
ttag *!; 
ttag +49 ???; 
ttag +50 5; 
ttag +51 3; 
ttag +52 4; 
ttag +53 2; 
ttag +54 1; 
ttag +55 3; 
ttag +56 9; 
ttag +57 1; 
ttag +58 1; 
ttag +59 3; 
ttag +60 1; 
ttag +61 3; 
ttag +62 1; 
ttag +63 2; 
ttag +64 2; 
ttag +65 11; 
ttag +66 2; 
ttag +67 1; 
ttag +68 2; 
ttag +69 4; 
ttag +70 5; 
ttag +71 5; 
ttag +72 3; 
ttag +73 1; 
ttag +74 6; 
ttag +75 1; 
ttag +76 1; 
ttag +77 4; 
ttag +78 4; 
ttag +79 2; 
ttag +80 1; 
ttag +81 4; 
ttag +82 4; 
ttag +83 1; 
ttag +84 9; 
ttag +85 3; 
ttag +86 3; 
ttag +87 1; 
ttag +88 4; 
ttag +89 2; 
ttag +90 2; 
ttag +91 3; 
tread
'Tree with tags' 
(0 (1 ((2 3 )(4 (5 (((6 7 )(10 (8 9 )))(11 ((12 13 )((14 (21 ((22 (23 (24 25 )))(26 (27 (28 (((29 (30 31 ))(32 ((33 34 )(35 (36 (38 (37 39 )))))))(((40 41 )(42 43 ))(46 (45 (44 47 )))))))))))((15 (16 17 ))(18 (19 20 )))))))))))); 
ttag *!; 
ttag +0 ////; 
ttag +1 ////; 
ttag +2 ////; 
ttag +3 ////; 
ttag +4 ////; 
ttag +5 ////; 
ttag +6 ////; 
ttag +7 ////; 
ttag +8 ////; 
ttag +9 ////; 
ttag +10 ////; 
ttag +11 ////; 
ttag +12 ////; 
ttag +13 ////; 
ttag +14 ////; 
ttag +15 ////; 
ttag +16 ////; 
ttag +17 ////; 
ttag +18 ////; 
ttag +19 ////; 
ttag +20 ////; 
ttag +21 ////; 
ttag +22 ////; 
ttag +23 ////; 
ttag +24 ////; 
ttag +25 ////; 
ttag +26 ////; 
ttag +27 ////; 
ttag +28 ////; 
ttag +29 ////; 
ttag +30 ////; 
ttag +31 ////; 
ttag +32 ////; 
ttag +33 ////; 
ttag +34 ////; 
ttag +35 ////; 
ttag +36 ////; 
ttag +37 ////; 
ttag +38 ////; 
ttag +39 ////; 
ttag +40 ////; 
ttag +41 ////; 
ttag +42 ////; 
ttag +43 ////; 
ttag +44 ////; 
ttag +45 ////; 
ttag +46 ////; 
ttag +47 ////; 
ttag +48 ////; 
ttag +49 100/100/100/100/100; 
ttag +50 90/86/87/92/86; 
ttag +51 90/88/76/88/80; 
ttag +52 90/85/67/87/78; 
ttag +53 48/28/10/30/12; 
ttag +54 45/25/8/28/30; 
ttag +55 25/10/10/12/14; 
ttag +56 50/40/20/41/28; 
ttag +57 29/[24]/?/?/?; 
ttag +58 100/100/99/100/99; 
ttag +59 34/20/12/26/18; 
ttag +60 53/46/32/60/43; 
ttag +61 73/72/55/77/62; 
ttag +62 60/56/48/64/43; 
ttag +63 14/[4]/?/?/?; 
ttag +64 79/68/59/69/66; 
ttag +65 43/27/22/37/22; 
ttag +66 56/33/27/44/28; 
ttag +67 90/89/84/89/86; 
ttag +68 100/100/100/100/100; 
ttag +69 54/47/36/48/28; 
ttag +70 62/40/45/46/46; 
ttag +71 62/54/44/55/35; 
ttag +72 86/80/65/79/68; 
ttag +73 88/83/79/89/82; 
ttag +74 90/89/76/84/71; 
ttag +75 59/46/28/42/16; 
ttag +76 47/39/24/36/22; 
ttag +77 96/96/88/92/87; 
ttag +78 12/[4]/?/?/?; 
ttag +79 57/48/41/44/42; 
ttag +80 93/90/80/87/82; 
ttag +81 65/57/51/58/44; 
ttag +82 79/72/71/79/80; 
ttag +83 16/[10]/?/?/?; 
ttag +84 65/56/48/54/45; 
ttag +85 67/58/54/55/48; 
ttag +86 46/32/30/34/34; 
ttag +87 99/99/99/100/98; 
ttag +88 63/53/51/58/54; 
ttag +89 62/47/44/50/38; 
ttag +90 29/12/10/12/12; 
ttag +91 91/88/90/87/90; 
ttag +92 44/35/23/28/20; 
ttag +93 41/26/20/31/20; 
ttag +94 60/44/41/42/44; 
