tread
'Tree with tags' 
(0 (1 ((2 3 )(4 (5 11 (6 7 )(8 (9 10 ))(12 13 14 (15 (16 17 ))(18 (19 20 ))(21 ((22 (23 (24 25 )))(27 (28 (26 ((29 (30 31 ))(((32 (35 ((33 34 )(36 (38 (37 39 ))))))(47 (46 (44 45 ))))(40 (41 (42 43 )))))))))))))))); 
ttag *!; 
ttag +49 ???; 
ttag +50 6; 
ttag +51 1; 
ttag +52 3; 
ttag +53 5; 
ttag +54 2; 
ttag +55 10; 
ttag +56 3; 
ttag +57 1; 
ttag +58 3; 
ttag +59 1; 
ttag +60 3; 
ttag +61 8; 
ttag +62 3; 
ttag +63 6; 
ttag +64 3; 
ttag +65 4; 
ttag +66 6; 
ttag +67 1; 
ttag +68 1; 
ttag +69 4; 
ttag +70 5; 
ttag +71 6; 
ttag +72 2; 
ttag +73 9; 
ttag +74 2; 
ttag +75 5; 
ttag +76 6; 
ttag +77 1; 
ttag +78 3; 
ttag +79 3; 
ttag +80 2; 
ttag +81 7; 
ttag +82 6; 
ttag +83 4; 
ttag +84 11; 
ttag +85 1; 
ttag +86 1; 
ttag +87 1; 
tread
'Tree with tags' 
(0 (1 ((2 3 )(4 ((5 ((11 (6 7 ))(8 (9 10 ))))(13 (12 ((14 ((15 (16 17 ))(18 (19 20 ))))(21 ((22 (23 (24 25 )))(27 (28 (26 ((29 (30 31 ))(((32 (35 ((33 34 )(36 (38 (37 39 ))))))(47 (46 (44 45 ))))(40 (41 (42 43 )))))))))))))))))); 
ttag *!; 
ttag +0 ////; 
ttag +1 ////; 
ttag +2 ////; 
ttag +3 ////; 
ttag +4 ////; 
ttag +5 ////; 
ttag +6 ////; 
ttag +7 ////; 
ttag +8 ////; 
ttag +9 ////; 
ttag +10 ////; 
ttag +11 ////; 
ttag +12 ////; 
ttag +13 ////; 
ttag +14 ////; 
ttag +15 ////; 
ttag +16 ////; 
ttag +17 ////; 
ttag +18 ////; 
ttag +19 ////; 
ttag +20 ////; 
ttag +21 ////; 
ttag +22 ////; 
ttag +23 ////; 
ttag +24 ////; 
ttag +25 ////; 
ttag +26 ////; 
ttag +27 ////; 
ttag +28 ////; 
ttag +29 ////; 
ttag +30 ////; 
ttag +31 ////; 
ttag +32 ////; 
ttag +33 ////; 
ttag +34 ////; 
ttag +35 ////; 
ttag +36 ////; 
ttag +37 ////; 
ttag +38 ////; 
ttag +39 ////; 
ttag +40 ////; 
ttag +41 ////; 
ttag +42 ////; 
ttag +43 ////; 
ttag +44 ////; 
ttag +45 ////; 
ttag +46 ////; 
ttag +47 ////; 
ttag +48 ////; 
ttag +49 100/100/100/100/100; 
ttag +50 98/98/96/98/96; 
ttag +51 66/42/34/43/38; 
ttag +52 93/91/84/91/82; 
ttag +53 34/15/11/14/16; 
ttag +54 97/96/92/98/93; 
ttag +55 88/83/82/88/82; 
ttag +56 9/[46]/?/?/?; 
ttag +57 24/[15]/?/?/?; 
ttag +58 99/99/99/100/100; 
ttag +59 87/85/84/90/76; 
ttag +60 25/12/11/3/8; 
ttag +61 66/59/40/57/52; 
ttag +62 24/13/7/6/8; 
ttag +63 24/9/5/10/5; 
ttag +64 94/92/87/94/87; 
ttag +65 31/5/2/?/2; 
ttag +66 52/40/35/50/38; 
ttag +67 79/67/60/77/62; 
ttag +68 100/100/100/100/100; 
ttag +69 64/59/50/69/57; 
ttag +70 96/95/89/96/85; 
ttag +71 64/56/56/66/58; 
ttag +72 95/94/81/88/80; 
ttag +73 98/98/97/99/97; 
ttag +74 29/10/0/11/?; 
ttag +75 22/4/?/7/?; 
ttag +76 75/72/60/72/53; 
ttag +77 88/86/80/89/75; 
ttag +78 87/82/76/79/72; 
ttag +79 73/69/56/68/57; 
ttag +80 98/98/95/99/97; 
ttag +81 48/38/24/41/23; 
ttag +82 92/88/73/88/78; 
ttag +83 99/98/94/97/91; 
ttag +84 57/33/38/42/42; 
ttag +85 86/80/74/88/77; 
ttag +86 85/76/60/85/72; 
ttag +87 89/86/76/86/79; 
ttag +88 100/100/95/99/95; 
ttag +89 97/97/93/97/92; 
ttag +90 82/71/57/71/50; 
ttag +91 100/100/100/100/100; 
ttag +92 21/1/9/9/?; 
ttag +93 28/8/18/16/4; 
ttag +94 44/35/25/37/22; 
