tread
'Tree with tags' 
(0 (1 ((2 3 )(7 ((6 (5 (4 (11 (12 13 (21 (14 ((15 16 17 )(18 (19 20 ))((22 (23 (24 25 )))(26 (27 (28 ((29 (30 31 ))(((32 (35 (36 (37 (38 39 )))))(33 34 ))((40 (41 (42 43 )))(46 47 (44 45 )))))))))))))))))(8 (9 10 ))))))); 
ttag *!; 
ttag +49 ???; 
ttag +50 9; 
ttag +51 3; 
ttag +52 1; 
ttag +53 3; 
ttag +54 1; 
ttag +55 1; 
ttag +56 6; 
ttag +57 13; 
ttag +58 1; 
ttag +59 2; 
ttag +60 3; 
ttag +61 2; 
ttag +62 2; 
ttag +63 4; 
ttag +64 2; 
ttag +65 5; 
ttag +66 9; 
ttag +67 3; 
ttag +68 3; 
ttag +69 6; 
ttag +70 5; 
ttag +71 3; 
ttag +72 3; 
ttag +73 3; 
ttag +74 3; 
ttag +75 2; 
ttag +76 4; 
ttag +77 1; 
ttag +78 4; 
ttag +79 1; 
ttag +80 5; 
ttag +81 3; 
ttag +82 1; 
ttag +83 5; 
ttag +84 6; 
ttag +85 4; 
ttag +86 1; 
ttag +87 2; 
ttag +88 6; 
ttag +89 1; 
ttag +90 2; 
tread
'Tree with tags' 
(0 (1 ((2 3 )(7 ((6 (5 (4 (11 (12 (13 (21 (14 (((15 (16 17 ))((22 (23 (24 25 )))(26 (27 (28 ((29 (30 31 ))(((32 (35 (36 (37 (38 39 )))))(33 34 ))((40 (41 (42 43 )))((44 45 )(46 47 ))))))))))(18 (19 20 )))))))))))(8 (9 10 ))))))); 
ttag *!; 
ttag +0 ////; 
ttag +1 ////; 
ttag +2 ////; 
ttag +3 ////; 
ttag +4 ////; 
ttag +5 ////; 
ttag +6 ////; 
ttag +7 ////; 
ttag +8 ////; 
ttag +9 ////; 
ttag +10 ////; 
ttag +11 ////; 
ttag +12 ////; 
ttag +13 ////; 
ttag +14 ////; 
ttag +15 ////; 
ttag +16 ////; 
ttag +17 ////; 
ttag +18 ////; 
ttag +19 ////; 
ttag +20 ////; 
ttag +21 ////; 
ttag +22 ////; 
ttag +23 ////; 
ttag +24 ////; 
ttag +25 ////; 
ttag +26 ////; 
ttag +27 ////; 
ttag +28 ////; 
ttag +29 ////; 
ttag +30 ////; 
ttag +31 ////; 
ttag +32 ////; 
ttag +33 ////; 
ttag +34 ////; 
ttag +35 ////; 
ttag +36 ////; 
ttag +37 ////; 
ttag +38 ////; 
ttag +39 ////; 
ttag +40 ////; 
ttag +41 ////; 
ttag +42 ////; 
ttag +43 ////; 
ttag +44 ////; 
ttag +45 ////; 
ttag +46 ////; 
ttag +47 ////; 
ttag +48 ////; 
ttag +49 100/100/100/100/100; 
ttag +50 100/100/99/100/99; 
ttag +51 66/43/36/41/33; 
ttag +52 34/22/0/25/1; 
ttag +53 32/11/?/18/1; 
ttag +54 12/[17]/?/?/?; 
ttag +55 11/[18]/?/?/?; 
ttag +56 94/92/89/93/88; 
ttag +57 100/100/100/100/100; 
ttag +58 48/14/9/15/12; 
ttag +59 62/49/40/54/38; 
ttag +60 53/39/20/36/18; 
ttag +61 24/10/?/7/0; 
ttag +62 31/14/5/26/10; 
ttag +63 46/39/28/40/30; 
ttag +64 81/68/50/67/65; 
ttag +65 13/[11]/?/?/?; 
ttag +66 53/40/28/42/26; 
ttag +67 20/[29]/?/?/?; 
ttag +68 92/90/80/90/84; 
ttag +69 100/100/100/100/100; 
ttag +70 78/74/61/73/64; 
ttag +71 60/49/44/56/42; 
ttag +72 98/98/96/96/95; 
ttag +73 96/96/86/96/94; 
ttag +74 84/80/74/88/76; 
ttag +75 71/60/52/66/54; 
ttag +76 83/81/76/78/79; 
ttag +77 54/46/34/45/32; 
ttag +78 68/64/57/68/58; 
ttag +79 86/79/76/82/74; 
ttag +80 61/51/51/40/39; 
ttag +81 74/72/63/81/67; 
ttag +82 30/21/10/23/12; 
ttag +83 92/89/84/92/79; 
ttag +84 64/54/50/52/46; 
ttag +85 50/28/20/31/12; 
ttag +86 93/92/86/93/83; 
ttag +87 98/97/92/98/94; 
ttag +88 79/71/67/74/54; 
ttag +89 36/19/22/32/20; 
ttag +90 53/36/28/34/20; 
ttag +91 97/96/96/98/93; 
ttag +92 53/45/44/50/44; 
ttag +93 64/51/48/48/45; 
ttag +94 29/13/7/12/18; 
