tread
'Tree with tags' 
(0 (1 ((2 3 )(4 (5 ((6 (7 (8 (9 10 ))))(11 ((12 13 )((14 21 )((15 (16 (17 ((22 (23 (24 25 )))(26 (27 (28 29 30 31 (32 35 36 (33 34 )(37 38 39 ))((40 (41 (42 43 )))(44 45 46 47 )))))))))(18 (19 20 )))))))))))); 
ttag *!; 
ttag +49 ???; 
ttag +50 7; 
ttag +51 3; 
ttag +52 8; 
ttag +53 2; 
ttag +54 2; 
ttag +55 2; 
ttag +56 1; 
ttag +57 12; 
ttag +58 2; 
ttag +59 5; 
ttag +60 1; 
ttag +61 1; 
ttag +62 1; 
ttag +63 3; 
ttag +64 1; 
ttag +65 2; 
ttag +66 2; 
ttag +67 2; 
ttag +68 7; 
ttag +69 8; 
ttag +70 1; 
ttag +71 5; 
ttag +72 1; 
ttag +73 4; 
ttag +74 5; 
ttag +75 1; 
ttag +76 3; 
ttag +77 5; 
ttag +78 3; 
ttag +79 1; 
ttag +80 4; 
ttag +81 3; 
ttag +82 2; 
ttag +83 1; 
ttag +84 3; 
tread
'Tree with tags' 
(0 (1 ((2 3 )(4 (5 ((6 (7 (8 (9 10 ))))(11 ((12 13 )((14 21 )((15 (16 (17 ((22 (23 (24 25 )))(26 (27 (28 ((31 (29 (30 ((32 (33 34 ))(35 (36 (37 (38 39 ))))))))((40 (41 (42 43 )))(47 (46 (44 45 ))))))))))))(18 (19 20 )))))))))))); 
ttag *!; 
ttag +0 ////; 
ttag +1 ////; 
ttag +2 ////; 
ttag +3 ////; 
ttag +4 ////; 
ttag +5 ////; 
ttag +6 ////; 
ttag +7 ////; 
ttag +8 ////; 
ttag +9 ////; 
ttag +10 ////; 
ttag +11 ////; 
ttag +12 ////; 
ttag +13 ////; 
ttag +14 ////; 
ttag +15 ////; 
ttag +16 ////; 
ttag +17 ////; 
ttag +18 ////; 
ttag +19 ////; 
ttag +20 ////; 
ttag +21 ////; 
ttag +22 ////; 
ttag +23 ////; 
ttag +24 ////; 
ttag +25 ////; 
ttag +26 ////; 
ttag +27 ////; 
ttag +28 ////; 
ttag +29 ////; 
ttag +30 ////; 
ttag +31 ////; 
ttag +32 ////; 
ttag +33 ////; 
ttag +34 ////; 
ttag +35 ////; 
ttag +36 ////; 
ttag +37 ////; 
ttag +38 ////; 
ttag +39 ////; 
ttag +40 ////; 
ttag +41 ////; 
ttag +42 ////; 
ttag +43 ////; 
ttag +44 ////; 
ttag +45 ////; 
ttag +46 ////; 
ttag +47 ////; 
ttag +48 ////; 
ttag +49 100/100/100/100/100; 
ttag +50 98/98/94/98/96; 
ttag +51 86/82/76/87/72; 
ttag +52 96/95/88/97/90; 
ttag +53 48/37/25/44/27; 
ttag +54 58/47/44/47/33; 
ttag +55 39/28/18/34/13; 
ttag +56 48/37/35/36/28; 
ttag +57 99/99/99/99/99; 
ttag +58 78/67/52/63/51; 
ttag +59 68/60/41/69/55; 
ttag +60 30/1/?/?/2; 
ttag +61 50/41/28/44/38; 
ttag +62 48/34/25/44/27; 
ttag +63 70/67/49/68/47; 
ttag +64 39/17/4/20/?; 
ttag +65 60/49/31/46/28; 
ttag +66 49/38/15/34/14; 
ttag +67 61/52/27/57/32; 
ttag +68 97/97/96/99/95; 
ttag +69 100/100/100/100/100; 
ttag +70 60/38/28/42/28; 
ttag +71 88/85/68/87/70; 
ttag +72 58/46/35/52/46; 
ttag +73 96/93/78/90/80; 
ttag +74 90/89/83/91/84; 
ttag +75 74/65/46/66/49; 
ttag +76 91/90/82/88/82; 
ttag +77 24/[23]/?/?/?; 
ttag +78 52/27/13/36/32; 
ttag +79 52/39/24/28/31; 
ttag +80 7/[40]/?/?/?; 
ttag +81 60/49/32/41/37; 
ttag +82 99/99/95/98/96; 
ttag +83 91/88/77/84/79; 
ttag +84 43/6/4/?/?; 
ttag +85 16/[20]/?/?/?; 
ttag +86 83/73/74/79/72; 
ttag +87 43/28/29/29/24; 
ttag +88 96/93/91/96/92; 
ttag +89 94/92/81/94/86; 
ttag +90 85/77/71/77/72; 
ttag +91 60/38/46/42/29; 
ttag +92 22/22/24/18/18; 
ttag +93 47/22/19/25/20; 
ttag +94 87/82/78/86/68; 
