tread
'Tree with tags' 
(0 ((1 (2 3 ))(4 (5 ((6 (7 (8 (9 10 ))))(11 ((12 13 )((14 (21 ((15 (16 17 ))(18 (19 20 )))))((27 (26 (22 (23 (24 25 )))))(28 (((29 (30 31 ))((40 (41 (42 43 )))(47 (44 45 46 ))))(33 (32 (34 (35 (36 (39 (37 38 )))))))))))))))))); 
ttag *!; 
ttag +49 2; 
ttag +50 ???; 
ttag +51 5; 
ttag +52 3; 
ttag +53 3; 
ttag +54 3; 
ttag +55 3; 
ttag +56 2; 
ttag +57 10; 
ttag +58 2; 
ttag +59 1; 
ttag +60 3; 
ttag +61 3; 
ttag +62 1; 
ttag +63 2; 
ttag +64 6; 
ttag +65 5; 
ttag +66 1; 
ttag +67 2; 
ttag +68 5; 
ttag +69 11; 
ttag +70 4; 
ttag +71 2; 
ttag +72 2; 
ttag +73 5; 
ttag +74 9; 
ttag +75 7; 
ttag +76 2; 
ttag +77 3; 
ttag +78 1; 
ttag +79 1; 
ttag +80 1; 
ttag +81 3; 
ttag +82 5; 
ttag +83 1; 
ttag +84 1; 
ttag +85 5; 
ttag +86 2; 
ttag +87 1; 
ttag +88 3; 
ttag +89 3; 
ttag +90 1; 
ttag +91 8; 
ttag +92 2; 
ttag +93 2; 
tread
'Tree with tags' 
(0 ((1 (2 3 ))(4 (5 ((6 (7 (8 (9 10 ))))(11 ((12 13 )((14 (21 ((15 (16 17 ))(18 (19 20 )))))((27 (26 (22 (23 (24 25 )))))(28 (((29 (30 31 ))((40 (41 (42 43 )))(47 (44 (45 46 )))))(33 (32 (34 (35 (36 (39 (37 38 )))))))))))))))))); 
ttag *!; 
ttag +0 ////; 
ttag +1 ////; 
ttag +2 ////; 
ttag +3 ////; 
ttag +4 ////; 
ttag +5 ////; 
ttag +6 ////; 
ttag +7 ////; 
ttag +8 ////; 
ttag +9 ////; 
ttag +10 ////; 
ttag +11 ////; 
ttag +12 ////; 
ttag +13 ////; 
ttag +14 ////; 
ttag +15 ////; 
ttag +16 ////; 
ttag +17 ////; 
ttag +18 ////; 
ttag +19 ////; 
ttag +20 ////; 
ttag +21 ////; 
ttag +22 ////; 
ttag +23 ////; 
ttag +24 ////; 
ttag +25 ////; 
ttag +26 ////; 
ttag +27 ////; 
ttag +28 ////; 
ttag +29 ////; 
ttag +30 ////; 
ttag +31 ////; 
ttag +32 ////; 
ttag +33 ////; 
ttag +34 ////; 
ttag +35 ////; 
ttag +36 ////; 
ttag +37 ////; 
ttag +38 ////; 
ttag +39 ////; 
ttag +40 ////; 
ttag +41 ////; 
ttag +42 ////; 
ttag +43 ////; 
ttag +44 ////; 
ttag +45 ////; 
ttag +46 ////; 
ttag +47 ////; 
ttag +48 ////; 
ttag +49 78/70/64/69/61; 
ttag +50 100/100/100/100/100; 
ttag +51 96/94/88/93/84; 
ttag +52 83/79/64/82/60; 
ttag +53 74/68/50/67/47; 
ttag +54 76/72/60/79/68; 
ttag +55 74/69/59/67/56; 
ttag +56 59/34/15/52/28; 
ttag +57 99/99/96/99/98; 
ttag +58 63/52/42/62/46; 
ttag +59 42/21/27/20/14; 
ttag +60 69/66/52/68/56; 
ttag +61 80/78/65/82/68; 
ttag +62 14/[8]/?/?/?; 
ttag +63 50/40/26/39/31; 
ttag +64 98/97/88/96/90; 
ttag +65 89/87/75/89/78; 
ttag +66 10/[14]/?/?/?; 
ttag +67 66/52/41/48/34; 
ttag +68 92/89/76/86/83; 
ttag +69 100/100/99/100/98; 
ttag +70 48/22/29/36/22; 
ttag +71 22/[3]/?/3/?; 
ttag +72 14/[12]/?/?/?; 
ttag +73 95/95/84/94/83; 
ttag +74 98/98/92/97/86; 
ttag +75 98/98/93/98/95; 
ttag +76 60/54/43/54/38; 
ttag +77 78/69/62/76/64; 
ttag +78 27/8/6/4/2; 
ttag +79 46/35/22/22/21; 
ttag +80 71/60/48/58/51; 
ttag +81 59/44/34/41/30; 
ttag +82 95/93/91/96/91; 
ttag +83 29/14/14/12/3; 
ttag +84 30/10/10/18/15; 
ttag +85 94/92/87/95/82; 
ttag +86 40/16/15/27/24; 
ttag +87 36/13/8/19/9; 
ttag +88 87/86/73/84/68; 
ttag +89 81/78/67/78/60; 
ttag +90 62/42/27/32/32; 
ttag +91 100/100/94/99/97; 
ttag +92 65/55/51/64/47; 
ttag +93 60/45/50/58/44; 
ttag +94 9/[23]/?/?/?; 
