tread
'Tree with tags' 
(0 ((1 (2 3 ))(4 (5 ((7 (6 (10 (8 9 ))))(11 ((12 13 )((14 (15 (16 17 ))(18 (19 20 )))(21 ((22 (23 (24 25 )))(26 (27 (28 46 (29 (30 31 ))(32 33 34 (35 (36 (39 (37 38 )))))(40 (41 (42 43 )))(44 45 47 )))))))))))))); 
ttag *!; 
ttag +49 1; 
ttag +50 ???; 
ttag +51 3; 
ttag +52 8; 
ttag +53 1; 
ttag +54 1; 
ttag +55 1; 
ttag +56 1; 
ttag +57 2; 
ttag +58 12; 
ttag +59 1; 
ttag +60 1; 
ttag +61 1; 
ttag +62 1; 
ttag +63 1; 
ttag +64 4; 
ttag +65 1; 
ttag +66 2; 
ttag +67 8; 
ttag +68 1; 
ttag +69 4; 
ttag +70 5; 
ttag +71 3; 
ttag +72 7; 
ttag +73 6; 
ttag +74 2; 
ttag +75 1; 
ttag +76 4; 
ttag +77 2; 
ttag +78 6; 
ttag +79 4; 
ttag +80 6; 
ttag +81 1; 
ttag +82 4; 
ttag +83 6; 
ttag +84 2; 
ttag +85 7; 
ttag +86 1; 
tread
'Tree with tags' 
(0 ((1 (2 3 ))(4 (5 ((7 (6 (10 (8 9 ))))(11 ((12 13 )(((14 (18 (19 20 )))(15 (16 17 )))(21 ((22 (23 (24 25 )))(26 (27 ((28 (29 (30 31 )))((((32 (35 (36 (39 (37 38 )))))(33 34 ))(40 (41 (42 43 ))))(46 (47 (44 45 ))))))))))))))))); 
ttag *!; 
ttag +0 ////; 
ttag +1 ////; 
ttag +2 ////; 
ttag +3 ////; 
ttag +4 ////; 
ttag +5 ////; 
ttag +6 ////; 
ttag +7 ////; 
ttag +8 ////; 
ttag +9 ////; 
ttag +10 ////; 
ttag +11 ////; 
ttag +12 ////; 
ttag +13 ////; 
ttag +14 ////; 
ttag +15 ////; 
ttag +16 ////; 
ttag +17 ////; 
ttag +18 ////; 
ttag +19 ////; 
ttag +20 ////; 
ttag +21 ////; 
ttag +22 ////; 
ttag +23 ////; 
ttag +24 ////; 
ttag +25 ////; 
ttag +26 ////; 
ttag +27 ////; 
ttag +28 ////; 
ttag +29 ////; 
ttag +30 ////; 
ttag +31 ////; 
ttag +32 ////; 
ttag +33 ////; 
ttag +34 ////; 
ttag +35 ////; 
ttag +36 ////; 
ttag +37 ////; 
ttag +38 ////; 
ttag +39 ////; 
ttag +40 ////; 
ttag +41 ////; 
ttag +42 ////; 
ttag +43 ////; 
ttag +44 ////; 
ttag +45 ////; 
ttag +46 ////; 
ttag +47 ////; 
ttag +48 ////; 
ttag +49 33/0/7/2/?; 
ttag +50 100/100/100/100/100; 
ttag +51 70/59/53/63/53; 
ttag +52 96/96/85/94/86; 
ttag +53 16/[22]/?/?/?; 
ttag +54 31/12/0/12/6; 
ttag +55 38/29/20/34/25; 
ttag +56 11/[26]/?/?/?; 
ttag +57 84/84/78/82/83; 
ttag +58 100/100/100/100/100; 
ttag +59 6/[8]/?/?/?; 
ttag +60 40/26/23/38/31; 
ttag +61 20/6/10/15/10; 
ttag +62 15/[12]/?/?/?; 
ttag +63 32/18/20/21/19; 
ttag +64 22/13/11/17/8; 
ttag +65 90/88/83/92/82; 
ttag +66 62/49/38/48/37; 
ttag +67 74/67/58/66/58; 
ttag +68 100/100/100/100/100; 
ttag +69 31/11/12/13/16; 
ttag +70 95/94/90/90/85; 
ttag +71 96/95/91/93/91; 
ttag +72 80/71/64/76/69; 
ttag +73 96/96/92/96/91; 
ttag +74 95/94/88/95/87; 
ttag +75 68/52/47/46/47; 
ttag +76 17/[23]/?/?/?; 
ttag +77 70/58/53/49/47; 
ttag +78 89/87/83/88/84; 
ttag +79 76/68/59/66/56; 
ttag +80 53/44/30/38/38; 
ttag +81 96/95/94/99/93; 
ttag +82 11/[40]/?/?/?; 
ttag +83 62/54/53/46/40; 
ttag +84 70/56/61/66/53; 
ttag +85 95/94/88/91/90; 
ttag +86 98/97/88/97/96; 
ttag +87 81/77/65/76/66; 
ttag +88 96/96/78/92/80; 
ttag +89 99/98/95/98/97; 
ttag +90 91/88/80/86/82; 
ttag +91 99/98/97/98/92; 
ttag +92 36/8/10/2/6; 
ttag +93 62/40/36/48/39; 
ttag +94 26/[9]/?/?/0; 
