tread
'Tree with tags' 
(0 (1 ((2 3 )(4 (5 (6 7 (8 (9 10 )))(11 (13 21 (12 ((14 ((15 (16 17 ))(18 (19 20 ))))((22 (23 (24 25 )))((26 27 )(28 ((44 45 (46 (47 (31 (29 30 )))))(33 ((32 34 )(35 (36 (37 (38 39 ))))))(40 41 (42 43 ))))))))))))))); 
ttag *!; 
ttag +49 ???; 
ttag +50 2; 
ttag +51 3; 
ttag +52 6; 
ttag +53 2; 
ttag +54 1; 
ttag +55 9; 
ttag +56 1; 
ttag +57 1; 
ttag +58 2; 
ttag +59 3; 
ttag +60 5; 
ttag +61 2; 
ttag +62 7; 
ttag +63 3; 
ttag +64 6; 
ttag +65 7; 
ttag +66 9; 
ttag +67 6; 
ttag +68 6; 
ttag +69 9; 
ttag +70 3; 
ttag +71 1; 
ttag +72 4; 
ttag +73 3; 
ttag +74 1; 
ttag +75 7; 
ttag +76 1; 
ttag +77 1; 
ttag +78 1; 
ttag +79 1; 
ttag +80 1; 
ttag +81 3; 
ttag +82 5; 
ttag +83 2; 
ttag +84 2; 
ttag +85 7; 
ttag +86 3; 
ttag +87 5; 
ttag +88 2; 
tread
'Tree with tags' 
(0 (1 ((2 3 )(4 (5 ((7 (6 (8 (9 10 ))))(11 ((12 ((14 ((15 (16 17 ))(18 (19 20 ))))((22 (23 (24 25 )))((26 27 )(28 (((46 (47 (31 (29 30 ))))(44 45 ))((33 ((32 34 )(35 (36 (37 (38 39 ))))))(41 (40 (42 43 ))))))))))(13 21 ))))))))); 
ttag *!; 
ttag +0 ////; 
ttag +1 ////; 
ttag +2 ////; 
ttag +3 ////; 
ttag +4 ////; 
ttag +5 ////; 
ttag +6 ////; 
ttag +7 ////; 
ttag +8 ////; 
ttag +9 ////; 
ttag +10 ////; 
ttag +11 ////; 
ttag +12 ////; 
ttag +13 ////; 
ttag +14 ////; 
ttag +15 ////; 
ttag +16 ////; 
ttag +17 ////; 
ttag +18 ////; 
ttag +19 ////; 
ttag +20 ////; 
ttag +21 ////; 
ttag +22 ////; 
ttag +23 ////; 
ttag +24 ////; 
ttag +25 ////; 
ttag +26 ////; 
ttag +27 ////; 
ttag +28 ////; 
ttag +29 ////; 
ttag +30 ////; 
ttag +31 ////; 
ttag +32 ////; 
ttag +33 ////; 
ttag +34 ////; 
ttag +35 ////; 
ttag +36 ////; 
ttag +37 ////; 
ttag +38 ////; 
ttag +39 ////; 
ttag +40 ////; 
ttag +41 ////; 
ttag +42 ////; 
ttag +43 ////; 
ttag +44 ////; 
ttag +45 ////; 
ttag +46 ////; 
ttag +47 ////; 
ttag +48 ////; 
ttag +49 100/100/100/100/100; 
ttag +50 75/62/57/66/60; 
ttag +51 82/76/71/84/68; 
ttag +52 98/98/96/99/94; 
ttag +53 80/77/56/68/48; 
ttag +54 8/[52]/?/?/?; 
ttag +55 58/47/44/54/38; 
ttag +56 21/[9]/?/?/?; 
ttag +57 100/100/99/99/98; 
ttag +58 70/55/66/60/57; 
ttag +59 66/61/44/61/34; 
ttag +60 35/26/18/42/11; 
ttag +61 69/64/58/74/52; 
ttag +62 23/11/6/4/1; 
ttag +63 76/67/58/75/50; 
ttag +64 50/38/30/50/30; 
ttag +65 97/95/97/99/95; 
ttag +66 75/66/56/72/49; 
ttag +67 99/99/97/99/98; 
ttag +68 98/97/92/97/91; 
ttag +69 98/98/95/96/95; 
ttag +70 90/88/79/93/84; 
ttag +71 76/67/60/77/54; 
ttag +72 99/99/96/98/99; 
ttag +73 85/77/64/82/72; 
ttag +74 60/55/43/52/44; 
ttag +75 53/44/27/55/34; 
ttag +76 52/44/20/53/32; 
ttag +77 48/22/16/18/14; 
ttag +78 94/92/80/91/76; 
ttag +79 26/[14]/?/?/?; 
ttag +80 22/[17]/?/?/?; 
ttag +81 42/21/15/21/9; 
ttag +82 38/24/16/30/17; 
ttag +83 42/21/4/25/10; 
ttag +84 51/30/12/33/12; 
ttag +85 96/94/91/94/90; 
ttag +86 30/9/12/6/3; 
ttag +87 68/64/47/62/50; 
ttag +88 76/73/52/71/56; 
ttag +89 99/98/95/98/98; 
ttag +90 83/79/64/79/68; 
ttag +91 18/[14]/?/?/?; 
ttag +92 96/96/83/96/88; 
ttag +93 70/59/55/71/56; 
ttag +94 26/3/?/?/?; 
