tread
'Tree with tags' 
(0 (1 ((2 3 )(4 5 11 14 (6 (7 (10 (8 9 ))))(12 13 )((15 16 17 )(18 (19 20 )))(21 (22 (23 (24 25 ))(26 (27 (28 (31 (29 30 ))(((32 ((33 34 )(35 (36 (39 (37 38 ))))))(45 (44 (46 47 ))))(40 (41 (42 43 ))))))))))))); 
ttag *!; 
ttag +49 ???; 
ttag +50 4; 
ttag +51 6; 
ttag +52 11; 
ttag +53 3; 
ttag +54 2; 
ttag +55 1; 
ttag +56 15; 
ttag +57 1; 
ttag +58 3; 
ttag +59 2; 
ttag +60 2; 
ttag +61 6; 
ttag +62 2; 
ttag +63 1; 
ttag +64 6; 
ttag +65 5; 
ttag +66 1; 
ttag +67 1; 
ttag +68 1; 
ttag +69 1; 
ttag +70 10; 
ttag +71 6; 
ttag +72 1; 
ttag +73 1; 
ttag +74 4; 
ttag +75 1; 
ttag +76 6; 
ttag +77 2; 
ttag +78 1; 
ttag +79 5; 
ttag +80 4; 
ttag +81 4; 
ttag +82 6; 
ttag +83 1; 
ttag +84 1; 
ttag +85 1; 
tread
'Tree with tags' 
(0 (1 ((2 3 )(4 (5 ((6 (7 (10 (8 9 ))))(11 ((12 13 )((14 ((15 (16 17 ))(18 (19 20 ))))(21 ((22 (23 (24 25 )))(26 (27 ((28 (((32 ((33 34 )(35 (36 (39 (37 38 ))))))(45 (44 (46 47 ))))(40 (41 (42 43 )))))(31 (29 30 )))))))))))))))); 
ttag *!; 
ttag +0 ////; 
ttag +1 ////; 
ttag +2 ////; 
ttag +3 ////; 
ttag +4 ////; 
ttag +5 ////; 
ttag +6 ////; 
ttag +7 ////; 
ttag +8 ////; 
ttag +9 ////; 
ttag +10 ////; 
ttag +11 ////; 
ttag +12 ////; 
ttag +13 ////; 
ttag +14 ////; 
ttag +15 ////; 
ttag +16 ////; 
ttag +17 ////; 
ttag +18 ////; 
ttag +19 ////; 
ttag +20 ////; 
ttag +21 ////; 
ttag +22 ////; 
ttag +23 ////; 
ttag +24 ////; 
ttag +25 ////; 
ttag +26 ////; 
ttag +27 ////; 
ttag +28 ////; 
ttag +29 ////; 
ttag +30 ////; 
ttag +31 ////; 
ttag +32 ////; 
ttag +33 ////; 
ttag +34 ////; 
ttag +35 ////; 
ttag +36 ////; 
ttag +37 ////; 
ttag +38 ////; 
ttag +39 ////; 
ttag +40 ////; 
ttag +41 ////; 
ttag +42 ////; 
ttag +43 ////; 
ttag +44 ////; 
ttag +45 ////; 
ttag +46 ////; 
ttag +47 ////; 
ttag +48 ////; 
ttag +49 100/100/100/100/100; 
ttag +50 95/94/88/95/93; 
ttag +51 100/100/94/99/97; 
ttag +52 98/98/100/98/95; 
ttag +53 25/[8]/?/?/?; 
ttag +54 79/67/62/67/55; 
ttag +55 4/[29]/?/?/?; 
ttag +56 68/56/46/48/42; 
ttag +57 54/49/54/56/49; 
ttag +58 100/100/100/100/100; 
ttag +59 4/[30]/?/?/?; 
ttag +60 46/40/29/44/45; 
ttag +61 17/[16]/?/?/?; 
ttag +62 18/[16]/?/?/?; 
ttag +63 5/[28]/?/?/?; 
ttag +64 70/65/58/64/62; 
ttag +65 43/19/13/26/14; 
ttag +66 18/[17]/?/?/?; 
ttag +67 84/76/68/78/64; 
ttag +68 99/99/98/98/96; 
ttag +69 70/64/52/65/48; 
ttag +70 58/51/49/55/55; 
ttag +71 65/56/43/54/45; 
ttag +72 98/98/96/99/95; 
ttag +73 97/96/92/98/91; 
ttag +74 35/15/19/20/10; 
ttag +75 18/[2]/2/4/?; 
ttag +76 5/[11]/?/?/?; 
ttag +77 13/[6]/?/?/?; 
ttag +78 51/24/15/26/26; 
ttag +79 100/100/99/100/99; 
ttag +80 97/96/91/97/91; 
ttag +81 12/[27]/?/?/?; 
ttag +82 30/13/14/21/8; 
ttag +83 80/72/65/80/66; 
ttag +84 51/32/32/32/27; 
ttag +85 98/98/95/98/93; 
ttag +86 78/70/60/68/62; 
ttag +87 62/47/50/48/34; 
ttag +88 94/92/87/96/92; 
ttag +89 86/82/77/84/81; 
ttag +90 91/88/86/88/83; 
ttag +91 96/94/93/99/93; 
ttag +92 28/[8]/?/?/?; 
ttag +93 68/62/57/60/53; 
ttag +94 27/13/15/14/16; 
