tread
'Tree with tags' 
(0 (1 ((2 3 )(17 (16 (15 ((14 21 (11 (4 (5 6 7 (8 (9 10 )))))(12 13 )((22 (23 (24 25 )))(26 (27 (28 (29 (30 31 ))(32 35 (33 34 )(36 (37 (38 39 ))))((40 41 (42 43 ))(44 45 (46 47 ))))))))(18 (19 20 ))))))))); 
ttag *!; 
ttag +49 ???; 
ttag +50 7; 
ttag +51 6; 
ttag +52 2; 
ttag +53 2; 
ttag +54 1; 
ttag +55 6; 
ttag +56 2; 
ttag +57 2; 
ttag +58 3; 
ttag +59 1; 
ttag +60 5; 
ttag +61 3; 
ttag +62 5; 
ttag +63 3; 
ttag +64 7; 
ttag +65 3; 
ttag +66 3; 
ttag +67 6; 
ttag +68 10; 
ttag +69 2; 
ttag +70 3; 
ttag +71 7; 
ttag +72 3; 
ttag +73 3; 
ttag +74 5; 
ttag +75 4; 
ttag +76 2; 
ttag +77 4; 
ttag +78 1; 
ttag +79 4; 
ttag +80 2; 
ttag +81 6; 
ttag +82 2; 
ttag +83 1; 
tread
'Tree with tags' 
(0 (1 ((2 3 )(17 (16 (15 (((21 ((11 (4 ((5 (8 (9 10 )))(6 7 ))))(12 13 )))(14 ((22 (23 (24 25 )))(26 (27 (28 (((29 (30 31 ))((40 (41 (42 43 )))(45 (44 (46 47 )))))(((32 35 )(33 34 ))(36 (37 (38 39 )))))))))))(18 (19 20 ))))))))); 
ttag *!; 
ttag +0 ////; 
ttag +1 ////; 
ttag +2 ////; 
ttag +3 ////; 
ttag +4 ////; 
ttag +5 ////; 
ttag +6 ////; 
ttag +7 ////; 
ttag +8 ////; 
ttag +9 ////; 
ttag +10 ////; 
ttag +11 ////; 
ttag +12 ////; 
ttag +13 ////; 
ttag +14 ////; 
ttag +15 ////; 
ttag +16 ////; 
ttag +17 ////; 
ttag +18 ////; 
ttag +19 ////; 
ttag +20 ////; 
ttag +21 ////; 
ttag +22 ////; 
ttag +23 ////; 
ttag +24 ////; 
ttag +25 ////; 
ttag +26 ////; 
ttag +27 ////; 
ttag +28 ////; 
ttag +29 ////; 
ttag +30 ////; 
ttag +31 ////; 
ttag +32 ////; 
ttag +33 ////; 
ttag +34 ////; 
ttag +35 ////; 
ttag +36 ////; 
ttag +37 ////; 
ttag +38 ////; 
ttag +39 ////; 
ttag +40 ////; 
ttag +41 ////; 
ttag +42 ////; 
ttag +43 ////; 
ttag +44 ////; 
ttag +45 ////; 
ttag +46 ////; 
ttag +47 ////; 
ttag +48 ////; 
ttag +49 100/100/100/100/100; 
ttag +50 94/91/90/92/84; 
ttag +51 90/87/82/92/82; 
ttag +52 51/43/28/42/33; 
ttag +53 38/26/12/27/16; 
ttag +54 8/[4]/?/?/?; 
ttag +55 1/[27]/?/?/?; 
ttag +56 28/16/4/16/8; 
ttag +57 58/46/31/56/35; 
ttag +58 35/[4]/?/1/?; 
ttag +59 36/[3]/?/2/?; 
ttag +60 79/73/63/76/69; 
ttag +61 18/[6]/?/2/?; 
ttag +62 45/40/30/38/34; 
ttag +63 32/8/18/21/17; 
ttag +64 96/96/94/97/93; 
ttag +65 91/89/87/91/82; 
ttag +66 77/73/59/84/60; 
ttag +67 8/[20]/?/?/?; 
ttag +68 87/83/81/87/86; 
ttag +69 100/100/97/100/98; 
ttag +70 63/41/32/50/46; 
ttag +71 80/78/70/83/66; 
ttag +72 88/84/75/92/80; 
ttag +73 100/100/99/100/99; 
ttag +74 84/78/69/78/66; 
ttag +75 70/56/41/62/46; 
ttag +76 95/94/84/95/90; 
ttag +77 90/88/75/86/75; 
ttag +78 37/9/?/9/3; 
ttag +79 44/29/22/25/29; 
ttag +80 84/76/63/83/68; 
ttag +81 42/20/13/21/15; 
ttag +82 19/[30]/?/?/?; 
ttag +83 94/93/84/95/83; 
ttag +84 90/85/87/95/86; 
ttag +85 82/75/73/80/70; 
ttag +86 97/96/93/96/94; 
ttag +87 56/31/29/52/30; 
ttag +88 78/74/64/81/69; 
ttag +89 79/73/62/78/62; 
ttag +90 17/[28]/?/?/?; 
ttag +91 98/97/97/99/95; 
ttag +92 8/[14]/?/?/?; 
ttag +93 66/62/52/62/56; 
ttag +94 47/39/26/52/35; 
