tread
'Tree with tags' 
(0 (1 (2 3 )(4 5 11 12 13 (6 7 )(8 (9 10 ))(14 21 (15 (16 17 ))(18 (19 20 ))(22 (23 (24 25 )))(26 27 28 32 33 34 (29 (30 31 ))(35 36 (37 (38 39 )))(40 41 (42 43 ))(44 45 46 47 )))))); 
ttag *!; 
ttag +49 ???; 
ttag +50 7; 
ttag +51 5; 
ttag +52 2; 
ttag +53 3; 
ttag +54 1; 
ttag +55 1; 
ttag +56 4; 
ttag +57 2; 
ttag +58 1; 
ttag +59 3; 
ttag +60 6; 
ttag +61 1; 
ttag +62 8; 
ttag +63 2; 
ttag +64 6; 
ttag +65 1; 
ttag +66 2; 
ttag +67 4; 
ttag +68 2; 
ttag +69 4; 
ttag +70 4; 
ttag +71 4; 
tread
'Tree with tags' 
(0 ((1 (2 3 ))(((5 (4 (8 (9 10 ))))(6 7 ))(11 ((12 13 )((14 ((15 (16 17 ))(18 (19 20 ))))(21 ((22 (23 (24 25 )))(28 (27 (26 (((((29 (30 31 ))(33 34 ))(32 ((35 36 )(37 (38 39 )))))(40 (41 (42 43 ))))((44 45 )(46 47 )))))))))))))); 
ttag *!; 
ttag +0 ////; 
ttag +1 ////; 
ttag +2 ////; 
ttag +3 ////; 
ttag +4 ////; 
ttag +5 ////; 
ttag +6 ////; 
ttag +7 ////; 
ttag +8 ////; 
ttag +9 ////; 
ttag +10 ////; 
ttag +11 ////; 
ttag +12 ////; 
ttag +13 ////; 
ttag +14 ////; 
ttag +15 ////; 
ttag +16 ////; 
ttag +17 ////; 
ttag +18 ////; 
ttag +19 ////; 
ttag +20 ////; 
ttag +21 ////; 
ttag +22 ////; 
ttag +23 ////; 
ttag +24 ////; 
ttag +25 ////; 
ttag +26 ////; 
ttag +27 ////; 
ttag +28 ////; 
ttag +29 ////; 
ttag +30 ////; 
ttag +31 ////; 
ttag +32 ////; 
ttag +33 ////; 
ttag +34 ////; 
ttag +35 ////; 
ttag +36 ////; 
ttag +37 ////; 
ttag +38 ////; 
ttag +39 ////; 
ttag +40 ////; 
ttag +41 ////; 
ttag +42 ////; 
ttag +43 ////; 
ttag +44 ////; 
ttag +45 ////; 
ttag +46 ////; 
ttag +47 ////; 
ttag +48 ////; 
ttag +49 28/[28]/?/?/?; 
ttag +50 100/100/100/100/100; 
ttag +51 100/100/98/99/99; 
ttag +52 36/20/16/20/22; 
ttag +53 6/[10]/?/?/?; 
ttag +54 12/[1]/?/1/0; 
ttag +55 86/83/65/85/69; 
ttag +56 83/79/76/76/74; 
ttag +57 95/95/92/94/92; 
ttag +58 62/41/47/56/52; 
ttag +59 26/15/11/22/16; 
ttag +60 58/49/30/50/38; 
ttag +61 36/25/17/24/19; 
ttag +62 10/[8]/?/?/?; 
ttag +63 32/22/16/26/16; 
ttag +64 89/82/84/86/79; 
ttag +65 68/62/53/54/52; 
ttag +66 49/22/19/37/17; 
ttag +67 71/49/48/58/46; 
ttag +68 86/79/74/82/76; 
ttag +69 11/[8]/?/?/1; 
ttag +70 91/88/83/87/80; 
ttag +71 34/14/17/7/16; 
ttag +72 78/66/50/58/47; 
ttag +73 99/99/98/99/98; 
ttag +74 0/[29]/?/?/?; 
ttag +75 3/[27]/?/?/?; 
ttag +76 46/36/35/28/32; 
ttag +77 99/99/96/97/96; 
ttag +78 3/[42]/?/?/?; 
ttag +79 10/[36]/?/?/?; 
ttag +80 5/[40]/?/?/?; 
ttag +81 28/6/18/0/6; 
ttag +82 76/65/69/64/58; 
ttag +83 44/34/28/29/24; 
ttag +84 53/35/34/40/38; 
ttag +85 61/37/34/33/30; 
ttag +86 70/66/50/70/59; 
ttag +87 92/91/82/93/77; 
ttag +88 74/61/47/61/56; 
ttag +89 98/97/92/97/91; 
ttag +90 62/35/33/27/39; 
ttag +91 98/97/95/98/94; 
ttag +92 46/38/38/39/31; 
ttag +93 95/94/87/97/90; 
ttag +94 33/15/20/22/13; 
