tread
'Tree with tags' 
(0 (1 ((2 3 )(4 (5 ((6 7 )((11 (8 (9 10 )))((12 13 )(21 (14 ((15 (16 17 ))((18 (19 20 ))((22 (23 (24 25 )))(26 (27 (28 ((29 (30 31 ))((((32 (35 (36 (37 38 39 ))))(33 34 ))(46 (44 (45 47 ))))(40 (41 (42 43 ))))))))))))))))))))); 
ttag *!; 
ttag +49 ???; 
ttag +50 7; 
ttag +51 2; 
ttag +52 3; 
ttag +53 3; 
ttag +54 2; 
ttag +55 1; 
ttag +56 7; 
ttag +57 1; 
ttag +58 1; 
ttag +59 1; 
ttag +60 1; 
ttag +61 2; 
ttag +62 1; 
ttag +63 1; 
ttag +64 2; 
ttag +65 1; 
ttag +66 3; 
ttag +67 7; 
ttag +68 1; 
ttag +69 10; 
ttag +70 1; 
ttag +71 4; 
ttag +72 5; 
ttag +73 11; 
ttag +74 5; 
ttag +75 2; 
ttag +76 7; 
ttag +77 6; 
ttag +78 5; 
ttag +79 6; 
ttag +80 1; 
ttag +81 5; 
ttag +82 1; 
ttag +83 1; 
ttag +84 7; 
ttag +85 4; 
ttag +86 5; 
ttag +87 7; 
ttag +88 9; 
ttag +89 2; 
ttag +90 3; 
ttag +91 1; 
ttag +92 3; 
ttag +93 1; 
tread
'Tree with tags' 
(0 (1 ((2 3 )(4 (5 ((6 7 )((11 (8 (9 10 )))((12 13 )(21 (14 ((15 (16 17 ))((18 (19 20 ))((22 (23 (24 25 )))(26 (27 (28 ((29 (30 31 ))((((32 (35 (36 (39 (37 38 )))))(33 34 ))(46 (44 (45 47 ))))(40 (41 (42 43 ))))))))))))))))))))); 
ttag *!; 
ttag +0 ////; 
ttag +1 ////; 
ttag +2 ////; 
ttag +3 ////; 
ttag +4 ////; 
ttag +5 ////; 
ttag +6 ////; 
ttag +7 ////; 
ttag +8 ////; 
ttag +9 ////; 
ttag +10 ////; 
ttag +11 ////; 
ttag +12 ////; 
ttag +13 ////; 
ttag +14 ////; 
ttag +15 ////; 
ttag +16 ////; 
ttag +17 ////; 
ttag +18 ////; 
ttag +19 ////; 
ttag +20 ////; 
ttag +21 ////; 
ttag +22 ////; 
ttag +23 ////; 
ttag +24 ////; 
ttag +25 ////; 
ttag +26 ////; 
ttag +27 ////; 
ttag +28 ////; 
ttag +29 ////; 
ttag +30 ////; 
ttag +31 ////; 
ttag +32 ////; 
ttag +33 ////; 
ttag +34 ////; 
ttag +35 ////; 
ttag +36 ////; 
ttag +37 ////; 
ttag +38 ////; 
ttag +39 ////; 
ttag +40 ////; 
ttag +41 ////; 
ttag +42 ////; 
ttag +43 ////; 
ttag +44 ////; 
ttag +45 ////; 
ttag +46 ////; 
ttag +47 ////; 
ttag +48 ////; 
ttag +49 100/100/100/100/100; 
ttag +50 99/99/97/99/96; 
ttag +51 63/48/39/49/28; 
ttag +52 66/60/35/67/44; 
ttag +53 54/47/22/46/30; 
ttag +54 68/63/48/56/45; 
ttag +55 18/11/?/10/?; 
ttag +56 99/99/94/97/95; 
ttag +57 30/22/8/16/11; 
ttag +58 11/2/?/1/?; 
ttag +59 41/20/12/14/20; 
ttag +60 26/18/12/13/8; 
ttag +61 46/40/14/30/12; 
ttag +62 28/17/12/18/8; 
ttag +63 34/24/15/18/14; 
ttag +64 63/53/38/62/51; 
ttag +65 10/[5]/?/?/?; 
ttag +66 71/63/49/71/57; 
ttag +67 96/95/95/96/92; 
ttag +68 18/[2]/?/?/5; 
ttag +69 100/100/99/100/100; 
ttag +70 40/30/14/21/13; 
ttag +71 58/48/38/47/38; 
ttag +72 70/51/30/47/37; 
ttag +73 99/98/98/99/99; 
ttag +74 82/72/60/76/62; 
ttag +75 59/40/21/36/28; 
ttag +76 81/72/63/74/60; 
ttag +77 84/80/58/83/64; 
ttag +78 77/70/62/73/55; 
ttag +79 90/89/77/93/80; 
ttag +80 52/41/39/57/30; 
ttag +81 81/74/63/74/60; 
ttag +82 26/[11]/?/?/?; 
ttag +83 44/32/21/33/20; 
ttag +84 90/86/84/88/80; 
ttag +85 79/74/66/85/58; 
ttag +86 90/87/76/94/83; 
ttag +87 38/[1]/?/?/6; 
ttag +88 99/99/94/99/95; 
ttag +89 99/99/94/98/94; 
ttag +90 54/40/22/40/28; 
ttag +91 75/62/44/54/47; 
ttag +92 29/7/12/14/12; 
ttag +93 78/70/57/72/55; 
ttag +94 31/9/8/10/11; 
