tread
'Tree with tags' 
(0 (1 ((2 3 )(4 (5 11 (6 7 (8 (9 10 )))(12 13 21 (14 ((15 (16 17 ))(18 (19 20 ))))((22 (23 (24 25 )))(26 (27 (28 44 45 46 47 (29 (30 31 ))(32 ((33 34 )(35 (36 (38 (37 39 ))))))(40 (41 (42 43 ))))))))))))); 
ttag *!; 
ttag +49 ???; 
ttag +50 6; 
ttag +51 4; 
ttag +52 4; 
ttag +53 1; 
ttag +54 1; 
ttag +55 11; 
ttag +56 2; 
ttag +57 1; 
ttag +58 1; 
ttag +59 3; 
ttag +60 2; 
ttag +61 4; 
ttag +62 5; 
ttag +63 9; 
ttag +64 4; 
ttag +65 4; 
ttag +66 8; 
ttag +67 8; 
ttag +68 5; 
ttag +69 3; 
ttag +70 4; 
ttag +71 6; 
ttag +72 7; 
ttag +73 4; 
ttag +74 2; 
ttag +75 1; 
ttag +76 1; 
ttag +77 2; 
ttag +78 1; 
ttag +79 10; 
ttag +80 4; 
ttag +81 2; 
ttag +82 7; 
tread
'Tree with tags' 
(0 (1 ((2 3 )(4 (11 (5 (((6 7 )(8 (9 10 )))(13 (12 ((21 (14 ((15 (16 17 ))(18 (19 20 )))))((22 (23 (24 25 )))(26 (27 (((28 (32 ((33 34 )(35 (36 (38 (37 39 )))))))(29 (30 31 )))(((40 (41 (42 43 )))(46 47 ))(44 45 )))))))))))))))); 
ttag *!; 
ttag +0 ////; 
ttag +1 ////; 
ttag +2 ////; 
ttag +3 ////; 
ttag +4 ////; 
ttag +5 ////; 
ttag +6 ////; 
ttag +7 ////; 
ttag +8 ////; 
ttag +9 ////; 
ttag +10 ////; 
ttag +11 ////; 
ttag +12 ////; 
ttag +13 ////; 
ttag +14 ////; 
ttag +15 ////; 
ttag +16 ////; 
ttag +17 ////; 
ttag +18 ////; 
ttag +19 ////; 
ttag +20 ////; 
ttag +21 ////; 
ttag +22 ////; 
ttag +23 ////; 
ttag +24 ////; 
ttag +25 ////; 
ttag +26 ////; 
ttag +27 ////; 
ttag +28 ////; 
ttag +29 ////; 
ttag +30 ////; 
ttag +31 ////; 
ttag +32 ////; 
ttag +33 ////; 
ttag +34 ////; 
ttag +35 ////; 
ttag +36 ////; 
ttag +37 ////; 
ttag +38 ////; 
ttag +39 ////; 
ttag +40 ////; 
ttag +41 ////; 
ttag +42 ////; 
ttag +43 ////; 
ttag +44 ////; 
ttag +45 ////; 
ttag +46 ////; 
ttag +47 ////; 
ttag +48 ////; 
ttag +49 100/100/100/100/100; 
ttag +50 99/99/97/99/94; 
ttag +51 82/76/62/81/70; 
ttag +52 76/72/61/83/60; 
ttag +53 14/[16]/?/?/?; 
ttag +54 35/21/18/26/19; 
ttag +55 52/43/45/31/33; 
ttag +56 30/0/?/6/5; 
ttag +57 6/[24]/?/?/?; 
ttag +58 96/96/96/99/98; 
ttag +59 77/70/66/78/72; 
ttag +60 13/[1]/1/?/?; 
ttag +61 50/47/30/45/22; 
ttag +62 54/46/34/52/29; 
ttag +63 22/14/12/15/10; 
ttag +64 30/19/12/22/17; 
ttag +65 90/86/82/88/87; 
ttag +66 66/59/44/63/40; 
ttag +67 93/90/85/90/74; 
ttag +68 97/96/94/99/94; 
ttag +69 100/100/100/100/100; 
ttag +70 94/92/80/92/84; 
ttag +71 85/83/70/87/67; 
ttag +72 100/100/97/99/99; 
ttag +73 99/99/99/99/97; 
ttag +74 93/92/85/94/84; 
ttag +75 80/77/54/80/63; 
ttag +76 8/[25]/?/?/?; 
ttag +77 7/[36]/?/?/?; 
ttag +78 87/85/68/87/69; 
ttag +79 94/93/86/96/88; 
ttag +80 98/98/97/100/98; 
ttag +81 89/88/74/90/81; 
ttag +82 76/67/51/65/53; 
ttag +83 64/44/40/56/40; 
ttag +84 82/75/61/74/68; 
ttag +85 86/82/71/76/66; 
ttag +86 54/28/16/29/18; 
ttag +87 100/100/100/100/99; 
ttag +88 89/86/82/93/75; 
ttag +89 2/[16]/?/?/?; 
ttag +90 25/6/?/10/2; 
ttag +91 84/79/73/86/74; 
ttag +92 100/100/99/100/99; 
ttag +93 42/24/35/30/42; 
ttag +94 41/24/13/28/22; 
