tread
'Tree with tags' 
(0 (1 ((2 3 )(4 (5 (((6 7 )(11 14 21 (12 13 )((22 (23 (24 25 )))(26 27 (28 (29 (30 31 ))(32 (33 34 )(35 36 (37 (38 39 ))))(40 (41 (42 43 )))(47 (44 45 46 )))))))((8 (9 10 ))(18 (15 16 17 )(19 20 ))))))))); 
ttag *!; 
ttag +49 ???; 
ttag +50 5; 
ttag +51 12; 
ttag +52 2; 
ttag +53 6; 
ttag +54 4; 
ttag +55 2; 
ttag +56 1; 
ttag +57 11; 
ttag +58 2; 
ttag +59 5; 
ttag +60 1; 
ttag +61 5; 
ttag +62 5; 
ttag +63 2; 
ttag +64 5; 
ttag +65 2; 
ttag +66 3; 
ttag +67 5; 
ttag +68 3; 
ttag +69 3; 
ttag +70 1; 
ttag +71 4; 
ttag +72 2; 
ttag +73 5; 
ttag +74 5; 
ttag +75 2; 
ttag +76 5; 
ttag +77 1; 
ttag +78 4; 
ttag +79 2; 
ttag +80 4; 
ttag +81 1; 
ttag +82 4; 
tread
'Tree with tags' 
(0 (1 ((2 3 )(4 (5 (((6 7 )(((11 14 )(21 ((22 (23 (24 25 )))(26 (27 ((28 (29 (30 31 )))(((32 (35 (36 (37 (38 39 )))))(33 34 ))((40 (41 (42 43 )))(47 (46 (44 45 )))))))))))(12 13 )))((8 (9 10 ))((17 (15 16 ))(18 (19 20 )))))))))); 
ttag *!; 
ttag +0 ////; 
ttag +1 ////; 
ttag +2 ////; 
ttag +3 ////; 
ttag +4 ////; 
ttag +5 ////; 
ttag +6 ////; 
ttag +7 ////; 
ttag +8 ////; 
ttag +9 ////; 
ttag +10 ////; 
ttag +11 ////; 
ttag +12 ////; 
ttag +13 ////; 
ttag +14 ////; 
ttag +15 ////; 
ttag +16 ////; 
ttag +17 ////; 
ttag +18 ////; 
ttag +19 ////; 
ttag +20 ////; 
ttag +21 ////; 
ttag +22 ////; 
ttag +23 ////; 
ttag +24 ////; 
ttag +25 ////; 
ttag +26 ////; 
ttag +27 ////; 
ttag +28 ////; 
ttag +29 ////; 
ttag +30 ////; 
ttag +31 ////; 
ttag +32 ////; 
ttag +33 ////; 
ttag +34 ////; 
ttag +35 ////; 
ttag +36 ////; 
ttag +37 ////; 
ttag +38 ////; 
ttag +39 ////; 
ttag +40 ////; 
ttag +41 ////; 
ttag +42 ////; 
ttag +43 ////; 
ttag +44 ////; 
ttag +45 ////; 
ttag +46 ////; 
ttag +47 ////; 
ttag +48 ////; 
ttag +49 100/100/100/100/100; 
ttag +50 96/95/92/95/93; 
ttag +51 100/100/100/100/99; 
ttag +52 69/52/44/62/43; 
ttag +53 84/79/66/81/67; 
ttag +54 85/84/66/81/68; 
ttag +55 41/33/22/36/18; 
ttag +56 21/[3]/?/3/?; 
ttag +57 100/100/100/99/99; 
ttag +58 19/7/7/18/1; 
ttag +59 98/97/94/98/95; 
ttag +60 36/14/18/18/16; 
ttag +61 25/18/12/18/3; 
ttag +62 38/34/18/37/16; 
ttag +63 90/88/73/96/74; 
ttag +64 47/18/20/11/4; 
ttag +65 98/96/88/95/92; 
ttag +66 65/53/52/57/38; 
ttag +67 52/27/31/31/42; 
ttag +68 99/99/98/98/97; 
ttag +69 29/4/8/10/8; 
ttag +70 57/46/26/53/46; 
ttag +71 74/70/55/69/55; 
ttag +72 98/98/92/97/92; 
ttag +73 93/92/82/93/92; 
ttag +74 79/75/63/84/67; 
ttag +75 42/21/19/26/26; 
ttag +76 36/18/7/16/14; 
ttag +77 56/48/37/54/40; 
ttag +78 90/89/79/93/80; 
ttag +79 84/74/66/75/66; 
ttag +80 20/[18]/?/?/?; 
ttag +81 88/86/74/93/75; 
ttag +82 7/[11]/?/?/?; 
ttag +83 93/91/82/98/86; 
ttag +84 66/64/51/63/45; 
ttag +85 50/22/19/27/18; 
ttag +86 97/97/92/97/92; 
ttag +87 55/48/37/50/41; 
ttag +88 86/82/74/86/70; 
ttag +89 27/19/14/21/12; 
ttag +90 76/70/58/74/56; 
ttag +91 94/92/85/94/88; 
ttag +92 40/38/42/35/40; 
ttag +93 52/42/33/46/31; 
ttag +94 81/78/69/86/68; 
