tread
'Tree with tags' 
(0 (1 (4 5 6 7 11 (2 3 )(8 9 10 )(12 13 )(14 21 ((15 (16 17 ))(18 (19 20 )))((22 (23 (24 25 )))(26 (27 (28 ((29 (30 31 ))((32 ((33 34 )(35 (36 (37 (38 39 ))))))(46 (47 (40 (41 (42 43 )))(44 45 ))))))))))))); 
ttag *!; 
ttag +49 ???; 
ttag +50 6; 
ttag +51 1; 
ttag +52 6; 
ttag +53 1; 
ttag +54 1; 
ttag +55 6; 
ttag +56 4; 
ttag +57 1; 
ttag +58 8; 
ttag +59 11; 
ttag +60 2; 
ttag +61 1; 
ttag +62 6; 
ttag +63 9; 
ttag +64 4; 
ttag +65 2; 
ttag +66 2; 
ttag +67 4; 
ttag +68 1; 
ttag +69 4; 
ttag +70 9; 
ttag +71 2; 
ttag +72 3; 
ttag +73 1; 
ttag +74 7; 
ttag +75 5; 
ttag +76 5; 
ttag +77 3; 
ttag +78 5; 
ttag +79 1; 
ttag +80 1; 
ttag +81 3; 
ttag +82 9; 
ttag +83 1; 
tread
'Tree with tags' 
(0 (1 (11 (((4 ((5 (2 3 ))(7 (6 (8 (9 10 ))))))((14 ((15 (16 17 ))(18 (19 20 ))))(21 ((22 (23 (24 25 )))(26 (27 (28 ((29 (30 31 ))((32 ((33 34 )(35 (36 (37 (38 39 ))))))(46 ((47 (40 (41 (42 43 ))))(44 45 ))))))))))))(12 13 ))))); 
ttag *!; 
ttag +0 ////; 
ttag +1 ////; 
ttag +2 ////; 
ttag +3 ////; 
ttag +4 ////; 
ttag +5 ////; 
ttag +6 ////; 
ttag +7 ////; 
ttag +8 ////; 
ttag +9 ////; 
ttag +10 ////; 
ttag +11 ////; 
ttag +12 ////; 
ttag +13 ////; 
ttag +14 ////; 
ttag +15 ////; 
ttag +16 ////; 
ttag +17 ////; 
ttag +18 ////; 
ttag +19 ////; 
ttag +20 ////; 
ttag +21 ////; 
ttag +22 ////; 
ttag +23 ////; 
ttag +24 ////; 
ttag +25 ////; 
ttag +26 ////; 
ttag +27 ////; 
ttag +28 ////; 
ttag +29 ////; 
ttag +30 ////; 
ttag +31 ////; 
ttag +32 ////; 
ttag +33 ////; 
ttag +34 ////; 
ttag +35 ////; 
ttag +36 ////; 
ttag +37 ////; 
ttag +38 ////; 
ttag +39 ////; 
ttag +40 ////; 
ttag +41 ////; 
ttag +42 ////; 
ttag +43 ////; 
ttag +44 ////; 
ttag +45 ////; 
ttag +46 ////; 
ttag +47 ////; 
ttag +48 ////; 
ttag +49 100/100/100/100/100; 
ttag +50 98/98/93/98/94; 
ttag +51 12/[14]/?/?/?; 
ttag +52 6/[21]/?/?/?; 
ttag +53 17/[10]/?/?/?; 
ttag +54 12/[15]/?/?/?; 
ttag +55 28/1/?/2/?; 
ttag +56 88/82/80/81/79; 
ttag +57 6/[21]/?/?/?; 
ttag +58 13/0/0/?/?; 
ttag +59 98/98/94/97/97; 
ttag +60 32/9/13/13/8; 
ttag +61 58/52/45/61/48; 
ttag +62 26/1/?/8/?; 
ttag +63 54/42/22/37/24; 
ttag +64 98/98/90/98/94; 
ttag +65 88/86/65/84/67; 
ttag +66 58/46/24/46/18; 
ttag +67 99/99/99/100/99; 
ttag +68 100/100/100/100/100; 
ttag +69 20/[4]/?/8/?; 
ttag +70 81/76/54/69/59; 
ttag +71 48/35/15/27/13; 
ttag +72 98/97/91/97/93; 
ttag +73 100/100/100/100/99; 
ttag +74 82/77/75/78/69; 
ttag +75 57/42/43/58/38; 
ttag +76 67/62/58/65/51; 
ttag +77 96/95/86/96/89; 
ttag +78 40/20/26/28/20; 
ttag +79 86/80/82/88/77; 
ttag +80 99/99/99/98/98; 
ttag +81 69/65/49/70/46; 
ttag +82 88/84/85/92/90; 
ttag +83 55/40/35/48/39; 
ttag +84 98/97/92/98/92; 
ttag +85 98/97/90/96/92; 
ttag +86 98/98/92/97/87; 
ttag +87 93/91/82/90/78; 
ttag +88 92/91/86/90/80; 
ttag +89 5/[20]/?/?/?; 
ttag +90 24/0/2/2/0; 
ttag +91 43/24/25/26/18; 
ttag +92 92/91/88/95/79; 
ttag +93 100/100/100/100/98; 
ttag +94 37/31/34/36/29; 
