tread
'Tree with tags' 
(0 (1 (2 (3 (4 (5 (6 7 11 (8 (9 10 ))((12 13 )(14 ((17 (15 16 ))(18 (19 20 )))(21 ((22 (23 (24 25 )))((26 27 )((28 ((29 (30 31 ))((40 (41 (42 43 )))(47 (46 (44 45 ))))))(35 ((32 (33 34 ))(36 (37 38 39 ))))))))))))))))); 
ttag *!; 
ttag +49 ???; 
ttag +50 3; 
ttag +51 1; 
ttag +52 8; 
ttag +53 3; 
ttag +54 1; 
ttag +55 11; 
ttag +56 1; 
ttag +57 1; 
ttag +58 4; 
ttag +59 1; 
ttag +60 1; 
ttag +61 2; 
ttag +62 1; 
ttag +63 5; 
ttag +64 5; 
ttag +65 2; 
ttag +66 2; 
ttag +67 3; 
ttag +68 4; 
ttag +69 12; 
ttag +70 2; 
ttag +71 1; 
ttag +72 1; 
ttag +73 1; 
ttag +74 4; 
ttag +75 1; 
ttag +76 4; 
ttag +77 2; 
ttag +78 1; 
ttag +79 7; 
ttag +80 1; 
ttag +81 4; 
ttag +82 2; 
ttag +83 9; 
ttag +84 4; 
ttag +85 2; 
ttag +86 7; 
ttag +87 2; 
ttag +88 1; 
ttag +89 4; 
tread
'Tree with tags' 
(0 (1 (2 (3 (4 (5 (((6 7 )(11 (8 (9 10 ))))((12 13 )((14 ((17 (15 16 ))(18 (19 20 ))))(21 ((22 (23 (24 25 )))((26 27 )((28 ((29 (30 31 ))((40 (41 (42 43 )))(47 (46 (44 45 ))))))(35 ((32 (33 34 ))(36 (38 (37 39 )))))))))))))))))); 
ttag *!; 
ttag +0 ////; 
ttag +1 ////; 
ttag +2 ////; 
ttag +3 ////; 
ttag +4 ////; 
ttag +5 ////; 
ttag +6 ////; 
ttag +7 ////; 
ttag +8 ////; 
ttag +9 ////; 
ttag +10 ////; 
ttag +11 ////; 
ttag +12 ////; 
ttag +13 ////; 
ttag +14 ////; 
ttag +15 ////; 
ttag +16 ////; 
ttag +17 ////; 
ttag +18 ////; 
ttag +19 ////; 
ttag +20 ////; 
ttag +21 ////; 
ttag +22 ////; 
ttag +23 ////; 
ttag +24 ////; 
ttag +25 ////; 
ttag +26 ////; 
ttag +27 ////; 
ttag +28 ////; 
ttag +29 ////; 
ttag +30 ////; 
ttag +31 ////; 
ttag +32 ////; 
ttag +33 ////; 
ttag +34 ////; 
ttag +35 ////; 
ttag +36 ////; 
ttag +37 ////; 
ttag +38 ////; 
ttag +39 ////; 
ttag +40 ////; 
ttag +41 ////; 
ttag +42 ////; 
ttag +43 ////; 
ttag +44 ////; 
ttag +45 ////; 
ttag +46 ////; 
ttag +47 ////; 
ttag +48 ////; 
ttag +49 100/100/100/100/100; 
ttag +50 84/78/68/77/70; 
ttag +51 35/[4]/?/4/?; 
ttag +52 95/94/82/95/84; 
ttag +53 63/49/25/46/32; 
ttag +54 51/36/30/35/31; 
ttag +55 8/[5]/?/?/?; 
ttag +56 41/30/19/34/22; 
ttag +57 100/100/100/100/100; 
ttag +58 29/6/8/22/9; 
ttag +59 62/50/38/44/45; 
ttag +60 45/34/25/28/26; 
ttag +61 48/43/23/52/30; 
ttag +62 37/30/26/29/28; 
ttag +63 22/12/2/11/1; 
ttag +64 39/[6]/1/0/2; 
ttag +65 80/77/62/73/53; 
ttag +66 41/17/9/27/20; 
ttag +67 95/94/90/94/86; 
ttag +68 97/96/85/96/82; 
ttag +69 50/44/30/54/39; 
ttag +70 41/24/18/28/18; 
ttag +71 59/54/47/66/44; 
ttag +72 89/87/80/85/76; 
ttag +73 100/100/99/100/99; 
ttag +74 47/32/20/41/26; 
ttag +75 54/47/32/38/35; 
ttag +76 22/[17]/?/?/?; 
ttag +77 53/38/8/31/18; 
ttag +78 70/64/57/71/64; 
ttag +79 39/17/19/18/20; 
ttag +80 88/84/77/85/77; 
ttag +81 78/70/50/59/54; 
ttag +82 65/51/28/38/18; 
ttag +83 98/98/96/99/95; 
ttag +84 69/56/42/50/56; 
ttag +85 93/92/90/94/92; 
ttag +86 7/1/?/?/3; 
ttag +87 79/71/70/79/67; 
ttag +88 98/98/96/98/96; 
ttag +89 91/87/75/86/80; 
ttag +90 69/54/38/59/32; 
ttag +91 96/95/93/96/93; 
ttag +92 78/68/58/74/64; 
ttag +93 53/38/29/46/35; 
ttag +94 92/88/79/90/81; 
