tread
'Tree with tags' 
(0 (1 ((2 3 )(4 (5 ((11 ((6 7 )(8 (9 10 ))))((12 13 )((14 ((15 (16 17 ))(18 (19 20 ))))(21 ((22 (23 (24 25 )))(26 (27 (28 ((29 (30 31 ))(((32 35 (36 (37 38 39 )))(33 34 ))(40 (41 (42 43 ))))(44 45 46 47 ))))))))))))))); 
ttag *!; 
ttag +49 ???; 
ttag +50 5; 
ttag +51 7; 
ttag +52 6; 
ttag +53 3; 
ttag +54 3; 
ttag +55 2; 
ttag +56 1; 
ttag +57 3; 
ttag +58 1; 
ttag +59 1; 
ttag +60 3; 
ttag +61 1; 
ttag +62 2; 
ttag +63 3; 
ttag +64 8; 
ttag +65 2; 
ttag +66 2; 
ttag +67 4; 
ttag +68 8; 
ttag +69 2; 
ttag +70 4; 
ttag +71 4; 
ttag +72 14; 
ttag +73 3; 
ttag +74 6; 
ttag +75 2; 
ttag +76 2; 
ttag +77 7; 
ttag +78 1; 
ttag +79 2; 
ttag +80 1; 
ttag +81 7; 
ttag +82 1; 
ttag +83 3; 
ttag +84 7; 
ttag +85 6; 
ttag +86 2; 
ttag +87 1; 
ttag +88 8; 
ttag +89 4; 
tread
'Tree with tags' 
(0 (1 ((2 3 )(4 (5 ((11 ((6 7 )(8 (9 10 ))))((12 13 )((14 ((15 (16 17 ))(18 (19 20 ))))(21 ((22 (23 (24 25 )))(26 (27 (28 (((29 (30 31 ))(45 (44 (46 47 ))))(((32 (35 (36 (39 (37 38 )))))(33 34 ))(40 (41 (42 43 )))))))))))))))))); 
ttag *!; 
ttag +0 ////; 
ttag +1 ////; 
ttag +2 ////; 
ttag +3 ////; 
ttag +4 ////; 
ttag +5 ////; 
ttag +6 ////; 
ttag +7 ////; 
ttag +8 ////; 
ttag +9 ////; 
ttag +10 ////; 
ttag +11 ////; 
ttag +12 ////; 
ttag +13 ////; 
ttag +14 ////; 
ttag +15 ////; 
ttag +16 ////; 
ttag +17 ////; 
ttag +18 ////; 
ttag +19 ////; 
ttag +20 ////; 
ttag +21 ////; 
ttag +22 ////; 
ttag +23 ////; 
ttag +24 ////; 
ttag +25 ////; 
ttag +26 ////; 
ttag +27 ////; 
ttag +28 ////; 
ttag +29 ////; 
ttag +30 ////; 
ttag +31 ////; 
ttag +32 ////; 
ttag +33 ////; 
ttag +34 ////; 
ttag +35 ////; 
ttag +36 ////; 
ttag +37 ////; 
ttag +38 ////; 
ttag +39 ////; 
ttag +40 ////; 
ttag +41 ////; 
ttag +42 ////; 
ttag +43 ////; 
ttag +44 ////; 
ttag +45 ////; 
ttag +46 ////; 
ttag +47 ////; 
ttag +48 ////; 
ttag +49 100/100/100/100/100; 
ttag +50 95/94/95/94/94; 
ttag +51 96/96/90/96/87; 
ttag +52 66/56/34/58/36; 
ttag +53 41/27/3/23/6; 
ttag +54 91/87/88/89/84; 
ttag +55 82/77/63/80/65; 
ttag +56 24/13/8/13/11; 
ttag +57 40/27/1/23/8; 
ttag +58 75/64/54/59/55; 
ttag +59 63/38/32/48/43; 
ttag +60 80/78/66/80/72; 
ttag +61 26/14/4/18/7; 
ttag +62 54/45/28/48/32; 
ttag +63 46/36/14/38/14; 
ttag +64 96/96/91/98/94; 
ttag +65 63/58/42/60/44; 
ttag +66 71/56/36/74/45; 
ttag +67 84/81/74/86/72; 
ttag +68 99/99/98/98/97; 
ttag +69 43/33/7/38/18; 
ttag +70 79/76/65/83/65; 
ttag +71 50/41/16/46/23; 
ttag +72 100/100/99/100/100; 
ttag +73 90/87/79/86/76; 
ttag +74 74/66/48/74/54; 
ttag +75 42/29/17/40/12; 
ttag +76 53/43/22/49/18; 
ttag +77 92/90/90/93/86; 
ttag +78 11/[23]/?/?/?; 
ttag +79 30/18/14/21/14; 
ttag +80 86/79/78/79/78; 
ttag +81 42/5/?/?/?; 
ttag +82 99/98/97/98/96; 
ttag +83 28/[6]/?/?/?; 
ttag +84 90/88/82/92/89; 
ttag +85 56/44/42/51/41; 
ttag +86 98/98/94/97/93; 
ttag +87 38/3/1/?/?; 
ttag +88 98/98/96/99/94; 
ttag +89 77/74/53/74/65; 
ttag +90 53/28/33/33/23; 
ttag +91 100/100/97/100/96; 
ttag +92 27/12/10/3/8; 
ttag +93 95/94/81/94/90; 
ttag +94 14/[6]/?/?/?; 
