tread
'Tree with tags' 
(0 (1 ((2 3 )(4 5 6 7 11 (8 (9 10 ))((12 13 )(14 21 (15 (16 17 ))(18 (19 20 ))(28 (22 (23 (24 25 )))(26 27 )(29 30 31 )((44 45 46 47 (32 ((33 34 )(35 (36 (38 (37 39 )))))))(40 (41 (42 43 ))))))))))); 
ttag *!; 
ttag +49 ???; 
ttag +50 11; 
ttag +51 4; 
ttag +52 2; 
ttag +53 9; 
ttag +54 3; 
ttag +55 1; 
ttag +56 2; 
ttag +57 1; 
ttag +58 5; 
ttag +59 5; 
ttag +60 6; 
ttag +61 7; 
ttag +62 5; 
ttag +63 1; 
ttag +64 7; 
ttag +65 14; 
ttag +66 3; 
ttag +67 3; 
ttag +68 8; 
ttag +69 1; 
ttag +70 3; 
ttag +71 3; 
ttag +72 2; 
ttag +73 2; 
ttag +74 2; 
ttag +75 2; 
ttag +76 4; 
ttag +77 5; 
ttag +78 2; 
ttag +79 10; 
tread
'Tree with tags' 
(0 (1 ((2 3 )((4 (8 (9 10 )))((5 (11 ((12 13 )(((14 (15 (16 17 )))(21 ((22 (23 (24 25 )))((28 (26 27 ))((29 (30 31 ))(((32 ((33 34 )(35 (36 (38 (37 39 ))))))(46 (45 (44 47 ))))(40 (41 (42 43 )))))))))(18 (19 20 ))))))(6 7 )))))); 
ttag *!; 
ttag +0 ////; 
ttag +1 ////; 
ttag +2 ////; 
ttag +3 ////; 
ttag +4 ////; 
ttag +5 ////; 
ttag +6 ////; 
ttag +7 ////; 
ttag +8 ////; 
ttag +9 ////; 
ttag +10 ////; 
ttag +11 ////; 
ttag +12 ////; 
ttag +13 ////; 
ttag +14 ////; 
ttag +15 ////; 
ttag +16 ////; 
ttag +17 ////; 
ttag +18 ////; 
ttag +19 ////; 
ttag +20 ////; 
ttag +21 ////; 
ttag +22 ////; 
ttag +23 ////; 
ttag +24 ////; 
ttag +25 ////; 
ttag +26 ////; 
ttag +27 ////; 
ttag +28 ////; 
ttag +29 ////; 
ttag +30 ////; 
ttag +31 ////; 
ttag +32 ////; 
ttag +33 ////; 
ttag +34 ////; 
ttag +35 ////; 
ttag +36 ////; 
ttag +37 ////; 
ttag +38 ////; 
ttag +39 ////; 
ttag +40 ////; 
ttag +41 ////; 
ttag +42 ////; 
ttag +43 ////; 
ttag +44 ////; 
ttag +45 ////; 
ttag +46 ////; 
ttag +47 ////; 
ttag +48 ////; 
ttag +49 100/100/100/100/100; 
ttag +50 100/100/100/100/100; 
ttag +51 94/91/94/93/90; 
ttag +52 44/30/16/28/20; 
ttag +53 62/52/32/48/35; 
ttag +54 0/[24]/?/?/?; 
ttag +55 15/[3]/?/7/?; 
ttag +56 50/39/24/41/39; 
ttag +57 99/99/96/99/97; 
ttag +58 91/87/74/87/82; 
ttag +59 21/[3]/?/?/?; 
ttag +60 61/55/47/56/42; 
ttag +61 45/31/28/38/21; 
ttag +62 27/2/?/?/?; 
ttag +63 35/16/?/13/0; 
ttag +64 41/27/28/34/22; 
ttag +65 94/93/82/96/84; 
ttag +66 96/93/84/96/84; 
ttag +67 88/85/76/88/74; 
ttag +68 100/100/100/100/100; 
ttag +69 23/12/1/18/5; 
ttag +70 92/91/74/93/73; 
ttag +71 49/43/33/47/37; 
ttag +72 96/94/85/98/89; 
ttag +73 100/100/98/100/99; 
ttag +74 89/88/88/91/85; 
ttag +75 36/22/22/23/22; 
ttag +76 12/[10]/?/?/?; 
ttag +77 86/84/64/83/76; 
ttag +78 55/48/30/50/38; 
ttag +79 60/32/42/32/26; 
ttag +80 99/99/93/100/95; 
ttag +81 58/49/24/45/28; 
ttag +82 77/73/56/76/61; 
ttag +83 90/85/70/86/75; 
ttag +84 55/40/20/49/33; 
ttag +85 56/44/29/56/31; 
ttag +86 57/50/41/60/41; 
ttag +87 85/82/77/81/80; 
ttag +88 82/76/73/84/70; 
ttag +89 88/86/76/86/73; 
ttag +90 71/64/50/58/44; 
ttag +91 100/100/99/100/97; 
ttag +92 31/19/12/21/13; 
ttag +93 23/11/5/17/8; 
ttag +94 53/28/34/34/32; 
