tread
'Tree with tags' 
(0 (1 (2 3 )(4 5 (7 (6 ((11 (8 (9 10 )))(12 13 (21 (14 ((15 (16 17 ))(18 (19 20 ))))(22 (23 (24 25 )))(26 27 (((28 ((40 (41 (42 43 )))(46 (47 (44 45 )))))(32 ((36 (35 (33 34 )))(37 (38 39 )))))(29 (30 31 )))))))))))); 
ttag *!; 
ttag +49 ???; 
ttag +50 4; 
ttag +51 7; 
ttag +52 1; 
ttag +53 2; 
ttag +54 3; 
ttag +55 2; 
ttag +56 2; 
ttag +57 5; 
ttag +58 4; 
ttag +59 3; 
ttag +60 3; 
ttag +61 10; 
ttag +62 2; 
ttag +63 2; 
ttag +64 7; 
ttag +65 13; 
ttag +66 2; 
ttag +67 6; 
ttag +68 3; 
ttag +69 2; 
ttag +70 1; 
ttag +71 1; 
ttag +72 4; 
ttag +73 6; 
ttag +74 4; 
ttag +75 4; 
ttag +76 9; 
ttag +77 1; 
ttag +78 1; 
ttag +79 2; 
ttag +80 6; 
ttag +81 1; 
ttag +82 5; 
ttag +83 1; 
ttag +84 1; 
ttag +85 5; 
ttag +86 1; 
ttag +87 1; 
ttag +88 3; 
tread
'Tree with tags' 
(0 (1 ((2 3 )(4 (5 (7 (6 ((11 (8 (9 10 )))((12 13 )(((21 (14 ((15 (16 17 ))(18 (19 20 )))))(26 (27 (((28 ((40 (41 (42 43 )))(46 (47 (44 45 )))))(32 ((36 (35 (33 34 )))(37 (38 39 )))))(29 (30 31 ))))))(22 (23 (24 25 ))))))))))))); 
ttag *!; 
ttag +0 ////; 
ttag +1 ////; 
ttag +2 ////; 
ttag +3 ////; 
ttag +4 ////; 
ttag +5 ////; 
ttag +6 ////; 
ttag +7 ////; 
ttag +8 ////; 
ttag +9 ////; 
ttag +10 ////; 
ttag +11 ////; 
ttag +12 ////; 
ttag +13 ////; 
ttag +14 ////; 
ttag +15 ////; 
ttag +16 ////; 
ttag +17 ////; 
ttag +18 ////; 
ttag +19 ////; 
ttag +20 ////; 
ttag +21 ////; 
ttag +22 ////; 
ttag +23 ////; 
ttag +24 ////; 
ttag +25 ////; 
ttag +26 ////; 
ttag +27 ////; 
ttag +28 ////; 
ttag +29 ////; 
ttag +30 ////; 
ttag +31 ////; 
ttag +32 ////; 
ttag +33 ////; 
ttag +34 ////; 
ttag +35 ////; 
ttag +36 ////; 
ttag +37 ////; 
ttag +38 ////; 
ttag +39 ////; 
ttag +40 ////; 
ttag +41 ////; 
ttag +42 ////; 
ttag +43 ////; 
ttag +44 ////; 
ttag +45 ////; 
ttag +46 ////; 
ttag +47 ////; 
ttag +48 ////; 
ttag +49 100/100/100/100/100; 
ttag +50 97/96/93/94/94; 
ttag +51 35/[12]/?/?/?; 
ttag +52 96/94/86/93/87; 
ttag +53 37/12/19/18/13; 
ttag +54 22/[7]/?/?/?; 
ttag +55 42/17/10/30/10; 
ttag +56 90/85/77/88/80; 
ttag +57 32/7/?/15/?; 
ttag +58 36/11/?/19/0; 
ttag +59 98/98/97/97/96; 
ttag +60 50/38/33/38/35; 
ttag +61 78/75/60/77/54; 
ttag +62 34/18/16/28/12; 
ttag +63 13/[2]/?/2/0; 
ttag +64 21/0/3/?/6; 
ttag +65 80/74/59/83/58; 
ttag +66 98/98/98/98/94; 
ttag +67 42/20/14/36/19; 
ttag +68 68/58/50/63/45; 
ttag +69 99/99/98/99/97; 
ttag +70 100/100/100/100/100; 
ttag +71 76/68/70/76/64; 
ttag +72 98/98/92/98/93; 
ttag +73 84/80/72/87/76; 
ttag +74 44/34/29/39/33; 
ttag +75 35/24/18/22/12; 
ttag +76 12/[10]/?/?/?; 
ttag +77 31/8/4/15/5; 
ttag +78 54/49/41/61/48; 
ttag +79 95/94/86/94/86; 
ttag +80 96/94/92/97/95; 
ttag +81 73/71/54/70/57; 
ttag +82 100/100/98/99/98; 
ttag +83 23/4/4/3/?; 
ttag +84 13/[6]/?/?/?; 
ttag +85 47/29/19/27/15; 
ttag +86 88/80/63/80/67; 
ttag +87 37/19/1/19/4; 
ttag +88 84/83/73/86/73; 
ttag +89 41/27/22/31/28; 
ttag +90 46/30/28/29/32; 
ttag +91 98/98/96/99/96; 
ttag +92 11/[8]/?/?/?; 
ttag +93 17/[2]/?/?/?; 
ttag +94 89/88/80/91/77; 
