tread
'Tree with tags' 
(0 (1 ((2 3 )(4 (5 ((7 (6 (8 (9 10 ))))(11 (12 13 ((14 ((15 (16 17 ))(18 (19 20 ))))(21 ((22 (23 (24 25 )))((26 27 )(28 ((29 (30 31 ))((32 (35 (33 34 )(36 (39 (37 38 )))))((40 (41 (42 43 )))(46 (45 (44 47 ))))))))))))))))))); 
ttag *!; 
ttag +49 ???; 
ttag +50 2; 
ttag +51 4; 
ttag +52 10; 
ttag +53 1; 
ttag +54 1; 
ttag +55 3; 
ttag +56 2; 
ttag +57 14; 
ttag +58 5; 
ttag +59 2; 
ttag +60 2; 
ttag +61 3; 
ttag +62 1; 
ttag +63 6; 
ttag +64 2; 
ttag +65 3; 
ttag +66 6; 
ttag +67 9; 
ttag +68 2; 
ttag +69 2; 
ttag +70 5; 
ttag +71 7; 
ttag +72 3; 
ttag +73 2; 
ttag +74 3; 
ttag +75 1; 
ttag +76 1; 
ttag +77 3; 
ttag +78 6; 
ttag +79 8; 
ttag +80 3; 
ttag +81 5; 
ttag +82 3; 
ttag +83 2; 
ttag +84 2; 
ttag +85 2; 
ttag +86 4; 
ttag +87 2; 
ttag +88 3; 
ttag +89 10; 
ttag +90 1; 
ttag +91 1; 
ttag +92 6; 
tread
'Tree with tags' 
(0 (1 ((2 3 )(4 (5 ((7 (6 (8 (9 10 ))))(11 (12 (13 ((14 ((15 (16 17 ))(18 (19 20 ))))(21 ((22 (23 (24 25 )))((26 27 )(28 ((29 (30 31 ))((32 (35 ((33 34 )(36 (39 (37 38 ))))))((40 (41 (42 43 )))(46 (45 (44 47 )))))))))))))))))))); 
ttag *!; 
ttag +0 ////; 
ttag +1 ////; 
ttag +2 ////; 
ttag +3 ////; 
ttag +4 ////; 
ttag +5 ////; 
ttag +6 ////; 
ttag +7 ////; 
ttag +8 ////; 
ttag +9 ////; 
ttag +10 ////; 
ttag +11 ////; 
ttag +12 ////; 
ttag +13 ////; 
ttag +14 ////; 
ttag +15 ////; 
ttag +16 ////; 
ttag +17 ////; 
ttag +18 ////; 
ttag +19 ////; 
ttag +20 ////; 
ttag +21 ////; 
ttag +22 ////; 
ttag +23 ////; 
ttag +24 ////; 
ttag +25 ////; 
ttag +26 ////; 
ttag +27 ////; 
ttag +28 ////; 
ttag +29 ////; 
ttag +30 ////; 
ttag +31 ////; 
ttag +32 ////; 
ttag +33 ////; 
ttag +34 ////; 
ttag +35 ////; 
ttag +36 ////; 
ttag +37 ////; 
ttag +38 ////; 
ttag +39 ////; 
ttag +40 ////; 
ttag +41 ////; 
ttag +42 ////; 
ttag +43 ////; 
ttag +44 ////; 
ttag +45 ////; 
ttag +46 ////; 
ttag +47 ////; 
ttag +48 ////; 
ttag +49 100/100/100/100/100; 
ttag +50 60/29/46/43/33; 
ttag +51 81/72/62/82/57; 
ttag +52 98/98/92/98/94; 
ttag +53 28/[11]/?/?/?; 
ttag +54 37/10/?/9/?; 
ttag +55 63/54/46/49/39; 
ttag +56 40/25/12/23/7; 
ttag +57 100/100/100/100/99; 
ttag +58 95/94/92/96/94; 
ttag +59 48/40/29/36/23; 
ttag +60 48/43/26/41/26; 
ttag +61 22/6/2/4/0; 
ttag +62 72/68/50/67/50; 
ttag +63 47/36/22/32/20; 
ttag +64 99/98/97/98/97; 
ttag +65 69/62/48/63/52; 
ttag +66 90/88/82/86/74; 
ttag +67 94/92/83/92/82; 
ttag +68 100/100/100/100/100; 
ttag +69 68/64/55/57/51; 
ttag +70 73/64/65/62/68; 
ttag +71 87/83/74/88/76; 
ttag +72 99/99/94/100/97; 
ttag +73 92/87/70/80/58; 
ttag +74 60/50/49/58/49; 
ttag +75 72/65/50/58/49; 
ttag +76 36/20/17/26/16; 
ttag +77 45/17/14/30/35; 
ttag +78 41/32/22/35/18; 
ttag +79 96/95/92/97/90; 
ttag +80 94/93/87/96/87; 
ttag +81 58/49/32/50/24; 
ttag +82 86/82/79/87/72; 
ttag +83 27/[5]/?/?/?; 
ttag +84 74/61/49/58/33; 
ttag +85 84/80/68/77/74; 
ttag +86 87/85/75/82/81; 
ttag +87 73/60/56/61/52; 
ttag +88 76/72/58/72/61; 
ttag +89 66/58/52/58/55; 
ttag +90 78/69/46/65/55; 
ttag +91 100/100/96/100/98; 
ttag +92 27/3/?/1/?; 
ttag +93 37/13/1/6/?; 
ttag +94 91/90/80/91/84; 
