tread
'Tree with tags' 
(0 (1 ((2 3 )(4 (5 (((6 7 )(8 (9 10 )))((11 (21 ((22 (23 (24 25 )))(26 (27 (28 ((29 (30 31 ))((32 (33 34 )(35 (36 (37 38 39 ))))(44 45 46 47 (40 (41 (42 43 ))))))))))))((12 13 )(14 ((15 (16 17 ))(18 (19 20 )))))))))))); 
ttag *!; 
ttag +49 ???; 
ttag +50 6; 
ttag +51 3; 
ttag +52 6; 
ttag +53 5; 
ttag +54 2; 
ttag +55 3; 
ttag +56 1; 
ttag +57 14; 
ttag +58 5; 
ttag +59 1; 
ttag +60 6; 
ttag +61 1; 
ttag +62 1; 
ttag +63 3; 
ttag +64 4; 
ttag +65 4; 
ttag +66 3; 
ttag +67 2; 
ttag +68 5; 
ttag +69 1; 
ttag +70 4; 
ttag +71 6; 
ttag +72 4; 
ttag +73 11; 
ttag +74 5; 
ttag +75 2; 
ttag +76 3; 
ttag +77 1; 
ttag +78 1; 
ttag +79 5; 
ttag +80 5; 
ttag +81 4; 
ttag +82 5; 
ttag +83 1; 
ttag +84 2; 
ttag +85 3; 
ttag +86 10; 
ttag +87 6; 
ttag +88 4; 
ttag +89 7; 
tread
'Tree with tags' 
(0 (1 ((2 3 )(4 (5 (((6 7 )(8 (9 10 )))((11 (21 ((22 (23 (24 25 )))(26 (27 (28 ((29 (30 31 ))((32 ((33 34 )(35 (36 (37 (38 39 ))))))((40 (41 (42 43 )))(46 (44 (45 47 ))))))))))))((12 13 )(14 ((15 (16 17 ))(18 (19 20 )))))))))))); 
ttag *!; 
ttag +0 ////; 
ttag +1 ////; 
ttag +2 ////; 
ttag +3 ////; 
ttag +4 ////; 
ttag +5 ////; 
ttag +6 ////; 
ttag +7 ////; 
ttag +8 ////; 
ttag +9 ////; 
ttag +10 ////; 
ttag +11 ////; 
ttag +12 ////; 
ttag +13 ////; 
ttag +14 ////; 
ttag +15 ////; 
ttag +16 ////; 
ttag +17 ////; 
ttag +18 ////; 
ttag +19 ////; 
ttag +20 ////; 
ttag +21 ////; 
ttag +22 ////; 
ttag +23 ////; 
ttag +24 ////; 
ttag +25 ////; 
ttag +26 ////; 
ttag +27 ////; 
ttag +28 ////; 
ttag +29 ////; 
ttag +30 ////; 
ttag +31 ////; 
ttag +32 ////; 
ttag +33 ////; 
ttag +34 ////; 
ttag +35 ////; 
ttag +36 ////; 
ttag +37 ////; 
ttag +38 ////; 
ttag +39 ////; 
ttag +40 ////; 
ttag +41 ////; 
ttag +42 ////; 
ttag +43 ////; 
ttag +44 ////; 
ttag +45 ////; 
ttag +46 ////; 
ttag +47 ////; 
ttag +48 ////; 
ttag +49 100/100/100/100/100; 
ttag +50 98/98/92/96/92; 
ttag +51 78/69/61/78/56; 
ttag +52 98/97/94/98/90; 
ttag +53 92/90/82/92/78; 
ttag +54 84/82/67/73/73; 
ttag +55 81/78/58/74/60; 
ttag +56 59/46/40/44/40; 
ttag +57 100/100/100/100/100; 
ttag +58 96/94/93/98/88; 
ttag +59 22/[2]/?/6/?; 
ttag +60 92/90/81/91/80; 
ttag +61 26/7/4/12/7; 
ttag +62 13/[6]/?/?/?; 
ttag +63 54/41/28/50/40; 
ttag +64 87/80/74/85/72; 
ttag +65 92/91/85/90/81; 
ttag +66 84/82/65/78/62; 
ttag +67 72/61/52/66/57; 
ttag +68 99/98/96/97/93; 
ttag +69 39/24/14/31/17; 
ttag +70 83/78/55/78/57; 
ttag +71 87/85/70/89/68; 
ttag +72 90/88/71/90/82; 
ttag +73 100/100/100/100/99; 
ttag +74 95/94/82/95/84; 
ttag +75 56/43/32/54/38; 
ttag +76 87/83/66/88/70; 
ttag +77 68/54/40/52/46; 
ttag +78 63/48/32/45/34; 
ttag +79 99/99/95/98/95; 
ttag +80 89/87/79/90/78; 
ttag +81 92/89/82/89/84; 
ttag +82 86/84/63/81/64; 
ttag +83 51/40/27/37/29; 
ttag +84 62/57/35/52/38; 
ttag +85 69/63/46/65/44; 
ttag +86 71/66/46/70/48; 
ttag +87 26/8/18/10/11; 
ttag +88 99/99/98/100/99; 
ttag +89 90/87/70/91/66; 
ttag +90 96/95/84/94/86; 
ttag +91 97/97/94/100/96; 
ttag +92 17/[6]/?/?/?; 
ttag +93 48/30/18/28/25; 
ttag +94 35/14/15/15/9; 
