tread
'Tree with tags' 
(0 (1 ((2 3 )(4 ((5 14 )((6 7 )(8 (9 10 )))(11 (12 ((21 ((13 ((18 (15 (16 17 )))(19 20 )))(23 (24 25 ))))(22 (26 (27 (28 ((29 (30 31 ))((((32 (33 34 ))(35 (36 (37 (38 39 )))))(46 (47 (44 45 ))))((40 41 )(42 43 )))))))))))))))); 
ttag *!; 
ttag +49 ???; 
ttag +50 7; 
ttag +51 3; 
ttag +52 2; 
ttag +53 1; 
ttag +54 2; 
ttag +55 4; 
ttag +56 3; 
ttag +57 3; 
ttag +58 4; 
ttag +59 1; 
ttag +60 1; 
ttag +61 1; 
ttag +62 1; 
ttag +63 1; 
ttag +64 1; 
ttag +65 6; 
ttag +66 1; 
ttag +67 1; 
ttag +68 3; 
ttag +69 7; 
ttag +70 3; 
ttag +71 11; 
ttag +72 13; 
ttag +73 9; 
ttag +74 4; 
ttag +75 2; 
ttag +76 5; 
ttag +77 4; 
ttag +78 6; 
ttag +79 1; 
ttag +80 9; 
ttag +81 2; 
ttag +82 2; 
ttag +83 4; 
ttag +84 3; 
ttag +85 4; 
ttag +86 3; 
ttag +87 2; 
ttag +88 3; 
ttag +89 7; 
ttag +90 5; 
ttag +91 1; 
ttag +92 1; 
ttag +93 6; 
tread
'Tree with tags' 
(0 (1 ((2 3 )(4 (((5 14 )(11 (12 ((21 ((13 ((18 (15 (16 17 )))(19 20 )))(23 (24 25 ))))(22 (26 (27 (28 ((29 (30 31 ))((((32 (33 34 ))(35 (36 (37 (38 39 )))))(46 (47 (44 45 ))))((40 41 )(42 43 ))))))))))))((6 7 )(8 (9 10 )))))))); 
ttag *!; 
ttag +0 ////; 
ttag +1 ////; 
ttag +2 ////; 
ttag +3 ////; 
ttag +4 ////; 
ttag +5 ////; 
ttag +6 ////; 
ttag +7 ////; 
ttag +8 ////; 
ttag +9 ////; 
ttag +10 ////; 
ttag +11 ////; 
ttag +12 ////; 
ttag +13 ////; 
ttag +14 ////; 
ttag +15 ////; 
ttag +16 ////; 
ttag +17 ////; 
ttag +18 ////; 
ttag +19 ////; 
ttag +20 ////; 
ttag +21 ////; 
ttag +22 ////; 
ttag +23 ////; 
ttag +24 ////; 
ttag +25 ////; 
ttag +26 ////; 
ttag +27 ////; 
ttag +28 ////; 
ttag +29 ////; 
ttag +30 ////; 
ttag +31 ////; 
ttag +32 ////; 
ttag +33 ////; 
ttag +34 ////; 
ttag +35 ////; 
ttag +36 ////; 
ttag +37 ////; 
ttag +38 ////; 
ttag +39 ////; 
ttag +40 ////; 
ttag +41 ////; 
ttag +42 ////; 
ttag +43 ////; 
ttag +44 ////; 
ttag +45 ////; 
ttag +46 ////; 
ttag +47 ////; 
ttag +48 ////; 
ttag +49 100/100/100/100/100; 
ttag +50 99/99/98/99/98; 
ttag +51 89/84/80/87/85; 
ttag +52 63/54/44/50/33; 
ttag +53 17/2/?/?/0; 
ttag +54 12/[1]/?/?/?; 
ttag +55 34/20/17/21/5; 
ttag +56 74/66/64/66/65; 
ttag +57 60/51/40/52/44; 
ttag +58 95/94/88/95/82; 
ttag +59 94/92/85/95/88; 
ttag +60 6/[7]/?/?/?; 
ttag +61 3/[10]/?/?/?; 
ttag +62 9/1/1/0/?; 
ttag +63 5/[34]/?/?/?; 
ttag +64 1/[38]/?/?/?; 
ttag +65 4/[4]/?/?/?; 
ttag +66 93/92/88/95/90; 
ttag +67 35/4/4/15/3; 
ttag +68 19/4/8/7/10; 
ttag +69 75/59/45/58/50; 
ttag +70 99/98/98/99/98; 
ttag +71 44/30/20/28/21; 
ttag +72 98/97/97/100/95; 
ttag +73 99/98/99/100/98; 
ttag +74 94/93/79/92/82; 
ttag +75 27/[18]/?/?/?; 
ttag +76 23/1/4/?/2; 
ttag +77 96/95/90/94/89; 
ttag +78 29/4/0/5/11; 
ttag +79 98/97/92/96/90; 
ttag +80 54/34/33/44/30; 
ttag +81 98/98/96/99/96; 
ttag +82 12/[18]/?/?/?; 
ttag +83 45/38/31/38/35; 
ttag +84 91/88/79/86/83; 
ttag +85 78/71/62/67/61; 
ttag +86 89/86/74/86/70; 
ttag +87 92/90/92/92/87; 
ttag +88 74/62/49/68/57; 
ttag +89 63/37/16/31/15; 
ttag +90 98/97/92/96/89; 
ttag +91 95/93/88/91/86; 
ttag +92 35/12/12/13/8; 
ttag +93 20/[2]/?/5/?; 
ttag +94 90/88/79/89/84; 
