tread
'Tree with tags' 
(0 (1 ((2 3 )(4 ((5 (11 (12 13 21 ((15 (16 17 ))(18 (19 20 )))(22 (23 (24 25 ))(26 (27 (28 ((29 (30 31 ))(((35 (32 (33 34 )))(36 (37 (38 39 ))))(((40 41 )(42 43 ))(46 (47 (44 45 )))))))))))))(14 (7 (6 (8 (9 10 )))))))))); 
ttag *!; 
ttag +49 ???; 
ttag +50 3; 
ttag +51 3; 
ttag +52 7; 
ttag +53 1; 
ttag +54 2; 
ttag +55 1; 
ttag +56 1; 
ttag +57 1; 
ttag +58 8; 
ttag +59 1; 
ttag +60 2; 
ttag +61 1; 
ttag +62 4; 
ttag +63 3; 
ttag +64 1; 
ttag +65 1; 
ttag +66 18; 
ttag +67 1; 
ttag +68 6; 
ttag +69 3; 
ttag +70 9; 
ttag +71 2; 
ttag +72 3; 
ttag +73 2; 
ttag +74 4; 
ttag +75 6; 
ttag +76 1; 
ttag +77 1; 
ttag +78 8; 
ttag +79 2; 
ttag +80 4; 
ttag +81 1; 
ttag +82 3; 
ttag +83 1; 
ttag +84 1; 
ttag +85 7; 
ttag +86 5; 
ttag +87 6; 
ttag +88 1; 
ttag +89 2; 
ttag +90 5; 
tread
'Tree with tags' 
(0 (1 ((2 3 )(4 ((5 (11 (12 (13 (((15 (16 17 ))(18 (19 20 )))(21 ((22 (26 (27 (28 ((29 (30 31 ))(((35 (32 (33 34 )))(36 (37 (38 39 ))))(((40 41 )(42 43 ))(46 (47 (44 45 ))))))))))(23 (24 25 )))))))))(14 (7 (6 (8 (9 10 )))))))))); 
ttag *!; 
ttag +0 ////; 
ttag +1 ////; 
ttag +2 ////; 
ttag +3 ////; 
ttag +4 ////; 
ttag +5 ////; 
ttag +6 ////; 
ttag +7 ////; 
ttag +8 ////; 
ttag +9 ////; 
ttag +10 ////; 
ttag +11 ////; 
ttag +12 ////; 
ttag +13 ////; 
ttag +14 ////; 
ttag +15 ////; 
ttag +16 ////; 
ttag +17 ////; 
ttag +18 ////; 
ttag +19 ////; 
ttag +20 ////; 
ttag +21 ////; 
ttag +22 ////; 
ttag +23 ////; 
ttag +24 ////; 
ttag +25 ////; 
ttag +26 ////; 
ttag +27 ////; 
ttag +28 ////; 
ttag +29 ////; 
ttag +30 ////; 
ttag +31 ////; 
ttag +32 ////; 
ttag +33 ////; 
ttag +34 ////; 
ttag +35 ////; 
ttag +36 ////; 
ttag +37 ////; 
ttag +38 ////; 
ttag +39 ////; 
ttag +40 ////; 
ttag +41 ////; 
ttag +42 ////; 
ttag +43 ////; 
ttag +44 ////; 
ttag +45 ////; 
ttag +46 ////; 
ttag +47 ////; 
ttag +48 ////; 
ttag +49 100/100/100/100/100; 
ttag +50 84/74/62/70/60; 
ttag +51 72/65/52/62/52; 
ttag +52 97/96/96/99/96; 
ttag +53 16/[22]/?/?/?; 
ttag +54 58/48/43/51/41; 
ttag +55 34/15/15/18/9; 
ttag +56 60/50/40/49/35; 
ttag +57 18/[20]/?/?/?; 
ttag +58 98/98/98/100/99; 
ttag +59 54/41/52/53/39; 
ttag +60 35/27/20/26/16; 
ttag +61 23/15/6/10/5; 
ttag +62 13/[19]/?/?/?; 
ttag +63 94/94/83/94/87; 
ttag +64 65/62/46/62/44; 
ttag +65 27/19/14/12/11; 
ttag +66 62/50/38/51/34; 
ttag +67 69/60/39/54/33; 
ttag +68 100/100/100/100/100; 
ttag +69 34/25/22/28/20; 
ttag +70 15/[50]/?/?/?; 
ttag +71 67/58/47/66/48; 
ttag +72 97/95/88/98/92; 
ttag +73 92/89/86/94/82; 
ttag +74 100/100/95/98/96; 
ttag +75 63/43/21/33/29; 
ttag +76 72/60/35/48/45; 
ttag +77 49/31/36/40/31; 
ttag +78 82/80/64/81/74; 
ttag +79 98/98/97/98/96; 
ttag +80 22/0/0/8/4; 
ttag +81 15/[6]/?/?/?; 
ttag +82 86/84/70/87/74; 
ttag +83 65/51/48/57/54; 
ttag +84 83/78/74/77/68; 
ttag +85 50/34/24/33/29; 
ttag +86 82/79/78/84/78; 
ttag +87 56/44/35/49/37; 
ttag +88 42/10/6/24/10; 
ttag +89 96/96/89/97/86; 
ttag +90 78/74/61/78/62; 
ttag +91 98/98/97/98/96; 
ttag +92 62/45/40/40/41; 
ttag +93 57/49/30/52/28; 
ttag +94 77/73/52/76/60; 
