tread
'Tree with tags' 
(0 (1 ((2 3 )((4 ((5 (14 ((11 (15 16 17 ))(18 (19 20 )))(12 13 )(21 ((22 (23 (24 25 )))(26 27 (28 44 45 46 47 (29 (30 31 ))(32 ((33 34 )(35 (36 (37 (38 39 ))))))(40 (41 (42 43 )))))))))(6 7 )))(8 (9 10 )))))); 
ttag *!; 
ttag +49 ???; 
ttag +50 4; 
ttag +51 5; 
ttag +52 1; 
ttag +53 4; 
ttag +54 1; 
ttag +55 2; 
ttag +56 3; 
ttag +57 3; 
ttag +58 3; 
ttag +59 1; 
ttag +60 1; 
ttag +61 2; 
ttag +62 1; 
ttag +63 10; 
ttag +64 4; 
ttag +65 6; 
ttag +66 2; 
ttag +67 1; 
ttag +68 2; 
ttag +69 9; 
ttag +70 3; 
ttag +71 3; 
ttag +72 1; 
ttag +73 7; 
ttag +74 5; 
ttag +75 5; 
ttag +76 1; 
ttag +77 1; 
ttag +78 2; 
ttag +79 6; 
ttag +80 5; 
ttag +81 1; 
ttag +82 5; 
ttag +83 2; 
ttag +84 15; 
tread
'Tree with tags' 
(0 (1 ((2 3 )((4 ((5 (((11 (15 (16 17 )))(18 (19 20 )))((12 13 )(14 (21 ((22 (23 (24 25 )))((26 27 )(((28 (47 (46 (44 (45 (29 (30 31 )))))))(32 ((33 34 )(35 (36 (37 (38 39 )))))))(40 (41 (42 43 )))))))))))(6 7 )))(8 (9 10 )))))); 
ttag *!; 
ttag +0 ////; 
ttag +1 ////; 
ttag +2 ////; 
ttag +3 ////; 
ttag +4 ////; 
ttag +5 ////; 
ttag +6 ////; 
ttag +7 ////; 
ttag +8 ////; 
ttag +9 ////; 
ttag +10 ////; 
ttag +11 ////; 
ttag +12 ////; 
ttag +13 ////; 
ttag +14 ////; 
ttag +15 ////; 
ttag +16 ////; 
ttag +17 ////; 
ttag +18 ////; 
ttag +19 ////; 
ttag +20 ////; 
ttag +21 ////; 
ttag +22 ////; 
ttag +23 ////; 
ttag +24 ////; 
ttag +25 ////; 
ttag +26 ////; 
ttag +27 ////; 
ttag +28 ////; 
ttag +29 ////; 
ttag +30 ////; 
ttag +31 ////; 
ttag +32 ////; 
ttag +33 ////; 
ttag +34 ////; 
ttag +35 ////; 
ttag +36 ////; 
ttag +37 ////; 
ttag +38 ////; 
ttag +39 ////; 
ttag +40 ////; 
ttag +41 ////; 
ttag +42 ////; 
ttag +43 ////; 
ttag +44 ////; 
ttag +45 ////; 
ttag +46 ////; 
ttag +47 ////; 
ttag +48 ////; 
ttag +49 100/100/100/100/100; 
ttag +50 91/87/87/88/76; 
ttag +51 94/91/88/93/88; 
ttag +52 29/10/3/13/8; 
ttag +53 70/64/46/68/48; 
ttag +54 11/[7]/?/?/?; 
ttag +55 20/2/?/7/?; 
ttag +56 86/84/69/85/77; 
ttag +57 89/82/82/81/82; 
ttag +58 70/60/63/64/61; 
ttag +59 28/12/0/12/4; 
ttag +60 32/21/11/20/10; 
ttag +61 37/19/13/25/16; 
ttag +62 40/32/24/38/28; 
ttag +63 4/[14]/?/?/?; 
ttag +64 7/[10]/?/?/?; 
ttag +65 99/99/98/100/98; 
ttag +66 48/8/20/4/29; 
ttag +67 95/92/85/91/81; 
ttag +68 99/99/98/99/95; 
ttag +69 39/21/16/23/14; 
ttag +70 29/0/8/6/1; 
ttag +71 45/20/18/26/16; 
ttag +72 99/99/97/99/99; 
ttag +73 76/58/55/68/71; 
ttag +74 28/[15]/?/?/?; 
ttag +75 88/86/71/82/76; 
ttag +76 6/[6]/?/?/?; 
ttag +77 18/[16]/?/?/?; 
ttag +78 66/57/48/64/54; 
ttag +79 93/92/85/95/90; 
ttag +80 26/2/?/?/?; 
ttag +81 13/[10]/?/?/?; 
ttag +82 9/[14]/?/?/?; 
ttag +83 25/16/8/8/3; 
ttag +84 93/91/95/91/90; 
ttag +85 90/87/75/92/74; 
ttag +86 48/28/29/38/22; 
ttag +87 52/23/13/35/8; 
ttag +88 76/74/63/76/66; 
ttag +89 98/97/90/95/93; 
ttag +90 97/95/92/95/92; 
ttag +91 68/53/38/53/40; 
ttag +92 94/93/84/96/86; 
ttag +93 79/73/64/78/66; 
ttag +94 100/100/100/100/100; 
