tread
'Tree with tags' 
(0 (1 (2 3 )(4 5 11 (6 7 )(8 (9 10 ))((12 13 )((14 ((15 (16 17 ))(18 (19 20 ))))(21 ((22 (23 (24 25 )))(26 (27 (28 ((45 (((29 (30 31 ))((32 (35 (36 (38 (37 39 )))))(33 34 )))(44 (46 47 ))))(40 (41 (42 43 )))))))))))))); 
ttag *!; 
ttag +49 ???; 
ttag +50 5; 
ttag +51 4; 
ttag +52 1; 
ttag +53 8; 
ttag +54 4; 
ttag +55 1; 
ttag +56 3; 
ttag +57 1; 
ttag +58 2; 
ttag +59 5; 
ttag +60 1; 
ttag +61 2; 
ttag +62 8; 
ttag +63 4; 
ttag +64 1; 
ttag +65 4; 
ttag +66 1; 
ttag +67 2; 
ttag +68 6; 
ttag +69 5; 
ttag +70 1; 
ttag +71 4; 
ttag +72 4; 
ttag +73 1; 
ttag +74 1; 
ttag +75 1; 
ttag +76 1; 
ttag +77 4; 
ttag +78 1; 
ttag +79 9; 
ttag +80 1; 
ttag +81 7; 
ttag +82 3; 
ttag +83 1; 
ttag +84 7; 
ttag +85 10; 
ttag +86 1; 
ttag +87 10; 
ttag +88 1; 
ttag +89 1; 
tread
'Tree with tags' 
(0 (1 ((2 3 )(5 (4 (((6 7 )(8 (9 10 )))(11 ((12 13 )((14 ((15 (16 17 ))(18 (19 20 ))))(21 ((22 (23 (24 25 )))(26 (27 (28 ((45 (((29 (30 31 ))((32 (35 (36 (38 (37 39 )))))(33 34 )))(44 (46 47 ))))(40 (41 (42 43 )))))))))))))))))); 
ttag *!; 
ttag +0 ////; 
ttag +1 ////; 
ttag +2 ////; 
ttag +3 ////; 
ttag +4 ////; 
ttag +5 ////; 
ttag +6 ////; 
ttag +7 ////; 
ttag +8 ////; 
ttag +9 ////; 
ttag +10 ////; 
ttag +11 ////; 
ttag +12 ////; 
ttag +13 ////; 
ttag +14 ////; 
ttag +15 ////; 
ttag +16 ////; 
ttag +17 ////; 
ttag +18 ////; 
ttag +19 ////; 
ttag +20 ////; 
ttag +21 ////; 
ttag +22 ////; 
ttag +23 ////; 
ttag +24 ////; 
ttag +25 ////; 
ttag +26 ////; 
ttag +27 ////; 
ttag +28 ////; 
ttag +29 ////; 
ttag +30 ////; 
ttag +31 ////; 
ttag +32 ////; 
ttag +33 ////; 
ttag +34 ////; 
ttag +35 ////; 
ttag +36 ////; 
ttag +37 ////; 
ttag +38 ////; 
ttag +39 ////; 
ttag +40 ////; 
ttag +41 ////; 
ttag +42 ////; 
ttag +43 ////; 
ttag +44 ////; 
ttag +45 ////; 
ttag +46 ////; 
ttag +47 ////; 
ttag +48 ////; 
ttag +49 100/100/100/100/100; 
ttag +50 97/97/96/98/95; 
ttag +51 39/0/12/?/?; 
ttag +52 4/[26]/?/?/?; 
ttag +53 84/79/61/82/64; 
ttag +54 49/42/41/43/45; 
ttag +55 26/16/5/10/5; 
ttag +56 23/6/4/2/8; 
ttag +57 100/100/99/100/97; 
ttag +58 91/87/78/89/72; 
ttag +59 44/31/24/18/28; 
ttag +60 39/33/21/26/18; 
ttag +61 61/55/48/57/44; 
ttag +62 28/19/7/26/8; 
ttag +63 52/48/26/43/24; 
ttag +64 94/93/85/98/86; 
ttag +65 32/18/15/26/16; 
ttag +66 81/75/64/77/62; 
ttag +67 99/99/99/100/99; 
ttag +68 96/95/86/94/88; 
ttag +69 36/30/20/30/20; 
ttag +70 80/75/49/79/56; 
ttag +71 66/59/34/61/42; 
ttag +72 68/51/33/60/35; 
ttag +73 97/96/86/97/93; 
ttag +74 82/75/62/81/72; 
ttag +75 64/51/34/54/37; 
ttag +76 78/66/47/72/57; 
ttag +77 85/82/79/87/71; 
ttag +78 19/[7]/?/?/?; 
ttag +79 1/[51]/?/?/?; 
ttag +80 4/[20]/?/?/?; 
ttag +81 32/18/13/20/14; 
ttag +82 93/92/85/92/84; 
ttag +83 25/5/?/6/?; 
ttag +84 100/100/97/99/98; 
ttag +85 42/22/24/26/18; 
ttag +86 98/97/94/96/96; 
ttag +87 82/71/58/74/66; 
ttag +88 60/38/33/47/45; 
ttag +89 98/97/90/96/94; 
ttag +90 99/98/93/99/94; 
ttag +91 51/32/25/42/29; 
ttag +92 99/99/98/99/100; 
ttag +93 42/25/21/28/27; 
ttag +94 37/20/15/17/24; 
