tread
'Tree with tags' 
(0 (1 ((2 3 )(4 5 11 (6 7 )(8 (9 10 ))(12 13 21 (14 (15 (16 17 ))(18 (19 20 )))((22 (23 (24 25 )))(26 27 28 (29 (30 31 ))(32 ((33 34 )(35 (36 (37 (38 39 ))))))(40 41 (42 43 ))(46 47 (44 45 ))))))))); 
ttag *!; 
ttag +49 ???; 
ttag +50 5; 
ttag +51 4; 
ttag +52 7; 
ttag +53 1; 
ttag +54 8; 
ttag +55 1; 
ttag +56 1; 
ttag +57 2; 
ttag +58 5; 
ttag +59 2; 
ttag +60 7; 
ttag +61 5; 
ttag +62 5; 
ttag +63 1; 
ttag +64 4; 
ttag +65 3; 
ttag +66 7; 
ttag +67 11; 
ttag +68 7; 
ttag +69 5; 
ttag +70 1; 
ttag +71 1; 
ttag +72 1; 
ttag +73 1; 
ttag +74 6; 
ttag +75 3; 
ttag +76 7; 
ttag +77 7; 
ttag +78 1; 
ttag +79 1; 
tread
'Tree with tags' 
(0 (1 ((2 3 )(4 (5 (((6 7 )(11 (8 (9 10 ))))(21 ((12 13 )((14 ((15 (16 17 ))(18 (19 20 ))))((22 (23 (24 25 )))(26 ((27 ((29 (30 31 ))(32 ((33 34 )(35 (36 (37 (38 39 ))))))))(28 (((40 41 )(42 43 ))(47 (46 (44 45 ))))))))))))))))); 
ttag *!; 
ttag +0 ////; 
ttag +1 ////; 
ttag +2 ////; 
ttag +3 ////; 
ttag +4 ////; 
ttag +5 ////; 
ttag +6 ////; 
ttag +7 ////; 
ttag +8 ////; 
ttag +9 ////; 
ttag +10 ////; 
ttag +11 ////; 
ttag +12 ////; 
ttag +13 ////; 
ttag +14 ////; 
ttag +15 ////; 
ttag +16 ////; 
ttag +17 ////; 
ttag +18 ////; 
ttag +19 ////; 
ttag +20 ////; 
ttag +21 ////; 
ttag +22 ////; 
ttag +23 ////; 
ttag +24 ////; 
ttag +25 ////; 
ttag +26 ////; 
ttag +27 ////; 
ttag +28 ////; 
ttag +29 ////; 
ttag +30 ////; 
ttag +31 ////; 
ttag +32 ////; 
ttag +33 ////; 
ttag +34 ////; 
ttag +35 ////; 
ttag +36 ////; 
ttag +37 ////; 
ttag +38 ////; 
ttag +39 ////; 
ttag +40 ////; 
ttag +41 ////; 
ttag +42 ////; 
ttag +43 ////; 
ttag +44 ////; 
ttag +45 ////; 
ttag +46 ////; 
ttag +47 ////; 
ttag +48 ////; 
ttag +49 100/100/100/100/100; 
ttag +50 98/98/94/97/92; 
ttag +51 97/96/89/98/91; 
ttag +52 92/89/83/94/85; 
ttag +53 30/10/8/7/9; 
ttag +54 73/69/64/72/64; 
ttag +55 20/[1]/1/0/2; 
ttag +56 27/12/13/14/13; 
ttag +57 99/99/98/100/99; 
ttag +58 24/4/7/5/11; 
ttag +59 75/60/58/59/55; 
ttag +60 26/20/13/17/8; 
ttag +61 1/[29]/?/?/?; 
ttag +62 33/26/14/30/20; 
ttag +63 52/43/31/40/30; 
ttag +64 2/[28]/?/?/?; 
ttag +65 93/92/83/93/88; 
ttag +66 46/23/25/36/24; 
ttag +67 60/38/15/34/17; 
ttag +68 99/98/97/99/97; 
ttag +69 98/97/96/98/96; 
ttag +70 97/96/91/97/92; 
ttag +71 31/0/?/2/6; 
ttag +72 96/96/87/94/90; 
ttag +73 95/94/87/92/82; 
ttag +74 93/89/86/89/84; 
ttag +75 2/[28]/?/?/?; 
ttag +76 25/14/9/12/8; 
ttag +77 18/[8]/?/?/?; 
ttag +78 100/100/100/100/100; 
ttag +79 18/[9]/?/?/?; 
ttag +80 100/100/99/98/99; 
ttag +81 96/96/83/94/88; 
ttag +82 35/17/19/24/20; 
ttag +83 48/30/43/38/36; 
ttag +84 22/5/2/12/12; 
ttag +85 49/32/19/34/32; 
ttag +86 93/90/84/94/81; 
ttag +87 96/95/88/94/88; 
ttag +88 24/[33]/?/?/?; 
ttag +89 97/96/93/95/93; 
ttag +90 21/[6]/?/?/?; 
ttag +91 99/99/98/99/97; 
ttag +92 44/33/36/45/37; 
ttag +93 25/[14]/?/?/?; 
ttag +94 53/47/34/48/32; 
