tread
'Tree with tags' 
(0 (1 ((2 3 )(4 5 6 7 (8 (9 10 ))(11 ((21 ((12 13 )((22 (23 (24 25 )))((26 27 )(28 (((29 (30 31 ))(45 (44 47 (46 (40 (41 (42 43 )))))))(32 (35 (33 34 )(36 (39 (37 38 )))))))))))(14 ((15 16 17 )(18 (19 20 )))))))))); 
ttag *!; 
ttag +49 ???; 
ttag +50 4; 
ttag +51 6; 
ttag +52 4; 
ttag +53 3; 
ttag +54 4; 
ttag +55 2; 
ttag +56 1; 
ttag +57 1; 
ttag +58 1; 
ttag +59 1; 
ttag +60 1; 
ttag +61 6; 
ttag +62 2; 
ttag +63 3; 
ttag +64 7; 
ttag +65 7; 
ttag +66 4; 
ttag +67 9; 
ttag +68 7; 
ttag +69 1; 
ttag +70 5; 
ttag +71 6; 
ttag +72 4; 
ttag +73 2; 
ttag +74 1; 
ttag +75 5; 
ttag +76 6; 
ttag +77 3; 
ttag +78 4; 
ttag +79 3; 
ttag +80 1; 
ttag +81 6; 
ttag +82 5; 
ttag +83 1; 
ttag +84 1; 
ttag +85 3; 
ttag +86 3; 
ttag +87 6; 
tread
'Tree with tags' 
(0 (1 ((2 3 )(((7 (4 5 ))(6 (11 ((21 ((12 13 )((22 (23 (24 25 )))((26 27 )(28 (((29 (30 31 ))(45 (44 (47 (46 (40 (41 (42 43 ))))))))(32 (35 ((33 34 )(36 (39 (37 38 ))))))))))))(14 ((15 (16 17 ))(18 (19 20 ))))))))(8 (9 10 )))))); 
ttag *!; 
ttag +0 ////; 
ttag +1 ////; 
ttag +2 ////; 
ttag +3 ////; 
ttag +4 ////; 
ttag +5 ////; 
ttag +6 ////; 
ttag +7 ////; 
ttag +8 ////; 
ttag +9 ////; 
ttag +10 ////; 
ttag +11 ////; 
ttag +12 ////; 
ttag +13 ////; 
ttag +14 ////; 
ttag +15 ////; 
ttag +16 ////; 
ttag +17 ////; 
ttag +18 ////; 
ttag +19 ////; 
ttag +20 ////; 
ttag +21 ////; 
ttag +22 ////; 
ttag +23 ////; 
ttag +24 ////; 
ttag +25 ////; 
ttag +26 ////; 
ttag +27 ////; 
ttag +28 ////; 
ttag +29 ////; 
ttag +30 ////; 
ttag +31 ////; 
ttag +32 ////; 
ttag +33 ////; 
ttag +34 ////; 
ttag +35 ////; 
ttag +36 ////; 
ttag +37 ////; 
ttag +38 ////; 
ttag +39 ////; 
ttag +40 ////; 
ttag +41 ////; 
ttag +42 ////; 
ttag +43 ////; 
ttag +44 ////; 
ttag +45 ////; 
ttag +46 ////; 
ttag +47 ////; 
ttag +48 ////; 
ttag +49 100/100/100/100/100; 
ttag +50 96/95/95/95/93; 
ttag +51 98/97/97/98/96; 
ttag +52 11/[6]/?/?/?; 
ttag +53 5/[28]/?/?/?; 
ttag +54 23/[10]/?/?/?; 
ttag +55 73/66/49/76/52; 
ttag +56 21/2/?/?/?; 
ttag +57 90/90/87/94/84; 
ttag +58 90/88/85/93/81; 
ttag +59 55/51/41/53/44; 
ttag +60 46/30/30/41/32; 
ttag +61 10/[6]/?/?/?; 
ttag +62 22/6/7/6/4; 
ttag +63 57/52/39/41/34; 
ttag +64 24/[4]/?/1/?; 
ttag +65 98/97/93/100/93; 
ttag +66 76/73/62/77/59; 
ttag +67 38/[6]/?/?/?; 
ttag +68 80/74/60/75/65; 
ttag +69 98/98/97/98/97; 
ttag +70 93/90/80/92/85; 
ttag +71 81/79/67/84/59; 
ttag +72 98/98/96/98/96; 
ttag +73 99/98/97/98/96; 
ttag +74 28/12/12/10/14; 
ttag +75 86/84/76/91/76; 
ttag +76 86/81/67/84/62; 
ttag +77 95/94/90/94/92; 
ttag +78 38/21/25/30/18; 
ttag +79 70/64/50/62/47; 
ttag +80 93/90/88/96/82; 
ttag +81 94/92/83/90/80; 
ttag +82 65/49/40/59/44; 
ttag +83 27/0/1/?/?; 
ttag +84 74/66/60/63/55; 
ttag +85 62/45/33/49/41; 
ttag +86 50/22/16/19/16; 
ttag +87 94/93/88/92/87; 
ttag +88 92/90/81/91/79; 
ttag +89 24/0/?/?/?; 
ttag +90 18/[6]/?/?/?; 
ttag +91 29/4/?/?/?; 
ttag +92 57/35/33/43/24; 
ttag +93 66/49/55/60/52; 
ttag +94 100/100/98/100/96; 
