tread
'Tree with tags' 
(0 (1 (2 3 )((21 (12 ((5 (4 11 )((6 7 )(8 (9 10 ))))(13 (14 ((17 (15 16 ))(18 (19 20 ))))))))(22 (23 (24 25 )))(26 (27 ((28 (29 (30 31 )))((32 ((33 34 )(35 (36 (37 (38 39 ))))))((40 (41 (42 43 )))((44 45 )(46 47 )))))))))); 
ttag *!; 
ttag +49 ???; 
ttag +50 7; 
ttag +51 1; 
ttag +52 1; 
ttag +53 1; 
ttag +54 1; 
ttag +55 1; 
ttag +56 6; 
ttag +57 2; 
ttag +58 1; 
ttag +59 4; 
ttag +60 4; 
ttag +61 1; 
ttag +62 1; 
ttag +63 1; 
ttag +64 11; 
ttag +65 1; 
ttag +66 8; 
ttag +67 10; 
ttag +68 2; 
ttag +69 3; 
ttag +70 3; 
ttag +71 4; 
ttag +72 3; 
ttag +73 1; 
ttag +74 1; 
ttag +75 5; 
ttag +76 5; 
ttag +77 5; 
ttag +78 1; 
ttag +79 3; 
ttag +80 2; 
ttag +81 2; 
ttag +82 5; 
ttag +83 7; 
ttag +84 3; 
ttag +85 5; 
ttag +86 1; 
ttag +87 1; 
ttag +88 5; 
ttag +89 2; 
ttag +90 5; 
ttag +91 1; 
tread
'Tree with tags' 
(0 (1 ((2 3 )((21 (12 (((4 11 )(5 ((6 7 )(8 (9 10 )))))(13 (14 ((17 (15 16 ))(18 (19 20 ))))))))((22 (23 (24 25 )))(26 (27 ((28 (29 (30 31 )))((32 ((33 34 )(35 (36 (37 (38 39 ))))))((40 (41 (42 43 )))((44 45 )(46 47 )))))))))))); 
ttag *!; 
ttag +0 ////; 
ttag +1 ////; 
ttag +2 ////; 
ttag +3 ////; 
ttag +4 ////; 
ttag +5 ////; 
ttag +6 ////; 
ttag +7 ////; 
ttag +8 ////; 
ttag +9 ////; 
ttag +10 ////; 
ttag +11 ////; 
ttag +12 ////; 
ttag +13 ////; 
ttag +14 ////; 
ttag +15 ////; 
ttag +16 ////; 
ttag +17 ////; 
ttag +18 ////; 
ttag +19 ////; 
ttag +20 ////; 
ttag +21 ////; 
ttag +22 ////; 
ttag +23 ////; 
ttag +24 ////; 
ttag +25 ////; 
ttag +26 ////; 
ttag +27 ////; 
ttag +28 ////; 
ttag +29 ////; 
ttag +30 ////; 
ttag +31 ////; 
ttag +32 ////; 
ttag +33 ////; 
ttag +34 ////; 
ttag +35 ////; 
ttag +36 ////; 
ttag +37 ////; 
ttag +38 ////; 
ttag +39 ////; 
ttag +40 ////; 
ttag +41 ////; 
ttag +42 ////; 
ttag +43 ////; 
ttag +44 ////; 
ttag +45 ////; 
ttag +46 ////; 
ttag +47 ////; 
ttag +48 ////; 
ttag +49 100/100/100/100/100; 
ttag +50 98/98/96/100/96; 
ttag +51 39/18/21/12/16; 
ttag +52 47/28/27/11/19; 
ttag +53 16/7/5/2/10; 
ttag +54 4/[11]/?/?/?; 
ttag +55 22/6/1/10/6; 
ttag +56 33/19/12/18/14; 
ttag +57 84/81/70/89/74; 
ttag +58 32/26/22/27/23; 
ttag +59 78/76/65/73/75; 
ttag +60 24/8/8/19/8; 
ttag +61 96/96/91/98/93; 
ttag +62 95/94/92/96/89; 
ttag +63 14/[1]/0/?/?; 
ttag +64 45/26/22/28/20; 
ttag +65 46/6/1/9/10; 
ttag +66 99/99/99/100/100; 
ttag +67 44/12/8/13/3; 
ttag +68 98/98/93/98/94; 
ttag +69 100/100/100/100/100; 
ttag +70 81/77/70/79/73; 
ttag +71 26/1/2/14/3; 
ttag +72 88/84/64/75/67; 
ttag +73 96/95/88/94/90; 
ttag +74 70/68/44/66/50; 
ttag +75 50/39/25/46/36; 
ttag +76 28/0/?/5/?; 
ttag +77 48/36/24/33/21; 
ttag +78 90/87/84/93/81; 
ttag +79 94/93/88/97/87; 
ttag +80 93/92/80/93/86; 
ttag +81 46/38/21/46/35; 
ttag +82 80/77/65/80/62; 
ttag +83 51/35/26/45/26; 
ttag +84 69/53/45/61/41; 
ttag +85 98/98/93/98/96; 
ttag +86 98/98/93/98/93; 
ttag +87 94/94/90/94/91; 
ttag +88 86/83/66/80/60; 
ttag +89 42/33/22/33/21; 
ttag +90 52/37/19/44/22; 
ttag +91 94/92/88/90/85; 
ttag +92 64/55/52/57/56; 
ttag +93 85/84/69/86/74; 
ttag +94 62/39/16/42/16; 
