tread
'Tree with tags' 
(0 (1 ((2 3 )((4 5 )(12 ((14 ((6 7 )(10 (8 9 ))))(11 (13 (((17 (15 16 ))(18 (19 20 )))(21 ((22 (23 (24 25 )))(26 (27 (28 ((29 (30 31 ))((32 ((33 34 )(35 (36 (37 38 39 )))))((40 (41 (42 43 )))(45 (44 (46 47 )))))))))))))))))))); 
ttag *!; 
ttag +49 ???; 
ttag +50 6; 
ttag +51 9; 
ttag +52 2; 
ttag +53 4; 
ttag +54 2; 
ttag +55 2; 
ttag +56 1; 
ttag +57 1; 
ttag +58 2; 
ttag +59 2; 
ttag +60 8; 
ttag +61 1; 
ttag +62 1; 
ttag +63 3; 
ttag +64 5; 
ttag +65 2; 
ttag +66 1; 
ttag +67 8; 
ttag +68 9; 
ttag +69 1; 
ttag +70 5; 
ttag +71 2; 
ttag +72 10; 
ttag +73 3; 
ttag +74 5; 
ttag +75 1; 
ttag +76 6; 
ttag +77 5; 
ttag +78 7; 
ttag +79 6; 
ttag +80 7; 
ttag +81 1; 
ttag +82 2; 
ttag +83 3; 
ttag +84 1; 
ttag +85 6; 
ttag +86 6; 
ttag +87 4; 
ttag +88 3; 
ttag +89 6; 
ttag +90 7; 
ttag +91 1; 
ttag +92 5; 
ttag +93 1; 
tread
'Tree with tags' 
(0 (1 ((2 3 )((4 5 )(12 ((14 ((6 7 )(10 (8 9 ))))(11 (13 (((17 (15 16 ))(18 (19 20 )))(21 ((22 (23 (24 25 )))(26 (27 (28 ((29 (30 31 ))((32 ((33 34 )(35 (36 (38 (37 39 ))))))((40 (41 (42 43 )))(45 (44 (46 47 )))))))))))))))))))); 
ttag *!; 
ttag +0 ////; 
ttag +1 ////; 
ttag +2 ////; 
ttag +3 ////; 
ttag +4 ////; 
ttag +5 ////; 
ttag +6 ////; 
ttag +7 ////; 
ttag +8 ////; 
ttag +9 ////; 
ttag +10 ////; 
ttag +11 ////; 
ttag +12 ////; 
ttag +13 ////; 
ttag +14 ////; 
ttag +15 ////; 
ttag +16 ////; 
ttag +17 ////; 
ttag +18 ////; 
ttag +19 ////; 
ttag +20 ////; 
ttag +21 ////; 
ttag +22 ////; 
ttag +23 ////; 
ttag +24 ////; 
ttag +25 ////; 
ttag +26 ////; 
ttag +27 ////; 
ttag +28 ////; 
ttag +29 ////; 
ttag +30 ////; 
ttag +31 ////; 
ttag +32 ////; 
ttag +33 ////; 
ttag +34 ////; 
ttag +35 ////; 
ttag +36 ////; 
ttag +37 ////; 
ttag +38 ////; 
ttag +39 ////; 
ttag +40 ////; 
ttag +41 ////; 
ttag +42 ////; 
ttag +43 ////; 
ttag +44 ////; 
ttag +45 ////; 
ttag +46 ////; 
ttag +47 ////; 
ttag +48 ////; 
ttag +49 100/100/100/100/100; 
ttag +50 96/96/86/95/87; 
ttag +51 99/98/95/99/97; 
ttag +52 87/84/81/80/76; 
ttag +53 85/81/75/87/78; 
ttag +54 77/74/61/73/60; 
ttag +55 37/26/17/21/7; 
ttag +56 14/[9]/?/?/?; 
ttag +57 8/[11]/?/?/?; 
ttag +58 46/38/29/40/31; 
ttag +59 59/36/29/39/24; 
ttag +60 100/100/99/100/98; 
ttag +61 1/[22]/?/?/?; 
ttag +62 2/[21]/?/?/?; 
ttag +63 79/74/61/78/62; 
ttag +64 92/90/87/98/86; 
ttag +65 69/66/55/68/50; 
ttag +66 10/[13]/?/?/?; 
ttag +67 100/100/97/99/98; 
ttag +68 100/100/98/100/100; 
ttag +69 14/[9]/?/?/?; 
ttag +70 94/92/78/92/85; 
ttag +71 48/24/24/32/33; 
ttag +72 100/100/100/100/100; 
ttag +73 93/90/90/89/86; 
ttag +74 97/96/92/96/90; 
ttag +75 34/[8]/?/8/?; 
ttag +76 83/78/55/73/63; 
ttag +77 84/80/72/83/74; 
ttag +78 99/98/96/96/92; 
ttag +79 93/91/84/94/81; 
ttag +80 93/92/84/95/82; 
ttag +81 53/46/37/48/32; 
ttag +82 49/35/29/41/28; 
ttag +83 56/47/26/44/27; 
ttag +84 50/36/28/43/28; 
ttag +85 99/99/96/99/94; 
ttag +86 30/[8]/?/?/?; 
ttag +87 98/98/96/98/95; 
ttag +88 76/73/55/71/65; 
ttag +89 70/64/44/68/47; 
ttag +90 89/86/77/91/77; 
ttag +91 99/99/97/100/100; 
ttag +92 30/5/?/6/?; 
ttag +93 90/88/70/88/76; 
ttag +94 25/0/?/0/?; 
