tread
'Tree with tags' 
(0 ((1 (4 (5 ((6 (7 (8 (9 10 ))))(11 ((12 13 )((14 ((15 16 17 )(18 (19 20 ))))(21 (22 ((23 (24 25 ))((26 27 )(28 44 45 46 47 (29 (30 31 ))(32 (33 34 )(35 (36 (37 (38 39 )))))(41 (40 (42 43 )))))))))))))))(2 3 ))); 
ttag *!; 
ttag +49 2; 
ttag +50 ???; 
ttag +51 7; 
ttag +52 7; 
ttag +53 4; 
ttag +54 2; 
ttag +55 2; 
ttag +56 1; 
ttag +57 1; 
ttag +58 3; 
ttag +59 2; 
ttag +60 2; 
ttag +61 3; 
ttag +62 3; 
ttag +63 2; 
ttag +64 2; 
ttag +65 3; 
ttag +66 5; 
ttag +67 5; 
ttag +68 2; 
ttag +69 6; 
ttag +70 3; 
ttag +71 3; 
ttag +72 5; 
ttag +73 2; 
ttag +74 1; 
ttag +75 2; 
ttag +76 1; 
ttag +77 7; 
ttag +78 4; 
ttag +79 4; 
ttag +80 2; 
ttag +81 5; 
ttag +82 9; 
ttag +83 1; 
ttag +84 2; 
ttag +85 1; 
ttag +86 5; 
tread
'Tree with tags' 
(0 ((1 (4 (5 ((6 (7 (8 (9 10 ))))(11 ((12 13 )((14 ((15 (16 17 ))(18 (19 20 ))))(21 (22 ((23 (24 25 ))((26 27 )((28 ((29 (30 31 ))((41 (40 (42 43 )))(47 (44 (45 46 ))))))((32 (35 (36 (37 (38 39 )))))(33 34 ))))))))))))))(2 3 ))); 
ttag *!; 
ttag +0 ////; 
ttag +1 ////; 
ttag +2 ////; 
ttag +3 ////; 
ttag +4 ////; 
ttag +5 ////; 
ttag +6 ////; 
ttag +7 ////; 
ttag +8 ////; 
ttag +9 ////; 
ttag +10 ////; 
ttag +11 ////; 
ttag +12 ////; 
ttag +13 ////; 
ttag +14 ////; 
ttag +15 ////; 
ttag +16 ////; 
ttag +17 ////; 
ttag +18 ////; 
ttag +19 ////; 
ttag +20 ////; 
ttag +21 ////; 
ttag +22 ////; 
ttag +23 ////; 
ttag +24 ////; 
ttag +25 ////; 
ttag +26 ////; 
ttag +27 ////; 
ttag +28 ////; 
ttag +29 ////; 
ttag +30 ////; 
ttag +31 ////; 
ttag +32 ////; 
ttag +33 ////; 
ttag +34 ////; 
ttag +35 ////; 
ttag +36 ////; 
ttag +37 ////; 
ttag +38 ////; 
ttag +39 ////; 
ttag +40 ////; 
ttag +41 ////; 
ttag +42 ////; 
ttag +43 ////; 
ttag +44 ////; 
ttag +45 ////; 
ttag +46 ////; 
ttag +47 ////; 
ttag +48 ////; 
ttag +49 68/46/38/52/39; 
ttag +50 100/100/100/100/100; 
ttag +51 98/98/95/99/94; 
ttag +52 97/96/90/97/94; 
ttag +53 63/54/44/66/48; 
ttag +54 58/43/32/46/26; 
ttag +55 48/40/24/44/24; 
ttag +56 35/17/14/29/16; 
ttag +57 54/36/39/43/36; 
ttag +58 86/80/74/78/67; 
ttag +59 30/16/0/28/4; 
ttag +60 60/52/45/54/51; 
ttag +61 66/63/44/64/40; 
ttag +62 63/58/42/63/52; 
ttag +63 43/34/20/36/21; 
ttag +64 81/79/66/78/61; 
ttag +65 72/68/60/79/64; 
ttag +66 33/5/5/5/12; 
ttag +67 95/95/88/96/94; 
ttag +68 97/97/93/96/96; 
ttag +69 80/77/68/68/68; 
ttag +70 100/100/95/98/95; 
ttag +71 94/94/90/94/88; 
ttag +72 70/58/39/64/49; 
ttag +73 96/95/85/96/89; 
ttag +74 78/76/71/79/72; 
ttag +75 50/40/30/38/32; 
ttag +76 26/4/?/7/3; 
ttag +77 77/72/69/72/68; 
ttag +78 46/33/29/46/31; 
ttag +79 22/8/1/11/2; 
ttag +80 99/99/95/96/95; 
ttag +81 16/[27]/?/?/?; 
ttag +82 94/93/96/97/95; 
ttag +83 91/90/90/93/88; 
ttag +84 78/71/68/86/69; 
ttag +85 91/88/84/94/82; 
ttag +86 99/98/95/98/96; 
ttag +87 66/52/34/48/32; 
ttag +88 55/38/32/43/35; 
ttag +89 76/73/68/69/61; 
ttag +90 38/24/25/38/30; 
ttag +91 93/92/87/89/90; 
ttag +92 43/31/18/17/24; 
ttag +93 63/55/34/42/44; 
ttag +94 13/[18]/?/?/?; 
