tread
'Tree with tags' 
(0 (1 ((2 3 )(4 5 11 (7 (6 (8 (9 10 ))))((12 (13 (18 (19 20 ))))((14 (17 (15 16 )))(21 ((22 (23 (24 25 )))(26 (27 (28 (((29 (30 31 ))(46 ((44 (40 (41 (42 43 ))))(45 47 ))))(32 (33 34 (35 36 (39 (37 38 ))))))))))))))))); 
ttag *!; 
ttag +49 ???; 
ttag +50 7; 
ttag +51 1; 
ttag +52 4; 
ttag +53 1; 
ttag +54 1; 
ttag +55 11; 
ttag +56 2; 
ttag +57 1; 
ttag +58 1; 
ttag +59 2; 
ttag +60 2; 
ttag +61 1; 
ttag +62 2; 
ttag +63 5; 
ttag +64 6; 
ttag +65 8; 
ttag +66 1; 
ttag +67 5; 
ttag +68 2; 
ttag +69 3; 
ttag +70 4; 
ttag +71 3; 
ttag +72 3; 
ttag +73 5; 
ttag +74 7; 
ttag +75 1; 
ttag +76 8; 
ttag +77 6; 
ttag +78 5; 
ttag +79 1; 
ttag +80 2; 
ttag +81 2; 
ttag +82 6; 
ttag +83 8; 
ttag +84 1; 
ttag +85 1; 
ttag +86 5; 
ttag +87 3; 
ttag +88 5; 
ttag +89 1; 
tread
'Tree with tags' 
(0 (1 ((2 3 )(5 (4 ((7 (6 (8 (9 10 ))))(11 ((12 (13 (18 (19 20 ))))((14 (17 (15 16 )))(21 ((22 (23 (24 25 )))(26 (27 (28 (((29 (30 31 ))(46 ((44 (40 (41 (42 43 ))))(45 47 ))))(32 (34 (33 (35 (36 (39 (37 38 )))))))))))))))))))))); 
ttag *!; 
ttag +0 ////; 
ttag +1 ////; 
ttag +2 ////; 
ttag +3 ////; 
ttag +4 ////; 
ttag +5 ////; 
ttag +6 ////; 
ttag +7 ////; 
ttag +8 ////; 
ttag +9 ////; 
ttag +10 ////; 
ttag +11 ////; 
ttag +12 ////; 
ttag +13 ////; 
ttag +14 ////; 
ttag +15 ////; 
ttag +16 ////; 
ttag +17 ////; 
ttag +18 ////; 
ttag +19 ////; 
ttag +20 ////; 
ttag +21 ////; 
ttag +22 ////; 
ttag +23 ////; 
ttag +24 ////; 
ttag +25 ////; 
ttag +26 ////; 
ttag +27 ////; 
ttag +28 ////; 
ttag +29 ////; 
ttag +30 ////; 
ttag +31 ////; 
ttag +32 ////; 
ttag +33 ////; 
ttag +34 ////; 
ttag +35 ////; 
ttag +36 ////; 
ttag +37 ////; 
ttag +38 ////; 
ttag +39 ////; 
ttag +40 ////; 
ttag +41 ////; 
ttag +42 ////; 
ttag +43 ////; 
ttag +44 ////; 
ttag +45 ////; 
ttag +46 ////; 
ttag +47 ////; 
ttag +48 ////; 
ttag +49 100/100/100/100/100; 
ttag +50 100/100/99/100/100; 
ttag +51 57/29/17/13/14; 
ttag +52 21/1/?/?/2; 
ttag +53 80/76/66/78/62; 
ttag +54 47/32/30/36/26; 
ttag +55 58/54/40/60/42; 
ttag +56 39/32/20/31/22; 
ttag +57 100/100/100/100/100; 
ttag +58 76/70/64/72/66; 
ttag +59 30/22/14/23/15; 
ttag +60 11/[4]/?/?/?; 
ttag +61 33/25/17/19/19; 
ttag +62 29/14/2/11/8; 
ttag +63 47/38/32/49/30; 
ttag +64 6/[8]/?/?/?; 
ttag +65 60/48/40/69/44; 
ttag +66 98/98/93/95/91; 
ttag +67 98/97/96/98/95; 
ttag +68 100/100/100/99/100; 
ttag +69 32/17/7/6/9; 
ttag +70 90/88/83/90/80; 
ttag +71 41/26/21/14/23; 
ttag +72 80/72/64/72/62; 
ttag +73 93/92/92/94/92; 
ttag +74 93/92/85/94/83; 
ttag +75 57/31/13/34/13; 
ttag +76 64/48/42/50/39; 
ttag +77 98/98/95/97/92; 
ttag +78 55/27/16/15/15; 
ttag +79 96/95/88/97/84; 
ttag +80 99/99/97/98/95; 
ttag +81 94/93/85/95/82; 
ttag +82 25/[35]/?/?/?; 
ttag +83 59/50/35/47/26; 
ttag +84 68/60/48/60/52; 
ttag +85 42/26/31/32/33; 
ttag +86 86/80/76/88/68; 
ttag +87 99/99/94/99/95; 
ttag +88 98/97/87/98/89; 
ttag +89 28/[1]/?/?/?; 
ttag +90 28/[2]/?/?/?; 
ttag +91 90/88/77/91/72; 
ttag +92 88/81/60/85/66; 
ttag +93 97/97/95/97/93; 
ttag +94 62/57/45/58/41; 
