tread
'Tree with tags' 
(0 (1 ((2 3 )((11 ((4 5 (8 (9 10 )))((12 13 )(((14 (22 (23 (24 25 ))))((15 (16 17 ))(18 (19 20 ))))(21 ((28 ((26 27 )((32 ((33 34 )(35 (36 (37 38 39 )))))((40 (41 (42 43 )))(45 (44 46 47 ))))))(29 (30 31 ))))))))(6 7 ))))); 
ttag *!; 
ttag +49 ???; 
ttag +50 8; 
ttag +51 5; 
ttag +52 2; 
ttag +53 2; 
ttag +54 1; 
ttag +55 3; 
ttag +56 2; 
ttag +57 8; 
ttag +58 2; 
ttag +59 3; 
ttag +60 3; 
ttag +61 1; 
ttag +62 1; 
ttag +63 4; 
ttag +64 8; 
ttag +65 4; 
ttag +66 1; 
ttag +67 4; 
ttag +68 7; 
ttag +69 1; 
ttag +70 3; 
ttag +71 3; 
ttag +72 3; 
ttag +73 1; 
ttag +74 1; 
ttag +75 1; 
ttag +76 3; 
ttag +77 3; 
ttag +78 4; 
ttag +79 6; 
ttag +80 1; 
ttag +81 6; 
ttag +82 3; 
ttag +83 1; 
ttag +84 2; 
ttag +85 6; 
ttag +86 10; 
ttag +87 3; 
ttag +88 2; 
ttag +89 9; 
ttag +90 1; 
ttag +91 4; 
tread
'Tree with tags' 
(0 (1 ((2 3 )((11 ((4 (5 (8 (9 10 ))))((12 13 )(((14 (22 (23 (24 25 ))))((15 (16 17 ))(18 (19 20 ))))(21 ((28 ((26 27 )((32 ((33 34 )(35 (36 (37 (38 39 ))))))((40 (41 (42 43 )))(45 (44 (46 47 )))))))(29 (30 31 ))))))))(6 7 ))))); 
ttag *!; 
ttag +0 ////; 
ttag +1 ////; 
ttag +2 ////; 
ttag +3 ////; 
ttag +4 ////; 
ttag +5 ////; 
ttag +6 ////; 
ttag +7 ////; 
ttag +8 ////; 
ttag +9 ////; 
ttag +10 ////; 
ttag +11 ////; 
ttag +12 ////; 
ttag +13 ////; 
ttag +14 ////; 
ttag +15 ////; 
ttag +16 ////; 
ttag +17 ////; 
ttag +18 ////; 
ttag +19 ////; 
ttag +20 ////; 
ttag +21 ////; 
ttag +22 ////; 
ttag +23 ////; 
ttag +24 ////; 
ttag +25 ////; 
ttag +26 ////; 
ttag +27 ////; 
ttag +28 ////; 
ttag +29 ////; 
ttag +30 ////; 
ttag +31 ////; 
ttag +32 ////; 
ttag +33 ////; 
ttag +34 ////; 
ttag +35 ////; 
ttag +36 ////; 
ttag +37 ////; 
ttag +38 ////; 
ttag +39 ////; 
ttag +40 ////; 
ttag +41 ////; 
ttag +42 ////; 
ttag +43 ////; 
ttag +44 ////; 
ttag +45 ////; 
ttag +46 ////; 
ttag +47 ////; 
ttag +48 ////; 
ttag +49 100/100/100/100/100; 
ttag +50 99/98/96/97/98; 
ttag +51 91/90/86/93/84; 
ttag +52 16/[1]/?/2/?; 
ttag +53 18/0/2/10/0; 
ttag +54 10/[6]/?/?/?; 
ttag +55 46/36/24/33/28; 
ttag +56 14/[26]/?/?/?; 
ttag +57 51/43/23/45/25; 
ttag +58 98/98/93/96/93; 
ttag +59 50/25/12/24/10; 
ttag +60 62/56/47/60/39; 
ttag +61 40/31/15/31/16; 
ttag +62 27/[4]/?/9/?; 
ttag +63 8/[23]/?/?/?; 
ttag +64 66/57/42/54/43; 
ttag +65 99/98/95/98/97; 
ttag +66 76/70/62/74/59; 
ttag +67 57/27/23/26/18; 
ttag +68 96/94/89/96/92; 
ttag +69 100/100/98/100/98; 
ttag +70 14/[17]/?/?/?; 
ttag +71 73/70/57/72/46; 
ttag +72 92/89/74/86/81; 
ttag +73 84/76/62/78/70; 
ttag +74 50/39/36/43/33; 
ttag +75 25/12/4/13/9; 
ttag +76 25/[11]/3/?/?; 
ttag +77 53/39/36/52/31; 
ttag +78 78/76/68/79/69; 
ttag +79 97/96/85/97/91; 
ttag +80 98/97/90/96/90; 
ttag +81 30/18/7/20/14; 
ttag +82 98/98/97/99/96; 
ttag +83 93/92/78/90/82; 
ttag +84 70/64/50/62/53; 
ttag +85 84/79/69/82/72; 
ttag +86 98/97/89/96/94; 
ttag +87 28/3/8/12/16; 
ttag +88 99/99/96/99/97; 
ttag +89 77/69/56/66/40; 
ttag +90 79/70/58/69/52; 
ttag +91 99/98/99/100/98; 
ttag +92 38/16/14/14/?; 
ttag +93 93/91/84/88/86; 
ttag +94 5/[15]/?/?/?; 
