tread
'Tree with tags' 
(0 (1 ((2 3 )(4 (5 ((11 ((6 7 )(8 (9 10 ))))((12 13 )(((14 21 )((22 (23 (24 25 )))(26 (27 (28 ((29 (30 31 ))(((32 33 34 (35 (36 (37 38 39 ))))(40 (41 (42 43 ))))(46 (44 45 47 )))))))))((16 (15 17 ))(18 (19 20 ))))))))))); 
ttag *!; 
ttag +49 ???; 
ttag +50 3; 
ttag +51 4; 
ttag +52 4; 
ttag +53 1; 
ttag +54 1; 
ttag +55 2; 
ttag +56 1; 
ttag +57 2; 
ttag +58 9; 
ttag +59 1; 
ttag +60 1; 
ttag +61 1; 
ttag +62 1; 
ttag +63 1; 
ttag +64 4; 
ttag +65 2; 
ttag +66 6; 
ttag +67 3; 
ttag +68 8; 
ttag +69 8; 
ttag +70 4; 
ttag +71 3; 
ttag +72 6; 
ttag +73 5; 
ttag +74 1; 
ttag +75 2; 
ttag +76 4; 
ttag +77 3; 
ttag +78 1; 
ttag +79 6; 
ttag +80 5; 
ttag +81 1; 
ttag +82 3; 
ttag +83 4; 
ttag +84 1; 
ttag +85 5; 
ttag +86 4; 
ttag +87 1; 
ttag +88 3; 
ttag +89 1; 
ttag +90 1; 
tread
'Tree with tags' 
(0 (1 ((2 3 )(4 (5 ((11 ((6 7 )(8 (9 10 ))))((12 13 )(((14 21 )((22 (23 (24 25 )))(26 (27 (28 ((29 (30 31 ))((((32 (35 (36 (39 (37 38 )))))(33 34 ))(40 (41 (42 43 ))))(46 (45 (44 47 ))))))))))((16 (15 17 ))(18 (19 20 ))))))))))); 
ttag *!; 
ttag +0 ////; 
ttag +1 ////; 
ttag +2 ////; 
ttag +3 ////; 
ttag +4 ////; 
ttag +5 ////; 
ttag +6 ////; 
ttag +7 ////; 
ttag +8 ////; 
ttag +9 ////; 
ttag +10 ////; 
ttag +11 ////; 
ttag +12 ////; 
ttag +13 ////; 
ttag +14 ////; 
ttag +15 ////; 
ttag +16 ////; 
ttag +17 ////; 
ttag +18 ////; 
ttag +19 ////; 
ttag +20 ////; 
ttag +21 ////; 
ttag +22 ////; 
ttag +23 ////; 
ttag +24 ////; 
ttag +25 ////; 
ttag +26 ////; 
ttag +27 ////; 
ttag +28 ////; 
ttag +29 ////; 
ttag +30 ////; 
ttag +31 ////; 
ttag +32 ////; 
ttag +33 ////; 
ttag +34 ////; 
ttag +35 ////; 
ttag +36 ////; 
ttag +37 ////; 
ttag +38 ////; 
ttag +39 ////; 
ttag +40 ////; 
ttag +41 ////; 
ttag +42 ////; 
ttag +43 ////; 
ttag +44 ////; 
ttag +45 ////; 
ttag +46 ////; 
ttag +47 ////; 
ttag +48 ////; 
ttag +49 100/100/100/100/100; 
ttag +50 88/82/79/82/79; 
ttag +51 76/65/62/71/64; 
ttag +52 80/76/68/84/68; 
ttag +53 14/[25]/?/?/?; 
ttag +54 48/42/42/36/41; 
ttag +55 25/12/5/14/8; 
ttag +56 6/[8]/?/1/?; 
ttag +57 18/7/4/17/10; 
ttag +58 98/98/99/100/97; 
ttag +59 37/[6]/5/0/4; 
ttag +60 15/0/2/7/0; 
ttag +61 10/[4]/?/7/?; 
ttag +62 22/3/8/6/9; 
ttag +63 12/[4]/?/2/?; 
ttag +64 37/31/16/34/20; 
ttag +65 65/57/55/61/52; 
ttag +66 92/90/86/95/83; 
ttag +67 53/39/32/45/33; 
ttag +68 98/98/94/96/95; 
ttag +69 99/99/99/100/98; 
ttag +70 65/42/44/49/32; 
ttag +71 56/50/36/56/37; 
ttag +72 85/79/67/84/73; 
ttag +73 98/98/94/98/92; 
ttag +74 80/74/66/69/69; 
ttag +75 74/58/51/63/50; 
ttag +76 94/93/82/92/86; 
ttag +77 81/76/63/72/70; 
ttag +78 42/22/21/34/30; 
ttag +79 98/97/90/98/93; 
ttag +80 18/[31]/?/?/?; 
ttag +81 83/79/68/77/66; 
ttag +82 29/11/3/12/8; 
ttag +83 59/47/42/49/26; 
ttag +84 22/[27]/?/?/?; 
ttag +85 88/86/82/87/80; 
ttag +86 66/54/48/56/48; 
ttag +87 38/1/2/?/5; 
ttag +88 98/98/92/96/92; 
ttag +89 72/68/65/72/62; 
ttag +90 17/[4]/?/?/?; 
ttag +91 90/86/83/87/78; 
ttag +92 5/[20]/?/?/?; 
ttag +93 28/7/?/2/3; 
ttag +94 48/37/34/39/24; 
