tread
'Tree with tags' 
(0 (1 ((2 3 )(4 (5 ((6 7 )(8 (9 10 )))(11 (12 (13 (21 (14 ((15 (16 17 ))(18 (19 20 ))))((22 (23 (24 25 )))((26 27 )(28 29 (30 31 )((32 (35 (36 (37 (38 39 )))))(33 34 ))(44 45 46 47 (40 41 (42 43 ))))))))))))))); 
ttag *!; 
ttag +49 ???; 
ttag +50 6; 
ttag +51 6; 
ttag +52 3; 
ttag +53 2; 
ttag +54 2; 
ttag +55 4; 
ttag +56 14; 
ttag +57 1; 
ttag +58 1; 
ttag +59 2; 
ttag +60 1; 
ttag +61 1; 
ttag +62 2; 
ttag +63 3; 
ttag +64 1; 
ttag +65 2; 
ttag +66 3; 
ttag +67 11; 
ttag +68 1; 
ttag +69 1; 
ttag +70 3; 
ttag +71 10; 
ttag +72 1; 
ttag +73 5; 
ttag +74 2; 
ttag +75 4; 
ttag +76 2; 
ttag +77 5; 
ttag +78 8; 
ttag +79 2; 
ttag +80 4; 
ttag +81 7; 
ttag +82 1; 
ttag +83 3; 
ttag +84 5; 
ttag +85 9; 
tread
'Tree with tags' 
(0 (1 ((2 3 )(4 ((5 ((6 7 )(8 (9 10 ))))(11 (12 (13 ((21 (14 ((15 (16 17 ))(18 (19 20 )))))((22 (23 (24 25 )))((26 27 )((28 ((29 ((40 (41 (42 43 )))(46 (47 (44 45 )))))((32 (35 (36 (37 (38 39 )))))(33 34 ))))(30 31 ))))))))))))); 
ttag *!; 
ttag +0 ////; 
ttag +1 ////; 
ttag +2 ////; 
ttag +3 ////; 
ttag +4 ////; 
ttag +5 ////; 
ttag +6 ////; 
ttag +7 ////; 
ttag +8 ////; 
ttag +9 ////; 
ttag +10 ////; 
ttag +11 ////; 
ttag +12 ////; 
ttag +13 ////; 
ttag +14 ////; 
ttag +15 ////; 
ttag +16 ////; 
ttag +17 ////; 
ttag +18 ////; 
ttag +19 ////; 
ttag +20 ////; 
ttag +21 ////; 
ttag +22 ////; 
ttag +23 ////; 
ttag +24 ////; 
ttag +25 ////; 
ttag +26 ////; 
ttag +27 ////; 
ttag +28 ////; 
ttag +29 ////; 
ttag +30 ////; 
ttag +31 ////; 
ttag +32 ////; 
ttag +33 ////; 
ttag +34 ////; 
ttag +35 ////; 
ttag +36 ////; 
ttag +37 ////; 
ttag +38 ////; 
ttag +39 ////; 
ttag +40 ////; 
ttag +41 ////; 
ttag +42 ////; 
ttag +43 ////; 
ttag +44 ////; 
ttag +45 ////; 
ttag +46 ////; 
ttag +47 ////; 
ttag +48 ////; 
ttag +49 100/100/100/100/100; 
ttag +50 98/98/98/99/98; 
ttag +51 98/97/90/95/91; 
ttag +52 88/86/84/89/76; 
ttag +53 8/[39]/?/?/?; 
ttag +54 75/68/55/68/53; 
ttag +55 66/54/38/47/34; 
ttag +56 67/56/43/53/37; 
ttag +57 100/100/100/100/100; 
ttag +58 56/30/26/19/20; 
ttag +59 32/19/5/18/2; 
ttag +60 33/17/8/16/5; 
ttag +61 12/[4]/?/?/?; 
ttag +62 39/13/6/8/4; 
ttag +63 18/[22]/?/?/?; 
ttag +64 62/53/46/58/50; 
ttag +65 68/63/48/61/42; 
ttag +66 48/30/19/28/28; 
ttag +67 68/60/48/64/52; 
ttag +68 90/86/88/94/88; 
ttag +69 100/100/100/100/100; 
ttag +70 69/63/55/61/54; 
ttag +71 55/33/22/20/29; 
ttag +72 84/78/74/79/75; 
ttag +73 99/99/99/100/97; 
ttag +74 65/49/29/37/38; 
ttag +75 92/89/75/91/77; 
ttag +76 24/[24]/?/?/?; 
ttag +77 79/75/52/76/53; 
ttag +78 8/[39]/?/?/?; 
ttag +79 10/[38]/?/?/?; 
ttag +80 94/91/88/95/86; 
ttag +81 65/52/40/54/36; 
ttag +82 96/94/92/96/87; 
ttag +83 99/99/100/99/99; 
ttag +84 72/64/57/68/55; 
ttag +85 97/97/93/94/96; 
ttag +86 97/96/91/97/91; 
ttag +87 64/49/50/48/32; 
ttag +88 70/65/58/70/46; 
ttag +89 90/87/82/91/77; 
ttag +90 36/0/22/14/8; 
ttag +91 100/100/100/100/100; 
ttag +92 10/[9]/?/?/?; 
ttag +93 30/3/11/9/14; 
ttag +94 24/[12]/?/2/5; 
