tread
'Tree with tags' 
(0 (1 ((2 3 )(4 (5 (((6 7 )(8 (9 10 )))(11 (14 21 (12 13 )(16 (15 17 ))(18 (19 20 ))(26 (22 (23 (24 25 )))(27 (28 ((29 (30 31 ))(32 (33 34 (35 (36 (37 38 39 )))))(45 46 (40 41 (42 43 ))(44 47 )))))))))))))); 
ttag *!; 
ttag +49 ???; 
ttag +50 4; 
ttag +51 1; 
ttag +52 7; 
ttag +53 2; 
ttag +54 2; 
ttag +55 3; 
ttag +56 1; 
ttag +57 8; 
ttag +58 1; 
ttag +59 3; 
ttag +60 1; 
ttag +61 3; 
ttag +62 3; 
ttag +63 2; 
ttag +64 2; 
ttag +65 6; 
ttag +66 3; 
ttag +67 1; 
ttag +68 5; 
ttag +69 1; 
ttag +70 3; 
ttag +71 1; 
ttag +72 6; 
ttag +73 2; 
ttag +74 2; 
ttag +75 3; 
ttag +76 1; 
ttag +77 7; 
ttag +78 5; 
ttag +79 1; 
ttag +80 5; 
ttag +81 1; 
ttag +82 5; 
ttag +83 1; 
tread
'Tree with tags' 
(0 (1 ((2 3 )(4 (5 (((6 7 )(8 (9 10 )))(11 ((12 13 )(((14 (16 (15 17 )))(18 (19 20 )))(21 ((22 (23 (24 25 )))(26 (27 (28 (((29 (30 31 ))(45 ((46 (41 (40 (42 43 ))))(44 47 ))))(32 ((33 34 )(35 (36 (38 (37 39 ))))))))))))))))))))); 
ttag *!; 
ttag +0 ////; 
ttag +1 ////; 
ttag +2 ////; 
ttag +3 ////; 
ttag +4 ////; 
ttag +5 ////; 
ttag +6 ////; 
ttag +7 ////; 
ttag +8 ////; 
ttag +9 ////; 
ttag +10 ////; 
ttag +11 ////; 
ttag +12 ////; 
ttag +13 ////; 
ttag +14 ////; 
ttag +15 ////; 
ttag +16 ////; 
ttag +17 ////; 
ttag +18 ////; 
ttag +19 ////; 
ttag +20 ////; 
ttag +21 ////; 
ttag +22 ////; 
ttag +23 ////; 
ttag +24 ////; 
ttag +25 ////; 
ttag +26 ////; 
ttag +27 ////; 
ttag +28 ////; 
ttag +29 ////; 
ttag +30 ////; 
ttag +31 ////; 
ttag +32 ////; 
ttag +33 ////; 
ttag +34 ////; 
ttag +35 ////; 
ttag +36 ////; 
ttag +37 ////; 
ttag +38 ////; 
ttag +39 ////; 
ttag +40 ////; 
ttag +41 ////; 
ttag +42 ////; 
ttag +43 ////; 
ttag +44 ////; 
ttag +45 ////; 
ttag +46 ////; 
ttag +47 ////; 
ttag +48 ////; 
ttag +49 100/100/100/100/100; 
ttag +50 88/82/75/85/74; 
ttag +51 73/61/61/47/50; 
ttag +52 97/96/91/97/96; 
ttag +53 76/73/51/60/49; 
ttag +54 64/50/41/50/41; 
ttag +55 74/68/46/67/58; 
ttag +56 41/32/26/34/21; 
ttag +57 99/98/99/100/99; 
ttag +58 44/14/8/18/18; 
ttag +59 62/53/36/62/46; 
ttag +60 59/44/40/56/37; 
ttag +61 82/80/64/84/65; 
ttag +62 16/[26]/?/?/?; 
ttag +63 35/20/22/22/28; 
ttag +64 43/28/16/27/25; 
ttag +65 96/96/90/93/92; 
ttag +66 86/77/51/60/66; 
ttag +67 75/62/53/65/56; 
ttag +68 99/99/99/100/99; 
ttag +69 22/4/12/12/3; 
ttag +70 87/83/70/90/74; 
ttag +71 74/70/58/70/60; 
ttag +72 99/99/96/99/96; 
ttag +73 68/46/55/50/53; 
ttag +74 43/25/39/25/31; 
ttag +75 81/79/64/79/63; 
ttag +76 63/53/55/69/47; 
ttag +77 96/96/94/99/96; 
ttag +78 18/[27]/?/?/?; 
ttag +79 75/71/55/74/66; 
ttag +80 69/57/50/55/45; 
ttag +81 88/86/74/84/76; 
ttag +82 48/24/30/39/36; 
ttag +83 66/55/36/50/38; 
ttag +84 96/96/93/97/89; 
ttag +85 97/96/93/96/93; 
ttag +86 22/2/?/?/?; 
ttag +87 73/66/70/74/65; 
ttag +88 29/[25]/?/?/?; 
ttag +89 96/95/94/95/91; 
ttag +90 29/[8]/?/?/?; 
ttag +91 11/[26]/?/?/?; 
ttag +92 72/69/57/70/58; 
ttag +93 97/97/94/98/88; 
ttag +94 54/43/44/48/32; 
