tread
'Tree with tags' 
(0 (1 ((2 3 )(12 (21 (((4 11 )(5 (13 (14 (((15 (16 17 ))(18 (19 20 )))((22 (23 (24 25 )))(26 27 28 ((29 (30 31 ))((32 ((33 34 )(35 (36 (38 (37 39 ))))))((40 (41 (42 43 )))(44 46 (45 47 ))))))))))))(7 (6 (10 (8 9 )))))))))); 
ttag *!; 
ttag +49 ???; 
ttag +50 7; 
ttag +51 3; 
ttag +52 1; 
ttag +53 1; 
ttag +54 1; 
ttag +55 1; 
ttag +56 3; 
ttag +57 1; 
ttag +58 2; 
ttag +59 2; 
ttag +60 2; 
ttag +61 14; 
ttag +62 2; 
ttag +63 3; 
ttag +64 8; 
ttag +65 2; 
ttag +66 2; 
ttag +67 2; 
ttag +68 2; 
ttag +69 17; 
ttag +70 1; 
ttag +71 2; 
ttag +72 9; 
ttag +73 7; 
ttag +74 4; 
ttag +75 1; 
ttag +76 1; 
ttag +77 7; 
ttag +78 8; 
ttag +79 3; 
ttag +80 4; 
ttag +81 3; 
ttag +82 6; 
ttag +83 8; 
ttag +84 2; 
ttag +85 7; 
ttag +86 6; 
ttag +87 2; 
ttag +88 1; 
ttag +89 4; 
ttag +90 6; 
ttag +91 1; 
tread
'Tree with tags' 
(0 (1 ((2 3 )(12 (21 (((4 11 )(5 (13 (14 (((15 (16 17 ))(18 (19 20 )))((22 (23 (24 25 )))(26 ((27 28 )((29 (30 31 ))((32 ((33 34 )(35 (36 (38 (37 39 ))))))((40 (41 (42 43 )))((44 46 )(45 47 )))))))))))))(7 (6 (10 (8 9 )))))))))); 
ttag *!; 
ttag +0 ////; 
ttag +1 ////; 
ttag +2 ////; 
ttag +3 ////; 
ttag +4 ////; 
ttag +5 ////; 
ttag +6 ////; 
ttag +7 ////; 
ttag +8 ////; 
ttag +9 ////; 
ttag +10 ////; 
ttag +11 ////; 
ttag +12 ////; 
ttag +13 ////; 
ttag +14 ////; 
ttag +15 ////; 
ttag +16 ////; 
ttag +17 ////; 
ttag +18 ////; 
ttag +19 ////; 
ttag +20 ////; 
ttag +21 ////; 
ttag +22 ////; 
ttag +23 ////; 
ttag +24 ////; 
ttag +25 ////; 
ttag +26 ////; 
ttag +27 ////; 
ttag +28 ////; 
ttag +29 ////; 
ttag +30 ////; 
ttag +31 ////; 
ttag +32 ////; 
ttag +33 ////; 
ttag +34 ////; 
ttag +35 ////; 
ttag +36 ////; 
ttag +37 ////; 
ttag +38 ////; 
ttag +39 ////; 
ttag +40 ////; 
ttag +41 ////; 
ttag +42 ////; 
ttag +43 ////; 
ttag +44 ////; 
ttag +45 ////; 
ttag +46 ////; 
ttag +47 ////; 
ttag +48 ////; 
ttag +49 100/100/100/100/100; 
ttag +50 99/99/97/99/99; 
ttag +51 88/84/81/80/80; 
ttag +52 4/[14]/?/?/?; 
ttag +53 2/[13]/?/?/?; 
ttag +54 1/[14]/?/?/?; 
ttag +55 10/[5]/?/?/?; 
ttag +56 37/17/13/24/18; 
ttag +57 1/[18]/?/?/?; 
ttag +58 28/[9]/?/?/?; 
ttag +59 11/4/1/0/2; 
ttag +60 55/30/26/22/24; 
ttag +61 100/100/100/100/100; 
ttag +62 7/[8]/?/?/?; 
ttag +63 20/14/2/20/8; 
ttag +64 98/98/98/100/96; 
ttag +65 49/42/26/44/31; 
ttag +66 16/[13]/?/?/?; 
ttag +67 28/2/6/16/4; 
ttag +68 74/63/48/74/57; 
ttag +69 100/100/100/100/100; 
ttag +70 77/72/60/75/62; 
ttag +71 83/75/62/76/61; 
ttag +72 100/100/100/100/100; 
ttag +73 98/98/94/100/96; 
ttag +74 64/44/44/45/48; 
ttag +75 3/[16]/?/?/?; 
ttag +76 26/14/14/10/11; 
ttag +77 67/60/54/68/61; 
ttag +78 71/61/58/67/62; 
ttag +79 99/99/98/99/98; 
ttag +80 98/98/95/99/94; 
ttag +81 75/67/52/72/55; 
ttag +82 94/91/89/96/84; 
ttag +83 86/79/70/81/76; 
ttag +84 99/99/98/99/98; 
ttag +85 99/99/100/99/99; 
ttag +86 89/89/86/90/87; 
ttag +87 99/99/98/99/99; 
ttag +88 94/92/82/94/86; 
ttag +89 63/48/37/55/27; 
ttag +90 39/20/10/20/8; 
ttag +91 93/91/88/92/88; 
ttag +92 16/[27]/?/?/?; 
ttag +93 99/99/95/98/93; 
ttag +94 43/31/26/43/34; 
