tread
'Tree with tags' 
(0 (1 ((2 3 )(4 (5 ((6 7 )((8 (9 10 ))(11 (12 13 14 21 (15 (16 17 ))(18 (19 20 ))((22 (23 (24 25 )))(26 27 (28 (44 45 46 47 (29 30 31 )(32 (33 34 )(35 (36 (37 38 39 ))))(40 41 (42 43 ))))))))))))))); 
ttag *!; 
ttag +49 ???; 
ttag +50 4; 
ttag +51 2; 
ttag +52 2; 
ttag +53 2; 
ttag +54 1; 
ttag +55 2; 
ttag +56 3; 
ttag +57 1; 
ttag +58 2; 
ttag +59 2; 
ttag +60 2; 
ttag +61 6; 
ttag +62 2; 
ttag +63 4; 
ttag +64 4; 
ttag +65 5; 
ttag +66 3; 
ttag +67 8; 
ttag +68 7; 
ttag +69 1; 
ttag +70 2; 
ttag +71 5; 
ttag +72 2; 
ttag +73 3; 
ttag +74 3; 
ttag +75 3; 
ttag +76 1; 
ttag +77 2; 
ttag +78 1; 
ttag +79 3; 
tread
'Tree with tags' 
(0 (1 ((2 3 )(4 (5 ((6 7 )((8 (9 10 ))(11 (13 (12 (14 (((15 (16 17 ))(18 (19 20 )))(21 ((22 (23 (24 25 )))(26 (27 (28 ((29 (30 31 ))((32 ((33 34 )(35 (36 (38 (37 39 ))))))(((40 41 )(42 43 ))(47 (44 (45 46 ))))))))))))))))))))))); 
ttag *!; 
ttag +0 ////; 
ttag +1 ////; 
ttag +2 ////; 
ttag +3 ////; 
ttag +4 ////; 
ttag +5 ////; 
ttag +6 ////; 
ttag +7 ////; 
ttag +8 ////; 
ttag +9 ////; 
ttag +10 ////; 
ttag +11 ////; 
ttag +12 ////; 
ttag +13 ////; 
ttag +14 ////; 
ttag +15 ////; 
ttag +16 ////; 
ttag +17 ////; 
ttag +18 ////; 
ttag +19 ////; 
ttag +20 ////; 
ttag +21 ////; 
ttag +22 ////; 
ttag +23 ////; 
ttag +24 ////; 
ttag +25 ////; 
ttag +26 ////; 
ttag +27 ////; 
ttag +28 ////; 
ttag +29 ////; 
ttag +30 ////; 
ttag +31 ////; 
ttag +32 ////; 
ttag +33 ////; 
ttag +34 ////; 
ttag +35 ////; 
ttag +36 ////; 
ttag +37 ////; 
ttag +38 ////; 
ttag +39 ////; 
ttag +40 ////; 
ttag +41 ////; 
ttag +42 ////; 
ttag +43 ////; 
ttag +44 ////; 
ttag +45 ////; 
ttag +46 ////; 
ttag +47 ////; 
ttag +48 ////; 
ttag +49 100/100/100/100/100; 
ttag +50 84/82/70/83/71; 
ttag +51 80/70/66/70/53; 
ttag +52 64/48/47/56/52; 
ttag +53 50/33/31/44/28; 
ttag +54 48/40/33/50/38; 
ttag +55 36/19/14/28/11; 
ttag +56 96/96/90/95/91; 
ttag +57 18/[5]/?/?/?; 
ttag +58 69/56/49/63/48; 
ttag +59 51/44/36/48/42; 
ttag +60 12/[7]/?/?/?; 
ttag +61 44/36/31/38/30; 
ttag +62 16/[2]/0/4/?; 
ttag +63 98/98/95/97/96; 
ttag +64 40/21/30/22/17; 
ttag +65 4/[19]/?/?/?; 
ttag +66 88/85/74/83/78; 
ttag +67 99/98/96/97/97; 
ttag +68 99/99/95/99/96; 
ttag +69 17/0/0/2/1; 
ttag +70 97/96/86/97/87; 
ttag +71 82/80/69/84/69; 
ttag +72 98/98/96/100/92; 
ttag +73 99/99/97/99/99; 
ttag +74 50/35/36/43/35; 
ttag +75 51/38/22/29/19; 
ttag +76 70/64/51/62/48; 
ttag +77 94/93/88/98/87; 
ttag +78 74/69/56/79/56; 
ttag +79 64/46/46/52/36; 
ttag +80 66/64/59/78/55; 
ttag +81 28/5/2/4/14; 
ttag +82 79/76/72/87/73; 
ttag +83 16/[25]/?/?/?; 
ttag +84 80/78/69/86/75; 
ttag +85 80/75/62/82/72; 
ttag +86 50/26/26/28/32; 
ttag +87 78/64/44/65/48; 
ttag +88 20/[38]/?/?/?; 
ttag +89 67/54/55/56/54; 
ttag +90 16/[6]/?/?/?; 
ttag +91 95/92/84/87/84; 
ttag +92 12/[4]/?/?/?; 
ttag +93 59/51/37/44/39; 
ttag +94 30/13/6/10/13; 
