tread
'Tree with tags' 
(0 (1 ((2 3 )((4 (5 (11 ((6 7 )((8 (9 10 ))((14 ((16 (15 17 ))(18 (19 20 ))))(21 (28 (((((22 (23 (24 25 )))(40 41 (42 43 )))((32 (35 (36 (37 (38 39 )))))(33 34 )))((29 (30 31 ))(46 (47 (44 45 )))))(26 27 ))))))))))(12 13 ))))); 
ttag *!; 
ttag +49 ???; 
ttag +50 4; 
ttag +51 2; 
ttag +52 1; 
ttag +53 8; 
ttag +54 1; 
ttag +55 1; 
ttag +56 1; 
ttag +57 1; 
ttag +58 7; 
ttag +59 1; 
ttag +60 6; 
ttag +61 1; 
ttag +62 2; 
ttag +63 1; 
ttag +64 3; 
ttag +65 5; 
ttag +66 7; 
ttag +67 6; 
ttag +68 11; 
ttag +69 2; 
ttag +70 4; 
ttag +71 1; 
ttag +72 1; 
ttag +73 1; 
ttag +74 1; 
ttag +75 2; 
ttag +76 4; 
ttag +77 12; 
ttag +78 3; 
ttag +79 7; 
ttag +80 1; 
ttag +81 4; 
ttag +82 4; 
ttag +83 4; 
ttag +84 5; 
ttag +85 1; 
ttag +86 5; 
ttag +87 5; 
ttag +88 1; 
ttag +89 4; 
ttag +90 5; 
ttag +91 1; 
ttag +92 2; 
ttag +93 6; 
tread
'Tree with tags' 
(0 (1 ((2 3 )((4 (5 (11 ((6 7 )((8 (9 10 ))((14 ((16 (15 17 ))(18 (19 20 ))))(21 (28 (((((22 (23 (24 25 )))(40 (41 (42 43 ))))((32 (35 (36 (37 (38 39 )))))(33 34 )))((29 (30 31 ))(46 (47 (44 45 )))))(26 27 ))))))))))(12 13 ))))); 
ttag *!; 
ttag +0 ////; 
ttag +1 ////; 
ttag +2 ////; 
ttag +3 ////; 
ttag +4 ////; 
ttag +5 ////; 
ttag +6 ////; 
ttag +7 ////; 
ttag +8 ////; 
ttag +9 ////; 
ttag +10 ////; 
ttag +11 ////; 
ttag +12 ////; 
ttag +13 ////; 
ttag +14 ////; 
ttag +15 ////; 
ttag +16 ////; 
ttag +17 ////; 
ttag +18 ////; 
ttag +19 ////; 
ttag +20 ////; 
ttag +21 ////; 
ttag +22 ////; 
ttag +23 ////; 
ttag +24 ////; 
ttag +25 ////; 
ttag +26 ////; 
ttag +27 ////; 
ttag +28 ////; 
ttag +29 ////; 
ttag +30 ////; 
ttag +31 ////; 
ttag +32 ////; 
ttag +33 ////; 
ttag +34 ////; 
ttag +35 ////; 
ttag +36 ////; 
ttag +37 ////; 
ttag +38 ////; 
ttag +39 ////; 
ttag +40 ////; 
ttag +41 ////; 
ttag +42 ////; 
ttag +43 ////; 
ttag +44 ////; 
ttag +45 ////; 
ttag +46 ////; 
ttag +47 ////; 
ttag +48 ////; 
ttag +49 100/100/100/100/100; 
ttag +50 88/83/77/87/80; 
ttag +51 82/75/61/77/65; 
ttag +52 10/[4]/?/0/?; 
ttag +53 98/98/90/96/90; 
ttag +54 1/[34]/?/?/?; 
ttag +55 79/66/70/62/69; 
ttag +56 4/[11]/?/?/?; 
ttag +57 4/[11]/?/?/?; 
ttag +58 97/96/93/97/96; 
ttag +59 10/1/?/?/?; 
ttag +60 98/98/95/99/95; 
ttag +61 43/31/15/25/22; 
ttag +62 38/20/15/17/16; 
ttag +63 6/[6]/?/?/?; 
ttag +64 63/45/48/44/47; 
ttag +65 92/90/85/94/87; 
ttag +66 91/90/87/93/80; 
ttag +67 93/89/90/96/89; 
ttag +68 99/99/100/99/100; 
ttag +69 27/10/?/4/4; 
ttag +70 63/58/40/57/47; 
ttag +71 8/[30]/?/?/?; 
ttag +72 8/[30]/?/?/?; 
ttag +73 18/[2]/?/?/?; 
ttag +74 18/[3]/?/?/?; 
ttag +75 38/27/13/18/17; 
ttag +76 92/89/75/87/73; 
ttag +77 100/100/100/100/99; 
ttag +78 78/77/68/76/68; 
ttag +79 96/96/94/95/91; 
ttag +80 24/[14]/?/?/?; 
ttag +81 96/94/83/88/89; 
ttag +82 79/70/60/71/55; 
ttag +83 92/90/84/89/78; 
ttag +84 92/86/71/83/72; 
ttag +85 54/46/45/48/39; 
ttag +86 98/98/98/98/96; 
ttag +87 97/96/93/96/92; 
ttag +88 60/38/24/42/30; 
ttag +89 88/85/81/88/82; 
ttag +90 22/[34]/?/?/?; 
ttag +91 97/96/88/95/86; 
ttag +92 29/18/4/14/16; 
ttag +93 61/50/33/53/36; 
ttag +94 92/91/79/90/76; 
