tread
'Tree with tags' 
(0 (1 ((2 3 )(11 (4 5 (((6 (8 (9 10 )))((12 13 )(21 ((14 (15 (16 17 )))(18 (19 20 ))))))(7 ((22 (23 (24 25 )))((28 ((26 27 )((32 (33 35 (34 (36 (37 38 39 )))))(44 45 46 47 (40 (41 (42 43 )))))))(29 (30 31 ))))))))))); 
ttag *!; 
ttag +49 ???; 
ttag +50 3; 
ttag +51 4; 
ttag +52 3; 
ttag +53 4; 
ttag +54 2; 
ttag +55 2; 
ttag +56 1; 
ttag +57 2; 
ttag +58 11; 
ttag +59 1; 
ttag +60 2; 
ttag +61 2; 
ttag +62 2; 
ttag +63 3; 
ttag +64 2; 
ttag +65 6; 
ttag +66 2; 
ttag +67 11; 
ttag +68 10; 
ttag +69 4; 
ttag +70 7; 
ttag +71 7; 
ttag +72 9; 
ttag +73 4; 
ttag +74 2; 
ttag +75 3; 
ttag +76 4; 
ttag +77 6; 
ttag +78 3; 
ttag +79 2; 
ttag +80 2; 
ttag +81 3; 
ttag +82 1; 
ttag +83 4; 
ttag +84 7; 
ttag +85 4; 
ttag +86 2; 
ttag +87 4; 
ttag +88 7; 
tread
'Tree with tags' 
(0 (1 ((2 3 )(11 ((4 5 )(((6 (8 (9 10 )))((12 13 )(21 ((14 (15 (16 17 )))(18 (19 20 ))))))(7 ((22 (23 (24 25 )))((28 ((26 27 )((32 (35 (33 (34 (36 (39 (37 38 )))))))((45 (44 (40 (41 (42 43 )))))(46 47 )))))(29 (30 31 ))))))))))); 
ttag *!; 
ttag +0 ////; 
ttag +1 ////; 
ttag +2 ////; 
ttag +3 ////; 
ttag +4 ////; 
ttag +5 ////; 
ttag +6 ////; 
ttag +7 ////; 
ttag +8 ////; 
ttag +9 ////; 
ttag +10 ////; 
ttag +11 ////; 
ttag +12 ////; 
ttag +13 ////; 
ttag +14 ////; 
ttag +15 ////; 
ttag +16 ////; 
ttag +17 ////; 
ttag +18 ////; 
ttag +19 ////; 
ttag +20 ////; 
ttag +21 ////; 
ttag +22 ////; 
ttag +23 ////; 
ttag +24 ////; 
ttag +25 ////; 
ttag +26 ////; 
ttag +27 ////; 
ttag +28 ////; 
ttag +29 ////; 
ttag +30 ////; 
ttag +31 ////; 
ttag +32 ////; 
ttag +33 ////; 
ttag +34 ////; 
ttag +35 ////; 
ttag +36 ////; 
ttag +37 ////; 
ttag +38 ////; 
ttag +39 ////; 
ttag +40 ////; 
ttag +41 ////; 
ttag +42 ////; 
ttag +43 ////; 
ttag +44 ////; 
ttag +45 ////; 
ttag +46 ////; 
ttag +47 ////; 
ttag +48 ////; 
ttag +49 100/100/100/100/100; 
ttag +50 92/90/88/88/89; 
ttag +51 70/64/52/68/63; 
ttag +52 25/13/15/9/12; 
ttag +53 30/14/1/13/?; 
ttag +54 47/30/22/31/19; 
ttag +55 20/[7]/?/?/?; 
ttag +56 6/[21]/?/?/?; 
ttag +57 13/[3]/?/?/?; 
ttag +58 2/[25]/?/?/?; 
ttag +59 100/100/100/100/100; 
ttag +60 51/16/3/8/7; 
ttag +61 29/19/18/20/19; 
ttag +62 11/[8]/?/?/?; 
ttag +63 43/17/17/30/18; 
ttag +64 50/43/34/45/30; 
ttag +65 19/10/8/10/6; 
ttag +66 96/94/89/93/90; 
ttag +67 64/49/49/56/54; 
ttag +68 100/100/99/100/98; 
ttag +69 99/98/98/99/99; 
ttag +70 85/80/70/80/72; 
ttag +71 72/68/44/67/52; 
ttag +72 94/91/83/95/80; 
ttag +73 100/100/99/100/98; 
ttag +74 56/38/30/23/24; 
ttag +75 12/[15]/?/?/?; 
ttag +76 10/[17]/?/?/?; 
ttag +77 58/52/39/58/43; 
ttag +78 82/80/68/84/62; 
ttag +79 76/64/56/69/47; 
ttag +80 58/55/48/62/48; 
ttag +81 22/9/5/11/4; 
ttag +82 40/24/27/24/20; 
ttag +83 73/71/60/72/59; 
ttag +84 56/41/28/43/25; 
ttag +85 96/96/88/92/90; 
ttag +86 16/[7]/?/?/?; 
ttag +87 99/98/96/99/98; 
ttag +88 88/86/72/86/75; 
ttag +89 3/[48]/?/?/?; 
ttag +90 14/[27]/?/?/?; 
ttag +91 44/31/28/33/33; 
ttag +92 95/94/90/94/89; 
ttag +93 99/98/96/99/97; 
ttag +94 30/20/17/16/11; 
