tread
'Tree with tags' 
(0 (1 (2 3 )(4 (5 11 12 13 14 21 ((6 7 )(8 (9 10 )))(15 (16 17 ))(18 (19 20 ))((22 (23 (24 25 )))(26 (27 (28 ((29 (30 31 ))((32 ((33 34 )(35 (36 (37 (38 39 ))))))((40 (41 (42 43 )))(46 (44 (45 47 )))))))))))))); 
ttag *!; 
ttag +49 ???; 
ttag +50 8; 
ttag +51 6; 
ttag +52 1; 
ttag +53 2; 
ttag +54 1; 
ttag +55 8; 
ttag +56 2; 
ttag +57 3; 
ttag +58 2; 
ttag +59 1; 
ttag +60 5; 
ttag +61 2; 
ttag +62 1; 
ttag +63 9; 
ttag +64 7; 
ttag +65 2; 
ttag +66 1; 
ttag +67 6; 
ttag +68 3; 
ttag +69 2; 
ttag +70 6; 
ttag +71 6; 
ttag +72 3; 
ttag +73 4; 
ttag +74 6; 
ttag +75 2; 
ttag +76 3; 
ttag +77 3; 
ttag +78 2; 
ttag +79 9; 
ttag +80 3; 
ttag +81 2; 
ttag +82 5; 
ttag +83 3; 
ttag +84 4; 
ttag +85 1; 
tread
'Tree with tags' 
(0 ((1 (4 (((11 (5 (((6 7 )(8 (9 10 )))(12 13 ))))(15 (16 17 )))((21 (14 ((22 (23 (24 25 )))(26 (27 (28 ((29 (30 31 ))((32 ((33 34 )(35 (36 (37 (38 39 ))))))((40 (41 (42 43 )))(46 (44 (45 47 ))))))))))))(18 (19 20 ))))))(2 3 ))); 
ttag *!; 
ttag +0 ////; 
ttag +1 ////; 
ttag +2 ////; 
ttag +3 ////; 
ttag +4 ////; 
ttag +5 ////; 
ttag +6 ////; 
ttag +7 ////; 
ttag +8 ////; 
ttag +9 ////; 
ttag +10 ////; 
ttag +11 ////; 
ttag +12 ////; 
ttag +13 ////; 
ttag +14 ////; 
ttag +15 ////; 
ttag +16 ////; 
ttag +17 ////; 
ttag +18 ////; 
ttag +19 ////; 
ttag +20 ////; 
ttag +21 ////; 
ttag +22 ////; 
ttag +23 ////; 
ttag +24 ////; 
ttag +25 ////; 
ttag +26 ////; 
ttag +27 ////; 
ttag +28 ////; 
ttag +29 ////; 
ttag +30 ////; 
ttag +31 ////; 
ttag +32 ////; 
ttag +33 ////; 
ttag +34 ////; 
ttag +35 ////; 
ttag +36 ////; 
ttag +37 ////; 
ttag +38 ////; 
ttag +39 ////; 
ttag +40 ////; 
ttag +41 ////; 
ttag +42 ////; 
ttag +43 ////; 
ttag +44 ////; 
ttag +45 ////; 
ttag +46 ////; 
ttag +47 ////; 
ttag +48 ////; 
ttag +49 40/21/23/31/22; 
ttag +50 100/100/100/100/100; 
ttag +51 100/100/98/100/97; 
ttag +52 94/92/90/93/84; 
ttag +53 5/[14]/?/?/?; 
ttag +54 31/22/12/26/13; 
ttag +55 5/[50]/?/?/?; 
ttag +56 52/47/33/48/33; 
ttag +57 85/84/72/82/70; 
ttag +58 58/56/40/59/46; 
ttag +59 4/[11]/?/?/?; 
ttag +60 98/97/96/97/98; 
ttag +61 65/45/19/45/34; 
ttag +62 13/[2]/0/2/1; 
ttag +63 4/[10]/?/?/?; 
ttag +64 12/2/2/8/1; 
ttag +65 7/[48]/?/?/?; 
ttag +66 92/90/85/92/86; 
ttag +67 64/48/31/63/39; 
ttag +68 90/87/84/83/84; 
ttag +69 98/97/97/98/97; 
ttag +70 86/82/77/85/80; 
ttag +71 66/52/50/57/46; 
ttag +72 99/99/98/100/96; 
ttag +73 100/100/99/99/98; 
ttag +74 76/71/54/66/60; 
ttag +75 48/30/6/38/6; 
ttag +76 84/77/56/80/64; 
ttag +77 74/62/60/67/58; 
ttag +78 62/53/34/56/43; 
ttag +79 98/97/96/99/98; 
ttag +80 94/93/88/95/85; 
ttag +81 62/55/30/58/39; 
ttag +82 95/94/88/94/88; 
ttag +83 98/98/91/98/92; 
ttag +84 61/46/31/50/28; 
ttag +85 73/61/52/70/44; 
ttag +86 83/76/68/83/64; 
ttag +87 84/82/76/77/72; 
ttag +88 98/98/92/98/94; 
ttag +89 50/42/26/50/32; 
ttag +90 52/34/14/48/28; 
ttag +91 94/92/82/95/84; 
ttag +92 50/39/20/41/30; 
ttag +93 75/66/48/68/59; 
ttag +94 36/21/10/25/14; 
