tread
'Tree with tags' 
(0 (1 (2 3 )(4 5 6 7 (9 (8 10 ))(11 ((12 13 )((14 21 ((15 (16 17 ))(18 (19 20 ))))(26 ((22 (23 (24 25 )))(27 (28 (29 (30 31 )(32 ((33 34 )(35 (36 (37 38 39 )))))(40 41 (42 43 ))(44 45 46 47 )))))))))))); 
ttag *!; 
ttag +49 ???; 
ttag +50 2; 
ttag +51 6; 
ttag +52 1; 
ttag +53 5; 
ttag +54 3; 
ttag +55 1; 
ttag +56 1; 
ttag +57 1; 
ttag +58 11; 
ttag +59 3; 
ttag +60 2; 
ttag +61 6; 
ttag +62 5; 
ttag +63 7; 
ttag +64 2; 
ttag +65 6; 
ttag +66 5; 
ttag +67 9; 
ttag +68 3; 
ttag +69 3; 
ttag +70 1; 
ttag +71 6; 
ttag +72 7; 
ttag +73 5; 
ttag +74 1; 
ttag +75 3; 
ttag +76 3; 
ttag +77 10; 
ttag +78 2; 
ttag +79 4; 
ttag +80 1; 
ttag +81 ???; 
tread
'Tree with tags' 
(0 (1 ((2 3 )(5 (4 ((6 7 )((9 (8 10 ))(11 ((12 13 )((21 (14 ((15 (16 17 ))(18 (19 20 )))))(26 ((22 (23 (24 25 )))(27 (28 ((29 (30 31 ))((32 ((33 34 )(35 (36 (37 (38 39 ))))))((40 (41 (42 43 )))((44 46 )(45 47 ))))))))))))))))))); 
ttag *!; 
ttag +0 ////; 
ttag +1 ////; 
ttag +2 ////; 
ttag +3 ////; 
ttag +4 ////; 
ttag +5 ////; 
ttag +6 ////; 
ttag +7 ////; 
ttag +8 ////; 
ttag +9 ////; 
ttag +10 ////; 
ttag +11 ////; 
ttag +12 ////; 
ttag +13 ////; 
ttag +14 ////; 
ttag +15 ////; 
ttag +16 ////; 
ttag +17 ////; 
ttag +18 ////; 
ttag +19 ////; 
ttag +20 ////; 
ttag +21 ////; 
ttag +22 ////; 
ttag +23 ////; 
ttag +24 ////; 
ttag +25 ////; 
ttag +26 ////; 
ttag +27 ////; 
ttag +28 ////; 
ttag +29 ////; 
ttag +30 ////; 
ttag +31 ////; 
ttag +32 ////; 
ttag +33 ////; 
ttag +34 ////; 
ttag +35 ////; 
ttag +36 ////; 
ttag +37 ////; 
ttag +38 ////; 
ttag +39 ////; 
ttag +40 ////; 
ttag +41 ////; 
ttag +42 ////; 
ttag +43 ////; 
ttag +44 ////; 
ttag +45 ////; 
ttag +46 ////; 
ttag +47 ////; 
ttag +48 ////; 
ttag +49 100/100/100/100/100; 
ttag +50 77/66/58/67/50; 
ttag +51 42/0/3/12/?; 
ttag +52 33/20/12/20/15; 
ttag +53 99/98/96/98/96; 
ttag +54 28/16/14/18/21; 
ttag +55 26/15/6/15/12; 
ttag +56 68/58/56/64/54; 
ttag +57 97/96/96/99/96; 
ttag +58 44/22/38/29/23; 
ttag +59 89/88/78/88/77; 
ttag +60 61/52/47/59/52; 
ttag +61 49/40/30/40/26; 
ttag +62 30/3/9/7/?; 
ttag +63 42/37/24/44/22; 
ttag +64 29/21/27/22/14; 
ttag +65 100/100/100/100/100; 
ttag +66 77/70/59/74/56; 
ttag +67 68/56/40/61/34; 
ttag +68 98/98/96/98/91; 
ttag +69 99/98/97/98/98; 
ttag +70 95/94/91/96/85; 
ttag +71 70/57/39/62/35; 
ttag +72 94/93/81/92/81; 
ttag +73 93/90/82/91/77; 
ttag +74 99/99/98/99/98; 
ttag +75 79/72/56/75/66; 
ttag +76 79/73/58/72/66; 
ttag +77 42/27/37/36/40; 
ttag +78 60/52/47/57/59; 
ttag +79 98/97/94/100/94; 
ttag +80 98/97/94/99/93; 
ttag +81 12/0/2/3/8; 
ttag +82 95/93/93/97/90; 
ttag +83 71/62/54/61/62; 
ttag +84 87/82/76/83/79; 
ttag +85 79/74/65/79/66; 
ttag +86 100/100/98/99/100; 
ttag +87 26/[23]/?/?/?; 
ttag +88 84/79/72/77/67; 
ttag +89 50/38/36/43/38; 
ttag +90 24/[35]/?/?/?; 
ttag +91 99/99/97/100/95; 
ttag +92 41/24/16/20/22; 
ttag +93 72/66/61/71/57; 
ttag +94 11/[3]/?/0/?; 
