tread
'Tree with tags' 
(0 (1 ((2 3 )(4 (5 (11 12 13 14 21 (6 7 (10 (8 9 )))(18 (15 16 17 )(19 20 ))((22 (23 (24 25 )))(26 (27 (28 ((29 (30 31 ))(((32 (35 (36 (37 (38 39 )))))(33 34 ))(40 41 (42 43 ))(47 (46 (44 45 ))))))))))))))); 
ttag *!; 
ttag +49 ???; 
ttag +50 2; 
ttag +51 4; 
ttag +52 6; 
ttag +53 1; 
ttag +54 2; 
ttag +55 2; 
ttag +56 1; 
ttag +57 9; 
ttag +58 10; 
ttag +59 3; 
ttag +60 7; 
ttag +61 6; 
ttag +62 5; 
ttag +63 5; 
ttag +64 7; 
ttag +65 3; 
ttag +66 1; 
ttag +67 5; 
ttag +68 4; 
ttag +69 1; 
ttag +70 4; 
ttag +71 3; 
ttag +72 3; 
ttag +73 1; 
ttag +74 1; 
ttag +75 3; 
ttag +76 3; 
ttag +77 6; 
ttag +78 1; 
ttag +79 2; 
ttag +80 2; 
ttag +81 1; 
ttag +82 1; 
ttag +83 4; 
tread
'Tree with tags' 
(0 (1 ((2 3 )(4 (5 (((6 7 )(10 (8 9 )))((14 (11 (21 ((22 (23 (24 25 )))(26 (27 (28 ((29 (30 31 ))(((32 (35 (36 (37 (38 39 )))))(33 34 ))((40 (41 (42 43 )))(47 (46 (44 45 )))))))))))))(13 (12 (18 ((15 (16 17 ))(19 20 )))))))))))); 
ttag *!; 
ttag +0 ////; 
ttag +1 ////; 
ttag +2 ////; 
ttag +3 ////; 
ttag +4 ////; 
ttag +5 ////; 
ttag +6 ////; 
ttag +7 ////; 
ttag +8 ////; 
ttag +9 ////; 
ttag +10 ////; 
ttag +11 ////; 
ttag +12 ////; 
ttag +13 ////; 
ttag +14 ////; 
ttag +15 ////; 
ttag +16 ////; 
ttag +17 ////; 
ttag +18 ////; 
ttag +19 ////; 
ttag +20 ////; 
ttag +21 ////; 
ttag +22 ////; 
ttag +23 ////; 
ttag +24 ////; 
ttag +25 ////; 
ttag +26 ////; 
ttag +27 ////; 
ttag +28 ////; 
ttag +29 ////; 
ttag +30 ////; 
ttag +31 ////; 
ttag +32 ////; 
ttag +33 ////; 
ttag +34 ////; 
ttag +35 ////; 
ttag +36 ////; 
ttag +37 ////; 
ttag +38 ////; 
ttag +39 ////; 
ttag +40 ////; 
ttag +41 ////; 
ttag +42 ////; 
ttag +43 ////; 
ttag +44 ////; 
ttag +45 ////; 
ttag +46 ////; 
ttag +47 ////; 
ttag +48 ////; 
ttag +49 100/100/100/100/100; 
ttag +50 86/84/76/86/81; 
ttag +51 92/88/81/89/69; 
ttag +52 97/96/87/96/87; 
ttag +53 56/48/40/50/36; 
ttag +54 30/[27]/?/?/?; 
ttag +55 73/69/58/75/61; 
ttag +56 70/67/47/69/46; 
ttag +57 55/32/33/41/32; 
ttag +58 100/100/99/99/99; 
ttag +59 9/[10]/?/?/?; 
ttag +60 6/[23]/?/?/?; 
ttag +61 16/[3]/?/?/?; 
ttag +62 20/[9]/?/?/?; 
ttag +63 13/[16]/?/?/?; 
ttag +64 100/100/98/100/99; 
ttag +65 43/28/21/25/17; 
ttag +66 82/79/64/86/64; 
ttag +67 21/[39]/?/?/?; 
ttag +68 99/99/98/98/98; 
ttag +69 27/13/12/20/10; 
ttag +70 93/92/84/93/85; 
ttag +71 87/85/67/87/68; 
ttag +72 88/79/65/90/70; 
ttag +73 100/100/96/98/98; 
ttag +74 82/78/72/83/68; 
ttag +75 24/[31]/?/?/?; 
ttag +76 94/93/78/93/78; 
ttag +77 86/82/66/81/73; 
ttag +78 50/33/22/19/22; 
ttag +79 91/88/80/90/80; 
ttag +80 70/62/43/62/43; 
ttag +81 73/63/58/72/56; 
ttag +82 44/32/23/31/18; 
ttag +83 34/[12]/?/0/6; 
ttag +84 80/76/56/72/56; 
ttag +85 72/68/47/67/54; 
ttag +86 91/87/74/86/75; 
ttag +87 48/35/10/38/15; 
ttag +88 84/81/60/78/66; 
ttag +89 19/8/6/4/9; 
ttag +90 30/[5]/?/?/?; 
ttag +91 92/91/82/88/82; 
ttag +92 42/28/21/31/12; 
ttag +93 36/29/27/30/24; 
ttag +94 82/80/73/80/68; 
