tread
'Tree with tags' 
(0 (1 ((2 3 )(4 5 6 7 11 14 21 22 (8 (9 10 ))(12 13 )(15 (16 17 ))(18 (19 20 ))(23 (24 25 ))(26 27 28 29 (30 31 )(32 ((33 34 )(35 (36 (37 38 39 )))))(40 (41 (42 43 )))(44 45 46 47 )))))); 
ttag *!; 
ttag +49 ???; 
ttag +50 4; 
ttag +51 2; 
ttag +52 3; 
ttag +53 6; 
ttag +54 1; 
ttag +55 3; 
ttag +56 4; 
ttag +57 3; 
ttag +58 5; 
ttag +59 10; 
ttag +60 3; 
ttag +61 14; 
ttag +62 4; 
ttag +63 5; 
ttag +64 5; 
ttag +65 2; 
ttag +66 3; 
ttag +67 4; 
ttag +68 2; 
ttag +69 6; 
ttag +70 5; 
ttag +71 1; 
ttag +72 8; 
ttag +73 3; 
tread
'Tree with tags' 
(0 (1 ((2 3 )(22 (((11 ((4 5 )(7 (6 (8 (9 10 ))))))((12 13 )(14 (21 ((23 (24 25 ))(26 (27 (28 ((29 (30 31 ))((32 ((33 34 )(35 (36 (37 (38 39 ))))))((40 (41 (42 43 )))(45 (44 (46 47 ))))))))))))))((15 (16 17 ))(18 (19 20 )))))))); 
ttag *!; 
ttag +0 ////; 
ttag +1 ////; 
ttag +2 ////; 
ttag +3 ////; 
ttag +4 ////; 
ttag +5 ////; 
ttag +6 ////; 
ttag +7 ////; 
ttag +8 ////; 
ttag +9 ////; 
ttag +10 ////; 
ttag +11 ////; 
ttag +12 ////; 
ttag +13 ////; 
ttag +14 ////; 
ttag +15 ////; 
ttag +16 ////; 
ttag +17 ////; 
ttag +18 ////; 
ttag +19 ////; 
ttag +20 ////; 
ttag +21 ////; 
ttag +22 ////; 
ttag +23 ////; 
ttag +24 ////; 
ttag +25 ////; 
ttag +26 ////; 
ttag +27 ////; 
ttag +28 ////; 
ttag +29 ////; 
ttag +30 ////; 
ttag +31 ////; 
ttag +32 ////; 
ttag +33 ////; 
ttag +34 ////; 
ttag +35 ////; 
ttag +36 ////; 
ttag +37 ////; 
ttag +38 ////; 
ttag +39 ////; 
ttag +40 ////; 
ttag +41 ////; 
ttag +42 ////; 
ttag +43 ////; 
ttag +44 ////; 
ttag +45 ////; 
ttag +46 ////; 
ttag +47 ////; 
ttag +48 ////; 
ttag +49 100/100/100/100/100; 
ttag +50 98/97/97/95/96; 
ttag +51 86/82/75/86/75; 
ttag +52 3/[20]/?/?/?; 
ttag +53 18/[5]/?/?/?; 
ttag +54 27/3/?/?/?; 
ttag +55 7/[29]/?/?/?; 
ttag +56 32/[4]/?/?/?; 
ttag +57 81/78/66/82/60; 
ttag +58 17/[34]/?/?/?; 
ttag +59 16/5/6/10/7; 
ttag +60 99/98/96/100/97; 
ttag +61 74/59/49/67/51; 
ttag +62 82/80/67/79/68; 
ttag +63 4/[32]/?/?/?; 
ttag +64 10/[26]/?/?/?; 
ttag +65 99/99/94/98/97; 
ttag +66 32/19/18/19/18; 
ttag +67 88/83/72/82/67; 
ttag +68 99/99/94/98/94; 
ttag +69 100/100/100/100/100; 
ttag +70 8/[28]/?/?/?; 
ttag +71 89/84/83/86/79; 
ttag +72 18/[18]/?/?/?; 
ttag +73 100/100/100/100/100; 
ttag +74 78/75/63/79/64; 
ttag +75 8/[30]/?/?/?; 
ttag +76 14/[25]/?/?/?; 
ttag +77 62/54/42/52/45; 
ttag +78 51/34/29/37/36; 
ttag +79 97/96/93/98/93; 
ttag +80 95/94/86/96/85; 
ttag +81 16/[16]/?/?/?; 
ttag +82 64/50/40/54/35; 
ttag +83 73/69/58/70/58; 
ttag +84 83/80/68/86/71; 
ttag +85 72/62/50/69/48; 
ttag +86 92/90/77/94/80; 
ttag +87 48/26/27/32/23; 
ttag +88 96/96/92/98/94; 
ttag +89 48/32/38/38/39; 
ttag +90 73/56/46/61/44; 
ttag +91 100/100/99/99/98; 
ttag +92 36/8/14/16/12; 
ttag +93 88/85/84/94/83; 
ttag +94 29/1/5/7/2; 
