tread
'Tree with tags' 
(0 (1 ((2 3 )(4 (5 (6 7 (8 9 10 )((11 ((15 (16 17 ))(18 (19 20 ))))((12 13 )(14 21 ((22 (23 (24 25 )))(26 (27 ((28 (29 (30 31 )))((35 ((32 (33 34 ))(36 (39 (37 38 )))))((40 (41 (42 43 )))(46 (45 (44 47 )))))))))))))))))); 
ttag *!; 
ttag +49 ???; 
ttag +50 6; 
ttag +51 7; 
ttag +52 5; 
ttag +53 2; 
ttag +54 1; 
ttag +55 3; 
ttag +56 1; 
ttag +57 3; 
ttag +58 2; 
ttag +59 1; 
ttag +60 1; 
ttag +61 7; 
ttag +62 1; 
ttag +63 1; 
ttag +64 1; 
ttag +65 12; 
ttag +66 4; 
ttag +67 5; 
ttag +68 4; 
ttag +69 8; 
ttag +70 3; 
ttag +71 5; 
ttag +72 1; 
ttag +73 3; 
ttag +74 2; 
ttag +75 5; 
ttag +76 1; 
ttag +77 1; 
ttag +78 4; 
ttag +79 3; 
ttag +80 1; 
ttag +81 4; 
ttag +82 1; 
ttag +83 10; 
ttag +84 7; 
ttag +85 1; 
ttag +86 3; 
ttag +87 6; 
ttag +88 1; 
ttag +89 1; 
ttag +90 1; 
tread
'Tree with tags' 
(0 (1 ((2 3 )(4 (5 (((6 7 )((11 ((15 (16 17 ))(18 (19 20 ))))((12 13 )((14 21 )((22 (23 (24 25 )))(26 (27 ((28 (29 (30 31 )))((35 ((32 (33 34 ))(36 (39 (37 38 )))))((40 (41 (42 43 )))(46 (45 (44 47 )))))))))))))(10 (8 9 )))))))); 
ttag *!; 
ttag +0 ////; 
ttag +1 ////; 
ttag +2 ////; 
ttag +3 ////; 
ttag +4 ////; 
ttag +5 ////; 
ttag +6 ////; 
ttag +7 ////; 
ttag +8 ////; 
ttag +9 ////; 
ttag +10 ////; 
ttag +11 ////; 
ttag +12 ////; 
ttag +13 ////; 
ttag +14 ////; 
ttag +15 ////; 
ttag +16 ////; 
ttag +17 ////; 
ttag +18 ////; 
ttag +19 ////; 
ttag +20 ////; 
ttag +21 ////; 
ttag +22 ////; 
ttag +23 ////; 
ttag +24 ////; 
ttag +25 ////; 
ttag +26 ////; 
ttag +27 ////; 
ttag +28 ////; 
ttag +29 ////; 
ttag +30 ////; 
ttag +31 ////; 
ttag +32 ////; 
ttag +33 ////; 
ttag +34 ////; 
ttag +35 ////; 
ttag +36 ////; 
ttag +37 ////; 
ttag +38 ////; 
ttag +39 ////; 
ttag +40 ////; 
ttag +41 ////; 
ttag +42 ////; 
ttag +43 ////; 
ttag +44 ////; 
ttag +45 ////; 
ttag +46 ////; 
ttag +47 ////; 
ttag +48 ////; 
ttag +49 100/100/100/100/100; 
ttag +50 99/98/95/97/95; 
ttag +51 98/98/94/96/93; 
ttag +52 89/84/76/89/82; 
ttag +53 67/60/56/75/50; 
ttag +54 34/8/7/?/3; 
ttag +55 29/[6]/?/?/?; 
ttag +56 33/4/3/18/7; 
ttag +57 47/23/26/6/16; 
ttag +58 79/73/62/82/67; 
ttag +59 13/[17]/?/?/?; 
ttag +60 80/77/67/77/66; 
ttag +61 64/58/56/60/52; 
ttag +62 5/[10]/?/?/?; 
ttag +63 0/[14]/?/?/?; 
ttag +64 8/[7]/?/?/?; 
ttag +65 100/100/98/100/99; 
ttag +66 43/20/18/20/14; 
ttag +67 60/34/30/35/35; 
ttag +68 70/58/55/57/60; 
ttag +69 100/100/100/100/100; 
ttag +70 94/93/87/92/85; 
ttag +71 86/78/75/80/69; 
ttag +72 91/88/75/90/71; 
ttag +73 100/100/98/98/98; 
ttag +74 88/84/71/87/70; 
ttag +75 85/83/63/85/62; 
ttag +76 35/26/19/31/21; 
ttag +77 76/75/59/75/56; 
ttag +78 59/52/38/64/42; 
ttag +79 97/97/93/97/93; 
ttag +80 35/17/15/7/8; 
ttag +81 18/[22]/?/?/?; 
ttag +82 70/65/50/75/49; 
ttag +83 68/62/52/72/48; 
ttag +84 29/11/9/5/2; 
ttag +85 79/71/66/83/68; 
ttag +86 45/21/25/29/31; 
ttag +87 99/99/98/100/98; 
ttag +88 97/97/93/97/92; 
ttag +89 45/30/28/30/24; 
ttag +90 77/68/58/74/56; 
ttag +91 98/98/96/98/94; 
ttag +92 37/25/18/26/13; 
ttag +93 58/51/48/52/43; 
ttag +94 41/26/32/32/26; 
