tread
'Tree with tags' 
(0 (1 ((2 3 )(4 (5 (11 (((6 7 )(8 9 10 ))(12 ((13 ((22 (23 (24 25 )))(27 (26 (28 (29 (30 31 ))(((32 (35 (36 (38 (37 39 )))))(33 34 ))((40 (41 (42 43 )))(46 (45 (44 47 ))))))))))(21 (14 ((15 (16 17 ))(18 (19 20 )))))))))))))); 
ttag *!; 
ttag +49 ???; 
ttag +50 3; 
ttag +51 4; 
ttag +52 6; 
ttag +53 1; 
ttag +54 5; 
ttag +55 4; 
ttag +56 1; 
ttag +57 1; 
ttag +58 8; 
ttag +59 1; 
ttag +60 1; 
ttag +61 1; 
ttag +62 2; 
ttag +63 1; 
ttag +64 4; 
ttag +65 4; 
ttag +66 1; 
ttag +67 1; 
ttag +68 10; 
ttag +69 5; 
ttag +70 7; 
ttag +71 9; 
ttag +72 2; 
ttag +73 1; 
ttag +74 6; 
ttag +75 6; 
ttag +76 1; 
ttag +77 5; 
ttag +78 2; 
ttag +79 7; 
ttag +80 1; 
ttag +81 1; 
ttag +82 1; 
ttag +83 4; 
ttag +84 2; 
ttag +85 6; 
ttag +86 1; 
ttag +87 1; 
ttag +88 1; 
ttag +89 14; 
ttag +90 1; 
ttag +91 1; 
ttag +92 1; 
tread
'Tree with tags' 
(0 (1 ((2 3 )(4 (5 (11 (((6 7 )(9 (8 10 )))(12 ((13 ((22 (23 (24 25 )))(27 (26 ((28 (((32 (35 (36 (38 (37 39 )))))(33 34 ))((40 (41 (42 43 )))(46 (45 (44 47 ))))))(29 (30 31 )))))))(21 (14 ((15 (16 17 ))(18 (19 20 )))))))))))))); 
ttag *!; 
ttag +0 ////; 
ttag +1 ////; 
ttag +2 ////; 
ttag +3 ////; 
ttag +4 ////; 
ttag +5 ////; 
ttag +6 ////; 
ttag +7 ////; 
ttag +8 ////; 
ttag +9 ////; 
ttag +10 ////; 
ttag +11 ////; 
ttag +12 ////; 
ttag +13 ////; 
ttag +14 ////; 
ttag +15 ////; 
ttag +16 ////; 
ttag +17 ////; 
ttag +18 ////; 
ttag +19 ////; 
ttag +20 ////; 
ttag +21 ////; 
ttag +22 ////; 
ttag +23 ////; 
ttag +24 ////; 
ttag +25 ////; 
ttag +26 ////; 
ttag +27 ////; 
ttag +28 ////; 
ttag +29 ////; 
ttag +30 ////; 
ttag +31 ////; 
ttag +32 ////; 
ttag +33 ////; 
ttag +34 ////; 
ttag +35 ////; 
ttag +36 ////; 
ttag +37 ////; 
ttag +38 ////; 
ttag +39 ////; 
ttag +40 ////; 
ttag +41 ////; 
ttag +42 ////; 
ttag +43 ////; 
ttag +44 ////; 
ttag +45 ////; 
ttag +46 ////; 
ttag +47 ////; 
ttag +48 ////; 
ttag +49 100/100/100/100/100; 
ttag +50 92/88/92/88/81; 
ttag +51 91/89/88/89/82; 
ttag +52 93/91/82/94/88; 
ttag +53 32/11/1/14/9; 
ttag +54 98/98/93/98/89; 
ttag +55 79/74/61/68/65; 
ttag +56 17/[4]/?/?/?; 
ttag +57 34/20/21/23/28; 
ttag +58 29/0/?/?/?; 
ttag +59 99/99/95/98/96; 
ttag +60 30/22/10/24/16; 
ttag +61 18/[2]/7/2/?; 
ttag +62 14/3/?/?/?; 
ttag +63 46/37/28/48/29; 
ttag +64 16/[4]/?/?/?; 
ttag +65 88/80/70/85/72; 
ttag +66 80/76/60/82/65; 
ttag +67 76/68/58/66/53; 
ttag +68 79/66/73/67/68; 
ttag +69 100/100/98/100/100; 
ttag +70 97/96/88/98/92; 
ttag +71 97/96/91/96/89; 
ttag +72 100/100/98/100/97; 
ttag +73 68/50/48/63/46; 
ttag +74 26/4/6/9/?; 
ttag +75 96/96/88/96/89; 
ttag +76 9/[32]/?/?/?; 
ttag +77 96/95/80/96/86; 
ttag +78 45/28/23/32/16; 
ttag +79 95/94/88/94/89; 
ttag +80 82/77/69/70/62; 
ttag +81 100/100/95/99/98; 
ttag +82 50/45/46/57/38; 
ttag +83 60/50/46/52/50; 
ttag +84 44/18/33/30/29; 
ttag +85 92/90/84/91/86; 
ttag +86 76/67/54/68/66; 
ttag +87 96/96/91/97/93; 
ttag +88 60/45/36/38/30; 
ttag +89 42/25/14/21/7; 
ttag +90 50/34/16/28/11; 
ttag +91 100/100/100/100/100; 
ttag +92 46/29/23/35/22; 
ttag +93 36/19/11/25/11; 
ttag +94 55/39/33/44/26; 
