tread
'Tree with tags' 
(0 (1 ((2 3 )(((4 5 )(7 (6 (11 14 21 (12 13 )((15 16 17 )(18 (19 20 )))((22 (23 (24 25 )))((26 27 )(28 (29 (30 31 ))((32 (33 34 )(35 36 (37 38 39 )))(46 (40 (41 (42 43 )))(47 (44 45 )))))))))))(8 9 10 ))))); 
ttag *!; 
ttag +49 ???; 
ttag +50 4; 
ttag +51 3; 
ttag +52 2; 
ttag +53 1; 
ttag +54 2; 
ttag +55 1; 
ttag +56 2; 
ttag +57 4; 
ttag +58 4; 
ttag +59 1; 
ttag +60 2; 
ttag +61 3; 
ttag +62 3; 
ttag +63 11; 
ttag +64 6; 
ttag +65 4; 
ttag +66 5; 
ttag +67 8; 
ttag +68 1; 
ttag +69 4; 
ttag +70 1; 
ttag +71 4; 
ttag +72 3; 
ttag +73 2; 
ttag +74 1; 
ttag +75 2; 
ttag +76 3; 
ttag +77 1; 
ttag +78 3; 
ttag +79 3; 
ttag +80 1; 
ttag +81 11; 
ttag +82 1; 
ttag +83 1; 
tread
'Tree with tags' 
(0 (1 ((2 3 )(((4 5 )(7 (6 ((11 ((22 (23 (24 25 )))((26 27 )(28 ((29 (30 31 ))(((32 (33 34 ))(35 (36 (38 (37 39 )))))((46 (40 (41 (42 43 ))))(47 (44 45 )))))))))(((12 13 )((17 (15 16 ))(18 (19 20 ))))(14 21 ))))))(10 (8 9 )))))); 
ttag *!; 
ttag +0 ////; 
ttag +1 ////; 
ttag +2 ////; 
ttag +3 ////; 
ttag +4 ////; 
ttag +5 ////; 
ttag +6 ////; 
ttag +7 ////; 
ttag +8 ////; 
ttag +9 ////; 
ttag +10 ////; 
ttag +11 ////; 
ttag +12 ////; 
ttag +13 ////; 
ttag +14 ////; 
ttag +15 ////; 
ttag +16 ////; 
ttag +17 ////; 
ttag +18 ////; 
ttag +19 ////; 
ttag +20 ////; 
ttag +21 ////; 
ttag +22 ////; 
ttag +23 ////; 
ttag +24 ////; 
ttag +25 ////; 
ttag +26 ////; 
ttag +27 ////; 
ttag +28 ////; 
ttag +29 ////; 
ttag +30 ////; 
ttag +31 ////; 
ttag +32 ////; 
ttag +33 ////; 
ttag +34 ////; 
ttag +35 ////; 
ttag +36 ////; 
ttag +37 ////; 
ttag +38 ////; 
ttag +39 ////; 
ttag +40 ////; 
ttag +41 ////; 
ttag +42 ////; 
ttag +43 ////; 
ttag +44 ////; 
ttag +45 ////; 
ttag +46 ////; 
ttag +47 ////; 
ttag +48 ////; 
ttag +49 100/100/100/100/100; 
ttag +50 70/59/50/69/54; 
ttag +51 58/46/44/60/40; 
ttag +52 32/20/14/16/20; 
ttag +53 20/9/2/2/?; 
ttag +54 26/6/0/5/?; 
ttag +55 26/7/2/10/1; 
ttag +56 37/26/16/22/10; 
ttag +57 19/[12]/?/?/?; 
ttag +58 96/96/87/94/92; 
ttag +59 25/[28]/?/?/?; 
ttag +60 62/57/44/60/54; 
ttag +61 59/48/41/48/40; 
ttag +62 18/[24]/?/?/?; 
ttag +63 20/[32]/?/?/?; 
ttag +64 28/[24]/?/?/?; 
ttag +65 33/[1]/0/?/?; 
ttag +66 90/87/79/90/86; 
ttag +67 90/88/70/88/70; 
ttag +68 81/75/68/80/60; 
ttag +69 100/100/99/100/99; 
ttag +70 99/99/97/98/94; 
ttag +71 93/90/78/92/78; 
ttag +72 94/92/86/96/87; 
ttag +73 100/100/99/100/99; 
ttag +74 62/52/54/58/57; 
ttag +75 98/98/92/98/89; 
ttag +76 40/26/14/23/16; 
ttag +77 92/90/83/88/78; 
ttag +78 34/18/18/16/21; 
ttag +79 89/83/80/81/76; 
ttag +80 18/[16]/?/?/?; 
ttag +81 75/70/61/66/62; 
ttag +82 48/22/28/34/25; 
ttag +83 81/78/70/77/66; 
ttag +84 82/78/65/77/68; 
ttag +85 44/22/25/23/24; 
ttag +86 50/19/8/10/8; 
ttag +87 74/66/56/67/54; 
ttag +88 74/64/60/78/67; 
ttag +89 18/[35]/?/?/?; 
ttag +90 80/75/67/78/62; 
ttag +91 68/58/48/66/51; 
ttag +92 100/100/100/100/100; 
ttag +93 38/29/29/34/28; 
ttag +94 43/30/35/39/29; 
