tread
'Tree with tags' 
(0 (1 ((2 3 )(4 (5 11 12 13 14 21 (6 7 )(8 (9 10 ))(15 16 17 )(18 (19 20 ))((22 (23 (24 25 )))(26 ((27 28 )((29 (30 31 ))(((32 (35 (36 (37 (38 39 )))))(33 34 ))((41 (40 (42 43 )))(47 (44 (45 46 )))))))))))))); 
ttag *!; 
ttag +49 ???; 
ttag +50 10; 
ttag +51 4; 
ttag +52 4; 
ttag +53 1; 
ttag +54 1; 
ttag +55 10; 
ttag +56 3; 
ttag +57 8; 
ttag +58 2; 
ttag +59 4; 
ttag +60 1; 
ttag +61 1; 
ttag +62 6; 
ttag +63 8; 
ttag +64 2; 
ttag +65 1; 
ttag +66 3; 
ttag +67 4; 
ttag +68 3; 
ttag +69 1; 
ttag +70 2; 
ttag +71 9; 
ttag +72 1; 
ttag +73 11; 
ttag +74 3; 
ttag +75 1; 
ttag +76 4; 
ttag +77 3; 
ttag +78 1; 
ttag +79 2; 
ttag +80 1; 
ttag +81 9; 
ttag +82 1; 
ttag +83 3; 
ttag +84 1; 
tread
'Tree with tags' 
(0 (1 ((2 3 )(4 (5 (((((6 7 )(8 (9 10 )))(14 ((15 (16 17 ))(18 (19 20 )))))(21 ((22 (23 (24 25 )))(26 ((27 28 )((29 (30 31 ))(((32 (35 (36 (37 (38 39 )))))(33 34 ))((41 (40 (42 43 )))(47 (44 (45 46 )))))))))))(11 (12 13 )))))))); 
ttag *!; 
ttag +0 ////; 
ttag +1 ////; 
ttag +2 ////; 
ttag +3 ////; 
ttag +4 ////; 
ttag +5 ////; 
ttag +6 ////; 
ttag +7 ////; 
ttag +8 ////; 
ttag +9 ////; 
ttag +10 ////; 
ttag +11 ////; 
ttag +12 ////; 
ttag +13 ////; 
ttag +14 ////; 
ttag +15 ////; 
ttag +16 ////; 
ttag +17 ////; 
ttag +18 ////; 
ttag +19 ////; 
ttag +20 ////; 
ttag +21 ////; 
ttag +22 ////; 
ttag +23 ////; 
ttag +24 ////; 
ttag +25 ////; 
ttag +26 ////; 
ttag +27 ////; 
ttag +28 ////; 
ttag +29 ////; 
ttag +30 ////; 
ttag +31 ////; 
ttag +32 ////; 
ttag +33 ////; 
ttag +34 ////; 
ttag +35 ////; 
ttag +36 ////; 
ttag +37 ////; 
ttag +38 ////; 
ttag +39 ////; 
ttag +40 ////; 
ttag +41 ////; 
ttag +42 ////; 
ttag +43 ////; 
ttag +44 ////; 
ttag +45 ////; 
ttag +46 ////; 
ttag +47 ////; 
ttag +48 ////; 
ttag +49 100/100/100/100/100; 
ttag +50 100/100/99/100/100; 
ttag +51 96/95/88/97/94; 
ttag +52 89/86/79/91/82; 
ttag +53 48/39/25/42/31; 
ttag +54 42/28/21/22/20; 
ttag +55 9/[4]/?/?/?; 
ttag +56 0/[14]/?/?/?; 
ttag +57 3/[9]/?/?/?; 
ttag +58 1/[11]/?/?/?; 
ttag +59 100/100/100/100/100; 
ttag +60 91/88/86/94/85; 
ttag +61 7/[4]/?/4/?; 
ttag +62 51/39/22/49/30; 
ttag +63 11/[4]/0/?/?; 
ttag +64 99/98/96/98/95; 
ttag +65 10/[4]/1/?/?; 
ttag +66 66/41/30/42/44; 
ttag +67 64/47/44/58/32; 
ttag +68 98/97/96/97/97; 
ttag +69 15/0/1/2/?; 
ttag +70 33/4/7/16/5; 
ttag +71 40/25/22/29/13; 
ttag +72 96/94/87/96/86; 
ttag +73 98/96/94/98/95; 
ttag +74 42/22/17/25/13; 
ttag +75 53/40/38/53/36; 
ttag +76 51/31/20/29/18; 
ttag +77 84/80/75/82/68; 
ttag +78 58/42/27/48/33; 
ttag +79 60/48/32/44/26; 
ttag +80 77/67/60/70/68; 
ttag +81 100/100/98/100/96; 
ttag +82 46/30/31/38/33; 
ttag +83 100/100/98/100/99; 
ttag +84 84/82/64/76/74; 
ttag +85 63/55/41/51/42; 
ttag +86 91/89/76/88/78; 
ttag +87 79/71/63/81/64; 
ttag +88 30/[8]/?/2/?; 
ttag +89 74/61/58/67/61; 
ttag +90 28/13/7/18/11; 
ttag +91 98/97/92/97/94; 
ttag +92 22/1/8/15/8; 
ttag +93 45/29/19/30/22; 
ttag +94 38/23/12/28/13; 
