tread
'Tree with tags' 
(0 (1 ((2 3 )(11 ((6 7 ((4 5 )(21 (12 13 )(14 ((15 (16 17 ))(18 (19 20 ))))(22 26 27 (23 (24 25 ))(28 ((29 (30 31 ))(44 45 46 47 (32 35 (33 34 )(36 (37 (38 39 ))))(40 (41 (42 43 ))))))))))(8 (9 10 ))))))); 
ttag *!; 
ttag +49 ???; 
ttag +50 6; 
ttag +51 3; 
ttag +52 2; 
ttag +53 2; 
ttag +54 2; 
ttag +55 3; 
ttag +56 7; 
ttag +57 6; 
ttag +58 4; 
ttag +59 1; 
ttag +60 2; 
ttag +61 2; 
ttag +62 3; 
ttag +63 2; 
ttag +64 1; 
ttag +65 7; 
ttag +66 6; 
ttag +67 4; 
ttag +68 4; 
ttag +69 1; 
ttag +70 2; 
ttag +71 5; 
ttag +72 1; 
ttag +73 3; 
ttag +74 9; 
ttag +75 2; 
ttag +76 2; 
ttag +77 2; 
ttag +78 2; 
ttag +79 2; 
ttag +80 8; 
ttag +81 2; 
ttag +82 6; 
tread
'Tree with tags' 
(0 (1 ((2 3 )(11 ((6 (7 ((4 5 )(((12 13 )(14 ((15 (16 17 ))(18 (19 20 )))))(21 (22 (26 (27 ((23 (24 25 ))(28 ((29 (30 31 ))((47 ((46 ((32 (35 (33 34 )))(36 (37 (38 39 )))))(44 45 )))(40 (41 (42 43 )))))))))))))))(8 (9 10 ))))))); 
ttag *!; 
ttag +0 ////; 
ttag +1 ////; 
ttag +2 ////; 
ttag +3 ////; 
ttag +4 ////; 
ttag +5 ////; 
ttag +6 ////; 
ttag +7 ////; 
ttag +8 ////; 
ttag +9 ////; 
ttag +10 ////; 
ttag +11 ////; 
ttag +12 ////; 
ttag +13 ////; 
ttag +14 ////; 
ttag +15 ////; 
ttag +16 ////; 
ttag +17 ////; 
ttag +18 ////; 
ttag +19 ////; 
ttag +20 ////; 
ttag +21 ////; 
ttag +22 ////; 
ttag +23 ////; 
ttag +24 ////; 
ttag +25 ////; 
ttag +26 ////; 
ttag +27 ////; 
ttag +28 ////; 
ttag +29 ////; 
ttag +30 ////; 
ttag +31 ////; 
ttag +32 ////; 
ttag +33 ////; 
ttag +34 ////; 
ttag +35 ////; 
ttag +36 ////; 
ttag +37 ////; 
ttag +38 ////; 
ttag +39 ////; 
ttag +40 ////; 
ttag +41 ////; 
ttag +42 ////; 
ttag +43 ////; 
ttag +44 ////; 
ttag +45 ////; 
ttag +46 ////; 
ttag +47 ////; 
ttag +48 ////; 
ttag +49 100/100/100/100/100; 
ttag +50 97/96/90/96/94; 
ttag +51 93/92/84/90/78; 
ttag +52 44/31/29/42/18; 
ttag +53 38/25/17/36/6; 
ttag +54 34/21/6/22/?; 
ttag +55 41/28/13/35/7; 
ttag +56 62/45/37/54/25; 
ttag +57 94/93/83/94/82; 
ttag +58 98/97/98/99/98; 
ttag +59 92/88/84/88/83; 
ttag +60 66/60/47/64/47; 
ttag +61 13/[14]/?/?/?; 
ttag +62 64/59/40/66/38; 
ttag +63 74/71/50/77/52; 
ttag +64 83/79/76/81/75; 
ttag +65 67/44/40/59/44; 
ttag +66 39/14/15/25/9; 
ttag +67 100/100/97/99/96; 
ttag +68 98/98/93/98/94; 
ttag +69 40/24/20/32/22; 
ttag +70 90/89/76/91/74; 
ttag +71 88/87/86/95/85; 
ttag +72 8/[20]/?/?/?; 
ttag +73 6/[22]/?/?/?; 
ttag +74 22/[5]/?/?/?; 
ttag +75 68/59/59/68/67; 
ttag +76 55/47/30/42/24; 
ttag +77 98/98/97/98/97; 
ttag +78 47/21/16/19/12; 
ttag +79 95/94/88/95/89; 
ttag +80 15/[17]/?/?/?; 
ttag +81 100/100/98/100/99; 
ttag +82 33/9/6/15/4; 
ttag +83 10/[13]/?/?/?; 
ttag +84 36/23/18/35/20; 
ttag +85 58/50/41/56/38; 
ttag +86 85/78/73/81/70; 
ttag +87 41/9/11/8/8; 
ttag +88 79/68/62/73/64; 
ttag +89 84/75/69/80/71; 
ttag +90 68/59/50/64/52; 
ttag +91 100/100/99/100/98; 
ttag +92 82/76/65/78/68; 
ttag +93 99/98/100/99/99; 
ttag +94 37/19/15/24/18; 
