tread
'Tree with tags' 
(0 (1 (2 3 )(4 (5 (6 7 11 (8 9 10 )(12 21 (13 ((22 (23 (24 25 )))(((26 27 )(28 (29 (30 31 ))))((32 ((33 34 )(35 (36 (37 38 39 )))))((40 (41 (42 43 )))(46 (47 (44 45 ))))))))(14 ((17 (15 16 ))(18 (19 20 )))))))))); 
ttag *!; 
ttag +49 ???; 
ttag +50 5; 
ttag +51 4; 
ttag +52 2; 
ttag +53 1; 
ttag +54 10; 
ttag +55 1; 
ttag +56 1; 
ttag +57 2; 
ttag +58 1; 
ttag +59 4; 
ttag +60 4; 
ttag +61 5; 
ttag +62 10; 
ttag +63 8; 
ttag +64 5; 
ttag +65 8; 
ttag +66 9; 
ttag +67 1; 
ttag +68 1; 
ttag +69 4; 
ttag +70 2; 
ttag +71 4; 
ttag +72 4; 
ttag +73 7; 
ttag +74 3; 
ttag +75 4; 
ttag +76 2; 
ttag +77 3; 
ttag +78 4; 
ttag +79 8; 
ttag +80 6; 
ttag +81 3; 
ttag +82 2; 
ttag +83 7; 
ttag +84 4; 
ttag +85 1; 
ttag +86 2; 
tread
'Tree with tags' 
(0 (1 ((2 3 )(4 (5 (((6 7 )(10 (8 9 )))(11 ((12 (21 (13 ((22 (23 (24 25 )))(((26 27 )(28 (29 (30 31 ))))((32 ((33 34 )(35 (36 (39 (37 38 ))))))((40 (41 (42 43 )))(46 (47 (44 45 ))))))))))(14 ((17 (15 16 ))(18 (19 20 )))))))))))); 
ttag *!; 
ttag +0 ////; 
ttag +1 ////; 
ttag +2 ////; 
ttag +3 ////; 
ttag +4 ////; 
ttag +5 ////; 
ttag +6 ////; 
ttag +7 ////; 
ttag +8 ////; 
ttag +9 ////; 
ttag +10 ////; 
ttag +11 ////; 
ttag +12 ////; 
ttag +13 ////; 
ttag +14 ////; 
ttag +15 ////; 
ttag +16 ////; 
ttag +17 ////; 
ttag +18 ////; 
ttag +19 ////; 
ttag +20 ////; 
ttag +21 ////; 
ttag +22 ////; 
ttag +23 ////; 
ttag +24 ////; 
ttag +25 ////; 
ttag +26 ////; 
ttag +27 ////; 
ttag +28 ////; 
ttag +29 ////; 
ttag +30 ////; 
ttag +31 ////; 
ttag +32 ////; 
ttag +33 ////; 
ttag +34 ////; 
ttag +35 ////; 
ttag +36 ////; 
ttag +37 ////; 
ttag +38 ////; 
ttag +39 ////; 
ttag +40 ////; 
ttag +41 ////; 
ttag +42 ////; 
ttag +43 ////; 
ttag +44 ////; 
ttag +45 ////; 
ttag +46 ////; 
ttag +47 ////; 
ttag +48 ////; 
ttag +49 100/100/100/100/100; 
ttag +50 95/94/93/95/84; 
ttag +51 36/[6]/?/?/?; 
ttag +52 81/77/53/74/54; 
ttag +53 57/48/31/48/30; 
ttag +54 68/63/62/60/68; 
ttag +55 24/10/14/11/11; 
ttag +56 61/54/36/60/36; 
ttag +57 44/4/5/6/2; 
ttag +58 100/100/98/100/99; 
ttag +59 6/[8]/?/?/?; 
ttag +60 19/[10]/?/?/?; 
ttag +61 33/21/4/30/10; 
ttag +62 6/[23]/?/?/?; 
ttag +63 15/[14]/?/?/?; 
ttag +64 41/11/?/12/7; 
ttag +65 48/32/25/33/28; 
ttag +66 89/87/77/83/74; 
ttag +67 87/84/64/86/65; 
ttag +68 100/100/98/99/98; 
ttag +69 100/100/100/100/100; 
ttag +70 98/98/94/97/90; 
ttag +71 94/91/78/90/83; 
ttag +72 100/100/100/100/99; 
ttag +73 99/99/99/98/99; 
ttag +74 47/38/33/38/32; 
ttag +75 12/[29]/?/?/?; 
ttag +76 89/84/80/87/78; 
ttag +77 24/[18]/?/?/?; 
ttag +78 78/72/63/68/59; 
ttag +79 95/94/89/97/91; 
ttag +80 88/84/79/88/74; 
ttag +81 47/31/28/43/35; 
ttag +82 79/73/74/74/68; 
ttag +83 53/22/26/20/10; 
ttag +84 80/76/72/72/62; 
ttag +85 90/88/87/92/85; 
ttag +86 35/[7]/?/?/?; 
ttag +87 100/100/98/100/98; 
ttag +88 93/91/85/91/81; 
ttag +89 57/50/50/57/55; 
ttag +90 63/44/37/52/38; 
ttag +91 98/98/96/98/95; 
ttag +92 71/62/55/54/55; 
ttag +93 26/[5]/?/?/?; 
ttag +94 42/11/3/1/?; 
