tread
'Tree with tags' 
(0 (1 ((2 3 )(4 (5 ((6 (7 13 ))(8 9 10 ))(11 (12 14 21 ((15 (16 17 ))(18 (19 20 )))((22 (23 24 25 ))(26 (27 (28 ((((29 (30 31 ))((32 (33 34 ))(35 (36 (37 38 39 )))))(45 (44 (46 47 ))))(40 (41 (42 43 ))))))))))))))); 
ttag *!; 
ttag +49 ???; 
ttag +50 4; 
ttag +51 5; 
ttag +52 2; 
ttag +53 3; 
ttag +54 1; 
ttag +55 1; 
ttag +56 1; 
ttag +57 4; 
ttag +58 1; 
ttag +59 1; 
ttag +60 8; 
ttag +61 5; 
ttag +62 3; 
ttag +63 4; 
ttag +64 11; 
ttag +65 3; 
ttag +66 3; 
ttag +67 4; 
ttag +68 5; 
ttag +69 6; 
ttag +70 3; 
ttag +71 4; 
ttag +72 5; 
ttag +73 3; 
ttag +74 2; 
ttag +75 7; 
ttag +76 2; 
ttag +77 6; 
ttag +78 3; 
ttag +79 7; 
ttag +80 3; 
ttag +81 2; 
ttag +82 4; 
ttag +83 2; 
ttag +84 6; 
ttag +85 2; 
ttag +86 4; 
ttag +87 2; 
tread
'Tree with tags' 
(0 (1 ((2 3 )(4 ((5 ((6 (7 13 ))(9 (8 10 ))))(11 (14 (12 (21 (((15 (16 17 ))(18 (19 20 )))((22 (23 (24 25 )))(26 (27 (28 ((((29 (30 31 ))((32 (33 34 ))(35 (36 (38 (37 39 ))))))(45 (44 (46 47 ))))(40 (41 (42 43 )))))))))))))))))); 
ttag *!; 
ttag +0 ////; 
ttag +1 ////; 
ttag +2 ////; 
ttag +3 ////; 
ttag +4 ////; 
ttag +5 ////; 
ttag +6 ////; 
ttag +7 ////; 
ttag +8 ////; 
ttag +9 ////; 
ttag +10 ////; 
ttag +11 ////; 
ttag +12 ////; 
ttag +13 ////; 
ttag +14 ////; 
ttag +15 ////; 
ttag +16 ////; 
ttag +17 ////; 
ttag +18 ////; 
ttag +19 ////; 
ttag +20 ////; 
ttag +21 ////; 
ttag +22 ////; 
ttag +23 ////; 
ttag +24 ////; 
ttag +25 ////; 
ttag +26 ////; 
ttag +27 ////; 
ttag +28 ////; 
ttag +29 ////; 
ttag +30 ////; 
ttag +31 ////; 
ttag +32 ////; 
ttag +33 ////; 
ttag +34 ////; 
ttag +35 ////; 
ttag +36 ////; 
ttag +37 ////; 
ttag +38 ////; 
ttag +39 ////; 
ttag +40 ////; 
ttag +41 ////; 
ttag +42 ////; 
ttag +43 ////; 
ttag +44 ////; 
ttag +45 ////; 
ttag +46 ////; 
ttag +47 ////; 
ttag +48 ////; 
ttag +49 100/100/100/100/100; 
ttag +50 88/86/76/80/70; 
ttag +51 95/94/89/96/91; 
ttag +52 80/75/77/77/70; 
ttag +53 4/[28]/?/?/?; 
ttag +54 74/68/53/68/45; 
ttag +55 38/16/20/28/9; 
ttag +56 40/18/21/33/12; 
ttag +57 32/[12]/?/?/?; 
ttag +58 18/[38]/?/?/?; 
ttag +59 94/92/89/92/80; 
ttag +60 26/16/11/24/5; 
ttag +61 8/[7]/?/1/?; 
ttag +62 20/0/0/4/?; 
ttag +63 100/100/100/100/100; 
ttag +64 92/90/79/94/76; 
ttag +65 6/[18]/?/?/?; 
ttag +66 11/1/?/3/?; 
ttag +67 96/95/90/92/92; 
ttag +68 95/94/82/94/80; 
ttag +69 99/99/100/100/100; 
ttag +70 97/96/88/92/91; 
ttag +71 83/78/58/75/58; 
ttag +72 90/86/88/92/88; 
ttag +73 35/9/14/5/8; 
ttag +74 96/94/80/94/86; 
ttag +75 89/85/73/86/79; 
ttag +76 63/53/32/59/39; 
ttag +77 88/84/75/92/81; 
ttag +78 83/80/62/83/70; 
ttag +79 63/50/34/46/41; 
ttag +80 78/65/56/74/62; 
ttag +81 97/96/96/98/95; 
ttag +82 46/32/20/35/20; 
ttag +83 96/95/90/98/90; 
ttag +84 79/73/62/77/61; 
ttag +85 100/100/100/100/99; 
ttag +86 89/84/72/88/78; 
ttag +87 32/1/4/4/?; 
ttag +88 85/84/71/81/75; 
ttag +89 90/87/80/90/79; 
ttag +90 68/58/50/62/52; 
ttag +91 97/96/94/99/97; 
ttag +92 44/26/19/36/20; 
ttag +93 83/77/70/86/66; 
ttag +94 52/34/24/40/22; 
