tread
'Tree with tags' 
(0 (1 ((2 3 )(5 (4 (((6 7 )((9 (8 10 ))((15 (16 17 ))(18 (19 20 )))))((11 (21 ((22 (23 (24 25 )))(26 (27 (28 ((29 (30 31 ))(((32 (35 36 (37 (38 39 ))))(33 34 ))(41 (40 (42 43 ))))(47 (44 (45 46 ))))))))))(14 (12 13 ))))))))); 
ttag *!; 
ttag +49 ???; 
ttag +50 6; 
ttag +51 1; 
ttag +52 1; 
ttag +53 4; 
ttag +54 2; 
ttag +55 2; 
ttag +56 2; 
ttag +57 1; 
ttag +58 8; 
ttag +59 2; 
ttag +60 1; 
ttag +61 2; 
ttag +62 2; 
ttag +63 1; 
ttag +64 6; 
ttag +65 4; 
ttag +66 3; 
ttag +67 2; 
ttag +68 8; 
ttag +69 4; 
ttag +70 4; 
ttag +71 7; 
ttag +72 4; 
ttag +73 3; 
ttag +74 4; 
ttag +75 3; 
ttag +76 5; 
ttag +77 4; 
ttag +78 3; 
ttag +79 4; 
ttag +80 1; 
ttag +81 3; 
ttag +82 1; 
ttag +83 1; 
ttag +84 2; 
ttag +85 11; 
ttag +86 1; 
ttag +87 1; 
ttag +88 4; 
ttag +89 3; 
ttag +90 1; 
ttag +91 1; 
ttag +92 2; 
tread
'Tree with tags' 
(0 (1 ((2 3 )(5 (4 (((6 7 )((9 (8 10 ))((15 (16 17 ))(18 (19 20 )))))((11 (21 ((22 (23 (24 25 )))(26 (27 (28 (((29 (30 31 ))(47 (44 (45 46 ))))(((32 (35 (36 (37 (38 39 )))))(33 34 ))(41 (40 (42 43 )))))))))))(14 (12 13 ))))))))); 
ttag *!; 
ttag +0 ////; 
ttag +1 ////; 
ttag +2 ////; 
ttag +3 ////; 
ttag +4 ////; 
ttag +5 ////; 
ttag +6 ////; 
ttag +7 ////; 
ttag +8 ////; 
ttag +9 ////; 
ttag +10 ////; 
ttag +11 ////; 
ttag +12 ////; 
ttag +13 ////; 
ttag +14 ////; 
ttag +15 ////; 
ttag +16 ////; 
ttag +17 ////; 
ttag +18 ////; 
ttag +19 ////; 
ttag +20 ////; 
ttag +21 ////; 
ttag +22 ////; 
ttag +23 ////; 
ttag +24 ////; 
ttag +25 ////; 
ttag +26 ////; 
ttag +27 ////; 
ttag +28 ////; 
ttag +29 ////; 
ttag +30 ////; 
ttag +31 ////; 
ttag +32 ////; 
ttag +33 ////; 
ttag +34 ////; 
ttag +35 ////; 
ttag +36 ////; 
ttag +37 ////; 
ttag +38 ////; 
ttag +39 ////; 
ttag +40 ////; 
ttag +41 ////; 
ttag +42 ////; 
ttag +43 ////; 
ttag +44 ////; 
ttag +45 ////; 
ttag +46 ////; 
ttag +47 ////; 
ttag +48 ////; 
ttag +49 100/100/100/100/100; 
ttag +50 99/99/97/98/96; 
ttag +51 43/24/26/27/19; 
ttag +52 17/6/?/6/0; 
ttag +53 55/44/33/57/41; 
ttag +54 55/38/38/36/23; 
ttag +55 16/1/?/4/?; 
ttag +56 16/5/?/12/0; 
ttag +57 42/22/21/29/14; 
ttag +58 99/99/98/98/98; 
ttag +59 18/[12]/?/?/?; 
ttag +60 14/4/?/0/?; 
ttag +61 11/[2]/?/?/?; 
ttag +62 68/61/54/57/48; 
ttag +63 17/3/?/?/?; 
ttag +64 95/94/88/93/88; 
ttag +65 45/34/14/38/24; 
ttag +66 69/56/48/69/38; 
ttag +67 80/72/74/78/74; 
ttag +68 100/100/100/100/100; 
ttag +69 54/46/39/46/39; 
ttag +70 88/78/72/74/74; 
ttag +71 94/94/88/95/88; 
ttag +72 92/91/87/95/91; 
ttag +73 92/90/78/91/80; 
ttag +74 86/78/70/76/62; 
ttag +75 62/37/35/40/17; 
ttag +76 87/83/81/87/80; 
ttag +77 85/81/74/82/71; 
ttag +78 20/[15]/?/?/?; 
ttag +79 83/79/67/81/68; 
ttag +80 94/92/85/88/78; 
ttag +81 32/22/30/26/31; 
ttag +82 81/76/54/67/59; 
ttag +83 37/20/7/18/18; 
ttag +84 49/34/26/44/28; 
ttag +85 56/47/50/52/50; 
ttag +86 31/[9]/?/?/?; 
ttag +87 100/100/99/100/99; 
ttag +88 70/52/33/54/39; 
ttag +89 49/20/5/24/8; 
ttag +90 92/90/84/93/89; 
ttag +91 74/69/62/70/57; 
ttag +92 24/15/8/22/15; 
ttag +93 44/36/31/54/36; 
ttag +94 44/36/23/42/30; 
