tread
'Tree with tags' 
(0 (1 ((2 3 )(4 (((5 (6 7 ))(8 (9 10 )))((14 ((11 (12 13 ))(15 (16 17 ))(18 (19 20 ))))(21 ((22 (23 (24 25 )))((26 27 )((28 ((32 ((33 34 )(35 (36 (39 (37 38 ))))))((40 (41 (42 43 )))(47 (46 (44 45 ))))))(29 (30 31 )))))))))))); 
ttag *!; 
ttag +49 ???; 
ttag +50 3; 
ttag +51 4; 
ttag +52 8; 
ttag +53 1; 
ttag +54 1; 
ttag +55 4; 
ttag +56 2; 
ttag +57 6; 
ttag +58 2; 
ttag +59 1; 
ttag +60 1; 
ttag +61 1; 
ttag +62 1; 
ttag +63 1; 
ttag +64 3; 
ttag +65 1; 
ttag +66 7; 
ttag +67 11; 
ttag +68 2; 
ttag +69 5; 
ttag +70 5; 
ttag +71 5; 
ttag +72 9; 
ttag +73 2; 
ttag +74 5; 
ttag +75 1; 
ttag +76 1; 
ttag +77 5; 
ttag +78 6; 
ttag +79 6; 
ttag +80 2; 
ttag +81 3; 
ttag +82 4; 
ttag +83 2; 
ttag +84 7; 
ttag +85 1; 
ttag +86 9; 
ttag +87 4; 
ttag +88 2; 
ttag +89 5; 
ttag +90 5; 
ttag +91 1; 
ttag +92 1; 
ttag +93 6; 
tread
'Tree with tags' 
(0 (1 ((2 3 )(4 (((5 (6 7 ))(8 (9 10 )))((14 (((11 (12 13 ))(18 (19 20 )))(15 (16 17 ))))(21 ((22 (23 (24 25 )))((26 27 )((28 ((32 ((33 34 )(35 (36 (39 (37 38 ))))))((40 (41 (42 43 )))(47 (46 (44 45 ))))))(29 (30 31 )))))))))))); 
ttag *!; 
ttag +0 ////; 
ttag +1 ////; 
ttag +2 ////; 
ttag +3 ////; 
ttag +4 ////; 
ttag +5 ////; 
ttag +6 ////; 
ttag +7 ////; 
ttag +8 ////; 
ttag +9 ////; 
ttag +10 ////; 
ttag +11 ////; 
ttag +12 ////; 
ttag +13 ////; 
ttag +14 ////; 
ttag +15 ////; 
ttag +16 ////; 
ttag +17 ////; 
ttag +18 ////; 
ttag +19 ////; 
ttag +20 ////; 
ttag +21 ////; 
ttag +22 ////; 
ttag +23 ////; 
ttag +24 ////; 
ttag +25 ////; 
ttag +26 ////; 
ttag +27 ////; 
ttag +28 ////; 
ttag +29 ////; 
ttag +30 ////; 
ttag +31 ////; 
ttag +32 ////; 
ttag +33 ////; 
ttag +34 ////; 
ttag +35 ////; 
ttag +36 ////; 
ttag +37 ////; 
ttag +38 ////; 
ttag +39 ////; 
ttag +40 ////; 
ttag +41 ////; 
ttag +42 ////; 
ttag +43 ////; 
ttag +44 ////; 
ttag +45 ////; 
ttag +46 ////; 
ttag +47 ////; 
ttag +48 ////; 
ttag +49 100/100/100/100/100; 
ttag +50 94/93/93/96/92; 
ttag +51 94/93/92/95/94; 
ttag +52 95/92/86/94/86; 
ttag +53 18/[5]/?/?/?; 
ttag +54 16/0/?/?/?; 
ttag +55 53/40/30/38/22; 
ttag +56 72/64/66/64/61; 
ttag +57 99/99/97/97/95; 
ttag +58 68/52/42/54/52; 
ttag +59 6/[6]/?/?/?; 
ttag +60 2/[16]/?/?/?; 
ttag +61 8/[5]/?/?/?; 
ttag +62 22/16/2/14/3; 
ttag +63 32/27/20/24/13; 
ttag +64 9/[21]/?/?/?; 
ttag +65 89/87/78/88/82; 
ttag +66 50/34/38/48/28; 
ttag +67 94/92/90/95/88; 
ttag +68 100/100/100/100/100; 
ttag +69 52/40/35/44/27; 
ttag +70 88/84/74/87/68; 
ttag +71 80/73/60/78/58; 
ttag +72 91/88/79/90/82; 
ttag +73 98/98/95/98/94; 
ttag +74 60/46/44/58/48; 
ttag +75 81/78/67/80/64; 
ttag +76 30/7/?/15/1; 
ttag +77 59/48/39/52/34; 
ttag +78 73/69/55/71/52; 
ttag +79 92/87/82/88/72; 
ttag +80 90/86/82/92/81; 
ttag +81 52/46/31/54/29; 
ttag +82 93/92/83/88/89; 
ttag +83 85/82/73/84/68; 
ttag +84 78/70/60/74/65; 
ttag +85 100/100/96/100/97; 
ttag +86 50/39/31/40/27; 
ttag +87 100/100/98/100/99; 
ttag +88 86/84/78/89/80; 
ttag +89 67/55/50/69/54; 
ttag +90 96/94/93/97/92; 
ttag +91 96/95/93/96/92; 
ttag +92 40/9/7/17/7; 
ttag +93 40/9/5/20/11; 
ttag +94 90/89/78/94/83; 
