tread
'Tree with tags' 
(0 (1 (2 3 )(4 (5 6 7 (8 (9 10 ))((11 ((14 (15 16 17 ))(18 (19 20 )))(21 ((22 (23 (24 25 )))(26 (27 (28 (((29 (30 31 ))((32 (33 34 ))(35 (36 (37 38 39 )))))((40 (41 (42 43 )))(44 45 46 47 )))))))))(12 13 )))))); 
ttag *!; 
ttag +49 ???; 
ttag +50 6; 
ttag +51 3; 
ttag +52 1; 
ttag +53 11; 
ttag +54 1; 
ttag +55 1; 
ttag +56 1; 
ttag +57 2; 
ttag +58 2; 
ttag +59 2; 
ttag +60 6; 
ttag +61 5; 
ttag +62 8; 
ttag +63 4; 
ttag +64 2; 
ttag +65 3; 
ttag +66 6; 
ttag +67 12; 
ttag +68 5; 
ttag +69 3; 
ttag +70 4; 
ttag +71 4; 
ttag +72 1; 
ttag +73 2; 
ttag +74 7; 
ttag +75 1; 
ttag +76 8; 
ttag +77 6; 
ttag +78 1; 
ttag +79 1; 
ttag +80 4; 
ttag +81 2; 
ttag +82 5; 
ttag +83 1; 
ttag +84 9; 
ttag +85 2; 
tread
'Tree with tags' 
(0 (1 ((2 3 )(4 (((5 7 )(6 (8 (9 10 ))))((11 (((14 (17 (15 16 )))(18 (19 20 )))(21 ((22 (23 (24 25 )))(26 (27 (28 (((29 (30 31 ))((32 (33 34 ))(35 (36 (39 (37 38 ))))))((40 (41 (42 43 )))((44 45 )(46 47 )))))))))))(12 13 ))))))); 
ttag *!; 
ttag +0 ////; 
ttag +1 ////; 
ttag +2 ////; 
ttag +3 ////; 
ttag +4 ////; 
ttag +5 ////; 
ttag +6 ////; 
ttag +7 ////; 
ttag +8 ////; 
ttag +9 ////; 
ttag +10 ////; 
ttag +11 ////; 
ttag +12 ////; 
ttag +13 ////; 
ttag +14 ////; 
ttag +15 ////; 
ttag +16 ////; 
ttag +17 ////; 
ttag +18 ////; 
ttag +19 ////; 
ttag +20 ////; 
ttag +21 ////; 
ttag +22 ////; 
ttag +23 ////; 
ttag +24 ////; 
ttag +25 ////; 
ttag +26 ////; 
ttag +27 ////; 
ttag +28 ////; 
ttag +29 ////; 
ttag +30 ////; 
ttag +31 ////; 
ttag +32 ////; 
ttag +33 ////; 
ttag +34 ////; 
ttag +35 ////; 
ttag +36 ////; 
ttag +37 ////; 
ttag +38 ////; 
ttag +39 ////; 
ttag +40 ////; 
ttag +41 ////; 
ttag +42 ////; 
ttag +43 ////; 
ttag +44 ////; 
ttag +45 ////; 
ttag +46 ////; 
ttag +47 ////; 
ttag +48 ////; 
ttag +49 100/100/100/100/100; 
ttag +50 99/99/95/98/95; 
ttag +51 46/16/26/16/28; 
ttag +52 83/78/73/79/66; 
ttag +53 22/[12]/?/?/?; 
ttag +54 10/[3]/?/0/?; 
ttag +55 20/10/6/11/5; 
ttag +56 12/[22]/?/?/?; 
ttag +57 100/100/99/100/100; 
ttag +58 70/68/62/67/61; 
ttag +59 18/[2]/?/4/?; 
ttag +60 25/12/16/22/4; 
ttag +61 46/25/20/26/18; 
ttag +62 32/14/15/19/11; 
ttag +63 28/9/11/17/7; 
ttag +64 15/[5]/?/?/?; 
ttag +65 69/51/54/47/46; 
ttag +66 100/100/96/98/98; 
ttag +67 87/83/70/88/75; 
ttag +68 100/100/98/99/98; 
ttag +69 77/73/59/81/63; 
ttag +70 82/80/68/79/65; 
ttag +71 74/66/56/74/58; 
ttag +72 98/98/94/97/90; 
ttag +73 100/100/100/100/100; 
ttag +74 90/88/79/92/79; 
ttag +75 70/66/56/78/55; 
ttag +76 72/70/62/86/65; 
ttag +77 92/87/74/87/70; 
ttag +78 49/30/23/41/24; 
ttag +79 48/36/32/48/34; 
ttag +80 98/98/95/98/94; 
ttag +81 42/22/10/17/4; 
ttag +82 93/92/84/92/86; 
ttag +83 92/90/87/91/82; 
ttag +84 48/28/16/24/10; 
ttag +85 52/33/28/33/18; 
ttag +86 8/[26]/?/?/?; 
ttag +87 80/69/67/83/58; 
ttag +88 56/36/30/45/35; 
ttag +89 86/80/76/85/71; 
ttag +90 30/[9]/?/6/?; 
ttag +91 100/100/98/99/100; 
ttag +92 27/3/4/3/11; 
ttag +93 57/49/35/48/31; 
ttag +94 14/[9]/?/?/?; 
