tread
'Tree with tags' 
(0 ((1 (5 ((((4 11 )((12 ((15 (16 17 ))(18 (19 20 ))))((13 14 )(21 (22 (23 (24 25 )))(26 (27 28 ((29 (30 31 ))((32 (33 34 )(35 36 (39 (37 38 ))))(44 45 46 47 (40 (41 (42 43 ))))))))))))(6 7 ))(8 (9 10 )))))(2 3 ))); 
ttag *!; 
ttag +49 2; 
ttag +50 ???; 
ttag +51 7; 
ttag +52 1; 
ttag +53 2; 
ttag +54 1; 
ttag +55 1; 
ttag +56 5; 
ttag +57 3; 
ttag +58 8; 
ttag +59 2; 
ttag +60 1; 
ttag +61 2; 
ttag +62 1; 
ttag +63 1; 
ttag +64 4; 
ttag +65 1; 
ttag +66 3; 
ttag +67 4; 
ttag +68 10; 
ttag +69 1; 
ttag +70 5; 
ttag +71 3; 
ttag +72 8; 
ttag +73 7; 
ttag +74 1; 
ttag +75 5; 
ttag +76 4; 
ttag +77 2; 
ttag +78 4; 
ttag +79 1; 
ttag +80 1; 
ttag +81 4; 
ttag +82 1; 
ttag +83 1; 
ttag +84 8; 
ttag +85 1; 
ttag +86 4; 
ttag +87 10; 
tread
'Tree with tags' 
(0 ((1 (5 ((((4 11 )((12 ((15 (16 17 ))(18 (19 20 ))))((13 14 )((21 (26 (27 (28 ((29 (30 31 ))((32 ((33 34 )((35 36 )(39 (37 38 )))))(46 (47 (45 (44 (40 (41 (42 43 )))))))))))))(22 (23 (24 25 )))))))(6 7 ))(8 (9 10 )))))(2 3 ))); 
ttag *!; 
ttag +0 ////; 
ttag +1 ////; 
ttag +2 ////; 
ttag +3 ////; 
ttag +4 ////; 
ttag +5 ////; 
ttag +6 ////; 
ttag +7 ////; 
ttag +8 ////; 
ttag +9 ////; 
ttag +10 ////; 
ttag +11 ////; 
ttag +12 ////; 
ttag +13 ////; 
ttag +14 ////; 
ttag +15 ////; 
ttag +16 ////; 
ttag +17 ////; 
ttag +18 ////; 
ttag +19 ////; 
ttag +20 ////; 
ttag +21 ////; 
ttag +22 ////; 
ttag +23 ////; 
ttag +24 ////; 
ttag +25 ////; 
ttag +26 ////; 
ttag +27 ////; 
ttag +28 ////; 
ttag +29 ////; 
ttag +30 ////; 
ttag +31 ////; 
ttag +32 ////; 
ttag +33 ////; 
ttag +34 ////; 
ttag +35 ////; 
ttag +36 ////; 
ttag +37 ////; 
ttag +38 ////; 
ttag +39 ////; 
ttag +40 ////; 
ttag +41 ////; 
ttag +42 ////; 
ttag +43 ////; 
ttag +44 ////; 
ttag +45 ////; 
ttag +46 ////; 
ttag +47 ////; 
ttag +48 ////; 
ttag +49 48/18/13/14/15; 
ttag +50 100/100/100/100/100; 
ttag +51 97/97/92/98/97; 
ttag +52 13/[12]/?/?/?; 
ttag +53 28/2/1/0/2; 
ttag +54 12/[13]/?/?/?; 
ttag +55 18/[7]/?/?/?; 
ttag +56 87/84/73/80/79; 
ttag +57 81/75/60/73/61; 
ttag +58 100/100/91/98/92; 
ttag +59 77/69/52/72/65; 
ttag +60 17/[5]/?/?/?; 
ttag +61 63/57/31/51/37; 
ttag +62 35/21/7/12/14; 
ttag +63 14/[8]/?/?/?; 
ttag +64 77/68/64/71/64; 
ttag +65 45/29/22/30/24; 
ttag +66 67/48/36/54/31; 
ttag +67 90/86/76/85/80; 
ttag +68 100/100/99/100/98; 
ttag +69 7/[30]/?/?/?; 
ttag +70 26/3/5/?/?; 
ttag +71 97/97/89/97/91; 
ttag +72 77/64/59/72/62; 
ttag +73 99/99/97/100/99; 
ttag +74 96/95/86/93/84; 
ttag +75 35/14/17/24/8; 
ttag +76 46/27/18/23/16; 
ttag +77 82/78/65/86/66; 
ttag +78 84/80/73/83/66; 
ttag +79 69/48/43/54/34; 
ttag +80 88/86/76/88/76; 
ttag +81 34/15/12/28/9; 
ttag +82 66/50/48/55/44; 
ttag +83 51/36/28/34/26; 
ttag +84 46/9/6/?/1; 
ttag +85 92/90/83/93/84; 
ttag +86 72/64/48/66/58; 
ttag +87 78/69/62/65/62; 
ttag +88 95/93/88/94/88; 
ttag +89 20/4/0/7/3; 
ttag +90 4/[12]/?/?/?; 
ttag +91 4/[12]/?/?/?; 
ttag +92 22/6/?/13/2; 
ttag +93 92/87/74/89/75; 
ttag +94 100/100/99/99/99; 
