tread
'Tree with tags' 
(0 (1 ((2 3 )(4 (5 6 (7 (8 (9 10 )))(11 (13 (12 ((14 ((15 (16 17 ))(18 (19 20 ))))(21 ((22 (23 (24 25 )))(26 (27 (28 (29 (30 31 ))(45 (33 34 (32 35 (36 (37 (38 39 )))))(40 (41 (42 43 )))(44 (46 47 ))))))))))))))))); 
ttag *!; 
ttag +49 ???; 
ttag +50 5; 
ttag +51 3; 
ttag +52 1; 
ttag +53 3; 
ttag +54 1; 
ttag +55 4; 
ttag +56 3; 
ttag +57 1; 
ttag +58 2; 
ttag +59 2; 
ttag +60 1; 
ttag +61 2; 
ttag +62 5; 
ttag +63 3; 
ttag +64 3; 
ttag +65 3; 
ttag +66 8; 
ttag +67 2; 
ttag +68 2; 
ttag +69 5; 
ttag +70 2; 
ttag +71 9; 
ttag +72 4; 
ttag +73 2; 
ttag +74 5; 
ttag +75 3; 
ttag +76 4; 
ttag +77 1; 
ttag +78 11; 
ttag +79 1; 
ttag +80 1; 
ttag +81 5; 
ttag +82 1; 
ttag +83 4; 
ttag +84 1; 
ttag +85 5; 
ttag +86 1; 
ttag +87 1; 
tread
'Tree with tags' 
(0 (1 ((2 3 )(4 (6 ((5 (11 (13 (12 ((14 ((15 (16 17 ))(18 (19 20 ))))(21 ((22 (23 (24 25 )))(26 (27 (28 ((29 (30 31 ))(((45 (34 (33 (32 (35 (36 (37 (38 39 ))))))))(44 (46 47 )))(40 (41 (42 43 )))))))))))))))(7 (8 (9 10 ))))))))); 
ttag *!; 
ttag +0 ////; 
ttag +1 ////; 
ttag +2 ////; 
ttag +3 ////; 
ttag +4 ////; 
ttag +5 ////; 
ttag +6 ////; 
ttag +7 ////; 
ttag +8 ////; 
ttag +9 ////; 
ttag +10 ////; 
ttag +11 ////; 
ttag +12 ////; 
ttag +13 ////; 
ttag +14 ////; 
ttag +15 ////; 
ttag +16 ////; 
ttag +17 ////; 
ttag +18 ////; 
ttag +19 ////; 
ttag +20 ////; 
ttag +21 ////; 
ttag +22 ////; 
ttag +23 ////; 
ttag +24 ////; 
ttag +25 ////; 
ttag +26 ////; 
ttag +27 ////; 
ttag +28 ////; 
ttag +29 ////; 
ttag +30 ////; 
ttag +31 ////; 
ttag +32 ////; 
ttag +33 ////; 
ttag +34 ////; 
ttag +35 ////; 
ttag +36 ////; 
ttag +37 ////; 
ttag +38 ////; 
ttag +39 ////; 
ttag +40 ////; 
ttag +41 ////; 
ttag +42 ////; 
ttag +43 ////; 
ttag +44 ////; 
ttag +45 ////; 
ttag +46 ////; 
ttag +47 ////; 
ttag +48 ////; 
ttag +49 100/100/100/100/100; 
ttag +50 99/99/99/99/100; 
ttag +51 87/82/69/84/76; 
ttag +52 53/32/27/40/28; 
ttag +53 7/[14]/?/?/?; 
ttag +54 17/[4]/?/?/?; 
ttag +55 63/58/38/61/39; 
ttag +56 51/36/33/46/27; 
ttag +57 88/84/78/83/72; 
ttag +58 73/56/49/61/40; 
ttag +59 27/18/8/20/9; 
ttag +60 40/30/1/38/9; 
ttag +61 40/30/10/34/25; 
ttag +62 27/9/?/12/1; 
ttag +63 46/42/15/45/26; 
ttag +64 96/96/88/91/84; 
ttag +65 55/47/29/50/35; 
ttag +66 73/67/46/64/44; 
ttag +67 75/63/65/66/63; 
ttag +68 100/100/100/100/100; 
ttag +69 47/32/14/37/19; 
ttag +70 56/34/24/45/33; 
ttag +71 82/80/68/84/66; 
ttag +72 63/56/44/63/53; 
ttag +73 100/100/98/100/99; 
ttag +74 95/94/81/89/84; 
ttag +75 73/57/43/53/40; 
ttag +76 89/86/76/82/84; 
ttag +77 78/75/74/78/68; 
ttag +78 26/6/1/?/4; 
ttag +79 89/85/88/93/86; 
ttag +80 26/2/?/7/?; 
ttag +81 7/[43]/?/?/?; 
ttag +82 100/100/97/98/97; 
ttag +83 8/[23]/?/?/?; 
ttag +84 12/[18]/?/?/?; 
ttag +85 46/31/16/32/14; 
ttag +86 15/[10]/?/?/?; 
ttag +87 35/12/13/16/14; 
ttag +88 96/96/96/95/94; 
ttag +89 59/44/44/49/38; 
ttag +90 80/66/63/80/66; 
ttag +91 36/13/2/17/13; 
ttag +92 98/97/98/97/96; 
ttag +93 14/[16]/?/?/?; 
ttag +94 16/[14]/?/?/?; 
