tread
'Tree with tags' 
(0 ((1 (2 3 ))((21 ((((4 5 )((6 7 )(8 (9 10 ))))(12 ((11 13 )(18 (19 20 )))))(14 (22 (15 16 17 )(23 (24 25 ))))))(26 (27 (28 (29 (30 31 ))((32 (35 (36 (37 (38 39 )))))(33 34 ))(40 (41 (42 43 )))(45 46 (44 47 )))))))); 
ttag *!; 
ttag +49 5; 
ttag +50 ???; 
ttag +51 10; 
ttag +52 2; 
ttag +53 3; 
ttag +54 1; 
ttag +55 1; 
ttag +56 1; 
ttag +57 5; 
ttag +58 3; 
ttag +59 2; 
ttag +60 7; 
ttag +61 6; 
ttag +62 1; 
ttag +63 1; 
ttag +64 1; 
ttag +65 1; 
ttag +66 6; 
ttag +67 1; 
ttag +68 8; 
ttag +69 9; 
ttag +70 7; 
ttag +71 5; 
ttag +72 6; 
ttag +73 1; 
ttag +74 2; 
ttag +75 5; 
ttag +76 6; 
ttag +77 2; 
ttag +78 4; 
ttag +79 5; 
ttag +80 3; 
ttag +81 1; 
ttag +82 4; 
ttag +83 2; 
ttag +84 7; 
ttag +85 3; 
ttag +86 10; 
ttag +87 1; 
ttag +88 2; 
tread
'Tree with tags' 
(0 ((1 (2 3 ))((21 ((((4 5 )((6 7 )(8 (9 10 ))))(12 ((11 13 )(18 (19 20 )))))(14 (22 ((17 (15 16 ))(23 (24 25 )))))))(26 (27 (28 ((29 (30 31 ))(((32 (35 (36 (37 (38 39 )))))(33 34 ))((40 (41 (42 43 )))((44 47 )(45 46 ))))))))))); 
ttag *!; 
ttag +0 ////; 
ttag +1 ////; 
ttag +2 ////; 
ttag +3 ////; 
ttag +4 ////; 
ttag +5 ////; 
ttag +6 ////; 
ttag +7 ////; 
ttag +8 ////; 
ttag +9 ////; 
ttag +10 ////; 
ttag +11 ////; 
ttag +12 ////; 
ttag +13 ////; 
ttag +14 ////; 
ttag +15 ////; 
ttag +16 ////; 
ttag +17 ////; 
ttag +18 ////; 
ttag +19 ////; 
ttag +20 ////; 
ttag +21 ////; 
ttag +22 ////; 
ttag +23 ////; 
ttag +24 ////; 
ttag +25 ////; 
ttag +26 ////; 
ttag +27 ////; 
ttag +28 ////; 
ttag +29 ////; 
ttag +30 ////; 
ttag +31 ////; 
ttag +32 ////; 
ttag +33 ////; 
ttag +34 ////; 
ttag +35 ////; 
ttag +36 ////; 
ttag +37 ////; 
ttag +38 ////; 
ttag +39 ////; 
ttag +40 ////; 
ttag +41 ////; 
ttag +42 ////; 
ttag +43 ////; 
ttag +44 ////; 
ttag +45 ////; 
ttag +46 ////; 
ttag +47 ////; 
ttag +48 ////; 
ttag +49 96/95/90/96/85; 
ttag +50 100/100/100/100/100; 
ttag +51 100/100/98/100/100; 
ttag +52 42/34/23/31/20; 
ttag +53 10/[10]/?/?/?; 
ttag +54 13/4/?/?/?; 
ttag +55 9/0/?/2/?; 
ttag +56 15/6/?/5/?; 
ttag +57 59/52/38/48/34; 
ttag +58 77/73/69/80/73; 
ttag +59 39/18/20/21/21; 
ttag +60 99/99/99/99/98; 
ttag +61 99/98/97/99/97; 
ttag +62 13/[7]/?/?/?; 
ttag +63 8/[12]/?/?/?; 
ttag +64 4/[16]/?/?/?; 
ttag +65 11/2/?/0/3; 
ttag +66 33/[14]/?/?/?; 
ttag +67 98/97/95/99/92; 
ttag +68 10/[51]/?/?/?; 
ttag +69 24/2/7/0/5; 
ttag +70 98/98/94/99/96; 
ttag +71 99/99/97/100/97; 
ttag +72 99/98/97/99/97; 
ttag +73 97/96/93/98/96; 
ttag +74 82/75/61/77/61; 
ttag +75 44/18/15/24/15; 
ttag +76 59/45/34/51/38; 
ttag +77 90/89/79/91/84; 
ttag +78 44/8/9/18/18; 
ttag +79 98/98/96/99/96; 
ttag +80 52/45/32/50/34; 
ttag +81 67/57/34/56/35; 
ttag +82 29/[6]/?/1/?; 
ttag +83 71/59/40/62/47; 
ttag +84 82/80/62/79/67; 
ttag +85 62/40/28/45/32; 
ttag +86 95/94/88/92/90; 
ttag +87 76/70/61/67/56; 
ttag +88 100/100/98/97/98; 
ttag +89 38/2/4/14/9; 
ttag +90 76/66/62/64/62; 
ttag +91 100/100/100/100/100; 
ttag +92 44/37/24/30/25; 
ttag +93 58/52/31/46/33; 
ttag +94 26/13/12/9/4; 
