tread
'Tree with tags' 
(0 (1 ((2 3 )((5 (4 (11 ((12 13 )(((14 21 )(((22 23 )(24 25 ))((26 27 )(28 ((29 (30 31 ))((32 35 (33 34 )(36 (37 38 39 )))((40 (41 (42 43 )))(46 (45 (44 47 ))))))))))((17 (15 16 ))(18 (19 20 ))))))))(6 7 (8 (9 10 ))))))); 
ttag *!; 
ttag +49 ???; 
ttag +50 3; 
ttag +51 3; 
ttag +52 1; 
ttag +53 1; 
ttag +54 4; 
ttag +55 1; 
ttag +56 10; 
ttag +57 2; 
ttag +58 2; 
ttag +59 1; 
ttag +60 2; 
ttag +61 1; 
ttag +62 1; 
ttag +63 1; 
ttag +64 2; 
ttag +65 4; 
ttag +66 2; 
ttag +67 5; 
ttag +68 17; 
ttag +69 1; 
ttag +70 1; 
ttag +71 3; 
ttag +72 10; 
ttag +73 3; 
ttag +74 2; 
ttag +75 3; 
ttag +76 3; 
ttag +77 1; 
ttag +78 8; 
ttag +79 5; 
ttag +80 1; 
ttag +81 1; 
ttag +82 2; 
ttag +83 5; 
ttag +84 9; 
ttag +85 3; 
ttag +86 1; 
ttag +87 5; 
ttag +88 1; 
ttag +89 1; 
ttag +90 2; 
tread
'Tree with tags' 
(0 (1 ((2 3 )((5 (4 (11 ((12 13 )(((14 21 )(((22 23 )(24 25 ))((26 27 )(28 ((29 (30 31 ))(((32 (35 (36 (37 (38 39 )))))(33 34 ))((40 (41 (42 43 )))(46 (45 (44 47 ))))))))))((17 (15 16 ))(18 (19 20 ))))))))((6 7 )(8 (9 10 ))))))); 
ttag *!; 
ttag +0 ////; 
ttag +1 ////; 
ttag +2 ////; 
ttag +3 ////; 
ttag +4 ////; 
ttag +5 ////; 
ttag +6 ////; 
ttag +7 ////; 
ttag +8 ////; 
ttag +9 ////; 
ttag +10 ////; 
ttag +11 ////; 
ttag +12 ////; 
ttag +13 ////; 
ttag +14 ////; 
ttag +15 ////; 
ttag +16 ////; 
ttag +17 ////; 
ttag +18 ////; 
ttag +19 ////; 
ttag +20 ////; 
ttag +21 ////; 
ttag +22 ////; 
ttag +23 ////; 
ttag +24 ////; 
ttag +25 ////; 
ttag +26 ////; 
ttag +27 ////; 
ttag +28 ////; 
ttag +29 ////; 
ttag +30 ////; 
ttag +31 ////; 
ttag +32 ////; 
ttag +33 ////; 
ttag +34 ////; 
ttag +35 ////; 
ttag +36 ////; 
ttag +37 ////; 
ttag +38 ////; 
ttag +39 ////; 
ttag +40 ////; 
ttag +41 ////; 
ttag +42 ////; 
ttag +43 ////; 
ttag +44 ////; 
ttag +45 ////; 
ttag +46 ////; 
ttag +47 ////; 
ttag +48 ////; 
ttag +49 100/100/100/100/100; 
ttag +50 94/93/94/95/88; 
ttag +51 86/80/77/81/78; 
ttag +52 28/7/?/1/2; 
ttag +53 14/[6]/?/?/?; 
ttag +54 84/77/62/78/54; 
ttag +55 35/22/20/16/23; 
ttag +56 40/26/28/37/38; 
ttag +57 100/100/100/100/99; 
ttag +58 70/62/48/59/51; 
ttag +59 42/35/16/34/12; 
ttag +60 23/[3]/?/?/?; 
ttag +61 42/35/18/37/16; 
ttag +62 8/[22]/?/?/?; 
ttag +63 13/[13]/?/?/?; 
ttag +64 36/9/?/15/?; 
ttag +65 49/25/15/18/16; 
ttag +66 82/76/62/80/68; 
ttag +67 56/40/34/45/38; 
ttag +68 92/90/84/94/86; 
ttag +69 100/100/100/100/100; 
ttag +70 34/13/12/3/4; 
ttag +71 35/14/20/27/8; 
ttag +72 56/49/36/58/36; 
ttag +73 100/100/100/100/99; 
ttag +74 71/65/54/56/55; 
ttag +75 37/30/17/38/13; 
ttag +76 49/42/23/52/24; 
ttag +77 86/84/76/87/78; 
ttag +78 42/32/21/28/19; 
ttag +79 100/100/99/99/98; 
ttag +80 9/[42]/?/?/?; 
ttag +81 94/93/88/94/86; 
ttag +82 38/27/15/24/16; 
ttag +83 50/34/32/47/32; 
ttag +84 25/6/8/12/12; 
ttag +85 84/81/76/82/75; 
ttag +86 97/96/89/97/91; 
ttag +87 46/13/11/18/16; 
ttag +88 99/99/98/100/100; 
ttag +89 63/56/41/56/42; 
ttag +90 39/8/5/19/6; 
ttag +91 92/89/82/89/79; 
ttag +92 27/2/?/5/0; 
ttag +93 36/12/8/16/14; 
ttag +94 75/62/62/67/56; 
