tread
'Tree with tags' 
(0 (1 ((2 3 )(4 (5 ((6 7 (8 9 10 ))(11 (12 13 14 21 (17 (15 16 ))(18 (19 20 ))(22 (23 (24 25 )))(26 27 (28 (29 (30 31 ))(32 35 (33 34 )(36 (37 (38 39 ))))(44 45 46 47 (40 (41 (42 43 )))))))))))))); 
ttag *!; 
ttag +49 ???; 
ttag +50 8; 
ttag +51 2; 
ttag +52 5; 
ttag +53 4; 
ttag +54 2; 
ttag +55 1; 
ttag +56 8; 
ttag +57 1; 
ttag +58 5; 
ttag +59 1; 
ttag +60 6; 
ttag +61 2; 
ttag +62 6; 
ttag +63 7; 
ttag +64 1; 
ttag +65 3; 
ttag +66 1; 
ttag +67 3; 
ttag +68 5; 
ttag +69 1; 
ttag +70 7; 
ttag +71 3; 
ttag +72 1; 
ttag +73 4; 
ttag +74 2; 
ttag +75 2; 
ttag +76 2; 
ttag +77 2; 
ttag +78 13; 
tread
'Tree with tags' 
(0 (1 ((2 3 )(4 (5 (((6 7 )(9 (8 10 )))(11 (13 (((12 (14 ((17 (15 16 ))(18 (19 20 )))))(22 (23 (24 25 ))))(21 (26 (27 ((28 ((35 ((32 (33 34 ))(36 (37 (38 39 )))))((40 (41 (42 43 )))(45 (46 (44 47 ))))))(29 (30 31 ))))))))))))))); 
ttag *!; 
ttag +0 ////; 
ttag +1 ////; 
ttag +2 ////; 
ttag +3 ////; 
ttag +4 ////; 
ttag +5 ////; 
ttag +6 ////; 
ttag +7 ////; 
ttag +8 ////; 
ttag +9 ////; 
ttag +10 ////; 
ttag +11 ////; 
ttag +12 ////; 
ttag +13 ////; 
ttag +14 ////; 
ttag +15 ////; 
ttag +16 ////; 
ttag +17 ////; 
ttag +18 ////; 
ttag +19 ////; 
ttag +20 ////; 
ttag +21 ////; 
ttag +22 ////; 
ttag +23 ////; 
ttag +24 ////; 
ttag +25 ////; 
ttag +26 ////; 
ttag +27 ////; 
ttag +28 ////; 
ttag +29 ////; 
ttag +30 ////; 
ttag +31 ////; 
ttag +32 ////; 
ttag +33 ////; 
ttag +34 ////; 
ttag +35 ////; 
ttag +36 ////; 
ttag +37 ////; 
ttag +38 ////; 
ttag +39 ////; 
ttag +40 ////; 
ttag +41 ////; 
ttag +42 ////; 
ttag +43 ////; 
ttag +44 ////; 
ttag +45 ////; 
ttag +46 ////; 
ttag +47 ////; 
ttag +48 ////; 
ttag +49 100/100/100/100/100; 
ttag +50 99/99/98/100/98; 
ttag +51 81/74/66/69/63; 
ttag +52 97/96/93/97/86; 
ttag +53 88/82/76/88/71; 
ttag +54 49/28/40/34/36; 
ttag +55 70/64/59/76/60; 
ttag +56 60/46/38/58/34; 
ttag +57 16/[7]/9/?/6; 
ttag +58 100/100/99/98/98; 
ttag +59 61/53/42/63/48; 
ttag +60 13/[13]/?/?/?; 
ttag +61 6/[22]/?/?/?; 
ttag +62 10/[16]/?/?/?; 
ttag +63 87/85/78/90/74; 
ttag +64 16/[2]/?/?/?; 
ttag +65 80/72/58/60/66; 
ttag +66 92/91/82/93/86; 
ttag +67 24/1/9/10/12; 
ttag +68 71/62/49/65/46; 
ttag +69 100/100/100/100/100; 
ttag +70 26/[3]/?/?/1; 
ttag +71 99/98/89/98/94; 
ttag +72 66/56/34/52/53; 
ttag +73 96/95/88/96/88; 
ttag +74 79/74/58/74/60; 
ttag +75 36/[1]/?/1/?; 
ttag +76 57/45/42/46/46; 
ttag +77 68/49/35/49/46; 
ttag +78 99/99/98/97/94; 
ttag +79 66/52/37/51/48; 
ttag +80 18/[5]/?/?/?; 
ttag +81 30/[17]/?/?/?; 
ttag +82 99/99/97/99/97; 
ttag +83 50/29/40/26/45; 
ttag +84 76/72/49/72/62; 
ttag +85 61/47/34/46/39; 
ttag +86 76/62/50/66/58; 
ttag +87 65/46/22/51/34; 
ttag +88 76/71/64/77/59; 
ttag +89 71/64/46/67/52; 
ttag +90 64/53/36/64/42; 
ttag +91 100/100/99/100/100; 
ttag +92 20/[2]/?/?/?; 
ttag +93 22/0/?/?/3; 
ttag +94 40/17/10/21/21; 
