tread
'Tree with tags' 
(0 (1 ((2 3 )(6 (7 ((4 (5 (8 (9 10 ))))(11 ((12 13 )((14 (17 ((15 16 )(18 (19 20 )))))(21 ((22 (23 (24 25 )))(26 (27 (28 ((29 (30 31 ))((32 (33 (34 (35 (36 (37 (38 39 )))))))((40 (41 (42 43 )))(45 (44 46 47 ))))))))))))))))))); 
ttag *!; 
ttag +49 ???; 
ttag +50 6; 
ttag +51 2; 
ttag +52 1; 
ttag +53 3; 
ttag +54 1; 
ttag +55 9; 
ttag +56 1; 
ttag +57 6; 
ttag +58 4; 
ttag +59 3; 
ttag +60 3; 
ttag +61 3; 
ttag +62 1; 
ttag +63 4; 
ttag +64 1; 
ttag +65 1; 
ttag +66 2; 
ttag +67 3; 
ttag +68 6; 
ttag +69 2; 
ttag +70 2; 
ttag +71 6; 
ttag +72 9; 
ttag +73 3; 
ttag +74 9; 
ttag +75 2; 
ttag +76 8; 
ttag +77 1; 
ttag +78 3; 
ttag +79 3; 
ttag +80 7; 
ttag +81 1; 
ttag +82 1; 
ttag +83 1; 
ttag +84 4; 
ttag +85 1; 
ttag +86 6; 
ttag +87 1; 
ttag +88 5; 
ttag +89 4; 
ttag +90 1; 
ttag +91 8; 
ttag +92 1; 
ttag +93 1; 
tread
'Tree with tags' 
(0 (1 ((2 3 )(6 (7 ((4 (5 (8 (9 10 ))))(11 ((12 13 )((14 (17 ((15 16 )(18 (19 20 )))))(21 ((22 (23 (24 25 )))(26 (27 (28 ((29 (30 31 ))((32 (33 (34 (35 (36 (37 (38 39 )))))))((40 (41 (42 43 )))(45 (47 (44 46 )))))))))))))))))))); 
ttag *!; 
ttag +0 ////; 
ttag +1 ////; 
ttag +2 ////; 
ttag +3 ////; 
ttag +4 ////; 
ttag +5 ////; 
ttag +6 ////; 
ttag +7 ////; 
ttag +8 ////; 
ttag +9 ////; 
ttag +10 ////; 
ttag +11 ////; 
ttag +12 ////; 
ttag +13 ////; 
ttag +14 ////; 
ttag +15 ////; 
ttag +16 ////; 
ttag +17 ////; 
ttag +18 ////; 
ttag +19 ////; 
ttag +20 ////; 
ttag +21 ////; 
ttag +22 ////; 
ttag +23 ////; 
ttag +24 ////; 
ttag +25 ////; 
ttag +26 ////; 
ttag +27 ////; 
ttag +28 ////; 
ttag +29 ////; 
ttag +30 ////; 
ttag +31 ////; 
ttag +32 ////; 
ttag +33 ////; 
ttag +34 ////; 
ttag +35 ////; 
ttag +36 ////; 
ttag +37 ////; 
ttag +38 ////; 
ttag +39 ////; 
ttag +40 ////; 
ttag +41 ////; 
ttag +42 ////; 
ttag +43 ////; 
ttag +44 ////; 
ttag +45 ////; 
ttag +46 ////; 
ttag +47 ////; 
ttag +48 ////; 
ttag +49 100/100/100/100/100; 
ttag +50 98/98/87/94/93; 
ttag +51 78/73/59/69/56; 
ttag +52 26/4/?/6/1; 
ttag +53 17/[33]/?/?/?; 
ttag +54 14/[48]/?/?/?; 
ttag +55 96/95/88/96/89; 
ttag +56 26/4/4/5/?; 
ttag +57 98/97/93/98/90; 
ttag +58 98/97/93/97/90; 
ttag +59 19/[32]/?/?/?; 
ttag +60 31/[19]/?/?/?; 
ttag +61 19/[31]/?/?/?; 
ttag +62 10/[25]/?/?/?; 
ttag +63 81/76/65/76/70; 
ttag +64 35/0/6/?/?; 
ttag +65 16/[53]/?/?/?; 
ttag +66 76/72/63/70/60; 
ttag +67 69/60/62/68/58; 
ttag +68 100/100/100/100/100; 
ttag +69 48/12/8/7/12; 
ttag +70 65/50/42/53/50; 
ttag +71 96/95/76/93/83; 
ttag +72 99/99/99/100/98; 
ttag +73 87/84/78/84/80; 
ttag +74 99/98/96/100/98; 
ttag +75 60/42/33/47/28; 
ttag +76 93/91/83/96/89; 
ttag +77 58/46/34/47/32; 
ttag +78 61/56/43/60/36; 
ttag +79 74/69/57/74/54; 
ttag +80 98/97/89/96/88; 
ttag +81 21/0/?/?/?; 
ttag +82 45/22/18/18/18; 
ttag +83 28/[6]/?/?/?; 
ttag +84 86/83/69/82/69; 
ttag +85 45/21/11/23/23; 
ttag +86 96/96/90/96/86; 
ttag +87 56/38/32/43/25; 
ttag +88 88/86/78/86/80; 
ttag +89 78/71/65/76/58; 
ttag +90 36/[4]/?/11/?; 
ttag +91 100/100/100/100/98; 
ttag +92 22/6/4/14/2; 
ttag +93 18/2/1/9/?; 
ttag +94 43/28/30/31/33; 
