tread
'Tree with tags' 
(0 (1 ((2 3 )(4 (5 12 13 ((7 (6 (8 (9 10 ))))(11 ((21 (26 (28 (27 ((29 (30 31 ))(((35 (32 (33 34 )))(36 (37 38 39 )))(((40 41 )(42 43 ))(44 (45 (46 47 ))))))))))(22 (23 (24 25 ))))))(14 ((15 (16 17 ))(18 (19 20 ))))))))); 
ttag *!; 
ttag +49 ???; 
ttag +50 3; 
ttag +51 8; 
ttag +52 3; 
ttag +53 1; 
ttag +54 1; 
ttag +55 1; 
ttag +56 1; 
ttag +57 9; 
ttag +58 3; 
ttag +59 2; 
ttag +60 1; 
ttag +61 2; 
ttag +62 3; 
ttag +63 5; 
ttag +64 10; 
ttag +65 6; 
ttag +66 1; 
ttag +67 2; 
ttag +68 3; 
ttag +69 3; 
ttag +70 5; 
ttag +71 6; 
ttag +72 2; 
ttag +73 3; 
ttag +74 4; 
ttag +75 2; 
ttag +76 1; 
ttag +77 1; 
ttag +78 1; 
ttag +79 7; 
ttag +80 2; 
ttag +81 2; 
ttag +82 1; 
ttag +83 6; 
ttag +84 1; 
ttag +85 5; 
ttag +86 2; 
ttag +87 4; 
ttag +88 2; 
ttag +89 2; 
ttag +90 2; 
tread
'Tree with tags' 
(0 (1 ((2 3 )(4 (((5 12 )((7 (6 (8 (9 10 ))))(11 ((21 (26 (28 (27 ((29 (30 31 ))(((35 (32 (33 34 )))(36 (39 (37 38 ))))(((40 41 )(42 43 ))(44 (45 (46 47 ))))))))))(22 (23 (24 25 )))))))(13 (14 ((15 (16 17 ))(18 (19 20 )))))))))); 
ttag *!; 
ttag +0 ////; 
ttag +1 ////; 
ttag +2 ////; 
ttag +3 ////; 
ttag +4 ////; 
ttag +5 ////; 
ttag +6 ////; 
ttag +7 ////; 
ttag +8 ////; 
ttag +9 ////; 
ttag +10 ////; 
ttag +11 ////; 
ttag +12 ////; 
ttag +13 ////; 
ttag +14 ////; 
ttag +15 ////; 
ttag +16 ////; 
ttag +17 ////; 
ttag +18 ////; 
ttag +19 ////; 
ttag +20 ////; 
ttag +21 ////; 
ttag +22 ////; 
ttag +23 ////; 
ttag +24 ////; 
ttag +25 ////; 
ttag +26 ////; 
ttag +27 ////; 
ttag +28 ////; 
ttag +29 ////; 
ttag +30 ////; 
ttag +31 ////; 
ttag +32 ////; 
ttag +33 ////; 
ttag +34 ////; 
ttag +35 ////; 
ttag +36 ////; 
ttag +37 ////; 
ttag +38 ////; 
ttag +39 ////; 
ttag +40 ////; 
ttag +41 ////; 
ttag +42 ////; 
ttag +43 ////; 
ttag +44 ////; 
ttag +45 ////; 
ttag +46 ////; 
ttag +47 ////; 
ttag +48 ////; 
ttag +49 100/100/100/100/100; 
ttag +50 76/66/59/62/57; 
ttag +51 99/99/96/98/95; 
ttag +52 85/83/79/85/82; 
ttag +53 18/4/?/?/?; 
ttag +54 6/[7]/?/?/?; 
ttag +55 55/42/35/41/40; 
ttag +56 40/30/14/23/15; 
ttag +57 54/44/31/47/34; 
ttag +58 10/0/?/?/?; 
ttag +59 100/100/99/100/98; 
ttag +60 88/86/78/86/80; 
ttag +61 48/41/24/43/28; 
ttag +62 9/[1]/?/?/?; 
ttag +63 28/14/13/28/8; 
ttag +64 85/76/71/74/69; 
ttag +65 82/79/68/80/64; 
ttag +66 95/94/92/97/94; 
ttag +67 100/100/100/100/99; 
ttag +68 99/99/98/99/97; 
ttag +69 23/[2]/?/6/?; 
ttag +70 49/39/29/40/25; 
ttag +71 58/49/54/59/46; 
ttag +72 74/64/66/72/67; 
ttag +73 90/86/82/90/81; 
ttag +74 88/86/83/86/83; 
ttag +75 30/2/?/5/?; 
ttag +76 78/73/60/66/56; 
ttag +77 79/74/62/69/61; 
ttag +78 39/15/15/20/12; 
ttag +79 65/43/47/51/51; 
ttag +80 40/9/?/?/?; 
ttag +81 47/16/4/?/?; 
ttag +82 99/98/97/99/98; 
ttag +83 49/34/22/29/16; 
ttag +84 75/69/67/71/68; 
ttag +85 62/39/51/60/54; 
ttag +86 10/[35]/?/?/?; 
ttag +87 98/97/97/97/96; 
ttag +88 36/18/15/20/20; 
ttag +89 93/90/80/92/91; 
ttag +90 61/55/51/65/51; 
ttag +91 92/88/83/88/75; 
ttag +92 70/65/63/60/53; 
ttag +93 42/20/9/30/18; 
ttag +94 58/50/46/64/42; 
