tread
'Tree with tags' 
(0 (1 ((2 3 )((6 7 (11 (4 5 )(12 (13 ((14 21 26 27 (22 (23 (24 25 )))(28 ((29 (30 31 )((40 41 )(42 43 )))((32 (35 (33 34 )(36 (37 (38 39 )))))(44 45 46 47 )))))((18 (15 (16 17 )))(19 20 )))))))(10 (8 9 )))))); 
ttag *!; 
ttag +49 ???; 
ttag +50 9; 
ttag +51 5; 
ttag +52 1; 
ttag +53 1; 
ttag +54 1; 
ttag +55 4; 
ttag +56 1; 
ttag +57 6; 
ttag +58 2; 
ttag +59 1; 
ttag +60 1; 
ttag +61 3; 
ttag +62 9; 
ttag +63 1; 
ttag +64 2; 
ttag +65 2; 
ttag +66 8; 
ttag +67 3; 
ttag +68 5; 
ttag +69 3; 
ttag +70 5; 
ttag +71 1; 
ttag +72 1; 
ttag +73 6; 
ttag +74 2; 
ttag +75 2; 
ttag +76 6; 
ttag +77 3; 
ttag +78 2; 
ttag +79 8; 
ttag +80 1; 
ttag +81 2; 
ttag +82 4; 
ttag +83 10; 
ttag +84 5; 
tread
'Tree with tags' 
(0 (1 ((2 3 )((6 (7 (11 ((4 5 )(12 (13 ((14 (21 (((22 (23 (24 25 )))(28 (((29 (30 31 ))((40 41 )(42 43 )))((32 (35 ((33 34 )(36 (37 (38 39 ))))))(47 (46 (44 45 )))))))(26 27 ))))((18 (15 (16 17 )))(19 20 )))))))))(10 (8 9 )))))); 
ttag *!; 
ttag +0 ////; 
ttag +1 ////; 
ttag +2 ////; 
ttag +3 ////; 
ttag +4 ////; 
ttag +5 ////; 
ttag +6 ////; 
ttag +7 ////; 
ttag +8 ////; 
ttag +9 ////; 
ttag +10 ////; 
ttag +11 ////; 
ttag +12 ////; 
ttag +13 ////; 
ttag +14 ////; 
ttag +15 ////; 
ttag +16 ////; 
ttag +17 ////; 
ttag +18 ////; 
ttag +19 ////; 
ttag +20 ////; 
ttag +21 ////; 
ttag +22 ////; 
ttag +23 ////; 
ttag +24 ////; 
ttag +25 ////; 
ttag +26 ////; 
ttag +27 ////; 
ttag +28 ////; 
ttag +29 ////; 
ttag +30 ////; 
ttag +31 ////; 
ttag +32 ////; 
ttag +33 ////; 
ttag +34 ////; 
ttag +35 ////; 
ttag +36 ////; 
ttag +37 ////; 
ttag +38 ////; 
ttag +39 ////; 
ttag +40 ////; 
ttag +41 ////; 
ttag +42 ////; 
ttag +43 ////; 
ttag +44 ////; 
ttag +45 ////; 
ttag +46 ////; 
ttag +47 ////; 
ttag +48 ////; 
ttag +49 100/100/100/100/100; 
ttag +50 99/99/100/99/100; 
ttag +51 78/62/62/77/55; 
ttag +52 51/33/23/18/22; 
ttag +53 26/[1]/?/3/?; 
ttag +54 35/24/17/21/16; 
ttag +55 17/4/2/8/?; 
ttag +56 37/27/14/34/18; 
ttag +57 78/73/55/74/60; 
ttag +58 65/50/38/40/34; 
ttag +59 100/100/94/98/94; 
ttag +60 66/62/46/73/50; 
ttag +61 50/46/31/47/26; 
ttag +62 65/60/42/56/44; 
ttag +63 79/76/62/76/56; 
ttag +64 99/98/99/100/100; 
ttag +65 43/16/?/12/?; 
ttag +66 73/68/46/68/46; 
ttag +67 84/80/72/90/73; 
ttag +68 100/100/100/100/100; 
ttag +69 39/9/19/14/10; 
ttag +70 75/71/63/74/68; 
ttag +71 31/[26]/?/?/?; 
ttag +72 40/10/18/16/13; 
ttag +73 95/94/89/94/88; 
ttag +74 88/86/73/92/77; 
ttag +75 32/8/12/9/5; 
ttag +76 88/82/71/80/75; 
ttag +77 27/1/12/12/10; 
ttag +78 44/30/15/31/14; 
ttag +79 45/31/18/29/21; 
ttag +80 95/94/90/96/95; 
ttag +81 50/37/34/40/43; 
ttag +82 40/33/20/32/22; 
ttag +83 95/94/91/93/90; 
ttag +84 18/[7]/?/?/?; 
ttag +85 69/64/54/62/65; 
ttag +86 96/94/88/85/85; 
ttag +87 100/100/97/99/97; 
ttag +88 66/54/47/44/37; 
ttag +89 67/47/37/54/35; 
ttag +90 88/84/76/90/77; 
ttag +91 100/100/99/100/99; 
ttag +92 33/7/7/8/6; 
ttag +93 24/[8]/?/?/?; 
ttag +94 95/94/91/95/88; 
