tread
'Tree with tags' 
(0 ((1 (4 (5 ((6 7 )(8 (9 10 ))(11 14 (12 13 )(21 (((16 (15 17 ))(18 (19 20 )))((22 (23 (24 25 )))(((((26 (46 (47 (44 45 ))))(27 28 ))(29 (30 31 )))((32 (35 (36 (38 (37 39 )))))(33 34 )))(41 (40 (42 43 ))))))))))))(2 3 ))); 
ttag *!; 
ttag +49 4; 
ttag +50 ???; 
ttag +51 4; 
ttag +52 9; 
ttag +53 1; 
ttag +54 2; 
ttag +55 2; 
ttag +56 11; 
ttag +57 3; 
ttag +58 1; 
ttag +59 3; 
ttag +60 1; 
ttag +61 3; 
ttag +62 4; 
ttag +63 1; 
ttag +64 1; 
ttag +65 5; 
ttag +66 14; 
ttag +67 4; 
ttag +68 2; 
ttag +69 8; 
ttag +70 6; 
ttag +71 1; 
ttag +72 1; 
ttag +73 1; 
ttag +74 1; 
ttag +75 1; 
ttag +76 1; 
ttag +77 8; 
ttag +78 7; 
ttag +79 1; 
ttag +80 10; 
ttag +81 3; 
ttag +82 4; 
ttag +83 1; 
ttag +84 2; 
ttag +85 4; 
ttag +86 1; 
ttag +87 6; 
ttag +88 8; 
ttag +89 1; 
ttag +90 1; 
ttag +91 1; 
tread
'Tree with tags' 
(0 ((1 (4 (5 (((6 7 )(8 (9 10 )))((11 (14 (21 (((16 (15 17 ))(18 (19 20 )))((22 (23 (24 25 )))(((((26 (46 (47 (44 45 ))))(27 28 ))(29 (30 31 )))((32 (35 (36 (38 (37 39 )))))(33 34 )))(41 (40 (42 43 )))))))))(12 13 ))))))(2 3 ))); 
ttag *!; 
ttag +0 ////; 
ttag +1 ////; 
ttag +2 ////; 
ttag +3 ////; 
ttag +4 ////; 
ttag +5 ////; 
ttag +6 ////; 
ttag +7 ////; 
ttag +8 ////; 
ttag +9 ////; 
ttag +10 ////; 
ttag +11 ////; 
ttag +12 ////; 
ttag +13 ////; 
ttag +14 ////; 
ttag +15 ////; 
ttag +16 ////; 
ttag +17 ////; 
ttag +18 ////; 
ttag +19 ////; 
ttag +20 ////; 
ttag +21 ////; 
ttag +22 ////; 
ttag +23 ////; 
ttag +24 ////; 
ttag +25 ////; 
ttag +26 ////; 
ttag +27 ////; 
ttag +28 ////; 
ttag +29 ////; 
ttag +30 ////; 
ttag +31 ////; 
ttag +32 ////; 
ttag +33 ////; 
ttag +34 ////; 
ttag +35 ////; 
ttag +36 ////; 
ttag +37 ////; 
ttag +38 ////; 
ttag +39 ////; 
ttag +40 ////; 
ttag +41 ////; 
ttag +42 ////; 
ttag +43 ////; 
ttag +44 ////; 
ttag +45 ////; 
ttag +46 ////; 
ttag +47 ////; 
ttag +48 ////; 
ttag +49 90/84/73/87/76; 
ttag +50 100/100/100/100/100; 
ttag +51 97/96/91/96/89; 
ttag +52 98/98/96/98/98; 
ttag +53 46/28/21/29/26; 
ttag +54 81/79/66/68/64; 
ttag +55 19/[4]/?/2/?; 
ttag +56 66/56/40/57/38; 
ttag +57 100/100/99/100/100; 
ttag +58 89/85/78/90/77; 
ttag +59 32/15/4/18/6; 
ttag +60 34/18/14/14/12; 
ttag +61 88/86/81/87/72; 
ttag +62 48/32/21/36/26; 
ttag +63 24/0/?/4/?; 
ttag +64 52/28/29/25/20; 
ttag +65 66/55/46/57/44; 
ttag +66 29/[6]/?/?/?; 
ttag +67 32/23/27/24/16; 
ttag +68 96/94/90/98/91; 
ttag +69 100/100/100/100/100; 
ttag +70 67/53/48/55/47; 
ttag +71 60/55/48/62/51; 
ttag +72 99/99/100/100/99; 
ttag +73 95/93/90/95/86; 
ttag +74 1/[36]/?/?/?; 
ttag +75 10/[27]/?/?/?; 
ttag +76 3/[34]/?/?/?; 
ttag +77 6/[31]/?/?/?; 
ttag +78 69/65/56/67/55; 
ttag +79 8/[26]/?/?/?; 
ttag +80 99/99/96/100/99; 
ttag +81 96/94/88/95/89; 
ttag +82 58/40/52/38/38; 
ttag +83 99/98/98/100/98; 
ttag +84 97/96/90/95/92; 
ttag +85 89/86/83/88/72; 
ttag +86 70/60/54/58/50; 
ttag +87 69/58/54/71/60; 
ttag +88 95/94/90/94/86; 
ttag +89 14/[24]/?/?/?; 
ttag +90 87/85/70/86/75; 
ttag +91 99/99/96/100/94; 
ttag +92 3/[6]/?/?/?; 
ttag +93 14/[2]/0/1/2; 
ttag +94 38/22/28/27/21; 
