tread
'Tree with tags' 
(0 (1 ((2 3 )(5 (4 (11 ((6 7 )(8 9 10 ))(13 (12 (21 (14 ((15 16 17 )(18 (19 20 ))))(22 (23 (24 25 )))(26 (27 ((28 46 (40 (41 (42 43 )))(45 (44 47 )))(29 (30 31 ))(32 ((33 34 )(35 (36 (37 38 39 ))))))))))))))))); 
ttag *!; 
ttag +49 ???; 
ttag +50 6; 
ttag +51 5; 
ttag +52 2; 
ttag +53 10; 
ttag +54 1; 
ttag +55 2; 
ttag +56 1; 
ttag +57 16; 
ttag +58 1; 
ttag +59 2; 
ttag +60 1; 
ttag +61 3; 
ttag +62 6; 
ttag +63 4; 
ttag +64 6; 
ttag +65 16; 
ttag +66 6; 
ttag +67 4; 
ttag +68 9; 
ttag +69 6; 
ttag +70 4; 
ttag +71 2; 
ttag +72 2; 
ttag +73 5; 
ttag +74 6; 
ttag +75 10; 
ttag +76 6; 
ttag +77 2; 
ttag +78 4; 
ttag +79 5; 
ttag +80 5; 
ttag +81 7; 
ttag +82 2; 
ttag +83 8; 
ttag +84 2; 
ttag +85 4; 
tread
'Tree with tags' 
(0 (1 ((2 3 )(5 (4 (((6 7 )(8 (9 10 )))(11 (13 (12 ((14 ((17 (15 16 ))(18 (19 20 ))))((21 (22 (23 (24 25 ))))(26 (27 ((((28 46 )((40 (41 (42 43 )))(45 (44 47 ))))(32 ((33 34 )(35 (36 (38 (37 39 )))))))(29 (30 31 )))))))))))))))); 
ttag *!; 
ttag +0 ////; 
ttag +1 ////; 
ttag +2 ////; 
ttag +3 ////; 
ttag +4 ////; 
ttag +5 ////; 
ttag +6 ////; 
ttag +7 ////; 
ttag +8 ////; 
ttag +9 ////; 
ttag +10 ////; 
ttag +11 ////; 
ttag +12 ////; 
ttag +13 ////; 
ttag +14 ////; 
ttag +15 ////; 
ttag +16 ////; 
ttag +17 ////; 
ttag +18 ////; 
ttag +19 ////; 
ttag +20 ////; 
ttag +21 ////; 
ttag +22 ////; 
ttag +23 ////; 
ttag +24 ////; 
ttag +25 ////; 
ttag +26 ////; 
ttag +27 ////; 
ttag +28 ////; 
ttag +29 ////; 
ttag +30 ////; 
ttag +31 ////; 
ttag +32 ////; 
ttag +33 ////; 
ttag +34 ////; 
ttag +35 ////; 
ttag +36 ////; 
ttag +37 ////; 
ttag +38 ////; 
ttag +39 ////; 
ttag +40 ////; 
ttag +41 ////; 
ttag +42 ////; 
ttag +43 ////; 
ttag +44 ////; 
ttag +45 ////; 
ttag +46 ////; 
ttag +47 ////; 
ttag +48 ////; 
ttag +49 100/100/100/100/100; 
ttag +50 96/94/90/92/86; 
ttag +51 96/95/92/95/92; 
ttag +52 49/40/32/46/28; 
ttag +53 94/92/86/94/84; 
ttag +54 54/44/38/38/38; 
ttag +55 41/35/25/45/30; 
ttag +56 46/38/34/36/34; 
ttag +57 100/100/100/100/100; 
ttag +58 44/8/?/10/14; 
ttag +59 26/4/14/11/7; 
ttag +60 20/2/5/8/8; 
ttag +61 47/38/29/38/23; 
ttag +62 18/5/6/15/3; 
ttag +63 50/42/36/60/36; 
ttag +64 34/11/?/1/10; 
ttag +65 95/94/94/95/95; 
ttag +66 73/65/62/74/56; 
ttag +67 95/94/89/96/85; 
ttag +68 100/100/100/100/100; 
ttag +69 11/[9]/?/?/?; 
ttag +70 43/28/19/23/21; 
ttag +71 96/96/88/95/90; 
ttag +72 94/91/90/93/90; 
ttag +73 100/100/99/100/100; 
ttag +74 92/91/87/92/83; 
ttag +75 82/79/70/84/70; 
ttag +76 15/[4]/?/?/?; 
ttag +77 50/43/31/54/31; 
ttag +78 15/[17]/?/?/?; 
ttag +79 75/71/58/76/54; 
ttag +80 92/91/79/91/83; 
ttag +81 98/96/92/99/93; 
ttag +82 99/99/98/98/96; 
ttag +83 92/86/84/91/76; 
ttag +84 68/62/54/71/55; 
ttag +85 93/91/84/90/84; 
ttag +86 98/97/94/96/91; 
ttag +87 32/[4]/2/?/6; 
ttag +88 97/97/93/98/92; 
ttag +89 95/92/92/94/90; 
ttag +90 19/[1]/?/?/?; 
ttag +91 71/60/43/66/48; 
ttag +92 100/100/99/99/99; 
ttag +93 50/35/20/42/20; 
ttag +94 88/86/77/87/76; 
