tread
'Tree with tags' 
(0 (1 ((2 3 )(4 (5 ((7 (6 (8 (9 10 ))))(11 ((12 13 )(14 (((15 (16 17 ))(22 (23 (24 25 ))))(18 (19 20 )))))(21 (26 (27 (28 (((29 (30 31 ))(((40 41 )(42 43 ))(45 (44 (46 47 )))))((32 (35 (36 (38 (37 39 )))))(33 34 )))))))))))))); 
ttag *!; 
ttag +49 ???; 
ttag +50 4; 
ttag +51 7; 
ttag +52 8; 
ttag +53 1; 
ttag +54 1; 
ttag +55 3; 
ttag +56 4; 
ttag +57 10; 
ttag +58 2; 
ttag +59 2; 
ttag +60 1; 
ttag +61 1; 
ttag +62 2; 
ttag +63 6; 
ttag +64 2; 
ttag +65 2; 
ttag +66 4; 
ttag +67 5; 
ttag +68 14; 
ttag +69 3; 
ttag +70 6; 
ttag +71 5; 
ttag +72 4; 
ttag +73 6; 
ttag +74 5; 
ttag +75 3; 
ttag +76 2; 
ttag +77 2; 
ttag +78 2; 
ttag +79 2; 
ttag +80 2; 
ttag +81 6; 
ttag +82 3; 
ttag +83 5; 
ttag +84 3; 
ttag +85 1; 
ttag +86 8; 
ttag +87 3; 
ttag +88 8; 
ttag +89 1; 
ttag +90 6; 
ttag +91 1; 
ttag +92 2; 
ttag +93 2; 
tread
'Tree with tags' 
(0 (1 ((2 3 )(4 (5 ((7 (6 (8 (9 10 ))))((11 ((12 13 )(14 (((15 (16 17 ))(22 (23 (24 25 ))))(18 (19 20 ))))))(21 (26 (27 (28 (((29 (30 31 ))(((40 41 )(42 43 ))(45 (44 (46 47 )))))((32 (35 (36 (38 (37 39 )))))(33 34 )))))))))))))); 
ttag *!; 
ttag +0 ////; 
ttag +1 ////; 
ttag +2 ////; 
ttag +3 ////; 
ttag +4 ////; 
ttag +5 ////; 
ttag +6 ////; 
ttag +7 ////; 
ttag +8 ////; 
ttag +9 ////; 
ttag +10 ////; 
ttag +11 ////; 
ttag +12 ////; 
ttag +13 ////; 
ttag +14 ////; 
ttag +15 ////; 
ttag +16 ////; 
ttag +17 ////; 
ttag +18 ////; 
ttag +19 ////; 
ttag +20 ////; 
ttag +21 ////; 
ttag +22 ////; 
ttag +23 ////; 
ttag +24 ////; 
ttag +25 ////; 
ttag +26 ////; 
ttag +27 ////; 
ttag +28 ////; 
ttag +29 ////; 
ttag +30 ////; 
ttag +31 ////; 
ttag +32 ////; 
ttag +33 ////; 
ttag +34 ////; 
ttag +35 ////; 
ttag +36 ////; 
ttag +37 ////; 
ttag +38 ////; 
ttag +39 ////; 
ttag +40 ////; 
ttag +41 ////; 
ttag +42 ////; 
ttag +43 ////; 
ttag +44 ////; 
ttag +45 ////; 
ttag +46 ////; 
ttag +47 ////; 
ttag +48 ////; 
ttag +49 100/100/100/100/100; 
ttag +50 89/83/74/82/78; 
ttag +51 100/100/95/97/94; 
ttag +52 98/97/92/98/94; 
ttag +53 51/41/35/35/26; 
ttag +54 47/38/30/44/29; 
ttag +55 62/59/54/67/52; 
ttag +56 71/61/58/63/57; 
ttag +57 99/99/99/100/99; 
ttag +58 83/78/74/86/72; 
ttag +59 10/[9]/?/?/?; 
ttag +60 44/34/29/37/30; 
ttag +61 38/12/4/15/8; 
ttag +62 14/[6]/?/?/?; 
ttag +63 28/3/?/7/?; 
ttag +64 98/98/99/99/98; 
ttag +65 43/15/?/12/?; 
ttag +66 25/1/?/?/?; 
ttag +67 74/58/43/58/41; 
ttag +68 89/85/82/91/80; 
ttag +69 100/100/100/100/100; 
ttag +70 64/49/30/44/28; 
ttag +71 87/82/60/86/65; 
ttag +72 88/84/74/76/65; 
ttag +73 86/80/64/82/66; 
ttag +74 89/86/67/84/62; 
ttag +75 86/84/73/82/64; 
ttag +76 74/65/55/66/45; 
ttag +77 59/38/26/38/23; 
ttag +78 42/31/22/26/18; 
ttag +79 62/57/52/52/48; 
ttag +80 76/70/61/62/66; 
ttag +81 55/41/33/52/30; 
ttag +82 97/96/94/98/92; 
ttag +83 88/85/80/92/79; 
ttag +84 90/88/80/90/83; 
ttag +85 82/76/68/82/74; 
ttag +86 36/16/17/21/4; 
ttag +87 98/98/95/98/98; 
ttag +88 80/71/72/73/67; 
ttag +89 98/98/96/97/93; 
ttag +90 68/56/45/59/53; 
ttag +91 95/94/93/95/90; 
ttag +92 26/6/?/3/?; 
ttag +93 58/52/38/48/37; 
ttag +94 65/53/40/61/47; 
