tread
'Tree with tags' 
(0 (1 ((2 3 )(4 (5 11 (6 7 (8 (9 10 )))((12 13 )(21 ((14 ((15 (16 17 ))(18 (19 20 ))))((22 (23 (24 25 )))(26 (27 (28 (29 (30 31 ))((32 ((33 34 )(35 (36 (39 (37 38 ))))))((40 (41 (42 43 )))(44 45 46 47 ))))))))))))))); 
ttag *!; 
ttag +49 ???; 
ttag +50 7; 
ttag +51 3; 
ttag +52 3; 
ttag +53 1; 
ttag +54 3; 
ttag +55 12; 
ttag +56 4; 
ttag +57 1; 
ttag +58 2; 
ttag +59 5; 
ttag +60 1; 
ttag +61 1; 
ttag +62 3; 
ttag +63 2; 
ttag +64 4; 
ttag +65 3; 
ttag +66 9; 
ttag +67 4; 
ttag +68 2; 
ttag +69 10; 
ttag +70 5; 
ttag +71 2; 
ttag +72 1; 
ttag +73 1; 
ttag +74 9; 
ttag +75 6; 
ttag +76 1; 
ttag +77 1; 
ttag +78 2; 
ttag +79 1; 
ttag +80 4; 
ttag +81 3; 
ttag +82 3; 
ttag +83 7; 
ttag +84 7; 
ttag +85 1; 
ttag +86 6; 
ttag +87 7; 
ttag +88 3; 
tread
'Tree with tags' 
(0 (1 ((2 3 )(4 (5 ((11 ((6 7 )(8 (9 10 ))))((12 13 )(21 ((14 ((15 (16 17 ))(18 (19 20 ))))((22 (23 (24 25 )))(26 (27 ((28 ((32 ((33 34 )(35 (36 (39 (37 38 ))))))((40 (41 (42 43 )))(44 (45 (46 47 ))))))(29 (30 31 ))))))))))))))); 
ttag *!; 
ttag +0 ////; 
ttag +1 ////; 
ttag +2 ////; 
ttag +3 ////; 
ttag +4 ////; 
ttag +5 ////; 
ttag +6 ////; 
ttag +7 ////; 
ttag +8 ////; 
ttag +9 ////; 
ttag +10 ////; 
ttag +11 ////; 
ttag +12 ////; 
ttag +13 ////; 
ttag +14 ////; 
ttag +15 ////; 
ttag +16 ////; 
ttag +17 ////; 
ttag +18 ////; 
ttag +19 ////; 
ttag +20 ////; 
ttag +21 ////; 
ttag +22 ////; 
ttag +23 ////; 
ttag +24 ////; 
ttag +25 ////; 
ttag +26 ////; 
ttag +27 ////; 
ttag +28 ////; 
ttag +29 ////; 
ttag +30 ////; 
ttag +31 ////; 
ttag +32 ////; 
ttag +33 ////; 
ttag +34 ////; 
ttag +35 ////; 
ttag +36 ////; 
ttag +37 ////; 
ttag +38 ////; 
ttag +39 ////; 
ttag +40 ////; 
ttag +41 ////; 
ttag +42 ////; 
ttag +43 ////; 
ttag +44 ////; 
ttag +45 ////; 
ttag +46 ////; 
ttag +47 ////; 
ttag +48 ////; 
ttag +49 100/100/100/100/100; 
ttag +50 100/100/96/97/96; 
ttag +51 84/80/71/82/68; 
ttag +52 82/78/69/72/67; 
ttag +53 36/14/7/18/6; 
ttag +54 32/[7]/0/?/?; 
ttag +55 84/82/66/85/75; 
ttag +56 22/16/7/13/12; 
ttag +57 19/[3]/?/?/?; 
ttag +58 100/100/100/100/100; 
ttag +59 95/94/92/94/87; 
ttag +60 24/2/?/3/3; 
ttag +61 53/30/28/32/28; 
ttag +62 84/82/71/85/70; 
ttag +63 21/[29]/?/?/?; 
ttag +64 45/39/26/28/29; 
ttag +65 80/74/66/74/73; 
ttag +66 59/46/37/41/34; 
ttag +67 91/88/87/90/89; 
ttag +68 66/60/44/55/46; 
ttag +69 100/100/99/99/100; 
ttag +70 94/94/84/92/87; 
ttag +71 75/67/55/65/54; 
ttag +72 98/98/97/99/98; 
ttag +73 98/97/94/97/93; 
ttag +74 60/49/44/50/40; 
ttag +75 51/40/30/33/26; 
ttag +76 10/[48]/?/?/?; 
ttag +77 42/27/13/21/6; 
ttag +78 99/99/99/100/98; 
ttag +79 98/98/96/100/98; 
ttag +80 48/36/30/34/32; 
ttag +81 43/32/27/34/34; 
ttag +82 75/66/58/59/46; 
ttag +83 41/16/2/14/4; 
ttag +84 91/90/84/95/84; 
ttag +85 94/94/90/95/86; 
ttag +86 97/96/94/94/94; 
ttag +87 99/99/96/100/94; 
ttag +88 98/97/97/98/98; 
ttag +89 59/53/44/56/49; 
ttag +90 97/96/91/98/94; 
ttag +91 100/100/100/100/100; 
ttag +92 86/81/75/86/81; 
ttag +93 16/[30]/?/?/?; 
ttag +94 15/[14]/?/?/?; 
