tread
'Tree with tags' 
(0 (1 (2 3 (4 5 (6 7 )(8 9 10 )(11 (12 13 (21 (14 (15 16 17 )(18 (19 20 )))(22 (23 (24 25 )))(28 (26 27 )(29 (30 31 ))((32 (33 (34 (35 (36 (37 (38 39 )))))))((40 (41 (42 43 )))(45 (44 (46 47 ))))))))))))); 
ttag *!; 
ttag +49 ???; 
ttag +50 5; 
ttag +51 4; 
ttag +52 4; 
ttag +53 7; 
ttag +54 1; 
ttag +55 2; 
ttag +56 1; 
ttag +57 1; 
ttag +58 7; 
ttag +59 4; 
ttag +60 4; 
ttag +61 1; 
ttag +62 9; 
ttag +63 3; 
ttag +64 1; 
ttag +65 1; 
ttag +66 9; 
ttag +67 2; 
ttag +68 6; 
ttag +69 1; 
ttag +70 3; 
ttag +71 1; 
ttag +72 1; 
ttag +73 9; 
ttag +74 5; 
ttag +75 1; 
ttag +76 6; 
ttag +77 1; 
ttag +78 4; 
ttag +79 3; 
ttag +80 1; 
ttag +81 3; 
ttag +82 1; 
tread
'Tree with tags' 
(0 (1 ((2 3 )(4 (((5 (10 (8 9 )))(11 (12 (13 (((14 (18 (19 20 )))(17 (15 16 )))((21 (22 (23 (24 25 ))))((26 27 )(28 ((29 (30 31 ))((32 (33 (34 (35 (36 (37 (38 39 )))))))((40 (41 (42 43 )))(45 (44 (46 47 ))))))))))))))(6 7 )))))); 
ttag *!; 
ttag +0 ////; 
ttag +1 ////; 
ttag +2 ////; 
ttag +3 ////; 
ttag +4 ////; 
ttag +5 ////; 
ttag +6 ////; 
ttag +7 ////; 
ttag +8 ////; 
ttag +9 ////; 
ttag +10 ////; 
ttag +11 ////; 
ttag +12 ////; 
ttag +13 ////; 
ttag +14 ////; 
ttag +15 ////; 
ttag +16 ////; 
ttag +17 ////; 
ttag +18 ////; 
ttag +19 ////; 
ttag +20 ////; 
ttag +21 ////; 
ttag +22 ////; 
ttag +23 ////; 
ttag +24 ////; 
ttag +25 ////; 
ttag +26 ////; 
ttag +27 ////; 
ttag +28 ////; 
ttag +29 ////; 
ttag +30 ////; 
ttag +31 ////; 
ttag +32 ////; 
ttag +33 ////; 
ttag +34 ////; 
ttag +35 ////; 
ttag +36 ////; 
ttag +37 ////; 
ttag +38 ////; 
ttag +39 ////; 
ttag +40 ////; 
ttag +41 ////; 
ttag +42 ////; 
ttag +43 ////; 
ttag +44 ////; 
ttag +45 ////; 
ttag +46 ////; 
ttag +47 ////; 
ttag +48 ////; 
ttag +49 100/100/100/100/100; 
ttag +50 48/8/19/10/1; 
ttag +51 90/87/78/86/72; 
ttag +52 70/63/49/63/51; 
ttag +53 15/[16]/?/?/?; 
ttag +54 17/[14]/?/?/?; 
ttag +55 9/[7]/?/?/?; 
ttag +56 89/88/82/91/81; 
ttag +57 36/[10]/?/?/?; 
ttag +58 98/98/94/100/97; 
ttag +59 47/37/24/40/26; 
ttag +60 65/59/45/67/48; 
ttag +61 27/6/4/0/8; 
ttag +62 43/4/12/10/15; 
ttag +63 42/35/25/34/27; 
ttag +64 30/24/13/27/21; 
ttag +65 18/[33]/?/?/?; 
ttag +66 99/99/98/99/97; 
ttag +67 98/98/94/96/96; 
ttag +68 99/99/95/98/98; 
ttag +69 3/[15]/?/?/?; 
ttag +70 20/13/0/9/2; 
ttag +71 32/14/18/13/16; 
ttag +72 99/99/99/99/97; 
ttag +73 75/62/51/60/56; 
ttag +74 37/27/37/34/36; 
ttag +75 30/11/13/19/16; 
ttag +76 8/[11]/?/?/?; 
ttag +77 95/94/90/98/89; 
ttag +78 10/[9]/?/?/?; 
ttag +79 83/81/76/87/78; 
ttag +80 98/98/94/98/94; 
ttag +81 18/0/2/2/2; 
ttag +82 52/31/22/37/13; 
ttag +83 16/[6]/?/?/?; 
ttag +84 29/8/14/8/6; 
ttag +85 100/100/98/99/99; 
ttag +86 94/93/88/93/82; 
ttag +87 67/55/52/57/52; 
ttag +88 96/95/85/95/91; 
ttag +89 33/14/21/22/18; 
ttag +90 78/70/72/86/68; 
ttag +91 85/79/68/80/70; 
ttag +92 12/[25]/?/?/?; 
ttag +93 71/63/56/72/50; 
ttag +94 16/[22]/?/?/?; 
