tread
'Tree with tags' 
(0 (1 ((2 3 )(4 ((5 7 11 12 (13 ((15 (16 17 ))(18 (19 20 ))))(14 (21 ((22 (23 (24 25 )))(26 (27 (28 ((29 (30 31 ))((32 ((36 (35 (33 34 )))(37 38 39 )))((40 41 (42 43 ))((44 45 )(46 47 ))))))))))))(6 (8 (9 10 )))))))); 
ttag *!; 
ttag +49 ???; 
ttag +50 3; 
ttag +51 7; 
ttag +52 6; 
ttag +53 1; 
ttag +54 3; 
ttag +55 2; 
ttag +56 9; 
ttag +57 1; 
ttag +58 2; 
ttag +59 1; 
ttag +60 7; 
ttag +61 4; 
ttag +62 2; 
ttag +63 5; 
ttag +64 10; 
ttag +65 2; 
ttag +66 3; 
ttag +67 3; 
ttag +68 10; 
ttag +69 2; 
ttag +70 9; 
ttag +71 3; 
ttag +72 1; 
ttag +73 5; 
ttag +74 2; 
ttag +75 4; 
ttag +76 9; 
ttag +77 3; 
ttag +78 5; 
ttag +79 1; 
ttag +80 4; 
ttag +81 1; 
ttag +82 4; 
ttag +83 9; 
ttag +84 2; 
ttag +85 10; 
ttag +86 2; 
ttag +87 1; 
ttag +88 1; 
tread
'Tree with tags' 
(0 (1 ((2 3 )(4 ((5 (7 (11 ((12 (13 ((15 (16 17 ))(18 (19 20 )))))(14 (21 ((22 (23 (24 25 )))(26 (27 (28 ((29 (30 31 ))((32 ((36 (35 (33 34 )))(37 (38 39 ))))((41 (40 (42 43 )))((44 45 )(46 47 )))))))))))))))(6 (8 (9 10 )))))))); 
ttag *!; 
ttag +0 ////; 
ttag +1 ////; 
ttag +2 ////; 
ttag +3 ////; 
ttag +4 ////; 
ttag +5 ////; 
ttag +6 ////; 
ttag +7 ////; 
ttag +8 ////; 
ttag +9 ////; 
ttag +10 ////; 
ttag +11 ////; 
ttag +12 ////; 
ttag +13 ////; 
ttag +14 ////; 
ttag +15 ////; 
ttag +16 ////; 
ttag +17 ////; 
ttag +18 ////; 
ttag +19 ////; 
ttag +20 ////; 
ttag +21 ////; 
ttag +22 ////; 
ttag +23 ////; 
ttag +24 ////; 
ttag +25 ////; 
ttag +26 ////; 
ttag +27 ////; 
ttag +28 ////; 
ttag +29 ////; 
ttag +30 ////; 
ttag +31 ////; 
ttag +32 ////; 
ttag +33 ////; 
ttag +34 ////; 
ttag +35 ////; 
ttag +36 ////; 
ttag +37 ////; 
ttag +38 ////; 
ttag +39 ////; 
ttag +40 ////; 
ttag +41 ////; 
ttag +42 ////; 
ttag +43 ////; 
ttag +44 ////; 
ttag +45 ////; 
ttag +46 ////; 
ttag +47 ////; 
ttag +48 ////; 
ttag +49 100/100/100/100/100; 
ttag +50 84/74/70/78/74; 
ttag +51 95/92/88/97/86; 
ttag +52 93/91/86/94/83; 
ttag +53 19/2/?/1/?; 
ttag +54 77/74/61/75/64; 
ttag +55 50/37/22/36/26; 
ttag +56 5/[14]/?/?/?; 
ttag +57 100/100/98/100/99; 
ttag +58 64/52/44/56/40; 
ttag +59 5/[10]/?/?/?; 
ttag +60 10/[5]/?/?/?; 
ttag +61 11/[4]/?/?/?; 
ttag +62 41/26/6/35/17; 
ttag +63 38/27/11/23/14; 
ttag +64 97/96/88/95/87; 
ttag +65 71/66/47/68/62; 
ttag +66 77/61/47/66/59; 
ttag +67 96/95/89/97/93; 
ttag +68 100/100/100/100/100; 
ttag +69 52/42/26/48/42; 
ttag +70 82/77/64/84/69; 
ttag +71 75/71/62/77/70; 
ttag +72 99/99/98/99/98; 
ttag +73 82/78/72/74/64; 
ttag +74 99/99/94/99/94; 
ttag +75 72/58/38/61/48; 
ttag +76 68/54/44/54/44; 
ttag +77 82/80/66/78/60; 
ttag +78 56/47/34/47/35; 
ttag +79 94/92/89/95/90; 
ttag +80 98/97/90/96/88; 
ttag +81 54/46/35/54/29; 
ttag +82 83/79/68/82/68; 
ttag +83 38/26/20/36/12; 
ttag +84 50/39/31/49/25; 
ttag +85 45/25/17/23/13; 
ttag +86 90/88/81/92/88; 
ttag +87 42/6/10/10/14; 
ttag +88 27/[2]/1/?/?; 
ttag +89 99/98/94/100/95; 
ttag +90 58/43/37/51/32; 
ttag +91 100/100/99/99/99; 
ttag +92 40/26/22/35/26; 
ttag +93 44/28/20/38/26; 
ttag +94 28/0/0/7/?; 
