tread
'Tree with tags' 
(0 (1 ((2 3 )(5 (4 ((11 ((6 7 )(10 (8 9 ))))(((12 13 )((15 (16 17 ))(18 (19 20 ))))(14 (21 ((22 (23 (24 25 )))((26 27 )(28 ((29 (30 31 ))((32 (33 34 )(35 (36 (37 (38 39 )))))((41 (40 (42 43 )))(44 45 46 47 )))))))))))))))); 
ttag *!; 
ttag +49 ???; 
ttag +50 5; 
ttag +51 4; 
ttag +52 1; 
ttag +53 3; 
ttag +54 1; 
ttag +55 2; 
ttag +56 1; 
ttag +57 2; 
ttag +58 1; 
ttag +59 11; 
ttag +60 1; 
ttag +61 1; 
ttag +62 2; 
ttag +63 1; 
ttag +64 10; 
ttag +65 2; 
ttag +66 1; 
ttag +67 2; 
ttag +68 7; 
ttag +69 3; 
ttag +70 6; 
ttag +71 2; 
ttag +72 3; 
ttag +73 5; 
ttag +74 1; 
ttag +75 3; 
ttag +76 3; 
ttag +77 2; 
ttag +78 2; 
ttag +79 5; 
ttag +80 8; 
ttag +81 1; 
ttag +82 2; 
ttag +83 4; 
ttag +84 2; 
ttag +85 5; 
ttag +86 1; 
ttag +87 1; 
ttag +88 1; 
ttag +89 1; 
ttag +90 5; 
ttag +91 2; 
tread
'Tree with tags' 
(0 (1 ((2 3 )(5 (4 ((11 ((6 7 )(10 (8 9 ))))(((12 13 )((15 (16 17 ))(18 (19 20 ))))(14 (21 ((22 (23 (24 25 )))((26 27 )(28 ((29 (30 31 ))(((32 (35 (36 (37 (38 39 )))))(33 34 ))((41 (40 (42 43 )))(47 (46 (44 45 )))))))))))))))))); 
ttag *!; 
ttag +0 ////; 
ttag +1 ////; 
ttag +2 ////; 
ttag +3 ////; 
ttag +4 ////; 
ttag +5 ////; 
ttag +6 ////; 
ttag +7 ////; 
ttag +8 ////; 
ttag +9 ////; 
ttag +10 ////; 
ttag +11 ////; 
ttag +12 ////; 
ttag +13 ////; 
ttag +14 ////; 
ttag +15 ////; 
ttag +16 ////; 
ttag +17 ////; 
ttag +18 ////; 
ttag +19 ////; 
ttag +20 ////; 
ttag +21 ////; 
ttag +22 ////; 
ttag +23 ////; 
ttag +24 ////; 
ttag +25 ////; 
ttag +26 ////; 
ttag +27 ////; 
ttag +28 ////; 
ttag +29 ////; 
ttag +30 ////; 
ttag +31 ////; 
ttag +32 ////; 
ttag +33 ////; 
ttag +34 ////; 
ttag +35 ////; 
ttag +36 ////; 
ttag +37 ////; 
ttag +38 ////; 
ttag +39 ////; 
ttag +40 ////; 
ttag +41 ////; 
ttag +42 ////; 
ttag +43 ////; 
ttag +44 ////; 
ttag +45 ////; 
ttag +46 ////; 
ttag +47 ////; 
ttag +48 ////; 
ttag +49 100/100/100/100/100; 
ttag +50 95/94/84/96/86; 
ttag +51 88/84/74/88/77; 
ttag +52 29/10/8/4/4; 
ttag +53 76/72/61/75/61; 
ttag +54 28/[16]/?/?/?; 
ttag +55 89/87/80/88/82; 
ttag +56 14/[7]/?/?/?; 
ttag +57 48/42/31/35/27; 
ttag +58 82/82/77/77/75; 
ttag +59 100/100/99/100/100; 
ttag +60 26/13/6/12/10; 
ttag +61 7/[12]/?/?/?; 
ttag +62 39/32/22/32/19; 
ttag +63 20/0/?/4/?; 
ttag +64 100/100/98/100/98; 
ttag +65 53/41/41/41/34; 
ttag +66 49/16/16/23/9; 
ttag +67 62/48/48/55/47; 
ttag +68 100/100/98/100/98; 
ttag +69 76/71/64/67/53; 
ttag +70 95/93/81/95/76; 
ttag +71 60/44/41/43/45; 
ttag +72 93/91/82/91/80; 
ttag +73 86/77/75/80/74; 
ttag +74 43/14/7/8/1; 
ttag +75 81/78/61/79/64; 
ttag +76 74/67/61/71/66; 
ttag +77 74/66/62/73/56; 
ttag +78 84/80/68/73/64; 
ttag +79 97/96/94/97/97; 
ttag +80 17/[20]/?/?/?; 
ttag +81 100/100/97/100/98; 
ttag +82 73/63/52/64/60; 
ttag +83 76/67/64/76/59; 
ttag +84 84/80/71/78/68; 
ttag +85 77/72/66/73/56; 
ttag +86 92/91/84/88/82; 
ttag +87 54/30/28/47/35; 
ttag +88 63/54/56/46/51; 
ttag +89 46/20/23/20/14; 
ttag +90 42/26/26/22/20; 
ttag +91 98/97/97/98/92; 
ttag +92 31/13/12/15/16; 
ttag +93 21/3/5/8/8; 
ttag +94 64/56/53/65/48; 
