tread
'Tree with tags' 
(0 (1 ((2 3 )(4 (6 (7 (5 ((11 ((14 (18 (19 20 )))(15 (16 17 ))))((12 13 )(21 ((22 (23 (24 25 )))(26 (27 ((28 ((32 ((33 34 )(35 (36 (37 (38 39 ))))))((41 (40 (42 43 )))(46 (47 (44 45 ))))))(29 (30 31 )))))))))))(8 (9 10 ))))))); 
ttag *!; 
ttag +49 ???; 
ttag +50 2; 
ttag +51 2; 
ttag +52 5; 
ttag +53 1; 
ttag +54 1; 
ttag +55 1; 
ttag +56 10; 
ttag +57 2; 
ttag +58 1; 
ttag +59 1; 
ttag +60 1; 
ttag +61 1; 
ttag +62 1; 
ttag +63 1; 
ttag +64 9; 
ttag +65 1; 
ttag +66 1; 
ttag +67 10; 
ttag +68 1; 
ttag +69 2; 
ttag +70 8; 
ttag +71 5; 
ttag +72 7; 
ttag +73 4; 
ttag +74 3; 
ttag +75 1; 
ttag +76 3; 
ttag +77 2; 
ttag +78 7; 
ttag +79 10; 
ttag +80 3; 
ttag +81 6; 
ttag +82 1; 
ttag +83 5; 
ttag +84 3; 
ttag +85 12; 
ttag +86 6; 
ttag +87 2; 
ttag +88 7; 
ttag +89 2; 
ttag +90 8; 
ttag +91 2; 
ttag +92 1; 
ttag +93 2; 
tread
'Tree with tags' 
(0 (1 ((2 3 )(4 ((6 (7 (5 ((11 ((14 (18 (19 20 )))(15 (16 17 ))))((12 13 )(21 ((22 (23 (24 25 )))(26 (27 ((28 ((32 ((33 34 )(35 (36 (37 (38 39 ))))))((41 (40 (42 43 )))(46 (47 (44 45 ))))))(29 (30 31 ))))))))))))(8 (9 10 ))))))); 
ttag *!; 
ttag +0 ////; 
ttag +1 ////; 
ttag +2 ////; 
ttag +3 ////; 
ttag +4 ////; 
ttag +5 ////; 
ttag +6 ////; 
ttag +7 ////; 
ttag +8 ////; 
ttag +9 ////; 
ttag +10 ////; 
ttag +11 ////; 
ttag +12 ////; 
ttag +13 ////; 
ttag +14 ////; 
ttag +15 ////; 
ttag +16 ////; 
ttag +17 ////; 
ttag +18 ////; 
ttag +19 ////; 
ttag +20 ////; 
ttag +21 ////; 
ttag +22 ////; 
ttag +23 ////; 
ttag +24 ////; 
ttag +25 ////; 
ttag +26 ////; 
ttag +27 ////; 
ttag +28 ////; 
ttag +29 ////; 
ttag +30 ////; 
ttag +31 ////; 
ttag +32 ////; 
ttag +33 ////; 
ttag +34 ////; 
ttag +35 ////; 
ttag +36 ////; 
ttag +37 ////; 
ttag +38 ////; 
ttag +39 ////; 
ttag +40 ////; 
ttag +41 ////; 
ttag +42 ////; 
ttag +43 ////; 
ttag +44 ////; 
ttag +45 ////; 
ttag +46 ////; 
ttag +47 ////; 
ttag +48 ////; 
ttag +49 100/100/100/100/100; 
ttag +50 70/49/52/57/54; 
ttag +51 75/61/60/66/65; 
ttag +52 84/81/63/82/71; 
ttag +53 1/[24]/?/?/?; 
ttag +54 5/[20]/?/?/?; 
ttag +55 3/[22]/?/?/?; 
ttag +56 8/[18]/?/?/?; 
ttag +57 99/98/99/100/97; 
ttag +58 48/9/13/8/2; 
ttag +59 0/[18]/?/?/?; 
ttag +60 0/[18]/?/?/?; 
ttag +61 18/5/3/11/8; 
ttag +62 4/[13]/?/?/?; 
ttag +63 22/11/6/2/4; 
ttag +64 9/[4]/?/?/?; 
ttag +65 94/92/85/96/92; 
ttag +66 61/37/42/44/34; 
ttag +67 54/44/40/46/41; 
ttag +68 100/100/98/100/98; 
ttag +69 37/20/12/30/17; 
ttag +70 66/58/41/49/42; 
ttag +71 95/93/86/93/88; 
ttag +72 79/68/56/80/58; 
ttag +73 100/100/97/98/96; 
ttag +74 65/57/44/63/47; 
ttag +75 39/26/16/32/22; 
ttag +76 18/4/6/1/?; 
ttag +77 32/20/5/19/7; 
ttag +78 26/13/11/22/15; 
ttag +79 98/98/96/97/97; 
ttag +80 100/100/97/100/97; 
ttag +81 40/30/21/28/14; 
ttag +82 94/92/83/96/85; 
ttag +83 34/2/?/3/?; 
ttag +84 94/90/73/85/80; 
ttag +85 88/84/68/82/73; 
ttag +86 99/99/95/98/92; 
ttag +87 96/94/95/96/96; 
ttag +88 42/21/16/25/23; 
ttag +89 88/84/85/87/84; 
ttag +90 72/65/57/69/53; 
ttag +91 98/97/93/100/96; 
ttag +92 45/23/15/13/15; 
ttag +93 23/[3]/?/?/?; 
ttag +94 56/34/27/35/25; 
