tread
'Tree with tags' 
(0 (1 ((2 3 )(4 (5 (7 (6 (8 (9 10 ))))(11 (12 (13 ((14 ((15 (16 17 ))(18 (19 20 ))))(21 (26 (22 (23 (24 25 )))(27 (28 (29 (30 31 ))(32 33 34 35 (36 (38 (37 39 ))))(40 41 (42 43 ))(46 (44 45 47 ))))))))))))))); 
ttag *!; 
ttag +49 ???; 
ttag +50 4; 
ttag +51 5; 
ttag +52 5; 
ttag +53 2; 
ttag +54 1; 
ttag +55 3; 
ttag +56 12; 
ttag +57 2; 
ttag +58 2; 
ttag +59 1; 
ttag +60 2; 
ttag +61 2; 
ttag +62 2; 
ttag +63 4; 
ttag +64 2; 
ttag +65 1; 
ttag +66 3; 
ttag +67 6; 
ttag +68 1; 
ttag +69 5; 
ttag +70 2; 
ttag +71 5; 
ttag +72 5; 
ttag +73 3; 
ttag +74 5; 
ttag +75 2; 
ttag +76 1; 
ttag +77 8; 
ttag +78 3; 
ttag +79 1; 
ttag +80 9; 
ttag +81 8; 
ttag +82 3; 
ttag +83 1; 
ttag +84 2; 
tread
'Tree with tags' 
(0 (1 ((2 3 )(4 (5 ((7 (6 (8 (9 10 ))))(11 (12 (13 ((14 ((15 (16 17 ))(18 (19 20 ))))(21 (26 ((22 (23 (24 25 )))(27 (((28 (46 (45 (44 47 ))))((29 (30 31 ))((40 41 )(42 43 ))))((35 (32 (33 34 )))(36 (38 (37 39 ))))))))))))))))))); 
ttag *!; 
ttag +0 ////; 
ttag +1 ////; 
ttag +2 ////; 
ttag +3 ////; 
ttag +4 ////; 
ttag +5 ////; 
ttag +6 ////; 
ttag +7 ////; 
ttag +8 ////; 
ttag +9 ////; 
ttag +10 ////; 
ttag +11 ////; 
ttag +12 ////; 
ttag +13 ////; 
ttag +14 ////; 
ttag +15 ////; 
ttag +16 ////; 
ttag +17 ////; 
ttag +18 ////; 
ttag +19 ////; 
ttag +20 ////; 
ttag +21 ////; 
ttag +22 ////; 
ttag +23 ////; 
ttag +24 ////; 
ttag +25 ////; 
ttag +26 ////; 
ttag +27 ////; 
ttag +28 ////; 
ttag +29 ////; 
ttag +30 ////; 
ttag +31 ////; 
ttag +32 ////; 
ttag +33 ////; 
ttag +34 ////; 
ttag +35 ////; 
ttag +36 ////; 
ttag +37 ////; 
ttag +38 ////; 
ttag +39 ////; 
ttag +40 ////; 
ttag +41 ////; 
ttag +42 ////; 
ttag +43 ////; 
ttag +44 ////; 
ttag +45 ////; 
ttag +46 ////; 
ttag +47 ////; 
ttag +48 ////; 
ttag +49 100/100/100/100/100; 
ttag +50 82/76/69/85/72; 
ttag +51 89/87/78/93/81; 
ttag +52 87/86/72/87/78; 
ttag +53 47/28/17/34/19; 
ttag +54 32/12/6/24/5; 
ttag +55 44/24/14/35/15; 
ttag +56 24/4/?/0/?; 
ttag +57 100/100/98/100/99; 
ttag +58 72/66/57/70/53; 
ttag +59 57/51/47/59/48; 
ttag +60 39/24/26/28/23; 
ttag +61 48/36/32/50/30; 
ttag +62 57/50/40/53/39; 
ttag +63 41/34/30/36/27; 
ttag +64 87/83/83/86/84; 
ttag +65 45/36/28/35/24; 
ttag +66 58/44/36/45/36; 
ttag +67 84/76/72/86/78; 
ttag +68 100/100/97/100/99; 
ttag +69 60/55/42/54/44; 
ttag +70 89/86/78/91/84; 
ttag +71 27/[24]/?/?/?; 
ttag +72 52/33/28/37/26; 
ttag +73 99/99/98/99/97; 
ttag +74 95/94/94/97/93; 
ttag +75 88/85/74/88/77; 
ttag +76 4/[33]/?/?/?; 
ttag +77 11/[26]/?/?/?; 
ttag +78 93/90/78/92/84; 
ttag +79 91/90/80/90/83; 
ttag +80 37/11/8/13/?; 
ttag +81 55/35/39/45/25; 
ttag +82 27/4/12/10/8; 
ttag +83 13/[22]/?/?/?; 
ttag +84 97/96/96/99/98; 
ttag +85 57/34/36/40/33; 
ttag +86 95/95/91/92/91; 
ttag +87 64/47/37/48/40; 
ttag +88 98/98/98/99/99; 
ttag +89 47/7/7/11/15; 
ttag +90 99/99/96/99/98; 
ttag +91 98/98/91/93/97; 
ttag +92 26/24/28/16/25; 
ttag +93 44/35/34/48/37; 
ttag +94 58/49/42/56/40; 
