tread
'Tree with tags' 
(0 (1 4 5 (2 3 )(6 7 )(8 9 10 )(11 (12 13 )((14 ((15 (16 17 ))(18 (19 20 ))))(21 (22 (23 (24 25 )))(26 (27 (28 (31 (29 30 ))(32 33 34 (35 (36 (38 (37 39 )))))(40 41 (42 43 ))(44 45 46 47 ))))))))); 
ttag *!; 
ttag +49 ???; 
ttag +50 2; 
ttag +51 2; 
ttag +52 2; 
ttag +53 1; 
ttag +54 1; 
ttag +55 1; 
ttag +56 4; 
ttag +57 5; 
ttag +58 1; 
ttag +59 1; 
ttag +60 4; 
ttag +61 11; 
ttag +62 1; 
ttag +63 7; 
ttag +64 11; 
ttag +65 13; 
ttag +66 7; 
ttag +67 3; 
ttag +68 2; 
ttag +69 2; 
ttag +70 8; 
ttag +71 6; 
ttag +72 2; 
ttag +73 3; 
ttag +74 1; 
ttag +75 2; 
ttag +76 2; 
ttag +77 6; 
ttag +78 4; 
tread
'Tree with tags' 
(0 ((1 (2 3 ))(4 (5 ((6 7 )((8 (9 10 ))((11 (12 13 ))((14 ((15 (16 17 ))(18 (19 20 ))))(21 ((22 (23 (24 25 )))(26 (27 (((28 ((32 (34 (33 (35 (36 (38 (37 39 )))))))(46 (44 (45 47 )))))(40 (41 (42 43 ))))(31 (29 30 ))))))))))))))); 
ttag *!; 
ttag +0 ////; 
ttag +1 ////; 
ttag +2 ////; 
ttag +3 ////; 
ttag +4 ////; 
ttag +5 ////; 
ttag +6 ////; 
ttag +7 ////; 
ttag +8 ////; 
ttag +9 ////; 
ttag +10 ////; 
ttag +11 ////; 
ttag +12 ////; 
ttag +13 ////; 
ttag +14 ////; 
ttag +15 ////; 
ttag +16 ////; 
ttag +17 ////; 
ttag +18 ////; 
ttag +19 ////; 
ttag +20 ////; 
ttag +21 ////; 
ttag +22 ////; 
ttag +23 ////; 
ttag +24 ////; 
ttag +25 ////; 
ttag +26 ////; 
ttag +27 ////; 
ttag +28 ////; 
ttag +29 ////; 
ttag +30 ////; 
ttag +31 ////; 
ttag +32 ////; 
ttag +33 ////; 
ttag +34 ////; 
ttag +35 ////; 
ttag +36 ////; 
ttag +37 ////; 
ttag +38 ////; 
ttag +39 ////; 
ttag +40 ////; 
ttag +41 ////; 
ttag +42 ////; 
ttag +43 ////; 
ttag +44 ////; 
ttag +45 ////; 
ttag +46 ////; 
ttag +47 ////; 
ttag +48 ////; 
ttag +49 38/[1]/?/2/1; 
ttag +50 100/100/100/100/100; 
ttag +51 80/72/64/78/73; 
ttag +52 60/50/46/50/45; 
ttag +53 30/20/18/20/13; 
ttag +54 72/68/57/75/57; 
ttag +55 13/3/0/?/?; 
ttag +56 90/88/83/86/82; 
ttag +57 8/[2]/?/?/?; 
ttag +58 53/22/25/13/13; 
ttag +59 11/[10]/?/?/?; 
ttag +60 24/16/7/22/10; 
ttag +61 66/63/50/62/44; 
ttag +62 46/29/15/25/17; 
ttag +63 65/63/45/72/48; 
ttag +64 96/95/88/94/92; 
ttag +65 45/28/20/28/24; 
ttag +66 49/20/8/21/18; 
ttag +67 91/89/82/89/83; 
ttag +68 100/100/100/100/100; 
ttag +69 44/27/19/24/24; 
ttag +70 96/94/90/96/93; 
ttag +71 29/15/19/20/23; 
ttag +72 98/98/99/100/100; 
ttag +73 100/100/100/100/100; 
ttag +74 95/93/88/95/90; 
ttag +75 77/71/66/72/58; 
ttag +76 24/7/?/?/?; 
ttag +77 7/[8]/?/?/?; 
ttag +78 65/59/45/59/35; 
ttag +79 87/85/72/82/72; 
ttag +80 98/98/96/99/98; 
ttag +81 98/97/94/98/94; 
ttag +82 32/10/?/8/?; 
ttag +83 10/[34]/?/?/?; 
ttag +84 57/46/36/44/34; 
ttag +85 71/66/66/74/57; 
ttag +86 80/74/76/73/61; 
ttag +87 67/49/41/52/51; 
ttag +88 62/46/46/54/37; 
ttag +89 83/81/74/80/64; 
ttag +90 62/42/34/34/40; 
ttag +91 98/98/95/98/97; 
ttag +92 62/50/40/54/46; 
ttag +93 90/88/78/90/84; 
ttag +94 43/23/4/22/11; 
