tread
'Tree with tags' 
(0 (1 ((2 3 )(4 (5 11 (6 7 (8 (9 10 )))((12 13 )(14 21 (17 (15 16 ))(18 (19 20 ))((22 (23 (24 25 )))(26 27 28 ((29 (30 31 ))(((36 (35 (32 (33 34 ))))(37 (38 39 )))((40 (41 (42 43 )))((44 45 )(46 47 )))))))))))))); 
ttag *!; 
ttag +49 ???; 
ttag +50 5; 
ttag +51 3; 
ttag +52 5; 
ttag +53 2; 
ttag +54 5; 
ttag +55 7; 
ttag +56 1; 
ttag +57 1; 
ttag +58 2; 
ttag +59 1; 
ttag +60 1; 
ttag +61 7; 
ttag +62 5; 
ttag +63 4; 
ttag +64 2; 
ttag +65 5; 
ttag +66 10; 
ttag +67 3; 
ttag +68 4; 
ttag +69 5; 
ttag +70 1; 
ttag +71 4; 
ttag +72 1; 
ttag +73 1; 
ttag +74 1; 
ttag +75 4; 
ttag +76 1; 
ttag +77 5; 
ttag +78 8; 
ttag +79 3; 
ttag +80 1; 
ttag +81 5; 
ttag +82 2; 
ttag +83 2; 
ttag +84 1; 
ttag +85 3; 
ttag +86 1; 
tread
'Tree with tags' 
(0 (1 ((2 3 )(4 ((11 (5 (7 (6 (8 (9 10 ))))))((12 13 )((14 ((17 (15 16 ))(18 (19 20 ))))(21 ((22 (23 (24 25 )))(26 (27 (28 ((29 (30 31 ))(((36 (35 (32 (33 34 ))))(37 (38 39 )))((40 (41 (42 43 )))((44 45 )(46 47 ))))))))))))))))); 
ttag *!; 
ttag +0 ////; 
ttag +1 ////; 
ttag +2 ////; 
ttag +3 ////; 
ttag +4 ////; 
ttag +5 ////; 
ttag +6 ////; 
ttag +7 ////; 
ttag +8 ////; 
ttag +9 ////; 
ttag +10 ////; 
ttag +11 ////; 
ttag +12 ////; 
ttag +13 ////; 
ttag +14 ////; 
ttag +15 ////; 
ttag +16 ////; 
ttag +17 ////; 
ttag +18 ////; 
ttag +19 ////; 
ttag +20 ////; 
ttag +21 ////; 
ttag +22 ////; 
ttag +23 ////; 
ttag +24 ////; 
ttag +25 ////; 
ttag +26 ////; 
ttag +27 ////; 
ttag +28 ////; 
ttag +29 ////; 
ttag +30 ////; 
ttag +31 ////; 
ttag +32 ////; 
ttag +33 ////; 
ttag +34 ////; 
ttag +35 ////; 
ttag +36 ////; 
ttag +37 ////; 
ttag +38 ////; 
ttag +39 ////; 
ttag +40 ////; 
ttag +41 ////; 
ttag +42 ////; 
ttag +43 ////; 
ttag +44 ////; 
ttag +45 ////; 
ttag +46 ////; 
ttag +47 ////; 
ttag +48 ////; 
ttag +49 100/100/100/100/100; 
ttag +50 97/96/93/96/90; 
ttag +51 84/77/56/78/60; 
ttag +52 95/94/90/96/89; 
ttag +53 24/[25]/?/?/?; 
ttag +54 12/[37]/?/?/?; 
ttag +55 58/54/32/62/40; 
ttag +56 44/24/18/30/24; 
ttag +57 96/96/84/96/91; 
ttag +58 100/100/99/100/100; 
ttag +59 77/69/75/68/64; 
ttag +60 66/61/47/54/51; 
ttag +61 76/72/60/78/59; 
ttag +62 23/[5]/?/6/?; 
ttag +63 59/50/41/55/40; 
ttag +64 51/24/28/32/28; 
ttag +65 97/97/95/99/93; 
ttag +66 21/[7]/2/?/?; 
ttag +67 98/97/95/98/93; 
ttag +68 95/94/90/96/88; 
ttag +69 49/27/28/33/29; 
ttag +70 81/76/65/80/60; 
ttag +71 94/93/88/94/86; 
ttag +72 99/99/99/100/99; 
ttag +73 95/94/92/96/90; 
ttag +74 82/79/64/84/61; 
ttag +75 14/[51]/?/?/?; 
ttag +76 32/12/8/19/8; 
ttag +77 95/94/86/93/88; 
ttag +78 52/36/23/23/28; 
ttag +79 93/91/84/93/86; 
ttag +80 30/16/12/17/13; 
ttag +81 16/[9]/?/1/?; 
ttag +82 24/[2]/?/?/?; 
ttag +83 90/88/74/85/75; 
ttag +84 34/12/8/24/11; 
ttag +85 98/97/94/98/92; 
ttag +86 99/99/91/98/92; 
ttag +87 70/56/38/51/38; 
ttag +88 66/52/51/53/51; 
ttag +89 84/81/74/84/80; 
ttag +90 67/57/49/66/54; 
ttag +91 79/74/71/80/73; 
ttag +92 60/51/56/64/52; 
ttag +93 54/39/29/42/31; 
ttag +94 38/22/16/26/18; 
