tread
'Tree with tags' 
(0 (1 (3 (2 ((4 5 )(((6 7 )(8 9 10 ))(11 (12 13 ((14 ((15 16 17 )(18 (19 20 ))))(21 ((22 (23 (24 25 )))(26 (27 (28 ((29 (32 ((33 34 )((35 36 )(37 38 39 )))))((30 31 )((40 (41 (42 43 )))(47 (44 (45 46 )))))))))))))))))))); 
ttag *!; 
ttag +49 ???; 
ttag +50 1; 
ttag +51 5; 
ttag +52 1; 
ttag +53 5; 
ttag +54 1; 
ttag +55 3; 
ttag +56 3; 
ttag +57 6; 
ttag +58 2; 
ttag +59 1; 
ttag +60 1; 
ttag +61 3; 
ttag +62 12; 
ttag +63 1; 
ttag +64 2; 
ttag +65 8; 
ttag +66 1; 
ttag +67 5; 
ttag +68 1; 
ttag +69 4; 
ttag +70 7; 
ttag +71 8; 
ttag +72 3; 
ttag +73 4; 
ttag +74 2; 
ttag +75 3; 
ttag +76 5; 
ttag +77 1; 
ttag +78 10; 
ttag +79 6; 
ttag +80 2; 
ttag +81 1; 
ttag +82 2; 
ttag +83 4; 
ttag +84 8; 
ttag +85 3; 
ttag +86 5; 
ttag +87 5; 
ttag +88 1; 
ttag +89 5; 
ttag +90 3; 
tread
'Tree with tags' 
(0 (1 (3 (2 ((4 5 )(((6 7 )(10 (8 9 )))(11 (12 (13 ((14 ((15 (16 17 ))(18 (19 20 ))))(21 ((22 (23 (24 25 )))(26 (27 (28 ((29 (32 ((33 34 )((35 36 )(38 (37 39 ))))))((30 31 )((40 (41 (42 43 )))(47 (44 (45 46 ))))))))))))))))))))); 
ttag *!; 
ttag +0 ////; 
ttag +1 ////; 
ttag +2 ////; 
ttag +3 ////; 
ttag +4 ////; 
ttag +5 ////; 
ttag +6 ////; 
ttag +7 ////; 
ttag +8 ////; 
ttag +9 ////; 
ttag +10 ////; 
ttag +11 ////; 
ttag +12 ////; 
ttag +13 ////; 
ttag +14 ////; 
ttag +15 ////; 
ttag +16 ////; 
ttag +17 ////; 
ttag +18 ////; 
ttag +19 ////; 
ttag +20 ////; 
ttag +21 ////; 
ttag +22 ////; 
ttag +23 ////; 
ttag +24 ////; 
ttag +25 ////; 
ttag +26 ////; 
ttag +27 ////; 
ttag +28 ////; 
ttag +29 ////; 
ttag +30 ////; 
ttag +31 ////; 
ttag +32 ////; 
ttag +33 ////; 
ttag +34 ////; 
ttag +35 ////; 
ttag +36 ////; 
ttag +37 ////; 
ttag +38 ////; 
ttag +39 ////; 
ttag +40 ////; 
ttag +41 ////; 
ttag +42 ////; 
ttag +43 ////; 
ttag +44 ////; 
ttag +45 ////; 
ttag +46 ////; 
ttag +47 ////; 
ttag +48 ////; 
ttag +49 100/100/100/100/100; 
ttag +50 34/[5]/3/5/?; 
ttag +51 87/82/83/91/78; 
ttag +52 39/28/34/34/30; 
ttag +53 85/78/71/81/70; 
ttag +54 65/53/48/56/58; 
ttag +55 57/50/35/52/34; 
ttag +56 66/58/49/58/46; 
ttag +57 42/3/?/1/?; 
ttag +58 98/98/94/97/92; 
ttag +59 58/49/35/55/36; 
ttag +60 52/38/25/33/32; 
ttag +61 17/[12]/?/?/?; 
ttag +62 19/1/?/8/?; 
ttag +63 79/76/60/83/64; 
ttag +64 100/100/99/100/100; 
ttag +65 52/34/29/42/30; 
ttag +66 41/4/?/17/8; 
ttag +67 78/70/64/71/66; 
ttag +68 100/100/99/100/100; 
ttag +69 70/65/59/71/63; 
ttag +70 93/92/77/90/78; 
ttag +71 46/24/19/28/24; 
ttag +72 88/82/74/86/78; 
ttag +73 100/100/98/100/97; 
ttag +74 96/94/85/93/89; 
ttag +75 59/34/16/29/10; 
ttag +76 75/59/43/54/44; 
ttag +77 14/[19]/?/?/?; 
ttag +78 70/62/52/69/47; 
ttag +79 89/87/79/86/82; 
ttag +80 18/[16]/?/?/?; 
ttag +81 99/98/97/99/96; 
ttag +82 94/91/89/93/90; 
ttag +83 44/21/17/30/30; 
ttag +84 44/34/22/37/21; 
ttag +85 65/56/50/63/58; 
ttag +86 32/8/?/6/6; 
ttag +87 76/67/68/81/70; 
ttag +88 96/95/94/98/94; 
ttag +89 51/42/32/54/41; 
ttag +90 96/95/88/96/87; 
ttag +91 95/92/90/93/85; 
ttag +92 27/4/2/18/2; 
ttag +93 82/79/62/80/63; 
ttag +94 40/23/17/32/14; 
