tread
'Tree with tags' 
(0 (1 (2 3 )(4 (5 (6 7 11 12 13 14 21 22 26 27 28 (8 (9 10 ))((15 (16 17 ))(18 (19 20 )))(23 (24 25 ))(29 (30 31 )(32 35 (33 34 )(36 (37 38 39 )))(41 (40 (42 43 )))(44 45 46 47 ))))))); 
ttag *!; 
ttag +49 ???; 
ttag +50 4; 
ttag +51 5; 
ttag +52 3; 
ttag +53 2; 
ttag +54 8; 
ttag +55 1; 
ttag +56 5; 
ttag +57 1; 
ttag +58 6; 
ttag +59 3; 
ttag +60 8; 
ttag +61 4; 
ttag +62 7; 
ttag +63 4; 
ttag +64 3; 
ttag +65 4; 
ttag +66 2; 
ttag +67 3; 
ttag +68 2; 
ttag +69 2; 
ttag +70 7; 
ttag +71 3; 
ttag +72 2; 
tread
'Tree with tags' 
(0 ((1 (2 3 ))(4 (5 (7 ((6 (8 (9 10 )))((11 (14 (((15 (16 17 ))(18 (19 20 )))(21 ((22 (23 (24 25 )))((28 (26 27 ))((((29 (30 31 ))(41 (40 (42 43 ))))(32 (35 ((33 34 )(36 (37 (38 39 )))))))(47 (45 (44 46 ))))))))))(12 13 )))))))); 
ttag *!; 
ttag +0 ////; 
ttag +1 ////; 
ttag +2 ////; 
ttag +3 ////; 
ttag +4 ////; 
ttag +5 ////; 
ttag +6 ////; 
ttag +7 ////; 
ttag +8 ////; 
ttag +9 ////; 
ttag +10 ////; 
ttag +11 ////; 
ttag +12 ////; 
ttag +13 ////; 
ttag +14 ////; 
ttag +15 ////; 
ttag +16 ////; 
ttag +17 ////; 
ttag +18 ////; 
ttag +19 ////; 
ttag +20 ////; 
ttag +21 ////; 
ttag +22 ////; 
ttag +23 ////; 
ttag +24 ////; 
ttag +25 ////; 
ttag +26 ////; 
ttag +27 ////; 
ttag +28 ////; 
ttag +29 ////; 
ttag +30 ////; 
ttag +31 ////; 
ttag +32 ////; 
ttag +33 ////; 
ttag +34 ////; 
ttag +35 ////; 
ttag +36 ////; 
ttag +37 ////; 
ttag +38 ////; 
ttag +39 ////; 
ttag +40 ////; 
ttag +41 ////; 
ttag +42 ////; 
ttag +43 ////; 
ttag +44 ////; 
ttag +45 ////; 
ttag +46 ////; 
ttag +47 ////; 
ttag +48 ////; 
ttag +49 25/[1]/?/?/?; 
ttag +50 100/100/100/100/100; 
ttag +51 85/80/77/83/78; 
ttag +52 84/82/68/84/70; 
ttag +53 65/56/39/62/42; 
ttag +54 15/[16]/?/?/?; 
ttag +55 10/0/?/?/?; 
ttag +56 50/46/33/46/31; 
ttag +57 100/100/99/99/99; 
ttag +58 75/66/64/74/62; 
ttag +59 10/[20]/?/?/?; 
ttag +60 10/[20]/?/?/?; 
ttag +61 34/23/22/34/16; 
ttag +62 6/[4]/?/?/?; 
ttag +63 98/97/91/96/86; 
ttag +64 62/56/34/52/38; 
ttag +65 0/[26]/?/?/?; 
ttag +66 90/86/77/88/78; 
ttag +67 90/89/74/90/77; 
ttag +68 100/100/100/100/100; 
ttag +69 28/16/16/24/11; 
ttag +70 30/22/18/18/19; 
ttag +71 8/[14]/?/?/?; 
ttag +72 99/99/97/98/98; 
ttag +73 99/99/97/100/97; 
ttag +74 67/60/52/54/48; 
ttag +75 17/[30]/?/?/?; 
ttag +76 30/7/11/15/15; 
ttag +77 28/3/1/2/8; 
ttag +78 11/[23]/?/?/?; 
ttag +79 12/[21]/?/?/?; 
ttag +80 87/86/82/90/76; 
ttag +81 82/77/73/85/73; 
ttag +82 86/82/74/86/71; 
ttag +83 81/80/78/81/74; 
ttag +84 24/[1]/?/4/?; 
ttag +85 56/38/33/38/27; 
ttag +86 78/73/69/77/65; 
ttag +87 75/70/60/68/58; 
ttag +88 28/10/2/8/10; 
ttag +89 66/50/50/58/47; 
ttag +90 99/98/93/98/92; 
ttag +91 86/82/76/84/72; 
ttag +92 3/[31]/?/?/?; 
ttag +93 12/[22]/?/?/?; 
ttag +94 70/65/50/71/57; 
