tread
'Tree with tags' 
(0 (1 ((2 3 )(4 5 6 7 11 (8 (9 10 ))((12 13 )(14 (18 (19 20 ))))(21 ((15 (16 17 ))(22 (23 (24 25 )))(26 27 (28 (29 (30 31 ))((32 ((33 34 )(35 (36 (37 38 39 )))))(44 45 46 47 ))(40 (41 (42 43 ))))))))))); 
ttag *!; 
ttag +49 ???; 
ttag +50 3; 
ttag +51 3; 
ttag +52 3; 
ttag +53 6; 
ttag +54 5; 
ttag +55 1; 
ttag +56 1; 
ttag +57 2; 
ttag +58 6; 
ttag +59 3; 
ttag +60 1; 
ttag +61 2; 
ttag +62 7; 
ttag +63 14; 
ttag +64 2; 
ttag +65 7; 
ttag +66 10; 
ttag +67 2; 
ttag +68 3; 
ttag +69 2; 
ttag +70 4; 
ttag +71 6; 
ttag +72 1; 
ttag +73 4; 
ttag +74 5; 
ttag +75 2; 
ttag +76 1; 
ttag +77 4; 
ttag +78 3; 
ttag +79 4; 
ttag +80 6; 
ttag +81 5; 
tread
'Tree with tags' 
(0 (1 ((2 3 )((4 5 )((7 (6 (8 (9 10 ))))(11 (((12 13 )(14 (18 (19 20 ))))(21 ((15 (16 17 ))((22 (23 (24 25 )))((26 27 )(((28 ((32 ((33 34 )(35 (36 (39 (37 38 ))))))(46 (45 (44 47 )))))(29 (30 31 )))(40 (41 (42 43 ))))))))))))))); 
ttag *!; 
ttag +0 ////; 
ttag +1 ////; 
ttag +2 ////; 
ttag +3 ////; 
ttag +4 ////; 
ttag +5 ////; 
ttag +6 ////; 
ttag +7 ////; 
ttag +8 ////; 
ttag +9 ////; 
ttag +10 ////; 
ttag +11 ////; 
ttag +12 ////; 
ttag +13 ////; 
ttag +14 ////; 
ttag +15 ////; 
ttag +16 ////; 
ttag +17 ////; 
ttag +18 ////; 
ttag +19 ////; 
ttag +20 ////; 
ttag +21 ////; 
ttag +22 ////; 
ttag +23 ////; 
ttag +24 ////; 
ttag +25 ////; 
ttag +26 ////; 
ttag +27 ////; 
ttag +28 ////; 
ttag +29 ////; 
ttag +30 ////; 
ttag +31 ////; 
ttag +32 ////; 
ttag +33 ////; 
ttag +34 ////; 
ttag +35 ////; 
ttag +36 ////; 
ttag +37 ////; 
ttag +38 ////; 
ttag +39 ////; 
ttag +40 ////; 
ttag +41 ////; 
ttag +42 ////; 
ttag +43 ////; 
ttag +44 ////; 
ttag +45 ////; 
ttag +46 ////; 
ttag +47 ////; 
ttag +48 ////; 
ttag +49 100/100/100/100/100; 
ttag +50 92/89/78/90/77; 
ttag +51 83/73/70/73/69; 
ttag +52 48/31/19/32/12; 
ttag +53 72/66/58/67/60; 
ttag +54 37/30/30/26/23; 
ttag +55 15/3/7/?/?; 
ttag +56 47/42/32/40/35; 
ttag +57 99/99/97/98/99; 
ttag +58 98/98/98/98/98; 
ttag +59 61/54/41/50/46; 
ttag +60 76/70/54/62/50; 
ttag +61 27/15/?/21/6; 
ttag +62 11/[19]/?/?/?; 
ttag +63 40/27/6/31/17; 
ttag +64 98/98/92/98/93; 
ttag +65 70/58/38/66/48; 
ttag +66 26/14/1/26/9; 
ttag +67 88/82/73/74/79; 
ttag +68 96/96/93/98/91; 
ttag +69 100/100/100/100/100; 
ttag +70 74/67/58/64/62; 
ttag +71 36/4/21/?/14; 
ttag +72 99/98/98/99/95; 
ttag +73 100/100/99/100/100; 
ttag +74 24/[20]/?/?/?; 
ttag +75 59/44/51/54/42; 
ttag +76 6/[33]/?/?/?; 
ttag +77 10/[29]/?/?/?; 
ttag +78 76/74/66/81/62; 
ttag +79 58/47/32/52/33; 
ttag +80 83/75/75/86/66; 
ttag +81 95/94/88/95/90; 
ttag +82 17/[22]/?/?/?; 
ttag +83 92/90/82/92/73; 
ttag +84 90/89/75/89/68; 
ttag +85 86/82/64/75/63; 
ttag +86 45/18/26/28/12; 
ttag +87 23/[16]/?/?/?; 
ttag +88 95/94/85/93/82; 
ttag +89 85/82/76/91/75; 
ttag +90 86/80/70/82/73; 
ttag +91 99/98/96/98/96; 
ttag +92 20/1/5/?/5; 
ttag +93 10/[15]/?/?/?; 
ttag +94 98/98/90/96/90; 
