tread
'Tree with tags' 
(0 (1 ((2 3 )(13 (4 5 6 7 11 12 14 (8 (9 10 ))((15 (16 17 ))(18 (19 20 )))(21 ((22 (23 (24 25 )))(26 (27 (28 ((29 (30 31 ))(44 45 46 47 ((32 ((35 (33 34 ))(36 (37 (38 39 )))))(40 (41 (42 43 )))))))))))))))); 
ttag *!; 
ttag +49 ???; 
ttag +50 4; 
ttag +51 1; 
ttag +52 2; 
ttag +53 5; 
ttag +54 7; 
ttag +55 2; 
ttag +56 4; 
ttag +57 2; 
ttag +58 5; 
ttag +59 4; 
ttag +60 11; 
ttag +61 1; 
ttag +62 7; 
ttag +63 3; 
ttag +64 3; 
ttag +65 7; 
ttag +66 6; 
ttag +67 3; 
ttag +68 3; 
ttag +69 4; 
ttag +70 2; 
ttag +71 10; 
ttag +72 5; 
ttag +73 1; 
ttag +74 1; 
ttag +75 4; 
ttag +76 1; 
ttag +77 1; 
ttag +78 4; 
ttag +79 7; 
ttag +80 2; 
ttag +81 2; 
ttag +82 2; 
ttag +83 7; 
tread
'Tree with tags' 
(0 (1 ((2 3 )(13 (5 ((4 (11 (12 (14 (((15 (16 17 ))(18 (19 20 )))(21 ((22 (23 (24 25 )))(26 (27 (28 ((29 (30 31 ))(((32 ((35 (33 34 ))(36 (37 (38 39 )))))(40 (41 (42 43 ))))((44 45 )(46 47 ))))))))))))))(6 (7 (8 (9 10 )))))))))); 
ttag *!; 
ttag +0 ////; 
ttag +1 ////; 
ttag +2 ////; 
ttag +3 ////; 
ttag +4 ////; 
ttag +5 ////; 
ttag +6 ////; 
ttag +7 ////; 
ttag +8 ////; 
ttag +9 ////; 
ttag +10 ////; 
ttag +11 ////; 
ttag +12 ////; 
ttag +13 ////; 
ttag +14 ////; 
ttag +15 ////; 
ttag +16 ////; 
ttag +17 ////; 
ttag +18 ////; 
ttag +19 ////; 
ttag +20 ////; 
ttag +21 ////; 
ttag +22 ////; 
ttag +23 ////; 
ttag +24 ////; 
ttag +25 ////; 
ttag +26 ////; 
ttag +27 ////; 
ttag +28 ////; 
ttag +29 ////; 
ttag +30 ////; 
ttag +31 ////; 
ttag +32 ////; 
ttag +33 ////; 
ttag +34 ////; 
ttag +35 ////; 
ttag +36 ////; 
ttag +37 ////; 
ttag +38 ////; 
ttag +39 ////; 
ttag +40 ////; 
ttag +41 ////; 
ttag +42 ////; 
ttag +43 ////; 
ttag +44 ////; 
ttag +45 ////; 
ttag +46 ////; 
ttag +47 ////; 
ttag +48 ////; 
ttag +49 100/100/100/100/100; 
ttag +50 92/88/88/98/88; 
ttag +51 63/44/41/50/44; 
ttag +52 2/[36]/?/?/?; 
ttag +53 9/[30]/?/?/?; 
ttag +54 62/55/39/60/45; 
ttag +55 88/83/84/92/84; 
ttag +56 30/27/22/32/18; 
ttag +57 40/29/28/33/28; 
ttag +58 100/100/99/99/99; 
ttag +59 77/70/70/76/77; 
ttag +60 8/[2]/5/?/?; 
ttag +61 8/[2]/?/?/?; 
ttag +62 13/[7]/?/?/?; 
ttag +63 86/82/75/91/76; 
ttag +64 65/61/54/68/60; 
ttag +65 10/0/?/2/?; 
ttag +66 96/96/96/99/98; 
ttag +67 98/98/98/99/96; 
ttag +68 100/100/100/100/100; 
ttag +69 31/20/21/21/16; 
ttag +70 99/98/96/98/95; 
ttag +71 70/66/62/66/60; 
ttag +72 82/72/60/81/68; 
ttag +73 99/99/96/100/98; 
ttag +74 82/77/72/82/72; 
ttag +75 54/32/25/34/21; 
ttag +76 51/29/33/38/25; 
ttag +77 82/80/71/77/64; 
ttag +78 31/9/7/14/4; 
ttag +79 100/100/98/100/98; 
ttag +80 93/92/83/93/83; 
ttag +81 40/24/6/32/14; 
ttag +82 36/21/16/17/21; 
ttag +83 67/59/44/62/47; 
ttag +84 39/16/9/25/8; 
ttag +85 49/35/22/44/25; 
ttag +86 78/71/62/74/53; 
ttag +87 92/88/84/91/79; 
ttag +88 79/76/70/85/69; 
ttag +89 66/50/50/42/46; 
ttag +90 45/27/24/26/20; 
ttag +91 99/98/98/98/97; 
ttag +92 42/31/20/33/19; 
ttag +93 46/27/21/17/23; 
ttag +94 20/[8]/?/?/?; 
