tread
'Tree with tags' 
(0 (1 (2 3 )(4 (5 (11 (6 (7 (8 (9 10 )))))(12 13 (14 (17 (15 16 ))(18 (19 20 ))(21 ((22 (23 (24 25 )))(26 27 (28 29 (30 31 )((32 (33 34 (35 36 38 (37 39 ))))((40 (41 (42 43 )))(44 45 (46 47 )))))))))))))); 
ttag *!; 
ttag +49 ???; 
ttag +50 6; 
ttag +51 5; 
ttag +52 1; 
ttag +53 2; 
ttag +54 1; 
ttag +55 1; 
ttag +56 4; 
ttag +57 3; 
ttag +58 2; 
ttag +59 4; 
ttag +60 1; 
ttag +61 8; 
ttag +62 3; 
ttag +63 6; 
ttag +64 2; 
ttag +65 2; 
ttag +66 4; 
ttag +67 7; 
ttag +68 3; 
ttag +69 7; 
ttag +70 1; 
ttag +71 2; 
ttag +72 1; 
ttag +73 1; 
ttag +74 2; 
ttag +75 1; 
ttag +76 1; 
ttag +77 2; 
ttag +78 1; 
ttag +79 1; 
ttag +80 9; 
ttag +81 3; 
ttag +82 1; 
tread
'Tree with tags' 
(0 ((1 (2 3 ))(4 (5 ((11 (6 (7 (8 (9 10 )))))(13 (12 ((14 ((17 (15 16 ))(18 (19 20 ))))(21 ((22 (23 (24 25 )))(26 (27 (28 (29 ((30 31 )((32 ((33 34 )(35 (36 (38 (37 39 ))))))((40 (41 (42 43 )))(44 (45 (46 47 )))))))))))))))))))); 
ttag *!; 
ttag +0 ////; 
ttag +1 ////; 
ttag +2 ////; 
ttag +3 ////; 
ttag +4 ////; 
ttag +5 ////; 
ttag +6 ////; 
ttag +7 ////; 
ttag +8 ////; 
ttag +9 ////; 
ttag +10 ////; 
ttag +11 ////; 
ttag +12 ////; 
ttag +13 ////; 
ttag +14 ////; 
ttag +15 ////; 
ttag +16 ////; 
ttag +17 ////; 
ttag +18 ////; 
ttag +19 ////; 
ttag +20 ////; 
ttag +21 ////; 
ttag +22 ////; 
ttag +23 ////; 
ttag +24 ////; 
ttag +25 ////; 
ttag +26 ////; 
ttag +27 ////; 
ttag +28 ////; 
ttag +29 ////; 
ttag +30 ////; 
ttag +31 ////; 
ttag +32 ////; 
ttag +33 ////; 
ttag +34 ////; 
ttag +35 ////; 
ttag +36 ////; 
ttag +37 ////; 
ttag +38 ////; 
ttag +39 ////; 
ttag +40 ////; 
ttag +41 ////; 
ttag +42 ////; 
ttag +43 ////; 
ttag +44 ////; 
ttag +45 ////; 
ttag +46 ////; 
ttag +47 ////; 
ttag +48 ////; 
ttag +49 26/[31]/?/?/?; 
ttag +50 100/100/100/100/100; 
ttag +51 99/99/97/99/95; 
ttag +52 92/90/77/93/82; 
ttag +53 39/22/15/25/18; 
ttag +54 78/71/65/72/65; 
ttag +55 25/4/13/6/10; 
ttag +56 10/[10]/?/?/?; 
ttag +57 54/43/43/40/40; 
ttag +58 91/90/81/93/82; 
ttag +59 97/97/89/95/88; 
ttag +60 18/1/?/7/?; 
ttag +61 57/52/32/49/36; 
ttag +62 26/[4]/?/0/?; 
ttag +63 56/49/33/49/33; 
ttag +64 54/29/23/31/28; 
ttag +65 96/94/89/97/88; 
ttag +66 34/15/9/11/14; 
ttag +67 92/90/82/91/85; 
ttag +68 99/99/99/99/98; 
ttag +69 56/41/30/39/21; 
ttag +70 71/61/49/62/45; 
ttag +71 82/78/62/82/68; 
ttag +72 96/95/88/97/85; 
ttag +73 75/63/58/74/49; 
ttag +74 96/96/90/98/87; 
ttag +75 30/0/?/?/?; 
ttag +76 60/50/42/58/47; 
ttag +77 46/37/25/30/19; 
ttag +78 80/76/78/82/70; 
ttag +79 20/2/3/1/2; 
ttag +80 76/71/63/71/61; 
ttag +81 40/32/18/29/17; 
ttag +82 49/38/34/40/29; 
ttag +83 64/52/55/59/49; 
ttag +84 48/36/28/40/27; 
ttag +85 26/[6]/9/3/?; 
ttag +86 77/72/71/73/65; 
ttag +87 39/14/19/18/13; 
ttag +88 67/58/42/62/48; 
ttag +89 34/13/15/21/14; 
ttag +90 53/32/36/38/33; 
ttag +91 99/99/99/99/97; 
ttag +92 94/94/86/93/87; 
ttag +93 20/[1]/?/2/1; 
ttag +94 55/41/36/37/30; 
