tread
'Tree with tags' 
(0 (1 ((2 3 )(5 (4 (11 ((6 7 (8 (9 10 )))((12 13 )((14 (21 ((22 (23 (24 25 )))(26 (27 (28 ((29 (30 31 ))((32 ((33 34 )(35 (36 (38 (37 39 ))))))((40 (41 (42 43 )))(46 (47 (44 45 ))))))))))))((15 (16 17 ))(18 (19 20 )))))))))))); 
ttag *!; 
ttag +49 ???; 
ttag +50 10; 
ttag +51 9; 
ttag +52 1; 
ttag +53 7; 
ttag +54 1; 
ttag +55 1; 
ttag +56 1; 
ttag +57 11; 
ttag +58 3; 
ttag +59 1; 
ttag +60 3; 
ttag +61 1; 
ttag +62 3; 
ttag +63 3; 
ttag +64 6; 
ttag +65 1; 
ttag +66 6; 
ttag +67 6; 
ttag +68 1; 
ttag +69 4; 
ttag +70 1; 
ttag +71 4; 
ttag +72 5; 
ttag +73 7; 
ttag +74 3; 
ttag +75 3; 
ttag +76 6; 
ttag +77 3; 
ttag +78 5; 
ttag +79 4; 
ttag +80 1; 
ttag +81 2; 
ttag +82 3; 
ttag +83 2; 
ttag +84 2; 
ttag +85 1; 
ttag +86 1; 
ttag +87 9; 
ttag +88 2; 
ttag +89 4; 
ttag +90 10; 
ttag +91 1; 
ttag +92 2; 
ttag +93 7; 
tread
'Tree with tags' 
(0 (1 ((2 3 )(5 (4 (11 ((7 (6 (8 (9 10 ))))((12 13 )((14 (21 ((22 (23 (24 25 )))(26 (27 (28 ((29 (30 31 ))((32 ((33 34 )(35 (36 (38 (37 39 ))))))((40 (41 (42 43 )))(46 (47 (44 45 ))))))))))))((15 (16 17 ))(18 (19 20 )))))))))))); 
ttag *!; 
ttag +0 ////; 
ttag +1 ////; 
ttag +2 ////; 
ttag +3 ////; 
ttag +4 ////; 
ttag +5 ////; 
ttag +6 ////; 
ttag +7 ////; 
ttag +8 ////; 
ttag +9 ////; 
ttag +10 ////; 
ttag +11 ////; 
ttag +12 ////; 
ttag +13 ////; 
ttag +14 ////; 
ttag +15 ////; 
ttag +16 ////; 
ttag +17 ////; 
ttag +18 ////; 
ttag +19 ////; 
ttag +20 ////; 
ttag +21 ////; 
ttag +22 ////; 
ttag +23 ////; 
ttag +24 ////; 
ttag +25 ////; 
ttag +26 ////; 
ttag +27 ////; 
ttag +28 ////; 
ttag +29 ////; 
ttag +30 ////; 
ttag +31 ////; 
ttag +32 ////; 
ttag +33 ////; 
ttag +34 ////; 
ttag +35 ////; 
ttag +36 ////; 
ttag +37 ////; 
ttag +38 ////; 
ttag +39 ////; 
ttag +40 ////; 
ttag +41 ////; 
ttag +42 ////; 
ttag +43 ////; 
ttag +44 ////; 
ttag +45 ////; 
ttag +46 ////; 
ttag +47 ////; 
ttag +48 ////; 
ttag +49 100/100/100/100/100; 
ttag +50 100/100/100/100/99; 
ttag +51 100/100/100/100/98; 
ttag +52 58/50/39/46/32; 
ttag +53 97/95/87/97/86; 
ttag +54 1/[23]/?/?/?; 
ttag +55 63/50/41/51/47; 
ttag +56 46/41/28/39/25; 
ttag +57 52/42/25/45/26; 
ttag +58 100/100/99/100/100; 
ttag +59 89/86/76/90/80; 
ttag +60 52/39/36/39/31; 
ttag +61 65/57/39/68/41; 
ttag +62 32/17/16/24/8; 
ttag +63 68/63/42/68/47; 
ttag +64 71/64/59/74/56; 
ttag +65 89/87/83/93/80; 
ttag +66 17/[23]/?/?/?; 
ttag +67 97/97/96/100/96; 
ttag +68 98/98/94/99/96; 
ttag +69 29/20/18/24/19; 
ttag +70 78/73/56/74/46; 
ttag +71 52/44/31/40/32; 
ttag +72 98/97/92/98/85; 
ttag +73 99/99/98/97/95; 
ttag +74 90/86/80/87/76; 
ttag +75 50/23/12/24/18; 
ttag +76 55/36/18/30/25; 
ttag +77 97/97/86/96/91; 
ttag +78 47/28/10/25/16; 
ttag +79 96/94/86/97/93; 
ttag +80 87/85/69/85/76; 
ttag +81 17/[8]/?/?/?; 
ttag +82 42/24/20/34/26; 
ttag +83 58/39/31/40/40; 
ttag +84 66/48/47/60/42; 
ttag +85 61/36/35/54/37; 
ttag +86 65/47/47/41/48; 
ttag +87 45/12/6/32/4; 
ttag +88 99/99/100/99/99; 
ttag +89 31/4/?/9/2; 
ttag +90 81/73/71/83/69; 
ttag +91 100/100/99/100/100; 
ttag +92 70/68/58/55/58; 
ttag +93 47/22/14/33/21; 
ttag +94 84/79/66/75/75; 
