tread
'Tree with tags' 
(0 ((1 ((11 (((4 5 )(6 7 ))((12 13 )(14 (((15 (16 17 ))(18 (19 20 )))(21 ((26 (22 (23 (24 25 ))))(27 (28 (29 (30 31 ))(32 ((33 34 )(35 (36 (37 38 39 )))))(44 45 (40 (41 (42 43 )))(46 47 )))))))))))(8 (9 10 ))))(2 3 ))); 
ttag *!; 
ttag +49 1; 
ttag +50 ???; 
ttag +51 10; 
ttag +52 1; 
ttag +53 1; 
ttag +54 1; 
ttag +55 1; 
ttag +56 4; 
ttag +57 3; 
ttag +58 7; 
ttag +59 5; 
ttag +60 4; 
ttag +61 6; 
ttag +62 4; 
ttag +63 7; 
ttag +64 3; 
ttag +65 1; 
ttag +66 2; 
ttag +67 8; 
ttag +68 10; 
ttag +69 1; 
ttag +70 8; 
ttag +71 1; 
ttag +72 4; 
ttag +73 6; 
ttag +74 6; 
ttag +75 1; 
ttag +76 1; 
ttag +77 2; 
ttag +78 4; 
ttag +79 3; 
ttag +80 2; 
ttag +81 2; 
ttag +82 3; 
ttag +83 3; 
ttag +84 6; 
ttag +85 8; 
ttag +86 4; 
ttag +87 2; 
ttag +88 8; 
ttag +89 1; 
tread
'Tree with tags' 
(0 ((1 ((11 (((4 5 )(6 7 ))((12 13 )(14 (((15 (16 17 ))(18 (19 20 )))(21 ((26 (22 (23 (24 25 ))))(27 (28 ((29 (30 31 ))((32 ((33 34 )(35 (36 (37 (38 39 ))))))(44 ((45 (40 (41 (42 43 ))))(46 47 ))))))))))))))(8 (9 10 ))))(2 3 ))); 
ttag *!; 
ttag +0 ////; 
ttag +1 ////; 
ttag +2 ////; 
ttag +3 ////; 
ttag +4 ////; 
ttag +5 ////; 
ttag +6 ////; 
ttag +7 ////; 
ttag +8 ////; 
ttag +9 ////; 
ttag +10 ////; 
ttag +11 ////; 
ttag +12 ////; 
ttag +13 ////; 
ttag +14 ////; 
ttag +15 ////; 
ttag +16 ////; 
ttag +17 ////; 
ttag +18 ////; 
ttag +19 ////; 
ttag +20 ////; 
ttag +21 ////; 
ttag +22 ////; 
ttag +23 ////; 
ttag +24 ////; 
ttag +25 ////; 
ttag +26 ////; 
ttag +27 ////; 
ttag +28 ////; 
ttag +29 ////; 
ttag +30 ////; 
ttag +31 ////; 
ttag +32 ////; 
ttag +33 ////; 
ttag +34 ////; 
ttag +35 ////; 
ttag +36 ////; 
ttag +37 ////; 
ttag +38 ////; 
ttag +39 ////; 
ttag +40 ////; 
ttag +41 ////; 
ttag +42 ////; 
ttag +43 ////; 
ttag +44 ////; 
ttag +45 ////; 
ttag +46 ////; 
ttag +47 ////; 
ttag +48 ////; 
ttag +49 40/8/?/9/?; 
ttag +50 100/100/100/100/100; 
ttag +51 98/98/98/97/96; 
ttag +52 28/13/15/20/14; 
ttag +53 10/[17]/?/?/?; 
ttag +54 21/[6]/?/?/?; 
ttag +55 48/20/19/19/11; 
ttag +56 81/76/61/81/66; 
ttag +57 69/63/54/66/49; 
ttag +58 99/98/97/99/98; 
ttag +59 89/87/87/91/81; 
ttag +60 88/87/76/88/81; 
ttag +61 91/89/78/89/76; 
ttag +62 79/78/63/77/63; 
ttag +63 99/98/94/100/94; 
ttag +64 67/63/48/72/48; 
ttag +65 19/1/3/?/2; 
ttag +66 66/55/44/61/45; 
ttag +67 98/98/94/98/92; 
ttag +68 100/100/98/100/98; 
ttag +69 36/27/16/31/18; 
ttag +70 97/96/87/99/89; 
ttag +71 51/41/20/36/20; 
ttag +72 61/57/37/62/38; 
ttag +73 95/93/94/96/94; 
ttag +74 97/96/94/98/95; 
ttag +75 35/26/26/34/26; 
ttag +76 35/26/24/36/17; 
ttag +77 89/87/77/84/81; 
ttag +78 70/64/52/52/50; 
ttag +79 93/92/91/95/86; 
ttag +80 80/77/74/80/73; 
ttag +81 43/17/12/27/14; 
ttag +82 68/65/61/72/63; 
ttag +83 68/62/55/62/47; 
ttag +84 84/82/79/84/71; 
ttag +85 93/91/78/91/77; 
ttag +86 98/97/97/98/98; 
ttag +87 34/1/1/?/1; 
ttag +88 100/100/99/99/99; 
ttag +89 27/[3]/?/?/?; 
ttag +90 7/[28]/?/?/?; 
ttag +91 78/74/67/83/65; 
ttag +92 80/72/65/69/64; 
ttag +93 100/100/100/100/98; 
ttag +94 52/40/32/50/34; 
