tread
'Tree with tags' 
(0 (1 (2 3 )(4 (11 12 14 21 (5 13 )((6 7 )(8 (9 10 )))((15 (16 17 ))(18 (19 20 )))(22 (23 (24 25 )))(26 27 (28 ((29 (30 31 ))(((32 (33 34 )(35 (36 (37 (38 39 )))))(45 (47 (44 46 ))))(40 (41 (42 43 ))))))))))); 
ttag *!; 
ttag +49 ???; 
ttag +50 7; 
ttag +51 3; 
ttag +52 2; 
ttag +53 3; 
ttag +54 1; 
ttag +55 2; 
ttag +56 8; 
ttag +57 1; 
ttag +58 4; 
ttag +59 3; 
ttag +60 1; 
ttag +61 2; 
ttag +62 7; 
ttag +63 4; 
ttag +64 3; 
ttag +65 11; 
ttag +66 4; 
ttag +67 5; 
ttag +68 6; 
ttag +69 1; 
ttag +70 7; 
ttag +71 8; 
ttag +72 1; 
ttag +73 3; 
ttag +74 4; 
ttag +75 3; 
ttag +76 4; 
ttag +77 4; 
ttag +78 1; 
ttag +79 5; 
ttag +80 1; 
ttag +81 9; 
ttag +82 1; 
ttag +83 1; 
ttag +84 4; 
tread
'Tree with tags' 
(0 ((1 (4 (((11 (5 13 ))((6 7 )(8 (9 10 ))))(12 (14 ((21 ((15 (16 17 ))(18 (19 20 ))))((22 (23 (24 25 )))((26 27 )(28 ((29 (30 31 ))(((32 ((33 34 )(35 (36 (37 (38 39 ))))))(45 (47 (44 46 ))))(40 (41 (42 43 ))))))))))))))(2 3 ))); 
ttag *!; 
ttag +0 ////; 
ttag +1 ////; 
ttag +2 ////; 
ttag +3 ////; 
ttag +4 ////; 
ttag +5 ////; 
ttag +6 ////; 
ttag +7 ////; 
ttag +8 ////; 
ttag +9 ////; 
ttag +10 ////; 
ttag +11 ////; 
ttag +12 ////; 
ttag +13 ////; 
ttag +14 ////; 
ttag +15 ////; 
ttag +16 ////; 
ttag +17 ////; 
ttag +18 ////; 
ttag +19 ////; 
ttag +20 ////; 
ttag +21 ////; 
ttag +22 ////; 
ttag +23 ////; 
ttag +24 ////; 
ttag +25 ////; 
ttag +26 ////; 
ttag +27 ////; 
ttag +28 ////; 
ttag +29 ////; 
ttag +30 ////; 
ttag +31 ////; 
ttag +32 ////; 
ttag +33 ////; 
ttag +34 ////; 
ttag +35 ////; 
ttag +36 ////; 
ttag +37 ////; 
ttag +38 ////; 
ttag +39 ////; 
ttag +40 ////; 
ttag +41 ////; 
ttag +42 ////; 
ttag +43 ////; 
ttag +44 ////; 
ttag +45 ////; 
ttag +46 ////; 
ttag +47 ////; 
ttag +48 ////; 
ttag +49 26/[20]/?/?/?; 
ttag +50 100/100/100/100/100; 
ttag +51 98/98/95/97/93; 
ttag +52 61/48/35/51/37; 
ttag +53 46/37/30/42/32; 
ttag +54 8/[8]/?/?/0; 
ttag +55 12/[4]/?/0/?; 
ttag +56 54/50/39/51/41; 
ttag +57 44/22/22/26/26; 
ttag +58 61/57/34/55/42; 
ttag +59 99/99/96/99/98; 
ttag +60 51/25/32/39/36; 
ttag +61 17/0/?/7/0; 
ttag +62 36/30/17/34/24; 
ttag +63 96/96/95/98/90; 
ttag +64 93/92/82/96/80; 
ttag +65 20/2/?/?/?; 
ttag +66 12/[5]/?/?/?; 
ttag +67 68/54/43/44/31; 
ttag +68 71/57/53/71/59; 
ttag +69 99/99/97/99/98; 
ttag +70 87/83/70/92/79; 
ttag +71 40/27/25/28/24; 
ttag +72 79/72/59/81/64; 
ttag +73 100/100/99/100/99; 
ttag +74 24/[24]/?/?/?; 
ttag +75 87/84/72/89/72; 
ttag +76 88/84/80/94/84; 
ttag +77 98/98/94/98/92; 
ttag +78 68/57/47/52/44; 
ttag +79 96/96/93/98/91; 
ttag +80 96/96/94/100/96; 
ttag +81 27/9/?/21/5; 
ttag +82 72/56/60/73/52; 
ttag +83 98/97/91/97/95; 
ttag +84 13/[26]/?/?/?; 
ttag +85 86/84/83/88/84; 
ttag +86 95/94/87/91/89; 
ttag +87 93/90/90/95/87; 
ttag +88 45/28/15/28/25; 
ttag +89 96/96/89/93/91; 
ttag +90 54/28/24/38/27; 
ttag +91 100/100/99/100/98; 
ttag +92 40/20/29/25/22; 
ttag +93 37/18/22/20/18; 
ttag +94 68/63/54/70/52; 
