tread
'Tree with tags' 
(0 (1 (2 3 )(4 5 11 14 21 26 27 28 (6 7 )(8 (9 10 ))(12 13 )((15 (16 17 ))(18 (19 20 )))(22 (23 (24 25 )))((29 (30 31 ))(32 ((33 34 )(35 (36 37 38 39 ))))(41 (40 (42 43 )))(46 47 (44 45 )))))); 
ttag *!; 
ttag +49 ???; 
ttag +50 7; 
ttag +51 2; 
ttag +52 2; 
ttag +53 9; 
ttag +54 3; 
ttag +55 1; 
ttag +56 5; 
ttag +57 2; 
ttag +58 3; 
ttag +59 2; 
ttag +60 12; 
ttag +61 1; 
ttag +62 5; 
ttag +63 7; 
ttag +64 9; 
ttag +65 1; 
ttag +66 4; 
ttag +67 4; 
ttag +68 5; 
ttag +69 1; 
ttag +70 1; 
ttag +71 7; 
ttag +72 3; 
ttag +73 5; 
ttag +74 7; 
ttag +75 2; 
ttag +76 1; 
tread
'Tree with tags' 
(0 (1 ((2 3 )(((((21 ((((4 5 )(8 (9 10 )))(6 7 ))(12 13 )))(11 14 ))((15 (16 17 ))(18 (19 20 ))))(22 (23 (24 25 ))))((28 (26 27 ))((29 (30 31 ))(((32 ((33 34 )(35 (36 (39 (37 38 ))))))((44 45 )(46 47 )))(41 (40 (42 43 )))))))))); 
ttag *!; 
ttag +0 ////; 
ttag +1 ////; 
ttag +2 ////; 
ttag +3 ////; 
ttag +4 ////; 
ttag +5 ////; 
ttag +6 ////; 
ttag +7 ////; 
ttag +8 ////; 
ttag +9 ////; 
ttag +10 ////; 
ttag +11 ////; 
ttag +12 ////; 
ttag +13 ////; 
ttag +14 ////; 
ttag +15 ////; 
ttag +16 ////; 
ttag +17 ////; 
ttag +18 ////; 
ttag +19 ////; 
ttag +20 ////; 
ttag +21 ////; 
ttag +22 ////; 
ttag +23 ////; 
ttag +24 ////; 
ttag +25 ////; 
ttag +26 ////; 
ttag +27 ////; 
ttag +28 ////; 
ttag +29 ////; 
ttag +30 ////; 
ttag +31 ////; 
ttag +32 ////; 
ttag +33 ////; 
ttag +34 ////; 
ttag +35 ////; 
ttag +36 ////; 
ttag +37 ////; 
ttag +38 ////; 
ttag +39 ////; 
ttag +40 ////; 
ttag +41 ////; 
ttag +42 ////; 
ttag +43 ////; 
ttag +44 ////; 
ttag +45 ////; 
ttag +46 ////; 
ttag +47 ////; 
ttag +48 ////; 
ttag +49 100/100/100/100/100; 
ttag +50 98/98/95/98/95; 
ttag +51 62/38/37/39/38; 
ttag +52 32/16/15/11/14; 
ttag +53 9/[9]/?/?/?; 
ttag +54 15/[3]/?/?/?; 
ttag +55 0/[18]/?/?/?; 
ttag +56 6/[12]/?/?/?; 
ttag +57 10/[8]/?/?/?; 
ttag +58 49/30/29/34/26; 
ttag +59 6/[51]/?/?/?; 
ttag +60 80/71/56/67/58; 
ttag +61 75/70/62/73/57; 
ttag +62 100/100/98/99/99; 
ttag +63 91/88/87/89/83; 
ttag +64 39/31/17/26/19; 
ttag +65 66/58/52/63/54; 
ttag +66 95/93/85/94/87; 
ttag +67 88/86/78/84/75; 
ttag +68 80/72/66/71/64; 
ttag +69 88/85/79/86/80; 
ttag +70 100/100/100/100/100; 
ttag +71 65/54/47/49/48; 
ttag +72 98/98/94/96/92; 
ttag +73 99/99/97/99/98; 
ttag +74 56/42/46/46/30; 
ttag +75 3/[20]/?/?/?; 
ttag +76 38/28/19/30/21; 
ttag +77 99/99/99/100/98; 
ttag +78 56/49/42/32/39; 
ttag +79 93/91/85/91/84; 
ttag +80 76/71/60/77/58; 
ttag +81 28/[6]/?/?/3; 
ttag +82 54/45/34/46/38; 
ttag +83 91/89/76/88/82; 
ttag +84 53/36/24/36/26; 
ttag +85 60/43/34/43/37; 
ttag +86 97/97/90/96/90; 
ttag +87 23/[5]/?/?/?; 
ttag +88 14/[14]/?/?/?; 
ttag +89 89/84/72/80/70; 
ttag +90 95/94/81/95/86; 
ttag +91 98/97/94/99/95; 
ttag +92 82/78/66/84/72; 
ttag +93 70/65/44/70/53; 
ttag +94 15/[39]/?/?/?; 
