tread
'Tree with tags' 
(0 (1 ((2 3 )((4 (5 ((6 7 )(11 (((14 ((12 13 )(21 ((22 (23 (24 25 )))(26 (27 (28 ((29 (30 31 ))((32 35 (33 34 )(36 (38 (37 39 ))))((40 (41 (42 43 )))(46 47 (44 45 ))))))))))))(15 (16 17 )))(18 (19 20 )))))))(8 (9 10 )))))); 
ttag *!; 
ttag +49 ???; 
ttag +50 4; 
ttag +51 6; 
ttag +52 1; 
ttag +53 7; 
ttag +54 1; 
ttag +55 1; 
ttag +56 1; 
ttag +57 8; 
ttag +58 2; 
ttag +59 1; 
ttag +60 1; 
ttag +61 1; 
ttag +62 1; 
ttag +63 1; 
ttag +64 2; 
ttag +65 4; 
ttag +66 1; 
ttag +67 6; 
ttag +68 7; 
ttag +69 4; 
ttag +70 3; 
ttag +71 4; 
ttag +72 6; 
ttag +73 5; 
ttag +74 3; 
ttag +75 1; 
ttag +76 7; 
ttag +77 1; 
ttag +78 2; 
ttag +79 1; 
ttag +80 8; 
ttag +81 2; 
ttag +82 1; 
ttag +83 10; 
ttag +84 1; 
ttag +85 2; 
ttag +86 7; 
ttag +87 4; 
ttag +88 1; 
ttag +89 3; 
ttag +90 2; 
ttag +91 3; 
tread
'Tree with tags' 
(0 (1 ((2 3 )((4 (5 ((6 7 )(11 (((14 ((12 13 )(21 ((22 (23 (24 25 )))(26 (27 (28 ((29 (30 31 ))((32 (35 ((33 34 )(36 (38 (37 39 ))))))((40 (41 (42 43 )))((44 45 )(46 47 ))))))))))))(15 (16 17 )))(18 (19 20 )))))))(8 (9 10 )))))); 
ttag *!; 
ttag +0 ////; 
ttag +1 ////; 
ttag +2 ////; 
ttag +3 ////; 
ttag +4 ////; 
ttag +5 ////; 
ttag +6 ////; 
ttag +7 ////; 
ttag +8 ////; 
ttag +9 ////; 
ttag +10 ////; 
ttag +11 ////; 
ttag +12 ////; 
ttag +13 ////; 
ttag +14 ////; 
ttag +15 ////; 
ttag +16 ////; 
ttag +17 ////; 
ttag +18 ////; 
ttag +19 ////; 
ttag +20 ////; 
ttag +21 ////; 
ttag +22 ////; 
ttag +23 ////; 
ttag +24 ////; 
ttag +25 ////; 
ttag +26 ////; 
ttag +27 ////; 
ttag +28 ////; 
ttag +29 ////; 
ttag +30 ////; 
ttag +31 ////; 
ttag +32 ////; 
ttag +33 ////; 
ttag +34 ////; 
ttag +35 ////; 
ttag +36 ////; 
ttag +37 ////; 
ttag +38 ////; 
ttag +39 ////; 
ttag +40 ////; 
ttag +41 ////; 
ttag +42 ////; 
ttag +43 ////; 
ttag +44 ////; 
ttag +45 ////; 
ttag +46 ////; 
ttag +47 ////; 
ttag +48 ////; 
ttag +49 100/100/100/100/100; 
ttag +50 94/92/88/94/87; 
ttag +51 98/98/96/100/98; 
ttag +52 16/[21]/?/?/?; 
ttag +53 99/99/95/99/96; 
ttag +54 16/[20]/?/?/?; 
ttag +55 54/49/50/54/46; 
ttag +56 4/[21]/?/?/?; 
ttag +57 98/98/98/100/95; 
ttag +58 81/76/76/82/80; 
ttag +59 44/36/32/33/28; 
ttag +60 54/38/43/49/33; 
ttag +61 4/[26]/?/?/?; 
ttag +62 16/[14]/?/?/?; 
ttag +63 15/[14]/?/?/?; 
ttag +64 20/8/3/7/?; 
ttag +65 90/88/86/88/87; 
ttag +66 37/2/?/5/?; 
ttag +67 91/90/79/95/88; 
ttag +68 99/99/100/100/98; 
ttag +69 67/57/38/57/52; 
ttag +70 77/71/58/78/65; 
ttag +71 66/58/48/64/57; 
ttag +72 97/96/98/99/96; 
ttag +73 92/88/80/88/80; 
ttag +74 76/72/54/74/61; 
ttag +75 39/2/2/6/?; 
ttag +76 92/90/82/92/81; 
ttag +77 61/54/52/60/52; 
ttag +78 70/66/64/72/58; 
ttag +79 62/39/32/31/22; 
ttag +80 94/93/87/95/83; 
ttag +81 57/34/29/46/26; 
ttag +82 56/49/40/60/43; 
ttag +83 22/[5]/?/?/?; 
ttag +84 22/2/?/6/4; 
ttag +85 100/100/99/100/97; 
ttag +86 50/39/34/41/39; 
ttag +87 89/84/74/91/80; 
ttag +88 90/88/86/93/86; 
ttag +89 78/73/59/77/62; 
ttag +90 52/26/18/30/14; 
ttag +91 94/91/82/88/84; 
ttag +92 77/73/74/75/68; 
ttag +93 86/82/78/82/76; 
ttag +94 10/[25]/?/?/?; 
