tread
'Tree with tags' 
(0 (1 ((2 3 )((6 7 (4 5 )(11 (12 13 (14 (15 (16 17 ))(18 (19 20 ))(21 (22 (23 (24 25 )))(26 27 28 ((29 30 31 )((32 (33 34 )(35 36 (38 (37 39 )))(40 (41 (42 43 ))))(44 45 46 47 )))))))))(8 (9 10 )))))); 
ttag *!; 
ttag +49 ???; 
ttag +50 3; 
ttag +51 1; 
ttag +52 1; 
ttag +53 1; 
ttag +54 2; 
ttag +55 2; 
ttag +56 2; 
ttag +57 1; 
ttag +58 2; 
ttag +59 1; 
ttag +60 6; 
ttag +61 2; 
ttag +62 3; 
ttag +63 12; 
ttag +64 1; 
ttag +65 3; 
ttag +66 4; 
ttag +67 3; 
ttag +68 8; 
ttag +69 3; 
ttag +70 1; 
ttag +71 1; 
ttag +72 3; 
ttag +73 3; 
ttag +74 3; 
ttag +75 1; 
ttag +76 3; 
ttag +77 5; 
ttag +78 2; 
ttag +79 8; 
ttag +80 2; 
tread
'Tree with tags' 
(0 (1 ((2 3 )((6 (7 ((4 5 )(11 (13 (12 (14 (((15 (16 17 ))(18 (19 20 )))((21 ((28 (26 27 ))((29 (30 31 ))((((32 ((35 36 )(38 (37 39 ))))(33 34 ))(40 (41 (42 43 ))))(47 (45 (44 46 )))))))(22 (23 (24 25 ))))))))))))(8 (9 10 )))))); 
ttag *!; 
ttag +0 ////; 
ttag +1 ////; 
ttag +2 ////; 
ttag +3 ////; 
ttag +4 ////; 
ttag +5 ////; 
ttag +6 ////; 
ttag +7 ////; 
ttag +8 ////; 
ttag +9 ////; 
ttag +10 ////; 
ttag +11 ////; 
ttag +12 ////; 
ttag +13 ////; 
ttag +14 ////; 
ttag +15 ////; 
ttag +16 ////; 
ttag +17 ////; 
ttag +18 ////; 
ttag +19 ////; 
ttag +20 ////; 
ttag +21 ////; 
ttag +22 ////; 
ttag +23 ////; 
ttag +24 ////; 
ttag +25 ////; 
ttag +26 ////; 
ttag +27 ////; 
ttag +28 ////; 
ttag +29 ////; 
ttag +30 ////; 
ttag +31 ////; 
ttag +32 ////; 
ttag +33 ////; 
ttag +34 ////; 
ttag +35 ////; 
ttag +36 ////; 
ttag +37 ////; 
ttag +38 ////; 
ttag +39 ////; 
ttag +40 ////; 
ttag +41 ////; 
ttag +42 ////; 
ttag +43 ////; 
ttag +44 ////; 
ttag +45 ////; 
ttag +46 ////; 
ttag +47 ////; 
ttag +48 ////; 
ttag +49 100/100/100/100/100; 
ttag +50 92/87/76/92/78; 
ttag +51 80/72/60/66/64; 
ttag +52 64/57/44/56/50; 
ttag +53 19/0/2/?/6; 
ttag +54 19/[23]/?/?/?; 
ttag +55 62/46/34/40/37; 
ttag +56 75/62/62/68/58; 
ttag +57 96/95/94/94/92; 
ttag +58 77/69/60/74/61; 
ttag +59 50/44/26/38/25; 
ttag +60 23/[5]/?/?/?; 
ttag +61 74/70/60/72/61; 
ttag +62 53/46/36/45/35; 
ttag +63 99/99/98/98/96; 
ttag +64 40/27/17/36/21; 
ttag +65 9/[4]/?/?/?; 
ttag +66 80/75/75/82/76; 
ttag +67 82/78/70/85/76; 
ttag +68 100/100/99/100/100; 
ttag +69 22/[17]/?/?/?; 
ttag +70 50/39/32/47/33; 
ttag +71 84/81/79/88/78; 
ttag +72 90/88/92/95/86; 
ttag +73 88/81/74/86/74; 
ttag +74 35/2/9/4/17; 
ttag +75 20/[16]/?/?/?; 
ttag +76 99/98/97/98/98; 
ttag +77 77/72/65/76/58; 
ttag +78 51/40/34/38/23; 
ttag +79 43/25/22/30/26; 
ttag +80 11/[10]/?/?/?; 
ttag +81 54/40/39/50/31; 
ttag +82 47/39/32/30/39; 
ttag +83 67/62/45/57/50; 
ttag +84 62/55/57/70/49; 
ttag +85 68/58/57/37/43; 
ttag +86 62/55/47/54/46; 
ttag +87 36/26/18/26/29; 
ttag +88 70/63/53/64/54; 
ttag +89 98/98/92/98/91; 
ttag +90 77/71/63/75/65; 
ttag +91 100/100/98/100/97; 
ttag +92 5/[33]/?/?/?; 
ttag +93 31/[7]/2/?/?; 
ttag +94 87/85/73/82/74; 
