tread
'Tree with tags' 
(0 (1 ((2 3 )(11 (13 (4 5 )(6 7 )(8 (9 10 ))(12 14 )(((15 (16 17 ))(18 (19 20 )))(21 ((22 (23 (24 25 )))(26 (27 (28 ((29 (30 31 ))((32 (33 34 35 (36 (37 38 39 ))))(40 (41 (42 43 )))(47 (45 (44 46 )))))))))))))))); 
ttag *!; 
ttag +49 ???; 
ttag +50 4; 
ttag +51 6; 
ttag +52 2; 
ttag +53 1; 
ttag +54 4; 
ttag +55 2; 
ttag +56 6; 
ttag +57 1; 
ttag +58 1; 
ttag +59 2; 
ttag +60 2; 
ttag +61 1; 
ttag +62 3; 
ttag +63 4; 
ttag +64 7; 
ttag +65 3; 
ttag +66 6; 
ttag +67 3; 
ttag +68 2; 
ttag +69 6; 
ttag +70 4; 
ttag +71 4; 
ttag +72 1; 
ttag +73 2; 
ttag +74 2; 
ttag +75 8; 
ttag +76 3; 
ttag +77 1; 
ttag +78 1; 
ttag +79 1; 
ttag +80 2; 
ttag +81 8; 
ttag +82 1; 
ttag +83 1; 
ttag +84 1; 
ttag +85 1; 
ttag +86 2; 
tread
'Tree with tags' 
(0 (1 ((2 3 )(11 ((4 5 )((13 ((6 7 )((8 (9 10 ))(((15 (16 17 ))(18 (19 20 )))(21 ((22 (23 (24 25 )))(26 (27 (28 ((29 (30 31 ))(((32 ((33 34 )(35 (36 (38 (37 39 ))))))(47 (45 (44 46 ))))(40 (41 (42 43 ))))))))))))))(12 14 ))))))); 
ttag *!; 
ttag +0 ////; 
ttag +1 ////; 
ttag +2 ////; 
ttag +3 ////; 
ttag +4 ////; 
ttag +5 ////; 
ttag +6 ////; 
ttag +7 ////; 
ttag +8 ////; 
ttag +9 ////; 
ttag +10 ////; 
ttag +11 ////; 
ttag +12 ////; 
ttag +13 ////; 
ttag +14 ////; 
ttag +15 ////; 
ttag +16 ////; 
ttag +17 ////; 
ttag +18 ////; 
ttag +19 ////; 
ttag +20 ////; 
ttag +21 ////; 
ttag +22 ////; 
ttag +23 ////; 
ttag +24 ////; 
ttag +25 ////; 
ttag +26 ////; 
ttag +27 ////; 
ttag +28 ////; 
ttag +29 ////; 
ttag +30 ////; 
ttag +31 ////; 
ttag +32 ////; 
ttag +33 ////; 
ttag +34 ////; 
ttag +35 ////; 
ttag +36 ////; 
ttag +37 ////; 
ttag +38 ////; 
ttag +39 ////; 
ttag +40 ////; 
ttag +41 ////; 
ttag +42 ////; 
ttag +43 ////; 
ttag +44 ////; 
ttag +45 ////; 
ttag +46 ////; 
ttag +47 ////; 
ttag +48 ////; 
ttag +49 100/100/100/100/100; 
ttag +50 90/86/85/89/87; 
ttag +51 97/95/89/94/86; 
ttag +52 62/57/60/66/50; 
ttag +53 27/7/0/6/?; 
ttag +54 69/60/42/66/42; 
ttag +55 78/75/68/73/76; 
ttag +56 1/[18]/?/?/?; 
ttag +57 1/[25]/?/?/?; 
ttag +58 1/[18]/?/?/?; 
ttag +59 98/98/93/98/96; 
ttag +60 6/[4]/?/?/?; 
ttag +61 71/59/54/62/50; 
ttag +62 7/[20]/?/?/?; 
ttag +63 49/27/23/27/21; 
ttag +64 44/38/26/45/22; 
ttag +65 5/[6]/?/?/?; 
ttag +66 72/63/60/66/56; 
ttag +67 90/88/80/87/77; 
ttag +68 99/99/95/99/98; 
ttag +69 29/18/9/13/9; 
ttag +70 92/88/82/89/80; 
ttag +71 54/44/30/50/34; 
ttag +72 69/61/50/60/54; 
ttag +73 98/98/94/96/92; 
ttag +74 78/74/65/83/68; 
ttag +75 77/72/58/77/57; 
ttag +76 50/36/38/42/29; 
ttag +77 77/68/57/80/49; 
ttag +78 66/60/50/66/49; 
ttag +79 98/98/98/99/98; 
ttag +80 90/89/78/90/78; 
ttag +81 13/[22]/?/?/?; 
ttag +82 57/45/47/59/44; 
ttag +83 46/19/25/18/23; 
ttag +84 61/48/29/36/30; 
ttag +85 28/6/?/7/10; 
ttag +86 32/18/10/16/17; 
ttag +87 36/2/?/3/?; 
ttag +88 57/49/32/56/40; 
ttag +89 99/99/96/99/96; 
ttag +90 62/39/35/43/28; 
ttag +91 69/56/59/52/56; 
ttag +92 53/45/41/43/30; 
ttag +93 33/13/13/12/11; 
ttag +94 73/68/58/66/52; 
