tread
'Tree with tags' 
(0 ((1 (2 3 ))((6 (7 ((4 5 )(11 ((12 13 )(14 (((15 16 17 )(18 (19 20 )))(21 ((22 (23 (24 25 )))((26 27 )(28 ((29 (30 31 ))((32 ((33 34 )(35 (36 (39 (37 38 ))))))(((40 41 )(42 43 ))(46 (45 (44 47 )))))))))))))))))(8 (9 10 ))))); 
ttag *!; 
ttag +49 1; 
ttag +50 ???; 
ttag +51 3; 
ttag +52 1; 
ttag +53 1; 
ttag +54 1; 
ttag +55 1; 
ttag +56 3; 
ttag +57 11; 
ttag +58 3; 
ttag +59 1; 
ttag +60 3; 
ttag +61 1; 
ttag +62 2; 
ttag +63 5; 
ttag +64 4; 
ttag +65 1; 
ttag +66 2; 
ttag +67 7; 
ttag +68 1; 
ttag +69 2; 
ttag +70 4; 
ttag +71 5; 
ttag +72 4; 
ttag +73 3; 
ttag +74 4; 
ttag +75 1; 
ttag +76 6; 
ttag +77 9; 
ttag +78 6; 
ttag +79 9; 
ttag +80 3; 
ttag +81 6; 
ttag +82 6; 
ttag +83 1; 
ttag +84 1; 
ttag +85 1; 
ttag +86 5; 
ttag +87 1; 
ttag +88 3; 
ttag +89 3; 
ttag +90 3; 
ttag +91 1; 
ttag +92 1; 
ttag +93 3; 
tread
'Tree with tags' 
(0 ((1 (2 3 ))((6 (7 ((4 5 )(11 ((12 13 )(14 (((16 (15 17 ))(18 (19 20 )))(21 ((22 (23 (24 25 )))((26 27 )(28 ((29 (30 31 ))((32 ((33 34 )(35 (36 (39 (37 38 ))))))(((40 41 )(42 43 ))(46 (45 (44 47 )))))))))))))))))(8 (9 10 ))))); 
ttag *!; 
ttag +0 ////; 
ttag +1 ////; 
ttag +2 ////; 
ttag +3 ////; 
ttag +4 ////; 
ttag +5 ////; 
ttag +6 ////; 
ttag +7 ////; 
ttag +8 ////; 
ttag +9 ////; 
ttag +10 ////; 
ttag +11 ////; 
ttag +12 ////; 
ttag +13 ////; 
ttag +14 ////; 
ttag +15 ////; 
ttag +16 ////; 
ttag +17 ////; 
ttag +18 ////; 
ttag +19 ////; 
ttag +20 ////; 
ttag +21 ////; 
ttag +22 ////; 
ttag +23 ////; 
ttag +24 ////; 
ttag +25 ////; 
ttag +26 ////; 
ttag +27 ////; 
ttag +28 ////; 
ttag +29 ////; 
ttag +30 ////; 
ttag +31 ////; 
ttag +32 ////; 
ttag +33 ////; 
ttag +34 ////; 
ttag +35 ////; 
ttag +36 ////; 
ttag +37 ////; 
ttag +38 ////; 
ttag +39 ////; 
ttag +40 ////; 
ttag +41 ////; 
ttag +42 ////; 
ttag +43 ////; 
ttag +44 ////; 
ttag +45 ////; 
ttag +46 ////; 
ttag +47 ////; 
ttag +48 ////; 
ttag +49 58/29/14/36/12; 
ttag +50 100/100/100/100/100; 
ttag +51 87/81/77/82/78; 
ttag +52 36/23/22/25/22; 
ttag +53 6/[14]/?/?/?; 
ttag +54 1/[28]/?/?/?; 
ttag +55 18/[5]/?/?/?; 
ttag +56 72/63/61/77/57; 
ttag +57 99/99/100/100/98; 
ttag +58 84/82/73/82/76; 
ttag +59 24/15/6/10/7; 
ttag +60 58/53/40/59/48; 
ttag +61 36/25/13/27/14; 
ttag +62 29/18/4/19/9; 
ttag +63 25/4/?/?/?; 
ttag +64 94/92/85/93/87; 
ttag +65 84/80/70/84/76; 
ttag +66 8/[5]/?/?/?; 
ttag +67 79/74/64/75/66; 
ttag +68 100/100/100/100/99; 
ttag +69 29/14/10/24/18; 
ttag +70 54/44/37/52/38; 
ttag +71 44/33/28/40/29; 
ttag +72 84/74/71/80/72; 
ttag +73 96/95/82/92/86; 
ttag +74 52/16/14/19/16; 
ttag +75 89/88/79/90/85; 
ttag +76 66/57/49/54/51; 
ttag +77 91/89/86/92/80; 
ttag +78 98/97/85/98/91; 
ttag +79 96/96/89/97/93; 
ttag +80 99/98/98/98/97; 
ttag +81 49/36/5/45/26; 
ttag +82 96/94/87/98/88; 
ttag +83 82/73/56/86/59; 
ttag +84 44/34/20/48/24; 
ttag +85 57/47/33/62/42; 
ttag +86 53/47/29/59/38; 
ttag +87 90/85/72/92/79; 
ttag +88 46/24/1/14/5; 
ttag +89 66/56/41/58/42; 
ttag +90 59/50/20/48/28; 
ttag +91 88/84/69/78/66; 
ttag +92 64/56/50/56/44; 
ttag +93 23/0/2/6/?; 
ttag +94 67/58/36/56/46; 
