tread
'Tree with tags' 
(0 (1 ((2 3 )(6 ((4 5 )(7 11 ((8 9 10 )((21 ((14 (12 13 ))((15 (16 17 ))(18 (19 20 )))))((22 (23 (24 25 )))(26 (27 (28 (44 45 (29 (30 31 ))(32 (35 (33 34 )(36 (37 (38 39 )))))(40 (41 (42 43 )))(46 47 )))))))))))))); 
ttag *!; 
ttag +49 ???; 
ttag +50 5; 
ttag +51 6; 
ttag +52 1; 
ttag +53 1; 
ttag +54 3; 
ttag +55 1; 
ttag +56 11; 
ttag +57 1; 
ttag +58 3; 
ttag +59 3; 
ttag +60 2; 
ttag +61 1; 
ttag +62 3; 
ttag +63 5; 
ttag +64 3; 
ttag +65 4; 
ttag +66 6; 
ttag +67 11; 
ttag +68 10; 
ttag +69 2; 
ttag +70 5; 
ttag +71 1; 
ttag +72 3; 
ttag +73 1; 
ttag +74 2; 
ttag +75 9; 
ttag +76 2; 
ttag +77 6; 
ttag +78 7; 
ttag +79 4; 
ttag +80 1; 
ttag +81 2; 
ttag +82 2; 
ttag +83 4; 
ttag +84 2; 
ttag +85 1; 
ttag +86 7; 
ttag +87 1; 
tread
'Tree with tags' 
(0 (1 ((2 3 )(6 ((4 5 )(7 (11 ((8 (9 10 ))((21 ((14 (12 13 ))((15 (16 17 ))(18 (19 20 )))))((22 (23 (24 25 )))(26 (27 (28 ((((29 (30 31 ))(40 (41 (42 43 ))))(32 ((33 34 )(35 (36 (37 (38 39 )))))))((44 45 )(46 47 )))))))))))))))); 
ttag *!; 
ttag +0 ////; 
ttag +1 ////; 
ttag +2 ////; 
ttag +3 ////; 
ttag +4 ////; 
ttag +5 ////; 
ttag +6 ////; 
ttag +7 ////; 
ttag +8 ////; 
ttag +9 ////; 
ttag +10 ////; 
ttag +11 ////; 
ttag +12 ////; 
ttag +13 ////; 
ttag +14 ////; 
ttag +15 ////; 
ttag +16 ////; 
ttag +17 ////; 
ttag +18 ////; 
ttag +19 ////; 
ttag +20 ////; 
ttag +21 ////; 
ttag +22 ////; 
ttag +23 ////; 
ttag +24 ////; 
ttag +25 ////; 
ttag +26 ////; 
ttag +27 ////; 
ttag +28 ////; 
ttag +29 ////; 
ttag +30 ////; 
ttag +31 ////; 
ttag +32 ////; 
ttag +33 ////; 
ttag +34 ////; 
ttag +35 ////; 
ttag +36 ////; 
ttag +37 ////; 
ttag +38 ////; 
ttag +39 ////; 
ttag +40 ////; 
ttag +41 ////; 
ttag +42 ////; 
ttag +43 ////; 
ttag +44 ////; 
ttag +45 ////; 
ttag +46 ////; 
ttag +47 ////; 
ttag +48 ////; 
ttag +49 100/100/100/100/100; 
ttag +50 96/94/84/91/85; 
ttag +51 94/93/90/95/90; 
ttag +52 40/17/19/17/0; 
ttag +53 17/[16]/?/?/?; 
ttag +54 73/58/49/66/55; 
ttag +55 20/[14]/?/?/?; 
ttag +56 100/100/100/99/100; 
ttag +57 14/[1]/?/?/?; 
ttag +58 8/[8]/?/?/?; 
ttag +59 62/45/50/41/42; 
ttag +60 44/32/23/27/24; 
ttag +61 16/[5]/?/?/?; 
ttag +62 14/[8]/?/?/?; 
ttag +63 15/[6]/?/?/?; 
ttag +64 20/5/?/8/4; 
ttag +65 83/73/68/82/65; 
ttag +66 66/61/44/62/49; 
ttag +67 90/84/70/85/71; 
ttag +68 98/98/92/98/88; 
ttag +69 100/100/99/100/99; 
ttag +70 98/98/97/100/97; 
ttag +71 57/42/26/44/39; 
ttag +72 79/72/66/83/72; 
ttag +73 55/31/42/42/33; 
ttag +74 80/70/68/79/63; 
ttag +75 32/16/12/26/13; 
ttag +76 64/54/51/60/42; 
ttag +77 98/98/95/98/96; 
ttag +78 14/[2]/?/?/?; 
ttag +79 5/[12]/?/?/?; 
ttag +80 69/59/50/69/51; 
ttag +81 96/95/97/99/96; 
ttag +82 99/99/98/100/98; 
ttag +83 90/86/83/93/80; 
ttag +84 40/24/18/32/17; 
ttag +85 30/21/19/10/13; 
ttag +86 74/70/64/74/64; 
ttag +87 76/60/48/58/41; 
ttag +88 96/95/92/97/90; 
ttag +89 82/76/63/76/69; 
ttag +90 63/46/34/44/38; 
ttag +91 100/100/99/100/99; 
ttag +92 29/17/10/18/16; 
ttag +93 17/4/0/?/?; 
ttag +94 39/27/20/37/26; 
