tread
'Tree with tags' 
(0 (1 ((2 3 )(4 ((5 (11 (12 13 )))(((6 7 )(8 (9 10 )))((14 ((15 (16 17 ))(18 (19 20 ))))(21 (22 (23 (24 25 )))(26 (27 (28 44 45 46 47 (29 (30 31 ))(32 (33 34 )(35 (36 (37 (38 39 )))))(40 41 (42 43 ))))))))))))); 
ttag *!; 
ttag +49 ???; 
ttag +50 2; 
ttag +51 4; 
ttag +52 2; 
ttag +53 1; 
ttag +54 2; 
ttag +55 5; 
ttag +56 3; 
ttag +57 1; 
ttag +58 9; 
ttag +59 1; 
ttag +60 1; 
ttag +61 2; 
ttag +62 2; 
ttag +63 1; 
ttag +64 6; 
ttag +65 2; 
ttag +66 3; 
ttag +67 2; 
ttag +68 7; 
ttag +69 2; 
ttag +70 7; 
ttag +71 5; 
ttag +72 3; 
ttag +73 1; 
ttag +74 1; 
ttag +75 2; 
ttag +76 1; 
ttag +77 2; 
ttag +78 4; 
ttag +79 4; 
ttag +80 2; 
ttag +81 1; 
ttag +82 9; 
ttag +83 2; 
ttag +84 4; 
ttag +85 3; 
tread
'Tree with tags' 
(0 (1 ((2 3 )(4 ((5 (11 (12 13 )))(((6 7 )(8 (9 10 )))((14 ((15 (16 17 ))(18 (19 20 ))))(21 ((22 (23 (24 25 )))(26 (27 (((28 (45 (46 (44 47 ))))(((32 (35 (36 (37 (38 39 )))))(33 34 ))(40 (41 (42 43 )))))(29 (30 31 )))))))))))))); 
ttag *!; 
ttag +0 ////; 
ttag +1 ////; 
ttag +2 ////; 
ttag +3 ////; 
ttag +4 ////; 
ttag +5 ////; 
ttag +6 ////; 
ttag +7 ////; 
ttag +8 ////; 
ttag +9 ////; 
ttag +10 ////; 
ttag +11 ////; 
ttag +12 ////; 
ttag +13 ////; 
ttag +14 ////; 
ttag +15 ////; 
ttag +16 ////; 
ttag +17 ////; 
ttag +18 ////; 
ttag +19 ////; 
ttag +20 ////; 
ttag +21 ////; 
ttag +22 ////; 
ttag +23 ////; 
ttag +24 ////; 
ttag +25 ////; 
ttag +26 ////; 
ttag +27 ////; 
ttag +28 ////; 
ttag +29 ////; 
ttag +30 ////; 
ttag +31 ////; 
ttag +32 ////; 
ttag +33 ////; 
ttag +34 ////; 
ttag +35 ////; 
ttag +36 ////; 
ttag +37 ////; 
ttag +38 ////; 
ttag +39 ////; 
ttag +40 ////; 
ttag +41 ////; 
ttag +42 ////; 
ttag +43 ////; 
ttag +44 ////; 
ttag +45 ////; 
ttag +46 ////; 
ttag +47 ////; 
ttag +48 ////; 
ttag +49 100/100/100/100/100; 
ttag +50 50/17/14/29/18; 
ttag +51 69/51/54/57/56; 
ttag +52 63/56/52/63/41; 
ttag +53 3/[18]/?/?/?; 
ttag +54 22/7/1/14/1; 
ttag +55 98/97/90/95/88; 
ttag +56 70/65/52/67/55; 
ttag +57 9/[8]/?/?/?; 
ttag +58 99/99/97/100/96; 
ttag +59 38/5/?/?/?; 
ttag +60 11/[3]/?/3/2; 
ttag +61 71/67/56/67/58; 
ttag +62 40/24/24/29/16; 
ttag +63 38/31/15/35/21; 
ttag +64 96/96/88/96/90; 
ttag +65 54/38/43/41/30; 
ttag +66 76/62/46/69/58; 
ttag +67 82/75/66/78/65; 
ttag +68 100/100/100/100/100; 
ttag +69 64/61/52/65/50; 
ttag +70 99/99/95/98/96; 
ttag +71 17/[1]/?/0/?; 
ttag +72 95/93/86/94/86; 
ttag +73 90/87/80/92/87; 
ttag +74 43/26/32/46/35; 
ttag +75 57/47/50/54/52; 
ttag +76 8/[44]/?/?/?; 
ttag +77 6/[47]/?/?/?; 
ttag +78 77/71/56/71/57; 
ttag +79 69/61/62/69/57; 
ttag +80 88/84/71/82/75; 
ttag +81 31/[6]/?/?/?; 
ttag +82 96/96/91/99/92; 
ttag +83 34/10/11/8/6; 
ttag +84 97/96/90/92/91; 
ttag +85 78/69/65/78/63; 
ttag +86 47/35/18/40/26; 
ttag +87 99/98/99/99/97; 
ttag +88 76/68/52/72/51; 
ttag +89 94/93/86/94/86; 
ttag +90 44/19/20/18/9; 
ttag +91 97/96/91/94/94; 
ttag +92 10/[4]/?/?/?; 
ttag +93 39/20/14/21/20; 
ttag +94 43/22/24/22/24; 
