tread
'Tree with tags' 
(0 (1 ((2 3 )(4 5 6 7 11 (8 (9 10 ))(12 13 ((14 ((17 (15 16 ))(18 (19 20 ))))(21 ((22 (23 (24 25 )))(26 (27 ((28 ((32 (33 34 (35 (36 (38 (37 39 ))))))((40 41 (42 43 ))(46 (44 (45 47 ))))))(29 (30 31 ))))))))))))); 
ttag *!; 
ttag +49 ???; 
ttag +50 4; 
ttag +51 4; 
ttag +52 4; 
ttag +53 12; 
ttag +54 1; 
ttag +55 1; 
ttag +56 4; 
ttag +57 2; 
ttag +58 1; 
ttag +59 6; 
ttag +60 5; 
ttag +61 6; 
ttag +62 8; 
ttag +63 3; 
ttag +64 5; 
ttag +65 9; 
ttag +66 5; 
ttag +67 4; 
ttag +68 2; 
ttag +69 2; 
ttag +70 2; 
ttag +71 3; 
ttag +72 6; 
ttag +73 6; 
ttag +74 4; 
ttag +75 4; 
ttag +76 5; 
ttag +77 3; 
ttag +78 6; 
ttag +79 2; 
ttag +80 7; 
ttag +81 5; 
ttag +82 2; 
ttag +83 6; 
ttag +84 2; 
ttag +85 1; 
ttag +86 2; 
tread
'Tree with tags' 
(0 (1 ((2 3 )(5 (((4 11 )((12 13 )((14 ((17 (15 16 ))(18 (19 20 ))))(21 ((22 (23 (24 25 )))(26 (27 ((28 ((32 ((33 34 )(35 (36 (38 (37 39 ))))))((41 (40 (42 43 )))(46 (44 (45 47 ))))))(29 (30 31 ))))))))))(6 (7 (8 (9 10 ))))))))); 
ttag *!; 
ttag +0 ////; 
ttag +1 ////; 
ttag +2 ////; 
ttag +3 ////; 
ttag +4 ////; 
ttag +5 ////; 
ttag +6 ////; 
ttag +7 ////; 
ttag +8 ////; 
ttag +9 ////; 
ttag +10 ////; 
ttag +11 ////; 
ttag +12 ////; 
ttag +13 ////; 
ttag +14 ////; 
ttag +15 ////; 
ttag +16 ////; 
ttag +17 ////; 
ttag +18 ////; 
ttag +19 ////; 
ttag +20 ////; 
ttag +21 ////; 
ttag +22 ////; 
ttag +23 ////; 
ttag +24 ////; 
ttag +25 ////; 
ttag +26 ////; 
ttag +27 ////; 
ttag +28 ////; 
ttag +29 ////; 
ttag +30 ////; 
ttag +31 ////; 
ttag +32 ////; 
ttag +33 ////; 
ttag +34 ////; 
ttag +35 ////; 
ttag +36 ////; 
ttag +37 ////; 
ttag +38 ////; 
ttag +39 ////; 
ttag +40 ////; 
ttag +41 ////; 
ttag +42 ////; 
ttag +43 ////; 
ttag +44 ////; 
ttag +45 ////; 
ttag +46 ////; 
ttag +47 ////; 
ttag +48 ////; 
ttag +49 100/100/100/100/100; 
ttag +50 97/96/91/97/93; 
ttag +51 77/62/58/59/53; 
ttag +52 10/[2]/?/?/?; 
ttag +53 9/[3]/?/?/?; 
ttag +54 4/[8]/?/?/?; 
ttag +55 68/55/48/59/46; 
ttag +56 11/0/?/0/?; 
ttag +57 23/12/10/14/7; 
ttag +58 100/100/99/100/100; 
ttag +59 66/47/52/54/40; 
ttag +60 12/0/6/4/6; 
ttag +61 24/13/10/13/4; 
ttag +62 79/74/62/80/67; 
ttag +63 40/34/24/47/22; 
ttag +64 62/42/21/37/28; 
ttag +65 95/94/90/98/90; 
ttag +66 87/84/76/88/73; 
ttag +67 97/97/96/98/98; 
ttag +68 100/100/96/99/98; 
ttag +69 45/36/28/47/22; 
ttag +70 84/82/68/82/67; 
ttag +71 88/85/77/89/76; 
ttag +72 98/97/93/97/92; 
ttag +73 91/88/78/92/73; 
ttag +74 58/48/36/52/46; 
ttag +75 42/16/4/31/11; 
ttag +76 57/51/35/53/30; 
ttag +77 72/68/54/71/56; 
ttag +78 96/96/90/95/89; 
ttag +79 98/98/90/95/90; 
ttag +80 95/94/88/95/86; 
ttag +81 92/89/78/87/82; 
ttag +82 36/7/7/9/8; 
ttag +83 96/95/91/94/88; 
ttag +84 85/82/76/88/72; 
ttag +85 99/99/95/98/94; 
ttag +86 84/78/65/81/66; 
ttag +87 98/98/92/98/90; 
ttag +88 41/28/36/29/32; 
ttag +89 88/82/81/84/77; 
ttag +90 64/55/54/62/56; 
ttag +91 99/98/98/99/98; 
ttag +92 55/43/31/54/37; 
ttag +93 36/20/13/28/28; 
ttag +94 54/42/31/53/28; 
