tread
'Tree with tags' 
(0 (1 ((2 3 )(4 5 (11 (7 (6 (8 (9 10 ))))(12 13 )(14 21 ((15 (16 17 ))(18 (19 20 )))((22 (23 (24 25 )))(26 (27 ((28 (29 (30 31 )))(((34 (33 (32 (35 (36 (37 38 39 ))))))(40 (41 (42 43 ))))(47 (46 (44 45 )))))))))))))); 
ttag *!; 
ttag +49 ???; 
ttag +50 4; 
ttag +51 4; 
ttag +52 5; 
ttag +53 1; 
ttag +54 3; 
ttag +55 2; 
ttag +56 9; 
ttag +57 4; 
ttag +58 2; 
ttag +59 1; 
ttag +60 6; 
ttag +61 6; 
ttag +62 2; 
ttag +63 2; 
ttag +64 10; 
ttag +65 2; 
ttag +66 5; 
ttag +67 8; 
ttag +68 3; 
ttag +69 1; 
ttag +70 1; 
ttag +71 1; 
ttag +72 1; 
ttag +73 1; 
ttag +74 2; 
ttag +75 3; 
ttag +76 3; 
ttag +77 8; 
ttag +78 2; 
ttag +79 2; 
ttag +80 2; 
ttag +81 3; 
ttag +82 3; 
ttag +83 7; 
ttag +84 4; 
ttag +85 5; 
ttag +86 2; 
ttag +87 2; 
ttag +88 7; 
tread
'Tree with tags' 
(0 (1 ((2 3 )(5 (4 ((7 (6 (8 (9 10 ))))(11 ((12 13 )(14 (((15 (16 17 ))(18 (19 20 )))(21 ((22 (23 (24 25 )))(26 (27 ((28 (29 (30 31 )))(((34 (33 (32 (35 (36 (38 (37 39 )))))))(40 (41 (42 43 ))))(47 (46 (44 45 ))))))))))))))))))); 
ttag *!; 
ttag +0 ////; 
ttag +1 ////; 
ttag +2 ////; 
ttag +3 ////; 
ttag +4 ////; 
ttag +5 ////; 
ttag +6 ////; 
ttag +7 ////; 
ttag +8 ////; 
ttag +9 ////; 
ttag +10 ////; 
ttag +11 ////; 
ttag +12 ////; 
ttag +13 ////; 
ttag +14 ////; 
ttag +15 ////; 
ttag +16 ////; 
ttag +17 ////; 
ttag +18 ////; 
ttag +19 ////; 
ttag +20 ////; 
ttag +21 ////; 
ttag +22 ////; 
ttag +23 ////; 
ttag +24 ////; 
ttag +25 ////; 
ttag +26 ////; 
ttag +27 ////; 
ttag +28 ////; 
ttag +29 ////; 
ttag +30 ////; 
ttag +31 ////; 
ttag +32 ////; 
ttag +33 ////; 
ttag +34 ////; 
ttag +35 ////; 
ttag +36 ////; 
ttag +37 ////; 
ttag +38 ////; 
ttag +39 ////; 
ttag +40 ////; 
ttag +41 ////; 
ttag +42 ////; 
ttag +43 ////; 
ttag +44 ////; 
ttag +45 ////; 
ttag +46 ////; 
ttag +47 ////; 
ttag +48 ////; 
ttag +49 100/100/100/100/100; 
ttag +50 94/92/94/96/90; 
ttag +51 91/84/68/81/68; 
ttag +52 24/[4]/?/?/?; 
ttag +53 90/88/76/93/77; 
ttag +54 36/5/12/24/12; 
ttag +55 79/73/59/71/65; 
ttag +56 48/42/31/48/32; 
ttag +57 100/100/99/100/98; 
ttag +58 97/96/89/96/96; 
ttag +59 15/[4]/0/?/?; 
ttag +60 77/74/60/70/59; 
ttag +61 27/20/20/26/15; 
ttag +62 36/30/21/33/23; 
ttag +63 89/84/86/92/86; 
ttag +64 88/86/78/93/75; 
ttag +65 38/21/17/13/14; 
ttag +66 72/54/48/67/56; 
ttag +67 58/40/31/55/32; 
ttag +68 100/100/100/100/100; 
ttag +69 29/18/13/18/10; 
ttag +70 85/77/74/72/70; 
ttag +71 76/73/56/82/50; 
ttag +72 99/99/98/100/98; 
ttag +73 86/84/82/87/77; 
ttag +74 38/14/14/26/12; 
ttag +75 23/[1]/?/4/?; 
ttag +76 16/[17]/?/?/?; 
ttag +77 25/0/5/7/?; 
ttag +78 47/36/18/26/15; 
ttag +79 64/43/40/46/46; 
ttag +80 51/36/33/39/31; 
ttag +81 55/26/22/41/22; 
ttag +82 94/93/86/96/83; 
ttag +83 31/[4]/?/2/?; 
ttag +84 34/23/12/25/7; 
ttag +85 46/26/26/33/20; 
ttag +86 70/55/60/66/54; 
ttag +87 24/[22]/?/?/?; 
ttag +88 77/69/56/73/62; 
ttag +89 97/96/92/98/93; 
ttag +90 87/80/67/83/67; 
ttag +91 97/97/91/96/92; 
ttag +92 48/29/13/31/6; 
ttag +93 52/33/19/36/9; 
ttag +94 97/96/91/96/88; 
