tread
'Tree with tags' 
(0 (1 ((2 3 )(4 5 (6 7 )(11 (8 (9 10 )))((12 13 )((14 ((15 (16 17 ))(18 (19 20 ))))(21 ((22 (23 (24 25 )))(26 (27 (28 (29 (30 31 )(32 35 (33 34 )(36 (37 38 39 )))((40 41 (42 43 ))(47 (46 (44 45 )))))))))))))))); 
ttag *!; 
ttag +49 ???; 
ttag +50 4; 
ttag +51 5; 
ttag +52 3; 
ttag +53 3; 
ttag +54 11; 
ttag +55 2; 
ttag +56 2; 
ttag +57 2; 
ttag +58 2; 
ttag +59 5; 
ttag +60 2; 
ttag +61 6; 
ttag +62 2; 
ttag +63 2; 
ttag +64 3; 
ttag +65 8; 
ttag +66 2; 
ttag +67 4; 
ttag +68 4; 
ttag +69 7; 
ttag +70 2; 
ttag +71 4; 
ttag +72 5; 
ttag +73 3; 
ttag +74 1; 
ttag +75 5; 
ttag +76 3; 
ttag +77 3; 
ttag +78 1; 
ttag +79 1; 
ttag +80 8; 
ttag +81 3; 
ttag +82 5; 
ttag +83 1; 
ttag +84 1; 
ttag +85 1; 
tread
'Tree with tags' 
(0 (1 ((2 3 )(((5 (4 ((12 13 )((14 ((15 (16 17 ))(18 (19 20 ))))(21 ((22 (23 (24 25 )))(26 (27 (28 ((29 (30 31 ))(((32 (35 (36 (37 (38 39 )))))(33 34 ))(((40 41 )(42 43 ))(47 (46 (44 45 )))))))))))))))(6 7 ))(11 (8 (9 10 ))))))); 
ttag *!; 
ttag +0 ////; 
ttag +1 ////; 
ttag +2 ////; 
ttag +3 ////; 
ttag +4 ////; 
ttag +5 ////; 
ttag +6 ////; 
ttag +7 ////; 
ttag +8 ////; 
ttag +9 ////; 
ttag +10 ////; 
ttag +11 ////; 
ttag +12 ////; 
ttag +13 ////; 
ttag +14 ////; 
ttag +15 ////; 
ttag +16 ////; 
ttag +17 ////; 
ttag +18 ////; 
ttag +19 ////; 
ttag +20 ////; 
ttag +21 ////; 
ttag +22 ////; 
ttag +23 ////; 
ttag +24 ////; 
ttag +25 ////; 
ttag +26 ////; 
ttag +27 ////; 
ttag +28 ////; 
ttag +29 ////; 
ttag +30 ////; 
ttag +31 ////; 
ttag +32 ////; 
ttag +33 ////; 
ttag +34 ////; 
ttag +35 ////; 
ttag +36 ////; 
ttag +37 ////; 
ttag +38 ////; 
ttag +39 ////; 
ttag +40 ////; 
ttag +41 ////; 
ttag +42 ////; 
ttag +43 ////; 
ttag +44 ////; 
ttag +45 ////; 
ttag +46 ////; 
ttag +47 ////; 
ttag +48 ////; 
ttag +49 100/100/100/100/100; 
ttag +50 98/97/86/96/86; 
ttag +51 94/93/84/92/80; 
ttag +52 12/[27]/?/?/?; 
ttag +53 12/[28]/?/?/?; 
ttag +54 7/[32]/?/?/?; 
ttag +55 87/82/79/88/79; 
ttag +56 85/84/80/86/67; 
ttag +57 100/100/100/100/99; 
ttag +58 37/18/20/13/14; 
ttag +59 85/75/71/78/65; 
ttag +60 43/35/34/36/42; 
ttag +61 27/19/8/14/7; 
ttag +62 73/66/52/73/50; 
ttag +63 44/39/23/36/21; 
ttag +64 96/95/87/97/87; 
ttag +65 69/54/36/44/49; 
ttag +66 73/56/59/68/61; 
ttag +67 84/80/71/75/78; 
ttag +68 100/100/99/100/100; 
ttag +69 32/18/2/26/7; 
ttag +70 79/72/53/74/55; 
ttag +71 54/41/36/48/34; 
ttag +72 94/92/88/95/89; 
ttag +73 64/48/32/46/36; 
ttag +74 84/79/69/80/64; 
ttag +75 81/77/63/78/59; 
ttag +76 68/64/52/70/46; 
ttag +77 65/55/46/54/48; 
ttag +78 58/50/37/52/31; 
ttag +79 97/96/92/97/91; 
ttag +80 16/[23]/?/?/?; 
ttag +81 84/80/66/86/72; 
ttag +82 37/27/23/27/17; 
ttag +83 96/96/89/93/88; 
ttag +84 38/[1]/?/?/?; 
ttag +85 80/74/65/61/58; 
ttag +86 67/45/41/38/29; 
ttag +87 32/[16]/?/?/?; 
ttag +88 15/[20]/?/?/?; 
ttag +89 100/100/99/99/98; 
ttag +90 87/84/71/85/71; 
ttag +91 94/94/88/94/92; 
ttag +92 49/39/35/46/34; 
ttag +93 35/14/9/27/14; 
ttag +94 53/33/32/47/40; 
