tread
'Tree with tags' 
(0 ((1 (4 (5 (((11 (6 7 ))(8 (9 10 )))((12 13 )((21 (14 (((17 (15 16 ))(22 (23 (24 25 ))))(18 (19 20 )))))(26 (27 (28 ((29 (30 31 ))(((32 (33 34 ))(35 (36 (37 (38 39 )))))((41 (40 (42 43 )))(45 (44 (46 47 )))))))))))))))(2 3 ))); 
ttag *!; 
ttag +49 1; 
ttag +50 ???; 
ttag +51 8; 
ttag +52 8; 
ttag +53 1; 
ttag +54 1; 
ttag +55 1; 
ttag +56 1; 
ttag +57 1; 
ttag +58 8; 
ttag +59 3; 
ttag +60 1; 
ttag +61 1; 
ttag +62 1; 
ttag +63 1; 
ttag +64 2; 
ttag +65 4; 
ttag +66 5; 
ttag +67 1; 
ttag +68 1; 
ttag +69 5; 
ttag +70 16; 
ttag +71 2; 
ttag +72 5; 
ttag +73 8; 
ttag +74 6; 
ttag +75 3; 
ttag +76 2; 
ttag +77 2; 
ttag +78 1; 
ttag +79 4; 
ttag +80 1; 
ttag +81 3; 
ttag +82 1; 
ttag +83 2; 
ttag +84 2; 
ttag +85 3; 
ttag +86 5; 
ttag +87 1; 
ttag +88 1; 
ttag +89 6; 
ttag +90 3; 
ttag +91 9; 
ttag +92 3; 
ttag +93 2; 
ttag +94 1; 
tread
'Tree with tags' 
(0 ((1 (4 (5 (((11 (6 7 ))(8 (9 10 )))((12 13 )((21 (14 (((17 (15 16 ))(22 (23 (24 25 ))))(18 (19 20 )))))(26 (27 (28 ((29 (30 31 ))(((32 (33 34 ))(35 (36 (37 (38 39 )))))((41 (40 (42 43 )))(45 (44 (46 47 )))))))))))))))(2 3 ))); 
ttag *!; 
ttag +0 ////; 
ttag +1 ////; 
ttag +2 ////; 
ttag +3 ////; 
ttag +4 ////; 
ttag +5 ////; 
ttag +6 ////; 
ttag +7 ////; 
ttag +8 ////; 
ttag +9 ////; 
ttag +10 ////; 
ttag +11 ////; 
ttag +12 ////; 
ttag +13 ////; 
ttag +14 ////; 
ttag +15 ////; 
ttag +16 ////; 
ttag +17 ////; 
ttag +18 ////; 
ttag +19 ////; 
ttag +20 ////; 
ttag +21 ////; 
ttag +22 ////; 
ttag +23 ////; 
ttag +24 ////; 
ttag +25 ////; 
ttag +26 ////; 
ttag +27 ////; 
ttag +28 ////; 
ttag +29 ////; 
ttag +30 ////; 
ttag +31 ////; 
ttag +32 ////; 
ttag +33 ////; 
ttag +34 ////; 
ttag +35 ////; 
ttag +36 ////; 
ttag +37 ////; 
ttag +38 ////; 
ttag +39 ////; 
ttag +40 ////; 
ttag +41 ////; 
ttag +42 ////; 
ttag +43 ////; 
ttag +44 ////; 
ttag +45 ////; 
ttag +46 ////; 
ttag +47 ////; 
ttag +48 ////; 
ttag +49 60/39/25/35/25; 
ttag +50 100/100/100/100/100; 
ttag +51 100/100/98/99/98; 
ttag +52 95/94/81/93/79; 
ttag +53 32/20/13/20/8; 
ttag +54 18/[2]/?/10/7; 
ttag +55 12/[24]/?/?/?; 
ttag +56 32/23/8/25/18; 
ttag +57 43/36/33/35/28; 
ttag +58 99/99/98/100/99; 
ttag +59 90/88/80/87/83; 
ttag +60 29/11/7/0/4; 
ttag +61 48/32/21/22/16; 
ttag +62 16/[31]/?/?/?; 
ttag +63 16/[30]/?/?/?; 
ttag +64 62/60/48/58/41; 
ttag +65 86/82/67/85/72; 
ttag +66 89/85/74/89/81; 
ttag +67 35/[11]/?/?/?; 
ttag +68 18/[28]/?/?/?; 
ttag +69 93/91/91/93/90; 
ttag +70 100/100/100/100/100; 
ttag +71 51/32/30/40/31; 
ttag +72 92/89/84/88/89; 
ttag +73 100/100/99/100/99; 
ttag +74 90/89/76/90/74; 
ttag +75 40/19/11/20/15; 
ttag +76 36/15/9/19/14; 
ttag +77 77/69/71/75/61; 
ttag +78 33/12/6/18/18; 
ttag +79 98/98/94/97/95; 
ttag +80 14/[30]/?/?/?; 
ttag +81 70/65/58/72/51; 
ttag +82 22/0/?/?/?; 
ttag +83 55/46/51/54/46; 
ttag +84 70/66/64/70/51; 
ttag +85 70/56/50/54/34; 
ttag +86 94/92/91/97/90; 
ttag +87 53/30/17/27/22; 
ttag +88 34/7/4/5/1; 
ttag +89 92/90/89/93/84; 
ttag +90 81/79/64/86/69; 
ttag +91 100/100/99/99/99; 
ttag +92 40/13/9/23/21; 
ttag +93 57/42/22/36/29; 
ttag +94 31/2/?/8/8; 
