tread
'Tree with tags' 
(0 (1 ((2 3 )(4 (5 (6 (7 (10 (8 9 ))))(11 (13 (21 (12 ((14 (18 (19 20 )))(15 (16 17 ))))(22 (23 (24 25 )))(26 (27 (28 (29 (30 31 ))(32 (35 (33 34 )(36 (39 (37 38 )))))(40 (41 (42 43 )))(44 (45 (46 47 )))))))))))))); 
ttag *!; 
ttag +49 ???; 
ttag +50 3; 
ttag +51 6; 
ttag +52 7; 
ttag +53 1; 
ttag +54 2; 
ttag +55 2; 
ttag +56 3; 
ttag +57 9; 
ttag +58 2; 
ttag +59 1; 
ttag +60 1; 
ttag +61 4; 
ttag +62 1; 
ttag +63 3; 
ttag +64 8; 
ttag +65 1; 
ttag +66 10; 
ttag +67 15; 
ttag +68 5; 
ttag +69 7; 
ttag +70 9; 
ttag +71 6; 
ttag +72 1; 
ttag +73 4; 
ttag +74 7; 
ttag +75 7; 
ttag +76 7; 
ttag +77 3; 
ttag +78 2; 
ttag +79 5; 
ttag +80 3; 
ttag +81 9; 
ttag +82 3; 
ttag +83 2; 
ttag +84 6; 
ttag +85 5; 
ttag +86 1; 
ttag +87 1; 
tread
'Tree with tags' 
(0 (1 ((2 3 )(4 (5 ((6 (7 (10 (8 9 ))))(11 (13 (21 (((12 ((14 (18 (19 20 )))(15 (16 17 ))))(22 (23 (24 25 ))))(26 (27 (28 (((29 (30 31 ))((32 ((33 34 )(35 (36 (39 (37 38 ))))))(40 (41 (42 43 )))))(44 (45 (46 47 ))))))))))))))))); 
ttag *!; 
ttag +0 ////; 
ttag +1 ////; 
ttag +2 ////; 
ttag +3 ////; 
ttag +4 ////; 
ttag +5 ////; 
ttag +6 ////; 
ttag +7 ////; 
ttag +8 ////; 
ttag +9 ////; 
ttag +10 ////; 
ttag +11 ////; 
ttag +12 ////; 
ttag +13 ////; 
ttag +14 ////; 
ttag +15 ////; 
ttag +16 ////; 
ttag +17 ////; 
ttag +18 ////; 
ttag +19 ////; 
ttag +20 ////; 
ttag +21 ////; 
ttag +22 ////; 
ttag +23 ////; 
ttag +24 ////; 
ttag +25 ////; 
ttag +26 ////; 
ttag +27 ////; 
ttag +28 ////; 
ttag +29 ////; 
ttag +30 ////; 
ttag +31 ////; 
ttag +32 ////; 
ttag +33 ////; 
ttag +34 ////; 
ttag +35 ////; 
ttag +36 ////; 
ttag +37 ////; 
ttag +38 ////; 
ttag +39 ////; 
ttag +40 ////; 
ttag +41 ////; 
ttag +42 ////; 
ttag +43 ////; 
ttag +44 ////; 
ttag +45 ////; 
ttag +46 ////; 
ttag +47 ////; 
ttag +48 ////; 
ttag +49 100/100/100/100/100; 
ttag +50 75/65/63/75/71; 
ttag +51 97/96/96/97/91; 
ttag +52 97/96/83/96/88; 
ttag +53 38/26/24/27/24; 
ttag +54 73/69/63/76/65; 
ttag +55 25/[4]/?/?/?; 
ttag +56 72/65/50/61/48; 
ttag +57 87/84/82/85/80; 
ttag +58 100/100/99/100/98; 
ttag +59 63/51/45/51/40; 
ttag +60 32/20/13/21/6; 
ttag +61 18/[18]/?/?/?; 
ttag +62 21/6/0/4/?; 
ttag +63 58/52/39/44/42; 
ttag +64 90/89/80/94/83; 
ttag +65 32/4/?/9/?; 
ttag +66 61/54/41/60/47; 
ttag +67 97/96/96/98/94; 
ttag +68 32/10/?/20/?; 
ttag +69 99/99/97/100/95; 
ttag +70 100/100/100/100/100; 
ttag +71 96/95/81/96/90; 
ttag +72 100/100/98/98/98; 
ttag +73 99/99/99/99/100; 
ttag +74 89/88/70/90/72; 
ttag +75 56/32/7/26/10; 
ttag +76 72/67/48/69/48; 
ttag +77 95/93/82/96/88; 
ttag +78 16/[4]/?/3/?; 
ttag +79 8/[10]/?/?/?; 
ttag +80 95/93/86/94/90; 
ttag +81 99/99/96/99/94; 
ttag +82 18/[21]/?/?/?; 
ttag +83 86/81/67/81/67; 
ttag +84 69/60/54/71/48; 
ttag +85 47/28/30/32/26; 
ttag +86 96/96/90/97/85; 
ttag +87 96/96/92/94/92; 
ttag +88 100/100/99/99/98; 
ttag +89 86/79/68/83/67; 
ttag +90 72/66/54/66/58; 
ttag +91 98/97/90/96/89; 
ttag +92 92/92/83/92/80; 
ttag +93 46/24/9/24/16; 
ttag +94 47/40/26/36/30; 
