tread
'Tree with tags' 
(0 (1 ((2 3 )(4 (5 ((6 7 )(8 (9 10 )))(11 (12 13 ((14 21 ((22 (23 (24 25 )))(26 27 (28 (29 (30 31 ))(47 ((32 (33 34 ))(35 (36 (37 (38 39 )))))(40 (41 (42 43 )))(44 (45 46 )))))))((17 (15 16 ))(18 (19 20 ))))))))))); 
ttag *!; 
ttag +49 ???; 
ttag +50 9; 
ttag +51 5; 
ttag +52 6; 
ttag +53 3; 
ttag +54 2; 
ttag +55 3; 
ttag +56 10; 
ttag +57 5; 
ttag +58 5; 
ttag +59 1; 
ttag +60 1; 
ttag +61 3; 
ttag +62 1; 
ttag +63 5; 
ttag +64 3; 
ttag +65 6; 
ttag +66 11; 
ttag +67 7; 
ttag +68 3; 
ttag +69 8; 
ttag +70 3; 
ttag +71 3; 
ttag +72 2; 
ttag +73 2; 
ttag +74 1; 
ttag +75 2; 
ttag +76 2; 
ttag +77 3; 
ttag +78 6; 
ttag +79 3; 
ttag +80 3; 
ttag +81 1; 
ttag +82 1; 
ttag +83 8; 
ttag +84 1; 
ttag +85 4; 
ttag +86 1; 
ttag +87 2; 
tread
'Tree with tags' 
(0 (1 ((2 3 )(4 (5 (((6 7 )(8 (9 10 )))(11 (13 (12 ((14 (21 ((22 (23 (24 25 )))((26 27 )(28 ((29 (30 31 ))((47 (((32 (33 34 ))(35 (36 (37 (38 39 )))))(44 (45 46 ))))(40 (41 (42 43 ))))))))))((17 (15 16 ))(18 (19 20 ))))))))))))); 
ttag *!; 
ttag +0 ////; 
ttag +1 ////; 
ttag +2 ////; 
ttag +3 ////; 
ttag +4 ////; 
ttag +5 ////; 
ttag +6 ////; 
ttag +7 ////; 
ttag +8 ////; 
ttag +9 ////; 
ttag +10 ////; 
ttag +11 ////; 
ttag +12 ////; 
ttag +13 ////; 
ttag +14 ////; 
ttag +15 ////; 
ttag +16 ////; 
ttag +17 ////; 
ttag +18 ////; 
ttag +19 ////; 
ttag +20 ////; 
ttag +21 ////; 
ttag +22 ////; 
ttag +23 ////; 
ttag +24 ////; 
ttag +25 ////; 
ttag +26 ////; 
ttag +27 ////; 
ttag +28 ////; 
ttag +29 ////; 
ttag +30 ////; 
ttag +31 ////; 
ttag +32 ////; 
ttag +33 ////; 
ttag +34 ////; 
ttag +35 ////; 
ttag +36 ////; 
ttag +37 ////; 
ttag +38 ////; 
ttag +39 ////; 
ttag +40 ////; 
ttag +41 ////; 
ttag +42 ////; 
ttag +43 ////; 
ttag +44 ////; 
ttag +45 ////; 
ttag +46 ////; 
ttag +47 ////; 
ttag +48 ////; 
ttag +49 100/100/100/100/100; 
ttag +50 100/100/99/99/100; 
ttag +51 98/97/96/97/96; 
ttag +52 100/100/96/97/94; 
ttag +53 81/77/68/87/73; 
ttag +54 86/84/69/78/70; 
ttag +55 67/53/60/67/52; 
ttag +56 23/0/?/1/4; 
ttag +57 100/100/100/100/100; 
ttag +58 99/99/96/98/97; 
ttag +59 86/84/76/93/80; 
ttag +60 28/[8]/?/?/?; 
ttag +61 65/55/41/49/48; 
ttag +62 45/33/25/38/28; 
ttag +63 74/72/56/77/60; 
ttag +64 68/51/40/48/34; 
ttag +65 94/93/84/94/86; 
ttag +66 87/85/76/92/76; 
ttag +67 96/94/89/98/92; 
ttag +68 100/100/100/100/100; 
ttag +69 24/[3]/1/?/2; 
ttag +70 96/94/88/94/90; 
ttag +71 93/92/86/93/86; 
ttag +72 96/94/91/98/95; 
ttag +73 84/82/74/88/76; 
ttag +74 16/[24]/?/?/?; 
ttag +75 66/55/49/63/45; 
ttag +76 64/59/50/63/57; 
ttag +77 66/51/40/62/42; 
ttag +78 30/2/3/13/10; 
ttag +79 54/33/29/43/32; 
ttag +80 66/55/36/60/43; 
ttag +81 72/67/55/76/60; 
ttag +82 8/[34]/?/?/?; 
ttag +83 17/[26]/?/?/?; 
ttag +84 82/79/61/82/63; 
ttag +85 97/97/87/97/94; 
ttag +86 79/77/60/78/67; 
ttag +87 81/77/69/82/74; 
ttag +88 54/46/36/42/40; 
ttag +89 60/58/50/55/47; 
ttag +90 98/97/94/96/95; 
ttag +91 65/48/28/52/30; 
ttag +92 96/96/92/98/92; 
ttag +93 56/54/43/57/45; 
ttag +94 61/53/37/60/38; 
