tread
'Tree with tags' 
(0 (1 ((2 3 )(4 5 11 12 13 14 21 ((6 7 )(8 (9 10 )))(15 16 17 )(18 (19 20 ))(22 (23 (24 25 ))(26 (27 (28 (((29 (30 31 ))((40 (41 (42 43 )))(44 45 46 47 )))(32 35 (33 34 )(36 (38 (37 39 ))))))))))))); 
ttag *!; 
ttag +49 ???; 
ttag +50 6; 
ttag +51 2; 
ttag +52 4; 
ttag +53 2; 
ttag +54 2; 
ttag +55 12; 
ttag +56 3; 
ttag +57 3; 
ttag +58 1; 
ttag +59 9; 
ttag +60 3; 
ttag +61 5; 
ttag +62 3; 
ttag +63 5; 
ttag +64 4; 
ttag +65 3; 
ttag +66 7; 
ttag +67 1; 
ttag +68 3; 
ttag +69 3; 
ttag +70 3; 
ttag +71 2; 
ttag +72 2; 
ttag +73 1; 
ttag +74 6; 
ttag +75 1; 
ttag +76 1; 
ttag +77 2; 
ttag +78 1; 
ttag +79 3; 
tread
'Tree with tags' 
(0 (1 ((2 3 )(4 (5 (((6 7 )(8 (9 10 )))(11 (13 (12 (14 ((21 ((16 (15 17 ))(18 (19 20 ))))((22 (26 (27 (28 (((29 (30 31 ))((40 (41 (42 43 )))((44 45 )(46 47 ))))(32 (35 ((33 34 )(36 (38 (37 39 )))))))))))(23 (24 25 )))))))))))))); 
ttag *!; 
ttag +0 ////; 
ttag +1 ////; 
ttag +2 ////; 
ttag +3 ////; 
ttag +4 ////; 
ttag +5 ////; 
ttag +6 ////; 
ttag +7 ////; 
ttag +8 ////; 
ttag +9 ////; 
ttag +10 ////; 
ttag +11 ////; 
ttag +12 ////; 
ttag +13 ////; 
ttag +14 ////; 
ttag +15 ////; 
ttag +16 ////; 
ttag +17 ////; 
ttag +18 ////; 
ttag +19 ////; 
ttag +20 ////; 
ttag +21 ////; 
ttag +22 ////; 
ttag +23 ////; 
ttag +24 ////; 
ttag +25 ////; 
ttag +26 ////; 
ttag +27 ////; 
ttag +28 ////; 
ttag +29 ////; 
ttag +30 ////; 
ttag +31 ////; 
ttag +32 ////; 
ttag +33 ////; 
ttag +34 ////; 
ttag +35 ////; 
ttag +36 ////; 
ttag +37 ////; 
ttag +38 ////; 
ttag +39 ////; 
ttag +40 ////; 
ttag +41 ////; 
ttag +42 ////; 
ttag +43 ////; 
ttag +44 ////; 
ttag +45 ////; 
ttag +46 ////; 
ttag +47 ////; 
ttag +48 ////; 
ttag +49 100/100/100/100/100; 
ttag +50 98/98/96/99/95; 
ttag +51 71/55/47/54/44; 
ttag +52 88/85/80/88/81; 
ttag +53 34/21/16/22/21; 
ttag +54 71/67/52/71/62; 
ttag +55 59/55/44/64/52; 
ttag +56 13/0/?/?/?; 
ttag +57 100/100/99/100/100; 
ttag +58 92/88/80/87/88; 
ttag +59 10/[2]/?/?/?; 
ttag +60 35/23/14/22/14; 
ttag +61 30/18/9/13/11; 
ttag +62 31/18/11/16/8; 
ttag +63 23/[17]/?/?/?; 
ttag +64 96/95/90/95/82; 
ttag +65 23/7/2/13/5; 
ttag +66 7/[9]/?/?/?; 
ttag +67 5/[7]/?/?/?; 
ttag +68 58/48/45/58/49; 
ttag +69 100/100/98/99/100; 
ttag +70 42/28/13/5/10; 
ttag +71 58/50/33/55/36; 
ttag +72 97/97/96/98/98; 
ttag +73 77/68/60/73/57; 
ttag +74 90/88/82/91/77; 
ttag +75 75/62/52/69/43; 
ttag +76 68/62/54/63/49; 
ttag +77 99/99/99/99/98; 
ttag +78 46/37/26/38/22; 
ttag +79 80/78/67/78/55; 
ttag +80 84/79/68/76/72; 
ttag +81 65/60/54/67/49; 
ttag +82 63/46/34/56/40; 
ttag +83 14/[30]/?/?/?; 
ttag +84 22/[23]/?/?/?; 
ttag +85 75/72/65/68/57; 
ttag +86 59/44/40/42/34; 
ttag +87 98/97/89/98/90; 
ttag +88 76/72/60/71/54; 
ttag +89 38/23/12/24/13; 
ttag +90 44/25/17/25/12; 
ttag +91 54/37/42/52/43; 
ttag +92 44/24/19/24/23; 
ttag +93 81/72/64/77/65; 
ttag +94 17/[44]/?/?/?; 
