tread
'Tree with tags' 
(0 (1 ((2 3 )(4 (5 (11 12 13 21 26 27 28 (14 ((15 (16 17 ))(18 (19 20 ))))(22 23 (24 25 ))((29 (30 31 ))(32 ((33 34 )(35 (36 (37 (38 39 ))))))((40 41 (42 43 ))(47 (45 (44 46 )))))))((6 7 )(9 (8 10 ))))))); 
ttag *!; 
ttag +49 ???; 
ttag +50 2; 
ttag +51 3; 
ttag +52 4; 
ttag +53 1; 
ttag +54 2; 
ttag +55 2; 
ttag +56 1; 
ttag +57 7; 
ttag +58 2; 
ttag +59 3; 
ttag +60 5; 
ttag +61 3; 
ttag +62 3; 
ttag +63 4; 
ttag +64 8; 
ttag +65 4; 
ttag +66 6; 
ttag +67 5; 
ttag +68 1; 
ttag +69 6; 
ttag +70 6; 
ttag +71 1; 
ttag +72 3; 
ttag +73 4; 
ttag +74 3; 
ttag +75 6; 
ttag +76 3; 
ttag +77 2; 
ttag +78 1; 
ttag +79 6; 
ttag +80 1; 
ttag +81 1; 
ttag +82 2; 
tread
'Tree with tags' 
(0 (1 ((2 3 )(4 ((5 ((11 ((14 ((15 (16 17 ))(18 (19 20 ))))(21 (26 (27 (28 (((22 23 )(24 25 ))((29 (30 31 ))((32 ((33 34 )(35 (36 (37 (38 39 ))))))((40 (41 (42 43 )))(47 (45 (44 46 )))))))))))))(12 13 )))((6 7 )(9 (8 10 )))))))); 
ttag *!; 
ttag +0 ////; 
ttag +1 ////; 
ttag +2 ////; 
ttag +3 ////; 
ttag +4 ////; 
ttag +5 ////; 
ttag +6 ////; 
ttag +7 ////; 
ttag +8 ////; 
ttag +9 ////; 
ttag +10 ////; 
ttag +11 ////; 
ttag +12 ////; 
ttag +13 ////; 
ttag +14 ////; 
ttag +15 ////; 
ttag +16 ////; 
ttag +17 ////; 
ttag +18 ////; 
ttag +19 ////; 
ttag +20 ////; 
ttag +21 ////; 
ttag +22 ////; 
ttag +23 ////; 
ttag +24 ////; 
ttag +25 ////; 
ttag +26 ////; 
ttag +27 ////; 
ttag +28 ////; 
ttag +29 ////; 
ttag +30 ////; 
ttag +31 ////; 
ttag +32 ////; 
ttag +33 ////; 
ttag +34 ////; 
ttag +35 ////; 
ttag +36 ////; 
ttag +37 ////; 
ttag +38 ////; 
ttag +39 ////; 
ttag +40 ////; 
ttag +41 ////; 
ttag +42 ////; 
ttag +43 ////; 
ttag +44 ////; 
ttag +45 ////; 
ttag +46 ////; 
ttag +47 ////; 
ttag +48 ////; 
ttag +49 100/100/100/100/100; 
ttag +50 80/70/70/73/64; 
ttag +51 94/92/83/90/86; 
ttag +52 94/91/82/91/81; 
ttag +53 26/14/4/20/3; 
ttag +54 30/8/10/7/4; 
ttag +55 64/51/50/54/43; 
ttag +56 61/56/54/62/51; 
ttag +57 40/22/23/25/21; 
ttag +58 99/98/98/98/96; 
ttag +59 15/2/?/0/0; 
ttag +60 62/58/47/62/43; 
ttag +61 24/10/5/11/5; 
ttag +62 86/83/76/85/79; 
ttag +63 24/10/13/14/13; 
ttag +64 93/88/82/90/82; 
ttag +65 90/87/86/88/82; 
ttag +66 83/78/68/83/72; 
ttag +67 96/95/88/96/88; 
ttag +68 100/100/100/100/100; 
ttag +69 2/[20]/?/?/?; 
ttag +70 44/9/14/19/18; 
ttag +71 82/80/69/80/74; 
ttag +72 18/[51]/?/?/?; 
ttag +73 13/[55]/?/?/?; 
ttag +74 6/[63]/?/?/?; 
ttag +75 35/17/26/24/25; 
ttag +76 98/97/94/97/91; 
ttag +77 94/92/88/90/85; 
ttag +78 92/90/80/90/85; 
ttag +79 98/98/99/100/99; 
ttag +80 97/96/93/98/91; 
ttag +81 16/[18]/?/?/?; 
ttag +82 53/39/31/42/36; 
ttag +83 52/38/28/50/39; 
ttag +84 81/75/62/76/73; 
ttag +85 84/79/74/82/78; 
ttag +86 98/98/98/98/98; 
ttag +87 89/88/77/86/79; 
ttag +88 60/53/45/62/48; 
ttag +89 35/24/8/9/12; 
ttag +90 20/2/?/?/?; 
ttag +91 98/98/94/96/97; 
ttag +92 53/43/47/51/44; 
ttag +93 28/16/24/27/18; 
ttag +94 62/44/44/50/47; 
