tread
'Tree with tags' 
(0 (1 ((2 3 )(((4 (15 (16 17 )))(((5 (11 (6 7 (8 (9 10 )))))(14 (12 (13 (23 (24 25 ))))))(18 (19 20 ))))(21 (22 (26 (27 ((28 (32 (35 ((33 34 )(36 (37 38 39 )))))((40 41 (42 43 ))(44 45 46 47 )))(29 (30 31 ))))))))))); 
ttag *!; 
ttag +49 ???; 
ttag +50 3; 
ttag +51 8; 
ttag +52 1; 
ttag +53 1; 
ttag +54 3; 
ttag +55 1; 
ttag +56 1; 
ttag +57 1; 
ttag +58 2; 
ttag +59 1; 
ttag +60 7; 
ttag +61 1; 
ttag +62 2; 
ttag +63 1; 
ttag +64 2; 
ttag +65 8; 
ttag +66 4; 
ttag +67 4; 
ttag +68 12; 
ttag +69 3; 
ttag +70 1; 
ttag +71 2; 
ttag +72 7; 
ttag +73 2; 
ttag +74 2; 
ttag +75 1; 
ttag +76 1; 
ttag +77 2; 
ttag +78 2; 
ttag +79 7; 
ttag +80 3; 
ttag +81 1; 
ttag +82 1; 
ttag +83 4; 
ttag +84 9; 
ttag +85 4; 
ttag +86 2; 
ttag +87 4; 
ttag +88 2; 
tread
'Tree with tags' 
(0 (1 ((2 3 )(((4 (15 (16 17 )))(((5 (11 (6 (7 (8 (9 10 ))))))(14 (12 (13 (23 (24 25 ))))))(18 (19 20 ))))(21 (22 (26 (27 (((28 (32 (35 ((33 34 )(36 (39 (37 38 )))))))((40 (41 (42 43 )))((44 46 )(45 47 ))))(29 (30 31 ))))))))))); 
ttag *!; 
ttag +0 ////; 
ttag +1 ////; 
ttag +2 ////; 
ttag +3 ////; 
ttag +4 ////; 
ttag +5 ////; 
ttag +6 ////; 
ttag +7 ////; 
ttag +8 ////; 
ttag +9 ////; 
ttag +10 ////; 
ttag +11 ////; 
ttag +12 ////; 
ttag +13 ////; 
ttag +14 ////; 
ttag +15 ////; 
ttag +16 ////; 
ttag +17 ////; 
ttag +18 ////; 
ttag +19 ////; 
ttag +20 ////; 
ttag +21 ////; 
ttag +22 ////; 
ttag +23 ////; 
ttag +24 ////; 
ttag +25 ////; 
ttag +26 ////; 
ttag +27 ////; 
ttag +28 ////; 
ttag +29 ////; 
ttag +30 ////; 
ttag +31 ////; 
ttag +32 ////; 
ttag +33 ////; 
ttag +34 ////; 
ttag +35 ////; 
ttag +36 ////; 
ttag +37 ////; 
ttag +38 ////; 
ttag +39 ////; 
ttag +40 ////; 
ttag +41 ////; 
ttag +42 ////; 
ttag +43 ////; 
ttag +44 ////; 
ttag +45 ////; 
ttag +46 ////; 
ttag +47 ////; 
ttag +48 ////; 
ttag +49 100/100/100/100/100; 
ttag +50 88/82/74/79/75; 
ttag +51 98/98/94/99/98; 
ttag +52 30/14/16/24/7; 
ttag +53 2/[17]/?/?/?; 
ttag +54 72/66/60/70/62; 
ttag +55 4/[2]/?/2/?; 
ttag +56 0/[18]/?/?/?; 
ttag +57 1/[18]/?/?/?; 
ttag +58 55/50/35/56/38; 
ttag +59 2/[4]/?/?/?; 
ttag +60 0/[26]/?/?/?; 
ttag +61 98/98/95/98/94; 
ttag +62 62/58/53/56/52; 
ttag +63 19/4/0/7/?; 
ttag +64 4/[15]/?/?/?; 
ttag +65 44/29/23/29/20; 
ttag +66 96/96/95/97/96; 
ttag +67 88/83/73/84/71; 
ttag +68 90/88/76/89/79; 
ttag +69 100/100/100/100/100; 
ttag +70 38/28/19/24/9; 
ttag +71 21/0/7/2/2; 
ttag +72 57/42/43/50/34; 
ttag +73 97/96/97/97/95; 
ttag +74 42/34/28/33/24; 
ttag +75 34/23/18/24/14; 
ttag +76 2/[34]/?/?/?; 
ttag +77 24/12/5/16/6; 
ttag +78 27/15/13/22/10; 
ttag +79 57/50/31/47/34; 
ttag +80 87/86/68/80/78; 
ttag +81 98/98/92/96/95; 
ttag +82 71/59/54/64/48; 
ttag +83 18/[7]/?/?/?; 
ttag +84 22/1/?/?/?; 
ttag +85 90/86/81/82/77; 
ttag +86 29/0/?/3/3; 
ttag +87 100/100/98/98/98; 
ttag +88 91/89/84/90/81; 
ttag +89 67/54/49/63/49; 
ttag +90 35/[1]/2/4/3; 
ttag +91 92/90/83/92/81; 
ttag +92 34/16/5/13/5; 
ttag +93 70/62/54/66/62; 
ttag +94 14/[5]/?/?/?; 
