tread
'Tree with tags' 
(0 (1 ((2 3 )(4 5 (6 7 11 (8 (9 10 ))((12 13 )((14 ((15 (16 17 ))(18 (19 20 ))))((21 (22 (23 (24 25 ))))(26 (27 (28 (29 (30 31 )((((32 35 )(33 34 ))(36 (39 (37 38 ))))(40 (41 (42 43 )))(44 45 (46 47 ))))))))))))))); 
ttag *!; 
ttag +49 ???; 
ttag +50 5; 
ttag +51 4; 
ttag +52 4; 
ttag +53 1; 
ttag +54 10; 
ttag +55 1; 
ttag +56 4; 
ttag +57 2; 
ttag +58 2; 
ttag +59 1; 
ttag +60 5; 
ttag +61 1; 
ttag +62 1; 
ttag +63 2; 
ttag +64 8; 
ttag +65 2; 
ttag +66 3; 
ttag +67 6; 
ttag +68 5; 
ttag +69 9; 
ttag +70 7; 
ttag +71 4; 
ttag +72 2; 
ttag +73 1; 
ttag +74 4; 
ttag +75 1; 
ttag +76 1; 
ttag +77 6; 
ttag +78 2; 
ttag +79 5; 
ttag +80 5; 
ttag +81 2; 
ttag +82 5; 
ttag +83 6; 
ttag +84 3; 
ttag +85 4; 
ttag +86 4; 
ttag +87 1; 
tread
'Tree with tags' 
(0 (1 ((2 3 )((4 5 )((7 (6 (8 (9 10 ))))(11 ((12 13 )((14 ((15 (16 17 ))(18 (19 20 ))))((21 (22 (23 (24 25 ))))(26 (27 (28 ((29 (((((32 35 )(33 34 ))(36 (39 (37 38 ))))(40 (41 (42 43 ))))(45 (44 (46 47 )))))(30 31 )))))))))))))); 
ttag *!; 
ttag +0 ////; 
ttag +1 ////; 
ttag +2 ////; 
ttag +3 ////; 
ttag +4 ////; 
ttag +5 ////; 
ttag +6 ////; 
ttag +7 ////; 
ttag +8 ////; 
ttag +9 ////; 
ttag +10 ////; 
ttag +11 ////; 
ttag +12 ////; 
ttag +13 ////; 
ttag +14 ////; 
ttag +15 ////; 
ttag +16 ////; 
ttag +17 ////; 
ttag +18 ////; 
ttag +19 ////; 
ttag +20 ////; 
ttag +21 ////; 
ttag +22 ////; 
ttag +23 ////; 
ttag +24 ////; 
ttag +25 ////; 
ttag +26 ////; 
ttag +27 ////; 
ttag +28 ////; 
ttag +29 ////; 
ttag +30 ////; 
ttag +31 ////; 
ttag +32 ////; 
ttag +33 ////; 
ttag +34 ////; 
ttag +35 ////; 
ttag +36 ////; 
ttag +37 ////; 
ttag +38 ////; 
ttag +39 ////; 
ttag +40 ////; 
ttag +41 ////; 
ttag +42 ////; 
ttag +43 ////; 
ttag +44 ////; 
ttag +45 ////; 
ttag +46 ////; 
ttag +47 ////; 
ttag +48 ////; 
ttag +49 100/100/100/100/100; 
ttag +50 95/94/90/96/89; 
ttag +51 92/88/90/94/85; 
ttag +52 33/8/8/14/9; 
ttag +53 94/92/87/91/84; 
ttag +54 22/[21]/?/?/?; 
ttag +55 16/[2]/?/3/?; 
ttag +56 52/34/24/38/26; 
ttag +57 100/100/99/99/97; 
ttag +58 51/24/21/33/32; 
ttag +59 24/16/16/14/11; 
ttag +60 82/75/64/74/68; 
ttag +61 63/59/56/64/58; 
ttag +62 56/52/47/49/39; 
ttag +63 44/26/32/38/32; 
ttag +64 98/97/93/98/93; 
ttag +65 63/46/50/45/47; 
ttag +66 69/58/55/59/48; 
ttag +67 70/54/50/52/55; 
ttag +68 100/100/98/100/99; 
ttag +69 71/63/46/65/50; 
ttag +70 83/79/78/82/71; 
ttag +71 92/90/89/95/88; 
ttag +72 93/90/84/91/81; 
ttag +73 98/98/98/100/97; 
ttag +74 100/100/98/99/96; 
ttag +75 90/87/81/88/78; 
ttag +76 76/64/61/79/62; 
ttag +77 10/[27]/?/?/?; 
ttag +78 26/1/2/2/?; 
ttag +79 99/99/96/97/95; 
ttag +80 43/22/27/19/6; 
ttag +81 46/25/24/21/9; 
ttag +82 98/98/88/99/91; 
ttag +83 33/8/13/9/8; 
ttag +84 39/14/16/22/14; 
ttag +85 89/86/70/89/70; 
ttag +86 88/83/73/92/80; 
ttag +87 71/68/61/75/66; 
ttag +88 94/93/89/97/90; 
ttag +89 94/92/90/95/91; 
ttag +90 79/66/56/67/59; 
ttag +91 93/91/86/92/82; 
ttag +92 47/36/32/33/31; 
ttag +93 90/89/80/92/80; 
ttag +94 68/57/49/58/47; 
