tread
'Tree with tags' 
(0 (1 (4 5 6 7 (2 3 )(8 9 10 )((((11 12 )(14 (15 (16 17 ))))(21 (13 (((22 (23 (24 25 )))((29 (30 31 ))(((32 ((33 34 )(35 (36 (37 38 39 )))))(40 41 (42 43 )))(47 (46 (44 45 ))))))(26 (27 28 ))))))(18 (19 20 )))))); 
ttag *!; 
ttag +49 ???; 
ttag +50 3; 
ttag +51 8; 
ttag +52 1; 
ttag +53 1; 
ttag +54 1; 
ttag +55 1; 
ttag +56 1; 
ttag +57 3; 
ttag +58 1; 
ttag +59 1; 
ttag +60 8; 
ttag +61 3; 
ttag +62 6; 
ttag +63 8; 
ttag +64 3; 
ttag +65 1; 
ttag +66 2; 
ttag +67 6; 
ttag +68 10; 
ttag +69 1; 
ttag +70 1; 
ttag +71 4; 
ttag +72 4; 
ttag +73 3; 
ttag +74 5; 
ttag +75 1; 
ttag +76 2; 
ttag +77 8; 
ttag +78 1; 
ttag +79 1; 
ttag +80 1; 
ttag +81 4; 
ttag +82 2; 
ttag +83 8; 
ttag +84 2; 
ttag +85 2; 
ttag +86 2; 
tread
'Tree with tags' 
(0 (1 ((((5 (4 (2 3 )))((((11 12 )(14 (15 (16 17 ))))(21 (13 (((22 (23 (24 25 )))((29 (30 31 ))(((32 ((33 34 )(35 (36 (37 (38 39 ))))))(40 (41 (42 43 ))))(47 (46 (44 45 ))))))(26 (27 28 ))))))(18 (19 20 ))))(6 7 ))(10 (8 9 ))))); 
ttag *!; 
ttag +0 ////; 
ttag +1 ////; 
ttag +2 ////; 
ttag +3 ////; 
ttag +4 ////; 
ttag +5 ////; 
ttag +6 ////; 
ttag +7 ////; 
ttag +8 ////; 
ttag +9 ////; 
ttag +10 ////; 
ttag +11 ////; 
ttag +12 ////; 
ttag +13 ////; 
ttag +14 ////; 
ttag +15 ////; 
ttag +16 ////; 
ttag +17 ////; 
ttag +18 ////; 
ttag +19 ////; 
ttag +20 ////; 
ttag +21 ////; 
ttag +22 ////; 
ttag +23 ////; 
ttag +24 ////; 
ttag +25 ////; 
ttag +26 ////; 
ttag +27 ////; 
ttag +28 ////; 
ttag +29 ////; 
ttag +30 ////; 
ttag +31 ////; 
ttag +32 ////; 
ttag +33 ////; 
ttag +34 ////; 
ttag +35 ////; 
ttag +36 ////; 
ttag +37 ////; 
ttag +38 ////; 
ttag +39 ////; 
ttag +40 ////; 
ttag +41 ////; 
ttag +42 ////; 
ttag +43 ////; 
ttag +44 ////; 
ttag +45 ////; 
ttag +46 ////; 
ttag +47 ////; 
ttag +48 ////; 
ttag +49 100/100/100/100/100; 
ttag +50 96/95/91/96/95; 
ttag +51 32/[2]/1/4/10; 
ttag +52 35/1/1/7/10; 
ttag +53 26/[7]/?/?/?; 
ttag +54 36/2/?/6/6; 
ttag +55 99/99/97/99/99; 
ttag +56 28/22/16/13/19; 
ttag +57 32/[8]/?/?/?; 
ttag +58 65/59/53/62/51; 
ttag +59 38/32/22/32/25; 
ttag +60 10/0/?/0/2; 
ttag +61 41/35/13/31/18; 
ttag +62 59/47/38/52/37; 
ttag +63 51/45/21/44/30; 
ttag +64 19/9/4/6/4; 
ttag +65 37/27/28/23/27; 
ttag +66 99/99/98/99/97; 
ttag +67 88/83/76/87/73; 
ttag +68 99/98/93/98/96; 
ttag +69 100/100/100/100/99; 
ttag +70 74/62/53/64/59; 
ttag +71 32/5/2/6/4; 
ttag +72 61/55/42/52/44; 
ttag +73 97/96/95/96/94; 
ttag +74 99/99/99/100/100; 
ttag +75 71/60/42/53/50; 
ttag +76 43/32/20/25/28; 
ttag +77 96/96/92/98/93; 
ttag +78 74/70/57/71/61; 
ttag +79 75/61/50/69/50; 
ttag +80 92/91/86/96/85; 
ttag +81 15/[11]/?/?/?; 
ttag +82 45/28/24/39/26; 
ttag +83 100/100/99/99/98; 
ttag +84 61/48/54/47/57; 
ttag +85 51/37/26/41/30; 
ttag +86 66/52/49/53/44; 
ttag +87 97/97/96/98/95; 
ttag +88 44/7/17/6/14; 
ttag +89 72/68/64/73/62; 
ttag +90 24/[3]/?/?/?; 
ttag +91 99/99/100/100/99; 
ttag +92 89/87/79/86/79; 
ttag +93 74/68/53/71/53; 
ttag +94 66/61/52/67/53; 
