tread
'Tree with tags' 
(0 (1 ((2 3 )(4 (5 (((6 7 )(8 (9 10 )))(11 (12 13 )(14 (17 (15 16 ))(18 (19 20 ))(21 ((22 (23 (24 25 )))(26 (27 (28 ((29 (30 31 ))((32 35 (33 34 )(36 (38 (37 39 ))))(((40 41 )(42 43 ))(47 (44 (45 46 ))))))))))))))))))); 
ttag *!; 
ttag +49 ???; 
ttag +50 5; 
ttag +51 9; 
ttag +52 3; 
ttag +53 3; 
ttag +54 2; 
ttag +55 3; 
ttag +56 3; 
ttag +57 6; 
ttag +58 4; 
ttag +59 3; 
ttag +60 4; 
ttag +61 2; 
ttag +62 2; 
ttag +63 6; 
ttag +64 5; 
ttag +65 9; 
ttag +66 3; 
ttag +67 5; 
ttag +68 6; 
ttag +69 6; 
ttag +70 7; 
ttag +71 3; 
ttag +72 1; 
ttag +73 3; 
ttag +74 7; 
ttag +75 1; 
ttag +76 8; 
ttag +77 9; 
ttag +78 2; 
ttag +79 2; 
ttag +80 2; 
ttag +81 1; 
ttag +82 8; 
ttag +83 2; 
ttag +84 3; 
ttag +85 1; 
ttag +86 3; 
ttag +87 1; 
ttag +88 1; 
ttag +89 1; 
tread
'Tree with tags' 
(0 (1 ((2 3 )(4 (5 (((6 7 )(8 (9 10 )))(11 ((12 13 )((14 (17 (15 16 )))((18 (19 20 ))(21 ((22 (23 (24 25 )))(26 (27 (28 ((29 (30 31 ))(((32 (35 (36 (38 (37 39 )))))(33 34 ))(((40 41 )(42 43 ))(47 (44 (45 46 ))))))))))))))))))))); 
ttag *!; 
ttag +0 ////; 
ttag +1 ////; 
ttag +2 ////; 
ttag +3 ////; 
ttag +4 ////; 
ttag +5 ////; 
ttag +6 ////; 
ttag +7 ////; 
ttag +8 ////; 
ttag +9 ////; 
ttag +10 ////; 
ttag +11 ////; 
ttag +12 ////; 
ttag +13 ////; 
ttag +14 ////; 
ttag +15 ////; 
ttag +16 ////; 
ttag +17 ////; 
ttag +18 ////; 
ttag +19 ////; 
ttag +20 ////; 
ttag +21 ////; 
ttag +22 ////; 
ttag +23 ////; 
ttag +24 ////; 
ttag +25 ////; 
ttag +26 ////; 
ttag +27 ////; 
ttag +28 ////; 
ttag +29 ////; 
ttag +30 ////; 
ttag +31 ////; 
ttag +32 ////; 
ttag +33 ////; 
ttag +34 ////; 
ttag +35 ////; 
ttag +36 ////; 
ttag +37 ////; 
ttag +38 ////; 
ttag +39 ////; 
ttag +40 ////; 
ttag +41 ////; 
ttag +42 ////; 
ttag +43 ////; 
ttag +44 ////; 
ttag +45 ////; 
ttag +46 ////; 
ttag +47 ////; 
ttag +48 ////; 
ttag +49 100/100/100/100/100; 
ttag +50 95/94/89/95/85; 
ttag +51 100/100/98/99/98; 
ttag +52 73/69/49/73/50; 
ttag +53 54/51/30/62/29; 
ttag +54 90/89/87/89/82; 
ttag +55 85/84/73/87/70; 
ttag +56 56/51/34/66/34; 
ttag +57 99/98/95/99/95; 
ttag +58 91/88/89/94/84; 
ttag +59 59/54/40/69/43; 
ttag +60 92/91/78/88/82; 
ttag +61 32/11/9/18/10; 
ttag +62 17/[18]/?/?/?; 
ttag +63 56/50/32/62/32; 
ttag +64 80/76/57/79/71; 
ttag +65 98/98/93/98/95; 
ttag +66 95/94/86/96/84; 
ttag +67 28/14/?/16/4; 
ttag +68 100/100/100/100/99; 
ttag +69 70/62/57/70/55; 
ttag +70 93/91/82/94/81; 
ttag +71 97/97/97/96/94; 
ttag +72 98/97/96/98/96; 
ttag +73 99/98/98/99/98; 
ttag +74 82/80/68/83/76; 
ttag +75 34/0/3/16/4; 
ttag +76 78/72/64/74/70; 
ttag +77 99/99/96/98/97; 
ttag +78 42/27/34/42/48; 
ttag +79 100/100/98/100/97; 
ttag +80 25/2/1/?/?; 
ttag +81 98/98/98/98/96; 
ttag +82 66/59/54/70/51; 
ttag +83 84/80/81/87/74; 
ttag +84 48/26/24/24/11; 
ttag +85 83/81/76/85/77; 
ttag +86 70/61/52/56/48; 
ttag +87 100/100/100/99/99; 
ttag +88 87/80/75/82/66; 
ttag +89 90/89/79/90/83; 
ttag +90 40/[2]/8/7/14; 
ttag +91 83/75/77/76/75; 
ttag +92 37/22/26/24/22; 
ttag +93 43/15/25/22/37; 
ttag +94 43/33/32/30/36; 
