tread
'Tree with tags' 
(0 (1 ((2 3 )(11 (4 (5 (7 (6 ((12 13 )((14 (15 (16 17 ))(18 (19 20 )))(21 ((22 (23 (24 25 )))(26 (27 (28 ((29 (30 31 ))((32 ((33 34 )(35 (36 (37 38 39 )))))((41 (40 (42 43 )))((44 47 )(45 46 )))))))))))))(8 (9 10 ))))))))); 
ttag *!; 
ttag +49 ???; 
ttag +50 2; 
ttag +51 1; 
ttag +52 1; 
ttag +53 9; 
ttag +54 1; 
ttag +55 1; 
ttag +56 1; 
ttag +57 8; 
ttag +58 2; 
ttag +59 3; 
ttag +60 1; 
ttag +61 1; 
ttag +62 3; 
ttag +63 11; 
ttag +64 2; 
ttag +65 5; 
ttag +66 12; 
ttag +67 1; 
ttag +68 3; 
ttag +69 1; 
ttag +70 8; 
ttag +71 4; 
ttag +72 7; 
ttag +73 2; 
ttag +74 2; 
ttag +75 2; 
ttag +76 1; 
ttag +77 1; 
ttag +78 8; 
ttag +79 3; 
ttag +80 4; 
ttag +81 1; 
ttag +82 1; 
ttag +83 5; 
ttag +84 5; 
ttag +85 1; 
ttag +86 5; 
ttag +87 3; 
ttag +88 7; 
ttag +89 1; 
ttag +90 5; 
ttag +91 2; 
tread
'Tree with tags' 
(0 (1 ((2 3 )(11 (4 (5 ((6 ((12 13 )((14 ((15 (16 17 ))(18 (19 20 ))))(21 ((22 (23 (24 25 )))(26 (27 (28 ((29 (30 31 ))((32 ((33 34 )(35 (36 (38 (37 39 ))))))((41 (40 (42 43 )))((44 47 )(45 46 )))))))))))))(7 (8 (9 10 )))))))))); 
ttag *!; 
ttag +0 ////; 
ttag +1 ////; 
ttag +2 ////; 
ttag +3 ////; 
ttag +4 ////; 
ttag +5 ////; 
ttag +6 ////; 
ttag +7 ////; 
ttag +8 ////; 
ttag +9 ////; 
ttag +10 ////; 
ttag +11 ////; 
ttag +12 ////; 
ttag +13 ////; 
ttag +14 ////; 
ttag +15 ////; 
ttag +16 ////; 
ttag +17 ////; 
ttag +18 ////; 
ttag +19 ////; 
ttag +20 ////; 
ttag +21 ////; 
ttag +22 ////; 
ttag +23 ////; 
ttag +24 ////; 
ttag +25 ////; 
ttag +26 ////; 
ttag +27 ////; 
ttag +28 ////; 
ttag +29 ////; 
ttag +30 ////; 
ttag +31 ////; 
ttag +32 ////; 
ttag +33 ////; 
ttag +34 ////; 
ttag +35 ////; 
ttag +36 ////; 
ttag +37 ////; 
ttag +38 ////; 
ttag +39 ////; 
ttag +40 ////; 
ttag +41 ////; 
ttag +42 ////; 
ttag +43 ////; 
ttag +44 ////; 
ttag +45 ////; 
ttag +46 ////; 
ttag +47 ////; 
ttag +48 ////; 
ttag +49 100/100/100/100/100; 
ttag +50 79/68/59/68/54; 
ttag +51 70/63/50/66/52; 
ttag +52 22/2/?/8/8; 
ttag +53 98/97/93/98/94; 
ttag +54 15/[2]/?/0/?; 
ttag +55 2/[24]/?/?/?; 
ttag +56 10/0/?/0/0; 
ttag +57 14/[13]/?/?/?; 
ttag +58 99/99/99/99/98; 
ttag +59 88/86/85/87/82; 
ttag +60 87/86/82/87/74; 
ttag +61 22/[4]/?/?/?; 
ttag +62 46/39/22/40/16; 
ttag +63 31/3/?/?/?; 
ttag +64 99/99/98/100/97; 
ttag +65 28/6/5/6/2; 
ttag +66 81/74/63/73/46; 
ttag +67 88/82/59/80/64; 
ttag +68 100/100/100/100/100; 
ttag +69 14/[12]/?/?/?; 
ttag +70 34/6/7/?/?; 
ttag +71 19/[8]/?/?/?; 
ttag +72 99/98/94/99/94; 
ttag +73 97/96/89/97/92; 
ttag +74 92/92/80/95/83; 
ttag +75 62/48/36/48/42; 
ttag +76 67/54/42/54/45; 
ttag +77 66/52/50/63/48; 
ttag +78 58/44/42/45/48; 
ttag +79 62/37/35/31/30; 
ttag +80 98/98/93/99/94; 
ttag +81 72/64/48/63/50; 
ttag +82 87/83/70/89/70; 
ttag +83 46/30/20/42/21; 
ttag +84 59/47/40/54/37; 
ttag +85 90/88/81/91/82; 
ttag +86 26/[3]/?/?/?; 
ttag +87 94/93/86/94/88; 
ttag +88 66/56/48/55/48; 
ttag +89 92/88/86/95/78; 
ttag +90 78/73/64/72/60; 
ttag +91 99/98/98/99/94; 
ttag +92 49/39/22/38/32; 
ttag +93 77/66/53/66/54; 
ttag +94 58/49/37/50/44; 
