tread
'Tree with tags' 
(0 (1 ((2 3 )(4 (5 ((6 7 (8 (9 10 )))(11 ((12 13 )((14 ((15 (16 17 ))(18 (19 20 ))))(21 ((22 (23 (24 25 )))(26 (27 (28 ((((29 (30 31 ))(41 (40 (42 43 ))))(32 ((33 34 )(35 (36 (39 (37 38 )))))))(46 (44 45 47 ))))))))))))))))); 
ttag *!; 
ttag +49 ???; 
ttag +50 3; 
ttag +51 3; 
ttag +52 6; 
ttag +53 1; 
ttag +54 1; 
ttag +55 1; 
ttag +56 8; 
ttag +57 3; 
ttag +58 1; 
ttag +59 1; 
ttag +60 1; 
ttag +61 1; 
ttag +62 4; 
ttag +63 7; 
ttag +64 1; 
ttag +65 2; 
ttag +66 9; 
ttag +67 11; 
ttag +68 1; 
ttag +69 5; 
ttag +70 5; 
ttag +71 8; 
ttag +72 7; 
ttag +73 3; 
ttag +74 1; 
ttag +75 1; 
ttag +76 3; 
ttag +77 1; 
ttag +78 1; 
ttag +79 2; 
ttag +80 5; 
ttag +81 10; 
ttag +82 1; 
ttag +83 1; 
ttag +84 7; 
ttag +85 2; 
ttag +86 1; 
ttag +87 7; 
ttag +88 1; 
ttag +89 7; 
ttag +90 5; 
ttag +91 1; 
ttag +92 6; 
tread
'Tree with tags' 
(0 (1 ((2 3 )(4 (5 ((6 (7 (8 (9 10 ))))(11 ((12 13 )((14 ((15 (16 17 ))(18 (19 20 ))))(21 ((22 (23 (24 25 )))(26 (27 (28 ((((29 (30 31 ))(41 (40 (42 43 ))))(32 ((33 34 )(35 (36 (39 (37 38 )))))))(46 (45 (44 47 )))))))))))))))))); 
ttag *!; 
ttag +0 ////; 
ttag +1 ////; 
ttag +2 ////; 
ttag +3 ////; 
ttag +4 ////; 
ttag +5 ////; 
ttag +6 ////; 
ttag +7 ////; 
ttag +8 ////; 
ttag +9 ////; 
ttag +10 ////; 
ttag +11 ////; 
ttag +12 ////; 
ttag +13 ////; 
ttag +14 ////; 
ttag +15 ////; 
ttag +16 ////; 
ttag +17 ////; 
ttag +18 ////; 
ttag +19 ////; 
ttag +20 ////; 
ttag +21 ////; 
ttag +22 ////; 
ttag +23 ////; 
ttag +24 ////; 
ttag +25 ////; 
ttag +26 ////; 
ttag +27 ////; 
ttag +28 ////; 
ttag +29 ////; 
ttag +30 ////; 
ttag +31 ////; 
ttag +32 ////; 
ttag +33 ////; 
ttag +34 ////; 
ttag +35 ////; 
ttag +36 ////; 
ttag +37 ////; 
ttag +38 ////; 
ttag +39 ////; 
ttag +40 ////; 
ttag +41 ////; 
ttag +42 ////; 
ttag +43 ////; 
ttag +44 ////; 
ttag +45 ////; 
ttag +46 ////; 
ttag +47 ////; 
ttag +48 ////; 
ttag +49 100/100/100/100/100; 
ttag +50 89/85/79/86/78; 
ttag +51 82/77/70/82/70; 
ttag +52 94/92/84/93/87; 
ttag +53 19/0/?/13/?; 
ttag +54 39/23/11/19/0; 
ttag +55 16/[2]/?/6/4; 
ttag +56 19/[22]/?/?/?; 
ttag +57 99/99/97/99/96; 
ttag +58 89/88/79/84/76; 
ttag +59 11/[7]/?/?/?; 
ttag +60 45/28/28/24/28; 
ttag +61 42/27/17/27/20; 
ttag +62 52/46/41/52/42; 
ttag +63 80/78/67/83/69; 
ttag +64 98/98/96/99/94; 
ttag +65 40/20/12/31/14; 
ttag +66 63/51/37/53/45; 
ttag +67 99/99/99/100/99; 
ttag +68 100/100/100/100/100; 
ttag +69 45/28/27/37/22; 
ttag +70 98/98/94/98/94; 
ttag +71 96/95/86/91/88; 
ttag +72 100/100/99/99/99; 
ttag +73 100/100/98/100/96; 
ttag +74 73/68/57/75/60; 
ttag +75 19/[12]/?/?/?; 
ttag +76 17/[14]/?/?/?; 
ttag +77 85/83/74/82/77; 
ttag +78 8/[34]/?/?/?; 
ttag +79 10/[32]/?/?/?; 
ttag +80 59/50/42/56/43; 
ttag +81 97/96/90/95/92; 
ttag +82 99/99/94/97/94; 
ttag +83 67/48/42/48/44; 
ttag +84 31/4/?/5/?; 
ttag +85 94/92/85/90/87; 
ttag +86 57/34/34/46/46; 
ttag +87 69/63/44/61/51; 
ttag +88 98/98/93/98/92; 
ttag +89 62/42/29/46/37; 
ttag +90 96/94/92/97/94; 
ttag +91 95/94/88/92/89; 
ttag +92 30/9/18/4/18; 
ttag +93 42/23/21/32/20; 
ttag +94 98/97/96/99/95; 
