tread
'Tree with tags' 
(0 (1 ((2 3 )(4 ((5 (11 (12 13 (21 (14 (15 (16 17 ))(18 (19 20 )))(22 (23 (24 25 )))(28 (26 (27 (29 ((30 31 )((32 ((33 34 )(35 (36 (37 (38 39 ))))))(47 (46 (44 45 )))))(40 (41 (42 43 )))))))))))((6 7 )(8 (9 10 )))))))); 
ttag *!; 
ttag +49 ???; 
ttag +50 1; 
ttag +51 5; 
ttag +52 3; 
ttag +53 2; 
ttag +54 4; 
ttag +55 1; 
ttag +56 3; 
ttag +57 10; 
ttag +58 2; 
ttag +59 3; 
ttag +60 3; 
ttag +61 1; 
ttag +62 3; 
ttag +63 5; 
ttag +64 1; 
ttag +65 8; 
ttag +66 5; 
ttag +67 5; 
ttag +68 9; 
ttag +69 3; 
ttag +70 1; 
ttag +71 4; 
ttag +72 1; 
ttag +73 5; 
ttag +74 5; 
ttag +75 1; 
ttag +76 6; 
ttag +77 1; 
ttag +78 3; 
ttag +79 2; 
ttag +80 7; 
ttag +81 3; 
ttag +82 9; 
ttag +83 3; 
ttag +84 5; 
ttag +85 3; 
ttag +86 7; 
ttag +87 4; 
ttag +88 2; 
ttag +89 4; 
tread
'Tree with tags' 
(0 (1 ((2 3 )(4 ((5 (11 (13 (12 ((14 ((15 (16 17 ))(18 (19 20 ))))(21 ((22 (23 (24 25 )))(28 (26 (27 (29 (((30 31 )((32 ((33 34 )(35 (36 (37 (38 39 ))))))(47 (46 (44 45 )))))(40 (41 (42 43 )))))))))))))))((6 7 )(8 (9 10 )))))))); 
ttag *!; 
ttag +0 ////; 
ttag +1 ////; 
ttag +2 ////; 
ttag +3 ////; 
ttag +4 ////; 
ttag +5 ////; 
ttag +6 ////; 
ttag +7 ////; 
ttag +8 ////; 
ttag +9 ////; 
ttag +10 ////; 
ttag +11 ////; 
ttag +12 ////; 
ttag +13 ////; 
ttag +14 ////; 
ttag +15 ////; 
ttag +16 ////; 
ttag +17 ////; 
ttag +18 ////; 
ttag +19 ////; 
ttag +20 ////; 
ttag +21 ////; 
ttag +22 ////; 
ttag +23 ////; 
ttag +24 ////; 
ttag +25 ////; 
ttag +26 ////; 
ttag +27 ////; 
ttag +28 ////; 
ttag +29 ////; 
ttag +30 ////; 
ttag +31 ////; 
ttag +32 ////; 
ttag +33 ////; 
ttag +34 ////; 
ttag +35 ////; 
ttag +36 ////; 
ttag +37 ////; 
ttag +38 ////; 
ttag +39 ////; 
ttag +40 ////; 
ttag +41 ////; 
ttag +42 ////; 
ttag +43 ////; 
ttag +44 ////; 
ttag +45 ////; 
ttag +46 ////; 
ttag +47 ////; 
ttag +48 ////; 
ttag +49 100/100/100/100/100; 
ttag +50 56/38/52/35/39; 
ttag +51 87/85/72/84/68; 
ttag +52 83/77/64/78/73; 
ttag +53 46/36/19/42/14; 
ttag +54 75/72/57/76/60; 
ttag +55 73/58/46/56/49; 
ttag +56 90/88/77/88/79; 
ttag +57 100/100/100/100/100; 
ttag +58 83/79/72/83/70; 
ttag +59 63/53/38/56/28; 
ttag +60 41/28/18/14/11; 
ttag +61 74/72/50/69/51; 
ttag +62 36/24/10/23/16; 
ttag +63 68/61/42/67/39; 
ttag +64 92/90/80/93/88; 
ttag +65 37/25/12/24/18; 
ttag +66 56/33/25/32/22; 
ttag +67 98/97/99/99/98; 
ttag +68 98/98/90/98/95; 
ttag +69 18/7/2/?/?; 
ttag +70 79/76/59/71/62; 
ttag +71 41/30/20/28/21; 
ttag +72 99/99/98/100/97; 
ttag +73 80/71/65/70/64; 
ttag +74 45/26/21/19/18; 
ttag +75 84/82/62/77/62; 
ttag +76 39/19/8/17/5; 
ttag +77 80/76/66/76/70; 
ttag +78 90/86/77/91/81; 
ttag +79 21/[6]/?/?/?; 
ttag +80 20/0/4/?/?; 
ttag +81 96/96/88/94/91; 
ttag +82 31/3/?/2/4; 
ttag +83 87/85/76/87/81; 
ttag +84 84/79/66/67/68; 
ttag +85 98/98/95/99/94; 
ttag +86 80/72/70/72/62; 
ttag +87 98/98/95/98/94; 
ttag +88 90/88/83/84/74; 
ttag +89 98/97/91/99/90; 
ttag +90 88/85/71/87/70; 
ttag +91 99/98/94/99/96; 
ttag +92 84/82/73/88/76; 
ttag +93 66/59/44/63/42; 
ttag +94 87/84/68/84/69; 
