tread
'Tree with tags' 
(0 (1 (2 3 (4 5 (6 7 (8 (9 10 )))(11 ((21 (14 (12 13 ))((15 16 17 )(18 (19 20 ))))((22 (23 (24 25 )))(26 (27 (28 ((29 (30 31 ))(32 33 34 35 (36 (37 (38 39 ))))(40 (41 (42 43 )))(44 45 46 47 )))))))))))); 
ttag *!; 
ttag +49 ???; 
ttag +50 1; 
ttag +51 6; 
ttag +52 2; 
ttag +53 9; 
ttag +54 1; 
ttag +55 2; 
ttag +56 2; 
ttag +57 1; 
ttag +58 1; 
ttag +59 1; 
ttag +60 4; 
ttag +61 3; 
ttag +62 6; 
ttag +63 7; 
ttag +64 2; 
ttag +65 1; 
ttag +66 4; 
ttag +67 4; 
ttag +68 2; 
ttag +69 2; 
ttag +70 4; 
ttag +71 1; 
ttag +72 2; 
ttag +73 2; 
ttag +74 1; 
ttag +75 4; 
ttag +76 10; 
ttag +77 1; 
ttag +78 5; 
ttag +79 1; 
ttag +80 4; 
ttag +81 3; 
tread
'Tree with tags' 
(0 (1 ((2 3 )(5 (4 ((7 (6 (8 (9 10 ))))(11 ((21 ((14 (12 13 ))((17 (15 16 ))(18 (19 20 )))))((22 (23 (24 25 )))(26 (27 (28 (((29 (30 31 ))((33 (32 (35 (34 (36 (37 (38 39 )))))))(46 (45 (44 47 )))))(40 (41 (42 43 )))))))))))))))); 
ttag *!; 
ttag +0 ////; 
ttag +1 ////; 
ttag +2 ////; 
ttag +3 ////; 
ttag +4 ////; 
ttag +5 ////; 
ttag +6 ////; 
ttag +7 ////; 
ttag +8 ////; 
ttag +9 ////; 
ttag +10 ////; 
ttag +11 ////; 
ttag +12 ////; 
ttag +13 ////; 
ttag +14 ////; 
ttag +15 ////; 
ttag +16 ////; 
ttag +17 ////; 
ttag +18 ////; 
ttag +19 ////; 
ttag +20 ////; 
ttag +21 ////; 
ttag +22 ////; 
ttag +23 ////; 
ttag +24 ////; 
ttag +25 ////; 
ttag +26 ////; 
ttag +27 ////; 
ttag +28 ////; 
ttag +29 ////; 
ttag +30 ////; 
ttag +31 ////; 
ttag +32 ////; 
ttag +33 ////; 
ttag +34 ////; 
ttag +35 ////; 
ttag +36 ////; 
ttag +37 ////; 
ttag +38 ////; 
ttag +39 ////; 
ttag +40 ////; 
ttag +41 ////; 
ttag +42 ////; 
ttag +43 ////; 
ttag +44 ////; 
ttag +45 ////; 
ttag +46 ////; 
ttag +47 ////; 
ttag +48 ////; 
ttag +49 100/100/100/100/100; 
ttag +50 56/42/36/48/42; 
ttag +51 67/51/44/46/36; 
ttag +52 4/[22]/?/?/?; 
ttag +53 91/89/84/94/78; 
ttag +54 33/0/?/?/?; 
ttag +55 66/58/47/54/48; 
ttag +56 18/[8]/?/?/?; 
ttag +57 100/100/99/100/100; 
ttag +58 60/48/42/57/42; 
ttag +59 44/28/24/38/21; 
ttag +60 46/32/42/31/40; 
ttag +61 8/[26]/?/?/?; 
ttag +62 11/[23]/?/?/?; 
ttag +63 12/[22]/?/?/?; 
ttag +64 48/42/33/47/30; 
ttag +65 32/[21]/?/?/?; 
ttag +66 94/92/88/92/86; 
ttag +67 67/62/50/67/49; 
ttag +68 99/99/94/98/94; 
ttag +69 99/98/98/99/99; 
ttag +70 68/59/50/50/49; 
ttag +71 53/42/28/39/25; 
ttag +72 76/66/42/58/45; 
ttag +73 94/92/90/90/86; 
ttag +74 80/76/57/73/54; 
ttag +75 64/47/32/48/32; 
ttag +76 77/72/60/76/59; 
ttag +77 72/66/61/78/60; 
ttag +78 10/[30]/?/?/?; 
ttag +79 85/82/64/72/61; 
ttag +80 69/64/57/68/54; 
ttag +81 47/13/5/11/0; 
ttag +82 54/50/38/50/43; 
ttag +83 32/15/14/20/13; 
ttag +84 26/[12]/?/?/?; 
ttag +85 33/0/?/?/?; 
ttag +86 97/96/92/95/92; 
ttag +87 100/100/100/100/99; 
ttag +88 63/49/44/48/44; 
ttag +89 96/95/91/97/93; 
ttag +90 70/58/49/64/49; 
ttag +91 88/84/78/88/78; 
ttag +92 16/2/4/1/?; 
ttag +93 39/24/21/24/13; 
ttag +94 80/77/71/81/70; 
