tread
'Tree with tags' 
(0 (1 ((2 3 )(4 (5 (((6 7 )(11 ((((12 13 )(14 (21 (15 (16 17 )))))((22 (23 (24 25 )))(26 (27 (28 (29 (30 31 )(32 (35 (33 34 (36 (37 (38 39 ))))))(40 (41 (42 43 )))(44 45 46 47 )))))))(18 (19 20 )))))(9 (8 10 )))))))); 
ttag *!; 
ttag +49 ???; 
ttag +50 7; 
ttag +51 2; 
ttag +52 2; 
ttag +53 3; 
ttag +54 2; 
ttag +55 1; 
ttag +56 3; 
ttag +57 1; 
ttag +58 12; 
ttag +59 1; 
ttag +60 3; 
ttag +61 2; 
ttag +62 1; 
ttag +63 1; 
ttag +64 2; 
ttag +65 8; 
ttag +66 1; 
ttag +67 2; 
ttag +68 6; 
ttag +69 6; 
ttag +70 4; 
ttag +71 1; 
ttag +72 9; 
ttag +73 3; 
ttag +74 5; 
ttag +75 3; 
ttag +76 1; 
ttag +77 1; 
ttag +78 7; 
ttag +79 4; 
ttag +80 1; 
ttag +81 1; 
ttag +82 3; 
ttag +83 7; 
ttag +84 4; 
ttag +85 3; 
ttag +86 1; 
ttag +87 7; 
ttag +88 2; 
tread
'Tree with tags' 
(0 (1 ((2 3 )(4 (5 (((6 7 )(11 ((((12 13 )(14 (21 (15 (16 17 )))))((22 (23 (24 25 )))(26 (27 (28 ((29 (30 31 ))(((32 (35 (34 (33 (36 (37 (38 39 )))))))(46 (47 (44 45 ))))(40 (41 (42 43 ))))))))))(18 (19 20 )))))(9 (8 10 )))))))); 
ttag *!; 
ttag +0 ////; 
ttag +1 ////; 
ttag +2 ////; 
ttag +3 ////; 
ttag +4 ////; 
ttag +5 ////; 
ttag +6 ////; 
ttag +7 ////; 
ttag +8 ////; 
ttag +9 ////; 
ttag +10 ////; 
ttag +11 ////; 
ttag +12 ////; 
ttag +13 ////; 
ttag +14 ////; 
ttag +15 ////; 
ttag +16 ////; 
ttag +17 ////; 
ttag +18 ////; 
ttag +19 ////; 
ttag +20 ////; 
ttag +21 ////; 
ttag +22 ////; 
ttag +23 ////; 
ttag +24 ////; 
ttag +25 ////; 
ttag +26 ////; 
ttag +27 ////; 
ttag +28 ////; 
ttag +29 ////; 
ttag +30 ////; 
ttag +31 ////; 
ttag +32 ////; 
ttag +33 ////; 
ttag +34 ////; 
ttag +35 ////; 
ttag +36 ////; 
ttag +37 ////; 
ttag +38 ////; 
ttag +39 ////; 
ttag +40 ////; 
ttag +41 ////; 
ttag +42 ////; 
ttag +43 ////; 
ttag +44 ////; 
ttag +45 ////; 
ttag +46 ////; 
ttag +47 ////; 
ttag +48 ////; 
ttag +49 100/100/100/100/100; 
ttag +50 99/99/99/99/98; 
ttag +51 74/64/62/68/58; 
ttag +52 83/80/68/76/62; 
ttag +53 57/48/33/60/34; 
ttag +54 43/37/28/35/32; 
ttag +55 31/21/11/33/18; 
ttag +56 57/53/42/68/43; 
ttag +57 42/20/7/16/12; 
ttag +58 100/100/100/100/100; 
ttag +59 33/28/24/31/28; 
ttag +60 74/68/55/67/62; 
ttag +61 32/26/19/20/18; 
ttag +62 18/1/0/4/?; 
ttag +63 37/27/23/35/22; 
ttag +64 17/[11]/?/?/?; 
ttag +65 98/98/92/96/94; 
ttag +66 43/36/26/37/26; 
ttag +67 68/44/29/31/22; 
ttag +68 94/93/89/95/86; 
ttag +69 99/98/98/99/100; 
ttag +70 81/73/62/72/60; 
ttag +71 46/29/20/16/24; 
ttag +72 100/100/100/100/98; 
ttag +73 74/60/63/68/49; 
ttag +74 95/94/90/96/86; 
ttag +75 82/78/71/86/62; 
ttag +76 58/46/38/40/34; 
ttag +77 37/14/17/10/17; 
ttag +78 60/52/53/62/40; 
ttag +79 97/96/95/98/95; 
ttag +80 97/97/92/96/92; 
ttag +81 37/16/12/22/4; 
ttag +82 27/11/9/12/12; 
ttag +83 24/[30]/?/?/?; 
ttag +84 52/31/26/35/21; 
ttag +85 67/61/57/67/57; 
ttag +86 88/84/73/83/73; 
ttag +87 100/100/98/98/99; 
ttag +88 99/99/98/98/98; 
ttag +89 77/68/62/76/57; 
ttag +90 45/9/5/15/10; 
ttag +91 98/97/94/99/95; 
ttag +92 54/38/33/38/28; 
ttag +93 30/10/8/17/10; 
ttag +94 70/64/60/72/59; 
