tread
'Tree with tags' 
(0 (1 (2 3 )(4 5 14 21 ((6 7 )(8 9 10 ))(11 (12 13 ))(15 (16 17 ))(18 (19 20 ))(22 (23 (24 25 )))(26 27 28 ((29 (30 31 ))(32 (33 34 )(35 (36 (38 (37 39 )))))((40 (41 (42 43 )))(45 46 (44 47 )))))))); 
ttag *!; 
ttag +49 ???; 
ttag +50 3; 
ttag +51 2; 
ttag +52 1; 
ttag +53 1; 
ttag +54 12; 
ttag +55 1; 
ttag +56 4; 
ttag +57 8; 
ttag +58 1; 
ttag +59 6; 
ttag +60 10; 
ttag +61 1; 
ttag +62 4; 
ttag +63 3; 
ttag +64 4; 
ttag +65 7; 
ttag +66 2; 
ttag +67 1; 
ttag +68 6; 
ttag +69 3; 
ttag +70 2; 
ttag +71 3; 
ttag +72 1; 
ttag +73 4; 
ttag +74 6; 
ttag +75 2; 
ttag +76 2; 
ttag +77 6; 
ttag +78 1; 
ttag +79 3; 
tread
'Tree with tags' 
(0 (1 ((2 3 )(4 ((5 ((11 (12 13 ))(((14 (21 ((18 (19 20 ))(22 (23 (24 25 ))))))(26 (27 (28 (((29 (30 31 ))(32 ((33 34 )(35 (36 (38 (37 39 )))))))((40 (41 (42 43 )))((44 47 )(45 46 ))))))))(15 (16 17 )))))((6 7 )(8 (9 10 )))))))); 
ttag *!; 
ttag +0 ////; 
ttag +1 ////; 
ttag +2 ////; 
ttag +3 ////; 
ttag +4 ////; 
ttag +5 ////; 
ttag +6 ////; 
ttag +7 ////; 
ttag +8 ////; 
ttag +9 ////; 
ttag +10 ////; 
ttag +11 ////; 
ttag +12 ////; 
ttag +13 ////; 
ttag +14 ////; 
ttag +15 ////; 
ttag +16 ////; 
ttag +17 ////; 
ttag +18 ////; 
ttag +19 ////; 
ttag +20 ////; 
ttag +21 ////; 
ttag +22 ////; 
ttag +23 ////; 
ttag +24 ////; 
ttag +25 ////; 
ttag +26 ////; 
ttag +27 ////; 
ttag +28 ////; 
ttag +29 ////; 
ttag +30 ////; 
ttag +31 ////; 
ttag +32 ////; 
ttag +33 ////; 
ttag +34 ////; 
ttag +35 ////; 
ttag +36 ////; 
ttag +37 ////; 
ttag +38 ////; 
ttag +39 ////; 
ttag +40 ////; 
ttag +41 ////; 
ttag +42 ////; 
ttag +43 ////; 
ttag +44 ////; 
ttag +45 ////; 
ttag +46 ////; 
ttag +47 ////; 
ttag +48 ////; 
ttag +49 100/100/100/100/100; 
ttag +50 93/91/85/88/85; 
ttag +51 50/20/8/4/?; 
ttag +52 64/50/41/51/33; 
ttag +53 9/[12]/?/?/?; 
ttag +54 33/11/7/2/2; 
ttag +55 78/71/58/62/62; 
ttag +56 71/57/42/60/46; 
ttag +57 100/100/100/100/100; 
ttag +58 22/[21]/?/?/?; 
ttag +59 65/56/42/59/36; 
ttag +60 54/49/41/46/36; 
ttag +61 90/89/84/88/78; 
ttag +62 2/[22]/?/?/?; 
ttag +63 13/0/?/?/?; 
ttag +64 45/38/31/37/26; 
ttag +65 100/100/96/99/97; 
ttag +66 79/69/58/56/56; 
ttag +67 91/90/82/92/81; 
ttag +68 6/[18]/?/?/?; 
ttag +69 1/[23]/?/?/?; 
ttag +70 100/100/97/99/98; 
ttag +71 46/27/22/38/27; 
ttag +72 96/94/87/95/90; 
ttag +73 89/85/79/84/76; 
ttag +74 83/82/72/82/73; 
ttag +75 22/[25]/?/?/?; 
ttag +76 45/20/21/14/15; 
ttag +77 95/94/92/96/94; 
ttag +78 32/[19]/?/?/?; 
ttag +79 66/58/48/60/48; 
ttag +80 73/59/64/67/59; 
ttag +81 96/95/88/95/92; 
ttag +82 92/90/86/93/84; 
ttag +83 15/[30]/?/?/?; 
ttag +84 76/66/55/63/56; 
ttag +85 94/92/87/92/90; 
ttag +86 67/67/66/64/62; 
ttag +87 95/94/86/96/94; 
ttag +88 90/85/71/87/81; 
ttag +89 74/64/46/68/59; 
ttag +90 77/72/57/72/57; 
ttag +91 98/98/98/99/93; 
ttag +92 52/37/32/34/36; 
ttag +93 75/68/60/76/69; 
ttag +94 31/12/11/21/19; 
