tread
'Tree with tags' 
(0 (1 ((2 3 )(4 ((5 ((6 7 )(8 (9 10 ))))(12 13 14 (11 (18 (15 (16 17 ))(19 20 )))(21 (22 (23 (24 25 )))(26 27 (28 (29 (30 31 ))((32 33 34 35 (36 (37 (38 39 ))))(40 (41 (42 43 )))(44 45 46 47 ))))))))))); 
ttag *!; 
ttag +49 ???; 
ttag +50 6; 
ttag +51 6; 
ttag +52 3; 
ttag +53 1; 
ttag +54 3; 
ttag +55 2; 
ttag +56 1; 
ttag +57 6; 
ttag +58 1; 
ttag +59 1; 
ttag +60 1; 
ttag +61 4; 
ttag +62 3; 
ttag +63 5; 
ttag +64 5; 
ttag +65 1; 
ttag +66 4; 
ttag +67 4; 
ttag +68 5; 
ttag +69 5; 
ttag +70 1; 
ttag +71 3; 
ttag +72 4; 
ttag +73 9; 
ttag +74 2; 
ttag +75 2; 
ttag +76 7; 
ttag +77 2; 
ttag +78 8; 
ttag +79 2; 
ttag +80 8; 
ttag +81 1; 
tread
'Tree with tags' 
(0 (1 ((2 3 )(4 ((5 ((6 7 )(8 (9 10 ))))((12 ((11 (18 ((15 (16 17 ))(19 20 ))))(13 14 )))((21 ((26 27 )(28 ((29 (30 31 ))((((32 (35 (36 (37 (38 39 )))))(33 34 ))(45 (44 (46 47 ))))(40 (41 (42 43 ))))))))(22 (23 (24 25 )))))))))); 
ttag *!; 
ttag +0 ////; 
ttag +1 ////; 
ttag +2 ////; 
ttag +3 ////; 
ttag +4 ////; 
ttag +5 ////; 
ttag +6 ////; 
ttag +7 ////; 
ttag +8 ////; 
ttag +9 ////; 
ttag +10 ////; 
ttag +11 ////; 
ttag +12 ////; 
ttag +13 ////; 
ttag +14 ////; 
ttag +15 ////; 
ttag +16 ////; 
ttag +17 ////; 
ttag +18 ////; 
ttag +19 ////; 
ttag +20 ////; 
ttag +21 ////; 
ttag +22 ////; 
ttag +23 ////; 
ttag +24 ////; 
ttag +25 ////; 
ttag +26 ////; 
ttag +27 ////; 
ttag +28 ////; 
ttag +29 ////; 
ttag +30 ////; 
ttag +31 ////; 
ttag +32 ////; 
ttag +33 ////; 
ttag +34 ////; 
ttag +35 ////; 
ttag +36 ////; 
ttag +37 ////; 
ttag +38 ////; 
ttag +39 ////; 
ttag +40 ////; 
ttag +41 ////; 
ttag +42 ////; 
ttag +43 ////; 
ttag +44 ////; 
ttag +45 ////; 
ttag +46 ////; 
ttag +47 ////; 
ttag +48 ////; 
ttag +49 100/100/100/100/100; 
ttag +50 98/98/96/99/96; 
ttag +51 98/98/92/98/91; 
ttag +52 64/54/40/52/37; 
ttag +53 14/[5]/?/?/4; 
ttag +54 52/43/24/45/28; 
ttag +55 74/66/60/80/56; 
ttag +56 31/11/17/11/22; 
ttag +57 100/100/99/99/98; 
ttag +58 76/62/55/68/57; 
ttag +59 26/16/10/24/18; 
ttag +60 1/[41]/?/?/?; 
ttag +61 2/[10]/?/?/?; 
ttag +62 11/[8]/?/?/?; 
ttag +63 10/[32]/?/?/?; 
ttag +64 92/89/75/85/77; 
ttag +65 17/[35]/?/?/?; 
ttag +66 76/69/49/73/48; 
ttag +67 97/96/91/93/89; 
ttag +68 99/99/100/100/98; 
ttag +69 2/[26]/?/?/?; 
ttag +70 14/[5]/?/?/?; 
ttag +71 98/98/92/94/93; 
ttag +72 94/92/89/93/90; 
ttag +73 95/94/91/95/92; 
ttag +74 42/26/23/30/20; 
ttag +75 78/75/70/77/70; 
ttag +76 38/12/20/3/22; 
ttag +77 90/85/87/86/90; 
ttag +78 50/42/34/40/32; 
ttag +79 86/77/73/91/83; 
ttag +80 12/[8]/?/?/?; 
ttag +81 99/98/93/99/96; 
ttag +82 30/[4]/2/?/4; 
ttag +83 85/81/71/74/67; 
ttag +84 36/20/13/17/13; 
ttag +85 29/8/6/13/9; 
ttag +86 65/57/45/64/48; 
ttag +87 99/98/98/99/96; 
ttag +88 85/82/74/79/75; 
ttag +89 96/94/88/93/86; 
ttag +90 76/70/55/72/48; 
ttag +91 99/99/100/100/98; 
ttag +92 13/[13]/?/?/?; 
ttag +93 60/52/33/52/35; 
ttag +94 27/0/0/8/?; 
