tread
'Tree with tags' 
(0 (1 ((2 3 )((4 11 )(5 ((6 7 )(8 (9 10 ))(((12 13 )(21 (26 (22 (23 (24 25 )))(27 (28 ((29 (30 31 ))((((32 (35 (36 (37 (38 39 )))))(33 34 ))(41 (40 (42 43 ))))(47 (44 (45 46 ))))))))))(14 (18 ((15 (16 17 ))(19 20 ))))))))))); 
ttag *!; 
ttag +49 ???; 
ttag +50 6; 
ttag +51 6; 
ttag +52 1; 
ttag +53 9; 
ttag +54 1; 
ttag +55 2; 
ttag +56 2; 
ttag +57 9; 
ttag +58 1; 
ttag +59 4; 
ttag +60 1; 
ttag +61 4; 
ttag +62 1; 
ttag +63 5; 
ttag +64 1; 
ttag +65 5; 
ttag +66 1; 
ttag +67 11; 
ttag +68 1; 
ttag +69 1; 
ttag +70 4; 
ttag +71 8; 
ttag +72 9; 
ttag +73 2; 
ttag +74 5; 
ttag +75 7; 
ttag +76 2; 
ttag +77 7; 
ttag +78 2; 
ttag +79 3; 
ttag +80 2; 
ttag +81 2; 
ttag +82 4; 
ttag +83 4; 
ttag +84 7; 
ttag +85 6; 
ttag +86 4; 
ttag +87 2; 
ttag +88 7; 
ttag +89 4; 
ttag +90 2; 
ttag +91 5; 
ttag +92 1; 
tread
'Tree with tags' 
(0 (1 ((2 3 )((4 11 )(5 ((6 7 )((8 (9 10 ))(((12 13 )(21 (26 ((22 (23 (24 25 )))(27 (28 ((29 (30 31 ))((((32 (35 (36 (37 (38 39 )))))(33 34 ))(41 (40 (42 43 ))))(47 (44 (45 46 )))))))))))(14 (18 ((15 (16 17 ))(19 20 )))))))))))); 
ttag *!; 
ttag +0 ////; 
ttag +1 ////; 
ttag +2 ////; 
ttag +3 ////; 
ttag +4 ////; 
ttag +5 ////; 
ttag +6 ////; 
ttag +7 ////; 
ttag +8 ////; 
ttag +9 ////; 
ttag +10 ////; 
ttag +11 ////; 
ttag +12 ////; 
ttag +13 ////; 
ttag +14 ////; 
ttag +15 ////; 
ttag +16 ////; 
ttag +17 ////; 
ttag +18 ////; 
ttag +19 ////; 
ttag +20 ////; 
ttag +21 ////; 
ttag +22 ////; 
ttag +23 ////; 
ttag +24 ////; 
ttag +25 ////; 
ttag +26 ////; 
ttag +27 ////; 
ttag +28 ////; 
ttag +29 ////; 
ttag +30 ////; 
ttag +31 ////; 
ttag +32 ////; 
ttag +33 ////; 
ttag +34 ////; 
ttag +35 ////; 
ttag +36 ////; 
ttag +37 ////; 
ttag +38 ////; 
ttag +39 ////; 
ttag +40 ////; 
ttag +41 ////; 
ttag +42 ////; 
ttag +43 ////; 
ttag +44 ////; 
ttag +45 ////; 
ttag +46 ////; 
ttag +47 ////; 
ttag +48 ////; 
ttag +49 100/100/100/100/100; 
ttag +50 98/98/95/97/97; 
ttag +51 95/94/91/100/92; 
ttag +52 44/32/20/34/24; 
ttag +53 95/94/80/96/84; 
ttag +54 31/11/6/29/4; 
ttag +55 80/76/60/70/66; 
ttag +56 44/31/18/44/20; 
ttag +57 100/100/98/100/99; 
ttag +58 18/4/?/6/?; 
ttag +59 52/30/20/32/21; 
ttag +60 88/86/70/88/74; 
ttag +61 18/[1]/?/6/?; 
ttag +62 64/62/43/64/40; 
ttag +63 44/32/27/32/24; 
ttag +64 91/88/79/92/80; 
ttag +65 62/38/23/31/31; 
ttag +66 90/86/81/90/78; 
ttag +67 52/40/29/39/32; 
ttag +68 100/100/100/100/100; 
ttag +69 58/49/42/46/41; 
ttag +70 70/56/53/59/56; 
ttag +71 14/[21]/?/?/?; 
ttag +72 92/91/74/90/70; 
ttag +73 100/100/99/99/100; 
ttag +74 99/99/99/100/98; 
ttag +75 50/42/19/49/27; 
ttag +76 64/58/42/59/40; 
ttag +77 96/95/91/96/88; 
ttag +78 46/39/27/42/28; 
ttag +79 98/96/94/98/90; 
ttag +80 52/35/23/36/32; 
ttag +81 81/74/70/85/70; 
ttag +82 57/48/36/46/26; 
ttag +83 42/28/14/39/22; 
ttag +84 84/78/69/80/64; 
ttag +85 80/73/54/77/56; 
ttag +86 94/93/82/93/79; 
ttag +87 96/94/85/95/83; 
ttag +88 90/87/74/89/80; 
ttag +89 66/58/46/57/41; 
ttag +90 96/94/90/96/86; 
ttag +91 97/96/93/96/94; 
ttag +92 30/13/?/17/8; 
ttag +93 77/75/71/81/65; 
ttag +94 17/0/?/3/?; 
