tread
'Tree with tags' 
(0 (1 ((2 3 )(4 (5 (6 7 (8 9 10 )(11 (12 13 ((14 ((15 16 17 )(18 (19 20 ))))(21 ((22 (23 (24 25 )))(26 (27 28 ((29 (30 31 ))((32 ((33 34 )(35 (36 (39 (37 38 ))))))((40 (41 (42 43 )))(47 (46 (44 45 ))))))))))))))))))); 
ttag *!; 
ttag +49 ???; 
ttag +50 1; 
ttag +51 5; 
ttag +52 4; 
ttag +53 1; 
ttag +54 1; 
ttag +55 8; 
ttag +56 2; 
ttag +57 4; 
ttag +58 3; 
ttag +59 3; 
ttag +60 5; 
ttag +61 2; 
ttag +62 1; 
ttag +63 8; 
ttag +64 1; 
ttag +65 2; 
ttag +66 5; 
ttag +67 5; 
ttag +68 5; 
ttag +69 6; 
ttag +70 2; 
ttag +71 4; 
ttag +72 4; 
ttag +73 7; 
ttag +74 3; 
ttag +75 4; 
ttag +76 5; 
ttag +77 1; 
ttag +78 2; 
ttag +79 6; 
ttag +80 2; 
ttag +81 7; 
ttag +82 5; 
ttag +83 5; 
ttag +84 3; 
ttag +85 6; 
ttag +86 1; 
ttag +87 2; 
ttag +88 5; 
tread
'Tree with tags' 
(0 (1 ((2 3 )(4 (5 ((6 (7 (11 ((12 13 )((14 ((17 (15 16 ))(18 (19 20 ))))(21 ((22 (23 (24 25 )))(26 (27 (28 ((29 (30 31 ))((32 ((33 34 )(35 (36 (39 (37 38 ))))))((40 (41 (42 43 )))(47 (46 (44 45 ))))))))))))))))(10 (8 9 )))))))); 
ttag *!; 
ttag +0 ////; 
ttag +1 ////; 
ttag +2 ////; 
ttag +3 ////; 
ttag +4 ////; 
ttag +5 ////; 
ttag +6 ////; 
ttag +7 ////; 
ttag +8 ////; 
ttag +9 ////; 
ttag +10 ////; 
ttag +11 ////; 
ttag +12 ////; 
ttag +13 ////; 
ttag +14 ////; 
ttag +15 ////; 
ttag +16 ////; 
ttag +17 ////; 
ttag +18 ////; 
ttag +19 ////; 
ttag +20 ////; 
ttag +21 ////; 
ttag +22 ////; 
ttag +23 ////; 
ttag +24 ////; 
ttag +25 ////; 
ttag +26 ////; 
ttag +27 ////; 
ttag +28 ////; 
ttag +29 ////; 
ttag +30 ////; 
ttag +31 ////; 
ttag +32 ////; 
ttag +33 ////; 
ttag +34 ////; 
ttag +35 ////; 
ttag +36 ////; 
ttag +37 ////; 
ttag +38 ////; 
ttag +39 ////; 
ttag +40 ////; 
ttag +41 ////; 
ttag +42 ////; 
ttag +43 ////; 
ttag +44 ////; 
ttag +45 ////; 
ttag +46 ////; 
ttag +47 ////; 
ttag +48 ////; 
ttag +49 100/100/100/100/100; 
ttag +50 40/14/19/18/7; 
ttag +51 96/95/91/95/88; 
ttag +52 94/92/85/92/82; 
ttag +53 50/41/34/35/24; 
ttag +54 23/10/10/11/13; 
ttag +55 38/29/26/27/13; 
ttag +56 28/[10]/?/?/?; 
ttag +57 29/[4]/?/?/?; 
ttag +58 99/99/97/100/97; 
ttag +59 68/63/42/63/46; 
ttag +60 29/[10]/?/?/?; 
ttag +61 86/84/63/91/63; 
ttag +62 73/68/61/71/56; 
ttag +63 76/73/52/73/40; 
ttag +64 43/12/3/8/10; 
ttag +65 96/96/88/96/87; 
ttag +66 58/48/38/56/48; 
ttag +67 60/53/46/55/46; 
ttag +68 100/100/100/100/99; 
ttag +69 42/28/14/37/15; 
ttag +70 73/64/56/68/55; 
ttag +71 88/87/79/90/77; 
ttag +72 95/93/88/95/88; 
ttag +73 95/94/88/95/94; 
ttag +74 98/97/90/98/91; 
ttag +75 69/63/56/58/48; 
ttag +76 28/12/13/6/7; 
ttag +77 98/97/93/98/88; 
ttag +78 76/69/58/75/58; 
ttag +79 99/99/98/100/98; 
ttag +80 79/74/57/81/71; 
ttag +81 92/90/83/92/86; 
ttag +82 96/96/94/95/93; 
ttag +83 53/38/28/42/28; 
ttag +84 71/62/51/65/43; 
ttag +85 92/91/82/93/83; 
ttag +86 71/65/58/75/53; 
ttag +87 99/98/97/100/97; 
ttag +88 95/93/90/95/86; 
ttag +89 90/86/78/86/84; 
ttag +90 82/76/66/85/65; 
ttag +91 100/100/99/100/97; 
ttag +92 35/13/16/27/7; 
ttag +93 68/55/51/62/54; 
ttag +94 90/85/75/87/73; 
