tread
'Tree with tags' 
(0 (1 ((2 3 )(4 ((5 (6 7 ))(11 (12 13 (8 (9 10 ))((14 (21 ((15 (16 17 ))(18 (19 20 )))))((22 (23 (24 25 )))(26 (27 (28 29 (30 31 )(32 35 (33 34 )(36 (37 (38 39 ))))(40 41 (42 43 ))(44 45 46 47 ))))))))))))); 
ttag *!; 
ttag +49 ???; 
ttag +50 9; 
ttag +51 2; 
ttag +52 5; 
ttag +53 1; 
ttag +54 2; 
ttag +55 2; 
ttag +56 3; 
ttag +57 2; 
ttag +58 2; 
ttag +59 3; 
ttag +60 1; 
ttag +61 1; 
ttag +62 6; 
ttag +63 1; 
ttag +64 1; 
ttag +65 1; 
ttag +66 1; 
ttag +67 16; 
ttag +68 3; 
ttag +69 3; 
ttag +70 1; 
ttag +71 1; 
ttag +72 3; 
ttag +73 2; 
ttag +74 4; 
ttag +75 3; 
ttag +76 6; 
ttag +77 4; 
ttag +78 4; 
ttag +79 2; 
ttag +80 1; 
ttag +81 2; 
ttag +82 7; 
ttag +83 1; 
tread
'Tree with tags' 
(0 (1 ((2 3 )(4 ((5 (6 7 ))(11 ((8 (9 10 ))((12 13 )((14 (21 ((15 (16 17 ))(18 (19 20 )))))((22 (23 (24 25 )))(26 (27 ((28 ((29 (40 (41 (42 43 ))))(30 31 )))((32 ((33 34 )(35 (36 (37 (38 39 ))))))(47 (44 (45 46 ))))))))))))))))); 
ttag *!; 
ttag +0 ////; 
ttag +1 ////; 
ttag +2 ////; 
ttag +3 ////; 
ttag +4 ////; 
ttag +5 ////; 
ttag +6 ////; 
ttag +7 ////; 
ttag +8 ////; 
ttag +9 ////; 
ttag +10 ////; 
ttag +11 ////; 
ttag +12 ////; 
ttag +13 ////; 
ttag +14 ////; 
ttag +15 ////; 
ttag +16 ////; 
ttag +17 ////; 
ttag +18 ////; 
ttag +19 ////; 
ttag +20 ////; 
ttag +21 ////; 
ttag +22 ////; 
ttag +23 ////; 
ttag +24 ////; 
ttag +25 ////; 
ttag +26 ////; 
ttag +27 ////; 
ttag +28 ////; 
ttag +29 ////; 
ttag +30 ////; 
ttag +31 ////; 
ttag +32 ////; 
ttag +33 ////; 
ttag +34 ////; 
ttag +35 ////; 
ttag +36 ////; 
ttag +37 ////; 
ttag +38 ////; 
ttag +39 ////; 
ttag +40 ////; 
ttag +41 ////; 
ttag +42 ////; 
ttag +43 ////; 
ttag +44 ////; 
ttag +45 ////; 
ttag +46 ////; 
ttag +47 ////; 
ttag +48 ////; 
ttag +49 100/100/100/100/100; 
ttag +50 99/98/98/99/97; 
ttag +51 69/62/54/62/55; 
ttag +52 90/86/76/93/76; 
ttag +53 30/8/1/4/?; 
ttag +54 53/31/26/37/22; 
ttag +55 37/14/14/21/8; 
ttag +56 87/84/82/87/84; 
ttag +57 48/40/35/42/31; 
ttag +58 45/40/28/38/28; 
ttag +59 92/91/86/94/86; 
ttag +60 5/[13]/?/?/?; 
ttag +61 38/28/16/30/21; 
ttag +62 15/0/?/6/?; 
ttag +63 31/18/10/23/9; 
ttag +64 94/92/83/95/90; 
ttag +65 50/36/32/47/32; 
ttag +66 33/20/9/24/18; 
ttag +67 30/7/?/10/3; 
ttag +68 62/52/48/56/53; 
ttag +69 100/100/100/100/100; 
ttag +70 72/65/61/71/64; 
ttag +71 72/62/55/69/56; 
ttag +72 70/60/61/65/57; 
ttag +73 55/27/20/34/12; 
ttag +74 55/42/34/47/22; 
ttag +75 45/29/12/32/20; 
ttag +76 10/[31]/?/?/?; 
ttag +77 78/74/64/82/70; 
ttag +78 17/[5]/?/?/?; 
ttag +79 24/7/0/8/0; 
ttag +80 89/87/86/90/82; 
ttag +81 96/96/89/97/92; 
ttag +82 43/32/28/26/31; 
ttag +83 96/95/88/93/88; 
ttag +84 38/0/?/3/?; 
ttag +85 50/41/44/47/42; 
ttag +86 95/94/82/94/84; 
ttag +87 81/72/57/77/63; 
ttag +88 73/59/64/60/52; 
ttag +89 80/76/62/84/71; 
ttag +90 28/[30]/?/?/?; 
ttag +91 99/99/98/99/98; 
ttag +92 12/[29]/?/?/?; 
ttag +93 65/53/52/65/47; 
ttag +94 10/[31]/?/?/?; 
