tread
'Tree with tags' 
(0 (1 ((2 3 )(4 (5 (6 7 11 12 13 (8 (9 10 ))(14 21 (15 16 17 )(18 (19 20 ))((22 (23 (24 25 )))(26 27 28 (((29 (30 31 ))((32 (33 34 ))(35 (36 (37 38 39 )))))((40 (41 (42 43 )))((44 47 )(45 46 ))))))))))))); 
ttag *!; 
ttag +49 ???; 
ttag +50 4; 
ttag +51 1; 
ttag +52 7; 
ttag +53 3; 
ttag +54 1; 
ttag +55 8; 
ttag +56 6; 
ttag +57 1; 
ttag +58 9; 
ttag +59 4; 
ttag +60 6; 
ttag +61 7; 
ttag +62 3; 
ttag +63 3; 
ttag +64 9; 
ttag +65 3; 
ttag +66 5; 
ttag +67 1; 
ttag +68 2; 
ttag +69 4; 
ttag +70 1; 
ttag +71 6; 
ttag +72 2; 
ttag +73 3; 
ttag +74 4; 
ttag +75 9; 
ttag +76 5; 
ttag +77 2; 
ttag +78 2; 
ttag +79 8; 
ttag +80 1; 
ttag +81 1; 
ttag +82 1; 
tread
'Tree with tags' 
(0 (1 ((2 3 )(4 (5 (6 ((7 (12 (13 (21 ((14 ((15 (16 17 ))(18 (19 20 ))))((22 (23 (24 25 )))(28 (27 (26 (((29 (30 31 ))((32 (33 34 ))(35 (36 (39 (37 38 ))))))((40 (41 (42 43 )))((44 47 )(45 46 )))))))))))))(11 (8 (9 10 )))))))))); 
ttag *!; 
ttag +0 ////; 
ttag +1 ////; 
ttag +2 ////; 
ttag +3 ////; 
ttag +4 ////; 
ttag +5 ////; 
ttag +6 ////; 
ttag +7 ////; 
ttag +8 ////; 
ttag +9 ////; 
ttag +10 ////; 
ttag +11 ////; 
ttag +12 ////; 
ttag +13 ////; 
ttag +14 ////; 
ttag +15 ////; 
ttag +16 ////; 
ttag +17 ////; 
ttag +18 ////; 
ttag +19 ////; 
ttag +20 ////; 
ttag +21 ////; 
ttag +22 ////; 
ttag +23 ////; 
ttag +24 ////; 
ttag +25 ////; 
ttag +26 ////; 
ttag +27 ////; 
ttag +28 ////; 
ttag +29 ////; 
ttag +30 ////; 
ttag +31 ////; 
ttag +32 ////; 
ttag +33 ////; 
ttag +34 ////; 
ttag +35 ////; 
ttag +36 ////; 
ttag +37 ////; 
ttag +38 ////; 
ttag +39 ////; 
ttag +40 ////; 
ttag +41 ////; 
ttag +42 ////; 
ttag +43 ////; 
ttag +44 ////; 
ttag +45 ////; 
ttag +46 ////; 
ttag +47 ////; 
ttag +48 ////; 
ttag +49 100/100/100/100/100; 
ttag +50 92/90/84/92/80; 
ttag +51 76/70/58/63/60; 
ttag +52 98/98/94/98/91; 
ttag +53 60/40/35/53/30; 
ttag +54 50/44/36/47/27; 
ttag +55 2/[37]/?/?/?; 
ttag +56 6/[33]/?/?/?; 
ttag +57 98/98/99/100/99; 
ttag +58 10/[5]/?/?/?; 
ttag +59 98/96/97/99/98; 
ttag +60 18/8/12/12/1; 
ttag +61 20/14/12/13/9; 
ttag +62 41/24/11/13/17; 
ttag +63 30/11/?/8/1; 
ttag +64 54/45/27/44/33; 
ttag +65 99/99/100/100/100; 
ttag +66 50/26/12/16/17; 
ttag +67 52/24/42/36/34; 
ttag +68 92/90/85/96/89; 
ttag +69 99/99/98/100/97; 
ttag +70 97/96/92/96/94; 
ttag +71 86/84/82/88/76; 
ttag +72 70/51/39/51/38; 
ttag +73 99/99/98/99/97; 
ttag +74 2/[23]/?/?/?; 
ttag +75 6/[19]/?/?/?; 
ttag +76 66/52/44/54/37; 
ttag +77 97/96/91/98/92; 
ttag +78 29/1/2/?/?; 
ttag +79 83/77/74/71/67; 
ttag +80 92/91/84/96/86; 
ttag +81 42/22/16/9/14; 
ttag +82 96/95/90/95/90; 
ttag +83 68/49/54/41/48; 
ttag +84 85/84/73/85/71; 
ttag +85 93/91/84/95/79; 
ttag +86 17/[28]/?/?/?; 
ttag +87 98/98/98/100/97; 
ttag +88 91/90/81/93/83; 
ttag +89 74/70/63/75/68; 
ttag +90 71/64/43/61/42; 
ttag +91 99/99/96/100/99; 
ttag +92 25/8/?/3/?; 
ttag +93 62/45/37/40/28; 
ttag +94 52/36/33/34/28; 
