tread
'Tree with tags' 
(0 (1 ((2 3 )(13 ((12 (11 (4 5 (6 7 )(8 (9 10 )))))((14 ((15 (16 17 ))(18 (19 20 ))))(21 ((22 (23 (24 25 )))(28 (26 (27 (((29 (30 31 ))(32 ((33 34 )(35 (36 (37 (38 39 )))))))(((40 41 )(42 43 ))(47 (44 45 46 ))))))))))))))); 
ttag *!; 
ttag +49 ???; 
ttag +50 4; 
ttag +51 5; 
ttag +52 1; 
ttag +53 1; 
ttag +54 1; 
ttag +55 1; 
ttag +56 5; 
ttag +57 1; 
ttag +58 9; 
ttag +59 3; 
ttag +60 2; 
ttag +61 4; 
ttag +62 8; 
ttag +63 2; 
ttag +64 1; 
ttag +65 4; 
ttag +66 10; 
ttag +67 3; 
ttag +68 7; 
ttag +69 9; 
ttag +70 4; 
ttag +71 9; 
ttag +72 3; 
ttag +73 5; 
ttag +74 1; 
ttag +75 4; 
ttag +76 1; 
ttag +77 3; 
ttag +78 5; 
ttag +79 6; 
ttag +80 2; 
ttag +81 1; 
ttag +82 1; 
ttag +83 2; 
ttag +84 2; 
ttag +85 1; 
ttag +86 1; 
ttag +87 5; 
ttag +88 3; 
ttag +89 3; 
ttag +90 1; 
ttag +91 2; 
tread
'Tree with tags' 
(0 (1 ((2 3 )(13 ((12 (11 ((4 (5 (8 (9 10 ))))(6 7 ))))((14 ((15 (16 17 ))(18 (19 20 ))))(21 ((22 (23 (24 25 )))(28 (26 (27 (((29 (30 31 ))(32 ((33 34 )(35 (36 (37 (38 39 )))))))(((40 41 )(42 43 ))(47 (46 (44 45 )))))))))))))))); 
ttag *!; 
ttag +0 ////; 
ttag +1 ////; 
ttag +2 ////; 
ttag +3 ////; 
ttag +4 ////; 
ttag +5 ////; 
ttag +6 ////; 
ttag +7 ////; 
ttag +8 ////; 
ttag +9 ////; 
ttag +10 ////; 
ttag +11 ////; 
ttag +12 ////; 
ttag +13 ////; 
ttag +14 ////; 
ttag +15 ////; 
ttag +16 ////; 
ttag +17 ////; 
ttag +18 ////; 
ttag +19 ////; 
ttag +20 ////; 
ttag +21 ////; 
ttag +22 ////; 
ttag +23 ////; 
ttag +24 ////; 
ttag +25 ////; 
ttag +26 ////; 
ttag +27 ////; 
ttag +28 ////; 
ttag +29 ////; 
ttag +30 ////; 
ttag +31 ////; 
ttag +32 ////; 
ttag +33 ////; 
ttag +34 ////; 
ttag +35 ////; 
ttag +36 ////; 
ttag +37 ////; 
ttag +38 ////; 
ttag +39 ////; 
ttag +40 ////; 
ttag +41 ////; 
ttag +42 ////; 
ttag +43 ////; 
ttag +44 ////; 
ttag +45 ////; 
ttag +46 ////; 
ttag +47 ////; 
ttag +48 ////; 
ttag +49 100/100/100/100/100; 
ttag +50 87/84/79/84/74; 
ttag +51 86/81/77/85/78; 
ttag +52 5/[20]/?/?/?; 
ttag +53 20/0/?/4/4; 
ttag +54 34/25/10/28/13; 
ttag +55 11/[25]/?/?/?; 
ttag +56 20/[16]/?/?/?; 
ttag +57 65/60/43/71/50; 
ttag +58 6/[20]/?/?/?; 
ttag +59 80/73/69/77/66; 
ttag +60 99/99/99/98/99; 
ttag +61 85/79/80/82/77; 
ttag +62 27/15/10/22/6; 
ttag +63 60/50/34/46/30; 
ttag +64 99/98/97/100/96; 
ttag +65 24/7/?/5/?; 
ttag +66 46/12/22/24/2; 
ttag +67 97/96/93/98/96; 
ttag +68 100/100/100/100/100; 
ttag +69 66/62/50/64/46; 
ttag +70 99/99/98/99/98; 
ttag +71 96/96/87/96/92; 
ttag +72 84/74/56/83/59; 
ttag +73 99/99/98/99/98; 
ttag +74 68/62/41/58/45; 
ttag +75 91/90/74/89/75; 
ttag +76 16/[22]/?/?/?; 
ttag +77 77/71/62/75/63; 
ttag +78 20/[26]/?/?/?; 
ttag +79 62/56/37/58/48; 
ttag +80 92/89/82/93/82; 
ttag +81 98/98/94/98/93; 
ttag +82 76/72/57/75/52; 
ttag +83 45/27/37/39/38; 
ttag +84 22/2/3/3/5; 
ttag +85 65/57/41/57/44; 
ttag +86 64/56/40/54/38; 
ttag +87 51/26/19/22/19; 
ttag +88 48/26/18/23/15; 
ttag +89 98/97/95/96/96; 
ttag +90 76/68/55/74/58; 
ttag +91 94/94/86/88/84; 
ttag +92 35/21/19/17/8; 
ttag +93 29/20/17/25/22; 
ttag +94 68/52/64/67/68; 
