tread
'Tree with tags' 
(0 (1 ((2 3 )(4 (5 (((6 7 )((11 (21 ((14 ((17 (15 16 ))(18 (19 20 ))))((22 (23 (24 25 )))(26 27 28 ((29 (30 31 ))((32 ((33 34 )(35 (36 (37 38 39 )))))((40 (41 (42 43 )))(47 (46 (44 45 )))))))))))(12 13 )))(8 (9 10 )))))))); 
ttag *!; 
ttag +49 ???; 
ttag +50 4; 
ttag +51 1; 
ttag +52 5; 
ttag +53 2; 
ttag +54 1; 
ttag +55 1; 
ttag +56 2; 
ttag +57 9; 
ttag +58 1; 
ttag +59 1; 
ttag +60 1; 
ttag +61 1; 
ttag +62 2; 
ttag +63 2; 
ttag +64 3; 
ttag +65 1; 
ttag +66 10; 
ttag +67 1; 
ttag +68 1; 
ttag +69 7; 
ttag +70 2; 
ttag +71 5; 
ttag +72 3; 
ttag +73 6; 
ttag +74 1; 
ttag +75 2; 
ttag +76 1; 
ttag +77 4; 
ttag +78 4; 
ttag +79 4; 
ttag +80 8; 
ttag +81 3; 
ttag +82 2; 
ttag +83 3; 
ttag +84 4; 
ttag +85 2; 
ttag +86 2; 
ttag +87 2; 
ttag +88 3; 
ttag +89 2; 
ttag +90 1; 
ttag +91 5; 
tread
'Tree with tags' 
(0 (1 ((2 3 )(4 (5 (((6 7 )((11 (21 ((14 ((17 (15 16 ))(18 (19 20 ))))((22 (23 (24 25 )))(26 (27 (28 ((29 (30 31 ))((32 ((33 34 )(35 (36 (37 (38 39 ))))))((40 (41 (42 43 )))(47 (46 (44 45 )))))))))))))(12 13 )))(8 (9 10 )))))))); 
ttag *!; 
ttag +0 ////; 
ttag +1 ////; 
ttag +2 ////; 
ttag +3 ////; 
ttag +4 ////; 
ttag +5 ////; 
ttag +6 ////; 
ttag +7 ////; 
ttag +8 ////; 
ttag +9 ////; 
ttag +10 ////; 
ttag +11 ////; 
ttag +12 ////; 
ttag +13 ////; 
ttag +14 ////; 
ttag +15 ////; 
ttag +16 ////; 
ttag +17 ////; 
ttag +18 ////; 
ttag +19 ////; 
ttag +20 ////; 
ttag +21 ////; 
ttag +22 ////; 
ttag +23 ////; 
ttag +24 ////; 
ttag +25 ////; 
ttag +26 ////; 
ttag +27 ////; 
ttag +28 ////; 
ttag +29 ////; 
ttag +30 ////; 
ttag +31 ////; 
ttag +32 ////; 
ttag +33 ////; 
ttag +34 ////; 
ttag +35 ////; 
ttag +36 ////; 
ttag +37 ////; 
ttag +38 ////; 
ttag +39 ////; 
ttag +40 ////; 
ttag +41 ////; 
ttag +42 ////; 
ttag +43 ////; 
ttag +44 ////; 
ttag +45 ////; 
ttag +46 ////; 
ttag +47 ////; 
ttag +48 ////; 
ttag +49 100/100/100/100/100; 
ttag +50 87/83/68/81/78; 
ttag +51 58/39/13/30/26; 
ttag +52 96/94/84/95/84; 
ttag +53 64/50/56/58/39; 
ttag +54 36/21/18/19/21; 
ttag +55 13/[12]/?/?/?; 
ttag +56 64/54/47/50/34; 
ttag +57 100/100/100/100/99; 
ttag +58 50/31/16/28/28; 
ttag +59 26/[3]/?/?/?; 
ttag +60 51/43/39/48/42; 
ttag +61 66/61/46/64/56; 
ttag +62 56/41/37/49/37; 
ttag +63 33/20/6/26/8; 
ttag +64 69/65/45/70/52; 
ttag +65 32/[3]/?/8/9; 
ttag +66 100/100/98/100/100; 
ttag +67 42/29/21/31/18; 
ttag +68 67/50/54/56/50; 
ttag +69 99/99/100/100/100; 
ttag +70 82/74/66/77/65; 
ttag +71 96/95/86/96/88; 
ttag +72 95/94/99/97/94; 
ttag +73 98/98/95/98/97; 
ttag +74 62/50/45/50/47; 
ttag +75 7/[56]/?/?/?; 
ttag +76 27/[6]/?/?/?; 
ttag +77 74/71/58/70/65; 
ttag +78 43/34/26/33/22; 
ttag +79 85/82/77/83/79; 
ttag +80 80/77/66/81/65; 
ttag +81 86/81/72/86/73; 
ttag +82 100/100/98/100/99; 
ttag +83 56/43/23/39/27; 
ttag +84 55/46/41/53/39; 
ttag +85 79/75/70/80/71; 
ttag +86 88/87/79/88/80; 
ttag +87 25/[16]/?/?/?; 
ttag +88 82/78/76/85/73; 
ttag +89 74/66/56/69/61; 
ttag +90 71/49/54/62/53; 
ttag +91 90/89/80/87/80; 
ttag +92 55/39/34/44/52; 
ttag +93 46/22/14/22/26; 
ttag +94 96/95/92/97/92; 
