tread
'Tree with tags' 
(0 (1 ((2 3 )(4 5 11 ((6 7 )(8 (9 10 )))(12 13 )((14 (17 (15 16 )))(18 (19 20 ))(21 ((22 (23 (24 25 )))(26 (27 (28 (29 (30 31 ))(46 (32 (33 34 )(35 (36 (38 (37 39 )))))(40 (41 (42 43 )))(45 (44 47 ))))))))))))); 
ttag *!; 
ttag +49 ???; 
ttag +50 4; 
ttag +51 4; 
ttag +52 5; 
ttag +53 1; 
ttag +54 3; 
ttag +55 7; 
ttag +56 4; 
ttag +57 3; 
ttag +58 1; 
ttag +59 1; 
ttag +60 2; 
ttag +61 3; 
ttag +62 5; 
ttag +63 9; 
ttag +64 1; 
ttag +65 11; 
ttag +66 3; 
ttag +67 4; 
ttag +68 11; 
ttag +69 2; 
ttag +70 3; 
ttag +71 3; 
ttag +72 4; 
ttag +73 3; 
ttag +74 3; 
ttag +75 3; 
ttag +76 5; 
ttag +77 2; 
ttag +78 5; 
ttag +79 1; 
ttag +80 6; 
ttag +81 8; 
ttag +82 2; 
ttag +83 4; 
ttag +84 1; 
ttag +85 2; 
tread
'Tree with tags' 
(0 (1 ((2 3 )((4 5 )(((6 7 )(8 (9 10 )))((11 ((14 (17 (15 16 )))((18 (19 20 ))(21 ((22 (23 (24 25 )))(26 (27 ((28 (29 (30 31 )))((32 ((33 34 )(35 (36 (38 (37 39 ))))))((40 (41 (42 43 )))(46 (45 (44 47 )))))))))))))(12 13 ))))))); 
ttag *!; 
ttag +0 ////; 
ttag +1 ////; 
ttag +2 ////; 
ttag +3 ////; 
ttag +4 ////; 
ttag +5 ////; 
ttag +6 ////; 
ttag +7 ////; 
ttag +8 ////; 
ttag +9 ////; 
ttag +10 ////; 
ttag +11 ////; 
ttag +12 ////; 
ttag +13 ////; 
ttag +14 ////; 
ttag +15 ////; 
ttag +16 ////; 
ttag +17 ////; 
ttag +18 ////; 
ttag +19 ////; 
ttag +20 ////; 
ttag +21 ////; 
ttag +22 ////; 
ttag +23 ////; 
ttag +24 ////; 
ttag +25 ////; 
ttag +26 ////; 
ttag +27 ////; 
ttag +28 ////; 
ttag +29 ////; 
ttag +30 ////; 
ttag +31 ////; 
ttag +32 ////; 
ttag +33 ////; 
ttag +34 ////; 
ttag +35 ////; 
ttag +36 ////; 
ttag +37 ////; 
ttag +38 ////; 
ttag +39 ////; 
ttag +40 ////; 
ttag +41 ////; 
ttag +42 ////; 
ttag +43 ////; 
ttag +44 ////; 
ttag +45 ////; 
ttag +46 ////; 
ttag +47 ////; 
ttag +48 ////; 
ttag +49 100/100/100/100/100; 
ttag +50 92/91/87/92/88; 
ttag +51 68/46/41/53/30; 
ttag +52 8/[5]/?/?/?; 
ttag +53 56/41/33/45/22; 
ttag +54 49/42/49/42/41; 
ttag +55 68/66/60/74/59; 
ttag +56 6/[8]/?/?/?; 
ttag +57 100/100/99/100/97; 
ttag +58 92/91/86/96/83; 
ttag +59 9/[5]/?/?/?; 
ttag +60 4/[10]/?/?/?; 
ttag +61 73/68/58/71/57; 
ttag +62 57/55/42/59/39; 
ttag +63 21/6/?/8/?; 
ttag +64 83/80/68/84/64; 
ttag +65 77/66/60/70/52; 
ttag +66 92/90/80/94/80; 
ttag +67 11/[4]/?/?/?; 
ttag +68 99/99/99/99/100; 
ttag +69 40/24/24/24/11; 
ttag +70 98/98/97/96/96; 
ttag +71 67/52/46/46/35; 
ttag +72 99/99/97/98/96; 
ttag +73 100/100/100/100/98; 
ttag +74 75/68/65/71/69; 
ttag +75 67/51/49/60/38; 
ttag +76 21/[4]/?/0/?; 
ttag +77 67/60/60/73/52; 
ttag +78 92/90/77/88/78; 
ttag +79 93/92/82/92/86; 
ttag +80 83/79/71/84/68; 
ttag +81 68/64/49/72/48; 
ttag +82 96/96/92/96/90; 
ttag +83 57/30/22/25/21; 
ttag +84 86/82/70/83/71; 
ttag +85 97/96/89/98/91; 
ttag +86 65/49/45/45/47; 
ttag +87 99/98/96/98/97; 
ttag +88 98/97/94/99/97; 
ttag +89 12/[13]/?/?/?; 
ttag +90 86/83/72/85/76; 
ttag +91 90/86/81/84/81; 
ttag +92 44/37/28/39/25; 
ttag +93 54/47/41/51/36; 
ttag +94 29/15/16/21/17; 
