tread
'Tree with tags' 
(0 (1 ((2 3 )((4 (5 11 (6 7 )(12 13 ((14 ((15 (16 17 ))(18 (19 20 ))))(21 (((22 (23 (24 25 )))((29 (30 31 ))(32 ((33 34 )(35 36 (37 38 39 ))))(40 (41 (42 43 )))(44 45 46 47 )))(28 (26 27 ))))))))(10 (8 9 )))))); 
ttag *!; 
ttag +49 ???; 
ttag +50 6; 
ttag +51 7; 
ttag +52 2; 
ttag +53 7; 
ttag +54 1; 
ttag +55 1; 
ttag +56 2; 
ttag +57 7; 
ttag +58 4; 
ttag +59 3; 
ttag +60 5; 
ttag +61 7; 
ttag +62 1; 
ttag +63 5; 
ttag +64 8; 
ttag +65 11; 
ttag +66 6; 
ttag +67 2; 
ttag +68 1; 
ttag +69 5; 
ttag +70 3; 
ttag +71 9; 
ttag +72 1; 
ttag +73 1; 
ttag +74 1; 
ttag +75 3; 
ttag +76 1; 
ttag +77 5; 
ttag +78 1; 
ttag +79 4; 
ttag +80 1; 
ttag +81 9; 
ttag +82 5; 
ttag +83 2; 
ttag +84 2; 
ttag +85 3; 
tread
'Tree with tags' 
(0 (1 ((2 3 )((4 ((11 (5 (12 (13 ((14 ((15 (16 17 ))(18 (19 20 ))))(21 (((22 (23 (24 25 )))((((29 (30 31 ))(40 (41 (42 43 ))))(46 (47 (44 45 ))))(32 ((33 34 )((35 36 )(39 (37 38 )))))))(28 (26 27 )))))))))(6 7 )))(10 (8 9 )))))); 
ttag *!; 
ttag +0 ////; 
ttag +1 ////; 
ttag +2 ////; 
ttag +3 ////; 
ttag +4 ////; 
ttag +5 ////; 
ttag +6 ////; 
ttag +7 ////; 
ttag +8 ////; 
ttag +9 ////; 
ttag +10 ////; 
ttag +11 ////; 
ttag +12 ////; 
ttag +13 ////; 
ttag +14 ////; 
ttag +15 ////; 
ttag +16 ////; 
ttag +17 ////; 
ttag +18 ////; 
ttag +19 ////; 
ttag +20 ////; 
ttag +21 ////; 
ttag +22 ////; 
ttag +23 ////; 
ttag +24 ////; 
ttag +25 ////; 
ttag +26 ////; 
ttag +27 ////; 
ttag +28 ////; 
ttag +29 ////; 
ttag +30 ////; 
ttag +31 ////; 
ttag +32 ////; 
ttag +33 ////; 
ttag +34 ////; 
ttag +35 ////; 
ttag +36 ////; 
ttag +37 ////; 
ttag +38 ////; 
ttag +39 ////; 
ttag +40 ////; 
ttag +41 ////; 
ttag +42 ////; 
ttag +43 ////; 
ttag +44 ////; 
ttag +45 ////; 
ttag +46 ////; 
ttag +47 ////; 
ttag +48 ////; 
ttag +49 100/100/100/100/100; 
ttag +50 95/92/92/95/90; 
ttag +51 98/98/91/96/93; 
ttag +52 58/48/39/40/28; 
ttag +53 98/97/95/98/93; 
ttag +54 12/3/0/?/?; 
ttag +55 13/4/?/1/?; 
ttag +56 32/10/5/16/6; 
ttag +57 33/26/17/19/23; 
ttag +58 72/58/47/56/48; 
ttag +59 98/98/97/98/96; 
ttag +60 84/82/70/86/67; 
ttag +61 36/21/23/36/19; 
ttag +62 59/45/32/47/28; 
ttag +63 89/86/72/90/73; 
ttag +64 95/94/90/96/86; 
ttag +65 40/26/19/29/15; 
ttag +66 93/90/85/91/82; 
ttag +67 99/99/97/100/96; 
ttag +68 100/100/100/100/99; 
ttag +69 92/91/79/87/73; 
ttag +70 88/84/78/86/83; 
ttag +71 26/[21]/?/?/?; 
ttag +72 88/85/64/84/74; 
ttag +73 76/64/57/72/54; 
ttag +74 100/100/98/100/98; 
ttag +75 55/48/39/53/45; 
ttag +76 32/15/12/14/14; 
ttag +77 37/15/22/20/14; 
ttag +78 11/[16]/?/?/?; 
ttag +79 2/[26]/?/?/?; 
ttag +80 73/69/52/70/54; 
ttag +81 71/58/64/66/56; 
ttag +82 90/86/81/91/82; 
ttag +83 50/40/36/57/38; 
ttag +84 81/77/64/86/62; 
ttag +85 20/[35]/?/?/?; 
ttag +86 60/50/48/46/38; 
ttag +87 29/0/5/?/1; 
ttag +88 100/100/100/100/100; 
ttag +89 94/94/88/95/86; 
ttag +90 79/73/58/76/61; 
ttag +91 76/64/47/57/40; 
ttag +92 48/31/20/30/21; 
ttag +93 31/9/14/6/16; 
ttag +94 65/57/46/64/44; 
