tread
'Tree with tags' 
(0 (1 ((2 3 )(4 5 6 7 11 (8 (9 10 ))((12 13 )(14 ((15 16 17 )(18 (19 20 ))))(21 ((22 (23 (24 25 )))(26 (27 (28 ((29 (30 31 ))((32 ((33 34 )(35 (36 (37 (38 39 ))))))(((40 41 )(42 43 ))(44 (45 (46 47 )))))))))))))))); 
ttag *!; 
ttag +49 ???; 
ttag +50 3; 
ttag +51 7; 
ttag +52 4; 
ttag +53 5; 
ttag +54 2; 
ttag +55 1; 
ttag +56 3; 
ttag +57 1; 
ttag +58 3; 
ttag +59 3; 
ttag +60 7; 
ttag +61 8; 
ttag +62 2; 
ttag +63 7; 
ttag +64 5; 
ttag +65 6; 
ttag +66 3; 
ttag +67 8; 
ttag +68 4; 
ttag +69 3; 
ttag +70 7; 
ttag +71 2; 
ttag +72 4; 
ttag +73 1; 
ttag +74 1; 
ttag +75 5; 
ttag +76 2; 
ttag +77 2; 
ttag +78 1; 
ttag +79 7; 
ttag +80 1; 
ttag +81 2; 
ttag +82 8; 
ttag +83 4; 
ttag +84 10; 
ttag +85 4; 
ttag +86 3; 
ttag +87 1; 
tread
'Tree with tags' 
(0 (1 ((2 3 )(4 (5 (11 ((6 7 )((8 (9 10 ))(((12 13 )(21 ((22 (23 (24 25 )))(26 (27 (28 ((29 (30 31 ))((32 ((33 34 )(35 (36 (37 (38 39 ))))))(((40 41 )(42 43 ))(44 (45 (46 47 ))))))))))))(14 ((15 (16 17 ))(18 (19 20 ))))))))))))); 
ttag *!; 
ttag +0 ////; 
ttag +1 ////; 
ttag +2 ////; 
ttag +3 ////; 
ttag +4 ////; 
ttag +5 ////; 
ttag +6 ////; 
ttag +7 ////; 
ttag +8 ////; 
ttag +9 ////; 
ttag +10 ////; 
ttag +11 ////; 
ttag +12 ////; 
ttag +13 ////; 
ttag +14 ////; 
ttag +15 ////; 
ttag +16 ////; 
ttag +17 ////; 
ttag +18 ////; 
ttag +19 ////; 
ttag +20 ////; 
ttag +21 ////; 
ttag +22 ////; 
ttag +23 ////; 
ttag +24 ////; 
ttag +25 ////; 
ttag +26 ////; 
ttag +27 ////; 
ttag +28 ////; 
ttag +29 ////; 
ttag +30 ////; 
ttag +31 ////; 
ttag +32 ////; 
ttag +33 ////; 
ttag +34 ////; 
ttag +35 ////; 
ttag +36 ////; 
ttag +37 ////; 
ttag +38 ////; 
ttag +39 ////; 
ttag +40 ////; 
ttag +41 ////; 
ttag +42 ////; 
ttag +43 ////; 
ttag +44 ////; 
ttag +45 ////; 
ttag +46 ////; 
ttag +47 ////; 
ttag +48 ////; 
ttag +49 100/100/100/100/100; 
ttag +50 94/92/80/89/80; 
ttag +51 98/98/94/98/96; 
ttag +52 91/89/82/94/80; 
ttag +53 36/2/?/?/?; 
ttag +54 53/30/21/17/18; 
ttag +55 15/5/4/6/0; 
ttag +56 5/[4]/?/?/?; 
ttag +57 97/97/95/100/97; 
ttag +58 18/[4]/?/?/?; 
ttag +59 77/75/69/78/61; 
ttag +60 61/57/45/56/49; 
ttag +61 12/[15]/?/?/?; 
ttag +62 76/74/62/75/64; 
ttag +63 34/14/21/23/26; 
ttag +64 86/82/78/86/71; 
ttag +65 76/66/46/70/51; 
ttag +66 39/29/20/26/18; 
ttag +67 99/99/92/98/92; 
ttag +68 99/98/99/100/99; 
ttag +69 74/70/55/72/48; 
ttag +70 97/96/95/98/91; 
ttag +71 82/76/65/78/53; 
ttag +72 94/90/87/96/86; 
ttag +73 84/80/71/83/70; 
ttag +74 96/94/88/94/90; 
ttag +75 76/71/55/74/48; 
ttag +76 51/39/48/44/26; 
ttag +77 98/98/94/97/95; 
ttag +78 32/4/5/7/?; 
ttag +79 96/94/91/95/88; 
ttag +80 24/[3]/?/6/?; 
ttag +81 19/[8]/?/?/?; 
ttag +82 89/87/83/90/77; 
ttag +83 63/57/47/56/46; 
ttag +84 59/50/40/65/46; 
ttag +85 61/54/46/58/48; 
ttag +86 94/92/90/95/88; 
ttag +87 58/43/47/48/40; 
ttag +88 69/54/65/50/58; 
ttag +89 96/94/86/98/91; 
ttag +90 66/60/48/64/40; 
ttag +91 100/100/98/100/99; 
ttag +92 80/76/72/85/70; 
ttag +93 35/2/11/16/5; 
ttag +94 29/21/21/22/23; 
