tread
'Tree with tags' 
(0 (1 (3 (2 (4 (5 (7 ((6 (8 (9 10 )))(11 ((12 13 )(21 ((14 ((17 (15 16 ))(18 (19 20 ))))((22 (23 (24 25 )))(26 (27 (28 ((29 (30 31 ))((32 (35 (36 (39 (37 38 )))))(33 34 ))(40 (41 (42 43 )))(46 (44 45 47 ))))))))))))))))))); 
ttag *!; 
ttag +49 ???; 
ttag +50 1; 
ttag +51 3; 
ttag +52 8; 
ttag +53 2; 
ttag +54 2; 
ttag +55 2; 
ttag +56 3; 
ttag +57 7; 
ttag +58 1; 
ttag +59 2; 
ttag +60 3; 
ttag +61 2; 
ttag +62 3; 
ttag +63 1; 
ttag +64 2; 
ttag +65 2; 
ttag +66 6; 
ttag +67 6; 
ttag +68 5; 
ttag +69 4; 
ttag +70 5; 
ttag +71 4; 
ttag +72 3; 
ttag +73 3; 
ttag +74 7; 
ttag +75 2; 
ttag +76 6; 
ttag +77 7; 
ttag +78 8; 
ttag +79 3; 
ttag +80 1; 
ttag +81 1; 
ttag +82 1; 
ttag +83 2; 
ttag +84 1; 
ttag +85 1; 
ttag +86 7; 
ttag +87 5; 
ttag +88 3; 
ttag +89 6; 
ttag +90 1; 
ttag +91 1; 
tread
'Tree with tags' 
(0 (1 (3 (2 (4 (5 (7 ((6 (8 (9 10 )))(11 ((12 13 )(21 ((14 ((17 (15 16 ))(18 (19 20 ))))((22 (23 (24 25 )))(26 (27 (28 (((29 (30 31 ))((40 (41 (42 43 )))(46 (47 (44 45 )))))((32 (35 (36 (39 (37 38 )))))(33 34 ))))))))))))))))))); 
ttag *!; 
ttag +0 ////; 
ttag +1 ////; 
ttag +2 ////; 
ttag +3 ////; 
ttag +4 ////; 
ttag +5 ////; 
ttag +6 ////; 
ttag +7 ////; 
ttag +8 ////; 
ttag +9 ////; 
ttag +10 ////; 
ttag +11 ////; 
ttag +12 ////; 
ttag +13 ////; 
ttag +14 ////; 
ttag +15 ////; 
ttag +16 ////; 
ttag +17 ////; 
ttag +18 ////; 
ttag +19 ////; 
ttag +20 ////; 
ttag +21 ////; 
ttag +22 ////; 
ttag +23 ////; 
ttag +24 ////; 
ttag +25 ////; 
ttag +26 ////; 
ttag +27 ////; 
ttag +28 ////; 
ttag +29 ////; 
ttag +30 ////; 
ttag +31 ////; 
ttag +32 ////; 
ttag +33 ////; 
ttag +34 ////; 
ttag +35 ////; 
ttag +36 ////; 
ttag +37 ////; 
ttag +38 ////; 
ttag +39 ////; 
ttag +40 ////; 
ttag +41 ////; 
ttag +42 ////; 
ttag +43 ////; 
ttag +44 ////; 
ttag +45 ////; 
ttag +46 ////; 
ttag +47 ////; 
ttag +48 ////; 
ttag +49 100/100/100/100/100; 
ttag +50 47/15/?/21/5; 
ttag +51 85/78/68/74/74; 
ttag +52 97/96/91/97/93; 
ttag +53 32/13/3/14/?; 
ttag +54 33/17/2/20/4; 
ttag +55 25/9/?/11/0; 
ttag +56 36/27/11/31/15; 
ttag +57 99/99/95/98/96; 
ttag +58 33/[6]/?/0/?; 
ttag +59 23/7/2/14/4; 
ttag +60 71/65/50/64/53; 
ttag +61 27/18/9/28/10; 
ttag +62 30/22/6/23/12; 
ttag +63 8/[17]/?/?/?; 
ttag +64 20/12/?/17/0; 
ttag +65 60/37/26/52/35; 
ttag +66 91/86/77/92/82; 
ttag +67 84/80/76/82/76; 
ttag +68 94/92/87/94/92; 
ttag +69 91/88/85/92/86; 
ttag +70 79/72/62/78/62; 
ttag +71 64/52/38/53/44; 
ttag +72 68/64/50/68/51; 
ttag +73 76/66/64/76/59; 
ttag +74 94/92/88/93/90; 
ttag +75 65/56/30/50/39; 
ttag +76 96/95/96/98/94; 
ttag +77 97/96/91/98/88; 
ttag +78 28/15/15/18/13; 
ttag +79 98/98/96/99/96; 
ttag +80 94/92/94/95/92; 
ttag +81 32/17/10/20/20; 
ttag +82 49/32/20/38/25; 
ttag +83 58/53/45/55/44; 
ttag +84 66/63/50/66/53; 
ttag +85 42/26/28/32/17; 
ttag +86 54/44/39/47/34; 
ttag +87 94/92/88/97/81; 
ttag +88 98/98/94/97/96; 
ttag +89 30/8/4/15/14; 
ttag +90 88/81/83/90/79; 
ttag +91 99/99/96/98/96; 
ttag +92 22/[28]/?/?/?; 
ttag +93 72/65/51/63/55; 
ttag +94 49/39/32/40/34; 
