tread
'Tree with tags' 
(0 (1 ((2 3 )(4 5 (6 7 )(8 9 10 )(11 ((12 13 )((14 ((18 (19 20 ))(21 ((22 (23 (24 25 )))(26 (27 ((28 ((29 (30 31 ))(32 35 (33 34 )(36 (37 (38 39 ))))))((42 (43 (40 41 )))(47 (44 (45 46 )))))))))))(17 (15 16 ))))))))); 
ttag *!; 
ttag +49 ???; 
ttag +50 2; 
ttag +51 2; 
ttag +52 6; 
ttag +53 1; 
ttag +54 11; 
ttag +55 1; 
ttag +56 2; 
ttag +57 4; 
ttag +58 1; 
ttag +59 2; 
ttag +60 3; 
ttag +61 4; 
ttag +62 8; 
ttag +63 2; 
ttag +64 8; 
ttag +65 3; 
ttag +66 2; 
ttag +67 5; 
ttag +68 3; 
ttag +69 5; 
ttag +70 6; 
ttag +71 2; 
ttag +72 2; 
ttag +73 2; 
ttag +74 4; 
ttag +75 4; 
ttag +76 2; 
ttag +77 4; 
ttag +78 6; 
ttag +79 5; 
ttag +80 10; 
ttag +81 3; 
ttag +82 1; 
ttag +83 1; 
ttag +84 10; 
ttag +85 5; 
ttag +86 1; 
ttag +87 1; 
ttag +88 1; 
tread
'Tree with tags' 
(0 (1 ((2 3 )(((4 (6 7 ))(11 ((12 13 )((14 ((18 (19 20 ))(21 ((22 (23 (24 25 )))(26 (27 ((28 ((29 (30 31 ))((35 (32 (36 (37 (38 39 )))))(33 34 ))))((42 (43 (40 41 )))(47 (44 (45 46 )))))))))))(17 (15 16 ))))))(5 (8 (9 10 ))))))); 
ttag *!; 
ttag +0 ////; 
ttag +1 ////; 
ttag +2 ////; 
ttag +3 ////; 
ttag +4 ////; 
ttag +5 ////; 
ttag +6 ////; 
ttag +7 ////; 
ttag +8 ////; 
ttag +9 ////; 
ttag +10 ////; 
ttag +11 ////; 
ttag +12 ////; 
ttag +13 ////; 
ttag +14 ////; 
ttag +15 ////; 
ttag +16 ////; 
ttag +17 ////; 
ttag +18 ////; 
ttag +19 ////; 
ttag +20 ////; 
ttag +21 ////; 
ttag +22 ////; 
ttag +23 ////; 
ttag +24 ////; 
ttag +25 ////; 
ttag +26 ////; 
ttag +27 ////; 
ttag +28 ////; 
ttag +29 ////; 
ttag +30 ////; 
ttag +31 ////; 
ttag +32 ////; 
ttag +33 ////; 
ttag +34 ////; 
ttag +35 ////; 
ttag +36 ////; 
ttag +37 ////; 
ttag +38 ////; 
ttag +39 ////; 
ttag +40 ////; 
ttag +41 ////; 
ttag +42 ////; 
ttag +43 ////; 
ttag +44 ////; 
ttag +45 ////; 
ttag +46 ////; 
ttag +47 ////; 
ttag +48 ////; 
ttag +49 100/100/100/100/100; 
ttag +50 84/77/58/74/75; 
ttag +51 87/85/72/86/67; 
ttag +52 39/12/19/5/13; 
ttag +53 10/[17]/?/?/?; 
ttag +54 98/97/96/98/98; 
ttag +55 14/[10]/?/?/?; 
ttag +56 81/76/66/68/67; 
ttag +57 100/100/100/100/100; 
ttag +58 44/10/14/21/15; 
ttag +59 40/34/25/39/19; 
ttag +60 76/72/59/73/49; 
ttag +61 86/86/73/88/70; 
ttag +62 40/20/16/32/9; 
ttag +63 72/68/58/75/52; 
ttag +64 75/62/46/62/46; 
ttag +65 87/85/76/88/78; 
ttag +66 99/98/97/100/98; 
ttag +67 47/38/28/50/28; 
ttag +68 100/100/98/99/98; 
ttag +69 55/47/40/58/34; 
ttag +70 82/77/71/85/82; 
ttag +71 84/79/68/86/71; 
ttag +72 72/55/35/56/48; 
ttag +73 94/91/90/94/88; 
ttag +74 72/64/57/73/52; 
ttag +75 25/6/4/10/4; 
ttag +76 24/6/?/14/0; 
ttag +77 22/3/?/7/4; 
ttag +78 63/50/31/59/44; 
ttag +79 49/43/29/46/36; 
ttag +80 62/58/44/65/53; 
ttag +81 31/10/10/14/?; 
ttag +82 34/13/15/17/12; 
ttag +83 84/83/66/88/69; 
ttag +84 90/86/82/94/84; 
ttag +85 92/90/85/94/83; 
ttag +86 100/100/98/100/98; 
ttag +87 97/97/93/95/89; 
ttag +88 16/[22]/?/?/?; 
ttag +89 13/[25]/?/?/?; 
ttag +90 98/98/94/97/96; 
ttag +91 73/66/60/76/60; 
ttag +92 25/[5]/1/4/?; 
ttag +93 45/14/16/27/7; 
ttag +94 18/[12]/?/?/?; 
