tread
'Tree with tags' 
(0 (1 ((2 3 )(4 (5 ((7 (6 (11 (8 (9 10 )))))((12 13 )(14 21 ((17 (15 16 ))(18 (19 20 )))((22 (23 (24 25 )))(26 (27 (((28 (29 (30 31 )))(32 ((33 34 )(35 (36 (37 38 39 ))))))((40 (41 (42 43 )))(44 (45 (46 47 )))))))))))))))); 
ttag *!; 
ttag +49 ???; 
ttag +50 10; 
ttag +51 3; 
ttag +52 4; 
ttag +53 3; 
ttag +54 2; 
ttag +55 1; 
ttag +56 1; 
ttag +57 9; 
ttag +58 4; 
ttag +59 1; 
ttag +60 2; 
ttag +61 2; 
ttag +62 3; 
ttag +63 1; 
ttag +64 5; 
ttag +65 1; 
ttag +66 4; 
ttag +67 11; 
ttag +68 9; 
ttag +69 1; 
ttag +70 3; 
ttag +71 7; 
ttag +72 6; 
ttag +73 4; 
ttag +74 1; 
ttag +75 1; 
ttag +76 2; 
ttag +77 6; 
ttag +78 6; 
ttag +79 10; 
ttag +80 4; 
ttag +81 1; 
ttag +82 3; 
ttag +83 7; 
ttag +84 6; 
ttag +85 5; 
ttag +86 4; 
ttag +87 2; 
ttag +88 6; 
ttag +89 4; 
ttag +90 1; 
ttag +91 3; 
tread
'Tree with tags' 
(0 (1 ((2 3 )(4 (5 ((7 (6 (11 (8 (9 10 )))))((12 13 )(21 (14 (((17 (15 16 ))(18 (19 20 )))((22 (23 (24 25 )))(26 (27 (((28 (29 (30 31 )))(32 ((33 34 )(35 (36 (39 (37 38 )))))))((40 (41 (42 43 )))(44 (45 (46 47 )))))))))))))))))); 
ttag *!; 
ttag +0 ////; 
ttag +1 ////; 
ttag +2 ////; 
ttag +3 ////; 
ttag +4 ////; 
ttag +5 ////; 
ttag +6 ////; 
ttag +7 ////; 
ttag +8 ////; 
ttag +9 ////; 
ttag +10 ////; 
ttag +11 ////; 
ttag +12 ////; 
ttag +13 ////; 
ttag +14 ////; 
ttag +15 ////; 
ttag +16 ////; 
ttag +17 ////; 
ttag +18 ////; 
ttag +19 ////; 
ttag +20 ////; 
ttag +21 ////; 
ttag +22 ////; 
ttag +23 ////; 
ttag +24 ////; 
ttag +25 ////; 
ttag +26 ////; 
ttag +27 ////; 
ttag +28 ////; 
ttag +29 ////; 
ttag +30 ////; 
ttag +31 ////; 
ttag +32 ////; 
ttag +33 ////; 
ttag +34 ////; 
ttag +35 ////; 
ttag +36 ////; 
ttag +37 ////; 
ttag +38 ////; 
ttag +39 ////; 
ttag +40 ////; 
ttag +41 ////; 
ttag +42 ////; 
ttag +43 ////; 
ttag +44 ////; 
ttag +45 ////; 
ttag +46 ////; 
ttag +47 ////; 
ttag +48 ////; 
ttag +49 100/100/100/100/100; 
ttag +50 99/99/98/100/98; 
ttag +51 83/79/76/77/71; 
ttag +52 73/56/38/52/42; 
ttag +53 64/51/36/50/38; 
ttag +54 43/29/16/34/14; 
ttag +55 23/3/2/7/?; 
ttag +56 57/49/38/44/38; 
ttag +57 100/100/97/99/98; 
ttag +58 77/74/58/71/58; 
ttag +59 48/23/12/25/11; 
ttag +60 54/46/36/48/31; 
ttag +61 47/40/23/45/23; 
ttag +62 34/20/0/17/4; 
ttag +63 64/60/38/60/43; 
ttag +64 64/46/29/48/38; 
ttag +65 98/96/91/98/89; 
ttag +66 70/60/55/57/44; 
ttag +67 30/3/?/0/0; 
ttag +68 93/92/84/93/82; 
ttag +69 99/99/100/100/100; 
ttag +70 99/98/96/100/99; 
ttag +71 80/73/63/70/57; 
ttag +72 86/83/82/88/73; 
ttag +73 98/98/96/99/98; 
ttag +74 86/84/68/84/72; 
ttag +75 75/69/48/72/56; 
ttag +76 33/24/7/18/8; 
ttag +77 23/[12]/?/?/?; 
ttag +78 55/48/28/54/39; 
ttag +79 95/94/84/92/88; 
ttag +80 96/96/88/94/84; 
ttag +81 99/98/96/99/96; 
ttag +82 86/80/73/84/76; 
ttag +83 46/14/7/27/8; 
ttag +84 65/49/38/53/47; 
ttag +85 97/96/95/96/93; 
ttag +86 30/[8]/?/?/?; 
ttag +87 98/97/94/98/93; 
ttag +88 89/87/80/93/82; 
ttag +89 70/63/46/70/56; 
ttag +90 60/53/36/58/42; 
ttag +91 98/98/97/99/98; 
ttag +92 82/79/76/80/68; 
ttag +93 36/21/7/19/14; 
ttag +94 59/47/32/54/46; 
