tread
'Tree with tags' 
(0 (1 ((2 3 )(4 ((5 (7 (6 (8 (9 10 )))))(11 (12 13 ((14 ((17 (15 16 ))(18 (19 20 ))))(21 ((22 (23 (24 25 )))(26 (27 (28 ((((29 (30 31 ))((44 45 )(46 47 )))(41 (40 (42 43 ))))(32 (35 ((33 34 )(36 (37 38 39 ))))))))))))))))))); 
ttag *!; 
ttag +49 ???; 
ttag +50 3; 
ttag +51 4; 
ttag +52 7; 
ttag +53 2; 
ttag +54 3; 
ttag +55 1; 
ttag +56 2; 
ttag +57 10; 
ttag +58 2; 
ttag +59 4; 
ttag +60 1; 
ttag +61 2; 
ttag +62 1; 
ttag +63 1; 
ttag +64 2; 
ttag +65 3; 
ttag +66 5; 
ttag +67 9; 
ttag +68 1; 
ttag +69 6; 
ttag +70 3; 
ttag +71 5; 
ttag +72 8; 
ttag +73 6; 
ttag +74 5; 
ttag +75 2; 
ttag +76 4; 
ttag +77 1; 
ttag +78 1; 
ttag +79 3; 
ttag +80 1; 
ttag +81 4; 
ttag +82 6; 
ttag +83 1; 
ttag +84 2; 
ttag +85 2; 
ttag +86 4; 
ttag +87 1; 
ttag +88 1; 
ttag +89 2; 
ttag +90 1; 
ttag +91 2; 
ttag +92 1; 
tread
'Tree with tags' 
(0 (1 ((2 3 )(4 ((5 (7 (6 (8 (9 10 )))))(11 (12 (13 ((14 ((17 (15 16 ))(18 (19 20 ))))(21 ((22 (23 (24 25 )))(26 (27 (28 ((((29 (30 31 ))((44 45 )(46 47 )))(41 (40 (42 43 ))))(32 (35 ((33 34 )(36 (39 (37 38 ))))))))))))))))))))); 
ttag *!; 
ttag +0 ////; 
ttag +1 ////; 
ttag +2 ////; 
ttag +3 ////; 
ttag +4 ////; 
ttag +5 ////; 
ttag +6 ////; 
ttag +7 ////; 
ttag +8 ////; 
ttag +9 ////; 
ttag +10 ////; 
ttag +11 ////; 
ttag +12 ////; 
ttag +13 ////; 
ttag +14 ////; 
ttag +15 ////; 
ttag +16 ////; 
ttag +17 ////; 
ttag +18 ////; 
ttag +19 ////; 
ttag +20 ////; 
ttag +21 ////; 
ttag +22 ////; 
ttag +23 ////; 
ttag +24 ////; 
ttag +25 ////; 
ttag +26 ////; 
ttag +27 ////; 
ttag +28 ////; 
ttag +29 ////; 
ttag +30 ////; 
ttag +31 ////; 
ttag +32 ////; 
ttag +33 ////; 
ttag +34 ////; 
ttag +35 ////; 
ttag +36 ////; 
ttag +37 ////; 
ttag +38 ////; 
ttag +39 ////; 
ttag +40 ////; 
ttag +41 ////; 
ttag +42 ////; 
ttag +43 ////; 
ttag +44 ////; 
ttag +45 ////; 
ttag +46 ////; 
ttag +47 ////; 
ttag +48 ////; 
ttag +49 100/100/100/100/100; 
ttag +50 85/78/63/79/64; 
ttag +51 80/71/44/77/47; 
ttag +52 91/88/70/90/70; 
ttag +53 35/22/16/33/24; 
ttag +54 53/40/23/54/39; 
ttag +55 22/2/?/?/?; 
ttag +56 36/23/12/31/23; 
ttag +57 100/100/97/99/99; 
ttag +58 67/50/42/50/37; 
ttag +59 61/58/34/63/37; 
ttag +60 31/24/15/31/18; 
ttag +61 11/3/?/7/0; 
ttag +62 69/65/54/66/44; 
ttag +63 13/0/?/?/1; 
ttag +64 58/50/46/46/33; 
ttag +65 82/76/70/81/69; 
ttag +66 86/82/69/86/72; 
ttag +67 96/95/90/94/91; 
ttag +68 100/100/100/100/100; 
ttag +69 35/18/9/18/17; 
ttag +70 97/96/90/96/88; 
ttag +71 72/68/48/71/53; 
ttag +72 96/95/88/93/87; 
ttag +73 100/100/98/100/100; 
ttag +74 77/70/59/76/65; 
ttag +75 62/45/26/48/38; 
ttag +76 38/22/5/24/16; 
ttag +77 95/94/92/95/95; 
ttag +78 20/[17]/?/?/?; 
ttag +79 29/7/0/2/5; 
ttag +80 82/81/68/82/71; 
ttag +81 60/33/23/33/15; 
ttag +82 92/90/80/90/82; 
ttag +83 99/99/92/98/91; 
ttag +84 46/30/27/23/28; 
ttag +85 60/49/46/56/52; 
ttag +86 80/72/62/78/64; 
ttag +87 42/12/?/6/9; 
ttag +88 89/86/82/92/79; 
ttag +89 29/10/0/2/6; 
ttag +90 73/61/46/53/44; 
ttag +91 75/59/52/60/57; 
ttag +92 28/9/12/10/14; 
ttag +93 82/77/74/82/74; 
ttag +94 36/1/?/?/?; 
