tread
'Tree with tags' 
(0 (1 ((2 3 )(4 (5 ((6 7 )(8 (9 10 )))(11 ((12 13 )((14 (15 (16 17 )))(18 (19 20 )))(21 ((22 (23 (24 25 )))(26 (27 (28 ((29 (30 31 ))((32 ((33 34 )(35 (36 (37 (38 39 ))))))((40 (41 (42 43 )))(45 (44 46 47 ))))))))))))))))); 
ttag *!; 
ttag +49 ???; 
ttag +50 6; 
ttag +51 3; 
ttag +52 6; 
ttag +53 2; 
ttag +54 1; 
ttag +55 1; 
ttag +56 10; 
ttag +57 3; 
ttag +58 2; 
ttag +59 2; 
ttag +60 1; 
ttag +61 1; 
ttag +62 2; 
ttag +63 7; 
ttag +64 4; 
ttag +65 8; 
ttag +66 11; 
ttag +67 1; 
ttag +68 6; 
ttag +69 5; 
ttag +70 4; 
ttag +71 1; 
ttag +72 5; 
ttag +73 1; 
ttag +74 6; 
ttag +75 6; 
ttag +76 3; 
ttag +77 4; 
ttag +78 8; 
ttag +79 2; 
ttag +80 6; 
ttag +81 2; 
ttag +82 1; 
ttag +83 6; 
ttag +84 6; 
ttag +85 1; 
ttag +86 4; 
ttag +87 2; 
ttag +88 2; 
ttag +89 14; 
ttag +90 1; 
ttag +91 4; 
tread
'Tree with tags' 
(0 (1 ((2 3 )(4 (5 (((6 7 )(8 (9 10 )))(11 (((12 13 )(21 ((22 (23 (24 25 )))(26 (27 (28 ((29 (30 31 ))((32 ((33 34 )(35 (36 (37 (38 39 ))))))((40 (41 (42 43 )))(45 (47 (44 46 ))))))))))))((14 (15 (16 17 )))(18 (19 20 ))))))))))); 
ttag *!; 
ttag +0 ////; 
ttag +1 ////; 
ttag +2 ////; 
ttag +3 ////; 
ttag +4 ////; 
ttag +5 ////; 
ttag +6 ////; 
ttag +7 ////; 
ttag +8 ////; 
ttag +9 ////; 
ttag +10 ////; 
ttag +11 ////; 
ttag +12 ////; 
ttag +13 ////; 
ttag +14 ////; 
ttag +15 ////; 
ttag +16 ////; 
ttag +17 ////; 
ttag +18 ////; 
ttag +19 ////; 
ttag +20 ////; 
ttag +21 ////; 
ttag +22 ////; 
ttag +23 ////; 
ttag +24 ////; 
ttag +25 ////; 
ttag +26 ////; 
ttag +27 ////; 
ttag +28 ////; 
ttag +29 ////; 
ttag +30 ////; 
ttag +31 ////; 
ttag +32 ////; 
ttag +33 ////; 
ttag +34 ////; 
ttag +35 ////; 
ttag +36 ////; 
ttag +37 ////; 
ttag +38 ////; 
ttag +39 ////; 
ttag +40 ////; 
ttag +41 ////; 
ttag +42 ////; 
ttag +43 ////; 
ttag +44 ////; 
ttag +45 ////; 
ttag +46 ////; 
ttag +47 ////; 
ttag +48 ////; 
ttag +49 100/100/100/100/100; 
ttag +50 84/80/75/82/74; 
ttag +51 81/76/71/79/71; 
ttag +52 88/87/78/91/84; 
ttag +53 43/36/16/41/26; 
ttag +54 56/45/37/44/31; 
ttag +55 46/36/30/34/27; 
ttag +56 13/[11]/?/?/?; 
ttag +57 100/100/100/100/98; 
ttag +58 94/94/91/94/90; 
ttag +59 44/34/16/39/18; 
ttag +60 74/70/69/74/66; 
ttag +61 24/12/2/10/8; 
ttag +62 42/35/22/46/24; 
ttag +63 56/40/25/49/34; 
ttag +64 49/42/35/48/28; 
ttag +65 99/99/92/98/92; 
ttag +66 82/75/69/79/65; 
ttag +67 96/94/90/97/88; 
ttag +68 100/100/100/100/99; 
ttag +69 32/16/11/18/17; 
ttag +70 84/77/61/84/74; 
ttag +71 82/75/59/80/66; 
ttag +72 93/92/85/87/78; 
ttag +73 47/18/19/21/8; 
ttag +74 76/69/62/80/67; 
ttag +75 35/6/?/12/?; 
ttag +76 67/60/50/71/53; 
ttag +77 95/92/90/98/89; 
ttag +78 58/52/31/65/39; 
ttag +79 90/88/85/92/90; 
ttag +80 94/92/92/96/91; 
ttag +81 62/59/36/62/41; 
ttag +82 96/95/87/96/86; 
ttag +83 65/45/34/51/28; 
ttag +84 49/23/22/31/29; 
ttag +85 96/96/95/99/92; 
ttag +86 96/96/94/96/92; 
ttag +87 64/48/36/51/44; 
ttag +88 80/76/59/79/68; 
ttag +89 69/64/54/70/59; 
ttag +90 67/60/40/66/40; 
ttag +91 100/100/100/100/100; 
ttag +92 24/[14]/?/?/?; 
ttag +93 44/30/14/42/22; 
ttag +94 96/96/91/97/89; 
