tread
'Tree with tags' 
(0 (1 ((2 3 )(4 (((5 (11 ((12 13 )((14 ((15 16 17 )(18 (19 20 ))))(21 ((22 (23 (24 25 )))((28 (26 27 ))((29 (30 31 ))(((32 ((33 34 )(35 (36 (37 (38 39 ))))))(40 (41 (42 43 ))))(45 (44 (46 47 ))))))))))))(8 (9 10 )))(6 7 )))))); 
ttag *!; 
ttag +49 ???; 
ttag +50 6; 
ttag +51 4; 
ttag +52 2; 
ttag +53 1; 
ttag +54 1; 
ttag +55 4; 
ttag +56 1; 
ttag +57 9; 
ttag +58 1; 
ttag +59 1; 
ttag +60 2; 
ttag +61 1; 
ttag +62 6; 
ttag +63 2; 
ttag +64 6; 
ttag +65 5; 
ttag +66 10; 
ttag +67 13; 
ttag +68 3; 
ttag +69 2; 
ttag +70 5; 
ttag +71 9; 
ttag +72 5; 
ttag +73 1; 
ttag +74 1; 
ttag +75 4; 
ttag +76 6; 
ttag +77 1; 
ttag +78 3; 
ttag +79 7; 
ttag +80 1; 
ttag +81 1; 
ttag +82 5; 
ttag +83 1; 
ttag +84 4; 
ttag +85 5; 
ttag +86 9; 
ttag +87 2; 
ttag +88 4; 
ttag +89 2; 
ttag +90 4; 
ttag +91 1; 
ttag +92 5; 
ttag +93 1; 
tread
'Tree with tags' 
(0 (1 ((2 3 )(4 (((5 (11 ((12 13 )((14 ((16 (15 17 ))(18 (19 20 ))))(21 ((22 (23 (24 25 )))((28 (26 27 ))((29 (30 31 ))(((32 ((33 34 )(35 (36 (37 (38 39 ))))))(40 (41 (42 43 ))))(45 (44 (46 47 ))))))))))))(8 (9 10 )))(6 7 )))))); 
ttag *!; 
ttag +0 ////; 
ttag +1 ////; 
ttag +2 ////; 
ttag +3 ////; 
ttag +4 ////; 
ttag +5 ////; 
ttag +6 ////; 
ttag +7 ////; 
ttag +8 ////; 
ttag +9 ////; 
ttag +10 ////; 
ttag +11 ////; 
ttag +12 ////; 
ttag +13 ////; 
ttag +14 ////; 
ttag +15 ////; 
ttag +16 ////; 
ttag +17 ////; 
ttag +18 ////; 
ttag +19 ////; 
ttag +20 ////; 
ttag +21 ////; 
ttag +22 ////; 
ttag +23 ////; 
ttag +24 ////; 
ttag +25 ////; 
ttag +26 ////; 
ttag +27 ////; 
ttag +28 ////; 
ttag +29 ////; 
ttag +30 ////; 
ttag +31 ////; 
ttag +32 ////; 
ttag +33 ////; 
ttag +34 ////; 
ttag +35 ////; 
ttag +36 ////; 
ttag +37 ////; 
ttag +38 ////; 
ttag +39 ////; 
ttag +40 ////; 
ttag +41 ////; 
ttag +42 ////; 
ttag +43 ////; 
ttag +44 ////; 
ttag +45 ////; 
ttag +46 ////; 
ttag +47 ////; 
ttag +48 ////; 
ttag +49 100/100/100/100/100; 
ttag +50 98/97/92/96/89; 
ttag +51 82/74/68/77/69; 
ttag +52 60/51/44/58/46; 
ttag +53 14/[12]/?/?/?; 
ttag +54 13/[14]/?/?/?; 
ttag +55 78/71/54/77/58; 
ttag +56 19/0/?/?/2; 
ttag +57 99/99/98/98/96; 
ttag +58 55/45/40/44/51; 
ttag +59 43/34/26/32/27; 
ttag +60 33/10/18/12/3; 
ttag +61 22/4/?/?/?; 
ttag +62 95/94/86/96/83; 
ttag +63 34/11/19/20/3; 
ttag +64 62/52/50/45/50; 
ttag +65 99/98/96/98/96; 
ttag +66 98/98/95/97/96; 
ttag +67 100/100/100/100/100; 
ttag +68 100/100/100/100/100; 
ttag +69 37/2/2/2/?; 
ttag +70 78/70/62/76/53; 
ttag +71 88/84/80/87/84; 
ttag +72 100/100/98/99/98; 
ttag +73 96/96/92/95/88; 
ttag +74 31/0/?/?/2; 
ttag +75 11/[35]/?/?/?; 
ttag +76 84/80/70/84/75; 
ttag +77 97/97/96/97/94; 
ttag +78 38/15/3/3/9; 
ttag +79 84/80/66/84/68; 
ttag +80 97/97/90/95/91; 
ttag +81 8/[15]/?/?/?; 
ttag +82 22/[8]/?/?/?; 
ttag +83 90/85/85/85/85; 
ttag +84 42/24/9/21/10; 
ttag +85 86/84/77/88/77; 
ttag +86 97/95/85/96/90; 
ttag +87 99/99/97/100/98; 
ttag +88 84/84/76/75/77; 
ttag +89 90/88/72/83/67; 
ttag +90 70/51/44/47/44; 
ttag +91 98/98/96/97/94; 
ttag +92 42/12/?/22/9; 
ttag +93 92/91/85/91/84; 
ttag +94 26/[12]/?/?/?; 
