tread
'Tree with tags' 
(0 (1 (2 3 )(4 (5 (6 7 (8 (9 10 )))(11 21 (12 (15 (16 17 ))(18 (19 20 )))(13 14 )((22 (23 (24 25 )))(26 27 (28 (29 (30 31 ))(32 ((33 34 )(35 (36 (37 (38 39 ))))))(44 45 46 47 (40 41 (42 43 ))))))))))); 
ttag *!; 
ttag +49 ???; 
ttag +50 7; 
ttag +51 2; 
ttag +52 4; 
ttag +53 1; 
ttag +54 9; 
ttag +55 1; 
ttag +56 1; 
ttag +57 1; 
ttag +58 2; 
ttag +59 8; 
ttag +60 3; 
ttag +61 8; 
ttag +62 10; 
ttag +63 1; 
ttag +64 4; 
ttag +65 6; 
ttag +66 4; 
ttag +67 3; 
ttag +68 2; 
ttag +69 7; 
ttag +70 1; 
ttag +71 3; 
ttag +72 2; 
ttag +73 4; 
ttag +74 1; 
ttag +75 2; 
ttag +76 6; 
ttag +77 1; 
ttag +78 6; 
ttag +79 2; 
ttag +80 2; 
tread
'Tree with tags' 
(0 (1 ((2 3 )(4 ((5 (11 (((21 ((12 (15 (16 17 )))(18 (19 20 ))))((22 (23 (24 25 )))((26 27 )(28 (((29 (30 31 ))((40 (41 (42 43 )))(45 (44 (46 47 )))))(32 ((33 34 )(35 (36 (37 (38 39 )))))))))))(13 14 ))))(6 (7 (8 (9 10 ))))))))); 
ttag *!; 
ttag +0 ////; 
ttag +1 ////; 
ttag +2 ////; 
ttag +3 ////; 
ttag +4 ////; 
ttag +5 ////; 
ttag +6 ////; 
ttag +7 ////; 
ttag +8 ////; 
ttag +9 ////; 
ttag +10 ////; 
ttag +11 ////; 
ttag +12 ////; 
ttag +13 ////; 
ttag +14 ////; 
ttag +15 ////; 
ttag +16 ////; 
ttag +17 ////; 
ttag +18 ////; 
ttag +19 ////; 
ttag +20 ////; 
ttag +21 ////; 
ttag +22 ////; 
ttag +23 ////; 
ttag +24 ////; 
ttag +25 ////; 
ttag +26 ////; 
ttag +27 ////; 
ttag +28 ////; 
ttag +29 ////; 
ttag +30 ////; 
ttag +31 ////; 
ttag +32 ////; 
ttag +33 ////; 
ttag +34 ////; 
ttag +35 ////; 
ttag +36 ////; 
ttag +37 ////; 
ttag +38 ////; 
ttag +39 ////; 
ttag +40 ////; 
ttag +41 ////; 
ttag +42 ////; 
ttag +43 ////; 
ttag +44 ////; 
ttag +45 ////; 
ttag +46 ////; 
ttag +47 ////; 
ttag +48 ////; 
ttag +49 100/100/100/100/100; 
ttag +50 99/99/98/99/98; 
ttag +51 53/27/21/20/19; 
ttag +52 54/25/27/32/38; 
ttag +53 5/[13]/?/?/?; 
ttag +54 43/34/29/41/36; 
ttag +55 62/50/48/63/40; 
ttag +56 44/16/10/33/15; 
ttag +57 100/100/99/99/100; 
ttag +58 55/26/20/24/3; 
ttag +59 16/4/?/11/2; 
ttag +60 9/[11]/?/?/?; 
ttag +61 24/2/1/7/?; 
ttag +62 10/[10]/?/?/?; 
ttag +63 2/[18]/?/?/?; 
ttag +64 12/0/?/7/?; 
ttag +65 48/27/19/33/19; 
ttag +66 98/98/91/97/90; 
ttag +67 93/91/81/87/74; 
ttag +68 98/98/93/97/92; 
ttag +69 100/100/99/99/100; 
ttag +70 56/46/42/38/51; 
ttag +71 61/49/45/58/43; 
ttag +72 98/97/94/96/94; 
ttag +73 93/91/78/92/79; 
ttag +74 55/28/21/20/18; 
ttag +75 92/90/84/92/83; 
ttag +76 88/86/85/91/87; 
ttag +77 96/95/90/97/88; 
ttag +78 18/[31]/?/?/?; 
ttag +79 46/28/25/37/17; 
ttag +80 54/22/20/23/15; 
ttag +81 88/83/70/81/67; 
ttag +82 76/62/39/64/48; 
ttag +83 93/91/79/92/76; 
ttag +84 60/44/36/46/27; 
ttag +85 83/79/72/81/74; 
ttag +86 100/100/99/99/99; 
ttag +87 64/64/63/65/70; 
ttag +88 98/97/96/98/93; 
ttag +89 65/57/46/65/49; 
ttag +90 35/[4]/?/?/?; 
ttag +91 81/70/68/79/62; 
ttag +92 9/[28]/?/?/?; 
ttag +93 48/28/27/25/26; 
ttag +94 10/[27]/?/?/?; 
