tread
'Tree with tags' 
(0 (1 ((2 3 )(4 (5 (11 (((6 7 )(8 (9 10 )))((12 13 )(21 ((14 (15 (16 17 )))(18 (19 20 )))(22 (23 (24 25 )))(26 (27 (28 ((29 30 31 )(32 (33 34 )(35 36 )(37 (38 39 )))(((40 41 )(42 43 ))(44 45 46 47 ))))))))))))))); 
ttag *!; 
ttag +49 ???; 
ttag +50 6; 
ttag +51 1; 
ttag +52 5; 
ttag +53 1; 
ttag +54 1; 
ttag +55 1; 
ttag +56 1; 
ttag +57 1; 
ttag +58 11; 
ttag +59 1; 
ttag +60 2; 
ttag +61 1; 
ttag +62 1; 
ttag +63 2; 
ttag +64 2; 
ttag +65 9; 
ttag +66 3; 
ttag +67 7; 
ttag +68 11; 
ttag +69 6; 
ttag +70 10; 
ttag +71 7; 
ttag +72 4; 
ttag +73 1; 
ttag +74 1; 
ttag +75 6; 
ttag +76 3; 
ttag +77 4; 
ttag +78 3; 
ttag +79 1; 
ttag +80 1; 
ttag +81 1; 
ttag +82 2; 
ttag +83 5; 
ttag +84 1; 
ttag +85 9; 
ttag +86 1; 
tread
'Tree with tags' 
(0 (1 ((2 3 )(4 (5 (11 (((6 7 )(8 (9 10 )))((12 13 )(21 (((14 (15 (16 17 )))(18 (19 20 )))((22 (23 (24 25 )))(26 (27 (28 ((30 (29 31 ))((32 (((33 34 )(37 (38 39 )))(35 36 )))(((40 41 )(42 43 ))((44 45 )(46 47 ))))))))))))))))))); 
ttag *!; 
ttag +0 ////; 
ttag +1 ////; 
ttag +2 ////; 
ttag +3 ////; 
ttag +4 ////; 
ttag +5 ////; 
ttag +6 ////; 
ttag +7 ////; 
ttag +8 ////; 
ttag +9 ////; 
ttag +10 ////; 
ttag +11 ////; 
ttag +12 ////; 
ttag +13 ////; 
ttag +14 ////; 
ttag +15 ////; 
ttag +16 ////; 
ttag +17 ////; 
ttag +18 ////; 
ttag +19 ////; 
ttag +20 ////; 
ttag +21 ////; 
ttag +22 ////; 
ttag +23 ////; 
ttag +24 ////; 
ttag +25 ////; 
ttag +26 ////; 
ttag +27 ////; 
ttag +28 ////; 
ttag +29 ////; 
ttag +30 ////; 
ttag +31 ////; 
ttag +32 ////; 
ttag +33 ////; 
ttag +34 ////; 
ttag +35 ////; 
ttag +36 ////; 
ttag +37 ////; 
ttag +38 ////; 
ttag +39 ////; 
ttag +40 ////; 
ttag +41 ////; 
ttag +42 ////; 
ttag +43 ////; 
ttag +44 ////; 
ttag +45 ////; 
ttag +46 ////; 
ttag +47 ////; 
ttag +48 ////; 
ttag +49 100/100/100/100/100; 
ttag +50 95/94/80/96/89; 
ttag +51 48/17/6/14/14; 
ttag +52 77/70/55/75/57; 
ttag +53 24/[3]/?/?/?; 
ttag +54 30/21/14/22/18; 
ttag +55 33/24/14/26/18; 
ttag +56 11/[16]/?/?/?; 
ttag +57 26/[2]/5/?/4; 
ttag +58 100/100/100/100/100; 
ttag +59 72/58/48/57/36; 
ttag +60 56/46/30/52/28; 
ttag +61 12/[15]/?/?/?; 
ttag +62 48/28/10/34/14; 
ttag +63 78/76/57/79/63; 
ttag +64 11/[8]/?/?/?; 
ttag +65 30/9/8/7/9; 
ttag +66 98/97/90/98/92; 
ttag +67 90/87/71/86/79; 
ttag +68 96/96/94/96/92; 
ttag +69 100/100/100/100/100; 
ttag +70 94/91/79/94/78; 
ttag +71 17/[3]/3/?/8; 
ttag +72 98/97/96/98/97; 
ttag +73 98/97/90/98/92; 
ttag +74 85/82/69/88/77; 
ttag +75 37/1/?/6/8; 
ttag +76 52/26/12/31/28; 
ttag +77 17/[41]/?/?/?; 
ttag +78 99/98/93/98/92; 
ttag +79 74/67/57/68/53; 
ttag +80 93/92/84/92/88; 
ttag +81 35/16/8/2/8; 
ttag +82 81/76/63/82/71; 
ttag +83 8/[36]/?/?/?; 
ttag +84 23/[21]/?/?/?; 
ttag +85 24/1/2/?/?; 
ttag +86 62/52/47/48/47; 
ttag +87 45/8/24/14/18; 
ttag +88 68/60/58/67/64; 
ttag +89 86/78/74/82/78; 
ttag +90 50/29/21/29/29; 
ttag +91 100/100/100/100/99; 
ttag +92 32/18/14/23/17; 
ttag +93 64/50/47/48/47; 
ttag +94 20/[4]/?/6/?; 
