tread
'Tree with tags' 
(0 (1 ((2 3 )(4 (5 11 (6 7 )(8 (9 10 ))(12 13 )(21 (14 (15 (16 17 )))(18 (19 20 ))((22 (23 (24 25 )))(26 (27 (28 ((29 (30 31 ))((33 34 (32 (35 (36 (37 (38 39 ))))))((40 (41 (42 43 )))(44 45 46 47 )))))))))))))); 
ttag *!; 
ttag +49 ???; 
ttag +50 1; 
ttag +51 5; 
ttag +52 3; 
ttag +53 3; 
ttag +54 2; 
ttag +55 10; 
ttag +56 2; 
ttag +57 3; 
ttag +58 1; 
ttag +59 2; 
ttag +60 7; 
ttag +61 3; 
ttag +62 1; 
ttag +63 11; 
ttag +64 5; 
ttag +65 1; 
ttag +66 7; 
ttag +67 6; 
ttag +68 4; 
ttag +69 4; 
ttag +70 2; 
ttag +71 5; 
ttag +72 3; 
ttag +73 7; 
ttag +74 1; 
ttag +75 3; 
ttag +76 2; 
ttag +77 3; 
ttag +78 4; 
ttag +79 12; 
ttag +80 1; 
ttag +81 3; 
ttag +82 2; 
ttag +83 2; 
ttag +84 15; 
ttag +85 3; 
tread
'Tree with tags' 
(0 (1 ((2 3 )(4 (((5 ((6 7 )(8 (9 10 ))))(21 (((14 (15 (16 17 )))(18 (19 20 )))((22 (23 (24 25 )))(26 (27 (28 ((29 (30 31 ))((33 (34 (32 (35 (36 (37 (38 39 )))))))((40 (41 (42 43 )))((44 45 )(46 47 ))))))))))))(11 (12 13 ))))))); 
ttag *!; 
ttag +0 ////; 
ttag +1 ////; 
ttag +2 ////; 
ttag +3 ////; 
ttag +4 ////; 
ttag +5 ////; 
ttag +6 ////; 
ttag +7 ////; 
ttag +8 ////; 
ttag +9 ////; 
ttag +10 ////; 
ttag +11 ////; 
ttag +12 ////; 
ttag +13 ////; 
ttag +14 ////; 
ttag +15 ////; 
ttag +16 ////; 
ttag +17 ////; 
ttag +18 ////; 
ttag +19 ////; 
ttag +20 ////; 
ttag +21 ////; 
ttag +22 ////; 
ttag +23 ////; 
ttag +24 ////; 
ttag +25 ////; 
ttag +26 ////; 
ttag +27 ////; 
ttag +28 ////; 
ttag +29 ////; 
ttag +30 ////; 
ttag +31 ////; 
ttag +32 ////; 
ttag +33 ////; 
ttag +34 ////; 
ttag +35 ////; 
ttag +36 ////; 
ttag +37 ////; 
ttag +38 ////; 
ttag +39 ////; 
ttag +40 ////; 
ttag +41 ////; 
ttag +42 ////; 
ttag +43 ////; 
ttag +44 ////; 
ttag +45 ////; 
ttag +46 ////; 
ttag +47 ////; 
ttag +48 ////; 
ttag +49 100/100/100/100/100; 
ttag +50 74/62/63/61/64; 
ttag +51 95/94/92/93/91; 
ttag +52 83/78/69/85/66; 
ttag +53 48/42/31/37/32; 
ttag +54 17/1/?/?/?; 
ttag +55 62/55/36/59/39; 
ttag +56 74/67/60/76/69; 
ttag +57 36/0/7/?/?; 
ttag +58 100/100/99/100/100; 
ttag +59 79/73/59/72/63; 
ttag +60 27/11/6/4/1; 
ttag +61 72/69/51/74/58; 
ttag +62 28/[2]/?/?/?; 
ttag +63 5/[12]/?/?/?; 
ttag +64 38/20/12/21/16; 
ttag +65 59/52/30/52/30; 
ttag +66 96/95/91/95/93; 
ttag +67 82/74/66/74/62; 
ttag +68 75/61/56/60/58; 
ttag +69 100/100/100/100/100; 
ttag +70 96/95/92/94/93; 
ttag +71 49/36/32/43/29; 
ttag +72 100/100/98/100/99; 
ttag +73 95/92/85/94/83; 
ttag +74 88/86/80/88/80; 
ttag +75 74/63/55/72/56; 
ttag +76 67/57/46/69/48; 
ttag +77 88/86/80/89/76; 
ttag +78 81/80/72/84/73; 
ttag +79 96/93/91/96/88; 
ttag +80 54/34/26/42/24; 
ttag +81 18/[31]/?/?/?; 
ttag +82 78/74/78/82/70; 
ttag +83 66/61/50/64/52; 
ttag +84 89/86/84/90/85; 
ttag +85 95/93/90/92/93; 
ttag +86 100/100/100/100/100; 
ttag +87 65/63/62/65/60; 
ttag +88 84/78/63/78/60; 
ttag +89 51/38/28/36/30; 
ttag +90 83/76/68/80/66; 
ttag +91 100/100/100/100/100; 
ttag +92 41/21/30/17/24; 
ttag +93 78/76/67/75/61; 
ttag +94 41/30/19/22/23; 
