tread
'Tree with tags' 
(0 (1 ((2 3 )(11 (7 ((4 (8 (9 10 )))(5 (6 ((12 13 )(14 (((15 16 17 )(18 (19 20 )))(21 ((22 (23 (24 25 )))(26 (27 28 ((29 (30 31 ))((32 ((33 34 )(35 (36 (38 (37 39 ))))))((40 (41 (42 43 )))(44 (47 (45 46 ))))))))))))))))))))); 
ttag *!; 
ttag +49 ???; 
ttag +50 5; 
ttag +51 8; 
ttag +52 1; 
ttag +53 1; 
ttag +54 2; 
ttag +55 12; 
ttag +56 1; 
ttag +57 1; 
ttag +58 11; 
ttag +59 1; 
ttag +60 1; 
ttag +61 1; 
ttag +62 2; 
ttag +63 2; 
ttag +64 3; 
ttag +65 1; 
ttag +66 7; 
ttag +67 5; 
ttag +68 1; 
ttag +69 4; 
ttag +70 2; 
ttag +71 4; 
ttag +72 4; 
ttag +73 7; 
ttag +74 3; 
ttag +75 1; 
ttag +76 1; 
ttag +77 2; 
ttag +78 7; 
ttag +79 1; 
ttag +80 4; 
ttag +81 2; 
ttag +82 5; 
ttag +83 5; 
ttag +84 2; 
ttag +85 6; 
ttag +86 5; 
ttag +87 1; 
ttag +88 4; 
ttag +89 7; 
ttag +90 2; 
ttag +91 2; 
ttag +92 2; 
tread
'Tree with tags' 
(0 (1 ((2 3 )(11 (7 ((4 (8 (9 10 )))(5 (6 ((12 13 )(14 (((17 (15 16 ))(18 (19 20 )))(21 ((22 (23 (24 25 )))(26 (27 (28 ((29 (30 31 ))((32 ((33 34 )(35 (36 (38 (37 39 ))))))((40 (41 (42 43 )))(44 (47 (45 46 )))))))))))))))))))))); 
ttag *!; 
ttag +0 ////; 
ttag +1 ////; 
ttag +2 ////; 
ttag +3 ////; 
ttag +4 ////; 
ttag +5 ////; 
ttag +6 ////; 
ttag +7 ////; 
ttag +8 ////; 
ttag +9 ////; 
ttag +10 ////; 
ttag +11 ////; 
ttag +12 ////; 
ttag +13 ////; 
ttag +14 ////; 
ttag +15 ////; 
ttag +16 ////; 
ttag +17 ////; 
ttag +18 ////; 
ttag +19 ////; 
ttag +20 ////; 
ttag +21 ////; 
ttag +22 ////; 
ttag +23 ////; 
ttag +24 ////; 
ttag +25 ////; 
ttag +26 ////; 
ttag +27 ////; 
ttag +28 ////; 
ttag +29 ////; 
ttag +30 ////; 
ttag +31 ////; 
ttag +32 ////; 
ttag +33 ////; 
ttag +34 ////; 
ttag +35 ////; 
ttag +36 ////; 
ttag +37 ////; 
ttag +38 ////; 
ttag +39 ////; 
ttag +40 ////; 
ttag +41 ////; 
ttag +42 ////; 
ttag +43 ////; 
ttag +44 ////; 
ttag +45 ////; 
ttag +46 ////; 
ttag +47 ////; 
ttag +48 ////; 
ttag +49 100/100/100/100/100; 
ttag +50 98/98/96/98/97; 
ttag +51 100/100/97/99/96; 
ttag +52 40/33/30/32/27; 
ttag +53 14/[14]/?/?/?; 
ttag +54 37/16/8/19/5; 
ttag +55 99/99/99/100/98; 
ttag +56 20/[9]/?/?/?; 
ttag +57 13/[16]/?/?/?; 
ttag +58 100/100/97/97/98; 
ttag +59 75/62/44/60/51; 
ttag +60 44/28/26/39/19; 
ttag +61 56/46/44/48/46; 
ttag +62 60/50/52/63/52; 
ttag +63 15/[15]/?/?/3; 
ttag +64 68/59/47/63/52; 
ttag +65 81/79/66/80/65; 
ttag +66 38/29/18/25/22; 
ttag +67 98/98/98/98/96; 
ttag +68 97/96/95/99/92; 
ttag +69 55/46/33/48/33; 
ttag +70 92/90/80/89/84; 
ttag +71 53/25/19/39/35; 
ttag +72 96/95/94/95/92; 
ttag +73 93/90/90/96/89; 
ttag +74 95/94/88/98/92; 
ttag +75 68/65/58/70/55; 
ttag +76 39/27/37/38/37; 
ttag +77 62/54/52/49/53; 
ttag +78 55/39/42/56/39; 
ttag +79 74/65/59/75/58; 
ttag +80 98/98/90/98/94; 
ttag +81 62/49/42/54/47; 
ttag +82 91/90/74/92/77; 
ttag +83 41/26/24/36/31; 
ttag +84 93/92/78/89/82; 
ttag +85 98/97/96/98/95; 
ttag +86 77/67/57/63/54; 
ttag +87 99/98/98/99/96; 
ttag +88 94/93/89/94/84; 
ttag +89 27/4/2/12/9; 
ttag +90 90/86/81/90/78; 
ttag +91 99/99/99/99/97; 
ttag +92 37/14/16/25/14; 
ttag +93 34/11/14/20/15; 
ttag +94 34/12/13/24/12; 
