tread
'Tree with tags' 
(0 (1 ((2 3 )(4 (5 ((7 (6 (8 (9 10 ))))(11 (12 (13 ((14 ((17 (15 16 ))(18 (19 20 ))))(21 ((22 (23 (24 25 )))(26 (27 28 ((29 (30 31 ))((32 33 34 (35 (36 (37 38 39 ))))((40 (41 (42 43 )))(44 45 46 47 )))))))))))))))))); 
ttag *!; 
ttag +49 ???; 
ttag +50 5; 
ttag +51 5; 
ttag +52 12; 
ttag +53 2; 
ttag +54 1; 
ttag +55 1; 
ttag +56 3; 
ttag +57 10; 
ttag +58 1; 
ttag +59 1; 
ttag +60 4; 
ttag +61 1; 
ttag +62 2; 
ttag +63 2; 
ttag +64 2; 
ttag +65 4; 
ttag +66 3; 
ttag +67 3; 
ttag +68 12; 
ttag +69 3; 
ttag +70 1; 
ttag +71 3; 
ttag +72 7; 
ttag +73 3; 
ttag +74 5; 
ttag +75 3; 
ttag +76 1; 
ttag +77 2; 
ttag +78 5; 
ttag +79 7; 
ttag +80 1; 
ttag +81 1; 
ttag +82 5; 
ttag +83 1; 
ttag +84 8; 
ttag +85 2; 
ttag +86 4; 
ttag +87 6; 
ttag +88 4; 
tread
'Tree with tags' 
(0 (1 ((2 3 )(4 (5 ((7 (6 (8 (9 10 ))))(11 (12 (13 ((14 ((17 (15 16 ))(18 (19 20 ))))(21 ((22 (23 (24 25 )))(26 (27 (28 ((29 (30 31 ))((34 (33 (32 (35 (36 (38 (37 39 )))))))((40 (41 (42 43 )))(46 (44 (45 47 ))))))))))))))))))))); 
ttag *!; 
ttag +0 ////; 
ttag +1 ////; 
ttag +2 ////; 
ttag +3 ////; 
ttag +4 ////; 
ttag +5 ////; 
ttag +6 ////; 
ttag +7 ////; 
ttag +8 ////; 
ttag +9 ////; 
ttag +10 ////; 
ttag +11 ////; 
ttag +12 ////; 
ttag +13 ////; 
ttag +14 ////; 
ttag +15 ////; 
ttag +16 ////; 
ttag +17 ////; 
ttag +18 ////; 
ttag +19 ////; 
ttag +20 ////; 
ttag +21 ////; 
ttag +22 ////; 
ttag +23 ////; 
ttag +24 ////; 
ttag +25 ////; 
ttag +26 ////; 
ttag +27 ////; 
ttag +28 ////; 
ttag +29 ////; 
ttag +30 ////; 
ttag +31 ////; 
ttag +32 ////; 
ttag +33 ////; 
ttag +34 ////; 
ttag +35 ////; 
ttag +36 ////; 
ttag +37 ////; 
ttag +38 ////; 
ttag +39 ////; 
ttag +40 ////; 
ttag +41 ////; 
ttag +42 ////; 
ttag +43 ////; 
ttag +44 ////; 
ttag +45 ////; 
ttag +46 ////; 
ttag +47 ////; 
ttag +48 ////; 
ttag +49 100/100/100/100/100; 
ttag +50 94/92/83/91/89; 
ttag +51 91/87/83/91/82; 
ttag +52 100/100/97/100/98; 
ttag +53 65/54/42/59/41; 
ttag +54 52/36/24/33/12; 
ttag +55 26/12/4/4/4; 
ttag +56 70/60/40/63/49; 
ttag +57 99/99/99/100/99; 
ttag +58 53/48/40/46/35; 
ttag +59 20/[22]/?/?/?; 
ttag +60 71/66/44/72/50; 
ttag +61 36/24/12/15/6; 
ttag +62 40/29/22/30/20; 
ttag +63 39/29/19/34/21; 
ttag +64 76/69/70/79/63; 
ttag +65 98/97/94/97/96; 
ttag +66 62/51/46/54/43; 
ttag +67 81/74/66/72/70; 
ttag +68 100/100/100/100/98; 
ttag +69 45/38/22/32/21; 
ttag +70 45/30/29/31/24; 
ttag +71 69/64/35/55/46; 
ttag +72 96/95/94/98/94; 
ttag +73 77/71/67/82/75; 
ttag +74 88/87/78/88/77; 
ttag +75 67/55/43/58/43; 
ttag +76 30/13/16/13/6; 
ttag +77 76/71/60/69/62; 
ttag +78 46/31/7/30/22; 
ttag +79 99/98/96/97/94; 
ttag +80 22/[3]/?/?/?; 
ttag +81 22/[2]/?/?/?; 
ttag +82 94/92/88/95/90; 
ttag +83 46/30/10/18/22; 
ttag +84 50/30/12/36/23; 
ttag +85 94/93/83/93/82; 
ttag +86 25/[5]/?/?/?; 
ttag +87 47/22/2/14/22; 
ttag +88 99/99/97/99/97; 
ttag +89 66/59/44/56/50; 
ttag +90 91/88/77/88/75; 
ttag +91 97/96/95/100/99; 
ttag +92 14/[10]/?/?/?; 
ttag +93 87/84/73/88/80; 
ttag +94 37/12/14/18/10; 
