tread
'Tree with tags' 
(0 (1 (((5 (4 (2 3 )))((6 7 )((11 13 )(12 ((15 (16 17 ))(18 (19 20 ))))(14 (21 ((22 (23 (24 25 )))(26 27 (28 (29 (30 31 ))((32 ((33 34 )(35 (36 (37 38 39 )))))(44 45 46 47 (40 41 (42 43 ))))))))))))(8 (9 10 ))))); 
ttag *!; 
ttag +49 ???; 
ttag +50 3; 
ttag +51 1; 
ttag +52 2; 
ttag +53 3; 
ttag +54 5; 
ttag +55 3; 
ttag +56 2; 
ttag +57 5; 
ttag +58 1; 
ttag +59 1; 
ttag +60 3; 
ttag +61 1; 
ttag +62 1; 
ttag +63 5; 
ttag +64 2; 
ttag +65 4; 
ttag +66 4; 
ttag +67 5; 
ttag +68 4; 
ttag +69 1; 
ttag +70 8; 
ttag +71 2; 
ttag +72 4; 
ttag +73 4; 
ttag +74 2; 
ttag +75 6; 
ttag +76 4; 
ttag +77 6; 
ttag +78 4; 
ttag +79 4; 
ttag +80 3; 
ttag +81 3; 
ttag +82 4; 
ttag +83 6; 
ttag +84 7; 
ttag +85 1; 
ttag +86 4; 
tread
'Tree with tags' 
(0 (1 (((5 (4 (2 3 )))((6 7 )((11 13 )((12 ((15 (16 17 ))(18 (19 20 ))))(14 (21 ((22 (23 (24 25 )))(26 (27 ((28 (29 (30 31 )))((32 ((33 34 )(35 (36 (39 (37 38 ))))))(44 (45 (47 (46 (40 (41 (42 43 ))))))))))))))))))(8 (9 10 ))))); 
ttag *!; 
ttag +0 ////; 
ttag +1 ////; 
ttag +2 ////; 
ttag +3 ////; 
ttag +4 ////; 
ttag +5 ////; 
ttag +6 ////; 
ttag +7 ////; 
ttag +8 ////; 
ttag +9 ////; 
ttag +10 ////; 
ttag +11 ////; 
ttag +12 ////; 
ttag +13 ////; 
ttag +14 ////; 
ttag +15 ////; 
ttag +16 ////; 
ttag +17 ////; 
ttag +18 ////; 
ttag +19 ////; 
ttag +20 ////; 
ttag +21 ////; 
ttag +22 ////; 
ttag +23 ////; 
ttag +24 ////; 
ttag +25 ////; 
ttag +26 ////; 
ttag +27 ////; 
ttag +28 ////; 
ttag +29 ////; 
ttag +30 ////; 
ttag +31 ////; 
ttag +32 ////; 
ttag +33 ////; 
ttag +34 ////; 
ttag +35 ////; 
ttag +36 ////; 
ttag +37 ////; 
ttag +38 ////; 
ttag +39 ////; 
ttag +40 ////; 
ttag +41 ////; 
ttag +42 ////; 
ttag +43 ////; 
ttag +44 ////; 
ttag +45 ////; 
ttag +46 ////; 
ttag +47 ////; 
ttag +48 ////; 
ttag +49 100/100/100/100/100; 
ttag +50 63/48/48/50/40; 
ttag +51 17/[4]/?/?/?; 
ttag +52 24/2/?/2/?; 
ttag +53 26/4/?/6/4; 
ttag +54 89/86/71/89/78; 
ttag +55 65/63/54/59/56; 
ttag +56 16/[3]/?/?/0; 
ttag +57 96/95/98/97/95; 
ttag +58 82/80/80/78/78; 
ttag +59 19/[1]/?/0/?; 
ttag +60 43/35/16/34/31; 
ttag +61 2/[17]/?/?/?; 
ttag +62 11/[9]/?/?/?; 
ttag +63 12/3/1/9/8; 
ttag +64 91/90/78/90/79; 
ttag +65 35/22/18/24/22; 
ttag +66 86/81/74/80/73; 
ttag +67 95/95/91/91/88; 
ttag +68 90/87/86/90/90; 
ttag +69 66/61/34/65/46; 
ttag +70 79/74/75/77/79; 
ttag +71 96/95/83/96/89; 
ttag +72 59/47/35/54/35; 
ttag +73 94/94/90/95/85; 
ttag +74 70/62/44/62/48; 
ttag +75 27/18/2/16/10; 
ttag +76 32/1/?/3/1; 
ttag +77 56/48/35/58/39; 
ttag +78 96/96/87/93/92; 
ttag +79 95/94/90/96/88; 
ttag +80 98/98/87/96/92; 
ttag +81 91/90/81/86/82; 
ttag +82 97/97/86/95/82; 
ttag +83 81/72/62/70/51; 
ttag +84 84/77/71/81/72; 
ttag +85 94/93/76/94/82; 
ttag +86 21/0/0/?/?; 
ttag +87 97/96/89/98/92; 
ttag +88 99/99/96/98/95; 
ttag +89 24/0/?/?/?; 
ttag +90 35/9/7/11/?; 
ttag +91 16/[33]/?/?/?; 
ttag +92 44/29/24/26/15; 
ttag +93 38/[4]/?/?/?; 
ttag +94 95/94/92/94/96; 
