tread
'Tree with tags' 
(0 (1 ((2 3 )(4 (5 (((6 7 )(8 (9 10 )))(11 ((12 13 )((14 ((15 (16 17 ))(18 (19 20 ))))(21 ((22 (23 (24 25 )))(26 (27 (28 ((29 (30 31 ))(((32 ((33 34 )(35 (36 (38 (37 39 ))))))(40 (41 (42 43 ))))(47 (46 (44 45 ))))))))))))))))))); 
ttag *!; 
ttag +49 ???; 
ttag +50 2; 
ttag +51 1; 
ttag +52 5; 
ttag +53 1; 
ttag +54 2; 
ttag +55 2; 
ttag +56 1; 
ttag +57 13; 
ttag +58 2; 
ttag +59 3; 
ttag +60 1; 
ttag +61 2; 
ttag +62 2; 
ttag +63 5; 
ttag +64 9; 
ttag +65 3; 
ttag +66 4; 
ttag +67 7; 
ttag +68 10; 
ttag +69 4; 
ttag +70 1; 
ttag +71 3; 
ttag +72 8; 
ttag +73 9; 
ttag +74 9; 
ttag +75 1; 
ttag +76 2; 
ttag +77 3; 
ttag +78 4; 
ttag +79 4; 
ttag +80 1; 
ttag +81 1; 
ttag +82 1; 
ttag +83 6; 
ttag +84 4; 
ttag +85 1; 
ttag +86 6; 
ttag +87 1; 
ttag +88 3; 
ttag +89 6; 
ttag +90 2; 
ttag +91 8; 
ttag +92 1; 
ttag +93 1; 
ttag +94 3; 
tread
'Tree with tags' 
(0 (1 ((2 3 )(4 (5 (((6 7 )(8 (9 10 )))(11 ((12 13 )((14 ((15 (16 17 ))(18 (19 20 ))))(21 ((22 (23 (24 25 )))(26 (27 (28 ((29 (30 31 ))(((32 ((33 34 )(35 (36 (38 (37 39 ))))))(40 (41 (42 43 ))))(47 (46 (44 45 ))))))))))))))))))); 
ttag *!; 
ttag +0 ////; 
ttag +1 ////; 
ttag +2 ////; 
ttag +3 ////; 
ttag +4 ////; 
ttag +5 ////; 
ttag +6 ////; 
ttag +7 ////; 
ttag +8 ////; 
ttag +9 ////; 
ttag +10 ////; 
ttag +11 ////; 
ttag +12 ////; 
ttag +13 ////; 
ttag +14 ////; 
ttag +15 ////; 
ttag +16 ////; 
ttag +17 ////; 
ttag +18 ////; 
ttag +19 ////; 
ttag +20 ////; 
ttag +21 ////; 
ttag +22 ////; 
ttag +23 ////; 
ttag +24 ////; 
ttag +25 ////; 
ttag +26 ////; 
ttag +27 ////; 
ttag +28 ////; 
ttag +29 ////; 
ttag +30 ////; 
ttag +31 ////; 
ttag +32 ////; 
ttag +33 ////; 
ttag +34 ////; 
ttag +35 ////; 
ttag +36 ////; 
ttag +37 ////; 
ttag +38 ////; 
ttag +39 ////; 
ttag +40 ////; 
ttag +41 ////; 
ttag +42 ////; 
ttag +43 ////; 
ttag +44 ////; 
ttag +45 ////; 
ttag +46 ////; 
ttag +47 ////; 
ttag +48 ////; 
ttag +49 100/100/100/100/100; 
ttag +50 81/72/72/73/66; 
ttag +51 55/27/33/18/23; 
ttag +52 96/94/86/96/89; 
ttag +53 38/22/18/16/22; 
ttag +54 64/54/47/50/54; 
ttag +55 52/44/34/48/41; 
ttag +56 45/34/31/42/30; 
ttag +57 100/100/100/100/100; 
ttag +58 86/80/69/86/72; 
ttag +59 63/56/44/66/48; 
ttag +60 39/35/22/41/27; 
ttag +61 45/39/22/46/24; 
ttag +62 67/62/41/60/46; 
ttag +63 83/78/60/81/68; 
ttag +64 99/99/99/99/99; 
ttag +65 75/66/43/66/52; 
ttag +66 90/89/78/89/78; 
ttag +67 98/98/98/96/94; 
ttag +68 100/100/100/100/100; 
ttag +69 78/74/52/70/63; 
ttag +70 69/52/52/55/45; 
ttag +71 80/75/68/81/78; 
ttag +72 99/99/98/100/97; 
ttag +73 100/100/100/100/100; 
ttag +74 100/100/95/98/92; 
ttag +75 50/36/18/32/30; 
ttag +76 56/37/27/34/24; 
ttag +77 81/77/64/77/70; 
ttag +78 93/92/86/93/82; 
ttag +79 95/93/84/94/88; 
ttag +80 43/4/11/8/16; 
ttag +81 32/[6]/?/?/?; 
ttag +82 32/[7]/?/?/?; 
ttag +83 95/94/84/95/84; 
ttag +84 82/79/61/73/62; 
ttag +85 65/56/37/54/43; 
ttag +86 96/96/92/97/92; 
ttag +87 59/42/27/36/28; 
ttag +88 91/90/76/90/81; 
ttag +89 98/97/91/99/93; 
ttag +90 67/48/22/45/32; 
ttag +91 100/100/100/100/100; 
ttag +92 37/21/31/30/32; 
ttag +93 37/6/4/18/18; 
ttag +94 76/72/46/66/47; 
