tread
'Tree with tags' 
(0 (1 ((2 3 )(4 (5 (((6 7 )(10 (8 9 )))(11 (12 13 (14 21 (15 (16 17 ))(18 (19 20 ))((22 (23 (24 25 )))((26 27 )(28 ((29 (30 31 ))(32 (33 34 )(35 (36 (37 (38 39 )))))(46 47 (40 41 (42 43 ))(44 45 ))))))))))))))); 
ttag *!; 
ttag +49 ???; 
ttag +50 6; 
ttag +51 5; 
ttag +52 3; 
ttag +53 3; 
ttag +54 1; 
ttag +55 5; 
ttag +56 1; 
ttag +57 2; 
ttag +58 11; 
ttag +59 1; 
ttag +60 3; 
ttag +61 1; 
ttag +62 4; 
ttag +63 3; 
ttag +64 6; 
ttag +65 12; 
ttag +66 3; 
ttag +67 2; 
ttag +68 4; 
ttag +69 6; 
ttag +70 1; 
ttag +71 4; 
ttag +72 2; 
ttag +73 3; 
ttag +74 2; 
ttag +75 8; 
ttag +76 7; 
ttag +77 6; 
ttag +78 3; 
ttag +79 2; 
ttag +80 4; 
ttag +81 2; 
ttag +82 3; 
ttag +83 1; 
ttag +84 2; 
ttag +85 2; 
tread
'Tree with tags' 
(0 (1 ((2 3 )(4 (5 (((6 7 )(10 (8 9 )))(11 ((12 13 )((21 (14 ((22 (23 (24 25 )))((26 27 )(28 ((29 (30 31 ))((32 ((33 34 )(35 (36 (37 (38 39 ))))))((41 (40 (42 43 )))(46 (47 (44 45 )))))))))))((15 (16 17 ))(18 (19 20 )))))))))))); 
ttag *!; 
ttag +0 ////; 
ttag +1 ////; 
ttag +2 ////; 
ttag +3 ////; 
ttag +4 ////; 
ttag +5 ////; 
ttag +6 ////; 
ttag +7 ////; 
ttag +8 ////; 
ttag +9 ////; 
ttag +10 ////; 
ttag +11 ////; 
ttag +12 ////; 
ttag +13 ////; 
ttag +14 ////; 
ttag +15 ////; 
ttag +16 ////; 
ttag +17 ////; 
ttag +18 ////; 
ttag +19 ////; 
ttag +20 ////; 
ttag +21 ////; 
ttag +22 ////; 
ttag +23 ////; 
ttag +24 ////; 
ttag +25 ////; 
ttag +26 ////; 
ttag +27 ////; 
ttag +28 ////; 
ttag +29 ////; 
ttag +30 ////; 
ttag +31 ////; 
ttag +32 ////; 
ttag +33 ////; 
ttag +34 ////; 
ttag +35 ////; 
ttag +36 ////; 
ttag +37 ////; 
ttag +38 ////; 
ttag +39 ////; 
ttag +40 ////; 
ttag +41 ////; 
ttag +42 ////; 
ttag +43 ////; 
ttag +44 ////; 
ttag +45 ////; 
ttag +46 ////; 
ttag +47 ////; 
ttag +48 ////; 
ttag +49 100/100/100/100/100; 
ttag +50 97/96/92/96/94; 
ttag +51 99/99/97/97/96; 
ttag +52 60/53/33/56/30; 
ttag +53 41/21/7/17/6; 
ttag +54 67/53/51/54/43; 
ttag +55 79/76/57/72/62; 
ttag +56 28/8/5/11/?; 
ttag +57 77/67/69/75/61; 
ttag +58 100/100/98/100/99; 
ttag +59 20/[10]/?/?/?; 
ttag +60 26/14/9/17/16; 
ttag +61 32/24/9/26/4; 
ttag +62 24/[1]/?/0/8; 
ttag +63 23/[2]/?/0/4; 
ttag +64 25/15/10/16/2; 
ttag +65 90/88/87/90/83; 
ttag +66 20/[5]/?/?/2; 
ttag +67 90/88/82/86/81; 
ttag +68 86/82/73/86/77; 
ttag +69 100/100/100/100/100; 
ttag +70 83/78/73/84/62; 
ttag +71 75/68/60/66/59; 
ttag +72 97/97/89/95/90; 
ttag +73 99/98/98/98/97; 
ttag +74 70/58/66/66/66; 
ttag +75 87/84/66/84/68; 
ttag +76 54/44/28/49/27; 
ttag +77 90/88/76/88/77; 
ttag +78 62/56/39/64/45; 
ttag +79 99/99/96/99/98; 
ttag +80 99/99/96/99/98; 
ttag +81 34/22/14/10/19; 
ttag +82 99/98/98/99/98; 
ttag +83 37/3/4/?/?; 
ttag +84 92/91/74/85/87; 
ttag +85 88/84/70/84/75; 
ttag +86 98/98/89/95/93; 
ttag +87 92/92/82/86/88; 
ttag +88 29/[8]/?/?/?; 
ttag +89 87/83/65/84/72; 
ttag +90 78/73/64/72/70; 
ttag +91 78/66/55/74/54; 
ttag +92 74/70/62/84/64; 
ttag +93 43/33/47/35/40; 
ttag +94 42/22/26/25/24; 
