tread
'Tree with tags' 
(0 (1 ((2 3 )((5 7 11 (4 6 )((12 13 )(21 ((14 ((22 (23 (24 25 )))(26 (27 (28 29 (30 31 )((32 (33 34 ))(35 (36 (39 (37 38 )))))(40 41 (42 43 ))(47 (44 45 46 )))))))(18 (19 20 ))))))((8 (9 10 ))(17 (15 16 ))))))); 
ttag *!; 
ttag +49 ???; 
ttag +50 4; 
ttag +51 6; 
ttag +52 1; 
ttag +53 2; 
ttag +54 9; 
ttag +55 3; 
ttag +56 2; 
ttag +57 1; 
ttag +58 4; 
ttag +59 1; 
ttag +60 1; 
ttag +61 1; 
ttag +62 1; 
ttag +63 1; 
ttag +64 12; 
ttag +65 5; 
ttag +66 10; 
ttag +67 4; 
ttag +68 6; 
ttag +69 3; 
ttag +70 4; 
ttag +71 4; 
ttag +72 4; 
ttag +73 4; 
ttag +74 3; 
ttag +75 1; 
ttag +76 4; 
ttag +77 2; 
ttag +78 5; 
ttag +79 2; 
ttag +80 2; 
ttag +81 7; 
ttag +82 2; 
ttag +83 5; 
ttag +84 2; 
ttag +85 2; 
tread
'Tree with tags' 
(0 (1 ((2 3 )(((7 (4 6 ))(5 (11 ((12 13 )(21 ((14 ((22 (23 (24 25 )))(26 (27 (28 (((29 (30 31 ))((32 (33 34 ))(35 (36 (39 (37 38 ))))))((40 (41 (42 43 )))(47 (44 (45 46 ))))))))))(18 (19 20 ))))))))((8 (9 10 ))(17 (15 16 ))))))); 
ttag *!; 
ttag +0 ////; 
ttag +1 ////; 
ttag +2 ////; 
ttag +3 ////; 
ttag +4 ////; 
ttag +5 ////; 
ttag +6 ////; 
ttag +7 ////; 
ttag +8 ////; 
ttag +9 ////; 
ttag +10 ////; 
ttag +11 ////; 
ttag +12 ////; 
ttag +13 ////; 
ttag +14 ////; 
ttag +15 ////; 
ttag +16 ////; 
ttag +17 ////; 
ttag +18 ////; 
ttag +19 ////; 
ttag +20 ////; 
ttag +21 ////; 
ttag +22 ////; 
ttag +23 ////; 
ttag +24 ////; 
ttag +25 ////; 
ttag +26 ////; 
ttag +27 ////; 
ttag +28 ////; 
ttag +29 ////; 
ttag +30 ////; 
ttag +31 ////; 
ttag +32 ////; 
ttag +33 ////; 
ttag +34 ////; 
ttag +35 ////; 
ttag +36 ////; 
ttag +37 ////; 
ttag +38 ////; 
ttag +39 ////; 
ttag +40 ////; 
ttag +41 ////; 
ttag +42 ////; 
ttag +43 ////; 
ttag +44 ////; 
ttag +45 ////; 
ttag +46 ////; 
ttag +47 ////; 
ttag +48 ////; 
ttag +49 100/100/100/100/100; 
ttag +50 87/85/78/86/77; 
ttag +51 96/96/92/96/94; 
ttag +52 23/3/4/15/10; 
ttag +53 15/[4]/?/4/?; 
ttag +54 32/12/8/22/12; 
ttag +55 100/100/98/99/99; 
ttag +56 4/[14]/?/?/?; 
ttag +57 92/89/91/90/90; 
ttag +58 60/50/32/51/32; 
ttag +59 74/64/66/73/61; 
ttag +60 15/0/?/3/0; 
ttag +61 84/81/76/82/73; 
ttag +62 43/33/21/40/24; 
ttag +63 32/13/9/15/9; 
ttag +64 29/16/10/25/8; 
ttag +65 34/24/12/32/14; 
ttag +66 57/46/31/41/30; 
ttag +67 100/100/100/100/100; 
ttag +68 96/96/91/98/92; 
ttag +69 100/100/100/100/100; 
ttag +70 97/96/83/94/93; 
ttag +71 88/85/80/90/82; 
ttag +72 88/87/78/88/79; 
ttag +73 93/91/87/93/84; 
ttag +74 93/92/82/92/82; 
ttag +75 88/85/75/83/78; 
ttag +76 92/91/85/92/83; 
ttag +77 36/19/?/8/2; 
ttag +78 4/[43]/?/?/?; 
ttag +79 28/10/5/10/9; 
ttag +80 92/91/82/85/86; 
ttag +81 35/23/13/24/18; 
ttag +82 86/85/77/88/78; 
ttag +83 63/54/57/60/59; 
ttag +84 95/94/88/95/87; 
ttag +85 74/63/58/64/55; 
ttag +86 82/82/80/84/84; 
ttag +87 99/99/98/99/96; 
ttag +88 70/50/48/60/49; 
ttag +89 18/[29]/?/?/?; 
ttag +90 15/[16]/?/?/?; 
ttag +91 97/96/95/98/93; 
ttag +92 80/70/68/82/73; 
ttag +93 79/75/74/80/72; 
ttag +94 56/38/33/22/31; 
