tread
'Tree with tags' 
(0 (1 ((2 3 )((((4 11 )(5 (6 7 )))(8 (9 10 )))(13 (12 (14 ((15 (16 17 ))(18 (19 20 )))(21 ((22 (23 (24 25 )))(26 (27 (28 (((29 (30 31 ))(32 ((36 (33 34 ))(35 (37 (38 39 ))))))(40 (41 (42 43 )))(46 (44 45 47 ))))))))))))))); 
ttag *!; 
ttag +49 ???; 
ttag +50 6; 
ttag +51 7; 
ttag +52 2; 
ttag +53 1; 
ttag +54 2; 
ttag +55 9; 
ttag +56 1; 
ttag +57 5; 
ttag +58 9; 
ttag +59 4; 
ttag +60 1; 
ttag +61 2; 
ttag +62 1; 
ttag +63 8; 
ttag +64 4; 
ttag +65 6; 
ttag +66 4; 
ttag +67 8; 
ttag +68 3; 
ttag +69 9; 
ttag +70 3; 
ttag +71 4; 
ttag +72 7; 
ttag +73 5; 
ttag +74 1; 
ttag +75 3; 
ttag +76 5; 
ttag +77 1; 
ttag +78 4; 
ttag +79 3; 
ttag +80 4; 
ttag +81 5; 
ttag +82 2; 
ttag +83 2; 
ttag +84 1; 
ttag +85 4; 
ttag +86 3; 
ttag +87 1; 
ttag +88 3; 
ttag +89 6; 
ttag +90 1; 
ttag +91 4; 
tread
'Tree with tags' 
(0 (1 ((2 3 )((((4 11 )(5 (6 7 )))(8 (9 10 )))(13 (12 (14 (((15 (16 17 ))(18 (19 20 )))(21 ((22 (23 (24 25 )))(26 (27 (28 (((29 (30 31 ))(32 ((36 (33 34 ))(35 (37 (38 39 ))))))((40 (41 (42 43 )))(46 (45 (44 47 )))))))))))))))))); 
ttag *!; 
ttag +0 ////; 
ttag +1 ////; 
ttag +2 ////; 
ttag +3 ////; 
ttag +4 ////; 
ttag +5 ////; 
ttag +6 ////; 
ttag +7 ////; 
ttag +8 ////; 
ttag +9 ////; 
ttag +10 ////; 
ttag +11 ////; 
ttag +12 ////; 
ttag +13 ////; 
ttag +14 ////; 
ttag +15 ////; 
ttag +16 ////; 
ttag +17 ////; 
ttag +18 ////; 
ttag +19 ////; 
ttag +20 ////; 
ttag +21 ////; 
ttag +22 ////; 
ttag +23 ////; 
ttag +24 ////; 
ttag +25 ////; 
ttag +26 ////; 
ttag +27 ////; 
ttag +28 ////; 
ttag +29 ////; 
ttag +30 ////; 
ttag +31 ////; 
ttag +32 ////; 
ttag +33 ////; 
ttag +34 ////; 
ttag +35 ////; 
ttag +36 ////; 
ttag +37 ////; 
ttag +38 ////; 
ttag +39 ////; 
ttag +40 ////; 
ttag +41 ////; 
ttag +42 ////; 
ttag +43 ////; 
ttag +44 ////; 
ttag +45 ////; 
ttag +46 ////; 
ttag +47 ////; 
ttag +48 ////; 
ttag +49 100/100/100/100/100; 
ttag +50 97/97/96/95/90; 
ttag +51 98/98/96/98/94; 
ttag +52 40/25/14/30/18; 
ttag +53 22/2/?/10/?; 
ttag +54 32/17/0/22/4; 
ttag +55 99/99/91/98/92; 
ttag +56 28/9/6/15/6; 
ttag +57 95/94/85/96/86; 
ttag +58 98/98/95/98/98; 
ttag +59 90/87/81/90/84; 
ttag +60 8/[15]/?/?/?; 
ttag +61 52/46/28/40/26; 
ttag +62 36/12/1/12/3; 
ttag +63 99/99/96/98/98; 
ttag +64 93/92/84/94/86; 
ttag +65 17/[8]/?/?/?; 
ttag +66 96/95/86/92/84; 
ttag +67 88/85/73/84/71; 
ttag +68 99/98/97/99/99; 
ttag +69 51/33/10/28/19; 
ttag +70 98/98/93/97/96; 
ttag +71 67/57/38/55/52; 
ttag +72 78/71/57/73/64; 
ttag +73 98/98/97/98/97; 
ttag +74 91/88/80/92/83; 
ttag +75 33/[18]/?/?/?; 
ttag +76 59/40/26/46/27; 
ttag +77 92/88/79/85/78; 
ttag +78 29/16/12/19/12; 
ttag +79 69/66/51/66/56; 
ttag +80 93/90/83/94/87; 
ttag +81 81/78/59/82/67; 
ttag +82 88/83/67/83/69; 
ttag +83 40/20/11/31/12; 
ttag +84 65/55/43/58/50; 
ttag +85 25/7/4/14/1; 
ttag +86 86/83/71/86/73; 
ttag +87 87/84/77/87/82; 
ttag +88 56/44/40/48/38; 
ttag +89 10/[2]/0/1/2; 
ttag +90 78/75/66/70/67; 
ttag +91 99/98/95/98/96; 
ttag +92 0/[18]/?/?/?; 
ttag +93 60/42/42/49/48; 
ttag +94 80/78/68/84/72; 
