tread
'Tree with tags' 
(0 ((1 (2 3 ))(((5 (4 (11 ((12 13 )(14 (((15 (16 17 ))(18 (19 20 )))(21 ((22 (23 (24 25 )))((28 (26 27 ))((((29 (46 (44 (45 47 ))))((32 (33 34 ))(35 (36 (37 38 39 )))))(41 (40 (42 43 ))))(30 31 )))))))))))(6 7 ))(10 (8 9 ))))); 
ttag *!; 
ttag +49 1; 
ttag +50 ???; 
ttag +51 1; 
ttag +52 1; 
ttag +53 1; 
ttag +54 1; 
ttag +55 6; 
ttag +56 2; 
ttag +57 3; 
ttag +58 4; 
ttag +59 2; 
ttag +60 2; 
ttag +61 4; 
ttag +62 3; 
ttag +63 9; 
ttag +64 3; 
ttag +65 2; 
ttag +66 4; 
ttag +67 5; 
ttag +68 6; 
ttag +69 2; 
ttag +70 3; 
ttag +71 2; 
ttag +72 3; 
ttag +73 7; 
ttag +74 2; 
ttag +75 2; 
ttag +76 8; 
ttag +77 2; 
ttag +78 2; 
ttag +79 2; 
ttag +80 2; 
ttag +81 7; 
ttag +82 1; 
ttag +83 8; 
ttag +84 7; 
ttag +85 2; 
ttag +86 5; 
ttag +87 7; 
ttag +88 3; 
ttag +89 3; 
ttag +90 9; 
ttag +91 2; 
ttag +92 4; 
ttag +93 2; 
tread
'Tree with tags' 
(0 ((1 (2 3 ))(((5 (4 (11 ((12 13 )(14 (((15 (16 17 ))(18 (19 20 )))(21 ((22 (23 (24 25 )))((28 (26 27 ))((((29 (46 (44 (45 47 ))))((32 (33 34 ))(35 (36 (39 (37 38 ))))))(41 (40 (42 43 ))))(30 31 )))))))))))(6 7 ))(10 (8 9 ))))); 
ttag *!; 
ttag +0 ////; 
ttag +1 ////; 
ttag +2 ////; 
ttag +3 ////; 
ttag +4 ////; 
ttag +5 ////; 
ttag +6 ////; 
ttag +7 ////; 
ttag +8 ////; 
ttag +9 ////; 
ttag +10 ////; 
ttag +11 ////; 
ttag +12 ////; 
ttag +13 ////; 
ttag +14 ////; 
ttag +15 ////; 
ttag +16 ////; 
ttag +17 ////; 
ttag +18 ////; 
ttag +19 ////; 
ttag +20 ////; 
ttag +21 ////; 
ttag +22 ////; 
ttag +23 ////; 
ttag +24 ////; 
ttag +25 ////; 
ttag +26 ////; 
ttag +27 ////; 
ttag +28 ////; 
ttag +29 ////; 
ttag +30 ////; 
ttag +31 ////; 
ttag +32 ////; 
ttag +33 ////; 
ttag +34 ////; 
ttag +35 ////; 
ttag +36 ////; 
ttag +37 ////; 
ttag +38 ////; 
ttag +39 ////; 
ttag +40 ////; 
ttag +41 ////; 
ttag +42 ////; 
ttag +43 ////; 
ttag +44 ////; 
ttag +45 ////; 
ttag +46 ////; 
ttag +47 ////; 
ttag +48 ////; 
ttag +49 24/[27]/?/?/?; 
ttag +50 100/100/100/100/100; 
ttag +51 64/35/36/40/42; 
ttag +52 45/18/20/28/22; 
ttag +53 44/18/20/29/16; 
ttag +54 28/0/?/10/0; 
ttag +55 99/99/92/98/93; 
ttag +56 78/69/66/76/73; 
ttag +57 84/80/74/88/85; 
ttag +58 96/96/93/96/92; 
ttag +59 80/76/72/81/76; 
ttag +60 57/48/36/46/32; 
ttag +61 57/50/33/50/33; 
ttag +62 36/27/9/26/11; 
ttag +63 97/96/93/96/93; 
ttag +64 26/0/?/?/?; 
ttag +65 26/14/9/7/12; 
ttag +66 91/86/83/90/78; 
ttag +67 92/91/84/94/83; 
ttag +68 98/98/97/98/95; 
ttag +69 19/[7]/?/?/?; 
ttag +70 50/36/20/38/19; 
ttag +71 25/6/4/6/0; 
ttag +72 76/66/67/71/65; 
ttag +73 100/100/98/99/98; 
ttag +74 40/14/7/16/13; 
ttag +75 10/[34]/?/?/?; 
ttag +76 98/98/97/100/98; 
ttag +77 24/[2]/?/?/?; 
ttag +78 7/[20]/?/?/?; 
ttag +79 5/[22]/?/?/?; 
ttag +80 59/53/42/55/52; 
ttag +81 99/99/96/98/96; 
ttag +82 16/[22]/?/?/?; 
ttag +83 97/97/93/98/95; 
ttag +84 88/84/76/88/87; 
ttag +85 61/56/34/60/40; 
ttag +86 87/84/54/76/58; 
ttag +87 30/0/5/4/4; 
ttag +88 94/93/79/94/86; 
ttag +89 79/73/67/69/69; 
ttag +90 61/49/29/50/32; 
ttag +91 100/100/98/100/100; 
ttag +92 48/32/22/36/22; 
ttag +93 76/72/68/80/60; 
ttag +94 36/19/6/21/1; 
