tread
'Tree with tags' 
(0 (1 ((2 3 )(4 ((7 (5 (6 (11 ((12 13 )((14 ((15 (16 17 ))(18 (19 20 ))))(21 ((22 (23 (24 25 )))(26 (27 (28 ((29 (30 31 ))((32 ((33 34 )(35 (36 (37 (38 39 ))))))((40 (41 (42 43 )))(44 (45 (46 47 )))))))))))))))))(8 (9 10 ))))))); 
ttag *!; 
ttag +49 ???; 
ttag +50 5; 
ttag +51 9; 
ttag +52 5; 
ttag +53 1; 
ttag +54 1; 
ttag +55 3; 
ttag +56 1; 
ttag +57 10; 
ttag +58 2; 
ttag +59 2; 
ttag +60 2; 
ttag +61 2; 
ttag +62 1; 
ttag +63 3; 
ttag +64 2; 
ttag +65 4; 
ttag +66 3; 
ttag +67 2; 
ttag +68 10; 
ttag +69 3; 
ttag +70 3; 
ttag +71 5; 
ttag +72 8; 
ttag +73 5; 
ttag +74 5; 
ttag +75 1; 
ttag +76 5; 
ttag +77 7; 
ttag +78 3; 
ttag +79 4; 
ttag +80 3; 
ttag +81 3; 
ttag +82 8; 
ttag +83 5; 
ttag +84 3; 
ttag +85 5; 
ttag +86 10; 
ttag +87 2; 
ttag +88 12; 
ttag +89 1; 
ttag +90 1; 
ttag +91 6; 
ttag +92 1; 
ttag +93 1; 
ttag +94 1; 
tread
'Tree with tags' 
(0 (1 ((2 3 )(4 ((7 (5 (6 (11 ((12 13 )((14 ((15 (16 17 ))(18 (19 20 ))))(21 ((22 (23 (24 25 )))(26 (27 (28 ((29 (30 31 ))((32 ((33 34 )(35 (36 (37 (38 39 ))))))((40 (41 (42 43 )))(44 (45 (46 47 )))))))))))))))))(8 (9 10 ))))))); 
ttag *!; 
ttag +0 ////; 
ttag +1 ////; 
ttag +2 ////; 
ttag +3 ////; 
ttag +4 ////; 
ttag +5 ////; 
ttag +6 ////; 
ttag +7 ////; 
ttag +8 ////; 
ttag +9 ////; 
ttag +10 ////; 
ttag +11 ////; 
ttag +12 ////; 
ttag +13 ////; 
ttag +14 ////; 
ttag +15 ////; 
ttag +16 ////; 
ttag +17 ////; 
ttag +18 ////; 
ttag +19 ////; 
ttag +20 ////; 
ttag +21 ////; 
ttag +22 ////; 
ttag +23 ////; 
ttag +24 ////; 
ttag +25 ////; 
ttag +26 ////; 
ttag +27 ////; 
ttag +28 ////; 
ttag +29 ////; 
ttag +30 ////; 
ttag +31 ////; 
ttag +32 ////; 
ttag +33 ////; 
ttag +34 ////; 
ttag +35 ////; 
ttag +36 ////; 
ttag +37 ////; 
ttag +38 ////; 
ttag +39 ////; 
ttag +40 ////; 
ttag +41 ////; 
ttag +42 ////; 
ttag +43 ////; 
ttag +44 ////; 
ttag +45 ////; 
ttag +46 ////; 
ttag +47 ////; 
ttag +48 ////; 
ttag +49 100/100/100/100/100; 
ttag +50 93/90/91/96/86; 
ttag +51 100/100/99/99/98; 
ttag +52 89/82/77/88/76; 
ttag +53 13/[2]/?/?/?; 
ttag +54 9/[9]/?/?/?; 
ttag +55 76/72/54/72/54; 
ttag +56 16/1/3/11/2; 
ttag +57 100/100/99/100/98; 
ttag +58 90/88/82/89/83; 
ttag +59 49/42/29/44/38; 
ttag +60 72/64/55/68/50; 
ttag +61 42/32/26/36/30; 
ttag +62 35/14/16/13/14; 
ttag +63 47/40/34/38/24; 
ttag +64 89/82/74/81/75; 
ttag +65 85/82/75/86/64; 
ttag +66 87/84/77/83/75; 
ttag +67 73/58/47/66/36; 
ttag +68 100/100/100/100/100; 
ttag +69 57/45/39/48/30; 
ttag +70 80/74/64/77/52; 
ttag +71 80/78/69/81/62; 
ttag +72 100/100/99/100/99; 
ttag +73 98/98/95/97/93; 
ttag +74 88/83/68/84/71; 
ttag +75 45/32/9/32/3; 
ttag +76 81/79/64/79/62; 
ttag +77 99/98/88/98/95; 
ttag +78 80/78/50/73/51; 
ttag +79 90/87/74/88/76; 
ttag +80 82/76/64/74/64; 
ttag +81 78/74/55/79/57; 
ttag +82 97/96/92/96/87; 
ttag +83 89/88/73/92/80; 
ttag +84 82/80/57/82/66; 
ttag +85 91/89/76/88/83; 
ttag +86 100/100/99/100/98; 
ttag +87 70/64/48/73/48; 
ttag +88 100/100/98/99/98; 
ttag +89 46/28/18/22/11; 
ttag +90 42/22/17/32/20; 
ttag +91 98/97/96/98/94; 
ttag +92 45/36/25/40/32; 
ttag +93 18/8/?/9/1; 
ttag +94 41/32/13/32/19; 
