tread
'Tree with tags' 
(0 (1 ((2 3 )(4 5 6 7 11 (8 9 10 )(12 13 )(14 21 ((15 16 17 )(18 (19 20 )))(22 (23 (24 25 )))(26 27 28 ((29 (30 31 ))((33 (34 (32 (35 (36 (37 (38 39 )))))))((40 (41 (42 43 )))(46 (44 (45 47 )))))))))))); 
ttag *!; 
ttag +49 ???; 
ttag +50 6; 
ttag +51 1; 
ttag +52 7; 
ttag +53 9; 
ttag +54 1; 
ttag +55 1; 
ttag +56 2; 
ttag +57 3; 
ttag +58 4; 
ttag +59 14; 
ttag +60 4; 
ttag +61 2; 
ttag +62 8; 
ttag +63 3; 
ttag +64 3; 
ttag +65 3; 
ttag +66 4; 
ttag +67 2; 
ttag +68 4; 
ttag +69 4; 
ttag +70 7; 
ttag +71 6; 
ttag +72 4; 
ttag +73 5; 
ttag +74 2; 
ttag +75 8; 
ttag +76 4; 
ttag +77 1; 
ttag +78 6; 
ttag +79 3; 
ttag +80 3; 
ttag +81 1; 
tread
'Tree with tags' 
(0 (1 ((2 3 )((11 (5 (4 (6 (7 (8 (9 10 )))))))((12 13 )(21 ((14 ((17 (15 16 ))(18 (19 20 ))))((22 (23 (24 25 )))(28 ((26 27 )((29 (30 31 ))((33 (34 (32 (35 (36 (37 (38 39 )))))))((40 (41 (42 43 )))(46 (44 (45 47 )))))))))))))))); 
ttag *!; 
ttag +0 ////; 
ttag +1 ////; 
ttag +2 ////; 
ttag +3 ////; 
ttag +4 ////; 
ttag +5 ////; 
ttag +6 ////; 
ttag +7 ////; 
ttag +8 ////; 
ttag +9 ////; 
ttag +10 ////; 
ttag +11 ////; 
ttag +12 ////; 
ttag +13 ////; 
ttag +14 ////; 
ttag +15 ////; 
ttag +16 ////; 
ttag +17 ////; 
ttag +18 ////; 
ttag +19 ////; 
ttag +20 ////; 
ttag +21 ////; 
ttag +22 ////; 
ttag +23 ////; 
ttag +24 ////; 
ttag +25 ////; 
ttag +26 ////; 
ttag +27 ////; 
ttag +28 ////; 
ttag +29 ////; 
ttag +30 ////; 
ttag +31 ////; 
ttag +32 ////; 
ttag +33 ////; 
ttag +34 ////; 
ttag +35 ////; 
ttag +36 ////; 
ttag +37 ////; 
ttag +38 ////; 
ttag +39 ////; 
ttag +40 ////; 
ttag +41 ////; 
ttag +42 ////; 
ttag +43 ////; 
ttag +44 ////; 
ttag +45 ////; 
ttag +46 ////; 
ttag +47 ////; 
ttag +48 ////; 
ttag +49 100/100/100/100/100; 
ttag +50 90/86/79/86/70; 
ttag +51 65/53/52/55/50; 
ttag +52 36/16/12/21/14; 
ttag +53 33/13/12/19/13; 
ttag +54 6/[25]/?/?/?; 
ttag +55 96/94/86/91/84; 
ttag +56 42/21/20/32/28; 
ttag +57 22/2/5/6/8; 
ttag +58 100/100/98/100/99; 
ttag +59 36/[2]/?/7/6; 
ttag +60 54/48/28/44/22; 
ttag +61 46/40/32/36/16; 
ttag +62 6/[12]/?/?/?; 
ttag +63 3/[22]/?/?/?; 
ttag +64 35/27/10/24/2; 
ttag +65 64/44/38/29/27; 
ttag +66 84/80/75/82/68; 
ttag +67 92/92/77/86/76; 
ttag +68 94/93/93/96/88; 
ttag +69 100/100/100/100/100; 
ttag +70 88/84/71/78/64; 
ttag +71 50/30/34/24/28; 
ttag +72 76/66/44/65/43; 
ttag +73 99/99/96/98/96; 
ttag +74 40/24/20/13/17; 
ttag +75 42/11/12/11/17; 
ttag +76 96/94/84/93/87; 
ttag +77 92/87/75/89/80; 
ttag +78 87/82/68/80/67; 
ttag +79 95/93/92/97/86; 
ttag +80 64/53/44/58/38; 
ttag +81 74/67/54/76/51; 
ttag +82 88/85/76/88/81; 
ttag +83 98/98/95/97/93; 
ttag +84 97/96/88/95/85; 
ttag +85 95/94/89/96/89; 
ttag +86 98/98/96/99/96; 
ttag +87 89/89/88/89/86; 
ttag +88 98/98/93/99/98; 
ttag +89 98/97/92/96/92; 
ttag +90 58/57/60/61/60; 
ttag +91 98/97/93/98/97; 
ttag +92 82/78/63/79/65; 
ttag +93 86/81/75/88/69; 
ttag +94 60/55/39/54/42; 
