tread
'Tree with tags' 
(0 (1 ((2 3 )(4 ((13 (5 (11 (6 (7 (10 (8 9 )))))))(12 ((14 (21 ((22 (23 (24 25 )))(26 (27 (28 (29 (30 31 ))((((32 (35 (36 (37 (38 39 )))))(33 34 ))(40 (41 (42 43 ))))(47 (46 (44 45 ))))))))))((15 (16 17 ))(18 (19 20 )))))))))); 
ttag *!; 
ttag +49 ???; 
ttag +50 11; 
ttag +51 4; 
ttag +52 6; 
ttag +53 1; 
ttag +54 1; 
ttag +55 3; 
ttag +56 4; 
ttag +57 1; 
ttag +58 1; 
ttag +59 1; 
ttag +60 6; 
ttag +61 2; 
ttag +62 1; 
ttag +63 2; 
ttag +64 6; 
ttag +65 5; 
ttag +66 2; 
ttag +67 6; 
ttag +68 11; 
ttag +69 3; 
ttag +70 2; 
ttag +71 3; 
ttag +72 7; 
ttag +73 3; 
ttag +74 2; 
ttag +75 1; 
ttag +76 5; 
ttag +77 2; 
ttag +78 2; 
ttag +79 1; 
ttag +80 5; 
ttag +81 2; 
ttag +82 1; 
ttag +83 5; 
ttag +84 2; 
ttag +85 3; 
ttag +86 5; 
ttag +87 1; 
ttag +88 4; 
ttag +89 2; 
ttag +90 10; 
ttag +91 3; 
ttag +92 2; 
ttag +93 2; 
tread
'Tree with tags' 
(0 (1 ((2 3 )(4 ((13 (5 (11 (6 (7 (10 (8 9 )))))))(12 ((14 (21 ((22 (23 (24 25 )))(26 (27 (28 ((29 (30 31 ))((((32 (35 (36 (37 (38 39 )))))(33 34 ))(40 (41 (42 43 ))))(47 (46 (44 45 )))))))))))((15 (16 17 ))(18 (19 20 )))))))))); 
ttag *!; 
ttag +0 ////; 
ttag +1 ////; 
ttag +2 ////; 
ttag +3 ////; 
ttag +4 ////; 
ttag +5 ////; 
ttag +6 ////; 
ttag +7 ////; 
ttag +8 ////; 
ttag +9 ////; 
ttag +10 ////; 
ttag +11 ////; 
ttag +12 ////; 
ttag +13 ////; 
ttag +14 ////; 
ttag +15 ////; 
ttag +16 ////; 
ttag +17 ////; 
ttag +18 ////; 
ttag +19 ////; 
ttag +20 ////; 
ttag +21 ////; 
ttag +22 ////; 
ttag +23 ////; 
ttag +24 ////; 
ttag +25 ////; 
ttag +26 ////; 
ttag +27 ////; 
ttag +28 ////; 
ttag +29 ////; 
ttag +30 ////; 
ttag +31 ////; 
ttag +32 ////; 
ttag +33 ////; 
ttag +34 ////; 
ttag +35 ////; 
ttag +36 ////; 
ttag +37 ////; 
ttag +38 ////; 
ttag +39 ////; 
ttag +40 ////; 
ttag +41 ////; 
ttag +42 ////; 
ttag +43 ////; 
ttag +44 ////; 
ttag +45 ////; 
ttag +46 ////; 
ttag +47 ////; 
ttag +48 ////; 
ttag +49 100/100/100/100/100; 
ttag +50 100/100/99/100/100; 
ttag +51 95/93/88/95/90; 
ttag +52 94/92/77/93/85; 
ttag +53 26/14/10/18/6; 
ttag +54 12/[3]/?/1/?; 
ttag +55 75/71/60/76/62; 
ttag +56 81/78/64/83/68; 
ttag +57 16/4/2/5/1; 
ttag +58 34/13/8/19/10; 
ttag +59 43/29/28/29/21; 
ttag +60 98/98/96/99/99; 
ttag +61 32/22/18/32/22; 
ttag +62 22/3/?/?/?; 
ttag +63 35/25/21/38/25; 
ttag +64 96/95/86/97/93; 
ttag +65 87/85/71/88/73; 
ttag +66 39/14/?/25/22; 
ttag +67 79/69/59/76/72; 
ttag +68 100/100/98/98/98; 
ttag +69 57/44/40/50/32; 
ttag +70 60/34/36/56/36; 
ttag +71 88/86/75/84/76; 
ttag +72 97/96/95/96/92; 
ttag +73 91/88/80/89/82; 
ttag +74 87/83/76/82/73; 
ttag +75 54/27/24/37/16; 
ttag +76 92/92/82/93/84; 
ttag +77 82/75/72/72/60; 
ttag +78 32/3/13/12/8; 
ttag +79 72/62/62/68/60; 
ttag +80 48/30/8/27/20; 
ttag +81 94/93/80/92/88; 
ttag +82 69/60/56/59/56; 
ttag +83 79/72/67/73/68; 
ttag +84 95/93/89/96/92; 
ttag +85 73/67/67/73/63; 
ttag +86 86/82/73/82/72; 
ttag +87 91/89/79/89/80; 
ttag +88 39/22/21/28/19; 
ttag +89 92/88/71/86/78; 
ttag +90 73/64/44/67/49; 
ttag +91 100/100/100/100/99; 
ttag +92 90/87/80/81/76; 
ttag +93 60/46/31/45/33; 
ttag +94 76/71/66/68/70; 
