tread
'Tree with tags' 
(0 (1 (2 3 )(5 11 14 21 (4 (6 7 ))(9 (8 10 ))(12 13 )(15 16 17 )(18 (19 20 ))((22 (23 (24 25 )))(26 27 (28 (44 45 46 47 (29 (30 31 ))(32 33 34 (35 (36 (38 (37 39 )))))(40 41 (42 43 ))))))))); 
ttag *!; 
ttag +49 ???; 
ttag +50 9; 
ttag +51 1; 
ttag +52 2; 
ttag +53 3; 
ttag +54 1; 
ttag +55 7; 
ttag +56 4; 
ttag +57 3; 
ttag +58 3; 
ttag +59 7; 
ttag +60 8; 
ttag +61 1; 
ttag +62 4; 
ttag +63 5; 
ttag +64 3; 
ttag +65 2; 
ttag +66 7; 
ttag +67 4; 
ttag +68 5; 
ttag +69 1; 
ttag +70 1; 
ttag +71 4; 
ttag +72 3; 
ttag +73 4; 
ttag +74 6; 
ttag +75 5; 
tread
'Tree with tags' 
(0 (1 ((2 3 )(((21 (((5 (4 (6 7 )))(9 (8 10 )))(14 (12 13 ))))((22 (23 (24 25 )))(27 (26 (28 ((47 (((29 (30 31 ))(32 ((33 34 )(35 (36 (38 (37 39 )))))))(46 (44 45 ))))(40 (41 (42 43 )))))))))(11 ((15 (16 17 ))(18 (19 20 )))))))); 
ttag *!; 
ttag +0 ////; 
ttag +1 ////; 
ttag +2 ////; 
ttag +3 ////; 
ttag +4 ////; 
ttag +5 ////; 
ttag +6 ////; 
ttag +7 ////; 
ttag +8 ////; 
ttag +9 ////; 
ttag +10 ////; 
ttag +11 ////; 
ttag +12 ////; 
ttag +13 ////; 
ttag +14 ////; 
ttag +15 ////; 
ttag +16 ////; 
ttag +17 ////; 
ttag +18 ////; 
ttag +19 ////; 
ttag +20 ////; 
ttag +21 ////; 
ttag +22 ////; 
ttag +23 ////; 
ttag +24 ////; 
ttag +25 ////; 
ttag +26 ////; 
ttag +27 ////; 
ttag +28 ////; 
ttag +29 ////; 
ttag +30 ////; 
ttag +31 ////; 
ttag +32 ////; 
ttag +33 ////; 
ttag +34 ////; 
ttag +35 ////; 
ttag +36 ////; 
ttag +37 ////; 
ttag +38 ////; 
ttag +39 ////; 
ttag +40 ////; 
ttag +41 ////; 
ttag +42 ////; 
ttag +43 ////; 
ttag +44 ////; 
ttag +45 ////; 
ttag +46 ////; 
ttag +47 ////; 
ttag +48 ////; 
ttag +49 100/100/100/100/100; 
ttag +50 100/100/100/100/99; 
ttag +51 66/47/45/55/44; 
ttag +52 27/4/?/5/3; 
ttag +53 2/[20]/?/?/?; 
ttag +54 4/[7]/?/?/?; 
ttag +55 7/[5]/?/?/?; 
ttag +56 3/[27]/?/?/?; 
ttag +57 3/[10]/?/?/?; 
ttag +58 46/40/24/34/24; 
ttag +59 78/74/66/70/68; 
ttag +60 29/[18]/?/?/?; 
ttag +61 100/100/98/99/97; 
ttag +62 10/[3]/?/?/?; 
ttag +63 93/93/86/94/87; 
ttag +64 4/[8]/?/?/?; 
ttag +65 84/81/70/85/69; 
ttag +66 40/26/14/30/23; 
ttag +67 31/[10]/?/?/?; 
ttag +68 90/84/83/88/82; 
ttag +69 100/100/99/99/99; 
ttag +70 98/98/95/98/95; 
ttag +71 43/37/34/42/38; 
ttag +72 89/82/69/86/74; 
ttag +73 100/100/97/98/99; 
ttag +74 22/[8]/?/?/?; 
ttag +75 67/62/53/68/51; 
ttag +76 59/43/24/50/34; 
ttag +77 98/98/96/99/93; 
ttag +78 16/[5]/0/?/?; 
ttag +79 11/[11]/?/?/?; 
ttag +80 12/[10]/?/?/?; 
ttag +81 90/88/82/89/83; 
ttag +82 97/95/86/96/88; 
ttag +83 72/60/44/62/46; 
ttag +84 56/42/28/50/40; 
ttag +85 28/9/8/4/6; 
ttag +86 84/81/68/75/73; 
ttag +87 85/74/67/86/70; 
ttag +88 73/56/58/74/62; 
ttag +89 78/67/61/84/67; 
ttag +90 96/95/92/99/92; 
ttag +91 26/[36]/?/?/?; 
ttag +92 99/99/97/99/96; 
ttag +93 42/34/31/30/33; 
ttag +94 13/2/?/3/?; 
