tread
'Tree with tags' 
(0 (1 ((2 3 )(4 5 6 7 11 14 21 (8 (9 10 ))(12 13 )(15 (16 17 ))(18 (19 20 ))((22 (23 (24 25 )))(26 (27 (((28 (46 (45 (44 47 ))))(41 (40 (42 43 ))))((29 (30 31 ))(32 (33 34 )(35 (36 (37 (38 39 )))))))))))))); 
ttag *!; 
ttag +49 ???; 
ttag +50 3; 
ttag +51 6; 
ttag +52 1; 
ttag +53 8; 
ttag +54 2; 
ttag +55 3; 
ttag +56 5; 
ttag +57 5; 
ttag +58 4; 
ttag +59 7; 
ttag +60 1; 
ttag +61 1; 
ttag +62 6; 
ttag +63 6; 
ttag +64 4; 
ttag +65 4; 
ttag +66 1; 
ttag +67 1; 
ttag +68 5; 
ttag +69 5; 
ttag +70 2; 
ttag +71 8; 
ttag +72 5; 
ttag +73 3; 
ttag +74 3; 
ttag +75 8; 
ttag +76 6; 
ttag +77 1; 
ttag +78 3; 
ttag +79 11; 
ttag +80 9; 
ttag +81 1; 
ttag +82 1; 
ttag +83 3; 
tread
'Tree with tags' 
(0 (1 ((2 3 )(5 (4 (6 ((7 ((11 ((14 (21 ((22 (23 (24 25 )))(26 (27 (((28 (46 (45 (44 47 ))))(41 (40 (42 43 ))))((29 (30 31 ))((32 (35 (36 (37 (38 39 )))))(33 34 )))))))))((15 (16 17 ))(18 (19 20 )))))(12 13 )))(8 (9 10 ))))))))); 
ttag *!; 
ttag +0 ////; 
ttag +1 ////; 
ttag +2 ////; 
ttag +3 ////; 
ttag +4 ////; 
ttag +5 ////; 
ttag +6 ////; 
ttag +7 ////; 
ttag +8 ////; 
ttag +9 ////; 
ttag +10 ////; 
ttag +11 ////; 
ttag +12 ////; 
ttag +13 ////; 
ttag +14 ////; 
ttag +15 ////; 
ttag +16 ////; 
ttag +17 ////; 
ttag +18 ////; 
ttag +19 ////; 
ttag +20 ////; 
ttag +21 ////; 
ttag +22 ////; 
ttag +23 ////; 
ttag +24 ////; 
ttag +25 ////; 
ttag +26 ////; 
ttag +27 ////; 
ttag +28 ////; 
ttag +29 ////; 
ttag +30 ////; 
ttag +31 ////; 
ttag +32 ////; 
ttag +33 ////; 
ttag +34 ////; 
ttag +35 ////; 
ttag +36 ////; 
ttag +37 ////; 
ttag +38 ////; 
ttag +39 ////; 
ttag +40 ////; 
ttag +41 ////; 
ttag +42 ////; 
ttag +43 ////; 
ttag +44 ////; 
ttag +45 ////; 
ttag +46 ////; 
ttag +47 ////; 
ttag +48 ////; 
ttag +49 100/100/100/100/100; 
ttag +50 92/90/87/90/88; 
ttag +51 99/98/97/99/98; 
ttag +52 8/[14]/?/?/?; 
ttag +53 41/19/29/18/23; 
ttag +54 6/[11]/?/?/?; 
ttag +55 2/[34]/?/?/?; 
ttag +56 1/[34]/?/?/?; 
ttag +57 100/100/98/100/99; 
ttag +58 76/67/69/73/63; 
ttag +59 4/[17]/?/?/?; 
ttag +60 9/[8]/?/?/?; 
ttag +61 91/90/82/94/86; 
ttag +62 2/[15]/?/?/?; 
ttag +63 6/[12]/?/?/?; 
ttag +64 95/93/94/94/92; 
ttag +65 25/11/13/5/7; 
ttag +66 95/93/92/93/92; 
ttag +67 94/93/85/96/88; 
ttag +68 100/100/99/100/98; 
ttag +69 20/2/7/7/2; 
ttag +70 58/35/28/39/31; 
ttag +71 39/20/14/20/13; 
ttag +72 96/95/93/91/87; 
ttag +73 99/98/94/99/95; 
ttag +74 84/82/72/84/75; 
ttag +75 78/74/63/72/58; 
ttag +76 14/[13]/?/?/?; 
ttag +77 14/[23]/?/?/?; 
ttag +78 91/90/80/82/78; 
ttag +79 96/96/84/94/83; 
ttag +80 32/[5]/?/?/?; 
ttag +81 100/100/99/100/100; 
ttag +82 18/[16]/?/?/?; 
ttag +83 91/86/84/89/84; 
ttag +84 83/81/82/84/78; 
ttag +85 84/73/71/76/75; 
ttag +86 99/98/95/100/97; 
ttag +87 99/99/98/98/97; 
ttag +88 60/45/38/45/41; 
ttag +89 87/82/72/86/65; 
ttag +90 99/99/96/100/98; 
ttag +91 99/99/96/97/95; 
ttag +92 33/20/8/27/25; 
ttag +93 42/29/21/26/32; 
ttag +94 76/70/55/72/60; 
