tread
'Tree with tags' 
(0 ((1 (2 3 ))(11 (4 5 ((6 7 )(8 (9 10 )))(12 13 )((14 (15 (16 17 )))((18 (19 20 ))(21 ((22 (23 (24 25 )))(26 (27 (28 (29 (30 31 ))((32 (33 34 )(35 (36 (37 38 39 ))))(44 45 46 47 ((40 41 )(42 43 ))))))))))))))); 
ttag *!; 
ttag +49 2; 
ttag +50 ???; 
ttag +51 7; 
ttag +52 1; 
ttag +53 7; 
ttag +54 3; 
ttag +55 2; 
ttag +56 9; 
ttag +57 3; 
ttag +58 2; 
ttag +59 1; 
ttag +60 1; 
ttag +61 6; 
ttag +62 2; 
ttag +63 1; 
ttag +64 1; 
ttag +65 5; 
ttag +66 2; 
ttag +67 8; 
ttag +68 2; 
ttag +69 5; 
ttag +70 3; 
ttag +71 2; 
ttag +72 2; 
ttag +73 2; 
ttag +74 9; 
ttag +75 6; 
ttag +76 3; 
ttag +77 1; 
ttag +78 3; 
ttag +79 3; 
ttag +80 2; 
ttag +81 4; 
ttag +82 2; 
ttag +83 4; 
ttag +84 3; 
ttag +85 5; 
tread
'Tree with tags' 
(0 ((1 (2 3 ))(11 ((5 ((4 ((6 7 )(8 (9 10 ))))((14 (15 (16 17 )))((18 (19 20 ))(21 ((22 (23 (24 25 )))(26 (27 (28 ((29 (30 31 ))(((32 (35 (36 (37 (38 39 )))))(33 34 ))(44 (45 (((40 41 )(42 43 ))(46 47 )))))))))))))))(12 13 ))))); 
ttag *!; 
ttag +0 ////; 
ttag +1 ////; 
ttag +2 ////; 
ttag +3 ////; 
ttag +4 ////; 
ttag +5 ////; 
ttag +6 ////; 
ttag +7 ////; 
ttag +8 ////; 
ttag +9 ////; 
ttag +10 ////; 
ttag +11 ////; 
ttag +12 ////; 
ttag +13 ////; 
ttag +14 ////; 
ttag +15 ////; 
ttag +16 ////; 
ttag +17 ////; 
ttag +18 ////; 
ttag +19 ////; 
ttag +20 ////; 
ttag +21 ////; 
ttag +22 ////; 
ttag +23 ////; 
ttag +24 ////; 
ttag +25 ////; 
ttag +26 ////; 
ttag +27 ////; 
ttag +28 ////; 
ttag +29 ////; 
ttag +30 ////; 
ttag +31 ////; 
ttag +32 ////; 
ttag +33 ////; 
ttag +34 ////; 
ttag +35 ////; 
ttag +36 ////; 
ttag +37 ////; 
ttag +38 ////; 
ttag +39 ////; 
ttag +40 ////; 
ttag +41 ////; 
ttag +42 ////; 
ttag +43 ////; 
ttag +44 ////; 
ttag +45 ////; 
ttag +46 ////; 
ttag +47 ////; 
ttag +48 ////; 
ttag +49 76/62/40/51/43; 
ttag +50 100/100/100/100/100; 
ttag +51 97/96/90/98/92; 
ttag +52 12/0/?/?/?; 
ttag +53 5/[18]/?/?/?; 
ttag +54 7/[8]/?/?/?; 
ttag +55 40/30/4/15/4; 
ttag +56 94/94/80/98/86; 
ttag +57 87/85/80/89/82; 
ttag +58 64/61/46/63/51; 
ttag +59 99/99/96/99/95; 
ttag +60 90/88/82/93/81; 
ttag +61 42/31/26/38/16; 
ttag +62 5/[25]/?/?/?; 
ttag +63 24/14/3/14/?; 
ttag +64 73/56/54/62/56; 
ttag +65 58/40/28/39/35; 
ttag +66 42/19/16/17/25; 
ttag +67 11/[18]/?/?/?; 
ttag +68 98/98/94/97/92; 
ttag +69 50/33/19/30/20; 
ttag +70 99/99/97/100/94; 
ttag +71 51/18/14/24/18; 
ttag +72 89/83/73/85/73; 
ttag +73 89/87/86/92/84; 
ttag +74 76/62/62/65/57; 
ttag +75 78/63/61/69/56; 
ttag +76 79/72/68/73/62; 
ttag +77 99/99/97/99/96; 
ttag +78 28/2/6/0/2; 
ttag +79 99/99/97/99/97; 
ttag +80 32/[2]/1/?/?; 
ttag +81 90/88/74/87/72; 
ttag +82 42/18/15/28/19; 
ttag +83 90/87/75/87/75; 
ttag +84 92/90/86/92/86; 
ttag +85 91/88/84/91/81; 
ttag +86 94/90/84/94/88; 
ttag +87 42/4/6/?/7; 
ttag +88 70/64/49/58/52; 
ttag +89 90/88/80/87/73; 
ttag +90 30/9/?/?/?; 
ttag +91 36/16/?/?/?; 
ttag +92 83/80/56/73/59; 
ttag +93 95/94/89/95/88; 
ttag +94 48/37/31/20/26; 
