tread
'Tree with tags' 
(0 (1 (2 3 )(4 5 7 (6 (11 ((21 (12 13 ))(((14 (17 (15 16 )))(18 (19 20 )))((22 (26 27 (29 (28 ((30 31 )((32 (33 34 ))(36 (35 (37 (38 39 ))))))((40 (41 (42 43 )))(44 (45 (46 47 ))))))))(23 (24 25 )))))))(8 (9 10 ))))); 
ttag *!; 
ttag +49 ???; 
ttag +50 2; 
ttag +51 2; 
ttag +52 1; 
ttag +53 12; 
ttag +54 3; 
ttag +55 2; 
ttag +56 3; 
ttag +57 1; 
ttag +58 4; 
ttag +59 2; 
ttag +60 1; 
ttag +61 1; 
ttag +62 1; 
ttag +63 7; 
ttag +64 4; 
ttag +65 11; 
ttag +66 1; 
ttag +67 2; 
ttag +68 5; 
ttag +69 5; 
ttag +70 5; 
ttag +71 1; 
ttag +72 3; 
ttag +73 6; 
ttag +74 2; 
ttag +75 3; 
ttag +76 9; 
ttag +77 3; 
ttag +78 1; 
ttag +79 3; 
ttag +80 3; 
ttag +81 2; 
ttag +82 11; 
ttag +83 3; 
ttag +84 4; 
ttag +85 8; 
ttag +86 5; 
ttag +87 1; 
ttag +88 1; 
tread
'Tree with tags' 
(0 (1 ((2 3 )(7 (((4 5 )(8 (9 10 )))(6 (11 ((21 (12 13 ))(((14 (17 (15 16 )))(18 (19 20 )))((22 (26 (27 (29 ((28 ((30 31 )((32 (33 34 ))(36 (35 (37 (38 39 )))))))((40 (41 (42 43 )))(44 (45 (46 47 )))))))))(23 (24 25 )))))))))))); 
ttag *!; 
ttag +0 ////; 
ttag +1 ////; 
ttag +2 ////; 
ttag +3 ////; 
ttag +4 ////; 
ttag +5 ////; 
ttag +6 ////; 
ttag +7 ////; 
ttag +8 ////; 
ttag +9 ////; 
ttag +10 ////; 
ttag +11 ////; 
ttag +12 ////; 
ttag +13 ////; 
ttag +14 ////; 
ttag +15 ////; 
ttag +16 ////; 
ttag +17 ////; 
ttag +18 ////; 
ttag +19 ////; 
ttag +20 ////; 
ttag +21 ////; 
ttag +22 ////; 
ttag +23 ////; 
ttag +24 ////; 
ttag +25 ////; 
ttag +26 ////; 
ttag +27 ////; 
ttag +28 ////; 
ttag +29 ////; 
ttag +30 ////; 
ttag +31 ////; 
ttag +32 ////; 
ttag +33 ////; 
ttag +34 ////; 
ttag +35 ////; 
ttag +36 ////; 
ttag +37 ////; 
ttag +38 ////; 
ttag +39 ////; 
ttag +40 ////; 
ttag +41 ////; 
ttag +42 ////; 
ttag +43 ////; 
ttag +44 ////; 
ttag +45 ////; 
ttag +46 ////; 
ttag +47 ////; 
ttag +48 ////; 
ttag +49 100/100/100/100/100; 
ttag +50 85/76/70/82/73; 
ttag +51 53/33/32/29/24; 
ttag +52 27/10/5/25/10; 
ttag +53 21/5/?/17/2; 
ttag +54 12/[4]/?/?/?; 
ttag +55 81/72/72/77/66; 
ttag +56 30/21/10/24/22; 
ttag +57 100/100/100/100/100; 
ttag +58 97/96/92/94/90; 
ttag +59 43/29/28/38/35; 
ttag +60 78/73/71/78/70; 
ttag +61 30/19/13/27/9; 
ttag +62 71/62/55/67/55; 
ttag +63 55/45/35/48/37; 
ttag +64 44/35/27/26/29; 
ttag +65 39/28/22/29/14; 
ttag +66 53/32/16/30/26; 
ttag +67 94/93/86/92/89; 
ttag +68 86/82/69/87/74; 
ttag +69 100/100/99/100/100; 
ttag +70 27/[19]/?/?/?; 
ttag +71 74/65/52/50/55; 
ttag +72 96/96/96/97/95; 
ttag +73 96/95/94/99/93; 
ttag +74 86/84/76/86/72; 
ttag +75 22/[16]/?/?/?; 
ttag +76 5/[33]/?/?/?; 
ttag +77 22/[7]/?/9/?; 
ttag +78 61/49/52/61/50; 
ttag +79 99/98/97/97/96; 
ttag +80 16/[22]/?/?/?; 
ttag +81 37/20/11/21/8; 
ttag +82 100/100/97/99/98; 
ttag +83 50/39/30/42/38; 
ttag +84 27/[2]/?/?/?; 
ttag +85 75/70/65/75/52; 
ttag +86 59/46/44/53/37; 
ttag +87 58/52/46/54/37; 
ttag +88 98/98/99/98/97; 
ttag +89 48/22/11/16/10; 
ttag +90 95/95/89/94/87; 
ttag +91 99/99/99/98/97; 
ttag +92 72/59/41/48/51; 
ttag +93 42/24/20/14/16; 
ttag +94 28/10/9/2/11; 
