tread
'Tree with tags' 
(0 (1 (4 5 11 (2 3 )(6 7 )(8 9 10 )(12 13 (14 ((15 16 17 )(18 (19 20 )))(21 (22 (23 (24 25 ))((26 27 )(28 ((29 (30 31 ))(46 ((47 ((32 (35 ((33 34 )(36 (38 (37 39 ))))))(40 (41 (42 43 )))))(44 45 ))))))))))))); 
ttag *!; 
ttag +49 ???; 
ttag +50 3; 
ttag +51 5; 
ttag +52 2; 
ttag +53 11; 
ttag +54 3; 
ttag +55 2; 
ttag +56 7; 
ttag +57 3; 
ttag +58 6; 
ttag +59 8; 
ttag +60 2; 
ttag +61 3; 
ttag +62 3; 
ttag +63 5; 
ttag +64 1; 
ttag +65 2; 
ttag +66 5; 
ttag +67 6; 
ttag +68 5; 
ttag +69 1; 
ttag +70 11; 
ttag +71 2; 
ttag +72 3; 
ttag +73 2; 
ttag +74 3; 
ttag +75 4; 
ttag +76 1; 
ttag +77 5; 
ttag +78 2; 
ttag +79 1; 
ttag +80 8; 
ttag +81 2; 
ttag +82 1; 
ttag +83 6; 
ttag +84 1; 
tread
'Tree with tags' 
(0 (1 ((2 3 )(4 (5 ((11 ((6 7 )(10 (8 9 ))))(13 (12 (14 (((17 (15 16 ))(18 (19 20 )))(21 ((22 ((26 27 )(28 ((29 (30 31 ))(46 ((47 ((32 (35 ((33 34 )(36 (38 (37 39 ))))))(40 (41 (42 43 )))))(44 45 )))))))(23 (24 25 )))))))))))))); 
ttag *!; 
ttag +0 ////; 
ttag +1 ////; 
ttag +2 ////; 
ttag +3 ////; 
ttag +4 ////; 
ttag +5 ////; 
ttag +6 ////; 
ttag +7 ////; 
ttag +8 ////; 
ttag +9 ////; 
ttag +10 ////; 
ttag +11 ////; 
ttag +12 ////; 
ttag +13 ////; 
ttag +14 ////; 
ttag +15 ////; 
ttag +16 ////; 
ttag +17 ////; 
ttag +18 ////; 
ttag +19 ////; 
ttag +20 ////; 
ttag +21 ////; 
ttag +22 ////; 
ttag +23 ////; 
ttag +24 ////; 
ttag +25 ////; 
ttag +26 ////; 
ttag +27 ////; 
ttag +28 ////; 
ttag +29 ////; 
ttag +30 ////; 
ttag +31 ////; 
ttag +32 ////; 
ttag +33 ////; 
ttag +34 ////; 
ttag +35 ////; 
ttag +36 ////; 
ttag +37 ////; 
ttag +38 ////; 
ttag +39 ////; 
ttag +40 ////; 
ttag +41 ////; 
ttag +42 ////; 
ttag +43 ////; 
ttag +44 ////; 
ttag +45 ////; 
ttag +46 ////; 
ttag +47 ////; 
ttag +48 ////; 
ttag +49 100/100/100/100/100; 
ttag +50 92/88/89/92/87; 
ttag +51 99/99/97/100/98; 
ttag +52 48/20/14/21/18; 
ttag +53 30/2/?/2/?; 
ttag +54 78/73/64/69/66; 
ttag +55 41/33/35/29/35; 
ttag +56 12/[16]/?/?/?; 
ttag +57 20/[8]/?/?/?; 
ttag +58 43/25/25/31/34; 
ttag +59 99/98/98/99/98; 
ttag +60 20/[5]/?/4/?; 
ttag +61 76/72/58/79/54; 
ttag +62 53/41/34/38/30; 
ttag +63 23/[24]/?/?/?; 
ttag +64 99/99/99/100/98; 
ttag +65 74/69/60/75/63; 
ttag +66 40/15/6/18/2; 
ttag +67 100/100/95/98/94; 
ttag +68 99/99/99/100/99; 
ttag +69 43/26/22/30/19; 
ttag +70 12/[9]/?/?/?; 
ttag +71 79/75/68/77/68; 
ttag +72 61/45/44/50/35; 
ttag +73 90/88/78/89/76; 
ttag +74 68/64/51/60/58; 
ttag +75 30/8/6/19/10; 
ttag +76 68/60/41/62/47; 
ttag +77 76/71/64/73/65; 
ttag +78 70/64/40/64/48; 
ttag +79 41/0/?/8/?; 
ttag +80 99/98/97/98/97; 
ttag +81 16/[16]/?/?/?; 
ttag +82 29/[4]/?/?/?; 
ttag +83 17/[16]/?/?/?; 
ttag +84 78/74/58/70/63; 
ttag +85 93/92/86/92/91; 
ttag +86 57/52/44/52/47; 
ttag +87 89/88/71/86/75; 
ttag +88 70/58/42/56/44; 
ttag +89 57/44/31/46/35; 
ttag +90 97/96/92/98/94; 
ttag +91 64/58/51/60/48; 
ttag +92 39/28/28/28/26; 
ttag +93 100/100/98/99/98; 
ttag +94 44/35/21/35/26; 
