tread
'Tree with tags' 
(0 (1 (2 3 )(4 (5 ((6 7 )(8 (9 10 ))(11 12 13 14 (15 16 17 )(18 (19 20 ))(21 ((22 (23 (24 25 )))(26 (27 (28 ((29 (30 31 ))((32 (33 34 )(35 36 (37 38 39 )))((40 41 (42 43 ))(44 45 46 47 ))))))))))))))); 
ttag *!; 
ttag +49 ???; 
ttag +50 6; 
ttag +51 2; 
ttag +52 4; 
ttag +53 1; 
ttag +54 3; 
ttag +55 6; 
ttag +56 3; 
ttag +57 2; 
ttag +58 6; 
ttag +59 3; 
ttag +60 7; 
ttag +61 2; 
ttag +62 2; 
ttag +63 2; 
ttag +64 5; 
ttag +65 7; 
ttag +66 3; 
ttag +67 2; 
ttag +68 1; 
ttag +69 3; 
ttag +70 1; 
ttag +71 3; 
ttag +72 4; 
ttag +73 1; 
ttag +74 5; 
ttag +75 1; 
ttag +76 3; 
ttag +77 2; 
ttag +78 1; 
ttag +79 5; 
ttag +80 5; 
tread
'Tree with tags' 
(0 ((1 (2 3 ))(4 (5 ((6 7 )((8 (9 10 ))(13 ((12 (11 (14 ((17 (15 16 ))(18 (19 20 ))))))(21 ((22 (23 (24 25 )))(26 (27 (28 ((29 (30 31 ))((32 ((33 34 )((35 36 )(38 (37 39 )))))(((40 41 )(42 43 ))(46 (47 (44 45 ))))))))))))))))))); 
ttag *!; 
ttag +0 ////; 
ttag +1 ////; 
ttag +2 ////; 
ttag +3 ////; 
ttag +4 ////; 
ttag +5 ////; 
ttag +6 ////; 
ttag +7 ////; 
ttag +8 ////; 
ttag +9 ////; 
ttag +10 ////; 
ttag +11 ////; 
ttag +12 ////; 
ttag +13 ////; 
ttag +14 ////; 
ttag +15 ////; 
ttag +16 ////; 
ttag +17 ////; 
ttag +18 ////; 
ttag +19 ////; 
ttag +20 ////; 
ttag +21 ////; 
ttag +22 ////; 
ttag +23 ////; 
ttag +24 ////; 
ttag +25 ////; 
ttag +26 ////; 
ttag +27 ////; 
ttag +28 ////; 
ttag +29 ////; 
ttag +30 ////; 
ttag +31 ////; 
ttag +32 ////; 
ttag +33 ////; 
ttag +34 ////; 
ttag +35 ////; 
ttag +36 ////; 
ttag +37 ////; 
ttag +38 ////; 
ttag +39 ////; 
ttag +40 ////; 
ttag +41 ////; 
ttag +42 ////; 
ttag +43 ////; 
ttag +44 ////; 
ttag +45 ////; 
ttag +46 ////; 
ttag +47 ////; 
ttag +48 ////; 
ttag +49 33/0/?/0/?; 
ttag +50 100/100/100/100/100; 
ttag +51 98/98/88/96/90; 
ttag +52 57/45/46/54/44; 
ttag +53 60/54/44/67/52; 
ttag +54 54/34/26/46/28; 
ttag +55 30/22/17/37/21; 
ttag +56 97/96/94/97/92; 
ttag +57 11/[8]/?/5/?; 
ttag +58 82/80/72/83/77; 
ttag +59 1/[8]/?/?/?; 
ttag +60 2/[6]/?/?/?; 
ttag +61 2/[7]/?/?/?; 
ttag +62 22/14/10/25/14; 
ttag +63 20/1/7/19/5; 
ttag +64 53/37/30/32/26; 
ttag +65 99/98/98/99/96; 
ttag +66 25/6/10/?/6; 
ttag +67 88/84/72/92/76; 
ttag +68 100/100/99/100/100; 
ttag +69 44/35/27/40/21; 
ttag +70 68/54/36/59/49; 
ttag +71 59/54/46/55/44; 
ttag +72 96/96/93/98/95; 
ttag +73 97/96/92/98/92; 
ttag +74 78/76/63/78/71; 
ttag +75 54/42/33/43/37; 
ttag +76 51/39/37/44/47; 
ttag +77 74/71/50/76/58; 
ttag +78 49/37/21/36/21; 
ttag +79 86/83/73/89/81; 
ttag +80 96/96/93/97/94; 
ttag +81 51/39/29/44/24; 
ttag +82 97/96/97/97/93; 
ttag +83 57/32/26/16/18; 
ttag +84 21/[31]/?/?/?; 
ttag +85 63/53/37/56/32; 
ttag +86 27/5/4/3/6; 
ttag +87 91/88/74/87/78; 
ttag +88 57/44/31/42/38; 
ttag +89 67/63/55/60/55; 
ttag +90 43/21/25/26/33; 
ttag +91 98/97/93/99/96; 
ttag +92 39/11/14/11/26; 
ttag +93 34/[10]/2/?/8; 
ttag +94 96/96/94/96/90; 
