tread
'Tree with tags' 
(0 (1 ((2 3 )(5 (4 (7 (6 (8 (9 10 )))(11 ((((12 13 )((22 (23 (24 25 )))(26 (27 (28 (((29 (30 31 ))(32 ((33 34 )(35 (36 (37 38 39 ))))))((40 41 (42 43 ))((44 45 )(46 47 )))))))))((15 (16 17 ))(18 (19 20 ))))(14 21 ))))))))); 
ttag *!; 
ttag +49 ???; 
ttag +50 6; 
ttag +51 4; 
ttag +52 2; 
ttag +53 4; 
ttag +54 2; 
ttag +55 1; 
ttag +56 8; 
ttag +57 2; 
ttag +58 3; 
ttag +59 5; 
ttag +60 1; 
ttag +61 1; 
ttag +62 2; 
ttag +63 1; 
ttag +64 8; 
ttag +65 3; 
ttag +66 1; 
ttag +67 10; 
ttag +68 15; 
ttag +69 2; 
ttag +70 1; 
ttag +71 5; 
ttag +72 4; 
ttag +73 1; 
ttag +74 1; 
ttag +75 1; 
ttag +76 2; 
ttag +77 1; 
ttag +78 2; 
ttag +79 2; 
ttag +80 7; 
ttag +81 3; 
ttag +82 2; 
ttag +83 4; 
ttag +84 4; 
ttag +85 3; 
ttag +86 11; 
ttag +87 2; 
ttag +88 6; 
ttag +89 1; 
ttag +90 3; 
ttag +91 2; 
tread
'Tree with tags' 
(0 (1 ((2 3 )(5 (4 ((7 (6 (8 (9 10 ))))(11 ((((12 13 )((22 (23 (24 25 )))(26 (27 (28 (((29 (30 31 ))(32 ((33 34 )(35 (36 (37 (38 39 )))))))(((40 41 )(42 43 ))((44 45 )(46 47 )))))))))((15 (16 17 ))(18 (19 20 ))))(14 21 ))))))))); 
ttag *!; 
ttag +0 ////; 
ttag +1 ////; 
ttag +2 ////; 
ttag +3 ////; 
ttag +4 ////; 
ttag +5 ////; 
ttag +6 ////; 
ttag +7 ////; 
ttag +8 ////; 
ttag +9 ////; 
ttag +10 ////; 
ttag +11 ////; 
ttag +12 ////; 
ttag +13 ////; 
ttag +14 ////; 
ttag +15 ////; 
ttag +16 ////; 
ttag +17 ////; 
ttag +18 ////; 
ttag +19 ////; 
ttag +20 ////; 
ttag +21 ////; 
ttag +22 ////; 
ttag +23 ////; 
ttag +24 ////; 
ttag +25 ////; 
ttag +26 ////; 
ttag +27 ////; 
ttag +28 ////; 
ttag +29 ////; 
ttag +30 ////; 
ttag +31 ////; 
ttag +32 ////; 
ttag +33 ////; 
ttag +34 ////; 
ttag +35 ////; 
ttag +36 ////; 
ttag +37 ////; 
ttag +38 ////; 
ttag +39 ////; 
ttag +40 ////; 
ttag +41 ////; 
ttag +42 ////; 
ttag +43 ////; 
ttag +44 ////; 
ttag +45 ////; 
ttag +46 ////; 
ttag +47 ////; 
ttag +48 ////; 
ttag +49 100/100/100/100/100; 
ttag +50 97/96/95/99/95; 
ttag +51 75/65/60/73/58; 
ttag +52 24/11/9/18/8; 
ttag +53 67/62/43/58/44; 
ttag +54 47/34/23/35/20; 
ttag +55 14/1/?/2/1; 
ttag +56 16/1/?/6/?; 
ttag +57 96/96/92/98/93; 
ttag +58 68/49/44/59/40; 
ttag +59 37/26/25/33/21; 
ttag +60 83/80/57/75/62; 
ttag +61 22/10/6/12/3; 
ttag +62 3/[14]/?/?/?; 
ttag +63 48/37/32/41/30; 
ttag +64 21/4/?/?/?; 
ttag +65 97/96/88/97/90; 
ttag +66 61/54/40/64/41; 
ttag +67 37/[10]/?/?/3; 
ttag +68 100/100/99/100/99; 
ttag +69 100/100/100/100/100; 
ttag +70 73/66/56/65/60; 
ttag +71 65/59/52/56/48; 
ttag +72 96/96/92/95/89; 
ttag +73 92/90/92/94/92; 
ttag +74 46/17/32/30/25; 
ttag +75 22/[18]/?/?/?; 
ttag +76 32/22/25/31/24; 
ttag +77 45/36/35/48/38; 
ttag +78 26/9/4/1/1; 
ttag +79 37/29/30/42/30; 
ttag +80 40/32/29/44/38; 
ttag +81 94/92/86/95/88; 
ttag +82 72/58/42/70/49; 
ttag +83 78/72/62/77/58; 
ttag +84 89/87/74/91/81; 
ttag +85 85/80/66/89/77; 
ttag +86 85/82/73/74/72; 
ttag +87 36/[5]/?/4/0; 
ttag +88 54/25/27/24/28; 
ttag +89 100/100/97/99/96; 
ttag +90 67/65/51/65/59; 
ttag +91 100/100/98/99/98; 
ttag +92 64/52/37/43/27; 
ttag +93 86/83/67/77/65; 
ttag +94 60/52/39/50/42; 
