tread
'Tree with tags' 
(0 (1 ((2 3 )((4 ((5 (6 (7 (8 (9 10 )))))(11 (12 (13 (14 (18 (19 20 ))))))))((15 (16 17 ))(21 (22 (23 (24 25 )))(26 (27 (28 ((29 (30 31 ))(((32 (35 (36 (37 (38 39 )))))(33 34 ))(40 41 (42 43 ))(44 45 46 47 )))))))))))); 
ttag *!; 
ttag +49 ???; 
ttag +50 2; 
ttag +51 6; 
ttag +52 1; 
ttag +53 7; 
ttag +54 1; 
ttag +55 1; 
ttag +56 2; 
ttag +57 1; 
ttag +58 8; 
ttag +59 3; 
ttag +60 1; 
ttag +61 1; 
ttag +62 1; 
ttag +63 4; 
ttag +64 4; 
ttag +65 1; 
ttag +66 3; 
ttag +67 5; 
ttag +68 11; 
ttag +69 1; 
ttag +70 7; 
ttag +71 7; 
ttag +72 4; 
ttag +73 3; 
ttag +74 2; 
ttag +75 2; 
ttag +76 2; 
ttag +77 2; 
ttag +78 8; 
ttag +79 1; 
ttag +80 7; 
ttag +81 1; 
ttag +82 3; 
ttag +83 1; 
ttag +84 1; 
ttag +85 7; 
ttag +86 2; 
ttag +87 4; 
ttag +88 2; 
ttag +89 2; 
tread
'Tree with tags' 
(0 (1 ((2 3 )((4 ((5 (6 (7 (8 (9 10 )))))(11 (12 (13 (14 (18 (19 20 ))))))))((15 (16 17 ))((21 (22 (23 (24 25 ))))(26 (27 (28 ((29 (30 31 ))((((32 (35 (36 (37 (38 39 )))))(33 34 ))(47 (45 (44 46 ))))((40 41 )(42 43 ))))))))))))); 
ttag *!; 
ttag +0 ////; 
ttag +1 ////; 
ttag +2 ////; 
ttag +3 ////; 
ttag +4 ////; 
ttag +5 ////; 
ttag +6 ////; 
ttag +7 ////; 
ttag +8 ////; 
ttag +9 ////; 
ttag +10 ////; 
ttag +11 ////; 
ttag +12 ////; 
ttag +13 ////; 
ttag +14 ////; 
ttag +15 ////; 
ttag +16 ////; 
ttag +17 ////; 
ttag +18 ////; 
ttag +19 ////; 
ttag +20 ////; 
ttag +21 ////; 
ttag +22 ////; 
ttag +23 ////; 
ttag +24 ////; 
ttag +25 ////; 
ttag +26 ////; 
ttag +27 ////; 
ttag +28 ////; 
ttag +29 ////; 
ttag +30 ////; 
ttag +31 ////; 
ttag +32 ////; 
ttag +33 ////; 
ttag +34 ////; 
ttag +35 ////; 
ttag +36 ////; 
ttag +37 ////; 
ttag +38 ////; 
ttag +39 ////; 
ttag +40 ////; 
ttag +41 ////; 
ttag +42 ////; 
ttag +43 ////; 
ttag +44 ////; 
ttag +45 ////; 
ttag +46 ////; 
ttag +47 ////; 
ttag +48 ////; 
ttag +49 100/100/100/100/100; 
ttag +50 85/75/75/74/71; 
ttag +51 94/92/86/90/90; 
ttag +52 20/[3]/?/?/?; 
ttag +53 92/90/79/94/81; 
ttag +54 19/10/8/11/9; 
ttag +55 9/[14]/?/?/?; 
ttag +56 45/39/25/40/28; 
ttag +57 42/23/12/19/8; 
ttag +58 98/98/95/99/95; 
ttag +59 75/61/52/64/44; 
ttag +60 16/[7]/?/?/?; 
ttag +61 4/[19]/?/?/?; 
ttag +62 18/[8]/?/?/?; 
ttag +63 80/76/57/81/58; 
ttag +64 86/82/67/87/69; 
ttag +65 19/[4]/?/?/?; 
ttag +66 63/49/37/55/36; 
ttag +67 96/95/90/96/93; 
ttag +68 100/100/98/99/98; 
ttag +69 4/[27]/?/?/?; 
ttag +70 24/6/6/8/12; 
ttag +71 96/95/88/99/90; 
ttag +72 98/98/93/99/98; 
ttag +73 98/98/94/95/92; 
ttag +74 56/49/30/48/38; 
ttag +75 41/33/15/37/24; 
ttag +76 65/58/40/54/44; 
ttag +77 68/55/44/62/47; 
ttag +78 69/59/54/64/60; 
ttag +79 100/100/97/99/98; 
ttag +80 43/22/24/23/13; 
ttag +81 96/96/87/95/92; 
ttag +82 22/[4]/?/?/?; 
ttag +83 46/35/31/28/26; 
ttag +84 89/86/74/89/78; 
ttag +85 49/41/30/36/22; 
ttag +86 61/42/42/50/40; 
ttag +87 98/98/99/99/98; 
ttag +88 87/84/79/89/87; 
ttag +89 37/[4]/?/?/?; 
ttag +90 88/86/73/87/81; 
ttag +91 88/84/74/82/80; 
ttag +92 8/[23]/?/?/?; 
ttag +93 5/[51]/?/?/?; 
ttag +94 65/57/48/64/41; 
