tread
'Tree with tags' 
(0 (1 ((2 3 )(4 (5 ((7 (6 (8 (9 10 ))))(11 ((12 13 )((14 ((15 (16 17 ))(18 (19 20 ))))(21 ((22 (23 (24 25 )))(26 (27 (28 (44 45 46 47 (29 (30 31 ))(32 33 34 (35 (36 (37 38 39 ))))(40 41 (42 43 ))))))))))))))))); 
ttag *!; 
ttag +49 ???; 
ttag +50 3; 
ttag +51 3; 
ttag +52 8; 
ttag +53 3; 
ttag +54 1; 
ttag +55 4; 
ttag +56 2; 
ttag +57 7; 
ttag +58 1; 
ttag +59 2; 
ttag +60 4; 
ttag +61 2; 
ttag +62 2; 
ttag +63 3; 
ttag +64 5; 
ttag +65 2; 
ttag +66 3; 
ttag +67 1; 
ttag +68 4; 
ttag +69 3; 
ttag +70 2; 
ttag +71 4; 
ttag +72 10; 
ttag +73 3; 
ttag +74 1; 
ttag +75 2; 
ttag +76 4; 
ttag +77 5; 
ttag +78 5; 
ttag +79 3; 
ttag +80 6; 
ttag +81 1; 
ttag +82 1; 
ttag +83 4; 
ttag +84 3; 
ttag +85 8; 
tread
'Tree with tags' 
(0 (1 ((2 3 )(4 (5 ((7 (6 (8 (9 10 ))))(11 ((12 13 )((14 ((15 (16 17 ))(18 (19 20 ))))(21 ((22 (23 (24 25 )))(26 (27 (28 ((29 (30 31 ))(45 (44 (47 (46 (((32 (33 34 ))(35 (36 (37 (38 39 )))))(41 (40 (42 43 ))))))))))))))))))))))); 
ttag *!; 
ttag +0 ////; 
ttag +1 ////; 
ttag +2 ////; 
ttag +3 ////; 
ttag +4 ////; 
ttag +5 ////; 
ttag +6 ////; 
ttag +7 ////; 
ttag +8 ////; 
ttag +9 ////; 
ttag +10 ////; 
ttag +11 ////; 
ttag +12 ////; 
ttag +13 ////; 
ttag +14 ////; 
ttag +15 ////; 
ttag +16 ////; 
ttag +17 ////; 
ttag +18 ////; 
ttag +19 ////; 
ttag +20 ////; 
ttag +21 ////; 
ttag +22 ////; 
ttag +23 ////; 
ttag +24 ////; 
ttag +25 ////; 
ttag +26 ////; 
ttag +27 ////; 
ttag +28 ////; 
ttag +29 ////; 
ttag +30 ////; 
ttag +31 ////; 
ttag +32 ////; 
ttag +33 ////; 
ttag +34 ////; 
ttag +35 ////; 
ttag +36 ////; 
ttag +37 ////; 
ttag +38 ////; 
ttag +39 ////; 
ttag +40 ////; 
ttag +41 ////; 
ttag +42 ////; 
ttag +43 ////; 
ttag +44 ////; 
ttag +45 ////; 
ttag +46 ////; 
ttag +47 ////; 
ttag +48 ////; 
ttag +49 100/100/100/100/100; 
ttag +50 60/37/33/45/32; 
ttag +51 86/83/74/78/66; 
ttag +52 97/96/93/99/91; 
ttag +53 55/34/28/42/26; 
ttag +54 46/36/25/41/28; 
ttag +55 72/68/48/77/59; 
ttag +56 46/26/19/33/16; 
ttag +57 99/99/96/99/98; 
ttag +58 48/38/28/38/35; 
ttag +59 35/14/14/28/10; 
ttag +60 90/88/76/87/82; 
ttag +61 28/7/4/15/2; 
ttag +62 68/62/43/74/48; 
ttag +63 50/31/21/39/19; 
ttag +64 96/95/88/96/87; 
ttag +65 65/57/43/64/43; 
ttag +66 74/60/41/72/37; 
ttag +67 55/39/36/34/31; 
ttag +68 97/95/91/95/87; 
ttag +69 56/38/30/51/34; 
ttag +70 56/48/43/52/44; 
ttag +71 80/72/69/79/70; 
ttag +72 100/100/96/99/98; 
ttag +73 97/97/95/95/94; 
ttag +74 42/26/30/35/21; 
ttag +75 55/49/32/46/32; 
ttag +76 72/66/48/65/53; 
ttag +77 92/89/76/89/79; 
ttag +78 88/87/80/89/80; 
ttag +79 88/85/82/86/78; 
ttag +80 28/[23]/?/?/?; 
ttag +81 95/94/82/91/82; 
ttag +82 13/[16]/?/?/?; 
ttag +83 9/[20]/?/?/?; 
ttag +84 22/6/?/8/?; 
ttag +85 25/[7]/?/?/?; 
ttag +86 38/27/22/31/24; 
ttag +87 52/21/33/38/32; 
ttag +88 84/78/65/77/63; 
ttag +89 83/78/66/73/68; 
ttag +90 89/87/80/93/79; 
ttag +91 32/[10]/?/?/?; 
ttag +92 14/[19]/?/?/?; 
ttag +93 83/82/68/80/64; 
ttag +94 100/100/98/100/98; 
