tread
'Tree with tags' 
(0 (1 (2 3 (4 5 (((6 7 )(8 (9 10 )))(11 ((12 13 )((14 21 )(((15 (16 17 ))((28 (26 27 ))((29 (30 31 ))((32 ((33 34 )(35 (36 (37 (38 39 ))))))(44 46 (40 (41 (42 43 )))(45 47 ))))))(22 (23 (24 25 )))))(18 (19 20 ))))))))); 
ttag *!; 
ttag +49 ???; 
ttag +50 3; 
ttag +51 1; 
ttag +52 1; 
ttag +53 1; 
ttag +54 1; 
ttag +55 15; 
ttag +56 1; 
ttag +57 3; 
ttag +58 1; 
ttag +59 2; 
ttag +60 1; 
ttag +61 1; 
ttag +62 8; 
ttag +63 1; 
ttag +64 1; 
ttag +65 3; 
ttag +66 3; 
ttag +67 6; 
ttag +68 8; 
ttag +69 8; 
ttag +70 10; 
ttag +71 3; 
ttag +72 1; 
ttag +73 6; 
ttag +74 8; 
ttag +75 2; 
ttag +76 1; 
ttag +77 4; 
ttag +78 4; 
ttag +79 4; 
ttag +80 4; 
ttag +81 3; 
ttag +82 5; 
ttag +83 5; 
ttag +84 5; 
ttag +85 5; 
ttag +86 1; 
ttag +87 2; 
ttag +88 4; 
ttag +89 1; 
tread
'Tree with tags' 
(0 (1 ((2 3 )(4 (5 (((6 7 )(8 (9 10 )))(11 ((12 13 )(((14 21 )(((15 (16 17 ))((28 (26 27 ))((29 (30 31 ))((32 ((33 34 )(35 (36 (37 (38 39 ))))))((40 (41 (42 43 )))(46 (44 (45 47 ))))))))(22 (23 (24 25 )))))(18 (19 20 ))))))))))); 
ttag *!; 
ttag +0 ////; 
ttag +1 ////; 
ttag +2 ////; 
ttag +3 ////; 
ttag +4 ////; 
ttag +5 ////; 
ttag +6 ////; 
ttag +7 ////; 
ttag +8 ////; 
ttag +9 ////; 
ttag +10 ////; 
ttag +11 ////; 
ttag +12 ////; 
ttag +13 ////; 
ttag +14 ////; 
ttag +15 ////; 
ttag +16 ////; 
ttag +17 ////; 
ttag +18 ////; 
ttag +19 ////; 
ttag +20 ////; 
ttag +21 ////; 
ttag +22 ////; 
ttag +23 ////; 
ttag +24 ////; 
ttag +25 ////; 
ttag +26 ////; 
ttag +27 ////; 
ttag +28 ////; 
ttag +29 ////; 
ttag +30 ////; 
ttag +31 ////; 
ttag +32 ////; 
ttag +33 ////; 
ttag +34 ////; 
ttag +35 ////; 
ttag +36 ////; 
ttag +37 ////; 
ttag +38 ////; 
ttag +39 ////; 
ttag +40 ////; 
ttag +41 ////; 
ttag +42 ////; 
ttag +43 ////; 
ttag +44 ////; 
ttag +45 ////; 
ttag +46 ////; 
ttag +47 ////; 
ttag +48 ////; 
ttag +49 100/100/100/100/100; 
ttag +50 40/[2]/0/?/?; 
ttag +51 92/88/87/91/87; 
ttag +52 71/63/63/66/62; 
ttag +53 22/6/20/8/16; 
ttag +54 72/65/56/63/56; 
ttag +55 43/30/28/36/29; 
ttag +56 43/31/34/39/35; 
ttag +57 100/100/100/100/100; 
ttag +58 62/52/52/58/54; 
ttag +59 84/81/66/81/74; 
ttag +60 47/34/33/42/29; 
ttag +61 71/68/50/62/44; 
ttag +62 29/8/2/13/9; 
ttag +63 8/[34]/?/?/?; 
ttag +64 22/10/8/14/?; 
ttag +65 96/94/92/97/84; 
ttag +66 19/[23]/?/?/?; 
ttag +67 9/[33]/?/?/?; 
ttag +68 84/81/84/87/80; 
ttag +69 91/87/82/87/78; 
ttag +70 99/99/96/98/96; 
ttag +71 98/97/91/96/93; 
ttag +72 96/94/94/97/95; 
ttag +73 99/99/98/100/99; 
ttag +74 76/69/59/65/48; 
ttag +75 12/[25]/?/?/?; 
ttag +76 90/89/76/91/81; 
ttag +77 99/99/96/97/94; 
ttag +78 73/62/59/60/54; 
ttag +79 53/34/18/22/24; 
ttag +80 79/70/65/79/59; 
ttag +81 59/44/46/55/47; 
ttag +82 82/79/74/84/78; 
ttag +83 75/67/56/75/53; 
ttag +84 80/70/65/84/68; 
ttag +85 98/98/91/99/95; 
ttag +86 96/95/88/97/88; 
ttag +87 96/94/90/98/98; 
ttag +88 77/69/69/70/71; 
ttag +89 42/26/23/30/29; 
ttag +90 62/51/47/46/36; 
ttag +91 92/90/77/92/85; 
ttag +92 30/14/8/?/3; 
ttag +93 27/5/2/?/1; 
ttag +94 65/62/50/47/52; 
