tread
'Tree with tags' 
(0 (1 2 3 (4 5 6 7 11 14 (8 (9 10 ))(12 13 )(15 16 17 )(18 (19 20 ))(21 (26 27 (22 (23 (24 25 )))(28 ((29 (30 31 ))(((32 (33 34 ))(35 (36 (37 (38 39 )))))(40 (41 (42 43 )))(44 (45 (46 47 ))))))))))); 
ttag *!; 
ttag +49 ???; 
ttag +50 5; 
ttag +51 4; 
ttag +52 2; 
ttag +53 2; 
ttag +54 8; 
ttag +55 4; 
ttag +56 5; 
ttag +57 1; 
ttag +58 3; 
ttag +59 5; 
ttag +60 4; 
ttag +61 10; 
ttag +62 1; 
ttag +63 5; 
ttag +64 1; 
ttag +65 6; 
ttag +66 1; 
ttag +67 7; 
ttag +68 1; 
ttag +69 4; 
ttag +70 5; 
ttag +71 8; 
ttag +72 7; 
ttag +73 2; 
ttag +74 7; 
ttag +75 3; 
ttag +76 6; 
ttag +77 2; 
ttag +78 2; 
ttag +79 3; 
tread
'Tree with tags' 
(0 ((1 (2 3 ))(((4 (5 (6 7 )))(11 (((12 13 )(21 (26 (27 ((22 (23 (24 25 )))(28 ((29 (30 31 ))(((32 (33 34 ))(35 (36 (37 (38 39 )))))((40 (41 (42 43 )))(44 (45 (46 47 ))))))))))))(14 ((15 (16 17 ))(18 (19 20 )))))))(8 (9 10 ))))); 
ttag *!; 
ttag +0 ////; 
ttag +1 ////; 
ttag +2 ////; 
ttag +3 ////; 
ttag +4 ////; 
ttag +5 ////; 
ttag +6 ////; 
ttag +7 ////; 
ttag +8 ////; 
ttag +9 ////; 
ttag +10 ////; 
ttag +11 ////; 
ttag +12 ////; 
ttag +13 ////; 
ttag +14 ////; 
ttag +15 ////; 
ttag +16 ////; 
ttag +17 ////; 
ttag +18 ////; 
ttag +19 ////; 
ttag +20 ////; 
ttag +21 ////; 
ttag +22 ////; 
ttag +23 ////; 
ttag +24 ////; 
ttag +25 ////; 
ttag +26 ////; 
ttag +27 ////; 
ttag +28 ////; 
ttag +29 ////; 
ttag +30 ////; 
ttag +31 ////; 
ttag +32 ////; 
ttag +33 ////; 
ttag +34 ////; 
ttag +35 ////; 
ttag +36 ////; 
ttag +37 ////; 
ttag +38 ////; 
ttag +39 ////; 
ttag +40 ////; 
ttag +41 ////; 
ttag +42 ////; 
ttag +43 ////; 
ttag +44 ////; 
ttag +45 ////; 
ttag +46 ////; 
ttag +47 ////; 
ttag +48 ////; 
ttag +49 22/[27]/?/?/?; 
ttag +50 100/100/100/100/100; 
ttag +51 67/45/37/37/43; 
ttag +52 13/[12]/?/?/?; 
ttag +53 18/[10]/?/?/?; 
ttag +54 90/87/81/88/77; 
ttag +55 10/[14]/?/?/?; 
ttag +56 23/[1]/1/?/?; 
ttag +57 100/100/97/98/97; 
ttag +58 88/84/84/86/81; 
ttag +59 25/[3]/1/?/?; 
ttag +60 58/54/44/59/41; 
ttag +61 18/2/?/6/0; 
ttag +62 41/30/20/31/26; 
ttag +63 48/36/24/32/28; 
ttag +64 100/100/98/98/97; 
ttag +65 36/0/10/11/3; 
ttag +66 30/8/2/15/?; 
ttag +67 99/99/97/97/95; 
ttag +68 97/96/96/98/94; 
ttag +69 62/52/41/52/49; 
ttag +70 79/76/70/84/70; 
ttag +71 14/[7]/?/?/1; 
ttag +72 24/2/3/?/4; 
ttag +73 92/91/80/94/81; 
ttag +74 94/93/84/93/83; 
ttag +75 100/100/98/100/99; 
ttag +76 35/19/12/26/9; 
ttag +77 78/67/68/71/54; 
ttag +78 30/13/8/24/3; 
ttag +79 98/97/93/96/89; 
ttag +80 25/6/0/8/6; 
ttag +81 97/96/91/95/90; 
ttag +82 24/6/2/11/2; 
ttag +83 68/61/55/72/52; 
ttag +84 98/97/93/99/94; 
ttag +85 100/100/96/98/98; 
ttag +86 99/98/96/99/96; 
ttag +87 74/63/50/68/52; 
ttag +88 96/96/89/95/89; 
ttag +89 40/23/14/26/12; 
ttag +90 80/71/51/71/56; 
ttag +91 95/94/96/96/92; 
ttag +92 80/74/59/72/59; 
ttag +93 50/24/15/26/29; 
ttag +94 82/79/58/74/64; 
