tread
'Tree with tags' 
(0 ((1 (2 3 ))(6 (7 (5 ((4 (8 (9 10 )))(11 ((12 13 )(14 21 ((16 (15 17 ))(18 (19 20 )))((22 (23 (24 25 )))(26 27 (28 (((29 (30 31 ))(41 (40 (42 43 ))))((32 ((33 34 )(35 (36 (39 (37 38 ))))))(47 (46 (44 45 ))))))))))))))))); 
ttag *!; 
ttag +49 1; 
ttag +50 ???; 
ttag +51 3; 
ttag +52 2; 
ttag +53 1; 
ttag +54 1; 
ttag +55 1; 
ttag +56 6; 
ttag +57 4; 
ttag +58 4; 
ttag +59 1; 
ttag +60 1; 
ttag +61 1; 
ttag +62 2; 
ttag +63 4; 
ttag +64 3; 
ttag +65 6; 
ttag +66 5; 
ttag +67 10; 
ttag +68 2; 
ttag +69 3; 
ttag +70 6; 
ttag +71 3; 
ttag +72 7; 
ttag +73 2; 
ttag +74 1; 
ttag +75 1; 
ttag +76 2; 
ttag +77 7; 
ttag +78 7; 
ttag +79 1; 
ttag +80 6; 
ttag +81 3; 
ttag +82 3; 
ttag +83 1; 
ttag +84 1; 
ttag +85 5; 
ttag +86 2; 
ttag +87 5; 
ttag +88 10; 
ttag +89 2; 
ttag +90 3; 
ttag +91 4; 
tread
'Tree with tags' 
(0 ((1 (2 3 ))(6 (7 (5 ((4 (8 (9 10 )))(11 ((12 13 )((21 (14 ((16 (15 17 ))(18 (19 20 )))))((22 (23 (24 25 )))((26 27 )(28 (((29 (30 31 ))(41 (40 (42 43 ))))((32 ((33 34 )(35 (36 (39 (37 38 ))))))(47 (46 (44 45 ))))))))))))))))); 
ttag *!; 
ttag +0 ////; 
ttag +1 ////; 
ttag +2 ////; 
ttag +3 ////; 
ttag +4 ////; 
ttag +5 ////; 
ttag +6 ////; 
ttag +7 ////; 
ttag +8 ////; 
ttag +9 ////; 
ttag +10 ////; 
ttag +11 ////; 
ttag +12 ////; 
ttag +13 ////; 
ttag +14 ////; 
ttag +15 ////; 
ttag +16 ////; 
ttag +17 ////; 
ttag +18 ////; 
ttag +19 ////; 
ttag +20 ////; 
ttag +21 ////; 
ttag +22 ////; 
ttag +23 ////; 
ttag +24 ////; 
ttag +25 ////; 
ttag +26 ////; 
ttag +27 ////; 
ttag +28 ////; 
ttag +29 ////; 
ttag +30 ////; 
ttag +31 ////; 
ttag +32 ////; 
ttag +33 ////; 
ttag +34 ////; 
ttag +35 ////; 
ttag +36 ////; 
ttag +37 ////; 
ttag +38 ////; 
ttag +39 ////; 
ttag +40 ////; 
ttag +41 ////; 
ttag +42 ////; 
ttag +43 ////; 
ttag +44 ////; 
ttag +45 ////; 
ttag +46 ////; 
ttag +47 ////; 
ttag +48 ////; 
ttag +49 19/[20]/?/?/?; 
ttag +50 100/100/100/100/100; 
ttag +51 76/68/64/70/62; 
ttag +52 53/38/28/40/34; 
ttag +53 6/[9]/?/?/?; 
ttag +54 12/[2]/?/?/?; 
ttag +55 17/[14]/?/?/?; 
ttag +56 95/94/80/94/86; 
ttag +57 92/89/86/95/94; 
ttag +58 88/84/75/82/76; 
ttag +59 30/15/15/15/16; 
ttag +60 46/33/22/22/19; 
ttag +61 44/32/23/26/24; 
ttag +62 33/18/9/4/8; 
ttag +63 33/18/11/8/12; 
ttag +64 54/49/35/50/37; 
ttag +65 92/90/82/93/83; 
ttag +66 91/90/86/91/78; 
ttag +67 96/94/93/96/91; 
ttag +68 99/99/97/96/97; 
ttag +69 100/100/100/100/99; 
ttag +70 62/44/43/66/43; 
ttag +71 65/61/54/68/54; 
ttag +72 100/100/100/99/99; 
ttag +73 85/78/80/91/74; 
ttag +74 22/[40]/?/?/?; 
ttag +75 99/98/94/98/94; 
ttag +76 78/71/53/67/56; 
ttag +77 36/11/4/2/5; 
ttag +78 26/3/2/6/3; 
ttag +79 72/65/47/65/47; 
ttag +80 99/99/99/99/100; 
ttag +81 98/97/94/100/93; 
ttag +82 32/12/6/13/7; 
ttag +83 98/98/92/96/89; 
ttag +84 81/72/74/82/62; 
ttag +85 86/84/73/80/69; 
ttag +86 59/45/38/49/40; 
ttag +87 53/48/44/56/46; 
ttag +88 84/80/75/88/79; 
ttag +89 70/60/53/58/50; 
ttag +90 94/93/90/96/87; 
ttag +91 100/100/100/100/100; 
ttag +92 66/48/35/53/37; 
ttag +93 74/64/60/76/67; 
ttag +94 95/95/92/94/90; 
