tread
'Tree with tags' 
(0 (1 ((2 3 )(4 (5 ((6 (7 (8 (9 10 ))))(11 (12 (13 ((21 (14 ((15 (16 17 ))(18 (19 20 )))))((22 (23 (24 25 )))(26 (27 ((28 ((32 (33 34 )(35 (36 (37 (38 39 )))))(44 45 46 47 (40 (41 (42 43 ))))))(29 (30 31 )))))))))))))))); 
ttag *!; 
ttag +49 ???; 
ttag +50 3; 
ttag +51 1; 
ttag +52 4; 
ttag +53 1; 
ttag +54 1; 
ttag +55 1; 
ttag +56 1; 
ttag +57 6; 
ttag +58 1; 
ttag +59 1; 
ttag +60 4; 
ttag +61 1; 
ttag +62 2; 
ttag +63 1; 
ttag +64 2; 
ttag +65 3; 
ttag +66 2; 
ttag +67 1; 
ttag +68 3; 
ttag +69 14; 
ttag +70 5; 
ttag +71 5; 
ttag +72 10; 
ttag +73 5; 
ttag +74 9; 
ttag +75 2; 
ttag +76 1; 
ttag +77 4; 
ttag +78 2; 
ttag +79 4; 
ttag +80 9; 
ttag +81 1; 
ttag +82 4; 
ttag +83 1; 
ttag +84 5; 
ttag +85 7; 
ttag +86 3; 
ttag +87 9; 
ttag +88 2; 
ttag +89 1; 
ttag +90 10; 
tread
'Tree with tags' 
(0 (1 ((2 3 )(4 (5 ((6 (7 (8 (9 10 ))))(11 (12 (13 ((21 (14 ((15 (16 17 ))(18 (19 20 )))))((22 (23 (24 25 )))(26 (27 ((28 (((32 (33 34 ))(35 (36 (37 (38 39 )))))((40 (41 (42 43 )))(46 (44 (45 47 ))))))(29 (30 31 )))))))))))))))); 
ttag *!; 
ttag +0 ////; 
ttag +1 ////; 
ttag +2 ////; 
ttag +3 ////; 
ttag +4 ////; 
ttag +5 ////; 
ttag +6 ////; 
ttag +7 ////; 
ttag +8 ////; 
ttag +9 ////; 
ttag +10 ////; 
ttag +11 ////; 
ttag +12 ////; 
ttag +13 ////; 
ttag +14 ////; 
ttag +15 ////; 
ttag +16 ////; 
ttag +17 ////; 
ttag +18 ////; 
ttag +19 ////; 
ttag +20 ////; 
ttag +21 ////; 
ttag +22 ////; 
ttag +23 ////; 
ttag +24 ////; 
ttag +25 ////; 
ttag +26 ////; 
ttag +27 ////; 
ttag +28 ////; 
ttag +29 ////; 
ttag +30 ////; 
ttag +31 ////; 
ttag +32 ////; 
ttag +33 ////; 
ttag +34 ////; 
ttag +35 ////; 
ttag +36 ////; 
ttag +37 ////; 
ttag +38 ////; 
ttag +39 ////; 
ttag +40 ////; 
ttag +41 ////; 
ttag +42 ////; 
ttag +43 ////; 
ttag +44 ////; 
ttag +45 ////; 
ttag +46 ////; 
ttag +47 ////; 
ttag +48 ////; 
ttag +49 100/100/100/100/100; 
ttag +50 88/84/72/81/79; 
ttag +51 55/42/37/46/41; 
ttag +52 74/69/56/74/61; 
ttag +53 36/7/0/14/9; 
ttag +54 30/12/11/3/8; 
ttag +55 34/16/7/20/10; 
ttag +56 20/[9]/?/?/?; 
ttag +57 91/90/84/93/87; 
ttag +58 66/54/44/45/42; 
ttag +59 24/11/13/16/9; 
ttag +60 57/45/34/60/41; 
ttag +61 16/[24]/?/?/?; 
ttag +62 33/19/8/20/10; 
ttag +63 9/[4]/?/?/?; 
ttag +64 41/29/22/31/24; 
ttag +65 80/70/66/78/72; 
ttag +66 49/38/39/51/33; 
ttag +67 53/44/40/48/39; 
ttag +68 85/83/62/79/64; 
ttag +69 100/100/100/100/100; 
ttag +70 92/90/80/91/85; 
ttag +71 67/61/45/60/48; 
ttag +72 100/100/99/99/98; 
ttag +73 98/98/94/98/96; 
ttag +74 94/92/90/96/92; 
ttag +75 50/21/?/8/3; 
ttag +76 21/[8]/?/?/?; 
ttag +77 68/56/36/60/39; 
ttag +78 54/46/35/48/42; 
ttag +79 96/96/94/98/95; 
ttag +80 36/13/12/14/22; 
ttag +81 95/94/88/96/92; 
ttag +82 16/[14]/?/?/?; 
ttag +83 88/87/78/92/78; 
ttag +84 78/71/60/78/60; 
ttag +85 93/90/83/93/82; 
ttag +86 96/94/87/94/83; 
ttag +87 86/82/76/86/76; 
ttag +88 99/98/96/99/98; 
ttag +89 40/31/24/36/26; 
ttag +90 56/44/26/46/32; 
ttag +91 100/100/100/100/100; 
ttag +92 18/[2]/0/1/?; 
ttag +93 31/5/4/18/4; 
ttag +94 7/[9]/?/?/?; 
