tread
'Tree with tags' 
(0 (1 ((2 3 )(4 (5 (((6 7 )(8 (9 10 )))(11 (((14 (12 (21 ((22 (23 (24 25 )))((26 27 )(28 (((29 (30 31 ))(47 (44 (45 (46 ((40 41 )(42 43 )))))))(32 (33 (34 ((35 36 )(37 (38 39 )))))))))))))(13 (17 (15 16 ))))(18 (19 20 )))))))))); 
ttag *!; 
ttag +49 ???; 
ttag +50 6; 
ttag +51 4; 
ttag +52 4; 
ttag +53 2; 
ttag +54 2; 
ttag +55 2; 
ttag +56 2; 
ttag +57 10; 
ttag +58 2; 
ttag +59 1; 
ttag +60 1; 
ttag +61 1; 
ttag +62 1; 
ttag +63 3; 
ttag +64 1; 
ttag +65 1; 
ttag +66 3; 
ttag +67 4; 
ttag +68 6; 
ttag +69 3; 
ttag +70 2; 
ttag +71 3; 
ttag +72 11; 
ttag +73 8; 
ttag +74 2; 
ttag +75 4; 
ttag +76 3; 
ttag +77 6; 
ttag +78 1; 
ttag +79 6; 
ttag +80 5; 
ttag +81 7; 
ttag +82 3; 
ttag +83 2; 
ttag +84 1; 
ttag +85 8; 
ttag +86 4; 
ttag +87 2; 
ttag +88 1; 
ttag +89 10; 
ttag +90 2; 
ttag +91 1; 
ttag +92 1; 
ttag +93 2; 
ttag +94 7; 
tread
'Tree with tags' 
(0 (1 ((2 3 )(4 (5 (((6 7 )(8 (9 10 )))(11 (((14 (12 (21 ((22 (23 (24 25 )))((26 27 )(28 (((29 (30 31 ))(47 (44 (45 (46 ((40 41 )(42 43 )))))))(32 (33 (34 ((35 36 )(37 (38 39 )))))))))))))(13 (17 (15 16 ))))(18 (19 20 )))))))))); 
ttag *!; 
ttag +0 ////; 
ttag +1 ////; 
ttag +2 ////; 
ttag +3 ////; 
ttag +4 ////; 
ttag +5 ////; 
ttag +6 ////; 
ttag +7 ////; 
ttag +8 ////; 
ttag +9 ////; 
ttag +10 ////; 
ttag +11 ////; 
ttag +12 ////; 
ttag +13 ////; 
ttag +14 ////; 
ttag +15 ////; 
ttag +16 ////; 
ttag +17 ////; 
ttag +18 ////; 
ttag +19 ////; 
ttag +20 ////; 
ttag +21 ////; 
ttag +22 ////; 
ttag +23 ////; 
ttag +24 ////; 
ttag +25 ////; 
ttag +26 ////; 
ttag +27 ////; 
ttag +28 ////; 
ttag +29 ////; 
ttag +30 ////; 
ttag +31 ////; 
ttag +32 ////; 
ttag +33 ////; 
ttag +34 ////; 
ttag +35 ////; 
ttag +36 ////; 
ttag +37 ////; 
ttag +38 ////; 
ttag +39 ////; 
ttag +40 ////; 
ttag +41 ////; 
ttag +42 ////; 
ttag +43 ////; 
ttag +44 ////; 
ttag +45 ////; 
ttag +46 ////; 
ttag +47 ////; 
ttag +48 ////; 
ttag +49 100/100/100/100/100; 
ttag +50 99/98/96/98/96; 
ttag +51 79/68/58/78/59; 
ttag +52 93/90/80/94/79; 
ttag +53 25/8/?/12/?; 
ttag +54 49/42/37/40/22; 
ttag +55 53/48/28/48/20; 
ttag +56 46/36/18/35/16; 
ttag +57 100/100/98/100/98; 
ttag +58 64/44/26/40/29; 
ttag +59 32/22/12/29/11; 
ttag +60 23/12/?/12/6; 
ttag +61 3/[7]/?/?/?; 
ttag +62 12/[31]/?/?/?; 
ttag +63 45/40/23/40/22; 
ttag +64 20/[23]/?/?/?; 
ttag +65 46/13/24/22/20; 
ttag +66 85/79/72/90/82; 
ttag +67 94/92/76/88/78; 
ttag +68 100/100/100/100/99; 
ttag +69 38/29/17/23/14; 
ttag +70 48/20/2/25/5; 
ttag +71 72/62/43/54/42; 
ttag +72 100/100/98/100/98; 
ttag +73 98/98/95/98/93; 
ttag +74 60/43/34/57/32; 
ttag +75 87/85/82/87/77; 
ttag +76 78/72/68/77/70; 
ttag +77 91/88/78/92/82; 
ttag +78 47/26/19/24/19; 
ttag +79 90/88/86/93/86; 
ttag +80 98/98/90/94/89; 
ttag +81 97/97/96/98/95; 
ttag +82 76/71/61/69/63; 
ttag +83 59/40/28/43/30; 
ttag +84 58/40/29/48/26; 
ttag +85 99/98/97/98/95; 
ttag +86 94/93/82/93/80; 
ttag +87 76/68/55/69/47; 
ttag +88 31/2/?/?/?; 
ttag +89 98/98/96/95/95; 
ttag +90 49/28/7/20/9; 
ttag +91 20/[3]/?/?/?; 
ttag +92 30/7/?/6/?; 
ttag +93 60/45/39/42/44; 
ttag +94 100/100/99/98/98; 
