tread
'Tree with tags' 
(0 ((1 (2 3 ))(4 (5 (((6 7 )(9 (8 10 )))(11 ((12 13 )((14 ((15 (16 17 ))(18 (19 20 ))))(21 ((22 (23 (24 25 )))(26 (27 (28 ((29 (30 31 ))((32 (33 34 )(35 36 (37 (38 39 ))))((40 41 (42 43 ))(44 45 46 47 ))))))))))))))))); 
ttag *!; 
ttag +49 2; 
ttag +50 ???; 
ttag +51 7; 
ttag +52 6; 
ttag +53 4; 
ttag +54 2; 
ttag +55 2; 
ttag +56 3; 
ttag +57 1; 
ttag +58 9; 
ttag +59 3; 
ttag +60 2; 
ttag +61 3; 
ttag +62 1; 
ttag +63 1; 
ttag +64 3; 
ttag +65 5; 
ttag +66 6; 
ttag +67 8; 
ttag +68 13; 
ttag +69 1; 
ttag +70 4; 
ttag +71 1; 
ttag +72 7; 
ttag +73 5; 
ttag +74 9; 
ttag +75 2; 
ttag +76 5; 
ttag +77 4; 
ttag +78 4; 
ttag +79 2; 
ttag +80 12; 
ttag +81 1; 
ttag +82 2; 
ttag +83 1; 
ttag +84 7; 
ttag +85 3; 
ttag +86 4; 
ttag +87 1; 
ttag +88 9; 
ttag +89 5; 
tread
'Tree with tags' 
(0 ((1 (2 3 ))(4 (5 (((6 7 )(9 (8 10 )))(11 ((12 13 )((14 ((15 (16 17 ))(18 (19 20 ))))(21 ((22 (23 (24 25 )))(26 (27 (28 ((29 (30 31 ))((32 ((33 34 )(36 (35 (37 (38 39 ))))))((40 (41 (42 43 )))((44 47 )(45 46 )))))))))))))))))); 
ttag *!; 
ttag +0 ////; 
ttag +1 ////; 
ttag +2 ////; 
ttag +3 ////; 
ttag +4 ////; 
ttag +5 ////; 
ttag +6 ////; 
ttag +7 ////; 
ttag +8 ////; 
ttag +9 ////; 
ttag +10 ////; 
ttag +11 ////; 
ttag +12 ////; 
ttag +13 ////; 
ttag +14 ////; 
ttag +15 ////; 
ttag +16 ////; 
ttag +17 ////; 
ttag +18 ////; 
ttag +19 ////; 
ttag +20 ////; 
ttag +21 ////; 
ttag +22 ////; 
ttag +23 ////; 
ttag +24 ////; 
ttag +25 ////; 
ttag +26 ////; 
ttag +27 ////; 
ttag +28 ////; 
ttag +29 ////; 
ttag +30 ////; 
ttag +31 ////; 
ttag +32 ////; 
ttag +33 ////; 
ttag +34 ////; 
ttag +35 ////; 
ttag +36 ////; 
ttag +37 ////; 
ttag +38 ////; 
ttag +39 ////; 
ttag +40 ////; 
ttag +41 ////; 
ttag +42 ////; 
ttag +43 ////; 
ttag +44 ////; 
ttag +45 ////; 
ttag +46 ////; 
ttag +47 ////; 
ttag +48 ////; 
ttag +49 67/59/38/55/43; 
ttag +50 100/100/100/100/100; 
ttag +51 97/96/94/98/95; 
ttag +52 92/89/80/93/78; 
ttag +53 85/82/62/80/58; 
ttag +54 74/70/64/71/58; 
ttag +55 37/22/2/24/?; 
ttag +56 68/64/49/68/50; 
ttag +57 53/48/38/38/33; 
ttag +58 98/98/94/99/97; 
ttag +59 46/39/25/43/25; 
ttag +60 68/64/55/68/53; 
ttag +61 48/34/28/35/16; 
ttag +62 28/21/12/22/12; 
ttag +63 22/12/11/20/13; 
ttag +64 84/79/72/84/77; 
ttag +65 78/74/65/81/65; 
ttag +66 99/99/93/99/94; 
ttag +67 100/100/97/100/95; 
ttag +68 100/100/100/100/100; 
ttag +69 5/[5]/?/?/?; 
ttag +70 86/83/75/84/70; 
ttag +71 22/13/10/18/10; 
ttag +72 99/99/97/98/96; 
ttag +73 96/94/89/95/88; 
ttag +74 97/97/92/96/90; 
ttag +75 76/69/58/74/51; 
ttag +76 93/92/84/91/78; 
ttag +77 98/98/96/97/95; 
ttag +78 97/96/92/98/91; 
ttag +79 92/92/87/88/86; 
ttag +80 100/100/100/100/100; 
ttag +81 56/39/31/39/24; 
ttag +82 82/78/79/80/78; 
ttag +83 24/[8]/?/?/?; 
ttag +84 16/[36]/?/?/?; 
ttag +85 79/78/67/71/70; 
ttag +86 98/98/91/99/98; 
ttag +87 88/83/70/81/72; 
ttag +88 94/92/85/90/85; 
ttag +89 62/52/37/52/46; 
ttag +90 55/27/8/31/28; 
ttag +91 100/100/99/99/100; 
ttag +92 30/2/?/8/5; 
ttag +93 94/93/86/94/80; 
ttag +94 43/29/21/24/22; 
