tread
'Tree with tags' 
(0 (1 ((2 3 )(4 (5 (6 7 )(8 (9 10 ))(11 (14 (21 (12 13 ))(15 16 17 )(18 (19 20 ))((22 (23 (24 25 )))((26 27 )(28 ((29 (30 31 ))(((32 (35 (36 (37 (38 39 )))))(33 34 ))((40 (41 (42 43 )))(46 (45 (44 47 )))))))))))))))); 
ttag *!; 
ttag +49 ???; 
ttag +50 7; 
ttag +51 3; 
ttag +52 8; 
ttag +53 3; 
ttag +54 1; 
ttag +55 11; 
ttag +56 3; 
ttag +57 2; 
ttag +58 1; 
ttag +59 1; 
ttag +60 2; 
ttag +61 5; 
ttag +62 3; 
ttag +63 14; 
ttag +64 5; 
ttag +65 3; 
ttag +66 5; 
ttag +67 6; 
ttag +68 2; 
ttag +69 8; 
ttag +70 4; 
ttag +71 6; 
ttag +72 4; 
ttag +73 5; 
ttag +74 1; 
ttag +75 3; 
ttag +76 2; 
ttag +77 6; 
ttag +78 4; 
ttag +79 2; 
ttag +80 10; 
ttag +81 2; 
ttag +82 3; 
ttag +83 2; 
ttag +84 4; 
ttag +85 11; 
ttag +86 2; 
ttag +87 3; 
ttag +88 2; 
tread
'Tree with tags' 
(0 (1 ((2 3 )(4 ((5 ((6 7 )(11 (14 (((21 (12 13 ))((22 (23 (24 25 )))((26 27 )(28 ((29 (30 31 ))(((32 (35 (36 (37 (38 39 )))))(33 34 ))((40 (41 (42 43 )))(46 (45 (44 47 ))))))))))((16 (15 17 ))(18 (19 20 ))))))))(8 (9 10 ))))))); 
ttag *!; 
ttag +0 ////; 
ttag +1 ////; 
ttag +2 ////; 
ttag +3 ////; 
ttag +4 ////; 
ttag +5 ////; 
ttag +6 ////; 
ttag +7 ////; 
ttag +8 ////; 
ttag +9 ////; 
ttag +10 ////; 
ttag +11 ////; 
ttag +12 ////; 
ttag +13 ////; 
ttag +14 ////; 
ttag +15 ////; 
ttag +16 ////; 
ttag +17 ////; 
ttag +18 ////; 
ttag +19 ////; 
ttag +20 ////; 
ttag +21 ////; 
ttag +22 ////; 
ttag +23 ////; 
ttag +24 ////; 
ttag +25 ////; 
ttag +26 ////; 
ttag +27 ////; 
ttag +28 ////; 
ttag +29 ////; 
ttag +30 ////; 
ttag +31 ////; 
ttag +32 ////; 
ttag +33 ////; 
ttag +34 ////; 
ttag +35 ////; 
ttag +36 ////; 
ttag +37 ////; 
ttag +38 ////; 
ttag +39 ////; 
ttag +40 ////; 
ttag +41 ////; 
ttag +42 ////; 
ttag +43 ////; 
ttag +44 ////; 
ttag +45 ////; 
ttag +46 ////; 
ttag +47 ////; 
ttag +48 ////; 
ttag +49 100/100/100/100/100; 
ttag +50 99/98/96/98/99; 
ttag +51 72/56/44/68/49; 
ttag +52 98/96/95/98/96; 
ttag +53 16/[6]/?/?/?; 
ttag +54 66/54/34/48/31; 
ttag +55 74/64/56/57/54; 
ttag +56 6/[16]/?/?/?; 
ttag +57 100/100/98/100/98; 
ttag +58 98/98/94/97/93; 
ttag +59 55/42/29/41/24; 
ttag +60 35/29/25/32/25; 
ttag +61 15/9/5/6/4; 
ttag +62 14/8/1/4/4; 
ttag +63 4/[16]/?/?/?; 
ttag +64 54/50/33/46/38; 
ttag +65 33/[2]/?/?/?; 
ttag +66 97/97/94/99/94; 
ttag +67 26/6/0/5/?; 
ttag +68 81/78/70/80/59; 
ttag +69 100/100/100/100/100; 
ttag +70 86/82/67/83/74; 
ttag +71 52/46/33/49/35; 
ttag +72 96/96/85/95/94; 
ttag +73 96/94/89/94/85; 
ttag +74 68/61/49/51/40; 
ttag +75 91/90/77/91/80; 
ttag +76 79/74/47/70/55; 
ttag +77 92/89/74/88/76; 
ttag +78 76/71/49/73/55; 
ttag +79 99/99/94/99/95; 
ttag +80 40/17/14/14/14; 
ttag +81 78/74/60/74/67; 
ttag +82 65/59/34/52/39; 
ttag +83 98/98/95/96/94; 
ttag +84 86/84/73/83/75; 
ttag +85 82/80/54/73/57; 
ttag +86 100/100/98/100/98; 
ttag +87 75/66/48/64/44; 
ttag +88 81/78/62/76/61; 
ttag +89 54/44/31/45/42; 
ttag +90 90/88/70/89/66; 
ttag +91 100/100/100/100/99; 
ttag +92 70/66/54/51/49; 
ttag +93 71/67/62/61/56; 
ttag +94 66/55/48/52/40; 
