tread
'Tree with tags' 
(0 (1 (4 (2 3 )(5 11 (6 7 (8 (9 10 )))((12 13 )(21 ((14 (18 (19 20 ))((22 (23 (24 25 )))((26 27 )(28 (((47 (29 (30 31 )))((32 ((33 34 )(35 (36 (37 (38 39 ))))))(46 (44 45 ))))(40 (41 (42 43 ))))))))(15 (16 17 ))))))))); 
ttag *!; 
ttag +49 ???; 
ttag +50 4; 
ttag +51 1; 
ttag +52 1; 
ttag +53 3; 
ttag +54 9; 
ttag +55 5; 
ttag +56 2; 
ttag +57 2; 
ttag +58 1; 
ttag +59 1; 
ttag +60 2; 
ttag +61 9; 
ttag +62 3; 
ttag +63 5; 
ttag +64 12; 
ttag +65 3; 
ttag +66 5; 
ttag +67 11; 
ttag +68 5; 
ttag +69 1; 
ttag +70 6; 
ttag +71 2; 
ttag +72 5; 
ttag +73 1; 
ttag +74 1; 
ttag +75 2; 
ttag +76 6; 
ttag +77 4; 
ttag +78 1; 
ttag +79 7; 
ttag +80 1; 
ttag +81 1; 
ttag +82 1; 
ttag +83 5; 
ttag +84 2; 
ttag +85 8; 
ttag +86 2; 
ttag +87 11; 
ttag +88 1; 
ttag +89 1; 
tread
'Tree with tags' 
(0 (1 ((2 3 )(4 (5 (((6 7 )(8 (9 10 )))(11 ((12 13 )(21 ((14 ((18 (19 20 ))((22 (23 (24 25 )))((26 27 )(28 (((47 (29 (30 31 )))((32 ((33 34 )(35 (36 (37 (38 39 ))))))(46 (44 45 ))))(40 (41 (42 43 )))))))))(15 (16 17 )))))))))))); 
ttag *!; 
ttag +0 ////; 
ttag +1 ////; 
ttag +2 ////; 
ttag +3 ////; 
ttag +4 ////; 
ttag +5 ////; 
ttag +6 ////; 
ttag +7 ////; 
ttag +8 ////; 
ttag +9 ////; 
ttag +10 ////; 
ttag +11 ////; 
ttag +12 ////; 
ttag +13 ////; 
ttag +14 ////; 
ttag +15 ////; 
ttag +16 ////; 
ttag +17 ////; 
ttag +18 ////; 
ttag +19 ////; 
ttag +20 ////; 
ttag +21 ////; 
ttag +22 ////; 
ttag +23 ////; 
ttag +24 ////; 
ttag +25 ////; 
ttag +26 ////; 
ttag +27 ////; 
ttag +28 ////; 
ttag +29 ////; 
ttag +30 ////; 
ttag +31 ////; 
ttag +32 ////; 
ttag +33 ////; 
ttag +34 ////; 
ttag +35 ////; 
ttag +36 ////; 
ttag +37 ////; 
ttag +38 ////; 
ttag +39 ////; 
ttag +40 ////; 
ttag +41 ////; 
ttag +42 ////; 
ttag +43 ////; 
ttag +44 ////; 
ttag +45 ////; 
ttag +46 ////; 
ttag +47 ////; 
ttag +48 ////; 
ttag +49 100/100/100/100/100; 
ttag +50 94/92/91/92/85; 
ttag +51 79/68/54/61/60; 
ttag +52 22/[2]/3/?/?; 
ttag +53 60/54/46/54/41; 
ttag +54 12/[26]/?/?/?; 
ttag +55 61/55/47/67/41; 
ttag +56 10/[20]/?/?/?; 
ttag +57 100/100/100/99/99; 
ttag +58 98/98/98/99/95; 
ttag +59 40/9/4/12/8; 
ttag +60 76/72/61/68/66; 
ttag +61 79/76/60/70/54; 
ttag +62 22/[3]/?/?/?; 
ttag +63 18/2/?/?/?; 
ttag +64 78/75/62/78/70; 
ttag +65 99/99/96/100/97; 
ttag +66 94/90/81/90/86; 
ttag +67 90/86/75/89/74; 
ttag +68 24/[6]/?/?/?; 
ttag +69 100/100/100/100/100; 
ttag +70 62/52/46/62/37; 
ttag +71 84/81/66/84/68; 
ttag +72 99/99/100/100/98; 
ttag +73 94/91/92/97/88; 
ttag +74 18/[18]/?/?/?; 
ttag +75 85/82/69/85/75; 
ttag +76 60/52/43/60/49; 
ttag +77 95/94/89/97/94; 
ttag +78 12/[48]/?/?/?; 
ttag +79 28/15/11/18/10; 
ttag +80 58/50/44/56/52; 
ttag +81 94/92/91/94/92; 
ttag +82 83/82/69/81/70; 
ttag +83 16/[45]/?/?/?; 
ttag +84 97/97/93/99/92; 
ttag +85 28/[6]/2/2/11; 
ttag +86 61/52/37/44/42; 
ttag +87 62/53/42/44/48; 
ttag +88 98/97/86/94/88; 
ttag +89 64/53/48/65/54; 
ttag +90 94/94/85/93/86; 
ttag +91 75/68/56/69/65; 
ttag +92 100/100/98/99/99; 
ttag +93 58/44/33/43/36; 
ttag +94 71/60/56/63/52; 
