tread
'Tree with tags' 
(0 (1 ((2 3 )(4 5 11 ((6 7 )(8 9 10 ))(12 13 14 21 (15 (16 17 ))(18 (19 20 ))((22 (23 (24 25 )))(26 27 28 29 (30 31 )(((32 (35 (36 (37 (38 39 )))))(33 34 ))(45 (47 (44 46 ))))((40 41 )(42 43 ))))))))); 
ttag *!; 
ttag +49 ???; 
ttag +50 4; 
ttag +51 3; 
ttag +52 2; 
ttag +53 1; 
ttag +54 3; 
ttag +55 9; 
ttag +56 3; 
ttag +57 7; 
ttag +58 5; 
ttag +59 7; 
ttag +60 10; 
ttag +61 4; 
ttag +62 2; 
ttag +63 2; 
ttag +64 7; 
ttag +65 2; 
ttag +66 1; 
ttag +67 2; 
ttag +68 7; 
ttag +69 3; 
ttag +70 3; 
ttag +71 5; 
ttag +72 4; 
ttag +73 5; 
ttag +74 2; 
ttag +75 3; 
ttag +76 4; 
ttag +77 10; 
ttag +78 1; 
ttag +79 1; 
ttag +80 2; 
tread
'Tree with tags' 
(0 (1 ((2 3 )(11 ((4 (5 ((12 (13 14 ))((21 ((15 (16 17 ))(18 (19 20 ))))((22 (23 (24 25 )))(26 (27 (28 (((29 (30 31 ))(((32 (35 (36 (37 (38 39 )))))(33 34 ))(45 (47 (44 46 )))))((40 41 )(42 43 )))))))))))((6 7 )(8 (9 10 )))))))); 
ttag *!; 
ttag +0 ////; 
ttag +1 ////; 
ttag +2 ////; 
ttag +3 ////; 
ttag +4 ////; 
ttag +5 ////; 
ttag +6 ////; 
ttag +7 ////; 
ttag +8 ////; 
ttag +9 ////; 
ttag +10 ////; 
ttag +11 ////; 
ttag +12 ////; 
ttag +13 ////; 
ttag +14 ////; 
ttag +15 ////; 
ttag +16 ////; 
ttag +17 ////; 
ttag +18 ////; 
ttag +19 ////; 
ttag +20 ////; 
ttag +21 ////; 
ttag +22 ////; 
ttag +23 ////; 
ttag +24 ////; 
ttag +25 ////; 
ttag +26 ////; 
ttag +27 ////; 
ttag +28 ////; 
ttag +29 ////; 
ttag +30 ////; 
ttag +31 ////; 
ttag +32 ////; 
ttag +33 ////; 
ttag +34 ////; 
ttag +35 ////; 
ttag +36 ////; 
ttag +37 ////; 
ttag +38 ////; 
ttag +39 ////; 
ttag +40 ////; 
ttag +41 ////; 
ttag +42 ////; 
ttag +43 ////; 
ttag +44 ////; 
ttag +45 ////; 
ttag +46 ////; 
ttag +47 ////; 
ttag +48 ////; 
ttag +49 100/100/100/100/100; 
ttag +50 89/84/80/87/81; 
ttag +51 62/48/33/58/48; 
ttag +52 3/[20]/?/?/?; 
ttag +53 6/[16]/?/?/?; 
ttag +54 39/26/9/32/22; 
ttag +55 10/[12]/?/?/?; 
ttag +56 68/57/50/58/44; 
ttag +57 72/58/42/60/54; 
ttag +58 99/99/98/98/100; 
ttag +59 28/[17]/?/?/?; 
ttag +60 18/[4]/?/?/3; 
ttag +61 70/60/37/66/44; 
ttag +62 13/[10]/?/?/?; 
ttag +63 100/100/100/100/98; 
ttag +64 24/0/0/2/4; 
ttag +65 11/[14]/?/?/?; 
ttag +66 25/6/?/14/?; 
ttag +67 91/87/80/91/75; 
ttag +68 99/98/96/98/97; 
ttag +69 100/100/100/100/100; 
ttag +70 97/96/96/96/92; 
ttag +71 68/63/50/59/57; 
ttag +72 73/62/55/63/59; 
ttag +73 100/100/98/100/97; 
ttag +74 44/29/26/31/19; 
ttag +75 36/20/25/27/13; 
ttag +76 20/5/9/6/?; 
ttag +77 38/31/29/31/26; 
ttag +78 11/[4]/?/?/?; 
ttag +79 9/[6]/1/?/?; 
ttag +80 51/31/21/43/33; 
ttag +81 53/39/23/34/36; 
ttag +82 93/92/82/94/82; 
ttag +83 22/12/3/14/3; 
ttag +84 78/72/69/75/61; 
ttag +85 85/78/64/79/67; 
ttag +86 87/81/63/81/64; 
ttag +87 86/80/62/82/69; 
ttag +88 72/66/50/70/59; 
ttag +89 67/57/48/64/52; 
ttag +90 68/63/48/64/48; 
ttag +91 99/99/99/100/99; 
ttag +92 14/[12]/?/?/?; 
ttag +93 10/[22]/?/?/?; 
ttag +94 47/39/27/38/31; 
