tread
'Tree with tags' 
(0 (1 2 3 (4 5 (6 7 )(8 (9 10 ))(11 ((12 13 )(14 21 (15 (16 17 ))(18 (19 20 ))((22 (23 (24 25 )))(29 (26 27 28 )(30 31 )(32 ((33 34 )(35 36 (37 (38 39 )))))(40 (41 (42 43 )))(46 47 (44 45 )))))))))); 
ttag *!; 
ttag +49 ???; 
ttag +50 5; 
ttag +51 1; 
ttag +52 9; 
ttag +53 1; 
ttag +54 1; 
ttag +55 3; 
ttag +56 1; 
ttag +57 1; 
ttag +58 4; 
ttag +59 3; 
ttag +60 1; 
ttag +61 12; 
ttag +62 2; 
ttag +63 4; 
ttag +64 6; 
ttag +65 1; 
ttag +66 1; 
ttag +67 6; 
ttag +68 5; 
ttag +69 3; 
ttag +70 1; 
ttag +71 1; 
ttag +72 4; 
ttag +73 1; 
ttag +74 3; 
ttag +75 3; 
ttag +76 1; 
ttag +77 2; 
ttag +78 1; 
ttag +79 6; 
tread
'Tree with tags' 
(0 ((1 (5 (((4 (8 (9 10 )))(6 7 ))(11 ((12 13 )(21 (((14 ((22 (23 (24 25 )))((((29 ((28 (26 27 ))(32 ((33 34 )((35 36 )(37 (38 39 )))))))(30 31 ))(40 (41 (42 43 ))))(47 (46 (44 45 ))))))(18 (19 20 )))(15 (16 17 )))))))))(2 3 ))); 
ttag *!; 
ttag +0 ////; 
ttag +1 ////; 
ttag +2 ////; 
ttag +3 ////; 
ttag +4 ////; 
ttag +5 ////; 
ttag +6 ////; 
ttag +7 ////; 
ttag +8 ////; 
ttag +9 ////; 
ttag +10 ////; 
ttag +11 ////; 
ttag +12 ////; 
ttag +13 ////; 
ttag +14 ////; 
ttag +15 ////; 
ttag +16 ////; 
ttag +17 ////; 
ttag +18 ////; 
ttag +19 ////; 
ttag +20 ////; 
ttag +21 ////; 
ttag +22 ////; 
ttag +23 ////; 
ttag +24 ////; 
ttag +25 ////; 
ttag +26 ////; 
ttag +27 ////; 
ttag +28 ////; 
ttag +29 ////; 
ttag +30 ////; 
ttag +31 ////; 
ttag +32 ////; 
ttag +33 ////; 
ttag +34 ////; 
ttag +35 ////; 
ttag +36 ////; 
ttag +37 ////; 
ttag +38 ////; 
ttag +39 ////; 
ttag +40 ////; 
ttag +41 ////; 
ttag +42 ////; 
ttag +43 ////; 
ttag +44 ////; 
ttag +45 ////; 
ttag +46 ////; 
ttag +47 ////; 
ttag +48 ////; 
ttag +49 24/[3]/?/?/?; 
ttag +50 100/100/100/100/100; 
ttag +51 29/1/9/8/14; 
ttag +52 13/[29]/?/?/?; 
ttag +53 29/[8]/?/?/?; 
ttag +54 32/[5]/?/?/?; 
ttag +55 88/84/76/79/70; 
ttag +56 71/69/61/63/62; 
ttag +57 100/100/99/100/97; 
ttag +58 53/27/28/36/34; 
ttag +59 56/52/44/52/36; 
ttag +60 74/72/65/81/68; 
ttag +61 42/22/32/32/14; 
ttag +62 5/[34]/?/?/?; 
ttag +63 4/[34]/?/?/?; 
ttag +64 10/[29]/?/?/?; 
ttag +65 47/41/28/43/23; 
ttag +66 96/94/86/92/84; 
ttag +67 89/86/73/85/67; 
ttag +68 67/60/52/62/54; 
ttag +69 100/100/100/100/99; 
ttag +70 75/68/50/67/50; 
ttag +71 80/76/67/77/62; 
ttag +72 96/96/93/97/95; 
ttag +73 70/54/40/60/55; 
ttag +74 63/45/46/54/52; 
ttag +75 55/41/26/31/26; 
ttag +76 6/[21]/?/?/?; 
ttag +77 1/[26]/?/?/?; 
ttag +78 8/[19]/?/?/?; 
ttag +79 18/[9]/?/?/1; 
ttag +80 95/93/84/94/84; 
ttag +81 97/96/93/95/92; 
ttag +82 81/74/55/71/64; 
ttag +83 57/44/34/44/31; 
ttag +84 44/32/23/33/22; 
ttag +85 0/[39]/?/?/?; 
ttag +86 84/79/70/79/71; 
ttag +87 59/36/41/49/34; 
ttag +88 96/96/88/93/88; 
ttag +89 87/85/76/91/78; 
ttag +90 67/54/46/48/33; 
ttag +91 70/51/45/52/52; 
ttag +92 61/46/47/46/49; 
ttag +93 50/26/23/30/24; 
ttag +94 88/86/81/92/79; 
