tread
'Tree with tags' 
(0 (1 ((2 3 )(4 5 11 (6 7 )(8 (9 10 ))(12 13 (14 ((15 (16 17 ))(18 (19 20 ))))(21 (26 (27 (((((22 (23 (24 25 )))(40 (41 (42 43 ))))(44 45 46 47 ))((32 (35 (36 (37 (38 39 )))))(33 34 )))(28 (29 (30 31 )))))))))))); 
ttag *!; 
ttag +49 ???; 
ttag +50 6; 
ttag +51 4; 
ttag +52 3; 
ttag +53 1; 
ttag +54 5; 
ttag +55 1; 
ttag +56 1; 
ttag +57 1; 
ttag +58 6; 
ttag +59 1; 
ttag +60 4; 
ttag +61 3; 
ttag +62 10; 
ttag +63 3; 
ttag +64 10; 
ttag +65 1; 
ttag +66 1; 
ttag +67 1; 
ttag +68 1; 
ttag +69 1; 
ttag +70 1; 
ttag +71 3; 
ttag +72 5; 
ttag +73 1; 
ttag +74 9; 
ttag +75 4; 
ttag +76 2; 
ttag +77 9; 
ttag +78 6; 
ttag +79 2; 
ttag +80 3; 
ttag +81 2; 
ttag +82 2; 
ttag +83 3; 
ttag +84 6; 
ttag +85 9; 
ttag +86 3; 
tread
'Tree with tags' 
(0 (1 ((2 3 )((5 ((4 (11 (((12 13 )(14 ((15 (16 17 ))(18 (19 20 )))))(21 (26 (27 (((((22 (23 (24 25 )))(40 (41 (42 43 ))))(44 (45 (46 47 ))))((32 (35 (36 (37 (38 39 )))))(33 34 )))(28 (29 (30 31 ))))))))))(6 7 )))(8 (9 10 )))))); 
ttag *!; 
ttag +0 ////; 
ttag +1 ////; 
ttag +2 ////; 
ttag +3 ////; 
ttag +4 ////; 
ttag +5 ////; 
ttag +6 ////; 
ttag +7 ////; 
ttag +8 ////; 
ttag +9 ////; 
ttag +10 ////; 
ttag +11 ////; 
ttag +12 ////; 
ttag +13 ////; 
ttag +14 ////; 
ttag +15 ////; 
ttag +16 ////; 
ttag +17 ////; 
ttag +18 ////; 
ttag +19 ////; 
ttag +20 ////; 
ttag +21 ////; 
ttag +22 ////; 
ttag +23 ////; 
ttag +24 ////; 
ttag +25 ////; 
ttag +26 ////; 
ttag +27 ////; 
ttag +28 ////; 
ttag +29 ////; 
ttag +30 ////; 
ttag +31 ////; 
ttag +32 ////; 
ttag +33 ////; 
ttag +34 ////; 
ttag +35 ////; 
ttag +36 ////; 
ttag +37 ////; 
ttag +38 ////; 
ttag +39 ////; 
ttag +40 ////; 
ttag +41 ////; 
ttag +42 ////; 
ttag +43 ////; 
ttag +44 ////; 
ttag +45 ////; 
ttag +46 ////; 
ttag +47 ////; 
ttag +48 ////; 
ttag +49 100/100/100/100/100; 
ttag +50 98/98/98/98/98; 
ttag +51 92/90/78/85/78; 
ttag +52 2/[28]/?/?/?; 
ttag +53 11/[19]/?/?/?; 
ttag +54 26/[4]/?/?/?; 
ttag +55 76/66/57/74/63; 
ttag +56 50/43/34/43/40; 
ttag +57 95/94/87/96/85; 
ttag +58 38/9/4/24/8; 
ttag +59 44/14/12/18/7; 
ttag +60 28/16/9/19/17; 
ttag +61 16/[8]/?/?/?; 
ttag +62 54/51/45/50/37; 
ttag +63 40/22/6/20/10; 
ttag +64 98/97/92/96/95; 
ttag +65 49/35/16/36/27; 
ttag +66 86/84/76/87/76; 
ttag +67 80/78/65/76/73; 
ttag +68 100/100/99/100/100; 
ttag +69 62/58/40/48/46; 
ttag +70 99/98/95/99/95; 
ttag +71 9/[25]/?/?/?; 
ttag +72 12/[22]/?/?/?; 
ttag +73 38/4/?/?/?; 
ttag +74 38/4/?/?/?; 
ttag +75 42/7/?/?/?; 
ttag +76 67/54/45/49/47; 
ttag +77 80/70/80/72/63; 
ttag +78 97/96/90/96/92; 
ttag +79 64/58/36/49/38; 
ttag +80 100/100/93/98/97; 
ttag +81 96/95/88/93/92; 
ttag +82 70/60/40/65/33; 
ttag +83 99/98/92/99/92; 
ttag +84 99/99/96/100/97; 
ttag +85 61/51/29/60/29; 
ttag +86 71/64/42/69/44; 
ttag +87 52/41/22/44/28; 
ttag +88 71/66/53/73/54; 
ttag +89 83/79/64/82/65; 
ttag +90 93/92/81/94/84; 
ttag +91 100/100/99/100/99; 
ttag +92 80/76/62/84/66; 
ttag +93 12/[21]/?/?/?; 
ttag +94 10/[24]/?/?/?; 
