tread
'Tree with tags' 
(0 (1 ((2 3 )(11 ((4 ((15 (16 17 ))(18 (19 20 ))))(((5 (8 (9 10 )))(6 7 ))((12 13 )((14 21 )((22 (23 (24 25 )))(26 (27 (28 ((((29 (30 31 ))(32 ((33 34 )(35 (36 (37 (38 39 )))))))(46 (44 45 )))(47 ((40 41 )(42 43 )))))))))))))))); 
ttag *!; 
ttag +49 ???; 
ttag +50 6; 
ttag +51 4; 
ttag +52 2; 
ttag +53 2; 
ttag +54 2; 
ttag +55 1; 
ttag +56 2; 
ttag +57 1; 
ttag +58 3; 
ttag +59 12; 
ttag +60 3; 
ttag +61 5; 
ttag +62 2; 
ttag +63 1; 
ttag +64 1; 
ttag +65 9; 
ttag +66 4; 
ttag +67 3; 
ttag +68 8; 
ttag +69 8; 
ttag +70 1; 
ttag +71 1; 
ttag +72 3; 
ttag +73 5; 
ttag +74 6; 
ttag +75 1; 
ttag +76 1; 
ttag +77 8; 
ttag +78 1; 
ttag +79 1; 
ttag +80 2; 
ttag +81 7; 
ttag +82 3; 
ttag +83 2; 
ttag +84 3; 
ttag +85 7; 
ttag +86 6; 
ttag +87 4; 
ttag +88 2; 
ttag +89 1; 
ttag +90 7; 
ttag +91 1; 
ttag +92 9; 
ttag +93 1; 
ttag +94 1; 
tread
'Tree with tags' 
(0 (1 ((2 3 )(11 ((4 ((15 (16 17 ))(18 (19 20 ))))(((5 (8 (9 10 )))(6 7 ))((12 13 )((14 21 )((22 (23 (24 25 )))(26 (27 (28 ((((29 (30 31 ))(32 ((33 34 )(35 (36 (37 (38 39 )))))))(46 (44 45 )))(47 ((40 41 )(42 43 )))))))))))))))); 
ttag *!; 
ttag +0 ////; 
ttag +1 ////; 
ttag +2 ////; 
ttag +3 ////; 
ttag +4 ////; 
ttag +5 ////; 
ttag +6 ////; 
ttag +7 ////; 
ttag +8 ////; 
ttag +9 ////; 
ttag +10 ////; 
ttag +11 ////; 
ttag +12 ////; 
ttag +13 ////; 
ttag +14 ////; 
ttag +15 ////; 
ttag +16 ////; 
ttag +17 ////; 
ttag +18 ////; 
ttag +19 ////; 
ttag +20 ////; 
ttag +21 ////; 
ttag +22 ////; 
ttag +23 ////; 
ttag +24 ////; 
ttag +25 ////; 
ttag +26 ////; 
ttag +27 ////; 
ttag +28 ////; 
ttag +29 ////; 
ttag +30 ////; 
ttag +31 ////; 
ttag +32 ////; 
ttag +33 ////; 
ttag +34 ////; 
ttag +35 ////; 
ttag +36 ////; 
ttag +37 ////; 
ttag +38 ////; 
ttag +39 ////; 
ttag +40 ////; 
ttag +41 ////; 
ttag +42 ////; 
ttag +43 ////; 
ttag +44 ////; 
ttag +45 ////; 
ttag +46 ////; 
ttag +47 ////; 
ttag +48 ////; 
ttag +49 100/100/100/100/100; 
ttag +50 100/100/96/98/98; 
ttag +51 92/88/77/90/81; 
ttag +52 18/2/0/?/?; 
ttag +53 28/12/13/9/6; 
ttag +54 55/36/31/34/21; 
ttag +55 18/0/?/?/0; 
ttag +56 38/30/19/27/19; 
ttag +57 6/[5]/?/?/?; 
ttag +58 60/51/38/54/35; 
ttag +59 100/100/99/100/100; 
ttag +60 95/95/88/92/93; 
ttag +61 97/96/90/95/88; 
ttag +62 12/0/?/?/?; 
ttag +63 15/[8]/2/?/0; 
ttag +64 28/17/5/12/3; 
ttag +65 99/99/98/98/94; 
ttag +66 48/37/38/39/34; 
ttag +67 28/[19]/?/?/?; 
ttag +68 97/97/91/96/91; 
ttag +69 99/99/98/99/99; 
ttag +70 26/[14]/?/?/?; 
ttag +71 43/32/24/36/26; 
ttag +72 91/89/89/94/84; 
ttag +73 96/95/90/96/94; 
ttag +74 94/93/81/94/88; 
ttag +75 8/[26]/?/?/?; 
ttag +76 29/[4]/?/?/?; 
ttag +77 98/97/91/98/90; 
ttag +78 30/2/?/12/?; 
ttag +79 8/[30]/?/?/?; 
ttag +80 65/60/51/72/55; 
ttag +81 97/96/90/99/90; 
ttag +82 73/68/48/62/50; 
ttag +83 66/49/44/50/31; 
ttag +84 56/40/27/39/19; 
ttag +85 98/97/91/99/93; 
ttag +86 96/96/89/95/91; 
ttag +87 95/94/88/96/88; 
ttag +88 73/68/52/71/64; 
ttag +89 52/41/30/41/37; 
ttag +90 98/98/92/98/94; 
ttag +91 19/[19]/?/?/?; 
ttag +92 100/100/99/100/99; 
ttag +93 44/25/21/22/23; 
ttag +94 62/41/41/48/39; 
