tread
'Tree with tags' 
(0 (1 ((2 3 )(4 (5 (11 (6 7 )(8 (9 10 ))(21 (12 13 )((14 (18 (19 20 )))(15 (16 17 )))((22 (23 (24 25 )))(26 (27 (28 (44 45 46 47 (29 (30 31 ))(32 (35 (33 34 )(36 (38 (37 39 )))))(40 (41 (42 43 ))))))))))))))); 
ttag *!; 
ttag +49 ???; 
ttag +50 5; 
ttag +51 3; 
ttag +52 7; 
ttag +53 2; 
ttag +54 2; 
ttag +55 2; 
ttag +56 3; 
ttag +57 4; 
ttag +58 2; 
ttag +59 2; 
ttag +60 1; 
ttag +61 2; 
ttag +62 8; 
ttag +63 2; 
ttag +64 3; 
ttag +65 12; 
ttag +66 1; 
ttag +67 5; 
ttag +68 3; 
ttag +69 6; 
ttag +70 2; 
ttag +71 2; 
ttag +72 4; 
ttag +73 6; 
ttag +74 4; 
ttag +75 1; 
ttag +76 6; 
ttag +77 12; 
ttag +78 1; 
ttag +79 3; 
ttag +80 1; 
ttag +81 4; 
ttag +82 6; 
ttag +83 1; 
ttag +84 4; 
tread
'Tree with tags' 
(0 (1 ((2 3 )(4 (5 (((11 (6 7 ))(8 (9 10 )))((21 ((12 13 )((22 (23 (24 25 )))(26 (27 (28 (((29 (30 31 ))((40 (41 (42 43 )))(46 (45 (44 47 )))))(32 ((35 (33 34 ))(36 (38 (37 39 ))))))))))))((14 (18 (19 20 )))(15 (16 17 )))))))))); 
ttag *!; 
ttag +0 ////; 
ttag +1 ////; 
ttag +2 ////; 
ttag +3 ////; 
ttag +4 ////; 
ttag +5 ////; 
ttag +6 ////; 
ttag +7 ////; 
ttag +8 ////; 
ttag +9 ////; 
ttag +10 ////; 
ttag +11 ////; 
ttag +12 ////; 
ttag +13 ////; 
ttag +14 ////; 
ttag +15 ////; 
ttag +16 ////; 
ttag +17 ////; 
ttag +18 ////; 
ttag +19 ////; 
ttag +20 ////; 
ttag +21 ////; 
ttag +22 ////; 
ttag +23 ////; 
ttag +24 ////; 
ttag +25 ////; 
ttag +26 ////; 
ttag +27 ////; 
ttag +28 ////; 
ttag +29 ////; 
ttag +30 ////; 
ttag +31 ////; 
ttag +32 ////; 
ttag +33 ////; 
ttag +34 ////; 
ttag +35 ////; 
ttag +36 ////; 
ttag +37 ////; 
ttag +38 ////; 
ttag +39 ////; 
ttag +40 ////; 
ttag +41 ////; 
ttag +42 ////; 
ttag +43 ////; 
ttag +44 ////; 
ttag +45 ////; 
ttag +46 ////; 
ttag +47 ////; 
ttag +48 ////; 
ttag +49 100/100/100/100/100; 
ttag +50 94/93/86/96/80; 
ttag +51 85/78/70/75/72; 
ttag +52 96/95/91/97/86; 
ttag +53 56/38/23/48/26; 
ttag +54 70/66/58/68/61; 
ttag +55 13/[22]/?/?/?; 
ttag +56 15/0/4/4/7; 
ttag +57 52/37/30/47/26; 
ttag +58 92/88/87/88/76; 
ttag +59 95/94/91/96/92; 
ttag +60 41/29/30/30/18; 
ttag +61 10/[10]/?/?/?; 
ttag +62 14/[7]/?/?/?; 
ttag +63 53/44/32/52/33; 
ttag +64 51/23/13/31/4; 
ttag +65 63/51/47/48/30; 
ttag +66 99/99/97/99/99; 
ttag +67 83/78/82/82/80; 
ttag +68 82/74/69/88/76; 
ttag +69 100/100/100/100/100; 
ttag +70 38/19/12/16/12; 
ttag +71 87/86/72/90/69; 
ttag +72 85/82/63/81/72; 
ttag +73 98/98/96/97/97; 
ttag +74 54/41/28/30/28; 
ttag +75 52/32/20/26/26; 
ttag +76 74/67/60/68/55; 
ttag +77 99/98/98/99/98; 
ttag +78 22/0/?/2/?; 
ttag +79 88/85/74/85/74; 
ttag +80 77/71/67/75/80; 
ttag +81 97/96/94/97/94; 
ttag +82 100/100/100/100/99; 
ttag +83 32/3/?/?/?; 
ttag +84 43/14/12/19/11; 
ttag +85 72/58/56/65/54; 
ttag +86 72/72/62/72/68; 
ttag +87 83/75/72/80/72; 
ttag +88 95/93/92/95/88; 
ttag +89 49/38/37/46/31; 
ttag +90 62/46/50/48/57; 
ttag +91 90/85/77/86/80; 
ttag +92 26/[3]/2/?/?; 
ttag +93 32/24/16/23/20; 
ttag +94 48/35/32/39/29; 
