tread
'Tree with tags' 
(0 (1 ((2 3 )(4 (5 (11 21 ((6 7 )(8 (9 10 )))(12 13 )(14 ((15 (16 17 ))(18 (19 20 ))))((22 (23 (24 25 )))((26 27 ((28 ((32 (35 (36 (37 38 39 ))))(33 34 )))(29 (30 31 ))))(47 (((40 41 )(42 43 ))(44 45 46 ))))))))))); 
ttag *!; 
ttag +49 ???; 
ttag +50 1; 
ttag +51 4; 
ttag +52 4; 
ttag +53 1; 
ttag +54 2; 
ttag +55 3; 
ttag +56 1; 
ttag +57 5; 
ttag +58 3; 
ttag +59 2; 
ttag +60 2; 
ttag +61 6; 
ttag +62 3; 
ttag +63 3; 
ttag +64 1; 
ttag +65 9; 
ttag +66 4; 
ttag +67 2; 
ttag +68 4; 
ttag +69 7; 
ttag +70 3; 
ttag +71 1; 
ttag +72 1; 
ttag +73 1; 
ttag +74 4; 
ttag +75 5; 
ttag +76 3; 
ttag +77 4; 
ttag +78 4; 
ttag +79 2; 
ttag +80 6; 
ttag +81 5; 
ttag +82 1; 
ttag +83 6; 
ttag +84 1; 
ttag +85 3; 
ttag +86 6; 
ttag +87 2; 
tread
'Tree with tags' 
(0 (1 ((2 3 )(4 (5 (((6 7 )(8 (9 10 )))(((11 (21 ((22 (23 (24 25 )))((27 (26 ((28 ((32 (35 (36 (39 (37 38 )))))(33 34 )))(29 (30 31 )))))(47 (((40 41 )(42 43 ))(45 (44 46 ))))))))(12 13 ))(14 ((15 (16 17 ))(18 (19 20 ))))))))))); 
ttag *!; 
ttag +0 ////; 
ttag +1 ////; 
ttag +2 ////; 
ttag +3 ////; 
ttag +4 ////; 
ttag +5 ////; 
ttag +6 ////; 
ttag +7 ////; 
ttag +8 ////; 
ttag +9 ////; 
ttag +10 ////; 
ttag +11 ////; 
ttag +12 ////; 
ttag +13 ////; 
ttag +14 ////; 
ttag +15 ////; 
ttag +16 ////; 
ttag +17 ////; 
ttag +18 ////; 
ttag +19 ////; 
ttag +20 ////; 
ttag +21 ////; 
ttag +22 ////; 
ttag +23 ////; 
ttag +24 ////; 
ttag +25 ////; 
ttag +26 ////; 
ttag +27 ////; 
ttag +28 ////; 
ttag +29 ////; 
ttag +30 ////; 
ttag +31 ////; 
ttag +32 ////; 
ttag +33 ////; 
ttag +34 ////; 
ttag +35 ////; 
ttag +36 ////; 
ttag +37 ////; 
ttag +38 ////; 
ttag +39 ////; 
ttag +40 ////; 
ttag +41 ////; 
ttag +42 ////; 
ttag +43 ////; 
ttag +44 ////; 
ttag +45 ////; 
ttag +46 ////; 
ttag +47 ////; 
ttag +48 ////; 
ttag +49 100/100/100/100/100; 
ttag +50 50/34/31/38/32; 
ttag +51 95/94/88/93/87; 
ttag +52 97/96/90/97/92; 
ttag +53 58/51/46/52/39; 
ttag +54 81/77/70/76/68; 
ttag +55 80/77/74/87/70; 
ttag +56 46/27/23/37/25; 
ttag +57 98/97/94/97/94; 
ttag +58 92/91/84/91/86; 
ttag +59 12/[20]/?/?/?; 
ttag +60 7/[25]/?/?/?; 
ttag +61 37/34/26/32/22; 
ttag +62 72/69/49/71/48; 
ttag +63 60/56/41/60/31; 
ttag +64 98/98/94/98/94; 
ttag +65 80/72/56/76/60; 
ttag +66 91/89/86/87/79; 
ttag +67 50/22/7/20/0; 
ttag +68 100/100/100/100/100; 
ttag +69 42/26/20/34/8; 
ttag +70 86/82/72/75/72; 
ttag +71 60/54/52/53/36; 
ttag +72 88/82/73/82/66; 
ttag +73 97/96/94/98/96; 
ttag +74 10/[20]/?/?/?; 
ttag +75 30/13/0/6/6; 
ttag +76 80/78/68/78/69; 
ttag +77 32/16/8/15/14; 
ttag +78 28/16/5/16/16; 
ttag +79 79/72/64/76/66; 
ttag +80 97/97/95/98/94; 
ttag +81 65/53/42/53/45; 
ttag +82 92/90/86/93/88; 
ttag +83 89/85/83/90/77; 
ttag +84 67/51/40/54/38; 
ttag +85 99/98/94/96/88; 
ttag +86 4/[4]/?/?/?; 
ttag +87 95/93/90/97/90; 
ttag +88 28/1/8/3/10; 
ttag +89 94/93/85/97/89; 
ttag +90 24/[13]/?/?/?; 
ttag +91 45/37/33/32/32; 
ttag +92 99/99/95/98/96; 
ttag +93 18/[20]/?/?/?; 
ttag +94 40/23/4/21/13; 
