tread
'Tree with tags' 
(0 (1 ((2 3 )((5 (4 6 7 (8 (9 10 ))))(11 14 (13 (12 ((15 ((16 17 )(18 (19 20 ))))(21 ((22 (23 (24 25 )))(26 27 (28 ((29 (30 31 ))(32 (33 34 )(35 (36 (37 (38 39 )))))(40 (41 (42 43 )))(44 45 46 47 )))))))))))))); 
ttag *!; 
ttag +49 ???; 
ttag +50 1; 
ttag +51 7; 
ttag +52 1; 
ttag +53 1; 
ttag +54 2; 
ttag +55 7; 
ttag +56 2; 
ttag +57 3; 
ttag +58 1; 
ttag +59 1; 
ttag +60 2; 
ttag +61 1; 
ttag +62 3; 
ttag +63 1; 
ttag +64 3; 
ttag +65 9; 
ttag +66 1; 
ttag +67 5; 
ttag +68 3; 
ttag +69 7; 
ttag +70 11; 
ttag +71 2; 
ttag +72 3; 
ttag +73 4; 
ttag +74 1; 
ttag +75 2; 
ttag +76 8; 
ttag +77 4; 
ttag +78 3; 
ttag +79 3; 
ttag +80 6; 
ttag +81 3; 
ttag +82 3; 
ttag +83 3; 
ttag +84 6; 
ttag +85 2; 
tread
'Tree with tags' 
(0 (1 ((2 3 )((5 ((7 (4 6 ))(8 (9 10 ))))(14 (11 (13 (12 ((15 ((16 17 )(18 (19 20 ))))(21 ((22 (23 (24 25 )))(27 (26 (28 ((29 (30 31 ))((32 ((33 34 )(35 (36 (37 (38 39 ))))))((40 (41 (42 43 )))(47 (44 (45 46 )))))))))))))))))))); 
ttag *!; 
ttag +0 ////; 
ttag +1 ////; 
ttag +2 ////; 
ttag +3 ////; 
ttag +4 ////; 
ttag +5 ////; 
ttag +6 ////; 
ttag +7 ////; 
ttag +8 ////; 
ttag +9 ////; 
ttag +10 ////; 
ttag +11 ////; 
ttag +12 ////; 
ttag +13 ////; 
ttag +14 ////; 
ttag +15 ////; 
ttag +16 ////; 
ttag +17 ////; 
ttag +18 ////; 
ttag +19 ////; 
ttag +20 ////; 
ttag +21 ////; 
ttag +22 ////; 
ttag +23 ////; 
ttag +24 ////; 
ttag +25 ////; 
ttag +26 ////; 
ttag +27 ////; 
ttag +28 ////; 
ttag +29 ////; 
ttag +30 ////; 
ttag +31 ////; 
ttag +32 ////; 
ttag +33 ////; 
ttag +34 ////; 
ttag +35 ////; 
ttag +36 ////; 
ttag +37 ////; 
ttag +38 ////; 
ttag +39 ////; 
ttag +40 ////; 
ttag +41 ////; 
ttag +42 ////; 
ttag +43 ////; 
ttag +44 ////; 
ttag +45 ////; 
ttag +46 ////; 
ttag +47 ////; 
ttag +48 ////; 
ttag +49 100/100/100/100/100; 
ttag +50 50/19/31/23/31; 
ttag +51 97/95/90/96/94; 
ttag +52 13/[14]/?/?/?; 
ttag +53 4/[22]/?/?/?; 
ttag +54 13/[8]/?/0/?; 
ttag +55 25/10/7/10/6; 
ttag +56 68/62/45/57/51; 
ttag +57 99/99/98/100/99; 
ttag +58 81/76/73/78/72; 
ttag +59 8/[18]/?/?/?; 
ttag +60 54/49/37/53/39; 
ttag +61 12/[8]/?/?/?; 
ttag +62 10/[9]/?/?/?; 
ttag +63 60/53/42/51/45; 
ttag +64 19/5/?/?/?; 
ttag +65 72/66/53/75/60; 
ttag +66 28/2/?/5/?; 
ttag +67 70/62/50/68/58; 
ttag +68 100/100/99/100/99; 
ttag +69 44/33/24/32/31; 
ttag +70 82/77/55/77/58; 
ttag +71 80/77/65/82/68; 
ttag +72 96/96/92/98/95; 
ttag +73 99/99/98/100/100; 
ttag +74 6/[23]/?/?/?; 
ttag +75 53/44/25/45/28; 
ttag +76 68/64/44/64/47; 
ttag +77 97/96/94/97/93; 
ttag +78 34/16/16/14/16; 
ttag +79 84/76/82/85/77; 
ttag +80 98/97/92/98/90; 
ttag +81 26/3/?/0/0; 
ttag +82 94/93/91/97/91; 
ttag +83 24/[2]/?/?/5; 
ttag +84 78/69/67/73/58; 
ttag +85 95/94/90/91/87; 
ttag +86 96/96/92/94/91; 
ttag +87 93/92/78/90/69; 
ttag +88 75/72/53/69/58; 
ttag +89 20/[2]/?/?/?; 
ttag +90 79/68/56/68/62; 
ttag +91 98/98/96/97/94; 
ttag +92 31/[1]/?/?/?; 
ttag +93 63/60/60/73/58; 
ttag +94 19/[12]/?/?/?; 
