tread
'Tree with tags' 
(0 (1 ((2 3 )(4 5 (((6 7 )(11 (8 (9 10 ))))(12 13 21 (14 (15 (16 17 ))(18 (19 20 )))((22 (23 (24 25 )))((26 27 )(28 ((29 (30 31 ))(((32 (35 (36 (39 (37 38 )))))(33 34 ))((40 (41 (42 43 )))(44 45 46 47 ))))))))))))); 
ttag *!; 
ttag +49 ???; 
ttag +50 6; 
ttag +51 3; 
ttag +52 10; 
ttag +53 2; 
ttag +54 1; 
ttag +55 2; 
ttag +56 8; 
ttag +57 2; 
ttag +58 3; 
ttag +59 3; 
ttag +60 2; 
ttag +61 1; 
ttag +62 1; 
ttag +63 6; 
ttag +64 5; 
ttag +65 4; 
ttag +66 2; 
ttag +67 6; 
ttag +68 8; 
ttag +69 1; 
ttag +70 5; 
ttag +71 4; 
ttag +72 5; 
ttag +73 3; 
ttag +74 5; 
ttag +75 2; 
ttag +76 2; 
ttag +77 1; 
ttag +78 1; 
ttag +79 1; 
ttag +80 6; 
ttag +81 2; 
ttag +82 6; 
ttag +83 3; 
ttag +84 1; 
ttag +85 2; 
ttag +86 1; 
ttag +87 2; 
tread
'Tree with tags' 
(0 (1 ((2 3 )(4 (5 (((6 7 )(11 (8 (9 10 ))))(12 (21 ((13 ((22 (23 (24 25 )))((26 27 )(28 ((29 (30 31 ))(((32 (35 (36 (39 (37 38 )))))(33 34 ))((40 (41 (42 43 )))(46 (47 (44 45 ))))))))))((14 (15 (16 17 )))(18 (19 20 )))))))))))); 
ttag *!; 
ttag +0 ////; 
ttag +1 ////; 
ttag +2 ////; 
ttag +3 ////; 
ttag +4 ////; 
ttag +5 ////; 
ttag +6 ////; 
ttag +7 ////; 
ttag +8 ////; 
ttag +9 ////; 
ttag +10 ////; 
ttag +11 ////; 
ttag +12 ////; 
ttag +13 ////; 
ttag +14 ////; 
ttag +15 ////; 
ttag +16 ////; 
ttag +17 ////; 
ttag +18 ////; 
ttag +19 ////; 
ttag +20 ////; 
ttag +21 ////; 
ttag +22 ////; 
ttag +23 ////; 
ttag +24 ////; 
ttag +25 ////; 
ttag +26 ////; 
ttag +27 ////; 
ttag +28 ////; 
ttag +29 ////; 
ttag +30 ////; 
ttag +31 ////; 
ttag +32 ////; 
ttag +33 ////; 
ttag +34 ////; 
ttag +35 ////; 
ttag +36 ////; 
ttag +37 ////; 
ttag +38 ////; 
ttag +39 ////; 
ttag +40 ////; 
ttag +41 ////; 
ttag +42 ////; 
ttag +43 ////; 
ttag +44 ////; 
ttag +45 ////; 
ttag +46 ////; 
ttag +47 ////; 
ttag +48 ////; 
ttag +49 100/100/100/100/100; 
ttag +50 98/98/94/96/94; 
ttag +51 84/80/75/86/71; 
ttag +52 98/98/97/98/95; 
ttag +53 22/[3]/1/4/?; 
ttag +54 78/75/62/71/66; 
ttag +55 44/37/24/32/24; 
ttag +56 43/31/27/40/25; 
ttag +57 99/99/100/100/100; 
ttag +58 65/62/51/63/44; 
ttag +59 86/80/73/81/72; 
ttag +60 42/31/24/45/26; 
ttag +61 10/[6]/?/?/?; 
ttag +62 18/[2]/?/2/?; 
ttag +63 6/[9]/?/?/?; 
ttag +64 30/[5]/?/?/2; 
ttag +65 64/58/48/58/46; 
ttag +66 87/84/77/81/78; 
ttag +67 42/11/19/22/22; 
ttag +68 97/97/92/98/94; 
ttag +69 99/99/96/98/97; 
ttag +70 83/79/73/86/76; 
ttag +71 60/50/47/54/40; 
ttag +72 98/98/96/99/94; 
ttag +73 99/98/100/98/99; 
ttag +74 71/67/58/63/58; 
ttag +75 84/81/78/87/78; 
ttag +76 79/73/70/81/63; 
ttag +77 96/94/88/97/88; 
ttag +78 77/74/66/78/67; 
ttag +79 97/96/95/98/94; 
ttag +80 52/35/22/50/31; 
ttag +81 73/68/61/74/58; 
ttag +82 54/39/29/44/38; 
ttag +83 68/56/60/56/50; 
ttag +84 70/65/54/64/53; 
ttag +85 93/92/90/94/90; 
ttag +86 66/59/51/69/50; 
ttag +87 96/95/85/96/84; 
ttag +88 77/69/58/79/69; 
ttag +89 48/37/38/45/43; 
ttag +90 74/68/50/64/48; 
ttag +91 64/43/55/56/45; 
ttag +92 12/[23]/?/?/?; 
ttag +93 27/[23]/?/?/?; 
ttag +94 70/65/55/67/54; 
