tread
'Tree with tags' 
(0 ((1 (4 (5 ((7 (6 (8 9 10 )))(11 (12 (13 ((21 (14 (22 (23 (24 25 )))(26 27 (28 (((29 (30 31 ))(32 (33 34 )(35 (36 (38 (37 39 ))))))((40 (41 (42 43 )))(44 45 46 47 )))))))((15 (16 17 ))(18 (19 20 )))))))))))(2 3 ))); 
ttag *!; 
ttag +49 2; 
ttag +50 ???; 
ttag +51 6; 
ttag +52 2; 
ttag +53 9; 
ttag +54 1; 
ttag +55 2; 
ttag +56 3; 
ttag +57 9; 
ttag +58 2; 
ttag +59 5; 
ttag +60 1; 
ttag +61 1; 
ttag +62 1; 
ttag +63 1; 
ttag +64 1; 
ttag +65 5; 
ttag +66 3; 
ttag +67 4; 
ttag +68 7; 
ttag +69 2; 
ttag +70 6; 
ttag +71 10; 
ttag +72 4; 
ttag +73 1; 
ttag +74 4; 
ttag +75 1; 
ttag +76 4; 
ttag +77 6; 
ttag +78 4; 
ttag +79 5; 
ttag +80 1; 
ttag +81 1; 
ttag +82 3; 
ttag +83 3; 
ttag +84 6; 
ttag +85 4; 
ttag +86 1; 
ttag +87 6; 
ttag +88 6; 
tread
'Tree with tags' 
(0 ((1 (4 (5 ((7 (6 (8 (9 10 ))))(11 (12 (13 ((21 (14 ((22 (23 (24 25 )))((26 27 )(28 (((29 (30 31 ))(32 ((33 34 )(35 (36 (38 (37 39 )))))))((40 (41 (42 43 )))(47 (44 (45 46 ))))))))))((15 (16 17 ))(18 (19 20 )))))))))))(2 3 ))); 
ttag *!; 
ttag +0 ////; 
ttag +1 ////; 
ttag +2 ////; 
ttag +3 ////; 
ttag +4 ////; 
ttag +5 ////; 
ttag +6 ////; 
ttag +7 ////; 
ttag +8 ////; 
ttag +9 ////; 
ttag +10 ////; 
ttag +11 ////; 
ttag +12 ////; 
ttag +13 ////; 
ttag +14 ////; 
ttag +15 ////; 
ttag +16 ////; 
ttag +17 ////; 
ttag +18 ////; 
ttag +19 ////; 
ttag +20 ////; 
ttag +21 ////; 
ttag +22 ////; 
ttag +23 ////; 
ttag +24 ////; 
ttag +25 ////; 
ttag +26 ////; 
ttag +27 ////; 
ttag +28 ////; 
ttag +29 ////; 
ttag +30 ////; 
ttag +31 ////; 
ttag +32 ////; 
ttag +33 ////; 
ttag +34 ////; 
ttag +35 ////; 
ttag +36 ////; 
ttag +37 ////; 
ttag +38 ////; 
ttag +39 ////; 
ttag +40 ////; 
ttag +41 ////; 
ttag +42 ////; 
ttag +43 ////; 
ttag +44 ////; 
ttag +45 ////; 
ttag +46 ////; 
ttag +47 ////; 
ttag +48 ////; 
ttag +49 62/37/26/48/38; 
ttag +50 100/100/100/100/100; 
ttag +51 97/96/91/97/92; 
ttag +52 71/59/52/60/51; 
ttag +53 96/94/93/99/94; 
ttag +54 51/26/12/25/17; 
ttag +55 60/48/42/48/49; 
ttag +56 86/84/72/88/82; 
ttag +57 99/99/99/100/99; 
ttag +58 42/8/14/16/14; 
ttag +59 61/50/44/53/47; 
ttag +60 91/89/74/91/71; 
ttag +61 26/7/6/11/6; 
ttag +62 42/23/11/24/11; 
ttag +63 14/[4]/?/?/?; 
ttag +64 30/10/6/7/10; 
ttag +65 64/47/40/48/35; 
ttag +66 88/88/72/88/81; 
ttag +67 80/76/64/80/71; 
ttag +68 96/94/84/96/91; 
ttag +69 99/99/98/100/98; 
ttag +70 76/72/56/77/61; 
ttag +71 51/27/30/15/25; 
ttag +72 96/96/90/95/94; 
ttag +73 100/100/100/100/98; 
ttag +74 45/5/11/?/5; 
ttag +75 78/74/58/78/57; 
ttag +76 46/23/13/40/16; 
ttag +77 96/94/85/96/91; 
ttag +78 49/32/18/29/16; 
ttag +79 77/73/58/75/64; 
ttag +80 96/95/90/98/90; 
ttag +81 78/69/50/72/56; 
ttag +82 90/88/77/87/80; 
ttag +83 26/[6]/?/?/?; 
ttag +84 26/8/4/3/2; 
ttag +85 33/15/6/11/11; 
ttag +86 69/62/50/64/50; 
ttag +87 56/50/42/52/39; 
ttag +88 88/84/78/94/81; 
ttag +89 87/85/69/86/73; 
ttag +90 70/60/48/67/48; 
ttag +91 98/98/93/99/96; 
ttag +92 43/12/10/?/?; 
ttag +93 97/96/94/97/96; 
ttag +94 16/[15]/?/?/?; 
