tread
'Tree with tags' 
(0 (1 ((2 3 )(4 (5 (6 7 )(8 (9 10 ))(11 (14 21 (12 13 ((22 (23 (24 25 )))((26 27 )((28 44 45 46 47 (29 (30 31 ))(32 (35 ((33 34 )(36 (37 (38 39 )))))))(40 (41 (42 43 )))))))((15 (16 17 ))(18 (19 20 )))))))))); 
ttag *!; 
ttag +49 ???; 
ttag +50 7; 
ttag +51 3; 
ttag +52 7; 
ttag +53 3; 
ttag +54 2; 
ttag +55 3; 
ttag +56 2; 
ttag +57 1; 
ttag +58 1; 
ttag +59 1; 
ttag +60 9; 
ttag +61 3; 
ttag +62 4; 
ttag +63 1; 
ttag +64 6; 
ttag +65 8; 
ttag +66 4; 
ttag +67 3; 
ttag +68 5; 
ttag +69 1; 
ttag +70 2; 
ttag +71 1; 
ttag +72 1; 
ttag +73 3; 
ttag +74 9; 
ttag +75 7; 
ttag +76 2; 
ttag +77 1; 
ttag +78 2; 
ttag +79 1; 
ttag +80 10; 
ttag +81 1; 
ttag +82 6; 
ttag +83 1; 
ttag +84 8; 
tread
'Tree with tags' 
(0 (1 ((2 3 )(4 ((5 (8 (9 10 )))((6 7 )(11 (((12 13 )((22 (23 (24 25 )))((26 27 )(((28 (29 (30 31 )))(45 (44 (47 (46 (32 (35 ((33 34 )(36 (37 (38 39 )))))))))))(40 (41 (42 43 )))))))(21 (14 ((15 (16 17 ))(18 (19 20 ))))))))))))); 
ttag *!; 
ttag +0 ////; 
ttag +1 ////; 
ttag +2 ////; 
ttag +3 ////; 
ttag +4 ////; 
ttag +5 ////; 
ttag +6 ////; 
ttag +7 ////; 
ttag +8 ////; 
ttag +9 ////; 
ttag +10 ////; 
ttag +11 ////; 
ttag +12 ////; 
ttag +13 ////; 
ttag +14 ////; 
ttag +15 ////; 
ttag +16 ////; 
ttag +17 ////; 
ttag +18 ////; 
ttag +19 ////; 
ttag +20 ////; 
ttag +21 ////; 
ttag +22 ////; 
ttag +23 ////; 
ttag +24 ////; 
ttag +25 ////; 
ttag +26 ////; 
ttag +27 ////; 
ttag +28 ////; 
ttag +29 ////; 
ttag +30 ////; 
ttag +31 ////; 
ttag +32 ////; 
ttag +33 ////; 
ttag +34 ////; 
ttag +35 ////; 
ttag +36 ////; 
ttag +37 ////; 
ttag +38 ////; 
ttag +39 ////; 
ttag +40 ////; 
ttag +41 ////; 
ttag +42 ////; 
ttag +43 ////; 
ttag +44 ////; 
ttag +45 ////; 
ttag +46 ////; 
ttag +47 ////; 
ttag +48 ////; 
ttag +49 100/100/100/100/100; 
ttag +50 100/100/100/100/99; 
ttag +51 76/66/41/69/52; 
ttag +52 88/83/65/86/69; 
ttag +53 13/[24]/?/?/?; 
ttag +54 69/56/38/59/48; 
ttag +55 65/59/46/68/46; 
ttag +56 32/24/17/28/18; 
ttag +57 84/80/70/87/74; 
ttag +58 83/78/66/80/55; 
ttag +59 31/26/14/36/15; 
ttag +60 18/0/6/4/1; 
ttag +61 15/2/?/4/?; 
ttag +62 32/21/18/32/23; 
ttag +63 8/[5]/?/?/?; 
ttag +64 4/[10]/?/?/?; 
ttag +65 99/99/98/100/98; 
ttag +66 52/40/25/39/24; 
ttag +67 83/77/66/72/63; 
ttag +68 80/72/72/76/73; 
ttag +69 96/96/94/95/95; 
ttag +70 98/98/94/99/97; 
ttag +71 68/56/34/50/32; 
ttag +72 84/78/69/84/68; 
ttag +73 98/97/90/98/91; 
ttag +74 48/27/9/32/21; 
ttag +75 63/57/48/56/41; 
ttag +76 9/[24]/?/?/?; 
ttag +77 24/4/?/10/5; 
ttag +78 44/32/22/35/24; 
ttag +79 82/76/71/80/68; 
ttag +80 99/99/98/100/98; 
ttag +81 92/90/82/88/85; 
ttag +82 24/[22]/?/?/?; 
ttag +83 18/[28]/?/?/?; 
ttag +84 12/[34]/?/?/?; 
ttag +85 13/[5]/?/?/?; 
ttag +86 45/30/23/33/36; 
ttag +87 32/7/?/1/3; 
ttag +88 60/50/34/47/38; 
ttag +89 54/45/43/48/44; 
ttag +90 99/99/98/100/96; 
ttag +91 64/46/31/44/30; 
ttag +92 92/90/83/88/85; 
ttag +93 58/39/33/42/40; 
ttag +94 100/100/100/99/99; 
