tread
'Tree with tags' 
(0 (1 (2 (3 (4 (14 (21 (((5 ((6 7 )(11 (8 (9 10 )))))(12 13 ))((15 (16 17 ))(18 (19 20 )))((22 (23 (24 25 )))(26 (27 (28 ((29 30 31 )((32 ((33 34 )(35 (36 (37 (38 39 ))))))(40 (41 (42 43 )))((44 45 )(46 47 )))))))))))))))); 
ttag *!; 
ttag +49 ???; 
ttag +50 5; 
ttag +51 1; 
ttag +52 4; 
ttag +53 2; 
ttag +54 1; 
ttag +55 1; 
ttag +56 1; 
ttag +57 4; 
ttag +58 2; 
ttag +59 1; 
ttag +60 8; 
ttag +61 1; 
ttag +62 1; 
ttag +63 3; 
ttag +64 5; 
ttag +65 5; 
ttag +66 3; 
ttag +67 3; 
ttag +68 8; 
ttag +69 4; 
ttag +70 4; 
ttag +71 6; 
ttag +72 5; 
ttag +73 5; 
ttag +74 4; 
ttag +75 4; 
ttag +76 1; 
ttag +77 3; 
ttag +78 5; 
ttag +79 1; 
ttag +80 1; 
ttag +81 1; 
ttag +82 5; 
ttag +83 3; 
ttag +84 12; 
ttag +85 2; 
ttag +86 5; 
ttag +87 1; 
ttag +88 7; 
ttag +89 1; 
ttag +90 1; 
ttag +91 1; 
tread
'Tree with tags' 
(0 (1 (2 (3 (4 (14 (21 (((5 ((6 7 )(11 (8 (9 10 )))))(12 13 ))(((15 (16 17 ))(18 (19 20 )))((22 (23 (24 25 )))(26 (27 (28 ((29 (30 31 ))(((32 ((33 34 )(35 (36 (37 (38 39 ))))))((44 45 )(46 47 )))(40 (41 (42 43 )))))))))))))))))); 
ttag *!; 
ttag +0 ////; 
ttag +1 ////; 
ttag +2 ////; 
ttag +3 ////; 
ttag +4 ////; 
ttag +5 ////; 
ttag +6 ////; 
ttag +7 ////; 
ttag +8 ////; 
ttag +9 ////; 
ttag +10 ////; 
ttag +11 ////; 
ttag +12 ////; 
ttag +13 ////; 
ttag +14 ////; 
ttag +15 ////; 
ttag +16 ////; 
ttag +17 ////; 
ttag +18 ////; 
ttag +19 ////; 
ttag +20 ////; 
ttag +21 ////; 
ttag +22 ////; 
ttag +23 ////; 
ttag +24 ////; 
ttag +25 ////; 
ttag +26 ////; 
ttag +27 ////; 
ttag +28 ////; 
ttag +29 ////; 
ttag +30 ////; 
ttag +31 ////; 
ttag +32 ////; 
ttag +33 ////; 
ttag +34 ////; 
ttag +35 ////; 
ttag +36 ////; 
ttag +37 ////; 
ttag +38 ////; 
ttag +39 ////; 
ttag +40 ////; 
ttag +41 ////; 
ttag +42 ////; 
ttag +43 ////; 
ttag +44 ////; 
ttag +45 ////; 
ttag +46 ////; 
ttag +47 ////; 
ttag +48 ////; 
ttag +49 100/100/100/100/100; 
ttag +50 96/94/86/92/82; 
ttag +51 34/[14]/?/?/?; 
ttag +52 81/79/66/83/70; 
ttag +53 25/14/9/19/9; 
ttag +54 23/12/6/14/8; 
ttag +55 25/13/?/11/?; 
ttag +56 25/0/3/4/?; 
ttag +57 67/64/47/72/50; 
ttag +58 71/65/55/67/59; 
ttag +59 19/[2]/?/?/?; 
ttag +60 99/98/98/99/97; 
ttag +61 26/[2]/?/?/?; 
ttag +62 61/47/44/49/32; 
ttag +63 66/61/52/54/46; 
ttag +64 94/93/82/92/85; 
ttag +65 89/88/79/88/78; 
ttag +66 17/5/?/4/1; 
ttag +67 90/88/81/89/80; 
ttag +68 82/78/74/82/76; 
ttag +69 100/100/98/98/98; 
ttag +70 91/90/77/91/82; 
ttag +71 86/84/64/85/60; 
ttag +72 99/99/97/99/94; 
ttag +73 89/84/73/80/74; 
ttag +74 86/82/68/88/71; 
ttag +75 78/70/52/80/50; 
ttag +76 86/83/70/88/67; 
ttag +77 58/44/42/59/51; 
ttag +78 85/83/72/83/77; 
ttag +79 48/34/32/31/36; 
ttag +80 96/95/88/92/87; 
ttag +81 36/0/?/?/?; 
ttag +82 57/46/41/46/36; 
ttag +83 47/30/24/25/27; 
ttag +84 61/50/26/28/27; 
ttag +85 96/95/86/89/84; 
ttag +86 91/90/71/86/75; 
ttag +87 100/100/100/100/100; 
ttag +88 84/76/62/67/48; 
ttag +89 96/96/94/93/90; 
ttag +90 49/18/18/16/14; 
ttag +91 99/99/99/100/98; 
ttag +92 42/32/33/38/23; 
ttag +93 67/53/55/69/62; 
ttag +94 41/26/35/34/36; 
