tread
'Tree with tags' 
(0 (1 ((2 3 )(4 (5 (((6 7 )(8 (9 10 )))(11 (((12 13 )(21 ((18 (19 20 ))((22 (23 (24 25 )))((26 27 )((28 (((32 (35 (36 (39 (37 38 )))))(33 34 ))(47 ((40 (41 (42 43 )))(44 (45 46 ))))))(29 (30 31 ))))))))(14 (15 (16 17 ))))))))))); 
ttag *!; 
ttag +49 ???; 
ttag +50 5; 
ttag +51 2; 
ttag +52 11; 
ttag +53 1; 
ttag +54 2; 
ttag +55 3; 
ttag +56 1; 
ttag +57 6; 
ttag +58 2; 
ttag +59 1; 
ttag +60 4; 
ttag +61 1; 
ttag +62 1; 
ttag +63 2; 
ttag +64 8; 
ttag +65 2; 
ttag +66 7; 
ttag +67 1; 
ttag +68 1; 
ttag +69 6; 
ttag +70 3; 
ttag +71 2; 
ttag +72 5; 
ttag +73 12; 
ttag +74 2; 
ttag +75 2; 
ttag +76 1; 
ttag +77 3; 
ttag +78 4; 
ttag +79 3; 
ttag +80 2; 
ttag +81 7; 
ttag +82 1; 
ttag +83 2; 
ttag +84 2; 
ttag +85 6; 
ttag +86 3; 
ttag +87 10; 
ttag +88 13; 
ttag +89 1; 
ttag +90 3; 
ttag +91 4; 
ttag +92 9; 
ttag +93 2; 
ttag +94 1; 
tread
'Tree with tags' 
(0 (1 ((2 3 )(4 (5 (((6 7 )(8 (9 10 )))(11 (((12 13 )(21 ((18 (19 20 ))((22 (23 (24 25 )))((26 27 )((28 (((32 (35 (36 (39 (37 38 )))))(33 34 ))(47 ((40 (41 (42 43 )))(44 (45 46 ))))))(29 (30 31 ))))))))(14 (15 (16 17 ))))))))))); 
ttag *!; 
ttag +0 ////; 
ttag +1 ////; 
ttag +2 ////; 
ttag +3 ////; 
ttag +4 ////; 
ttag +5 ////; 
ttag +6 ////; 
ttag +7 ////; 
ttag +8 ////; 
ttag +9 ////; 
ttag +10 ////; 
ttag +11 ////; 
ttag +12 ////; 
ttag +13 ////; 
ttag +14 ////; 
ttag +15 ////; 
ttag +16 ////; 
ttag +17 ////; 
ttag +18 ////; 
ttag +19 ////; 
ttag +20 ////; 
ttag +21 ////; 
ttag +22 ////; 
ttag +23 ////; 
ttag +24 ////; 
ttag +25 ////; 
ttag +26 ////; 
ttag +27 ////; 
ttag +28 ////; 
ttag +29 ////; 
ttag +30 ////; 
ttag +31 ////; 
ttag +32 ////; 
ttag +33 ////; 
ttag +34 ////; 
ttag +35 ////; 
ttag +36 ////; 
ttag +37 ////; 
ttag +38 ////; 
ttag +39 ////; 
ttag +40 ////; 
ttag +41 ////; 
ttag +42 ////; 
ttag +43 ////; 
ttag +44 ////; 
ttag +45 ////; 
ttag +46 ////; 
ttag +47 ////; 
ttag +48 ////; 
ttag +49 100/100/100/100/100; 
ttag +50 92/90/90/97/89; 
ttag +51 74/64/50/45/50; 
ttag +52 100/100/100/100/99; 
ttag +53 38/21/11/20/15; 
ttag +54 46/33/20/40/24; 
ttag +55 53/43/37/51/36; 
ttag +56 42/27/24/34/19; 
ttag +57 93/92/83/92/81; 
ttag +58 49/41/34/46/36; 
ttag +59 12/[2]/?/5/3; 
ttag +60 85/82/71/84/72; 
ttag +61 2/[25]/?/?/?; 
ttag +62 18/2/?/1/?; 
ttag +63 34/6/3/10/?; 
ttag +64 97/96/93/97/94; 
ttag +65 59/30/30/36/23; 
ttag +66 99/99/95/99/97; 
ttag +67 20/[8]/?/?/?; 
ttag +68 6/[21]/?/?/?; 
ttag +69 100/100/99/100/99; 
ttag +70 62/52/41/54/37; 
ttag +71 38/21/11/22/16; 
ttag +72 83/80/74/86/72; 
ttag +73 99/99/98/100/99; 
ttag +74 63/59/64/56/65; 
ttag +75 64/57/40/56/38; 
ttag +76 14/[8]/?/?/?; 
ttag +77 69/66/52/61/53; 
ttag +78 84/79/80/84/74; 
ttag +79 90/87/73/78/66; 
ttag +80 65/56/41/50/48; 
ttag +81 96/96/88/96/89; 
ttag +82 34/22/20/28/23; 
ttag +83 56/26/28/24/14; 
ttag +84 82/77/70/80/74; 
ttag +85 99/98/96/98/94; 
ttag +86 85/80/83/90/83; 
ttag +87 99/98/98/99/98; 
ttag +88 100/100/98/98/98; 
ttag +89 13/[6]/?/?/?; 
ttag +90 65/58/40/56/36; 
ttag +91 89/86/83/76/76; 
ttag +92 100/100/98/99/99; 
ttag +93 44/28/27/28/27; 
ttag +94 20/[16]/?/?/?; 
