tread
'Tree with tags' 
(0 (1 ((2 3 )(12 ((4 5 ((7 (6 11 ))(8 (9 10 ))))(13 (21 ((14 ((15 (16 17 ))(18 (19 20 ))))((22 (23 (24 25 )))((27 (26 28 ))((29 (30 31 ))((32 ((33 34 )(35 (36 (37 (38 39 ))))))((40 (41 (42 43 )))(44 (45 46 47 ))))))))))))))); 
ttag *!; 
ttag +49 ???; 
ttag +50 5; 
ttag +51 2; 
ttag +52 1; 
ttag +53 1; 
ttag +54 1; 
ttag +55 2; 
ttag +56 1; 
ttag +57 1; 
ttag +58 7; 
ttag +59 3; 
ttag +60 1; 
ttag +61 2; 
ttag +62 1; 
ttag +63 1; 
ttag +64 1; 
ttag +65 4; 
ttag +66 1; 
ttag +67 5; 
ttag +68 17; 
ttag +69 2; 
ttag +70 1; 
ttag +71 2; 
ttag +72 7; 
ttag +73 2; 
ttag +74 2; 
ttag +75 1; 
ttag +76 1; 
ttag +77 2; 
ttag +78 4; 
ttag +79 4; 
ttag +80 2; 
ttag +81 4; 
ttag +82 1; 
ttag +83 4; 
ttag +84 7; 
ttag +85 4; 
ttag +86 3; 
ttag +87 10; 
ttag +88 3; 
ttag +89 2; 
ttag +90 9; 
ttag +91 3; 
ttag +92 1; 
tread
'Tree with tags' 
(0 (1 ((2 3 )(12 (((4 5 )((7 (6 11 ))(8 (9 10 ))))(13 (21 ((14 ((15 (16 17 ))(18 (19 20 ))))((22 (23 (24 25 )))((27 (26 28 ))((29 (30 31 ))((32 ((33 34 )(35 (36 (37 (38 39 ))))))((40 (41 (42 43 )))(44 (47 (45 46 )))))))))))))))); 
ttag *!; 
ttag +0 ////; 
ttag +1 ////; 
ttag +2 ////; 
ttag +3 ////; 
ttag +4 ////; 
ttag +5 ////; 
ttag +6 ////; 
ttag +7 ////; 
ttag +8 ////; 
ttag +9 ////; 
ttag +10 ////; 
ttag +11 ////; 
ttag +12 ////; 
ttag +13 ////; 
ttag +14 ////; 
ttag +15 ////; 
ttag +16 ////; 
ttag +17 ////; 
ttag +18 ////; 
ttag +19 ////; 
ttag +20 ////; 
ttag +21 ////; 
ttag +22 ////; 
ttag +23 ////; 
ttag +24 ////; 
ttag +25 ////; 
ttag +26 ////; 
ttag +27 ////; 
ttag +28 ////; 
ttag +29 ////; 
ttag +30 ////; 
ttag +31 ////; 
ttag +32 ////; 
ttag +33 ////; 
ttag +34 ////; 
ttag +35 ////; 
ttag +36 ////; 
ttag +37 ////; 
ttag +38 ////; 
ttag +39 ////; 
ttag +40 ////; 
ttag +41 ////; 
ttag +42 ////; 
ttag +43 ////; 
ttag +44 ////; 
ttag +45 ////; 
ttag +46 ////; 
ttag +47 ////; 
ttag +48 ////; 
ttag +49 100/100/100/100/100; 
ttag +50 95/92/80/85/79; 
ttag +51 79/74/77/81/76; 
ttag +52 29/2/3/10/?; 
ttag +53 40/12/10/21/4; 
ttag +54 12/[22]/?/?/?; 
ttag +55 56/39/32/40/29; 
ttag +56 48/19/20/29/11; 
ttag +57 40/32/30/31/24; 
ttag +58 15/2/?/1/1; 
ttag +59 98/97/96/99/94; 
ttag +60 77/66/48/68/58; 
ttag +61 13/[3]/?/6/?; 
ttag +62 40/33/24/36/18; 
ttag +63 8/[3]/?/?/?; 
ttag +64 21/12/4/21/7; 
ttag +65 71/60/64/54/45; 
ttag +66 59/53/47/62/52; 
ttag +67 76/62/52/64/65; 
ttag +68 86/82/74/84/71; 
ttag +69 100/100/100/100/100; 
ttag +70 67/58/55/65/48; 
ttag +71 46/33/18/37/26; 
ttag +72 80/70/66/84/63; 
ttag +73 99/98/98/100/95; 
ttag +74 54/40/32/42/33; 
ttag +75 62/49/45/52/45; 
ttag +76 66/52/37/45/38; 
ttag +77 81/72/70/62/71; 
ttag +78 57/48/33/43/30; 
ttag +79 77/63/60/66/56; 
ttag +80 85/80/83/91/77; 
ttag +81 60/56/40/57/39; 
ttag +82 91/90/78/91/82; 
ttag +83 34/[4]/?/?/?; 
ttag +84 88/86/75/88/78; 
ttag +85 98/98/93/96/93; 
ttag +86 86/78/64/80/56; 
ttag +87 84/78/66/82/59; 
ttag +88 98/96/94/99/92; 
ttag +89 74/69/51/66/46; 
ttag +90 66/54/33/50/29; 
ttag +91 99/99/99/98/98; 
ttag +92 78/72/60/72/62; 
ttag +93 26/6/?/?/?; 
ttag +94 45/25/18/14/3; 
