tread
'Tree with tags' 
(0 ((1 (2 3 ))(4 (5 (((6 7 )(8 (9 10 )))(11 ((12 13 )((14 ((15 16 17 )(18 (19 20 ))))(21 ((22 (23 (24 25 )))(26 (27 (28 ((29 (30 31 ))(32 ((33 34 )(35 (36 (37 (38 39 ))))))(40 41 (42 43 ))(44 45 46 47 ))))))))))))))); 
ttag *!; 
ttag +49 1; 
ttag +50 ???; 
ttag +51 6; 
ttag +52 5; 
ttag +53 3; 
ttag +54 1; 
ttag +55 1; 
ttag +56 4; 
ttag +57 12; 
ttag +58 5; 
ttag +59 1; 
ttag +60 3; 
ttag +61 1; 
ttag +62 1; 
ttag +63 1; 
ttag +64 2; 
ttag +65 2; 
ttag +66 3; 
ttag +67 10; 
ttag +68 3; 
ttag +69 6; 
ttag +70 2; 
ttag +71 1; 
ttag +72 6; 
ttag +73 1; 
ttag +74 1; 
ttag +75 2; 
ttag +76 2; 
ttag +77 1; 
ttag +78 4; 
ttag +79 3; 
ttag +80 9; 
ttag +81 1; 
ttag +82 2; 
ttag +83 2; 
ttag +84 2; 
ttag +85 3; 
ttag +86 5; 
ttag +87 6; 
ttag +88 2; 
tread
'Tree with tags' 
(0 ((1 (2 3 ))(4 (5 (((6 7 )(8 (9 10 )))(11 ((12 13 )((14 ((15 (16 17 ))(18 (19 20 ))))(21 ((22 (23 (24 25 )))(26 (27 (28 ((((29 (30 31 ))(32 ((33 34 )(35 (36 (37 (38 39 )))))))(40 (41 (42 43 ))))(47 (44 (45 46 ))))))))))))))))); 
ttag *!; 
ttag +0 ////; 
ttag +1 ////; 
ttag +2 ////; 
ttag +3 ////; 
ttag +4 ////; 
ttag +5 ////; 
ttag +6 ////; 
ttag +7 ////; 
ttag +8 ////; 
ttag +9 ////; 
ttag +10 ////; 
ttag +11 ////; 
ttag +12 ////; 
ttag +13 ////; 
ttag +14 ////; 
ttag +15 ////; 
ttag +16 ////; 
ttag +17 ////; 
ttag +18 ////; 
ttag +19 ////; 
ttag +20 ////; 
ttag +21 ////; 
ttag +22 ////; 
ttag +23 ////; 
ttag +24 ////; 
ttag +25 ////; 
ttag +26 ////; 
ttag +27 ////; 
ttag +28 ////; 
ttag +29 ////; 
ttag +30 ////; 
ttag +31 ////; 
ttag +32 ////; 
ttag +33 ////; 
ttag +34 ////; 
ttag +35 ////; 
ttag +36 ////; 
ttag +37 ////; 
ttag +38 ////; 
ttag +39 ////; 
ttag +40 ////; 
ttag +41 ////; 
ttag +42 ////; 
ttag +43 ////; 
ttag +44 ////; 
ttag +45 ////; 
ttag +46 ////; 
ttag +47 ////; 
ttag +48 ////; 
ttag +49 56/28/14/45/26; 
ttag +50 100/100/100/100/100; 
ttag +51 87/82/80/94/79; 
ttag +52 86/83/79/89/73; 
ttag +53 71/65/59/76/57; 
ttag +54 74/64/51/65/63; 
ttag +55 34/22/19/21/16; 
ttag +56 72/66/55/74/55; 
ttag +57 100/100/100/100/99; 
ttag +58 95/93/92/92/87; 
ttag +59 26/14/8/16/6; 
ttag +60 56/50/36/48/36; 
ttag +61 15/6/0/13/1; 
ttag +62 36/26/14/29/17; 
ttag +63 20/13/7/17/4; 
ttag +64 83/78/71/76/69; 
ttag +65 61/56/32/47/36; 
ttag +66 35/3/?/0/4; 
ttag +67 70/55/45/57/41; 
ttag +68 99/98/100/99/100; 
ttag +69 63/59/40/55/42; 
ttag +70 94/94/88/98/93; 
ttag +71 68/62/44/59/53; 
ttag +72 64/43/43/36/44; 
ttag +73 99/98/97/98/97; 
ttag +74 56/47/32/41/34; 
ttag +75 62/53/31/53/39; 
ttag +76 81/78/59/74/68; 
ttag +77 77/72/61/72/63; 
ttag +78 26/13/3/10/7; 
ttag +79 6/[12]/?/?/?; 
ttag +80 60/53/47/58/45; 
ttag +81 90/88/80/90/82; 
ttag +82 79/77/66/79/70; 
ttag +83 100/100/97/100/97; 
ttag +84 55/46/30/48/32; 
ttag +85 56/48/36/49/33; 
ttag +86 55/49/34/51/42; 
ttag +87 56/46/33/46/38; 
ttag +88 67/53/42/64/51; 
ttag +89 96/95/86/96/89; 
ttag +90 56/33/24/44/31; 
ttag +91 98/98/98/99/99; 
ttag +92 3/[66]/?/?/?; 
ttag +93 75/69/58/73/65; 
ttag +94 4/[64]/?/?/?; 
