tread
'Tree with tags' 
(0 (1 ((2 3 )(4 (5 (11 12 13 (6 7 )(8 9 10 )(((14 (15 (16 17 )))(18 (19 20 )))(21 ((22 (23 (24 25 )))(26 (27 (28 (((29 (30 31 ))(32 (33 (34 (35 (36 (37 (38 39 ))))))))((40 (41 (42 43 )))(45 47 (44 46 )))))))))))))))); 
ttag *!; 
ttag +49 ???; 
ttag +50 5; 
ttag +51 5; 
ttag +52 5; 
ttag +53 1; 
ttag +54 1; 
ttag +55 1; 
ttag +56 8; 
ttag +57 1; 
ttag +58 3; 
ttag +59 3; 
ttag +60 2; 
ttag +61 1; 
ttag +62 6; 
ttag +63 9; 
ttag +64 2; 
ttag +65 8; 
ttag +66 7; 
ttag +67 5; 
ttag +68 7; 
ttag +69 7; 
ttag +70 3; 
ttag +71 5; 
ttag +72 6; 
ttag +73 1; 
ttag +74 5; 
ttag +75 8; 
ttag +76 6; 
ttag +77 3; 
ttag +78 1; 
ttag +79 1; 
ttag +80 3; 
ttag +81 9; 
ttag +82 1; 
ttag +83 6; 
ttag +84 2; 
ttag +85 1; 
ttag +86 13; 
ttag +87 2; 
ttag +88 1; 
tread
'Tree with tags' 
(0 (1 ((2 3 )(4 (5 ((6 7 )(11 ((13 (9 (8 10 )))(12 (((14 (15 (16 17 )))(18 (19 20 )))(21 ((22 (23 (24 25 )))(26 (27 (28 (((29 (30 31 ))(32 (33 (34 (35 (36 (37 (38 39 ))))))))((40 (41 (42 43 )))(47 (45 (44 46 )))))))))))))))))))); 
ttag *!; 
ttag +0 ////; 
ttag +1 ////; 
ttag +2 ////; 
ttag +3 ////; 
ttag +4 ////; 
ttag +5 ////; 
ttag +6 ////; 
ttag +7 ////; 
ttag +8 ////; 
ttag +9 ////; 
ttag +10 ////; 
ttag +11 ////; 
ttag +12 ////; 
ttag +13 ////; 
ttag +14 ////; 
ttag +15 ////; 
ttag +16 ////; 
ttag +17 ////; 
ttag +18 ////; 
ttag +19 ////; 
ttag +20 ////; 
ttag +21 ////; 
ttag +22 ////; 
ttag +23 ////; 
ttag +24 ////; 
ttag +25 ////; 
ttag +26 ////; 
ttag +27 ////; 
ttag +28 ////; 
ttag +29 ////; 
ttag +30 ////; 
ttag +31 ////; 
ttag +32 ////; 
ttag +33 ////; 
ttag +34 ////; 
ttag +35 ////; 
ttag +36 ////; 
ttag +37 ////; 
ttag +38 ////; 
ttag +39 ////; 
ttag +40 ////; 
ttag +41 ////; 
ttag +42 ////; 
ttag +43 ////; 
ttag +44 ////; 
ttag +45 ////; 
ttag +46 ////; 
ttag +47 ////; 
ttag +48 ////; 
ttag +49 100/100/100/100/100; 
ttag +50 96/96/84/94/84; 
ttag +51 98/97/92/97/94; 
ttag +52 93/92/76/90/80; 
ttag +53 55/39/40/38/33; 
ttag +54 28/2/4/?/?; 
ttag +55 53/42/29/40/26; 
ttag +56 16/[48]/?/?/?; 
ttag +57 100/100/97/99/99; 
ttag +58 13/[4]/?/?/?; 
ttag +59 25/8/?/4/?; 
ttag +60 18/1/?/1/?; 
ttag +61 12/0/?/?/?; 
ttag +62 28/[10]/?/3/?; 
ttag +63 84/79/66/80/72; 
ttag +64 68/64/42/67/50; 
ttag +65 70/57/42/65/45; 
ttag +66 45/24/22/36/18; 
ttag +67 98/98/95/98/98; 
ttag +68 100/100/100/99/100; 
ttag +69 57/34/22/39/30; 
ttag +70 97/96/81/98/90; 
ttag +71 94/92/85/94/84; 
ttag +72 98/97/92/97/94; 
ttag +73 99/98/95/98/97; 
ttag +74 94/93/81/98/86; 
ttag +75 78/73/49/81/54; 
ttag +76 88/87/68/92/74; 
ttag +77 86/82/79/87/76; 
ttag +78 43/33/25/34/25; 
ttag +79 74/72/52/84/63; 
ttag +80 100/100/99/99/98; 
ttag +81 94/93/79/95/84; 
ttag +82 85/84/80/88/73; 
ttag +83 50/33/18/36/16; 
ttag +84 39/29/29/36/31; 
ttag +85 84/80/69/80/63; 
ttag +86 99/99/98/100/97; 
ttag +87 49/19/14/26/18; 
ttag +88 85/83/72/92/79; 
ttag +89 56/52/36/56/35; 
ttag +90 46/23/10/27/19; 
ttag +91 100/100/100/100/99; 
ttag +92 66/63/59/72/57; 
ttag +93 5/[9]/?/?/0; 
ttag +94 41/23/23/29/23; 
