tread
'Tree with tags' 
(0 (1 ((2 3 )((4 5 )(((11 (6 7 ))(8 (9 10 )))(13 (12 ((14 (15 (16 17 )))((18 (19 20 ))(21 ((22 (23 (24 25 )))(26 (27 ((28 (((32 (35 (36 (37 38 39 ))))(33 34 ))(45 47 (44 (46 (40 (41 (42 43 ))))))))(29 (30 31 )))))))))))))))); 
ttag *!; 
ttag +49 ???; 
ttag +50 7; 
ttag +51 4; 
ttag +52 3; 
ttag +53 4; 
ttag +54 3; 
ttag +55 2; 
ttag +56 3; 
ttag +57 3; 
ttag +58 6; 
ttag +59 5; 
ttag +60 3; 
ttag +61 2; 
ttag +62 1; 
ttag +63 2; 
ttag +64 4; 
ttag +65 4; 
ttag +66 7; 
ttag +67 1; 
ttag +68 11; 
ttag +69 1; 
ttag +70 6; 
ttag +71 1; 
ttag +72 6; 
ttag +73 6; 
ttag +74 6; 
ttag +75 3; 
ttag +76 1; 
ttag +77 2; 
ttag +78 4; 
ttag +79 3; 
ttag +80 1; 
ttag +81 6; 
ttag +82 2; 
ttag +83 6; 
ttag +84 2; 
ttag +85 1; 
ttag +86 10; 
ttag +87 6; 
ttag +88 1; 
ttag +89 1; 
ttag +90 1; 
ttag +91 2; 
ttag +92 8; 
tread
'Tree with tags' 
(0 (1 ((2 3 )((4 5 )(((11 (6 7 ))(8 (9 10 )))(13 (12 ((14 (15 (16 17 )))((18 (19 20 ))(21 ((22 (23 (24 25 )))(26 (27 ((28 (((32 (35 (36 (38 (37 39 )))))(33 34 ))(47 (45 (44 (46 (40 (41 (42 43 )))))))))(29 (30 31 )))))))))))))))); 
ttag *!; 
ttag +0 ////; 
ttag +1 ////; 
ttag +2 ////; 
ttag +3 ////; 
ttag +4 ////; 
ttag +5 ////; 
ttag +6 ////; 
ttag +7 ////; 
ttag +8 ////; 
ttag +9 ////; 
ttag +10 ////; 
ttag +11 ////; 
ttag +12 ////; 
ttag +13 ////; 
ttag +14 ////; 
ttag +15 ////; 
ttag +16 ////; 
ttag +17 ////; 
ttag +18 ////; 
ttag +19 ////; 
ttag +20 ////; 
ttag +21 ////; 
ttag +22 ////; 
ttag +23 ////; 
ttag +24 ////; 
ttag +25 ////; 
ttag +26 ////; 
ttag +27 ////; 
ttag +28 ////; 
ttag +29 ////; 
ttag +30 ////; 
ttag +31 ////; 
ttag +32 ////; 
ttag +33 ////; 
ttag +34 ////; 
ttag +35 ////; 
ttag +36 ////; 
ttag +37 ////; 
ttag +38 ////; 
ttag +39 ////; 
ttag +40 ////; 
ttag +41 ////; 
ttag +42 ////; 
ttag +43 ////; 
ttag +44 ////; 
ttag +45 ////; 
ttag +46 ////; 
ttag +47 ////; 
ttag +48 ////; 
ttag +49 100/100/100/100/100; 
ttag +50 95/93/90/97/88; 
ttag +51 90/87/70/86/70; 
ttag +52 59/46/32/40/26; 
ttag +53 80/78/58/77/56; 
ttag +54 70/66/46/65/60; 
ttag +55 34/12/2/12/?; 
ttag +56 37/15/13/16/1; 
ttag +57 52/44/28/44/38; 
ttag +58 97/95/90/96/91; 
ttag +59 99/98/96/99/97; 
ttag +60 36/25/13/29/10; 
ttag +61 43/31/21/31/18; 
ttag +62 18/[15]/?/?/?; 
ttag +63 37/26/12/28/12; 
ttag +64 94/93/86/92/86; 
ttag +65 94/92/92/94/88; 
ttag +66 98/98/99/98/98; 
ttag +67 10/[23]/?/?/?; 
ttag +68 100/100/100/100/100; 
ttag +69 34/23/11/27/12; 
ttag +70 94/94/82/95/81; 
ttag +71 41/28/25/29/28; 
ttag +72 97/96/88/97/88; 
ttag +73 96/96/84/98/88; 
ttag +74 98/97/89/94/90; 
ttag +75 65/48/34/47/32; 
ttag +76 30/[6]/?/?/?; 
ttag +77 58/51/31/43/39; 
ttag +78 89/86/81/85/82; 
ttag +79 80/75/68/73/66; 
ttag +80 42/19/15/14/14; 
ttag +81 99/98/91/96/91; 
ttag +82 64/59/41/52/42; 
ttag +83 93/91/84/94/83; 
ttag +84 73/67/48/62/49; 
ttag +85 48/15/?/7/3; 
ttag +86 22/[26]/?/?/?; 
ttag +87 99/98/96/99/96; 
ttag +88 96/96/86/92/86; 
ttag +89 31/6/3/3/0; 
ttag +90 12/[12]/?/?/?; 
ttag +91 12/[12]/?/?/?; 
ttag +92 34/9/15/22/6; 
ttag +93 78/65/40/66/51; 
ttag +94 100/100/98/98/98; 
