tread
'Tree with tags' 
(0 (1 4 5 (2 3 )(6 (7 (8 (9 10 ))))(11 (21 (12 13 )(14 ((15 (16 17 ))(18 (19 20 ))))(26 (22 (23 (24 25 )))(27 (28 (((29 (30 31 ))(((32 (35 (36 (37 (38 39 )))))(33 34 ))(40 (41 (42 43 )))))(44 47 (45 46 )))))))))); 
ttag *!; 
ttag +49 ???; 
ttag +50 3; 
ttag +51 2; 
ttag +52 1; 
ttag +53 11; 
ttag +54 2; 
ttag +55 1; 
ttag +56 2; 
ttag +57 3; 
ttag +58 2; 
ttag +59 7; 
ttag +60 6; 
ttag +61 1; 
ttag +62 5; 
ttag +63 13; 
ttag +64 3; 
ttag +65 3; 
ttag +66 6; 
ttag +67 4; 
ttag +68 3; 
ttag +69 2; 
ttag +70 7; 
ttag +71 2; 
ttag +72 3; 
ttag +73 4; 
ttag +74 2; 
ttag +75 4; 
ttag +76 2; 
ttag +77 5; 
ttag +78 3; 
ttag +79 3; 
ttag +80 6; 
ttag +81 1; 
ttag +82 4; 
ttag +83 2; 
ttag +84 9; 
ttag +85 3; 
ttag +86 1; 
tread
'Tree with tags' 
(0 (((1 4 )((5 (11 (((12 13 )(21 (14 ((15 (16 17 ))(18 (19 20 ))))))((22 (23 (24 25 )))(26 (27 (28 (((29 (30 31 ))(((32 (35 (36 (37 (38 39 )))))(33 34 ))(40 (41 (42 43 )))))(47 (44 (45 46 )))))))))))(6 (7 (8 (9 10 ))))))(2 3 ))); 
ttag *!; 
ttag +0 ////; 
ttag +1 ////; 
ttag +2 ////; 
ttag +3 ////; 
ttag +4 ////; 
ttag +5 ////; 
ttag +6 ////; 
ttag +7 ////; 
ttag +8 ////; 
ttag +9 ////; 
ttag +10 ////; 
ttag +11 ////; 
ttag +12 ////; 
ttag +13 ////; 
ttag +14 ////; 
ttag +15 ////; 
ttag +16 ////; 
ttag +17 ////; 
ttag +18 ////; 
ttag +19 ////; 
ttag +20 ////; 
ttag +21 ////; 
ttag +22 ////; 
ttag +23 ////; 
ttag +24 ////; 
ttag +25 ////; 
ttag +26 ////; 
ttag +27 ////; 
ttag +28 ////; 
ttag +29 ////; 
ttag +30 ////; 
ttag +31 ////; 
ttag +32 ////; 
ttag +33 ////; 
ttag +34 ////; 
ttag +35 ////; 
ttag +36 ////; 
ttag +37 ////; 
ttag +38 ////; 
ttag +39 ////; 
ttag +40 ////; 
ttag +41 ////; 
ttag +42 ////; 
ttag +43 ////; 
ttag +44 ////; 
ttag +45 ////; 
ttag +46 ////; 
ttag +47 ////; 
ttag +48 ////; 
ttag +49 14/[35]/?/?/?; 
ttag +50 17/[32]/?/?/?; 
ttag +51 100/100/100/100/100; 
ttag +52 91/88/79/83/74; 
ttag +53 14/[7]/?/7/?; 
ttag +54 10/[11]/?/0/?; 
ttag +55 68/64/50/57/52; 
ttag +56 41/18/7/18/7; 
ttag +57 99/99/100/100/99; 
ttag +58 80/74/76/88/75; 
ttag +59 28/7/1/15/7; 
ttag +60 69/65/57/72/57; 
ttag +61 14/[9]/?/?/?; 
ttag +62 63/58/41/68/51; 
ttag +63 41/35/16/37/22; 
ttag +64 20/[3]/?/?/?; 
ttag +65 100/100/98/98/98; 
ttag +66 81/76/59/82/68; 
ttag +67 44/24/12/35/18; 
ttag +68 97/96/93/96/93; 
ttag +69 100/100/100/100/100; 
ttag +70 82/79/68/76/70; 
ttag +71 75/72/57/73/62; 
ttag +72 97/96/90/97/84; 
ttag +73 97/96/86/90/86; 
ttag +74 36/19/20/26/21; 
ttag +75 70/63/45/68/48; 
ttag +76 68/63/51/70/54; 
ttag +77 93/91/84/94/86; 
ttag +78 16/1/?/2/?; 
ttag +79 48/33/21/39/29; 
ttag +80 84/73/55/80/65; 
ttag +81 36/9/8/8/3; 
ttag +82 68/60/56/73/57; 
ttag +83 20/1/?/9/?; 
ttag +84 88/86/82/88/70; 
ttag +85 62/52/44/52/44; 
ttag +86 77/74/67/75/62; 
ttag +87 99/99/92/99/95; 
ttag +88 54/42/32/38/21; 
ttag +89 80/79/68/86/68; 
ttag +90 54/24/18/18/17; 
ttag +91 99/99/98/99/99; 
ttag +92 10/[12]/?/?/?; 
ttag +93 47/40/29/40/28; 
ttag +94 30/14/0/10/3; 
