tread
'Tree with tags' 
(0 (1 ((2 3 )(4 5 ((6 7 )(8 (9 10 )))(11 ((12 13 )(14 21 (15 (16 17 ))(18 (19 20 ))((22 (23 (24 25 )))((26 27 )((28 ((32 (35 (36 (38 (37 39 )))))(33 34 )))((29 (30 31 ))((40 (41 (42 43 )))(47 (46 (44 45 ))))))))))))))); 
ttag *!; 
ttag +49 ???; 
ttag +50 4; 
ttag +51 4; 
ttag +52 7; 
ttag +53 1; 
ttag +54 1; 
ttag +55 2; 
ttag +56 1; 
ttag +57 2; 
ttag +58 2; 
ttag +59 2; 
ttag +60 1; 
ttag +61 7; 
ttag +62 3; 
ttag +63 4; 
ttag +64 6; 
ttag +65 3; 
ttag +66 3; 
ttag +67 8; 
ttag +68 2; 
ttag +69 2; 
ttag +70 5; 
ttag +71 1; 
ttag +72 4; 
ttag +73 3; 
ttag +74 1; 
ttag +75 4; 
ttag +76 1; 
ttag +77 8; 
ttag +78 7; 
ttag +79 2; 
ttag +80 4; 
ttag +81 1; 
ttag +82 1; 
ttag +83 8; 
ttag +84 2; 
ttag +85 3; 
ttag +86 7; 
ttag +87 1; 
ttag +88 1; 
ttag +89 1; 
tread
'Tree with tags' 
(0 (1 ((2 3 )((4 (5 (11 ((12 13 )((14 (18 (19 20 )))((15 (16 17 ))(21 ((22 (23 (24 25 )))((26 27 )((28 ((32 (35 (36 (38 (37 39 )))))(33 34 )))((29 (30 31 ))((40 (41 (42 43 )))(47 (46 (44 45 )))))))))))))))((6 7 )(8 (9 10 ))))))); 
ttag *!; 
ttag +0 ////; 
ttag +1 ////; 
ttag +2 ////; 
ttag +3 ////; 
ttag +4 ////; 
ttag +5 ////; 
ttag +6 ////; 
ttag +7 ////; 
ttag +8 ////; 
ttag +9 ////; 
ttag +10 ////; 
ttag +11 ////; 
ttag +12 ////; 
ttag +13 ////; 
ttag +14 ////; 
ttag +15 ////; 
ttag +16 ////; 
ttag +17 ////; 
ttag +18 ////; 
ttag +19 ////; 
ttag +20 ////; 
ttag +21 ////; 
ttag +22 ////; 
ttag +23 ////; 
ttag +24 ////; 
ttag +25 ////; 
ttag +26 ////; 
ttag +27 ////; 
ttag +28 ////; 
ttag +29 ////; 
ttag +30 ////; 
ttag +31 ////; 
ttag +32 ////; 
ttag +33 ////; 
ttag +34 ////; 
ttag +35 ////; 
ttag +36 ////; 
ttag +37 ////; 
ttag +38 ////; 
ttag +39 ////; 
ttag +40 ////; 
ttag +41 ////; 
ttag +42 ////; 
ttag +43 ////; 
ttag +44 ////; 
ttag +45 ////; 
ttag +46 ////; 
ttag +47 ////; 
ttag +48 ////; 
ttag +49 100/100/100/100/100; 
ttag +50 86/80/77/79/76; 
ttag +51 84/77/70/81/62; 
ttag +52 32/20/14/8/17; 
ttag +53 98/98/96/98/96; 
ttag +54 24/[6]/?/?/?; 
ttag +55 60/50/49/50/44; 
ttag +56 39/9/11/21/3; 
ttag +57 62/36/40/54/34; 
ttag +58 27/1/?/10/?; 
ttag +59 74/66/55/66/54; 
ttag +60 78/75/62/71/58; 
ttag +61 74/70/62/68/54; 
ttag +62 42/12/6/8/?; 
ttag +63 43/30/28/38/23; 
ttag +64 99/99/98/97/95; 
ttag +65 28/[1]/?/8/?; 
ttag +66 87/82/80/78/74; 
ttag +67 96/94/89/94/90; 
ttag +68 99/98/97/99/98; 
ttag +69 56/39/42/37/44; 
ttag +70 76/71/57/69/59; 
ttag +71 65/60/40/53/40; 
ttag +72 99/99/94/99/96; 
ttag +73 66/45/37/49/34; 
ttag +74 44/28/23/34/16; 
ttag +75 58/48/36/60/32; 
ttag +76 13/[19]/?/?/?; 
ttag +77 58/48/38/58/38; 
ttag +78 50/42/32/52/33; 
ttag +79 10/[10]/?/?/?; 
ttag +80 63/55/50/68/55; 
ttag +81 22/[12]/?/?/?; 
ttag +82 91/90/75/97/79; 
ttag +83 93/92/76/92/78; 
ttag +84 49/43/34/50/36; 
ttag +85 72/65/64/78/62; 
ttag +86 70/59/58/58/44; 
ttag +87 45/22/22/38/28; 
ttag +88 97/96/90/98/86; 
ttag +89 53/46/38/45/35; 
ttag +90 70/58/55/69/56; 
ttag +91 100/100/98/100/100; 
ttag +92 9/[12]/?/?/?; 
ttag +93 6/[30]/?/?/?; 
ttag +94 56/34/26/32/27; 
