tread
'Tree with tags' 
(0 (1 ((2 3 )(4 (((5 11 )((6 7 )(8 (9 10 ))))(13 (12 ((14 (18 (19 20 )))(17 (15 16 )))(21 ((22 (23 (24 25 )))(26 (27 (28 (((29 (30 31 ))(32 (33 34 )(35 (36 (37 (38 39 ))))))(40 (41 (42 43 )))(47 (44 45 46 ))))))))))))))); 
ttag *!; 
ttag +49 ???; 
ttag +50 5; 
ttag +51 5; 
ttag +52 2; 
ttag +53 1; 
ttag +54 1; 
ttag +55 1; 
ttag +56 1; 
ttag +57 6; 
ttag +58 9; 
ttag +59 1; 
ttag +60 1; 
ttag +61 1; 
ttag +62 2; 
ttag +63 1; 
ttag +64 2; 
ttag +65 7; 
ttag +66 3; 
ttag +67 11; 
ttag +68 1; 
ttag +69 7; 
ttag +70 4; 
ttag +71 3; 
ttag +72 9; 
ttag +73 5; 
ttag +74 3; 
ttag +75 3; 
ttag +76 4; 
ttag +77 1; 
ttag +78 3; 
ttag +79 7; 
ttag +80 3; 
ttag +81 5; 
ttag +82 1; 
ttag +83 3; 
ttag +84 7; 
ttag +85 1; 
ttag +86 5; 
ttag +87 4; 
ttag +88 4; 
ttag +89 1; 
ttag +90 1; 
tread
'Tree with tags' 
(0 (1 ((2 3 )(4 (((5 11 )((6 7 )(8 (9 10 ))))(13 ((12 (21 ((22 (23 (24 25 )))(26 (27 (28 ((((29 (30 31 ))((32 (35 (36 (37 (38 39 )))))(33 34 )))(47 (45 (44 46 ))))(40 (41 (42 43 ))))))))))((14 (18 (19 20 )))(17 (15 16 )))))))))); 
ttag *!; 
ttag +0 ////; 
ttag +1 ////; 
ttag +2 ////; 
ttag +3 ////; 
ttag +4 ////; 
ttag +5 ////; 
ttag +6 ////; 
ttag +7 ////; 
ttag +8 ////; 
ttag +9 ////; 
ttag +10 ////; 
ttag +11 ////; 
ttag +12 ////; 
ttag +13 ////; 
ttag +14 ////; 
ttag +15 ////; 
ttag +16 ////; 
ttag +17 ////; 
ttag +18 ////; 
ttag +19 ////; 
ttag +20 ////; 
ttag +21 ////; 
ttag +22 ////; 
ttag +23 ////; 
ttag +24 ////; 
ttag +25 ////; 
ttag +26 ////; 
ttag +27 ////; 
ttag +28 ////; 
ttag +29 ////; 
ttag +30 ////; 
ttag +31 ////; 
ttag +32 ////; 
ttag +33 ////; 
ttag +34 ////; 
ttag +35 ////; 
ttag +36 ////; 
ttag +37 ////; 
ttag +38 ////; 
ttag +39 ////; 
ttag +40 ////; 
ttag +41 ////; 
ttag +42 ////; 
ttag +43 ////; 
ttag +44 ////; 
ttag +45 ////; 
ttag +46 ////; 
ttag +47 ////; 
ttag +48 ////; 
ttag +49 100/100/100/100/100; 
ttag +50 97/96/97/97/90; 
ttag +51 94/92/85/94/88; 
ttag +52 64/56/46/62/48; 
ttag +53 32/15/16/15/18; 
ttag +54 15/[4]/?/0/?; 
ttag +55 19/[2]/?/?/?; 
ttag +56 53/37/35/34/37; 
ttag +57 98/98/94/98/95; 
ttag +58 100/100/100/100/100; 
ttag +59 53/34/32/53/34; 
ttag +60 2/[13]/?/?/?; 
ttag +61 5/[10]/?/?/?; 
ttag +62 12/[6]/?/?/?; 
ttag +63 62/52/49/66/43; 
ttag +64 48/35/31/45/36; 
ttag +65 57/39/28/44/30; 
ttag +66 91/88/78/91/80; 
ttag +67 84/80/62/80/60; 
ttag +68 100/100/100/99/100; 
ttag +69 36/29/21/20/8; 
ttag +70 100/100/98/99/98; 
ttag +71 74/67/57/72/50; 
ttag +72 79/72/61/72/66; 
ttag +73 100/100/99/100/100; 
ttag +74 89/86/78/89/74; 
ttag +75 65/51/42/50/37; 
ttag +76 87/86/75/86/76; 
ttag +77 93/91/93/90/86; 
ttag +78 44/20/20/27/14; 
ttag +79 2/[41]/?/?/?; 
ttag +80 76/71/64/79/70; 
ttag +81 98/98/98/99/98; 
ttag +82 15/2/5/10/0; 
ttag +83 88/85/74/90/76; 
ttag +84 96/94/89/94/88; 
ttag +85 50/38/39/30/27; 
ttag +86 86/81/63/79/66; 
ttag +87 99/99/96/100/97; 
ttag +88 37/20/4/4/?; 
ttag +89 95/93/84/96/85; 
ttag +90 96/94/86/93/82; 
ttag +91 97/97/96/96/98; 
ttag +92 32/17/19/16/10; 
ttag +93 41/28/21/31/16; 
ttag +94 56/43/36/36/32; 
