tread
'Tree with tags' 
(0 (1 ((2 3 )(((4 5 )(11 (13 (12 ((14 ((15 (16 17 ))(18 (19 20 ))))(21 ((22 (23 (24 25 )))(26 (27 ((28 (((47 ((32 (33 34 ))(35 (36 (37 (38 39 ))))))(44 (45 46 )))(40 (41 (42 43 )))))(29 (30 31 ))))))))))))((6 7 )(8 (9 10 ))))))); 
ttag *!; 
ttag +49 ???; 
ttag +50 10; 
ttag +51 4; 
ttag +52 1; 
ttag +53 1; 
ttag +54 5; 
ttag +55 2; 
ttag +56 2; 
ttag +57 10; 
ttag +58 3; 
ttag +59 1; 
ttag +60 1; 
ttag +61 1; 
ttag +62 3; 
ttag +63 1; 
ttag +64 6; 
ttag +65 5; 
ttag +66 4; 
ttag +67 11; 
ttag +68 12; 
ttag +69 5; 
ttag +70 6; 
ttag +71 4; 
ttag +72 10; 
ttag +73 6; 
ttag +74 3; 
ttag +75 4; 
ttag +76 1; 
ttag +77 2; 
ttag +78 1; 
ttag +79 5; 
ttag +80 1; 
ttag +81 3; 
ttag +82 1; 
ttag +83 1; 
ttag +84 4; 
ttag +85 6; 
ttag +86 5; 
ttag +87 2; 
ttag +88 4; 
ttag +89 1; 
ttag +90 6; 
ttag +91 1; 
ttag +92 7; 
ttag +93 1; 
ttag +94 1; 
tread
'Tree with tags' 
(0 (1 ((2 3 )(((4 5 )(11 (13 (12 ((14 ((15 (16 17 ))(18 (19 20 ))))(21 ((22 (23 (24 25 )))(26 (27 ((28 (((47 ((32 (33 34 ))(35 (36 (37 (38 39 ))))))(44 (45 46 )))(40 (41 (42 43 )))))(29 (30 31 ))))))))))))((6 7 )(8 (9 10 ))))))); 
ttag *!; 
ttag +0 ////; 
ttag +1 ////; 
ttag +2 ////; 
ttag +3 ////; 
ttag +4 ////; 
ttag +5 ////; 
ttag +6 ////; 
ttag +7 ////; 
ttag +8 ////; 
ttag +9 ////; 
ttag +10 ////; 
ttag +11 ////; 
ttag +12 ////; 
ttag +13 ////; 
ttag +14 ////; 
ttag +15 ////; 
ttag +16 ////; 
ttag +17 ////; 
ttag +18 ////; 
ttag +19 ////; 
ttag +20 ////; 
ttag +21 ////; 
ttag +22 ////; 
ttag +23 ////; 
ttag +24 ////; 
ttag +25 ////; 
ttag +26 ////; 
ttag +27 ////; 
ttag +28 ////; 
ttag +29 ////; 
ttag +30 ////; 
ttag +31 ////; 
ttag +32 ////; 
ttag +33 ////; 
ttag +34 ////; 
ttag +35 ////; 
ttag +36 ////; 
ttag +37 ////; 
ttag +38 ////; 
ttag +39 ////; 
ttag +40 ////; 
ttag +41 ////; 
ttag +42 ////; 
ttag +43 ////; 
ttag +44 ////; 
ttag +45 ////; 
ttag +46 ////; 
ttag +47 ////; 
ttag +48 ////; 
ttag +49 100/100/100/100/100; 
ttag +50 100/100/100/100/99; 
ttag +51 84/80/68/81/67; 
ttag +52 51/39/41/29/41; 
ttag +53 6/[12]/?/?/?; 
ttag +54 83/79/68/85/70; 
ttag +55 29/[5]/?/?/?; 
ttag +56 27/16/5/17/12; 
ttag +57 100/100/100/100/98; 
ttag +58 80/69/50/72/62; 
ttag +59 20/5/0/3/?; 
ttag +60 9/[6]/?/?/?; 
ttag +61 22/6/?/7/?; 
ttag +62 48/38/21/54/23; 
ttag +63 17/2/?/5/?; 
ttag +64 92/91/86/91/80; 
ttag +65 68/58/45/68/40; 
ttag +66 86/81/72/88/74; 
ttag +67 96/95/95/96/92; 
ttag +68 100/100/100/100/100; 
ttag +69 57/42/31/43/24; 
ttag +70 82/79/64/81/71; 
ttag +71 59/44/38/44/34; 
ttag +72 100/100/100/100/99; 
ttag +73 97/96/90/94/90; 
ttag +74 90/88/77/91/77; 
ttag +75 76/72/60/72/50; 
ttag +76 23/[12]/?/?/?; 
ttag +77 72/67/59/77/63; 
ttag +78 69/57/60/62/60; 
ttag +79 93/92/88/94/92; 
ttag +80 48/33/24/33/17; 
ttag +81 76/72/58/72/59; 
ttag +82 10/[34]/?/?/?; 
ttag +83 31/[13]/?/?/?; 
ttag +84 77/75/58/80/66; 
ttag +85 95/94/87/94/84; 
ttag +86 95/94/78/92/86; 
ttag +87 74/69/54/73/71; 
ttag +88 87/85/71/88/79; 
ttag +89 56/31/26/44/26; 
ttag +90 96/95/87/96/85; 
ttag +91 46/24/21/34/16; 
ttag +92 98/98/96/98/98; 
ttag +93 55/45/33/52/36; 
ttag +94 39/15/14/26/17; 
