tread
'Tree with tags' 
(0 (1 ((2 3 )(4 (5 11 ((6 7 )(8 (9 10 )))(12 13 )((14 (21 ((22 (23 (24 25 )))(26 27 28 ((29 (30 31 ))((32 ((33 34 )(35 (36 (39 (37 38 ))))))(40 41 (42 43 ))(47 (45 (44 46 )))))))))((15 (16 17 ))(18 (19 20 ))))))))); 
ttag *!; 
ttag +49 ???; 
ttag +50 8; 
ttag +51 2; 
ttag +52 2; 
ttag +53 1; 
ttag +54 1; 
ttag +55 1; 
ttag +56 14; 
ttag +57 2; 
ttag +58 1; 
ttag +59 1; 
ttag +60 2; 
ttag +61 7; 
ttag +62 1; 
ttag +63 3; 
ttag +64 8; 
ttag +65 14; 
ttag +66 3; 
ttag +67 4; 
ttag +68 4; 
ttag +69 6; 
ttag +70 8; 
ttag +71 2; 
ttag +72 2; 
ttag +73 4; 
ttag +74 6; 
ttag +75 5; 
ttag +76 1; 
ttag +77 10; 
ttag +78 1; 
ttag +79 2; 
ttag +80 2; 
ttag +81 1; 
ttag +82 7; 
ttag +83 9; 
ttag +84 6; 
ttag +85 2; 
ttag +86 2; 
ttag +87 1; 
tread
'Tree with tags' 
(0 (1 ((2 3 )(4 (5 (((6 7 )(8 (9 10 )))(11 ((12 13 )((14 (21 ((22 (23 (24 25 )))(28 ((26 27 )((29 (30 31 ))((32 ((33 34 )(35 (36 (39 (37 38 ))))))(((40 41 )(42 43 ))(47 (45 (44 46 )))))))))))((15 (16 17 ))(18 (19 20 )))))))))))); 
ttag *!; 
ttag +0 ////; 
ttag +1 ////; 
ttag +2 ////; 
ttag +3 ////; 
ttag +4 ////; 
ttag +5 ////; 
ttag +6 ////; 
ttag +7 ////; 
ttag +8 ////; 
ttag +9 ////; 
ttag +10 ////; 
ttag +11 ////; 
ttag +12 ////; 
ttag +13 ////; 
ttag +14 ////; 
ttag +15 ////; 
ttag +16 ////; 
ttag +17 ////; 
ttag +18 ////; 
ttag +19 ////; 
ttag +20 ////; 
ttag +21 ////; 
ttag +22 ////; 
ttag +23 ////; 
ttag +24 ////; 
ttag +25 ////; 
ttag +26 ////; 
ttag +27 ////; 
ttag +28 ////; 
ttag +29 ////; 
ttag +30 ////; 
ttag +31 ////; 
ttag +32 ////; 
ttag +33 ////; 
ttag +34 ////; 
ttag +35 ////; 
ttag +36 ////; 
ttag +37 ////; 
ttag +38 ////; 
ttag +39 ////; 
ttag +40 ////; 
ttag +41 ////; 
ttag +42 ////; 
ttag +43 ////; 
ttag +44 ////; 
ttag +45 ////; 
ttag +46 ////; 
ttag +47 ////; 
ttag +48 ////; 
ttag +49 100/100/100/100/100; 
ttag +50 100/100/98/99/98; 
ttag +51 67/58/43/57/44; 
ttag +52 59/51/30/49/29; 
ttag +53 38/30/8/29/12; 
ttag +54 52/35/34/45/46; 
ttag +55 58/51/30/52/30; 
ttag +56 8/0/?/?/?; 
ttag +57 100/100/99/100/100; 
ttag +58 75/68/58/66/54; 
ttag +59 8/0/?/?/?; 
ttag +60 76/72/65/68/61; 
ttag +61 28/3/?/?/?; 
ttag +62 26/18/11/20/7; 
ttag +63 34/28/20/34/21; 
ttag +64 97/97/92/98/94; 
ttag +65 46/38/29/41/29; 
ttag +66 79/67/46/74/54; 
ttag +67 95/94/87/95/88; 
ttag +68 100/100/100/100/100; 
ttag +69 48/39/28/45/25; 
ttag +70 78/72/63/81/64; 
ttag +71 66/63/43/70/43; 
ttag +72 99/99/93/98/94; 
ttag +73 100/100/98/100/96; 
ttag +74 29/3/10/?/13; 
ttag +75 13/[12]/?/?/?; 
ttag +76 76/70/55/77/57; 
ttag +77 61/56/51/64/49; 
ttag +78 69/64/50/74/57; 
ttag +79 96/96/92/98/94; 
ttag +80 94/92/88/94/90; 
ttag +81 42/28/36/47/24; 
ttag +82 100/100/99/99/98; 
ttag +83 46/32/35/43/33; 
ttag +84 66/61/47/61/49; 
ttag +85 76/68/58/70/66; 
ttag +86 64/49/52/36/35; 
ttag +87 98/98/94/99/95; 
ttag +88 42/16/19/9/13; 
ttag +89 100/100/98/100/100; 
ttag +90 27/[3]/?/?/?; 
ttag +91 96/95/95/97/92; 
ttag +92 58/48/42/54/40; 
ttag +93 48/38/36/48/30; 
ttag +94 56/46/40/46/30; 
