tread
'Tree with tags' 
(0 (1 ((2 3 )(4 (5 (((6 7 )(8 (9 10 )))(11 ((12 13 )(14 (21 (((15 (16 17 ))(18 (19 20 )))((22 (23 (24 25 )))(26 (27 (28 (29 30 31 )(32 (35 (33 34 )(36 (39 (37 38 )))))((41 (40 (42 43 )))(46 (45 (44 47 ))))))))))))))))))); 
ttag *!; 
ttag +49 ???; 
ttag +50 5; 
ttag +51 9; 
ttag +52 9; 
ttag +53 1; 
ttag +54 3; 
ttag +55 2; 
ttag +56 1; 
ttag +57 7; 
ttag +58 4; 
ttag +59 2; 
ttag +60 1; 
ttag +61 4; 
ttag +62 2; 
ttag +63 4; 
ttag +64 2; 
ttag +65 1; 
ttag +66 2; 
ttag +67 4; 
ttag +68 11; 
ttag +69 9; 
ttag +70 5; 
ttag +71 6; 
ttag +72 4; 
ttag +73 6; 
ttag +74 9; 
ttag +75 1; 
ttag +76 2; 
ttag +77 3; 
ttag +78 5; 
ttag +79 6; 
ttag +80 1; 
ttag +81 4; 
ttag +82 2; 
ttag +83 5; 
ttag +84 2; 
ttag +85 5; 
ttag +86 2; 
ttag +87 3; 
ttag +88 2; 
ttag +89 1; 
ttag +90 2; 
tread
'Tree with tags' 
(0 (1 ((2 3 )(4 (5 (((6 7 )(8 (9 10 )))(11 ((12 13 )(14 (21 (((15 (16 17 ))(18 (19 20 )))((22 (23 (24 25 )))(26 (27 (28 (((29 (30 31 ))((41 (40 (42 43 )))(46 (45 (44 47 )))))(32 (35 ((33 34 )(36 (39 (37 38 )))))))))))))))))))))); 
ttag *!; 
ttag +0 ////; 
ttag +1 ////; 
ttag +2 ////; 
ttag +3 ////; 
ttag +4 ////; 
ttag +5 ////; 
ttag +6 ////; 
ttag +7 ////; 
ttag +8 ////; 
ttag +9 ////; 
ttag +10 ////; 
ttag +11 ////; 
ttag +12 ////; 
ttag +13 ////; 
ttag +14 ////; 
ttag +15 ////; 
ttag +16 ////; 
ttag +17 ////; 
ttag +18 ////; 
ttag +19 ////; 
ttag +20 ////; 
ttag +21 ////; 
ttag +22 ////; 
ttag +23 ////; 
ttag +24 ////; 
ttag +25 ////; 
ttag +26 ////; 
ttag +27 ////; 
ttag +28 ////; 
ttag +29 ////; 
ttag +30 ////; 
ttag +31 ////; 
ttag +32 ////; 
ttag +33 ////; 
ttag +34 ////; 
ttag +35 ////; 
ttag +36 ////; 
ttag +37 ////; 
ttag +38 ////; 
ttag +39 ////; 
ttag +40 ////; 
ttag +41 ////; 
ttag +42 ////; 
ttag +43 ////; 
ttag +44 ////; 
ttag +45 ////; 
ttag +46 ////; 
ttag +47 ////; 
ttag +48 ////; 
ttag +49 100/100/100/100/100; 
ttag +50 94/92/89/95/88; 
ttag +51 99/99/98/100/99; 
ttag +52 99/98/96/98/96; 
ttag +53 38/8/3/22/12; 
ttag +54 78/68/63/70/64; 
ttag +55 59/40/34/49/39; 
ttag +56 48/29/17/32/18; 
ttag +57 99/98/97/99/98; 
ttag +58 93/92/93/95/91; 
ttag +59 73/69/65/66/54; 
ttag +60 19/8/?/5/5; 
ttag +61 76/70/65/76/62; 
ttag +62 30/19/5/16/7; 
ttag +63 97/96/88/96/88; 
ttag +64 49/38/32/45/30; 
ttag +65 8/[4]/?/?/?; 
ttag +66 17/3/?/6/?; 
ttag +67 86/80/70/83/67; 
ttag +68 99/99/100/100/99; 
ttag +69 100/100/99/100/100; 
ttag +70 87/84/74/86/78; 
ttag +71 64/51/48/52/46; 
ttag +72 74/66/55/69/50; 
ttag +73 97/96/92/96/91; 
ttag +74 94/92/84/93/85; 
ttag +75 55/40/16/42/21; 
ttag +76 63/56/46/55/46; 
ttag +77 88/82/79/84/82; 
ttag +78 2/[24]/?/?/?; 
ttag +79 14/[1]/?/2/2; 
ttag +80 67/55/55/49/47; 
ttag +81 87/85/72/84/72; 
ttag +82 99/98/92/99/93; 
ttag +83 40/23/18/24/12; 
ttag +84 66/62/50/62/54; 
ttag +85 90/87/78/94/78; 
ttag +86 86/86/82/87/82; 
ttag +87 93/90/84/94/82; 
ttag +88 65/51/46/57/52; 
ttag +89 90/87/79/88/84; 
ttag +90 57/44/28/51/36; 
ttag +91 70/59/55/57/58; 
ttag +92 53/44/34/43/42; 
ttag +93 42/32/33/34/34; 
ttag +94 65/54/52/56/56; 
