tread
'Tree with tags' 
(0 (1 ((2 3 )(4 (5 (11 ((6 7 )(8 9 10 ))((12 13 )(14 21 ((15 (16 17 ))(18 (19 20 )))((22 (23 (24 25 )))(28 (26 27 )(29 (30 31 ))(32 ((33 34 )(35 (36 (37 (38 39 ))))))(44 45 46 47 ((40 41 )(42 43 ))))))))))))); 
ttag *!; 
ttag +49 ???; 
ttag +50 3; 
ttag +51 2; 
ttag +52 5; 
ttag +53 3; 
ttag +54 1; 
ttag +55 2; 
ttag +56 2; 
ttag +57 7; 
ttag +58 2; 
ttag +59 1; 
ttag +60 1; 
ttag +61 1; 
ttag +62 1; 
ttag +63 2; 
ttag +64 6; 
ttag +65 7; 
ttag +66 4; 
ttag +67 2; 
ttag +68 8; 
ttag +69 8; 
ttag +70 2; 
ttag +71 5; 
ttag +72 1; 
ttag +73 4; 
ttag +74 6; 
ttag +75 6; 
ttag +76 1; 
ttag +77 1; 
ttag +78 1; 
ttag +79 4; 
ttag +80 2; 
ttag +81 4; 
ttag +82 3; 
ttag +83 6; 
ttag +84 5; 
tread
'Tree with tags' 
(0 (1 ((2 3 )(4 (5 ((11 ((6 7 )(8 (9 10 ))))((12 13 )(21 (14 (((15 (16 17 ))(18 (19 20 )))((22 (23 (24 25 )))((26 27 )((28 (29 (30 31 )))((32 ((33 34 )(35 (36 (37 (38 39 ))))))(44 (45 (47 (46 ((40 41 )(42 43 )))))))))))))))))))); 
ttag *!; 
ttag +0 ////; 
ttag +1 ////; 
ttag +2 ////; 
ttag +3 ////; 
ttag +4 ////; 
ttag +5 ////; 
ttag +6 ////; 
ttag +7 ////; 
ttag +8 ////; 
ttag +9 ////; 
ttag +10 ////; 
ttag +11 ////; 
ttag +12 ////; 
ttag +13 ////; 
ttag +14 ////; 
ttag +15 ////; 
ttag +16 ////; 
ttag +17 ////; 
ttag +18 ////; 
ttag +19 ////; 
ttag +20 ////; 
ttag +21 ////; 
ttag +22 ////; 
ttag +23 ////; 
ttag +24 ////; 
ttag +25 ////; 
ttag +26 ////; 
ttag +27 ////; 
ttag +28 ////; 
ttag +29 ////; 
ttag +30 ////; 
ttag +31 ////; 
ttag +32 ////; 
ttag +33 ////; 
ttag +34 ////; 
ttag +35 ////; 
ttag +36 ////; 
ttag +37 ////; 
ttag +38 ////; 
ttag +39 ////; 
ttag +40 ////; 
ttag +41 ////; 
ttag +42 ////; 
ttag +43 ////; 
ttag +44 ////; 
ttag +45 ////; 
ttag +46 ////; 
ttag +47 ////; 
ttag +48 ////; 
ttag +49 100/100/100/100/100; 
ttag +50 72/67/56/68/51; 
ttag +51 74/58/51/66/50; 
ttag +52 92/90/77/90/78; 
ttag +53 75/62/51/66/55; 
ttag +54 53/46/42/50/46; 
ttag +55 50/36/25/35/35; 
ttag +56 16/[24]/?/?/?; 
ttag +57 59/54/34/50/45; 
ttag +58 99/99/97/99/98; 
ttag +59 63/54/38/38/41; 
ttag +60 71/69/57/68/59; 
ttag +61 29/10/3/13/6; 
ttag +62 16/0/0/?/?; 
ttag +63 50/46/29/44/29; 
ttag +64 52/39/46/53/44; 
ttag +65 30/11/7/20/26; 
ttag +66 18/0/?/?/?; 
ttag +67 78/72/72/72/60; 
ttag +68 96/95/88/96/87; 
ttag +69 99/99/100/100/99; 
ttag +70 91/88/82/91/78; 
ttag +71 34/18/11/22/22; 
ttag +72 98/98/97/99/96; 
ttag +73 99/99/95/98/96; 
ttag +74 73/67/63/64/58; 
ttag +75 94/93/82/92/84; 
ttag +76 17/[10]/?/?/?; 
ttag +77 23/[8]/?/?/?; 
ttag +78 65/53/46/52/51; 
ttag +79 86/79/64/79/65; 
ttag +80 92/90/84/94/80; 
ttag +81 24/[8]/?/?/?; 
ttag +82 95/95/89/90/90; 
ttag +83 41/20/9/25/12; 
ttag +84 35/18/14/23/12; 
ttag +85 57/46/33/48/43; 
ttag +86 87/82/77/83/79; 
ttag +87 70/58/39/49/51; 
ttag +88 80/72/57/78/63; 
ttag +89 77/66/55/74/66; 
ttag +90 25/[24]/?/?/?; 
ttag +91 10/[39]/?/?/?; 
ttag +92 21/[28]/?/?/?; 
ttag +93 84/82/59/82/68; 
ttag +94 98/97/94/95/90; 
