tread
'Tree with tags' 
(0 (1 2 (3 (4 (5 ((6 (7 (8 (9 10 ))))(((11 ((22 (23 (24 25 )))(26 (27 (28 ((29 (30 31 ))(((32 ((33 34 )(35 (36 (39 (37 38 ))))))(40 (41 (42 43 ))))(47 (44 (45 46 ))))))))))(12 13 ))(21 ((14 (15 (16 17 )))(18 (19 20 ))))))))))); 
ttag *!; 
ttag +49 ???; 
ttag +50 2; 
ttag +51 7; 
ttag +52 1; 
ttag +53 1; 
ttag +54 1; 
ttag +55 1; 
ttag +56 7; 
ttag +57 1; 
ttag +58 2; 
ttag +59 2; 
ttag +60 2; 
ttag +61 1; 
ttag +62 1; 
ttag +63 2; 
ttag +64 1; 
ttag +65 7; 
ttag +66 4; 
ttag +67 5; 
ttag +68 12; 
ttag +69 5; 
ttag +70 4; 
ttag +71 4; 
ttag +72 7; 
ttag +73 9; 
ttag +74 2; 
ttag +75 2; 
ttag +76 4; 
ttag +77 2; 
ttag +78 3; 
ttag +79 5; 
ttag +80 1; 
ttag +81 1; 
ttag +82 1; 
ttag +83 2; 
ttag +84 1; 
ttag +85 1; 
ttag +86 1; 
ttag +87 4; 
ttag +88 4; 
ttag +89 3; 
ttag +90 3; 
ttag +91 1; 
ttag +92 3; 
ttag +93 1; 
tread
'Tree with tags' 
(0 ((1 2 )(3 (4 (5 ((6 (7 (8 (9 10 ))))(((11 ((22 (23 (24 25 )))(26 (27 (28 ((29 (30 31 ))(((32 ((33 34 )(35 (36 (39 (37 38 ))))))(40 (41 (42 43 ))))(47 (44 (45 46 ))))))))))(12 13 ))(21 ((14 (15 (16 17 )))(18 (19 20 ))))))))))); 
ttag *!; 
ttag +0 ////; 
ttag +1 ////; 
ttag +2 ////; 
ttag +3 ////; 
ttag +4 ////; 
ttag +5 ////; 
ttag +6 ////; 
ttag +7 ////; 
ttag +8 ////; 
ttag +9 ////; 
ttag +10 ////; 
ttag +11 ////; 
ttag +12 ////; 
ttag +13 ////; 
ttag +14 ////; 
ttag +15 ////; 
ttag +16 ////; 
ttag +17 ////; 
ttag +18 ////; 
ttag +19 ////; 
ttag +20 ////; 
ttag +21 ////; 
ttag +22 ////; 
ttag +23 ////; 
ttag +24 ////; 
ttag +25 ////; 
ttag +26 ////; 
ttag +27 ////; 
ttag +28 ////; 
ttag +29 ////; 
ttag +30 ////; 
ttag +31 ////; 
ttag +32 ////; 
ttag +33 ////; 
ttag +34 ////; 
ttag +35 ////; 
ttag +36 ////; 
ttag +37 ////; 
ttag +38 ////; 
ttag +39 ////; 
ttag +40 ////; 
ttag +41 ////; 
ttag +42 ////; 
ttag +43 ////; 
ttag +44 ////; 
ttag +45 ////; 
ttag +46 ////; 
ttag +47 ////; 
ttag +48 ////; 
ttag +49 12/[17]/?/?/?; 
ttag +50 100/100/100/100/100; 
ttag +51 52/33/32/47/27; 
ttag +52 88/85/79/90/81; 
ttag +53 34/18/18/26/14; 
ttag +54 17/[4]/?/?/?; 
ttag +55 10/[27]/?/?/?; 
ttag +56 29/7/?/2/?; 
ttag +57 100/100/97/100/97; 
ttag +58 57/46/41/50/43; 
ttag +59 35/25/17/32/11; 
ttag +60 33/28/13/32/16; 
ttag +61 52/48/36/56/31; 
ttag +62 54/44/41/40/43; 
ttag +63 53/38/38/44/27; 
ttag +64 62/58/48/66/49; 
ttag +65 30/23/14/32/10; 
ttag +66 97/96/96/97/90; 
ttag +67 79/67/52/69/46; 
ttag +68 90/87/75/88/71; 
ttag +69 100/100/100/100/100; 
ttag +70 94/93/72/91/72; 
ttag +71 64/49/41/55/43; 
ttag +72 80/74/57/73/53; 
ttag +73 97/96/92/98/97; 
ttag +74 99/99/96/100/98; 
ttag +75 48/38/29/39/22; 
ttag +76 70/62/64/65/49; 
ttag +77 92/91/81/95/85; 
ttag +78 26/[3]/?/4/?; 
ttag +79 92/88/83/86/83; 
ttag +80 78/76/68/82/67; 
ttag +81 3/[31]/?/?/?; 
ttag +82 7/[22]/?/?/?; 
ttag +83 29/11/?/?/?; 
ttag +84 47/29/7/22/15; 
ttag +85 55/34/38/30/40; 
ttag +86 44/10/8/4/14; 
ttag +87 52/44/37/45/38; 
ttag +88 84/77/74/82/78; 
ttag +89 82/78/72/76/74; 
ttag +90 72/67/64/59/62; 
ttag +91 93/92/90/92/92; 
ttag +92 30/[4]/0/?/?; 
ttag +93 82/80/72/89/71; 
ttag +94 33/[1]/0/?/?; 
