tread
'Tree with tags' 
(0 (1 ((2 3 )(4 5 11 (6 7 (8 (9 10 )))((12 13 )((14 (21 (26 27 28 (22 (23 (24 25 )))((29 (30 31 ))(((32 (35 (36 (37 (38 39 )))))(33 34 ))(47 (40 (41 (42 43 )))(46 (44 45 ))))))))((15 (16 17 ))(18 (19 20 ))))))))); 
ttag *!; 
ttag +49 ???; 
ttag +50 7; 
ttag +51 2; 
ttag +52 2; 
ttag +53 3; 
ttag +54 10; 
ttag +55 2; 
ttag +56 1; 
ttag +57 2; 
ttag +58 2; 
ttag +59 2; 
ttag +60 7; 
ttag +61 3; 
ttag +62 3; 
ttag +63 4; 
ttag +64 11; 
ttag +65 2; 
ttag +66 4; 
ttag +67 5; 
ttag +68 7; 
ttag +69 7; 
ttag +70 3; 
ttag +71 1; 
ttag +72 1; 
ttag +73 3; 
ttag +74 7; 
ttag +75 3; 
ttag +76 4; 
ttag +77 5; 
ttag +78 2; 
ttag +79 5; 
ttag +80 2; 
ttag +81 7; 
ttag +82 2; 
ttag +83 1; 
ttag +84 6; 
ttag +85 1; 
ttag +86 1; 
tread
'Tree with tags' 
(0 (1 ((2 3 )(4 ((5 11 )((6 (7 (8 (9 10 ))))((12 13 )((14 (21 ((27 (26 (28 (22 (23 (24 25 ))))))((29 (30 31 ))(((32 (35 (36 (37 (38 39 )))))(33 34 ))(47 ((40 (41 (42 43 )))(46 (44 45 )))))))))((15 (16 17 ))(18 (19 20 ))))))))))); 
ttag *!; 
ttag +0 ////; 
ttag +1 ////; 
ttag +2 ////; 
ttag +3 ////; 
ttag +4 ////; 
ttag +5 ////; 
ttag +6 ////; 
ttag +7 ////; 
ttag +8 ////; 
ttag +9 ////; 
ttag +10 ////; 
ttag +11 ////; 
ttag +12 ////; 
ttag +13 ////; 
ttag +14 ////; 
ttag +15 ////; 
ttag +16 ////; 
ttag +17 ////; 
ttag +18 ////; 
ttag +19 ////; 
ttag +20 ////; 
ttag +21 ////; 
ttag +22 ////; 
ttag +23 ////; 
ttag +24 ////; 
ttag +25 ////; 
ttag +26 ////; 
ttag +27 ////; 
ttag +28 ////; 
ttag +29 ////; 
ttag +30 ////; 
ttag +31 ////; 
ttag +32 ////; 
ttag +33 ////; 
ttag +34 ////; 
ttag +35 ////; 
ttag +36 ////; 
ttag +37 ////; 
ttag +38 ////; 
ttag +39 ////; 
ttag +40 ////; 
ttag +41 ////; 
ttag +42 ////; 
ttag +43 ////; 
ttag +44 ////; 
ttag +45 ////; 
ttag +46 ////; 
ttag +47 ////; 
ttag +48 ////; 
ttag +49 100/100/100/100/100; 
ttag +50 99/99/99/100/98; 
ttag +51 76/68/70/80/78; 
ttag +52 54/46/32/56/39; 
ttag +53 11/[13]/?/?/?; 
ttag +54 46/28/21/17/9; 
ttag +55 69/66/52/67/46; 
ttag +56 13/1/1/?/1; 
ttag +57 31/12/3/21/4; 
ttag +58 100/100/98/100/100; 
ttag +59 71/54/36/57/46; 
ttag +60 49/36/21/29/15; 
ttag +61 72/69/44/68/45; 
ttag +62 36/13/4/24/4; 
ttag +63 62/58/34/56/31; 
ttag +64 99/99/97/98/96; 
ttag +65 62/51/36/62/34; 
ttag +66 66/44/45/54/45; 
ttag +67 94/91/84/90/84; 
ttag +68 100/100/100/99/100; 
ttag +69 48/25/18/43/16; 
ttag +70 66/58/48/64/48; 
ttag +71 10/[21]/?/?/?; 
ttag +72 6/[24]/?/?/?; 
ttag +73 7/[24]/?/?/?; 
ttag +74 84/83/55/84/70; 
ttag +75 96/95/86/96/90; 
ttag +76 99/98/94/98/92; 
ttag +77 82/76/67/76/70; 
ttag +78 25/7/15/12/10; 
ttag +79 66/44/52/42/44; 
ttag +80 82/78/65/76/71; 
ttag +81 97/96/89/96/92; 
ttag +82 81/77/59/70/64; 
ttag +83 88/86/75/88/83; 
ttag +84 95/94/76/88/86; 
ttag +85 86/83/70/82/75; 
ttag +86 94/91/87/91/88; 
ttag +87 85/80/63/81/70; 
ttag +88 96/94/89/94/87; 
ttag +89 11/[32]/?/?/?; 
ttag +90 67/49/37/47/42; 
ttag +91 61/38/32/47/30; 
ttag +92 97/95/92/98/94; 
ttag +93 38/28/13/24/19; 
ttag +94 37/18/16/25/24; 
