tread
'Tree with tags' 
(0 (1 (2 3 )(4 (5 6 7 11 12 13 14 21 (8 (9 10 ))(15 16 17 )(18 (19 20 ))((22 (23 (24 25 )))((26 27 )((28 ((40 41 )(42 43 )))(((29 (30 31 ))(46 (44 (45 47 ))))(32 ((33 34 )(35 (36 (37 (38 39 )))))))))))))); 
ttag *!; 
ttag +49 ???; 
ttag +50 5; 
ttag +51 5; 
ttag +52 3; 
ttag +53 3; 
ttag +54 3; 
ttag +55 2; 
ttag +56 4; 
ttag +57 12; 
ttag +58 2; 
ttag +59 1; 
ttag +60 8; 
ttag +61 9; 
ttag +62 1; 
ttag +63 3; 
ttag +64 2; 
ttag +65 7; 
ttag +66 8; 
ttag +67 2; 
ttag +68 2; 
ttag +69 3; 
ttag +70 9; 
ttag +71 2; 
ttag +72 1; 
ttag +73 2; 
ttag +74 5; 
ttag +75 6; 
ttag +76 2; 
ttag +77 2; 
ttag +78 2; 
ttag +79 9; 
ttag +80 2; 
ttag +81 4; 
ttag +82 1; 
tread
'Tree with tags' 
(0 ((1 (2 3 ))(4 ((6 ((5 (12 (21 (14 ((17 (15 16 ))(18 (19 20 )))))))(7 ((8 (9 10 ))((22 (23 (24 25 )))((26 27 )((28 ((40 41 )(42 43 )))(((29 (30 31 ))(46 (44 (45 47 ))))(32 ((33 34 )(35 (36 (37 (38 39 ))))))))))))))(11 13 ))))); 
ttag *!; 
ttag +0 ////; 
ttag +1 ////; 
ttag +2 ////; 
ttag +3 ////; 
ttag +4 ////; 
ttag +5 ////; 
ttag +6 ////; 
ttag +7 ////; 
ttag +8 ////; 
ttag +9 ////; 
ttag +10 ////; 
ttag +11 ////; 
ttag +12 ////; 
ttag +13 ////; 
ttag +14 ////; 
ttag +15 ////; 
ttag +16 ////; 
ttag +17 ////; 
ttag +18 ////; 
ttag +19 ////; 
ttag +20 ////; 
ttag +21 ////; 
ttag +22 ////; 
ttag +23 ////; 
ttag +24 ////; 
ttag +25 ////; 
ttag +26 ////; 
ttag +27 ////; 
ttag +28 ////; 
ttag +29 ////; 
ttag +30 ////; 
ttag +31 ////; 
ttag +32 ////; 
ttag +33 ////; 
ttag +34 ////; 
ttag +35 ////; 
ttag +36 ////; 
ttag +37 ////; 
ttag +38 ////; 
ttag +39 ////; 
ttag +40 ////; 
ttag +41 ////; 
ttag +42 ////; 
ttag +43 ////; 
ttag +44 ////; 
ttag +45 ////; 
ttag +46 ////; 
ttag +47 ////; 
ttag +48 ////; 
ttag +49 46/11/10/?/2; 
ttag +50 100/100/100/100/100; 
ttag +51 96/96/92/92/90; 
ttag +52 98/96/90/96/91; 
ttag +53 0/[30]/?/?/?; 
ttag +54 2/[40]/?/?/?; 
ttag +55 10/[20]/?/?/?; 
ttag +56 88/86/76/91/72; 
ttag +57 0/[42]/?/?/?; 
ttag +58 80/73/71/73/73; 
ttag +59 1/[25]/?/?/?; 
ttag +60 74/70/70/72/67; 
ttag +61 29/20/21/14/8; 
ttag +62 1/[25]/?/?/?; 
ttag +63 17/[7]/?/2/?; 
ttag +64 4/[20]/?/?/?; 
ttag +65 30/[3]/?/?/?; 
ttag +66 78/72/64/74/69; 
ttag +67 47/31/30/38/16; 
ttag +68 96/96/92/98/90; 
ttag +69 100/100/99/100/100; 
ttag +70 85/81/67/84/66; 
ttag +71 21/5/2/8/?; 
ttag +72 99/99/96/99/95; 
ttag +73 100/100/100/100/99; 
ttag +74 63/60/58/58/59; 
ttag +75 79/74/61/76/60; 
ttag +76 16/[11]/?/?/?; 
ttag +77 92/90/84/93/84; 
ttag +78 100/100/99/100/98; 
ttag +79 29/4/3/4/4; 
ttag +80 10/[15]/?/?/?; 
ttag +81 60/36/35/46/34; 
ttag +82 96/94/91/98/88; 
ttag +83 55/35/26/44/32; 
ttag +84 35/15/12/21/16; 
ttag +85 52/40/32/49/32; 
ttag +86 95/94/86/95/87; 
ttag +87 96/94/89/96/91; 
ttag +88 88/87/79/86/73; 
ttag +89 43/25/30/20/16; 
ttag +90 42/30/28/35/24; 
ttag +91 100/100/99/100/100; 
ttag +92 42/23/22/31/23; 
ttag +93 65/52/44/58/48; 
ttag +94 46/16/10/8/6; 
