tread
'Tree with tags' 
(0 (1 ((2 3 )(4 5 (6 7 )(11 (8 (9 10 )))(12 13 21 (14 ((17 (15 16 ))(18 (19 20 ))))(22 (23 (24 25 )))(26 (27 (28 44 45 46 47 (29 (30 31 ))(32 ((33 34 )(35 (36 (37 (38 39 ))))))((40 41 )(42 43 )))))))))); 
ttag *!; 
ttag +49 ???; 
ttag +50 9; 
ttag +51 4; 
ttag +52 4; 
ttag +53 4; 
ttag +54 9; 
ttag +55 1; 
ttag +56 1; 
ttag +57 1; 
ttag +58 1; 
ttag +59 1; 
ttag +60 7; 
ttag +61 1; 
ttag +62 3; 
ttag +63 3; 
ttag +64 4; 
ttag +65 2; 
ttag +66 7; 
ttag +67 4; 
ttag +68 1; 
ttag +69 1; 
ttag +70 3; 
ttag +71 7; 
ttag +72 4; 
ttag +73 4; 
ttag +74 4; 
ttag +75 1; 
ttag +76 4; 
ttag +77 6; 
ttag +78 2; 
ttag +79 1; 
ttag +80 11; 
ttag +81 8; 
tread
'Tree with tags' 
(0 (1 ((2 3 )(4 (5 (((6 7 )((12 (22 (23 (24 25 ))))(13 ((21 (14 ((17 (15 16 ))(18 (19 20 )))))(26 (27 ((28 ((40 41 )(42 43 )))(((29 (30 31 ))(32 ((33 34 )(35 (36 (37 (38 39 )))))))(46 (47 (44 45 )))))))))))(11 (8 (9 10 ))))))))); 
ttag *!; 
ttag +0 ////; 
ttag +1 ////; 
ttag +2 ////; 
ttag +3 ////; 
ttag +4 ////; 
ttag +5 ////; 
ttag +6 ////; 
ttag +7 ////; 
ttag +8 ////; 
ttag +9 ////; 
ttag +10 ////; 
ttag +11 ////; 
ttag +12 ////; 
ttag +13 ////; 
ttag +14 ////; 
ttag +15 ////; 
ttag +16 ////; 
ttag +17 ////; 
ttag +18 ////; 
ttag +19 ////; 
ttag +20 ////; 
ttag +21 ////; 
ttag +22 ////; 
ttag +23 ////; 
ttag +24 ////; 
ttag +25 ////; 
ttag +26 ////; 
ttag +27 ////; 
ttag +28 ////; 
ttag +29 ////; 
ttag +30 ////; 
ttag +31 ////; 
ttag +32 ////; 
ttag +33 ////; 
ttag +34 ////; 
ttag +35 ////; 
ttag +36 ////; 
ttag +37 ////; 
ttag +38 ////; 
ttag +39 ////; 
ttag +40 ////; 
ttag +41 ////; 
ttag +42 ////; 
ttag +43 ////; 
ttag +44 ////; 
ttag +45 ////; 
ttag +46 ////; 
ttag +47 ////; 
ttag +48 ////; 
ttag +49 100/100/100/100/100; 
ttag +50 100/100/97/100/99; 
ttag +51 97/96/92/95/91; 
ttag +52 93/91/82/91/80; 
ttag +53 56/27/0/8/8; 
ttag +54 91/90/88/88/85; 
ttag +55 8/[6]/?/?/?; 
ttag +56 55/50/50/44/37; 
ttag +57 100/100/99/100/100; 
ttag +58 28/19/10/30/13; 
ttag +59 88/83/77/78/74; 
ttag +60 27/1/2/?/?; 
ttag +61 49/46/30/53/33; 
ttag +62 4/[29]/?/?/?; 
ttag +63 27/13/13/19/7; 
ttag +64 2/[12]/?/?/?; 
ttag +65 8/[18]/?/?/?; 
ttag +66 52/36/31/38/27; 
ttag +67 100/100/98/100/99; 
ttag +68 32/18/18/27/10; 
ttag +69 82/77/76/88/80; 
ttag +70 90/86/78/85/77; 
ttag +71 93/92/85/89/85; 
ttag +72 91/88/83/86/88; 
ttag +73 99/98/99/100/100; 
ttag +74 91/88/74/85/80; 
ttag +75 56/46/34/39/25; 
ttag +76 28/11/11/13/2; 
ttag +77 42/31/28/26/23; 
ttag +78 89/86/77/90/74; 
ttag +79 35/24/20/13/12; 
ttag +80 2/[18]/?/?/?; 
ttag +81 100/100/99/99/99; 
ttag +82 82/78/62/77/70; 
ttag +83 91/89/84/92/81; 
ttag +84 84/80/60/82/69; 
ttag +85 60/56/38/59/40; 
ttag +86 83/80/68/89/70; 
ttag +87 92/90/86/92/86; 
ttag +88 67/60/49/67/43; 
ttag +89 62/52/47/48/39; 
ttag +90 99/99/99/100/98; 
ttag +91 100/100/100/100/100; 
ttag +92 32/15/18/6/6; 
ttag +93 22/5/13/5/3; 
ttag +94 33/14/16/19/19; 
