tread
'Tree with tags' 
(0 (1 ((2 3 )(4 (5 (((6 7 )(8 (9 10 )))(11 ((12 13 )((14 ((15 (16 17 ))(18 (19 20 ))))(21 ((22 (23 (24 25 )))(26 (27 (28 ((29 (30 31 ))((32 33 34 (35 (36 (37 (38 39 )))))(41 (40 (42 43 ))(44 45 46 47 )))))))))))))))))); 
ttag *!; 
ttag +49 ???; 
ttag +50 2; 
ttag +51 2; 
ttag +52 3; 
ttag +53 2; 
ttag +54 3; 
ttag +55 1; 
ttag +56 2; 
ttag +57 6; 
ttag +58 4; 
ttag +59 2; 
ttag +60 2; 
ttag +61 2; 
ttag +62 2; 
ttag +63 2; 
ttag +64 4; 
ttag +65 3; 
ttag +66 7; 
ttag +67 7; 
ttag +68 6; 
ttag +69 3; 
ttag +70 1; 
ttag +71 4; 
ttag +72 3; 
ttag +73 9; 
ttag +74 1; 
ttag +75 1; 
ttag +76 1; 
ttag +77 4; 
ttag +78 1; 
ttag +79 1; 
ttag +80 5; 
ttag +81 2; 
ttag +82 6; 
ttag +83 2; 
ttag +84 3; 
ttag +85 4; 
ttag +86 2; 
ttag +87 2; 
ttag +88 8; 
ttag +89 2; 
tread
'Tree with tags' 
(0 (1 ((2 3 )(4 (5 (((6 7 )(8 (9 10 )))(11 ((12 13 )((14 ((15 (16 17 ))(18 (19 20 ))))(21 ((22 (23 (24 25 )))(26 (27 (28 ((29 (30 31 ))((33 (34 (32 (35 (36 (37 (38 39 )))))))((40 (42 43 ))(41 (46 (45 (44 47 ))))))))))))))))))))); 
ttag *!; 
ttag +0 ////; 
ttag +1 ////; 
ttag +2 ////; 
ttag +3 ////; 
ttag +4 ////; 
ttag +5 ////; 
ttag +6 ////; 
ttag +7 ////; 
ttag +8 ////; 
ttag +9 ////; 
ttag +10 ////; 
ttag +11 ////; 
ttag +12 ////; 
ttag +13 ////; 
ttag +14 ////; 
ttag +15 ////; 
ttag +16 ////; 
ttag +17 ////; 
ttag +18 ////; 
ttag +19 ////; 
ttag +20 ////; 
ttag +21 ////; 
ttag +22 ////; 
ttag +23 ////; 
ttag +24 ////; 
ttag +25 ////; 
ttag +26 ////; 
ttag +27 ////; 
ttag +28 ////; 
ttag +29 ////; 
ttag +30 ////; 
ttag +31 ////; 
ttag +32 ////; 
ttag +33 ////; 
ttag +34 ////; 
ttag +35 ////; 
ttag +36 ////; 
ttag +37 ////; 
ttag +38 ////; 
ttag +39 ////; 
ttag +40 ////; 
ttag +41 ////; 
ttag +42 ////; 
ttag +43 ////; 
ttag +44 ////; 
ttag +45 ////; 
ttag +46 ////; 
ttag +47 ////; 
ttag +48 ////; 
ttag +49 100/100/100/100/100; 
ttag +50 84/76/72/74/74; 
ttag +51 68/59/50/64/52; 
ttag +52 85/82/69/77/74; 
ttag +53 50/44/35/42/32; 
ttag +54 83/78/70/79/70; 
ttag +55 44/36/23/40/31; 
ttag +56 46/37/21/30/21; 
ttag +57 91/88/81/94/79; 
ttag +58 87/83/73/87/76; 
ttag +59 45/35/17/24/22; 
ttag +60 68/61/57/61/53; 
ttag +61 57/46/42/54/37; 
ttag +62 38/26/13/27/20; 
ttag +63 42/30/13/24/22; 
ttag +64 97/96/94/96/95; 
ttag +65 74/69/62/72/53; 
ttag +66 98/98/96/100/96; 
ttag +67 98/98/98/98/96; 
ttag +68 100/100/98/98/97; 
ttag +69 58/53/38/55/41; 
ttag +70 53/30/49/46/40; 
ttag +71 70/67/52/67/54; 
ttag +72 94/92/83/94/85; 
ttag +73 99/99/97/100/93; 
ttag +74 63/59/48/57/47; 
ttag +75 30/1/2/7/?; 
ttag +76 29/20/20/18/18; 
ttag +77 94/92/84/91/78; 
ttag +78 41/32/20/23/23; 
ttag +79 48/20/15/26/20; 
ttag +80 33/10/6/7/1; 
ttag +81 42/8/2/13/?; 
ttag +82 90/88/83/86/85; 
ttag +83 57/48/36/47/36; 
ttag +84 93/92/82/91/84; 
ttag +85 81/78/68/72/69; 
ttag +86 80/76/64/75/68; 
ttag +87 90/88/78/85/79; 
ttag +88 86/82/86/85/76; 
ttag +89 77/69/66/72/67; 
ttag +90 12/[16]/?/?/?; 
ttag +91 99/99/97/100/98; 
ttag +92 51/37/28/41/33; 
ttag +93 35/18/12/26/15; 
ttag +94 81/76/65/81/71; 
