tread
'Tree with tags' 
(0 (1 ((2 3 )(4 5 11 (6 7 (8 (9 10 )))(12 13 )(21 (14 ((15 (16 17 ))(18 (19 20 ))))(28 (22 (23 (24 25 )))(26 27 )(29 30 31 )((32 ((33 34 )(35 (36 (37 (38 39 ))))))((40 (41 (42 43 )))(45 (44 (46 47 ))))))))))); 
ttag *!; 
ttag +49 ???; 
ttag +50 5; 
ttag +51 6; 
ttag +52 5; 
ttag +53 1; 
ttag +54 9; 
ttag +55 3; 
ttag +56 1; 
ttag +57 1; 
ttag +58 2; 
ttag +59 3; 
ttag +60 1; 
ttag +61 5; 
ttag +62 7; 
ttag +63 10; 
ttag +64 3; 
ttag +65 1; 
ttag +66 1; 
ttag +67 5; 
ttag +68 2; 
ttag +69 5; 
ttag +70 7; 
ttag +71 4; 
ttag +72 4; 
ttag +73 2; 
ttag +74 2; 
ttag +75 3; 
ttag +76 9; 
ttag +77 3; 
ttag +78 6; 
ttag +79 1; 
ttag +80 4; 
ttag +81 4; 
ttag +82 1; 
ttag +83 4; 
ttag +84 2; 
tread
'Tree with tags' 
(0 (1 ((2 3 )(5 (4 ((11 (6 (7 (8 (9 10 )))))((12 13 )((14 ((15 (16 17 ))(18 (19 20 ))))(21 ((22 (23 (24 25 )))(((26 27 )(28 (31 (29 30 ))))((32 ((33 34 )(35 (36 (37 (38 39 ))))))((40 (41 (42 43 )))(45 (44 (46 47 )))))))))))))))); 
ttag *!; 
ttag +0 ////; 
ttag +1 ////; 
ttag +2 ////; 
ttag +3 ////; 
ttag +4 ////; 
ttag +5 ////; 
ttag +6 ////; 
ttag +7 ////; 
ttag +8 ////; 
ttag +9 ////; 
ttag +10 ////; 
ttag +11 ////; 
ttag +12 ////; 
ttag +13 ////; 
ttag +14 ////; 
ttag +15 ////; 
ttag +16 ////; 
ttag +17 ////; 
ttag +18 ////; 
ttag +19 ////; 
ttag +20 ////; 
ttag +21 ////; 
ttag +22 ////; 
ttag +23 ////; 
ttag +24 ////; 
ttag +25 ////; 
ttag +26 ////; 
ttag +27 ////; 
ttag +28 ////; 
ttag +29 ////; 
ttag +30 ////; 
ttag +31 ////; 
ttag +32 ////; 
ttag +33 ////; 
ttag +34 ////; 
ttag +35 ////; 
ttag +36 ////; 
ttag +37 ////; 
ttag +38 ////; 
ttag +39 ////; 
ttag +40 ////; 
ttag +41 ////; 
ttag +42 ////; 
ttag +43 ////; 
ttag +44 ////; 
ttag +45 ////; 
ttag +46 ////; 
ttag +47 ////; 
ttag +48 ////; 
ttag +49 100/100/100/100/100; 
ttag +50 96/95/90/98/92; 
ttag +51 95/94/93/97/91; 
ttag +52 31/5/?/10/?; 
ttag +53 91/89/80/89/79; 
ttag +54 68/63/45/60/46; 
ttag +55 28/8/19/16/10; 
ttag +56 25/15/10/22/16; 
ttag +57 22/[4]/2/?/?; 
ttag +58 99/98/97/100/95; 
ttag +59 75/68/60/76/64; 
ttag +60 74/69/66/80/63; 
ttag +61 42/23/20/26/14; 
ttag +62 46/40/29/41/21; 
ttag +63 59/54/34/58/34; 
ttag +64 91/88/83/90/82; 
ttag +65 58/50/35/49/32; 
ttag +66 92/89/78/91/79; 
ttag +67 97/96/91/97/93; 
ttag +68 99/99/100/100/98; 
ttag +69 26/12/6/15/8; 
ttag +70 92/90/81/91/90; 
ttag +71 40/33/22/34/22; 
ttag +72 75/59/62/67/62; 
ttag +73 90/87/82/88/83; 
ttag +74 72/70/56/73/59; 
ttag +75 21/2/2/?/?; 
ttag +76 37/32/28/30/28; 
ttag +77 15/[3]/2/?/?; 
ttag +78 31/3/?/4/?; 
ttag +79 97/95/93/97/91; 
ttag +80 96/95/90/94/87; 
ttag +81 91/88/82/92/79; 
ttag +82 91/90/86/92/86; 
ttag +83 54/34/28/44/10; 
ttag +84 58/51/48/52/32; 
ttag +85 80/75/67/78/61; 
ttag +86 97/96/93/95/89; 
ttag +87 86/85/70/81/68; 
ttag +88 97/96/94/95/92; 
ttag +89 74/68/68/72/65; 
ttag +90 90/86/73/87/74; 
ttag +91 96/95/92/99/94; 
ttag +92 47/26/21/37/22; 
ttag +93 81/78/72/82/75; 
ttag +94 70/67/66/68/66; 
