tread
'Tree with tags' 
(0 (1 ((2 3 )(4 5 (6 7 )(8 (9 10 ))((14 (21 (11 (((15 16 17 )(18 (19 20 )))((22 (25 (23 24 )))((26 27 )(28 ((29 (30 31 ))((32 (33 34 )(35 (36 (37 38 39 ))))(44 45 46 47 (40 41 (42 43 ))))))))))))(12 13 )))))); 
ttag *!; 
ttag +49 ???; 
ttag +50 1; 
ttag +51 1; 
ttag +52 1; 
ttag +53 1; 
ttag +54 9; 
ttag +55 3; 
ttag +56 2; 
ttag +57 2; 
ttag +58 2; 
ttag +59 1; 
ttag +60 2; 
ttag +61 4; 
ttag +62 5; 
ttag +63 1; 
ttag +64 4; 
ttag +65 9; 
ttag +66 3; 
ttag +67 2; 
ttag +68 3; 
ttag +69 7; 
ttag +70 1; 
ttag +71 3; 
ttag +72 5; 
ttag +73 4; 
ttag +74 1; 
ttag +75 2; 
ttag +76 1; 
ttag +77 2; 
ttag +78 1; 
ttag +79 4; 
ttag +80 3; 
ttag +81 10; 
ttag +82 7; 
ttag +83 1; 
ttag +84 9; 
tread
'Tree with tags' 
(0 (1 ((2 3 )(4 (5 (((6 7 )(8 (9 10 )))((14 (21 (11 (((16 (15 17 ))(18 (19 20 )))((22 (25 (23 24 )))((26 27 )(28 ((29 (30 31 ))(((32 (35 (36 (37 (38 39 )))))(33 34 ))((46 (41 (40 (42 43 ))))(45 (44 47 ))))))))))))(12 13 )))))))); 
ttag *!; 
ttag +0 ////; 
ttag +1 ////; 
ttag +2 ////; 
ttag +3 ////; 
ttag +4 ////; 
ttag +5 ////; 
ttag +6 ////; 
ttag +7 ////; 
ttag +8 ////; 
ttag +9 ////; 
ttag +10 ////; 
ttag +11 ////; 
ttag +12 ////; 
ttag +13 ////; 
ttag +14 ////; 
ttag +15 ////; 
ttag +16 ////; 
ttag +17 ////; 
ttag +18 ////; 
ttag +19 ////; 
ttag +20 ////; 
ttag +21 ////; 
ttag +22 ////; 
ttag +23 ////; 
ttag +24 ////; 
ttag +25 ////; 
ttag +26 ////; 
ttag +27 ////; 
ttag +28 ////; 
ttag +29 ////; 
ttag +30 ////; 
ttag +31 ////; 
ttag +32 ////; 
ttag +33 ////; 
ttag +34 ////; 
ttag +35 ////; 
ttag +36 ////; 
ttag +37 ////; 
ttag +38 ////; 
ttag +39 ////; 
ttag +40 ////; 
ttag +41 ////; 
ttag +42 ////; 
ttag +43 ////; 
ttag +44 ////; 
ttag +45 ////; 
ttag +46 ////; 
ttag +47 ////; 
ttag +48 ////; 
ttag +49 100/100/100/100/100; 
ttag +50 75/64/66/71/58; 
ttag +51 70/56/51/57/65; 
ttag +52 68/62/46/56/51; 
ttag +53 39/16/1/16/6; 
ttag +54 49/36/42/38/32; 
ttag +55 54/36/20/33/33; 
ttag +56 30/12/5/14/7; 
ttag +57 100/100/100/99/100; 
ttag +58 85/80/71/83/70; 
ttag +59 20/[3]/?/5/?; 
ttag +60 20/[2]/?/0/?; 
ttag +61 21/8/2/8/?; 
ttag +62 11/[5]/?/?/?; 
ttag +63 69/63/56/64/59; 
ttag +64 24/4/?/?/?; 
ttag +65 87/83/68/84/69; 
ttag +66 90/89/78/88/75; 
ttag +67 15/[8]/?/?/?; 
ttag +68 87/84/72/83/74; 
ttag +69 100/100/100/100/100; 
ttag +70 76/67/58/74/58; 
ttag +71 67/65/44/68/46; 
ttag +72 94/93/86/93/84; 
ttag +73 98/98/97/99/95; 
ttag +74 62/42/36/47/32; 
ttag +75 79/76/68/86/66; 
ttag +76 87/85/72/92/75; 
ttag +77 89/86/80/86/80; 
ttag +78 66/61/42/53/38; 
ttag +79 77/62/58/59/70; 
ttag +80 41/10/25/17/11; 
ttag +81 73/70/64/76/67; 
ttag +82 40/24/23/32/22; 
ttag +83 69/56/44/55/47; 
ttag +84 96/95/90/97/88; 
ttag +85 92/91/86/91/85; 
ttag +86 99/98/98/100/96; 
ttag +87 30/[4]/5/2/?; 
ttag +88 10/[32]/?/?/?; 
ttag +89 88/87/87/95/87; 
ttag +90 14/[36]/?/?/?; 
ttag +91 57/49/34/43/42; 
ttag +92 100/100/98/100/98; 
ttag +93 40/22/20/22/19; 
ttag +94 21/[3]/?/?/?; 
