tread
'Tree with tags' 
(0 (1 ((2 3 )((((11 (13 (12 ((4 5 )(6 7 )))))(14 ((15 (16 17 ))(21 ((23 (22 (26 (27 (28 (44 45 46 47 (29 (30 31 ))((32 (35 36 (33 34 )(37 38 39 )))(40 41 (42 43 )))))))))(24 25 ))))))(18 (19 20 )))(8 (9 10 )))))); 
ttag *!; 
ttag +49 ???; 
ttag +50 5; 
ttag +51 2; 
ttag +52 2; 
ttag +53 2; 
ttag +54 1; 
ttag +55 2; 
ttag +56 1; 
ttag +57 2; 
ttag +58 2; 
ttag +59 6; 
ttag +60 1; 
ttag +61 6; 
ttag +62 4; 
ttag +63 1; 
ttag +64 12; 
ttag +65 1; 
ttag +66 5; 
ttag +67 6; 
ttag +68 9; 
ttag +69 3; 
ttag +70 2; 
ttag +71 3; 
ttag +72 3; 
ttag +73 5; 
ttag +74 4; 
ttag +75 2; 
ttag +76 4; 
ttag +77 1; 
ttag +78 5; 
ttag +79 7; 
ttag +80 5; 
ttag +81 1; 
ttag +82 2; 
ttag +83 4; 
ttag +84 5; 
ttag +85 7; 
ttag +86 4; 
tread
'Tree with tags' 
(0 (1 ((2 3 )((((11 (13 (12 ((4 5 )(6 7 )))))(14 ((15 (16 17 ))(21 ((23 (22 (26 (27 (28 (((29 (30 31 ))((32 ((33 34 )(35 (36 (38 (37 39 ))))))(40 (41 (42 43 )))))(46 (47 (44 45 )))))))))(24 25 ))))))(18 (19 20 )))(8 (9 10 )))))); 
ttag *!; 
ttag +0 ////; 
ttag +1 ////; 
ttag +2 ////; 
ttag +3 ////; 
ttag +4 ////; 
ttag +5 ////; 
ttag +6 ////; 
ttag +7 ////; 
ttag +8 ////; 
ttag +9 ////; 
ttag +10 ////; 
ttag +11 ////; 
ttag +12 ////; 
ttag +13 ////; 
ttag +14 ////; 
ttag +15 ////; 
ttag +16 ////; 
ttag +17 ////; 
ttag +18 ////; 
ttag +19 ////; 
ttag +20 ////; 
ttag +21 ////; 
ttag +22 ////; 
ttag +23 ////; 
ttag +24 ////; 
ttag +25 ////; 
ttag +26 ////; 
ttag +27 ////; 
ttag +28 ////; 
ttag +29 ////; 
ttag +30 ////; 
ttag +31 ////; 
ttag +32 ////; 
ttag +33 ////; 
ttag +34 ////; 
ttag +35 ////; 
ttag +36 ////; 
ttag +37 ////; 
ttag +38 ////; 
ttag +39 ////; 
ttag +40 ////; 
ttag +41 ////; 
ttag +42 ////; 
ttag +43 ////; 
ttag +44 ////; 
ttag +45 ////; 
ttag +46 ////; 
ttag +47 ////; 
ttag +48 ////; 
ttag +49 100/100/100/100/100; 
ttag +50 94/93/90/97/90; 
ttag +51 64/54/47/56/43; 
ttag +52 9/[3]/?/?/?; 
ttag +53 5/[7]/?/?/?; 
ttag +54 4/[9]/?/?/?; 
ttag +55 1/[18]/?/?/?; 
ttag +56 0/[23]/?/?/?; 
ttag +57 24/[8]/?/?/?; 
ttag +58 26/9/3/12/2; 
ttag +59 96/94/91/95/82; 
ttag +60 45/40/32/49/37; 
ttag +61 98/98/94/98/96; 
ttag +62 89/87/83/86/84; 
ttag +63 3/[28]/?/?/?; 
ttag +64 100/100/99/100/99; 
ttag +65 2/[29]/?/?/?; 
ttag +66 94/92/82/94/90; 
ttag +67 96/96/92/96/95; 
ttag +68 100/100/100/100/100; 
ttag +69 14/[6]/?/1/?; 
ttag +70 13/[44]/?/?/?; 
ttag +71 10/[47]/?/?/?; 
ttag +72 58/44/39/55/43; 
ttag +73 96/94/92/93/90; 
ttag +74 73/63/50/56/36; 
ttag +75 29/[16]/?/?/?; 
ttag +76 62/52/46/60/44; 
ttag +77 78/72/59/73/64; 
ttag +78 18/0/0/?/?; 
ttag +79 98/97/87/95/92; 
ttag +80 98/98/98/98/97; 
ttag +81 93/92/83/95/86; 
ttag +82 58/52/25/45/33; 
ttag +83 84/82/69/84/77; 
ttag +84 92/91/84/94/90; 
ttag +85 25/6/14/5/10; 
ttag +86 48/9/18/4/8; 
ttag +87 66/60/53/50/52; 
ttag +88 94/93/80/98/89; 
ttag +89 100/100/98/100/98; 
ttag +90 16/[27]/?/?/?; 
ttag +91 93/90/84/92/90; 
ttag +92 56/46/42/38/49; 
ttag +93 25/[32]/?/?/?; 
ttag +94 55/28/23/30/30; 
