tread
'Tree with tags' 
(0 ((1 (2 3 ))(18 (((11 12 13 14 21 ((5 (4 (8 (9 10 ))))(6 7 ))(22 (23 (24 25 ))(26 (27 (28 (((29 (30 31 ))(32 ((33 34 )(35 (36 (39 (37 38 )))))))(46 ((45 (40 (41 (42 43 ))))(44 47 )))))))))(15 (16 17 )))(19 20 ))))); 
ttag *!; 
ttag +49 1; 
ttag +50 ???; 
ttag +51 5; 
ttag +52 1; 
ttag +53 1; 
ttag +54 1; 
ttag +55 1; 
ttag +56 1; 
ttag +57 1; 
ttag +58 10; 
ttag +59 2; 
ttag +60 9; 
ttag +61 4; 
ttag +62 3; 
ttag +63 4; 
ttag +64 6; 
ttag +65 5; 
ttag +66 7; 
ttag +67 2; 
ttag +68 5; 
ttag +69 3; 
ttag +70 5; 
ttag +71 3; 
ttag +72 1; 
ttag +73 2; 
ttag +74 6; 
ttag +75 3; 
ttag +76 1; 
ttag +77 3; 
ttag +78 3; 
ttag +79 2; 
ttag +80 3; 
ttag +81 5; 
ttag +82 4; 
ttag +83 1; 
ttag +84 1; 
ttag +85 1; 
ttag +86 1; 
ttag +87 1; 
ttag +88 1; 
tread
'Tree with tags' 
(0 ((1 (2 3 ))(18 ((((12 (((5 (4 (8 (9 10 ))))(6 7 ))(11 13 )))((14 21 )((22 (23 (24 25 )))(26 (27 (28 (((29 (30 31 ))(32 ((33 34 )(35 (36 (39 (37 38 )))))))(46 ((45 (40 (41 (42 43 ))))(44 47 ))))))))))(15 (16 17 )))(19 20 ))))); 
ttag *!; 
ttag +0 ////; 
ttag +1 ////; 
ttag +2 ////; 
ttag +3 ////; 
ttag +4 ////; 
ttag +5 ////; 
ttag +6 ////; 
ttag +7 ////; 
ttag +8 ////; 
ttag +9 ////; 
ttag +10 ////; 
ttag +11 ////; 
ttag +12 ////; 
ttag +13 ////; 
ttag +14 ////; 
ttag +15 ////; 
ttag +16 ////; 
ttag +17 ////; 
ttag +18 ////; 
ttag +19 ////; 
ttag +20 ////; 
ttag +21 ////; 
ttag +22 ////; 
ttag +23 ////; 
ttag +24 ////; 
ttag +25 ////; 
ttag +26 ////; 
ttag +27 ////; 
ttag +28 ////; 
ttag +29 ////; 
ttag +30 ////; 
ttag +31 ////; 
ttag +32 ////; 
ttag +33 ////; 
ttag +34 ////; 
ttag +35 ////; 
ttag +36 ////; 
ttag +37 ////; 
ttag +38 ////; 
ttag +39 ////; 
ttag +40 ////; 
ttag +41 ////; 
ttag +42 ////; 
ttag +43 ////; 
ttag +44 ////; 
ttag +45 ////; 
ttag +46 ////; 
ttag +47 ////; 
ttag +48 ////; 
ttag +49 24/[22]/?/?/?; 
ttag +50 100/100/100/100/100; 
ttag +51 99/99/98/99/95; 
ttag +52 25/11/?/12/1; 
ttag +53 25/14/?/11/7; 
ttag +54 42/30/23/37/30; 
ttag +55 13/1/?/3/1; 
ttag +56 22/10/2/13/7; 
ttag +57 26/12/?/15/8; 
ttag +58 30/[2]/?/?/?; 
ttag +59 20/[37]/?/?/?; 
ttag +60 96/95/95/99/92; 
ttag +61 54/50/46/49/40; 
ttag +62 100/100/100/100/100; 
ttag +63 90/86/70/89/79; 
ttag +64 16/4/2/6/7; 
ttag +65 36/30/19/34/25; 
ttag +66 6/[5]/?/?/?; 
ttag +67 84/81/72/84/69; 
ttag +68 94/92/93/92/88; 
ttag +69 100/100/99/100/100; 
ttag +70 51/24/20/18/18; 
ttag +71 67/60/46/67/49; 
ttag +72 99/99/98/99/99; 
ttag +73 77/69/54/71/63; 
ttag +74 84/78/71/85/72; 
ttag +75 70/52/42/67/38; 
ttag +76 81/75/60/80/65; 
ttag +77 80/78/69/79/64; 
ttag +78 38/17/10/18/11; 
ttag +79 59/54/43/57/40; 
ttag +80 98/98/94/97/97; 
ttag +81 87/81/73/84/78; 
ttag +82 49/28/18/33/16; 
ttag +83 72/66/52/67/54; 
ttag +84 70/64/48/64/52; 
ttag +85 62/56/42/53/36; 
ttag +86 72/66/50/64/49; 
ttag +87 92/86/80/90/84; 
ttag +88 83/80/72/88/73; 
ttag +89 11/[2]/?/?/?; 
ttag +90 33/19/14/16/20; 
ttag +91 64/52/38/40/35; 
ttag +92 69/51/43/52/42; 
ttag +93 57/36/49/50/35; 
ttag +94 48/36/29/34/32; 
