tread
'Tree with tags' 
(0 (1 ((2 3 )(4 (5 ((6 7 11 (12 13 )((14 ((17 (15 16 ))(18 (19 20 ))))(21 ((22 (23 (24 25 )))(26 (27 (28 (((29 (30 31 ))(32 33 34 (35 (36 (37 (38 39 ))))))((40 (41 (42 43 )))(46 (47 (44 45 ))))))))))))(8 (9 10 )))))))); 
ttag *!; 
ttag +49 ???; 
ttag +50 6; 
ttag +51 5; 
ttag +52 5; 
ttag +53 2; 
ttag +54 1; 
ttag +55 2; 
ttag +56 6; 
ttag +57 2; 
ttag +58 3; 
ttag +59 1; 
ttag +60 2; 
ttag +61 1; 
ttag +62 8; 
ttag +63 6; 
ttag +64 7; 
ttag +65 7; 
ttag +66 1; 
ttag +67 3; 
ttag +68 2; 
ttag +69 9; 
ttag +70 7; 
ttag +71 9; 
ttag +72 2; 
ttag +73 3; 
ttag +74 3; 
ttag +75 3; 
ttag +76 4; 
ttag +77 5; 
ttag +78 1; 
ttag +79 1; 
ttag +80 1; 
ttag +81 6; 
ttag +82 1; 
ttag +83 5; 
ttag +84 2; 
ttag +85 1; 
ttag +86 5; 
ttag +87 1; 
ttag +88 1; 
ttag +89 4; 
tread
'Tree with tags' 
(0 (1 ((2 3 )(4 (5 (((6 11 )(7 ((12 13 )((14 ((17 (15 16 ))(18 (19 20 ))))(21 ((22 (23 (24 25 )))(26 (27 (28 (((29 (30 31 ))(33 (32 (34 (35 (36 (37 (38 39 ))))))))((40 (41 (42 43 )))(46 (47 (44 45 ))))))))))))))(8 (9 10 )))))))); 
ttag *!; 
ttag +0 ////; 
ttag +1 ////; 
ttag +2 ////; 
ttag +3 ////; 
ttag +4 ////; 
ttag +5 ////; 
ttag +6 ////; 
ttag +7 ////; 
ttag +8 ////; 
ttag +9 ////; 
ttag +10 ////; 
ttag +11 ////; 
ttag +12 ////; 
ttag +13 ////; 
ttag +14 ////; 
ttag +15 ////; 
ttag +16 ////; 
ttag +17 ////; 
ttag +18 ////; 
ttag +19 ////; 
ttag +20 ////; 
ttag +21 ////; 
ttag +22 ////; 
ttag +23 ////; 
ttag +24 ////; 
ttag +25 ////; 
ttag +26 ////; 
ttag +27 ////; 
ttag +28 ////; 
ttag +29 ////; 
ttag +30 ////; 
ttag +31 ////; 
ttag +32 ////; 
ttag +33 ////; 
ttag +34 ////; 
ttag +35 ////; 
ttag +36 ////; 
ttag +37 ////; 
ttag +38 ////; 
ttag +39 ////; 
ttag +40 ////; 
ttag +41 ////; 
ttag +42 ////; 
ttag +43 ////; 
ttag +44 ////; 
ttag +45 ////; 
ttag +46 ////; 
ttag +47 ////; 
ttag +48 ////; 
ttag +49 100/100/100/100/100; 
ttag +50 99/99/99/99/98; 
ttag +51 87/81/72/82/75; 
ttag +52 82/77/74/82/74; 
ttag +53 42/18/5/26/7; 
ttag +54 21/0/14/?/?; 
ttag +55 40/31/14/30/15; 
ttag +56 55/45/42/52/38; 
ttag +57 21/0/6/?/?; 
ttag +58 100/100/94/98/97; 
ttag +59 75/68/52/68/59; 
ttag +60 79/76/56/82/67; 
ttag +61 49/44/32/44/36; 
ttag +62 43/28/23/41/35; 
ttag +63 70/64/42/70/56; 
ttag +64 60/44/42/52/41; 
ttag +65 100/100/99/99/96; 
ttag +66 90/88/79/92/74; 
ttag +67 98/97/92/96/90; 
ttag +68 100/100/99/100/99; 
ttag +69 38/10/5/20/17; 
ttag +70 81/77/58/72/60; 
ttag +71 67/60/39/60/41; 
ttag +72 100/100/97/100/97; 
ttag +73 100/100/98/100/99; 
ttag +74 98/97/93/98/92; 
ttag +75 59/38/20/48/20; 
ttag +76 64/44/29/54/25; 
ttag +77 86/82/76/89/82; 
ttag +78 68/64/45/60/45; 
ttag +79 83/78/72/84/68; 
ttag +80 96/96/92/95/95; 
ttag +81 13/[31]/?/?/?; 
ttag +82 52/38/41/46/38; 
ttag +83 6/[38]/?/?/?; 
ttag +84 52/40/22/34/30; 
ttag +85 51/35/23/31/28; 
ttag +86 95/94/84/96/88; 
ttag +87 57/45/38/45/38; 
ttag +88 94/91/83/90/79; 
ttag +89 43/27/10/27/19; 
ttag +90 56/37/28/36/29; 
ttag +91 98/97/92/94/85; 
ttag +92 29/[3]/8/9/4; 
ttag +93 26/[7]/?/?/?; 
ttag +94 62/56/41/57/37; 
