tread
'Tree with tags' 
(0 (1 ((2 3 )(4 5 6 7 (10 (8 9 ))(11 (((12 13 )(21 ((22 (23 (24 25 )))(26 (27 (28 ((29 (30 31 ))(((32 (35 (36 (37 (38 39 )))))(33 34 ))((41 (40 (42 43 )))(47 (46 (44 45 ))))))))))))((14 (18 (19 20 )))(15 (16 17 ))))))))); 
ttag *!; 
ttag +49 ???; 
ttag +50 9; 
ttag +51 1; 
ttag +52 4; 
ttag +53 1; 
ttag +54 5; 
ttag +55 1; 
ttag +56 3; 
ttag +57 1; 
ttag +58 1; 
ttag +59 1; 
ttag +60 1; 
ttag +61 6; 
ttag +62 6; 
ttag +63 3; 
ttag +64 7; 
ttag +65 3; 
ttag +66 12; 
ttag +67 2; 
ttag +68 6; 
ttag +69 6; 
ttag +70 5; 
ttag +71 2; 
ttag +72 4; 
ttag +73 5; 
ttag +74 4; 
ttag +75 2; 
ttag +76 1; 
ttag +77 4; 
ttag +78 2; 
ttag +79 4; 
ttag +80 5; 
ttag +81 7; 
ttag +82 8; 
ttag +83 1; 
ttag +84 1; 
ttag +85 7; 
ttag +86 2; 
ttag +87 14; 
ttag +88 1; 
ttag +89 1; 
ttag +90 1; 
tread
'Tree with tags' 
(0 (1 ((2 3 )(4 (5 ((6 (7 (10 (8 9 ))))(11 (((12 13 )(21 ((22 (23 (24 25 )))(26 (27 (28 ((29 (30 31 ))(((32 (35 (36 (37 (38 39 )))))(33 34 ))((41 (40 (42 43 )))(47 (46 (44 45 ))))))))))))((14 (18 (19 20 )))(15 (16 17 ))))))))))); 
ttag *!; 
ttag +0 ////; 
ttag +1 ////; 
ttag +2 ////; 
ttag +3 ////; 
ttag +4 ////; 
ttag +5 ////; 
ttag +6 ////; 
ttag +7 ////; 
ttag +8 ////; 
ttag +9 ////; 
ttag +10 ////; 
ttag +11 ////; 
ttag +12 ////; 
ttag +13 ////; 
ttag +14 ////; 
ttag +15 ////; 
ttag +16 ////; 
ttag +17 ////; 
ttag +18 ////; 
ttag +19 ////; 
ttag +20 ////; 
ttag +21 ////; 
ttag +22 ////; 
ttag +23 ////; 
ttag +24 ////; 
ttag +25 ////; 
ttag +26 ////; 
ttag +27 ////; 
ttag +28 ////; 
ttag +29 ////; 
ttag +30 ////; 
ttag +31 ////; 
ttag +32 ////; 
ttag +33 ////; 
ttag +34 ////; 
ttag +35 ////; 
ttag +36 ////; 
ttag +37 ////; 
ttag +38 ////; 
ttag +39 ////; 
ttag +40 ////; 
ttag +41 ////; 
ttag +42 ////; 
ttag +43 ////; 
ttag +44 ////; 
ttag +45 ////; 
ttag +46 ////; 
ttag +47 ////; 
ttag +48 ////; 
ttag +49 100/100/100/100/100; 
ttag +50 99/98/98/99/99; 
ttag +51 77/70/62/62/57; 
ttag +52 90/84/79/90/75; 
ttag +53 29/[14]/?/?/?; 
ttag +54 17/[26]/?/?/?; 
ttag +55 20/[23]/?/?/?; 
ttag +56 24/[19]/?/?/?; 
ttag +57 49/27/18/18/27; 
ttag +58 97/96/90/97/92; 
ttag +59 26/22/20/28/20; 
ttag +60 80/76/70/82/67; 
ttag +61 15/[16]/?/?/?; 
ttag +62 20/6/?/1/?; 
ttag +63 21/3/?/?/?; 
ttag +64 42/24/12/11/6; 
ttag +65 99/99/96/98/96; 
ttag +66 96/94/88/96/89; 
ttag +67 80/76/65/80/71; 
ttag +68 99/99/99/99/98; 
ttag +69 71/66/58/79/54; 
ttag +70 100/100/100/100/99; 
ttag +71 59/42/22/56/22; 
ttag +72 99/99/96/97/94; 
ttag +73 94/93/88/94/86; 
ttag +74 89/88/82/85/82; 
ttag +75 74/68/57/66/58; 
ttag +76 87/85/76/84/74; 
ttag +77 86/82/67/88/74; 
ttag +78 88/86/79/86/77; 
ttag +79 79/75/66/79/66; 
ttag +80 43/25/10/26/19; 
ttag +81 94/93/83/95/83; 
ttag +82 82/76/69/72/67; 
ttag +83 92/89/84/91/79; 
ttag +84 98/98/94/99/97; 
ttag +85 99/99/99/99/98; 
ttag +86 100/100/99/99/99; 
ttag +87 46/32/23/42/24; 
ttag +88 36/[14]/?/?/?; 
ttag +89 99/98/95/100/94; 
ttag +90 56/46/38/47/46; 
ttag +91 100/100/100/100/100; 
ttag +92 49/37/27/37/33; 
ttag +93 17/[4]/?/?/?; 
ttag +94 34/12/9/19/18; 
