tread
'Tree with tags' 
(0 (1 ((2 3 )(4 (5 (6 7 11 12 13 14 21 (8 9 10 )(15 16 17 )(18 (19 20 ))((22 (23 (24 25 )))(26 27 28 (29 (30 31 ))(32 (33 34 )(35 (36 (38 (37 39 )))))((40 (41 (42 43 )))(44 45 46 47 )))))))))); 
ttag *!; 
ttag +49 ???; 
ttag +50 3; 
ttag +51 3; 
ttag +52 9; 
ttag +53 1; 
ttag +54 3; 
ttag +55 8; 
ttag +56 6; 
ttag +57 4; 
ttag +58 5; 
ttag +59 9; 
ttag +60 3; 
ttag +61 5; 
ttag +62 9; 
ttag +63 2; 
ttag +64 4; 
ttag +65 4; 
ttag +66 4; 
ttag +67 6; 
ttag +68 1; 
ttag +69 1; 
ttag +70 1; 
ttag +71 5; 
ttag +72 5; 
ttag +73 1; 
ttag +74 6; 
ttag +75 4; 
ttag +76 5; 
tread
'Tree with tags' 
(0 (1 ((2 3 )(4 (5 (((6 7 )(8 (9 10 )))(11 ((12 (13 (17 (15 16 ))))((14 (21 ((22 (23 (24 25 )))(26 (27 (28 (((29 (30 31 ))((32 (35 (36 (38 (37 39 )))))(33 34 )))((40 (41 (42 43 )))(46 (45 (44 47 )))))))))))(18 (19 20 ))))))))))); 
ttag *!; 
ttag +0 ////; 
ttag +1 ////; 
ttag +2 ////; 
ttag +3 ////; 
ttag +4 ////; 
ttag +5 ////; 
ttag +6 ////; 
ttag +7 ////; 
ttag +8 ////; 
ttag +9 ////; 
ttag +10 ////; 
ttag +11 ////; 
ttag +12 ////; 
ttag +13 ////; 
ttag +14 ////; 
ttag +15 ////; 
ttag +16 ////; 
ttag +17 ////; 
ttag +18 ////; 
ttag +19 ////; 
ttag +20 ////; 
ttag +21 ////; 
ttag +22 ////; 
ttag +23 ////; 
ttag +24 ////; 
ttag +25 ////; 
ttag +26 ////; 
ttag +27 ////; 
ttag +28 ////; 
ttag +29 ////; 
ttag +30 ////; 
ttag +31 ////; 
ttag +32 ////; 
ttag +33 ////; 
ttag +34 ////; 
ttag +35 ////; 
ttag +36 ////; 
ttag +37 ////; 
ttag +38 ////; 
ttag +39 ////; 
ttag +40 ////; 
ttag +41 ////; 
ttag +42 ////; 
ttag +43 ////; 
ttag +44 ////; 
ttag +45 ////; 
ttag +46 ////; 
ttag +47 ////; 
ttag +48 ////; 
ttag +49 100/100/100/100/100; 
ttag +50 92/90/82/87/81; 
ttag +51 75/60/37/52/34; 
ttag +52 97/96/92/96/88; 
ttag +53 45/24/6/20/5; 
ttag +54 57/49/37/40/37; 
ttag +55 40/30/21/36/28; 
ttag +56 61/52/34/48/34; 
ttag +57 100/100/100/99/98; 
ttag +58 68/49/59/50/39; 
ttag +59 21/6/4/8/8; 
ttag +60 9/[2]/?/?/?; 
ttag +61 31/21/21/26/21; 
ttag +62 33/0/?/?/?; 
ttag +63 4/[7]/?/?/?; 
ttag +64 6/[6]/?/?/?; 
ttag +65 39/9/7/4/4; 
ttag +66 94/91/92/97/94; 
ttag +67 97/96/97/96/92; 
ttag +68 99/99/96/99/96; 
ttag +69 21/9/7/9/13; 
ttag +70 100/100/98/100/98; 
ttag +71 82/77/68/72/68; 
ttag +72 91/87/85/92/87; 
ttag +73 99/99/99/100/99; 
ttag +74 40/23/24/26/23; 
ttag +75 20/[7]/?/1/?; 
ttag +76 24/12/6/14/4; 
ttag +77 83/80/68/82/70; 
ttag +78 50/36/31/36/25; 
ttag +79 30/18/8/24/5; 
ttag +80 96/96/92/97/89; 
ttag +81 10/[19]/?/?/?; 
ttag +82 88/87/76/93/77; 
ttag +83 95/94/94/96/87; 
ttag +84 41/23/24/28/20; 
ttag +85 56/38/29/37/29; 
ttag +86 58/47/32/41/31; 
ttag +87 94/94/92/92/84; 
ttag +88 76/64/54/66/54; 
ttag +89 24/13/9/17/5; 
ttag +90 82/75/72/80/74; 
ttag +91 77/70/59/79/63; 
ttag +92 28/7/?/12/2; 
ttag +93 32/11/2/17/10; 
ttag +94 84/82/70/92/79; 
