tread
'Tree with tags' 
(0 (1 ((2 3 )(4 (5 ((11 (((6 7 )(8 (9 10 )))(15 (16 17 ))))((12 13 )((14 (18 (19 20 )))(21 ((22 (23 (24 25 )))(26 (27 (28 ((29 (30 31 ))(((32 (35 (36 (38 (37 39 )))))(33 34 ))((40 (41 (42 43 )))(44 (45 (46 47 ))))))))))))))))))); 
ttag *!; 
ttag +49 ???; 
ttag +50 5; 
ttag +51 8; 
ttag +52 7; 
ttag +53 4; 
ttag +54 1; 
ttag +55 3; 
ttag +56 1; 
ttag +57 1; 
ttag +58 1; 
ttag +59 15; 
ttag +60 2; 
ttag +61 4; 
ttag +62 1; 
ttag +63 1; 
ttag +64 1; 
ttag +65 8; 
ttag +66 4; 
ttag +67 5; 
ttag +68 10; 
ttag +69 2; 
ttag +70 3; 
ttag +71 4; 
ttag +72 1; 
ttag +73 6; 
ttag +74 5; 
ttag +75 4; 
ttag +76 4; 
ttag +77 3; 
ttag +78 7; 
ttag +79 3; 
ttag +80 1; 
ttag +81 7; 
ttag +82 1; 
ttag +83 5; 
ttag +84 3; 
ttag +85 6; 
ttag +86 1; 
ttag +87 8; 
ttag +88 7; 
ttag +89 1; 
ttag +90 1; 
ttag +91 3; 
ttag +92 1; 
ttag +93 1; 
ttag +94 1; 
tread
'Tree with tags' 
(0 (1 ((2 3 )(4 (5 ((11 (((6 7 )(8 (9 10 )))(15 (16 17 ))))((12 13 )((14 (18 (19 20 )))(21 ((22 (23 (24 25 )))(26 (27 (28 ((29 (30 31 ))(((32 (35 (36 (38 (37 39 )))))(33 34 ))((40 (41 (42 43 )))(44 (45 (46 47 ))))))))))))))))))); 
ttag *!; 
ttag +0 ////; 
ttag +1 ////; 
ttag +2 ////; 
ttag +3 ////; 
ttag +4 ////; 
ttag +5 ////; 
ttag +6 ////; 
ttag +7 ////; 
ttag +8 ////; 
ttag +9 ////; 
ttag +10 ////; 
ttag +11 ////; 
ttag +12 ////; 
ttag +13 ////; 
ttag +14 ////; 
ttag +15 ////; 
ttag +16 ////; 
ttag +17 ////; 
ttag +18 ////; 
ttag +19 ////; 
ttag +20 ////; 
ttag +21 ////; 
ttag +22 ////; 
ttag +23 ////; 
ttag +24 ////; 
ttag +25 ////; 
ttag +26 ////; 
ttag +27 ////; 
ttag +28 ////; 
ttag +29 ////; 
ttag +30 ////; 
ttag +31 ////; 
ttag +32 ////; 
ttag +33 ////; 
ttag +34 ////; 
ttag +35 ////; 
ttag +36 ////; 
ttag +37 ////; 
ttag +38 ////; 
ttag +39 ////; 
ttag +40 ////; 
ttag +41 ////; 
ttag +42 ////; 
ttag +43 ////; 
ttag +44 ////; 
ttag +45 ////; 
ttag +46 ////; 
ttag +47 ////; 
ttag +48 ////; 
ttag +49 100/100/100/100/100; 
ttag +50 94/92/84/93/83; 
ttag +51 99/99/96/100/94; 
ttag +52 96/95/91/98/89; 
ttag +53 92/90/79/87/76; 
ttag +54 37/14/12/16/26; 
ttag +55 90/87/82/91/82; 
ttag +56 20/[18]/?/?/?; 
ttag +57 12/[26]/?/?/?; 
ttag +58 52/45/42/44/44; 
ttag +59 100/100/100/100/100; 
ttag +60 86/85/82/82/79; 
ttag +61 88/85/78/85/72; 
ttag +62 24/3/?/?/0; 
ttag +63 17/[2]/?/?/?; 
ttag +64 15/[2]/?/?/?; 
ttag +65 99/99/100/100/98; 
ttag +66 93/92/88/94/88; 
ttag +67 94/91/83/92/86; 
ttag +68 100/100/100/100/100; 
ttag +69 56/44/38/46/26; 
ttag +70 76/65/50/71/53; 
ttag +71 88/84/75/83/76; 
ttag +72 52/29/28/36/32; 
ttag +73 96/94/91/94/94; 
ttag +74 85/80/74/87/70; 
ttag +75 79/73/57/73/60; 
ttag +76 80/76/60/76/58; 
ttag +77 77/74/66/70/62; 
ttag +78 94/92/88/95/84; 
ttag +79 89/87/82/83/75; 
ttag +80 35/11/5/11/14; 
ttag +81 95/94/88/94/86; 
ttag +82 24/0/6/?/4; 
ttag +83 90/85/62/85/57; 
ttag +84 85/79/70/74/63; 
ttag +85 97/96/90/96/87; 
ttag +86 69/69/65/66/66; 
ttag +87 99/98/93/98/94; 
ttag +88 96/96/94/96/94; 
ttag +89 51/26/30/26/32; 
ttag +90 32/6/4/10/1; 
ttag +91 88/82/80/86/83; 
ttag +92 63/44/45/50/41; 
ttag +93 29/11/?/15/5; 
ttag +94 48/34/31/36/32; 
