tread
'Tree with tags' 
(0 (1 ((2 3 )((4 5 ((6 7 )(8 (9 10 ))))(11 (14 18 21 (12 13 )(15 16 17 )(19 20 )(22 23 (24 25 ))(26 27 28 ((29 (30 31 ))(((32 34 )(33 (38 ((35 36 )(37 39 )))))(40 (41 (42 43 )))(44 45 (46 47 ))))))))))); 
ttag *!; 
ttag +49 ???; 
ttag +50 8; 
ttag +51 4; 
ttag +52 2; 
ttag +53 6; 
ttag +54 1; 
ttag +55 2; 
ttag +56 10; 
ttag +57 2; 
ttag +58 1; 
ttag +59 1; 
ttag +60 2; 
ttag +61 4; 
ttag +62 6; 
ttag +63 3; 
ttag +64 4; 
ttag +65 5; 
ttag +66 5; 
ttag +67 1; 
ttag +68 4; 
ttag +69 1; 
ttag +70 4; 
ttag +71 1; 
ttag +72 1; 
ttag +73 3; 
ttag +74 2; 
ttag +75 2; 
ttag +76 3; 
ttag +77 6; 
ttag +78 3; 
ttag +79 5; 
ttag +80 2; 
ttag +81 1; 
tread
'Tree with tags' 
(0 (1 ((2 3 )((4 (5 ((6 7 )(8 (9 10 )))))(11 (14 ((21 ((12 13 )((17 (15 16 ))(26 (27 (28 ((29 (30 31 ))((((32 34 )(33 (38 ((35 36 )(37 39 )))))(40 (41 (42 43 ))))((44 45 )(46 47 ))))))))))((18 (19 20 ))(22 (23 (24 25 ))))))))))); 
ttag *!; 
ttag +0 ////; 
ttag +1 ////; 
ttag +2 ////; 
ttag +3 ////; 
ttag +4 ////; 
ttag +5 ////; 
ttag +6 ////; 
ttag +7 ////; 
ttag +8 ////; 
ttag +9 ////; 
ttag +10 ////; 
ttag +11 ////; 
ttag +12 ////; 
ttag +13 ////; 
ttag +14 ////; 
ttag +15 ////; 
ttag +16 ////; 
ttag +17 ////; 
ttag +18 ////; 
ttag +19 ////; 
ttag +20 ////; 
ttag +21 ////; 
ttag +22 ////; 
ttag +23 ////; 
ttag +24 ////; 
ttag +25 ////; 
ttag +26 ////; 
ttag +27 ////; 
ttag +28 ////; 
ttag +29 ////; 
ttag +30 ////; 
ttag +31 ////; 
ttag +32 ////; 
ttag +33 ////; 
ttag +34 ////; 
ttag +35 ////; 
ttag +36 ////; 
ttag +37 ////; 
ttag +38 ////; 
ttag +39 ////; 
ttag +40 ////; 
ttag +41 ////; 
ttag +42 ////; 
ttag +43 ////; 
ttag +44 ////; 
ttag +45 ////; 
ttag +46 ////; 
ttag +47 ////; 
ttag +48 ////; 
ttag +49 100/100/100/100/100; 
ttag +50 100/100/99/100/98; 
ttag +51 82/72/66/75/64; 
ttag +52 49/37/26/44/24; 
ttag +53 94/92/86/93/76; 
ttag +54 11/[6]/?/0/?; 
ttag +55 69/65/49/66/54; 
ttag +56 43/30/18/39/19; 
ttag +57 100/100/100/100/98; 
ttag +58 69/50/56/62/49; 
ttag +59 38/22/20/20/7; 
ttag +60 30/19/18/19/19; 
ttag +61 1/[38]/?/?/?; 
ttag +62 0/[39]/?/?/?; 
ttag +63 23/[16]/?/?/?; 
ttag +64 63/58/52/64/52; 
ttag +65 35/[4]/5/?/?; 
ttag +66 92/90/78/91/83; 
ttag +67 2/[31]/?/?/?; 
ttag +68 46/34/30/22/22; 
ttag +69 20/[10]/?/?/?; 
ttag +70 100/100/98/99/99; 
ttag +71 94/92/84/92/88; 
ttag +72 44/20/21/22/17; 
ttag +73 100/100/97/98/96; 
ttag +74 92/91/84/97/84; 
ttag +75 37/[5]/?/?/?; 
ttag +76 24/16/13/8/14; 
ttag +77 92/88/76/93/83; 
ttag +78 35/27/20/30/20; 
ttag +79 99/98/97/98/94; 
ttag +80 12/[24]/?/?/?; 
ttag +81 88/86/75/89/74; 
ttag +82 18/[5]/?/?/?; 
ttag +83 36/12/?/24/?; 
ttag +84 27/12/10/20/11; 
ttag +85 51/24/38/18/27; 
ttag +86 19/[43]/?/?/?; 
ttag +87 57/45/33/59/36; 
ttag +88 75/63/64/70/56; 
ttag +89 93/92/90/94/89; 
ttag +90 63/46/43/56/40; 
ttag +91 91/88/80/92/80; 
ttag +92 18/[4]/0/?/2; 
ttag +93 76/69/67/74/65; 
ttag +94 37/15/23/19/20; 
