tread
'Tree with tags' 
(0 (1 ((2 3 )(4 (5 (((6 7 )(8 (9 10 )))(13 (12 (11 ((14 ((15 (16 17 ))(18 (19 20 ))))(21 ((22 (23 (24 25 )))(26 27 (28 ((29 (30 31 ))(32 35 36 (33 34 )(37 (38 39 )))(40 (41 (42 43 ))(44 45 46 47 ))))))))))))))))); 
ttag *!; 
ttag +49 ???; 
ttag +50 7; 
ttag +51 2; 
ttag +52 8; 
ttag +53 4; 
ttag +54 1; 
ttag +55 1; 
ttag +56 3; 
ttag +57 7; 
ttag +58 3; 
ttag +59 1; 
ttag +60 1; 
ttag +61 3; 
ttag +62 2; 
ttag +63 2; 
ttag +64 4; 
ttag +65 2; 
ttag +66 5; 
ttag +67 5; 
ttag +68 7; 
ttag +69 2; 
ttag +70 2; 
ttag +71 3; 
ttag +72 12; 
ttag +73 9; 
ttag +74 3; 
ttag +75 1; 
ttag +76 2; 
ttag +77 1; 
ttag +78 5; 
ttag +79 6; 
ttag +80 3; 
ttag +81 2; 
ttag +82 1; 
ttag +83 2; 
ttag +84 1; 
ttag +85 4; 
ttag +86 1; 
tread
'Tree with tags' 
(0 (1 ((2 3 )(4 (5 (((6 7 )(8 (9 10 )))(13 (12 (11 ((14 ((15 (16 17 ))(18 (19 20 ))))(21 ((22 (23 (24 25 )))(27 (26 (28 (((29 (30 31 ))((32 ((35 36 )(37 (38 39 ))))(33 34 )))((40 (41 (42 43 )))(45 (44 (46 47 )))))))))))))))))))); 
ttag *!; 
ttag +0 ////; 
ttag +1 ////; 
ttag +2 ////; 
ttag +3 ////; 
ttag +4 ////; 
ttag +5 ////; 
ttag +6 ////; 
ttag +7 ////; 
ttag +8 ////; 
ttag +9 ////; 
ttag +10 ////; 
ttag +11 ////; 
ttag +12 ////; 
ttag +13 ////; 
ttag +14 ////; 
ttag +15 ////; 
ttag +16 ////; 
ttag +17 ////; 
ttag +18 ////; 
ttag +19 ////; 
ttag +20 ////; 
ttag +21 ////; 
ttag +22 ////; 
ttag +23 ////; 
ttag +24 ////; 
ttag +25 ////; 
ttag +26 ////; 
ttag +27 ////; 
ttag +28 ////; 
ttag +29 ////; 
ttag +30 ////; 
ttag +31 ////; 
ttag +32 ////; 
ttag +33 ////; 
ttag +34 ////; 
ttag +35 ////; 
ttag +36 ////; 
ttag +37 ////; 
ttag +38 ////; 
ttag +39 ////; 
ttag +40 ////; 
ttag +41 ////; 
ttag +42 ////; 
ttag +43 ////; 
ttag +44 ////; 
ttag +45 ////; 
ttag +46 ////; 
ttag +47 ////; 
ttag +48 ////; 
ttag +49 100/100/100/100/100; 
ttag +50 99/99/94/99/95; 
ttag +51 79/70/58/66/62; 
ttag +52 94/92/93/97/84; 
ttag +53 58/50/38/56/40; 
ttag +54 56/25/35/34/34; 
ttag +55 69/61/52/53/40; 
ttag +56 41/28/10/39/19; 
ttag +57 100/100/99/99/99; 
ttag +58 90/88/81/87/80; 
ttag +59 25/14/7/23/6; 
ttag +60 20/7/0/18/?; 
ttag +61 52/44/33/56/41; 
ttag +62 21/1/?/?/?; 
ttag +63 20/8/4/23/6; 
ttag +64 90/83/75/92/79; 
ttag +65 24/4/1/4/?; 
ttag +66 95/94/88/91/85; 
ttag +67 96/95/94/97/95; 
ttag +68 100/100/98/100/100; 
ttag +69 26/6/1/5/?; 
ttag +70 73/62/53/62/44; 
ttag +71 62/55/46/65/48; 
ttag +72 100/100/100/100/100; 
ttag +73 100/100/100/100/100; 
ttag +74 7/[41]/?/?/?; 
ttag +75 90/88/74/86/77; 
ttag +76 54/41/14/38/22; 
ttag +77 82/78/73/81/74; 
ttag +78 40/19/6/9/8; 
ttag +79 56/49/35/43/36; 
ttag +80 99/99/96/98/98; 
ttag +81 32/2/?/?/?; 
ttag +82 96/94/88/96/90; 
ttag +83 90/87/75/88/81; 
ttag +84 29/6/3/10/4; 
ttag +85 53/36/42/38/29; 
ttag +86 73/68/63/70/56; 
ttag +87 73/63/48/64/44; 
ttag +88 58/35/29/24/34; 
ttag +89 84/80/74/81/72; 
ttag +90 86/81/76/82/75; 
ttag +91 97/95/88/98/94; 
ttag +92 36/19/10/14/7; 
ttag +93 77/71/66/70/60; 
ttag +94 48/31/20/26/24; 
