tread
'Tree with tags' 
(0 (1 (4 (2 3 )(5 11 12 13 (6 7 )(14 ((15 (16 17 ))(18 (19 20 )))(21 ((22 (23 (24 25 )))(26 27 (28 ((29 ((30 31 )(32 ((33 34 )(35 (36 (37 38 39 )))))))(40 41 (42 43 ))(47 (46 (44 45 ))))))))))(8 9 10 )))); 
ttag *!; 
ttag +49 ???; 
ttag +50 7; 
ttag +51 7; 
ttag +52 3; 
ttag +53 4; 
ttag +54 8; 
ttag +55 1; 
ttag +56 7; 
ttag +57 1; 
ttag +58 2; 
ttag +59 6; 
ttag +60 11; 
ttag +61 1; 
ttag +62 5; 
ttag +63 4; 
ttag +64 1; 
ttag +65 3; 
ttag +66 4; 
ttag +67 2; 
ttag +68 2; 
ttag +69 3; 
ttag +70 8; 
ttag +71 1; 
ttag +72 5; 
ttag +73 3; 
ttag +74 1; 
ttag +75 4; 
ttag +76 2; 
ttag +77 3; 
ttag +78 8; 
ttag +79 9; 
ttag +80 1; 
ttag +81 2; 
ttag +82 3; 
tread
'Tree with tags' 
(0 (1 (((2 3 )(4 (5 ((11 (6 7 ))((12 13 )((14 (21 ((22 (23 (24 25 )))((26 27 )(28 (((29 ((30 31 )(32 ((33 34 )(35 (36 (37 (38 39 ))))))))(41 (40 (42 43 ))))(47 (46 (44 45 )))))))))((15 (16 17 ))(18 (19 20 )))))))))(10 (8 9 ))))); 
ttag *!; 
ttag +0 ////; 
ttag +1 ////; 
ttag +2 ////; 
ttag +3 ////; 
ttag +4 ////; 
ttag +5 ////; 
ttag +6 ////; 
ttag +7 ////; 
ttag +8 ////; 
ttag +9 ////; 
ttag +10 ////; 
ttag +11 ////; 
ttag +12 ////; 
ttag +13 ////; 
ttag +14 ////; 
ttag +15 ////; 
ttag +16 ////; 
ttag +17 ////; 
ttag +18 ////; 
ttag +19 ////; 
ttag +20 ////; 
ttag +21 ////; 
ttag +22 ////; 
ttag +23 ////; 
ttag +24 ////; 
ttag +25 ////; 
ttag +26 ////; 
ttag +27 ////; 
ttag +28 ////; 
ttag +29 ////; 
ttag +30 ////; 
ttag +31 ////; 
ttag +32 ////; 
ttag +33 ////; 
ttag +34 ////; 
ttag +35 ////; 
ttag +36 ////; 
ttag +37 ////; 
ttag +38 ////; 
ttag +39 ////; 
ttag +40 ////; 
ttag +41 ////; 
ttag +42 ////; 
ttag +43 ////; 
ttag +44 ////; 
ttag +45 ////; 
ttag +46 ////; 
ttag +47 ////; 
ttag +48 ////; 
ttag +49 100/100/100/100/100; 
ttag +50 99/98/96/100/98; 
ttag +51 13/[18]/?/?/?; 
ttag +52 96/94/88/98/91; 
ttag +53 17/[14]/?/?/?; 
ttag +54 49/37/22/38/35; 
ttag +55 88/84/76/84/79; 
ttag +56 8/[6]/?/?/?; 
ttag +57 23/8/2/13/6; 
ttag +58 62/38/33/35/17; 
ttag +59 98/98/95/99/98; 
ttag +60 32/18/8/18/15; 
ttag +61 26/18/6/16/11; 
ttag +62 17/[14]/?/?/?; 
ttag +63 34/26/14/24/17; 
ttag +64 98/97/93/98/95; 
ttag +65 69/56/42/59/50; 
ttag +66 78/71/58/74/64; 
ttag +67 96/94/88/96/93; 
ttag +68 100/100/100/100/100; 
ttag +69 50/43/28/38/24; 
ttag +70 92/90/78/88/79; 
ttag +71 86/84/71/84/70; 
ttag +72 72/51/47/66/48; 
ttag +73 91/88/76/93/86; 
ttag +74 31/18/14/17/8; 
ttag +75 86/84/62/83/60; 
ttag +76 67/57/45/60/45; 
ttag +77 44/35/21/37/22; 
ttag +78 18/[1]/?/?/?; 
ttag +79 84/83/75/84/71; 
ttag +80 97/97/96/99/92; 
ttag +81 23/[24]/?/?/?; 
ttag +82 89/88/78/91/76; 
ttag +83 76/65/49/68/57; 
ttag +84 34/10/7/14/18; 
ttag +85 90/89/82/86/84; 
ttag +86 82/76/64/76/72; 
ttag +87 91/89/75/94/78; 
ttag +88 33/[9]/?/6/?; 
ttag +89 44/10/16/?/9; 
ttag +90 99/99/96/99/96; 
ttag +91 100/100/99/100/98; 
ttag +92 35/24/6/24/15; 
ttag +93 33/22/6/30/13; 
ttag +94 43/32/16/37/22; 
