tread
'Tree with tags' 
(0 ((6 (1 4 5 7 11 (2 3 )(8 (9 10 ))(12 13 )(14 (18 (19 20 )))(21 ((22 (23 (24 25 )))(26 (27 (28 ((29 (30 31 ))((32 (35 ((33 34 )(36 (37 38 39 )))))((41 (40 (42 43 )))(44 45 46 47 )))))))))))(15 (16 17 )))); 
ttag *!; 
ttag +49 1; 
ttag +50 4; 
ttag +51 ???; 
ttag +52 4; 
ttag +53 7; 
ttag +54 2; 
ttag +55 1; 
ttag +56 3; 
ttag +57 6; 
ttag +58 2; 
ttag +59 8; 
ttag +60 8; 
ttag +61 2; 
ttag +62 1; 
ttag +63 1; 
ttag +64 5; 
ttag +65 4; 
ttag +66 6; 
ttag +67 2; 
ttag +68 6; 
ttag +69 6; 
ttag +70 3; 
ttag +71 5; 
ttag +72 1; 
ttag +73 3; 
ttag +74 4; 
ttag +75 2; 
ttag +76 6; 
ttag +77 2; 
ttag +78 3; 
ttag +79 1; 
ttag +80 1; 
ttag +81 1; 
ttag +82 5; 
ttag +83 5; 
tread
'Tree with tags' 
(0 ((6 ((11 (((1 (21 ((22 (23 (24 25 )))(26 (27 (28 ((29 (30 31 ))((32 (35 ((33 34 )(36 (39 (37 38 ))))))((41 (40 (42 43 )))(47 (46 (44 45 ))))))))))))(12 13 ))(14 (18 (19 20 )))))(((5 (2 3 ))(8 (9 10 )))(4 7 ))))(15 (16 17 )))); 
ttag *!; 
ttag +0 ////; 
ttag +1 ////; 
ttag +2 ////; 
ttag +3 ////; 
ttag +4 ////; 
ttag +5 ////; 
ttag +6 ////; 
ttag +7 ////; 
ttag +8 ////; 
ttag +9 ////; 
ttag +10 ////; 
ttag +11 ////; 
ttag +12 ////; 
ttag +13 ////; 
ttag +14 ////; 
ttag +15 ////; 
ttag +16 ////; 
ttag +17 ////; 
ttag +18 ////; 
ttag +19 ////; 
ttag +20 ////; 
ttag +21 ////; 
ttag +22 ////; 
ttag +23 ////; 
ttag +24 ////; 
ttag +25 ////; 
ttag +26 ////; 
ttag +27 ////; 
ttag +28 ////; 
ttag +29 ////; 
ttag +30 ////; 
ttag +31 ////; 
ttag +32 ////; 
ttag +33 ////; 
ttag +34 ////; 
ttag +35 ////; 
ttag +36 ////; 
ttag +37 ////; 
ttag +38 ////; 
ttag +39 ////; 
ttag +40 ////; 
ttag +41 ////; 
ttag +42 ////; 
ttag +43 ////; 
ttag +44 ////; 
ttag +45 ////; 
ttag +46 ////; 
ttag +47 ////; 
ttag +48 ////; 
ttag +49 5/[8]/?/?/?; 
ttag +50 1/[14]/?/?/?; 
ttag +51 0/[15]/?/?/?; 
ttag +52 0/[15]/?/?/?; 
ttag +53 8/[18]/?/?/?; 
ttag +54 31/15/4/7/4; 
ttag +55 100/100/100/100/100; 
ttag +56 93/92/75/92/76; 
ttag +57 17/5/0/?/?; 
ttag +58 8/[3]/?/?/?; 
ttag +59 0/[26]/?/?/?; 
ttag +60 25/[1]/?/6/?; 
ttag +61 100/100/94/98/95; 
ttag +62 86/82/71/88/70; 
ttag +63 46/30/23/35/28; 
ttag +64 44/35/23/27/26; 
ttag +65 97/95/88/96/92; 
ttag +66 67/53/35/41/31; 
ttag +67 98/98/94/98/95; 
ttag +68 100/100/100/100/100; 
ttag +69 34/21/10/24/3; 
ttag +70 72/66/55/59/54; 
ttag +71 36/23/15/26/4; 
ttag +72 93/90/75/89/83; 
ttag +73 93/90/82/93/86; 
ttag +74 80/72/68/84/66; 
ttag +75 48/24/6/27/4; 
ttag +76 61/42/30/47/22; 
ttag +77 87/85/76/85/72; 
ttag +78 57/49/42/53/40; 
ttag +79 95/94/87/92/87; 
ttag +80 21/2/?/?/6; 
ttag +81 71/67/48/64/52; 
ttag +82 87/85/74/88/79; 
ttag +83 58/37/14/28/19; 
ttag +84 91/89/81/93/85; 
ttag +85 64/57/40/59/55; 
ttag +86 34/[3]/?/?/?; 
ttag +87 92/90/82/93/86; 
ttag +88 42/28/30/30/16; 
ttag +89 23/4/?/?/0; 
ttag +90 36/17/4/7/10; 
ttag +91 98/98/92/98/94; 
ttag +92 51/30/30/28/32; 
ttag +93 35/14/14/19/20; 
ttag +94 98/97/92/96/88; 
