tread
'Tree with tags' 
(0 (1 ((2 3 )(4 (5 ((13 (12 (((6 7 )(8 (9 10 )))(15 (16 17 )))))(11 ((14 ((22 (23 (24 25 )))((26 (27 ((((32 (35 (36 (37 (38 39 )))))(33 34 ))((44 45 )(46 47 )))((40 41 )(42 43 )))))(28 (29 (30 31 ))))))(21 (18 (19 20 ))))))))))); 
ttag *!; 
ttag +49 ???; 
ttag +50 4; 
ttag +51 8; 
ttag +52 4; 
ttag +53 4; 
ttag +54 2; 
ttag +55 2; 
ttag +56 1; 
ttag +57 1; 
ttag +58 1; 
ttag +59 2; 
ttag +60 9; 
ttag +61 1; 
ttag +62 1; 
ttag +63 1; 
ttag +64 1; 
ttag +65 5; 
ttag +66 2; 
ttag +67 7; 
ttag +68 1; 
ttag +69 12; 
ttag +70 7; 
ttag +71 3; 
ttag +72 5; 
ttag +73 3; 
ttag +74 1; 
ttag +75 2; 
ttag +76 1; 
ttag +77 1; 
ttag +78 5; 
ttag +79 4; 
ttag +80 1; 
ttag +81 6; 
ttag +82 1; 
ttag +83 1; 
ttag +84 2; 
ttag +85 1; 
ttag +86 4; 
ttag +87 5; 
ttag +88 2; 
ttag +89 1; 
ttag +90 1; 
ttag +91 9; 
ttag +92 1; 
ttag +93 3; 
ttag +94 1; 
tread
'Tree with tags' 
(0 (1 ((2 3 )(4 (5 ((13 (12 (((6 7 )(8 (9 10 )))(15 (16 17 )))))(11 ((14 ((22 (23 (24 25 )))((26 (27 ((((32 (35 (36 (37 (38 39 )))))(33 34 ))((44 45 )(46 47 )))((40 41 )(42 43 )))))(28 (29 (30 31 ))))))(21 (18 (19 20 ))))))))))); 
ttag *!; 
ttag +0 ////; 
ttag +1 ////; 
ttag +2 ////; 
ttag +3 ////; 
ttag +4 ////; 
ttag +5 ////; 
ttag +6 ////; 
ttag +7 ////; 
ttag +8 ////; 
ttag +9 ////; 
ttag +10 ////; 
ttag +11 ////; 
ttag +12 ////; 
ttag +13 ////; 
ttag +14 ////; 
ttag +15 ////; 
ttag +16 ////; 
ttag +17 ////; 
ttag +18 ////; 
ttag +19 ////; 
ttag +20 ////; 
ttag +21 ////; 
ttag +22 ////; 
ttag +23 ////; 
ttag +24 ////; 
ttag +25 ////; 
ttag +26 ////; 
ttag +27 ////; 
ttag +28 ////; 
ttag +29 ////; 
ttag +30 ////; 
ttag +31 ////; 
ttag +32 ////; 
ttag +33 ////; 
ttag +34 ////; 
ttag +35 ////; 
ttag +36 ////; 
ttag +37 ////; 
ttag +38 ////; 
ttag +39 ////; 
ttag +40 ////; 
ttag +41 ////; 
ttag +42 ////; 
ttag +43 ////; 
ttag +44 ////; 
ttag +45 ////; 
ttag +46 ////; 
ttag +47 ////; 
ttag +48 ////; 
ttag +49 100/100/100/100/100; 
ttag +50 98/98/94/97/94; 
ttag +51 96/95/93/98/94; 
ttag +52 77/71/63/76/53; 
ttag +53 55/40/28/48/32; 
ttag +54 46/28/28/21/27; 
ttag +55 66/62/53/67/50; 
ttag +56 9/[30]/?/?/?; 
ttag +57 2/[37]/?/?/?; 
ttag +58 4/[36]/?/?/?; 
ttag +59 17/1/?/?/?; 
ttag +60 100/100/100/99/99; 
ttag +61 74/70/62/71/57; 
ttag +62 6/[33]/?/?/?; 
ttag +63 20/4/?/7/?; 
ttag +64 17/[8]/?/?/?; 
ttag +65 92/91/78/86/84; 
ttag +66 66/52/52/51/50; 
ttag +67 99/98/96/99/96; 
ttag +68 37/10/6/13/8; 
ttag +69 100/100/100/100/100; 
ttag +70 87/85/78/91/78; 
ttag +71 56/46/29/46/29; 
ttag +72 95/95/92/93/92; 
ttag +73 89/84/86/87/85; 
ttag +74 27/[7]/?/?/?; 
ttag +75 62/51/41/51/33; 
ttag +76 25/[10]/?/?/?; 
ttag +77 33/[1]/?/?/0; 
ttag +78 98/96/92/97/93; 
ttag +79 90/85/76/89/80; 
ttag +80 48/34/32/26/35; 
ttag +81 98/97/94/98/94; 
ttag +82 11/[26]/?/?/?; 
ttag +83 64/51/45/44/35; 
ttag +84 71/51/39/53/42; 
ttag +85 40/10/4/4/5; 
ttag +86 94/91/87/94/86; 
ttag +87 96/95/90/94/91; 
ttag +88 74/62/58/70/56; 
ttag +89 22/[26]/?/?/?; 
ttag +90 72/62/52/67/54; 
ttag +91 98/98/98/98/98; 
ttag +92 61/49/36/41/26; 
ttag +93 86/85/80/91/79; 
ttag +94 39/13/15/14/21; 
