tread
'Tree with tags' 
(0 (1 ((2 3 )(4 (5 (((6 7 )(8 (9 10 )))(11 (12 13 ((14 ((15 (16 17 ))(18 (19 20 ))))(21 (22 (23 (24 25 ))(26 (27 28 (29 (30 31 ))((32 (35 ((33 34 )(36 (37 38 39 )))))((41 (40 (42 43 )))(45 (44 (46 47 )))))))))))))))))); 
ttag *!; 
ttag +49 ???; 
ttag +50 2; 
ttag +51 5; 
ttag +52 4; 
ttag +53 5; 
ttag +54 1; 
ttag +55 1; 
ttag +56 2; 
ttag +57 7; 
ttag +58 3; 
ttag +59 1; 
ttag +60 3; 
ttag +61 2; 
ttag +62 3; 
ttag +63 10; 
ttag +64 1; 
ttag +65 2; 
ttag +66 5; 
ttag +67 10; 
ttag +68 3; 
ttag +69 7; 
ttag +70 8; 
ttag +71 3; 
ttag +72 6; 
ttag +73 1; 
ttag +74 3; 
ttag +75 3; 
ttag +76 5; 
ttag +77 3; 
ttag +78 3; 
ttag +79 1; 
ttag +80 3; 
ttag +81 4; 
ttag +82 2; 
ttag +83 1; 
ttag +84 4; 
ttag +85 1; 
ttag +86 6; 
ttag +87 3; 
ttag +88 3; 
ttag +89 1; 
tread
'Tree with tags' 
(0 (1 ((2 3 )(4 (5 (((6 7 )(8 (9 10 )))(11 (13 (12 ((14 ((15 (16 17 ))(18 (19 20 ))))(21 ((22 (23 (24 25 )))(26 (27 (28 ((29 (30 31 ))((32 (35 ((33 34 )(36 (39 (37 38 ))))))((41 (40 (42 43 )))(45 (44 (46 47 ))))))))))))))))))))); 
ttag *!; 
ttag +0 ////; 
ttag +1 ////; 
ttag +2 ////; 
ttag +3 ////; 
ttag +4 ////; 
ttag +5 ////; 
ttag +6 ////; 
ttag +7 ////; 
ttag +8 ////; 
ttag +9 ////; 
ttag +10 ////; 
ttag +11 ////; 
ttag +12 ////; 
ttag +13 ////; 
ttag +14 ////; 
ttag +15 ////; 
ttag +16 ////; 
ttag +17 ////; 
ttag +18 ////; 
ttag +19 ////; 
ttag +20 ////; 
ttag +21 ////; 
ttag +22 ////; 
ttag +23 ////; 
ttag +24 ////; 
ttag +25 ////; 
ttag +26 ////; 
ttag +27 ////; 
ttag +28 ////; 
ttag +29 ////; 
ttag +30 ////; 
ttag +31 ////; 
ttag +32 ////; 
ttag +33 ////; 
ttag +34 ////; 
ttag +35 ////; 
ttag +36 ////; 
ttag +37 ////; 
ttag +38 ////; 
ttag +39 ////; 
ttag +40 ////; 
ttag +41 ////; 
ttag +42 ////; 
ttag +43 ////; 
ttag +44 ////; 
ttag +45 ////; 
ttag +46 ////; 
ttag +47 ////; 
ttag +48 ////; 
ttag +49 100/100/100/100/100; 
ttag +50 79/68/60/64/66; 
ttag +51 87/84/79/89/80; 
ttag +52 94/91/86/94/88; 
ttag +53 92/91/85/94/84; 
ttag +54 69/62/60/66/61; 
ttag +55 57/39/32/45/37; 
ttag +56 64/48/42/60/32; 
ttag +57 99/99/99/100/98; 
ttag +58 90/87/90/95/88; 
ttag +59 63/56/49/50/48; 
ttag +60 19/12/17/14/20; 
ttag +61 87/86/74/86/69; 
ttag +62 65/60/44/62/42; 
ttag +63 72/68/56/74/55; 
ttag +64 100/100/97/100/97; 
ttag +65 60/42/33/42/32; 
ttag +66 88/86/77/82/74; 
ttag +67 98/98/93/98/95; 
ttag +68 100/100/100/100/100; 
ttag +69 72/67/55/72/54; 
ttag +70 38/12/6/10/3; 
ttag +71 95/94/90/98/89; 
ttag +72 99/99/100/99/99; 
ttag +73 86/79/66/86/69; 
ttag +74 94/93/80/92/81; 
ttag +75 44/24/10/28/23; 
ttag +76 24/4/?/11/6; 
ttag +77 80/77/66/77/64; 
ttag +78 23/6/13/11/13; 
ttag +79 91/88/75/85/70; 
ttag +80 95/94/82/93/86; 
ttag +81 64/58/46/57/44; 
ttag +82 79/71/60/82/62; 
ttag +83 39/21/6/22/20; 
ttag +84 80/75/58/72/60; 
ttag +85 93/92/84/92/84; 
ttag +86 2/[5]/?/?/?; 
ttag +87 56/46/44/49/29; 
ttag +88 28/[2]/8/6/?; 
ttag +89 85/82/65/82/70; 
ttag +90 50/42/28/39/29; 
ttag +91 95/93/95/98/93; 
ttag +92 56/42/33/55/40; 
ttag +93 64/60/50/64/54; 
ttag +94 30/1/?/10/?; 
