tread
'Tree with tags' 
(0 (1 ((2 3 )(4 5 6 7 13 (8 9 10 )(12 ((11 (18 (19 20 )))((14 (15 (16 17 )))(21 ((22 (23 (24 25 )))((26 27 28 )((29 (30 31 ))((32 (33 34 )(35 36 (39 (37 38 ))))(44 45 46 47 (40 (41 (42 43 )))))))))))))))); 
ttag *!; 
ttag +49 ???; 
ttag +50 2; 
ttag +51 3; 
ttag +52 9; 
ttag +53 8; 
ttag +54 2; 
ttag +55 1; 
ttag +56 1; 
ttag +57 2; 
ttag +58 1; 
ttag +59 10; 
ttag +60 4; 
ttag +61 7; 
ttag +62 7; 
ttag +63 1; 
ttag +64 3; 
ttag +65 4; 
ttag +66 5; 
ttag +67 9; 
ttag +68 1; 
ttag +69 3; 
ttag +70 5; 
ttag +71 1; 
ttag +72 3; 
ttag +73 5; 
ttag +74 1; 
ttag +75 5; 
ttag +76 2; 
ttag +77 1; 
ttag +78 5; 
ttag +79 6; 
ttag +80 5; 
ttag +81 1; 
ttag +82 3; 
tread
'Tree with tags' 
(0 (1 ((2 3 )(4 (5 ((13 ((6 7 )(9 (8 10 ))))(12 ((11 (18 (19 20 )))((14 (15 (16 17 )))(21 ((22 (23 (24 25 )))((26 (27 28 ))((29 (30 31 ))(((32 (36 (35 (39 (37 38 )))))(33 34 ))((40 (41 (42 43 )))(46 (47 (44 45 )))))))))))))))))); 
ttag *!; 
ttag +0 ////; 
ttag +1 ////; 
ttag +2 ////; 
ttag +3 ////; 
ttag +4 ////; 
ttag +5 ////; 
ttag +6 ////; 
ttag +7 ////; 
ttag +8 ////; 
ttag +9 ////; 
ttag +10 ////; 
ttag +11 ////; 
ttag +12 ////; 
ttag +13 ////; 
ttag +14 ////; 
ttag +15 ////; 
ttag +16 ////; 
ttag +17 ////; 
ttag +18 ////; 
ttag +19 ////; 
ttag +20 ////; 
ttag +21 ////; 
ttag +22 ////; 
ttag +23 ////; 
ttag +24 ////; 
ttag +25 ////; 
ttag +26 ////; 
ttag +27 ////; 
ttag +28 ////; 
ttag +29 ////; 
ttag +30 ////; 
ttag +31 ////; 
ttag +32 ////; 
ttag +33 ////; 
ttag +34 ////; 
ttag +35 ////; 
ttag +36 ////; 
ttag +37 ////; 
ttag +38 ////; 
ttag +39 ////; 
ttag +40 ////; 
ttag +41 ////; 
ttag +42 ////; 
ttag +43 ////; 
ttag +44 ////; 
ttag +45 ////; 
ttag +46 ////; 
ttag +47 ////; 
ttag +48 ////; 
ttag +49 100/100/100/100/100; 
ttag +50 66/53/60/52/46; 
ttag +51 56/33/28/38/24; 
ttag +52 97/96/91/98/89; 
ttag +53 25/6/4/?/?; 
ttag +54 20/0/6/?/8; 
ttag +55 47/27/24/27/25; 
ttag +56 42/37/25/34/26; 
ttag +57 12/[6]/?/?/?; 
ttag +58 28/[17]/?/?/?; 
ttag +59 100/100/99/100/99; 
ttag +60 37/15/12/26/6; 
ttag +61 9/[10]/?/?/?; 
ttag +62 8/[11]/?/?/?; 
ttag +63 49/39/35/45/32; 
ttag +64 12/[7]/?/?/?; 
ttag +65 100/100/99/100/98; 
ttag +66 88/85/86/92/82; 
ttag +67 100/100/95/99/96; 
ttag +68 99/98/94/99/96; 
ttag +69 20/0/?/?/?; 
ttag +70 68/59/50/57/40; 
ttag +71 65/58/46/61/54; 
ttag +72 88/82/80/90/78; 
ttag +73 100/100/100/99/99; 
ttag +74 57/39/42/45/38; 
ttag +75 82/79/69/74/65; 
ttag +76 8/[13]/?/?/?; 
ttag +77 90/84/75/88/82; 
ttag +78 68/55/41/58/40; 
ttag +79 91/87/79/87/74; 
ttag +80 19/[36]/?/?/?; 
ttag +81 89/85/76/87/71; 
ttag +82 22/[5]/?/?/?; 
ttag +83 92/92/84/94/83; 
ttag +84 13/1/?/?/3; 
ttag +85 68/59/46/59/50; 
ttag +86 63/57/41/58/44; 
ttag +87 90/86/72/82/74; 
ttag +88 98/96/95/98/97; 
ttag +89 89/87/77/87/76; 
ttag +90 55/42/31/48/35; 
ttag +91 90/88/80/88/78; 
ttag +92 30/[2]/?/?/?; 
ttag +93 12/[20]/?/?/?; 
ttag +94 44/11/12/19/?; 
