tread
'Tree with tags' 
(0 (1 ((2 3 )(4 5 11 (7 (6 (8 (9 10 ))))((12 13 )((14 ((15 16 17 )(18 (19 20 ))))(21 (28 (26 27 ((22 (23 (24 25 )))((29 (30 31 ))((44 45 47 (46 (32 ((33 34 )(35 (36 (37 (38 39 ))))))))(40 (41 (42 43 ))))))))))))))); 
ttag *!; 
ttag +49 ???; 
ttag +50 5; 
ttag +51 4; 
ttag +52 7; 
ttag +53 1; 
ttag +54 2; 
ttag +55 10; 
ttag +56 2; 
ttag +57 1; 
ttag +58 1; 
ttag +59 3; 
ttag +60 4; 
ttag +61 8; 
ttag +62 1; 
ttag +63 3; 
ttag +64 7; 
ttag +65 4; 
ttag +66 5; 
ttag +67 1; 
ttag +68 1; 
ttag +69 5; 
ttag +70 4; 
ttag +71 5; 
ttag +72 4; 
ttag +73 3; 
ttag +74 4; 
ttag +75 6; 
ttag +76 1; 
ttag +77 1; 
ttag +78 2; 
ttag +79 7; 
ttag +80 2; 
ttag +81 1; 
ttag +82 5; 
ttag +83 6; 
ttag +84 1; 
ttag +85 4; 
ttag +86 2; 
ttag +87 7; 
tread
'Tree with tags' 
(0 (1 ((2 3 )((4 ((12 13 )((14 ((15 (16 17 ))(18 (19 20 ))))(21 (28 (27 (26 ((22 (23 (24 25 )))((29 (30 31 ))(((45 (46 (32 ((33 34 )(35 (36 (37 (38 39 ))))))))(44 47 ))(40 (41 (42 43 )))))))))))))(5 (11 (7 (6 (8 (9 10 )))))))))); 
ttag *!; 
ttag +0 ////; 
ttag +1 ////; 
ttag +2 ////; 
ttag +3 ////; 
ttag +4 ////; 
ttag +5 ////; 
ttag +6 ////; 
ttag +7 ////; 
ttag +8 ////; 
ttag +9 ////; 
ttag +10 ////; 
ttag +11 ////; 
ttag +12 ////; 
ttag +13 ////; 
ttag +14 ////; 
ttag +15 ////; 
ttag +16 ////; 
ttag +17 ////; 
ttag +18 ////; 
ttag +19 ////; 
ttag +20 ////; 
ttag +21 ////; 
ttag +22 ////; 
ttag +23 ////; 
ttag +24 ////; 
ttag +25 ////; 
ttag +26 ////; 
ttag +27 ////; 
ttag +28 ////; 
ttag +29 ////; 
ttag +30 ////; 
ttag +31 ////; 
ttag +32 ////; 
ttag +33 ////; 
ttag +34 ////; 
ttag +35 ////; 
ttag +36 ////; 
ttag +37 ////; 
ttag +38 ////; 
ttag +39 ////; 
ttag +40 ////; 
ttag +41 ////; 
ttag +42 ////; 
ttag +43 ////; 
ttag +44 ////; 
ttag +45 ////; 
ttag +46 ////; 
ttag +47 ////; 
ttag +48 ////; 
ttag +49 100/100/100/100/100; 
ttag +50 98/98/92/98/96; 
ttag +51 93/92/84/92/86; 
ttag +52 8/[28]/?/?/?; 
ttag +53 94/92/82/95/82; 
ttag +54 6/[30]/?/?/?; 
ttag +55 62/53/37/54/38; 
ttag +56 54/44/29/48/26; 
ttag +57 9/[26]/?/?/?; 
ttag +58 100/100/99/100/100; 
ttag +59 77/72/66/77/67; 
ttag +60 42/27/22/35/26; 
ttag +61 44/29/20/31/24; 
ttag +62 77/72/63/76/64; 
ttag +63 92/92/81/92/84; 
ttag +64 98/98/95/99/96; 
ttag +65 53/26/15/30/22; 
ttag +66 23/[34]/?/?/?; 
ttag +67 91/88/84/91/83; 
ttag +68 100/100/99/100/100; 
ttag +69 90/89/78/90/80; 
ttag +70 93/92/89/92/87; 
ttag +71 31/[10]/?/?/?; 
ttag +72 2/[39]/?/?/?; 
ttag +73 21/[20]/?/?/?; 
ttag +74 88/86/75/90/79; 
ttag +75 90/87/86/90/85; 
ttag +76 97/96/87/96/91; 
ttag +77 81/74/62/77/71; 
ttag +78 82/75/57/71/60; 
ttag +79 84/81/74/76/78; 
ttag +80 97/96/96/97/95; 
ttag +81 44/33/28/33/21; 
ttag +82 12/[4]/?/?/2; 
ttag +83 30/20/15/23/12; 
ttag +84 67/58/54/64/45; 
ttag +85 99/99/97/99/97; 
ttag +86 57/27/22/26/20; 
ttag +87 53/36/27/28/28; 
ttag +88 85/78/68/77/71; 
ttag +89 96/96/95/97/93; 
ttag +90 50/29/22/43/38; 
ttag +91 98/98/94/96/95; 
ttag +92 89/84/60/82/66; 
ttag +93 100/100/97/100/99; 
ttag +94 25/13/8/16/9; 
