tread
'Tree with tags' 
(0 (1 ((2 3 )(4 5 11 (6 7 )(8 9 10 )(12 13 )(21 (14 ((15 (16 17 ))((18 (19 20 ))((22 (23 (24 25 )))(26 (27 (28 (29 (30 31 ))(32 35 (33 34 )(36 (37 (38 39 ))))(40 (41 (42 43 )))(46 (44 (45 47 ))))))))))))))); 
ttag *!; 
ttag +49 ???; 
ttag +50 3; 
ttag +51 4; 
ttag +52 4; 
ttag +53 1; 
ttag +54 9; 
ttag +55 1; 
ttag +56 1; 
ttag +57 3; 
ttag +58 3; 
ttag +59 1; 
ttag +60 3; 
ttag +61 2; 
ttag +62 1; 
ttag +63 10; 
ttag +64 2; 
ttag +65 2; 
ttag +66 5; 
ttag +67 6; 
ttag +68 10; 
ttag +69 4; 
ttag +70 4; 
ttag +71 8; 
ttag +72 2; 
ttag +73 1; 
ttag +74 4; 
ttag +75 5; 
ttag +76 5; 
ttag +77 1; 
ttag +78 4; 
ttag +79 1; 
ttag +80 8; 
ttag +81 1; 
ttag +82 1; 
ttag +83 1; 
tread
'Tree with tags' 
(0 (1 ((2 3 )(5 (4 (((6 7 )(12 13 ))((11 (10 (8 9 )))(21 (14 ((15 (16 17 ))((18 (19 20 ))((22 (23 (24 25 )))(26 (27 ((28 (29 (30 31 )))(((32 (35 (36 (37 (38 39 )))))(33 34 ))((40 (41 (42 43 )))(46 (44 (45 47 )))))))))))))))))))); 
ttag *!; 
ttag +0 ////; 
ttag +1 ////; 
ttag +2 ////; 
ttag +3 ////; 
ttag +4 ////; 
ttag +5 ////; 
ttag +6 ////; 
ttag +7 ////; 
ttag +8 ////; 
ttag +9 ////; 
ttag +10 ////; 
ttag +11 ////; 
ttag +12 ////; 
ttag +13 ////; 
ttag +14 ////; 
ttag +15 ////; 
ttag +16 ////; 
ttag +17 ////; 
ttag +18 ////; 
ttag +19 ////; 
ttag +20 ////; 
ttag +21 ////; 
ttag +22 ////; 
ttag +23 ////; 
ttag +24 ////; 
ttag +25 ////; 
ttag +26 ////; 
ttag +27 ////; 
ttag +28 ////; 
ttag +29 ////; 
ttag +30 ////; 
ttag +31 ////; 
ttag +32 ////; 
ttag +33 ////; 
ttag +34 ////; 
ttag +35 ////; 
ttag +36 ////; 
ttag +37 ////; 
ttag +38 ////; 
ttag +39 ////; 
ttag +40 ////; 
ttag +41 ////; 
ttag +42 ////; 
ttag +43 ////; 
ttag +44 ////; 
ttag +45 ////; 
ttag +46 ////; 
ttag +47 ////; 
ttag +48 ////; 
ttag +49 100/100/100/100/100; 
ttag +50 96/94/94/94/92; 
ttag +51 93/92/79/92/81; 
ttag +52 15/[3]/?/?/?; 
ttag +53 73/54/44/54/51; 
ttag +54 69/63/62/62/62; 
ttag +55 26/13/11/7/7; 
ttag +56 20/9/6/13/6; 
ttag +57 32/[12]/?/?/?; 
ttag +58 100/100/99/100/99; 
ttag +59 24/9/13/12/7; 
ttag +60 11/[2]/1/?/?; 
ttag +61 63/58/53/58/48; 
ttag +62 28/18/8/19/11; 
ttag +63 63/53/40/59/43; 
ttag +64 78/76/67/78/68; 
ttag +65 27/16/7/17/10; 
ttag +66 80/74/70/72/76; 
ttag +67 58/37/18/34/21; 
ttag +68 24/10/?/5/4; 
ttag +69 100/100/99/100/99; 
ttag +70 60/39/23/35/26; 
ttag +71 42/21/2/20/7; 
ttag +72 96/95/88/93/88; 
ttag +73 98/97/95/98/91; 
ttag +74 99/98/95/98/97; 
ttag +75 91/90/78/87/74; 
ttag +76 14/[35]/?/?/?; 
ttag +77 82/77/68/82/66; 
ttag +78 99/99/96/98/98; 
ttag +79 77/64/47/58/42; 
ttag +80 40/20/18/20/19; 
ttag +81 41/22/18/26/24; 
ttag +82 32/13/16/14/17; 
ttag +83 94/92/84/92/84; 
ttag +84 55/36/34/34/40; 
ttag +85 89/85/82/94/84; 
ttag +86 94/92/89/94/88; 
ttag +87 50/36/31/43/26; 
ttag +88 92/91/83/92/84; 
ttag +89 30/12/10/12/6; 
ttag +90 48/20/19/31/24; 
ttag +91 99/98/98/98/95; 
ttag +92 51/48/39/49/38; 
ttag +93 39/31/20/29/19; 
ttag +94 29/16/8/18/9; 
