tread
'Tree with tags' 
(0 (1 ((2 3 )(4 (5 (6 7 11 12 13 14 18 21 (8 (9 10 ))(15 (16 17 ))(19 20 )(22 (23 (24 25 ))(28 (26 27 )(29 (30 31 ))(32 ((33 34 )(35 (36 (37 (38 39 ))))))(40 (41 (42 43 )))(44 45 46 47 ))))))))); 
ttag *!; 
ttag +49 ???; 
ttag +50 8; 
ttag +51 3; 
ttag +52 2; 
ttag +53 4; 
ttag +54 2; 
ttag +55 8; 
ttag +56 1; 
ttag +57 5; 
ttag +58 3; 
ttag +59 7; 
ttag +60 3; 
ttag +61 4; 
ttag +62 9; 
ttag +63 1; 
ttag +64 3; 
ttag +65 5; 
ttag +66 6; 
ttag +67 4; 
ttag +68 10; 
ttag +69 3; 
ttag +70 2; 
ttag +71 5; 
ttag +72 2; 
ttag +73 1; 
ttag +74 3; 
ttag +75 1; 
ttag +76 7; 
ttag +77 2; 
tread
'Tree with tags' 
(0 (1 ((2 3 )(4 (5 ((7 (6 (11 ((14 ((15 (16 17 ))(18 (19 20 ))))(21 ((22 (23 (24 25 )))((26 27 )(28 ((29 (30 31 ))((32 ((33 34 )(35 (36 (37 (38 39 ))))))((40 (41 (42 43 )))((44 45 )(46 47 )))))))))))))((8 (9 10 ))(12 13 )))))))); 
ttag *!; 
ttag +0 ////; 
ttag +1 ////; 
ttag +2 ////; 
ttag +3 ////; 
ttag +4 ////; 
ttag +5 ////; 
ttag +6 ////; 
ttag +7 ////; 
ttag +8 ////; 
ttag +9 ////; 
ttag +10 ////; 
ttag +11 ////; 
ttag +12 ////; 
ttag +13 ////; 
ttag +14 ////; 
ttag +15 ////; 
ttag +16 ////; 
ttag +17 ////; 
ttag +18 ////; 
ttag +19 ////; 
ttag +20 ////; 
ttag +21 ////; 
ttag +22 ////; 
ttag +23 ////; 
ttag +24 ////; 
ttag +25 ////; 
ttag +26 ////; 
ttag +27 ////; 
ttag +28 ////; 
ttag +29 ////; 
ttag +30 ////; 
ttag +31 ////; 
ttag +32 ////; 
ttag +33 ////; 
ttag +34 ////; 
ttag +35 ////; 
ttag +36 ////; 
ttag +37 ////; 
ttag +38 ////; 
ttag +39 ////; 
ttag +40 ////; 
ttag +41 ////; 
ttag +42 ////; 
ttag +43 ////; 
ttag +44 ////; 
ttag +45 ////; 
ttag +46 ////; 
ttag +47 ////; 
ttag +48 ////; 
ttag +49 100/100/100/100/100; 
ttag +50 97/96/96/97/96; 
ttag +51 94/92/76/85/83; 
ttag +52 48/24/8/28/3; 
ttag +53 72/64/45/62/41; 
ttag +54 4/[16]/?/?/?; 
ttag +55 0/[20]/?/?/?; 
ttag +56 36/28/15/27/6; 
ttag +57 97/97/95/97/94; 
ttag +58 16/[4]/?/?/?; 
ttag +59 65/62/54/56/52; 
ttag +60 15/4/?/4/?; 
ttag +61 11/[9]/?/?/?; 
ttag +62 18/4/?/?/?; 
ttag +63 10/0/?/?/?; 
ttag +64 95/94/86/94/90; 
ttag +65 21/8/12/10/4; 
ttag +66 90/88/81/91/86; 
ttag +67 38/22/11/25/21; 
ttag +68 100/100/100/99/99; 
ttag +69 8/[10]/?/?/?; 
ttag +70 37/1/?/2/?; 
ttag +71 79/76/64/78/61; 
ttag +72 96/95/92/96/96; 
ttag +73 100/100/99/100/98; 
ttag +74 72/65/70/65/67; 
ttag +75 84/83/67/84/72; 
ttag +76 34/14/14/18/15; 
ttag +77 97/96/90/95/89; 
ttag +78 18/0/1/?/?; 
ttag +79 100/100/98/98/98; 
ttag +80 95/94/87/96/88; 
ttag +81 14/[5]/?/?/?; 
ttag +82 98/98/97/99/98; 
ttag +83 86/84/72/86/73; 
ttag +84 77/74/55/74/66; 
ttag +85 87/84/81/91/82; 
ttag +86 55/38/35/49/39; 
ttag +87 47/11/24/17/15; 
ttag +88 71/67/58/70/52; 
ttag +89 42/32/32/36/30; 
ttag +90 49/34/26/38/23; 
ttag +91 99/99/98/100/98; 
ttag +92 52/46/37/43/40; 
ttag +93 76/69/59/68/54; 
ttag +94 38/25/8/16/21; 
