tread
'Tree with tags' 
(0 (1 ((2 3 )(((4 (6 7 ))(8 (9 10 )))(5 11 ((12 13 )(14 21 ((16 (15 17 ))(18 (19 20 )))(22 (23 (24 25 ))(26 (27 (28 (((((29 (30 31 ))(40 41 ))(47 (46 (44 45 ))))(42 43 ))(35 ((32 (36 (37 (38 39 ))))(33 34 ))))))))))))))); 
ttag *!; 
ttag +49 ???; 
ttag +50 8; 
ttag +51 3; 
ttag +52 1; 
ttag +53 1; 
ttag +54 5; 
ttag +55 1; 
ttag +56 4; 
ttag +57 6; 
ttag +58 2; 
ttag +59 1; 
ttag +60 1; 
ttag +61 3; 
ttag +62 1; 
ttag +63 5; 
ttag +64 2; 
ttag +65 5; 
ttag +66 11; 
ttag +67 4; 
ttag +68 7; 
ttag +69 9; 
ttag +70 1; 
ttag +71 1; 
ttag +72 4; 
ttag +73 8; 
ttag +74 1; 
ttag +75 1; 
ttag +76 1; 
ttag +77 1; 
ttag +78 2; 
ttag +79 1; 
ttag +80 1; 
ttag +81 7; 
ttag +82 3; 
ttag +83 3; 
ttag +84 7; 
ttag +85 1; 
ttag +86 3; 
ttag +87 11; 
ttag +88 1; 
ttag +89 2; 
ttag +90 3; 
tread
'Tree with tags' 
(0 (1 ((2 3 )(((4 (6 7 ))(8 (9 10 )))(5 (11 ((12 13 )((21 (14 ((22 (26 (27 (28 (((((29 (30 31 ))(40 41 ))(47 (46 (44 45 ))))(42 43 ))(35 ((32 (36 (37 (38 39 ))))(33 34 ))))))))(23 (24 25 )))))((16 (15 17 ))(18 (19 20 ))))))))))); 
ttag *!; 
ttag +0 ////; 
ttag +1 ////; 
ttag +2 ////; 
ttag +3 ////; 
ttag +4 ////; 
ttag +5 ////; 
ttag +6 ////; 
ttag +7 ////; 
ttag +8 ////; 
ttag +9 ////; 
ttag +10 ////; 
ttag +11 ////; 
ttag +12 ////; 
ttag +13 ////; 
ttag +14 ////; 
ttag +15 ////; 
ttag +16 ////; 
ttag +17 ////; 
ttag +18 ////; 
ttag +19 ////; 
ttag +20 ////; 
ttag +21 ////; 
ttag +22 ////; 
ttag +23 ////; 
ttag +24 ////; 
ttag +25 ////; 
ttag +26 ////; 
ttag +27 ////; 
ttag +28 ////; 
ttag +29 ////; 
ttag +30 ////; 
ttag +31 ////; 
ttag +32 ////; 
ttag +33 ////; 
ttag +34 ////; 
ttag +35 ////; 
ttag +36 ////; 
ttag +37 ////; 
ttag +38 ////; 
ttag +39 ////; 
ttag +40 ////; 
ttag +41 ////; 
ttag +42 ////; 
ttag +43 ////; 
ttag +44 ////; 
ttag +45 ////; 
ttag +46 ////; 
ttag +47 ////; 
ttag +48 ////; 
ttag +49 100/100/100/100/100; 
ttag +50 100/100/97/99/97; 
ttag +51 91/88/66/84/72; 
ttag +52 18/5/?/2/?; 
ttag +53 24/14/9/16/9; 
ttag +54 93/92/80/95/84; 
ttag +55 24/13/?/16/7; 
ttag +56 95/94/85/96/91; 
ttag +57 95/93/89/92/84; 
ttag +58 76/71/70/72/68; 
ttag +59 12/2/?/10/6; 
ttag +60 68/57/56/74/58; 
ttag +61 74/69/56/67/52; 
ttag +62 6/[22]/?/?/?; 
ttag +63 33/21/4/12/8; 
ttag +64 84/82/72/83/69; 
ttag +65 37/10/?/4/0; 
ttag +66 88/85/76/89/83; 
ttag +67 53/42/23/33/33; 
ttag +68 96/94/89/96/88; 
ttag +69 100/100/100/100/100; 
ttag +70 19/[18]/?/?/?; 
ttag +71 79/75/54/77/58; 
ttag +72 99/99/94/97/93; 
ttag +73 100/100/98/100/100; 
ttag +74 65/54/44/45/52; 
ttag +75 60/50/27/43/36; 
ttag +76 84/82/70/76/68; 
ttag +77 97/96/87/97/89; 
ttag +78 13/[20]/?/?/?; 
ttag +79 13/[20]/?/?/?; 
ttag +80 18/[15]/?/?/?; 
ttag +81 60/51/37/52/46; 
ttag +82 79/69/53/74/61; 
ttag +83 10/[20]/?/?/?; 
ttag +84 38/7/4/3/3; 
ttag +85 96/95/87/98/86; 
ttag +86 66/52/32/60/40; 
ttag +87 83/80/69/81/67; 
ttag +88 100/100/98/100/99; 
ttag +89 49/32/25/40/22; 
ttag +90 81/76/62/80/69; 
ttag +91 100/100/97/100/99; 
ttag +92 54/32/36/37/27; 
ttag +93 76/73/60/72/54; 
ttag +94 72/68/54/68/46; 
