tread
'Tree with tags' 
(0 (1 ((2 3 )(4 (5 ((6 7 )((8 (9 10 ))(((21 (11 ((22 (23 (24 25 )))((26 27 )(28 ((((29 (30 31 ))(40 (41 (42 43 ))))(46 (44 45 47 )))(32 (33 34 )(35 (36 (37 (38 39 )))))))))))(14 ((15 (16 17 ))(18 (19 20 )))))(12 13 ))))))))); 
ttag *!; 
ttag +49 ???; 
ttag +50 1; 
ttag +51 5; 
ttag +52 8; 
ttag +53 1; 
ttag +54 3; 
ttag +55 1; 
ttag +56 10; 
ttag +57 1; 
ttag +58 2; 
ttag +59 1; 
ttag +60 1; 
ttag +61 2; 
ttag +62 4; 
ttag +63 1; 
ttag +64 2; 
ttag +65 5; 
ttag +66 4; 
ttag +67 1; 
ttag +68 7; 
ttag +69 12; 
ttag +70 3; 
ttag +71 5; 
ttag +72 3; 
ttag +73 3; 
ttag +74 1; 
ttag +75 5; 
ttag +76 5; 
ttag +77 10; 
ttag +78 1; 
ttag +79 2; 
ttag +80 4; 
ttag +81 2; 
ttag +82 4; 
ttag +83 5; 
ttag +84 1; 
ttag +85 2; 
ttag +86 2; 
ttag +87 2; 
ttag +88 1; 
ttag +89 1; 
ttag +90 5; 
ttag +91 1; 
ttag +92 1; 
tread
'Tree with tags' 
(0 (1 ((2 3 )(4 (5 ((6 7 )((8 (9 10 ))(((21 (11 ((22 (23 (24 25 )))((26 27 )(28 ((((29 (30 31 ))(40 (41 (42 43 ))))(46 (44 (45 47 ))))((32 (33 34 ))(35 (36 (37 (38 39 )))))))))))(14 ((15 (16 17 ))(18 (19 20 )))))(12 13 ))))))))); 
ttag *!; 
ttag +0 ////; 
ttag +1 ////; 
ttag +2 ////; 
ttag +3 ////; 
ttag +4 ////; 
ttag +5 ////; 
ttag +6 ////; 
ttag +7 ////; 
ttag +8 ////; 
ttag +9 ////; 
ttag +10 ////; 
ttag +11 ////; 
ttag +12 ////; 
ttag +13 ////; 
ttag +14 ////; 
ttag +15 ////; 
ttag +16 ////; 
ttag +17 ////; 
ttag +18 ////; 
ttag +19 ////; 
ttag +20 ////; 
ttag +21 ////; 
ttag +22 ////; 
ttag +23 ////; 
ttag +24 ////; 
ttag +25 ////; 
ttag +26 ////; 
ttag +27 ////; 
ttag +28 ////; 
ttag +29 ////; 
ttag +30 ////; 
ttag +31 ////; 
ttag +32 ////; 
ttag +33 ////; 
ttag +34 ////; 
ttag +35 ////; 
ttag +36 ////; 
ttag +37 ////; 
ttag +38 ////; 
ttag +39 ////; 
ttag +40 ////; 
ttag +41 ////; 
ttag +42 ////; 
ttag +43 ////; 
ttag +44 ////; 
ttag +45 ////; 
ttag +46 ////; 
ttag +47 ////; 
ttag +48 ////; 
ttag +49 100/100/100/100/100; 
ttag +50 68/54/53/59/49; 
ttag +51 99/99/95/98/98; 
ttag +52 98/97/94/98/90; 
ttag +53 31/19/23/23/26; 
ttag +54 58/39/34/46/45; 
ttag +55 10/[8]/?/?/?; 
ttag +56 100/100/97/100/96; 
ttag +57 24/4/?/10/?; 
ttag +58 72/55/39/55/36; 
ttag +59 22/[20]/?/?/?; 
ttag +60 35/29/18/31/17; 
ttag +61 41/32/20/44/18; 
ttag +62 72/69/52/75/49; 
ttag +63 23/9/4/9/5; 
ttag +64 32/19/13/24/20; 
ttag +65 94/90/90/94/90; 
ttag +66 91/90/74/88/78; 
ttag +67 63/51/51/56/37; 
ttag +68 99/99/98/99/98; 
ttag +69 100/100/100/100/100; 
ttag +70 78/72/64/80/69; 
ttag +71 82/77/54/80/66; 
ttag +72 86/82/76/81/68; 
ttag +73 90/87/77/86/74; 
ttag +74 21/[28]/?/?/?; 
ttag +75 90/89/78/79/77; 
ttag +76 72/57/50/55/51; 
ttag +77 100/100/98/99/97; 
ttag +78 3/[17]/?/?/?; 
ttag +79 20/0/4/3/2; 
ttag +80 56/35/38/35/29; 
ttag +81 60/52/48/57/47; 
ttag +82 56/39/34/36/33; 
ttag +83 70/62/58/69/58; 
ttag +84 92/90/82/91/80; 
ttag +85 16/[31]/?/?/?; 
ttag +86 47/19/12/19/13; 
ttag +87 69/61/54/62/50; 
ttag +88 57/43/30/40/26; 
ttag +89 50/33/24/28/29; 
ttag +90 15/[20]/?/?/?; 
ttag +91 97/96/94/98/96; 
ttag +92 36/24/16/14/14; 
ttag +93 32/16/11/11/14; 
ttag +94 15/[6]/?/?/?; 
