tread
'Tree with tags' 
(0 (1 ((2 3 )(((4 5 )((6 7 )(8 (9 10 ))))(11 (12 (14 (13 (21 (((15 (16 17 ))(18 (19 20 )))((22 (23 (24 25 )))(26 (27 (28 ((((30 (29 31 ))(32 ((33 34 )(35 (36 (38 (37 39 )))))))(45 (47 (44 46 ))))(41 (40 (42 43 )))))))))))))))))); 
ttag *!; 
ttag +49 ???; 
ttag +50 4; 
ttag +51 10; 
ttag +52 1; 
ttag +53 1; 
ttag +54 5; 
ttag +55 2; 
ttag +56 2; 
ttag +57 12; 
ttag +58 5; 
ttag +59 1; 
ttag +60 4; 
ttag +61 1; 
ttag +62 1; 
ttag +63 2; 
ttag +64 7; 
ttag +65 1; 
ttag +66 1; 
ttag +67 1; 
ttag +68 8; 
ttag +69 8; 
ttag +70 2; 
ttag +71 1; 
ttag +72 5; 
ttag +73 8; 
ttag +74 4; 
ttag +75 3; 
ttag +76 3; 
ttag +77 1; 
ttag +78 5; 
ttag +79 1; 
ttag +80 1; 
ttag +81 2; 
ttag +82 6; 
ttag +83 6; 
ttag +84 2; 
ttag +85 7; 
ttag +86 2; 
ttag +87 1; 
ttag +88 2; 
ttag +89 1; 
ttag +90 9; 
ttag +91 5; 
ttag +92 1; 
ttag +93 2; 
ttag +94 3; 
tread
'Tree with tags' 
(0 (1 ((2 3 )(((4 5 )((6 7 )(8 (9 10 ))))(11 (12 (14 (13 (21 (((15 (16 17 ))(18 (19 20 )))((22 (23 (24 25 )))(26 (27 (28 ((((30 (29 31 ))(32 ((33 34 )(35 (36 (38 (37 39 )))))))(45 (47 (44 46 ))))(41 (40 (42 43 )))))))))))))))))); 
ttag *!; 
ttag +0 ////; 
ttag +1 ////; 
ttag +2 ////; 
ttag +3 ////; 
ttag +4 ////; 
ttag +5 ////; 
ttag +6 ////; 
ttag +7 ////; 
ttag +8 ////; 
ttag +9 ////; 
ttag +10 ////; 
ttag +11 ////; 
ttag +12 ////; 
ttag +13 ////; 
ttag +14 ////; 
ttag +15 ////; 
ttag +16 ////; 
ttag +17 ////; 
ttag +18 ////; 
ttag +19 ////; 
ttag +20 ////; 
ttag +21 ////; 
ttag +22 ////; 
ttag +23 ////; 
ttag +24 ////; 
ttag +25 ////; 
ttag +26 ////; 
ttag +27 ////; 
ttag +28 ////; 
ttag +29 ////; 
ttag +30 ////; 
ttag +31 ////; 
ttag +32 ////; 
ttag +33 ////; 
ttag +34 ////; 
ttag +35 ////; 
ttag +36 ////; 
ttag +37 ////; 
ttag +38 ////; 
ttag +39 ////; 
ttag +40 ////; 
ttag +41 ////; 
ttag +42 ////; 
ttag +43 ////; 
ttag +44 ////; 
ttag +45 ////; 
ttag +46 ////; 
ttag +47 ////; 
ttag +48 ////; 
ttag +49 100/100/100/100/100; 
ttag +50 92/90/83/93/83; 
ttag +51 100/100/98/100/96; 
ttag +52 32/20/13/26/23; 
ttag +53 21/9/6/15/7; 
ttag +54 91/88/68/90/75; 
ttag +55 83/78/59/78/71; 
ttag +56 71/59/58/64/50; 
ttag +57 99/98/94/99/97; 
ttag +58 95/94/84/95/84; 
ttag +59 52/36/28/34/35; 
ttag +60 86/83/72/86/76; 
ttag +61 34/4/1/1/?; 
ttag +62 56/51/40/48/41; 
ttag +63 66/43/47/54/45; 
ttag +64 100/100/98/98/96; 
ttag +65 18/[10]/?/?/?; 
ttag +66 9/[20]/?/?/?; 
ttag +67 46/29/26/27/24; 
ttag +68 99/99/99/100/99; 
ttag +69 100/100/100/100/100; 
ttag +70 84/76/76/80/64; 
ttag +71 55/46/40/40/44; 
ttag +72 96/95/87/94/86; 
ttag +73 100/100/100/100/100; 
ttag +74 88/86/79/89/72; 
ttag +75 69/56/50/56/51; 
ttag +76 85/83/65/81/61; 
ttag +77 49/15/0/14/?; 
ttag +78 83/80/63/78/58; 
ttag +79 9/[32]/?/?/?; 
ttag +80 8/[32]/?/?/?; 
ttag +81 47/34/36/31/31; 
ttag +82 94/92/82/92/80; 
ttag +83 93/92/91/92/90; 
ttag +84 54/35/16/31/18; 
ttag +85 98/98/96/99/96; 
ttag +86 69/63/53/69/66; 
ttag +87 46/31/26/34/22; 
ttag +88 76/67/69/72/64; 
ttag +89 38/[4]/6/1/?; 
ttag +90 98/98/99/99/98; 
ttag +91 98/97/92/98/94; 
ttag +92 16/2/6/?/?; 
ttag +93 10/[8]/?/?/?; 
ttag +94 8/[11]/?/?/?; 
