tread
'Tree with tags' 
(0 (1 (2 3 )(4 (5 (6 7 )(10 (8 9 ))(11 ((12 13 )(((14 21 )(22 28 (23 (24 25 ))(26 27 )(((29 (30 31 ))((40 (41 (42 43 )))(45 (44 (46 47 )))))(32 ((33 34 )(35 (36 (38 (37 39 )))))))))((15 (16 17 ))(18 (19 20 )))))))))); 
ttag *!; 
ttag +49 ???; 
ttag +50 7; 
ttag +51 3; 
ttag +52 3; 
ttag +53 3; 
ttag +54 1; 
ttag +55 4; 
ttag +56 1; 
ttag +57 2; 
ttag +58 3; 
ttag +59 1; 
ttag +60 1; 
ttag +61 1; 
ttag +62 8; 
ttag +63 4; 
ttag +64 1; 
ttag +65 3; 
ttag +66 8; 
ttag +67 1; 
ttag +68 8; 
ttag +69 7; 
ttag +70 1; 
ttag +71 6; 
ttag +72 1; 
ttag +73 1; 
ttag +74 1; 
ttag +75 4; 
ttag +76 4; 
ttag +77 3; 
ttag +78 3; 
ttag +79 2; 
ttag +80 2; 
ttag +81 3; 
ttag +82 3; 
ttag +83 1; 
ttag +84 1; 
ttag +85 10; 
ttag +86 1; 
ttag +87 6; 
ttag +88 1; 
tread
'Tree with tags' 
(0 ((1 (2 3 ))(4 (5 (((6 7 )(11 ((12 13 )(((14 21 )((22 (23 (24 25 )))((28 (26 27 ))(((29 (30 31 ))((40 (41 (42 43 )))(45 (44 (46 47 )))))(32 ((33 34 )(35 (36 (38 (37 39 ))))))))))((15 (16 17 ))(18 (19 20 )))))))(10 (8 9 ))))))); 
ttag *!; 
ttag +0 ////; 
ttag +1 ////; 
ttag +2 ////; 
ttag +3 ////; 
ttag +4 ////; 
ttag +5 ////; 
ttag +6 ////; 
ttag +7 ////; 
ttag +8 ////; 
ttag +9 ////; 
ttag +10 ////; 
ttag +11 ////; 
ttag +12 ////; 
ttag +13 ////; 
ttag +14 ////; 
ttag +15 ////; 
ttag +16 ////; 
ttag +17 ////; 
ttag +18 ////; 
ttag +19 ////; 
ttag +20 ////; 
ttag +21 ////; 
ttag +22 ////; 
ttag +23 ////; 
ttag +24 ////; 
ttag +25 ////; 
ttag +26 ////; 
ttag +27 ////; 
ttag +28 ////; 
ttag +29 ////; 
ttag +30 ////; 
ttag +31 ////; 
ttag +32 ////; 
ttag +33 ////; 
ttag +34 ////; 
ttag +35 ////; 
ttag +36 ////; 
ttag +37 ////; 
ttag +38 ////; 
ttag +39 ////; 
ttag +40 ////; 
ttag +41 ////; 
ttag +42 ////; 
ttag +43 ////; 
ttag +44 ////; 
ttag +45 ////; 
ttag +46 ////; 
ttag +47 ////; 
ttag +48 ////; 
ttag +49 32/[13]/?/?/?; 
ttag +50 100/100/100/100/100; 
ttag +51 96/94/90/97/92; 
ttag +52 77/62/49/64/52; 
ttag +53 60/48/30/58/32; 
ttag +54 96/94/91/93/86; 
ttag +55 14/[10]/?/?/?; 
ttag +56 15/[10]/?/?/?; 
ttag +57 59/40/31/25/22; 
ttag +58 90/89/80/94/85; 
ttag +59 43/31/15/33/15; 
ttag +60 45/36/30/40/31; 
ttag +61 50/46/33/48/32; 
ttag +62 27/11/9/17/8; 
ttag +63 42/26/16/20/22; 
ttag +64 45/40/31/46/28; 
ttag +65 96/94/92/97/94; 
ttag +66 69/66/57/70/56; 
ttag +67 64/50/43/58/54; 
ttag +68 73/63/58/67/52; 
ttag +69 100/100/100/99/99; 
ttag +70 3/[20]/?/?/?; 
ttag +71 54/48/33/42/37; 
ttag +72 96/96/89/97/95; 
ttag +73 96/94/87/96/93; 
ttag +74 45/38/28/39/25; 
ttag +75 6/[4]/?/?/?; 
ttag +76 10/1/0/?/?; 
ttag +77 95/94/83/96/86; 
ttag +78 16/[5]/?/?/?; 
ttag +79 22/11/6/16/4; 
ttag +80 38/13/17/20/16; 
ttag +81 93/91/84/92/84; 
ttag +82 86/82/73/88/80; 
ttag +83 69/62/51/64/56; 
ttag +84 87/86/74/87/79; 
ttag +85 73/66/54/71/60; 
ttag +86 79/76/64/80/68; 
ttag +87 79/72/56/73/53; 
ttag +88 77/67/64/75/62; 
ttag +89 61/40/34/33/29; 
ttag +90 63/58/49/60/51; 
ttag +91 100/100/98/100/99; 
ttag +92 38/18/13/10/9; 
ttag +93 94/91/82/95/81; 
ttag +94 32/[3]/?/?/?; 
