tread
'Tree with tags' 
(0 (1 ((2 3 )(4 ((5 (13 (12 (11 (6 (7 (8 (9 10 ))))))))((14 (15 (16 17 ))(18 (19 20 )))(21 ((22 (23 (24 25 )))((26 27 )(28 (((29 (30 31 ))((40 (41 (42 43 )))(44 (45 46 47 ))))(32 ((33 34 )(35 (36 (37 (38 39 ))))))))))))))))); 
ttag *!; 
ttag +49 ???; 
ttag +50 8; 
ttag +51 4; 
ttag +52 2; 
ttag +53 1; 
ttag +54 3; 
ttag +55 1; 
ttag +56 1; 
ttag +57 1; 
ttag +58 1; 
ttag +59 2; 
ttag +60 7; 
ttag +61 3; 
ttag +62 4; 
ttag +63 1; 
ttag +64 2; 
ttag +65 1; 
ttag +66 5; 
ttag +67 7; 
ttag +68 1; 
ttag +69 9; 
ttag +70 5; 
ttag +71 7; 
ttag +72 4; 
ttag +73 1; 
ttag +74 2; 
ttag +75 3; 
ttag +76 8; 
ttag +77 1; 
ttag +78 1; 
ttag +79 4; 
ttag +80 4; 
ttag +81 3; 
ttag +82 4; 
ttag +83 2; 
ttag +84 6; 
ttag +85 9; 
ttag +86 4; 
ttag +87 4; 
ttag +88 2; 
ttag +89 2; 
ttag +90 5; 
ttag +91 2; 
ttag +92 1; 
tread
'Tree with tags' 
(0 (1 ((2 3 )(4 ((5 (13 (12 (11 (6 (7 (8 (9 10 ))))))))(((14 (18 (19 20 )))(15 (16 17 )))(21 ((22 (23 (24 25 )))((26 27 )(28 (((29 (30 31 ))((40 (41 (42 43 )))(44 (46 (45 47 )))))(32 ((33 34 )(35 (36 (37 (38 39 ))))))))))))))))); 
ttag *!; 
ttag +0 ////; 
ttag +1 ////; 
ttag +2 ////; 
ttag +3 ////; 
ttag +4 ////; 
ttag +5 ////; 
ttag +6 ////; 
ttag +7 ////; 
ttag +8 ////; 
ttag +9 ////; 
ttag +10 ////; 
ttag +11 ////; 
ttag +12 ////; 
ttag +13 ////; 
ttag +14 ////; 
ttag +15 ////; 
ttag +16 ////; 
ttag +17 ////; 
ttag +18 ////; 
ttag +19 ////; 
ttag +20 ////; 
ttag +21 ////; 
ttag +22 ////; 
ttag +23 ////; 
ttag +24 ////; 
ttag +25 ////; 
ttag +26 ////; 
ttag +27 ////; 
ttag +28 ////; 
ttag +29 ////; 
ttag +30 ////; 
ttag +31 ////; 
ttag +32 ////; 
ttag +33 ////; 
ttag +34 ////; 
ttag +35 ////; 
ttag +36 ////; 
ttag +37 ////; 
ttag +38 ////; 
ttag +39 ////; 
ttag +40 ////; 
ttag +41 ////; 
ttag +42 ////; 
ttag +43 ////; 
ttag +44 ////; 
ttag +45 ////; 
ttag +46 ////; 
ttag +47 ////; 
ttag +48 ////; 
ttag +49 100/100/100/100/100; 
ttag +50 100/100/98/100/96; 
ttag +51 91/86/83/87/83; 
ttag +52 64/57/44/52/36; 
ttag +53 11/2/?/5/?; 
ttag +54 48/39/31/42/25; 
ttag +55 34/26/15/22/12; 
ttag +56 11/[29]/?/?/?; 
ttag +57 12/[1]/?/4/?; 
ttag +58 13/4/?/4/1; 
ttag +59 51/42/35/41/33; 
ttag +60 98/97/92/97/93; 
ttag +61 84/77/70/81/70; 
ttag +62 16/[9]/?/?/?; 
ttag +63 84/82/71/83/67; 
ttag +64 44/36/26/40/25; 
ttag +65 78/68/60/66/62; 
ttag +66 70/62/55/55/52; 
ttag +67 91/90/80/90/78; 
ttag +68 100/100/100/100/98; 
ttag +69 46/37/28/34/29; 
ttag +70 99/98/94/98/94; 
ttag +71 81/79/62/82/52; 
ttag +72 98/97/93/95/88; 
ttag +73 93/92/86/86/78; 
ttag +74 74/66/58/58/64; 
ttag +75 68/54/56/65/43; 
ttag +76 83/81/76/83/66; 
ttag +77 93/91/86/92/87; 
ttag +78 29/9/8/9/14; 
ttag +79 22/[4]/?/?/4; 
ttag +80 84/74/70/87/65; 
ttag +81 92/91/89/92/91; 
ttag +82 78/72/53/70/58; 
ttag +83 72/66/49/73/54; 
ttag +84 77/72/62/73/69; 
ttag +85 98/98/90/96/93; 
ttag +86 100/100/100/100/100; 
ttag +87 95/92/90/94/91; 
ttag +88 88/86/77/90/74; 
ttag +89 46/30/24/39/35; 
ttag +90 54/28/26/40/20; 
ttag +91 90/85/79/90/79; 
ttag +92 36/20/16/26/20; 
ttag +93 8/[8]/?/?/?; 
ttag +94 6/[9]/?/?/?; 
