tread
'Tree with tags' 
(0 (1 ((2 3 )(4 ((5 11 ((6 7 )((12 (21 ((22 (23 (24 25 )))(26 (27 ((28 (29 (30 31 )))((32 ((33 34 )(35 (36 (39 (37 38 ))))))((40 (41 (42 43 )))(45 (47 (44 46 )))))))))))(13 (14 ((15 (16 17 ))(18 (19 20 ))))))))(10 (8 9 ))))))); 
ttag *!; 
ttag +49 ???; 
ttag +50 6; 
ttag +51 2; 
ttag +52 7; 
ttag +53 3; 
ttag +54 2; 
ttag +55 3; 
ttag +56 3; 
ttag +57 2; 
ttag +58 7; 
ttag +59 1; 
ttag +60 2; 
ttag +61 1; 
ttag +62 1; 
ttag +63 2; 
ttag +64 3; 
ttag +65 3; 
ttag +66 4; 
ttag +67 7; 
ttag +68 4; 
ttag +69 4; 
ttag +70 5; 
ttag +71 2; 
ttag +72 5; 
ttag +73 2; 
ttag +74 4; 
ttag +75 1; 
ttag +76 2; 
ttag +77 8; 
ttag +78 6; 
ttag +79 6; 
ttag +80 1; 
ttag +81 6; 
ttag +82 1; 
ttag +83 2; 
ttag +84 6; 
ttag +85 1; 
ttag +86 1; 
ttag +87 10; 
ttag +88 2; 
ttag +89 2; 
ttag +90 10; 
ttag +91 1; 
ttag +92 1; 
ttag +93 3; 
tread
'Tree with tags' 
(0 (1 ((2 3 )(4 ((5 (11 ((6 7 )((12 (21 ((22 (23 (24 25 )))(26 (27 ((28 (29 (30 31 )))((32 ((33 34 )(35 (36 (39 (37 38 ))))))((40 (41 (42 43 )))(45 (47 (44 46 )))))))))))(13 (14 ((15 (16 17 ))(18 (19 20 )))))))))(10 (8 9 ))))))); 
ttag *!; 
ttag +0 ////; 
ttag +1 ////; 
ttag +2 ////; 
ttag +3 ////; 
ttag +4 ////; 
ttag +5 ////; 
ttag +6 ////; 
ttag +7 ////; 
ttag +8 ////; 
ttag +9 ////; 
ttag +10 ////; 
ttag +11 ////; 
ttag +12 ////; 
ttag +13 ////; 
ttag +14 ////; 
ttag +15 ////; 
ttag +16 ////; 
ttag +17 ////; 
ttag +18 ////; 
ttag +19 ////; 
ttag +20 ////; 
ttag +21 ////; 
ttag +22 ////; 
ttag +23 ////; 
ttag +24 ////; 
ttag +25 ////; 
ttag +26 ////; 
ttag +27 ////; 
ttag +28 ////; 
ttag +29 ////; 
ttag +30 ////; 
ttag +31 ////; 
ttag +32 ////; 
ttag +33 ////; 
ttag +34 ////; 
ttag +35 ////; 
ttag +36 ////; 
ttag +37 ////; 
ttag +38 ////; 
ttag +39 ////; 
ttag +40 ////; 
ttag +41 ////; 
ttag +42 ////; 
ttag +43 ////; 
ttag +44 ////; 
ttag +45 ////; 
ttag +46 ////; 
ttag +47 ////; 
ttag +48 ////; 
ttag +49 100/100/100/100/100; 
ttag +50 96/96/90/96/92; 
ttag +51 69/54/38/56/46; 
ttag +52 100/100/97/100/95; 
ttag +53 56/46/26/54/36; 
ttag +54 57/42/29/48/31; 
ttag +55 62/58/47/65/44; 
ttag +56 48/41/23/54/25; 
ttag +57 22/5/6/2/8; 
ttag +58 52/40/28/42/17; 
ttag +59 98/98/95/97/96; 
ttag +60 18/[3]/?/6/?; 
ttag +61 72/68/58/75/53; 
ttag +62 36/14/15/28/11; 
ttag +63 39/20/15/20/15; 
ttag +64 88/84/82/85/78; 
ttag +65 78/72/58/78/63; 
ttag +66 77/70/58/80/61; 
ttag +67 94/92/87/93/89; 
ttag +68 100/100/99/100/99; 
ttag +69 83/81/70/82/68; 
ttag +70 90/86/77/90/81; 
ttag +71 93/92/83/94/85; 
ttag +72 80/75/79/76/72; 
ttag +73 97/96/91/97/95; 
ttag +74 63/57/39/62/48; 
ttag +75 69/63/41/66/49; 
ttag +76 34/19/24/17/17; 
ttag +77 59/53/34/58/41; 
ttag +78 99/99/98/98/99; 
ttag +79 99/99/98/100/96; 
ttag +80 99/99/94/97/96; 
ttag +81 37/24/10/25/13; 
ttag +82 95/93/83/94/81; 
ttag +83 44/16/32/22/27; 
ttag +84 82/76/60/77/64; 
ttag +85 95/95/96/97/96; 
ttag +86 61/53/41/45/34; 
ttag +87 63/46/50/48/44; 
ttag +88 100/100/99/100/98; 
ttag +89 72/65/39/56/44; 
ttag +90 78/66/66/68/71; 
ttag +91 99/99/100/99/98; 
ttag +92 35/11/22/13/13; 
ttag +93 27/3/4/?/2; 
ttag +94 72/65/53/70/52; 
