tread
'Tree with tags' 
(0 ((1 (4 ((5 (7 (8 (9 10 ))))((6 11 )(12 13 )((14 ((16 (15 17 ))(18 (19 20 ))))(21 ((22 (23 (24 25 )))(26 ((28 (27 ((29 (30 31 ))((32 (35 (36 (39 (37 38 )))))(33 34 )))))((40 (41 (42 43 )))(46 (47 (44 45 )))))))))))))(2 3 ))); 
ttag *!; 
ttag +49 1; 
ttag +50 ???; 
ttag +51 9; 
ttag +52 3; 
ttag +53 1; 
ttag +54 1; 
ttag +55 1; 
ttag +56 1; 
ttag +57 2; 
ttag +58 10; 
ttag +59 2; 
ttag +60 4; 
ttag +61 2; 
ttag +62 1; 
ttag +63 2; 
ttag +64 9; 
ttag +65 1; 
ttag +66 4; 
ttag +67 12; 
ttag +68 1; 
ttag +69 1; 
ttag +70 3; 
ttag +71 9; 
ttag +72 6; 
ttag +73 5; 
ttag +74 2; 
ttag +75 2; 
ttag +76 3; 
ttag +77 7; 
ttag +78 3; 
ttag +79 2; 
ttag +80 1; 
ttag +81 4; 
ttag +82 1; 
ttag +83 5; 
ttag +84 2; 
ttag +85 1; 
ttag +86 9; 
ttag +87 5; 
ttag +88 8; 
ttag +89 3; 
ttag +90 11; 
ttag +91 2; 
ttag +92 2; 
ttag +93 5; 
tread
'Tree with tags' 
(0 ((1 (4 ((5 (7 (8 (9 10 ))))(((6 11 )(12 13 ))((14 ((16 (15 17 ))(18 (19 20 ))))(21 ((22 (23 (24 25 )))(26 ((28 (27 ((29 (30 31 ))((32 (35 (36 (39 (37 38 )))))(33 34 )))))((40 (41 (42 43 )))(46 (47 (44 45 )))))))))))))(2 3 ))); 
ttag *!; 
ttag +0 ////; 
ttag +1 ////; 
ttag +2 ////; 
ttag +3 ////; 
ttag +4 ////; 
ttag +5 ////; 
ttag +6 ////; 
ttag +7 ////; 
ttag +8 ////; 
ttag +9 ////; 
ttag +10 ////; 
ttag +11 ////; 
ttag +12 ////; 
ttag +13 ////; 
ttag +14 ////; 
ttag +15 ////; 
ttag +16 ////; 
ttag +17 ////; 
ttag +18 ////; 
ttag +19 ////; 
ttag +20 ////; 
ttag +21 ////; 
ttag +22 ////; 
ttag +23 ////; 
ttag +24 ////; 
ttag +25 ////; 
ttag +26 ////; 
ttag +27 ////; 
ttag +28 ////; 
ttag +29 ////; 
ttag +30 ////; 
ttag +31 ////; 
ttag +32 ////; 
ttag +33 ////; 
ttag +34 ////; 
ttag +35 ////; 
ttag +36 ////; 
ttag +37 ////; 
ttag +38 ////; 
ttag +39 ////; 
ttag +40 ////; 
ttag +41 ////; 
ttag +42 ////; 
ttag +43 ////; 
ttag +44 ////; 
ttag +45 ////; 
ttag +46 ////; 
ttag +47 ////; 
ttag +48 ////; 
ttag +49 35/[4]/?/?/?; 
ttag +50 100/100/100/100/100; 
ttag +51 99/99/99/99/99; 
ttag +52 71/61/54/62/48; 
ttag +53 7/[8]/?/?/?; 
ttag +54 22/12/2/10/3; 
ttag +55 19/3/5/6/4; 
ttag +56 6/[9]/?/?/?; 
ttag +57 5/[10]/?/?/?; 
ttag +58 42/31/21/42/26; 
ttag +59 100/100/98/99/99; 
ttag +60 65/47/40/56/42; 
ttag +61 80/76/57/82/71; 
ttag +62 42/32/33/37/25; 
ttag +63 21/12/11/10/10; 
ttag +64 73/61/57/63/56; 
ttag +65 99/99/97/98/98; 
ttag +66 58/48/45/58/40; 
ttag +67 94/93/82/90/80; 
ttag +68 100/100/100/100/100; 
ttag +69 42/33/29/42/19; 
ttag +70 37/15/11/32/22; 
ttag +71 74/67/60/79/57; 
ttag +72 98/98/95/97/95; 
ttag +73 99/98/93/96/93; 
ttag +74 90/87/78/87/72; 
ttag +75 41/31/24/30/13; 
ttag +76 32/12/5/18/0; 
ttag +77 52/42/33/50/22; 
ttag +78 99/99/98/100/98; 
ttag +79 71/63/43/65/37; 
ttag +80 76/70/63/66/55; 
ttag +81 61/49/42/52/50; 
ttag +82 74/66/64/73/58; 
ttag +83 57/42/45/46/42; 
ttag +84 85/83/68/84/69; 
ttag +85 75/73/55/63/54; 
ttag +86 51/50/40/44/40; 
ttag +87 100/100/99/100/98; 
ttag +88 89/84/80/91/78; 
ttag +89 94/93/84/94/88; 
ttag +90 86/81/74/81/64; 
ttag +91 100/100/100/100/100; 
ttag +92 71/58/45/60/52; 
ttag +93 62/50/36/55/35; 
ttag +94 91/90/79/93/80; 
