tread
'Tree with tags' 
(0 (1 ((2 3 )((4 5 11 12 13 14 (6 7 )(((15 (16 17 ))(18 (19 20 )))(21 ((22 (23 (24 25 )))(26 (27 28 ((29 (30 31 ))(((32 (35 (33 34 )(36 (37 (38 39 )))))(40 (41 (42 43 ))))(47 (44 (45 46 )))))))))))(8 (9 10 )))))); 
ttag *!; 
ttag +49 ???; 
ttag +50 2; 
ttag +51 5; 
ttag +52 1; 
ttag +53 5; 
ttag +54 1; 
ttag +55 2; 
ttag +56 1; 
ttag +57 3; 
ttag +58 1; 
ttag +59 1; 
ttag +60 7; 
ttag +61 8; 
ttag +62 11; 
ttag +63 2; 
ttag +64 5; 
ttag +65 5; 
ttag +66 7; 
ttag +67 2; 
ttag +68 4; 
ttag +69 1; 
ttag +70 8; 
ttag +71 5; 
ttag +72 6; 
ttag +73 5; 
ttag +74 1; 
ttag +75 5; 
ttag +76 4; 
ttag +77 3; 
ttag +78 4; 
ttag +79 3; 
ttag +80 4; 
ttag +81 11; 
ttag +82 4; 
ttag +83 7; 
ttag +84 2; 
ttag +85 5; 
ttag +86 1; 
tread
'Tree with tags' 
(0 (1 ((2 3 )((11 (((4 5 )(13 ((12 14 )(((15 (16 17 ))(18 (19 20 )))(21 ((22 (23 (24 25 )))(26 (28 (27 ((29 (30 31 ))(((32 ((33 34 )(35 (36 (37 (38 39 ))))))(40 (41 (42 43 ))))(47 (44 (45 46 ))))))))))))))(6 7 )))(8 (9 10 )))))); 
ttag *!; 
ttag +0 ////; 
ttag +1 ////; 
ttag +2 ////; 
ttag +3 ////; 
ttag +4 ////; 
ttag +5 ////; 
ttag +6 ////; 
ttag +7 ////; 
ttag +8 ////; 
ttag +9 ////; 
ttag +10 ////; 
ttag +11 ////; 
ttag +12 ////; 
ttag +13 ////; 
ttag +14 ////; 
ttag +15 ////; 
ttag +16 ////; 
ttag +17 ////; 
ttag +18 ////; 
ttag +19 ////; 
ttag +20 ////; 
ttag +21 ////; 
ttag +22 ////; 
ttag +23 ////; 
ttag +24 ////; 
ttag +25 ////; 
ttag +26 ////; 
ttag +27 ////; 
ttag +28 ////; 
ttag +29 ////; 
ttag +30 ////; 
ttag +31 ////; 
ttag +32 ////; 
ttag +33 ////; 
ttag +34 ////; 
ttag +35 ////; 
ttag +36 ////; 
ttag +37 ////; 
ttag +38 ////; 
ttag +39 ////; 
ttag +40 ////; 
ttag +41 ////; 
ttag +42 ////; 
ttag +43 ////; 
ttag +44 ////; 
ttag +45 ////; 
ttag +46 ////; 
ttag +47 ////; 
ttag +48 ////; 
ttag +49 100/100/100/100/100; 
ttag +50 80/68/69/82/70; 
ttag +51 96/94/87/94/90; 
ttag +52 13/3/0/10/10; 
ttag +53 20/9/4/12/4; 
ttag +54 13/0/?/1/2; 
ttag +55 35/19/7/30/14; 
ttag +56 92/89/76/95/80; 
ttag +57 52/44/27/42/33; 
ttag +58 89/85/90/92/82; 
ttag +59 54/28/15/33/25; 
ttag +60 18/[4]/8/?/3; 
ttag +61 11/[11]/?/?/?; 
ttag +62 18/8/2/11/6; 
ttag +63 73/68/64/68/66; 
ttag +64 33/21/16/24/22; 
ttag +65 23/13/6/16/8; 
ttag +66 95/94/90/93/83; 
ttag +67 97/96/89/96/89; 
ttag +68 100/100/100/100/98; 
ttag +69 50/38/23/46/25; 
ttag +70 92/90/82/94/87; 
ttag +71 95/94/83/97/85; 
ttag +72 100/100/98/99/97; 
ttag +73 75/61/60/71/60; 
ttag +74 85/83/66/79/65; 
ttag +75 22/0/?/8/?; 
ttag +76 43/29/14/33/14; 
ttag +77 97/96/88/96/88; 
ttag +78 75/69/53/73/56; 
ttag +79 92/88/86/90/85; 
ttag +80 76/67/64/70/62; 
ttag +81 30/8/4/10/?; 
ttag +82 81/78/57/74/57; 
ttag +83 80/76/60/78/58; 
ttag +84 65/46/34/57/32; 
ttag +85 35/20/14/15/11; 
ttag +86 89/88/73/89/78; 
ttag +87 71/63/50/74/58; 
ttag +88 90/88/80/92/83; 
ttag +89 98/97/96/97/93; 
ttag +90 91/86/76/85/70; 
ttag +91 98/96/94/100/94; 
ttag +92 52/32/28/44/32; 
ttag +93 94/94/89/94/87; 
ttag +94 39/19/9/25/11; 
