tread
'Tree with tags' 
(0 (1 ((2 3 )(4 (((5 (11 ((12 13 )((14 ((15 (16 17 ))(18 (19 20 ))))(21 ((22 (23 (24 25 )))(26 (27 (28 ((29 (30 31 ))(((32 (33 34 )(35 (36 (37 (38 39 )))))(40 (41 (42 43 ))))((44 47 )(45 46 )))))))))))))(6 7 ))(8 (9 10 ))))))); 
ttag *!; 
ttag +49 ???; 
ttag +50 4; 
ttag +51 6; 
ttag +52 6; 
ttag +53 1; 
ttag +54 2; 
ttag +55 4; 
ttag +56 4; 
ttag +57 5; 
ttag +58 1; 
ttag +59 1; 
ttag +60 3; 
ttag +61 5; 
ttag +62 4; 
ttag +63 2; 
ttag +64 8; 
ttag +65 8; 
ttag +66 6; 
ttag +67 4; 
ttag +68 12; 
ttag +69 2; 
ttag +70 6; 
ttag +71 3; 
ttag +72 4; 
ttag +73 5; 
ttag +74 1; 
ttag +75 1; 
ttag +76 3; 
ttag +77 5; 
ttag +78 1; 
ttag +79 6; 
ttag +80 5; 
ttag +81 1; 
ttag +82 4; 
ttag +83 2; 
ttag +84 2; 
ttag +85 7; 
ttag +86 4; 
ttag +87 1; 
ttag +88 2; 
ttag +89 1; 
ttag +90 10; 
ttag +91 1; 
ttag +92 5; 
ttag +93 1; 
tread
'Tree with tags' 
(0 (1 ((2 3 )(4 (((5 (11 ((12 13 )((14 ((15 (16 17 ))(18 (19 20 ))))(21 ((22 (23 (24 25 )))(26 (27 (28 ((29 (30 31 ))(((32 ((33 34 )(35 (36 (37 (38 39 ))))))(40 (41 (42 43 ))))((44 47 )(45 46 )))))))))))))(6 7 ))(8 (9 10 ))))))); 
ttag *!; 
ttag +0 ////; 
ttag +1 ////; 
ttag +2 ////; 
ttag +3 ////; 
ttag +4 ////; 
ttag +5 ////; 
ttag +6 ////; 
ttag +7 ////; 
ttag +8 ////; 
ttag +9 ////; 
ttag +10 ////; 
ttag +11 ////; 
ttag +12 ////; 
ttag +13 ////; 
ttag +14 ////; 
ttag +15 ////; 
ttag +16 ////; 
ttag +17 ////; 
ttag +18 ////; 
ttag +19 ////; 
ttag +20 ////; 
ttag +21 ////; 
ttag +22 ////; 
ttag +23 ////; 
ttag +24 ////; 
ttag +25 ////; 
ttag +26 ////; 
ttag +27 ////; 
ttag +28 ////; 
ttag +29 ////; 
ttag +30 ////; 
ttag +31 ////; 
ttag +32 ////; 
ttag +33 ////; 
ttag +34 ////; 
ttag +35 ////; 
ttag +36 ////; 
ttag +37 ////; 
ttag +38 ////; 
ttag +39 ////; 
ttag +40 ////; 
ttag +41 ////; 
ttag +42 ////; 
ttag +43 ////; 
ttag +44 ////; 
ttag +45 ////; 
ttag +46 ////; 
ttag +47 ////; 
ttag +48 ////; 
ttag +49 100/100/100/100/100; 
ttag +50 90/88/74/90/81; 
ttag +51 97/97/95/98/97; 
ttag +52 98/97/95/98/95; 
ttag +53 40/28/23/23/19; 
ttag +54 70/63/54/61/61; 
ttag +55 90/86/82/91/83; 
ttag +56 83/79/66/84/74; 
ttag +57 95/92/89/95/91; 
ttag +58 65/58/59/54/62; 
ttag +59 46/36/20/26/24; 
ttag +60 88/87/75/87/76; 
ttag +61 86/83/73/90/72; 
ttag +62 85/82/66/88/67; 
ttag +63 55/46/41/57/45; 
ttag +64 98/98/96/98/96; 
ttag +65 96/93/84/96/82; 
ttag +66 98/98/96/99/94; 
ttag +67 96/95/90/94/92; 
ttag +68 100/100/100/100/100; 
ttag +69 69/66/54/66/56; 
ttag +70 99/99/98/98/98; 
ttag +71 74/68/61/71/59; 
ttag +72 94/92/88/95/90; 
ttag +73 97/97/95/97/94; 
ttag +74 59/51/46/52/48; 
ttag +75 31/11/8/26/20; 
ttag +76 75/69/62/73/65; 
ttag +77 96/93/90/92/89; 
ttag +78 75/73/70/75/68; 
ttag +79 100/100/96/99/98; 
ttag +80 94/94/87/96/88; 
ttag +81 36/5/8/11/6; 
ttag +82 78/73/63/83/60; 
ttag +83 82/76/72/76/73; 
ttag +84 27/[9]/?/?/?; 
ttag +85 76/71/69/74/56; 
ttag +86 99/99/98/99/96; 
ttag +87 96/96/82/96/90; 
ttag +88 64/45/44/58/51; 
ttag +89 79/73/60/71/66; 
ttag +90 54/48/40/54/35; 
ttag +91 100/100/100/100/99; 
ttag +92 42/23/22/25/26; 
ttag +93 99/99/91/97/90; 
ttag +94 32/13/7/8/5; 
