tread
'Tree with tags' 
(0 (1 ((2 3 )(4 (5 ((7 (6 (8 (9 10 ))))(11 ((12 (14 21 ))(13 (((16 (15 17 ))(18 (19 20 )))((22 (26 (27 28 ((29 (30 31 ))(32 33 34 (35 (36 (37 (38 39 )))))(46 (45 (44 (47 (40 41 (42 43 ))))))))))(23 (24 25 ))))))))))))); 
ttag *!; 
ttag +49 ???; 
ttag +50 3; 
ttag +51 4; 
ttag +52 5; 
ttag +53 1; 
ttag +54 1; 
ttag +55 2; 
ttag +56 2; 
ttag +57 9; 
ttag +58 2; 
ttag +59 1; 
ttag +60 2; 
ttag +61 2; 
ttag +62 1; 
ttag +63 4; 
ttag +64 1; 
ttag +65 9; 
ttag +66 2; 
ttag +67 2; 
ttag +68 3; 
ttag +69 12; 
ttag +70 2; 
ttag +71 4; 
ttag +72 6; 
ttag +73 8; 
ttag +74 3; 
ttag +75 2; 
ttag +76 4; 
ttag +77 5; 
ttag +78 1; 
ttag +79 4; 
ttag +80 4; 
ttag +81 2; 
ttag +82 3; 
ttag +83 4; 
ttag +84 7; 
ttag +85 1; 
ttag +86 1; 
ttag +87 1; 
ttag +88 3; 
ttag +89 10; 
tread
'Tree with tags' 
(0 (1 ((2 3 )(4 (5 ((7 (6 (8 (9 10 ))))(11 ((12 (14 21 ))(13 (((16 (15 17 ))(18 (19 20 )))((22 (26 (27 (28 ((29 (30 31 ))(((32 (35 (36 (37 (38 39 )))))(33 34 ))(46 (45 (44 (47 (40 (41 (42 43 )))))))))))))(23 (24 25 ))))))))))))); 
ttag *!; 
ttag +0 ////; 
ttag +1 ////; 
ttag +2 ////; 
ttag +3 ////; 
ttag +4 ////; 
ttag +5 ////; 
ttag +6 ////; 
ttag +7 ////; 
ttag +8 ////; 
ttag +9 ////; 
ttag +10 ////; 
ttag +11 ////; 
ttag +12 ////; 
ttag +13 ////; 
ttag +14 ////; 
ttag +15 ////; 
ttag +16 ////; 
ttag +17 ////; 
ttag +18 ////; 
ttag +19 ////; 
ttag +20 ////; 
ttag +21 ////; 
ttag +22 ////; 
ttag +23 ////; 
ttag +24 ////; 
ttag +25 ////; 
ttag +26 ////; 
ttag +27 ////; 
ttag +28 ////; 
ttag +29 ////; 
ttag +30 ////; 
ttag +31 ////; 
ttag +32 ////; 
ttag +33 ////; 
ttag +34 ////; 
ttag +35 ////; 
ttag +36 ////; 
ttag +37 ////; 
ttag +38 ////; 
ttag +39 ////; 
ttag +40 ////; 
ttag +41 ////; 
ttag +42 ////; 
ttag +43 ////; 
ttag +44 ////; 
ttag +45 ////; 
ttag +46 ////; 
ttag +47 ////; 
ttag +48 ////; 
ttag +49 100/100/100/100/100; 
ttag +50 96/95/89/96/92; 
ttag +51 71/50/43/51/48; 
ttag +52 94/92/82/93/80; 
ttag +53 25/13/1/6/2; 
ttag +54 20/[35]/?/?/?; 
ttag +55 53/43/36/46/41; 
ttag +56 26/14/12/19/13; 
ttag +57 100/100/98/100/99; 
ttag +58 82/77/76/80/80; 
ttag +59 3/[6]/?/?/?; 
ttag +60 24/2/?/?/?; 
ttag +61 6/[1]/?/2/1; 
ttag +62 12/[9]/?/?/?; 
ttag +63 64/58/54/65/54; 
ttag +64 41/24/18/22/10; 
ttag +65 98/97/91/100/94; 
ttag +66 56/47/38/50/32; 
ttag +67 20/4/?/10/4; 
ttag +68 88/86/73/86/71; 
ttag +69 100/100/99/99/98; 
ttag +70 41/15/4/29/11; 
ttag +71 67/64/46/69/47; 
ttag +72 98/97/91/96/91; 
ttag +73 99/98/98/100/97; 
ttag +74 50/43/26/52/36; 
ttag +75 39/21/13/36/15; 
ttag +76 10/[19]/?/?/?; 
ttag +77 93/92/80/91/84; 
ttag +78 90/87/70/88/76; 
ttag +79 81/72/63/76/56; 
ttag +80 15/[15]/?/?/?; 
ttag +81 92/91/82/92/87; 
ttag +82 51/27/19/27/29; 
ttag +83 25/[1]/10/?/2; 
ttag +84 85/80/76/82/76; 
ttag +85 70/62/62/66/56; 
ttag +86 82/76/80/82/77; 
ttag +87 89/87/83/90/81; 
ttag +88 98/96/92/98/93; 
ttag +89 26/[8]/?/?/?; 
ttag +90 33/[1]/?/9/?; 
ttag +91 48/13/12/19/1; 
ttag +92 89/88/81/91/84; 
ttag +93 28/3/4/6/0; 
ttag +94 100/100/100/100/100; 
