tread
'Tree with tags' 
(0 (1 ((2 3 )(4 5 6 7 (9 (8 10 ))(11 ((12 13 )((14 ((15 (16 17 ))(18 (19 20 ))))(21 ((22 (23 (24 25 )))(26 27 (28 32 (29 30 31 )(33 34 )(35 (36 (37 (38 39 ))))(40 41 (42 43 ))(44 45 46 47 )))))))))))); 
ttag *!; 
ttag +49 ???; 
ttag +50 2; 
ttag +51 7; 
ttag +52 8; 
ttag +53 2; 
ttag +54 7; 
ttag +55 2; 
ttag +56 1; 
ttag +57 1; 
ttag +58 3; 
ttag +59 1; 
ttag +60 7; 
ttag +61 5; 
ttag +62 2; 
ttag +63 4; 
ttag +64 6; 
ttag +65 3; 
ttag +66 1; 
ttag +67 4; 
ttag +68 6; 
ttag +69 4; 
ttag +70 1; 
ttag +71 2; 
ttag +72 2; 
ttag +73 2; 
ttag +74 7; 
ttag +75 1; 
ttag +76 3; 
ttag +77 4; 
ttag +78 4; 
ttag +79 2; 
ttag +80 3; 
tread
'Tree with tags' 
(0 (1 ((2 3 )(4 ((5 (11 ((12 13 )((14 ((15 (16 17 ))(18 (19 20 ))))(21 ((22 (23 (24 25 )))((26 27 )((28 ((40 41 )(42 43 )))(((29 (30 31 ))((32 (33 34 ))(35 (36 (37 (38 39 ))))))((44 45 )(46 47 )))))))))))((6 7 )(9 (8 10 )))))))); 
ttag *!; 
ttag +0 ////; 
ttag +1 ////; 
ttag +2 ////; 
ttag +3 ////; 
ttag +4 ////; 
ttag +5 ////; 
ttag +6 ////; 
ttag +7 ////; 
ttag +8 ////; 
ttag +9 ////; 
ttag +10 ////; 
ttag +11 ////; 
ttag +12 ////; 
ttag +13 ////; 
ttag +14 ////; 
ttag +15 ////; 
ttag +16 ////; 
ttag +17 ////; 
ttag +18 ////; 
ttag +19 ////; 
ttag +20 ////; 
ttag +21 ////; 
ttag +22 ////; 
ttag +23 ////; 
ttag +24 ////; 
ttag +25 ////; 
ttag +26 ////; 
ttag +27 ////; 
ttag +28 ////; 
ttag +29 ////; 
ttag +30 ////; 
ttag +31 ////; 
ttag +32 ////; 
ttag +33 ////; 
ttag +34 ////; 
ttag +35 ////; 
ttag +36 ////; 
ttag +37 ////; 
ttag +38 ////; 
ttag +39 ////; 
ttag +40 ////; 
ttag +41 ////; 
ttag +42 ////; 
ttag +43 ////; 
ttag +44 ////; 
ttag +45 ////; 
ttag +46 ////; 
ttag +47 ////; 
ttag +48 ////; 
ttag +49 100/100/100/100/100; 
ttag +50 87/83/82/83/78; 
ttag +51 98/97/92/98/96; 
ttag +52 97/95/89/97/89; 
ttag +53 6/[19]/?/?/?; 
ttag +54 36/8/9/8/7; 
ttag +55 50/29/41/35/36; 
ttag +56 18/[10]/4/?/0; 
ttag +57 80/72/72/78/71; 
ttag +58 99/99/97/99/96; 
ttag +59 72/68/52/66/48; 
ttag +60 36/24/22/25/15; 
ttag +61 45/36/21/31/30; 
ttag +62 78/74/63/86/62; 
ttag +63 58/51/27/45/33; 
ttag +64 98/98/98/100/98; 
ttag +65 94/93/90/94/85; 
ttag +66 77/69/62/66/49; 
ttag +67 85/79/69/87/76; 
ttag +68 99/99/96/99/98; 
ttag +69 72/65/42/62/45; 
ttag +70 55/39/41/48/30; 
ttag +71 85/82/65/84/66; 
ttag +72 96/94/86/96/83; 
ttag +73 91/87/79/85/74; 
ttag +74 20/[8]/0/?/?; 
ttag +75 53/44/31/49/30; 
ttag +76 1/[47]/?/?/?; 
ttag +77 82/81/62/82/68; 
ttag +78 81/79/68/80/71; 
ttag +79 9/[22]/?/?/?; 
ttag +80 2/[28]/?/?/?; 
ttag +81 38/[6]/?/?/4; 
ttag +82 10/[20]/?/?/?; 
ttag +83 54/46/39/45/34; 
ttag +84 73/67/60/71/51; 
ttag +85 98/98/94/98/99; 
ttag +86 69/54/43/54/45; 
ttag +87 82/77/71/82/70; 
ttag +88 93/91/89/95/88; 
ttag +89 36/7/10/4/0; 
ttag +90 94/92/90/96/88; 
ttag +91 79/75/78/79/77; 
ttag +92 16/[13]/?/?/?; 
ttag +93 86/84/78/86/84; 
ttag +94 15/[14]/?/?/?; 
