tread
'Tree with tags' 
(0 (1 ((2 3 )(4 5 11 14 21 (6 7 )(8 (9 10 ))(12 13 )(18 (15 16 17 )(19 20 ))((22 (23 (24 25 )))(26 27 28 ((29 (30 31 ))(((32 ((33 34 )(35 (36 (38 (37 39 ))))))(40 41 (42 43 )))(46 (47 (44 45 ))))))))))); 
ttag *!; 
ttag +49 ???; 
ttag +50 4; 
ttag +51 1; 
ttag +52 3; 
ttag +53 1; 
ttag +54 4; 
ttag +55 3; 
ttag +56 2; 
ttag +57 5; 
ttag +58 1; 
ttag +59 12; 
ttag +60 1; 
ttag +61 6; 
ttag +62 4; 
ttag +63 6; 
ttag +64 3; 
ttag +65 4; 
ttag +66 1; 
ttag +67 4; 
ttag +68 4; 
ttag +69 1; 
ttag +70 2; 
ttag +71 3; 
ttag +72 1; 
ttag +73 4; 
ttag +74 3; 
ttag +75 1; 
ttag +76 2; 
ttag +77 9; 
ttag +78 5; 
ttag +79 1; 
ttag +80 1; 
ttag +81 1; 
tread
'Tree with tags' 
(0 (1 ((2 3 )(((11 (5 ((4 ((14 ((22 (23 (24 25 )))((28 (26 27 ))((29 (30 31 ))(((32 ((33 34 )(35 (36 (38 (37 39 ))))))(40 (41 (42 43 ))))(46 (47 (44 45 ))))))))(21 ((18 (16 (15 17 )))(19 20 )))))(12 13 ))))(6 7 ))(8 (9 10 )))))); 
ttag *!; 
ttag +0 ////; 
ttag +1 ////; 
ttag +2 ////; 
ttag +3 ////; 
ttag +4 ////; 
ttag +5 ////; 
ttag +6 ////; 
ttag +7 ////; 
ttag +8 ////; 
ttag +9 ////; 
ttag +10 ////; 
ttag +11 ////; 
ttag +12 ////; 
ttag +13 ////; 
ttag +14 ////; 
ttag +15 ////; 
ttag +16 ////; 
ttag +17 ////; 
ttag +18 ////; 
ttag +19 ////; 
ttag +20 ////; 
ttag +21 ////; 
ttag +22 ////; 
ttag +23 ////; 
ttag +24 ////; 
ttag +25 ////; 
ttag +26 ////; 
ttag +27 ////; 
ttag +28 ////; 
ttag +29 ////; 
ttag +30 ////; 
ttag +31 ////; 
ttag +32 ////; 
ttag +33 ////; 
ttag +34 ////; 
ttag +35 ////; 
ttag +36 ////; 
ttag +37 ////; 
ttag +38 ////; 
ttag +39 ////; 
ttag +40 ////; 
ttag +41 ////; 
ttag +42 ////; 
ttag +43 ////; 
ttag +44 ////; 
ttag +45 ////; 
ttag +46 ////; 
ttag +47 ////; 
ttag +48 ////; 
ttag +49 100/100/100/100/100; 
ttag +50 92/89/77/89/78; 
ttag +51 75/68/59/63/59; 
ttag +52 2/[12]/?/?/?; 
ttag +53 9/[2]/?/?/?; 
ttag +54 4/[7]/?/?/?; 
ttag +55 6/[8]/?/?/?; 
ttag +56 20/5/2/5/4; 
ttag +57 70/65/50/66/52; 
ttag +58 62/55/42/60/46; 
ttag +59 96/95/96/96/94; 
ttag +60 90/86/79/85/82; 
ttag +61 91/90/83/90/76; 
ttag +62 8/[16]/?/?/?; 
ttag +63 9/[4]/?/?/?; 
ttag +64 60/36/44/40/33; 
ttag +65 95/92/86/91/87; 
ttag +66 40/5/?/1/?; 
ttag +67 57/49/40/49/36; 
ttag +68 14/[10]/?/?/?; 
ttag +69 100/100/99/100/100; 
ttag +70 68/54/53/58/49; 
ttag +71 91/90/79/89/79; 
ttag +72 94/91/80/94/88; 
ttag +73 98/96/84/95/87; 
ttag +74 68/65/53/59/60; 
ttag +75 18/[14]/?/?/?; 
ttag +76 77/72/58/69/66; 
ttag +77 93/91/90/96/86; 
ttag +78 35/23/20/26/20; 
ttag +79 92/90/88/93/86; 
ttag +80 66/57/52/69/56; 
ttag +81 54/46/38/40/40; 
ttag +82 57/53/40/52/46; 
ttag +83 65/60/50/59/42; 
ttag +84 40/17/4/14/4; 
ttag +85 76/71/61/71/62; 
ttag +86 54/39/21/50/20; 
ttag +87 36/24/13/14/7; 
ttag +88 52/42/32/48/33; 
ttag +89 99/99/98/100/99; 
ttag +90 23/[8]/?/?/?; 
ttag +91 96/96/92/98/89; 
ttag +92 47/36/34/41/34; 
ttag +93 67/55/46/57/47; 
ttag +94 64/48/44/51/40; 
