tread
'Tree with tags' 
(0 (1 ((2 3 )((4 5 )(((6 7 )(8 (9 10 )))(11 ((12 13 )((14 ((15 (16 17 ))(18 (19 20 ))))(21 ((22 (23 (24 25 )))(26 27 (28 ((29 (30 31 ))((((32 (35 (36 (37 (38 39 )))))(33 34 ))(41 (40 (42 43 ))))(44 45 46 47 ))))))))))))))); 
ttag *!; 
ttag +49 ???; 
ttag +50 7; 
ttag +51 4; 
ttag +52 1; 
ttag +53 4; 
ttag +54 2; 
ttag +55 3; 
ttag +56 1; 
ttag +57 7; 
ttag +58 2; 
ttag +59 2; 
ttag +60 1; 
ttag +61 4; 
ttag +62 4; 
ttag +63 1; 
ttag +64 3; 
ttag +65 7; 
ttag +66 4; 
ttag +67 9; 
ttag +68 12; 
ttag +69 1; 
ttag +70 1; 
ttag +71 5; 
ttag +72 7; 
ttag +73 5; 
ttag +74 2; 
ttag +75 3; 
ttag +76 2; 
ttag +77 3; 
ttag +78 6; 
ttag +79 1; 
ttag +80 2; 
ttag +81 1; 
ttag +82 3; 
ttag +83 2; 
ttag +84 2; 
ttag +85 3; 
ttag +86 8; 
ttag +87 2; 
ttag +88 3; 
ttag +89 4; 
ttag +90 8; 
ttag +91 3; 
tread
'Tree with tags' 
(0 (1 ((2 3 )((4 5 )(((6 7 )(8 (9 10 )))(11 ((12 13 )((14 ((15 (16 17 ))(18 (19 20 ))))(21 ((22 (23 (24 25 )))(26 (27 (28 ((29 (30 31 ))((((32 (35 (36 (37 (38 39 )))))(33 34 ))(41 (40 (42 43 ))))(47 (46 (44 45 )))))))))))))))))); 
ttag *!; 
ttag +0 ////; 
ttag +1 ////; 
ttag +2 ////; 
ttag +3 ////; 
ttag +4 ////; 
ttag +5 ////; 
ttag +6 ////; 
ttag +7 ////; 
ttag +8 ////; 
ttag +9 ////; 
ttag +10 ////; 
ttag +11 ////; 
ttag +12 ////; 
ttag +13 ////; 
ttag +14 ////; 
ttag +15 ////; 
ttag +16 ////; 
ttag +17 ////; 
ttag +18 ////; 
ttag +19 ////; 
ttag +20 ////; 
ttag +21 ////; 
ttag +22 ////; 
ttag +23 ////; 
ttag +24 ////; 
ttag +25 ////; 
ttag +26 ////; 
ttag +27 ////; 
ttag +28 ////; 
ttag +29 ////; 
ttag +30 ////; 
ttag +31 ////; 
ttag +32 ////; 
ttag +33 ////; 
ttag +34 ////; 
ttag +35 ////; 
ttag +36 ////; 
ttag +37 ////; 
ttag +38 ////; 
ttag +39 ////; 
ttag +40 ////; 
ttag +41 ////; 
ttag +42 ////; 
ttag +43 ////; 
ttag +44 ////; 
ttag +45 ////; 
ttag +46 ////; 
ttag +47 ////; 
ttag +48 ////; 
ttag +49 100/100/100/100/100; 
ttag +50 96/94/88/98/86; 
ttag +51 84/79/54/80/63; 
ttag +52 58/50/45/54/32; 
ttag +53 86/82/56/83/63; 
ttag +54 73/66/45/67/58; 
ttag +55 73/71/54/74/60; 
ttag +56 40/25/23/33/20; 
ttag +57 97/96/93/98/95; 
ttag +58 72/56/43/52/42; 
ttag +59 59/48/35/55/36; 
ttag +60 42/17/26/22/28; 
ttag +61 77/74/49/75/52; 
ttag +62 68/62/50/68/53; 
ttag +63 33/12/10/13/17; 
ttag +64 84/80/78/82/74; 
ttag +65 87/78/72/82/64; 
ttag +66 83/72/57/70/65; 
ttag +67 100/100/98/99/98; 
ttag +68 100/100/100/100/100; 
ttag +69 20/0/?/4/6; 
ttag +70 51/29/22/40/28; 
ttag +71 79/76/57/80/68; 
ttag +72 98/97/93/98/89; 
ttag +73 99/98/94/97/94; 
ttag +74 69/64/48/65/58; 
ttag +75 36/[12]/?/?/?; 
ttag +76 83/78/67/85/72; 
ttag +77 56/44/40/51/38; 
ttag +78 55/48/31/57/29; 
ttag +79 99/98/96/99/97; 
ttag +80 46/30/28/33/19; 
ttag +81 62/58/42/68/44; 
ttag +82 30/21/22/25/17; 
ttag +83 50/43/30/54/30; 
ttag +84 66/55/56/59/57; 
ttag +85 62/54/52/58/39; 
ttag +86 78/70/63/71/54; 
ttag +87 99/99/98/99/96; 
ttag +88 74/64/54/65/46; 
ttag +89 73/64/44/68/50; 
ttag +90 85/81/63/87/69; 
ttag +91 100/100/95/100/98; 
ttag +92 20/[4]/?/?/?; 
ttag +93 54/46/40/45/44; 
ttag +94 69/68/61/68/61; 
