tread
'Tree with tags' 
(0 (1 ((2 3 )(4 (5 (11 12 13 14 21 (6 7 (8 (9 10 )))(15 (16 17 ))(18 (19 20 ))(22 26 27 28 (23 (24 25 ))(29 (30 31 ))(32 33 34 (35 (36 (37 38 39 ))))(41 (40 (42 43 )))(46 (44 45 47 ))))))))); 
ttag *!; 
ttag +49 ???; 
ttag +50 5; 
ttag +51 3; 
ttag +52 6; 
ttag +53 4; 
ttag +54 1; 
ttag +55 1; 
ttag +56 13; 
ttag +57 2; 
ttag +58 7; 
ttag +59 1; 
ttag +60 6; 
ttag +61 5; 
ttag +62 2; 
ttag +63 6; 
ttag +64 7; 
ttag +65 6; 
ttag +66 1; 
ttag +67 7; 
ttag +68 2; 
ttag +69 1; 
ttag +70 6; 
ttag +71 4; 
ttag +72 5; 
ttag +73 4; 
ttag +74 2; 
ttag +75 3; 
tread
'Tree with tags' 
(0 (1 ((2 3 )(4 (5 (11 ((6 (7 (8 (9 10 ))))(12 ((14 (13 (18 (19 20 ))))((15 (16 17 ))(21 ((22 (23 (24 25 )))(26 (27 (((28 (32 ((33 34 )(35 (36 (38 (37 39 )))))))(29 (30 31 )))((41 (40 (42 43 )))(46 (44 (45 47 ))))))))))))))))))); 
ttag *!; 
ttag +0 ////; 
ttag +1 ////; 
ttag +2 ////; 
ttag +3 ////; 
ttag +4 ////; 
ttag +5 ////; 
ttag +6 ////; 
ttag +7 ////; 
ttag +8 ////; 
ttag +9 ////; 
ttag +10 ////; 
ttag +11 ////; 
ttag +12 ////; 
ttag +13 ////; 
ttag +14 ////; 
ttag +15 ////; 
ttag +16 ////; 
ttag +17 ////; 
ttag +18 ////; 
ttag +19 ////; 
ttag +20 ////; 
ttag +21 ////; 
ttag +22 ////; 
ttag +23 ////; 
ttag +24 ////; 
ttag +25 ////; 
ttag +26 ////; 
ttag +27 ////; 
ttag +28 ////; 
ttag +29 ////; 
ttag +30 ////; 
ttag +31 ////; 
ttag +32 ////; 
ttag +33 ////; 
ttag +34 ////; 
ttag +35 ////; 
ttag +36 ////; 
ttag +37 ////; 
ttag +38 ////; 
ttag +39 ////; 
ttag +40 ////; 
ttag +41 ////; 
ttag +42 ////; 
ttag +43 ////; 
ttag +44 ////; 
ttag +45 ////; 
ttag +46 ////; 
ttag +47 ////; 
ttag +48 ////; 
ttag +49 100/100/100/100/100; 
ttag +50 99/99/90/96/93; 
ttag +51 88/85/80/88/83; 
ttag +52 96/94/88/97/82; 
ttag +53 76/64/47/56/44; 
ttag +54 48/35/29/38/34; 
ttag +55 30/21/9/14/13; 
ttag +56 36/26/19/25/17; 
ttag +57 20/[33]/?/?/?; 
ttag +58 100/100/99/100/99; 
ttag +59 86/83/72/76/66; 
ttag +60 23/10/8/16/11; 
ttag +61 20/1/?/?/1; 
ttag +62 0/[18]/?/?/?; 
ttag +63 2/[12]/?/?/?; 
ttag +64 98/98/96/98/96; 
ttag +65 6/[12]/?/?/?; 
ttag +66 54/18/23/37/17; 
ttag +67 98/98/94/97/90; 
ttag +68 97/96/92/97/85; 
ttag +69 23/17/14/22/8; 
ttag +70 50/19/28/24/21; 
ttag +71 49/43/31/48/34; 
ttag +72 93/90/90/94/85; 
ttag +73 97/96/89/99/92; 
ttag +74 35/5/5/8/2; 
ttag +75 21/[25]/?/?/?; 
ttag +76 8/[27]/?/?/?; 
ttag +77 4/[42]/?/?/?; 
ttag +78 25/[21]/?/?/?; 
ttag +79 90/88/69/82/73; 
ttag +80 51/27/20/33/26; 
ttag +81 80/76/67/81/67; 
ttag +82 53/38/28/37/31; 
ttag +83 36/18/8/17/12; 
ttag +84 70/64/46/62/60; 
ttag +85 63/42/22/39/32; 
ttag +86 16/[14]/?/?/?; 
ttag +87 94/93/84/94/90; 
ttag +88 62/52/49/60/40; 
ttag +89 91/88/76/85/67; 
ttag +90 41/31/32/35/30; 
ttag +91 77/69/52/76/44; 
ttag +92 33/20/16/25/10; 
ttag +93 56/46/47/54/40; 
ttag +94 30/11/11/12/6; 
