tread
'Tree with tags' 
(0 (1 ((2 3 )(4 (5 6 7 11 14 21 26 27 28 (8 (9 10 ))(12 13 )(17 (15 16 ))(18 (19 20 ))(22 (23 (24 25 )))(29 30 31 )((32 34 35 36 (33 (39 (37 38 ))))(40 41 (42 43 ))(46 47 (44 45 )))))))); 
ttag *!; 
ttag +49 ???; 
ttag +50 3; 
ttag +51 8; 
ttag +52 2; 
ttag +53 2; 
ttag +54 13; 
ttag +55 2; 
ttag +56 2; 
ttag +57 1; 
ttag +58 3; 
ttag +59 10; 
ttag +60 6; 
ttag +61 3; 
ttag +62 3; 
ttag +63 4; 
ttag +64 4; 
ttag +65 6; 
ttag +66 3; 
ttag +67 1; 
ttag +68 2; 
ttag +69 3; 
ttag +70 1; 
ttag +71 7; 
ttag +72 1; 
ttag +73 2; 
tread
'Tree with tags' 
(0 (1 ((2 3 )(4 ((5 (6 (7 (8 (9 10 )))))(11 ((12 13 )(14 ((17 (15 16 ))(((18 (19 20 ))(29 (30 31 )))((21 (22 (23 (24 25 ))))(26 (27 (28 (((34 (32 (35 (36 (33 (39 (37 38 )))))))((40 41 )(42 43 )))(47 (46 (44 45 )))))))))))))))))); 
ttag *!; 
ttag +0 ////; 
ttag +1 ////; 
ttag +2 ////; 
ttag +3 ////; 
ttag +4 ////; 
ttag +5 ////; 
ttag +6 ////; 
ttag +7 ////; 
ttag +8 ////; 
ttag +9 ////; 
ttag +10 ////; 
ttag +11 ////; 
ttag +12 ////; 
ttag +13 ////; 
ttag +14 ////; 
ttag +15 ////; 
ttag +16 ////; 
ttag +17 ////; 
ttag +18 ////; 
ttag +19 ////; 
ttag +20 ////; 
ttag +21 ////; 
ttag +22 ////; 
ttag +23 ////; 
ttag +24 ////; 
ttag +25 ////; 
ttag +26 ////; 
ttag +27 ////; 
ttag +28 ////; 
ttag +29 ////; 
ttag +30 ////; 
ttag +31 ////; 
ttag +32 ////; 
ttag +33 ////; 
ttag +34 ////; 
ttag +35 ////; 
ttag +36 ////; 
ttag +37 ////; 
ttag +38 ////; 
ttag +39 ////; 
ttag +40 ////; 
ttag +41 ////; 
ttag +42 ////; 
ttag +43 ////; 
ttag +44 ////; 
ttag +45 ////; 
ttag +46 ////; 
ttag +47 ////; 
ttag +48 ////; 
ttag +49 100/100/100/100/100; 
ttag +50 85/80/77/76/64; 
ttag +51 100/100/98/100/98; 
ttag +52 83/81/69/80/71; 
ttag +53 22/8/10/8/5; 
ttag +54 50/38/31/46/34; 
ttag +55 40/22/6/9/18; 
ttag +56 36/19/6/8/16; 
ttag +57 100/100/100/100/100; 
ttag +58 75/70/52/74/58; 
ttag +59 24/12/10/14/9; 
ttag +60 54/46/40/44/42; 
ttag +61 21/10/4/8/5; 
ttag +62 10/[3]/?/?/?; 
ttag +63 57/38/33/43/36; 
ttag +64 88/83/79/83/72; 
ttag +65 43/34/22/30/22; 
ttag +66 99/99/94/98/94; 
ttag +67 8/[42]/?/?/?; 
ttag +68 6/[40]/?/?/?; 
ttag +69 98/98/89/97/94; 
ttag +70 32/19/24/15/22; 
ttag +71 0/[49]/?/?/?; 
ttag +72 92/91/76/89/84; 
ttag +73 82/72/56/80/66; 
ttag +74 93/91/80/92/82; 
ttag +75 8/[40]/?/?/?; 
ttag +76 4/[44]/?/?/?; 
ttag +77 25/[22]/?/?/?; 
ttag +78 96/94/90/96/88; 
ttag +79 73/54/54/38/54; 
ttag +80 57/46/50/40/39; 
ttag +81 98/97/97/97/92; 
ttag +82 38/20/3/24/17; 
ttag +83 72/64/65/71/61; 
ttag +84 53/26/30/31/23; 
ttag +85 20/[10]/?/?/?; 
ttag +86 46/35/40/26/27; 
ttag +87 68/50/33/48/38; 
ttag +88 89/86/76/87/79; 
ttag +89 30/12/1/17/12; 
ttag +90 40/28/30/33/29; 
ttag +91 99/99/98/98/98; 
ttag +92 61/54/53/57/56; 
ttag +93 32/0/?/?/?; 
ttag +94 86/84/76/86/73; 
