tread
'Tree with tags' 
(0 (1 (11 (12 13 14 21 (2 3 )(4 5 )(6 7 )(8 (9 10 ))(15 16 17 )(18 (19 20 ))(22 (23 (24 25 )))(26 (27 (28 ((29 (30 31 ))(44 45 46 47 (32 (33 34 35 (36 (37 38 39 ))))(40 (41 (42 43 )))))))))))); 
ttag *!; 
ttag +49 ???; 
ttag +50 7; 
ttag +51 2; 
ttag +52 6; 
ttag +53 1; 
ttag +54 2; 
ttag +55 4; 
ttag +56 2; 
ttag +57 6; 
ttag +58 3; 
ttag +59 3; 
ttag +60 4; 
ttag +61 3; 
ttag +62 2; 
ttag +63 4; 
ttag +64 1; 
ttag +65 2; 
ttag +66 3; 
ttag +67 2; 
ttag +68 5; 
ttag +69 3; 
ttag +70 1; 
ttag +71 3; 
ttag +72 2; 
ttag +73 5; 
ttag +74 9; 
ttag +75 4; 
ttag +76 1; 
tread
'Tree with tags' 
(0 (1 (11 (((((2 3 )((((21 (12 13 ))((18 (19 20 ))(26 (27 (28 ((29 (30 31 ))((32 ((33 34 )(35 (36 (39 (37 38 ))))))(46 (44 (47 (45 (40 (41 (42 43 ))))))))))))))(14 (16 (15 17 ))))(22 (23 (24 25 )))))(8 (9 10 )))(6 7 ))(4 5 ))))); 
ttag *!; 
ttag +0 ////; 
ttag +1 ////; 
ttag +2 ////; 
ttag +3 ////; 
ttag +4 ////; 
ttag +5 ////; 
ttag +6 ////; 
ttag +7 ////; 
ttag +8 ////; 
ttag +9 ////; 
ttag +10 ////; 
ttag +11 ////; 
ttag +12 ////; 
ttag +13 ////; 
ttag +14 ////; 
ttag +15 ////; 
ttag +16 ////; 
ttag +17 ////; 
ttag +18 ////; 
ttag +19 ////; 
ttag +20 ////; 
ttag +21 ////; 
ttag +22 ////; 
ttag +23 ////; 
ttag +24 ////; 
ttag +25 ////; 
ttag +26 ////; 
ttag +27 ////; 
ttag +28 ////; 
ttag +29 ////; 
ttag +30 ////; 
ttag +31 ////; 
ttag +32 ////; 
ttag +33 ////; 
ttag +34 ////; 
ttag +35 ////; 
ttag +36 ////; 
ttag +37 ////; 
ttag +38 ////; 
ttag +39 ////; 
ttag +40 ////; 
ttag +41 ////; 
ttag +42 ////; 
ttag +43 ////; 
ttag +44 ////; 
ttag +45 ////; 
ttag +46 ////; 
ttag +47 ////; 
ttag +48 ////; 
ttag +49 100/100/100/100/100; 
ttag +50 99/98/94/98/94; 
ttag +51 17/6/?/6/?; 
ttag +52 18/4/?/?/0; 
ttag +53 10/0/?/2/?; 
ttag +54 46/32/19/36/22; 
ttag +55 95/94/83/91/87; 
ttag +56 26/12/4/12/10; 
ttag +57 60/56/46/59/56; 
ttag +58 94/94/92/94/91; 
ttag +59 79/72/66/71/65; 
ttag +60 24/15/8/22/11; 
ttag +61 7/[8]/?/?/?; 
ttag +62 1/[22]/?/?/?; 
ttag +63 10/[13]/?/?/?; 
ttag +64 10/[11]/?/?/?; 
ttag +65 50/32/20/24/30; 
ttag +66 20/[6]/?/?/?; 
ttag +67 95/94/91/93/94; 
ttag +68 84/81/70/85/74; 
ttag +69 4/[19]/?/?/?; 
ttag +70 91/88/81/88/81; 
ttag +71 89/87/78/87/71; 
ttag +72 91/90/78/86/75; 
ttag +73 73/51/60/66/53; 
ttag +74 86/85/81/85/72; 
ttag +75 26/2/0/?/?; 
ttag +76 55/50/40/49/42; 
ttag +77 66/51/47/62/58; 
ttag +78 43/34/36/47/29; 
ttag +79 93/92/91/94/85; 
ttag +80 65/54/56/53/54; 
ttag +81 20/5/8/14/3; 
ttag +82 12/[21]/?/?/?; 
ttag +83 74/64/64/68/54; 
ttag +84 43/18/18/27/19; 
ttag +85 88/86/76/85/79; 
ttag +86 43/7/10/16/11; 
ttag +87 95/94/90/96/94; 
ttag +88 99/99/96/100/98; 
ttag +89 15/[16]/?/?/?; 
ttag +90 3/[28]/?/?/?; 
ttag +91 7/[24]/?/?/?; 
ttag +92 34/16/26/29/28; 
ttag +93 92/91/85/94/89; 
ttag +94 60/31/32/36/38; 
