tread
'Tree with tags' 
(0 (1 ((2 3 )(4 (5 ((6 7 )((8 (9 10 ))(11 ((12 (21 ((22 (23 (24 25 )))(28 (26 (27 ((29 (30 31 ))((32 ((35 (33 34 ))(36 (37 (38 39 )))))((40 (41 (42 43 )))(47 (44 45 46 )))))))))))((13 (15 (16 17 )))(14 (18 (19 20 ))))))))))))); 
ttag *!; 
ttag +49 ???; 
ttag +50 2; 
ttag +51 3; 
ttag +52 1; 
ttag +53 4; 
ttag +54 1; 
ttag +55 1; 
ttag +56 5; 
ttag +57 1; 
ttag +58 4; 
ttag +59 1; 
ttag +60 1; 
ttag +61 1; 
ttag +62 1; 
ttag +63 1; 
ttag +64 1; 
ttag +65 7; 
ttag +66 1; 
ttag +67 6; 
ttag +68 7; 
ttag +69 1; 
ttag +70 6; 
ttag +71 1; 
ttag +72 7; 
ttag +73 7; 
ttag +74 2; 
ttag +75 3; 
ttag +76 2; 
ttag +77 2; 
ttag +78 2; 
ttag +79 6; 
ttag +80 3; 
ttag +81 1; 
ttag +82 5; 
ttag +83 1; 
ttag +84 1; 
ttag +85 3; 
ttag +86 10; 
ttag +87 3; 
ttag +88 6; 
ttag +89 6; 
ttag +90 3; 
ttag +91 7; 
ttag +92 1; 
ttag +93 1; 
tread
'Tree with tags' 
(0 (1 ((2 3 )(4 (5 ((6 7 )((8 (9 10 ))(11 ((12 (21 ((22 (23 (24 25 )))(28 (26 (27 ((29 (30 31 ))((32 ((35 (33 34 ))(36 (37 (38 39 )))))((40 (41 (42 43 )))(47 (45 (44 46 ))))))))))))((13 (15 (16 17 )))(14 (18 (19 20 ))))))))))))); 
ttag *!; 
ttag +0 ////; 
ttag +1 ////; 
ttag +2 ////; 
ttag +3 ////; 
ttag +4 ////; 
ttag +5 ////; 
ttag +6 ////; 
ttag +7 ////; 
ttag +8 ////; 
ttag +9 ////; 
ttag +10 ////; 
ttag +11 ////; 
ttag +12 ////; 
ttag +13 ////; 
ttag +14 ////; 
ttag +15 ////; 
ttag +16 ////; 
ttag +17 ////; 
ttag +18 ////; 
ttag +19 ////; 
ttag +20 ////; 
ttag +21 ////; 
ttag +22 ////; 
ttag +23 ////; 
ttag +24 ////; 
ttag +25 ////; 
ttag +26 ////; 
ttag +27 ////; 
ttag +28 ////; 
ttag +29 ////; 
ttag +30 ////; 
ttag +31 ////; 
ttag +32 ////; 
ttag +33 ////; 
ttag +34 ////; 
ttag +35 ////; 
ttag +36 ////; 
ttag +37 ////; 
ttag +38 ////; 
ttag +39 ////; 
ttag +40 ////; 
ttag +41 ////; 
ttag +42 ////; 
ttag +43 ////; 
ttag +44 ////; 
ttag +45 ////; 
ttag +46 ////; 
ttag +47 ////; 
ttag +48 ////; 
ttag +49 100/100/100/100/100; 
ttag +50 85/81/76/83/73; 
ttag +51 88/87/79/88/85; 
ttag +52 55/30/31/33/34; 
ttag +53 86/84/68/87/74; 
ttag +54 63/60/53/61/50; 
ttag +55 26/16/10/14/10; 
ttag +56 88/86/84/88/86; 
ttag +57 16/4/?/2/?; 
ttag +58 93/91/90/93/87; 
ttag +59 34/20/20/28/26; 
ttag +60 2/[23]/?/?/?; 
ttag +61 42/28/20/30/18; 
ttag +62 3/[26]/?/?/?; 
ttag +63 1/[24]/?/?/?; 
ttag +64 14/[16]/?/?/?; 
ttag +65 95/94/95/98/96; 
ttag +66 20/[9]/?/?/?; 
ttag +67 95/93/86/96/92; 
ttag +68 98/96/97/98/97; 
ttag +69 26/12/15/12/17; 
ttag +70 78/64/66/78/64; 
ttag +71 50/36/31/32/42; 
ttag +72 99/99/98/99/95; 
ttag +73 96/93/90/96/88; 
ttag +74 40/24/16/22/10; 
ttag +75 72/61/49/66/45; 
ttag +76 35/12/7/16/4; 
ttag +77 67/61/52/63/52; 
ttag +78 54/40/30/38/36; 
ttag +79 91/90/85/93/80; 
ttag +80 71/65/51/72/60; 
ttag +81 24/3/?/6/2; 
ttag +82 77/70/58/66/59; 
ttag +83 40/32/4/27/24; 
ttag +84 38/31/18/31/26; 
ttag +85 74/68/54/67/59; 
ttag +86 99/98/97/100/98; 
ttag +87 92/90/79/89/85; 
ttag +88 97/97/95/100/99; 
ttag +89 90/88/78/89/83; 
ttag +90 91/88/88/91/90; 
ttag +91 100/100/99/100/100; 
ttag +92 24/[11]/?/?/?; 
ttag +93 53/48/44/45/38; 
ttag +94 54/26/25/16/12; 
