tread
'Tree with tags' 
(0 (1 ((2 3 )(4 ((5 (11 (12 (13 (((14 (18 (19 20 )))(15 (16 17 )))(21 ((22 (23 (24 25 )))(26 (27 (28 ((29 (30 31 ))(44 45 (46 47 (32 ((33 34 )(35 (36 (37 (38 39 )))))))(40 (41 (42 43 )))))))))))))))(6 7 (8 (9 10 )))))))); 
ttag *!; 
ttag +49 ???; 
ttag +50 6; 
ttag +51 6; 
ttag +52 7; 
ttag +53 1; 
ttag +54 4; 
ttag +55 3; 
ttag +56 7; 
ttag +57 7; 
ttag +58 1; 
ttag +59 3; 
ttag +60 1; 
ttag +61 2; 
ttag +62 1; 
ttag +63 2; 
ttag +64 6; 
ttag +65 5; 
ttag +66 6; 
ttag +67 10; 
ttag +68 1; 
ttag +69 6; 
ttag +70 3; 
ttag +71 7; 
ttag +72 6; 
ttag +73 4; 
ttag +74 1; 
ttag +75 3; 
ttag +76 3; 
ttag +77 2; 
ttag +78 4; 
ttag +79 6; 
ttag +80 1; 
ttag +81 2; 
ttag +82 3; 
ttag +83 5; 
ttag +84 5; 
ttag +85 4; 
ttag +86 5; 
ttag +87 1; 
ttag +88 9; 
ttag +89 2; 
ttag +90 7; 
tread
'Tree with tags' 
(0 (1 ((2 3 )(4 ((5 (11 (12 (13 (((14 (18 (19 20 )))(15 (16 17 )))(21 ((22 (23 (24 25 )))(26 (27 (28 ((29 (30 31 ))(45 ((44 ((32 ((33 34 )(35 (36 (37 (38 39 ))))))(46 47 )))(40 (41 (42 43 ))))))))))))))))(7 (6 (8 (9 10 ))))))))); 
ttag *!; 
ttag +0 ////; 
ttag +1 ////; 
ttag +2 ////; 
ttag +3 ////; 
ttag +4 ////; 
ttag +5 ////; 
ttag +6 ////; 
ttag +7 ////; 
ttag +8 ////; 
ttag +9 ////; 
ttag +10 ////; 
ttag +11 ////; 
ttag +12 ////; 
ttag +13 ////; 
ttag +14 ////; 
ttag +15 ////; 
ttag +16 ////; 
ttag +17 ////; 
ttag +18 ////; 
ttag +19 ////; 
ttag +20 ////; 
ttag +21 ////; 
ttag +22 ////; 
ttag +23 ////; 
ttag +24 ////; 
ttag +25 ////; 
ttag +26 ////; 
ttag +27 ////; 
ttag +28 ////; 
ttag +29 ////; 
ttag +30 ////; 
ttag +31 ////; 
ttag +32 ////; 
ttag +33 ////; 
ttag +34 ////; 
ttag +35 ////; 
ttag +36 ////; 
ttag +37 ////; 
ttag +38 ////; 
ttag +39 ////; 
ttag +40 ////; 
ttag +41 ////; 
ttag +42 ////; 
ttag +43 ////; 
ttag +44 ////; 
ttag +45 ////; 
ttag +46 ////; 
ttag +47 ////; 
ttag +48 ////; 
ttag +49 100/100/100/100/100; 
ttag +50 99/99/98/98/93; 
ttag +51 99/99/97/98/95; 
ttag +52 96/95/94/98/95; 
ttag +53 21/4/4/?/2; 
ttag +54 72/67/54/74/50; 
ttag +55 27/0/?/?/5; 
ttag +56 80/72/60/70/58; 
ttag +57 98/98/91/94/92; 
ttag +58 100/100/100/100/100; 
ttag +59 36/17/14/8/14; 
ttag +60 66/58/42/60/36; 
ttag +61 43/35/30/41/23; 
ttag +62 56/46/32/44/33; 
ttag +63 32/23/22/25/24; 
ttag +64 52/43/30/47/36; 
ttag +65 97/96/90/98/92; 
ttag +66 92/90/87/96/88; 
ttag +67 95/93/87/98/91; 
ttag +68 100/100/98/100/100; 
ttag +69 30/20/19/16/15; 
ttag +70 88/83/72/88/62; 
ttag +71 64/58/50/66/46; 
ttag +72 99/99/96/98/96; 
ttag +73 98/98/96/98/96; 
ttag +74 89/88/78/86/80; 
ttag +75 56/38/41/49/37; 
ttag +76 78/74/63/82/71; 
ttag +77 81/79/70/78/74; 
ttag +78 45/19/7/15/4; 
ttag +79 96/95/94/96/94; 
ttag +80 88/85/77/89/74; 
ttag +81 22/8/?/6/5; 
ttag +82 1/[38]/?/?/?; 
ttag +83 19/[20]/?/?/?; 
ttag +84 56/46/40/38/34; 
ttag +85 78/69/46/71/49; 
ttag +86 86/78/60/80/67; 
ttag +87 92/90/79/88/80; 
ttag +88 91/89/86/94/78; 
ttag +89 98/98/95/97/92; 
ttag +90 67/51/20/44/23; 
ttag +91 98/98/91/98/96; 
ttag +92 72/65/53/63/53; 
ttag +93 100/100/98/99/100; 
ttag +94 25/[4]/?/?/12; 
