tread
'Tree with tags' 
(0 (1 ((2 3 )(4 5 11 (6 7 )(8 (9 10 ))(12 13 14 21 ((22 (23 (24 25 )))(26 (27 (28 (29 (30 31 ))((32 (33 34 (35 (36 (38 (37 39 ))))))((40 (41 (42 43 )))(44 45 46 47 ))))))))((15 (16 17 ))(18 (19 20 ))))))); 
ttag *!; 
ttag +49 ???; 
ttag +50 2; 
ttag +51 4; 
ttag +52 4; 
ttag +53 2; 
ttag +54 10; 
ttag +55 7; 
ttag +56 1; 
ttag +57 5; 
ttag +58 4; 
ttag +59 6; 
ttag +60 3; 
ttag +61 6; 
ttag +62 1; 
ttag +63 1; 
ttag +64 7; 
ttag +65 5; 
ttag +66 4; 
ttag +67 3; 
ttag +68 2; 
ttag +69 5; 
ttag +70 1; 
ttag +71 1; 
ttag +72 1; 
ttag +73 2; 
ttag +74 3; 
ttag +75 2; 
ttag +76 1; 
ttag +77 6; 
ttag +78 5; 
ttag +79 5; 
ttag +80 4; 
ttag +81 10; 
ttag +82 2; 
tread
'Tree with tags' 
(0 (1 ((2 3 )((5 (4 ((15 (16 17 ))(18 (19 20 )))))(((6 7 )(11 (((12 14 )(13 21 ))((22 (23 (24 25 )))(26 (27 (28 ((29 (30 31 ))((32 (34 (33 (35 (36 (38 (37 39 )))))))((40 (41 (42 43 )))(45 (46 (44 47 )))))))))))))(8 (9 10 ))))))); 
ttag *!; 
ttag +0 ////; 
ttag +1 ////; 
ttag +2 ////; 
ttag +3 ////; 
ttag +4 ////; 
ttag +5 ////; 
ttag +6 ////; 
ttag +7 ////; 
ttag +8 ////; 
ttag +9 ////; 
ttag +10 ////; 
ttag +11 ////; 
ttag +12 ////; 
ttag +13 ////; 
ttag +14 ////; 
ttag +15 ////; 
ttag +16 ////; 
ttag +17 ////; 
ttag +18 ////; 
ttag +19 ////; 
ttag +20 ////; 
ttag +21 ////; 
ttag +22 ////; 
ttag +23 ////; 
ttag +24 ////; 
ttag +25 ////; 
ttag +26 ////; 
ttag +27 ////; 
ttag +28 ////; 
ttag +29 ////; 
ttag +30 ////; 
ttag +31 ////; 
ttag +32 ////; 
ttag +33 ////; 
ttag +34 ////; 
ttag +35 ////; 
ttag +36 ////; 
ttag +37 ////; 
ttag +38 ////; 
ttag +39 ////; 
ttag +40 ////; 
ttag +41 ////; 
ttag +42 ////; 
ttag +43 ////; 
ttag +44 ////; 
ttag +45 ////; 
ttag +46 ////; 
ttag +47 ////; 
ttag +48 ////; 
ttag +49 100/100/100/100/100; 
ttag +50 75/64/59/66/56; 
ttag +51 96/95/93/94/92; 
ttag +52 23/0/?/?/?; 
ttag +53 7/[15]/?/?/?; 
ttag +54 91/89/72/87/74; 
ttag +55 79/72/74/82/71; 
ttag +56 3/[50]/?/?/?; 
ttag +57 21/10/0/4/?; 
ttag +58 99/99/100/99/100; 
ttag +59 99/98/99/99/99; 
ttag +60 8/[6]/?/0/?; 
ttag +61 11/[4]/?/?/?; 
ttag +62 20/8/4/5/?; 
ttag +63 20/8/2/12/?; 
ttag +64 21/3/7/3/4; 
ttag +65 94/92/88/92/86; 
ttag +66 71/68/51/68/54; 
ttag +67 98/97/93/98/90; 
ttag +68 88/82/79/89/75; 
ttag +69 99/99/98/99/99; 
ttag +70 71/64/42/52/53; 
ttag +71 49/40/25/34/26; 
ttag +72 98/97/94/97/96; 
ttag +73 98/98/89/98/94; 
ttag +74 92/91/72/88/74; 
ttag +75 78/70/48/65/48; 
ttag +76 79/76/50/70/55; 
ttag +77 89/87/76/86/82; 
ttag +78 42/19/24/12/22; 
ttag +79 72/56/51/75/55; 
ttag +80 80/74/64/67/60; 
ttag +81 60/52/43/58/46; 
ttag +82 12/[31]/?/?/?; 
ttag +83 63/54/47/64/48; 
ttag +84 71/67/50/69/47; 
ttag +85 64/47/46/52/43; 
ttag +86 59/41/42/37/34; 
ttag +87 99/99/94/98/92; 
ttag +88 92/90/78/90/79; 
ttag +89 94/94/88/96/90; 
ttag +90 86/80/63/77/62; 
ttag +91 100/100/100/100/100; 
ttag +92 13/[10]/?/?/?; 
ttag +93 7/[16]/?/?/?; 
ttag +94 88/84/72/87/78; 
