tread
'Tree with tags' 
(0 (1 ((2 3 )(4 5 6 7 11 (8 (9 10 ))(12 13 14 21 ((17 (15 16 ))(18 (19 20 )))((22 (23 24 25 ))(26 ((27 28 )((29 (30 31 ))(((33 (32 (34 (35 (36 (39 (37 38 )))))))(41 (40 (42 43 ))))(46 (44 (45 47 ))))))))))))); 
ttag *!; 
ttag +49 ???; 
ttag +50 5; 
ttag +51 3; 
ttag +52 3; 
ttag +53 10; 
ttag +54 5; 
ttag +55 2; 
ttag +56 2; 
ttag +57 7; 
ttag +58 5; 
ttag +59 3; 
ttag +60 11; 
ttag +61 7; 
ttag +62 2; 
ttag +63 4; 
ttag +64 2; 
ttag +65 2; 
ttag +66 1; 
ttag +67 7; 
ttag +68 4; 
ttag +69 8; 
ttag +70 1; 
ttag +71 5; 
ttag +72 1; 
ttag +73 3; 
ttag +74 1; 
ttag +75 4; 
ttag +76 4; 
ttag +77 2; 
ttag +78 4; 
ttag +79 1; 
ttag +80 7; 
ttag +81 5; 
ttag +82 1; 
ttag +83 5; 
ttag +84 1; 
tread
'Tree with tags' 
(0 (1 ((2 3 )(11 (4 (5 (6 (7 ((8 (9 10 ))((12 13 )(14 (21 (((17 (15 16 ))(18 (19 20 )))((22 (24 (23 25 )))(26 ((27 28 )((29 (30 31 ))(((33 (32 (34 (35 (36 (39 (37 38 )))))))(41 (40 (42 43 ))))(46 (44 (45 47 ))))))))))))))))))))); 
ttag *!; 
ttag +0 ////; 
ttag +1 ////; 
ttag +2 ////; 
ttag +3 ////; 
ttag +4 ////; 
ttag +5 ////; 
ttag +6 ////; 
ttag +7 ////; 
ttag +8 ////; 
ttag +9 ////; 
ttag +10 ////; 
ttag +11 ////; 
ttag +12 ////; 
ttag +13 ////; 
ttag +14 ////; 
ttag +15 ////; 
ttag +16 ////; 
ttag +17 ////; 
ttag +18 ////; 
ttag +19 ////; 
ttag +20 ////; 
ttag +21 ////; 
ttag +22 ////; 
ttag +23 ////; 
ttag +24 ////; 
ttag +25 ////; 
ttag +26 ////; 
ttag +27 ////; 
ttag +28 ////; 
ttag +29 ////; 
ttag +30 ////; 
ttag +31 ////; 
ttag +32 ////; 
ttag +33 ////; 
ttag +34 ////; 
ttag +35 ////; 
ttag +36 ////; 
ttag +37 ////; 
ttag +38 ////; 
ttag +39 ////; 
ttag +40 ////; 
ttag +41 ////; 
ttag +42 ////; 
ttag +43 ////; 
ttag +44 ////; 
ttag +45 ////; 
ttag +46 ////; 
ttag +47 ////; 
ttag +48 ////; 
ttag +49 100/100/100/100/100; 
ttag +50 99/99/97/98/98; 
ttag +51 86/81/75/86/76; 
ttag +52 25/[1]/5/1/?; 
ttag +53 95/94/84/92/83; 
ttag +54 7/[12]/?/?/?; 
ttag +55 6/[13]/?/?/?; 
ttag +56 9/[2]/0/?/?; 
ttag +57 100/100/100/100/99; 
ttag +58 14/[6]/?/?/0; 
ttag +59 100/100/99/99/99; 
ttag +60 58/47/40/49/42; 
ttag +61 52/42/33/46/35; 
ttag +62 30/6/2/6/?; 
ttag +63 50/33/13/32/22; 
ttag +64 98/97/96/98/97; 
ttag +65 63/43/40/54/40; 
ttag +66 28/4/?/3/?; 
ttag +67 25/1/?/0/?; 
ttag +68 94/92/76/88/75; 
ttag +69 100/100/100/100/100; 
ttag +70 96/95/94/98/94; 
ttag +71 68/63/52/65/47; 
ttag +72 28/[8]/?/?/?; 
ttag +73 92/87/80/86/78; 
ttag +74 74/70/56/74/58; 
ttag +75 78/76/63/75/60; 
ttag +76 55/33/32/40/34; 
ttag +77 98/97/90/97/90; 
ttag +78 84/82/72/86/70; 
ttag +79 100/100/99/99/99; 
ttag +80 19/[3]/?/?/?; 
ttag +81 85/78/59/78/60; 
ttag +82 49/39/38/45/37; 
ttag +83 80/76/58/79/67; 
ttag +84 25/13/2/19/9; 
ttag +85 93/91/78/90/76; 
ttag +86 98/98/90/95/94; 
ttag +87 84/80/73/81/74; 
ttag +88 92/91/81/89/80; 
ttag +89 30/[21]/?/?/?; 
ttag +90 93/91/88/97/90; 
ttag +91 98/97/89/98/96; 
ttag +92 51/26/22/28/32; 
ttag +93 92/90/86/92/89; 
ttag +94 46/36/22/25/32; 
