tread
'Tree with tags' 
(0 (1 ((2 3 )(4 (5 (6 7 )(10 (8 9 ))(12 (13 ((11 (14 (21 (26 (27 (28 (((29 (30 31 ))(32 ((33 34 )(35 (36 (37 (38 39 )))))))((40 (41 (42 43 )))((44 45 )(46 47 )))))))))(22 23 (24 25 )))((15 (16 17 ))(18 (19 20 ))))))))))); 
ttag *!; 
ttag +49 ???; 
ttag +50 5; 
ttag +51 3; 
ttag +52 3; 
ttag +53 4; 
ttag +54 1; 
ttag +55 1; 
ttag +56 9; 
ttag +57 1; 
ttag +58 1; 
ttag +59 1; 
ttag +60 2; 
ttag +61 1; 
ttag +62 5; 
ttag +63 3; 
ttag +64 1; 
ttag +65 2; 
ttag +66 5; 
ttag +67 1; 
ttag +68 2; 
ttag +69 6; 
ttag +70 3; 
ttag +71 1; 
ttag +72 1; 
ttag +73 1; 
ttag +74 1; 
ttag +75 1; 
ttag +76 4; 
ttag +77 11; 
ttag +78 6; 
ttag +79 3; 
ttag +80 2; 
ttag +81 6; 
ttag +82 4; 
ttag +83 2; 
ttag +84 7; 
ttag +85 3; 
ttag +86 2; 
ttag +87 5; 
ttag +88 1; 
ttag +89 2; 
ttag +90 1; 
tread
'Tree with tags' 
(0 (1 ((2 3 )(4 ((5 ((6 7 )(10 (8 9 ))))(12 (13 ((11 ((14 (21 (26 (27 (28 (((29 (30 31 ))(32 ((33 34 )(35 (36 (37 (38 39 )))))))((40 (41 (42 43 )))((44 45 )(46 47 )))))))))(23 (22 (24 25 )))))((15 (16 17 ))(18 (19 20 ))))))))))); 
ttag *!; 
ttag +0 ////; 
ttag +1 ////; 
ttag +2 ////; 
ttag +3 ////; 
ttag +4 ////; 
ttag +5 ////; 
ttag +6 ////; 
ttag +7 ////; 
ttag +8 ////; 
ttag +9 ////; 
ttag +10 ////; 
ttag +11 ////; 
ttag +12 ////; 
ttag +13 ////; 
ttag +14 ////; 
ttag +15 ////; 
ttag +16 ////; 
ttag +17 ////; 
ttag +18 ////; 
ttag +19 ////; 
ttag +20 ////; 
ttag +21 ////; 
ttag +22 ////; 
ttag +23 ////; 
ttag +24 ////; 
ttag +25 ////; 
ttag +26 ////; 
ttag +27 ////; 
ttag +28 ////; 
ttag +29 ////; 
ttag +30 ////; 
ttag +31 ////; 
ttag +32 ////; 
ttag +33 ////; 
ttag +34 ////; 
ttag +35 ////; 
ttag +36 ////; 
ttag +37 ////; 
ttag +38 ////; 
ttag +39 ////; 
ttag +40 ////; 
ttag +41 ////; 
ttag +42 ////; 
ttag +43 ////; 
ttag +44 ////; 
ttag +45 ////; 
ttag +46 ////; 
ttag +47 ////; 
ttag +48 ////; 
ttag +49 100/100/100/100/100; 
ttag +50 96/96/87/94/84; 
ttag +51 82/78/70/88/76; 
ttag +52 82/80/55/80/68; 
ttag +53 17/[25]/?/?/?; 
ttag +54 89/86/74/85/74; 
ttag +55 65/54/46/57/43; 
ttag +56 34/15/14/14/9; 
ttag +57 77/72/70/59/73; 
ttag +58 100/100/99/100/98; 
ttag +59 9/[11]/?/?/?; 
ttag +60 15/2/?/10/3; 
ttag +61 28/14/4/13/6; 
ttag +62 68/62/38/63/48; 
ttag +63 24/2/?/5/?; 
ttag +64 36/24/2/25/17; 
ttag +65 95/93/77/92/82; 
ttag +66 83/80/64/73/63; 
ttag +67 62/34/18/30/33; 
ttag +68 70/60/56/61/57; 
ttag +69 99/99/98/98/98; 
ttag +70 24/3/2/4/?; 
ttag +71 7/[59]/?/?/?; 
ttag +72 69/62/57/64/52; 
ttag +73 100/100/98/98/98; 
ttag +74 76/73/66/83/64; 
ttag +75 37/14/2/20/10; 
ttag +76 44/20/22/35/18; 
ttag +77 42/14/5/21/18; 
ttag +78 5/[42]/?/?/?; 
ttag +79 13/[14]/?/?/?; 
ttag +80 94/93/88/93/88; 
ttag +81 98/98/97/99/97; 
ttag +82 96/95/95/97/93; 
ttag +83 72/65/44/66/44; 
ttag +84 62/51/44/59/40; 
ttag +85 91/86/76/86/74; 
ttag +86 87/83/71/87/70; 
ttag +87 74/64/52/63/56; 
ttag +88 98/98/97/98/96; 
ttag +89 66/60/49/61/49; 
ttag +90 38/8/6/9/3; 
ttag +91 91/88/83/92/81; 
ttag +92 48/30/32/38/29; 
ttag +93 57/46/40/45/36; 
ttag +94 52/42/40/42/36; 
