tread
'Tree with tags' 
(0 (1 (4 (2 3 )(5 6 7 11 (8 (9 10 ))(12 13 (14 ((16 (15 17 ))(18 (19 20 ))))(21 (22 ((23 (24 25 ))(26 (27 (28 ((29 (30 31 ))((32 ((33 34 )(35 (36 (37 (38 39 ))))))((40 (41 (42 43 )))(46 (47 (44 45 ))))))))))))))))); 
ttag *!; 
ttag +49 ???; 
ttag +50 11; 
ttag +51 1; 
ttag +52 3; 
ttag +53 6; 
ttag +54 2; 
ttag +55 4; 
ttag +56 1; 
ttag +57 1; 
ttag +58 4; 
ttag +59 3; 
ttag +60 4; 
ttag +61 5; 
ttag +62 2; 
ttag +63 1; 
ttag +64 1; 
ttag +65 1; 
ttag +66 5; 
ttag +67 5; 
ttag +68 2; 
ttag +69 1; 
ttag +70 7; 
ttag +71 4; 
ttag +72 9; 
ttag +73 3; 
ttag +74 3; 
ttag +75 1; 
ttag +76 1; 
ttag +77 1; 
ttag +78 1; 
ttag +79 6; 
ttag +80 1; 
ttag +81 10; 
ttag +82 2; 
ttag +83 5; 
ttag +84 7; 
ttag +85 3; 
ttag +86 2; 
ttag +87 6; 
tread
'Tree with tags' 
(0 (1 ((2 3 )(4 ((((5 11 )(6 7 ))(8 (9 10 )))(13 (12 ((14 ((16 (15 17 ))(18 (19 20 ))))(21 (22 ((23 (24 25 ))(26 (27 (28 ((29 (30 31 ))((32 ((33 34 )(35 (36 (37 (38 39 ))))))((40 (41 (42 43 )))(46 (47 (44 45 )))))))))))))))))))); 
ttag *!; 
ttag +0 ////; 
ttag +1 ////; 
ttag +2 ////; 
ttag +3 ////; 
ttag +4 ////; 
ttag +5 ////; 
ttag +6 ////; 
ttag +7 ////; 
ttag +8 ////; 
ttag +9 ////; 
ttag +10 ////; 
ttag +11 ////; 
ttag +12 ////; 
ttag +13 ////; 
ttag +14 ////; 
ttag +15 ////; 
ttag +16 ////; 
ttag +17 ////; 
ttag +18 ////; 
ttag +19 ////; 
ttag +20 ////; 
ttag +21 ////; 
ttag +22 ////; 
ttag +23 ////; 
ttag +24 ////; 
ttag +25 ////; 
ttag +26 ////; 
ttag +27 ////; 
ttag +28 ////; 
ttag +29 ////; 
ttag +30 ////; 
ttag +31 ////; 
ttag +32 ////; 
ttag +33 ////; 
ttag +34 ////; 
ttag +35 ////; 
ttag +36 ////; 
ttag +37 ////; 
ttag +38 ////; 
ttag +39 ////; 
ttag +40 ////; 
ttag +41 ////; 
ttag +42 ////; 
ttag +43 ////; 
ttag +44 ////; 
ttag +45 ////; 
ttag +46 ////; 
ttag +47 ////; 
ttag +48 ////; 
ttag +49 100/100/100/100/100; 
ttag +50 99/99/97/99/94; 
ttag +51 51/39/22/38/25; 
ttag +52 46/18/11/25/22; 
ttag +53 42/24/12/25/12; 
ttag +54 3/[22]/?/?/?; 
ttag +55 6/[19]/?/?/?; 
ttag +56 74/67/55/68/49; 
ttag +57 16/[8]/7/1/6; 
ttag +58 99/98/97/99/96; 
ttag +59 91/90/85/83/79; 
ttag +60 3/[57]/?/?/?; 
ttag +61 73/69/48/72/57; 
ttag +62 34/17/15/25/13; 
ttag +63 14/[3]/?/0/?; 
ttag +64 51/36/26/42/24; 
ttag +65 76/61/47/73/55; 
ttag +66 72/60/58/71/55; 
ttag +67 96/96/92/92/90; 
ttag +68 94/92/88/94/88; 
ttag +69 67/63/47/65/45; 
ttag +70 47/35/24/28/11; 
ttag +71 71/56/43/49/47; 
ttag +72 34/18/8/11/0; 
ttag +73 96/96/95/98/95; 
ttag +74 94/93/88/96/92; 
ttag +75 84/77/65/77/57; 
ttag +76 63/61/48/54/53; 
ttag +77 96/95/87/96/86; 
ttag +78 82/78/63/86/66; 
ttag +79 96/95/92/97/92; 
ttag +80 85/79/77/79/72; 
ttag +81 69/59/48/68/43; 
ttag +82 46/14/10/24/16; 
ttag +83 59/48/52/49/52; 
ttag +84 60/54/48/38/44; 
ttag +85 38/[1]/?/?/?; 
ttag +86 98/97/96/99/96; 
ttag +87 78/73/57/73/58; 
ttag +88 100/100/99/100/98; 
ttag +89 66/60/57/70/56; 
ttag +90 99/99/96/98/94; 
ttag +91 99/99/98/99/100; 
ttag +92 82/77/69/81/69; 
ttag +93 66/50/35/51/34; 
ttag +94 99/99/93/100/97; 
