tread
'Tree with tags' 
(0 (1 ((2 3 )(4 (((5 (12 (13 ((14 ((17 (15 16 ))(18 (19 20 ))))(21 ((22 (23 (24 25 )))(26 (27 (28 (29 (30 31 ))(32 (33 34 )(35 (36 (37 (38 39 )))))((40 (41 (42 43 )))(46 (45 (44 47 )))))))))))))(6 7 ))(11 (8 (9 10 )))))))); 
ttag *!; 
ttag +49 ???; 
ttag +50 4; 
ttag +51 1; 
ttag +52 5; 
ttag +53 1; 
ttag +54 1; 
ttag +55 2; 
ttag +56 4; 
ttag +57 8; 
ttag +58 1; 
ttag +59 3; 
ttag +60 3; 
ttag +61 1; 
ttag +62 3; 
ttag +63 3; 
ttag +64 2; 
ttag +65 9; 
ttag +66 4; 
ttag +67 1; 
ttag +68 10; 
ttag +69 3; 
ttag +70 6; 
ttag +71 2; 
ttag +72 5; 
ttag +73 5; 
ttag +74 4; 
ttag +75 3; 
ttag +76 3; 
ttag +77 1; 
ttag +78 6; 
ttag +79 8; 
ttag +80 6; 
ttag +81 2; 
ttag +82 3; 
ttag +83 5; 
ttag +84 2; 
ttag +85 10; 
ttag +86 4; 
ttag +87 1; 
ttag +88 2; 
ttag +89 1; 
ttag +90 1; 
ttag +91 1; 
tread
'Tree with tags' 
(0 (1 ((2 3 )(4 (((5 (12 (13 ((14 ((17 (15 16 ))(18 (19 20 ))))(21 ((22 (23 (24 25 )))(26 (27 ((28 ((29 (30 31 ))((32 (35 (36 (37 (38 39 )))))(33 34 ))))((40 (41 (42 43 )))(46 (45 (44 47 )))))))))))))(6 7 ))(11 (8 (9 10 )))))))); 
ttag *!; 
ttag +0 ////; 
ttag +1 ////; 
ttag +2 ////; 
ttag +3 ////; 
ttag +4 ////; 
ttag +5 ////; 
ttag +6 ////; 
ttag +7 ////; 
ttag +8 ////; 
ttag +9 ////; 
ttag +10 ////; 
ttag +11 ////; 
ttag +12 ////; 
ttag +13 ////; 
ttag +14 ////; 
ttag +15 ////; 
ttag +16 ////; 
ttag +17 ////; 
ttag +18 ////; 
ttag +19 ////; 
ttag +20 ////; 
ttag +21 ////; 
ttag +22 ////; 
ttag +23 ////; 
ttag +24 ////; 
ttag +25 ////; 
ttag +26 ////; 
ttag +27 ////; 
ttag +28 ////; 
ttag +29 ////; 
ttag +30 ////; 
ttag +31 ////; 
ttag +32 ////; 
ttag +33 ////; 
ttag +34 ////; 
ttag +35 ////; 
ttag +36 ////; 
ttag +37 ////; 
ttag +38 ////; 
ttag +39 ////; 
ttag +40 ////; 
ttag +41 ////; 
ttag +42 ////; 
ttag +43 ////; 
ttag +44 ////; 
ttag +45 ////; 
ttag +46 ////; 
ttag +47 ////; 
ttag +48 ////; 
ttag +49 100/100/100/100/100; 
ttag +50 92/90/88/88/88; 
ttag +51 43/2/8/?/4; 
ttag +52 94/93/89/94/87; 
ttag +53 18/0/?/?/?; 
ttag +54 10/[9]/?/?/?; 
ttag +55 42/34/26/31/26; 
ttag +56 86/86/80/87/81; 
ttag +57 99/99/95/96/93; 
ttag +58 33/13/8/7/9; 
ttag +59 67/56/48/52/47; 
ttag +60 44/36/20/38/17; 
ttag +61 24/[18]/?/?/?; 
ttag +62 75/66/53/73/54; 
ttag +63 49/41/30/46/26; 
ttag +64 71/58/47/57/56; 
ttag +65 100/100/98/100/98; 
ttag +66 77/68/41/71/56; 
ttag +67 63/47/55/51/49; 
ttag +68 100/100/100/100/100; 
ttag +69 49/36/28/40/22; 
ttag +70 86/84/71/91/76; 
ttag +71 55/38/28/35/21; 
ttag +72 92/89/85/92/85; 
ttag +73 94/91/83/94/85; 
ttag +74 82/79/67/88/73; 
ttag +75 71/66/51/75/55; 
ttag +76 10/[36]/?/?/?; 
ttag +77 70/68/50/73/56; 
ttag +78 56/44/34/47/43; 
ttag +79 14/[32]/?/?/?; 
ttag +80 97/96/92/99/95; 
ttag +81 34/13/4/18/12; 
ttag +82 98/98/98/98/96; 
ttag +83 96/95/94/100/95; 
ttag +84 48/27/10/32/22; 
ttag +85 68/60/36/64/49; 
ttag +86 88/83/72/86/71; 
ttag +87 59/49/41/66/40; 
ttag +88 99/98/95/98/95; 
ttag +89 76/71/64/82/66; 
ttag +90 60/50/40/53/37; 
ttag +91 78/76/71/76/70; 
ttag +92 37/11/3/16/11; 
ttag +93 24/[1]/?/5/?; 
ttag +94 66/51/37/48/49; 
