tread
'Tree with tags' 
(0 (1 (4 5 (2 3 )(6 7 11 12 13 14 (8 (9 10 ))(15 16 17 )(18 (19 20 ))(21 ((22 (23 (24 25 )))(26 (27 (28 (((29 (30 31 ))(40 (41 (42 43 )))(44 45 46 47 ))(32 ((33 34 )(35 (36 (38 (37 39 )))))))))))))))); 
ttag *!; 
ttag +49 ???; 
ttag +50 3; 
ttag +51 4; 
ttag +52 1; 
ttag +53 11; 
ttag +54 1; 
ttag +55 5; 
ttag +56 5; 
ttag +57 3; 
ttag +58 1; 
ttag +59 4; 
ttag +60 3; 
ttag +61 5; 
ttag +62 4; 
ttag +63 6; 
ttag +64 3; 
ttag +65 6; 
ttag +66 3; 
ttag +67 1; 
ttag +68 2; 
ttag +69 3; 
ttag +70 1; 
ttag +71 8; 
ttag +72 1; 
ttag +73 1; 
ttag +74 5; 
ttag +75 1; 
ttag +76 6; 
ttag +77 4; 
ttag +78 2; 
ttag +79 3; 
ttag +80 4; 
tread
'Tree with tags' 
(0 (1 ((2 3 )(4 (5 (((6 7 )(8 (9 10 )))((11 (18 (19 20 )))((12 (14 (15 (16 17 ))))(13 (21 ((22 (23 (24 25 )))(26 (27 (28 ((((29 (30 31 ))(45 (44 (46 47 ))))(40 (41 (42 43 ))))(32 ((33 34 )(35 (36 (38 (37 39 ))))))))))))))))))))); 
ttag *!; 
ttag +0 ////; 
ttag +1 ////; 
ttag +2 ////; 
ttag +3 ////; 
ttag +4 ////; 
ttag +5 ////; 
ttag +6 ////; 
ttag +7 ////; 
ttag +8 ////; 
ttag +9 ////; 
ttag +10 ////; 
ttag +11 ////; 
ttag +12 ////; 
ttag +13 ////; 
ttag +14 ////; 
ttag +15 ////; 
ttag +16 ////; 
ttag +17 ////; 
ttag +18 ////; 
ttag +19 ////; 
ttag +20 ////; 
ttag +21 ////; 
ttag +22 ////; 
ttag +23 ////; 
ttag +24 ////; 
ttag +25 ////; 
ttag +26 ////; 
ttag +27 ////; 
ttag +28 ////; 
ttag +29 ////; 
ttag +30 ////; 
ttag +31 ////; 
ttag +32 ////; 
ttag +33 ////; 
ttag +34 ////; 
ttag +35 ////; 
ttag +36 ////; 
ttag +37 ////; 
ttag +38 ////; 
ttag +39 ////; 
ttag +40 ////; 
ttag +41 ////; 
ttag +42 ////; 
ttag +43 ////; 
ttag +44 ////; 
ttag +45 ////; 
ttag +46 ////; 
ttag +47 ////; 
ttag +48 ////; 
ttag +49 100/100/100/100/100; 
ttag +50 96/94/88/92/92; 
ttag +51 96/95/89/97/95; 
ttag +52 59/45/41/42/39; 
ttag +53 27/[14]/?/?/?; 
ttag +54 52/36/29/37/36; 
ttag +55 54/37/25/43/25; 
ttag +56 45/36/26/41/20; 
ttag +57 100/100/100/100/100; 
ttag +58 70/61/55/67/58; 
ttag +59 13/[18]/?/?/?; 
ttag +60 46/40/34/41/35; 
ttag +61 33/1/?/3/?; 
ttag +62 20/[11]/?/?/?; 
ttag +63 10/[9]/?/?/?; 
ttag +64 41/10/4/4/8; 
ttag +65 96/95/96/97/92; 
ttag +66 68/51/52/44/45; 
ttag +67 92/90/89/94/85; 
ttag +68 93/91/89/96/83; 
ttag +69 42/32/19/36/21; 
ttag +70 80/73/62/85/67; 
ttag +71 74/68/52/78/53; 
ttag +72 96/95/86/96/88; 
ttag +73 97/96/94/97/92; 
ttag +74 96/95/92/96/88; 
ttag +75 60/35/28/40/20; 
ttag +76 93/90/86/94/83; 
ttag +77 76/75/66/79/64; 
ttag +78 11/[16]/?/?/?; 
ttag +79 18/4/?/10/6; 
ttag +80 54/43/44/43/37; 
ttag +81 92/88/84/88/83; 
ttag +82 70/67/50/63/50; 
ttag +83 97/96/90/97/90; 
ttag +84 45/37/26/36/22; 
ttag +85 46/33/24/36/36; 
ttag +86 85/82/64/78/71; 
ttag +87 50/38/31/38/23; 
ttag +88 94/94/82/90/80; 
ttag +89 83/82/70/84/72; 
ttag +90 63/44/22/52/21; 
ttag +91 74/66/64/75/67; 
ttag +92 12/[30]/?/?/?; 
ttag +93 89/88/77/85/78; 
ttag +94 32/15/14/18/12; 
