tread
'Tree with tags' 
(0 (1 ((2 3 )(4 5 (11 12 13 (6 (7 (8 (9 10 ))))(14 (15 (16 17 )))(21 ((18 (19 20 ))(26 27 28 (22 (23 (24 25 )))(((29 (30 31 ))((40 41 )(42 43 )))((32 (33 34 ))(35 (36 (38 (37 39 )))))(44 45 46 47 )))))))))); 
ttag *!; 
ttag +49 ???; 
ttag +50 1; 
ttag +51 1; 
ttag +52 6; 
ttag +53 5; 
ttag +54 3; 
ttag +55 1; 
ttag +56 11; 
ttag +57 1; 
ttag +58 2; 
ttag +59 8; 
ttag +60 5; 
ttag +61 5; 
ttag +62 1; 
ttag +63 1; 
ttag +64 5; 
ttag +65 5; 
ttag +66 4; 
ttag +67 5; 
ttag +68 3; 
ttag +69 1; 
ttag +70 1; 
ttag +71 3; 
ttag +72 3; 
ttag +73 1; 
ttag +74 4; 
ttag +75 5; 
ttag +76 1; 
ttag +77 1; 
ttag +78 1; 
ttag +79 4; 
ttag +80 1; 
ttag +81 7; 
ttag +82 4; 
ttag +83 6; 
tread
'Tree with tags' 
(0 (1 ((2 3 )(4 (5 ((6 (7 (8 (9 10 ))))(11 (12 ((13 (14 (15 (16 17 ))))(21 ((18 (19 20 ))((22 (23 (24 25 )))(28 (26 (27 ((((29 (30 31 ))((40 41 )(42 43 )))((32 (33 34 ))(35 (36 (38 (37 39 ))))))(45 (46 (44 47 ))))))))))))))))))); 
ttag *!; 
ttag +0 ////; 
ttag +1 ////; 
ttag +2 ////; 
ttag +3 ////; 
ttag +4 ////; 
ttag +5 ////; 
ttag +6 ////; 
ttag +7 ////; 
ttag +8 ////; 
ttag +9 ////; 
ttag +10 ////; 
ttag +11 ////; 
ttag +12 ////; 
ttag +13 ////; 
ttag +14 ////; 
ttag +15 ////; 
ttag +16 ////; 
ttag +17 ////; 
ttag +18 ////; 
ttag +19 ////; 
ttag +20 ////; 
ttag +21 ////; 
ttag +22 ////; 
ttag +23 ////; 
ttag +24 ////; 
ttag +25 ////; 
ttag +26 ////; 
ttag +27 ////; 
ttag +28 ////; 
ttag +29 ////; 
ttag +30 ////; 
ttag +31 ////; 
ttag +32 ////; 
ttag +33 ////; 
ttag +34 ////; 
ttag +35 ////; 
ttag +36 ////; 
ttag +37 ////; 
ttag +38 ////; 
ttag +39 ////; 
ttag +40 ////; 
ttag +41 ////; 
ttag +42 ////; 
ttag +43 ////; 
ttag +44 ////; 
ttag +45 ////; 
ttag +46 ////; 
ttag +47 ////; 
ttag +48 ////; 
ttag +49 100/100/100/100/100; 
ttag +50 55/24/21/30/25; 
ttag +51 50/24/20/26/28; 
ttag +52 98/98/94/98/93; 
ttag +53 38/4/7/11/4; 
ttag +54 88/84/73/89/71; 
ttag +55 84/81/61/81/66; 
ttag +56 63/44/33/44/34; 
ttag +57 100/100/100/100/100; 
ttag +58 56/31/10/37/18; 
ttag +59 44/21/18/28/15; 
ttag +60 59/54/38/53/39; 
ttag +61 20/5/3/18/3; 
ttag +62 30/20/10/12/10; 
ttag +63 46/36/28/40/29; 
ttag +64 100/100/96/99/94; 
ttag +65 95/94/91/98/89; 
ttag +66 88/85/78/84/76; 
ttag +67 26/16/5/15/6; 
ttag +68 23/12/?/16/3; 
ttag +69 99/99/97/98/98; 
ttag +70 93/92/87/93/85; 
ttag +71 82/78/63/81/68; 
ttag +72 96/94/88/97/95; 
ttag +73 85/78/73/81/72; 
ttag +74 15/0/?/4/2; 
ttag +75 24/0/2/13/4; 
ttag +76 13/[1]/?/0/?; 
ttag +77 59/53/42/56/48; 
ttag +78 36/15/8/14/3; 
ttag +79 22/1/?/?/?; 
ttag +80 64/60/45/67/48; 
ttag +81 81/78/72/78/65; 
ttag +82 54/43/26/48/23; 
ttag +83 96/96/85/95/87; 
ttag +84 91/88/77/90/74; 
ttag +85 60/54/50/65/52; 
ttag +86 78/76/69/78/71; 
ttag +87 61/48/45/49/49; 
ttag +88 95/94/85/94/83; 
ttag +89 46/19/8/18/10; 
ttag +90 94/92/91/94/84; 
ttag +91 98/97/94/96/88; 
ttag +92 13/[21]/?/?/?; 
ttag +93 26/2/5/?/?; 
ttag +94 96/94/90/97/91; 
