tread
'Tree with tags' 
(0 (1 ((2 3 )(((((4 5 )(12 13 21 ))(6 (7 (10 (8 9 )))))(11 (14 ((15 (16 17 ))(18 (19 20 ))))))((22 (23 (24 25 )))(26 (27 (28 ((29 (30 31 ))(32 (35 (36 (37 (38 39 )))))(33 34 )((40 (41 (42 43 )))(44 46 (45 47 )))))))))))); 
ttag *!; 
ttag +49 ???; 
ttag +50 6; 
ttag +51 6; 
ttag +52 1; 
ttag +53 1; 
ttag +54 1; 
ttag +55 1; 
ttag +56 7; 
ttag +57 1; 
ttag +58 1; 
ttag +59 2; 
ttag +60 6; 
ttag +61 1; 
ttag +62 1; 
ttag +63 1; 
ttag +64 6; 
ttag +65 2; 
ttag +66 7; 
ttag +67 2; 
ttag +68 10; 
ttag +69 3; 
ttag +70 4; 
ttag +71 3; 
ttag +72 5; 
ttag +73 5; 
ttag +74 1; 
ttag +75 4; 
ttag +76 7; 
ttag +77 4; 
ttag +78 5; 
ttag +79 4; 
ttag +80 5; 
ttag +81 2; 
ttag +82 4; 
ttag +83 6; 
ttag +84 1; 
ttag +85 5; 
ttag +86 2; 
ttag +87 3; 
ttag +88 12; 
ttag +89 3; 
ttag +90 1; 
tread
'Tree with tags' 
(0 (1 ((2 3 )(((((4 5 )(13 (12 21 )))(6 (7 (10 (8 9 )))))(11 (14 ((15 (16 17 ))(18 (19 20 ))))))((22 (23 (24 25 )))(26 (27 (28 ((((29 (30 31 ))(33 34 ))(32 (35 (36 (37 (38 39 ))))))((40 (41 (42 43 )))(44 (46 (45 47 ))))))))))))); 
ttag *!; 
ttag +0 ////; 
ttag +1 ////; 
ttag +2 ////; 
ttag +3 ////; 
ttag +4 ////; 
ttag +5 ////; 
ttag +6 ////; 
ttag +7 ////; 
ttag +8 ////; 
ttag +9 ////; 
ttag +10 ////; 
ttag +11 ////; 
ttag +12 ////; 
ttag +13 ////; 
ttag +14 ////; 
ttag +15 ////; 
ttag +16 ////; 
ttag +17 ////; 
ttag +18 ////; 
ttag +19 ////; 
ttag +20 ////; 
ttag +21 ////; 
ttag +22 ////; 
ttag +23 ////; 
ttag +24 ////; 
ttag +25 ////; 
ttag +26 ////; 
ttag +27 ////; 
ttag +28 ////; 
ttag +29 ////; 
ttag +30 ////; 
ttag +31 ////; 
ttag +32 ////; 
ttag +33 ////; 
ttag +34 ////; 
ttag +35 ////; 
ttag +36 ////; 
ttag +37 ////; 
ttag +38 ////; 
ttag +39 ////; 
ttag +40 ////; 
ttag +41 ////; 
ttag +42 ////; 
ttag +43 ////; 
ttag +44 ////; 
ttag +45 ////; 
ttag +46 ////; 
ttag +47 ////; 
ttag +48 ////; 
ttag +49 100/100/100/100/100; 
ttag +50 96/95/90/97/89; 
ttag +51 88/84/80/90/82; 
ttag +52 49/33/36/40/32; 
ttag +53 2/[16]/?/?/?; 
ttag +54 2/[16]/?/?/?; 
ttag +55 17/[1]/?/2/?; 
ttag +56 83/81/72/86/72; 
ttag +57 30/22/14/18/22; 
ttag +58 34/14/?/5/5; 
ttag +59 52/30/18/22/21; 
ttag +60 85/82/75/85/78; 
ttag +61 25/12/8/11/14; 
ttag +62 12/[12]/?/?/?; 
ttag +63 22/3/1/?/?; 
ttag +64 50/36/34/34/32; 
ttag +65 96/95/92/97/93; 
ttag +66 75/70/59/74/64; 
ttag +67 98/98/95/99/97; 
ttag +68 79/72/66/69/70; 
ttag +69 100/100/100/100/99; 
ttag +70 66/47/48/54/52; 
ttag +71 85/82/75/83/81; 
ttag +72 81/76/67/78/62; 
ttag +73 98/97/90/97/88; 
ttag +74 88/84/76/90/79; 
ttag +75 32/[14]/?/?/?; 
ttag +76 55/48/36/49/36; 
ttag +77 99/99/97/100/98; 
ttag +78 4/[20]/?/?/?; 
ttag +79 6/[18]/?/?/?; 
ttag +80 74/68/60/73/59; 
ttag +81 99/98/97/99/96; 
ttag +82 66/63/48/69/57; 
ttag +83 86/82/74/89/79; 
ttag +84 50/34/17/36/35; 
ttag +85 70/59/44/64/53; 
ttag +86 91/89/80/90/87; 
ttag +87 52/27/23/32/28; 
ttag +88 92/91/86/93/86; 
ttag +89 44/29/29/43/35; 
ttag +90 83/78/71/79/68; 
ttag +91 100/100/100/100/99; 
ttag +92 60/49/41/55/44; 
ttag +93 61/52/36/46/31; 
ttag +94 11/[19]/?/?/?; 
