tread
'Tree with tags' 
(0 ((1 (2 3 ))(4 5 11 ((6 7 )(8 (9 10 )))((12 13 )((14 ((15 (16 17 ))(18 (19 20 ))))(21 ((22 (23 (24 25 )))(26 27 (28 (29 (30 31 ))((32 ((33 34 )(35 (36 (39 (37 38 ))))))((40 (41 (42 43 )))(45 46 (44 47 ))))))))))))); 
ttag *!; 
ttag +49 1; 
ttag +50 ???; 
ttag +51 9; 
ttag +52 4; 
ttag +53 2; 
ttag +54 4; 
ttag +55 7; 
ttag +56 4; 
ttag +57 1; 
ttag +58 2; 
ttag +59 1; 
ttag +60 1; 
ttag +61 5; 
ttag +62 1; 
ttag +63 4; 
ttag +64 4; 
ttag +65 12; 
ttag +66 2; 
ttag +67 2; 
ttag +68 1; 
ttag +69 5; 
ttag +70 5; 
ttag +71 6; 
ttag +72 4; 
ttag +73 4; 
ttag +74 4; 
ttag +75 10; 
ttag +76 2; 
ttag +77 3; 
ttag +78 1; 
ttag +79 2; 
ttag +80 1; 
ttag +81 4; 
ttag +82 9; 
ttag +83 3; 
ttag +84 3; 
ttag +85 2; 
ttag +86 11; 
ttag +87 1; 
ttag +88 6; 
tread
'Tree with tags' 
(0 ((1 (2 3 ))(4 ((5 (11 ((12 13 )((14 ((15 (16 17 ))(18 (19 20 ))))(21 ((22 (23 (24 25 )))((26 27 )(28 ((29 (30 31 ))((32 ((33 34 )(35 (36 (39 (37 38 ))))))((40 (41 (42 43 )))(45 (46 (44 47 ))))))))))))))((6 7 )(8 (9 10 ))))))); 
ttag *!; 
ttag +0 ////; 
ttag +1 ////; 
ttag +2 ////; 
ttag +3 ////; 
ttag +4 ////; 
ttag +5 ////; 
ttag +6 ////; 
ttag +7 ////; 
ttag +8 ////; 
ttag +9 ////; 
ttag +10 ////; 
ttag +11 ////; 
ttag +12 ////; 
ttag +13 ////; 
ttag +14 ////; 
ttag +15 ////; 
ttag +16 ////; 
ttag +17 ////; 
ttag +18 ////; 
ttag +19 ////; 
ttag +20 ////; 
ttag +21 ////; 
ttag +22 ////; 
ttag +23 ////; 
ttag +24 ////; 
ttag +25 ////; 
ttag +26 ////; 
ttag +27 ////; 
ttag +28 ////; 
ttag +29 ////; 
ttag +30 ////; 
ttag +31 ////; 
ttag +32 ////; 
ttag +33 ////; 
ttag +34 ////; 
ttag +35 ////; 
ttag +36 ////; 
ttag +37 ////; 
ttag +38 ////; 
ttag +39 ////; 
ttag +40 ////; 
ttag +41 ////; 
ttag +42 ////; 
ttag +43 ////; 
ttag +44 ////; 
ttag +45 ////; 
ttag +46 ////; 
ttag +47 ////; 
ttag +48 ////; 
ttag +49 55/30/26/26/14; 
ttag +50 100/100/100/100/100; 
ttag +51 98/98/94/98/95; 
ttag +52 80/78/66/79/56; 
ttag +53 23/[20]/?/?/?; 
ttag +54 14/[28]/?/?/?; 
ttag +55 84/84/75/85/77; 
ttag +56 90/88/76/83/77; 
ttag +57 100/100/99/99/99; 
ttag +58 94/90/86/88/76; 
ttag +59 44/34/26/28/22; 
ttag +60 21/12/?/15/1; 
ttag +61 53/50/32/49/34; 
ttag +62 35/22/15/28/18; 
ttag +63 33/25/16/29/11; 
ttag +64 98/97/95/98/95; 
ttag +65 64/53/45/56/44; 
ttag +66 98/98/93/97/96; 
ttag +67 95/95/90/95/90; 
ttag +68 100/100/99/100/100; 
ttag +69 56/47/39/50/40; 
ttag +70 82/76/66/78/62; 
ttag +71 68/62/46/56/50; 
ttag +72 97/96/94/96/90; 
ttag +73 96/94/81/94/92; 
ttag +74 35/[1]/3/?/10; 
ttag +75 92/88/77/91/74; 
ttag +76 86/84/71/84/64; 
ttag +77 93/92/79/90/80; 
ttag +78 23/[16]/?/?/0; 
ttag +79 93/92/86/93/90; 
ttag +80 99/98/96/99/94; 
ttag +81 70/67/48/71/51; 
ttag +82 65/50/48/60/47; 
ttag +83 55/47/34/53/36; 
ttag +84 79/70/68/66/55; 
ttag +85 62/54/43/48/39; 
ttag +86 95/94/90/96/89; 
ttag +87 98/98/95/98/93; 
ttag +88 76/72/64/66/60; 
ttag +89 77/74/60/71/61; 
ttag +90 58/34/33/43/30; 
ttag +91 100/100/99/100/99; 
ttag +92 65/54/41/51/42; 
ttag +93 24/[16]/?/?/?; 
ttag +94 98/97/92/98/94; 
