tread
'Tree with tags' 
(0 (1 ((2 3 )(4 (5 ((6 7 )(9 (8 10 ))(11 (((12 13 )((22 (23 (24 25 )))(26 (27 (28 ((29 (30 31 ))((32 (35 (33 34 )))(36 (37 (38 39 ))))(40 41 (42 43 ))(44 45 46 47 )))))))(21 (14 ((15 (16 17 ))(18 (19 20 ))))))))))))); 
ttag *!; 
ttag +49 ???; 
ttag +50 6; 
ttag +51 5; 
ttag +52 3; 
ttag +53 1; 
ttag +54 1; 
ttag +55 1; 
ttag +56 1; 
ttag +57 7; 
ttag +58 1; 
ttag +59 1; 
ttag +60 1; 
ttag +61 1; 
ttag +62 1; 
ttag +63 2; 
ttag +64 7; 
ttag +65 2; 
ttag +66 4; 
ttag +67 1; 
ttag +68 4; 
ttag +69 5; 
ttag +70 6; 
ttag +71 5; 
ttag +72 5; 
ttag +73 6; 
ttag +74 2; 
ttag +75 2; 
ttag +76 4; 
ttag +77 1; 
ttag +78 1; 
ttag +79 1; 
ttag +80 2; 
ttag +81 4; 
ttag +82 1; 
ttag +83 6; 
ttag +84 5; 
ttag +85 4; 
ttag +86 6; 
ttag +87 10; 
ttag +88 2; 
tread
'Tree with tags' 
(0 (1 ((2 3 )(4 (5 (((6 7 )(9 (8 10 )))(11 (((12 13 )((22 (23 (24 25 )))(26 (27 (28 (((29 (30 31 ))((40 41 )(42 43 )))(((32 (35 (33 34 )))(36 (37 (38 39 ))))(47 (44 (45 46 ))))))))))(21 (14 ((15 (16 17 ))(18 (19 20 ))))))))))))); 
ttag *!; 
ttag +0 ////; 
ttag +1 ////; 
ttag +2 ////; 
ttag +3 ////; 
ttag +4 ////; 
ttag +5 ////; 
ttag +6 ////; 
ttag +7 ////; 
ttag +8 ////; 
ttag +9 ////; 
ttag +10 ////; 
ttag +11 ////; 
ttag +12 ////; 
ttag +13 ////; 
ttag +14 ////; 
ttag +15 ////; 
ttag +16 ////; 
ttag +17 ////; 
ttag +18 ////; 
ttag +19 ////; 
ttag +20 ////; 
ttag +21 ////; 
ttag +22 ////; 
ttag +23 ////; 
ttag +24 ////; 
ttag +25 ////; 
ttag +26 ////; 
ttag +27 ////; 
ttag +28 ////; 
ttag +29 ////; 
ttag +30 ////; 
ttag +31 ////; 
ttag +32 ////; 
ttag +33 ////; 
ttag +34 ////; 
ttag +35 ////; 
ttag +36 ////; 
ttag +37 ////; 
ttag +38 ////; 
ttag +39 ////; 
ttag +40 ////; 
ttag +41 ////; 
ttag +42 ////; 
ttag +43 ////; 
ttag +44 ////; 
ttag +45 ////; 
ttag +46 ////; 
ttag +47 ////; 
ttag +48 ////; 
ttag +49 100/100/100/100/100; 
ttag +50 96/94/90/98/90; 
ttag +51 95/94/84/92/84; 
ttag +52 72/56/42/58/44; 
ttag +53 53/31/33/30/36; 
ttag +54 36/16/2/25/10; 
ttag +55 14/0/2/2/?; 
ttag +56 29/4/3/2/8; 
ttag +57 20/[6]/?/?/?; 
ttag +58 100/100/97/99/96; 
ttag +59 8/[16]/?/?/?; 
ttag +60 5/[22]/?/?/?; 
ttag +61 3/[24]/?/?/?; 
ttag +62 12/[15]/?/?/?; 
ttag +63 40/21/14/34/8; 
ttag +64 26/12/9/22/9; 
ttag +65 98/98/93/99/91; 
ttag +66 66/52/50/62/53; 
ttag +67 95/92/85/89/83; 
ttag +68 71/56/49/49/55; 
ttag +69 96/96/94/94/95; 
ttag +70 98/97/95/96/91; 
ttag +71 87/86/70/88/76; 
ttag +72 96/95/89/96/88; 
ttag +73 97/97/98/99/99; 
ttag +74 97/96/93/97/87; 
ttag +75 56/44/28/44/28; 
ttag +76 50/42/34/52/32; 
ttag +77 88/86/75/86/75; 
ttag +78 13/[22]/?/?/?; 
ttag +79 70/65/50/66/50; 
ttag +80 71/60/52/66/59; 
ttag +81 46/19/12/24/22; 
ttag +82 86/85/77/86/80; 
ttag +83 26/[8]/?/?/?; 
ttag +84 81/74/60/82/64; 
ttag +85 57/49/38/52/34; 
ttag +86 98/98/91/96/91; 
ttag +87 96/96/92/95/90; 
ttag +88 94/93/86/92/85; 
ttag +89 46/12/12/12/10; 
ttag +90 97/96/92/96/93; 
ttag +91 100/100/100/100/99; 
ttag +92 14/[37]/?/?/?; 
ttag +93 73/67/59/73/51; 
ttag +94 16/[35]/?/?/?; 
