tread
'Tree with tags' 
(0 (1 ((2 3 )(5 6 7 13 (4 11 12 (14 (15 (16 17 ))(18 (19 20 ))(21 ((22 (23 (24 25 )))(26 (27 (28 ((29 (30 31 ))((((32 (35 (36 (38 (37 39 )))))(33 34 ))(44 45 46 47 ))(40 41 (42 43 )))))))))))(8 9 10 ))))); 
ttag *!; 
ttag +49 ???; 
ttag +50 9; 
ttag +51 6; 
ttag +52 1; 
ttag +53 3; 
ttag +54 9; 
ttag +55 4; 
ttag +56 6; 
ttag +57 4; 
ttag +58 5; 
ttag +59 4; 
ttag +60 1; 
ttag +61 3; 
ttag +62 4; 
ttag +63 8; 
ttag +64 5; 
ttag +65 2; 
ttag +66 4; 
ttag +67 4; 
ttag +68 9; 
ttag +69 5; 
ttag +70 4; 
ttag +71 1; 
ttag +72 3; 
ttag +73 1; 
ttag +74 5; 
ttag +75 2; 
ttag +76 3; 
ttag +77 4; 
ttag +78 1; 
ttag +79 6; 
ttag +80 3; 
ttag +81 7; 
ttag +82 2; 
tread
'Tree with tags' 
(0 (1 ((2 3 )(5 (13 ((11 (4 (12 (((14 (15 (16 17 )))(21 ((22 (23 (24 25 )))(26 (27 (28 ((29 (30 31 ))((((32 (35 (36 (38 (37 39 )))))(33 34 ))(46 (47 (44 45 ))))((40 41 )(42 43 ))))))))))(18 (19 20 ))))))(7 (6 (8 (9 10 )))))))))); 
ttag *!; 
ttag +0 ////; 
ttag +1 ////; 
ttag +2 ////; 
ttag +3 ////; 
ttag +4 ////; 
ttag +5 ////; 
ttag +6 ////; 
ttag +7 ////; 
ttag +8 ////; 
ttag +9 ////; 
ttag +10 ////; 
ttag +11 ////; 
ttag +12 ////; 
ttag +13 ////; 
ttag +14 ////; 
ttag +15 ////; 
ttag +16 ////; 
ttag +17 ////; 
ttag +18 ////; 
ttag +19 ////; 
ttag +20 ////; 
ttag +21 ////; 
ttag +22 ////; 
ttag +23 ////; 
ttag +24 ////; 
ttag +25 ////; 
ttag +26 ////; 
ttag +27 ////; 
ttag +28 ////; 
ttag +29 ////; 
ttag +30 ////; 
ttag +31 ////; 
ttag +32 ////; 
ttag +33 ////; 
ttag +34 ////; 
ttag +35 ////; 
ttag +36 ////; 
ttag +37 ////; 
ttag +38 ////; 
ttag +39 ////; 
ttag +40 ////; 
ttag +41 ////; 
ttag +42 ////; 
ttag +43 ////; 
ttag +44 ////; 
ttag +45 ////; 
ttag +46 ////; 
ttag +47 ////; 
ttag +48 ////; 
ttag +49 100/100/100/100/100; 
ttag +50 100/100/100/99/99; 
ttag +51 95/93/94/95/92; 
ttag +52 8/[10]/?/?/?; 
ttag +53 18/0/?/13/?; 
ttag +54 15/[4]/?/4/?; 
ttag +55 12/[6]/?/2/?; 
ttag +56 66/46/38/55/37; 
ttag +57 4/[40]/?/?/?; 
ttag +58 15/1/6/7/8; 
ttag +59 100/100/99/100/98; 
ttag +60 39/21/14/23/19; 
ttag +61 17/0/1/2/2; 
ttag +62 39/28/26/25/23; 
ttag +63 10/[23]/?/?/?; 
ttag +64 71/68/58/75/58; 
ttag +65 97/96/98/97/92; 
ttag +66 94/93/92/93/86; 
ttag +67 97/96/88/95/92; 
ttag +68 94/94/89/94/92; 
ttag +69 49/42/26/48/33; 
ttag +70 68/62/54/67/48; 
ttag +71 72/68/58/76/56; 
ttag +72 98/98/96/98/94; 
ttag +73 94/90/83/96/81; 
ttag +74 56/50/42/56/42; 
ttag +75 73/67/64/73/60; 
ttag +76 84/78/69/84/66; 
ttag +77 99/98/97/100/96; 
ttag +78 90/89/83/94/78; 
ttag +79 91/88/80/90/78; 
ttag +80 31/18/7/25/9; 
ttag +81 79/76/70/78/63; 
ttag +82 52/41/36/40/28; 
ttag +83 94/94/79/93/78; 
ttag +84 62/53/42/60/50; 
ttag +85 88/86/70/87/73; 
ttag +86 78/74/62/74/66; 
ttag +87 54/32/25/34/19; 
ttag +88 92/89/74/86/80; 
ttag +89 38/26/13/21/16; 
ttag +90 84/79/72/88/77; 
ttag +91 100/100/99/100/100; 
ttag +92 21/[22]/?/?/?; 
ttag +93 44/16/10/11/12; 
ttag +94 68/61/54/66/57; 
