tread
'Tree with tags' 
(0 (1 (2 3 4 5 6 7 11 12 13 14 21 (8 (9 10 ))((15 16 17 )(18 (19 20 )))(22 (23 (24 25 )))(26 (27 (28 ((29 (30 31 ))((32 33 34 (35 (36 (37 38 39 ))))(((40 41 )(42 43 ))(46 (47 (44 45 )))))))))))); 
ttag *!; 
ttag +49 ???; 
ttag +50 5; 
ttag +51 12; 
ttag +52 4; 
ttag +53 9; 
ttag +54 4; 
ttag +55 3; 
ttag +56 8; 
ttag +57 2; 
ttag +58 4; 
ttag +59 11; 
ttag +60 5; 
ttag +61 2; 
ttag +62 2; 
ttag +63 6; 
ttag +64 5; 
ttag +65 7; 
ttag +66 2; 
ttag +67 2; 
ttag +68 2; 
ttag +69 4; 
ttag +70 9; 
ttag +71 1; 
ttag +72 4; 
ttag +73 5; 
ttag +74 4; 
ttag +75 2; 
ttag +76 2; 
ttag +77 2; 
tread
'Tree with tags' 
(0 (1 ((2 3 )((4 5 )((6 7 )((8 (9 10 ))(11 (12 (14 ((13 ((15 (16 17 ))(18 (19 20 ))))(21 ((22 (23 (24 25 )))(26 (27 (28 ((29 (30 31 ))((33 (34 (32 (35 (36 (38 (37 39 )))))))(((40 41 )(42 43 ))(46 (47 (44 45 ))))))))))))))))))))); 
ttag *!; 
ttag +0 ////; 
ttag +1 ////; 
ttag +2 ////; 
ttag +3 ////; 
ttag +4 ////; 
ttag +5 ////; 
ttag +6 ////; 
ttag +7 ////; 
ttag +8 ////; 
ttag +9 ////; 
ttag +10 ////; 
ttag +11 ////; 
ttag +12 ////; 
ttag +13 ////; 
ttag +14 ////; 
ttag +15 ////; 
ttag +16 ////; 
ttag +17 ////; 
ttag +18 ////; 
ttag +19 ////; 
ttag +20 ////; 
ttag +21 ////; 
ttag +22 ////; 
ttag +23 ////; 
ttag +24 ////; 
ttag +25 ////; 
ttag +26 ////; 
ttag +27 ////; 
ttag +28 ////; 
ttag +29 ////; 
ttag +30 ////; 
ttag +31 ////; 
ttag +32 ////; 
ttag +33 ////; 
ttag +34 ////; 
ttag +35 ////; 
ttag +36 ////; 
ttag +37 ////; 
ttag +38 ////; 
ttag +39 ////; 
ttag +40 ////; 
ttag +41 ////; 
ttag +42 ////; 
ttag +43 ////; 
ttag +44 ////; 
ttag +45 ////; 
ttag +46 ////; 
ttag +47 ////; 
ttag +48 ////; 
ttag +49 100/100/100/100/100; 
ttag +50 72/56/59/43/48; 
ttag +51 94/92/84/96/81; 
ttag +52 30/14/16/22/14; 
ttag +53 41/20/30/37/30; 
ttag +54 22/13/18/4/16; 
ttag +55 5/[14]/?/?/?; 
ttag +56 100/100/100/100/100; 
ttag +57 5/[14]/?/?/?; 
ttag +58 94/90/83/88/86; 
ttag +59 7/[12]/?/?/?; 
ttag +60 38/26/19/28/17; 
ttag +61 15/[6]/?/?/2; 
ttag +62 1/[20]/?/?/?; 
ttag +63 14/[7]/?/?/?; 
ttag +64 99/98/96/100/98; 
ttag +65 80/76/53/77/58; 
ttag +66 31/[12]/2/?/0; 
ttag +67 95/94/87/97/85; 
ttag +68 100/100/97/100/96; 
ttag +69 2/[13]/?/?/?; 
ttag +70 80/76/61/75/50; 
ttag +71 13/[2]/4/?/3; 
ttag +72 93/90/77/94/87; 
ttag +73 100/100/99/100/100; 
ttag +74 97/97/92/98/90; 
ttag +75 81/77/53/76/60; 
ttag +76 72/62/61/76/58; 
ttag +77 96/96/89/98/94; 
ttag +78 96/95/92/95/91; 
ttag +79 100/100/98/100/99; 
ttag +80 36/21/17/26/18; 
ttag +81 48/20/10/26/22; 
ttag +82 79/74/57/77/59; 
ttag +83 73/65/54/68/46; 
ttag +84 76/74/66/79/72; 
ttag +85 92/87/82/93/86; 
ttag +86 38/[5]/?/?/?; 
ttag +87 100/100/98/99/97; 
ttag +88 46/18/21/23/11; 
ttag +89 90/87/80/77/81; 
ttag +90 92/90/86/95/86; 
ttag +91 96/94/86/94/82; 
ttag +92 40/24/18/27/18; 
ttag +93 32/17/10/14/12; 
ttag +94 70/54/34/48/40; 
