tread
'Tree with tags' 
(0 (1 ((2 3 )(4 11 (5 (6 7 )(8 (9 10 ))(((12 13 )(14 ((15 (16 17 ))(18 (19 20 )))))(21 ((22 (23 (24 25 )))(26 (27 ((28 (45 (44 (40 (41 (42 43 )))(46 47 ))))((29 (30 31 ))(33 34 (32 (35 (36 (37 38 39 ))))))))))))))))); 
ttag *!; 
ttag +49 ???; 
ttag +50 6; 
ttag +51 5; 
ttag +52 3; 
ttag +53 1; 
ttag +54 1; 
ttag +55 9; 
ttag +56 4; 
ttag +57 3; 
ttag +58 2; 
ttag +59 4; 
ttag +60 4; 
ttag +61 6; 
ttag +62 9; 
ttag +63 3; 
ttag +64 5; 
ttag +65 8; 
ttag +66 3; 
ttag +67 7; 
ttag +68 5; 
ttag +69 10; 
ttag +70 5; 
ttag +71 5; 
ttag +72 2; 
ttag +73 2; 
ttag +74 5; 
ttag +75 3; 
ttag +76 1; 
ttag +77 3; 
ttag +78 2; 
ttag +79 5; 
ttag +80 2; 
ttag +81 4; 
ttag +82 7; 
ttag +83 4; 
ttag +84 1; 
ttag +85 4; 
ttag +86 4; 
ttag +87 8; 
ttag +88 1; 
tread
'Tree with tags' 
(0 (1 ((2 3 )(4 (11 (((5 (((12 13 )(14 ((15 (16 17 ))(18 (19 20 )))))(21 ((22 (23 (24 25 )))(26 (27 ((28 (45 (44 ((40 (41 (42 43 )))(46 47 )))))((29 (30 31 ))(34 (33 (32 (35 (36 (37 (38 39 )))))))))))))))(8 (9 10 )))(6 7 ))))))); 
ttag *!; 
ttag +0 ////; 
ttag +1 ////; 
ttag +2 ////; 
ttag +3 ////; 
ttag +4 ////; 
ttag +5 ////; 
ttag +6 ////; 
ttag +7 ////; 
ttag +8 ////; 
ttag +9 ////; 
ttag +10 ////; 
ttag +11 ////; 
ttag +12 ////; 
ttag +13 ////; 
ttag +14 ////; 
ttag +15 ////; 
ttag +16 ////; 
ttag +17 ////; 
ttag +18 ////; 
ttag +19 ////; 
ttag +20 ////; 
ttag +21 ////; 
ttag +22 ////; 
ttag +23 ////; 
ttag +24 ////; 
ttag +25 ////; 
ttag +26 ////; 
ttag +27 ////; 
ttag +28 ////; 
ttag +29 ////; 
ttag +30 ////; 
ttag +31 ////; 
ttag +32 ////; 
ttag +33 ////; 
ttag +34 ////; 
ttag +35 ////; 
ttag +36 ////; 
ttag +37 ////; 
ttag +38 ////; 
ttag +39 ////; 
ttag +40 ////; 
ttag +41 ////; 
ttag +42 ////; 
ttag +43 ////; 
ttag +44 ////; 
ttag +45 ////; 
ttag +46 ////; 
ttag +47 ////; 
ttag +48 ////; 
ttag +49 100/100/100/100/100; 
ttag +50 99/98/94/98/93; 
ttag +51 90/86/74/92/78; 
ttag +52 85/78/68/80/68; 
ttag +53 17/8/8/8/2; 
ttag +54 4/[27]/?/?/?; 
ttag +55 28/18/5/19/11; 
ttag +56 42/26/18/32/26; 
ttag +57 52/40/38/46/34; 
ttag +58 99/99/100/99/100; 
ttag +59 99/99/98/99/96; 
ttag +60 74/64/54/70/51; 
ttag +61 68/62/43/68/34; 
ttag +62 78/76/60/79/64; 
ttag +63 84/82/69/84/71; 
ttag +64 96/95/90/96/90; 
ttag +65 96/94/91/96/91; 
ttag +66 86/82/77/86/76; 
ttag +67 96/96/94/97/95; 
ttag +68 100/100/100/100/99; 
ttag +69 86/82/72/86/77; 
ttag +70 98/98/94/97/90; 
ttag +71 88/85/81/92/82; 
ttag +72 99/99/100/100/99; 
ttag +73 96/96/89/95/90; 
ttag +74 90/89/76/92/77; 
ttag +75 53/20/16/30/8; 
ttag +76 36/16/2/27/12; 
ttag +77 85/82/73/81/70; 
ttag +78 86/83/70/88/74; 
ttag +79 32/16/7/31/10; 
ttag +80 84/80/65/81/70; 
ttag +81 63/54/47/65/56; 
ttag +82 26/[13]/?/?/?; 
ttag +83 88/87/82/95/80; 
ttag +84 85/83/72/78/74; 
ttag +85 90/86/76/89/86; 
ttag +86 100/100/96/100/99; 
ttag +87 31/[4]/8/?/3; 
ttag +88 82/77/60/77/62; 
ttag +89 7/[2]/?/?/1; 
ttag +90 25/0/?/?/0; 
ttag +91 68/64/45/66/52; 
ttag +92 74/61/48/70/39; 
ttag +93 100/100/95/98/97; 
ttag +94 30/19/19/22/16; 
