tread
'Tree with tags' 
(0 (1 ((2 3 )(4 (5 (11 (6 (7 (8 (9 10 ))))((12 13 )((14 ((15 (16 17 ))(18 (19 20 ))))(21 ((22 (23 (24 25 )))(26 (27 (28 (29 (30 31 ))((32 ((33 34 )(35 36 (39 (37 38 )))))((40 (41 (42 43 )))(47 (44 45 46 ))))))))))))))))); 
ttag *!; 
ttag +49 ???; 
ttag +50 6; 
ttag +51 2; 
ttag +52 6; 
ttag +53 1; 
ttag +54 1; 
ttag +55 1; 
ttag +56 1; 
ttag +57 12; 
ttag +58 4; 
ttag +59 2; 
ttag +60 2; 
ttag +61 1; 
ttag +62 2; 
ttag +63 4; 
ttag +64 1; 
ttag +65 2; 
ttag +66 4; 
ttag +67 14; 
ttag +68 1; 
ttag +69 1; 
ttag +70 6; 
ttag +71 1; 
ttag +72 5; 
ttag +73 7; 
ttag +74 2; 
ttag +75 3; 
ttag +76 3; 
ttag +77 2; 
ttag +78 5; 
ttag +79 2; 
ttag +80 4; 
ttag +81 2; 
ttag +82 4; 
ttag +83 1; 
ttag +84 10; 
ttag +85 3; 
ttag +86 2; 
ttag +87 4; 
ttag +88 9; 
ttag +89 2; 
ttag +90 7; 
tread
'Tree with tags' 
(0 (1 ((2 3 )(4 (5 ((6 (7 (8 (9 10 ))))(11 ((12 13 )((14 ((15 (16 17 ))(18 (19 20 ))))(21 ((22 (23 (24 25 )))(26 (27 (28 ((29 (30 31 ))((32 ((33 34 )(36 (35 (39 (37 38 ))))))((40 (41 (42 43 )))(47 (46 (44 45 )))))))))))))))))))); 
ttag *!; 
ttag +0 ////; 
ttag +1 ////; 
ttag +2 ////; 
ttag +3 ////; 
ttag +4 ////; 
ttag +5 ////; 
ttag +6 ////; 
ttag +7 ////; 
ttag +8 ////; 
ttag +9 ////; 
ttag +10 ////; 
ttag +11 ////; 
ttag +12 ////; 
ttag +13 ////; 
ttag +14 ////; 
ttag +15 ////; 
ttag +16 ////; 
ttag +17 ////; 
ttag +18 ////; 
ttag +19 ////; 
ttag +20 ////; 
ttag +21 ////; 
ttag +22 ////; 
ttag +23 ////; 
ttag +24 ////; 
ttag +25 ////; 
ttag +26 ////; 
ttag +27 ////; 
ttag +28 ////; 
ttag +29 ////; 
ttag +30 ////; 
ttag +31 ////; 
ttag +32 ////; 
ttag +33 ////; 
ttag +34 ////; 
ttag +35 ////; 
ttag +36 ////; 
ttag +37 ////; 
ttag +38 ////; 
ttag +39 ////; 
ttag +40 ////; 
ttag +41 ////; 
ttag +42 ////; 
ttag +43 ////; 
ttag +44 ////; 
ttag +45 ////; 
ttag +46 ////; 
ttag +47 ////; 
ttag +48 ////; 
ttag +49 100/100/100/100/100; 
ttag +50 99/98/96/100/99; 
ttag +51 75/66/46/66/55; 
ttag +52 94/92/92/96/92; 
ttag +53 41/27/17/25/22; 
ttag +54 47/34/31/28/26; 
ttag +55 65/58/47/48/40; 
ttag +56 58/51/40/47/38; 
ttag +57 100/100/100/100/100; 
ttag +58 94/92/90/91/84; 
ttag +59 23/[18]/?/?/?; 
ttag +60 68/62/54/64/51; 
ttag +61 70/66/48/70/50; 
ttag +62 38/8/1/23/5; 
ttag +63 67/64/40/60/36; 
ttag +64 92/92/83/93/88; 
ttag +65 42/12/10/32/12; 
ttag +66 76/64/50/66/54; 
ttag +67 86/81/70/88/69; 
ttag +68 100/100/100/100/100; 
ttag +69 30/0/2/18/4; 
ttag +70 62/48/49/41/36; 
ttag +71 93/92/71/88/78; 
ttag +72 56/39/35/47/43; 
ttag +73 98/97/96/98/94; 
ttag +74 98/98/90/97/88; 
ttag +75 77/74/50/78/55; 
ttag +76 81/78/63/85/65; 
ttag +77 94/92/87/94/90; 
ttag +78 39/6/5/?/?; 
ttag +79 92/91/82/88/83; 
ttag +80 96/95/83/95/84; 
ttag +81 78/75/52/73/56; 
ttag +82 94/92/72/89/70; 
ttag +83 86/84/70/82/68; 
ttag +84 27/6/?/?/?; 
ttag +85 86/81/72/85/70; 
ttag +86 60/53/40/56/50; 
ttag +87 98/98/98/98/98; 
ttag +88 85/83/76/84/73; 
ttag +89 66/58/45/59/41; 
ttag +90 91/90/83/92/82; 
ttag +91 100/100/99/99/100; 
ttag +92 32/0/?/?/?; 
ttag +93 85/83/79/81/72; 
ttag +94 99/99/94/99/97; 
