tread
'Tree with tags' 
(0 (1 ((2 3 )(4 5 11 12 13 (6 7 (8 9 10 ))(14 21 26 27 28 ((15 (16 17 ))(18 (19 20 )))(22 23 (24 25 ))(46 47 (44 (45 (((29 (30 31 ))((40 41 )(42 43 )))(32 ((33 34 )(35 (36 (37 (38 39 ))))))))))))))); 
ttag *!; 
ttag +49 ???; 
ttag +50 3; 
ttag +51 2; 
ttag +52 9; 
ttag +53 1; 
ttag +54 8; 
ttag +55 2; 
ttag +56 7; 
ttag +57 1; 
ttag +58 4; 
ttag +59 2; 
ttag +60 10; 
ttag +61 1; 
ttag +62 4; 
ttag +63 10; 
ttag +64 1; 
ttag +65 1; 
ttag +66 1; 
ttag +67 1; 
ttag +68 3; 
ttag +69 3; 
ttag +70 9; 
ttag +71 3; 
ttag +72 3; 
ttag +73 4; 
ttag +74 7; 
ttag +75 7; 
ttag +76 2; 
ttag +77 1; 
ttag +78 1; 
ttag +79 9; 
tread
'Tree with tags' 
(0 (1 ((2 3 )(4 ((5 ((6 7 )(10 (8 9 ))))(11 ((12 13 )((14 ((15 (16 17 ))(18 (19 20 ))))(21 ((22 (23 (24 25 )))(26 (27 (28 (46 (47 (44 (45 (((29 (30 31 ))((40 41 )(42 43 )))(32 ((33 34 )(35 (36 (37 (38 39 )))))))))))))))))))))))); 
ttag *!; 
ttag +0 ////; 
ttag +1 ////; 
ttag +2 ////; 
ttag +3 ////; 
ttag +4 ////; 
ttag +5 ////; 
ttag +6 ////; 
ttag +7 ////; 
ttag +8 ////; 
ttag +9 ////; 
ttag +10 ////; 
ttag +11 ////; 
ttag +12 ////; 
ttag +13 ////; 
ttag +14 ////; 
ttag +15 ////; 
ttag +16 ////; 
ttag +17 ////; 
ttag +18 ////; 
ttag +19 ////; 
ttag +20 ////; 
ttag +21 ////; 
ttag +22 ////; 
ttag +23 ////; 
ttag +24 ////; 
ttag +25 ////; 
ttag +26 ////; 
ttag +27 ////; 
ttag +28 ////; 
ttag +29 ////; 
ttag +30 ////; 
ttag +31 ////; 
ttag +32 ////; 
ttag +33 ////; 
ttag +34 ////; 
ttag +35 ////; 
ttag +36 ////; 
ttag +37 ////; 
ttag +38 ////; 
ttag +39 ////; 
ttag +40 ////; 
ttag +41 ////; 
ttag +42 ////; 
ttag +43 ////; 
ttag +44 ////; 
ttag +45 ////; 
ttag +46 ////; 
ttag +47 ////; 
ttag +48 ////; 
ttag +49 100/100/100/100/100; 
ttag +50 77/68/60/78/68; 
ttag +51 74/65/69/68/62; 
ttag +52 100/100/98/98/99; 
ttag +53 15/[8]/?/?/?; 
ttag +54 10/[10]/?/?/?; 
ttag +55 33/24/17/22/20; 
ttag +56 33/24/12/19/15; 
ttag +57 32/[9]/?/?/?; 
ttag +58 99/99/98/100/98; 
ttag +59 2/[20]/?/?/?; 
ttag +60 58/37/32/30/19; 
ttag +61 6/[14]/?/?/?; 
ttag +62 26/12/5/6/5; 
ttag +63 32/22/17/24/16; 
ttag +64 99/99/96/100/95; 
ttag +65 50/42/38/33/37; 
ttag +66 98/97/96/97/91; 
ttag +67 85/82/78/90/79; 
ttag +68 100/100/100/100/100; 
ttag +69 15/0/?/0/?; 
ttag +70 74/60/60/66/52; 
ttag +71 43/31/14/22/19; 
ttag +72 37/17/11/16/21; 
ttag +73 93/91/89/95/82; 
ttag +74 73/60/68/54/65; 
ttag +75 15/[22]/?/?/?; 
ttag +76 25/[12]/3/?/?; 
ttag +77 99/99/95/98/95; 
ttag +78 28/[1]/?/?/?; 
ttag +79 31/13/8/25/12; 
ttag +80 20/[2]/4/12/3; 
ttag +81 28/10/10/26/14; 
ttag +82 42/24/18/30/27; 
ttag +83 84/81/72/86/77; 
ttag +84 74/66/57/64/60; 
ttag +85 98/96/90/98/89; 
ttag +86 86/83/69/78/72; 
ttag +87 61/42/24/48/34; 
ttag +88 88/85/74/89/78; 
ttag +89 100/100/97/100/97; 
ttag +90 99/99/97/100/97; 
ttag +91 90/90/84/89/84; 
ttag +92 31/16/16/13/20; 
ttag +93 56/42/40/40/44; 
ttag +94 99/99/99/100/98; 
