tread
'Tree with tags' 
(0 (1 ((2 3 )(4 5 11 12 13 14 21 ((6 7 )(8 (9 10 )))(15 (16 17 ))(18 (19 20 ))(22 (23 (24 25 )))(26 27 28 (29 (30 31 ))(((32 ((33 34 )(35 (36 (37 38 39 )))))(40 41 (42 43 )))(47 (44 (45 46 ))))))))); 
ttag *!; 
ttag +49 ???; 
ttag +50 5; 
ttag +51 6; 
ttag +52 6; 
ttag +53 1; 
ttag +54 2; 
ttag +55 4; 
ttag +56 2; 
ttag +57 10; 
ttag +58 3; 
ttag +59 9; 
ttag +60 8; 
ttag +61 2; 
ttag +62 4; 
ttag +63 3; 
ttag +64 3; 
ttag +65 6; 
ttag +66 2; 
ttag +67 3; 
ttag +68 1; 
ttag +69 1; 
ttag +70 2; 
ttag +71 1; 
ttag +72 1; 
ttag +73 2; 
ttag +74 2; 
ttag +75 1; 
ttag +76 6; 
ttag +77 2; 
ttag +78 5; 
ttag +79 1; 
tread
'Tree with tags' 
(0 (1 ((2 3 )(11 (4 (5 (((6 7 )(8 (9 10 )))(((12 13 )(21 ((22 (23 (24 25 )))(((28 (26 27 ))(29 (30 31 )))(((32 ((33 34 )(35 (36 (38 (37 39 ))))))(40 (41 (42 43 ))))(47 (44 (45 46 ))))))))((14 (18 (19 20 )))(15 (16 17 ))))))))))); 
ttag *!; 
ttag +0 ////; 
ttag +1 ////; 
ttag +2 ////; 
ttag +3 ////; 
ttag +4 ////; 
ttag +5 ////; 
ttag +6 ////; 
ttag +7 ////; 
ttag +8 ////; 
ttag +9 ////; 
ttag +10 ////; 
ttag +11 ////; 
ttag +12 ////; 
ttag +13 ////; 
ttag +14 ////; 
ttag +15 ////; 
ttag +16 ////; 
ttag +17 ////; 
ttag +18 ////; 
ttag +19 ////; 
ttag +20 ////; 
ttag +21 ////; 
ttag +22 ////; 
ttag +23 ////; 
ttag +24 ////; 
ttag +25 ////; 
ttag +26 ////; 
ttag +27 ////; 
ttag +28 ////; 
ttag +29 ////; 
ttag +30 ////; 
ttag +31 ////; 
ttag +32 ////; 
ttag +33 ////; 
ttag +34 ////; 
ttag +35 ////; 
ttag +36 ////; 
ttag +37 ////; 
ttag +38 ////; 
ttag +39 ////; 
ttag +40 ////; 
ttag +41 ////; 
ttag +42 ////; 
ttag +43 ////; 
ttag +44 ////; 
ttag +45 ////; 
ttag +46 ////; 
ttag +47 ////; 
ttag +48 ////; 
ttag +49 100/100/100/100/100; 
ttag +50 97/96/96/98/96; 
ttag +51 98/98/94/99/94; 
ttag +52 16/[43]/?/?/?; 
ttag +53 100/100/98/99/98; 
ttag +54 2/[57]/?/?/?; 
ttag +55 46/32/34/35/24; 
ttag +56 40/28/14/20/21; 
ttag +57 1/[35]/?/?/?; 
ttag +58 89/88/82/78/83; 
ttag +59 58/34/20/27/26; 
ttag +60 65/62/57/64/49; 
ttag +61 2/[23]/?/?/?; 
ttag +62 22/4/5/6/4; 
ttag +63 24/[3]/?/?/0; 
ttag +64 49/45/32/45/32; 
ttag +65 100/100/99/100/100; 
ttag +66 82/72/62/70/63; 
ttag +67 100/100/100/100/99; 
ttag +68 100/100/99/100/100; 
ttag +69 9/[5]/?/?/?; 
ttag +70 64/52/32/48/34; 
ttag +71 14/[6]/?/?/?; 
ttag +72 89/86/78/87/78; 
ttag +73 94/90/90/93/91; 
ttag +74 30/18/15/19/9; 
ttag +75 61/55/44/53/46; 
ttag +76 29/16/10/17/13; 
ttag +77 79/77/67/85/69; 
ttag +78 92/89/86/94/83; 
ttag +79 65/39/38/42/20; 
ttag +80 94/94/86/90/82; 
ttag +81 36/21/10/23/10; 
ttag +82 40/25/22/30/17; 
ttag +83 70/62/57/68/54; 
ttag +84 67/52/56/53/56; 
ttag +85 65/51/46/54/49; 
ttag +86 77/72/58/70/60; 
ttag +87 36/0/6/2/11; 
ttag +88 87/83/86/86/87; 
ttag +89 61/46/35/44/34; 
ttag +90 33/[4]/?/?/?; 
ttag +91 99/98/98/99/97; 
ttag +92 63/46/39/50/39; 
ttag +93 95/94/86/94/87; 
ttag +94 42/25/11/25/16; 
