tread
'Tree with tags' 
(0 (1 ((2 3 )(4 ((((5 11 )((6 7 )(8 (9 10 ))))(12 (13 (((14 21 )(15 (16 17 )))(18 (19 20 ))))))((22 (23 (24 25 )))(26 (27 (28 ((29 (30 31 ))((32 ((33 34 )(35 (36 (37 (38 39 ))))))((40 (41 (42 43 )))(44 (45 (46 47 ))))))))))))))); 
ttag *!; 
ttag +49 ???; 
ttag +50 4; 
ttag +51 8; 
ttag +52 5; 
ttag +53 1; 
ttag +54 1; 
ttag +55 1; 
ttag +56 2; 
ttag +57 2; 
ttag +58 1; 
ttag +59 7; 
ttag +60 2; 
ttag +61 1; 
ttag +62 1; 
ttag +63 1; 
ttag +64 1; 
ttag +65 2; 
ttag +66 2; 
ttag +67 2; 
ttag +68 8; 
ttag +69 10; 
ttag +70 7; 
ttag +71 5; 
ttag +72 3; 
ttag +73 6; 
ttag +74 9; 
ttag +75 4; 
ttag +76 6; 
ttag +77 2; 
ttag +78 2; 
ttag +79 5; 
ttag +80 6; 
ttag +81 2; 
ttag +82 3; 
ttag +83 2; 
ttag +84 4; 
ttag +85 2; 
ttag +86 6; 
ttag +87 3; 
ttag +88 6; 
ttag +89 2; 
ttag +90 1; 
ttag +91 2; 
ttag +92 2; 
ttag +93 1; 
ttag +94 1; 
tread
'Tree with tags' 
(0 (1 ((2 3 )(4 ((((5 11 )((6 7 )(8 (9 10 ))))(12 (13 (((14 21 )(15 (16 17 )))(18 (19 20 ))))))((22 (23 (24 25 )))(26 (27 (28 ((29 (30 31 ))((32 ((33 34 )(35 (36 (37 (38 39 ))))))((40 (41 (42 43 )))(44 (45 (46 47 ))))))))))))))); 
ttag *!; 
ttag +0 ////; 
ttag +1 ////; 
ttag +2 ////; 
ttag +3 ////; 
ttag +4 ////; 
ttag +5 ////; 
ttag +6 ////; 
ttag +7 ////; 
ttag +8 ////; 
ttag +9 ////; 
ttag +10 ////; 
ttag +11 ////; 
ttag +12 ////; 
ttag +13 ////; 
ttag +14 ////; 
ttag +15 ////; 
ttag +16 ////; 
ttag +17 ////; 
ttag +18 ////; 
ttag +19 ////; 
ttag +20 ////; 
ttag +21 ////; 
ttag +22 ////; 
ttag +23 ////; 
ttag +24 ////; 
ttag +25 ////; 
ttag +26 ////; 
ttag +27 ////; 
ttag +28 ////; 
ttag +29 ////; 
ttag +30 ////; 
ttag +31 ////; 
ttag +32 ////; 
ttag +33 ////; 
ttag +34 ////; 
ttag +35 ////; 
ttag +36 ////; 
ttag +37 ////; 
ttag +38 ////; 
ttag +39 ////; 
ttag +40 ////; 
ttag +41 ////; 
ttag +42 ////; 
ttag +43 ////; 
ttag +44 ////; 
ttag +45 ////; 
ttag +46 ////; 
ttag +47 ////; 
ttag +48 ////; 
ttag +49 100/100/100/100/100; 
ttag +50 88/82/80/86/70; 
ttag +51 98/98/96/100/97; 
ttag +52 86/84/79/91/74; 
ttag +53 16/4/?/?/2; 
ttag +54 7/0/?/2/?; 
ttag +55 12/[7]/?/?/?; 
ttag +56 57/54/40/49/40; 
ttag +57 68/53/49/58/44; 
ttag +58 53/41/32/40/40; 
ttag +59 98/98/97/99/97; 
ttag +60 73/67/49/53/50; 
ttag +61 12/[7]/?/?/?; 
ttag +62 3/[17]/?/?/?; 
ttag +63 32/8/5/8/5; 
ttag +64 6/[45]/?/?/?; 
ttag +65 30/18/4/19/14; 
ttag +66 66/45/38/44/36; 
ttag +67 50/29/30/36/29; 
ttag +68 96/96/93/97/92; 
ttag +69 100/100/100/100/100; 
ttag +70 98/98/96/99/96; 
ttag +71 87/85/66/84/70; 
ttag +72 91/89/82/91/82; 
ttag +73 94/91/92/96/90; 
ttag +74 96/94/91/97/94; 
ttag +75 82/72/59/77/62; 
ttag +76 91/90/79/94/87; 
ttag +77 69/56/52/56/54; 
ttag +78 57/28/22/33/22; 
ttag +79 98/98/93/99/96; 
ttag +80 95/94/86/95/87; 
ttag +81 46/35/26/25/30; 
ttag +82 94/93/86/94/84; 
ttag +83 64/44/30/42/29; 
ttag +84 91/88/78/86/76; 
ttag +85 73/66/50/64/55; 
ttag +86 88/84/78/89/80; 
ttag +87 89/85/79/92/80; 
ttag +88 93/92/80/93/84; 
ttag +89 55/42/36/50/39; 
ttag +90 46/32/25/34/18; 
ttag +91 59/38/34/30/29; 
ttag +92 73/66/62/65/50; 
ttag +93 35/9/?/15/14; 
ttag +94 17/[12]/?/?/6; 
