tread
'Tree with tags' 
(0 (1 ((2 3 )((11 ((4 (5 (6 7 )))(8 (9 10 ))))((12 13 )(14 (15 (16 17 )))((18 (19 20 ))(21 ((22 (23 (24 25 )))((26 27 )(28 ((29 (30 31 ))(((32 ((33 34 )(35 (36 (37 38 39 )))))(40 (41 (42 43 ))))(45 (44 46 47 )))))))))))))); 
ttag *!; 
ttag +49 ???; 
ttag +50 8; 
ttag +51 4; 
ttag +52 1; 
ttag +53 1; 
ttag +54 1; 
ttag +55 11; 
ttag +56 1; 
ttag +57 1; 
ttag +58 8; 
ttag +59 3; 
ttag +60 1; 
ttag +61 3; 
ttag +62 1; 
ttag +63 5; 
ttag +64 2; 
ttag +65 7; 
ttag +66 1; 
ttag +67 7; 
ttag +68 5; 
ttag +69 4; 
ttag +70 4; 
ttag +71 6; 
ttag +72 5; 
ttag +73 1; 
ttag +74 1; 
ttag +75 1; 
ttag +76 3; 
ttag +77 2; 
ttag +78 5; 
ttag +79 3; 
ttag +80 1; 
ttag +81 1; 
ttag +82 1; 
ttag +83 1; 
ttag +84 3; 
ttag +85 6; 
ttag +86 7; 
ttag +87 1; 
ttag +88 1; 
ttag +89 4; 
ttag +90 1; 
ttag +91 7; 
tread
'Tree with tags' 
(0 (1 ((2 3 )((11 ((4 (5 (6 7 )))(8 (9 10 ))))(((12 13 )((18 (19 20 ))(21 ((22 (23 (24 25 )))((26 27 )(28 ((29 (30 31 ))(((32 ((33 34 )(35 (36 (38 (37 39 ))))))(40 (41 (42 43 ))))(45 (46 (44 47 )))))))))))(14 (15 (16 17 )))))))); 
ttag *!; 
ttag +0 ////; 
ttag +1 ////; 
ttag +2 ////; 
ttag +3 ////; 
ttag +4 ////; 
ttag +5 ////; 
ttag +6 ////; 
ttag +7 ////; 
ttag +8 ////; 
ttag +9 ////; 
ttag +10 ////; 
ttag +11 ////; 
ttag +12 ////; 
ttag +13 ////; 
ttag +14 ////; 
ttag +15 ////; 
ttag +16 ////; 
ttag +17 ////; 
ttag +18 ////; 
ttag +19 ////; 
ttag +20 ////; 
ttag +21 ////; 
ttag +22 ////; 
ttag +23 ////; 
ttag +24 ////; 
ttag +25 ////; 
ttag +26 ////; 
ttag +27 ////; 
ttag +28 ////; 
ttag +29 ////; 
ttag +30 ////; 
ttag +31 ////; 
ttag +32 ////; 
ttag +33 ////; 
ttag +34 ////; 
ttag +35 ////; 
ttag +36 ////; 
ttag +37 ////; 
ttag +38 ////; 
ttag +39 ////; 
ttag +40 ////; 
ttag +41 ////; 
ttag +42 ////; 
ttag +43 ////; 
ttag +44 ////; 
ttag +45 ////; 
ttag +46 ////; 
ttag +47 ////; 
ttag +48 ////; 
ttag +49 100/100/100/100/100; 
ttag +50 100/100/100/99/100; 
ttag +51 89/86/68/82/73; 
ttag +52 5/[22]/?/?/?; 
ttag +53 21/[6]/?/?/?; 
ttag +54 39/12/?/5/8; 
ttag +55 99/99/96/100/94; 
ttag +56 23/2/2/8/7; 
ttag +57 39/31/21/29/27; 
ttag +58 97/96/93/99/92; 
ttag +59 83/78/72/81/82; 
ttag +60 40/14/8/6/9; 
ttag +61 4/[21]/?/?/?; 
ttag +62 66/54/48/62/49; 
ttag +63 24/[1]/?/?/?; 
ttag +64 92/90/84/90/80; 
ttag +65 84/78/70/76/63; 
ttag +66 98/98/92/97/93; 
ttag +67 46/34/24/24/18; 
ttag +68 99/99/100/99/100; 
ttag +69 86/84/67/81/63; 
ttag +70 95/93/90/94/83; 
ttag +71 95/94/82/93/86; 
ttag +72 98/98/94/95/95; 
ttag +73 99/99/96/98/100; 
ttag +74 64/59/49/56/58; 
ttag +75 54/35/22/37/25; 
ttag +76 49/30/11/11/18; 
ttag +77 88/86/84/89/86; 
ttag +78 86/85/78/80/66; 
ttag +79 98/97/94/97/95; 
ttag +80 68/65/52/72/54; 
ttag +81 19/0/?/2/?; 
ttag +82 44/25/16/26/17; 
ttag +83 44/30/8/32/10; 
ttag +84 52/42/20/37/26; 
ttag +85 83/80/64/82/65; 
ttag +86 93/91/84/95/81; 
ttag +87 19/[17]/?/?/?; 
ttag +88 93/90/83/93/85; 
ttag +89 61/42/32/47/42; 
ttag +90 22/[12]/?/?/?; 
ttag +91 94/92/86/93/90; 
ttag +92 1/[15]/?/?/?; 
ttag +93 55/34/25/41/27; 
ttag +94 99/99/94/97/96; 
