tread
'Tree with tags' 
(0 (1 ((2 3 )(14 ((4 5 11 21 ((6 7 )(8 (9 10 )))(12 13 )(22 (23 (24 25 )))(26 27 (28 ((29 (30 31 ))((32 ((33 34 )(35 (36 (39 (37 38 ))))))((40 (41 (42 43 )))(47 (44 (45 46 )))))))))((15 (16 17 ))(18 (19 20 )))))))); 
ttag *!; 
ttag +49 ???; 
ttag +50 5; 
ttag +51 3; 
ttag +52 2; 
ttag +53 2; 
ttag +54 7; 
ttag +55 3; 
ttag +56 1; 
ttag +57 8; 
ttag +58 7; 
ttag +59 4; 
ttag +60 6; 
ttag +61 1; 
ttag +62 2; 
ttag +63 2; 
ttag +64 14; 
ttag +65 7; 
ttag +66 6; 
ttag +67 6; 
ttag +68 6; 
ttag +69 1; 
ttag +70 4; 
ttag +71 1; 
ttag +72 1; 
ttag +73 5; 
ttag +74 2; 
ttag +75 5; 
ttag +76 1; 
ttag +77 3; 
ttag +78 2; 
ttag +79 3; 
ttag +80 2; 
ttag +81 4; 
ttag +82 1; 
ttag +83 2; 
ttag +84 6; 
ttag +85 1; 
ttag +86 2; 
ttag +87 1; 
tread
'Tree with tags' 
(0 (1 ((2 3 )(14 ((21 (((5 (4 (22 (23 (24 25 )))))((6 7 )(8 (9 10 ))))((11 ((26 27 )(28 ((29 (30 31 ))((32 ((33 34 )(35 (36 (39 (37 38 ))))))((40 (41 (42 43 )))(47 (44 (45 46 )))))))))(12 13 ))))((15 (16 17 ))(18 (19 20 )))))))); 
ttag *!; 
ttag +0 ////; 
ttag +1 ////; 
ttag +2 ////; 
ttag +3 ////; 
ttag +4 ////; 
ttag +5 ////; 
ttag +6 ////; 
ttag +7 ////; 
ttag +8 ////; 
ttag +9 ////; 
ttag +10 ////; 
ttag +11 ////; 
ttag +12 ////; 
ttag +13 ////; 
ttag +14 ////; 
ttag +15 ////; 
ttag +16 ////; 
ttag +17 ////; 
ttag +18 ////; 
ttag +19 ////; 
ttag +20 ////; 
ttag +21 ////; 
ttag +22 ////; 
ttag +23 ////; 
ttag +24 ////; 
ttag +25 ////; 
ttag +26 ////; 
ttag +27 ////; 
ttag +28 ////; 
ttag +29 ////; 
ttag +30 ////; 
ttag +31 ////; 
ttag +32 ////; 
ttag +33 ////; 
ttag +34 ////; 
ttag +35 ////; 
ttag +36 ////; 
ttag +37 ////; 
ttag +38 ////; 
ttag +39 ////; 
ttag +40 ////; 
ttag +41 ////; 
ttag +42 ////; 
ttag +43 ////; 
ttag +44 ////; 
ttag +45 ////; 
ttag +46 ////; 
ttag +47 ////; 
ttag +48 ////; 
ttag +49 100/100/100/100/100; 
ttag +50 84/77/65/82/64; 
ttag +51 89/85/74/85/72; 
ttag +52 27/0/?/?/?; 
ttag +53 0/[34]/?/?/?; 
ttag +54 7/[19]/?/?/?; 
ttag +55 9/[8]/?/?/?; 
ttag +56 30/25/14/29/14; 
ttag +57 31/2/?/5/?; 
ttag +58 94/93/83/96/85; 
ttag +59 89/88/82/87/82; 
ttag +60 50/45/35/55/35; 
ttag +61 99/98/94/99/94; 
ttag +62 97/96/95/97/94; 
ttag +63 8/[18]/?/?/?; 
ttag +64 5/[21]/?/?/?; 
ttag +65 66/63/56/73/54; 
ttag +66 96/96/91/96/92; 
ttag +67 34/5/?/7/3; 
ttag +68 76/64/48/63/61; 
ttag +69 67/58/52/61/52; 
ttag +70 100/100/100/100/100; 
ttag +71 90/86/72/92/79; 
ttag +72 98/97/91/96/94; 
ttag +73 98/97/96/98/94; 
ttag +74 41/13/12/19/18; 
ttag +75 88/86/73/85/75; 
ttag +76 37/5/2/?/?; 
ttag +77 82/80/67/82/67; 
ttag +78 56/47/39/49/40; 
ttag +79 66/47/53/62/49; 
ttag +80 85/81/76/86/77; 
ttag +81 54/48/32/51/42; 
ttag +82 89/86/86/94/88; 
ttag +83 56/29/21/39/37; 
ttag +84 82/76/68/76/68; 
ttag +85 66/50/41/50/49; 
ttag +86 86/84/80/80/73; 
ttag +87 47/20/16/20/18; 
ttag +88 75/68/60/77/69; 
ttag +89 23/[5]/?/?/?; 
ttag +90 68/50/42/51/48; 
ttag +91 98/98/95/98/95; 
ttag +92 21/[5]/?/?/?; 
ttag +93 62/58/47/60/54; 
ttag +94 23/[3]/?/?/?; 
