tread
'Tree with tags' 
(0 (1 ((2 3 )(4 5 (6 7 11 12 13 14 (8 (9 10 ))((15 (16 17 ))(18 (19 20 )))(21 ((22 (23 (24 25 )))(26 (27 (28 29 (30 31 )(32 (33 34 )(35 (36 (37 (38 39 )))))(46 47 (40 (41 (42 43 )))(44 45 )))))))))))); 
ttag *!; 
ttag +49 ???; 
ttag +50 3; 
ttag +51 7; 
ttag +52 2; 
ttag +53 2; 
ttag +54 9; 
ttag +55 2; 
ttag +56 4; 
ttag +57 3; 
ttag +58 2; 
ttag +59 7; 
ttag +60 8; 
ttag +61 1; 
ttag +62 9; 
ttag +63 2; 
ttag +64 2; 
ttag +65 7; 
ttag +66 8; 
ttag +67 3; 
ttag +68 2; 
ttag +69 9; 
ttag +70 4; 
ttag +71 3; 
ttag +72 3; 
ttag +73 4; 
ttag +74 4; 
ttag +75 1; 
ttag +76 4; 
ttag +77 3; 
ttag +78 3; 
ttag +79 8; 
ttag +80 1; 
tread
'Tree with tags' 
(0 (1 ((2 3 )((4 5 )(((12 (13 (14 (11 (6 (7 (8 (9 10 ))))))))(21 ((22 (23 (24 25 )))(26 (27 ((28 (29 ((40 (41 (42 43 )))(47 (46 (44 45 ))))))((30 31 )(32 ((33 34 )(35 (36 (37 (38 39 )))))))))))))((15 (16 17 ))(18 (19 20 )))))))); 
ttag *!; 
ttag +0 ////; 
ttag +1 ////; 
ttag +2 ////; 
ttag +3 ////; 
ttag +4 ////; 
ttag +5 ////; 
ttag +6 ////; 
ttag +7 ////; 
ttag +8 ////; 
ttag +9 ////; 
ttag +10 ////; 
ttag +11 ////; 
ttag +12 ////; 
ttag +13 ////; 
ttag +14 ////; 
ttag +15 ////; 
ttag +16 ////; 
ttag +17 ////; 
ttag +18 ////; 
ttag +19 ////; 
ttag +20 ////; 
ttag +21 ////; 
ttag +22 ////; 
ttag +23 ////; 
ttag +24 ////; 
ttag +25 ////; 
ttag +26 ////; 
ttag +27 ////; 
ttag +28 ////; 
ttag +29 ////; 
ttag +30 ////; 
ttag +31 ////; 
ttag +32 ////; 
ttag +33 ////; 
ttag +34 ////; 
ttag +35 ////; 
ttag +36 ////; 
ttag +37 ////; 
ttag +38 ////; 
ttag +39 ////; 
ttag +40 ////; 
ttag +41 ////; 
ttag +42 ////; 
ttag +43 ////; 
ttag +44 ////; 
ttag +45 ////; 
ttag +46 ////; 
ttag +47 ////; 
ttag +48 ////; 
ttag +49 100/100/100/100/100; 
ttag +50 91/86/80/90/78; 
ttag +51 98/97/92/98/94; 
ttag +52 26/11/15/13/16; 
ttag +53 52/36/34/52/28; 
ttag +54 42/35/32/40/34; 
ttag +55 16/0/?/8/?; 
ttag +56 1/[14]/?/?/?; 
ttag +57 4/[10]/?/?/?; 
ttag +58 11/[4]/?/1/?; 
ttag +59 7/[8]/?/?/?; 
ttag +60 49/34/26/44/15; 
ttag +61 20/2/2/4/9; 
ttag +62 100/100/99/100/100; 
ttag +63 95/93/86/95/88; 
ttag +64 86/83/78/87/76; 
ttag +65 76/66/59/78/61; 
ttag +66 65/47/44/62/34; 
ttag +67 98/97/94/98/96; 
ttag +68 100/100/99/100/99; 
ttag +69 47/37/34/57/34; 
ttag +70 98/97/92/96/93; 
ttag +71 56/39/38/58/42; 
ttag +72 79/73/60/74/68; 
ttag +73 99/99/96/99/97; 
ttag +74 96/95/91/99/92; 
ttag +75 52/30/9/44/16; 
ttag +76 5/[18]/?/?/?; 
ttag +77 59/43/28/52/33; 
ttag +78 10/[13]/?/?/?; 
ttag +79 98/98/96/98/98; 
ttag +80 21/[2]/?/?/?; 
ttag +81 92/90/90/94/84; 
ttag +82 87/85/82/91/78; 
ttag +83 56/38/36/44/34; 
ttag +84 83/80/76/89/71; 
ttag +85 94/93/90/94/88; 
ttag +86 93/92/90/95/87; 
ttag +87 45/30/19/26/20; 
ttag +88 90/88/82/94/84; 
ttag +89 68/60/50/70/54; 
ttag +90 90/88/77/90/83; 
ttag +91 100/100/97/98/97; 
ttag +92 70/65/57/70/61; 
ttag +93 40/6/10/0/2; 
ttag +94 46/36/36/40/32; 
