tread
'Tree with tags' 
(0 (1 ((2 3 )(4 5 11 (6 7 )(8 9 10 )(13 (12 (21 (14 ((15 16 17 )(18 (19 20 )))))((22 (23 (24 25 )))((28 (26 27 ))((29 (30 31 ))((32 (33 34 )(35 (36 (37 (38 39 ))))(41 (40 (42 43 ))))((44 45 )(46 47 )))))))))))); 
ttag *!; 
ttag +49 ???; 
ttag +50 2; 
ttag +51 2; 
ttag +52 5; 
ttag +53 2; 
ttag +54 10; 
ttag +55 1; 
ttag +56 1; 
ttag +57 2; 
ttag +58 1; 
ttag +59 1; 
ttag +60 2; 
ttag +61 2; 
ttag +62 8; 
ttag +63 7; 
ttag +64 4; 
ttag +65 2; 
ttag +66 4; 
ttag +67 2; 
ttag +68 1; 
ttag +69 2; 
ttag +70 5; 
ttag +71 1; 
ttag +72 8; 
ttag +73 2; 
ttag +74 3; 
ttag +75 3; 
ttag +76 6; 
ttag +77 4; 
ttag +78 5; 
ttag +79 2; 
ttag +80 3; 
ttag +81 8; 
ttag +82 9; 
ttag +83 1; 
ttag +84 3; 
ttag +85 2; 
tread
'Tree with tags' 
(0 (1 ((2 3 )(5 (4 (((6 7 )(8 (9 10 )))(11 (13 ((12 (21 (14 ((15 (16 17 ))(18 (19 20 ))))))((22 (23 (24 25 )))((28 (26 27 ))((29 (30 31 ))((32 (((33 34 )(35 (36 (37 (38 39 )))))(41 (40 (42 43 )))))((44 45 )(46 47 ))))))))))))))); 
ttag *!; 
ttag +0 ////; 
ttag +1 ////; 
ttag +2 ////; 
ttag +3 ////; 
ttag +4 ////; 
ttag +5 ////; 
ttag +6 ////; 
ttag +7 ////; 
ttag +8 ////; 
ttag +9 ////; 
ttag +10 ////; 
ttag +11 ////; 
ttag +12 ////; 
ttag +13 ////; 
ttag +14 ////; 
ttag +15 ////; 
ttag +16 ////; 
ttag +17 ////; 
ttag +18 ////; 
ttag +19 ////; 
ttag +20 ////; 
ttag +21 ////; 
ttag +22 ////; 
ttag +23 ////; 
ttag +24 ////; 
ttag +25 ////; 
ttag +26 ////; 
ttag +27 ////; 
ttag +28 ////; 
ttag +29 ////; 
ttag +30 ////; 
ttag +31 ////; 
ttag +32 ////; 
ttag +33 ////; 
ttag +34 ////; 
ttag +35 ////; 
ttag +36 ////; 
ttag +37 ////; 
ttag +38 ////; 
ttag +39 ////; 
ttag +40 ////; 
ttag +41 ////; 
ttag +42 ////; 
ttag +43 ////; 
ttag +44 ////; 
ttag +45 ////; 
ttag +46 ////; 
ttag +47 ////; 
ttag +48 ////; 
ttag +49 100/100/100/100/100; 
ttag +50 59/43/34/43/33; 
ttag +51 68/52/44/51/40; 
ttag +52 21/4/15/8/13; 
ttag +53 96/96/97/99/96; 
ttag +54 92/91/90/92/87; 
ttag +55 16/[1]/?/?/?; 
ttag +56 37/19/18/16/12; 
ttag +57 100/100/99/100/100; 
ttag +58 40/5/?/2/10; 
ttag +59 30/14/6/7/10; 
ttag +60 7/[23]/?/?/?; 
ttag +61 42/27/12/34/19; 
ttag +62 68/65/52/69/58; 
ttag +63 41/25/16/28/15; 
ttag +64 35/19/9/22/8; 
ttag +65 40/24/21/17/8; 
ttag +66 44/29/14/34/12; 
ttag +67 13/[3]/?/?/?; 
ttag +68 70/66/53/73/52; 
ttag +69 98/98/96/99/96; 
ttag +70 98/98/100/100/96; 
ttag +71 84/82/71/89/74; 
ttag +72 74/60/59/72/55; 
ttag +73 93/90/88/93/86; 
ttag +74 37/28/24/36/28; 
ttag +75 18/8/5/6/6; 
ttag +76 69/66/49/64/54; 
ttag +77 86/84/77/95/72; 
ttag +78 27/17/10/19/14; 
ttag +79 98/98/98/100/98; 
ttag +80 29/9/?/19/?; 
ttag +81 43/28/22/32/20; 
ttag +82 97/96/93/94/93; 
ttag +83 19/[16]/?/?/?; 
ttag +84 4/[37]/?/?/?; 
ttag +85 98/97/94/98/95; 
ttag +86 92/89/88/90/83; 
ttag +87 100/100/98/99/94; 
ttag +88 78/71/62/74/65; 
ttag +89 68/51/43/58/42; 
ttag +90 98/98/93/99/95; 
ttag +91 100/100/98/99/98; 
ttag +92 60/50/46/58/50; 
ttag +93 69/58/55/68/54; 
ttag +94 40/1/?/?/?; 
