tread
'Tree with tags' 
(0 (1 ((2 3 )(11 (4 5 )(((6 7 )((22 23 (24 25 ))(26 (27 (28 ((29 (30 31 ))(32 (((33 34 )(35 (36 (37 (38 39 )))))((40 (41 (42 43 )))(44 46 (45 47 )))))))))))(12 13 )(14 21 ))(8 (9 10 ))((15 (16 17 ))(18 (19 20 ))))))); 
ttag *!; 
ttag +49 ???; 
ttag +50 6; 
ttag +51 4; 
ttag +52 1; 
ttag +53 1; 
ttag +54 1; 
ttag +55 1; 
ttag +56 1; 
ttag +57 10; 
ttag +58 5; 
ttag +59 1; 
ttag +60 2; 
ttag +61 10; 
ttag +62 2; 
ttag +63 2; 
ttag +64 7; 
ttag +65 11; 
ttag +66 6; 
ttag +67 7; 
ttag +68 10; 
ttag +69 5; 
ttag +70 7; 
ttag +71 7; 
ttag +72 1; 
ttag +73 4; 
ttag +74 3; 
ttag +75 2; 
ttag +76 5; 
ttag +77 1; 
ttag +78 1; 
ttag +79 1; 
ttag +80 2; 
ttag +81 5; 
ttag +82 5; 
ttag +83 6; 
ttag +84 3; 
ttag +85 1; 
ttag +86 7; 
ttag +87 1; 
ttag +88 1; 
tread
'Tree with tags' 
(0 (1 ((2 3 )((((4 5 )((15 (16 17 ))(18 (19 20 ))))(11 (((6 7 )(((22 23 )(24 25 ))(26 (27 (28 ((29 (30 31 ))(32 (((33 34 )(35 (36 (37 (38 39 )))))((40 (41 (42 43 )))((44 46 )(45 47 )))))))))))((12 13 )(14 21 )))))(8 (9 10 )))))); 
ttag *!; 
ttag +0 ////; 
ttag +1 ////; 
ttag +2 ////; 
ttag +3 ////; 
ttag +4 ////; 
ttag +5 ////; 
ttag +6 ////; 
ttag +7 ////; 
ttag +8 ////; 
ttag +9 ////; 
ttag +10 ////; 
ttag +11 ////; 
ttag +12 ////; 
ttag +13 ////; 
ttag +14 ////; 
ttag +15 ////; 
ttag +16 ////; 
ttag +17 ////; 
ttag +18 ////; 
ttag +19 ////; 
ttag +20 ////; 
ttag +21 ////; 
ttag +22 ////; 
ttag +23 ////; 
ttag +24 ////; 
ttag +25 ////; 
ttag +26 ////; 
ttag +27 ////; 
ttag +28 ////; 
ttag +29 ////; 
ttag +30 ////; 
ttag +31 ////; 
ttag +32 ////; 
ttag +33 ////; 
ttag +34 ////; 
ttag +35 ////; 
ttag +36 ////; 
ttag +37 ////; 
ttag +38 ////; 
ttag +39 ////; 
ttag +40 ////; 
ttag +41 ////; 
ttag +42 ////; 
ttag +43 ////; 
ttag +44 ////; 
ttag +45 ////; 
ttag +46 ////; 
ttag +47 ////; 
ttag +48 ////; 
ttag +49 100/100/100/100/100; 
ttag +50 100/100/100/99/99; 
ttag +51 82/78/74/86/69; 
ttag +52 38/22/24/38/28; 
ttag +53 0/[23]/?/?/?; 
ttag +54 12/[11]/?/?/?; 
ttag +55 32/8/8/18/6; 
ttag +56 63/56/54/45/52; 
ttag +57 26/11/3/16/2; 
ttag +58 16/1/4/2/?; 
ttag +59 6/[8]/?/?/?; 
ttag +60 100/100/100/99/98; 
ttag +61 98/98/98/99/96; 
ttag +62 58/54/50/57/47; 
ttag +63 10/[4]/?/4/?; 
ttag +64 61/46/30/52/28; 
ttag +65 100/100/98/98/99; 
ttag +66 35/20/16/32/22; 
ttag +67 87/84/80/79/77; 
ttag +68 98/97/92/98/92; 
ttag +69 100/100/100/100/100; 
ttag +70 17/[31]/?/?/?; 
ttag +71 97/96/90/96/92; 
ttag +72 96/96/86/96/88; 
ttag +73 99/99/99/100/100; 
ttag +74 98/98/90/96/90; 
ttag +75 94/93/81/91/80; 
ttag +76 96/95/96/97/93; 
ttag +77 46/12/14/19/10; 
ttag +78 79/70/55/79/55; 
ttag +79 82/78/81/77/72; 
ttag +80 55/49/36/47/38; 
ttag +81 99/99/96/99/95; 
ttag +82 37/21/15/22/20; 
ttag +83 44/28/19/32/18; 
ttag +84 57/50/41/51/40; 
ttag +85 76/67/62/53/56; 
ttag +86 96/96/93/95/92; 
ttag +87 96/95/90/96/91; 
ttag +88 95/93/84/94/88; 
ttag +89 71/62/51/69/50; 
ttag +90 45/13/6/19/8; 
ttag +91 99/99/95/99/97; 
ttag +92 5/[25]/?/?/?; 
ttag +93 77/64/58/52/63; 
ttag +94 72/59/42/53/39; 
