tread
'Tree with tags' 
(0 (1 ((2 3 )(4 (5 11 ((6 7 )(8 (9 10 )))(14 21 (12 13 )(15 (16 17 ))(18 (19 20 ))((22 (23 (24 25 )))(26 27 28 46 (29 (30 31 ))((32 ((33 34 )(35 (36 (37 38 39 )))))(40 (41 (42 43 ))))(45 (44 47 )))))))))); 
ttag *!; 
ttag +49 ???; 
ttag +50 8; 
ttag +51 9; 
ttag +52 5; 
ttag +53 3; 
ttag +54 1; 
ttag +55 2; 
ttag +56 9; 
ttag +57 1; 
ttag +58 2; 
ttag +59 3; 
ttag +60 3; 
ttag +61 2; 
ttag +62 4; 
ttag +63 10; 
ttag +64 3; 
ttag +65 5; 
ttag +66 4; 
ttag +67 8; 
ttag +68 7; 
ttag +69 5; 
ttag +70 2; 
ttag +71 4; 
ttag +72 1; 
ttag +73 1; 
ttag +74 1; 
ttag +75 3; 
ttag +76 6; 
ttag +77 5; 
ttag +78 6; 
ttag +79 1; 
ttag +80 1; 
ttag +81 1; 
ttag +82 1; 
tread
'Tree with tags' 
(0 (1 ((2 3 )(4 (5 ((11 ((6 7 )(8 (9 10 ))))((12 13 )(14 (21 (((15 (16 17 ))(18 (19 20 )))((22 (23 (24 25 )))(26 ((27 28 )((29 (30 31 ))(46 (((32 ((33 34 )(35 (36 (37 (38 39 ))))))(40 (41 (42 43 ))))(45 (44 47 )))))))))))))))))); 
ttag *!; 
ttag +0 ////; 
ttag +1 ////; 
ttag +2 ////; 
ttag +3 ////; 
ttag +4 ////; 
ttag +5 ////; 
ttag +6 ////; 
ttag +7 ////; 
ttag +8 ////; 
ttag +9 ////; 
ttag +10 ////; 
ttag +11 ////; 
ttag +12 ////; 
ttag +13 ////; 
ttag +14 ////; 
ttag +15 ////; 
ttag +16 ////; 
ttag +17 ////; 
ttag +18 ////; 
ttag +19 ////; 
ttag +20 ////; 
ttag +21 ////; 
ttag +22 ////; 
ttag +23 ////; 
ttag +24 ////; 
ttag +25 ////; 
ttag +26 ////; 
ttag +27 ////; 
ttag +28 ////; 
ttag +29 ////; 
ttag +30 ////; 
ttag +31 ////; 
ttag +32 ////; 
ttag +33 ////; 
ttag +34 ////; 
ttag +35 ////; 
ttag +36 ////; 
ttag +37 ////; 
ttag +38 ////; 
ttag +39 ////; 
ttag +40 ////; 
ttag +41 ////; 
ttag +42 ////; 
ttag +43 ////; 
ttag +44 ////; 
ttag +45 ////; 
ttag +46 ////; 
ttag +47 ////; 
ttag +48 ////; 
ttag +49 100/100/100/100/100; 
ttag +50 100/100/100/100/98; 
ttag +51 99/99/96/100/98; 
ttag +52 94/92/84/93/89; 
ttag +53 78/74/56/75/57; 
ttag +54 52/43/48/57/54; 
ttag +55 49/41/43/44/28; 
ttag +56 8/[4]/?/?/?; 
ttag +57 28/13/6/0/?; 
ttag +58 99/99/98/99/96; 
ttag +59 59/34/30/38/44; 
ttag +60 60/48/33/45/38; 
ttag +61 65/61/33/60/47; 
ttag +62 8/[3]/?/?/?; 
ttag +63 73/70/61/78/65; 
ttag +64 35/13/14/6/10; 
ttag +65 16/[19]/?/?/?; 
ttag +66 10/0/?/?/?; 
ttag +67 53/40/29/42/30; 
ttag +68 92/91/90/96/86; 
ttag +69 99/99/99/100/98; 
ttag +70 86/80/75/75/82; 
ttag +71 95/94/86/94/86; 
ttag +72 92/87/84/94/90; 
ttag +73 100/100/98/99/99; 
ttag +74 94/93/90/95/87; 
ttag +75 41/33/27/20/30; 
ttag +76 26/3/5/?/12; 
ttag +77 98/97/89/96/87; 
ttag +78 44/21/15/12/14; 
ttag +79 83/76/82/84/76; 
ttag +80 94/93/83/90/85; 
ttag +81 36/10/2/2/16; 
ttag +82 8/[17]/?/?/?; 
ttag +83 14/[4]/0/?/0; 
ttag +84 53/30/20/22/23; 
ttag +85 68/59/40/42/40; 
ttag +86 92/90/79/91/74; 
ttag +87 99/99/96/98/96; 
ttag +88 97/95/91/97/90; 
ttag +89 50/23/21/15/6; 
ttag +90 99/99/98/99/99; 
ttag +91 48/32/18/20/15; 
ttag +92 78/64/54/56/49; 
ttag +93 64/56/46/56/45; 
ttag +94 56/52/46/58/48; 
