tread
'Tree with tags' 
(0 (1 ((2 3 )(4 (12 (5 11 13 14 21 (7 (6 (8 (9 10 ))))(15 16 17 )((18 (19 20 ))(29 (22 (23 (24 25 )))(28 (26 27 ))(30 31 )(32 (33 34 )(35 (36 (38 (37 39 )))))(45 47 (44 (46 (40 (41 (42 43 )))))))))))))); 
ttag *!; 
ttag +49 ???; 
ttag +50 3; 
ttag +51 4; 
ttag +52 3; 
ttag +53 1; 
ttag +54 4; 
ttag +55 1; 
ttag +56 5; 
ttag +57 8; 
ttag +58 4; 
ttag +59 9; 
ttag +60 2; 
ttag +61 1; 
ttag +62 10; 
ttag +63 5; 
ttag +64 1; 
ttag +65 1; 
ttag +66 10; 
ttag +67 3; 
ttag +68 1; 
ttag +69 2; 
ttag +70 6; 
ttag +71 3; 
ttag +72 2; 
ttag +73 2; 
ttag +74 1; 
ttag +75 6; 
ttag +76 5; 
ttag +77 1; 
ttag +78 1; 
ttag +79 1; 
ttag +80 4; 
ttag +81 7; 
tread
'Tree with tags' 
(0 (1 ((2 3 )(4 (12 (13 ((11 (5 (7 (6 (8 (9 10 ))))))(14 (21 ((15 (16 17 ))((18 (19 20 ))((((22 (23 (24 25 )))(29 (30 31 )))((32 (33 34 ))(35 (36 (38 (37 39 ))))))((28 (26 27 ))(45 (47 (44 (46 (40 (41 (42 43 )))))))))))))))))))); 
ttag *!; 
ttag +0 ////; 
ttag +1 ////; 
ttag +2 ////; 
ttag +3 ////; 
ttag +4 ////; 
ttag +5 ////; 
ttag +6 ////; 
ttag +7 ////; 
ttag +8 ////; 
ttag +9 ////; 
ttag +10 ////; 
ttag +11 ////; 
ttag +12 ////; 
ttag +13 ////; 
ttag +14 ////; 
ttag +15 ////; 
ttag +16 ////; 
ttag +17 ////; 
ttag +18 ////; 
ttag +19 ////; 
ttag +20 ////; 
ttag +21 ////; 
ttag +22 ////; 
ttag +23 ////; 
ttag +24 ////; 
ttag +25 ////; 
ttag +26 ////; 
ttag +27 ////; 
ttag +28 ////; 
ttag +29 ////; 
ttag +30 ////; 
ttag +31 ////; 
ttag +32 ////; 
ttag +33 ////; 
ttag +34 ////; 
ttag +35 ////; 
ttag +36 ////; 
ttag +37 ////; 
ttag +38 ////; 
ttag +39 ////; 
ttag +40 ////; 
ttag +41 ////; 
ttag +42 ////; 
ttag +43 ////; 
ttag +44 ////; 
ttag +45 ////; 
ttag +46 ////; 
ttag +47 ////; 
ttag +48 ////; 
ttag +49 100/100/100/100/100; 
ttag +50 86/78/72/80/72; 
ttag +51 76/62/56/70/58; 
ttag +52 90/87/67/85/68; 
ttag +53 28/21/10/22/10; 
ttag +54 3/[12]/?/?/?; 
ttag +55 7/[8]/?/?/?; 
ttag +56 25/1/?/?/?; 
ttag +57 78/75/62/82/59; 
ttag +58 64/47/39/54/29; 
ttag +59 87/86/77/92/77; 
ttag +60 99/99/97/99/97; 
ttag +61 94/93/84/91/82; 
ttag +62 14/6/5/10/2; 
ttag +63 99/99/98/98/98; 
ttag +64 6/[7]/?/?/?; 
ttag +65 10/[3]/?/2/?; 
ttag +66 58/46/40/42/35; 
ttag +67 92/91/91/94/86; 
ttag +68 30/20/8/21/6; 
ttag +69 100/100/99/100/100; 
ttag +70 95/93/79/91/84; 
ttag +71 13/[34]/?/?/?; 
ttag +72 8/[39]/?/?/?; 
ttag +73 71/62/58/68/55; 
ttag +74 81/70/75/69/66; 
ttag +75 100/100/99/100/100; 
ttag +76 71/64/56/66/55; 
ttag +77 49/42/29/46/24; 
ttag +78 27/[7]/?/?/?; 
ttag +79 55/34/33/34/37; 
ttag +80 96/95/87/93/91; 
ttag +81 3/[29]/?/?/?; 
ttag +82 99/98/94/98/93; 
ttag +83 73/58/49/60/48; 
ttag +84 60/41/25/38/30; 
ttag +85 63/42/29/38/37; 
ttag +86 52/30/15/29/26; 
ttag +87 94/92/88/97/90; 
ttag +88 95/94/83/95/88; 
ttag +89 45/15/?/1/?; 
ttag +90 36/7/?/?/?; 
ttag +91 14/[15]/?/?/?; 
ttag +92 62/52/23/50/37; 
ttag +93 80/66/51/64/51; 
ttag +94 98/97/95/98/94; 
