tread
'Tree with tags' 
(0 (1 2 3 (4 5 (6 7 11 (8 (9 10 ))(21 (12 13 )(14 ((15 (16 17 ))(18 (19 20 ))))((22 (23 (24 25 )))(26 27 (28 (((29 (30 31 ))((40 (41 (42 43 )))(44 45 (46 47 ))))((32 (35 (36 (37 (38 39 )))))(33 34 ))))))))))); 
ttag *!; 
ttag +49 ???; 
ttag +50 5; 
ttag +51 2; 
ttag +52 8; 
ttag +53 2; 
ttag +54 3; 
ttag +55 3; 
ttag +56 3; 
ttag +57 5; 
ttag +58 3; 
ttag +59 1; 
ttag +60 8; 
ttag +61 7; 
ttag +62 4; 
ttag +63 4; 
ttag +64 2; 
ttag +65 8; 
ttag +66 5; 
ttag +67 4; 
ttag +68 6; 
ttag +69 1; 
ttag +70 2; 
ttag +71 2; 
ttag +72 1; 
ttag +73 8; 
ttag +74 5; 
ttag +75 4; 
ttag +76 4; 
ttag +77 6; 
ttag +78 3; 
ttag +79 5; 
ttag +80 3; 
ttag +81 2; 
ttag +82 7; 
ttag +83 5; 
ttag +84 1; 
tread
'Tree with tags' 
(0 (1 ((2 3 )(4 (5 ((7 (6 (8 (9 10 ))))(11 ((12 13 )((14 ((15 (16 17 ))(18 (19 20 ))))(21 ((22 (23 (24 25 )))((26 27 )(28 (((29 (30 31 ))((40 (41 (42 43 )))(44 (45 (46 47 )))))((32 (35 (36 (37 (38 39 )))))(33 34 )))))))))))))))); 
ttag *!; 
ttag +0 ////; 
ttag +1 ////; 
ttag +2 ////; 
ttag +3 ////; 
ttag +4 ////; 
ttag +5 ////; 
ttag +6 ////; 
ttag +7 ////; 
ttag +8 ////; 
ttag +9 ////; 
ttag +10 ////; 
ttag +11 ////; 
ttag +12 ////; 
ttag +13 ////; 
ttag +14 ////; 
ttag +15 ////; 
ttag +16 ////; 
ttag +17 ////; 
ttag +18 ////; 
ttag +19 ////; 
ttag +20 ////; 
ttag +21 ////; 
ttag +22 ////; 
ttag +23 ////; 
ttag +24 ////; 
ttag +25 ////; 
ttag +26 ////; 
ttag +27 ////; 
ttag +28 ////; 
ttag +29 ////; 
ttag +30 ////; 
ttag +31 ////; 
ttag +32 ////; 
ttag +33 ////; 
ttag +34 ////; 
ttag +35 ////; 
ttag +36 ////; 
ttag +37 ////; 
ttag +38 ////; 
ttag +39 ////; 
ttag +40 ////; 
ttag +41 ////; 
ttag +42 ////; 
ttag +43 ////; 
ttag +44 ////; 
ttag +45 ////; 
ttag +46 ////; 
ttag +47 ////; 
ttag +48 ////; 
ttag +49 100/100/100/100/100; 
ttag +50 36/7/15/19/14; 
ttag +51 58/36/21/28/31; 
ttag +52 96/94/84/92/81; 
ttag +53 51/34/28/40/34; 
ttag +54 13/[29]/?/?/?; 
ttag +55 21/[5]/3/?/1; 
ttag +56 54/47/40/58/31; 
ttag +57 100/100/99/100/98; 
ttag +58 94/92/84/84/82; 
ttag +59 47/34/40/34/41; 
ttag +60 77/73/58/76/54; 
ttag +61 88/87/82/91/75; 
ttag +62 74/70/49/74/55; 
ttag +63 59/55/44/53/40; 
ttag +64 92/92/84/91/85; 
ttag +65 76/72/54/76/60; 
ttag +66 66/50/41/59/48; 
ttag +67 99/99/94/99/95; 
ttag +68 100/100/98/99/100; 
ttag +69 25/[12]/?/?/?; 
ttag +70 96/95/93/96/94; 
ttag +71 86/81/57/79/67; 
ttag +72 72/59/40/58/55; 
ttag +73 100/100/97/99/99; 
ttag +74 48/21/32/14/26; 
ttag +75 99/98/95/96/94; 
ttag +76 96/93/92/97/90; 
ttag +77 94/92/84/92/87; 
ttag +78 37/28/4/37/10; 
ttag +79 62/46/37/57/38; 
ttag +80 76/63/47/66/52; 
ttag +81 70/64/24/60/38; 
ttag +82 99/98/88/98/89; 
ttag +83 93/92/74/92/80; 
ttag +84 92/90/76/90/83; 
ttag +85 84/79/56/84/66; 
ttag +86 96/95/88/95/89; 
ttag +87 86/80/76/85/77; 
ttag +88 95/94/80/95/88; 
ttag +89 62/53/28/66/41; 
ttag +90 76/74/53/71/54; 
ttag +91 100/100/99/100/97; 
ttag +92 78/72/48/78/52; 
ttag +93 18/[4]/?/?/?; 
ttag +94 44/32/9/28/14; 
