tread
'Tree with tags' 
(0 (1 (3 (2 (4 (5 (6 7 (8 (9 10 ))(11 (14 (12 13 )(15 16 17 )(18 (19 20 ))(21 (22 (23 (24 25 )))(26 28 (27 ((29 (30 31 ))((32 ((33 34 )(35 (36 (37 38 39 )))))((40 41 (42 43 ))(44 45 46 47 )))))))))))))))); 
ttag *!; 
ttag +49 ???; 
ttag +50 2; 
ttag +51 8; 
ttag +52 4; 
ttag +53 1; 
ttag +54 1; 
ttag +55 8; 
ttag +56 4; 
ttag +57 1; 
ttag +58 2; 
ttag +59 2; 
ttag +60 4; 
ttag +61 1; 
ttag +62 8; 
ttag +63 3; 
ttag +64 1; 
ttag +65 3; 
ttag +66 6; 
ttag +67 3; 
ttag +68 1; 
ttag +69 5; 
ttag +70 3; 
ttag +71 3; 
ttag +72 8; 
ttag +73 2; 
ttag +74 3; 
ttag +75 2; 
ttag +76 2; 
ttag +77 3; 
ttag +78 11; 
ttag +79 4; 
ttag +80 2; 
ttag +81 8; 
ttag +82 1; 
tread
'Tree with tags' 
(0 (1 (3 (2 (4 (5 ((6 7 )((8 (9 10 ))(11 ((12 13 )((14 ((21 (26 (28 (27 ((29 (30 31 ))((32 ((33 34 )(35 (36 (39 (37 38 ))))))((40 (41 (42 43 )))(45 (44 (46 47 ))))))))))(22 (23 (24 25 )))))((17 (15 16 ))(18 (19 20 )))))))))))))); 
ttag *!; 
ttag +0 ////; 
ttag +1 ////; 
ttag +2 ////; 
ttag +3 ////; 
ttag +4 ////; 
ttag +5 ////; 
ttag +6 ////; 
ttag +7 ////; 
ttag +8 ////; 
ttag +9 ////; 
ttag +10 ////; 
ttag +11 ////; 
ttag +12 ////; 
ttag +13 ////; 
ttag +14 ////; 
ttag +15 ////; 
ttag +16 ////; 
ttag +17 ////; 
ttag +18 ////; 
ttag +19 ////; 
ttag +20 ////; 
ttag +21 ////; 
ttag +22 ////; 
ttag +23 ////; 
ttag +24 ////; 
ttag +25 ////; 
ttag +26 ////; 
ttag +27 ////; 
ttag +28 ////; 
ttag +29 ////; 
ttag +30 ////; 
ttag +31 ////; 
ttag +32 ////; 
ttag +33 ////; 
ttag +34 ////; 
ttag +35 ////; 
ttag +36 ////; 
ttag +37 ////; 
ttag +38 ////; 
ttag +39 ////; 
ttag +40 ////; 
ttag +41 ////; 
ttag +42 ////; 
ttag +43 ////; 
ttag +44 ////; 
ttag +45 ////; 
ttag +46 ////; 
ttag +47 ////; 
ttag +48 ////; 
ttag +49 100/100/100/100/100; 
ttag +50 56/27/5/39/10; 
ttag +51 94/93/83/96/82; 
ttag +52 79/72/50/78/56; 
ttag +53 44/28/20/34/18; 
ttag +54 53/23/26/32/36; 
ttag +55 34/24/22/31/28; 
ttag +56 98/98/97/98/98; 
ttag +57 26/[9]/?/1/?; 
ttag +58 88/84/76/80/71; 
ttag +59 28/12/0/7/0; 
ttag +60 70/64/71/70/61; 
ttag +61 46/35/25/47/21; 
ttag +62 22/11/10/17/8; 
ttag +63 7/[25]/?/?/?; 
ttag +64 36/6/3/11/4; 
ttag +65 88/87/77/90/80; 
ttag +66 16/[16]/?/?/?; 
ttag +67 54/47/38/46/40; 
ttag +68 100/100/98/99/98; 
ttag +69 23/2/?/14/?; 
ttag +70 61/58/36/70/42; 
ttag +71 57/44/22/42/31; 
ttag +72 91/88/78/86/76; 
ttag +73 99/99/98/99/97; 
ttag +74 80/70/52/76/49; 
ttag +75 30/6/?/11/?; 
ttag +76 34/6/6/15/9; 
ttag +77 82/80/69/88/73; 
ttag +78 62/58/33/59/33; 
ttag +79 92/90/82/95/84; 
ttag +80 98/97/86/95/90; 
ttag +81 54/46/26/52/29; 
ttag +82 83/81/64/84/66; 
ttag +83 72/64/53/61/43; 
ttag +84 75/69/52/66/47; 
ttag +85 86/80/66/77/62; 
ttag +86 17/[6]/?/?/?; 
ttag +87 100/100/100/100/100; 
ttag +88 79/75/67/83/56; 
ttag +89 74/69/64/72/55; 
ttag +90 37/0/?/2/4; 
ttag +91 100/100/100/100/100; 
ttag +92 22/[3]/?/?/?; 
ttag +93 51/39/29/40/32; 
ttag +94 34/20/1/15/4; 
