tread
'Tree with tags' 
(0 (1 ((2 3 )(4 (5 ((6 7 )(8 (9 10 ))(12 13 (14 (11 (15 (16 17 ))(18 (19 20 )))(21 ((22 (23 (24 25 )))(26 (27 (28 (((29 (30 31 ))(44 45 46 47 ))(32 ((33 34 )(35 (36 (37 (38 39 ))))))(40 (41 (42 43 ))))))))))))))))); 
ttag *!; 
ttag +49 ???; 
ttag +50 5; 
ttag +51 4; 
ttag +52 4; 
ttag +53 2; 
ttag +54 3; 
ttag +55 2; 
ttag +56 6; 
ttag +57 3; 
ttag +58 1; 
ttag +59 1; 
ttag +60 1; 
ttag +61 5; 
ttag +62 1; 
ttag +63 2; 
ttag +64 3; 
ttag +65 4; 
ttag +66 5; 
ttag +67 3; 
ttag +68 1; 
ttag +69 11; 
ttag +70 2; 
ttag +71 2; 
ttag +72 3; 
ttag +73 1; 
ttag +74 1; 
ttag +75 3; 
ttag +76 2; 
ttag +77 7; 
ttag +78 8; 
ttag +79 2; 
ttag +80 5; 
ttag +81 7; 
ttag +82 6; 
ttag +83 2; 
ttag +84 7; 
ttag +85 3; 
ttag +86 8; 
ttag +87 3; 
tread
'Tree with tags' 
(0 (1 ((2 3 )(4 (5 (((6 7 )(((14 ((11 (18 (19 20 )))(15 (16 17 ))))(21 ((22 (23 (24 25 )))(26 (27 (28 ((((29 (30 31 ))(47 (45 (44 46 ))))(40 (41 (42 43 ))))(32 ((33 34 )(35 (36 (37 (38 39 )))))))))))))(12 13 )))(8 (9 10 )))))))); 
ttag *!; 
ttag +0 ////; 
ttag +1 ////; 
ttag +2 ////; 
ttag +3 ////; 
ttag +4 ////; 
ttag +5 ////; 
ttag +6 ////; 
ttag +7 ////; 
ttag +8 ////; 
ttag +9 ////; 
ttag +10 ////; 
ttag +11 ////; 
ttag +12 ////; 
ttag +13 ////; 
ttag +14 ////; 
ttag +15 ////; 
ttag +16 ////; 
ttag +17 ////; 
ttag +18 ////; 
ttag +19 ////; 
ttag +20 ////; 
ttag +21 ////; 
ttag +22 ////; 
ttag +23 ////; 
ttag +24 ////; 
ttag +25 ////; 
ttag +26 ////; 
ttag +27 ////; 
ttag +28 ////; 
ttag +29 ////; 
ttag +30 ////; 
ttag +31 ////; 
ttag +32 ////; 
ttag +33 ////; 
ttag +34 ////; 
ttag +35 ////; 
ttag +36 ////; 
ttag +37 ////; 
ttag +38 ////; 
ttag +39 ////; 
ttag +40 ////; 
ttag +41 ////; 
ttag +42 ////; 
ttag +43 ////; 
ttag +44 ////; 
ttag +45 ////; 
ttag +46 ////; 
ttag +47 ////; 
ttag +48 ////; 
ttag +49 100/100/100/100/100; 
ttag +50 99/99/95/98/95; 
ttag +51 84/77/69/76/64; 
ttag +52 84/75/56/72/62; 
ttag +53 40/22/8/27/6; 
ttag +54 83/78/70/79/58; 
ttag +55 19/10/5/2/1; 
ttag +56 45/38/17/34/18; 
ttag +57 94/92/83/91/85; 
ttag +58 85/77/67/76/68; 
ttag +59 43/9/?/?/?; 
ttag +60 40/27/20/32/20; 
ttag +61 22/[8]/?/?/?; 
ttag +62 37/32/22/32/10; 
ttag +63 49/42/28/39/18; 
ttag +64 38/22/27/24/20; 
ttag +65 98/98/93/95/92; 
ttag +66 53/35/21/47/23; 
ttag +67 83/76/62/78/72; 
ttag +68 97/96/95/94/94; 
ttag +69 90/88/76/86/73; 
ttag +70 93/92/88/92/80; 
ttag +71 78/73/66/70/57; 
ttag +72 66/44/42/41/43; 
ttag +73 100/100/100/100/99; 
ttag +74 40/22/32/36/28; 
ttag +75 40/28/31/37/26; 
ttag +76 49/37/42/44/39; 
ttag +77 64/48/38/44/43; 
ttag +78 67/60/55/60/52; 
ttag +79 15/[6]/2/1/5; 
ttag +80 69/59/51/66/46; 
ttag +81 78/72/59/69/53; 
ttag +82 97/96/90/97/91; 
ttag +83 99/98/90/95/92; 
ttag +84 82/77/56/73/46; 
ttag +85 98/98/93/97/92; 
ttag +86 98/98/96/99/95; 
ttag +87 98/98/95/97/92; 
ttag +88 83/78/68/77/61; 
ttag +89 96/96/92/96/91; 
ttag +90 72/60/34/66/46; 
ttag +91 100/100/98/100/98; 
ttag +92 9/[17]/?/?/?; 
ttag +93 20/[8]/?/?/?; 
ttag +94 88/87/84/89/82; 
