tread
'Tree with tags' 
(0 (1 ((2 3 )(4 5 ((6 7 )(8 (9 10 ))(11 (((12 13 )(14 ((15 (16 17 ))(18 (19 20 )))))(21 ((22 (23 (24 25 )))(26 (27 (28 (29 (30 31 ))((32 35 (33 34 )(36 (37 (38 39 ))))(40 41 (42 43 ))(44 45 46 47 )))))))))))))); 
ttag *!; 
ttag +49 ???; 
ttag +50 3; 
ttag +51 3; 
ttag +52 2; 
ttag +53 1; 
ttag +54 2; 
ttag +55 10; 
ttag +56 3; 
ttag +57 2; 
ttag +58 2; 
ttag +59 2; 
ttag +60 2; 
ttag +61 1; 
ttag +62 8; 
ttag +63 3; 
ttag +64 1; 
ttag +65 7; 
ttag +66 11; 
ttag +67 1; 
ttag +68 3; 
ttag +69 7; 
ttag +70 11; 
ttag +71 7; 
ttag +72 3; 
ttag +73 3; 
ttag +74 1; 
ttag +75 2; 
ttag +76 3; 
ttag +77 6; 
ttag +78 1; 
ttag +79 1; 
ttag +80 1; 
ttag +81 7; 
ttag +82 1; 
ttag +83 3; 
ttag +84 9; 
ttag +85 3; 
tread
'Tree with tags' 
(0 (1 ((2 3 )(4 (5 ((6 7 )((8 (9 10 ))(11 (((12 13 )(14 ((15 (16 17 ))(18 (19 20 )))))(21 ((22 (23 (24 25 )))(26 (27 (28 ((29 (30 31 ))(((32 (33 34 ))(35 (36 (37 (38 39 )))))((41 (40 (42 43 )))(45 (47 (44 46 )))))))))))))))))))); 
ttag *!; 
ttag +0 ////; 
ttag +1 ////; 
ttag +2 ////; 
ttag +3 ////; 
ttag +4 ////; 
ttag +5 ////; 
ttag +6 ////; 
ttag +7 ////; 
ttag +8 ////; 
ttag +9 ////; 
ttag +10 ////; 
ttag +11 ////; 
ttag +12 ////; 
ttag +13 ////; 
ttag +14 ////; 
ttag +15 ////; 
ttag +16 ////; 
ttag +17 ////; 
ttag +18 ////; 
ttag +19 ////; 
ttag +20 ////; 
ttag +21 ////; 
ttag +22 ////; 
ttag +23 ////; 
ttag +24 ////; 
ttag +25 ////; 
ttag +26 ////; 
ttag +27 ////; 
ttag +28 ////; 
ttag +29 ////; 
ttag +30 ////; 
ttag +31 ////; 
ttag +32 ////; 
ttag +33 ////; 
ttag +34 ////; 
ttag +35 ////; 
ttag +36 ////; 
ttag +37 ////; 
ttag +38 ////; 
ttag +39 ////; 
ttag +40 ////; 
ttag +41 ////; 
ttag +42 ////; 
ttag +43 ////; 
ttag +44 ////; 
ttag +45 ////; 
ttag +46 ////; 
ttag +47 ////; 
ttag +48 ////; 
ttag +49 100/100/100/100/100; 
ttag +50 87/84/75/85/70; 
ttag +51 90/86/74/90/72; 
ttag +52 70/58/46/73/48; 
ttag +53 26/[2]/?/6/1; 
ttag +54 70/65/54/57/58; 
ttag +55 44/32/21/39/26; 
ttag +56 100/100/98/98/99; 
ttag +57 20/7/4/8/10; 
ttag +58 88/83/76/88/73; 
ttag +59 41/29/16/38/22; 
ttag +60 64/56/45/61/41; 
ttag +61 27/14/?/23/5; 
ttag +62 46/34/19/50/24; 
ttag +63 21/8/?/12/6; 
ttag +64 96/96/93/98/91; 
ttag +65 50/38/20/48/24; 
ttag +66 58/29/24/19/12; 
ttag +67 90/86/78/92/83; 
ttag +68 100/100/100/100/98; 
ttag +69 29/15/?/19/9; 
ttag +70 92/91/80/93/87; 
ttag +71 94/94/80/91/81; 
ttag +72 100/100/100/100/99; 
ttag +73 96/94/92/96/98; 
ttag +74 88/86/72/85/77; 
ttag +75 85/83/70/74/71; 
ttag +76 60/52/47/50/48; 
ttag +77 56/45/35/47/30; 
ttag +78 33/10/18/10/3; 
ttag +79 89/88/79/88/79; 
ttag +80 46/35/20/32/26; 
ttag +81 97/97/96/97/95; 
ttag +82 66/56/54/54/50; 
ttag +83 64/52/55/60/54; 
ttag +84 26/9/6/10/3; 
ttag +85 64/54/45/60/48; 
ttag +86 98/98/96/99/96; 
ttag +87 64/43/42/44/46; 
ttag +88 45/22/23/24/27; 
ttag +89 82/76/73/86/75; 
ttag +90 53/26/22/24/11; 
ttag +91 100/100/99/99/98; 
ttag +92 11/[11]/?/?/?; 
ttag +93 11/[10]/?/?/?; 
ttag +94 94/93/86/91/85; 
