tread
'Tree with tags' 
(0 (1 ((2 3 )(4 (5 ((6 7 )(8 (9 10 ))(11 (13 (12 ((14 ((16 (15 17 ))(18 (19 20 ))))(21 ((22 (23 (24 25 )))(26 (27 (28 ((29 (30 31 ))(((32 (33 34 ))(35 (36 (38 (37 39 )))))(40 41 (42 43 ))(45 (44 (46 47 )))))))))))))))))))); 
ttag *!; 
ttag +49 ???; 
ttag +50 3; 
ttag +51 4; 
ttag +52 6; 
ttag +53 2; 
ttag +54 2; 
ttag +55 1; 
ttag +56 8; 
ttag +57 1; 
ttag +58 1; 
ttag +59 2; 
ttag +60 5; 
ttag +61 2; 
ttag +62 1; 
ttag +63 1; 
ttag +64 2; 
ttag +65 3; 
ttag +66 3; 
ttag +67 10; 
ttag +68 3; 
ttag +69 6; 
ttag +70 5; 
ttag +71 9; 
ttag +72 5; 
ttag +73 4; 
ttag +74 1; 
ttag +75 1; 
ttag +76 6; 
ttag +77 1; 
ttag +78 6; 
ttag +79 1; 
ttag +80 9; 
ttag +81 1; 
ttag +82 3; 
ttag +83 3; 
ttag +84 1; 
ttag +85 1; 
ttag +86 4; 
ttag +87 4; 
ttag +88 4; 
ttag +89 1; 
ttag +90 2; 
ttag +91 2; 
tread
'Tree with tags' 
(0 (1 ((2 3 )(4 (5 ((6 7 )((8 (9 10 ))(11 (13 (12 ((14 ((16 (15 17 ))(18 (19 20 ))))(21 ((22 (23 (24 25 )))(26 (27 (28 ((29 (30 31 ))((((32 (33 34 ))(35 (36 (38 (37 39 )))))((40 41 )(42 43 )))(45 (44 (46 47 ))))))))))))))))))))); 
ttag *!; 
ttag +0 ////; 
ttag +1 ////; 
ttag +2 ////; 
ttag +3 ////; 
ttag +4 ////; 
ttag +5 ////; 
ttag +6 ////; 
ttag +7 ////; 
ttag +8 ////; 
ttag +9 ////; 
ttag +10 ////; 
ttag +11 ////; 
ttag +12 ////; 
ttag +13 ////; 
ttag +14 ////; 
ttag +15 ////; 
ttag +16 ////; 
ttag +17 ////; 
ttag +18 ////; 
ttag +19 ////; 
ttag +20 ////; 
ttag +21 ////; 
ttag +22 ////; 
ttag +23 ////; 
ttag +24 ////; 
ttag +25 ////; 
ttag +26 ////; 
ttag +27 ////; 
ttag +28 ////; 
ttag +29 ////; 
ttag +30 ////; 
ttag +31 ////; 
ttag +32 ////; 
ttag +33 ////; 
ttag +34 ////; 
ttag +35 ////; 
ttag +36 ////; 
ttag +37 ////; 
ttag +38 ////; 
ttag +39 ////; 
ttag +40 ////; 
ttag +41 ////; 
ttag +42 ////; 
ttag +43 ////; 
ttag +44 ////; 
ttag +45 ////; 
ttag +46 ////; 
ttag +47 ////; 
ttag +48 ////; 
ttag +49 100/100/100/100/100; 
ttag +50 95/95/90/93/87; 
ttag +51 94/91/86/94/86; 
ttag +52 98/98/97/98/95; 
ttag +53 69/59/54/52/51; 
ttag +54 80/68/71/67/57; 
ttag +55 34/10/5/8/?; 
ttag +56 98/98/94/99/95; 
ttag +57 11/[21]/?/?/?; 
ttag +58 71/53/36/54/48; 
ttag +59 21/[2]/?/6/?; 
ttag +60 28/10/6/19/8; 
ttag +61 76/74/60/73/56; 
ttag +62 21/12/5/10/6; 
ttag +63 10/[8]/?/?/?; 
ttag +64 34/8/?/10/?; 
ttag +65 63/54/47/55/56; 
ttag +66 72/70/62/70/52; 
ttag +67 82/71/62/76/68; 
ttag +68 100/100/100/100/100; 
ttag +69 49/30/20/43/26; 
ttag +70 82/79/70/86/71; 
ttag +71 60/42/37/55/41; 
ttag +72 98/98/92/98/94; 
ttag +73 96/95/92/96/88; 
ttag +74 85/82/74/90/74; 
ttag +75 26/[21]/?/?/?; 
ttag +76 42/26/18/32/21; 
ttag +77 98/98/97/99/95; 
ttag +78 53/38/38/49/42; 
ttag +79 99/99/98/100/97; 
ttag +80 54/48/38/49/40; 
ttag +81 99/98/98/100/98; 
ttag +82 30/[19]/?/?/?; 
ttag +83 47/35/28/36/33; 
ttag +84 93/92/81/87/84; 
ttag +85 85/82/65/89/76; 
ttag +86 60/51/37/56/45; 
ttag +87 62/50/36/51/43; 
ttag +88 93/90/70/90/80; 
ttag +89 26/[25]/?/?/?; 
ttag +90 95/94/88/93/89; 
ttag +91 98/98/97/98/95; 
ttag +92 60/51/40/45/40; 
ttag +93 78/74/58/73/60; 
ttag +94 78/74/70/73/70; 
