tread
'Tree with tags' 
(0 (1 ((2 3 )(4 (5 ((6 7 (8 (9 10 )))(11 12 13 14 21 (15 (16 17 ))(18 (19 20 ))((22 (23 (24 25 )))(26 27 28 (31 (29 30 ))((((32 (35 (36 (37 (38 39 )))))(33 34 ))(40 (41 (42 43 ))))(47 (45 (44 46 ))))))))))))); 
ttag *!; 
ttag +49 ???; 
ttag +50 4; 
ttag +51 6; 
ttag +52 4; 
ttag +53 1; 
ttag +54 1; 
ttag +55 1; 
ttag +56 7; 
ttag +57 2; 
ttag +58 4; 
ttag +59 4; 
ttag +60 4; 
ttag +61 2; 
ttag +62 9; 
ttag +63 1; 
ttag +64 2; 
ttag +65 5; 
ttag +66 6; 
ttag +67 6; 
ttag +68 1; 
ttag +69 8; 
ttag +70 1; 
ttag +71 3; 
ttag +72 1; 
ttag +73 1; 
ttag +74 2; 
ttag +75 5; 
ttag +76 4; 
ttag +77 4; 
ttag +78 4; 
ttag +79 6; 
ttag +80 5; 
ttag +81 9; 
ttag +82 1; 
ttag +83 1; 
ttag +84 1; 
tread
'Tree with tags' 
(0 (1 ((2 3 )(4 (5 ((7 (6 (8 (9 10 ))))((11 13 )(((12 21 )(14 ((22 (23 (24 25 )))(28 ((27 (26 ((((32 (35 (36 (37 (38 39 )))))(33 34 ))(40 (41 (42 43 ))))(47 (45 (44 46 ))))))(31 (29 30 )))))))((15 (16 17 ))(18 (19 20 ))))))))))); 
ttag *!; 
ttag +0 ////; 
ttag +1 ////; 
ttag +2 ////; 
ttag +3 ////; 
ttag +4 ////; 
ttag +5 ////; 
ttag +6 ////; 
ttag +7 ////; 
ttag +8 ////; 
ttag +9 ////; 
ttag +10 ////; 
ttag +11 ////; 
ttag +12 ////; 
ttag +13 ////; 
ttag +14 ////; 
ttag +15 ////; 
ttag +16 ////; 
ttag +17 ////; 
ttag +18 ////; 
ttag +19 ////; 
ttag +20 ////; 
ttag +21 ////; 
ttag +22 ////; 
ttag +23 ////; 
ttag +24 ////; 
ttag +25 ////; 
ttag +26 ////; 
ttag +27 ////; 
ttag +28 ////; 
ttag +29 ////; 
ttag +30 ////; 
ttag +31 ////; 
ttag +32 ////; 
ttag +33 ////; 
ttag +34 ////; 
ttag +35 ////; 
ttag +36 ////; 
ttag +37 ////; 
ttag +38 ////; 
ttag +39 ////; 
ttag +40 ////; 
ttag +41 ////; 
ttag +42 ////; 
ttag +43 ////; 
ttag +44 ////; 
ttag +45 ////; 
ttag +46 ////; 
ttag +47 ////; 
ttag +48 ////; 
ttag +49 100/100/100/100/100; 
ttag +50 96/94/91/93/92; 
ttag +51 85/77/64/83/69; 
ttag +52 73/68/54/76/60; 
ttag +53 46/28/10/38/15; 
ttag +54 27/0/?/?/?; 
ttag +55 52/38/33/45/29; 
ttag +56 35/22/3/22/6; 
ttag +57 99/99/97/98/97; 
ttag +58 86/82/74/75/75; 
ttag +59 22/0/3/?/?; 
ttag +60 77/72/51/77/58; 
ttag +61 15/[17]/?/?/?; 
ttag +62 0/[32]/?/?/?; 
ttag +63 19/12/3/20/10; 
ttag +64 12/[10]/?/?/?; 
ttag +65 98/97/90/98/93; 
ttag +66 45/22/20/26/16; 
ttag +67 96/95/90/94/90; 
ttag +68 92/90/84/90/84; 
ttag +69 100/100/98/100/99; 
ttag +70 77/66/68/76/66; 
ttag +71 67/64/49/72/54; 
ttag +72 96/95/90/95/88; 
ttag +73 99/99/93/99/94; 
ttag +74 8/[25]/?/?/?; 
ttag +75 11/[9]/?/?/?; 
ttag +76 16/[9]/?/?/?; 
ttag +77 86/84/73/87/76; 
ttag +78 45/18/14/26/15; 
ttag +79 99/99/96/99/98; 
ttag +80 34/[8]/?/?/?; 
ttag +81 88/86/76/90/75; 
ttag +82 14/[40]/?/?/?; 
ttag +83 54/32/30/33/39; 
ttag +84 92/90/82/90/88; 
ttag +85 95/92/76/84/78; 
ttag +86 92/88/88/94/90; 
ttag +87 93/92/87/95/85; 
ttag +88 93/91/87/95/86; 
ttag +89 99/99/100/99/99; 
ttag +90 92/88/85/90/88; 
ttag +91 98/98/96/96/97; 
ttag +92 27/10/?/14/7; 
ttag +93 12/[4]/?/2/1; 
ttag +94 47/29/34/26/30; 
