tread
'Tree with tags' 
(0 (1 ((2 3 )(4 5 6 7 11 (8 (9 10 ))((12 13 )((14 (17 (15 16 ))(18 (19 20 )))(21 ((22 (23 (24 25 )))(26 (27 (28 (29 (30 31 ))(32 ((33 34 )(35 (36 (38 (37 39 ))))))((40 41 (42 43 ))(44 (45 (46 47 ))))))))))))))); 
ttag *!; 
ttag +49 ???; 
ttag +50 6; 
ttag +51 3; 
ttag +52 1; 
ttag +53 11; 
ttag +54 1; 
ttag +55 1; 
ttag +56 2; 
ttag +57 1; 
ttag +58 1; 
ttag +59 2; 
ttag +60 6; 
ttag +61 5; 
ttag +62 10; 
ttag +63 1; 
ttag +64 4; 
ttag +65 1; 
ttag +66 5; 
ttag +67 4; 
ttag +68 9; 
ttag +69 1; 
ttag +70 3; 
ttag +71 3; 
ttag +72 7; 
ttag +73 7; 
ttag +74 2; 
ttag +75 3; 
ttag +76 2; 
ttag +77 1; 
ttag +78 1; 
ttag +79 7; 
ttag +80 9; 
ttag +81 3; 
ttag +82 8; 
ttag +83 4; 
ttag +84 1; 
ttag +85 2; 
tread
'Tree with tags' 
(0 (1 ((2 3 )((4 (5 ((8 (9 10 ))(11 ((12 13 )((14 ((17 (15 16 ))(18 (19 20 ))))(21 ((22 (23 (24 25 )))(26 (27 (28 ((29 (30 31 ))((32 ((33 34 )(35 (36 (38 (37 39 ))))))((40 (41 (42 43 )))(44 (45 (46 47 )))))))))))))))))(6 7 ))))); 
ttag *!; 
ttag +0 ////; 
ttag +1 ////; 
ttag +2 ////; 
ttag +3 ////; 
ttag +4 ////; 
ttag +5 ////; 
ttag +6 ////; 
ttag +7 ////; 
ttag +8 ////; 
ttag +9 ////; 
ttag +10 ////; 
ttag +11 ////; 
ttag +12 ////; 
ttag +13 ////; 
ttag +14 ////; 
ttag +15 ////; 
ttag +16 ////; 
ttag +17 ////; 
ttag +18 ////; 
ttag +19 ////; 
ttag +20 ////; 
ttag +21 ////; 
ttag +22 ////; 
ttag +23 ////; 
ttag +24 ////; 
ttag +25 ////; 
ttag +26 ////; 
ttag +27 ////; 
ttag +28 ////; 
ttag +29 ////; 
ttag +30 ////; 
ttag +31 ////; 
ttag +32 ////; 
ttag +33 ////; 
ttag +34 ////; 
ttag +35 ////; 
ttag +36 ////; 
ttag +37 ////; 
ttag +38 ////; 
ttag +39 ////; 
ttag +40 ////; 
ttag +41 ////; 
ttag +42 ////; 
ttag +43 ////; 
ttag +44 ////; 
ttag +45 ////; 
ttag +46 ////; 
ttag +47 ////; 
ttag +48 ////; 
ttag +49 100/100/100/100/100; 
ttag +50 100/100/98/98/97; 
ttag +51 84/78/65/78/55; 
ttag +52 15/[3]/?/?/?; 
ttag +53 38/20/10/23/20; 
ttag +54 4/[10]/?/?/?; 
ttag +55 56/42/33/40/38; 
ttag +56 100/100/100/99/100; 
ttag +57 6/[5]/?/?/?; 
ttag +58 81/78/76/79/73; 
ttag +59 26/15/?/20/8; 
ttag +60 13/2/4/6/5; 
ttag +61 56/50/36/54/35; 
ttag +62 33/27/22/26/23; 
ttag +63 21/1/?/4/?; 
ttag +64 89/87/75/84/72; 
ttag +65 96/94/87/97/90; 
ttag +66 21/[10]/?/?/?; 
ttag +67 93/92/82/96/84; 
ttag +68 100/100/99/100/100; 
ttag +69 25/5/?/5/?; 
ttag +70 78/73/58/74/54; 
ttag +71 42/23/11/22/10; 
ttag +72 92/91/89/94/88; 
ttag +73 95/94/82/90/88; 
ttag +74 92/89/81/93/79; 
ttag +75 37/0/?/5/?; 
ttag +76 59/51/45/60/45; 
ttag +77 60/49/40/50/26; 
ttag +78 34/22/14/19/20; 
ttag +79 99/99/97/99/94; 
ttag +80 96/95/90/92/88; 
ttag +81 41/29/25/22/10; 
ttag +82 50/32/36/32/36; 
ttag +83 46/13/23/17/14; 
ttag +84 52/37/20/34/31; 
ttag +85 42/31/30/22/27; 
ttag +86 66/66/62/63/59; 
ttag +87 98/98/91/97/92; 
ttag +88 99/98/95/99/94; 
ttag +89 58/43/40/37/21; 
ttag +90 18/[32]/?/?/?; 
ttag +91 98/97/96/99/98; 
ttag +92 72/68/68/67/60; 
ttag +93 45/40/31/39/24; 
ttag +94 69/64/54/61/52; 
