tread
'Tree with tags' 
(0 ((1 (2 3 ))(4 (5 (6 (7 (8 (9 10 ))))(11 12 13 21 )(14 ((15 (16 17 ))(18 (19 20 ))))((22 (23 (24 25 )))(26 (27 (28 (((29 (30 31 ))(32 ((33 34 )(35 36 (37 (38 39 ))))))((40 41 (42 43 ))(44 45 (46 47 )))))))))))); 
ttag *!; 
ttag +49 1; 
ttag +50 ???; 
ttag +51 5; 
ttag +52 1; 
ttag +53 1; 
ttag +54 2; 
ttag +55 2; 
ttag +56 3; 
ttag +57 2; 
ttag +58 1; 
ttag +59 3; 
ttag +60 12; 
ttag +61 5; 
ttag +62 1; 
ttag +63 6; 
ttag +64 7; 
ttag +65 5; 
ttag +66 6; 
ttag +67 7; 
ttag +68 5; 
ttag +69 4; 
ttag +70 3; 
ttag +71 4; 
ttag +72 5; 
ttag +73 3; 
ttag +74 3; 
ttag +75 3; 
ttag +76 5; 
ttag +77 3; 
ttag +78 1; 
ttag +79 5; 
ttag +80 6; 
ttag +81 1; 
ttag +82 5; 
ttag +83 3; 
ttag +84 8; 
ttag +85 3; 
ttag +86 3; 
tread
'Tree with tags' 
(0 ((1 (2 3 ))(4 ((5 (((12 (13 (11 21 )))(14 ((15 (16 17 ))(18 (19 20 )))))((22 (23 (24 25 )))(26 (27 (28 (((29 (30 31 ))(32 ((33 34 )(36 (35 (37 (38 39 )))))))((41 (40 (42 43 )))(44 (45 (46 47 )))))))))))(6 (7 (8 (9 10 )))))))); 
ttag *!; 
ttag +0 ////; 
ttag +1 ////; 
ttag +2 ////; 
ttag +3 ////; 
ttag +4 ////; 
ttag +5 ////; 
ttag +6 ////; 
ttag +7 ////; 
ttag +8 ////; 
ttag +9 ////; 
ttag +10 ////; 
ttag +11 ////; 
ttag +12 ////; 
ttag +13 ////; 
ttag +14 ////; 
ttag +15 ////; 
ttag +16 ////; 
ttag +17 ////; 
ttag +18 ////; 
ttag +19 ////; 
ttag +20 ////; 
ttag +21 ////; 
ttag +22 ////; 
ttag +23 ////; 
ttag +24 ////; 
ttag +25 ////; 
ttag +26 ////; 
ttag +27 ////; 
ttag +28 ////; 
ttag +29 ////; 
ttag +30 ////; 
ttag +31 ////; 
ttag +32 ////; 
ttag +33 ////; 
ttag +34 ////; 
ttag +35 ////; 
ttag +36 ////; 
ttag +37 ////; 
ttag +38 ////; 
ttag +39 ////; 
ttag +40 ////; 
ttag +41 ////; 
ttag +42 ////; 
ttag +43 ////; 
ttag +44 ////; 
ttag +45 ////; 
ttag +46 ////; 
ttag +47 ////; 
ttag +48 ////; 
ttag +49 62/36/12/36/23; 
ttag +50 100/100/100/100/100; 
ttag +51 98/97/93/97/96; 
ttag +52 38/18/12/27/24; 
ttag +53 10/[10]/?/?/?; 
ttag +54 48/45/35/48/38; 
ttag +55 62/56/40/56/47; 
ttag +56 62/56/46/58/32; 
ttag +57 73/66/53/70/60; 
ttag +58 63/55/47/55/46; 
ttag +59 14/[28]/?/?/?; 
ttag +60 5/[37]/?/?/?; 
ttag +61 31/14/1/20/9; 
ttag +62 6/[10]/?/?/?; 
ttag +63 26/16/15/21/18; 
ttag +64 54/39/17/42/25; 
ttag +65 99/99/98/100/98; 
ttag +66 66/51/31/54/40; 
ttag +67 50/32/18/33/26; 
ttag +68 90/87/84/95/84; 
ttag +69 97/96/96/96/95; 
ttag +70 76/69/65/78/63; 
ttag +71 88/84/78/85/82; 
ttag +72 99/98/93/98/93; 
ttag +73 98/97/90/95/89; 
ttag +74 83/81/66/83/64; 
ttag +75 79/76/68/76/59; 
ttag +76 84/80/67/84/62; 
ttag +77 97/97/91/96/90; 
ttag +78 60/53/33/62/36; 
ttag +79 85/83/72/87/73; 
ttag +80 81/73/71/80/69; 
ttag +81 97/96/89/98/92; 
ttag +82 84/81/67/83/74; 
ttag +83 55/43/27/42/35; 
ttag +84 25/[14]/?/?/?; 
ttag +85 77/73/65/73/70; 
ttag +86 98/98/94/99/93; 
ttag +87 53/39/35/44/38; 
ttag +88 39/10/4/13/6; 
ttag +89 88/85/82/91/80; 
ttag +90 78/75/60/80/60; 
ttag +91 99/99/98/98/96; 
ttag +92 81/76/68/80/68; 
ttag +93 12/[30]/?/?/?; 
ttag +94 86/84/73/86/74; 
