tread
'Tree with tags' 
(0 (1 ((2 3 )(4 (5 11 12 13 14 21 (6 7 )(8 (9 10 ))((15 (16 17 ))(18 (19 20 )))(22 (23 (24 25 )))(26 27 28 (29 (30 31 ))(32 ((33 34 )(35 (36 (37 (38 39 ))))))((41 (40 (42 43 )))(45 (44 (46 47 )))))))))); 
ttag *!; 
ttag +49 ???; 
ttag +50 8; 
ttag +51 6; 
ttag +52 1; 
ttag +53 1; 
ttag +54 3; 
ttag +55 3; 
ttag +56 1; 
ttag +57 7; 
ttag +58 3; 
ttag +59 1; 
ttag +60 4; 
ttag +61 6; 
ttag +62 7; 
ttag +63 3; 
ttag +64 5; 
ttag +65 7; 
ttag +66 3; 
ttag +67 5; 
ttag +68 9; 
ttag +69 3; 
ttag +70 1; 
ttag +71 2; 
ttag +72 4; 
ttag +73 6; 
ttag +74 2; 
ttag +75 2; 
ttag +76 6; 
ttag +77 1; 
ttag +78 10; 
ttag +79 4; 
ttag +80 5; 
ttag +81 1; 
tread
'Tree with tags' 
(0 (1 ((2 3 )(4 ((11 (5 (12 ((13 (28 (26 (27 ((29 (30 31 ))((32 ((33 34 )(35 (36 (37 (38 39 ))))))((41 (40 (42 43 )))(45 (44 (46 47 ))))))))))(14 (21 ((15 (16 17 ))(18 (19 20 )))))))))((6 7 )((8 (9 10 ))(22 (23 (24 25 )))))))))); 
ttag *!; 
ttag +0 ////; 
ttag +1 ////; 
ttag +2 ////; 
ttag +3 ////; 
ttag +4 ////; 
ttag +5 ////; 
ttag +6 ////; 
ttag +7 ////; 
ttag +8 ////; 
ttag +9 ////; 
ttag +10 ////; 
ttag +11 ////; 
ttag +12 ////; 
ttag +13 ////; 
ttag +14 ////; 
ttag +15 ////; 
ttag +16 ////; 
ttag +17 ////; 
ttag +18 ////; 
ttag +19 ////; 
ttag +20 ////; 
ttag +21 ////; 
ttag +22 ////; 
ttag +23 ////; 
ttag +24 ////; 
ttag +25 ////; 
ttag +26 ////; 
ttag +27 ////; 
ttag +28 ////; 
ttag +29 ////; 
ttag +30 ////; 
ttag +31 ////; 
ttag +32 ////; 
ttag +33 ////; 
ttag +34 ////; 
ttag +35 ////; 
ttag +36 ////; 
ttag +37 ////; 
ttag +38 ////; 
ttag +39 ////; 
ttag +40 ////; 
ttag +41 ////; 
ttag +42 ////; 
ttag +43 ////; 
ttag +44 ////; 
ttag +45 ////; 
ttag +46 ////; 
ttag +47 ////; 
ttag +48 ////; 
ttag +49 100/100/100/100/100; 
ttag +50 98/98/98/98/97; 
ttag +51 98/97/95/99/91; 
ttag +52 56/32/18/28/16; 
ttag +53 7/[22]/?/?/?; 
ttag +54 5/[25]/?/?/?; 
ttag +55 56/45/39/38/25; 
ttag +56 89/88/85/89/87; 
ttag +57 12/[17]/?/?/?; 
ttag +58 98/97/95/97/96; 
ttag +59 32/2/?/?/?; 
ttag +60 55/31/27/42/28; 
ttag +61 30/12/?/7/?; 
ttag +62 18/[2]/?/?/?; 
ttag +63 18/0/?/?/?; 
ttag +64 14/[6]/?/?/?; 
ttag +65 100/100/99/99/99; 
ttag +66 87/84/70/84/72; 
ttag +67 14/[7]/?/?/?; 
ttag +68 73/62/54/75/72; 
ttag +69 98/98/98/97/96; 
ttag +70 99/98/99/99/98; 
ttag +71 96/95/91/96/93; 
ttag +72 86/79/77/85/73; 
ttag +73 99/99/99/98/97; 
ttag +74 36/20/17/18/19; 
ttag +75 94/93/88/96/92; 
ttag +76 25/[19]/?/?/?; 
ttag +77 86/83/73/89/86; 
ttag +78 60/44/35/35/34; 
ttag +79 97/96/94/97/93; 
ttag +80 98/98/95/98/95; 
ttag +81 42/15/8/13/14; 
ttag +82 80/75/54/77/61; 
ttag +83 48/36/26/46/32; 
ttag +84 81/76/70/76/73; 
ttag +85 97/96/83/94/87; 
ttag +86 98/98/97/98/97; 
ttag +87 70/60/48/69/50; 
ttag +88 70/61/57/65/52; 
ttag +89 98/97/94/94/92; 
ttag +90 52/22/24/34/14; 
ttag +91 99/99/97/98/97; 
ttag +92 87/85/73/84/78; 
ttag +93 96/94/88/95/88; 
ttag +94 62/46/35/41/40; 
