tread
'Tree with tags' 
(0 (1 ((2 3 )(4 5 (6 (7 (8 (9 10 ))))(11 12 13 (14 ((15 (16 17 ))(18 (19 20 ))))(21 ((22 (23 (24 25 )))(28 (26 27 )((29 (30 31 ))((32 (35 (33 34 )(36 (37 38 39 ))))(44 45 46 47 (40 41 (42 43 ))))))))))))); 
ttag *!; 
ttag +49 ???; 
ttag +50 1; 
ttag +51 7; 
ttag +52 5; 
ttag +53 2; 
ttag +54 1; 
ttag +55 8; 
ttag +56 1; 
ttag +57 2; 
ttag +58 1; 
ttag +59 4; 
ttag +60 3; 
ttag +61 2; 
ttag +62 2; 
ttag +63 5; 
ttag +64 3; 
ttag +65 3; 
ttag +66 3; 
ttag +67 7; 
ttag +68 4; 
ttag +69 1; 
ttag +70 2; 
ttag +71 1; 
ttag +72 1; 
ttag +73 10; 
ttag +74 3; 
ttag +75 1; 
ttag +76 7; 
ttag +77 3; 
ttag +78 1; 
ttag +79 7; 
ttag +80 10; 
ttag +81 1; 
ttag +82 8; 
tread
'Tree with tags' 
(0 (1 ((2 3 )((5 (4 (11 (13 (12 ((14 ((15 (16 17 ))(18 (19 20 ))))(21 ((22 (23 (24 25 )))((26 27 )(28 ((29 (30 31 ))((32 ((33 34 )(35 (36 (38 (37 39 ))))))(46 (45 (44 (47 (40 (41 (42 43 )))))))))))))))))))(6 (7 (8 (9 10 )))))))); 
ttag *!; 
ttag +0 ////; 
ttag +1 ////; 
ttag +2 ////; 
ttag +3 ////; 
ttag +4 ////; 
ttag +5 ////; 
ttag +6 ////; 
ttag +7 ////; 
ttag +8 ////; 
ttag +9 ////; 
ttag +10 ////; 
ttag +11 ////; 
ttag +12 ////; 
ttag +13 ////; 
ttag +14 ////; 
ttag +15 ////; 
ttag +16 ////; 
ttag +17 ////; 
ttag +18 ////; 
ttag +19 ////; 
ttag +20 ////; 
ttag +21 ////; 
ttag +22 ////; 
ttag +23 ////; 
ttag +24 ////; 
ttag +25 ////; 
ttag +26 ////; 
ttag +27 ////; 
ttag +28 ////; 
ttag +29 ////; 
ttag +30 ////; 
ttag +31 ////; 
ttag +32 ////; 
ttag +33 ////; 
ttag +34 ////; 
ttag +35 ////; 
ttag +36 ////; 
ttag +37 ////; 
ttag +38 ////; 
ttag +39 ////; 
ttag +40 ////; 
ttag +41 ////; 
ttag +42 ////; 
ttag +43 ////; 
ttag +44 ////; 
ttag +45 ////; 
ttag +46 ////; 
ttag +47 ////; 
ttag +48 ////; 
ttag +49 100/100/100/100/100; 
ttag +50 68/57/51/64/53; 
ttag +51 98/98/96/98/92; 
ttag +52 22/[7]/?/7/?; 
ttag +53 12/[18]/?/?/?; 
ttag +54 94/92/72/91/73; 
ttag +55 76/69/64/71/62; 
ttag +56 60/56/44/46/42; 
ttag +57 99/99/98/98/97; 
ttag +58 56/41/29/42/27; 
ttag +59 69/64/49/64/54; 
ttag +60 13/2/?/8/2; 
ttag +61 27/5/0/11/3; 
ttag +62 72/68/56/69/63; 
ttag +63 26/15/9/22/9; 
ttag +64 97/96/94/97/94; 
ttag +65 80/73/68/78/74; 
ttag +66 64/46/39/60/46; 
ttag +67 81/73/68/75/68; 
ttag +68 98/98/95/99/96; 
ttag +69 56/46/26/52/30; 
ttag +70 83/72/64/77/64; 
ttag +71 60/50/26/61/31; 
ttag +72 98/97/89/98/92; 
ttag +73 91/88/82/88/76; 
ttag +74 75/62/66/69/64; 
ttag +75 74/72/44/74/48; 
ttag +76 25/2/?/4/0; 
ttag +77 74/71/56/77/64; 
ttag +78 51/41/15/39/24; 
ttag +79 100/100/99/100/100; 
ttag +80 76/70/58/72/54; 
ttag +81 39/32/16/28/14; 
ttag +82 98/97/92/100/94; 
ttag +83 79/72/62/79/58; 
ttag +84 53/33/38/30/21; 
ttag +85 56/39/27/42/28; 
ttag +86 24/[31]/?/?/?; 
ttag +87 98/98/97/99/99; 
ttag +88 99/98/100/99/98; 
ttag +89 25/[3]/?/?/?; 
ttag +90 20/[8]/?/?/?; 
ttag +91 23/[5]/?/?/?; 
ttag +92 47/36/16/29/18; 
ttag +93 33/[12]/?/4/?; 
ttag +94 99/99/98/99/99; 
