tread
'Tree with tags' 
(0 (1 ((2 3 )(4 (5 (6 7 (8 (9 10 )))(11 ((12 13 )((14 21 (22 (23 (24 25 )))(26 (27 (28 ((29 (30 31 ))((32 ((33 34 )(35 36 (37 (38 39 )))))((40 (41 (42 43 )))(46 (44 (45 47 ))))))))))((15 (16 17 ))(18 (19 20 ))))))))))); 
ttag *!; 
ttag +49 ???; 
ttag +50 5; 
ttag +51 2; 
ttag +52 3; 
ttag +53 2; 
ttag +54 1; 
ttag +55 8; 
ttag +56 2; 
ttag +57 3; 
ttag +58 1; 
ttag +59 2; 
ttag +60 1; 
ttag +61 2; 
ttag +62 2; 
ttag +63 1; 
ttag +64 6; 
ttag +65 3; 
ttag +66 7; 
ttag +67 3; 
ttag +68 5; 
ttag +69 4; 
ttag +70 8; 
ttag +71 4; 
ttag +72 5; 
ttag +73 5; 
ttag +74 2; 
ttag +75 4; 
ttag +76 5; 
ttag +77 1; 
ttag +78 1; 
ttag +79 2; 
ttag +80 3; 
ttag +81 2; 
ttag +82 2; 
ttag +83 12; 
ttag +84 1; 
ttag +85 4; 
ttag +86 6; 
ttag +87 2; 
ttag +88 4; 
ttag +89 1; 
tread
'Tree with tags' 
(0 (1 ((2 3 )(4 (5 ((6 (7 (8 (9 10 ))))(11 ((12 13 )((21 ((14 (26 (27 (28 ((29 (30 31 ))((32 ((33 34 )(36 (35 (37 (38 39 ))))))((40 (41 (42 43 )))(46 (44 (45 47 ))))))))))(22 (23 (24 25 )))))((15 (16 17 ))(18 (19 20 )))))))))))); 
ttag *!; 
ttag +0 ////; 
ttag +1 ////; 
ttag +2 ////; 
ttag +3 ////; 
ttag +4 ////; 
ttag +5 ////; 
ttag +6 ////; 
ttag +7 ////; 
ttag +8 ////; 
ttag +9 ////; 
ttag +10 ////; 
ttag +11 ////; 
ttag +12 ////; 
ttag +13 ////; 
ttag +14 ////; 
ttag +15 ////; 
ttag +16 ////; 
ttag +17 ////; 
ttag +18 ////; 
ttag +19 ////; 
ttag +20 ////; 
ttag +21 ////; 
ttag +22 ////; 
ttag +23 ////; 
ttag +24 ////; 
ttag +25 ////; 
ttag +26 ////; 
ttag +27 ////; 
ttag +28 ////; 
ttag +29 ////; 
ttag +30 ////; 
ttag +31 ////; 
ttag +32 ////; 
ttag +33 ////; 
ttag +34 ////; 
ttag +35 ////; 
ttag +36 ////; 
ttag +37 ////; 
ttag +38 ////; 
ttag +39 ////; 
ttag +40 ////; 
ttag +41 ////; 
ttag +42 ////; 
ttag +43 ////; 
ttag +44 ////; 
ttag +45 ////; 
ttag +46 ////; 
ttag +47 ////; 
ttag +48 ////; 
ttag +49 100/100/100/100/100; 
ttag +50 99/99/97/97/96; 
ttag +51 54/37/24/35/32; 
ttag +52 59/52/38/55/38; 
ttag +53 36/28/9/22/14; 
ttag +54 49/35/27/34/23; 
ttag +55 14/[8]/?/?/?; 
ttag +56 12/[20]/?/?/?; 
ttag +57 99/99/98/98/98; 
ttag +58 81/75/64/71/62; 
ttag +59 55/48/38/47/38; 
ttag +60 35/17/5/11/1; 
ttag +61 66/48/42/48/36; 
ttag +62 21/[12]/?/?/?; 
ttag +63 12/[22]/?/?/?; 
ttag +64 38/30/11/28/19; 
ttag +65 39/31/27/36/22; 
ttag +66 75/64/58/67/54; 
ttag +67 43/36/31/35/25; 
ttag +68 93/91/90/93/86; 
ttag +69 81/76/76/82/65; 
ttag +70 99/99/99/100/99; 
ttag +71 91/88/73/92/74; 
ttag +72 97/96/91/96/89; 
ttag +73 93/92/91/90/84; 
ttag +74 100/100/96/98/94; 
ttag +75 95/93/79/93/83; 
ttag +76 96/96/84/95/84; 
ttag +77 94/94/83/94/79; 
ttag +78 82/72/66/74/67; 
ttag +79 97/96/95/94/96; 
ttag +80 92/91/81/88/77; 
ttag +81 63/58/54/48/56; 
ttag +82 59/40/28/45/43; 
ttag +83 75/67/64/64/53; 
ttag +84 22/4/0/?/8; 
ttag +85 84/81/79/88/82; 
ttag +86 52/40/33/41/38; 
ttag +87 50/37/31/36/28; 
ttag +88 100/100/98/99/98; 
ttag +89 56/27/23/30/27; 
ttag +90 81/71/61/76/49; 
ttag +91 95/94/86/94/78; 
ttag +92 59/34/30/46/26; 
ttag +93 96/95/88/94/86; 
ttag +94 30/4/3/11/10; 
