tread
'Tree with tags' 
(0 (1 ((2 3 )(4 ((5 (14 ((10 (8 9 ))(15 (16 17 )))(13 (11 (18 (19 20 )))(12 (21 ((22 (23 (24 25 )))(26 (27 (28 (((29 (30 31 ))(32 ((33 34 )(35 36 (37 38 39 )))))((40 (41 (42 43 )))(46 (44 45 47 )))))))))))))(6 7 )))))); 
ttag *!; 
ttag +49 ???; 
ttag +50 2; 
ttag +51 3; 
ttag +52 11; 
ttag +53 2; 
ttag +54 2; 
ttag +55 3; 
ttag +56 1; 
ttag +57 8; 
ttag +58 2; 
ttag +59 2; 
ttag +60 1; 
ttag +61 2; 
ttag +62 1; 
ttag +63 6; 
ttag +64 2; 
ttag +65 2; 
ttag +66 9; 
ttag +67 3; 
ttag +68 2; 
ttag +69 6; 
ttag +70 3; 
ttag +71 6; 
ttag +72 3; 
ttag +73 1; 
ttag +74 3; 
ttag +75 4; 
ttag +76 1; 
ttag +77 4; 
ttag +78 3; 
ttag +79 6; 
ttag +80 4; 
ttag +81 3; 
ttag +82 3; 
ttag +83 2; 
ttag +84 2; 
ttag +85 4; 
ttag +86 5; 
ttag +87 9; 
ttag +88 1; 
ttag +89 4; 
tread
'Tree with tags' 
(0 (1 ((2 3 )(4 ((5 (14 (((10 (8 9 ))(15 (16 17 )))((13 (11 (18 (19 20 ))))(12 (21 ((22 (23 (24 25 )))(26 (27 (28 (((29 (30 31 ))(32 ((33 34 )((35 36 )(38 (37 39 ))))))((40 (41 (42 43 )))(46 (44 (45 47 )))))))))))))))(6 7 )))))); 
ttag *!; 
ttag +0 ////; 
ttag +1 ////; 
ttag +2 ////; 
ttag +3 ////; 
ttag +4 ////; 
ttag +5 ////; 
ttag +6 ////; 
ttag +7 ////; 
ttag +8 ////; 
ttag +9 ////; 
ttag +10 ////; 
ttag +11 ////; 
ttag +12 ////; 
ttag +13 ////; 
ttag +14 ////; 
ttag +15 ////; 
ttag +16 ////; 
ttag +17 ////; 
ttag +18 ////; 
ttag +19 ////; 
ttag +20 ////; 
ttag +21 ////; 
ttag +22 ////; 
ttag +23 ////; 
ttag +24 ////; 
ttag +25 ////; 
ttag +26 ////; 
ttag +27 ////; 
ttag +28 ////; 
ttag +29 ////; 
ttag +30 ////; 
ttag +31 ////; 
ttag +32 ////; 
ttag +33 ////; 
ttag +34 ////; 
ttag +35 ////; 
ttag +36 ////; 
ttag +37 ////; 
ttag +38 ////; 
ttag +39 ////; 
ttag +40 ////; 
ttag +41 ////; 
ttag +42 ////; 
ttag +43 ////; 
ttag +44 ////; 
ttag +45 ////; 
ttag +46 ////; 
ttag +47 ////; 
ttag +48 ////; 
ttag +49 100/100/100/100/100; 
ttag +50 65/46/49/38/45; 
ttag +51 90/85/62/81/72; 
ttag +52 98/98/95/98/96; 
ttag +53 18/[2]/?/1/1; 
ttag +54 26/6/?/5/9; 
ttag +55 42/32/20/26/19; 
ttag +56 40/14/24/8/11; 
ttag +57 99/99/98/100/99; 
ttag +58 15/[6]/?/?/?; 
ttag +59 8/[12]/?/?/?; 
ttag +60 30/9/?/5/0; 
ttag +61 6/[8]/?/?/?; 
ttag +62 2/[20]/?/?/?; 
ttag +63 8/[7]/?/?/?; 
ttag +64 8/[13]/?/?/?; 
ttag +65 89/87/84/88/84; 
ttag +66 45/28/21/22/14; 
ttag +67 77/67/72/81/63; 
ttag +68 100/100/99/99/99; 
ttag +69 54/48/39/61/39; 
ttag +70 60/46/35/58/37; 
ttag +71 78/74/63/75/58; 
ttag +72 76/71/59/75/64; 
ttag +73 98/98/95/96/94; 
ttag +74 53/47/29/51/17; 
ttag +75 15/[36]/?/?/?; 
ttag +76 34/20/15/35/10; 
ttag +77 74/70/55/69/54; 
ttag +78 31/1/0/3/?; 
ttag +79 81/77/68/75/61; 
ttag +80 77/70/56/73/60; 
ttag +81 96/95/91/96/90; 
ttag +82 92/90/85/92/82; 
ttag +83 46/33/10/36/12; 
ttag +84 24/[3]/10/3/7; 
ttag +85 65/52/32/57/39; 
ttag +86 41/9/10/15/17; 
ttag +87 60/52/27/52/32; 
ttag +88 88/84/81/88/81; 
ttag +89 82/80/68/83/75; 
ttag +90 92/89/78/89/75; 
ttag +91 100/100/99/100/100; 
ttag +92 44/10/?/11/?; 
ttag +93 79/70/64/71/45; 
ttag +94 13/[19]/?/?/?; 
