tread
'Tree with tags' 
(0 (1 ((2 3 )((14 (4 ((5 (6 7 ))(11 (12 (13 (((15 (16 17 ))(18 (19 20 )))(21 ((22 (23 (24 25 )))(26 27 (28 (29 (30 31 )(32 35 (33 34 )(36 (37 (38 39 ))))(44 45 47 (46 ((40 41 )(42 43 ))))))))))))))))(8 (9 10 )))))); 
ttag *!; 
ttag +49 ???; 
ttag +50 4; 
ttag +51 3; 
ttag +52 1; 
ttag +53 2; 
ttag +54 5; 
ttag +55 1; 
ttag +56 1; 
ttag +57 2; 
ttag +58 9; 
ttag +59 1; 
ttag +60 1; 
ttag +61 1; 
ttag +62 1; 
ttag +63 2; 
ttag +64 1; 
ttag +65 1; 
ttag +66 1; 
ttag +67 5; 
ttag +68 4; 
ttag +69 1; 
ttag +70 3; 
ttag +71 3; 
ttag +72 3; 
ttag +73 10; 
ttag +74 3; 
ttag +75 2; 
ttag +76 2; 
ttag +77 2; 
ttag +78 9; 
ttag +79 3; 
ttag +80 5; 
ttag +81 6; 
ttag +82 1; 
ttag +83 1; 
ttag +84 8; 
ttag +85 1; 
ttag +86 1; 
ttag +87 9; 
tread
'Tree with tags' 
(0 (1 ((2 3 )((14 (4 ((5 (6 7 ))(11 (12 (13 (((15 (16 17 ))(18 (19 20 )))(21 ((22 (23 (24 25 )))(26 (27 (28 (((29 (32 ((33 34 )(35 (36 (37 (38 39 )))))))(30 31 ))(47 (45 (44 (46 ((40 41 )(42 43 )))))))))))))))))))(8 (9 10 )))))); 
ttag *!; 
ttag +0 ////; 
ttag +1 ////; 
ttag +2 ////; 
ttag +3 ////; 
ttag +4 ////; 
ttag +5 ////; 
ttag +6 ////; 
ttag +7 ////; 
ttag +8 ////; 
ttag +9 ////; 
ttag +10 ////; 
ttag +11 ////; 
ttag +12 ////; 
ttag +13 ////; 
ttag +14 ////; 
ttag +15 ////; 
ttag +16 ////; 
ttag +17 ////; 
ttag +18 ////; 
ttag +19 ////; 
ttag +20 ////; 
ttag +21 ////; 
ttag +22 ////; 
ttag +23 ////; 
ttag +24 ////; 
ttag +25 ////; 
ttag +26 ////; 
ttag +27 ////; 
ttag +28 ////; 
ttag +29 ////; 
ttag +30 ////; 
ttag +31 ////; 
ttag +32 ////; 
ttag +33 ////; 
ttag +34 ////; 
ttag +35 ////; 
ttag +36 ////; 
ttag +37 ////; 
ttag +38 ////; 
ttag +39 ////; 
ttag +40 ////; 
ttag +41 ////; 
ttag +42 ////; 
ttag +43 ////; 
ttag +44 ////; 
ttag +45 ////; 
ttag +46 ////; 
ttag +47 ////; 
ttag +48 ////; 
ttag +49 100/100/100/100/100; 
ttag +50 86/82/76/90/72; 
ttag +51 74/62/54/68/54; 
ttag +52 9/[12]/?/?/?; 
ttag +53 62/59/40/58/34; 
ttag +54 87/82/74/89/70; 
ttag +55 36/26/18/26/18; 
ttag +56 10/[12]/?/?/?; 
ttag +57 56/46/35/44/39; 
ttag +58 98/98/98/99/98; 
ttag +59 61/40/40/40/52; 
ttag +60 14/[6]/?/?/?; 
ttag +61 6/[14]/?/?/?; 
ttag +62 5/[25]/?/?/?; 
ttag +63 88/86/83/84/78; 
ttag +64 53/46/36/48/38; 
ttag +65 11/[9]/?/?/?; 
ttag +66 56/33/28/34/19; 
ttag +67 84/79/66/81/68; 
ttag +68 98/97/97/98/98; 
ttag +69 46/36/26/32/28; 
ttag +70 69/62/41/61/47; 
ttag +71 80/76/54/76/58; 
ttag +72 72/57/25/56/39; 
ttag +73 100/100/100/100/100; 
ttag +74 79/74/65/76/74; 
ttag +75 37/13/8/14/?; 
ttag +76 64/58/33/62/43; 
ttag +77 18/[28]/?/?/?; 
ttag +78 15/[5]/?/2/?; 
ttag +79 84/79/68/83/72; 
ttag +80 88/84/74/81/78; 
ttag +81 98/98/98/100/97; 
ttag +82 92/90/83/91/84; 
ttag +83 54/35/31/38/14; 
ttag +84 66/57/56/59/65; 
ttag +85 96/95/89/96/87; 
ttag +86 100/100/96/100/95; 
ttag +87 57/36/29/39/29; 
ttag +88 44/28/24/27/19; 
ttag +89 98/98/96/98/95; 
ttag +90 37/19/11/18/14; 
ttag +91 23/5/?/9/?; 
ttag +92 16/[1]/2/1/?; 
ttag +93 51/40/34/40/28; 
ttag +94 100/100/100/100/100; 
