tread
'Tree with tags' 
(0 (1 ((2 3 )(4 (5 ((6 7 )(8 (9 10 )))(11 12 13 14 21 (15 16 17 )(18 (19 20 ))((22 (23 (24 25 )))(26 (27 28 (44 45 46 47 (29 (30 31 ))(32 33 34 (35 (36 (37 (38 39 )))))(40 41 (42 43 )))))))))))); 
ttag *!; 
ttag +49 ???; 
ttag +50 1; 
ttag +51 6; 
ttag +52 2; 
ttag +53 3; 
ttag +54 2; 
ttag +55 1; 
ttag +56 10; 
ttag +57 1; 
ttag +58 1; 
ttag +59 3; 
ttag +60 8; 
ttag +61 7; 
ttag +62 3; 
ttag +63 2; 
ttag +64 8; 
ttag +65 5; 
ttag +66 3; 
ttag +67 3; 
ttag +68 6; 
ttag +69 1; 
ttag +70 5; 
ttag +71 3; 
ttag +72 2; 
ttag +73 4; 
ttag +74 8; 
ttag +75 2; 
ttag +76 4; 
ttag +77 5; 
tread
'Tree with tags' 
(0 (1 ((2 3 )(4 ((5 (11 (12 (13 ((21 ((14 (18 (19 20 )))((22 (23 (24 25 )))(26 ((27 28 )(((29 (30 31 ))(34 (32 (33 (35 (36 (37 (38 39 ))))))))(46 (45 (44 (47 (40 (41 (42 43 )))))))))))))(15 (16 17 )))))))((6 7 )(8 (9 10 )))))))); 
ttag *!; 
ttag +0 ////; 
ttag +1 ////; 
ttag +2 ////; 
ttag +3 ////; 
ttag +4 ////; 
ttag +5 ////; 
ttag +6 ////; 
ttag +7 ////; 
ttag +8 ////; 
ttag +9 ////; 
ttag +10 ////; 
ttag +11 ////; 
ttag +12 ////; 
ttag +13 ////; 
ttag +14 ////; 
ttag +15 ////; 
ttag +16 ////; 
ttag +17 ////; 
ttag +18 ////; 
ttag +19 ////; 
ttag +20 ////; 
ttag +21 ////; 
ttag +22 ////; 
ttag +23 ////; 
ttag +24 ////; 
ttag +25 ////; 
ttag +26 ////; 
ttag +27 ////; 
ttag +28 ////; 
ttag +29 ////; 
ttag +30 ////; 
ttag +31 ////; 
ttag +32 ////; 
ttag +33 ////; 
ttag +34 ////; 
ttag +35 ////; 
ttag +36 ////; 
ttag +37 ////; 
ttag +38 ////; 
ttag +39 ////; 
ttag +40 ////; 
ttag +41 ////; 
ttag +42 ////; 
ttag +43 ////; 
ttag +44 ////; 
ttag +45 ////; 
ttag +46 ////; 
ttag +47 ////; 
ttag +48 ////; 
ttag +49 100/100/100/100/100; 
ttag +50 73/55/56/58/56; 
ttag +51 96/95/82/95/86; 
ttag +52 64/40/30/40/24; 
ttag +53 18/[13]/?/?/?; 
ttag +54 65/58/42/56/40; 
ttag +55 66/58/47/63/47; 
ttag +56 54/44/33/44/31; 
ttag +57 100/100/100/100/100; 
ttag +58 70/53/42/53/44; 
ttag +59 77/73/68/74/65; 
ttag +60 69/65/58/69/61; 
ttag +61 24/0/?/5/1; 
ttag +62 10/[22]/?/?/?; 
ttag +63 16/[15]/?/?/?; 
ttag +64 27/[5]/?/?/?; 
ttag +65 50/44/42/51/38; 
ttag +66 94/94/90/96/88; 
ttag +67 55/41/40/32/33; 
ttag +68 98/97/97/99/95; 
ttag +69 99/99/98/99/99; 
ttag +70 83/77/68/74/70; 
ttag +71 64/50/34/49/34; 
ttag +72 98/98/92/99/93; 
ttag +73 92/89/83/88/83; 
ttag +74 78/66/55/64/58; 
ttag +75 8/[29]/?/?/?; 
ttag +76 68/55/39/55/36; 
ttag +77 99/99/94/99/93; 
ttag +78 22/9/1/12/6; 
ttag +79 33/20/11/22/16; 
ttag +80 96/96/91/95/94; 
ttag +81 22/[18]/?/?/?; 
ttag +82 61/56/45/59/42; 
ttag +83 22/[18]/?/?/?; 
ttag +84 71/65/56/60/58; 
ttag +85 93/92/90/93/88; 
ttag +86 100/100/100/100/97; 
ttag +87 78/70/63/67/55; 
ttag +88 95/95/92/97/88; 
ttag +89 12/[30]/?/?/?; 
ttag +90 4/[56]/?/?/?; 
ttag +91 10/[31]/?/?/?; 
ttag +92 50/44/49/40/37; 
ttag +93 36/11/10/13/11; 
ttag +94 95/93/91/98/92; 
