tread
'Tree with tags' 
(0 (1 ((2 3 )((4 (5 6 7 (11 (12 13 ((14 (21 ((18 (19 20 ))((22 (23 (24 25 )))(26 (27 (28 ((29 (30 31 ))(32 ((33 34 )(35 (36 (37 (38 39 ))))))(40 (41 (42 43 )))(44 45 46 47 )))))))))(17 (15 16 )))))))(10 (8 9 )))))); 
ttag *!; 
ttag +49 ???; 
ttag +50 4; 
ttag +51 4; 
ttag +52 2; 
ttag +53 2; 
ttag +54 1; 
ttag +55 2; 
ttag +56 8; 
ttag +57 2; 
ttag +58 2; 
ttag +59 1; 
ttag +60 1; 
ttag +61 1; 
ttag +62 5; 
ttag +63 4; 
ttag +64 1; 
ttag +65 1; 
ttag +66 13; 
ttag +67 2; 
ttag +68 2; 
ttag +69 11; 
ttag +70 6; 
ttag +71 4; 
ttag +72 2; 
ttag +73 1; 
ttag +74 2; 
ttag +75 3; 
ttag +76 11; 
ttag +77 9; 
ttag +78 6; 
ttag +79 1; 
ttag +80 3; 
ttag +81 3; 
ttag +82 3; 
ttag +83 1; 
ttag +84 3; 
ttag +85 3; 
ttag +86 4; 
ttag +87 3; 
tread
'Tree with tags' 
(0 (1 ((2 3 )((4 (5 ((6 7 )(11 (13 (12 ((14 (21 ((18 (19 20 ))((22 (23 (24 25 )))(26 (27 (28 ((((29 (30 31 ))(47 (45 (44 46 ))))(32 ((33 34 )(35 (36 (37 (38 39 )))))))(40 (41 (42 43 )))))))))))(17 (15 16 )))))))))(10 (8 9 )))))); 
ttag *!; 
ttag +0 ////; 
ttag +1 ////; 
ttag +2 ////; 
ttag +3 ////; 
ttag +4 ////; 
ttag +5 ////; 
ttag +6 ////; 
ttag +7 ////; 
ttag +8 ////; 
ttag +9 ////; 
ttag +10 ////; 
ttag +11 ////; 
ttag +12 ////; 
ttag +13 ////; 
ttag +14 ////; 
ttag +15 ////; 
ttag +16 ////; 
ttag +17 ////; 
ttag +18 ////; 
ttag +19 ////; 
ttag +20 ////; 
ttag +21 ////; 
ttag +22 ////; 
ttag +23 ////; 
ttag +24 ////; 
ttag +25 ////; 
ttag +26 ////; 
ttag +27 ////; 
ttag +28 ////; 
ttag +29 ////; 
ttag +30 ////; 
ttag +31 ////; 
ttag +32 ////; 
ttag +33 ////; 
ttag +34 ////; 
ttag +35 ////; 
ttag +36 ////; 
ttag +37 ////; 
ttag +38 ////; 
ttag +39 ////; 
ttag +40 ////; 
ttag +41 ////; 
ttag +42 ////; 
ttag +43 ////; 
ttag +44 ////; 
ttag +45 ////; 
ttag +46 ////; 
ttag +47 ////; 
ttag +48 ////; 
ttag +49 100/100/100/100/100; 
ttag +50 88/84/84/89/76; 
ttag +51 93/90/78/93/82; 
ttag +52 21/[8]/?/?/?; 
ttag +53 81/79/62/82/68; 
ttag +54 9/[20]/?/?/?; 
ttag +55 28/8/9/11/12; 
ttag +56 2/[27]/?/?/?; 
ttag +57 39/[4]/?/?/?; 
ttag +58 99/99/99/100/98; 
ttag +59 18/0/?/6/3; 
ttag +60 7/[17]/?/?/?; 
ttag +61 22/6/4/14/9; 
ttag +62 4/[12]/?/?/?; 
ttag +63 19/3/1/6/2; 
ttag +64 44/12/9/21/16; 
ttag +65 98/97/92/98/95; 
ttag +66 74/67/58/76/56; 
ttag +67 36/21/14/19/12; 
ttag +68 22/8/6/8/6; 
ttag +69 100/100/100/100/100; 
ttag +70 44/25/14/36/17; 
ttag +71 68/60/45/66/54; 
ttag +72 100/100/98/99/98; 
ttag +73 95/94/88/98/89; 
ttag +74 82/74/68/73/62; 
ttag +75 56/47/34/36/30; 
ttag +76 42/26/17/19/17; 
ttag +77 81/73/54/82/62; 
ttag +78 31/11/?/10/1; 
ttag +79 27/[3]/2/?/?; 
ttag +80 90/88/80/92/81; 
ttag +81 100/100/99/100/98; 
ttag +82 99/98/94/97/95; 
ttag +83 97/95/93/98/94; 
ttag +84 72/59/42/56/40; 
ttag +85 92/91/83/84/76; 
ttag +86 90/88/87/90/84; 
ttag +87 97/96/92/93/95; 
ttag +88 60/44/28/44/27; 
ttag +89 85/82/70/82/70; 
ttag +90 89/87/76/91/75; 
ttag +91 97/96/94/97/96; 
ttag +92 5/[16]/?/?/?; 
ttag +93 25/9/13/11/7; 
ttag +94 78/72/58/76/60; 
