tread
'Tree with tags' 
(0 (1 (4 (2 3 )(5 (((6 7 )(8 (9 10 )))(11 ((12 13 )((14 (21 ((22 (23 (24 25 )))(26 27 (28 (29 30 31 )(32 33 34 35 (36 (37 38 39 )))(40 41 (42 43 ))(44 45 46 47 ))))))((16 (15 17 ))(18 (19 20 ))))))))))); 
ttag *!; 
ttag +49 ???; 
ttag +50 6; 
ttag +51 2; 
ttag +52 3; 
ttag +53 2; 
ttag +54 5; 
ttag +55 2; 
ttag +56 6; 
ttag +57 3; 
ttag +58 2; 
ttag +59 4; 
ttag +60 3; 
ttag +61 2; 
ttag +62 5; 
ttag +63 2; 
ttag +64 5; 
ttag +65 5; 
ttag +66 5; 
ttag +67 7; 
ttag +68 2; 
ttag +69 1; 
ttag +70 3; 
ttag +71 5; 
ttag +72 8; 
ttag +73 5; 
ttag +74 1; 
ttag +75 8; 
ttag +76 3; 
ttag +77 5; 
ttag +78 1; 
ttag +79 3; 
ttag +80 3; 
ttag +81 2; 
tread
'Tree with tags' 
(0 (1 ((4 (2 3 ))(5 (((6 7 )(8 (9 10 )))(11 ((12 13 )((14 (21 ((22 (23 (24 25 )))(26 (27 (28 ((31 (29 30 ))(((32 ((33 34 )(35 (36 (37 (38 39 ))))))((40 41 )(42 43 )))(46 (47 (44 45 )))))))))))((16 (15 17 ))(18 (19 20 ))))))))))); 
ttag *!; 
ttag +0 ////; 
ttag +1 ////; 
ttag +2 ////; 
ttag +3 ////; 
ttag +4 ////; 
ttag +5 ////; 
ttag +6 ////; 
ttag +7 ////; 
ttag +8 ////; 
ttag +9 ////; 
ttag +10 ////; 
ttag +11 ////; 
ttag +12 ////; 
ttag +13 ////; 
ttag +14 ////; 
ttag +15 ////; 
ttag +16 ////; 
ttag +17 ////; 
ttag +18 ////; 
ttag +19 ////; 
ttag +20 ////; 
ttag +21 ////; 
ttag +22 ////; 
ttag +23 ////; 
ttag +24 ////; 
ttag +25 ////; 
ttag +26 ////; 
ttag +27 ////; 
ttag +28 ////; 
ttag +29 ////; 
ttag +30 ////; 
ttag +31 ////; 
ttag +32 ////; 
ttag +33 ////; 
ttag +34 ////; 
ttag +35 ////; 
ttag +36 ////; 
ttag +37 ////; 
ttag +38 ////; 
ttag +39 ////; 
ttag +40 ////; 
ttag +41 ////; 
ttag +42 ////; 
ttag +43 ////; 
ttag +44 ////; 
ttag +45 ////; 
ttag +46 ////; 
ttag +47 ////; 
ttag +48 ////; 
ttag +49 100/100/100/100/100; 
ttag +50 98/96/90/95/92; 
ttag +51 13/[18]/?/?/?; 
ttag +52 81/73/70/82/71; 
ttag +53 71/66/55/64/46; 
ttag +54 51/38/28/40/12; 
ttag +55 82/80/64/79/60; 
ttag +56 61/50/44/52/35; 
ttag +57 98/97/94/98/94; 
ttag +58 91/88/78/84/79; 
ttag +59 48/37/29/43/15; 
ttag +60 92/90/82/87/74; 
ttag +61 54/43/33/42/22; 
ttag +62 56/44/31/46/27; 
ttag +63 78/74/62/76/52; 
ttag +64 70/64/47/72/45; 
ttag +65 93/90/87/96/83; 
ttag +66 96/95/87/94/86; 
ttag +67 96/92/87/94/79; 
ttag +68 99/99/97/100/98; 
ttag +69 56/46/39/44/36; 
ttag +70 49/33/38/39/26; 
ttag +71 80/76/71/79/69; 
ttag +72 94/93/90/94/85; 
ttag +73 98/97/96/99/98; 
ttag +74 87/82/78/86/80; 
ttag +75 30/21/10/29/24; 
ttag +76 34/14/7/27/18; 
ttag +77 40/1/3/?/13; 
ttag +78 100/100/99/98/98; 
ttag +79 40/24/25/30/30; 
ttag +80 96/96/91/96/94; 
ttag +81 7/[16]/?/?/?; 
ttag +82 32/8/12/16/10; 
ttag +83 24/12/20/17/14; 
ttag +84 60/46/44/35/40; 
ttag +85 54/40/44/36/38; 
ttag +86 94/92/89/92/86; 
ttag +87 68/51/40/66/55; 
ttag +88 49/25/16/22/5; 
ttag +89 30/[2]/?/?/?; 
ttag +90 91/88/88/92/84; 
ttag +91 94/93/91/94/84; 
ttag +92 37/24/28/28/22; 
ttag +93 42/22/21/21/12; 
ttag +94 87/86/80/83/76; 
