tread
'Tree with tags' 
(0 (1 ((2 3 )(4 (5 (11 14 (6 (7 (8 (9 10 ))))(12 13 )(15 16 17 )(18 (19 20 ))(21 ((22 (23 (24 25 )))(26 27 28 ((29 (30 31 ))(((32 ((36 (35 (33 34 )))(37 38 39 )))(41 (40 (42 43 ))))(47 (44 (45 46 )))))))))))))); 
ttag *!; 
ttag +49 ???; 
ttag +50 2; 
ttag +51 4; 
ttag +52 10; 
ttag +53 4; 
ttag +54 2; 
ttag +55 3; 
ttag +56 1; 
ttag +57 12; 
ttag +58 4; 
ttag +59 4; 
ttag +60 11; 
ttag +61 1; 
ttag +62 9; 
ttag +63 1; 
ttag +64 5; 
ttag +65 4; 
ttag +66 1; 
ttag +67 5; 
ttag +68 4; 
ttag +69 6; 
ttag +70 1; 
ttag +71 4; 
ttag +72 5; 
ttag +73 1; 
ttag +74 1; 
ttag +75 3; 
ttag +76 2; 
ttag +77 2; 
ttag +78 2; 
ttag +79 2; 
ttag +80 1; 
ttag +81 4; 
ttag +82 10; 
ttag +83 1; 
ttag +84 3; 
ttag +85 3; 
tread
'Tree with tags' 
(0 (1 ((2 3 )(4 (5 (((6 (7 (8 (9 10 ))))(11 ((12 13 )(14 (18 (19 20 ))))))((17 (15 16 ))(21 ((22 (23 (24 25 )))((28 (26 27 ))((29 (30 31 ))(((32 ((36 (35 (33 34 )))(37 (38 39 ))))(41 (40 (42 43 ))))(47 (44 (45 46 ))))))))))))))); 
ttag *!; 
ttag +0 ////; 
ttag +1 ////; 
ttag +2 ////; 
ttag +3 ////; 
ttag +4 ////; 
ttag +5 ////; 
ttag +6 ////; 
ttag +7 ////; 
ttag +8 ////; 
ttag +9 ////; 
ttag +10 ////; 
ttag +11 ////; 
ttag +12 ////; 
ttag +13 ////; 
ttag +14 ////; 
ttag +15 ////; 
ttag +16 ////; 
ttag +17 ////; 
ttag +18 ////; 
ttag +19 ////; 
ttag +20 ////; 
ttag +21 ////; 
ttag +22 ////; 
ttag +23 ////; 
ttag +24 ////; 
ttag +25 ////; 
ttag +26 ////; 
ttag +27 ////; 
ttag +28 ////; 
ttag +29 ////; 
ttag +30 ////; 
ttag +31 ////; 
ttag +32 ////; 
ttag +33 ////; 
ttag +34 ////; 
ttag +35 ////; 
ttag +36 ////; 
ttag +37 ////; 
ttag +38 ////; 
ttag +39 ////; 
ttag +40 ////; 
ttag +41 ////; 
ttag +42 ////; 
ttag +43 ////; 
ttag +44 ////; 
ttag +45 ////; 
ttag +46 ////; 
ttag +47 ////; 
ttag +48 ////; 
ttag +49 100/100/100/100/100; 
ttag +50 86/81/74/84/79; 
ttag +51 82/73/74/84/75; 
ttag +52 100/100/97/100/98; 
ttag +53 78/64/50/65/46; 
ttag +54 63/59/38/58/44; 
ttag +55 28/2/?/?/?; 
ttag +56 64/58/42/56/43; 
ttag +57 69/64/46/56/47; 
ttag +58 100/100/100/100/100; 
ttag +59 96/95/93/97/95; 
ttag +60 8/[18]/?/?/?; 
ttag +61 88/86/79/87/82; 
ttag +62 28/1/?/1/?; 
ttag +63 64/44/23/40/28; 
ttag +64 24/[39]/?/?/?; 
ttag +65 99/99/98/99/98; 
ttag +66 34/8/?/2/?; 
ttag +67 80/72/64/75/66; 
ttag +68 100/100/100/100/99; 
ttag +69 46/31/16/34/26; 
ttag +70 97/96/92/96/92; 
ttag +71 91/88/82/86/82; 
ttag +72 57/33/29/42/30; 
ttag +73 96/96/92/96/94; 
ttag +74 48/21/22/15/19; 
ttag +75 30/[9]/?/?/?; 
ttag +76 92/90/80/94/81; 
ttag +77 93/90/83/94/83; 
ttag +78 61/56/40/63/43; 
ttag +79 97/96/94/96/91; 
ttag +80 92/90/85/92/78; 
ttag +81 28/14/3/13/?; 
ttag +82 30/15/13/18/11; 
ttag +83 54/30/16/34/18; 
ttag +84 36/12/?/16/3; 
ttag +85 34/10/?/15/?; 
ttag +86 36/12/?/15/4; 
ttag +87 69/60/54/64/53; 
ttag +88 28/[17]/?/?/?; 
ttag +89 42/16/6/20/11; 
ttag +90 90/86/78/89/72; 
ttag +91 99/99/99/100/99; 
ttag +92 64/59/46/56/46; 
ttag +93 72/66/50/67/51; 
ttag +94 75/70/60/70/56; 
