tread
'Tree with tags' 
(0 (1 ((2 3 )(4 (5 (6 7 (8 (9 10 ))(11 (((12 13 )((21 (22 (23 (24 25 ))))(26 27 (28 (46 (29 (30 31 ))(32 33 34 (35 (36 (37 (38 39 )))))(40 (41 (42 43 )))(47 (44 45 )))))))(14 ((15 (16 17 ))(18 (19 20 )))))))))))); 
ttag *!; 
ttag +49 ???; 
ttag +50 4; 
ttag +51 1; 
ttag +52 7; 
ttag +53 1; 
ttag +54 1; 
ttag +55 10; 
ttag +56 1; 
ttag +57 2; 
ttag +58 2; 
ttag +59 1; 
ttag +60 1; 
ttag +61 2; 
ttag +62 5; 
ttag +63 2; 
ttag +64 1; 
ttag +65 6; 
ttag +66 6; 
ttag +67 1; 
ttag +68 6; 
ttag +69 6; 
ttag +70 9; 
ttag +71 9; 
ttag +72 7; 
ttag +73 1; 
ttag +74 5; 
ttag +75 2; 
ttag +76 6; 
ttag +77 7; 
ttag +78 6; 
ttag +79 2; 
ttag +80 7; 
ttag +81 1; 
ttag +82 1; 
ttag +83 3; 
ttag +84 7; 
ttag +85 1; 
ttag +86 1; 
tread
'Tree with tags' 
(0 (1 ((2 3 )(4 (5 ((6 (8 (9 10 )))(7 (11 (((12 13 )((21 (22 (23 (24 25 ))))(27 (26 (28 (((29 (30 31 ))(46 ((34 (33 (32 (35 (36 (37 (38 39 )))))))(47 (44 45 )))))(40 (41 (42 43 )))))))))(14 ((15 (16 17 ))(18 (19 20 ))))))))))))); 
ttag *!; 
ttag +0 ////; 
ttag +1 ////; 
ttag +2 ////; 
ttag +3 ////; 
ttag +4 ////; 
ttag +5 ////; 
ttag +6 ////; 
ttag +7 ////; 
ttag +8 ////; 
ttag +9 ////; 
ttag +10 ////; 
ttag +11 ////; 
ttag +12 ////; 
ttag +13 ////; 
ttag +14 ////; 
ttag +15 ////; 
ttag +16 ////; 
ttag +17 ////; 
ttag +18 ////; 
ttag +19 ////; 
ttag +20 ////; 
ttag +21 ////; 
ttag +22 ////; 
ttag +23 ////; 
ttag +24 ////; 
ttag +25 ////; 
ttag +26 ////; 
ttag +27 ////; 
ttag +28 ////; 
ttag +29 ////; 
ttag +30 ////; 
ttag +31 ////; 
ttag +32 ////; 
ttag +33 ////; 
ttag +34 ////; 
ttag +35 ////; 
ttag +36 ////; 
ttag +37 ////; 
ttag +38 ////; 
ttag +39 ////; 
ttag +40 ////; 
ttag +41 ////; 
ttag +42 ////; 
ttag +43 ////; 
ttag +44 ////; 
ttag +45 ////; 
ttag +46 ////; 
ttag +47 ////; 
ttag +48 ////; 
ttag +49 100/100/100/100/100; 
ttag +50 93/91/84/93/85; 
ttag +51 59/40/28/33/34; 
ttag +52 97/96/83/95/82; 
ttag +53 52/46/28/34/40; 
ttag +54 24/12/7/8/6; 
ttag +55 44/30/17/26/19; 
ttag +56 2/[23]/?/?/?; 
ttag +57 100/100/100/100/100; 
ttag +58 78/68/50/68/61; 
ttag +59 22/3/2/8/0; 
ttag +60 44/30/26/28/22; 
ttag +61 26/12/3/13/0; 
ttag +62 54/48/33/40/36; 
ttag +63 40/22/14/24/14; 
ttag +64 97/96/95/96/98; 
ttag +65 51/22/15/24/8; 
ttag +66 69/52/46/43/37; 
ttag +67 95/94/94/98/96; 
ttag +68 99/98/95/98/96; 
ttag +69 44/29/22/33/26; 
ttag +70 87/86/68/83/69; 
ttag +71 90/88/82/93/86; 
ttag +72 100/100/98/99/98; 
ttag +73 100/100/100/100/99; 
ttag +74 10/[9]/?/?/?; 
ttag +75 94/92/78/93/81; 
ttag +76 71/65/53/62/52; 
ttag +77 97/97/89/96/91; 
ttag +78 0/[18]/?/?/?; 
ttag +79 84/80/62/72/72; 
ttag +80 97/97/91/96/88; 
ttag +81 51/32/22/30/26; 
ttag +82 22/[6]/?/?/?; 
ttag +83 96/95/90/95/91; 
ttag +84 16/[10]/?/?/?; 
ttag +85 3/[15]/?/?/?; 
ttag +86 98/98/96/98/95; 
ttag +87 83/76/60/76/59; 
ttag +88 98/98/93/98/91; 
ttag +89 57/33/21/31/24; 
ttag +90 83/81/62/68/56; 
ttag +91 93/91/79/87/78; 
ttag +92 99/99/97/98/98; 
ttag +93 54/28/38/48/37; 
ttag +94 72/69/51/62/55; 
