tread
'Tree with tags' 
(0 ((1 (4 (5 (((6 7 )(8 (9 10 )))(11 ((12 13 )((14 ((15 16 17 )(18 (19 20 ))))(21 ((22 (23 (24 25 )))(26 (27 (28 (29 (30 31 )(32 35 (33 34 )(36 (37 (38 39 ))))((40 (41 (42 43 )))(47 (45 (44 46 )))))))))))))))))(2 3 ))); 
ttag *!; 
ttag +49 3; 
ttag +50 ???; 
ttag +51 4; 
ttag +52 7; 
ttag +53 1; 
ttag +54 1; 
ttag +55 1; 
ttag +56 1; 
ttag +57 9; 
ttag +58 3; 
ttag +59 4; 
ttag +60 2; 
ttag +61 1; 
ttag +62 1; 
ttag +63 1; 
ttag +64 7; 
ttag +65 4; 
ttag +66 9; 
ttag +67 7; 
ttag +68 1; 
ttag +69 5; 
ttag +70 4; 
ttag +71 7; 
ttag +72 8; 
ttag +73 3; 
ttag +74 1; 
ttag +75 2; 
ttag +76 1; 
ttag +77 2; 
ttag +78 5; 
ttag +79 1; 
ttag +80 3; 
ttag +81 10; 
ttag +82 1; 
ttag +83 6; 
ttag +84 3; 
ttag +85 1; 
ttag +86 4; 
ttag +87 1; 
ttag +88 1; 
ttag +89 9; 
tread
'Tree with tags' 
(0 ((1 (4 (5 (((6 7 )(8 (9 10 )))(11 ((12 13 )((14 ((17 (15 16 ))(18 (19 20 ))))(21 ((22 (23 (24 25 )))(26 (27 (28 (((29 (32 ((35 (33 34 ))(36 (37 (38 39 ))))))((40 (41 (42 43 )))(47 (45 (44 46 )))))(30 31 ))))))))))))))(2 3 ))); 
ttag *!; 
ttag +0 ////; 
ttag +1 ////; 
ttag +2 ////; 
ttag +3 ////; 
ttag +4 ////; 
ttag +5 ////; 
ttag +6 ////; 
ttag +7 ////; 
ttag +8 ////; 
ttag +9 ////; 
ttag +10 ////; 
ttag +11 ////; 
ttag +12 ////; 
ttag +13 ////; 
ttag +14 ////; 
ttag +15 ////; 
ttag +16 ////; 
ttag +17 ////; 
ttag +18 ////; 
ttag +19 ////; 
ttag +20 ////; 
ttag +21 ////; 
ttag +22 ////; 
ttag +23 ////; 
ttag +24 ////; 
ttag +25 ////; 
ttag +26 ////; 
ttag +27 ////; 
ttag +28 ////; 
ttag +29 ////; 
ttag +30 ////; 
ttag +31 ////; 
ttag +32 ////; 
ttag +33 ////; 
ttag +34 ////; 
ttag +35 ////; 
ttag +36 ////; 
ttag +37 ////; 
ttag +38 ////; 
ttag +39 ////; 
ttag +40 ////; 
ttag +41 ////; 
ttag +42 ////; 
ttag +43 ////; 
ttag +44 ////; 
ttag +45 ////; 
ttag +46 ////; 
ttag +47 ////; 
ttag +48 ////; 
ttag +49 69/49/32/66/39; 
ttag +50 100/100/100/100/100; 
ttag +51 88/82/73/84/74; 
ttag +52 91/88/83/96/86; 
ttag +53 57/44/32/52/33; 
ttag +54 24/2/5/6/4; 
ttag +55 28/6/3/11/?; 
ttag +56 24/5/4/3/5; 
ttag +57 100/100/99/99/99; 
ttag +58 76/68/59/73/56; 
ttag +59 81/79/67/80/64; 
ttag +60 73/68/57/70/64; 
ttag +61 55/44/43/56/38; 
ttag +62 36/1/5/10/4; 
ttag +63 8/[26]/?/?/?; 
ttag +64 12/[59]/?/?/?; 
ttag +65 99/98/96/98/96; 
ttag +66 88/85/73/83/64; 
ttag +67 100/100/99/100/98; 
ttag +68 98/98/96/100/97; 
ttag +69 34/17/23/24/21; 
ttag +70 93/92/87/94/84; 
ttag +71 78/75/62/78/57; 
ttag +72 98/98/98/99/99; 
ttag +73 100/100/100/100/100; 
ttag +74 75/66/59/81/56; 
ttag +75 41/33/19/30/18; 
ttag +76 59/51/32/44/33; 
ttag +77 19/[31]/?/?/?; 
ttag +78 27/[23]/?/?/?; 
ttag +79 72/66/63/80/67; 
ttag +80 89/87/85/88/77; 
ttag +81 92/89/87/95/79; 
ttag +82 60/45/34/44/46; 
ttag +83 6/[9]/?/?/?; 
ttag +84 58/42/44/49/40; 
ttag +85 98/98/91/95/91; 
ttag +86 100/100/100/100/100; 
ttag +87 62/62/66/60/64; 
ttag +88 98/98/96/98/93; 
ttag +89 77/74/61/82/66; 
ttag +90 52/28/22/33/28; 
ttag +91 98/98/93/96/93; 
ttag +92 76/76/70/69/69; 
ttag +93 49/36/28/41/36; 
ttag +94 99/99/99/100/98; 
