tread
'Tree with tags' 
(0 ((1 (2 3 ))(4 (5 ((7 (6 (8 (9 10 ))))((11 12 13 )(21 ((14 ((15 (16 17 ))(18 (19 20 ))))((22 (23 (24 25 )))(26 (27 ((28 (40 (41 (42 43 ))))((29 (30 31 ))((32 ((33 34 )(35 (36 (37 38 39 )))))(47 (46 (44 45 ))))))))))))))))); 
ttag *!; 
ttag +49 2; 
ttag +50 ???; 
ttag +51 5; 
ttag +52 6; 
ttag +53 3; 
ttag +54 1; 
ttag +55 2; 
ttag +56 1; 
ttag +57 9; 
ttag +58 2; 
ttag +59 1; 
ttag +60 2; 
ttag +61 1; 
ttag +62 1; 
ttag +63 1; 
ttag +64 2; 
ttag +65 1; 
ttag +66 2; 
ttag +67 6; 
ttag +68 8; 
ttag +69 6; 
ttag +70 2; 
ttag +71 4; 
ttag +72 12; 
ttag +73 1; 
ttag +74 3; 
ttag +75 2; 
ttag +76 4; 
ttag +77 8; 
ttag +78 1; 
ttag +79 4; 
ttag +80 4; 
ttag +81 1; 
ttag +82 5; 
ttag +83 1; 
ttag +84 4; 
ttag +85 3; 
ttag +86 3; 
ttag +87 2; 
ttag +88 1; 
ttag +89 8; 
ttag +90 1; 
ttag +91 1; 
ttag +92 4; 
tread
'Tree with tags' 
(0 ((1 (2 3 ))(4 (5 ((7 (6 (8 (9 10 ))))((12 (11 13 ))(21 ((14 ((15 (16 17 ))(18 (19 20 ))))((22 (23 (24 25 )))(26 (27 ((28 (40 (41 (42 43 ))))((29 (30 31 ))((32 ((33 34 )(35 (36 (37 (38 39 ))))))(47 (46 (44 45 ))))))))))))))))); 
ttag *!; 
ttag +0 ////; 
ttag +1 ////; 
ttag +2 ////; 
ttag +3 ////; 
ttag +4 ////; 
ttag +5 ////; 
ttag +6 ////; 
ttag +7 ////; 
ttag +8 ////; 
ttag +9 ////; 
ttag +10 ////; 
ttag +11 ////; 
ttag +12 ////; 
ttag +13 ////; 
ttag +14 ////; 
ttag +15 ////; 
ttag +16 ////; 
ttag +17 ////; 
ttag +18 ////; 
ttag +19 ////; 
ttag +20 ////; 
ttag +21 ////; 
ttag +22 ////; 
ttag +23 ////; 
ttag +24 ////; 
ttag +25 ////; 
ttag +26 ////; 
ttag +27 ////; 
ttag +28 ////; 
ttag +29 ////; 
ttag +30 ////; 
ttag +31 ////; 
ttag +32 ////; 
ttag +33 ////; 
ttag +34 ////; 
ttag +35 ////; 
ttag +36 ////; 
ttag +37 ////; 
ttag +38 ////; 
ttag +39 ////; 
ttag +40 ////; 
ttag +41 ////; 
ttag +42 ////; 
ttag +43 ////; 
ttag +44 ////; 
ttag +45 ////; 
ttag +46 ////; 
ttag +47 ////; 
ttag +48 ////; 
ttag +49 49/7/?/12/?; 
ttag +50 100/100/100/100/100; 
ttag +51 92/90/86/92/83; 
ttag +52 74/67/58/66/61; 
ttag +53 37/20/?/18/5; 
ttag +54 47/33/14/34/17; 
ttag +55 52/44/36/48/29; 
ttag +56 19/5/?/4/?; 
ttag +57 99/98/96/100/98; 
ttag +58 64/42/36/44/26; 
ttag +59 6/[18]/?/?/?; 
ttag +60 10/[5]/?/?/?; 
ttag +61 32/18/0/16/0; 
ttag +62 16/6/4/9/4; 
ttag +63 8/1/?/?/?; 
ttag +64 19/12/7/9/4; 
ttag +65 87/79/78/83/74; 
ttag +66 40/23/21/11/20; 
ttag +67 49/25/17/34/21; 
ttag +68 94/93/87/94/88; 
ttag +69 100/100/100/100/100; 
ttag +70 88/86/78/87/81; 
ttag +71 39/31/24/29/24; 
ttag +72 80/70/48/62/58; 
ttag +73 100/100/99/100/99; 
ttag +74 33/10/4/12/4; 
ttag +75 67/62/63/70/52; 
ttag +76 42/27/11/28/16; 
ttag +77 82/78/76/90/78; 
ttag +78 96/95/92/97/91; 
ttag +79 17/[10]/?/?/?; 
ttag +80 92/90/83/93/91; 
ttag +81 75/69/68/76/61; 
ttag +82 14/[28]/?/?/?; 
ttag +83 86/81/73/87/68; 
ttag +84 67/60/56/56/54; 
ttag +85 77/64/62/73/60; 
ttag +86 75/64/60/71/58; 
ttag +87 82/80/72/79/69; 
ttag +88 14/[8]/?/?/?; 
ttag +89 69/62/59/54/50; 
ttag +90 39/24/10/22/19; 
ttag +91 99/99/98/99/98; 
ttag +92 30/0/?/9/?; 
ttag +93 44/13/10/22/5; 
ttag +94 78/71/63/76/59; 
