tread
'Tree with tags' 
(0 (1 ((2 3 )(4 6 7 (5 11 )(8 (9 10 ))(12 13 )(14 21 (15 (16 17 ))(18 (19 20 ))(26 27 (22 (23 (24 25 )))(28 (29 (30 31 ))(32 (33 34 )(35 (36 (39 (37 38 )))))(41 (40 (42 43 )))(46 (44 45 47 ))))))))); 
ttag *!; 
ttag +49 ???; 
ttag +50 6; 
ttag +51 10; 
ttag +52 6; 
ttag +53 1; 
ttag +54 6; 
ttag +55 4; 
ttag +56 4; 
ttag +57 1; 
ttag +58 5; 
ttag +59 1; 
ttag +60 2; 
ttag +61 11; 
ttag +62 3; 
ttag +63 1; 
ttag +64 11; 
ttag +65 1; 
ttag +66 2; 
ttag +67 6; 
ttag +68 8; 
ttag +69 4; 
ttag +70 4; 
ttag +71 6; 
ttag +72 1; 
ttag +73 1; 
ttag +74 9; 
ttag +75 1; 
ttag +76 8; 
ttag +77 4; 
ttag +78 1; 
ttag +79 3; 
tread
'Tree with tags' 
(0 (1 ((2 3 )(4 ((5 11 )((6 (7 (8 (9 10 ))))((12 13 )((14 (18 (19 20 )))((15 (16 17 ))(21 (26 ((22 (23 (24 25 )))(27 ((28 ((32 (35 (36 (39 (37 38 )))))(33 34 )))(((29 (30 31 ))(41 (40 (42 43 ))))(46 (45 (44 47 )))))))))))))))))); 
ttag *!; 
ttag +0 ////; 
ttag +1 ////; 
ttag +2 ////; 
ttag +3 ////; 
ttag +4 ////; 
ttag +5 ////; 
ttag +6 ////; 
ttag +7 ////; 
ttag +8 ////; 
ttag +9 ////; 
ttag +10 ////; 
ttag +11 ////; 
ttag +12 ////; 
ttag +13 ////; 
ttag +14 ////; 
ttag +15 ////; 
ttag +16 ////; 
ttag +17 ////; 
ttag +18 ////; 
ttag +19 ////; 
ttag +20 ////; 
ttag +21 ////; 
ttag +22 ////; 
ttag +23 ////; 
ttag +24 ////; 
ttag +25 ////; 
ttag +26 ////; 
ttag +27 ////; 
ttag +28 ////; 
ttag +29 ////; 
ttag +30 ////; 
ttag +31 ////; 
ttag +32 ////; 
ttag +33 ////; 
ttag +34 ////; 
ttag +35 ////; 
ttag +36 ////; 
ttag +37 ////; 
ttag +38 ////; 
ttag +39 ////; 
ttag +40 ////; 
ttag +41 ////; 
ttag +42 ////; 
ttag +43 ////; 
ttag +44 ////; 
ttag +45 ////; 
ttag +46 ////; 
ttag +47 ////; 
ttag +48 ////; 
ttag +49 100/100/100/100/100; 
ttag +50 97/96/92/96/92; 
ttag +51 100/100/100/100/100; 
ttag +52 96/95/87/96/85; 
ttag +53 39/21/18/32/23; 
ttag +54 23/[2]/1/8/?; 
ttag +55 9/[15]/?/?/?; 
ttag +56 5/[20]/?/?/?; 
ttag +57 14/[11]/?/?/?; 
ttag +58 96/96/94/97/91; 
ttag +59 85/79/74/84/81; 
ttag +60 92/90/77/86/73; 
ttag +61 35/18/14/18/13; 
ttag +62 22/14/4/7/3; 
ttag +63 25/8/?/14/3; 
ttag +64 98/98/93/98/92; 
ttag +65 7/[9]/?/?/?; 
ttag +66 56/28/16/31/17; 
ttag +67 64/59/48/54/48; 
ttag +68 100/100/100/100/100; 
ttag +69 39/24/11/31/18; 
ttag +70 83/80/65/78/65; 
ttag +71 14/[40]/?/?/?; 
ttag +72 56/33/28/30/27; 
ttag +73 100/100/100/100/100; 
ttag +74 80/76/60/75/69; 
ttag +75 44/34/36/32/34; 
ttag +76 42/24/4/17/21; 
ttag +77 62/60/56/68/60; 
ttag +78 99/98/98/99/96; 
ttag +79 18/[10]/?/?/?; 
ttag +80 34/16/?/14/12; 
ttag +81 100/100/99/100/99; 
ttag +82 40/15/?/7/5; 
ttag +83 96/94/84/93/86; 
ttag +84 87/82/75/84/74; 
ttag +85 90/86/86/92/87; 
ttag +86 53/22/10/11/11; 
ttag +87 47/29/26/23/14; 
ttag +88 100/100/98/100/97; 
ttag +89 46/11/?/2/?; 
ttag +90 99/99/98/98/97; 
ttag +91 95/94/87/96/86; 
ttag +92 25/[5]/3/?/?; 
ttag +93 56/38/22/31/29; 
ttag +94 85/81/83/93/81; 
