tread
'Tree with tags' 
(0 (1 ((2 3 )(4 (5 (11 (((6 7 )(8 (9 10 )))((12 13 )(((14 (15 (16 17 )))(18 (19 20 )))(21 (((22 23 )(24 25 ))(26 (27 (28 (((29 (30 31 ))(32 (33 34 (35 (36 (37 38 39 ))))))((40 (41 (42 43 )))(47 (44 45 46 )))))))))))))))))); 
ttag *!; 
ttag +49 ???; 
ttag +50 5; 
ttag +51 8; 
ttag +52 8; 
ttag +53 2; 
ttag +54 2; 
ttag +55 1; 
ttag +56 1; 
ttag +57 3; 
ttag +58 7; 
ttag +59 1; 
ttag +60 2; 
ttag +61 1; 
ttag +62 1; 
ttag +63 1; 
ttag +64 1; 
ttag +65 2; 
ttag +66 6; 
ttag +67 5; 
ttag +68 13; 
ttag +69 2; 
ttag +70 2; 
ttag +71 3; 
ttag +72 4; 
ttag +73 10; 
ttag +74 3; 
ttag +75 2; 
ttag +76 4; 
ttag +77 9; 
ttag +78 1; 
ttag +79 1; 
ttag +80 5; 
ttag +81 5; 
ttag +82 2; 
ttag +83 3; 
ttag +84 3; 
ttag +85 7; 
ttag +86 4; 
ttag +87 2; 
ttag +88 2; 
ttag +89 9; 
ttag +90 1; 
ttag +91 3; 
tread
'Tree with tags' 
(0 (1 ((2 3 )(4 (5 (11 (((6 7 )(8 (9 10 )))((12 13 )(((14 (15 (16 17 )))(18 (19 20 )))(21 (((22 23 )(24 25 ))(26 (27 (28 (((29 (30 31 ))(32 (33 (34 (35 (36 (38 (37 39 ))))))))((40 (41 (42 43 )))(47 (46 (44 45 ))))))))))))))))))); 
ttag *!; 
ttag +0 ////; 
ttag +1 ////; 
ttag +2 ////; 
ttag +3 ////; 
ttag +4 ////; 
ttag +5 ////; 
ttag +6 ////; 
ttag +7 ////; 
ttag +8 ////; 
ttag +9 ////; 
ttag +10 ////; 
ttag +11 ////; 
ttag +12 ////; 
ttag +13 ////; 
ttag +14 ////; 
ttag +15 ////; 
ttag +16 ////; 
ttag +17 ////; 
ttag +18 ////; 
ttag +19 ////; 
ttag +20 ////; 
ttag +21 ////; 
ttag +22 ////; 
ttag +23 ////; 
ttag +24 ////; 
ttag +25 ////; 
ttag +26 ////; 
ttag +27 ////; 
ttag +28 ////; 
ttag +29 ////; 
ttag +30 ////; 
ttag +31 ////; 
ttag +32 ////; 
ttag +33 ////; 
ttag +34 ////; 
ttag +35 ////; 
ttag +36 ////; 
ttag +37 ////; 
ttag +38 ////; 
ttag +39 ////; 
ttag +40 ////; 
ttag +41 ////; 
ttag +42 ////; 
ttag +43 ////; 
ttag +44 ////; 
ttag +45 ////; 
ttag +46 ////; 
ttag +47 ////; 
ttag +48 ////; 
ttag +49 100/100/100/100/100; 
ttag +50 95/93/94/98/95; 
ttag +51 100/100/97/99/96; 
ttag +52 99/99/96/98/95; 
ttag +53 75/68/55/62/44; 
ttag +54 89/88/81/83/79; 
ttag +55 14/[7]/?/?/?; 
ttag +56 24/14/13/26/13; 
ttag +57 84/82/72/78/63; 
ttag +58 95/92/88/96/92; 
ttag +59 67/54/38/60/49; 
ttag +60 63/56/48/62/49; 
ttag +61 15/[2]/0/2/?; 
ttag +62 30/[4]/?/?/?; 
ttag +63 28/17/16/22/16; 
ttag +64 26/16/12/19/10; 
ttag +65 76/69/66/73/68; 
ttag +66 96/94/93/94/88; 
ttag +67 91/90/86/92/87; 
ttag +68 100/100/100/99/100; 
ttag +69 66/59/53/72/49; 
ttag +70 50/27/24/35/13; 
ttag +71 44/31/27/43/34; 
ttag +72 84/76/68/83/71; 
ttag +73 99/98/99/100/100; 
ttag +74 78/75/65/80/64; 
ttag +75 42/9/?/11/?; 
ttag +76 60/51/33/42/43; 
ttag +77 100/100/99/100/98; 
ttag +78 24/8/4/10/0; 
ttag +79 27/12/7/18/10; 
ttag +80 94/93/86/94/88; 
ttag +81 95/94/91/95/90; 
ttag +82 70/59/42/54/48; 
ttag +83 26/[16]/?/?/?; 
ttag +84 94/93/82/88/84; 
ttag +85 94/93/81/87/83; 
ttag +86 33/0/?/5/3; 
ttag +87 98/98/96/99/95; 
ttag +88 94/93/83/89/78; 
ttag +89 58/42/26/46/31; 
ttag +90 66/55/43/52/42; 
ttag +91 100/100/99/100/99; 
ttag +92 10/[12]/?/?/?; 
ttag +93 31/8/?/6/?; 
ttag +94 81/77/72/82/74; 
