tread
'Tree with tags' 
(0 (1 (2 3 )(4 5 11 (6 7 )(8 (9 10 ))((12 13 14 )(((15 (16 17 ))(18 (19 20 )))(21 (26 27 (22 (23 (24 25 )))(28 (29 30 31 )(32 (35 (33 34 )(36 (37 (38 39 )))))((40 (41 (42 43 )))(44 45 46 47 )))))))))); 
ttag *!; 
ttag +49 ???; 
ttag +50 9; 
ttag +51 3; 
ttag +52 2; 
ttag +53 5; 
ttag +54 1; 
ttag +55 2; 
ttag +56 4; 
ttag +57 8; 
ttag +58 3; 
ttag +59 2; 
ttag +60 2; 
ttag +61 3; 
ttag +62 7; 
ttag +63 5; 
ttag +64 6; 
ttag +65 2; 
ttag +66 5; 
ttag +67 9; 
ttag +68 1; 
ttag +69 3; 
ttag +70 4; 
ttag +71 3; 
ttag +72 1; 
ttag +73 4; 
ttag +74 7; 
ttag +75 1; 
ttag +76 2; 
ttag +77 1; 
ttag +78 1; 
ttag +79 5; 
ttag +80 3; 
tread
'Tree with tags' 
(0 (1 ((2 3 )((((4 11 )(5 (6 7 )))((12 (13 14 ))(((15 (16 17 ))(18 (19 20 )))(21 ((22 (23 (24 25 )))(26 (27 ((28 ((31 (29 30 ))((40 (41 (42 43 )))((44 45 )(46 47 )))))(32 (35 ((33 34 )(36 (37 (38 39 ))))))))))))))(8 (9 10 )))))); 
ttag *!; 
ttag +0 ////; 
ttag +1 ////; 
ttag +2 ////; 
ttag +3 ////; 
ttag +4 ////; 
ttag +5 ////; 
ttag +6 ////; 
ttag +7 ////; 
ttag +8 ////; 
ttag +9 ////; 
ttag +10 ////; 
ttag +11 ////; 
ttag +12 ////; 
ttag +13 ////; 
ttag +14 ////; 
ttag +15 ////; 
ttag +16 ////; 
ttag +17 ////; 
ttag +18 ////; 
ttag +19 ////; 
ttag +20 ////; 
ttag +21 ////; 
ttag +22 ////; 
ttag +23 ////; 
ttag +24 ////; 
ttag +25 ////; 
ttag +26 ////; 
ttag +27 ////; 
ttag +28 ////; 
ttag +29 ////; 
ttag +30 ////; 
ttag +31 ////; 
ttag +32 ////; 
ttag +33 ////; 
ttag +34 ////; 
ttag +35 ////; 
ttag +36 ////; 
ttag +37 ////; 
ttag +38 ////; 
ttag +39 ////; 
ttag +40 ////; 
ttag +41 ////; 
ttag +42 ////; 
ttag +43 ////; 
ttag +44 ////; 
ttag +45 ////; 
ttag +46 ////; 
ttag +47 ////; 
ttag +48 ////; 
ttag +49 100/100/100/100/100; 
ttag +50 100/100/100/100/99; 
ttag +51 40/12/7/14/16; 
ttag +52 14/[2]/8/2/6; 
ttag +53 9/[8]/?/?/?; 
ttag +54 26/9/?/10/?; 
ttag +55 76/68/54/76/59; 
ttag +56 14/[2]/?/?/?; 
ttag +57 81/78/74/87/82; 
ttag +58 99/99/94/98/96; 
ttag +59 63/56/44/55/47; 
ttag +60 28/1/?/12/?; 
ttag +61 63/58/38/63/50; 
ttag +62 7/[21]/?/?/?; 
ttag +63 100/100/96/99/97; 
ttag +64 78/74/53/70/57; 
ttag +65 33/20/16/32/18; 
ttag +66 77/69/54/77/51; 
ttag +67 82/74/76/86/73; 
ttag +68 100/100/99/100/100; 
ttag +69 70/65/50/72/49; 
ttag +70 96/96/88/96/90; 
ttag +71 48/32/31/43/36; 
ttag +72 94/90/82/89/80; 
ttag +73 99/99/99/100/96; 
ttag +74 29/12/19/17/19; 
ttag +75 37/20/19/27/17; 
ttag +76 3/[40]/?/?/?; 
ttag +77 53/45/33/49/37; 
ttag +78 34/[6]/?/6/?; 
ttag +79 90/89/82/91/72; 
ttag +80 24/4/6/6/?; 
ttag +81 96/96/92/97/92; 
ttag +82 80/76/75/87/78; 
ttag +83 24/12/10/7/1; 
ttag +84 76/65/55/58/48; 
ttag +85 92/89/74/84/79; 
ttag +86 94/93/83/92/86; 
ttag +87 70/68/51/60/56; 
ttag +88 90/88/81/89/82; 
ttag +89 51/39/36/38/42; 
ttag +90 59/38/46/51/46; 
ttag +91 96/94/92/97/90; 
ttag +92 24/6/13/21/11; 
ttag +93 86/83/76/77/73; 
ttag +94 40/22/20/26/20; 
