tread
'Tree with tags' 
(0 (1 ((2 3 )(4 (5 (((6 7 )(11 (8 (9 10 ))))((12 13 )(((14 (15 (16 17 )))(21 ((22 (23 (24 25 )))(26 (27 ((28 (32 ((33 34 )(35 (36 (39 (37 38 )))))))((29 (30 31 ))((40 41 (42 43 ))(46 47 (44 45 ))))))))))(18 (19 20 )))))))))); 
ttag *!; 
ttag +49 ???; 
ttag +50 4; 
ttag +51 2; 
ttag +52 4; 
ttag +53 3; 
ttag +54 3; 
ttag +55 1; 
ttag +56 1; 
ttag +57 7; 
ttag +58 1; 
ttag +59 5; 
ttag +60 1; 
ttag +61 3; 
ttag +62 1; 
ttag +63 1; 
ttag +64 1; 
ttag +65 8; 
ttag +66 1; 
ttag +67 2; 
ttag +68 10; 
ttag +69 5; 
ttag +70 8; 
ttag +71 4; 
ttag +72 7; 
ttag +73 7; 
ttag +74 3; 
ttag +75 1; 
ttag +76 1; 
ttag +77 1; 
ttag +78 1; 
ttag +79 1; 
ttag +80 7; 
ttag +81 5; 
ttag +82 5; 
ttag +83 1; 
ttag +84 6; 
ttag +85 6; 
ttag +86 1; 
ttag +87 6; 
ttag +88 3; 
ttag +89 2; 
ttag +90 7; 
ttag +91 4; 
ttag +92 1; 
tread
'Tree with tags' 
(0 (1 ((2 3 )(4 (5 (((6 7 )(11 (8 (9 10 ))))((12 13 )(((14 (15 (16 17 )))(21 ((22 (23 (24 25 )))(26 (27 ((28 (32 ((33 34 )(35 (36 (39 (37 38 )))))))((29 (30 31 ))(((40 41 )(42 43 ))(47 (46 (44 45 )))))))))))(18 (19 20 )))))))))); 
ttag *!; 
ttag +0 ////; 
ttag +1 ////; 
ttag +2 ////; 
ttag +3 ////; 
ttag +4 ////; 
ttag +5 ////; 
ttag +6 ////; 
ttag +7 ////; 
ttag +8 ////; 
ttag +9 ////; 
ttag +10 ////; 
ttag +11 ////; 
ttag +12 ////; 
ttag +13 ////; 
ttag +14 ////; 
ttag +15 ////; 
ttag +16 ////; 
ttag +17 ////; 
ttag +18 ////; 
ttag +19 ////; 
ttag +20 ////; 
ttag +21 ////; 
ttag +22 ////; 
ttag +23 ////; 
ttag +24 ////; 
ttag +25 ////; 
ttag +26 ////; 
ttag +27 ////; 
ttag +28 ////; 
ttag +29 ////; 
ttag +30 ////; 
ttag +31 ////; 
ttag +32 ////; 
ttag +33 ////; 
ttag +34 ////; 
ttag +35 ////; 
ttag +36 ////; 
ttag +37 ////; 
ttag +38 ////; 
ttag +39 ////; 
ttag +40 ////; 
ttag +41 ////; 
ttag +42 ////; 
ttag +43 ////; 
ttag +44 ////; 
ttag +45 ////; 
ttag +46 ////; 
ttag +47 ////; 
ttag +48 ////; 
ttag +49 100/100/100/100/100; 
ttag +50 98/97/96/99/94; 
ttag +51 73/58/60/68/48; 
ttag +52 94/93/85/90/80; 
ttag +53 46/16/22/31/15; 
ttag +54 90/88/84/89/84; 
ttag +55 43/35/26/27/23; 
ttag +56 26/11/8/12/5; 
ttag +57 100/100/95/99/95; 
ttag +58 32/14/5/16/4; 
ttag +59 100/100/97/99/95; 
ttag +60 32/22/17/7/17; 
ttag +61 58/43/34/50/34; 
ttag +62 6/[26]/?/?/?; 
ttag +63 4/[28]/?/?/?; 
ttag +64 40/24/13/32/13; 
ttag +65 98/98/98/100/97; 
ttag +66 44/22/32/26/26; 
ttag +67 64/56/54/48/50; 
ttag +68 100/100/100/100/100; 
ttag +69 83/81/72/80/66; 
ttag +70 98/98/95/99/93; 
ttag +71 84/78/77/84/76; 
ttag +72 99/99/97/99/98; 
ttag +73 99/99/99/100/96; 
ttag +74 61/54/42/56/47; 
ttag +75 18/[7]/?/5/?; 
ttag +76 24/13/7/11/9; 
ttag +77 18/9/9/13/10; 
ttag +78 35/14/10/15/14; 
ttag +79 31/19/15/23/18; 
ttag +80 98/97/94/99/94; 
ttag +81 94/94/78/90/78; 
ttag +82 95/94/80/94/84; 
ttag +83 63/53/40/48/36; 
ttag +84 92/88/84/92/82; 
ttag +85 96/94/94/95/93; 
ttag +86 64/50/43/50/48; 
ttag +87 96/94/95/96/97; 
ttag +88 25/[2]/?/?/0; 
ttag +89 68/60/45/64/48; 
ttag +90 61/55/46/62/38; 
ttag +91 100/100/99/99/97; 
ttag +92 92/91/84/93/83; 
ttag +93 40/30/31/33/30; 
ttag +94 41/32/21/29/22; 
