tread
'Tree with tags' 
(0 (1 ((2 3 )(4 5 6 7 11 12 13 (8 (9 10 ))((21 (14 (18 ((15 (16 17 ))(19 20 )))))((22 (23 (24 25 )))(26 (27 28 ((29 30 31 )(((32 35 (33 34 ))(36 (37 38 39 )))(41 (40 (42 43 )))(44 45 46 47 ))))))))))); 
ttag *!; 
ttag +49 ???; 
ttag +50 4; 
ttag +51 4; 
ttag +52 10; 
ttag +53 6; 
ttag +54 2; 
ttag +55 4; 
ttag +56 1; 
ttag +57 3; 
ttag +58 7; 
ttag +59 1; 
ttag +60 5; 
ttag +61 1; 
ttag +62 9; 
ttag +63 1; 
ttag +64 5; 
ttag +65 4; 
ttag +66 6; 
ttag +67 2; 
ttag +68 1; 
ttag +69 6; 
ttag +70 1; 
ttag +71 1; 
ttag +72 2; 
ttag +73 2; 
ttag +74 5; 
ttag +75 4; 
ttag +76 3; 
ttag +77 1; 
ttag +78 1; 
ttag +79 9; 
ttag +80 2; 
tread
'Tree with tags' 
(0 (1 ((2 3 )(((4 (6 7 ))(11 ((5 ((21 (14 (18 ((15 (16 17 ))(19 20 )))))((22 (23 (24 25 )))(26 (27 (28 ((29 (30 31 ))((((35 (32 (33 34 )))(36 (37 (38 39 ))))(41 (40 (42 43 ))))(47 (44 (45 46 )))))))))))(12 13 ))))(8 (9 10 )))))); 
ttag *!; 
ttag +0 ////; 
ttag +1 ////; 
ttag +2 ////; 
ttag +3 ////; 
ttag +4 ////; 
ttag +5 ////; 
ttag +6 ////; 
ttag +7 ////; 
ttag +8 ////; 
ttag +9 ////; 
ttag +10 ////; 
ttag +11 ////; 
ttag +12 ////; 
ttag +13 ////; 
ttag +14 ////; 
ttag +15 ////; 
ttag +16 ////; 
ttag +17 ////; 
ttag +18 ////; 
ttag +19 ////; 
ttag +20 ////; 
ttag +21 ////; 
ttag +22 ////; 
ttag +23 ////; 
ttag +24 ////; 
ttag +25 ////; 
ttag +26 ////; 
ttag +27 ////; 
ttag +28 ////; 
ttag +29 ////; 
ttag +30 ////; 
ttag +31 ////; 
ttag +32 ////; 
ttag +33 ////; 
ttag +34 ////; 
ttag +35 ////; 
ttag +36 ////; 
ttag +37 ////; 
ttag +38 ////; 
ttag +39 ////; 
ttag +40 ////; 
ttag +41 ////; 
ttag +42 ////; 
ttag +43 ////; 
ttag +44 ////; 
ttag +45 ////; 
ttag +46 ////; 
ttag +47 ////; 
ttag +48 ////; 
ttag +49 100/100/100/100/100; 
ttag +50 98/97/93/97/95; 
ttag +51 96/95/86/94/89; 
ttag +52 24/1/8/13/7; 
ttag +53 23/0/?/9/6; 
ttag +54 100/100/99/99/97; 
ttag +55 17/0/1/7/?; 
ttag +56 6/[17]/?/?/?; 
ttag +57 12/[4]/?/?/?; 
ttag +58 30/12/2/5/4; 
ttag +59 98/98/97/100/97; 
ttag +60 84/79/67/68/64; 
ttag +61 57/52/41/49/37; 
ttag +62 88/87/70/88/77; 
ttag +63 42/24/19/26/20; 
ttag +64 59/52/38/54/45; 
ttag +65 95/94/91/94/90; 
ttag +66 43/0/?/2/?; 
ttag +67 99/98/94/96/93; 
ttag +68 54/41/32/42/38; 
ttag +69 100/100/99/100/100; 
ttag +70 63/55/38/59/45; 
ttag +71 82/81/68/85/70; 
ttag +72 91/89/78/84/78; 
ttag +73 92/87/84/92/80; 
ttag +74 57/45/39/50/50; 
ttag +75 48/40/38/40/42; 
ttag +76 46/37/35/37/42; 
ttag +77 98/96/89/96/90; 
ttag +78 61/56/42/56/56; 
ttag +79 39/[4]/4/?/?; 
ttag +80 16/[10]/?/?/?; 
ttag +81 51/39/26/28/28; 
ttag +82 78/74/55/78/54; 
ttag +83 24/11/2/12/?; 
ttag +84 74/63/56/74/56; 
ttag +85 94/94/87/94/80; 
ttag +86 82/73/60/76/61; 
ttag +87 85/82/71/86/75; 
ttag +88 26/[4]/?/?/0; 
ttag +89 58/46/31/43/34; 
ttag +90 32/20/6/22/5; 
ttag +91 98/98/97/100/96; 
ttag +92 6/[24]/?/?/?; 
ttag +93 61/56/39/60/46; 
ttag +94 22/[9]/?/?/?; 
