tread
'Tree with tags' 
(0 (1 ((2 3 )(4 (5 ((6 7 (8 9 10 ))(11 14 21 (12 13 )(15 (16 17 ))(18 (19 20 ))(22 (23 (24 25 )))(26 27 (28 (29 (30 31 ))((((32 35 (36 (37 (38 39 ))))(33 34 ))(46 (47 (44 45 ))))(40 (41 (42 43 ))))))))))))); 
ttag *!; 
ttag +49 ???; 
ttag +50 3; 
ttag +51 5; 
ttag +52 6; 
ttag +53 1; 
ttag +54 2; 
ttag +55 3; 
ttag +56 9; 
ttag +57 1; 
ttag +58 1; 
ttag +59 6; 
ttag +60 3; 
ttag +61 7; 
ttag +62 6; 
ttag +63 2; 
ttag +64 4; 
ttag +65 5; 
ttag +66 2; 
ttag +67 2; 
ttag +68 1; 
ttag +69 4; 
ttag +70 1; 
ttag +71 6; 
ttag +72 2; 
ttag +73 2; 
ttag +74 3; 
ttag +75 3; 
ttag +76 5; 
ttag +77 1; 
ttag +78 4; 
ttag +79 1; 
ttag +80 5; 
ttag +81 1; 
ttag +82 2; 
ttag +83 3; 
tread
'Tree with tags' 
(0 (1 ((2 3 )(4 (5 ((6 (7 (8 (9 10 ))))((11 (12 13 ))((14 ((15 (16 17 ))(18 (19 20 ))))((21 (22 (23 (24 25 ))))(26 (27 (28 ((29 (30 31 ))((((35 (32 (36 (37 (38 39 )))))(33 34 ))(46 (47 (44 45 ))))(40 (41 (42 43 ))))))))))))))))); 
ttag *!; 
ttag +0 ////; 
ttag +1 ////; 
ttag +2 ////; 
ttag +3 ////; 
ttag +4 ////; 
ttag +5 ////; 
ttag +6 ////; 
ttag +7 ////; 
ttag +8 ////; 
ttag +9 ////; 
ttag +10 ////; 
ttag +11 ////; 
ttag +12 ////; 
ttag +13 ////; 
ttag +14 ////; 
ttag +15 ////; 
ttag +16 ////; 
ttag +17 ////; 
ttag +18 ////; 
ttag +19 ////; 
ttag +20 ////; 
ttag +21 ////; 
ttag +22 ////; 
ttag +23 ////; 
ttag +24 ////; 
ttag +25 ////; 
ttag +26 ////; 
ttag +27 ////; 
ttag +28 ////; 
ttag +29 ////; 
ttag +30 ////; 
ttag +31 ////; 
ttag +32 ////; 
ttag +33 ////; 
ttag +34 ////; 
ttag +35 ////; 
ttag +36 ////; 
ttag +37 ////; 
ttag +38 ////; 
ttag +39 ////; 
ttag +40 ////; 
ttag +41 ////; 
ttag +42 ////; 
ttag +43 ////; 
ttag +44 ////; 
ttag +45 ////; 
ttag +46 ////; 
ttag +47 ////; 
ttag +48 ////; 
ttag +49 100/100/100/100/100; 
ttag +50 90/86/82/86/74; 
ttag +51 98/97/94/95/95; 
ttag +52 85/80/56/87/68; 
ttag +53 29/[17]/?/?/?; 
ttag +54 59/54/38/65/43; 
ttag +55 36/26/14/34/19; 
ttag +56 34/8/6/14/11; 
ttag +57 100/100/99/100/98; 
ttag +58 48/18/26/28/25; 
ttag +59 1/[20]/?/?/?; 
ttag +60 40/32/18/38/21; 
ttag +61 45/24/19/35/20; 
ttag +62 20/0/?/3/?; 
ttag +63 8/[13]/?/?/?; 
ttag +64 98/98/96/100/95; 
ttag +65 21/0/2/2/2; 
ttag +66 85/82/75/87/76; 
ttag +67 98/97/97/100/97; 
ttag +68 99/99/98/99/94; 
ttag +69 7/[10]/?/?/?; 
ttag +70 25/18/11/18/10; 
ttag +71 42/29/16/32/17; 
ttag +72 74/69/64/75/61; 
ttag +73 90/89/76/91/78; 
ttag +74 46/32/23/35/24; 
ttag +75 11/[37]/?/?/?; 
ttag +76 32/7/4/17/9; 
ttag +77 42/15/5/14/9; 
ttag +78 7/[20]/?/?/?; 
ttag +79 75/69/66/76/62; 
ttag +80 20/[8]/?/?/?; 
ttag +81 44/26/20/26/15; 
ttag +82 86/84/74/88/73; 
ttag +83 18/[40]/?/?/?; 
ttag +84 24/0/4/10/?; 
ttag +85 72/55/49/61/49; 
ttag +86 59/41/31/43/29; 
ttag +87 74/65/58/65/58; 
ttag +88 53/35/31/38/31; 
ttag +89 95/94/82/96/90; 
ttag +90 58/31/18/41/28; 
ttag +91 96/95/87/94/90; 
ttag +92 19/[16]/?/?/?; 
ttag +93 33/20/23/21/20; 
ttag +94 85/81/74/84/76; 
