tread
'Tree with tags' 
(0 (1 (3 (2 ((14 ((11 (((13 (4 21 ))(5 12 ))((6 7 )(8 (9 10 )))))((15 (16 17 ))(18 (19 20 )))))((22 (23 (24 25 )))(26 27 (28 ((29 (30 31 )(32 33 34 (35 (36 (39 (37 38 ))))))(44 45 46 47 (40 41 (42 43 )))))))))))); 
ttag *!; 
ttag +49 ???; 
ttag +50 1; 
ttag +51 5; 
ttag +52 2; 
ttag +53 1; 
ttag +54 1; 
ttag +55 1; 
ttag +56 1; 
ttag +57 1; 
ttag +58 1; 
ttag +59 9; 
ttag +60 1; 
ttag +61 3; 
ttag +62 2; 
ttag +63 11; 
ttag +64 3; 
ttag +65 6; 
ttag +66 7; 
ttag +67 1; 
ttag +68 6; 
ttag +69 10; 
ttag +70 4; 
ttag +71 1; 
ttag +72 7; 
ttag +73 2; 
ttag +74 3; 
ttag +75 1; 
ttag +76 1; 
ttag +77 2; 
ttag +78 3; 
ttag +79 10; 
ttag +80 2; 
ttag +81 3; 
ttag +82 1; 
ttag +83 3; 
ttag +84 8; 
ttag +85 3; 
ttag +86 4; 
tread
'Tree with tags' 
(0 (1 (3 (2 ((14 ((11 (((13 (4 21 ))(5 12 ))((6 7 )(8 (9 10 )))))((15 (16 17 ))(18 (19 20 )))))((22 (23 (24 25 )))((26 27 )(28 (((29 (34 ((32 33 )(35 (36 (39 (37 38 )))))))(30 31 ))(47 (46 (44 (45 (41 (40 (42 43 )))))))))))))))); 
ttag *!; 
ttag +0 ////; 
ttag +1 ////; 
ttag +2 ////; 
ttag +3 ////; 
ttag +4 ////; 
ttag +5 ////; 
ttag +6 ////; 
ttag +7 ////; 
ttag +8 ////; 
ttag +9 ////; 
ttag +10 ////; 
ttag +11 ////; 
ttag +12 ////; 
ttag +13 ////; 
ttag +14 ////; 
ttag +15 ////; 
ttag +16 ////; 
ttag +17 ////; 
ttag +18 ////; 
ttag +19 ////; 
ttag +20 ////; 
ttag +21 ////; 
ttag +22 ////; 
ttag +23 ////; 
ttag +24 ////; 
ttag +25 ////; 
ttag +26 ////; 
ttag +27 ////; 
ttag +28 ////; 
ttag +29 ////; 
ttag +30 ////; 
ttag +31 ////; 
ttag +32 ////; 
ttag +33 ////; 
ttag +34 ////; 
ttag +35 ////; 
ttag +36 ////; 
ttag +37 ////; 
ttag +38 ////; 
ttag +39 ////; 
ttag +40 ////; 
ttag +41 ////; 
ttag +42 ////; 
ttag +43 ////; 
ttag +44 ////; 
ttag +45 ////; 
ttag +46 ////; 
ttag +47 ////; 
ttag +48 ////; 
ttag +49 100/100/100/100/100; 
ttag +50 42/10/7/13/?; 
ttag +51 84/76/64/77/56; 
ttag +52 32/18/7/13/8; 
ttag +53 4/[27]/?/?/?; 
ttag +54 2/[29]/?/?/?; 
ttag +55 4/[28]/?/?/?; 
ttag +56 12/[20]/?/?/?; 
ttag +57 10/[3]/?/?/?; 
ttag +58 6/[13]/?/?/?; 
ttag +59 96/95/84/93/85; 
ttag +60 19/[4]/?/?/?; 
ttag +61 98/97/96/96/95; 
ttag +62 35/28/24/36/26; 
ttag +63 99/99/98/98/98; 
ttag +64 68/60/56/66/58; 
ttag +65 96/96/91/94/88; 
ttag +66 86/82/69/86/77; 
ttag +67 35/[12]/?/?/?; 
ttag +68 88/81/68/86/73; 
ttag +69 99/99/99/99/99; 
ttag +70 75/64/51/63/56; 
ttag +71 26/6/10/3/8; 
ttag +72 99/98/91/97/89; 
ttag +73 64/44/39/42/32; 
ttag +74 27/[4]/0/?/2; 
ttag +75 70/62/38/63/44; 
ttag +76 52/36/26/43/29; 
ttag +77 14/[54]/?/?/?; 
ttag +78 47/32/15/37/22; 
ttag +79 58/45/27/48/29; 
ttag +80 92/89/88/90/90; 
ttag +81 29/0/?/?/?; 
ttag +82 16/[14]/?/?/?; 
ttag +83 98/97/96/99/94; 
ttag +84 41/22/18/27/20; 
ttag +85 51/36/30/35/38; 
ttag +86 24/[4]/2/5/2; 
ttag +87 55/46/34/42/38; 
ttag +88 23/[14]/?/?/?; 
ttag +89 94/93/86/93/82; 
ttag +90 37/[2]/?/4/?; 
ttag +91 25/[14]/?/?/?; 
ttag +92 27/[12]/?/?/?; 
ttag +93 70/66/55/70/55; 
ttag +94 95/95/93/96/92; 
