tread
'Tree with tags' 
(0 (1 ((2 3 )(4 (5 (6 7 )(8 9 10 )(11 (13 (12 (14 21 (17 (15 16 ))(18 19 20 )((22 (23 (24 25 )))(26 (27 ((28 (32 (33 34 )(35 (36 (39 (37 38 )))))((40 (41 (42 43 )))((44 45 )(46 47 ))))(29 (30 31 ))))))))))))))); 
ttag *!; 
ttag +49 ???; 
ttag +50 8; 
ttag +51 1; 
ttag +52 3; 
ttag +53 2; 
ttag +54 1; 
ttag +55 8; 
ttag +56 2; 
ttag +57 2; 
ttag +58 2; 
ttag +59 2; 
ttag +60 1; 
ttag +61 4; 
ttag +62 7; 
ttag +63 2; 
ttag +64 5; 
ttag +65 4; 
ttag +66 4; 
ttag +67 4; 
ttag +68 2; 
ttag +69 1; 
ttag +70 1; 
ttag +71 3; 
ttag +72 4; 
ttag +73 6; 
ttag +74 4; 
ttag +75 4; 
ttag +76 8; 
ttag +77 1; 
ttag +78 2; 
ttag +79 8; 
ttag +80 2; 
ttag +81 2; 
ttag +82 3; 
ttag +83 1; 
ttag +84 5; 
ttag +85 1; 
tread
'Tree with tags' 
(0 (1 ((2 3 )(4 (5 ((6 7 )((8 (9 10 ))(11 (13 (12 (21 ((14 ((17 (15 16 ))(18 (19 20 ))))((22 (23 (24 25 )))(26 (27 (((28 ((40 (41 (42 43 )))((44 45 )(46 47 ))))((32 (33 34 ))(35 (36 (39 (37 38 ))))))(29 (30 31 )))))))))))))))))); 
ttag *!; 
ttag +0 ////; 
ttag +1 ////; 
ttag +2 ////; 
ttag +3 ////; 
ttag +4 ////; 
ttag +5 ////; 
ttag +6 ////; 
ttag +7 ////; 
ttag +8 ////; 
ttag +9 ////; 
ttag +10 ////; 
ttag +11 ////; 
ttag +12 ////; 
ttag +13 ////; 
ttag +14 ////; 
ttag +15 ////; 
ttag +16 ////; 
ttag +17 ////; 
ttag +18 ////; 
ttag +19 ////; 
ttag +20 ////; 
ttag +21 ////; 
ttag +22 ////; 
ttag +23 ////; 
ttag +24 ////; 
ttag +25 ////; 
ttag +26 ////; 
ttag +27 ////; 
ttag +28 ////; 
ttag +29 ////; 
ttag +30 ////; 
ttag +31 ////; 
ttag +32 ////; 
ttag +33 ////; 
ttag +34 ////; 
ttag +35 ////; 
ttag +36 ////; 
ttag +37 ////; 
ttag +38 ////; 
ttag +39 ////; 
ttag +40 ////; 
ttag +41 ////; 
ttag +42 ////; 
ttag +43 ////; 
ttag +44 ////; 
ttag +45 ////; 
ttag +46 ////; 
ttag +47 ////; 
ttag +48 ////; 
ttag +49 100/100/100/100/100; 
ttag +50 98/96/98/97/97; 
ttag +51 52/23/12/31/8; 
ttag +52 87/82/73/85/74; 
ttag +53 70/60/48/67/40; 
ttag +54 25/2/6/5/5; 
ttag +55 34/9/10/9/6; 
ttag +56 99/99/97/99/98; 
ttag +57 13/[11]/?/?/?; 
ttag +58 28/[31]/?/?/?; 
ttag +59 72/70/53/70/57; 
ttag +60 48/37/17/32/22; 
ttag +61 56/44/28/38/32; 
ttag +62 15/[20]/?/?/?; 
ttag +63 8/[27]/?/?/?; 
ttag +64 40/29/14/30/22; 
ttag +65 76/68/66/65/61; 
ttag +66 92/90/87/95/77; 
ttag +67 33/[2]/11/4/10; 
ttag +68 99/99/98/99/97; 
ttag +69 62/47/57/47/50; 
ttag +70 72/67/52/68/54; 
ttag +71 85/82/70/80/68; 
ttag +72 90/90/82/87/82; 
ttag +73 81/71/60/78/61; 
ttag +74 62/52/50/58/44; 
ttag +75 35/20/7/17/0; 
ttag +76 18/4/?/?/?; 
ttag +77 19/6/?/1/?; 
ttag +78 35/22/8/19/6; 
ttag +79 74/66/50/68/53; 
ttag +80 88/83/84/92/79; 
ttag +81 22/[8]/?/?/?; 
ttag +82 96/96/92/98/90; 
ttag +83 90/89/80/90/84; 
ttag +84 90/89/77/92/79; 
ttag +85 98/98/94/98/96; 
ttag +86 50/44/33/44/37; 
ttag +87 88/86/76/85/78; 
ttag +88 97/96/93/96/94; 
ttag +89 38/25/14/30/16; 
ttag +90 81/76/64/76/52; 
ttag +91 89/84/65/86/79; 
ttag +92 57/46/37/39/36; 
ttag +93 98/97/94/97/92; 
ttag +94 46/22/12/26/24; 
