tread
'Tree with tags' 
(0 (1 (4 (5 (11 14 (2 3 )(6 7 (8 (9 10 )))(21 (12 13 ))((15 (16 17 ))(18 (19 20 )))((23 (22 (24 25 )))(26 27 28 ((29 (30 31 ))((32 (33 34 )(35 (36 (39 (37 38 )))))(46 ((40 (41 (42 43 )))(45 (44 47 ))))))))))))); 
ttag *!; 
ttag +49 ???; 
ttag +50 15; 
ttag +51 1; 
ttag +52 1; 
ttag +53 5; 
ttag +54 1; 
ttag +55 9; 
ttag +56 2; 
ttag +57 3; 
ttag +58 1; 
ttag +59 7; 
ttag +60 1; 
ttag +61 2; 
ttag +62 2; 
ttag +63 7; 
ttag +64 1; 
ttag +65 1; 
ttag +66 2; 
ttag +67 5; 
ttag +68 3; 
ttag +69 5; 
ttag +70 3; 
ttag +71 4; 
ttag +72 2; 
ttag +73 1; 
ttag +74 6; 
ttag +75 1; 
ttag +76 3; 
ttag +77 1; 
ttag +78 7; 
ttag +79 7; 
ttag +80 1; 
ttag +81 3; 
ttag +82 4; 
ttag +83 9; 
ttag +84 1; 
ttag +85 3; 
tread
'Tree with tags' 
(0 (1 (4 (5 ((11 (((2 3 )((23 (22 (24 25 )))(28 ((26 27 )((29 (30 31 ))(((32 (35 (36 (39 (37 38 )))))(33 34 ))(46 ((40 (41 (42 43 )))(45 (44 47 ))))))))))((21 (12 13 ))(14 ((15 (16 17 ))(18 (19 20 )))))))(7 (6 (8 (9 10 ))))))))); 
ttag *!; 
ttag +0 ////; 
ttag +1 ////; 
ttag +2 ////; 
ttag +3 ////; 
ttag +4 ////; 
ttag +5 ////; 
ttag +6 ////; 
ttag +7 ////; 
ttag +8 ////; 
ttag +9 ////; 
ttag +10 ////; 
ttag +11 ////; 
ttag +12 ////; 
ttag +13 ////; 
ttag +14 ////; 
ttag +15 ////; 
ttag +16 ////; 
ttag +17 ////; 
ttag +18 ////; 
ttag +19 ////; 
ttag +20 ////; 
ttag +21 ////; 
ttag +22 ////; 
ttag +23 ////; 
ttag +24 ////; 
ttag +25 ////; 
ttag +26 ////; 
ttag +27 ////; 
ttag +28 ////; 
ttag +29 ////; 
ttag +30 ////; 
ttag +31 ////; 
ttag +32 ////; 
ttag +33 ////; 
ttag +34 ////; 
ttag +35 ////; 
ttag +36 ////; 
ttag +37 ////; 
ttag +38 ////; 
ttag +39 ////; 
ttag +40 ////; 
ttag +41 ////; 
ttag +42 ////; 
ttag +43 ////; 
ttag +44 ////; 
ttag +45 ////; 
ttag +46 ////; 
ttag +47 ////; 
ttag +48 ////; 
ttag +49 100/100/100/100/100; 
ttag +50 100/100/100/100/100; 
ttag +51 12/[14]/?/?/?; 
ttag +52 6/[20]/?/?/?; 
ttag +53 8/[18]/?/?/?; 
ttag +54 31/4/?/5/?; 
ttag +55 42/15/11/16/2; 
ttag +56 94/90/90/92/87; 
ttag +57 8/[36]/?/?/?; 
ttag +58 48/39/23/43/24; 
ttag +59 100/100/99/100/100; 
ttag +60 77/66/66/69/53; 
ttag +61 88/85/80/87/75; 
ttag +62 45/36/44/37/32; 
ttag +63 11/[10]/?/?/?; 
ttag +64 19/[2]/?/3/2; 
ttag +65 96/96/91/98/86; 
ttag +66 48/36/35/41/31; 
ttag +67 85/81/72/82/66; 
ttag +68 72/60/57/62/55; 
ttag +69 100/100/99/100/99; 
ttag +70 52/33/18/38/22; 
ttag +71 62/56/34/60/44; 
ttag +72 68/64/55/68/56; 
ttag +73 93/90/90/96/93; 
ttag +74 64/50/52/34/46; 
ttag +75 15/[11]/?/?/?; 
ttag +76 72/68/58/82/59; 
ttag +77 94/93/89/96/86; 
ttag +78 63/59/48/66/44; 
ttag +79 94/92/84/92/82; 
ttag +80 45/14/14/16/14; 
ttag +81 80/72/65/83/61; 
ttag +82 52/38/31/53/32; 
ttag +83 98/98/93/97/94; 
ttag +84 65/57/44/52/42; 
ttag +85 94/94/91/93/90; 
ttag +86 63/56/44/54/38; 
ttag +87 97/97/92/96/86; 
ttag +88 97/97/94/96/92; 
ttag +89 44/20/7/30/8; 
ttag +90 73/69/62/73/56; 
ttag +91 93/90/83/90/77; 
ttag +92 99/99/97/100/98; 
ttag +93 46/29/16/35/13; 
ttag +94 66/56/49/62/43; 
