tread
'Tree with tags' 
(0 (1 ((2 3 )(4 (5 ((6 7 )(8 (9 10 )))(11 12 13 14 21 (15 16 17 )(18 (19 20 ))(22 26 27 28 (23 (24 25 ))(29 (30 31 ))(32 (33 34 )(35 (36 (37 38 39 ))))(40 41 (42 43 ))(44 45 46 47 )))))))); 
ttag *!; 
ttag +49 ???; 
ttag +50 5; 
ttag +51 4; 
ttag +52 5; 
ttag +53 1; 
ttag +54 1; 
ttag +55 1; 
ttag +56 6; 
ttag +57 1; 
ttag +58 2; 
ttag +59 8; 
ttag +60 9; 
ttag +61 7; 
ttag +62 4; 
ttag +63 7; 
ttag +64 5; 
ttag +65 4; 
ttag +66 4; 
ttag +67 6; 
ttag +68 2; 
ttag +69 6; 
ttag +70 4; 
ttag +71 6; 
ttag +72 2; 
ttag +73 7; 
ttag +74 2; 
tread
'Tree with tags' 
(0 (1 ((2 3 )(4 ((5 ((6 7 )(8 (9 10 ))))(11 ((12 (18 (19 20 )))(13 ((21 (14 (15 (16 17 ))))((22 (23 (24 25 )))((26 (27 28 ))((29 (30 31 ))((32 ((33 34 )(35 (36 (38 (37 39 ))))))((41 (40 (42 43 )))(47 (46 (44 45 ))))))))))))))))); 
ttag *!; 
ttag +0 ////; 
ttag +1 ////; 
ttag +2 ////; 
ttag +3 ////; 
ttag +4 ////; 
ttag +5 ////; 
ttag +6 ////; 
ttag +7 ////; 
ttag +8 ////; 
ttag +9 ////; 
ttag +10 ////; 
ttag +11 ////; 
ttag +12 ////; 
ttag +13 ////; 
ttag +14 ////; 
ttag +15 ////; 
ttag +16 ////; 
ttag +17 ////; 
ttag +18 ////; 
ttag +19 ////; 
ttag +20 ////; 
ttag +21 ////; 
ttag +22 ////; 
ttag +23 ////; 
ttag +24 ////; 
ttag +25 ////; 
ttag +26 ////; 
ttag +27 ////; 
ttag +28 ////; 
ttag +29 ////; 
ttag +30 ////; 
ttag +31 ////; 
ttag +32 ////; 
ttag +33 ////; 
ttag +34 ////; 
ttag +35 ////; 
ttag +36 ////; 
ttag +37 ////; 
ttag +38 ////; 
ttag +39 ////; 
ttag +40 ////; 
ttag +41 ////; 
ttag +42 ////; 
ttag +43 ////; 
ttag +44 ////; 
ttag +45 ////; 
ttag +46 ////; 
ttag +47 ////; 
ttag +48 ////; 
ttag +49 100/100/100/100/100; 
ttag +50 97/95/90/94/88; 
ttag +51 93/92/89/94/92; 
ttag +52 82/75/74/84/77; 
ttag +53 20/3/5/8/2; 
ttag +54 44/30/24/37/24; 
ttag +55 63/51/37/46/41; 
ttag +56 63/55/44/56/35; 
ttag +57 98/98/94/98/94; 
ttag +58 42/15/3/10/12; 
ttag +59 37/28/20/35/18; 
ttag +60 23/4/5/2/11; 
ttag +61 38/34/28/36/27; 
ttag +62 14/[4]/?/?/?; 
ttag +63 6/[12]/?/?/?; 
ttag +64 2/[18]/?/?/?; 
ttag +65 16/[2]/2/?/?; 
ttag +66 100/100/97/100/98; 
ttag +67 62/42/45/52/41; 
ttag +68 100/100/100/100/100; 
ttag +69 98/98/98/99/97; 
ttag +70 37/10/14/4/14; 
ttag +71 88/86/83/89/81; 
ttag +72 98/97/93/97/93; 
ttag +73 91/90/85/86/84; 
ttag +74 13/[6]/?/?/0; 
ttag +75 26/14/10/22/11; 
ttag +76 12/[10]/?/?/?; 
ttag +77 93/92/88/96/83; 
ttag +78 45/35/15/31/20; 
ttag +79 95/95/90/95/87; 
ttag +80 97/95/79/94/84; 
ttag +81 16/[17]/?/?/?; 
ttag +82 88/85/70/79/66; 
ttag +83 47/18/6/10/13; 
ttag +84 96/95/94/98/92; 
ttag +85 94/92/84/92/86; 
ttag +86 22/2/?/0/?; 
ttag +87 99/99/97/99/96; 
ttag +88 32/0/?/?/?; 
ttag +89 68/64/53/65/50; 
ttag +90 20/[10]/?/?/?; 
ttag +91 99/99/98/100/98; 
ttag +92 12/[25]/?/?/?; 
ttag +93 25/[7]/?/?/?; 
ttag +94 70/65/54/76/53; 
