tread
'Tree with tags' 
(0 (1 ((2 3 )(4 (5 (11 ((6 7 )(8 (9 10 )))((12 13 )((14 (21 ((22 (23 (24 25 )))((26 27 )(((28 (32 (33 34 )(35 (36 (37 (38 39 ))))))((40 (41 (42 43 )))(45 (44 (46 47 )))))(29 (30 31 )))))))((15 (16 17 ))(18 (19 20 ))))))))))); 
ttag *!; 
ttag +49 ???; 
ttag +50 6; 
ttag +51 4; 
ttag +52 6; 
ttag +53 4; 
ttag +54 1; 
ttag +55 3; 
ttag +56 3; 
ttag +57 10; 
ttag +58 1; 
ttag +59 3; 
ttag +60 1; 
ttag +61 2; 
ttag +62 3; 
ttag +63 6; 
ttag +64 2; 
ttag +65 1; 
ttag +66 9; 
ttag +67 6; 
ttag +68 2; 
ttag +69 10; 
ttag +70 4; 
ttag +71 2; 
ttag +72 7; 
ttag +73 2; 
ttag +74 2; 
ttag +75 1; 
ttag +76 2; 
ttag +77 2; 
ttag +78 8; 
ttag +79 2; 
ttag +80 7; 
ttag +81 3; 
ttag +82 4; 
ttag +83 4; 
ttag +84 2; 
ttag +85 1; 
ttag +86 6; 
ttag +87 1; 
ttag +88 4; 
ttag +89 3; 
ttag +90 1; 
ttag +91 1; 
ttag +92 1; 
tread
'Tree with tags' 
(0 (1 ((2 3 )(4 (5 (((6 7 )(8 (9 10 )))(11 ((12 13 )((14 (21 ((22 (23 (24 25 )))((26 27 )(((28 (32 ((33 34 )(35 (36 (37 (38 39 )))))))((40 (41 (42 43 )))(45 (44 (46 47 )))))(29 (30 31 )))))))((15 (16 17 ))(18 (19 20 )))))))))))); 
ttag *!; 
ttag +0 ////; 
ttag +1 ////; 
ttag +2 ////; 
ttag +3 ////; 
ttag +4 ////; 
ttag +5 ////; 
ttag +6 ////; 
ttag +7 ////; 
ttag +8 ////; 
ttag +9 ////; 
ttag +10 ////; 
ttag +11 ////; 
ttag +12 ////; 
ttag +13 ////; 
ttag +14 ////; 
ttag +15 ////; 
ttag +16 ////; 
ttag +17 ////; 
ttag +18 ////; 
ttag +19 ////; 
ttag +20 ////; 
ttag +21 ////; 
ttag +22 ////; 
ttag +23 ////; 
ttag +24 ////; 
ttag +25 ////; 
ttag +26 ////; 
ttag +27 ////; 
ttag +28 ////; 
ttag +29 ////; 
ttag +30 ////; 
ttag +31 ////; 
ttag +32 ////; 
ttag +33 ////; 
ttag +34 ////; 
ttag +35 ////; 
ttag +36 ////; 
ttag +37 ////; 
ttag +38 ////; 
ttag +39 ////; 
ttag +40 ////; 
ttag +41 ////; 
ttag +42 ////; 
ttag +43 ////; 
ttag +44 ////; 
ttag +45 ////; 
ttag +46 ////; 
ttag +47 ////; 
ttag +48 ////; 
ttag +49 100/100/100/100/100; 
ttag +50 94/92/93/97/94; 
ttag +51 96/95/93/94/89; 
ttag +52 86/79/73/89/74; 
ttag +53 67/59/46/72/50; 
ttag +54 30/6/?/7/?; 
ttag +55 60/54/45/60/44; 
ttag +56 67/59/44/62/48; 
ttag +57 100/100/100/99/98; 
ttag +58 54/31/26/34/29; 
ttag +59 21/7/2/5/1; 
ttag +60 56/48/43/53/43; 
ttag +61 32/10/13/18/5; 
ttag +62 40/27/20/36/14; 
ttag +63 64/58/56/68/44; 
ttag +64 90/87/84/90/77; 
ttag +65 48/40/41/54/33; 
ttag +66 62/48/35/40/29; 
ttag +67 99/99/100/99/98; 
ttag +68 99/98/97/98/98; 
ttag +69 30/17/15/31/8; 
ttag +70 99/99/99/100/98; 
ttag +71 60/52/46/59/40; 
ttag +72 56/30/21/44/31; 
ttag +73 93/89/80/90/84; 
ttag +74 64/57/44/51/50; 
ttag +75 37/16/19/16/29; 
ttag +76 22/6/2/9/10; 
ttag +77 20/4/?/7/2; 
ttag +78 42/38/33/36/36; 
ttag +79 99/99/97/97/98; 
ttag +80 62/46/40/54/50; 
ttag +81 91/90/82/92/84; 
ttag +82 88/84/82/82/76; 
ttag +83 25/4/?/?/2; 
ttag +84 80/76/63/83/69; 
ttag +85 87/86/76/88/72; 
ttag +86 70/62/42/59/43; 
ttag +87 68/59/54/59/52; 
ttag +88 98/98/96/99/95; 
ttag +89 21/1/6/?/8; 
ttag +90 92/88/82/90/83; 
ttag +91 88/82/74/85/76; 
ttag +92 4/[24]/?/?/?; 
ttag +93 10/[10]/?/?/?; 
ttag +94 2/[26]/?/?/?; 
