tread
'Tree with tags' 
(0 (1 ((2 3 )(4 (5 11 12 13 14 (6 (7 (8 (9 10 ))))(15 (16 17 ))(18 19 20 )(21 (22 26 27 28 (23 (24 25 ))((29 (30 31 ))(32 (33 34 )(35 (36 (37 (38 39 )))))(40 41 (42 43 )(44 45 46 47 )))))))))); 
ttag *!; 
ttag +49 ???; 
ttag +50 2; 
ttag +51 2; 
ttag +52 1; 
ttag +53 2; 
ttag +54 1; 
ttag +55 1; 
ttag +56 4; 
ttag +57 4; 
ttag +58 5; 
ttag +59 2; 
ttag +60 6; 
ttag +61 3; 
ttag +62 8; 
ttag +63 8; 
ttag +64 1; 
ttag +65 6; 
ttag +66 1; 
ttag +67 6; 
ttag +68 1; 
ttag +69 6; 
ttag +70 4; 
ttag +71 3; 
ttag +72 3; 
ttag +73 1; 
ttag +74 4; 
ttag +75 10; 
ttag +76 2; 
tread
'Tree with tags' 
(0 (1 ((2 3 )(4 ((5 (6 (7 (8 (9 10 )))))((11 (12 (21 ((22 (26 (27 28 )))((23 (24 25 ))(((29 (30 31 ))((41 (40 (42 43 )))(46 (44 (45 47 )))))((32 (33 34 ))(35 (36 (37 (38 39 )))))))))))(14 ((13 (18 (19 20 )))(15 (16 17 )))))))))); 
ttag *!; 
ttag +0 ////; 
ttag +1 ////; 
ttag +2 ////; 
ttag +3 ////; 
ttag +4 ////; 
ttag +5 ////; 
ttag +6 ////; 
ttag +7 ////; 
ttag +8 ////; 
ttag +9 ////; 
ttag +10 ////; 
ttag +11 ////; 
ttag +12 ////; 
ttag +13 ////; 
ttag +14 ////; 
ttag +15 ////; 
ttag +16 ////; 
ttag +17 ////; 
ttag +18 ////; 
ttag +19 ////; 
ttag +20 ////; 
ttag +21 ////; 
ttag +22 ////; 
ttag +23 ////; 
ttag +24 ////; 
ttag +25 ////; 
ttag +26 ////; 
ttag +27 ////; 
ttag +28 ////; 
ttag +29 ////; 
ttag +30 ////; 
ttag +31 ////; 
ttag +32 ////; 
ttag +33 ////; 
ttag +34 ////; 
ttag +35 ////; 
ttag +36 ////; 
ttag +37 ////; 
ttag +38 ////; 
ttag +39 ////; 
ttag +40 ////; 
ttag +41 ////; 
ttag +42 ////; 
ttag +43 ////; 
ttag +44 ////; 
ttag +45 ////; 
ttag +46 ////; 
ttag +47 ////; 
ttag +48 ////; 
ttag +49 100/100/100/100/100; 
ttag +50 84/79/74/82/72; 
ttag +51 80/70/65/70/54; 
ttag +52 78/74/62/78/64; 
ttag +53 2/[39]/?/?/?; 
ttag +54 75/69/54/68/54; 
ttag +55 51/45/30/45/27; 
ttag +56 60/56/40/60/42; 
ttag +57 92/91/81/91/85; 
ttag +58 94/92/90/94/91; 
ttag +59 1/[19]/?/?/?; 
ttag +60 18/6/2/11/4; 
ttag +61 4/[16]/?/?/?; 
ttag +62 30/1/?/?/?; 
ttag +63 15/[5]/?/?/?; 
ttag +64 10/[10]/?/?/?; 
ttag +65 94/93/90/94/88; 
ttag +66 82/70/61/81/55; 
ttag +67 98/98/96/99/96; 
ttag +68 72/55/38/51/51; 
ttag +69 63/54/42/60/38; 
ttag +70 11/[10]/?/?/?; 
ttag +71 97/96/96/96/94; 
ttag +72 97/96/90/99/94; 
ttag +73 34/12/9/3/2; 
ttag +74 66/44/50/60/47; 
ttag +75 8/[12]/?/?/?; 
ttag +76 28/9/?/16/6; 
ttag +77 96/96/95/98/92; 
ttag +78 59/44/49/52/46; 
ttag +79 57/39/36/52/40; 
ttag +80 95/93/94/97/94; 
ttag +81 16/[9]/?/?/?; 
ttag +82 53/42/37/45/46; 
ttag +83 99/98/98/99/99; 
ttag +84 97/97/95/98/93; 
ttag +85 92/91/85/90/85; 
ttag +86 86/81/69/80/69; 
ttag +87 47/34/32/38/26; 
ttag +88 50/36/30/29/37; 
ttag +89 72/63/49/62/53; 
ttag +90 89/85/79/88/82; 
ttag +91 100/100/99/100/100; 
ttag +92 24/4/7/9/12; 
ttag +93 80/69/67/65/52; 
ttag +94 44/36/34/39/31; 
