tread
'Tree with tags' 
(0 (1 ((2 3 )(4 5 (6 7 )(8 (9 10 ))(11 (12 13 (14 ((15 (16 17 ))(18 (19 20 )))(21 (22 (23 (24 25 )))(26 (27 (28 ((29 (30 31 ))(((32 ((33 34 )(35 (36 (37 (38 39 ))))))(40 (41 (42 43 ))))(44 (46 (45 47 )))))))))))))))); 
ttag *!; 
ttag +49 ???; 
ttag +50 7; 
ttag +51 1; 
ttag +52 5; 
ttag +53 2; 
ttag +54 11; 
ttag +55 1; 
ttag +56 1; 
ttag +57 1; 
ttag +58 2; 
ttag +59 1; 
ttag +60 2; 
ttag +61 4; 
ttag +62 5; 
ttag +63 7; 
ttag +64 2; 
ttag +65 2; 
ttag +66 7; 
ttag +67 2; 
ttag +68 7; 
ttag +69 3; 
ttag +70 4; 
ttag +71 3; 
ttag +72 4; 
ttag +73 2; 
ttag +74 7; 
ttag +75 1; 
ttag +76 1; 
ttag +77 2; 
ttag +78 2; 
ttag +79 3; 
ttag +80 3; 
ttag +81 3; 
ttag +82 1; 
ttag +83 9; 
ttag +84 5; 
ttag +85 5; 
ttag +86 2; 
ttag +87 1; 
ttag +88 1; 
tread
'Tree with tags' 
(0 (1 ((2 3 )((5 (4 ((8 (9 10 ))(11 (13 (12 ((14 ((21 (22 (23 (24 25 ))))(26 (27 (28 ((29 (30 31 ))(((32 ((33 34 )(35 (36 (37 (38 39 ))))))(40 (41 (42 43 ))))(44 (46 (45 47 ))))))))))((15 (16 17 ))(18 (19 20 ))))))))))(6 7 ))))); 
ttag *!; 
ttag +0 ////; 
ttag +1 ////; 
ttag +2 ////; 
ttag +3 ////; 
ttag +4 ////; 
ttag +5 ////; 
ttag +6 ////; 
ttag +7 ////; 
ttag +8 ////; 
ttag +9 ////; 
ttag +10 ////; 
ttag +11 ////; 
ttag +12 ////; 
ttag +13 ////; 
ttag +14 ////; 
ttag +15 ////; 
ttag +16 ////; 
ttag +17 ////; 
ttag +18 ////; 
ttag +19 ////; 
ttag +20 ////; 
ttag +21 ////; 
ttag +22 ////; 
ttag +23 ////; 
ttag +24 ////; 
ttag +25 ////; 
ttag +26 ////; 
ttag +27 ////; 
ttag +28 ////; 
ttag +29 ////; 
ttag +30 ////; 
ttag +31 ////; 
ttag +32 ////; 
ttag +33 ////; 
ttag +34 ////; 
ttag +35 ////; 
ttag +36 ////; 
ttag +37 ////; 
ttag +38 ////; 
ttag +39 ////; 
ttag +40 ////; 
ttag +41 ////; 
ttag +42 ////; 
ttag +43 ////; 
ttag +44 ////; 
ttag +45 ////; 
ttag +46 ////; 
ttag +47 ////; 
ttag +48 ////; 
ttag +49 100/100/100/100/100; 
ttag +50 99/99/98/99/96; 
ttag +51 76/65/65/78/76; 
ttag +52 22/[18]/?/?/?; 
ttag +53 15/[24]/?/?/?; 
ttag +54 90/88/83/95/78; 
ttag +55 61/49/30/56/34; 
ttag +56 100/100/100/100/100; 
ttag +57 10/[30]/?/?/?; 
ttag +58 61/46/26/49/26; 
ttag +59 29/14/4/19/4; 
ttag +60 25/9/13/19/16; 
ttag +61 39/24/14/30/10; 
ttag +62 13/[1]/1/10/0; 
ttag +63 77/73/62/81/62; 
ttag +64 76/62/52/64/54; 
ttag +65 46/35/33/44/35; 
ttag +66 95/94/86/96/85; 
ttag +67 95/94/84/91/86; 
ttag +68 98/98/97/98/96; 
ttag +69 23/[10]/?/?/?; 
ttag +70 52/41/38/49/44; 
ttag +71 77/69/56/75/58; 
ttag +72 99/98/96/99/99; 
ttag +73 77/65/49/64/59; 
ttag +74 99/99/99/99/98; 
ttag +75 92/92/79/87/84; 
ttag +76 94/94/88/93/87; 
ttag +77 83/72/65/77/74; 
ttag +78 85/80/68/76/66; 
ttag +79 84/79/80/84/80; 
ttag +80 100/100/98/99/97; 
ttag +81 34/25/20/26/12; 
ttag +82 54/48/44/52/36; 
ttag +83 61/50/41/54/43; 
ttag +84 85/84/71/82/74; 
ttag +85 69/58/46/62/45; 
ttag +86 64/47/36/61/40; 
ttag +87 66/48/41/61/41; 
ttag +88 49/22/2/24/7; 
ttag +89 100/100/99/100/100; 
ttag +90 96/95/86/96/90; 
ttag +91 98/96/92/99/96; 
ttag +92 46/40/26/43/24; 
ttag +93 46/24/17/24/16; 
ttag +94 34/12/4/15/4; 
