tread
'Tree with tags' 
(0 (1 (3 (2 ((14 21 (((11 (5 (4 ((6 7 )(8 (9 10 ))))))(12 13 ))((15 (16 17 ))(18 (19 20 )))))(22 ((23 (24 25 ))(26 27 28 ((29 (30 31 ))(32 ((33 34 )(35 (36 (37 (38 39 ))))))(((40 41 )(42 43 ))(47 (44 (45 46 ))))))))))))); 
ttag *!; 
ttag +49 ???; 
ttag +50 1; 
ttag +51 8; 
ttag +52 1; 
ttag +53 2; 
ttag +54 3; 
ttag +55 3; 
ttag +56 2; 
ttag +57 5; 
ttag +58 7; 
ttag +59 4; 
ttag +60 1; 
ttag +61 10; 
ttag +62 3; 
ttag +63 1; 
ttag +64 4; 
ttag +65 2; 
ttag +66 9; 
ttag +67 6; 
ttag +68 8; 
ttag +69 2; 
ttag +70 4; 
ttag +71 1; 
ttag +72 2; 
ttag +73 2; 
ttag +74 5; 
ttag +75 3; 
ttag +76 1; 
ttag +77 6; 
ttag +78 4; 
ttag +79 1; 
ttag +80 2; 
ttag +81 2; 
ttag +82 1; 
ttag +83 1; 
ttag +84 2; 
ttag +85 6; 
ttag +86 1; 
ttag +87 6; 
ttag +88 3; 
ttag +89 2; 
ttag +90 1; 
tread
'Tree with tags' 
(0 (1 (3 (2 ((14 (21 (((11 (5 (4 ((6 7 )(8 (9 10 ))))))(12 13 ))((15 (16 17 ))(18 (19 20 ))))))(22 ((23 (24 25 ))((26 27 )(28 (((29 (30 31 ))(32 ((33 34 )(35 (36 (37 (38 39 )))))))(((40 41 )(42 43 ))(47 (44 (45 46 )))))))))))))); 
ttag *!; 
ttag +0 ////; 
ttag +1 ////; 
ttag +2 ////; 
ttag +3 ////; 
ttag +4 ////; 
ttag +5 ////; 
ttag +6 ////; 
ttag +7 ////; 
ttag +8 ////; 
ttag +9 ////; 
ttag +10 ////; 
ttag +11 ////; 
ttag +12 ////; 
ttag +13 ////; 
ttag +14 ////; 
ttag +15 ////; 
ttag +16 ////; 
ttag +17 ////; 
ttag +18 ////; 
ttag +19 ////; 
ttag +20 ////; 
ttag +21 ////; 
ttag +22 ////; 
ttag +23 ////; 
ttag +24 ////; 
ttag +25 ////; 
ttag +26 ////; 
ttag +27 ////; 
ttag +28 ////; 
ttag +29 ////; 
ttag +30 ////; 
ttag +31 ////; 
ttag +32 ////; 
ttag +33 ////; 
ttag +34 ////; 
ttag +35 ////; 
ttag +36 ////; 
ttag +37 ////; 
ttag +38 ////; 
ttag +39 ////; 
ttag +40 ////; 
ttag +41 ////; 
ttag +42 ////; 
ttag +43 ////; 
ttag +44 ////; 
ttag +45 ////; 
ttag +46 ////; 
ttag +47 ////; 
ttag +48 ////; 
ttag +49 100/100/100/100/100; 
ttag +50 33/[15]/?/?/?; 
ttag +51 98/96/88/97/96; 
ttag +52 17/0/?/?/?; 
ttag +53 30/13/2/16/9; 
ttag +54 48/35/15/37/23; 
ttag +55 33/20/3/22/8; 
ttag +56 13/2/?/4/?; 
ttag +57 7/[12]/?/?/?; 
ttag +58 54/49/28/42/32; 
ttag +59 86/84/73/87/72; 
ttag +60 87/85/82/86/79; 
ttag +61 31/14/9/4/11; 
ttag +62 100/100/99/99/97; 
ttag +63 94/92/93/93/90; 
ttag +64 39/21/36/34/19; 
ttag +65 96/95/91/96/90; 
ttag +66 40/29/24/27/21; 
ttag +67 99/99/97/99/98; 
ttag +68 92/92/89/94/90; 
ttag +69 99/99/99/100/96; 
ttag +70 30/14/16/19/9; 
ttag +71 86/82/76/82/83; 
ttag +72 32/0/?/?/?; 
ttag +73 67/53/46/47/43; 
ttag +74 51/44/43/44/51; 
ttag +75 46/32/25/38/27; 
ttag +76 22/8/7/5/?; 
ttag +77 94/93/87/95/83; 
ttag +78 14/[5]/?/1/?; 
ttag +79 46/33/24/21/17; 
ttag +80 60/50/37/43/42; 
ttag +81 98/98/95/100/95; 
ttag +82 88/84/70/85/72; 
ttag +83 61/36/35/47/39; 
ttag +84 73/65/59/70/60; 
ttag +85 87/84/80/82/80; 
ttag +86 48/34/32/44/33; 
ttag +87 57/49/52/55/55; 
ttag +88 71/64/51/64/54; 
ttag +89 92/91/82/90/85; 
ttag +90 31/12/4/13/3; 
ttag +91 99/99/99/100/99; 
ttag +92 73/64/52/77/50; 
ttag +93 91/89/84/90/86; 
ttag +94 42/31/21/35/19; 
