tread
'Tree with tags' 
(0 (1 ((2 3 )(4 (5 12 13 (6 7 )(8 (9 10 ))(11 (14 ((15 (16 17 ))(18 (19 20 )))(21 ((22 (23 (24 25 )))(((26 27 )((28 ((32 (33 34 )(35 (36 (37 38 39 ))))(44 (45 (46 47 )))))(40 (41 (42 43 )))))(29 (30 31 )))))))))))); 
ttag *!; 
ttag +49 ???; 
ttag +50 3; 
ttag +51 7; 
ttag +52 7; 
ttag +53 3; 
ttag +54 1; 
ttag +55 7; 
ttag +56 2; 
ttag +57 1; 
ttag +58 1; 
ttag +59 7; 
ttag +60 1; 
ttag +61 2; 
ttag +62 5; 
ttag +63 5; 
ttag +64 1; 
ttag +65 5; 
ttag +66 2; 
ttag +67 5; 
ttag +68 5; 
ttag +69 1; 
ttag +70 1; 
ttag +71 4; 
ttag +72 4; 
ttag +73 3; 
ttag +74 7; 
ttag +75 4; 
ttag +76 10; 
ttag +77 5; 
ttag +78 3; 
ttag +79 2; 
ttag +80 2; 
ttag +81 10; 
ttag +82 6; 
ttag +83 2; 
ttag +84 7; 
ttag +85 4; 
ttag +86 1; 
ttag +87 1; 
tread
'Tree with tags' 
(0 (1 ((2 3 )(4 (5 ((13 ((6 7 )(8 (9 10 ))))(12 (11 ((14 ((15 (16 17 ))(18 (19 20 ))))(21 ((22 (23 (24 25 )))(((26 27 )((28 (((32 (35 (36 (38 (37 39 )))))(33 34 ))(44 (45 (46 47 )))))(40 (41 (42 43 )))))(29 (30 31 )))))))))))))); 
ttag *!; 
ttag +0 ////; 
ttag +1 ////; 
ttag +2 ////; 
ttag +3 ////; 
ttag +4 ////; 
ttag +5 ////; 
ttag +6 ////; 
ttag +7 ////; 
ttag +8 ////; 
ttag +9 ////; 
ttag +10 ////; 
ttag +11 ////; 
ttag +12 ////; 
ttag +13 ////; 
ttag +14 ////; 
ttag +15 ////; 
ttag +16 ////; 
ttag +17 ////; 
ttag +18 ////; 
ttag +19 ////; 
ttag +20 ////; 
ttag +21 ////; 
ttag +22 ////; 
ttag +23 ////; 
ttag +24 ////; 
ttag +25 ////; 
ttag +26 ////; 
ttag +27 ////; 
ttag +28 ////; 
ttag +29 ////; 
ttag +30 ////; 
ttag +31 ////; 
ttag +32 ////; 
ttag +33 ////; 
ttag +34 ////; 
ttag +35 ////; 
ttag +36 ////; 
ttag +37 ////; 
ttag +38 ////; 
ttag +39 ////; 
ttag +40 ////; 
ttag +41 ////; 
ttag +42 ////; 
ttag +43 ////; 
ttag +44 ////; 
ttag +45 ////; 
ttag +46 ////; 
ttag +47 ////; 
ttag +48 ////; 
ttag +49 100/100/100/100/100; 
ttag +50 90/86/75/87/80; 
ttag +51 96/96/87/94/85; 
ttag +52 96/94/88/96/88; 
ttag +53 65/58/40/62/46; 
ttag +54 68/64/49/62/51; 
ttag +55 27/1/0/?/?; 
ttag +56 14/[22]/?/?/?; 
ttag +57 22/[3]/?/?/?; 
ttag +58 98/98/94/100/97; 
ttag +59 80/72/66/78/68; 
ttag +60 35/25/12/24/16; 
ttag +61 26/[10]/?/?/?; 
ttag +62 16/[2]/?/?/?; 
ttag +63 47/36/22/40/27; 
ttag +64 100/100/98/100/98; 
ttag +65 65/57/46/56/44; 
ttag +66 76/68/63/77/60; 
ttag +67 95/94/88/96/90; 
ttag +68 99/99/98/99/99; 
ttag +69 64/62/46/58/48; 
ttag +70 95/93/84/96/88; 
ttag +71 70/56/40/58/46; 
ttag +72 96/94/92/95/88; 
ttag +73 97/96/93/98/95; 
ttag +74 42/25/24/34/17; 
ttag +75 19/1/?/7/?; 
ttag +76 77/73/68/70/65; 
ttag +77 49/36/30/46/31; 
ttag +78 34/17/3/21/5; 
ttag +79 96/95/92/95/92; 
ttag +80 94/93/84/89/82; 
ttag +81 32/10/7/4/5; 
ttag +82 100/100/99/100/98; 
ttag +83 77/68/64/77/63; 
ttag +84 88/85/76/90/75; 
ttag +85 62/55/46/56/52; 
ttag +86 70/66/45/72/58; 
ttag +87 30/[2]/?/1/?; 
ttag +88 100/100/99/100/99; 
ttag +89 84/80/71/77/70; 
ttag +90 52/26/19/29/14; 
ttag +91 98/98/92/99/93; 
ttag +92 70/58/42/70/47; 
ttag +93 31/19/8/26/4; 
ttag +94 52/47/33/53/38; 
