tread
'Tree with tags' 
(0 (1 (2 3 )((11 ((4 5 )(7 (6 (8 9 10 )))))(12 13 )(14 ((15 (16 17 ))(18 (19 20 ))))(21 ((22 (23 (24 25 )))(26 (27 (28 (((29 (30 31 ))(44 ((40 (41 (42 43 )))(45 46 47 ))))(32 ((33 34 )(35 (36 (37 38 39 )))))))))))))); 
ttag *!; 
ttag +49 ???; 
ttag +50 2; 
ttag +51 1; 
ttag +52 1; 
ttag +53 1; 
ttag +54 3; 
ttag +55 2; 
ttag +56 2; 
ttag +57 8; 
ttag +58 1; 
ttag +59 1; 
ttag +60 5; 
ttag +61 2; 
ttag +62 2; 
ttag +63 8; 
ttag +64 8; 
ttag +65 2; 
ttag +66 2; 
ttag +67 2; 
ttag +68 6; 
ttag +69 5; 
ttag +70 1; 
ttag +71 2; 
ttag +72 6; 
ttag +73 4; 
ttag +74 1; 
ttag +75 4; 
ttag +76 3; 
ttag +77 3; 
ttag +78 4; 
ttag +79 1; 
ttag +80 1; 
ttag +81 1; 
ttag +82 9; 
ttag +83 1; 
ttag +84 1; 
ttag +85 6; 
ttag +86 1; 
ttag +87 9; 
ttag +88 1; 
tread
'Tree with tags' 
(0 ((1 (2 3 ))(((11 ((4 5 )(7 (6 (9 (8 10 ))))))((12 13 )(14 ((15 (16 17 ))(18 (19 20 ))))))(21 ((22 (23 (24 25 )))(26 (27 (28 (((29 (30 31 ))(44 ((40 (41 (42 43 )))(46 (45 47 )))))(32 ((33 34 )(35 (36 (39 (37 38 ))))))))))))))); 
ttag *!; 
ttag +0 ////; 
ttag +1 ////; 
ttag +2 ////; 
ttag +3 ////; 
ttag +4 ////; 
ttag +5 ////; 
ttag +6 ////; 
ttag +7 ////; 
ttag +8 ////; 
ttag +9 ////; 
ttag +10 ////; 
ttag +11 ////; 
ttag +12 ////; 
ttag +13 ////; 
ttag +14 ////; 
ttag +15 ////; 
ttag +16 ////; 
ttag +17 ////; 
ttag +18 ////; 
ttag +19 ////; 
ttag +20 ////; 
ttag +21 ////; 
ttag +22 ////; 
ttag +23 ////; 
ttag +24 ////; 
ttag +25 ////; 
ttag +26 ////; 
ttag +27 ////; 
ttag +28 ////; 
ttag +29 ////; 
ttag +30 ////; 
ttag +31 ////; 
ttag +32 ////; 
ttag +33 ////; 
ttag +34 ////; 
ttag +35 ////; 
ttag +36 ////; 
ttag +37 ////; 
ttag +38 ////; 
ttag +39 ////; 
ttag +40 ////; 
ttag +41 ////; 
ttag +42 ////; 
ttag +43 ////; 
ttag +44 ////; 
ttag +45 ////; 
ttag +46 ////; 
ttag +47 ////; 
ttag +48 ////; 
ttag +49 23/[40]/?/?/?; 
ttag +50 100/100/100/100/100; 
ttag +51 78/70/57/70/57; 
ttag +52 30/0/?/6/10; 
ttag +53 30/0/?/3/2; 
ttag +54 36/5/?/7/2; 
ttag +55 6/[29]/?/?/?; 
ttag +56 82/79/76/78/72; 
ttag +57 66/59/40/61/38; 
ttag +58 73/70/56/73/54; 
ttag +59 36/0/?/?/?; 
ttag +60 99/99/99/99/97; 
ttag +61 55/49/35/43/36; 
ttag +62 30/11/14/15/10; 
ttag +63 56/52/42/57/47; 
ttag +64 90/85/80/89/86; 
ttag +65 63/46/36/54/40; 
ttag +66 84/79/67/76/67; 
ttag +67 100/100/100/100/98; 
ttag +68 99/99/99/100/99; 
ttag +69 52/48/49/53/43; 
ttag +70 51/30/24/47/26; 
ttag +71 74/71/58/72/66; 
ttag +72 98/98/94/99/97; 
ttag +73 99/99/96/99/98; 
ttag +74 77/71/62/70/71; 
ttag +75 68/57/50/64/49; 
ttag +76 96/94/91/97/91; 
ttag +77 92/90/82/92/80; 
ttag +78 37/10/6/20/10; 
ttag +79 81/78/71/83/72; 
ttag +80 85/77/72/83/76; 
ttag +81 77/71/68/78/69; 
ttag +82 81/74/63/74/65; 
ttag +83 31/6/4/8/6; 
ttag +84 28/12/7/16/13; 
ttag +85 37/12/9/22/21; 
ttag +86 27/[29]/?/?/?; 
ttag +87 100/100/100/99/99; 
ttag +88 43/26/26/27/20; 
ttag +89 12/[18]/?/?/?; 
ttag +90 89/87/82/86/74; 
ttag +91 70/53/38/52/50; 
ttag +92 100/100/100/100/100; 
ttag +93 15/[2]/?/?/?; 
ttag +94 36/22/12/19/12; 
