tread
'Tree with tags' 
(0 (1 ((2 3 )(4 5 ((6 7 )(8 (9 10 ))((11 (12 13 ))(((14 (18 (19 20 )))(15 (16 17 )))(21 ((22 (23 (24 25 )))(26 (27 ((28 ((((32 (35 (36 (37 (38 39 )))))(33 34 ))(40 (41 (42 43 ))))((44 46 )(45 47 ))))(29 (30 31 )))))))))))))); 
ttag *!; 
ttag +49 ???; 
ttag +50 14; 
ttag +51 1; 
ttag +52 6; 
ttag +53 3; 
ttag +54 1; 
ttag +55 11; 
ttag +56 1; 
ttag +57 1; 
ttag +58 1; 
ttag +59 2; 
ttag +60 1; 
ttag +61 1; 
ttag +62 2; 
ttag +63 12; 
ttag +64 4; 
ttag +65 3; 
ttag +66 3; 
ttag +67 1; 
ttag +68 1; 
ttag +69 1; 
ttag +70 8; 
ttag +71 2; 
ttag +72 3; 
ttag +73 4; 
ttag +74 1; 
ttag +75 1; 
ttag +76 1; 
ttag +77 4; 
ttag +78 1; 
ttag +79 7; 
ttag +80 3; 
ttag +81 3; 
ttag +82 5; 
ttag +83 4; 
ttag +84 3; 
ttag +85 1; 
ttag +86 1; 
ttag +87 8; 
ttag +88 3; 
ttag +89 4; 
ttag +90 2; 
ttag +91 6; 
ttag +92 1; 
tread
'Tree with tags' 
(0 (1 ((2 3 )(4 (5 (((6 7 )((11 (12 13 ))(((14 (18 (19 20 )))(15 (16 17 )))(21 ((22 (23 (24 25 )))(26 (27 ((28 ((((32 (35 (36 (37 (38 39 )))))(33 34 ))(40 (41 (42 43 ))))((44 46 )(45 47 ))))(29 (30 31 ))))))))))(8 (9 10 )))))))); 
ttag *!; 
ttag +0 ////; 
ttag +1 ////; 
ttag +2 ////; 
ttag +3 ////; 
ttag +4 ////; 
ttag +5 ////; 
ttag +6 ////; 
ttag +7 ////; 
ttag +8 ////; 
ttag +9 ////; 
ttag +10 ////; 
ttag +11 ////; 
ttag +12 ////; 
ttag +13 ////; 
ttag +14 ////; 
ttag +15 ////; 
ttag +16 ////; 
ttag +17 ////; 
ttag +18 ////; 
ttag +19 ////; 
ttag +20 ////; 
ttag +21 ////; 
ttag +22 ////; 
ttag +23 ////; 
ttag +24 ////; 
ttag +25 ////; 
ttag +26 ////; 
ttag +27 ////; 
ttag +28 ////; 
ttag +29 ////; 
ttag +30 ////; 
ttag +31 ////; 
ttag +32 ////; 
ttag +33 ////; 
ttag +34 ////; 
ttag +35 ////; 
ttag +36 ////; 
ttag +37 ////; 
ttag +38 ////; 
ttag +39 ////; 
ttag +40 ////; 
ttag +41 ////; 
ttag +42 ////; 
ttag +43 ////; 
ttag +44 ////; 
ttag +45 ////; 
ttag +46 ////; 
ttag +47 ////; 
ttag +48 ////; 
ttag +49 100/100/100/100/100; 
ttag +50 100/100/100/100/100; 
ttag +51 71/55/61/62/62; 
ttag +52 93/90/73/83/68; 
ttag +53 29/0/?/?/?; 
ttag +54 91/90/85/94/85; 
ttag +55 8/[7]/?/?/?; 
ttag +56 30/22/15/17/12; 
ttag +57 100/100/100/100/100; 
ttag +58 61/41/42/33/34; 
ttag +59 12/[8]/?/?/?; 
ttag +60 29/21/12/22/12; 
ttag +61 52/44/43/55/44; 
ttag +62 29/[4]/?/?/?; 
ttag +63 15/[17]/?/?/?; 
ttag +64 39/19/4/24/5; 
ttag +65 99/99/99/100/98; 
ttag +66 90/87/77/90/75; 
ttag +67 80/74/68/74/72; 
ttag +68 97/96/96/96/94; 
ttag +69 24/[8]/?/?/?; 
ttag +70 38/4/?/?/?; 
ttag +71 30/[2]/?/?/?; 
ttag +72 98/97/96/98/97; 
ttag +73 79/72/65/79/68; 
ttag +74 70/65/46/70/45; 
ttag +75 62/50/39/54/42; 
ttag +76 20/[10]/?/?/?; 
ttag +77 45/27/30/36/27; 
ttag +78 34/3/1/16/8; 
ttag +79 88/84/84/90/81; 
ttag +80 50/20/12/24/10; 
ttag +81 93/92/80/94/85; 
ttag +82 50/32/19/50/33; 
ttag +83 36/18/10/41/19; 
ttag +84 96/95/87/93/86; 
ttag +85 80/76/64/80/61; 
ttag +86 78/68/66/79/65; 
ttag +87 69/59/38/51/52; 
ttag +88 52/42/44/50/44; 
ttag +89 97/97/91/98/94; 
ttag +90 63/40/38/49/42; 
ttag +91 92/88/80/90/83; 
ttag +92 59/47/36/49/36; 
ttag +93 86/80/74/82/69; 
ttag +94 52/29/26/28/20; 
