tread
'Tree with tags' 
(0 (1 (2 3 )(4 (5 ((6 7 (8 (9 10 )))(11 (12 13 )((14 ((15 (16 17 ))(18 (19 20 ))))(21 (22 (23 (24 25 ))(26 (27 (28 (((31 (29 30 ))(32 ((35 (33 34 ))(36 (37 38 39 )))))(45 (44 (47 (46 (41 (40 (42 43 )))))))))))))))))))); 
ttag *!; 
ttag +49 ???; 
ttag +50 4; 
ttag +51 4; 
ttag +52 6; 
ttag +53 1; 
ttag +54 1; 
ttag +55 6; 
ttag +56 1; 
ttag +57 1; 
ttag +58 2; 
ttag +59 3; 
ttag +60 1; 
ttag +61 5; 
ttag +62 5; 
ttag +63 5; 
ttag +64 4; 
ttag +65 7; 
ttag +66 1; 
ttag +67 1; 
ttag +68 2; 
ttag +69 9; 
ttag +70 3; 
ttag +71 1; 
ttag +72 3; 
ttag +73 1; 
ttag +74 5; 
ttag +75 2; 
ttag +76 5; 
ttag +77 9; 
ttag +78 6; 
ttag +79 2; 
ttag +80 3; 
ttag +81 3; 
ttag +82 3; 
ttag +83 1; 
ttag +84 4; 
ttag +85 2; 
ttag +86 2; 
ttag +87 2; 
ttag +88 3; 
ttag +89 7; 
tread
'Tree with tags' 
(0 (1 ((2 3 )(4 (5 ((6 (7 (8 (9 10 ))))(11 ((12 13 )((14 ((15 (16 17 ))(18 (19 20 ))))(21 ((22 (26 (27 (28 (((31 (29 30 ))(32 ((35 (33 34 ))(36 (37 (38 39 ))))))(45 (44 (47 (46 (41 (40 (42 43 ))))))))))))(23 (24 25 ))))))))))))); 
ttag *!; 
ttag +0 ////; 
ttag +1 ////; 
ttag +2 ////; 
ttag +3 ////; 
ttag +4 ////; 
ttag +5 ////; 
ttag +6 ////; 
ttag +7 ////; 
ttag +8 ////; 
ttag +9 ////; 
ttag +10 ////; 
ttag +11 ////; 
ttag +12 ////; 
ttag +13 ////; 
ttag +14 ////; 
ttag +15 ////; 
ttag +16 ////; 
ttag +17 ////; 
ttag +18 ////; 
ttag +19 ////; 
ttag +20 ////; 
ttag +21 ////; 
ttag +22 ////; 
ttag +23 ////; 
ttag +24 ////; 
ttag +25 ////; 
ttag +26 ////; 
ttag +27 ////; 
ttag +28 ////; 
ttag +29 ////; 
ttag +30 ////; 
ttag +31 ////; 
ttag +32 ////; 
ttag +33 ////; 
ttag +34 ////; 
ttag +35 ////; 
ttag +36 ////; 
ttag +37 ////; 
ttag +38 ////; 
ttag +39 ////; 
ttag +40 ////; 
ttag +41 ////; 
ttag +42 ////; 
ttag +43 ////; 
ttag +44 ////; 
ttag +45 ////; 
ttag +46 ////; 
ttag +47 ////; 
ttag +48 ////; 
ttag +49 100/100/100/100/100; 
ttag +50 98/98/91/97/93; 
ttag +51 36/[9]/?/?/?; 
ttag +52 92/89/87/90/84; 
ttag +53 98/98/94/98/94; 
ttag +54 39/27/24/32/26; 
ttag +55 45/33/35/34/28; 
ttag +56 8/[11]/?/?/?; 
ttag +57 98/97/93/98/94; 
ttag +58 58/47/36/44/43; 
ttag +59 49/43/33/41/28; 
ttag +60 87/85/74/82/72; 
ttag +61 28/[5]/5/?/?; 
ttag +62 74/71/59/74/65; 
ttag +63 52/49/37/53/39; 
ttag +64 93/88/77/89/79; 
ttag +65 93/92/81/94/86; 
ttag +66 98/98/96/96/96; 
ttag +67 94/94/85/94/86; 
ttag +68 100/100/100/99/100; 
ttag +69 44/37/26/28/26; 
ttag +70 30/8/?/4/4; 
ttag +71 66/58/50/45/48; 
ttag +72 73/65/51/63/62; 
ttag +73 100/100/100/100/99; 
ttag +74 78/74/64/79/64; 
ttag +75 34/[16]/?/?/?; 
ttag +76 75/68/58/68/60; 
ttag +77 37/[12]/?/?/?; 
ttag +78 88/86/84/92/78; 
ttag +79 35/18/3/8/4; 
ttag +80 90/89/81/94/82; 
ttag +81 99/98/97/98/95; 
ttag +82 89/86/73/81/79; 
ttag +83 56/35/18/34/18; 
ttag +84 58/37/24/38/22; 
ttag +85 86/82/68/82/78; 
ttag +86 87/82/72/81/60; 
ttag +87 18/2/?/?/?; 
ttag +88 39/[3]/?/?/?; 
ttag +89 81/76/65/78/71; 
ttag +90 41/30/7/25/12; 
ttag +91 7/[24]/?/?/?; 
ttag +92 14/[17]/?/?/?; 
ttag +93 56/44/23/40/30; 
ttag +94 98/97/98/99/98; 
