tread
'Tree with tags' 
(0 (1 ((2 3 )(4 ((5 (11 ((12 13 )(21 (14 ((17 (15 16 ))(18 (19 20 )))((22 (23 (24 25 )))(26 27 (28 ((29 ((30 31 )(32 ((33 34 )(35 (36 (37 (38 39 ))))))))((41 (40 (42 43 )))(44 45 46 47 )))))))))))((6 7 )(8 (9 10 )))))))); 
ttag *!; 
ttag +49 ???; 
ttag +50 11; 
ttag +51 2; 
ttag +52 4; 
ttag +53 1; 
ttag +54 1; 
ttag +55 3; 
ttag +56 3; 
ttag +57 7; 
ttag +58 1; 
ttag +59 2; 
ttag +60 1; 
ttag +61 2; 
ttag +62 1; 
ttag +63 1; 
ttag +64 1; 
ttag +65 11; 
ttag +66 1; 
ttag +67 1; 
ttag +68 8; 
ttag +69 6; 
ttag +70 2; 
ttag +71 5; 
ttag +72 5; 
ttag +73 3; 
ttag +74 5; 
ttag +75 2; 
ttag +76 3; 
ttag +77 3; 
ttag +78 2; 
ttag +79 6; 
ttag +80 1; 
ttag +81 2; 
ttag +82 2; 
ttag +83 6; 
ttag +84 9; 
ttag +85 3; 
ttag +86 2; 
ttag +87 4; 
ttag +88 3; 
ttag +89 8; 
ttag +90 1; 
tread
'Tree with tags' 
(0 (1 ((2 3 )(4 ((5 (11 ((12 13 )(21 ((14 ((22 (23 (24 25 )))((26 27 )(28 ((29 ((30 31 )(32 ((33 34 )(35 (36 (37 (38 39 ))))))))((41 (40 (42 43 )))(46 (44 (45 47 )))))))))((17 (15 16 ))(18 (19 20 ))))))))((6 7 )(8 (9 10 )))))))); 
ttag *!; 
ttag +0 ////; 
ttag +1 ////; 
ttag +2 ////; 
ttag +3 ////; 
ttag +4 ////; 
ttag +5 ////; 
ttag +6 ////; 
ttag +7 ////; 
ttag +8 ////; 
ttag +9 ////; 
ttag +10 ////; 
ttag +11 ////; 
ttag +12 ////; 
ttag +13 ////; 
ttag +14 ////; 
ttag +15 ////; 
ttag +16 ////; 
ttag +17 ////; 
ttag +18 ////; 
ttag +19 ////; 
ttag +20 ////; 
ttag +21 ////; 
ttag +22 ////; 
ttag +23 ////; 
ttag +24 ////; 
ttag +25 ////; 
ttag +26 ////; 
ttag +27 ////; 
ttag +28 ////; 
ttag +29 ////; 
ttag +30 ////; 
ttag +31 ////; 
ttag +32 ////; 
ttag +33 ////; 
ttag +34 ////; 
ttag +35 ////; 
ttag +36 ////; 
ttag +37 ////; 
ttag +38 ////; 
ttag +39 ////; 
ttag +40 ////; 
ttag +41 ////; 
ttag +42 ////; 
ttag +43 ////; 
ttag +44 ////; 
ttag +45 ////; 
ttag +46 ////; 
ttag +47 ////; 
ttag +48 ////; 
ttag +49 100/100/100/100/100; 
ttag +50 100/100/99/100/98; 
ttag +51 85/81/77/81/79; 
ttag +52 84/79/57/79/54; 
ttag +53 28/13/6/19/3; 
ttag +54 35/19/20/32/14; 
ttag +55 88/86/74/86/74; 
ttag +56 56/47/39/55/32; 
ttag +57 98/98/94/99/99; 
ttag +58 57/38/37/49/38; 
ttag +59 45/40/23/42/24; 
ttag +60 38/30/19/40/23; 
ttag +61 41/33/21/46/23; 
ttag +62 8/[4]/?/?/?; 
ttag +63 14/0/?/3/3; 
ttag +64 22/13/3/23/6; 
ttag +65 60/35/35/38/30; 
ttag +66 100/100/99/100/99; 
ttag +67 34/26/20/38/27; 
ttag +68 50/30/31/37/33; 
ttag +69 100/100/99/100/99; 
ttag +70 96/96/93/96/93; 
ttag +71 48/42/35/46/37; 
ttag +72 98/97/92/96/94; 
ttag +73 96/95/94/96/90; 
ttag +74 67/58/56/56/62; 
ttag +75 78/74/61/64/56; 
ttag +76 80/72/64/85/64; 
ttag +77 52/30/20/40/23; 
ttag +78 71/62/52/56/47; 
ttag +79 75/72/57/70/62; 
ttag +80 32/9/2/18/2; 
ttag +81 95/95/92/95/90; 
ttag +82 48/30/27/28/17; 
ttag +83 54/36/28/35/30; 
ttag +84 50/32/23/39/33; 
ttag +85 98/98/93/97/91; 
ttag +86 100/100/100/100/98; 
ttag +87 92/90/86/92/87; 
ttag +88 62/42/39/52/38; 
ttag +89 98/97/84/95/82; 
ttag +90 70/64/53/71/50; 
ttag +91 99/98/91/96/87; 
ttag +92 14/[10]/?/?/?; 
ttag +93 56/38/28/42/28; 
ttag +94 19/1/0/1/?; 
