tread
'Tree with tags' 
(0 (1 ((2 3 )(4 (5 (((6 7 )(8 (9 10 )))(11 14 21 (12 13 )(15 (16 17 ))(18 (19 20 ))((22 (23 (24 25 )))(28 (26 (27 (((29 (30 31 ))(32 ((33 34 )(35 (36 (37 38 39 ))))))((40 (41 (42 43 )))((44 46 )(45 47 ))))))))))))))); 
ttag *!; 
ttag +49 ???; 
ttag +50 9; 
ttag +51 6; 
ttag +52 1; 
ttag +53 5; 
ttag +54 1; 
ttag +55 1; 
ttag +56 1; 
ttag +57 7; 
ttag +58 3; 
ttag +59 1; 
ttag +60 1; 
ttag +61 4; 
ttag +62 2; 
ttag +63 6; 
ttag +64 16; 
ttag +65 1; 
ttag +66 4; 
ttag +67 5; 
ttag +68 1; 
ttag +69 1; 
ttag +70 4; 
ttag +71 1; 
ttag +72 4; 
ttag +73 1; 
ttag +74 4; 
ttag +75 7; 
ttag +76 1; 
ttag +77 4; 
ttag +78 1; 
ttag +79 1; 
ttag +80 5; 
ttag +81 7; 
ttag +82 5; 
ttag +83 1; 
ttag +84 3; 
ttag +85 7; 
ttag +86 1; 
ttag +87 4; 
ttag +88 1; 
tread
'Tree with tags' 
(0 (1 ((2 3 )(4 (5 (((6 7 )(8 (9 10 )))((11 (12 13 ))((14 (18 (19 20 )))(21 ((15 (16 17 ))((22 (23 (24 25 )))(28 (26 (27 (((29 (30 31 ))(32 ((33 34 )(35 (36 (37 (38 39 )))))))((40 (41 (42 43 )))((44 46 )(45 47 )))))))))))))))))); 
ttag *!; 
ttag +0 ////; 
ttag +1 ////; 
ttag +2 ////; 
ttag +3 ////; 
ttag +4 ////; 
ttag +5 ////; 
ttag +6 ////; 
ttag +7 ////; 
ttag +8 ////; 
ttag +9 ////; 
ttag +10 ////; 
ttag +11 ////; 
ttag +12 ////; 
ttag +13 ////; 
ttag +14 ////; 
ttag +15 ////; 
ttag +16 ////; 
ttag +17 ////; 
ttag +18 ////; 
ttag +19 ////; 
ttag +20 ////; 
ttag +21 ////; 
ttag +22 ////; 
ttag +23 ////; 
ttag +24 ////; 
ttag +25 ////; 
ttag +26 ////; 
ttag +27 ////; 
ttag +28 ////; 
ttag +29 ////; 
ttag +30 ////; 
ttag +31 ////; 
ttag +32 ////; 
ttag +33 ////; 
ttag +34 ////; 
ttag +35 ////; 
ttag +36 ////; 
ttag +37 ////; 
ttag +38 ////; 
ttag +39 ////; 
ttag +40 ////; 
ttag +41 ////; 
ttag +42 ////; 
ttag +43 ////; 
ttag +44 ////; 
ttag +45 ////; 
ttag +46 ////; 
ttag +47 ////; 
ttag +48 ////; 
ttag +49 100/100/100/100/100; 
ttag +50 100/100/100/100/100; 
ttag +51 69/45/33/53/35; 
ttag +52 47/28/14/26/20; 
ttag +53 60/52/37/52/35; 
ttag +54 48/40/23/38/28; 
ttag +55 20/1/?/?/?; 
ttag +56 16/[2]/0/7/1; 
ttag +57 98/98/97/99/97; 
ttag +58 96/96/91/91/92; 
ttag +59 20/8/8/?/7; 
ttag +60 28/15/14/18/4; 
ttag +61 56/45/34/54/28; 
ttag +62 22/[5]/1/?/8; 
ttag +63 8/[4]/?/?/?; 
ttag +64 97/96/89/96/88; 
ttag +65 18/[19]/?/?/?; 
ttag +66 12/[16]/?/?/?; 
ttag +67 77/65/68/67/62; 
ttag +68 88/82/82/91/80; 
ttag +69 100/100/100/100/100; 
ttag +70 63/41/33/49/40; 
ttag +71 83/79/71/84/70; 
ttag +72 95/94/95/95/89; 
ttag +73 64/41/42/49/54; 
ttag +74 46/13/?/20/12; 
ttag +75 95/93/89/96/87; 
ttag +76 33/0/?/2/?; 
ttag +77 90/88/72/88/82; 
ttag +78 16/[21]/?/?/?; 
ttag +79 90/89/84/90/86; 
ttag +80 99/99/94/100/97; 
ttag +81 65/54/47/48/49; 
ttag +82 92/89/83/93/87; 
ttag +83 70/60/48/59/51; 
ttag +84 65/50/46/49/41; 
ttag +85 95/94/87/96/82; 
ttag +86 98/98/98/98/96; 
ttag +87 38/7/?/?/?; 
ttag +88 81/71/64/76/63; 
ttag +89 47/17/16/30/14; 
ttag +90 71/60/51/69/52; 
ttag +91 99/99/97/98/94; 
ttag +92 52/38/29/42/30; 
ttag +93 87/82/80/86/66; 
ttag +94 36/27/15/26/16; 
