tread
'Tree with tags' 
(0 (1 ((2 3 )(4 5 ((6 7 )(9 (8 10 ))(11 14 (12 13 )(21 (((18 (15 (16 17 )))(19 20 ))(((22 (23 (24 25 )))(28 ((29 (30 31 ))(35 (32 36 (33 34 )(37 38 39 ))))(46 (45 (44 (47 (40 (41 (42 43 )))))))))(26 27 )))))))))); 
ttag *!; 
ttag +49 ???; 
ttag +50 4; 
ttag +51 4; 
ttag +52 4; 
ttag +53 3; 
ttag +54 1; 
ttag +55 1; 
ttag +56 9; 
ttag +57 2; 
ttag +58 1; 
ttag +59 5; 
ttag +60 1; 
ttag +61 4; 
ttag +62 1; 
ttag +63 1; 
ttag +64 1; 
ttag +65 8; 
ttag +66 4; 
ttag +67 1; 
ttag +68 5; 
ttag +69 6; 
ttag +70 5; 
ttag +71 1; 
ttag +72 4; 
ttag +73 4; 
ttag +74 1; 
ttag +75 2; 
ttag +76 1; 
ttag +77 4; 
ttag +78 1; 
ttag +79 1; 
ttag +80 14; 
ttag +81 2; 
ttag +82 1; 
ttag +83 1; 
ttag +84 5; 
ttag +85 3; 
ttag +86 8; 
tread
'Tree with tags' 
(0 (1 ((2 3 )((4 5 )(((6 7 )(9 (8 10 )))(11 ((12 13 )(14 (21 (((18 (15 (16 17 )))(19 20 ))(((22 (23 (24 25 )))((28 (46 (45 (44 (47 (40 (41 (42 43 ))))))))((29 (30 31 ))(35 (32 ((33 34 )(36 (37 (38 39 )))))))))(26 27 )))))))))))); 
ttag *!; 
ttag +0 ////; 
ttag +1 ////; 
ttag +2 ////; 
ttag +3 ////; 
ttag +4 ////; 
ttag +5 ////; 
ttag +6 ////; 
ttag +7 ////; 
ttag +8 ////; 
ttag +9 ////; 
ttag +10 ////; 
ttag +11 ////; 
ttag +12 ////; 
ttag +13 ////; 
ttag +14 ////; 
ttag +15 ////; 
ttag +16 ////; 
ttag +17 ////; 
ttag +18 ////; 
ttag +19 ////; 
ttag +20 ////; 
ttag +21 ////; 
ttag +22 ////; 
ttag +23 ////; 
ttag +24 ////; 
ttag +25 ////; 
ttag +26 ////; 
ttag +27 ////; 
ttag +28 ////; 
ttag +29 ////; 
ttag +30 ////; 
ttag +31 ////; 
ttag +32 ////; 
ttag +33 ////; 
ttag +34 ////; 
ttag +35 ////; 
ttag +36 ////; 
ttag +37 ////; 
ttag +38 ////; 
ttag +39 ////; 
ttag +40 ////; 
ttag +41 ////; 
ttag +42 ////; 
ttag +43 ////; 
ttag +44 ////; 
ttag +45 ////; 
ttag +46 ////; 
ttag +47 ////; 
ttag +48 ////; 
ttag +49 100/100/100/100/100; 
ttag +50 95/94/88/97/91; 
ttag +51 89/86/81/92/82; 
ttag +52 43/28/29/21/21; 
ttag +53 90/87/80/89/82; 
ttag +54 92/90/83/93/90; 
ttag +55 25/11/15/14/6; 
ttag +56 34/21/2/25/21; 
ttag +57 34/18/7/22/5; 
ttag +58 100/100/98/100/98; 
ttag +59 52/40/28/48/35; 
ttag +60 48/31/22/33/16; 
ttag +61 35/27/25/34/24; 
ttag +62 18/[2]/?/6/?; 
ttag +63 89/87/83/90/81; 
ttag +64 48/16/10/22/14; 
ttag +65 74/72/55/80/66; 
ttag +66 34/16/12/17/15; 
ttag +67 44/31/25/34/26; 
ttag +68 50/28/29/41/28; 
ttag +69 100/100/100/100/100; 
ttag +70 97/97/91/95/92; 
ttag +71 27/[19]/?/?/?; 
ttag +72 86/84/68/92/70; 
ttag +73 96/94/93/96/91; 
ttag +74 94/93/88/94/87; 
ttag +75 51/26/20/23/31; 
ttag +76 18/[18]/?/?/?; 
ttag +77 83/80/68/82/65; 
ttag +78 92/90/82/92/82; 
ttag +79 61/49/47/61/40; 
ttag +80 74/63/68/76/64; 
ttag +81 38/21/11/18/0; 
ttag +82 81/79/66/80/67; 
ttag +83 59/47/44/47/45; 
ttag +84 28/14/8/7/12; 
ttag +85 18/7/12/6/5; 
ttag +86 74/71/62/72/56; 
ttag +87 21/[16]/?/?/?; 
ttag +88 100/100/99/100/100; 
ttag +89 53/43/28/41/34; 
ttag +90 24/0/?/6/2; 
ttag +91 41/18/12/28/17; 
ttag +92 90/88/78/87/84; 
ttag +93 86/82/75/86/78; 
ttag +94 100/100/98/98/96; 
