tread
'Tree with tags' 
(0 (1 ((2 3 )(4 (5 (((6 7 )(10 (8 9 )))(11 (12 (13 21 (14 ((15 (16 17 ))(18 (19 20 ))))((22 (23 (24 25 )))(26 (27 (28 ((29 (30 31 ))((32 ((33 34 )(35 (36 (37 (38 39 ))))))(40 (41 (42 43 )))(46 (47 (44 45 )))))))))))))))))); 
ttag *!; 
ttag +49 ???; 
ttag +50 5; 
ttag +51 6; 
ttag +52 4; 
ttag +53 2; 
ttag +54 1; 
ttag +55 2; 
ttag +56 1; 
ttag +57 1; 
ttag +58 9; 
ttag +59 1; 
ttag +60 2; 
ttag +61 1; 
ttag +62 1; 
ttag +63 4; 
ttag +64 4; 
ttag +65 2; 
ttag +66 3; 
ttag +67 7; 
ttag +68 5; 
ttag +69 4; 
ttag +70 4; 
ttag +71 5; 
ttag +72 5; 
ttag +73 1; 
ttag +74 4; 
ttag +75 3; 
ttag +76 5; 
ttag +77 7; 
ttag +78 4; 
ttag +79 4; 
ttag +80 5; 
ttag +81 2; 
ttag +82 2; 
ttag +83 7; 
ttag +84 11; 
ttag +85 4; 
ttag +86 6; 
ttag +87 1; 
ttag +88 9; 
ttag +89 1; 
ttag +90 1; 
ttag +91 3; 
tread
'Tree with tags' 
(0 (1 ((2 3 )(4 (5 (((6 7 )(10 (8 9 )))(11 (12 (13 ((21 (14 ((15 (16 17 ))(18 (19 20 )))))((22 (23 (24 25 )))(26 (27 (28 ((29 (30 31 ))(((32 ((33 34 )(35 (36 (37 (38 39 ))))))(46 (47 (44 45 ))))(40 (41 (42 43 ))))))))))))))))))); 
ttag *!; 
ttag +0 ////; 
ttag +1 ////; 
ttag +2 ////; 
ttag +3 ////; 
ttag +4 ////; 
ttag +5 ////; 
ttag +6 ////; 
ttag +7 ////; 
ttag +8 ////; 
ttag +9 ////; 
ttag +10 ////; 
ttag +11 ////; 
ttag +12 ////; 
ttag +13 ////; 
ttag +14 ////; 
ttag +15 ////; 
ttag +16 ////; 
ttag +17 ////; 
ttag +18 ////; 
ttag +19 ////; 
ttag +20 ////; 
ttag +21 ////; 
ttag +22 ////; 
ttag +23 ////; 
ttag +24 ////; 
ttag +25 ////; 
ttag +26 ////; 
ttag +27 ////; 
ttag +28 ////; 
ttag +29 ////; 
ttag +30 ////; 
ttag +31 ////; 
ttag +32 ////; 
ttag +33 ////; 
ttag +34 ////; 
ttag +35 ////; 
ttag +36 ////; 
ttag +37 ////; 
ttag +38 ////; 
ttag +39 ////; 
ttag +40 ////; 
ttag +41 ////; 
ttag +42 ////; 
ttag +43 ////; 
ttag +44 ////; 
ttag +45 ////; 
ttag +46 ////; 
ttag +47 ////; 
ttag +48 ////; 
ttag +49 100/100/100/100/100; 
ttag +50 97/96/89/94/87; 
ttag +51 96/95/88/93/85; 
ttag +52 79/75/63/79/56; 
ttag +53 66/60/45/57/44; 
ttag +54 52/37/35/40/47; 
ttag +55 51/40/30/40/24; 
ttag +56 37/30/24/33/24; 
ttag +57 56/27/32/31/25; 
ttag +58 100/100/99/99/99; 
ttag +59 22/7/4/10/?; 
ttag +60 50/45/26/49/16; 
ttag +61 25/0/?/8/?; 
ttag +62 32/21/15/28/21; 
ttag +63 14/[1]/1/?/5; 
ttag +64 13/[6]/?/?/?; 
ttag +65 94/92/90/96/93; 
ttag +66 90/89/78/92/78; 
ttag +67 81/72/67/65/66; 
ttag +68 93/89/82/89/79; 
ttag +69 100/100/99/98/98; 
ttag +70 89/85/65/91/73; 
ttag +71 72/66/50/72/42; 
ttag +72 90/84/83/84/80; 
ttag +73 98/98/94/98/96; 
ttag +74 90/88/80/92/83; 
ttag +75 40/2/?/9/?; 
ttag +76 87/86/76/90/71; 
ttag +77 80/68/62/73/67; 
ttag +78 92/90/79/91/84; 
ttag +79 97/96/95/99/95; 
ttag +80 94/93/92/94/92; 
ttag +81 27/6/8/2/5; 
ttag +82 85/82/70/87/73; 
ttag +83 98/98/92/98/92; 
ttag +84 90/88/80/86/80; 
ttag +85 80/73/66/76/65; 
ttag +86 99/98/96/98/94; 
ttag +87 100/100/99/100/100; 
ttag +88 98/98/95/96/94; 
ttag +89 99/99/96/99/96; 
ttag +90 61/47/51/55/40; 
ttag +91 100/100/96/99/98; 
ttag +92 33/18/16/21/18; 
ttag +93 35/22/25/30/17; 
ttag +94 66/60/48/66/52; 
