tread
'Tree with tags' 
(0 (1 ((2 3 )(((11 (4 5 ))((6 7 )(8 (9 10 ))))(12 13 )(14 21 (15 (16 17 ))(18 (19 20 )))((22 (23 (24 25 )))(26 (27 (28 ((29 (30 31 ))(32 ((33 34 )(35 (36 (37 38 39 )))))((40 41 (42 43 ))(44 45 46 47 ))))))))))); 
ttag *!; 
ttag +49 ???; 
ttag +50 6; 
ttag +51 6; 
ttag +52 1; 
ttag +53 1; 
ttag +54 1; 
ttag +55 5; 
ttag +56 2; 
ttag +57 3; 
ttag +58 9; 
ttag +59 4; 
ttag +60 3; 
ttag +61 1; 
ttag +62 2; 
ttag +63 2; 
ttag +64 5; 
ttag +65 10; 
ttag +66 2; 
ttag +67 2; 
ttag +68 1; 
ttag +69 3; 
ttag +70 5; 
ttag +71 2; 
ttag +72 2; 
ttag +73 3; 
ttag +74 3; 
ttag +75 2; 
ttag +76 8; 
ttag +77 4; 
ttag +78 2; 
ttag +79 4; 
ttag +80 2; 
ttag +81 5; 
ttag +82 2; 
ttag +83 5; 
ttag +84 6; 
ttag +85 1; 
tread
'Tree with tags' 
(0 (1 ((2 3 )(((11 (4 5 ))((6 7 )(8 (9 10 ))))(((12 13 )(21 (14 ((15 (16 17 ))(18 (19 20 ))))))((22 (23 (24 25 )))(26 (27 (28 (((29 (30 31 ))(32 ((33 34 )(35 (36 (38 (37 39 )))))))(((40 41 )(42 43 ))(46 (45 (44 47 )))))))))))))); 
ttag *!; 
ttag +0 ////; 
ttag +1 ////; 
ttag +2 ////; 
ttag +3 ////; 
ttag +4 ////; 
ttag +5 ////; 
ttag +6 ////; 
ttag +7 ////; 
ttag +8 ////; 
ttag +9 ////; 
ttag +10 ////; 
ttag +11 ////; 
ttag +12 ////; 
ttag +13 ////; 
ttag +14 ////; 
ttag +15 ////; 
ttag +16 ////; 
ttag +17 ////; 
ttag +18 ////; 
ttag +19 ////; 
ttag +20 ////; 
ttag +21 ////; 
ttag +22 ////; 
ttag +23 ////; 
ttag +24 ////; 
ttag +25 ////; 
ttag +26 ////; 
ttag +27 ////; 
ttag +28 ////; 
ttag +29 ////; 
ttag +30 ////; 
ttag +31 ////; 
ttag +32 ////; 
ttag +33 ////; 
ttag +34 ////; 
ttag +35 ////; 
ttag +36 ////; 
ttag +37 ////; 
ttag +38 ////; 
ttag +39 ////; 
ttag +40 ////; 
ttag +41 ////; 
ttag +42 ////; 
ttag +43 ////; 
ttag +44 ////; 
ttag +45 ////; 
ttag +46 ////; 
ttag +47 ////; 
ttag +48 ////; 
ttag +49 100/100/100/100/100; 
ttag +50 98/98/98/99/97; 
ttag +51 94/91/92/97/91; 
ttag +52 65/56/50/54/56; 
ttag +53 39/23/15/27/20; 
ttag +54 64/55/49/59/54; 
ttag +55 80/72/56/84/63; 
ttag +56 73/70/58/68/63; 
ttag +57 69/61/48/73/44; 
ttag +58 99/99/100/100/98; 
ttag +59 88/83/79/94/76; 
ttag +60 88/85/78/82/74; 
ttag +61 14/[8]/2/?/?; 
ttag +62 16/[7]/?/?/?; 
ttag +63 34/24/13/23/18; 
ttag +64 16/[6]/0/?/?; 
ttag +65 81/70/68/69/68; 
ttag +66 62/42/26/46/33; 
ttag +67 63/52/43/48/47; 
ttag +68 98/97/97/98/95; 
ttag +69 100/100/99/100/99; 
ttag +70 43/22/28/27/24; 
ttag +71 26/18/5/17/15; 
ttag +72 76/71/66/67/64; 
ttag +73 92/89/76/89/80; 
ttag +74 79/72/69/82/68; 
ttag +75 48/38/23/40/32; 
ttag +76 51/42/27/48/34; 
ttag +77 86/84/76/87/72; 
ttag +78 17/[15]/?/?/?; 
ttag +79 68/63/54/72/55; 
ttag +80 78/63/52/61/51; 
ttag +81 98/98/93/97/94; 
ttag +82 85/80/80/87/77; 
ttag +83 52/30/29/50/23; 
ttag +84 96/96/83/92/84; 
ttag +85 68/47/43/54/43; 
ttag +86 31/[12]/?/?/?; 
ttag +87 94/92/89/96/85; 
ttag +88 21/[26]/?/?/?; 
ttag +89 83/80/66/80/62; 
ttag +90 90/88/79/91/80; 
ttag +91 99/98/94/97/94; 
ttag +92 21/[18]/?/?/?; 
ttag +93 24/[15]/?/?/?; 
ttag +94 59/42/51/58/48; 
