tread
'Tree with tags' 
(0 (1 ((2 3 )((11 (5 (4 (7 (6 (8 9 10 ))))))(12 (13 (14 ((15 (16 17 ))(18 (19 20 )))(21 ((22 (23 (24 25 )))(26 (27 (28 (((29 (30 31 ))(32 ((33 34 )(35 (36 (37 (38 39 )))))))((40 (41 (42 43 )))((44 45 )(46 47 )))))))))))))))); 
ttag *!; 
ttag +49 ???; 
ttag +50 3; 
ttag +51 8; 
ttag +52 1; 
ttag +53 1; 
ttag +54 1; 
ttag +55 5; 
ttag +56 1; 
ttag +57 3; 
ttag +58 11; 
ttag +59 5; 
ttag +60 2; 
ttag +61 3; 
ttag +62 8; 
ttag +63 2; 
ttag +64 4; 
ttag +65 4; 
ttag +66 8; 
ttag +67 3; 
ttag +68 6; 
ttag +69 3; 
ttag +70 7; 
ttag +71 1; 
ttag +72 4; 
ttag +73 3; 
ttag +74 1; 
ttag +75 3; 
ttag +76 1; 
ttag +77 5; 
ttag +78 4; 
ttag +79 7; 
ttag +80 5; 
ttag +81 1; 
ttag +82 4; 
ttag +83 5; 
ttag +84 7; 
ttag +85 2; 
ttag +86 6; 
ttag +87 2; 
ttag +88 2; 
ttag +89 9; 
ttag +90 2; 
ttag +91 2; 
ttag +92 2; 
tread
'Tree with tags' 
(0 (1 ((2 3 )((11 (5 (4 (7 (6 (9 (8 10 )))))))(12 (13 (14 (((15 (16 17 ))(18 (19 20 )))(21 ((22 (23 (24 25 )))(26 (27 (28 (((29 (30 31 ))(32 ((33 34 )(35 (36 (37 (38 39 )))))))((40 (41 (42 43 )))((44 45 )(46 47 ))))))))))))))))); 
ttag *!; 
ttag +0 ////; 
ttag +1 ////; 
ttag +2 ////; 
ttag +3 ////; 
ttag +4 ////; 
ttag +5 ////; 
ttag +6 ////; 
ttag +7 ////; 
ttag +8 ////; 
ttag +9 ////; 
ttag +10 ////; 
ttag +11 ////; 
ttag +12 ////; 
ttag +13 ////; 
ttag +14 ////; 
ttag +15 ////; 
ttag +16 ////; 
ttag +17 ////; 
ttag +18 ////; 
ttag +19 ////; 
ttag +20 ////; 
ttag +21 ////; 
ttag +22 ////; 
ttag +23 ////; 
ttag +24 ////; 
ttag +25 ////; 
ttag +26 ////; 
ttag +27 ////; 
ttag +28 ////; 
ttag +29 ////; 
ttag +30 ////; 
ttag +31 ////; 
ttag +32 ////; 
ttag +33 ////; 
ttag +34 ////; 
ttag +35 ////; 
ttag +36 ////; 
ttag +37 ////; 
ttag +38 ////; 
ttag +39 ////; 
ttag +40 ////; 
ttag +41 ////; 
ttag +42 ////; 
ttag +43 ////; 
ttag +44 ////; 
ttag +45 ////; 
ttag +46 ////; 
ttag +47 ////; 
ttag +48 ////; 
ttag +49 100/100/100/100/100; 
ttag +50 81/70/65/72/72; 
ttag +51 96/96/88/99/86; 
ttag +52 18/0/?/1/?; 
ttag +53 23/6/0/10/?; 
ttag +54 14/[3]/?/2/?; 
ttag +55 68/53/53/61/43; 
ttag +56 33/18/9/20/10; 
ttag +57 49/37/39/34/31; 
ttag +58 16/[15]/?/?/?; 
ttag +59 100/100/100/100/99; 
ttag +60 62/54/46/60/39; 
ttag +61 28/13/6/18/?; 
ttag +62 47/37/28/44/32; 
ttag +63 99/98/96/99/97; 
ttag +64 74/68/43/76/59; 
ttag +65 14/[8]/?/?/?; 
ttag +66 83/77/63/82/66; 
ttag +67 88/86/68/85/75; 
ttag +68 100/100/100/100/100; 
ttag +69 52/45/19/46/24; 
ttag +70 94/92/89/96/89; 
ttag +71 60/50/30/60/40; 
ttag +72 100/100/93/98/96; 
ttag +73 78/66/72/59/70; 
ttag +74 80/76/72/78/74; 
ttag +75 68/54/47/46/40; 
ttag +76 29/7/7/6/3; 
ttag +77 82/78/70/80/68; 
ttag +78 59/51/38/50/35; 
ttag +79 83/79/65/82/68; 
ttag +80 98/97/92/96/92; 
ttag +81 89/88/78/92/76; 
ttag +82 93/92/81/93/84; 
ttag +83 54/39/26/44/26; 
ttag +84 89/87/75/88/67; 
ttag +85 93/92/82/93/76; 
ttag +86 99/99/98/99/98; 
ttag +87 88/88/80/85/88; 
ttag +88 81/75/66/78/66; 
ttag +89 60/44/34/42/37; 
ttag +90 44/24/9/20/10; 
ttag +91 100/100/99/100/99; 
ttag +92 44/37/31/34/31; 
ttag +93 40/30/24/28/24; 
ttag +94 52/44/29/38/36; 
