tread
'Tree with tags' 
(0 (1 ((2 3 )(12 (13 ((14 (((11 (4 5 ))((6 7 )(8 (9 10 ))))(21 ((22 (23 (24 25 )))(26 27 28 ((29 (30 31 ))(46 47 ((33 34 (32 (35 (36 (37 (38 39 ))))))(40 (41 (42 43 ))))(44 45 ))))))))((15 (16 17 ))(18 (19 20 ))))))))); 
ttag *!; 
ttag +49 ???; 
ttag +50 8; 
ttag +51 5; 
ttag +52 2; 
ttag +53 1; 
ttag +54 1; 
ttag +55 2; 
ttag +56 1; 
ttag +57 2; 
ttag +58 1; 
ttag +59 8; 
ttag +60 4; 
ttag +61 2; 
ttag +62 6; 
ttag +63 2; 
ttag +64 2; 
ttag +65 3; 
ttag +66 2; 
ttag +67 3; 
ttag +68 9; 
ttag +69 4; 
ttag +70 1; 
ttag +71 5; 
ttag +72 3; 
ttag +73 7; 
ttag +74 2; 
ttag +75 4; 
ttag +76 2; 
ttag +77 4; 
ttag +78 1; 
ttag +79 5; 
ttag +80 1; 
ttag +81 2; 
ttag +82 2; 
ttag +83 6; 
ttag +84 5; 
ttag +85 1; 
ttag +86 7; 
ttag +87 2; 
ttag +88 4; 
ttag +89 1; 
tread
'Tree with tags' 
(0 (1 ((2 3 )(12 (13 ((14 (((11 (4 5 ))((6 7 )(8 (9 10 ))))(21 ((22 (23 (24 25 )))(28 (26 (27 ((29 (30 31 ))(46 ((47 ((33 (34 (32 (35 (36 (37 (38 39 )))))))(40 (41 (42 43 )))))(44 45 )))))))))))((15 (16 17 ))(18 (19 20 ))))))))); 
ttag *!; 
ttag +0 ////; 
ttag +1 ////; 
ttag +2 ////; 
ttag +3 ////; 
ttag +4 ////; 
ttag +5 ////; 
ttag +6 ////; 
ttag +7 ////; 
ttag +8 ////; 
ttag +9 ////; 
ttag +10 ////; 
ttag +11 ////; 
ttag +12 ////; 
ttag +13 ////; 
ttag +14 ////; 
ttag +15 ////; 
ttag +16 ////; 
ttag +17 ////; 
ttag +18 ////; 
ttag +19 ////; 
ttag +20 ////; 
ttag +21 ////; 
ttag +22 ////; 
ttag +23 ////; 
ttag +24 ////; 
ttag +25 ////; 
ttag +26 ////; 
ttag +27 ////; 
ttag +28 ////; 
ttag +29 ////; 
ttag +30 ////; 
ttag +31 ////; 
ttag +32 ////; 
ttag +33 ////; 
ttag +34 ////; 
ttag +35 ////; 
ttag +36 ////; 
ttag +37 ////; 
ttag +38 ////; 
ttag +39 ////; 
ttag +40 ////; 
ttag +41 ////; 
ttag +42 ////; 
ttag +43 ////; 
ttag +44 ////; 
ttag +45 ////; 
ttag +46 ////; 
ttag +47 ////; 
ttag +48 ////; 
ttag +49 100/100/100/100/100; 
ttag +50 99/99/98/99/96; 
ttag +51 93/90/85/88/81; 
ttag +52 48/33/26/38/22; 
ttag +53 27/16/11/10/13; 
ttag +54 26/18/9/6/5; 
ttag +55 28/21/4/20/1; 
ttag +56 10/[6]/?/?/?; 
ttag +57 24/8/?/8/?; 
ttag +58 36/28/13/25/11; 
ttag +59 95/94/89/97/87; 
ttag +60 91/90/75/91/85; 
ttag +61 50/45/41/54/37; 
ttag +62 99/99/98/98/96; 
ttag +63 75/64/66/68/68; 
ttag +64 74/66/60/66/58; 
ttag +65 63/58/50/68/48; 
ttag +66 54/41/42/56/31; 
ttag +67 84/78/72/81/68; 
ttag +68 100/100/98/100/99; 
ttag +69 69/66/60/77/54; 
ttag +70 56/28/14/21/18; 
ttag +71 90/89/78/95/78; 
ttag +72 66/58/49/66/56; 
ttag +73 99/99/95/98/94; 
ttag +74 18/[1]/?/?/?; 
ttag +75 56/50/39/54/46; 
ttag +76 3/[36]/?/?/?; 
ttag +77 79/77/55/76/61; 
ttag +78 53/44/30/47/28; 
ttag +79 78/76/73/82/75; 
ttag +80 60/44/35/55/34; 
ttag +81 17/[44]/?/?/?; 
ttag +82 83/80/69/79/66; 
ttag +83 34/19/4/23/11; 
ttag +84 5/[29]/?/?/?; 
ttag +85 4/[30]/?/?/?; 
ttag +86 60/55/50/61/52; 
ttag +87 78/72/65/80/63; 
ttag +88 94/92/85/95/86; 
ttag +89 93/92/78/94/83; 
ttag +90 55/38/20/36/29; 
ttag +91 95/94/92/96/85; 
ttag +92 76/72/59/63/55; 
ttag +93 92/88/85/94/84; 
ttag +94 37/24/11/26/16; 
