tread
'Tree with tags' 
(0 (1 (4 5 6 11 (2 3 )(7 (8 9 10 ))((12 13 )(21 (14 ((15 16 17 )(18 (19 20 ))))))(22 (23 (24 25 ))(26 (27 (28 (29 (30 31 ))(32 35 36 (33 34 )(37 (38 39 )))(((40 41 )(42 43 ))(44 45 46 47 ))))))))); 
ttag *!; 
ttag +49 ???; 
ttag +50 3; 
ttag +51 3; 
ttag +52 1; 
ttag +53 8; 
ttag +54 1; 
ttag +55 1; 
ttag +56 1; 
ttag +57 1; 
ttag +58 1; 
ttag +59 1; 
ttag +60 6; 
ttag +61 3; 
ttag +62 6; 
ttag +63 6; 
ttag +64 10; 
ttag +65 4; 
ttag +66 2; 
ttag +67 3; 
ttag +68 3; 
ttag +69 5; 
ttag +70 4; 
ttag +71 3; 
ttag +72 6; 
ttag +73 2; 
ttag +74 1; 
ttag +75 4; 
ttag +76 3; 
ttag +77 5; 
ttag +78 2; 
tread
'Tree with tags' 
(0 (1 ((2 3 )(((4 5 )(11 ((6 (7 (8 (9 10 ))))((12 13 )(21 (14 ((15 (16 17 ))(18 (19 20 )))))))))((22 (23 (24 25 )))(26 (27 (28 (((29 (30 31 ))((36 (35 (32 (33 34 ))))(37 (38 39 ))))(((40 41 )(42 43 ))(46 (45 (44 47 ))))))))))))); 
ttag *!; 
ttag +0 ////; 
ttag +1 ////; 
ttag +2 ////; 
ttag +3 ////; 
ttag +4 ////; 
ttag +5 ////; 
ttag +6 ////; 
ttag +7 ////; 
ttag +8 ////; 
ttag +9 ////; 
ttag +10 ////; 
ttag +11 ////; 
ttag +12 ////; 
ttag +13 ////; 
ttag +14 ////; 
ttag +15 ////; 
ttag +16 ////; 
ttag +17 ////; 
ttag +18 ////; 
ttag +19 ////; 
ttag +20 ////; 
ttag +21 ////; 
ttag +22 ////; 
ttag +23 ////; 
ttag +24 ////; 
ttag +25 ////; 
ttag +26 ////; 
ttag +27 ////; 
ttag +28 ////; 
ttag +29 ////; 
ttag +30 ////; 
ttag +31 ////; 
ttag +32 ////; 
ttag +33 ////; 
ttag +34 ////; 
ttag +35 ////; 
ttag +36 ////; 
ttag +37 ////; 
ttag +38 ////; 
ttag +39 ////; 
ttag +40 ////; 
ttag +41 ////; 
ttag +42 ////; 
ttag +43 ////; 
ttag +44 ////; 
ttag +45 ////; 
ttag +46 ////; 
ttag +47 ////; 
ttag +48 ////; 
ttag +49 100/100/100/100/100; 
ttag +50 91/88/78/89/82; 
ttag +51 88/86/76/87/72; 
ttag +52 25/4/11/8/7; 
ttag +53 11/[9]/?/?/?; 
ttag +54 63/51/47/47/38; 
ttag +55 41/27/20/24/23; 
ttag +56 8/[2]/?/2/?; 
ttag +57 13/2/?/9/2; 
ttag +58 43/29/25/28/28; 
ttag +59 98/97/98/98/96; 
ttag +60 20/[12]/?/?/?; 
ttag +61 44/30/16/23/21; 
ttag +62 28/14/1/13/4; 
ttag +63 34/17/7/23/12; 
ttag +64 38/27/10/24/18; 
ttag +65 86/79/80/76/76; 
ttag +66 52/35/26/38/30; 
ttag +67 54/28/13/19/12; 
ttag +68 97/95/96/98/94; 
ttag +69 94/92/94/94/92; 
ttag +70 40/2/7/12/8; 
ttag +71 94/93/84/94/84; 
ttag +72 97/95/87/93/84; 
ttag +73 99/98/97/99/99; 
ttag +74 86/84/70/85/69; 
ttag +75 60/40/29/49/31; 
ttag +76 75/72/59/72/58; 
ttag +77 86/82/69/82/69; 
ttag +78 32/[3]/?/?/?; 
ttag +79 32/2/8/2/15; 
ttag +80 99/99/98/100/98; 
ttag +81 23/[12]/?/?/?; 
ttag +82 13/[22]/?/?/?; 
ttag +83 16/[20]/?/?/?; 
ttag +84 97/96/89/95/90; 
ttag +85 94/94/91/94/88; 
ttag +86 97/97/98/99/98; 
ttag +87 89/89/88/87/86; 
ttag +88 70/55/43/53/36; 
ttag +89 92/90/84/93/80; 
ttag +90 80/75/69/75/64; 
ttag +91 92/90/84/92/86; 
ttag +92 18/[28]/?/?/?; 
ttag +93 33/[2]/?/5/8; 
ttag +94 77/75/52/71/65; 
