tread
'Tree with tags' 
(0 (1 (2 3 )(4 (5 ((11 ((6 7 )(8 (9 10 ))))((12 13 )((14 ((15 (16 17 ))(18 (19 20 ))))(21 ((22 (23 (24 25 )))(26 (27 (28 (29 30 31 )(((32 (33 34 ))(35 (36 (37 38 39 ))))((40 (41 (42 43 )))((44 45 )(46 47 )))))))))))))))); 
ttag *!; 
ttag +49 ???; 
ttag +50 5; 
ttag +51 7; 
ttag +52 3; 
ttag +53 2; 
ttag +54 3; 
ttag +55 1; 
ttag +56 1; 
ttag +57 6; 
ttag +58 1; 
ttag +59 4; 
ttag +60 1; 
ttag +61 2; 
ttag +62 1; 
ttag +63 6; 
ttag +64 2; 
ttag +65 1; 
ttag +66 5; 
ttag +67 7; 
ttag +68 1; 
ttag +69 2; 
ttag +70 4; 
ttag +71 3; 
ttag +72 5; 
ttag +73 5; 
ttag +74 3; 
ttag +75 3; 
ttag +76 5; 
ttag +77 1; 
ttag +78 4; 
ttag +79 3; 
ttag +80 9; 
ttag +81 1; 
ttag +82 1; 
ttag +83 3; 
ttag +84 5; 
ttag +85 3; 
ttag +86 3; 
ttag +87 3; 
ttag +88 2; 
ttag +89 4; 
ttag +90 3; 
tread
'Tree with tags' 
(0 ((1 (2 3 ))(4 (5 ((11 ((6 7 )(8 (9 10 ))))((12 13 )((14 ((15 (16 17 ))(18 (19 20 ))))(21 ((22 (23 (24 25 )))(26 (27 (28 ((30 (29 31 ))(((32 (33 34 ))(35 (36 (37 (38 39 )))))((40 (41 (42 43 )))((44 45 )(46 47 ))))))))))))))))); 
ttag *!; 
ttag +0 ////; 
ttag +1 ////; 
ttag +2 ////; 
ttag +3 ////; 
ttag +4 ////; 
ttag +5 ////; 
ttag +6 ////; 
ttag +7 ////; 
ttag +8 ////; 
ttag +9 ////; 
ttag +10 ////; 
ttag +11 ////; 
ttag +12 ////; 
ttag +13 ////; 
ttag +14 ////; 
ttag +15 ////; 
ttag +16 ////; 
ttag +17 ////; 
ttag +18 ////; 
ttag +19 ////; 
ttag +20 ////; 
ttag +21 ////; 
ttag +22 ////; 
ttag +23 ////; 
ttag +24 ////; 
ttag +25 ////; 
ttag +26 ////; 
ttag +27 ////; 
ttag +28 ////; 
ttag +29 ////; 
ttag +30 ////; 
ttag +31 ////; 
ttag +32 ////; 
ttag +33 ////; 
ttag +34 ////; 
ttag +35 ////; 
ttag +36 ////; 
ttag +37 ////; 
ttag +38 ////; 
ttag +39 ////; 
ttag +40 ////; 
ttag +41 ////; 
ttag +42 ////; 
ttag +43 ////; 
ttag +44 ////; 
ttag +45 ////; 
ttag +46 ////; 
ttag +47 ////; 
ttag +48 ////; 
ttag +49 30/[19]/?/?/?; 
ttag +50 100/100/100/100/100; 
ttag +51 96/95/94/96/90; 
ttag +52 96/96/86/94/88; 
ttag +53 52/37/26/29/22; 
ttag +54 71/66/56/56/57; 
ttag +55 64/59/43/58/44; 
ttag +56 20/3/?/3/?; 
ttag +57 26/16/8/12/4; 
ttag +58 98/97/95/98/94; 
ttag +59 54/41/34/50/36; 
ttag +60 64/58/43/68/44; 
ttag +61 15/6/?/5/?; 
ttag +62 39/29/14/30/19; 
ttag +63 23/14/6/16/2; 
ttag +64 97/96/94/97/96; 
ttag +65 51/41/30/40/32; 
ttag +66 51/23/16/22/8; 
ttag +67 91/90/89/95/86; 
ttag +68 100/100/99/100/100; 
ttag +69 18/6/1/8/?; 
ttag +70 49/36/27/44/36; 
ttag +71 65/57/48/70/54; 
ttag +72 77/65/61/71/61; 
ttag +73 98/98/97/97/93; 
ttag +74 99/98/94/98/96; 
ttag +75 69/59/39/66/48; 
ttag +76 70/62/48/66/50; 
ttag +77 23/[16]/?/?/?; 
ttag +78 91/90/82/88/79; 
ttag +79 43/17/13/18/12; 
ttag +80 48/26/16/28/8; 
ttag +81 84/80/68/78/62; 
ttag +82 78/73/74/77/70; 
ttag +83 100/100/99/100/100; 
ttag +84 28/[2]/?/?/?; 
ttag +85 36/6/?/?/?; 
ttag +86 90/88/85/90/83; 
ttag +87 22/[13]/?/?/?; 
ttag +88 100/100/98/99/95; 
ttag +89 90/86/65/83/66; 
ttag +90 94/92/89/93/85; 
ttag +91 94/94/84/98/88; 
ttag +92 76/68/60/72/56; 
ttag +93 82/74/64/78/68; 
ttag +94 84/76/63/81/66; 
