tread
'Tree with tags' 
(0 (1 ((2 3 )((((4 5 )((11 (21 (14 ((15 (16 17 ))(18 (19 20 )))(22 (23 (24 25 )))(26 (27 (28 ((29 (30 31 ))(((34 (32 33 ))(35 (36 (38 (37 39 )))))((40 (41 (42 43 )))(44 45 46 47 ))))))))))(12 13 )))(6 7 ))(10 (8 9 )))))); 
ttag *!; 
ttag +49 ???; 
ttag +50 3; 
ttag +51 2; 
ttag +52 2; 
ttag +53 1; 
ttag +54 2; 
ttag +55 1; 
ttag +56 1; 
ttag +57 1; 
ttag +58 10; 
ttag +59 2; 
ttag +60 2; 
ttag +61 2; 
ttag +62 1; 
ttag +63 1; 
ttag +64 7; 
ttag +65 1; 
ttag +66 3; 
ttag +67 6; 
ttag +68 9; 
ttag +69 9; 
ttag +70 4; 
ttag +71 4; 
ttag +72 4; 
ttag +73 5; 
ttag +74 1; 
ttag +75 1; 
ttag +76 3; 
ttag +77 3; 
ttag +78 1; 
ttag +79 1; 
ttag +80 8; 
ttag +81 1; 
ttag +82 2; 
ttag +83 2; 
ttag +84 1; 
ttag +85 3; 
ttag +86 9; 
ttag +87 2; 
ttag +88 1; 
ttag +89 4; 
ttag +90 4; 
tread
'Tree with tags' 
(0 (1 ((2 3 )((((4 5 )((11 (21 (((14 ((15 (16 17 ))(18 (19 20 ))))(26 (27 (28 ((29 (30 31 ))(((34 (32 33 ))(35 (36 (38 (37 39 )))))((40 (41 (42 43 )))(45 (47 (44 46 ))))))))))(22 (23 (24 25 ))))))(12 13 )))(6 7 ))(10 (8 9 )))))); 
ttag *!; 
ttag +0 ////; 
ttag +1 ////; 
ttag +2 ////; 
ttag +3 ////; 
ttag +4 ////; 
ttag +5 ////; 
ttag +6 ////; 
ttag +7 ////; 
ttag +8 ////; 
ttag +9 ////; 
ttag +10 ////; 
ttag +11 ////; 
ttag +12 ////; 
ttag +13 ////; 
ttag +14 ////; 
ttag +15 ////; 
ttag +16 ////; 
ttag +17 ////; 
ttag +18 ////; 
ttag +19 ////; 
ttag +20 ////; 
ttag +21 ////; 
ttag +22 ////; 
ttag +23 ////; 
ttag +24 ////; 
ttag +25 ////; 
ttag +26 ////; 
ttag +27 ////; 
ttag +28 ////; 
ttag +29 ////; 
ttag +30 ////; 
ttag +31 ////; 
ttag +32 ////; 
ttag +33 ////; 
ttag +34 ////; 
ttag +35 ////; 
ttag +36 ////; 
ttag +37 ////; 
ttag +38 ////; 
ttag +39 ////; 
ttag +40 ////; 
ttag +41 ////; 
ttag +42 ////; 
ttag +43 ////; 
ttag +44 ////; 
ttag +45 ////; 
ttag +46 ////; 
ttag +47 ////; 
ttag +48 ////; 
ttag +49 100/100/100/100/100; 
ttag +50 90/84/83/87/82; 
ttag +51 81/72/60/73/62; 
ttag +52 27/16/10/18/6; 
ttag +53 14/0/?/6/?; 
ttag +54 37/22/15/28/9; 
ttag +55 72/56/65/61/62; 
ttag +56 39/34/29/40/30; 
ttag +57 26/0/?/4/0; 
ttag +58 100/100/99/100/99; 
ttag +59 35/20/13/24/3; 
ttag +60 39/24/14/29/6; 
ttag +61 65/59/53/55/51; 
ttag +62 14/4/3/2/0; 
ttag +63 14/[9]/?/?/?; 
ttag +64 8/[2]/?/?/?; 
ttag +65 26/5/?/2/?; 
ttag +66 97/96/94/97/89; 
ttag +67 40/30/20/32/21; 
ttag +68 86/79/76/85/78; 
ttag +69 95/94/84/95/84; 
ttag +70 100/100/100/100/100; 
ttag +71 99/99/97/99/96; 
ttag +72 92/90/90/94/87; 
ttag +73 96/94/96/96/90; 
ttag +74 93/92/88/95/88; 
ttag +75 88/86/79/90/78; 
ttag +76 57/39/32/36/34; 
ttag +77 42/34/16/29/16; 
ttag +78 80/77/70/75/70; 
ttag +79 83/82/79/86/77; 
ttag +80 21/[30]/?/?/?; 
ttag +81 29/5/12/11/9; 
ttag +82 99/99/97/100/97; 
ttag +83 41/29/11/30/15; 
ttag +84 57/42/38/47/47; 
ttag +85 60/45/34/48/43; 
ttag +86 62/40/27/43/30; 
ttag +87 90/88/83/89/83; 
ttag +88 98/98/98/99/96; 
ttag +89 58/44/48/56/46; 
ttag +90 60/42/45/48/36; 
ttag +91 89/86/86/93/77; 
ttag +92 2/[32]/?/?/?; 
ttag +93 25/[9]/?/?/?; 
ttag +94 89/83/75/85/70; 
