tread
'Tree with tags' 
(0 (1 ((2 3 )(4 5 11 (6 7 (8 (9 10 )))(12 ((13 (14 ((15 (16 17 ))(18 (19 20 )))))(21 (22 (23 (24 25 ))))(26 (27 (28 (((29 (30 31 ))((32 ((35 36 )(37 (38 39 ))))(33 34 )))((40 (41 (42 43 )))(47 (46 (44 45 )))))))))))))); 
ttag *!; 
ttag +49 ???; 
ttag +50 5; 
ttag +51 2; 
ttag +52 4; 
ttag +53 2; 
ttag +54 16; 
ttag +55 3; 
ttag +56 3; 
ttag +57 1; 
ttag +58 1; 
ttag +59 3; 
ttag +60 6; 
ttag +61 3; 
ttag +62 5; 
ttag +63 17; 
ttag +64 6; 
ttag +65 1; 
ttag +66 6; 
ttag +67 4; 
ttag +68 7; 
ttag +69 1; 
ttag +70 1; 
ttag +71 1; 
ttag +72 4; 
ttag +73 1; 
ttag +74 4; 
ttag +75 9; 
ttag +76 2; 
ttag +77 7; 
ttag +78 3; 
ttag +79 1; 
ttag +80 3; 
ttag +81 5; 
ttag +82 2; 
ttag +83 2; 
ttag +84 3; 
ttag +85 5; 
ttag +86 13; 
ttag +87 1; 
ttag +88 1; 
ttag +89 1; 
tread
'Tree with tags' 
(0 (1 ((2 3 )(4 (5 (11 (((6 7 )(8 (9 10 )))(12 ((13 (14 ((15 (16 17 ))(18 (19 20 )))))((21 (22 (23 (24 25 ))))(26 (27 (28 (((29 (30 31 ))((32 ((35 36 )(37 (38 39 ))))(33 34 )))((40 (41 (42 43 )))(47 (46 (44 45 )))))))))))))))))); 
ttag *!; 
ttag +0 ////; 
ttag +1 ////; 
ttag +2 ////; 
ttag +3 ////; 
ttag +4 ////; 
ttag +5 ////; 
ttag +6 ////; 
ttag +7 ////; 
ttag +8 ////; 
ttag +9 ////; 
ttag +10 ////; 
ttag +11 ////; 
ttag +12 ////; 
ttag +13 ////; 
ttag +14 ////; 
ttag +15 ////; 
ttag +16 ////; 
ttag +17 ////; 
ttag +18 ////; 
ttag +19 ////; 
ttag +20 ////; 
ttag +21 ////; 
ttag +22 ////; 
ttag +23 ////; 
ttag +24 ////; 
ttag +25 ////; 
ttag +26 ////; 
ttag +27 ////; 
ttag +28 ////; 
ttag +29 ////; 
ttag +30 ////; 
ttag +31 ////; 
ttag +32 ////; 
ttag +33 ////; 
ttag +34 ////; 
ttag +35 ////; 
ttag +36 ////; 
ttag +37 ////; 
ttag +38 ////; 
ttag +39 ////; 
ttag +40 ////; 
ttag +41 ////; 
ttag +42 ////; 
ttag +43 ////; 
ttag +44 ////; 
ttag +45 ////; 
ttag +46 ////; 
ttag +47 ////; 
ttag +48 ////; 
ttag +49 100/100/100/100/100; 
ttag +50 97/96/98/97/94; 
ttag +51 79/72/71/78/70; 
ttag +52 84/81/63/86/64; 
ttag +53 30/19/8/14/12; 
ttag +54 34/22/12/17/13; 
ttag +55 73/69/60/69/55; 
ttag +56 9/[8]/?/?/?; 
ttag +57 22/12/0/8/3; 
ttag +58 99/99/100/100/100; 
ttag +59 98/97/94/95/90; 
ttag +60 70/66/49/66/52; 
ttag +61 36/19/10/28/12; 
ttag +62 24/12/7/8/8; 
ttag +63 73/71/44/70/48; 
ttag +64 94/92/81/94/75; 
ttag +65 77/68/46/71/47; 
ttag +66 92/88/76/91/74; 
ttag +67 100/100/100/100/100; 
ttag +68 98/97/97/99/95; 
ttag +69 14/[10]/?/?/?; 
ttag +70 14/[3]/?/6/?; 
ttag +71 89/86/75/92/80; 
ttag +72 91/87/84/88/88; 
ttag +73 99/99/97/99/94; 
ttag +74 52/42/29/41/29; 
ttag +75 21/[30]/?/?/?; 
ttag +76 42/2/6/?/?; 
ttag +77 86/84/71/84/66; 
ttag +78 53/38/28/24/20; 
ttag +79 74/71/54/73/56; 
ttag +80 98/98/96/98/97; 
ttag +81 59/48/39/47/34; 
ttag +82 93/92/88/94/78; 
ttag +83 97/96/94/95/94; 
ttag +84 33/[7]/?/0/?; 
ttag +85 72/61/55/69/51; 
ttag +86 90/89/82/91/77; 
ttag +87 64/40/51/54/33; 
ttag +88 69/66/51/59/43; 
ttag +89 74/69/53/67/52; 
ttag +90 90/84/69/87/69; 
ttag +91 100/100/100/100/99; 
ttag +92 49/32/30/38/19; 
ttag +93 9/[21]/?/?/?; 
ttag +94 40/20/24/13/21; 
