tread
'Tree with tags' 
(0 (1 ((2 3 )(4 (5 (((6 7 )(8 (9 10 )))(13 (12 ((21 (11 ((22 (23 (24 25 )))(28 (26 27 (44 45 46 (47 (29 (30 31 )))(33 (32 (34 35 (36 (39 (37 38 ))))))(40 (41 (42 43 )))))))))((14 (15 16 17 ))(18 (19 20 )))))))))))); 
ttag *!; 
ttag +49 ???; 
ttag +50 7; 
ttag +51 6; 
ttag +52 2; 
ttag +53 1; 
ttag +54 1; 
ttag +55 1; 
ttag +56 1; 
ttag +57 4; 
ttag +58 2; 
ttag +59 1; 
ttag +60 1; 
ttag +61 1; 
ttag +62 1; 
ttag +63 1; 
ttag +64 2; 
ttag +65 3; 
ttag +66 3; 
ttag +67 3; 
ttag +68 9; 
ttag +69 2; 
ttag +70 1; 
ttag +71 4; 
ttag +72 7; 
ttag +73 1; 
ttag +74 1; 
ttag +75 6; 
ttag +76 1; 
ttag +77 5; 
ttag +78 5; 
ttag +79 3; 
ttag +80 2; 
ttag +81 1; 
ttag +82 4; 
ttag +83 1; 
ttag +84 4; 
ttag +85 11; 
ttag +86 1; 
ttag +87 7; 
tread
'Tree with tags' 
(0 (1 ((2 3 )(4 (5 (((6 7 )(8 (9 10 )))(13 (12 ((21 (11 ((22 (23 (24 25 )))(28 (27 (26 ((45 ((47 (29 (30 31 )))(46 (44 (40 (41 (42 43 )))))))(33 (32 (34 (35 (36 (39 (37 38 ))))))))))))))((14 (17 (15 16 )))(18 (19 20 )))))))))))); 
ttag *!; 
ttag +0 ////; 
ttag +1 ////; 
ttag +2 ////; 
ttag +3 ////; 
ttag +4 ////; 
ttag +5 ////; 
ttag +6 ////; 
ttag +7 ////; 
ttag +8 ////; 
ttag +9 ////; 
ttag +10 ////; 
ttag +11 ////; 
ttag +12 ////; 
ttag +13 ////; 
ttag +14 ////; 
ttag +15 ////; 
ttag +16 ////; 
ttag +17 ////; 
ttag +18 ////; 
ttag +19 ////; 
ttag +20 ////; 
ttag +21 ////; 
ttag +22 ////; 
ttag +23 ////; 
ttag +24 ////; 
ttag +25 ////; 
ttag +26 ////; 
ttag +27 ////; 
ttag +28 ////; 
ttag +29 ////; 
ttag +30 ////; 
ttag +31 ////; 
ttag +32 ////; 
ttag +33 ////; 
ttag +34 ////; 
ttag +35 ////; 
ttag +36 ////; 
ttag +37 ////; 
ttag +38 ////; 
ttag +39 ////; 
ttag +40 ////; 
ttag +41 ////; 
ttag +42 ////; 
ttag +43 ////; 
ttag +44 ////; 
ttag +45 ////; 
ttag +46 ////; 
ttag +47 ////; 
ttag +48 ////; 
ttag +49 100/100/100/100/100; 
ttag +50 100/100/98/99/97; 
ttag +51 96/95/91/96/91; 
ttag +52 42/32/21/34/20; 
ttag +53 13/[6]/?/?/?; 
ttag +54 33/29/23/29/24; 
ttag +55 13/4/4/2/?; 
ttag +56 8/[10]/?/?/?; 
ttag +57 98/98/96/97/94; 
ttag +58 71/61/56/63/46; 
ttag +59 2/[8]/?/?/?; 
ttag +60 2/[8]/?/?/?; 
ttag +61 0/[10]/?/?/?; 
ttag +62 2/[36]/?/?/?; 
ttag +63 15/4/?/?/?; 
ttag +64 66/64/50/69/49; 
ttag +65 19/10/5/21/4; 
ttag +66 18/[16]/?/?/?; 
ttag +67 62/38/29/46/27; 
ttag +68 62/52/44/60/50; 
ttag +69 100/100/98/100/100; 
ttag +70 32/21/17/28/15; 
ttag +71 38/28/9/26/9; 
ttag +72 79/73/66/79/70; 
ttag +73 97/96/95/99/97; 
ttag +74 14/[13]/?/?/?; 
ttag +75 57/48/25/44/37; 
ttag +76 77/73/58/72/66; 
ttag +77 98/98/90/94/90; 
ttag +78 24/[3]/?/?/?; 
ttag +79 2/[26]/?/?/?; 
ttag +80 13/[15]/?/?/?; 
ttag +81 81/72/56/74/65; 
ttag +82 92/90/86/93/90; 
ttag +83 72/50/49/63/48; 
ttag +84 74/65/65/64/60; 
ttag +85 50/28/23/35/23; 
ttag +86 18/[6]/?/?/?; 
ttag +87 89/88/80/87/80; 
ttag +88 42/24/28/32/27; 
ttag +89 94/92/83/94/79; 
ttag +90 100/100/100/100/99; 
ttag +91 10/[18]/?/?/?; 
ttag +92 4/[24]/?/?/?; 
ttag +93 59/38/31/44/43; 
ttag +94 99/99/97/98/96; 
