tread
'Tree with tags' 
(0 (1 ((2 3 )(4 (5 ((6 7 (8 (9 10 )))(11 ((12 13 )((14 (15 (16 17 ))(18 (19 20 )))(21 ((22 (23 24 25 ))(26 (27 (28 ((29 (30 31 ))(((32 (33 34 35 (36 (37 (38 39 )))))(40 (41 (42 43 ))))(46 (44 (45 47 ))))))))))))))))))); 
ttag *!; 
ttag +49 ???; 
ttag +50 5; 
ttag +51 4; 
ttag +52 4; 
ttag +53 1; 
ttag +54 2; 
ttag +55 1; 
ttag +56 9; 
ttag +57 2; 
ttag +58 1; 
ttag +59 2; 
ttag +60 1; 
ttag +61 1; 
ttag +62 1; 
ttag +63 1; 
ttag +64 1; 
ttag +65 3; 
ttag +66 4; 
ttag +67 1; 
ttag +68 2; 
ttag +69 1; 
ttag +70 5; 
ttag +71 2; 
ttag +72 4; 
ttag +73 4; 
ttag +74 1; 
ttag +75 4; 
ttag +76 5; 
ttag +77 5; 
ttag +78 1; 
ttag +79 1; 
ttag +80 3; 
ttag +81 2; 
ttag +82 8; 
ttag +83 2; 
ttag +84 7; 
ttag +85 6; 
ttag +86 11; 
ttag +87 2; 
ttag +88 3; 
ttag +89 1; 
tread
'Tree with tags' 
(0 (1 ((2 3 )(4 (5 ((6 (7 (8 (9 10 ))))(11 ((12 13 )((14 ((15 (16 17 ))(18 (19 20 ))))(21 ((22 (24 (23 25 )))(26 (27 (28 ((29 (30 31 ))(((32 (35 (34 (33 (36 (37 (38 39 )))))))(40 (41 (42 43 ))))(46 (44 (45 47 ))))))))))))))))))); 
ttag *!; 
ttag +0 ////; 
ttag +1 ////; 
ttag +2 ////; 
ttag +3 ////; 
ttag +4 ////; 
ttag +5 ////; 
ttag +6 ////; 
ttag +7 ////; 
ttag +8 ////; 
ttag +9 ////; 
ttag +10 ////; 
ttag +11 ////; 
ttag +12 ////; 
ttag +13 ////; 
ttag +14 ////; 
ttag +15 ////; 
ttag +16 ////; 
ttag +17 ////; 
ttag +18 ////; 
ttag +19 ////; 
ttag +20 ////; 
ttag +21 ////; 
ttag +22 ////; 
ttag +23 ////; 
ttag +24 ////; 
ttag +25 ////; 
ttag +26 ////; 
ttag +27 ////; 
ttag +28 ////; 
ttag +29 ////; 
ttag +30 ////; 
ttag +31 ////; 
ttag +32 ////; 
ttag +33 ////; 
ttag +34 ////; 
ttag +35 ////; 
ttag +36 ////; 
ttag +37 ////; 
ttag +38 ////; 
ttag +39 ////; 
ttag +40 ////; 
ttag +41 ////; 
ttag +42 ////; 
ttag +43 ////; 
ttag +44 ////; 
ttag +45 ////; 
ttag +46 ////; 
ttag +47 ////; 
ttag +48 ////; 
ttag +49 100/100/100/100/100; 
ttag +50 99/99/92/98/89; 
ttag +51 72/57/48/72/61; 
ttag +52 52/38/26/56/30; 
ttag +53 31/16/13/34/14; 
ttag +54 38/29/16/44/23; 
ttag +55 32/17/13/30/10; 
ttag +56 14/[33]/?/?/?; 
ttag +57 99/99/96/99/99; 
ttag +58 69/52/37/53/43; 
ttag +59 24/10/1/18/2; 
ttag +60 67/58/50/64/50; 
ttag +61 55/41/25/49/29; 
ttag +62 38/29/20/35/20; 
ttag +63 24/10/0/16/?; 
ttag +64 78/67/67/65/66; 
ttag +65 35/25/22/46/17; 
ttag +66 88/87/77/80/72; 
ttag +67 95/95/86/92/90; 
ttag +68 99/99/96/99/98; 
ttag +69 25/11/2/20/5; 
ttag +70 49/35/24/38/23; 
ttag +71 23/[5]/?/10/?; 
ttag +72 17/[50]/?/?/?; 
ttag +73 96/96/96/95/96; 
ttag +74 83/80/67/71/70; 
ttag +75 81/73/61/79/56; 
ttag +76 78/73/58/80/58; 
ttag +77 47/34/32/36/27; 
ttag +78 82/79/64/84/62; 
ttag +79 95/94/93/99/96; 
ttag +80 88/86/77/89/80; 
ttag +81 30/12/2/24/2; 
ttag +82 21/3/?/14/?; 
ttag +83 26/[22]/?/?/?; 
ttag +84 43/21/20/26/18; 
ttag +85 79/76/60/80/62; 
ttag +86 70/63/60/70/64; 
ttag +87 100/100/99/100/98; 
ttag +88 86/80/74/79/67; 
ttag +89 97/96/90/96/91; 
ttag +90 96/94/84/96/88; 
ttag +91 100/100/100/100/100; 
ttag +92 58/45/33/53/39; 
ttag +93 74/68/58/80/64; 
ttag +94 44/31/20/36/21; 
