tread
'Tree with tags' 
(0 (1 ((2 3 )(4 (5 6 7 (8 (9 10 ))(11 12 (14 (13 (15 16 17 ))(18 (19 20 ))(21 ((22 (23 (24 25 )))(26 (27 28 (29 (30 31 ))(33 34 (32 (35 (36 (39 (37 38 ))))))((40 (41 (42 43 )))(44 45 46 47 ))))))))))))); 
ttag *!; 
ttag +49 ???; 
ttag +50 4; 
ttag +51 1; 
ttag +52 3; 
ttag +53 1; 
ttag +54 6; 
ttag +55 1; 
ttag +56 3; 
ttag +57 1; 
ttag +58 1; 
ttag +59 6; 
ttag +60 6; 
ttag +61 7; 
ttag +62 2; 
ttag +63 2; 
ttag +64 2; 
ttag +65 8; 
ttag +66 5; 
ttag +67 5; 
ttag +68 4; 
ttag +69 1; 
ttag +70 3; 
ttag +71 2; 
ttag +72 6; 
ttag +73 3; 
ttag +74 3; 
ttag +75 1; 
ttag +76 6; 
ttag +77 4; 
ttag +78 2; 
ttag +79 2; 
ttag +80 12; 
ttag +81 2; 
tread
'Tree with tags' 
(0 (1 ((2 3 )(4 (5 ((6 (7 (8 (9 10 ))))(12 (11 (((13 (15 (16 17 )))(18 (19 20 )))(14 (21 ((22 (23 (24 25 )))(26 ((27 28 )(((29 (30 31 ))(34 (33 (32 (35 (36 (39 (37 38 ))))))))((40 (41 (42 43 )))(46 (47 (44 45 ))))))))))))))))))); 
ttag *!; 
ttag +0 ////; 
ttag +1 ////; 
ttag +2 ////; 
ttag +3 ////; 
ttag +4 ////; 
ttag +5 ////; 
ttag +6 ////; 
ttag +7 ////; 
ttag +8 ////; 
ttag +9 ////; 
ttag +10 ////; 
ttag +11 ////; 
ttag +12 ////; 
ttag +13 ////; 
ttag +14 ////; 
ttag +15 ////; 
ttag +16 ////; 
ttag +17 ////; 
ttag +18 ////; 
ttag +19 ////; 
ttag +20 ////; 
ttag +21 ////; 
ttag +22 ////; 
ttag +23 ////; 
ttag +24 ////; 
ttag +25 ////; 
ttag +26 ////; 
ttag +27 ////; 
ttag +28 ////; 
ttag +29 ////; 
ttag +30 ////; 
ttag +31 ////; 
ttag +32 ////; 
ttag +33 ////; 
ttag +34 ////; 
ttag +35 ////; 
ttag +36 ////; 
ttag +37 ////; 
ttag +38 ////; 
ttag +39 ////; 
ttag +40 ////; 
ttag +41 ////; 
ttag +42 ////; 
ttag +43 ////; 
ttag +44 ////; 
ttag +45 ////; 
ttag +46 ////; 
ttag +47 ////; 
ttag +48 ////; 
ttag +49 100/100/100/100/100; 
ttag +50 95/94/92/95/92; 
ttag +51 68/43/46/42/52; 
ttag +52 84/80/61/80/59; 
ttag +53 44/25/18/27/6; 
ttag +54 54/42/43/45/41; 
ttag +55 18/[5]/?/?/?; 
ttag +56 35/[2]/?/?/?; 
ttag +57 98/98/96/99/98; 
ttag +58 61/38/50/51/46; 
ttag +59 12/[4]/?/?/?; 
ttag +60 44/28/9/24/18; 
ttag +61 27/9/8/12/13; 
ttag +62 16/[1]/2/?/1; 
ttag +63 25/17/10/16/13; 
ttag +64 12/[3]/?/?/?; 
ttag +65 99/99/96/98/96; 
ttag +66 38/[2]/8/0/?; 
ttag +67 93/93/83/97/89; 
ttag +68 96/96/93/99/95; 
ttag +69 52/47/32/46/36; 
ttag +70 59/42/31/44/26; 
ttag +71 62/58/46/55/42; 
ttag +72 95/94/95/98/94; 
ttag +73 86/77/68/74/64; 
ttag +74 89/88/76/90/72; 
ttag +75 12/[52]/?/?/?; 
ttag +76 84/83/68/81/69; 
ttag +77 78/72/69/78/72; 
ttag +78 27/4/4/?/?; 
ttag +79 56/34/35/32/20; 
ttag +80 95/92/84/93/86; 
ttag +81 46/28/27/31/22; 
ttag +82 22/[36]/?/?/?; 
ttag +83 84/80/66/83/68; 
ttag +84 58/54/42/55/41; 
ttag +85 83/78/65/74/64; 
ttag +86 44/25/14/25/16; 
ttag +87 99/98/96/99/95; 
ttag +88 88/85/79/86/85; 
ttag +89 62/48/37/42/45; 
ttag +90 58/39/46/52/32; 
ttag +91 100/100/100/100/100; 
ttag +92 40/30/24/25/18; 
ttag +93 44/31/21/25/22; 
ttag +94 58/46/40/39/46; 
