tread
'Tree with tags' 
(0 (1 ((2 3 )(4 (5 (7 (6 11 (8 9 10 )((12 13 )((15 (16 17 ))(18 (19 20 ))))(21 (14 ((22 (23 24 25 ))(28 (26 27 )(29 ((30 31 )(33 (34 (32 (35 (36 (37 (38 39 )))))))((40 (41 (42 43 )))(46 (47 (44 45 ))))))))))))))))); 
ttag *!; 
ttag +49 ???; 
ttag +50 3; 
ttag +51 7; 
ttag +52 9; 
ttag +53 1; 
ttag +54 1; 
ttag +55 1; 
ttag +56 8; 
ttag +57 1; 
ttag +58 1; 
ttag +59 1; 
ttag +60 1; 
ttag +61 11; 
ttag +62 4; 
ttag +63 6; 
ttag +64 5; 
ttag +65 9; 
ttag +66 2; 
ttag +67 5; 
ttag +68 5; 
ttag +69 1; 
ttag +70 4; 
ttag +71 5; 
ttag +72 2; 
ttag +73 2; 
ttag +74 4; 
ttag +75 1; 
ttag +76 3; 
ttag +77 2; 
ttag +78 3; 
ttag +79 5; 
ttag +80 3; 
ttag +81 12; 
ttag +82 3; 
ttag +83 1; 
ttag +84 6; 
ttag +85 1; 
ttag +86 2; 
ttag +87 1; 
tread
'Tree with tags' 
(0 (1 ((2 3 )(4 (5 (7 (((6 11 )((8 (9 10 ))(21 (14 ((22 (25 (23 24 )))((26 27 )(28 (29 ((30 31 )((33 (34 (32 (35 (36 (37 (38 39 )))))))((40 (41 (42 43 )))(46 (47 (44 45 ))))))))))))))((12 13 )((15 (16 17 ))(18 (19 20 ))))))))))); 
ttag *!; 
ttag +0 ////; 
ttag +1 ////; 
ttag +2 ////; 
ttag +3 ////; 
ttag +4 ////; 
ttag +5 ////; 
ttag +6 ////; 
ttag +7 ////; 
ttag +8 ////; 
ttag +9 ////; 
ttag +10 ////; 
ttag +11 ////; 
ttag +12 ////; 
ttag +13 ////; 
ttag +14 ////; 
ttag +15 ////; 
ttag +16 ////; 
ttag +17 ////; 
ttag +18 ////; 
ttag +19 ////; 
ttag +20 ////; 
ttag +21 ////; 
ttag +22 ////; 
ttag +23 ////; 
ttag +24 ////; 
ttag +25 ////; 
ttag +26 ////; 
ttag +27 ////; 
ttag +28 ////; 
ttag +29 ////; 
ttag +30 ////; 
ttag +31 ////; 
ttag +32 ////; 
ttag +33 ////; 
ttag +34 ////; 
ttag +35 ////; 
ttag +36 ////; 
ttag +37 ////; 
ttag +38 ////; 
ttag +39 ////; 
ttag +40 ////; 
ttag +41 ////; 
ttag +42 ////; 
ttag +43 ////; 
ttag +44 ////; 
ttag +45 ////; 
ttag +46 ////; 
ttag +47 ////; 
ttag +48 ////; 
ttag +49 100/100/100/100/100; 
ttag +50 86/80/70/84/67; 
ttag +51 96/94/83/93/89; 
ttag +52 96/94/88/95/88; 
ttag +53 30/[16]/?/?/?; 
ttag +54 7/[10]/?/?/?; 
ttag +55 1/[16]/?/?/?; 
ttag +56 19/1/?/?/?; 
ttag +57 33/21/10/22/14; 
ttag +58 98/98/88/99/97; 
ttag +59 2/[12]/?/?/?; 
ttag +60 34/6/9/8/4; 
ttag +61 31/20/19/30/17; 
ttag +62 8/[6]/?/?/?; 
ttag +63 8/[6]/?/?/?; 
ttag +64 9/[5]/?/1/?; 
ttag +65 100/100/98/99/98; 
ttag +66 26/12/19/24/7; 
ttag +67 87/78/83/90/76; 
ttag +68 93/92/80/88/90; 
ttag +69 100/100/99/100/99; 
ttag +70 54/37/27/34/13; 
ttag +71 54/40/42/48/22; 
ttag +72 29/[28]/?/?/?; 
ttag +73 96/94/88/97/93; 
ttag +74 47/28/30/24/37; 
ttag +75 76/74/58/76/54; 
ttag +76 23/4/4/?/1; 
ttag +77 72/62/52/70/46; 
ttag +78 52/24/28/39/40; 
ttag +79 31/0/?/0/4; 
ttag +80 71/59/43/75/47; 
ttag +81 50/33/14/23/12; 
ttag +82 73/69/56/70/56; 
ttag +83 22/[10]/?/?/?; 
ttag +84 66/54/40/59/46; 
ttag +85 68/56/40/71/42; 
ttag +86 92/88/82/92/81; 
ttag +87 77/72/63/82/61; 
ttag +88 100/100/99/100/98; 
ttag +89 64/60/45/53/40; 
ttag +90 46/20/16/10/7; 
ttag +91 98/98/97/98/96; 
ttag +92 32/29/26/22/35; 
ttag +93 59/42/33/46/33; 
ttag +94 23/1/10/10/14; 
