tread
'Tree with tags' 
(0 (1 ((2 3 )(4 (5 (6 7 (8 (9 10 ))(11 ((21 (14 (12 13 ))(22 28 (23 (24 25 ))(26 27 )(29 (30 31 ))((44 45 46 47 (33 34 (32 (35 (36 (37 38 39 ))))))(40 41 (42 43 )))))(15 (16 17 ))(18 (19 20 )))))))))); 
ttag *!; 
ttag +49 ???; 
ttag +50 8; 
ttag +51 3; 
ttag +52 5; 
ttag +53 4; 
ttag +54 2; 
ttag +55 11; 
ttag +56 1; 
ttag +57 1; 
ttag +58 1; 
ttag +59 1; 
ttag +60 1; 
ttag +61 1; 
ttag +62 5; 
ttag +63 4; 
ttag +64 6; 
ttag +65 8; 
ttag +66 1; 
ttag +67 1; 
ttag +68 8; 
ttag +69 3; 
ttag +70 3; 
ttag +71 3; 
ttag +72 1; 
ttag +73 1; 
ttag +74 1; 
ttag +75 2; 
ttag +76 3; 
ttag +77 3; 
ttag +78 8; 
ttag +79 5; 
ttag +80 5; 
tread
'Tree with tags' 
(0 (1 ((2 3 )(4 (5 (6 (7 ((8 (9 10 ))(11 (((14 (12 13 ))(21 ((28 ((22 (23 (24 25 )))((26 27 )((47 (45 (44 (46 (34 (33 (32 (35 (36 (38 (37 39 )))))))))))(41 (40 (42 43 )))))))(29 (30 31 )))))((15 (16 17 ))(18 (19 20 ))))))))))))); 
ttag *!; 
ttag +0 ////; 
ttag +1 ////; 
ttag +2 ////; 
ttag +3 ////; 
ttag +4 ////; 
ttag +5 ////; 
ttag +6 ////; 
ttag +7 ////; 
ttag +8 ////; 
ttag +9 ////; 
ttag +10 ////; 
ttag +11 ////; 
ttag +12 ////; 
ttag +13 ////; 
ttag +14 ////; 
ttag +15 ////; 
ttag +16 ////; 
ttag +17 ////; 
ttag +18 ////; 
ttag +19 ////; 
ttag +20 ////; 
ttag +21 ////; 
ttag +22 ////; 
ttag +23 ////; 
ttag +24 ////; 
ttag +25 ////; 
ttag +26 ////; 
ttag +27 ////; 
ttag +28 ////; 
ttag +29 ////; 
ttag +30 ////; 
ttag +31 ////; 
ttag +32 ////; 
ttag +33 ////; 
ttag +34 ////; 
ttag +35 ////; 
ttag +36 ////; 
ttag +37 ////; 
ttag +38 ////; 
ttag +39 ////; 
ttag +40 ////; 
ttag +41 ////; 
ttag +42 ////; 
ttag +43 ////; 
ttag +44 ////; 
ttag +45 ////; 
ttag +46 ////; 
ttag +47 ////; 
ttag +48 ////; 
ttag +49 100/100/100/100/100; 
ttag +50 99/99/98/100/100; 
ttag +51 82/74/63/82/65; 
ttag +52 96/96/82/94/79; 
ttag +53 75/65/53/59/47; 
ttag +54 58/52/33/48/36; 
ttag +55 21/[20]/?/?/?; 
ttag +56 100/100/99/100/100; 
ttag +57 25/15/9/19/10; 
ttag +58 73/65/57/72/64; 
ttag +59 35/24/20/32/16; 
ttag +60 65/62/39/64/52; 
ttag +61 34/26/18/32/16; 
ttag +62 31/26/10/25/4; 
ttag +63 30/21/14/24/6; 
ttag +64 98/97/95/98/95; 
ttag +65 41/28/26/24/20; 
ttag +66 95/94/89/92/86; 
ttag +67 97/96/92/96/94; 
ttag +68 98/96/95/100/94; 
ttag +69 51/44/32/42/32; 
ttag +70 64/55/51/51/52; 
ttag +71 3/[30]/?/?/?; 
ttag +72 25/[9]/?/?/?; 
ttag +73 68/64/50/62/50; 
ttag +74 81/68/72/77/64; 
ttag +75 98/97/93/97/94; 
ttag +76 90/90/87/90/89; 
ttag +77 17/[14]/?/?/?; 
ttag +78 66/60/50/65/48; 
ttag +79 84/83/75/83/71; 
ttag +80 58/47/46/53/43; 
ttag +81 13/[3]/?/?/?; 
ttag +82 56/45/40/56/30; 
ttag +83 35/3/13/5/?; 
ttag +84 11/[35]/?/?/?; 
ttag +85 17/[29]/?/?/?; 
ttag +86 41/34/21/36/20; 
ttag +87 58/50/42/51/47; 
ttag +88 80/75/70/78/72; 
ttag +89 74/60/60/68/59; 
ttag +90 20/[6]/?/?/?; 
ttag +91 98/98/97/99/97; 
ttag +92 42/18/12/19/11; 
ttag +93 96/96/93/97/92; 
ttag +94 99/98/96/98/97; 
