tread
'Tree with tags' 
(0 (1 ((2 3 )(4 (5 (((6 7 )(8 (9 10 )))(11 ((12 13 )(((14 (18 (19 20 )))(15 (16 17 )))(21 ((22 (23 (24 25 )))(26 (27 (28 (29 (30 31 )((((32 (33 34 ))(35 (36 (37 (38 39 )))))(44 (45 (46 47 ))))(40 (41 (42 43 ))))))))))))))))))); 
ttag *!; 
ttag +49 ???; 
ttag +50 8; 
ttag +51 3; 
ttag +52 4; 
ttag +53 3; 
ttag +54 2; 
ttag +55 1; 
ttag +56 3; 
ttag +57 9; 
ttag +58 1; 
ttag +59 1; 
ttag +60 3; 
ttag +61 4; 
ttag +62 1; 
ttag +63 1; 
ttag +64 1; 
ttag +65 8; 
ttag +66 5; 
ttag +67 9; 
ttag +68 11; 
ttag +69 3; 
ttag +70 4; 
ttag +71 3; 
ttag +72 7; 
ttag +73 8; 
ttag +74 6; 
ttag +75 1; 
ttag +76 1; 
ttag +77 6; 
ttag +78 7; 
ttag +79 2; 
ttag +80 8; 
ttag +81 3; 
ttag +82 2; 
ttag +83 3; 
ttag +84 3; 
ttag +85 4; 
ttag +86 5; 
ttag +87 1; 
ttag +88 3; 
ttag +89 5; 
ttag +90 7; 
ttag +91 3; 
ttag +92 1; 
ttag +93 1; 
tread
'Tree with tags' 
(0 (1 ((2 3 )(4 (5 (((6 7 )(8 (9 10 )))(11 ((12 13 )(((14 (18 (19 20 )))(15 (16 17 )))(21 ((22 (23 (24 25 )))(26 (27 (28 ((29 (30 31 ))((((32 (33 34 ))(35 (36 (37 (38 39 )))))(44 (45 (46 47 ))))(40 (41 (42 43 ))))))))))))))))))); 
ttag *!; 
ttag +0 ////; 
ttag +1 ////; 
ttag +2 ////; 
ttag +3 ////; 
ttag +4 ////; 
ttag +5 ////; 
ttag +6 ////; 
ttag +7 ////; 
ttag +8 ////; 
ttag +9 ////; 
ttag +10 ////; 
ttag +11 ////; 
ttag +12 ////; 
ttag +13 ////; 
ttag +14 ////; 
ttag +15 ////; 
ttag +16 ////; 
ttag +17 ////; 
ttag +18 ////; 
ttag +19 ////; 
ttag +20 ////; 
ttag +21 ////; 
ttag +22 ////; 
ttag +23 ////; 
ttag +24 ////; 
ttag +25 ////; 
ttag +26 ////; 
ttag +27 ////; 
ttag +28 ////; 
ttag +29 ////; 
ttag +30 ////; 
ttag +31 ////; 
ttag +32 ////; 
ttag +33 ////; 
ttag +34 ////; 
ttag +35 ////; 
ttag +36 ////; 
ttag +37 ////; 
ttag +38 ////; 
ttag +39 ////; 
ttag +40 ////; 
ttag +41 ////; 
ttag +42 ////; 
ttag +43 ////; 
ttag +44 ////; 
ttag +45 ////; 
ttag +46 ////; 
ttag +47 ////; 
ttag +48 ////; 
ttag +49 100/100/100/100/100; 
ttag +50 100/100/97/100/98; 
ttag +51 74/66/51/66/53; 
ttag +52 84/79/69/79/68; 
ttag +53 58/42/38/44/36; 
ttag +54 62/53/56/63/56; 
ttag +55 25/9/7/11/5; 
ttag +56 48/32/34/40/32; 
ttag +57 99/99/100/98/96; 
ttag +58 55/39/35/42/28; 
ttag +59 40/29/25/36/22; 
ttag +60 65/59/43/54/51; 
ttag +61 75/73/58/78/51; 
ttag +62 20/2/5/7/6; 
ttag +63 5/[18]/?/?/?; 
ttag +64 31/20/12/19/4; 
ttag +65 87/84/70/90/68; 
ttag +66 74/60/55/78/41; 
ttag +67 100/100/95/99/95; 
ttag +68 100/100/100/100/100; 
ttag +69 39/20/16/35/16; 
ttag +70 73/64/52/68/53; 
ttag +71 57/50/40/50/30; 
ttag +72 99/98/92/98/95; 
ttag +73 99/99/97/99/96; 
ttag +74 87/86/78/92/78; 
ttag +75 23/[8]/?/?/?; 
ttag +76 50/38/26/39/26; 
ttag +77 32/[2]/9/?/?; 
ttag +78 89/87/79/89/70; 
ttag +79 98/98/97/98/96; 
ttag +80 46/32/8/34/28; 
ttag +81 90/88/86/97/85; 
ttag +82 65/56/45/61/51; 
ttag +83 44/18/6/21/7; 
ttag +84 70/63/49/71/52; 
ttag +85 90/88/78/91/78; 
ttag +86 84/78/61/85/63; 
ttag +87 86/82/67/85/68; 
ttag +88 45/22/12/32/18; 
ttag +89 77/69/68/73/60; 
ttag +90 88/81/81/79/75; 
ttag +91 100/100/98/99/97; 
ttag +92 73/68/55/72/60; 
ttag +93 33/8/?/7/0; 
ttag +94 25/0/?/0/?; 
