tread
'Tree with tags' 
(0 (1 ((2 3 )(4 5 11 (6 7 )(8 (9 10 ))(12 13 )(14 21 ((15 (16 17 ))(18 (19 20 ))(22 (23 (24 25 )))((26 27 )(28 (((29 (32 33 (34 (35 (36 (37 38 39 ))))))(30 31 ))(46 (47 (44 45 ))))))(41 (40 (42 43 ))))))))); 
ttag *!; 
ttag +49 ???; 
ttag +50 4; 
ttag +51 6; 
ttag +52 7; 
ttag +53 1; 
ttag +54 5; 
ttag +55 3; 
ttag +56 3; 
ttag +57 4; 
ttag +58 3; 
ttag +59 1; 
ttag +60 2; 
ttag +61 2; 
ttag +62 6; 
ttag +63 3; 
ttag +64 3; 
ttag +65 11; 
ttag +66 1; 
ttag +67 1; 
ttag +68 1; 
ttag +69 3; 
ttag +70 4; 
ttag +71 1; 
ttag +72 6; 
ttag +73 6; 
ttag +74 1; 
ttag +75 8; 
ttag +76 2; 
ttag +77 7; 
ttag +78 1; 
ttag +79 9; 
ttag +80 8; 
ttag +81 1; 
ttag +82 1; 
ttag +83 1; 
tread
'Tree with tags' 
(0 (1 ((2 3 )(4 (((5 ((11 (12 13 ))(21 (14 ((((15 (16 17 ))(((26 27 )(28 (((29 (33 (32 (34 (35 (36 (37 (38 39 ))))))))(30 31 ))(46 (47 (44 45 ))))))(41 (40 (42 43 )))))(18 (19 20 )))(22 (23 (24 25 ))))))))(8 (9 10 )))(6 7 )))))); 
ttag *!; 
ttag +0 ////; 
ttag +1 ////; 
ttag +2 ////; 
ttag +3 ////; 
ttag +4 ////; 
ttag +5 ////; 
ttag +6 ////; 
ttag +7 ////; 
ttag +8 ////; 
ttag +9 ////; 
ttag +10 ////; 
ttag +11 ////; 
ttag +12 ////; 
ttag +13 ////; 
ttag +14 ////; 
ttag +15 ////; 
ttag +16 ////; 
ttag +17 ////; 
ttag +18 ////; 
ttag +19 ////; 
ttag +20 ////; 
ttag +21 ////; 
ttag +22 ////; 
ttag +23 ////; 
ttag +24 ////; 
ttag +25 ////; 
ttag +26 ////; 
ttag +27 ////; 
ttag +28 ////; 
ttag +29 ////; 
ttag +30 ////; 
ttag +31 ////; 
ttag +32 ////; 
ttag +33 ////; 
ttag +34 ////; 
ttag +35 ////; 
ttag +36 ////; 
ttag +37 ////; 
ttag +38 ////; 
ttag +39 ////; 
ttag +40 ////; 
ttag +41 ////; 
ttag +42 ////; 
ttag +43 ////; 
ttag +44 ////; 
ttag +45 ////; 
ttag +46 ////; 
ttag +47 ////; 
ttag +48 ////; 
ttag +49 100/100/100/100/100; 
ttag +50 96/96/89/94/90; 
ttag +51 98/98/96/99/96; 
ttag +52 98/98/91/97/88; 
ttag +53 21/3/?/2/?; 
ttag +54 22/4/?/2/?; 
ttag +55 24/6/?/6/?; 
ttag +56 80/72/69/62/54; 
ttag +57 99/99/98/99/95; 
ttag +58 96/96/96/95/92; 
ttag +59 39/23/26/30/24; 
ttag +60 19/1/?/?/?; 
ttag +61 90/89/84/90/82; 
ttag +62 26/14/14/12/18; 
ttag +63 80/78/63/83/64; 
ttag +64 92/90/86/94/92; 
ttag +65 23/2/?/?/?; 
ttag +66 4/[20]/?/?/?; 
ttag +67 31/12/4/8/18; 
ttag +68 76/68/67/76/68; 
ttag +69 83/79/79/91/73; 
ttag +70 99/99/98/100/96; 
ttag +71 93/90/84/91/84; 
ttag +72 91/88/80/89/80; 
ttag +73 100/100/100/100/98; 
ttag +74 62/49/47/48/49; 
ttag +75 36/0/?/7/6; 
ttag +76 67/58/50/52/47; 
ttag +77 27/[8]/?/?/?; 
ttag +78 55/31/24/47/19; 
ttag +79 68/65/46/62/45; 
ttag +80 15/[20]/?/?/?; 
ttag +81 94/93/93/96/86; 
ttag +82 12/[34]/?/?/?; 
ttag +83 80/74/65/77/66; 
ttag +84 48/24/13/25/5; 
ttag +85 98/98/94/98/96; 
ttag +86 82/78/69/70/62; 
ttag +87 97/96/89/93/90; 
ttag +88 38/[2]/?/?/?; 
ttag +89 31/[7]/?/?/0; 
ttag +90 99/99/95/100/98; 
ttag +91 99/99/97/99/98; 
ttag +92 55/43/43/44/50; 
ttag +93 11/[15]/?/?/?; 
ttag +94 56/39/38/46/44; 
