tread
'Tree with tags' 
(0 (1 ((2 3 )(4 (5 (((6 7 )(8 (9 10 )))(11 ((12 13 )(21 (14 (((15 (16 17 ))(18 (19 20 )))((28 ((22 23 )(24 25 )))((26 27 )(((29 (30 31 ))((40 (41 (42 43 )))(45 (44 (46 47 )))))(32 (35 ((33 34 )(37 (36 (38 39 )))))))))))))))))))); 
ttag *!; 
ttag +49 ???; 
ttag +50 8; 
ttag +51 4; 
ttag +52 8; 
ttag +53 2; 
ttag +54 4; 
ttag +55 4; 
ttag +56 4; 
ttag +57 12; 
ttag +58 3; 
ttag +59 1; 
ttag +60 1; 
ttag +61 1; 
ttag +62 1; 
ttag +63 1; 
ttag +64 7; 
ttag +65 1; 
ttag +66 1; 
ttag +67 1; 
ttag +68 2; 
ttag +69 6; 
ttag +70 2; 
ttag +71 7; 
ttag +72 1; 
ttag +73 1; 
ttag +74 7; 
ttag +75 1; 
ttag +76 1; 
ttag +77 6; 
ttag +78 1; 
ttag +79 3; 
ttag +80 3; 
ttag +81 6; 
ttag +82 10; 
ttag +83 1; 
ttag +84 3; 
ttag +85 1; 
ttag +86 4; 
ttag +87 1; 
ttag +88 3; 
ttag +89 4; 
ttag +90 3; 
ttag +91 6; 
ttag +92 4; 
ttag +93 3; 
ttag +94 2; 
tread
'Tree with tags' 
(0 (1 ((2 3 )(4 (5 (((6 7 )(8 (9 10 )))(11 ((12 13 )(21 (14 (((15 (16 17 ))(18 (19 20 )))((28 ((22 23 )(24 25 )))((26 27 )(((29 (30 31 ))((40 (41 (42 43 )))(45 (44 (46 47 )))))(32 (35 ((33 34 )(37 (36 (38 39 )))))))))))))))))))); 
ttag *!; 
ttag +0 ////; 
ttag +1 ////; 
ttag +2 ////; 
ttag +3 ////; 
ttag +4 ////; 
ttag +5 ////; 
ttag +6 ////; 
ttag +7 ////; 
ttag +8 ////; 
ttag +9 ////; 
ttag +10 ////; 
ttag +11 ////; 
ttag +12 ////; 
ttag +13 ////; 
ttag +14 ////; 
ttag +15 ////; 
ttag +16 ////; 
ttag +17 ////; 
ttag +18 ////; 
ttag +19 ////; 
ttag +20 ////; 
ttag +21 ////; 
ttag +22 ////; 
ttag +23 ////; 
ttag +24 ////; 
ttag +25 ////; 
ttag +26 ////; 
ttag +27 ////; 
ttag +28 ////; 
ttag +29 ////; 
ttag +30 ////; 
ttag +31 ////; 
ttag +32 ////; 
ttag +33 ////; 
ttag +34 ////; 
ttag +35 ////; 
ttag +36 ////; 
ttag +37 ////; 
ttag +38 ////; 
ttag +39 ////; 
ttag +40 ////; 
ttag +41 ////; 
ttag +42 ////; 
ttag +43 ////; 
ttag +44 ////; 
ttag +45 ////; 
ttag +46 ////; 
ttag +47 ////; 
ttag +48 ////; 
ttag +49 100/100/100/100/100; 
ttag +50 99/99/95/100/95; 
ttag +51 83/74/58/81/55; 
ttag +52 90/86/71/90/74; 
ttag +53 60/49/27/59/29; 
ttag +54 96/94/84/95/89; 
ttag +55 94/94/87/94/90; 
ttag +56 72/64/45/67/46; 
ttag +57 100/100/99/99/99; 
ttag +58 93/90/79/89/86; 
ttag +59 32/24/15/26/14; 
ttag +60 24/1/?/8/?; 
ttag +61 53/44/30/48/29; 
ttag +62 24/12/5/14/10; 
ttag +63 32/21/13/20/10; 
ttag +64 98/98/90/97/86; 
ttag +65 48/36/29/39/29; 
ttag +66 14/1/0/3/3; 
ttag +67 52/40/20/41/20; 
ttag +68 72/58/61/55/56; 
ttag +69 99/99/98/100/96; 
ttag +70 60/43/44/54/33; 
ttag +71 95/94/92/96/87; 
ttag +72 11/[20]/?/?/?; 
ttag +73 69/58/47/60/51; 
ttag +74 99/99/99/99/99; 
ttag +75 41/14/23/5/22; 
ttag +76 25/[4]/?/?/3; 
ttag +77 99/99/94/98/93; 
ttag +78 27/3/?/8/?; 
ttag +79 63/52/47/57/43; 
ttag +80 90/88/80/88/75; 
ttag +81 94/93/83/92/76; 
ttag +82 99/99/98/99/92; 
ttag +83 47/10/?/10/?; 
ttag +84 78/71/58/78/57; 
ttag +85 44/26/15/29/12; 
ttag +86 89/86/79/87/85; 
ttag +87 38/28/13/31/18; 
ttag +88 85/79/67/78/74; 
ttag +89 91/90/78/92/79; 
ttag +90 73/67/56/66/60; 
ttag +91 98/98/97/99/95; 
ttag +92 75/72/51/76/52; 
ttag +93 82/79/62/82/68; 
ttag +94 69/66/47/70/47; 
