tread
'Tree with tags' 
(0 (1 ((2 3 )(4 5 (6 7 (8 (9 10 )))(11 ((12 13 )((14 (22 (23 (24 25 ))))(21 (26 (27 (28 (((29 (30 31 ))(33 (34 (32 (35 (36 (37 38 39 )))))))((40 (41 (42 43 )))(46 (44 45 47 )))))))))((17 (15 16 ))(18 (19 20 ))))))))); 
ttag *!; 
ttag +49 ???; 
ttag +50 3; 
ttag +51 8; 
ttag +52 1; 
ttag +53 1; 
ttag +54 12; 
ttag +55 2; 
ttag +56 1; 
ttag +57 4; 
ttag +58 1; 
ttag +59 1; 
ttag +60 1; 
ttag +61 1; 
ttag +62 11; 
ttag +63 1; 
ttag +64 3; 
ttag +65 4; 
ttag +66 1; 
ttag +67 7; 
ttag +68 6; 
ttag +69 7; 
ttag +70 4; 
ttag +71 5; 
ttag +72 1; 
ttag +73 6; 
ttag +74 1; 
ttag +75 2; 
ttag +76 3; 
ttag +77 5; 
ttag +78 1; 
ttag +79 7; 
ttag +80 4; 
ttag +81 4; 
ttag +82 5; 
ttag +83 3; 
ttag +84 3; 
ttag +85 1; 
ttag +86 11; 
ttag +87 1; 
ttag +88 5; 
tread
'Tree with tags' 
(0 (1 ((2 3 )((5 (4 (11 (((12 13 )((17 (15 16 ))(18 (19 20 ))))((14 (22 (23 (24 25 ))))(21 (26 (27 (28 (((29 (30 31 ))(33 (34 (32 (35 (36 (38 (37 39 ))))))))((40 (41 (42 43 )))(46 (47 (44 45 ))))))))))))))(6 (7 (8 (9 10 )))))))); 
ttag *!; 
ttag +0 ////; 
ttag +1 ////; 
ttag +2 ////; 
ttag +3 ////; 
ttag +4 ////; 
ttag +5 ////; 
ttag +6 ////; 
ttag +7 ////; 
ttag +8 ////; 
ttag +9 ////; 
ttag +10 ////; 
ttag +11 ////; 
ttag +12 ////; 
ttag +13 ////; 
ttag +14 ////; 
ttag +15 ////; 
ttag +16 ////; 
ttag +17 ////; 
ttag +18 ////; 
ttag +19 ////; 
ttag +20 ////; 
ttag +21 ////; 
ttag +22 ////; 
ttag +23 ////; 
ttag +24 ////; 
ttag +25 ////; 
ttag +26 ////; 
ttag +27 ////; 
ttag +28 ////; 
ttag +29 ////; 
ttag +30 ////; 
ttag +31 ////; 
ttag +32 ////; 
ttag +33 ////; 
ttag +34 ////; 
ttag +35 ////; 
ttag +36 ////; 
ttag +37 ////; 
ttag +38 ////; 
ttag +39 ////; 
ttag +40 ////; 
ttag +41 ////; 
ttag +42 ////; 
ttag +43 ////; 
ttag +44 ////; 
ttag +45 ////; 
ttag +46 ////; 
ttag +47 ////; 
ttag +48 ////; 
ttag +49 100/100/100/100/100; 
ttag +50 92/88/88/94/89; 
ttag +51 100/100/97/100/97; 
ttag +52 8/[8]/?/?/?; 
ttag +53 4/[14]/?/?/?; 
ttag +54 61/53/44/61/48; 
ttag +55 48/33/24/36/29; 
ttag +56 13/[12]/?/?/?; 
ttag +57 100/100/100/100/100; 
ttag +58 75/62/50/66/55; 
ttag +59 31/25/11/18/8; 
ttag +60 78/72/55/67/46; 
ttag +61 4/[18]/?/?/?; 
ttag +62 30/23/11/25/16; 
ttag +63 18/[2]/0/?/?; 
ttag +64 11/[8]/?/?/?; 
ttag +65 50/27/20/28/26; 
ttag +66 100/100/98/100/100; 
ttag +67 56/52/46/53/45; 
ttag +68 86/82/69/86/73; 
ttag +69 98/97/96/98/97; 
ttag +70 18/[1]/?/?/?; 
ttag +71 96/94/91/98/88; 
ttag +72 96/94/92/95/92; 
ttag +73 98/98/96/99/98; 
ttag +74 85/80/74/86/75; 
ttag +75 80/75/67/85/67; 
ttag +76 58/49/44/54/41; 
ttag +77 96/96/92/96/88; 
ttag +78 26/6/9/10/4; 
ttag +79 51/42/29/36/28; 
ttag +80 70/52/53/58/56; 
ttag +81 76/65/51/56/44; 
ttag +82 43/8/4/7/?; 
ttag +83 96/94/91/95/95; 
ttag +84 94/93/89/92/84; 
ttag +85 90/87/81/92/80; 
ttag +86 31/[5]/?/?/0; 
ttag +87 100/100/92/97/90; 
ttag +88 67/48/47/60/53; 
ttag +89 54/35/32/48/34; 
ttag +90 29/[18]/0/?/?; 
ttag +91 100/100/99/100/100; 
ttag +92 24/[2]/?/?/8; 
ttag +93 36/21/29/18/25; 
ttag +94 94/93/94/93/88; 
