tread
'Tree with tags' 
(0 (1 ((2 3 )(4 (5 (((6 7 )(8 (9 10 )))((11 ((14 (21 ((22 (23 (24 25 )))(26 (27 (28 ((29 (30 31 ))(((34 (33 (32 (35 (36 (37 (38 39 )))))))(46 (44 (45 47 ))))(40 41 (42 43 ))))))))))((15 (16 17 ))(18 (19 20 )))))(12 13 )))))))); 
ttag *!; 
ttag +49 ???; 
ttag +50 2; 
ttag +51 4; 
ttag +52 2; 
ttag +53 3; 
ttag +54 2; 
ttag +55 3; 
ttag +56 5; 
ttag +57 9; 
ttag +58 1; 
ttag +59 1; 
ttag +60 5; 
ttag +61 2; 
ttag +62 1; 
ttag +63 4; 
ttag +64 6; 
ttag +65 1; 
ttag +66 1; 
ttag +67 4; 
ttag +68 7; 
ttag +69 1; 
ttag +70 9; 
ttag +71 1; 
ttag +72 9; 
ttag +73 4; 
ttag +74 7; 
ttag +75 1; 
ttag +76 4; 
ttag +77 5; 
ttag +78 3; 
ttag +79 6; 
ttag +80 1; 
ttag +81 1; 
ttag +82 7; 
ttag +83 1; 
ttag +84 1; 
ttag +85 1; 
ttag +86 6; 
ttag +87 5; 
ttag +88 4; 
ttag +89 6; 
ttag +90 2; 
ttag +91 1; 
ttag +92 4; 
ttag +93 1; 
tread
'Tree with tags' 
(0 (1 ((2 3 )(4 (5 (((6 7 )(8 (9 10 )))((11 ((14 (21 ((22 (23 (24 25 )))(26 (27 (28 ((29 (30 31 ))(((34 (33 (32 (35 (36 (37 (38 39 )))))))(46 (44 (45 47 ))))((40 41 )(42 43 ))))))))))((15 (16 17 ))(18 (19 20 )))))(12 13 )))))))); 
ttag *!; 
ttag +0 ////; 
ttag +1 ////; 
ttag +2 ////; 
ttag +3 ////; 
ttag +4 ////; 
ttag +5 ////; 
ttag +6 ////; 
ttag +7 ////; 
ttag +8 ////; 
ttag +9 ////; 
ttag +10 ////; 
ttag +11 ////; 
ttag +12 ////; 
ttag +13 ////; 
ttag +14 ////; 
ttag +15 ////; 
ttag +16 ////; 
ttag +17 ////; 
ttag +18 ////; 
ttag +19 ////; 
ttag +20 ////; 
ttag +21 ////; 
ttag +22 ////; 
ttag +23 ////; 
ttag +24 ////; 
ttag +25 ////; 
ttag +26 ////; 
ttag +27 ////; 
ttag +28 ////; 
ttag +29 ////; 
ttag +30 ////; 
ttag +31 ////; 
ttag +32 ////; 
ttag +33 ////; 
ttag +34 ////; 
ttag +35 ////; 
ttag +36 ////; 
ttag +37 ////; 
ttag +38 ////; 
ttag +39 ////; 
ttag +40 ////; 
ttag +41 ////; 
ttag +42 ////; 
ttag +43 ////; 
ttag +44 ////; 
ttag +45 ////; 
ttag +46 ////; 
ttag +47 ////; 
ttag +48 ////; 
ttag +49 100/100/100/100/100; 
ttag +50 79/70/73/70/65; 
ttag +51 96/95/90/94/88; 
ttag +52 70/62/39/63/49; 
ttag +53 94/93/88/92/87; 
ttag +54 72/56/52/56/49; 
ttag +55 74/58/52/56/50; 
ttag +56 98/97/93/96/92; 
ttag +57 100/100/99/99/99; 
ttag +58 63/50/52/53/50; 
ttag +59 18/[8]/?/?/?; 
ttag +60 94/94/84/94/86; 
ttag +61 68/56/53/52/47; 
ttag +62 28/17/14/8/6; 
ttag +63 84/82/74/88/73; 
ttag +64 98/98/90/98/94; 
ttag +65 66/60/49/67/55; 
ttag +66 67/57/48/52/44; 
ttag +67 92/89/75/86/80; 
ttag +68 98/98/94/96/95; 
ttag +69 47/25/20/15/16; 
ttag +70 97/96/95/99/94; 
ttag +71 39/[6]/?/?/?; 
ttag +72 99/98/98/99/100; 
ttag +73 88/86/84/93/86; 
ttag +74 98/98/94/98/93; 
ttag +75 49/28/24/27/12; 
ttag +76 88/87/77/87/77; 
ttag +77 96/96/87/98/89; 
ttag +78 68/59/50/72/49; 
ttag +79 99/99/100/99/97; 
ttag +80 38/14/10/20/15; 
ttag +81 44/20/14/30/19; 
ttag +82 87/85/77/97/78; 
ttag +83 47/20/6/34/0; 
ttag +84 70/67/54/71/49; 
ttag +85 28/13/6/12/9; 
ttag +86 99/99/92/96/91; 
ttag +87 92/89/79/94/86; 
ttag +88 96/94/87/93/86; 
ttag +89 36/[17]/?/?/?; 
ttag +90 99/98/98/99/98; 
ttag +91 78/76/61/74/63; 
ttag +92 36/5/6/11/11; 
ttag +93 88/87/81/94/85; 
ttag +94 30/1/?/4/3; 
