tread
'Tree with tags' 
(0 (1 ((2 3 )(4 ((5 (11 (12 ((13 21 ((22 (23 (24 25 )))(26 27 28 (((29 (30 31 ))(32 33 34 35 (36 (37 38 39 ))))(44 45 46 47 (40 (41 (42 43 ))))))))(14 18 (15 (16 17 ))(19 20 ))))))((6 7 )(8 (9 10 )))))))); 
ttag *!; 
ttag +49 ???; 
ttag +50 7; 
ttag +51 7; 
ttag +52 2; 
ttag +53 1; 
ttag +54 3; 
ttag +55 2; 
ttag +56 3; 
ttag +57 3; 
ttag +58 2; 
ttag +59 2; 
ttag +60 1; 
ttag +61 1; 
ttag +62 1; 
ttag +63 2; 
ttag +64 4; 
ttag +65 2; 
ttag +66 10; 
ttag +67 3; 
ttag +68 5; 
ttag +69 7; 
ttag +70 6; 
ttag +71 3; 
ttag +72 2; 
ttag +73 1; 
ttag +74 6; 
ttag +75 2; 
ttag +76 6; 
ttag +77 4; 
ttag +78 6; 
ttag +79 5; 
ttag +80 3; 
ttag +81 1; 
ttag +82 3; 
tread
'Tree with tags' 
(0 (1 ((2 3 )(4 ((5 (11 (12 (((13 21 )((22 (23 (24 25 )))(26 (27 (28 (((29 (30 31 ))(34 (33 (32 (35 (36 (37 (38 39 ))))))))(46 (45 (44 (47 (40 (41 (42 43 )))))))))))))((14 (15 (16 17 )))(18 (19 20 )))))))((6 7 )(8 (9 10 )))))))); 
ttag *!; 
ttag +0 ////; 
ttag +1 ////; 
ttag +2 ////; 
ttag +3 ////; 
ttag +4 ////; 
ttag +5 ////; 
ttag +6 ////; 
ttag +7 ////; 
ttag +8 ////; 
ttag +9 ////; 
ttag +10 ////; 
ttag +11 ////; 
ttag +12 ////; 
ttag +13 ////; 
ttag +14 ////; 
ttag +15 ////; 
ttag +16 ////; 
ttag +17 ////; 
ttag +18 ////; 
ttag +19 ////; 
ttag +20 ////; 
ttag +21 ////; 
ttag +22 ////; 
ttag +23 ////; 
ttag +24 ////; 
ttag +25 ////; 
ttag +26 ////; 
ttag +27 ////; 
ttag +28 ////; 
ttag +29 ////; 
ttag +30 ////; 
ttag +31 ////; 
ttag +32 ////; 
ttag +33 ////; 
ttag +34 ////; 
ttag +35 ////; 
ttag +36 ////; 
ttag +37 ////; 
ttag +38 ////; 
ttag +39 ////; 
ttag +40 ////; 
ttag +41 ////; 
ttag +42 ////; 
ttag +43 ////; 
ttag +44 ////; 
ttag +45 ////; 
ttag +46 ////; 
ttag +47 ////; 
ttag +48 ////; 
ttag +49 100/100/100/100/100; 
ttag +50 100/100/100/100/98; 
ttag +51 96/94/90/99/85; 
ttag +52 57/45/30/44/30; 
ttag +53 26/7/0/12/4; 
ttag +54 64/52/35/49/33; 
ttag +55 78/77/74/78/73; 
ttag +56 82/79/66/79/66; 
ttag +57 85/80/74/82/82; 
ttag +58 75/69/59/72/66; 
ttag +59 50/39/15/29/23; 
ttag +60 47/34/23/36/22; 
ttag +61 8/[17]/?/?/?; 
ttag +62 22/[2]/?/8/4; 
ttag +63 8/[16]/?/?/?; 
ttag +64 11/[62]/?/?/?; 
ttag +65 56/43/37/53/42; 
ttag +66 88/84/80/94/81; 
ttag +67 76/69/62/78/69; 
ttag +68 57/27/24/30/24; 
ttag +69 100/100/99/100/100; 
ttag +70 84/76/72/86/70; 
ttag +71 93/92/80/95/83; 
ttag +72 99/99/94/99/91; 
ttag +73 98/98/97/98/92; 
ttag +74 72/62/53/66/54; 
ttag +75 40/15/8/24/17; 
ttag +76 28/3/?/3/6; 
ttag +77 83/78/69/76/70; 
ttag +78 47/20/2/9/?; 
ttag +79 98/98/92/97/88; 
ttag +80 82/73/64/82/72; 
ttag +81 20/2/6/6/?; 
ttag +82 34/[7]/?/?/?; 
ttag +83 92/90/83/93/82; 
ttag +84 53/40/36/40/42; 
ttag +85 98/98/94/95/92; 
ttag +86 99/99/98/99/96; 
ttag +87 35/[2]/?/?/?; 
ttag +88 91/87/76/86/83; 
ttag +89 23/[12]/?/?/?; 
ttag +90 21/[14]/?/?/?; 
ttag +91 44/8/?/?/?; 
ttag +92 71/63/53/52/47; 
ttag +93 65/54/35/54/40; 
ttag +94 90/87/72/85/74; 
