tread
'Tree with tags' 
(0 ((1 (2 3 ))(4 (5 ((6 11 )((7 (8 (9 10 )))((12 13 )((14 ((16 (15 17 ))(18 (19 20 ))))(21 ((22 (23 (24 25 )))(26 (27 (28 ((29 (30 31 ))(((32 (35 (36 (37 (38 39 )))))(33 34 ))((40 (41 (42 43 )))(44 45 (46 47 )))))))))))))))))); 
ttag *!; 
ttag +49 1; 
ttag +50 ???; 
ttag +51 5; 
ttag +52 9; 
ttag +53 2; 
ttag +54 1; 
ttag +55 2; 
ttag +56 1; 
ttag +57 1; 
ttag +58 12; 
ttag +59 1; 
ttag +60 1; 
ttag +61 1; 
ttag +62 2; 
ttag +63 1; 
ttag +64 1; 
ttag +65 3; 
ttag +66 2; 
ttag +67 8; 
ttag +68 5; 
ttag +69 2; 
ttag +70 7; 
ttag +71 4; 
ttag +72 9; 
ttag +73 4; 
ttag +74 4; 
ttag +75 5; 
ttag +76 2; 
ttag +77 5; 
ttag +78 2; 
ttag +79 4; 
ttag +80 1; 
ttag +81 7; 
ttag +82 1; 
ttag +83 2; 
ttag +84 4; 
ttag +85 5; 
ttag +86 4; 
ttag +87 1; 
ttag +88 4; 
ttag +89 1; 
ttag +90 2; 
ttag +91 8; 
ttag +92 3; 
ttag +93 1; 
tread
'Tree with tags' 
(0 ((1 (2 3 ))(4 (5 ((6 11 )((7 (8 (9 10 )))((12 13 )((14 ((16 (15 17 ))(18 (19 20 ))))(21 ((22 (23 (24 25 )))(26 (27 (28 ((29 (30 31 ))(((32 (35 (36 (37 (38 39 )))))(33 34 ))((40 (41 (42 43 )))((44 45 )(46 47 )))))))))))))))))); 
ttag *!; 
ttag +0 ////; 
ttag +1 ////; 
ttag +2 ////; 
ttag +3 ////; 
ttag +4 ////; 
ttag +5 ////; 
ttag +6 ////; 
ttag +7 ////; 
ttag +8 ////; 
ttag +9 ////; 
ttag +10 ////; 
ttag +11 ////; 
ttag +12 ////; 
ttag +13 ////; 
ttag +14 ////; 
ttag +15 ////; 
ttag +16 ////; 
ttag +17 ////; 
ttag +18 ////; 
ttag +19 ////; 
ttag +20 ////; 
ttag +21 ////; 
ttag +22 ////; 
ttag +23 ////; 
ttag +24 ////; 
ttag +25 ////; 
ttag +26 ////; 
ttag +27 ////; 
ttag +28 ////; 
ttag +29 ////; 
ttag +30 ////; 
ttag +31 ////; 
ttag +32 ////; 
ttag +33 ////; 
ttag +34 ////; 
ttag +35 ////; 
ttag +36 ////; 
ttag +37 ////; 
ttag +38 ////; 
ttag +39 ////; 
ttag +40 ////; 
ttag +41 ////; 
ttag +42 ////; 
ttag +43 ////; 
ttag +44 ////; 
ttag +45 ////; 
ttag +46 ////; 
ttag +47 ////; 
ttag +48 ////; 
ttag +49 64/62/56/66/54; 
ttag +50 100/100/100/100/100; 
ttag +51 97/96/92/96/91; 
ttag +52 100/100/98/99/99; 
ttag +53 35/25/14/25/15; 
ttag +54 16/[14]/?/?/?; 
ttag +55 35/27/14/36/16; 
ttag +56 28/[3]/?/7/1; 
ttag +57 14/[16]/?/?/?; 
ttag +58 100/100/99/100/99; 
ttag +59 53/36/32/42/30; 
ttag +60 44/28/27/23/22; 
ttag +61 42/34/26/41/27; 
ttag +62 41/31/35/45/31; 
ttag +63 46/36/31/48/37; 
ttag +64 42/18/12/20/20; 
ttag +65 90/86/83/87/82; 
ttag +66 68/58/53/61/44; 
ttag +67 98/98/96/99/97; 
ttag +68 97/97/93/98/96; 
ttag +69 55/45/36/51/36; 
ttag +70 96/95/94/97/95; 
ttag +71 94/92/89/93/89; 
ttag +72 100/100/99/100/100; 
ttag +73 95/94/90/93/92; 
ttag +74 94/93/81/92/87; 
ttag +75 88/87/70/88/76; 
ttag +76 75/71/53/72/59; 
ttag +77 90/87/84/94/83; 
ttag +78 32/3/6/6/0; 
ttag +79 92/91/81/90/84; 
ttag +80 32/19/15/25/20; 
ttag +81 99/98/96/98/96; 
ttag +82 40/27/13/39/23; 
ttag +83 62/42/30/31/28; 
ttag +84 78/70/68/78/73; 
ttag +85 86/82/65/80/61; 
ttag +86 74/63/48/70/47; 
ttag +87 58/47/41/43/30; 
ttag +88 94/93/88/95/88; 
ttag +89 60/40/30/48/38; 
ttag +90 55/22/17/10/13; 
ttag +91 100/100/96/99/97; 
ttag +92 14/[10]/?/?/?; 
ttag +93 66/51/49/42/42; 
ttag +94 17/[6]/?/?/?; 
