tread
'Tree with tags' 
(0 ((1 (4 ((5 (8 (9 10 )))(6 7 )(11 (((12 13 )(14 ((15 (16 17 ))(18 (19 20 )))))((21 (26 (27 (28 ((29 (30 31 ))((((32 (35 (36 (37 38 39 ))))(33 34 ))(40 (41 (42 43 ))))(46 (45 (44 47 )))))))))(22 (23 (24 25 )))))))))(2 3 ))); 
ttag *!; 
ttag +49 1; 
ttag +50 ???; 
ttag +51 2; 
ttag +52 6; 
ttag +53 1; 
ttag +54 4; 
ttag +55 3; 
ttag +56 7; 
ttag +57 2; 
ttag +58 3; 
ttag +59 2; 
ttag +60 1; 
ttag +61 4; 
ttag +62 1; 
ttag +63 6; 
ttag +64 3; 
ttag +65 3; 
ttag +66 7; 
ttag +67 6; 
ttag +68 2; 
ttag +69 3; 
ttag +70 3; 
ttag +71 7; 
ttag +72 6; 
ttag +73 3; 
ttag +74 1; 
ttag +75 3; 
ttag +76 5; 
ttag +77 2; 
ttag +78 7; 
ttag +79 1; 
ttag +80 6; 
ttag +81 1; 
ttag +82 3; 
ttag +83 1; 
ttag +84 3; 
ttag +85 1; 
ttag +86 5; 
ttag +87 6; 
ttag +88 3; 
ttag +89 6; 
ttag +90 1; 
ttag +91 1; 
ttag +92 3; 
tread
'Tree with tags' 
(0 ((1 (4 ((5 (8 (9 10 )))((6 7 )(11 (((12 13 )(14 ((15 (16 17 ))(18 (19 20 )))))((21 (26 (27 (28 ((29 (30 31 ))((((32 (35 (36 (39 (37 38 )))))(33 34 ))(40 (41 (42 43 ))))(46 (45 (44 47 )))))))))(22 (23 (24 25 ))))))))))(2 3 ))); 
ttag *!; 
ttag +0 ////; 
ttag +1 ////; 
ttag +2 ////; 
ttag +3 ////; 
ttag +4 ////; 
ttag +5 ////; 
ttag +6 ////; 
ttag +7 ////; 
ttag +8 ////; 
ttag +9 ////; 
ttag +10 ////; 
ttag +11 ////; 
ttag +12 ////; 
ttag +13 ////; 
ttag +14 ////; 
ttag +15 ////; 
ttag +16 ////; 
ttag +17 ////; 
ttag +18 ////; 
ttag +19 ////; 
ttag +20 ////; 
ttag +21 ////; 
ttag +22 ////; 
ttag +23 ////; 
ttag +24 ////; 
ttag +25 ////; 
ttag +26 ////; 
ttag +27 ////; 
ttag +28 ////; 
ttag +29 ////; 
ttag +30 ////; 
ttag +31 ////; 
ttag +32 ////; 
ttag +33 ////; 
ttag +34 ////; 
ttag +35 ////; 
ttag +36 ////; 
ttag +37 ////; 
ttag +38 ////; 
ttag +39 ////; 
ttag +40 ////; 
ttag +41 ////; 
ttag +42 ////; 
ttag +43 ////; 
ttag +44 ////; 
ttag +45 ////; 
ttag +46 ////; 
ttag +47 ////; 
ttag +48 ////; 
ttag +49 48/12/18/33/26; 
ttag +50 100/100/100/100/100; 
ttag +51 82/74/68/70/69; 
ttag +52 99/99/94/99/96; 
ttag +53 18/11/2/9/9; 
ttag +54 82/79/74/82/71; 
ttag +55 70/63/60/76/63; 
ttag +56 11/2/5/1/1; 
ttag +57 98/98/97/100/98; 
ttag +58 74/64/52/74/65; 
ttag +59 56/48/48/50/40; 
ttag +60 68/64/59/66/54; 
ttag +61 6/[13]/?/?/?; 
ttag +62 72/66/59/74/58; 
ttag +63 11/1/?/8/?; 
ttag +64 98/98/93/97/95; 
ttag +65 36/27/21/41/24; 
ttag +66 70/55/44/56/60; 
ttag +67 96/95/94/95/93; 
ttag +68 98/97/99/100/99; 
ttag +69 13/[3]/?/5/?; 
ttag +70 36/28/22/33/20; 
ttag +71 74/65/52/63/53; 
ttag +72 99/98/96/99/96; 
ttag +73 88/80/79/89/82; 
ttag +74 38/30/21/36/19; 
ttag +75 25/7/?/15/1; 
ttag +76 45/40/22/43/31; 
ttag +77 92/90/84/90/82; 
ttag +78 37/31/26/38/15; 
ttag +79 98/98/95/100/96; 
ttag +80 46/35/33/40/27; 
ttag +81 93/90/84/94/87; 
ttag +82 38/19/22/18/15; 
ttag +83 56/49/27/54/41; 
ttag +84 49/36/32/37/34; 
ttag +85 74/66/57/76/63; 
ttag +86 46/25/12/31/22; 
ttag +87 18/[8]/?/?/?; 
ttag +88 96/96/96/97/95; 
ttag +89 97/96/95/97/94; 
ttag +90 78/66/56/75/60; 
ttag +91 92/87/84/92/89; 
ttag +92 15/4/2/6/?; 
ttag +93 23/12/12/14/2; 
ttag +94 43/32/29/41/20; 
