tread
'Tree with tags' 
(0 (1 ((2 3 )((4 5 (11 (14 21 (12 13 )((15 (16 17 ))(18 (19 20 )))((22 (23 (24 25 )))(26 (27 (28 ((29 (30 31 ))(32 ((33 34 )(35 (36 (37 (38 39 ))))))((40 (41 (42 43 )))(44 45 (46 47 )))))))))))(7 (6 (10 (8 9 )))))))); 
ttag *!; 
ttag +49 ???; 
ttag +50 4; 
ttag +51 4; 
ttag +52 1; 
ttag +53 8; 
ttag +54 2; 
ttag +55 4; 
ttag +56 1; 
ttag +57 7; 
ttag +58 3; 
ttag +59 1; 
ttag +60 1; 
ttag +61 3; 
ttag +62 2; 
ttag +63 1; 
ttag +64 6; 
ttag +65 7; 
ttag +66 2; 
ttag +67 4; 
ttag +68 4; 
ttag +69 5; 
ttag +70 5; 
ttag +71 3; 
ttag +72 1; 
ttag +73 6; 
ttag +74 1; 
ttag +75 9; 
ttag +76 9; 
ttag +77 3; 
ttag +78 1; 
ttag +79 1; 
ttag +80 1; 
ttag +81 1; 
ttag +82 2; 
ttag +83 2; 
ttag +84 1; 
ttag +85 4; 
ttag +86 9; 
ttag +87 5; 
ttag +88 2; 
tread
'Tree with tags' 
(0 (1 ((2 3 )(((4 5 )(11 ((12 13 )(14 (((15 (16 17 ))(18 (19 20 )))(21 ((22 (23 (24 25 )))(26 (27 (28 (((29 (30 31 ))((40 (41 (42 43 )))(45 (44 (46 47 )))))(32 ((33 34 )(35 (36 (37 (38 39 )))))))))))))))))(7 (6 (10 (8 9 )))))))); 
ttag *!; 
ttag +0 ////; 
ttag +1 ////; 
ttag +2 ////; 
ttag +3 ////; 
ttag +4 ////; 
ttag +5 ////; 
ttag +6 ////; 
ttag +7 ////; 
ttag +8 ////; 
ttag +9 ////; 
ttag +10 ////; 
ttag +11 ////; 
ttag +12 ////; 
ttag +13 ////; 
ttag +14 ////; 
ttag +15 ////; 
ttag +16 ////; 
ttag +17 ////; 
ttag +18 ////; 
ttag +19 ////; 
ttag +20 ////; 
ttag +21 ////; 
ttag +22 ////; 
ttag +23 ////; 
ttag +24 ////; 
ttag +25 ////; 
ttag +26 ////; 
ttag +27 ////; 
ttag +28 ////; 
ttag +29 ////; 
ttag +30 ////; 
ttag +31 ////; 
ttag +32 ////; 
ttag +33 ////; 
ttag +34 ////; 
ttag +35 ////; 
ttag +36 ////; 
ttag +37 ////; 
ttag +38 ////; 
ttag +39 ////; 
ttag +40 ////; 
ttag +41 ////; 
ttag +42 ////; 
ttag +43 ////; 
ttag +44 ////; 
ttag +45 ////; 
ttag +46 ////; 
ttag +47 ////; 
ttag +48 ////; 
ttag +49 100/100/100/100/100; 
ttag +50 93/90/79/90/83; 
ttag +51 94/93/87/96/88; 
ttag +52 47/34/23/25/27; 
ttag +53 19/1/?/5/0; 
ttag +54 94/91/90/96/92; 
ttag +55 28/[19]/?/4/?; 
ttag +56 57/48/42/63/50; 
ttag +57 48/18/20/22/14; 
ttag +58 100/100/98/100/98; 
ttag +59 47/41/30/48/35; 
ttag +60 53/43/28/39/32; 
ttag +61 30/23/16/15/12; 
ttag +62 11/[6]/2/?/?; 
ttag +63 87/84/76/82/79; 
ttag +64 65/54/42/56/50; 
ttag +65 8/[31]/?/?/?; 
ttag +66 67/57/54/52/45; 
ttag +67 90/86/84/90/87; 
ttag +68 96/96/92/97/93; 
ttag +69 17/[23]/?/?/?; 
ttag +70 69/58/47/63/50; 
ttag +71 72/63/48/61/46; 
ttag +72 95/94/90/94/88; 
ttag +73 97/97/91/96/90; 
ttag +74 92/90/68/85/79; 
ttag +75 58/39/22/43/24; 
ttag +76 49/30/26/36/20; 
ttag +77 98/98/96/98/97; 
ttag +78 20/[4]/?/1/2; 
ttag +79 64/58/36/55/46; 
ttag +80 99/98/99/100/100; 
ttag +81 99/99/96/99/95; 
ttag +82 83/74/59/83/66; 
ttag +83 58/47/31/53/34; 
ttag +84 49/40/36/44/39; 
ttag +85 54/36/30/46/37; 
ttag +86 56/51/46/50/44; 
ttag +87 56/46/30/54/36; 
ttag +88 94/93/88/91/86; 
ttag +89 55/45/39/48/34; 
ttag +90 96/94/88/92/85; 
ttag +91 99/98/100/100/99; 
ttag +92 36/11/8/18/20; 
ttag +93 96/96/90/98/90; 
ttag +94 81/76/60/78/62; 
