tread
'Tree with tags' 
(0 (1 ((2 3 )(4 (5 6 7 (8 (9 10 ))(11 (12 13 )(14 (21 ((22 (23 (24 25 )))((26 27 )((28 (29 (30 31 )))(((32 ((33 34 )(35 (36 (39 (37 38 ))))))(40 (41 (42 43 ))))(47 (44 45 46 ))))))))(15 (16 17 ))(18 (19 20 )))))))); 
ttag *!; 
ttag +49 ???; 
ttag +50 2; 
ttag +51 7; 
ttag +52 5; 
ttag +53 1; 
ttag +54 6; 
ttag +55 3; 
ttag +56 1; 
ttag +57 1; 
ttag +58 1; 
ttag +59 6; 
ttag +60 2; 
ttag +61 2; 
ttag +62 4; 
ttag +63 1; 
ttag +64 5; 
ttag +65 4; 
ttag +66 4; 
ttag +67 9; 
ttag +68 4; 
ttag +69 1; 
ttag +70 1; 
ttag +71 4; 
ttag +72 3; 
ttag +73 1; 
ttag +74 5; 
ttag +75 2; 
ttag +76 2; 
ttag +77 2; 
ttag +78 6; 
ttag +79 4; 
ttag +80 2; 
ttag +81 1; 
ttag +82 2; 
ttag +83 3; 
ttag +84 3; 
ttag +85 8; 
ttag +86 2; 
ttag +87 7; 
tread
'Tree with tags' 
(0 (1 ((2 3 )(4 ((5 (11 (((12 13 )((15 (16 17 ))(18 (19 20 ))))(14 (21 ((22 (23 (24 25 )))((26 27 )((28 (29 (30 31 )))(((32 ((33 34 )(35 (36 (39 (37 38 ))))))(40 (41 (42 43 ))))(47 (44 (45 46 ))))))))))))((6 7 )(8 (9 10 )))))))); 
ttag *!; 
ttag +0 ////; 
ttag +1 ////; 
ttag +2 ////; 
ttag +3 ////; 
ttag +4 ////; 
ttag +5 ////; 
ttag +6 ////; 
ttag +7 ////; 
ttag +8 ////; 
ttag +9 ////; 
ttag +10 ////; 
ttag +11 ////; 
ttag +12 ////; 
ttag +13 ////; 
ttag +14 ////; 
ttag +15 ////; 
ttag +16 ////; 
ttag +17 ////; 
ttag +18 ////; 
ttag +19 ////; 
ttag +20 ////; 
ttag +21 ////; 
ttag +22 ////; 
ttag +23 ////; 
ttag +24 ////; 
ttag +25 ////; 
ttag +26 ////; 
ttag +27 ////; 
ttag +28 ////; 
ttag +29 ////; 
ttag +30 ////; 
ttag +31 ////; 
ttag +32 ////; 
ttag +33 ////; 
ttag +34 ////; 
ttag +35 ////; 
ttag +36 ////; 
ttag +37 ////; 
ttag +38 ////; 
ttag +39 ////; 
ttag +40 ////; 
ttag +41 ////; 
ttag +42 ////; 
ttag +43 ////; 
ttag +44 ////; 
ttag +45 ////; 
ttag +46 ////; 
ttag +47 ////; 
ttag +48 ////; 
ttag +49 100/100/100/100/100; 
ttag +50 80/76/67/82/67; 
ttag +51 99/98/97/99/94; 
ttag +52 95/94/86/96/82; 
ttag +53 5/[26]/?/?/?; 
ttag +54 41/27/24/34/10; 
ttag +55 33/8/2/16/10; 
ttag +56 41/30/25/32/30; 
ttag +57 99/99/98/99/95; 
ttag +58 94/91/78/90/82; 
ttag +59 54/49/38/52/35; 
ttag +60 66/62/48/64/57; 
ttag +61 2/[9]/?/?/?; 
ttag +62 23/13/6/15/12; 
ttag +63 24/12/5/21/1; 
ttag +64 93/91/83/94/86; 
ttag +65 12/0/1/5/8; 
ttag +66 91/89/78/86/81; 
ttag +67 87/84/82/86/82; 
ttag +68 99/99/98/98/95; 
ttag +69 50/45/24/44/27; 
ttag +70 79/75/68/80/68; 
ttag +71 72/68/48/66/47; 
ttag +72 89/86/68/86/74; 
ttag +73 100/100/98/100/97; 
ttag +74 86/86/77/80/81; 
ttag +75 39/24/16/29/26; 
ttag +76 10/[6]/?/1/?; 
ttag +77 55/46/24/54/32; 
ttag +78 55/49/45/49/38; 
ttag +79 60/40/31/44/34; 
ttag +80 89/86/74/89/80; 
ttag +81 32/16/14/22/11; 
ttag +82 24/7/6/16/5; 
ttag +83 84/80/68/74/68; 
ttag +84 94/93/92/97/95; 
ttag +85 72/64/54/66/51; 
ttag +86 74/70/60/74/63; 
ttag +87 60/44/48/41/46; 
ttag +88 77/68/53/71/60; 
ttag +89 78/73/61/76/64; 
ttag +90 78/68/49/72/51; 
ttag +91 99/99/96/99/96; 
ttag +92 54/38/26/42/31; 
ttag +93 97/97/92/98/91; 
ttag +94 17/[2]/?/2/?; 
