tread
'Tree with tags' 
(0 (1 ((2 3 )(4 ((5 11 )(7 (6 (8 (9 10 )))((12 13 )((14 ((15 (16 17 ))(18 (19 20 ))))(21 ((22 (23 (24 25 )))(26 (27 ((28 (29 (30 31 )))((32 ((33 34 )(35 (36 (38 (37 39 ))))))((40 41 (42 43 ))(44 46 (45 47 ))))))))))))))))); 
ttag *!; 
ttag +49 ???; 
ttag +50 3; 
ttag +51 5; 
ttag +52 1; 
ttag +53 1; 
ttag +54 3; 
ttag +55 2; 
ttag +56 1; 
ttag +57 11; 
ttag +58 1; 
ttag +59 2; 
ttag +60 1; 
ttag +61 4; 
ttag +62 2; 
ttag +63 5; 
ttag +64 4; 
ttag +65 2; 
ttag +66 3; 
ttag +67 13; 
ttag +68 2; 
ttag +69 4; 
ttag +70 4; 
ttag +71 2; 
ttag +72 6; 
ttag +73 4; 
ttag +74 4; 
ttag +75 1; 
ttag +76 2; 
ttag +77 3; 
ttag +78 6; 
ttag +79 10; 
ttag +80 1; 
ttag +81 4; 
ttag +82 1; 
ttag +83 1; 
ttag +84 5; 
ttag +85 1; 
ttag +86 4; 
ttag +87 2; 
ttag +88 1; 
ttag +89 5; 
ttag +90 2; 
ttag +91 2; 
tread
'Tree with tags' 
(0 (1 ((2 3 )(4 ((5 11 )((6 (8 (9 10 )))(7 ((12 13 )((14 ((15 (16 17 ))(18 (19 20 ))))(21 ((22 (23 (24 25 )))(26 (27 ((28 (29 (30 31 )))((32 ((33 34 )(35 (36 (38 (37 39 ))))))((40 (41 (42 43 )))(46 (44 (45 47 ))))))))))))))))))); 
ttag *!; 
ttag +0 ////; 
ttag +1 ////; 
ttag +2 ////; 
ttag +3 ////; 
ttag +4 ////; 
ttag +5 ////; 
ttag +6 ////; 
ttag +7 ////; 
ttag +8 ////; 
ttag +9 ////; 
ttag +10 ////; 
ttag +11 ////; 
ttag +12 ////; 
ttag +13 ////; 
ttag +14 ////; 
ttag +15 ////; 
ttag +16 ////; 
ttag +17 ////; 
ttag +18 ////; 
ttag +19 ////; 
ttag +20 ////; 
ttag +21 ////; 
ttag +22 ////; 
ttag +23 ////; 
ttag +24 ////; 
ttag +25 ////; 
ttag +26 ////; 
ttag +27 ////; 
ttag +28 ////; 
ttag +29 ////; 
ttag +30 ////; 
ttag +31 ////; 
ttag +32 ////; 
ttag +33 ////; 
ttag +34 ////; 
ttag +35 ////; 
ttag +36 ////; 
ttag +37 ////; 
ttag +38 ////; 
ttag +39 ////; 
ttag +40 ////; 
ttag +41 ////; 
ttag +42 ////; 
ttag +43 ////; 
ttag +44 ////; 
ttag +45 ////; 
ttag +46 ////; 
ttag +47 ////; 
ttag +48 ////; 
ttag +49 100/100/100/100/100; 
ttag +50 85/80/76/80/73; 
ttag +51 97/96/93/96/90; 
ttag +52 64/42/28/36/32; 
ttag +53 27/16/5/17/10; 
ttag +54 64/52/29/56/35; 
ttag +55 36/25/30/35/21; 
ttag +56 10/2/?/?/?; 
ttag +57 2/[8]/?/?/?; 
ttag +58 100/100/98/99/100; 
ttag +59 30/2/5/3/0; 
ttag +60 62/55/46/66/60; 
ttag +61 8/[8]/?/?/?; 
ttag +62 69/63/54/77/55; 
ttag +63 16/0/?/2/?; 
ttag +64 90/87/82/85/79; 
ttag +65 88/86/78/93/78; 
ttag +66 57/43/24/50/42; 
ttag +67 87/82/77/82/73; 
ttag +68 100/100/100/100/100; 
ttag +69 24/13/8/24/13; 
ttag +70 79/74/66/83/58; 
ttag +71 60/53/36/64/48; 
ttag +72 77/62/51/61/53; 
ttag +73 97/96/88/99/96; 
ttag +74 78/72/63/70/63; 
ttag +75 78/73/60/74/60; 
ttag +76 51/43/25/40/27; 
ttag +77 71/66/52/64/52; 
ttag +78 83/77/62/69/67; 
ttag +79 96/94/92/98/91; 
ttag +80 100/100/97/100/96; 
ttag +81 66/56/55/59/50; 
ttag +82 88/84/63/86/72; 
ttag +83 38/23/20/26/18; 
ttag +84 72/67/60/65/49; 
ttag +85 97/96/94/97/93; 
ttag +86 60/36/32/45/35; 
ttag +87 96/95/84/92/78; 
ttag +88 77/74/66/79/66; 
ttag +89 54/34/18/26/31; 
ttag +90 44/11/12/9/6; 
ttag +91 98/98/96/99/96; 
ttag +92 32/[3]/?/2/1; 
ttag +93 78/72/68/74/67; 
ttag +94 70/65/52/66/45; 
