tread
'Tree with tags' 
(0 (1 ((((4 (5 (2 3 )))(11 (14 ((12 13 )(21 (((15 (16 17 ))(18 (19 20 )))((22 (23 (24 25 )))(26 27 (28 (29 (30 31 ))(32 35 (33 34 )(36 (38 (37 39 ))))(40 (41 (42 43 )))(44 45 46 47 ))))))))))(6 7 ))(8 (9 10 ))))); 
ttag *!; 
ttag +49 ???; 
ttag +50 11; 
ttag +51 1; 
ttag +52 1; 
ttag +53 1; 
ttag +54 2; 
ttag +55 12; 
ttag +56 1; 
ttag +57 7; 
ttag +58 3; 
ttag +59 4; 
ttag +60 2; 
ttag +61 2; 
ttag +62 5; 
ttag +63 4; 
ttag +64 2; 
ttag +65 2; 
ttag +66 1; 
ttag +67 3; 
ttag +68 5; 
ttag +69 10; 
ttag +70 6; 
ttag +71 3; 
ttag +72 4; 
ttag +73 9; 
ttag +74 3; 
ttag +75 5; 
ttag +76 3; 
ttag +77 1; 
ttag +78 6; 
ttag +79 2; 
ttag +80 1; 
ttag +81 1; 
ttag +82 2; 
ttag +83 3; 
ttag +84 3; 
ttag +85 9; 
ttag +86 2; 
tread
'Tree with tags' 
(0 (1 ((((4 (5 (2 3 )))(11 (14 ((12 13 )(21 (((15 (16 17 ))(18 (19 20 )))((22 (23 (24 25 )))((26 27 )((28 (29 (30 31 )))((35 (32 ((33 34 )(36 (38 (37 39 ))))))((40 (41 (42 43 )))(44 (45 (46 47 ))))))))))))))(6 7 ))(8 (9 10 ))))); 
ttag *!; 
ttag +0 ////; 
ttag +1 ////; 
ttag +2 ////; 
ttag +3 ////; 
ttag +4 ////; 
ttag +5 ////; 
ttag +6 ////; 
ttag +7 ////; 
ttag +8 ////; 
ttag +9 ////; 
ttag +10 ////; 
ttag +11 ////; 
ttag +12 ////; 
ttag +13 ////; 
ttag +14 ////; 
ttag +15 ////; 
ttag +16 ////; 
ttag +17 ////; 
ttag +18 ////; 
ttag +19 ////; 
ttag +20 ////; 
ttag +21 ////; 
ttag +22 ////; 
ttag +23 ////; 
ttag +24 ////; 
ttag +25 ////; 
ttag +26 ////; 
ttag +27 ////; 
ttag +28 ////; 
ttag +29 ////; 
ttag +30 ////; 
ttag +31 ////; 
ttag +32 ////; 
ttag +33 ////; 
ttag +34 ////; 
ttag +35 ////; 
ttag +36 ////; 
ttag +37 ////; 
ttag +38 ////; 
ttag +39 ////; 
ttag +40 ////; 
ttag +41 ////; 
ttag +42 ////; 
ttag +43 ////; 
ttag +44 ////; 
ttag +45 ////; 
ttag +46 ////; 
ttag +47 ////; 
ttag +48 ////; 
ttag +49 100/100/100/100/100; 
ttag +50 99/99/99/99/99; 
ttag +51 39/16/16/12/12; 
ttag +52 26/[4]/0/?/?; 
ttag +53 7/[23]/?/?/?; 
ttag +54 18/[4]/?/?/?; 
ttag +55 100/100/98/100/100; 
ttag +56 22/[8]/?/?/?; 
ttag +57 99/99/97/99/96; 
ttag +58 90/86/88/91/83; 
ttag +59 32/8/7/12/5; 
ttag +60 70/62/45/67/46; 
ttag +61 12/4/?/12/?; 
ttag +62 48/38/33/52/30; 
ttag +63 63/53/48/63/38; 
ttag +64 24/11/8/20/8; 
ttag +65 17/11/3/16/7; 
ttag +66 7/0/?/3/?; 
ttag +67 73/64/50/73/55; 
ttag +68 91/90/86/94/87; 
ttag +69 100/100/99/100/100; 
ttag +70 93/92/85/92/85; 
ttag +71 47/38/31/42/37; 
ttag +72 83/74/60/78/63; 
ttag +73 100/100/94/98/95; 
ttag +74 16/[8]/1/?/4; 
ttag +75 39/28/21/38/12; 
ttag +76 17/[19]/?/?/?; 
ttag +77 63/52/46/64/34; 
ttag +78 91/90/86/92/86; 
ttag +79 61/38/42/54/25; 
ttag +80 2/[38]/?/?/?; 
ttag +81 97/96/88/98/90; 
ttag +82 32/[1]/?/?/?; 
ttag +83 79/74/64/83/61; 
ttag +84 11/[6]/?/?/?; 
ttag +85 62/49/47/58/46; 
ttag +86 71/70/66/70/72; 
ttag +87 61/45/38/58/44; 
ttag +88 86/82/76/89/72; 
ttag +89 47/38/30/35/34; 
ttag +90 85/78/56/79/66; 
ttag +91 100/100/99/99/100; 
ttag +92 70/67/55/70/62; 
ttag +93 6/[14]/?/?/?; 
ttag +94 30/10/6/8/2; 
