tread
'Tree with tags' 
(0 (1 ((2 3 )(4 (11 (7 (5 ((6 ((12 13 )(((14 (15 (16 17 )))(18 (19 20 )))(21 ((22 (23 (24 25 )))(28 (26 27 (44 45 46 47 (29 (30 31 ))((32 (33 34 ))(35 (36 (39 (37 38 )))))(40 (41 (42 43 )))))))))))(8 (9 10 )))))))))); 
ttag *!; 
ttag +49 ???; 
ttag +50 5; 
ttag +51 3; 
ttag +52 5; 
ttag +53 1; 
ttag +54 2; 
ttag +55 1; 
ttag +56 1; 
ttag +57 2; 
ttag +58 8; 
ttag +59 5; 
ttag +60 2; 
ttag +61 2; 
ttag +62 1; 
ttag +63 2; 
ttag +64 1; 
ttag +65 8; 
ttag +66 3; 
ttag +67 2; 
ttag +68 10; 
ttag +69 5; 
ttag +70 10; 
ttag +71 4; 
ttag +72 8; 
ttag +73 3; 
ttag +74 3; 
ttag +75 5; 
ttag +76 4; 
ttag +77 3; 
ttag +78 3; 
ttag +79 1; 
ttag +80 4; 
ttag +81 2; 
ttag +82 2; 
ttag +83 1; 
ttag +84 1; 
ttag +85 3; 
ttag +86 4; 
ttag +87 3; 
ttag +88 1; 
tread
'Tree with tags' 
(0 (1 ((2 3 )(4 (11 (7 (5 ((6 ((12 13 )(((14 (15 (16 17 )))(18 (19 20 )))(21 ((22 (23 (24 25 )))(28 ((26 27 )((((29 (30 31 ))(40 (41 (42 43 ))))((32 (33 34 ))(35 (36 (39 (37 38 ))))))(45 (44 (46 47 )))))))))))(8 (9 10 )))))))))); 
ttag *!; 
ttag +0 ////; 
ttag +1 ////; 
ttag +2 ////; 
ttag +3 ////; 
ttag +4 ////; 
ttag +5 ////; 
ttag +6 ////; 
ttag +7 ////; 
ttag +8 ////; 
ttag +9 ////; 
ttag +10 ////; 
ttag +11 ////; 
ttag +12 ////; 
ttag +13 ////; 
ttag +14 ////; 
ttag +15 ////; 
ttag +16 ////; 
ttag +17 ////; 
ttag +18 ////; 
ttag +19 ////; 
ttag +20 ////; 
ttag +21 ////; 
ttag +22 ////; 
ttag +23 ////; 
ttag +24 ////; 
ttag +25 ////; 
ttag +26 ////; 
ttag +27 ////; 
ttag +28 ////; 
ttag +29 ////; 
ttag +30 ////; 
ttag +31 ////; 
ttag +32 ////; 
ttag +33 ////; 
ttag +34 ////; 
ttag +35 ////; 
ttag +36 ////; 
ttag +37 ////; 
ttag +38 ////; 
ttag +39 ////; 
ttag +40 ////; 
ttag +41 ////; 
ttag +42 ////; 
ttag +43 ////; 
ttag +44 ////; 
ttag +45 ////; 
ttag +46 ////; 
ttag +47 ////; 
ttag +48 ////; 
ttag +49 100/100/100/100/100; 
ttag +50 94/91/87/89/86; 
ttag +51 69/60/60/63/62; 
ttag +52 78/69/64/74/60; 
ttag +53 4/[16]/?/?/?; 
ttag +54 13/[8]/?/?/?; 
ttag +55 14/[6]/?/?/?; 
ttag +56 0/[20]/?/?/?; 
ttag +57 2/[19]/?/?/?; 
ttag +58 99/99/98/99/96; 
ttag +59 89/86/87/92/85; 
ttag +60 30/21/12/18/13; 
ttag +61 18/[3]/?/5/?; 
ttag +62 7/[27]/?/?/?; 
ttag +63 25/8/9/15/6; 
ttag +64 5/[16]/?/?/?; 
ttag +65 96/95/91/96/93; 
ttag +66 46/21/20/11/25; 
ttag +67 32/13/20/18/30; 
ttag +68 100/100/100/100/100; 
ttag +69 42/20/28/28/14; 
ttag +70 98/97/91/98/90; 
ttag +71 39/14/14/16/10; 
ttag +72 97/96/96/99/96; 
ttag +73 74/55/40/55/50; 
ttag +74 14/[21]/?/?/?; 
ttag +75 38/2/?/?/?; 
ttag +76 96/96/88/96/86; 
ttag +77 89/86/75/92/78; 
ttag +78 20/[12]/?/?/?; 
ttag +79 12/[20]/?/?/?; 
ttag +80 80/75/64/75/64; 
ttag +81 86/81/79/88/79; 
ttag +82 40/21/22/30/24; 
ttag +83 94/93/73/92/75; 
ttag +84 85/82/74/85/74; 
ttag +85 71/65/58/72/51; 
ttag +86 44/18/17/12/13; 
ttag +87 57/46/40/47/36; 
ttag +88 78/74/60/77/57; 
ttag +89 90/88/82/90/79; 
ttag +90 81/78/65/80/62; 
ttag +91 78/68/54/71/62; 
ttag +92 15/[18]/?/?/?; 
ttag +93 26/12/3/11/14; 
ttag +94 22/[11]/?/?/?; 
