tread
'Tree with tags' 
(0 (1 ((2 3 )(4 (5 (6 7 (8 (9 10 ))(11 (12 13 )((14 ((18 (15 (16 17 )))(19 20 )))(21 (26 27 28 (22 (23 (24 25 )))(29 (30 31 ))(32 (33 34 )(35 (36 (37 38 39 ))))((46 (47 ((40 41 )(42 43 ))))(44 45 )))))))))))); 
ttag *!; 
ttag +49 ???; 
ttag +50 3; 
ttag +51 5; 
ttag +52 2; 
ttag +53 3; 
ttag +54 2; 
ttag +55 6; 
ttag +56 3; 
ttag +57 2; 
ttag +58 1; 
ttag +59 2; 
ttag +60 1; 
ttag +61 9; 
ttag +62 1; 
ttag +63 7; 
ttag +64 4; 
ttag +65 7; 
ttag +66 2; 
ttag +67 5; 
ttag +68 2; 
ttag +69 5; 
ttag +70 6; 
ttag +71 6; 
ttag +72 2; 
ttag +73 3; 
ttag +74 4; 
ttag +75 2; 
ttag +76 5; 
ttag +77 4; 
ttag +78 1; 
ttag +79 7; 
ttag +80 1; 
ttag +81 1; 
ttag +82 1; 
ttag +83 6; 
ttag +84 1; 
tread
'Tree with tags' 
(0 (1 ((2 3 )(4 (5 (7 ((6 (8 (9 10 )))(11 ((12 13 )((14 ((18 (15 (16 17 )))(19 20 )))(21 ((22 (23 (24 25 )))(26 (28 (27 (((29 (30 31 ))((46 (47 ((40 41 )(42 43 ))))(44 45 )))(32 ((33 34 )(35 (36 (37 (38 39 )))))))))))))))))))))); 
ttag *!; 
ttag +0 ////; 
ttag +1 ////; 
ttag +2 ////; 
ttag +3 ////; 
ttag +4 ////; 
ttag +5 ////; 
ttag +6 ////; 
ttag +7 ////; 
ttag +8 ////; 
ttag +9 ////; 
ttag +10 ////; 
ttag +11 ////; 
ttag +12 ////; 
ttag +13 ////; 
ttag +14 ////; 
ttag +15 ////; 
ttag +16 ////; 
ttag +17 ////; 
ttag +18 ////; 
ttag +19 ////; 
ttag +20 ////; 
ttag +21 ////; 
ttag +22 ////; 
ttag +23 ////; 
ttag +24 ////; 
ttag +25 ////; 
ttag +26 ////; 
ttag +27 ////; 
ttag +28 ////; 
ttag +29 ////; 
ttag +30 ////; 
ttag +31 ////; 
ttag +32 ////; 
ttag +33 ////; 
ttag +34 ////; 
ttag +35 ////; 
ttag +36 ////; 
ttag +37 ////; 
ttag +38 ////; 
ttag +39 ////; 
ttag +40 ////; 
ttag +41 ////; 
ttag +42 ////; 
ttag +43 ////; 
ttag +44 ////; 
ttag +45 ////; 
ttag +46 ////; 
ttag +47 ////; 
ttag +48 ////; 
ttag +49 100/100/100/100/100; 
ttag +50 91/88/86/88/84; 
ttag +51 97/96/89/96/90; 
ttag +52 58/38/26/45/30; 
ttag +53 63/56/39/60/42; 
ttag +54 0/[48]/?/?/?; 
ttag +55 13/[36]/?/?/?; 
ttag +56 47/39/24/42/24; 
ttag +57 96/96/92/99/95; 
ttag +58 91/88/68/83/77; 
ttag +59 46/38/11/32/16; 
ttag +60 47/38/22/34/24; 
ttag +61 27/18/6/16/5; 
ttag +62 78/71/49/71/63; 
ttag +63 51/44/23/47/33; 
ttag +64 98/96/98/100/98; 
ttag +65 41/27/24/31/29; 
ttag +66 97/96/92/98/93; 
ttag +67 96/95/96/97/96; 
ttag +68 100/100/99/100/99; 
ttag +69 45/37/18/32/25; 
ttag +70 98/97/92/98/93; 
ttag +71 56/38/30/43/23; 
ttag +72 95/92/82/96/81; 
ttag +73 99/98/94/99/96; 
ttag +74 47/30/20/20/32; 
ttag +75 10/[25]/?/?/?; 
ttag +76 47/32/16/31/24; 
ttag +77 95/93/90/96/88; 
ttag +78 9/[33]/?/?/?; 
ttag +79 34/19/15/19/20; 
ttag +80 78/72/56/72/67; 
ttag +81 91/89/83/90/82; 
ttag +82 90/87/81/88/82; 
ttag +83 29/6/10/6/7; 
ttag +84 87/84/74/78/72; 
ttag +85 99/99/97/98/97; 
ttag +86 94/92/84/92/90; 
ttag +87 32/0/3/6/8; 
ttag +88 47/32/31/38/27; 
ttag +89 98/98/96/98/94; 
ttag +90 40/6/6/0/?; 
ttag +91 39/5/?/1/?; 
ttag +92 70/66/54/63/53; 
ttag +93 99/99/97/100/92; 
ttag +94 62/52/43/45/48; 
