tread
'Tree with tags' 
(0 (1 ((2 3 )(4 (5 (((6 7 )(8 (9 10 )))(11 (12 13 )((14 ((15 (16 17 ))(18 (19 20 ))))(21 22 (23 (24 25 ))(26 (27 (28 ((29 (30 31 ))(32 ((33 34 )(35 (36 (37 38 39 )))))(44 45 (40 (41 (42 43 )))(46 47 ))))))))))))))); 
ttag *!; 
ttag +49 ???; 
ttag +50 6; 
ttag +51 4; 
ttag +52 8; 
ttag +53 3; 
ttag +54 1; 
ttag +55 1; 
ttag +56 2; 
ttag +57 14; 
ttag +58 2; 
ttag +59 1; 
ttag +60 2; 
ttag +61 3; 
ttag +62 4; 
ttag +63 13; 
ttag +64 2; 
ttag +65 4; 
ttag +66 6; 
ttag +67 12; 
ttag +68 2; 
ttag +69 7; 
ttag +70 5; 
ttag +71 4; 
ttag +72 1; 
ttag +73 5; 
ttag +74 4; 
ttag +75 3; 
ttag +76 5; 
ttag +77 5; 
ttag +78 2; 
ttag +79 1; 
ttag +80 3; 
ttag +81 11; 
ttag +82 3; 
ttag +83 4; 
ttag +84 4; 
ttag +85 1; 
ttag +86 10; 
ttag +87 2; 
tread
'Tree with tags' 
(0 (1 ((2 3 )(4 (5 (((6 7 )(8 (9 10 )))(11 ((12 13 )((14 ((15 (16 17 ))(18 (19 20 ))))(((21 22 )(26 (27 (28 ((29 (30 31 ))((32 ((33 34 )(35 (36 (38 (37 39 ))))))(((40 (41 (42 43 )))(44 45 ))(46 47 ))))))))(23 (24 25 )))))))))))); 
ttag *!; 
ttag +0 ////; 
ttag +1 ////; 
ttag +2 ////; 
ttag +3 ////; 
ttag +4 ////; 
ttag +5 ////; 
ttag +6 ////; 
ttag +7 ////; 
ttag +8 ////; 
ttag +9 ////; 
ttag +10 ////; 
ttag +11 ////; 
ttag +12 ////; 
ttag +13 ////; 
ttag +14 ////; 
ttag +15 ////; 
ttag +16 ////; 
ttag +17 ////; 
ttag +18 ////; 
ttag +19 ////; 
ttag +20 ////; 
ttag +21 ////; 
ttag +22 ////; 
ttag +23 ////; 
ttag +24 ////; 
ttag +25 ////; 
ttag +26 ////; 
ttag +27 ////; 
ttag +28 ////; 
ttag +29 ////; 
ttag +30 ////; 
ttag +31 ////; 
ttag +32 ////; 
ttag +33 ////; 
ttag +34 ////; 
ttag +35 ////; 
ttag +36 ////; 
ttag +37 ////; 
ttag +38 ////; 
ttag +39 ////; 
ttag +40 ////; 
ttag +41 ////; 
ttag +42 ////; 
ttag +43 ////; 
ttag +44 ////; 
ttag +45 ////; 
ttag +46 ////; 
ttag +47 ////; 
ttag +48 ////; 
ttag +49 100/100/100/100/100; 
ttag +50 100/100/96/99/97; 
ttag +51 89/87/77/93/82; 
ttag +52 97/96/91/98/92; 
ttag +53 83/78/72/81/73; 
ttag +54 42/27/25/36/25; 
ttag +55 27/12/10/16/5; 
ttag +56 70/62/49/69/57; 
ttag +57 100/100/100/100/99; 
ttag +58 63/50/51/57/52; 
ttag +59 29/14/5/18/4; 
ttag +60 73/64/67/66/60; 
ttag +61 8/[8]/?/?/?; 
ttag +62 58/53/36/59/44; 
ttag +63 66/63/44/59/50; 
ttag +64 100/100/100/100/100; 
ttag +65 69/63/43/64/50; 
ttag +66 97/96/83/93/82; 
ttag +67 98/97/96/98/96; 
ttag +68 100/100/100/100/100; 
ttag +69 31/[5]/?/?/?; 
ttag +70 21/[15]/?/?/?; 
ttag +71 66/62/40/60/48; 
ttag +72 97/95/92/95/94; 
ttag +73 94/92/88/92/88; 
ttag +74 87/85/74/84/74; 
ttag +75 64/42/28/41/35; 
ttag +76 92/90/77/91/72; 
ttag +77 71/57/46/58/53; 
ttag +78 78/72/58/72/64; 
ttag +79 95/94/91/94/89; 
ttag +80 86/83/72/83/67; 
ttag +81 34/14/1/4/5; 
ttag +82 75/69/50/72/53; 
ttag +83 64/53/47/51/50; 
ttag +84 82/77/58/77/62; 
ttag +85 99/99/96/99/96; 
ttag +86 21/[4]/?/?/4; 
ttag +87 92/90/78/90/77; 
ttag +88 64/56/51/63/50; 
ttag +89 12/[36]/?/?/?; 
ttag +90 66/52/34/54/44; 
ttag +91 37/23/8/21/6; 
ttag +92 100/100/99/100/99; 
ttag +93 25/[2]/6/?/3; 
ttag +94 63/46/37/58/41; 
