tread
'Tree with tags' 
(0 (1 (2 3 (4 (5 11 12 13 14 ((6 7 )(8 (9 10 )))((16 (15 17 ))(18 (19 20 )))(21 (26 27 (22 (23 (24 25 )))(28 47 ((46 (29 (30 31 )))(44 45 ))((32 (35 (36 (37 (38 39 )))))(33 34 ))(40 (41 (42 43 ))))))))))); 
ttag *!; 
ttag +49 ???; 
ttag +50 7; 
ttag +51 3; 
ttag +52 3; 
ttag +53 2; 
ttag +54 1; 
ttag +55 9; 
ttag +56 1; 
ttag +57 3; 
ttag +58 2; 
ttag +59 4; 
ttag +60 5; 
ttag +61 9; 
ttag +62 1; 
ttag +63 6; 
ttag +64 2; 
ttag +65 4; 
ttag +66 4; 
ttag +67 3; 
ttag +68 10; 
ttag +69 1; 
ttag +70 1; 
ttag +71 1; 
ttag +72 2; 
ttag +73 6; 
ttag +74 3; 
ttag +75 5; 
ttag +76 6; 
ttag +77 7; 
ttag +78 2; 
ttag +79 6; 
ttag +80 6; 
ttag +81 10; 
ttag +82 2; 
tread
'Tree with tags' 
(0 (1 ((2 3 )(4 (5 (11 (((6 7 )(8 (9 10 )))(13 (12 ((14 (21 ((26 (27 (22 (23 (24 25 )))))(28 ((((46 (29 (30 31 )))(44 45 ))(40 (41 (42 43 ))))(47 ((32 (35 (36 (37 (38 39 )))))(33 34 ))))))))((16 (15 17 ))(18 (19 20 ))))))))))))); 
ttag *!; 
ttag +0 ////; 
ttag +1 ////; 
ttag +2 ////; 
ttag +3 ////; 
ttag +4 ////; 
ttag +5 ////; 
ttag +6 ////; 
ttag +7 ////; 
ttag +8 ////; 
ttag +9 ////; 
ttag +10 ////; 
ttag +11 ////; 
ttag +12 ////; 
ttag +13 ////; 
ttag +14 ////; 
ttag +15 ////; 
ttag +16 ////; 
ttag +17 ////; 
ttag +18 ////; 
ttag +19 ////; 
ttag +20 ////; 
ttag +21 ////; 
ttag +22 ////; 
ttag +23 ////; 
ttag +24 ////; 
ttag +25 ////; 
ttag +26 ////; 
ttag +27 ////; 
ttag +28 ////; 
ttag +29 ////; 
ttag +30 ////; 
ttag +31 ////; 
ttag +32 ////; 
ttag +33 ////; 
ttag +34 ////; 
ttag +35 ////; 
ttag +36 ////; 
ttag +37 ////; 
ttag +38 ////; 
ttag +39 ////; 
ttag +40 ////; 
ttag +41 ////; 
ttag +42 ////; 
ttag +43 ////; 
ttag +44 ////; 
ttag +45 ////; 
ttag +46 ////; 
ttag +47 ////; 
ttag +48 ////; 
ttag +49 100/100/100/100/100; 
ttag +50 39/3/14/?/?; 
ttag +51 99/98/94/98/94; 
ttag +52 82/77/67/79/60; 
ttag +53 80/76/62/72/62; 
ttag +54 83/81/72/82/71; 
ttag +55 56/50/39/40/39; 
ttag +56 6/[22]/?/?/?; 
ttag +57 24/2/5/?/?; 
ttag +58 100/100/100/100/99; 
ttag +59 52/26/26/12/17; 
ttag +60 7/[3]/?/?/?; 
ttag +61 10/[4]/?/?/?; 
ttag +62 17/[9]/?/?/?; 
ttag +63 29/18/14/28/13; 
ttag +64 79/72/64/78/70; 
ttag +65 63/38/34/46/41; 
ttag +66 82/77/62/77/63; 
ttag +67 97/96/87/97/90; 
ttag +68 100/100/99/100/100; 
ttag +69 26/16/7/9/5; 
ttag +70 90/87/80/90/76; 
ttag +71 24/[15]/?/?/?; 
ttag +72 31/[8]/?/?/?; 
ttag +73 62/58/37/57/39; 
ttag +74 94/92/91/96/88; 
ttag +75 93/90/88/94/89; 
ttag +76 75/68/56/68/48; 
ttag +77 99/98/97/98/97; 
ttag +78 33/3/?/6/?; 
ttag +79 28/7/?/4/?; 
ttag +80 17/[4]/?/?/?; 
ttag +81 16/[3]/?/?/?; 
ttag +82 77/62/60/57/52; 
ttag +83 82/79/61/78/64; 
ttag +84 90/83/78/90/79; 
ttag +85 29/8/9/17/11; 
ttag +86 92/91/76/91/83; 
ttag +87 92/91/83/93/83; 
ttag +88 95/94/85/92/82; 
ttag +89 98/97/92/94/86; 
ttag +90 88/87/80/83/75; 
ttag +91 98/98/95/98/96; 
ttag +92 100/100/98/100/98; 
ttag +93 100/100/100/100/100; 
ttag +94 73/68/61/70/69; 
