tread
'Tree with tags' 
(0 (1 ((2 3 )(4 5 11 (6 7 )(8 9 10 )(12 13 )(14 (15 (16 17 ))(18 (19 20 )))(21 (22 (23 (24 25 )))(26 27 28 ((29 (30 31 ))(32 (33 34 )(35 (36 (37 (38 39 )))))((40 (41 (42 43 )))(44 45 46 47 ))))))))); 
ttag *!; 
ttag +49 ???; 
ttag +50 5; 
ttag +51 1; 
ttag +52 4; 
ttag +53 2; 
ttag +54 7; 
ttag +55 3; 
ttag +56 1; 
ttag +57 6; 
ttag +58 3; 
ttag +59 5; 
ttag +60 4; 
ttag +61 1; 
ttag +62 3; 
ttag +63 3; 
ttag +64 10; 
ttag +65 1; 
ttag +66 3; 
ttag +67 4; 
ttag +68 4; 
ttag +69 10; 
ttag +70 2; 
ttag +71 1; 
ttag +72 5; 
ttag +73 4; 
ttag +74 1; 
ttag +75 4; 
ttag +76 3; 
ttag +77 2; 
ttag +78 13; 
ttag +79 4; 
tread
'Tree with tags' 
(0 (1 ((2 3 )(11 (((((4 (12 13 ))(21 ((22 (23 (24 25 )))(26 (27 (28 (((29 (30 31 ))((40 (41 (42 43 )))(44 (45 (46 47 )))))((32 (35 (36 (37 (38 39 )))))(33 34 )))))))))(5 (6 7 )))(14 ((15 (16 17 ))(18 (19 20 )))))(10 (8 9 ))))))); 
ttag *!; 
ttag +0 ////; 
ttag +1 ////; 
ttag +2 ////; 
ttag +3 ////; 
ttag +4 ////; 
ttag +5 ////; 
ttag +6 ////; 
ttag +7 ////; 
ttag +8 ////; 
ttag +9 ////; 
ttag +10 ////; 
ttag +11 ////; 
ttag +12 ////; 
ttag +13 ////; 
ttag +14 ////; 
ttag +15 ////; 
ttag +16 ////; 
ttag +17 ////; 
ttag +18 ////; 
ttag +19 ////; 
ttag +20 ////; 
ttag +21 ////; 
ttag +22 ////; 
ttag +23 ////; 
ttag +24 ////; 
ttag +25 ////; 
ttag +26 ////; 
ttag +27 ////; 
ttag +28 ////; 
ttag +29 ////; 
ttag +30 ////; 
ttag +31 ////; 
ttag +32 ////; 
ttag +33 ////; 
ttag +34 ////; 
ttag +35 ////; 
ttag +36 ////; 
ttag +37 ////; 
ttag +38 ////; 
ttag +39 ////; 
ttag +40 ////; 
ttag +41 ////; 
ttag +42 ////; 
ttag +43 ////; 
ttag +44 ////; 
ttag +45 ////; 
ttag +46 ////; 
ttag +47 ////; 
ttag +48 ////; 
ttag +49 100/100/100/100/100; 
ttag +50 92/88/82/92/84; 
ttag +51 82/75/68/82/78; 
ttag +52 6/[26]/?/?/?; 
ttag +53 4/[29]/?/?/?; 
ttag +54 4/[28]/?/?/?; 
ttag +55 2/[30]/?/?/?; 
ttag +56 20/[12]/?/?/0; 
ttag +57 90/85/73/89/65; 
ttag +58 4/[13]/?/?/?; 
ttag +59 64/60/61/64/54; 
ttag +60 49/31/24/23/23; 
ttag +61 99/99/98/99/96; 
ttag +62 54/45/26/43/28; 
ttag +63 20/10/4/16/6; 
ttag +64 99/99/91/98/96; 
ttag +65 36/21/11/13/18; 
ttag +66 76/66/62/76/62; 
ttag +67 96/95/94/96/96; 
ttag +68 96/94/95/98/93; 
ttag +69 44/34/27/34/28; 
ttag +70 57/45/42/40/33; 
ttag +71 16/[18]/?/?/?; 
ttag +72 90/88/81/93/86; 
ttag +73 99/99/100/100/99; 
ttag +74 69/65/60/68/62; 
ttag +75 24/0/?/6/1; 
ttag +76 32/8/?/12/?; 
ttag +77 91/89/83/89/86; 
ttag +78 28/[18]/?/?/?; 
ttag +79 91/89/77/88/76; 
ttag +80 100/100/94/96/91; 
ttag +81 35/22/10/29/24; 
ttag +82 100/100/100/100/99; 
ttag +83 68/54/41/66/46; 
ttag +84 42/30/20/35/22; 
ttag +85 95/93/83/93/91; 
ttag +86 91/89/74/87/82; 
ttag +87 50/40/19/50/32; 
ttag +88 86/79/68/82/70; 
ttag +89 67/48/27/56/38; 
ttag +90 77/70/57/73/58; 
ttag +91 100/100/100/100/100; 
ttag +92 78/70/68/76/66; 
ttag +93 0/[37]/?/?/?; 
ttag +94 11/[13]/?/?/?; 
