tread
'Tree with tags' 
(0 (1 ((2 3 )(4 (11 (5 14 18 21 (6 7 (8 (9 10 )))(12 13 )(15 (16 17 ))(19 20 )(22 (23 (24 25 )))(26 27 (28 (29 (30 31 ))((32 ((33 34 )(35 (36 (37 (38 39 ))))))(44 (45 (46 47 ))))(40 (41 (42 43 ))))))))))); 
ttag *!; 
ttag +49 ???; 
ttag +50 5; 
ttag +51 4; 
ttag +52 6; 
ttag +53 1; 
ttag +54 3; 
ttag +55 1; 
ttag +56 11; 
ttag +57 2; 
ttag +58 2; 
ttag +59 5; 
ttag +60 2; 
ttag +61 10; 
ttag +62 3; 
ttag +63 6; 
ttag +64 6; 
ttag +65 3; 
ttag +66 2; 
ttag +67 1; 
ttag +68 3; 
ttag +69 4; 
ttag +70 1; 
ttag +71 3; 
ttag +72 1; 
ttag +73 1; 
ttag +74 4; 
ttag +75 10; 
ttag +76 1; 
ttag +77 4; 
ttag +78 2; 
ttag +79 8; 
ttag +80 1; 
ttag +81 1; 
ttag +82 1; 
tread
'Tree with tags' 
(0 (1 ((2 3 )(4 (11 (5 (((6 7 )(8 (9 10 )))((12 13 )((14 (18 (21 (((19 20 )(22 (23 (24 25 ))))((26 27 )((28 (40 (41 (42 43 ))))((29 (30 31 ))((32 ((33 34 )(35 (36 (37 (38 39 ))))))(44 (45 (46 47 )))))))))))(15 (16 17 ))))))))))); 
ttag *!; 
ttag +0 ////; 
ttag +1 ////; 
ttag +2 ////; 
ttag +3 ////; 
ttag +4 ////; 
ttag +5 ////; 
ttag +6 ////; 
ttag +7 ////; 
ttag +8 ////; 
ttag +9 ////; 
ttag +10 ////; 
ttag +11 ////; 
ttag +12 ////; 
ttag +13 ////; 
ttag +14 ////; 
ttag +15 ////; 
ttag +16 ////; 
ttag +17 ////; 
ttag +18 ////; 
ttag +19 ////; 
ttag +20 ////; 
ttag +21 ////; 
ttag +22 ////; 
ttag +23 ////; 
ttag +24 ////; 
ttag +25 ////; 
ttag +26 ////; 
ttag +27 ////; 
ttag +28 ////; 
ttag +29 ////; 
ttag +30 ////; 
ttag +31 ////; 
ttag +32 ////; 
ttag +33 ////; 
ttag +34 ////; 
ttag +35 ////; 
ttag +36 ////; 
ttag +37 ////; 
ttag +38 ////; 
ttag +39 ////; 
ttag +40 ////; 
ttag +41 ////; 
ttag +42 ////; 
ttag +43 ////; 
ttag +44 ////; 
ttag +45 ////; 
ttag +46 ////; 
ttag +47 ////; 
ttag +48 ////; 
ttag +49 100/100/100/100/100; 
ttag +50 98/97/93/99/97; 
ttag +51 95/94/96/97/90; 
ttag +52 99/99/98/99/96; 
ttag +53 36/24/9/29/16; 
ttag +54 74/62/48/70/59; 
ttag +55 35/8/10/19/6; 
ttag +56 32/28/22/30/22; 
ttag +57 15/3/?/9/2; 
ttag +58 100/100/99/100/100; 
ttag +59 84/76/66/80/66; 
ttag +60 75/72/56/65/54; 
ttag +61 11/0/?/8/?; 
ttag +62 5/[28]/?/?/?; 
ttag +63 12/0/?/7/?; 
ttag +64 95/93/89/96/87; 
ttag +65 83/78/67/80/67; 
ttag +66 33/23/12/30/11; 
ttag +67 100/100/100/100/98; 
ttag +68 10/[51]/?/?/?; 
ttag +69 22/[39]/?/?/?; 
ttag +70 12/[48]/?/?/?; 
ttag +71 88/85/76/86/75; 
ttag +72 99/98/98/100/99; 
ttag +73 99/99/93/98/93; 
ttag +74 63/58/54/50/54; 
ttag +75 70/64/42/71/53; 
ttag +76 17/[1]/?/?/?; 
ttag +77 53/48/32/51/35; 
ttag +78 80/76/66/75/70; 
ttag +79 13/[4]/?/?/?; 
ttag +80 80/71/62/82/66; 
ttag +81 91/90/85/94/86; 
ttag +82 25/2/3/12/10; 
ttag +83 86/82/78/85/76; 
ttag +84 61/52/48/65/50; 
ttag +85 51/39/27/39/27; 
ttag +86 82/74/66/86/64; 
ttag +87 98/98/95/99/96; 
ttag +88 52/25/18/32/17; 
ttag +89 87/84/84/93/82; 
ttag +90 69/57/48/65/46; 
ttag +91 99/99/96/99/98; 
ttag +92 64/60/46/61/44; 
ttag +93 28/12/7/21/11; 
ttag +94 49/34/19/29/16; 
