tread
'Tree with tags' 
(0 (1 ((2 3 )(4 (5 ((6 (7 (11 12 13 ((14 ((15 (16 17 ))(18 (19 20 ))))((21 (22 (23 (24 25 ))))(26 (27 (28 ((29 (30 31 ))(((36 (35 (32 (33 34 ))))(37 (38 39 )))(47 ((46 ((40 41 )(42 43 )))(44 45 )))))))))))))(8 (9 10 )))))))); 
ttag *!; 
ttag +49 ???; 
ttag +50 1; 
ttag +51 1; 
ttag +52 1; 
ttag +53 1; 
ttag +54 1; 
ttag +55 1; 
ttag +56 1; 
ttag +57 9; 
ttag +58 1; 
ttag +59 3; 
ttag +60 3; 
ttag +61 2; 
ttag +62 6; 
ttag +63 4; 
ttag +64 1; 
ttag +65 8; 
ttag +66 10; 
ttag +67 1; 
ttag +68 5; 
ttag +69 4; 
ttag +70 8; 
ttag +71 7; 
ttag +72 4; 
ttag +73 2; 
ttag +74 1; 
ttag +75 1; 
ttag +76 2; 
ttag +77 4; 
ttag +78 1; 
ttag +79 1; 
ttag +80 1; 
ttag +81 8; 
ttag +82 1; 
ttag +83 6; 
ttag +84 5; 
ttag +85 3; 
ttag +86 2; 
ttag +87 7; 
ttag +88 1; 
ttag +89 1; 
ttag +90 6; 
ttag +91 11; 
ttag +92 1; 
tread
'Tree with tags' 
(0 (1 ((2 3 )(4 (5 ((6 (7 (11 (12 (13 ((14 ((15 (16 17 ))(18 (19 20 ))))((21 (22 (23 (24 25 ))))(26 (27 (28 ((29 (30 31 ))(((36 (35 (32 (33 34 ))))(37 (38 39 )))(47 ((46 ((40 41 )(42 43 )))(44 45 )))))))))))))))(8 (9 10 )))))))); 
ttag *!; 
ttag +0 ////; 
ttag +1 ////; 
ttag +2 ////; 
ttag +3 ////; 
ttag +4 ////; 
ttag +5 ////; 
ttag +6 ////; 
ttag +7 ////; 
ttag +8 ////; 
ttag +9 ////; 
ttag +10 ////; 
ttag +11 ////; 
ttag +12 ////; 
ttag +13 ////; 
ttag +14 ////; 
ttag +15 ////; 
ttag +16 ////; 
ttag +17 ////; 
ttag +18 ////; 
ttag +19 ////; 
ttag +20 ////; 
ttag +21 ////; 
ttag +22 ////; 
ttag +23 ////; 
ttag +24 ////; 
ttag +25 ////; 
ttag +26 ////; 
ttag +27 ////; 
ttag +28 ////; 
ttag +29 ////; 
ttag +30 ////; 
ttag +31 ////; 
ttag +32 ////; 
ttag +33 ////; 
ttag +34 ////; 
ttag +35 ////; 
ttag +36 ////; 
ttag +37 ////; 
ttag +38 ////; 
ttag +39 ////; 
ttag +40 ////; 
ttag +41 ////; 
ttag +42 ////; 
ttag +43 ////; 
ttag +44 ////; 
ttag +45 ////; 
ttag +46 ////; 
ttag +47 ////; 
ttag +48 ////; 
ttag +49 100/100/100/100/100; 
ttag +50 66/48/52/56/51; 
ttag +51 46/32/22/35/16; 
ttag +52 59/49/54/58/48; 
ttag +53 48/28/28/37/22; 
ttag +54 31/22/19/31/15; 
ttag +55 24/4/5/10/?; 
ttag +56 25/1/?/1/?; 
ttag +57 99/99/98/98/97; 
ttag +58 55/40/28/38/34; 
ttag +59 60/52/50/62/35; 
ttag +60 28/17/12/18/17; 
ttag +61 3/[47]/?/?/?; 
ttag +62 68/61/52/72/50; 
ttag +63 52/43/36/51/27; 
ttag +64 95/94/88/95/89; 
ttag +65 86/83/72/86/70; 
ttag +66 48/18/21/40/25; 
ttag +67 100/100/99/100/97; 
ttag +68 100/100/99/100/99; 
ttag +69 57/41/30/34/26; 
ttag +70 83/81/59/85/58; 
ttag +71 96/95/88/94/88; 
ttag +72 100/100/99/100/96; 
ttag +73 98/98/98/100/98; 
ttag +74 84/81/76/87/72; 
ttag +75 63/57/51/59/44; 
ttag +76 50/36/32/40/32; 
ttag +77 45/31/28/22/19; 
ttag +78 55/44/41/45/43; 
ttag +79 90/87/80/91/86; 
ttag +80 48/17/9/15/16; 
ttag +81 43/12/4/11/6; 
ttag +82 52/21/15/20/20; 
ttag +83 98/98/96/99/96; 
ttag +84 15/[12]/?/?/?; 
ttag +85 98/97/91/96/93; 
ttag +86 95/93/84/95/84; 
ttag +87 82/78/62/76/65; 
ttag +88 76/69/44/62/51; 
ttag +89 100/100/98/100/99; 
ttag +90 27/0/?/?/?; 
ttag +91 19/[16]/?/?/?; 
ttag +92 84/80/66/80/63; 
ttag +93 100/100/99/100/98; 
ttag +94 38/15/15/13/14; 
