tread
'Tree with tags' 
(0 (1 ((2 3 )(((21 (((4 5 )(7 (6 (8 (9 10 )))))(11 (12 13 ))))(14 ((15 16 17 )(18 (19 20 )))))((22 (23 (24 25 )))(28 (26 27 )(29 (30 31 ))(((32 (35 (36 (37 (38 39 )))))(33 34 ))(40 (41 (42 43 )))(46 (47 (44 45 )))))))))); 
ttag *!; 
ttag +49 ???; 
ttag +50 7; 
ttag +51 8; 
ttag +52 2; 
ttag +53 1; 
ttag +54 1; 
ttag +55 1; 
ttag +56 2; 
ttag +57 8; 
ttag +58 1; 
ttag +59 2; 
ttag +60 14; 
ttag +61 5; 
ttag +62 2; 
ttag +63 1; 
ttag +64 2; 
ttag +65 6; 
ttag +66 1; 
ttag +67 5; 
ttag +68 3; 
ttag +69 1; 
ttag +70 1; 
ttag +71 7; 
ttag +72 3; 
ttag +73 2; 
ttag +74 5; 
ttag +75 6; 
ttag +76 3; 
ttag +77 1; 
ttag +78 8; 
ttag +79 3; 
ttag +80 4; 
ttag +81 3; 
ttag +82 5; 
ttag +83 5; 
ttag +84 5; 
ttag +85 5; 
ttag +86 2; 
ttag +87 5; 
ttag +88 1; 
ttag +89 1; 
ttag +90 2; 
tread
'Tree with tags' 
(0 (1 ((2 3 )(((21 (((4 5 )(7 (6 (8 (9 10 )))))(11 (12 13 ))))(14 ((15 (16 17 ))(18 (19 20 )))))((22 (23 (24 25 )))(((26 27 )(28 ((((32 (35 (36 (37 (38 39 )))))(33 34 ))(46 (47 (44 45 ))))(40 (41 (42 43 ))))))(29 (30 31 )))))))); 
ttag *!; 
ttag +0 ////; 
ttag +1 ////; 
ttag +2 ////; 
ttag +3 ////; 
ttag +4 ////; 
ttag +5 ////; 
ttag +6 ////; 
ttag +7 ////; 
ttag +8 ////; 
ttag +9 ////; 
ttag +10 ////; 
ttag +11 ////; 
ttag +12 ////; 
ttag +13 ////; 
ttag +14 ////; 
ttag +15 ////; 
ttag +16 ////; 
ttag +17 ////; 
ttag +18 ////; 
ttag +19 ////; 
ttag +20 ////; 
ttag +21 ////; 
ttag +22 ////; 
ttag +23 ////; 
ttag +24 ////; 
ttag +25 ////; 
ttag +26 ////; 
ttag +27 ////; 
ttag +28 ////; 
ttag +29 ////; 
ttag +30 ////; 
ttag +31 ////; 
ttag +32 ////; 
ttag +33 ////; 
ttag +34 ////; 
ttag +35 ////; 
ttag +36 ////; 
ttag +37 ////; 
ttag +38 ////; 
ttag +39 ////; 
ttag +40 ////; 
ttag +41 ////; 
ttag +42 ////; 
ttag +43 ////; 
ttag +44 ////; 
ttag +45 ////; 
ttag +46 ////; 
ttag +47 ////; 
ttag +48 ////; 
ttag +49 100/100/100/100/100; 
ttag +50 98/98/95/98/88; 
ttag +51 99/99/99/100/100; 
ttag +52 49/37/40/39/33; 
ttag +53 14/0/?/4/?; 
ttag +54 14/0/0/?/?; 
ttag +55 15/0/?/2/?; 
ttag +56 30/14/12/21/8; 
ttag +57 94/93/90/98/91; 
ttag +58 32/7/?/10/?; 
ttag +59 42/32/30/47/30; 
ttag +60 100/100/100/100/100; 
ttag +61 97/96/92/97/91; 
ttag +62 30/17/4/23/15; 
ttag +63 37/30/22/29/24; 
ttag +64 45/38/27/42/29; 
ttag +65 96/95/91/97/93; 
ttag +66 33/10/2/16/14; 
ttag +67 28/0/?/?/3; 
ttag +68 82/80/74/84/72; 
ttag +69 91/90/88/91/88; 
ttag +70 59/40/27/46/20; 
ttag +71 57/45/42/47/44; 
ttag +72 98/97/96/100/94; 
ttag +73 89/84/78/88/80; 
ttag +74 61/37/35/34/36; 
ttag +75 5/[34]/?/?/?; 
ttag +76 93/91/81/88/81; 
ttag +77 4/[32]/?/?/?; 
ttag +78 97/97/88/97/90; 
ttag +79 90/85/75/86/80; 
ttag +80 33/10/2/11/10; 
ttag +81 99/99/96/99/96; 
ttag +82 5/[46]/?/?/?; 
ttag +83 70/65/50/67/54; 
ttag +84 97/96/94/98/90; 
ttag +85 76/63/64/69/72; 
ttag +86 93/91/89/94/90; 
ttag +87 95/94/92/93/90; 
ttag +88 99/99/99/100/99; 
ttag +89 92/91/88/92/94; 
ttag +90 57/40/51/50/35; 
ttag +91 95/93/95/92/93; 
ttag +92 36/21/24/28/24; 
ttag +93 20/[11]/?/?/?; 
ttag +94 81/79/69/88/70; 
