tread
'Tree with tags' 
(0 (1 ((2 3 )((4 11 )(5 (((6 7 )(8 (9 10 )))(12 (13 (21 (14 ((15 ((16 17 )(18 (19 20 ))))((22 (23 (24 25 )))(26 (27 (28 ((29 (30 31 ))((32 (35 (33 34 )(36 (37 (38 39 )))))(40 (41 (42 43 )))(45 (44 (46 47 )))))))))))))))))))); 
ttag *!; 
ttag +49 ???; 
ttag +50 5; 
ttag +51 3; 
ttag +52 1; 
ttag +53 5; 
ttag +54 1; 
ttag +55 1; 
ttag +56 1; 
ttag +57 1; 
ttag +58 9; 
ttag +59 5; 
ttag +60 1; 
ttag +61 1; 
ttag +62 1; 
ttag +63 3; 
ttag +64 2; 
ttag +65 2; 
ttag +66 1; 
ttag +67 1; 
ttag +68 8; 
ttag +69 8; 
ttag +70 2; 
ttag +71 2; 
ttag +72 8; 
ttag +73 7; 
ttag +74 5; 
ttag +75 3; 
ttag +76 5; 
ttag +77 1; 
ttag +78 1; 
ttag +79 7; 
ttag +80 1; 
ttag +81 2; 
ttag +82 4; 
ttag +83 2; 
ttag +84 2; 
ttag +85 5; 
ttag +86 1; 
ttag +87 7; 
ttag +88 1; 
ttag +89 8; 
ttag +90 2; 
ttag +91 2; 
ttag +92 2; 
tread
'Tree with tags' 
(0 (1 ((2 3 )((4 11 )(5 (((6 7 )(8 (9 10 )))(12 (13 (21 (14 ((15 ((16 17 )(18 (19 20 ))))((22 (23 (24 25 )))(26 (27 (28 ((29 (30 31 ))(((32 ((35 (33 34 ))(36 (37 (38 39 )))))(45 (44 (46 47 ))))(40 (41 (42 43 )))))))))))))))))))); 
ttag *!; 
ttag +0 ////; 
ttag +1 ////; 
ttag +2 ////; 
ttag +3 ////; 
ttag +4 ////; 
ttag +5 ////; 
ttag +6 ////; 
ttag +7 ////; 
ttag +8 ////; 
ttag +9 ////; 
ttag +10 ////; 
ttag +11 ////; 
ttag +12 ////; 
ttag +13 ////; 
ttag +14 ////; 
ttag +15 ////; 
ttag +16 ////; 
ttag +17 ////; 
ttag +18 ////; 
ttag +19 ////; 
ttag +20 ////; 
ttag +21 ////; 
ttag +22 ////; 
ttag +23 ////; 
ttag +24 ////; 
ttag +25 ////; 
ttag +26 ////; 
ttag +27 ////; 
ttag +28 ////; 
ttag +29 ////; 
ttag +30 ////; 
ttag +31 ////; 
ttag +32 ////; 
ttag +33 ////; 
ttag +34 ////; 
ttag +35 ////; 
ttag +36 ////; 
ttag +37 ////; 
ttag +38 ////; 
ttag +39 ////; 
ttag +40 ////; 
ttag +41 ////; 
ttag +42 ////; 
ttag +43 ////; 
ttag +44 ////; 
ttag +45 ////; 
ttag +46 ////; 
ttag +47 ////; 
ttag +48 ////; 
ttag +49 100/100/100/100/100; 
ttag +50 95/94/88/97/86; 
ttag +51 66/47/44/51/50; 
ttag +52 10/[19]/?/?/?; 
ttag +53 47/29/29/35/30; 
ttag +54 6/[23]/?/?/?; 
ttag +55 30/16/8/27/14; 
ttag +56 39/31/22/32/22; 
ttag +57 6/[11]/?/?/?; 
ttag +58 99/99/100/100/100; 
ttag +59 96/95/92/99/98; 
ttag +60 17/[1]/?/?/?; 
ttag +61 9/[8]/?/?/?; 
ttag +62 7/[10]/?/?/?; 
ttag +63 26/8/2/10/5; 
ttag +64 40/32/23/39/18; 
ttag +65 15/[2]/?/2/2; 
ttag +66 38/21/26/22/16; 
ttag +67 16/[2]/?/?/?; 
ttag +68 97/96/89/96/88; 
ttag +69 100/100/99/99/99; 
ttag +70 25/7/12/12/11; 
ttag +71 12/[6]/0/?/?; 
ttag +72 98/97/96/98/92; 
ttag +73 98/98/96/99/92; 
ttag +74 92/90/74/91/86; 
ttag +75 86/85/64/81/78; 
ttag +76 93/92/73/90/80; 
ttag +77 60/51/47/51/47; 
ttag +78 78/72/66/73/73; 
ttag +79 98/98/97/99/98; 
ttag +80 60/52/40/57/44; 
ttag +81 42/37/29/36/30; 
ttag +82 60/48/35/49/35; 
ttag +83 78/70/64/80/66; 
ttag +84 16/[18]/?/?/?; 
ttag +85 69/60/52/64/54; 
ttag +86 71/58/52/60/42; 
ttag +87 83/80/70/86/73; 
ttag +88 44/22/10/24/13; 
ttag +89 96/95/87/96/88; 
ttag +90 40/10/?/4/6; 
ttag +91 100/100/100/100/98; 
ttag +92 62/53/46/54/46; 
ttag +93 74/68/62/66/60; 
ttag +94 59/55/47/56/49; 
