tread
'Tree with tags' 
(0 (1 ((2 3 )(4 (5 (6 7 )(8 9 10 )(11 21 (12 13 )(14 ((17 (15 16 ))(18 (19 20 ))))((22 (23 (24 25 )))(26 (27 (28 ((29 (30 31 ))(((32 (35 (36 (37 (38 39 )))))(33 34 ))((40 41 (42 43 ))(46 (47 (44 45 )))))))))))))))); 
ttag *!; 
ttag +49 ???; 
ttag +50 12; 
ttag +51 4; 
ttag +52 1; 
ttag +53 1; 
ttag +54 2; 
ttag +55 11; 
ttag +56 1; 
ttag +57 1; 
ttag +58 1; 
ttag +59 1; 
ttag +60 7; 
ttag +61 1; 
ttag +62 1; 
ttag +63 9; 
ttag +64 2; 
ttag +65 5; 
ttag +66 3; 
ttag +67 3; 
ttag +68 6; 
ttag +69 2; 
ttag +70 2; 
ttag +71 5; 
ttag +72 1; 
ttag +73 8; 
ttag +74 3; 
ttag +75 3; 
ttag +76 2; 
ttag +77 3; 
ttag +78 4; 
ttag +79 7; 
ttag +80 8; 
ttag +81 2; 
ttag +82 10; 
ttag +83 2; 
ttag +84 7; 
ttag +85 1; 
ttag +86 1; 
ttag +87 2; 
tread
'Tree with tags' 
(0 (1 ((2 3 )(4 (((5 (11 ((12 13 )((14 ((17 (15 16 ))(18 (19 20 ))))(21 ((22 (23 (24 25 )))(26 (27 (28 ((29 (30 31 ))(((32 (35 (36 (37 (38 39 )))))(33 34 ))((40 (41 (42 43 )))(46 (47 (44 45 )))))))))))))))(6 7 ))(10 (8 9 ))))))); 
ttag *!; 
ttag +0 ////; 
ttag +1 ////; 
ttag +2 ////; 
ttag +3 ////; 
ttag +4 ////; 
ttag +5 ////; 
ttag +6 ////; 
ttag +7 ////; 
ttag +8 ////; 
ttag +9 ////; 
ttag +10 ////; 
ttag +11 ////; 
ttag +12 ////; 
ttag +13 ////; 
ttag +14 ////; 
ttag +15 ////; 
ttag +16 ////; 
ttag +17 ////; 
ttag +18 ////; 
ttag +19 ////; 
ttag +20 ////; 
ttag +21 ////; 
ttag +22 ////; 
ttag +23 ////; 
ttag +24 ////; 
ttag +25 ////; 
ttag +26 ////; 
ttag +27 ////; 
ttag +28 ////; 
ttag +29 ////; 
ttag +30 ////; 
ttag +31 ////; 
ttag +32 ////; 
ttag +33 ////; 
ttag +34 ////; 
ttag +35 ////; 
ttag +36 ////; 
ttag +37 ////; 
ttag +38 ////; 
ttag +39 ////; 
ttag +40 ////; 
ttag +41 ////; 
ttag +42 ////; 
ttag +43 ////; 
ttag +44 ////; 
ttag +45 ////; 
ttag +46 ////; 
ttag +47 ////; 
ttag +48 ////; 
ttag +49 100/100/100/100/100; 
ttag +50 99/99/99/100/99; 
ttag +51 89/87/82/94/85; 
ttag +52 26/12/?/14/10; 
ttag +53 2/[17]/?/?/?; 
ttag +54 2/[24]/?/?/?; 
ttag +55 30/2/?/14/6; 
ttag +56 83/74/71/79/78; 
ttag +57 56/56/53/52/52; 
ttag +58 100/100/100/100/100; 
ttag +59 21/2/?/6/4; 
ttag +60 20/1/4/10/10; 
ttag +61 6/[12]/?/?/?; 
ttag +62 47/40/24/46/30; 
ttag +63 25/14/10/10/10; 
ttag +64 57/31/14/30/14; 
ttag +65 98/98/97/100/98; 
ttag +66 58/50/38/46/45; 
ttag +67 63/49/37/44/37; 
ttag +68 99/99/99/100/99; 
ttag +69 22/12/8/5/10; 
ttag +70 66/48/30/55/42; 
ttag +71 63/56/46/62/47; 
ttag +72 81/72/70/76/66; 
ttag +73 95/93/80/89/76; 
ttag +74 83/82/74/86/76; 
ttag +75 30/6/?/7/?; 
ttag +76 30/20/14/22/10; 
ttag +77 83/80/67/85/67; 
ttag +78 13/4/?/9/1; 
ttag +79 98/98/97/98/99; 
ttag +80 75/71/56/72/62; 
ttag +81 77/74/66/74/70; 
ttag +82 24/14/5/18/5; 
ttag +83 67/52/38/58/51; 
ttag +84 95/94/89/96/88; 
ttag +85 100/100/94/98/92; 
ttag +86 99/99/98/100/97; 
ttag +87 82/77/54/78/62; 
ttag +88 99/99/96/100/98; 
ttag +89 31/22/14/24/12; 
ttag +90 20/[34]/?/?/?; 
ttag +91 98/98/98/100/98; 
ttag +92 52/48/38/46/44; 
ttag +93 46/35/22/36/31; 
ttag +94 69/62/58/61/58; 
