tread
'Tree with tags' 
(0 (1 ((2 3 )(4 5 (6 7 )(8 9 10 )(11 ((12 13 )(21 (14 ((15 (16 17 ))(18 (19 20 ))))((22 (23 (24 25 )))((28 (26 27 ))(29 (30 31 ))(32 (33 34 )(35 (36 (37 38 39 ))))((41 (40 (42 43 )))(44 45 46 47 ))))))))))); 
ttag *!; 
ttag +49 ???; 
ttag +50 7; 
ttag +51 4; 
ttag +52 2; 
ttag +53 1; 
ttag +54 11; 
ttag +55 1; 
ttag +56 3; 
ttag +57 1; 
ttag +58 2; 
ttag +59 2; 
ttag +60 6; 
ttag +61 4; 
ttag +62 1; 
ttag +63 3; 
ttag +64 14; 
ttag +65 5; 
ttag +66 4; 
ttag +67 4; 
ttag +68 7; 
ttag +69 1; 
ttag +70 1; 
ttag +71 4; 
ttag +72 1; 
ttag +73 2; 
ttag +74 4; 
ttag +75 5; 
ttag +76 3; 
ttag +77 4; 
ttag +78 3; 
ttag +79 1; 
ttag +80 4; 
ttag +81 2; 
ttag +82 5; 
ttag +83 3; 
tread
'Tree with tags' 
(0 (1 ((2 3 )((((4 5 )(11 ((12 13 )((14 ((15 (16 17 ))(18 (19 20 ))))(21 ((22 (23 (24 25 )))(((28 (26 27 ))(29 (30 31 )))(((32 (35 (36 (39 (37 38 )))))(33 34 ))((41 (40 (42 43 )))(47 (46 (44 45 ))))))))))))(6 7 ))(10 (8 9 )))))); 
ttag *!; 
ttag +0 ////; 
ttag +1 ////; 
ttag +2 ////; 
ttag +3 ////; 
ttag +4 ////; 
ttag +5 ////; 
ttag +6 ////; 
ttag +7 ////; 
ttag +8 ////; 
ttag +9 ////; 
ttag +10 ////; 
ttag +11 ////; 
ttag +12 ////; 
ttag +13 ////; 
ttag +14 ////; 
ttag +15 ////; 
ttag +16 ////; 
ttag +17 ////; 
ttag +18 ////; 
ttag +19 ////; 
ttag +20 ////; 
ttag +21 ////; 
ttag +22 ////; 
ttag +23 ////; 
ttag +24 ////; 
ttag +25 ////; 
ttag +26 ////; 
ttag +27 ////; 
ttag +28 ////; 
ttag +29 ////; 
ttag +30 ////; 
ttag +31 ////; 
ttag +32 ////; 
ttag +33 ////; 
ttag +34 ////; 
ttag +35 ////; 
ttag +36 ////; 
ttag +37 ////; 
ttag +38 ////; 
ttag +39 ////; 
ttag +40 ////; 
ttag +41 ////; 
ttag +42 ////; 
ttag +43 ////; 
ttag +44 ////; 
ttag +45 ////; 
ttag +46 ////; 
ttag +47 ////; 
ttag +48 ////; 
ttag +49 100/100/100/100/100; 
ttag +50 99/99/97/100/98; 
ttag +51 88/84/81/90/78; 
ttag +52 29/[7]/6/?/12; 
ttag +53 8/[46]/?/?/?; 
ttag +54 12/[41]/?/?/?; 
ttag +55 60/44/48/51/43; 
ttag +56 49/46/45/42/36; 
ttag +57 15/[39]/?/?/?; 
ttag +58 100/100/99/100/100; 
ttag +59 46/31/27/30/22; 
ttag +60 84/83/80/91/79; 
ttag +61 50/46/24/46/26; 
ttag +62 57/50/30/50/32; 
ttag +63 58/54/35/65/41; 
ttag +64 96/95/88/95/83; 
ttag +65 75/72/56/78/50; 
ttag +66 59/41/25/21/26; 
ttag +67 74/67/45/64/43; 
ttag +68 100/100/100/100/100; 
ttag +69 46/30/26/33/32; 
ttag +70 99/99/95/98/96; 
ttag +71 79/76/60/74/63; 
ttag +72 92/90/86/94/84; 
ttag +73 100/100/100/100/98; 
ttag +74 42/4/10/8/16; 
ttag +75 33/[4]/?/1/2; 
ttag +76 16/[21]/?/?/?; 
ttag +77 83/80/70/88/70; 
ttag +78 57/38/35/49/42; 
ttag +79 74/70/60/68/62; 
ttag +80 16/[14]/?/?/?; 
ttag +81 73/63/53/66/55; 
ttag +82 38/21/27/22/22; 
ttag +83 98/97/96/97/96; 
ttag +84 71/61/71/69/66; 
ttag +85 94/93/95/93/90; 
ttag +86 25/[13]/?/?/?; 
ttag +87 89/88/74/88/83; 
ttag +88 50/36/37/47/32; 
ttag +89 84/79/77/80/73; 
ttag +90 60/47/36/53/45; 
ttag +91 96/95/90/95/90; 
ttag +92 39/4/4/1/6; 
ttag +93 32/14/17/13/14; 
ttag +94 81/75/74/78/75; 
