tread
'Tree with tags' 
(0 (1 ((2 3 )(4 5 6 13 (7 (9 (8 10 )))(11 (21 (26 (22 (23 (24 25 )))(27 (28 ((29 (30 31 ))((32 (35 ((33 34 )(36 (37 (38 39 ))))))((40 (41 (42 43 )))((44 45 )(46 47 ))))))))))(12 (14 ((15 (16 17 ))(18 (19 20 ))))))))); 
ttag *!; 
ttag +49 ???; 
ttag +50 2; 
ttag +51 4; 
ttag +52 7; 
ttag +53 1; 
ttag +54 2; 
ttag +55 8; 
ttag +56 1; 
ttag +57 1; 
ttag +58 2; 
ttag +59 2; 
ttag +60 8; 
ttag +61 2; 
ttag +62 2; 
ttag +63 14; 
ttag +64 4; 
ttag +65 7; 
ttag +66 3; 
ttag +67 3; 
ttag +68 10; 
ttag +69 3; 
ttag +70 2; 
ttag +71 6; 
ttag +72 1; 
ttag +73 5; 
ttag +74 2; 
ttag +75 1; 
ttag +76 4; 
ttag +77 2; 
ttag +78 4; 
ttag +79 4; 
ttag +80 7; 
ttag +81 1; 
ttag +82 5; 
ttag +83 2; 
ttag +84 3; 
ttag +85 10; 
ttag +86 2; 
ttag +87 1; 
ttag +88 3; 
tread
'Tree with tags' 
(0 (1 ((2 3 )(13 (((6 ((4 5 )(7 (9 (8 10 )))))(12 (14 ((15 (16 17 ))(18 (19 20 ))))))(11 (21 ((22 (23 (24 25 )))(26 (27 (28 ((29 (30 31 ))((32 (35 ((33 34 )(36 (37 (38 39 ))))))((40 (41 (42 43 )))((44 45 )(46 47 )))))))))))))))); 
ttag *!; 
ttag +0 ////; 
ttag +1 ////; 
ttag +2 ////; 
ttag +3 ////; 
ttag +4 ////; 
ttag +5 ////; 
ttag +6 ////; 
ttag +7 ////; 
ttag +8 ////; 
ttag +9 ////; 
ttag +10 ////; 
ttag +11 ////; 
ttag +12 ////; 
ttag +13 ////; 
ttag +14 ////; 
ttag +15 ////; 
ttag +16 ////; 
ttag +17 ////; 
ttag +18 ////; 
ttag +19 ////; 
ttag +20 ////; 
ttag +21 ////; 
ttag +22 ////; 
ttag +23 ////; 
ttag +24 ////; 
ttag +25 ////; 
ttag +26 ////; 
ttag +27 ////; 
ttag +28 ////; 
ttag +29 ////; 
ttag +30 ////; 
ttag +31 ////; 
ttag +32 ////; 
ttag +33 ////; 
ttag +34 ////; 
ttag +35 ////; 
ttag +36 ////; 
ttag +37 ////; 
ttag +38 ////; 
ttag +39 ////; 
ttag +40 ////; 
ttag +41 ////; 
ttag +42 ////; 
ttag +43 ////; 
ttag +44 ////; 
ttag +45 ////; 
ttag +46 ////; 
ttag +47 ////; 
ttag +48 ////; 
ttag +49 100/100/100/100/100; 
ttag +50 74/63/59/70/66; 
ttag +51 91/89/77/87/78; 
ttag +52 11/[10]/?/?/?; 
ttag +53 8/[14]/?/?/?; 
ttag +54 27/5/?/11/2; 
ttag +55 0/[22]/?/?/?; 
ttag +56 15/[3]/?/?/?; 
ttag +57 91/88/81/96/84; 
ttag +58 34/26/12/27/10; 
ttag +59 72/62/53/70/56; 
ttag +60 98/98/93/98/93; 
ttag +61 8/[14]/?/?/?; 
ttag +62 6/[16]/?/?/?; 
ttag +63 26/5/?/16/4; 
ttag +64 59/44/56/40/42; 
ttag +65 91/90/82/94/86; 
ttag +66 61/49/54/56/54; 
ttag +67 75/58/38/60/50; 
ttag +68 100/100/100/100/100; 
ttag +69 74/71/64/67/51; 
ttag +70 95/94/90/96/89; 
ttag +71 71/64/62/72/59; 
ttag +72 76/70/63/84/63; 
ttag +73 100/100/100/100/99; 
ttag +74 26/[15]/?/?/?; 
ttag +75 82/78/66/74/70; 
ttag +76 72/65/61/69/60; 
ttag +77 98/97/89/98/88; 
ttag +78 44/10/11/18/10; 
ttag +79 92/90/90/91/88; 
ttag +80 76/71/61/78/52; 
ttag +81 66/62/46/63/46; 
ttag +82 94/91/82/92/85; 
ttag +83 68/62/40/69/40; 
ttag +84 85/80/71/87/67; 
ttag +85 84/78/64/82/64; 
ttag +86 99/99/98/100/97; 
ttag +87 60/47/38/54/42; 
ttag +88 68/60/52/74/57; 
ttag +89 36/26/4/34/11; 
ttag +90 61/52/40/58/45; 
ttag +91 98/98/96/100/97; 
ttag +92 33/16/13/26/6; 
ttag +93 30/14/10/17/8; 
ttag +94 60/49/34/51/28; 
