tread
'Tree with tags' 
(0 (1 ((2 3 )(4 ((5 ((8 (9 10 ))(12 13 (14 21 (11 ((22 (23 (24 25 )))(26 (27 (28 (((29 (30 31 ))((40 (41 (42 43 )))(44 45 46 47 )))(32 ((35 (33 34 ))(36 (37 (38 39 )))))))))))((15 (16 17 ))(18 (19 20 )))))))(6 7 )))))); 
ttag *!; 
ttag +49 ???; 
ttag +50 1; 
ttag +51 3; 
ttag +52 7; 
ttag +53 1; 
ttag +54 1; 
ttag +55 4; 
ttag +56 11; 
ttag +57 1; 
ttag +58 4; 
ttag +59 1; 
ttag +60 2; 
ttag +61 5; 
ttag +62 4; 
ttag +63 2; 
ttag +64 1; 
ttag +65 8; 
ttag +66 15; 
ttag +67 3; 
ttag +68 5; 
ttag +69 4; 
ttag +70 1; 
ttag +71 4; 
ttag +72 1; 
ttag +73 1; 
ttag +74 5; 
ttag +75 1; 
ttag +76 4; 
ttag +77 5; 
ttag +78 8; 
ttag +79 6; 
ttag +80 1; 
ttag +81 5; 
ttag +82 5; 
ttag +83 8; 
ttag +84 4; 
ttag +85 8; 
ttag +86 1; 
ttag +87 2; 
ttag +88 6; 
ttag +89 1; 
tread
'Tree with tags' 
(0 (1 ((2 3 )(4 ((5 ((8 (9 10 ))((21 ((14 (11 ((22 (23 (24 25 )))(26 (27 (28 (((29 (30 31 ))((40 (41 (42 43 )))(45 (46 (44 47 )))))(32 ((35 (33 34 ))(36 (37 (38 39 ))))))))))))((15 (16 17 ))(18 (19 20 )))))(12 13 ))))(6 7 )))))); 
ttag *!; 
ttag +0 ////; 
ttag +1 ////; 
ttag +2 ////; 
ttag +3 ////; 
ttag +4 ////; 
ttag +5 ////; 
ttag +6 ////; 
ttag +7 ////; 
ttag +8 ////; 
ttag +9 ////; 
ttag +10 ////; 
ttag +11 ////; 
ttag +12 ////; 
ttag +13 ////; 
ttag +14 ////; 
ttag +15 ////; 
ttag +16 ////; 
ttag +17 ////; 
ttag +18 ////; 
ttag +19 ////; 
ttag +20 ////; 
ttag +21 ////; 
ttag +22 ////; 
ttag +23 ////; 
ttag +24 ////; 
ttag +25 ////; 
ttag +26 ////; 
ttag +27 ////; 
ttag +28 ////; 
ttag +29 ////; 
ttag +30 ////; 
ttag +31 ////; 
ttag +32 ////; 
ttag +33 ////; 
ttag +34 ////; 
ttag +35 ////; 
ttag +36 ////; 
ttag +37 ////; 
ttag +38 ////; 
ttag +39 ////; 
ttag +40 ////; 
ttag +41 ////; 
ttag +42 ////; 
ttag +43 ////; 
ttag +44 ////; 
ttag +45 ////; 
ttag +46 ////; 
ttag +47 ////; 
ttag +48 ////; 
ttag +49 100/100/100/100/100; 
ttag +50 42/3/8/3/4; 
ttag +51 73/66/54/71/61; 
ttag +52 98/97/92/99/94; 
ttag +53 18/[4]/?/?/0; 
ttag +54 60/43/48/40/43; 
ttag +55 97/97/93/94/90; 
ttag +56 100/100/100/100/100; 
ttag +57 43/20/13/24/24; 
ttag +58 94/92/90/93/82; 
ttag +59 39/20/16/18/11; 
ttag +60 16/[3]/?/?/?; 
ttag +61 18/[1]/?/?/?; 
ttag +62 40/20/18/27/18; 
ttag +63 92/90/78/88/75; 
ttag +64 44/30/25/30/26; 
ttag +65 88/82/68/89/76; 
ttag +66 73/70/55/71/54; 
ttag +67 62/52/46/58/49; 
ttag +68 100/100/99/100/98; 
ttag +69 100/100/100/100/100; 
ttag +70 66/49/35/62/40; 
ttag +71 97/96/91/96/92; 
ttag +72 87/82/80/83/80; 
ttag +73 81/74/64/66/65; 
ttag +74 71/65/53/65/54; 
ttag +75 28/5/0/5/6; 
ttag +76 26/8/1/2/5; 
ttag +77 97/96/90/96/94; 
ttag +78 44/23/11/26/11; 
ttag +79 89/87/74/88/80; 
ttag +80 96/95/85/88/86; 
ttag +81 97/97/94/99/97; 
ttag +82 96/95/89/96/85; 
ttag +83 48/33/24/46/30; 
ttag +84 93/90/76/88/79; 
ttag +85 98/98/92/97/92; 
ttag +86 100/100/98/100/98; 
ttag +87 89/86/77/88/72; 
ttag +88 94/94/86/96/88; 
ttag +89 44/31/14/29/11; 
ttag +90 68/60/44/58/49; 
ttag +91 94/93/84/91/88; 
ttag +92 18/0/?/4/2; 
ttag +93 18/[8]/?/?/?; 
ttag +94 56/44/43/47/33; 
