tread
'Tree with tags' 
(0 (1 ((2 3 )(4 5 11 12 13 14 (6 7 (8 9 10 ))((15 (16 17 ))(18 (19 20 )))(21 ((22 (23 (24 25 )))(26 (27 (28 ((29 (30 31 ))((32 ((33 34 )(35 (36 (37 (38 39 ))))))((40 (41 (42 43 )))(44 45 46 47 ))))))))))))); 
ttag *!; 
ttag +49 ???; 
ttag +50 7; 
ttag +51 6; 
ttag +52 7; 
ttag +53 1; 
ttag +54 6; 
ttag +55 4; 
ttag +56 1; 
ttag +57 4; 
ttag +58 4; 
ttag +59 7; 
ttag +60 1; 
ttag +61 3; 
ttag +62 3; 
ttag +63 6; 
ttag +64 8; 
ttag +65 2; 
ttag +66 5; 
ttag +67 4; 
ttag +68 5; 
ttag +69 5; 
ttag +70 4; 
ttag +71 7; 
ttag +72 2; 
ttag +73 4; 
ttag +74 3; 
ttag +75 3; 
ttag +76 2; 
ttag +77 8; 
ttag +78 3; 
ttag +79 11; 
ttag +80 3; 
ttag +81 1; 
ttag +82 8; 
ttag +83 1; 
tread
'Tree with tags' 
(0 (1 ((2 3 )(4 (5 ((6 (7 (10 (8 9 ))))(11 ((14 (13 (12 (21 ((22 (23 (24 25 )))(26 (27 (28 ((29 (30 31 ))((32 ((33 34 )(35 (36 (37 (38 39 ))))))((40 (41 (42 43 )))(47 (45 (44 46 ))))))))))))))((15 (16 17 ))(18 (19 20 ))))))))))); 
ttag *!; 
ttag +0 ////; 
ttag +1 ////; 
ttag +2 ////; 
ttag +3 ////; 
ttag +4 ////; 
ttag +5 ////; 
ttag +6 ////; 
ttag +7 ////; 
ttag +8 ////; 
ttag +9 ////; 
ttag +10 ////; 
ttag +11 ////; 
ttag +12 ////; 
ttag +13 ////; 
ttag +14 ////; 
ttag +15 ////; 
ttag +16 ////; 
ttag +17 ////; 
ttag +18 ////; 
ttag +19 ////; 
ttag +20 ////; 
ttag +21 ////; 
ttag +22 ////; 
ttag +23 ////; 
ttag +24 ////; 
ttag +25 ////; 
ttag +26 ////; 
ttag +27 ////; 
ttag +28 ////; 
ttag +29 ////; 
ttag +30 ////; 
ttag +31 ////; 
ttag +32 ////; 
ttag +33 ////; 
ttag +34 ////; 
ttag +35 ////; 
ttag +36 ////; 
ttag +37 ////; 
ttag +38 ////; 
ttag +39 ////; 
ttag +40 ////; 
ttag +41 ////; 
ttag +42 ////; 
ttag +43 ////; 
ttag +44 ////; 
ttag +45 ////; 
ttag +46 ////; 
ttag +47 ////; 
ttag +48 ////; 
ttag +49 100/100/100/100/100; 
ttag +50 99/99/98/99/98; 
ttag +51 98/97/94/98/95; 
ttag +52 99/99/92/100/94; 
ttag +53 40/[1]/?/?/?; 
ttag +54 59/52/36/52/41; 
ttag +55 30/[10]/?/?/?; 
ttag +56 46/31/14/24/20; 
ttag +57 36/[8]/?/?/?; 
ttag +58 95/94/88/97/92; 
ttag +59 28/12/8/13/8; 
ttag +60 11/[28]/?/?/?; 
ttag +61 20/8/8/16/12; 
ttag +62 11/0/4/2/0; 
ttag +63 22/6/4/0/2; 
ttag +64 85/74/63/66/62; 
ttag +65 36/23/17/20/14; 
ttag +66 99/99/92/97/97; 
ttag +67 99/99/96/99/96; 
ttag +68 100/100/99/100/99; 
ttag +69 54/42/29/42/30; 
ttag +70 84/78/56/75/58; 
ttag +71 82/80/60/77/62; 
ttag +72 98/98/95/96/90; 
ttag +73 100/100/99/99/99; 
ttag +74 81/80/62/87/73; 
ttag +75 88/85/73/92/79; 
ttag +76 88/85/72/91/76; 
ttag +77 97/96/85/97/89; 
ttag +78 93/92/83/95/84; 
ttag +79 86/79/60/78/65; 
ttag +80 91/88/76/91/83; 
ttag +81 61/38/29/48/30; 
ttag +82 76/71/62/70/62; 
ttag +83 66/57/46/60/51; 
ttag +84 72/65/50/62/53; 
ttag +85 79/76/70/72/66; 
ttag +86 98/97/94/96/91; 
ttag +87 88/86/76/88/85; 
ttag +88 99/99/99/100/98; 
ttag +89 73/66/55/68/62; 
ttag +90 54/26/17/22/24; 
ttag +91 99/98/97/98/98; 
ttag +92 28/[14]/?/?/?; 
ttag +93 54/38/40/39/30; 
ttag +94 54/41/37/44/26; 
