tread
'Tree with tags' 
(0 (1 ((2 3 )(4 (5 ((6 (7 (8 (9 10 ))))(11 14 21 (12 13 )(17 (15 16 ))(18 (19 20 ))((22 (23 (24 25 )))(26 (27 (28 ((29 (30 31 ))(32 (33 34 )(35 (36 (37 38 39 )))))((40 41 (42 43 ))(44 45 46 47 ))))))))))))); 
ttag *!; 
ttag +49 ???; 
ttag +50 2; 
ttag +51 4; 
ttag +52 6; 
ttag +53 3; 
ttag +54 2; 
ttag +55 2; 
ttag +56 1; 
ttag +57 9; 
ttag +58 2; 
ttag +59 1; 
ttag +60 1; 
ttag +61 1; 
ttag +62 2; 
ttag +63 2; 
ttag +64 6; 
ttag +65 2; 
ttag +66 4; 
ttag +67 2; 
ttag +68 12; 
ttag +69 6; 
ttag +70 1; 
ttag +71 4; 
ttag +72 5; 
ttag +73 1; 
ttag +74 6; 
ttag +75 6; 
ttag +76 3; 
ttag +77 3; 
ttag +78 4; 
ttag +79 3; 
ttag +80 6; 
ttag +81 3; 
ttag +82 7; 
ttag +83 3; 
tread
'Tree with tags' 
(0 (1 ((2 3 )(4 (5 ((6 (7 (8 (9 10 ))))(11 ((21 (14 (12 13 )))(((17 (15 16 ))(18 (19 20 )))((22 (23 (24 25 )))(26 (27 ((28 ((29 (30 31 ))(32 ((33 34 )(35 (36 (37 (38 39 ))))))))((40 (41 (42 43 )))((44 46 )(45 47 )))))))))))))))); 
ttag *!; 
ttag +0 ////; 
ttag +1 ////; 
ttag +2 ////; 
ttag +3 ////; 
ttag +4 ////; 
ttag +5 ////; 
ttag +6 ////; 
ttag +7 ////; 
ttag +8 ////; 
ttag +9 ////; 
ttag +10 ////; 
ttag +11 ////; 
ttag +12 ////; 
ttag +13 ////; 
ttag +14 ////; 
ttag +15 ////; 
ttag +16 ////; 
ttag +17 ////; 
ttag +18 ////; 
ttag +19 ////; 
ttag +20 ////; 
ttag +21 ////; 
ttag +22 ////; 
ttag +23 ////; 
ttag +24 ////; 
ttag +25 ////; 
ttag +26 ////; 
ttag +27 ////; 
ttag +28 ////; 
ttag +29 ////; 
ttag +30 ////; 
ttag +31 ////; 
ttag +32 ////; 
ttag +33 ////; 
ttag +34 ////; 
ttag +35 ////; 
ttag +36 ////; 
ttag +37 ////; 
ttag +38 ////; 
ttag +39 ////; 
ttag +40 ////; 
ttag +41 ////; 
ttag +42 ////; 
ttag +43 ////; 
ttag +44 ////; 
ttag +45 ////; 
ttag +46 ////; 
ttag +47 ////; 
ttag +48 ////; 
ttag +49 100/100/100/100/100; 
ttag +50 63/50/44/60/52; 
ttag +51 89/86/83/83/79; 
ttag +52 96/95/93/97/95; 
ttag +53 51/19/17/30/19; 
ttag +54 36/4/0/15/?; 
ttag +55 35/3/1/18/1; 
ttag +56 25/[6]/?/?/?; 
ttag +57 95/94/92/96/93; 
ttag +58 84/83/85/87/84; 
ttag +59 45/32/30/33/24; 
ttag +60 55/45/38/49/42; 
ttag +61 4/[46]/?/?/?; 
ttag +62 2/[48]/?/?/?; 
ttag +63 28/9/?/6/9; 
ttag +64 64/46/36/58/40; 
ttag +65 92/89/84/93/84; 
ttag +66 67/52/45/58/45; 
ttag +67 13/[36]/?/?/?; 
ttag +68 68/47/46/51/56; 
ttag +69 99/99/98/99/98; 
ttag +70 50/38/44/40/26; 
ttag +71 87/84/74/86/76; 
ttag +72 60/49/48/55/40; 
ttag +73 100/100/100/100/100; 
ttag +74 94/93/95/96/92; 
ttag +75 45/4/?/9/?; 
ttag +76 16/[26]/?/?/?; 
ttag +77 88/85/77/86/72; 
ttag +78 98/98/94/98/95; 
ttag +79 45/31/15/36/17; 
ttag +80 99/98/98/99/97; 
ttag +81 94/93/86/92/88; 
ttag +82 80/77/66/81/66; 
ttag +83 30/13/12/10/7; 
ttag +84 91/90/80/84/77; 
ttag +85 98/98/90/93/90; 
ttag +86 94/92/84/90/81; 
ttag +87 34/1/0/5/9; 
ttag +88 94/92/80/90/83; 
ttag +89 69/56/46/62/45; 
ttag +90 39/8/14/14/13; 
ttag +91 98/98/96/98/95; 
ttag +92 60/54/46/46/47; 
ttag +93 92/90/92/93/90; 
ttag +94 28/[11]/?/?/?; 
