tread
'Tree with tags' 
(0 (1 ((2 3 )(5 (4 ((11 14 (6 7 )(12 13 )(15 (16 17 ))(18 (19 20 ))(21 ((22 (23 (24 25 )))(26 (27 (28 (29 (30 31 )(((32 (35 (36 (37 (38 39 )))))(33 34 ))((40 (41 (42 43 )))(45 (44 (46 47 ))))))))))))(8 (9 10 )))))))); 
ttag *!; 
ttag +49 ???; 
ttag +50 7; 
ttag +51 6; 
ttag +52 3; 
ttag +53 9; 
ttag +54 2; 
ttag +55 1; 
ttag +56 1; 
ttag +57 9; 
ttag +58 2; 
ttag +59 1; 
ttag +60 9; 
ttag +61 6; 
ttag +62 6; 
ttag +63 16; 
ttag +64 4; 
ttag +65 5; 
ttag +66 2; 
ttag +67 9; 
ttag +68 3; 
ttag +69 7; 
ttag +70 2; 
ttag +71 2; 
ttag +72 1; 
ttag +73 3; 
ttag +74 1; 
ttag +75 3; 
ttag +76 2; 
ttag +77 1; 
ttag +78 7; 
ttag +79 1; 
ttag +80 2; 
ttag +81 3; 
ttag +82 4; 
ttag +83 1; 
ttag +84 1; 
ttag +85 5; 
ttag +86 1; 
ttag +87 3; 
ttag +88 2; 
tread
'Tree with tags' 
(0 (1 ((2 3 )(5 (4 (((6 7 )((14 ((11 ((15 (16 17 ))(18 (19 20 ))))(21 ((22 (23 (24 25 )))(26 (27 (28 ((29 (((32 (35 (36 (37 (38 39 )))))(33 34 ))((40 (41 (42 43 )))(45 (44 (46 47 ))))))(30 31 )))))))))(12 13 )))(8 (9 10 )))))))); 
ttag *!; 
ttag +0 ////; 
ttag +1 ////; 
ttag +2 ////; 
ttag +3 ////; 
ttag +4 ////; 
ttag +5 ////; 
ttag +6 ////; 
ttag +7 ////; 
ttag +8 ////; 
ttag +9 ////; 
ttag +10 ////; 
ttag +11 ////; 
ttag +12 ////; 
ttag +13 ////; 
ttag +14 ////; 
ttag +15 ////; 
ttag +16 ////; 
ttag +17 ////; 
ttag +18 ////; 
ttag +19 ////; 
ttag +20 ////; 
ttag +21 ////; 
ttag +22 ////; 
ttag +23 ////; 
ttag +24 ////; 
ttag +25 ////; 
ttag +26 ////; 
ttag +27 ////; 
ttag +28 ////; 
ttag +29 ////; 
ttag +30 ////; 
ttag +31 ////; 
ttag +32 ////; 
ttag +33 ////; 
ttag +34 ////; 
ttag +35 ////; 
ttag +36 ////; 
ttag +37 ////; 
ttag +38 ////; 
ttag +39 ////; 
ttag +40 ////; 
ttag +41 ////; 
ttag +42 ////; 
ttag +43 ////; 
ttag +44 ////; 
ttag +45 ////; 
ttag +46 ////; 
ttag +47 ////; 
ttag +48 ////; 
ttag +49 100/100/100/100/100; 
ttag +50 98/98/97/100/98; 
ttag +51 96/95/83/94/89; 
ttag +52 52/35/12/39/24; 
ttag +53 96/95/84/95/86; 
ttag +54 74/66/55/63/51; 
ttag +55 20/5/?/12/?; 
ttag +56 30/16/6/20/7; 
ttag +57 100/100/98/99/98; 
ttag +58 80/73/49/70/58; 
ttag +59 12/[14]/?/?/?; 
ttag +60 12/[14]/?/?/?; 
ttag +61 9/[6]/?/?/?; 
ttag +62 15/1/?/7/?; 
ttag +63 37/22/20/28/23; 
ttag +64 99/99/98/99/98; 
ttag +65 14/[11]/?/?/?; 
ttag +66 97/96/89/95/90; 
ttag +67 99/99/96/98/92; 
ttag +68 100/100/100/100/100; 
ttag +69 76/72/48/75/46; 
ttag +70 90/88/76/87/77; 
ttag +71 61/50/38/59/44; 
ttag +72 99/98/93/98/95; 
ttag +73 80/70/59/76/61; 
ttag +74 95/94/88/97/83; 
ttag +75 68/53/42/55/37; 
ttag +76 75/72/60/68/52; 
ttag +77 5/[45]/?/?/?; 
ttag +78 49/26/24/30/16; 
ttag +79 81/71/61/72/61; 
ttag +80 36/18/7/29/13; 
ttag +81 64/58/43/67/46; 
ttag +82 66/62/57/70/58; 
ttag +83 64/53/34/54/41; 
ttag +84 95/94/90/96/91; 
ttag +85 46/20/12/33/12; 
ttag +86 82/74/75/79/72; 
ttag +87 91/91/85/94/84; 
ttag +88 87/84/83/88/71; 
ttag +89 67/53/35/54/44; 
ttag +90 42/23/22/30/32; 
ttag +91 98/97/90/95/88; 
ttag +92 31/22/18/22/9; 
ttag +93 82/79/72/76/74; 
ttag +94 60/56/46/60/38; 
