tread
'Tree with tags' 
(0 (1 ((2 3 )(4 (11 ((5 (6 7 )(8 (9 10 )))(12 13 14 (((15 (16 17 ))(18 (19 20 )))(21 ((22 23 (24 25 ))(26 (28 (27 ((29 (30 31 ))((32 ((33 34 )(35 (36 (39 (37 38 ))))))(46 (47 (44 45 ))))(40 (41 (42 43 ))))))))))))))))); 
ttag *!; 
ttag +49 ???; 
ttag +50 7; 
ttag +51 2; 
ttag +52 9; 
ttag +53 1; 
ttag +54 1; 
ttag +55 2; 
ttag +56 1; 
ttag +57 7; 
ttag +58 2; 
ttag +59 1; 
ttag +60 8; 
ttag +61 1; 
ttag +62 1; 
ttag +63 2; 
ttag +64 8; 
ttag +65 10; 
ttag +66 1; 
ttag +67 4; 
ttag +68 7; 
ttag +69 5; 
ttag +70 4; 
ttag +71 1; 
ttag +72 5; 
ttag +73 6; 
ttag +74 1; 
ttag +75 1; 
ttag +76 5; 
ttag +77 1; 
ttag +78 4; 
ttag +79 1; 
ttag +80 1; 
ttag +81 1; 
ttag +82 1; 
ttag +83 9; 
ttag +84 6; 
ttag +85 3; 
ttag +86 4; 
ttag +87 2; 
ttag +88 1; 
ttag +89 1; 
tread
'Tree with tags' 
(0 (1 ((2 3 )(4 (11 (((5 (8 (9 10 )))(6 7 ))((12 13 )(14 (((15 (16 17 ))(18 (19 20 )))(21 ((22 (23 (24 25 )))(26 (28 (27 (((29 (30 31 ))(40 (41 (42 43 ))))((32 ((33 34 )(35 (36 (39 (37 38 ))))))(46 (47 (44 45 ))))))))))))))))))); 
ttag *!; 
ttag +0 ////; 
ttag +1 ////; 
ttag +2 ////; 
ttag +3 ////; 
ttag +4 ////; 
ttag +5 ////; 
ttag +6 ////; 
ttag +7 ////; 
ttag +8 ////; 
ttag +9 ////; 
ttag +10 ////; 
ttag +11 ////; 
ttag +12 ////; 
ttag +13 ////; 
ttag +14 ////; 
ttag +15 ////; 
ttag +16 ////; 
ttag +17 ////; 
ttag +18 ////; 
ttag +19 ////; 
ttag +20 ////; 
ttag +21 ////; 
ttag +22 ////; 
ttag +23 ////; 
ttag +24 ////; 
ttag +25 ////; 
ttag +26 ////; 
ttag +27 ////; 
ttag +28 ////; 
ttag +29 ////; 
ttag +30 ////; 
ttag +31 ////; 
ttag +32 ////; 
ttag +33 ////; 
ttag +34 ////; 
ttag +35 ////; 
ttag +36 ////; 
ttag +37 ////; 
ttag +38 ////; 
ttag +39 ////; 
ttag +40 ////; 
ttag +41 ////; 
ttag +42 ////; 
ttag +43 ////; 
ttag +44 ////; 
ttag +45 ////; 
ttag +46 ////; 
ttag +47 ////; 
ttag +48 ////; 
ttag +49 100/100/100/100/100; 
ttag +50 99/99/98/100/99; 
ttag +51 85/76/75/78/77; 
ttag +52 99/98/97/98/96; 
ttag +53 6/[12]/?/?/?; 
ttag +54 28/18/1/26/7; 
ttag +55 6/[16]/?/?/?; 
ttag +56 35/20/7/9/10; 
ttag +57 50/30/27/24/30; 
ttag +58 98/97/90/99/94; 
ttag +59 88/84/75/78/74; 
ttag +60 39/8/18/10/16; 
ttag +61 8/[14]/?/?/?; 
ttag +62 3/[27]/?/?/?; 
ttag +63 94/92/89/96/86; 
ttag +64 25/3/0/5/6; 
ttag +65 4/[17]/?/?/?; 
ttag +66 64/42/35/40/41; 
ttag +67 100/100/96/97/96; 
ttag +68 100/100/100/100/100; 
ttag +69 37/22/9/8/8; 
ttag +70 78/74/54/76/61; 
ttag +71 81/75/63/78/70; 
ttag +72 51/16/20/17/14; 
ttag +73 94/92/85/90/88; 
ttag +74 84/82/76/78/73; 
ttag +75 46/23/27/30/13; 
ttag +76 82/78/69/80/67; 
ttag +77 93/91/89/93/87; 
ttag +78 8/[18]/?/?/?; 
ttag +79 55/32/37/39/24; 
ttag +80 63/46/43/55/50; 
ttag +81 94/93/88/98/93; 
ttag +82 24/[2]/?/?/?; 
ttag +83 99/99/95/98/96; 
ttag +84 29/12/13/16/17; 
ttag +85 54/50/36/47/44; 
ttag +86 44/14/12/18/20; 
ttag +87 45/15/13/26/20; 
ttag +88 100/100/96/100/96; 
ttag +89 94/93/86/93/90; 
ttag +90 90/84/82/86/86; 
ttag +91 96/94/90/98/95; 
ttag +92 78/71/66/69/58; 
ttag +93 36/23/11/18/18; 
ttag +94 39/29/16/26/24; 
