tread
'Tree with tags' 
(0 (1 ((2 3 )(5 6 7 12 (4 (8 9 10 ))(11 13 )((14 ((15 (16 17 ))(18 (19 20 ))))(21 (22 (23 (24 25 ))(26 27 28 ((29 (30 31 ))(32 ((33 34 )(35 (36 (37 38 39 )))))(40 41 (42 43 ))(45 (44 (46 47 )))))))))))); 
ttag *!; 
ttag +49 ???; 
ttag +50 8; 
ttag +51 6; 
ttag +52 1; 
ttag +53 4; 
ttag +54 3; 
ttag +55 1; 
ttag +56 3; 
ttag +57 2; 
ttag +58 6; 
ttag +59 3; 
ttag +60 3; 
ttag +61 4; 
ttag +62 12; 
ttag +63 2; 
ttag +64 3; 
ttag +65 4; 
ttag +66 4; 
ttag +67 6; 
ttag +68 2; 
ttag +69 1; 
ttag +70 3; 
ttag +71 2; 
ttag +72 2; 
ttag +73 1; 
ttag +74 1; 
ttag +75 2; 
ttag +76 5; 
ttag +77 1; 
ttag +78 1; 
ttag +79 1; 
ttag +80 6; 
ttag +81 2; 
tread
'Tree with tags' 
(0 (1 ((2 3 )((12 (((5 (4 (9 (8 10 ))))(6 7 ))(11 13 )))((14 ((15 (16 17 ))(18 (19 20 ))))(21 ((22 ((27 (26 28 ))((29 (30 31 ))((32 ((33 34 )(35 (36 (38 (37 39 ))))))((40 (41 (42 43 )))(45 (44 (46 47 ))))))))(23 (24 25 ))))))))); 
ttag *!; 
ttag +0 ////; 
ttag +1 ////; 
ttag +2 ////; 
ttag +3 ////; 
ttag +4 ////; 
ttag +5 ////; 
ttag +6 ////; 
ttag +7 ////; 
ttag +8 ////; 
ttag +9 ////; 
ttag +10 ////; 
ttag +11 ////; 
ttag +12 ////; 
ttag +13 ////; 
ttag +14 ////; 
ttag +15 ////; 
ttag +16 ////; 
ttag +17 ////; 
ttag +18 ////; 
ttag +19 ////; 
ttag +20 ////; 
ttag +21 ////; 
ttag +22 ////; 
ttag +23 ////; 
ttag +24 ////; 
ttag +25 ////; 
ttag +26 ////; 
ttag +27 ////; 
ttag +28 ////; 
ttag +29 ////; 
ttag +30 ////; 
ttag +31 ////; 
ttag +32 ////; 
ttag +33 ////; 
ttag +34 ////; 
ttag +35 ////; 
ttag +36 ////; 
ttag +37 ////; 
ttag +38 ////; 
ttag +39 ////; 
ttag +40 ////; 
ttag +41 ////; 
ttag +42 ////; 
ttag +43 ////; 
ttag +44 ////; 
ttag +45 ////; 
ttag +46 ////; 
ttag +47 ////; 
ttag +48 ////; 
ttag +49 100/100/100/100/100; 
ttag +50 100/100/98/99/98; 
ttag +51 94/93/84/88/82; 
ttag +52 26/10/?/15/1; 
ttag +53 20/4/1/9/?; 
ttag +54 18/2/1/9/?; 
ttag +55 2/[17]/?/?/?; 
ttag +56 7/[12]/?/?/?; 
ttag +57 56/36/39/43/33; 
ttag +58 49/45/26/42/28; 
ttag +59 32/[2]/?/2/?; 
ttag +60 85/80/68/86/69; 
ttag +61 17/4/?/4/?; 
ttag +62 62/52/29/53/30; 
ttag +63 46/36/16/44/15; 
ttag +64 95/94/86/97/92; 
ttag +65 65/55/36/61/41; 
ttag +66 80/72/53/81/59; 
ttag +67 94/91/88/91/85; 
ttag +68 100/100/100/100/100; 
ttag +69 66/62/50/58/44; 
ttag +70 24/[25]/?/?/?; 
ttag +71 76/72/56/75/48; 
ttag +72 96/95/88/94/84; 
ttag +73 88/83/78/90/65; 
ttag +74 6/[62]/?/?/?; 
ttag +75 34/[10]/?/?/2; 
ttag +76 94/93/84/93/85; 
ttag +77 74/67/53/68/51; 
ttag +78 64/57/51/60/48; 
ttag +79 81/72/66/76/68; 
ttag +80 70/66/52/74/58; 
ttag +81 11/[25]/?/?/?; 
ttag +82 53/34/29/41/21; 
ttag +83 28/[19]/?/2/?; 
ttag +84 47/39/34/39/33; 
ttag +85 88/87/79/88/82; 
ttag +86 33/[7]/?/?/?; 
ttag +87 93/93/86/94/88; 
ttag +88 67/46/42/57/47; 
ttag +89 11/[25]/?/?/?; 
ttag +90 57/44/52/44/49; 
ttag +91 57/46/38/44/41; 
ttag +92 66/56/41/61/51; 
ttag +93 94/92/88/96/87; 
ttag +94 79/69/56/73/64; 
