tread
'Tree with tags' 
(0 (1 (2 3 )(4 5 11 14 21 ((6 7 )(8 (9 10 )))(12 13 )((15 (16 17 ))(18 (19 20 )))(22 23 (24 25 ))(26 (27 (28 ((29 (30 31 ))((32 ((33 34 )(35 (36 (37 38 39 )))))((40 (41 (42 43 )))(45 (44 (46 47 )))))))))))); 
ttag *!; 
ttag +49 ???; 
ttag +50 2; 
ttag +51 6; 
ttag +52 3; 
ttag +53 2; 
ttag +54 5; 
ttag +55 3; 
ttag +56 1; 
ttag +57 4; 
ttag +58 2; 
ttag +59 1; 
ttag +60 10; 
ttag +61 8; 
ttag +62 6; 
ttag +63 2; 
ttag +64 3; 
ttag +65 3; 
ttag +66 2; 
ttag +67 13; 
ttag +68 3; 
ttag +69 6; 
ttag +70 6; 
ttag +71 2; 
ttag +72 3; 
ttag +73 3; 
ttag +74 4; 
ttag +75 8; 
ttag +76 3; 
ttag +77 4; 
ttag +78 2; 
ttag +79 4; 
ttag +80 9; 
ttag +81 1; 
ttag +82 2; 
ttag +83 2; 
tread
'Tree with tags' 
(0 ((1 (2 3 ))(((21 ((11 ((14 ((4 5 )((6 7 )(8 (9 10 )))))(12 13 )))((15 (16 17 ))(18 (19 20 )))))(26 (27 (28 ((29 (30 31 ))((32 ((33 34 )(35 (36 (37 (38 39 ))))))((40 (41 (42 43 )))(45 (44 (46 47 ))))))))))(23 (22 (24 25 )))))); 
ttag *!; 
ttag +0 ////; 
ttag +1 ////; 
ttag +2 ////; 
ttag +3 ////; 
ttag +4 ////; 
ttag +5 ////; 
ttag +6 ////; 
ttag +7 ////; 
ttag +8 ////; 
ttag +9 ////; 
ttag +10 ////; 
ttag +11 ////; 
ttag +12 ////; 
ttag +13 ////; 
ttag +14 ////; 
ttag +15 ////; 
ttag +16 ////; 
ttag +17 ////; 
ttag +18 ////; 
ttag +19 ////; 
ttag +20 ////; 
ttag +21 ////; 
ttag +22 ////; 
ttag +23 ////; 
ttag +24 ////; 
ttag +25 ////; 
ttag +26 ////; 
ttag +27 ////; 
ttag +28 ////; 
ttag +29 ////; 
ttag +30 ////; 
ttag +31 ////; 
ttag +32 ////; 
ttag +33 ////; 
ttag +34 ////; 
ttag +35 ////; 
ttag +36 ////; 
ttag +37 ////; 
ttag +38 ////; 
ttag +39 ////; 
ttag +40 ////; 
ttag +41 ////; 
ttag +42 ////; 
ttag +43 ////; 
ttag +44 ////; 
ttag +45 ////; 
ttag +46 ////; 
ttag +47 ////; 
ttag +48 ////; 
ttag +49 35/2/1/6/?; 
ttag +50 100/100/100/100/100; 
ttag +51 78/71/63/76/59; 
ttag +52 48/32/36/37/25; 
ttag +53 13/[24]/?/?/?; 
ttag +54 7/[29]/?/?/?; 
ttag +55 6/[30]/?/?/?; 
ttag +56 9/[28]/?/?/?; 
ttag +57 10/[27]/?/?/?; 
ttag +58 2/[35]/?/?/?; 
ttag +59 28/[10]/?/?/?; 
ttag +60 96/94/84/94/82; 
ttag +61 88/86/82/86/82; 
ttag +62 60/48/39/55/42; 
ttag +63 94/93/90/91/90; 
ttag +64 80/74/64/78/68; 
ttag +65 34/20/28/28/23; 
ttag +66 96/95/86/94/89; 
ttag +67 51/38/38/45/29; 
ttag +68 63/51/36/50/32; 
ttag +69 100/100/99/100/99; 
ttag +70 100/100/98/99/98; 
ttag +71 20/[36]/?/?/?; 
ttag +72 97/96/89/96/88; 
ttag +73 85/80/77/88/75; 
ttag +74 92/91/88/94/86; 
ttag +75 85/82/61/84/70; 
ttag +76 64/58/35/59/39; 
ttag +77 100/100/99/100/100; 
ttag +78 78/73/55/72/47; 
ttag +79 98/97/91/97/93; 
ttag +80 86/84/73/89/72; 
ttag +81 48/44/24/40/25; 
ttag +82 48/24/34/36/34; 
ttag +83 41/10/11/20/18; 
ttag +84 87/85/73/85/73; 
ttag +85 99/99/98/99/98; 
ttag +86 91/88/78/87/78; 
ttag +87 33/4/?/2/?; 
ttag +88 57/43/33/52/36; 
ttag +89 19/6/?/7/?; 
ttag +90 57/34/21/42/22; 
ttag +91 99/99/96/99/97; 
ttag +92 11/[9]/?/?/?; 
ttag +93 32/19/4/14/3; 
ttag +94 25/10/1/10/1; 
