tread
'Tree with tags' 
(0 (1 ((2 3 )(4 (5 11 ((6 7 )(10 (8 9 )))((12 13 )(21 ((14 ((16 (15 17 ))(18 (19 20 ))))((((22 (28 (((32 ((33 34 )(35 (36 (37 (38 39 ))))))(40 41 (42 43 )))(47 (44 45 46 )))))(29 (30 31 )))(26 27 ))(23 (24 25 ))))))))))); 
ttag *!; 
ttag +49 ???; 
ttag +50 8; 
ttag +51 7; 
ttag +52 2; 
ttag +53 1; 
ttag +54 1; 
ttag +55 1; 
ttag +56 2; 
ttag +57 7; 
ttag +58 2; 
ttag +59 2; 
ttag +60 1; 
ttag +61 1; 
ttag +62 2; 
ttag +63 1; 
ttag +64 7; 
ttag +65 2; 
ttag +66 6; 
ttag +67 10; 
ttag +68 1; 
ttag +69 1; 
ttag +70 1; 
ttag +71 8; 
ttag +72 2; 
ttag +73 6; 
ttag +74 2; 
ttag +75 1; 
ttag +76 7; 
ttag +77 2; 
ttag +78 1; 
ttag +79 1; 
ttag +80 1; 
ttag +81 1; 
ttag +82 1; 
ttag +83 2; 
ttag +84 2; 
ttag +85 2; 
ttag +86 1; 
ttag +87 2; 
ttag +88 8; 
ttag +89 2; 
ttag +90 4; 
tread
'Tree with tags' 
(0 (1 ((2 3 )(4 ((5 11 )(((6 7 )(10 (8 9 )))((12 13 )(21 ((14 ((16 (15 17 ))(18 (19 20 ))))((((22 (28 (((32 ((33 34 )(35 (36 (37 (38 39 ))))))((40 41 )(42 43 )))(47 (46 (44 45 ))))))(29 (30 31 )))(26 27 ))(23 (24 25 )))))))))))); 
ttag *!; 
ttag +0 ////; 
ttag +1 ////; 
ttag +2 ////; 
ttag +3 ////; 
ttag +4 ////; 
ttag +5 ////; 
ttag +6 ////; 
ttag +7 ////; 
ttag +8 ////; 
ttag +9 ////; 
ttag +10 ////; 
ttag +11 ////; 
ttag +12 ////; 
ttag +13 ////; 
ttag +14 ////; 
ttag +15 ////; 
ttag +16 ////; 
ttag +17 ////; 
ttag +18 ////; 
ttag +19 ////; 
ttag +20 ////; 
ttag +21 ////; 
ttag +22 ////; 
ttag +23 ////; 
ttag +24 ////; 
ttag +25 ////; 
ttag +26 ////; 
ttag +27 ////; 
ttag +28 ////; 
ttag +29 ////; 
ttag +30 ////; 
ttag +31 ////; 
ttag +32 ////; 
ttag +33 ////; 
ttag +34 ////; 
ttag +35 ////; 
ttag +36 ////; 
ttag +37 ////; 
ttag +38 ////; 
ttag +39 ////; 
ttag +40 ////; 
ttag +41 ////; 
ttag +42 ////; 
ttag +43 ////; 
ttag +44 ////; 
ttag +45 ////; 
ttag +46 ////; 
ttag +47 ////; 
ttag +48 ////; 
ttag +49 100/100/100/100/100; 
ttag +50 99/99/98/100/97; 
ttag +51 98/98/95/99/95; 
ttag +52 59/40/38/46/47; 
ttag +53 16/[15]/?/?/?; 
ttag +54 62/49/50/53/44; 
ttag +55 76/69/58/67/58; 
ttag +56 43/32/27/30/24; 
ttag +57 43/19/10/20/15; 
ttag +58 81/74/60/75/62; 
ttag +59 99/98/96/98/96; 
ttag +60 28/10/6/5/12; 
ttag +61 49/42/35/52/36; 
ttag +62 55/43/42/46/42; 
ttag +63 15/[23]/?/?/?; 
ttag +64 34/16/16/6/16; 
ttag +65 39/7/?/12/?; 
ttag +66 94/93/88/96/90; 
ttag +67 80/76/68/64/58; 
ttag +68 98/98/98/99/98; 
ttag +69 100/100/100/100/100; 
ttag +70 16/[14]/?/?/?; 
ttag +71 16/[14]/?/?/?; 
ttag +72 19/[11]/?/?/?; 
ttag +73 94/92/93/95/85; 
ttag +74 90/84/85/89/80; 
ttag +75 95/92/84/94/86; 
ttag +76 60/56/43/50/42; 
ttag +77 23/2/4/8/2; 
ttag +78 99/99/94/98/96; 
ttag +79 76/69/64/77/72; 
ttag +80 55/48/45/42/46; 
ttag +81 13/0/1/2/?; 
ttag +82 38/29/25/35/26; 
ttag +83 23/[3]/?/6/10; 
ttag +84 49/26/25/27/24; 
ttag +85 64/55/46/57/49; 
ttag +86 52/34/24/46/29; 
ttag +87 83/76/70/78/81; 
ttag +88 62/46/37/36/33; 
ttag +89 20/[17]/?/?/?; 
ttag +90 54/46/43/53/36; 
ttag +91 98/97/97/100/96; 
ttag +92 32/2/?/2/1; 
ttag +93 82/82/79/84/75; 
ttag +94 88/88/85/92/89; 
