tread
'Tree with tags' 
(0 (1 ((2 3 )(4 (5 (((6 7 )(8 (9 10 )))(11 ((12 13 )(14 21 ((15 16 17 )(22 (23 (24 25 ))))(18 (19 20 ))((26 27 )(28 46 47 (29 (30 31 ))(32 35 (33 34 )(36 (37 (38 39 ))))(40 (41 (42 43 )))(44 45 )))))))))))); 
ttag *!; 
ttag +49 ???; 
ttag +50 8; 
ttag +51 6; 
ttag +52 4; 
ttag +53 3; 
ttag +54 1; 
ttag +55 1; 
ttag +56 2; 
ttag +57 8; 
ttag +58 1; 
ttag +59 1; 
ttag +60 2; 
ttag +61 1; 
ttag +62 2; 
ttag +63 7; 
ttag +64 1; 
ttag +65 4; 
ttag +66 7; 
ttag +67 2; 
ttag +68 4; 
ttag +69 8; 
ttag +70 1; 
ttag +71 4; 
ttag +72 1; 
ttag +73 7; 
ttag +74 1; 
ttag +75 3; 
ttag +76 1; 
ttag +77 2; 
ttag +78 6; 
ttag +79 1; 
ttag +80 8; 
ttag +81 3; 
ttag +82 6; 
ttag +83 1; 
tread
'Tree with tags' 
(0 (1 ((2 3 )(4 (5 (((6 7 )(8 (9 10 )))(11 ((12 13 )((14 (((15 (16 17 ))(22 (23 (24 25 ))))(18 (19 20 ))))(21 ((26 27 )(((28 (29 (30 31 )))((40 (41 (42 43 )))(47 (46 (44 45 )))))(((32 35 )(33 34 ))(36 (37 (38 39 )))))))))))))))); 
ttag *!; 
ttag +0 ////; 
ttag +1 ////; 
ttag +2 ////; 
ttag +3 ////; 
ttag +4 ////; 
ttag +5 ////; 
ttag +6 ////; 
ttag +7 ////; 
ttag +8 ////; 
ttag +9 ////; 
ttag +10 ////; 
ttag +11 ////; 
ttag +12 ////; 
ttag +13 ////; 
ttag +14 ////; 
ttag +15 ////; 
ttag +16 ////; 
ttag +17 ////; 
ttag +18 ////; 
ttag +19 ////; 
ttag +20 ////; 
ttag +21 ////; 
ttag +22 ////; 
ttag +23 ////; 
ttag +24 ////; 
ttag +25 ////; 
ttag +26 ////; 
ttag +27 ////; 
ttag +28 ////; 
ttag +29 ////; 
ttag +30 ////; 
ttag +31 ////; 
ttag +32 ////; 
ttag +33 ////; 
ttag +34 ////; 
ttag +35 ////; 
ttag +36 ////; 
ttag +37 ////; 
ttag +38 ////; 
ttag +39 ////; 
ttag +40 ////; 
ttag +41 ////; 
ttag +42 ////; 
ttag +43 ////; 
ttag +44 ////; 
ttag +45 ////; 
ttag +46 ////; 
ttag +47 ////; 
ttag +48 ////; 
ttag +49 100/100/100/100/100; 
ttag +50 99/99/99/99/98; 
ttag +51 95/94/84/92/84; 
ttag +52 90/86/76/84/78; 
ttag +53 67/62/50/65/56; 
ttag +54 50/24/20/11/22; 
ttag +55 43/18/6/3/7; 
ttag +56 31/21/9/22/9; 
ttag +57 99/99/99/99/99; 
ttag +58 51/30/7/20/21; 
ttag +59 36/10/?/?/3; 
ttag +60 55/49/37/56/40; 
ttag +61 32/27/16/27/18; 
ttag +62 3/[20]/?/?/?; 
ttag +63 56/52/34/60/38; 
ttag +64 92/91/86/94/84; 
ttag +65 16/[8]/?/?/?; 
ttag +66 3/[20]/?/?/?; 
ttag +67 38/0/?/2/8; 
ttag +68 89/88/77/88/72; 
ttag +69 97/96/97/98/92; 
ttag +70 11/[12]/?/?/?; 
ttag +71 70/64/48/62/56; 
ttag +72 96/96/91/93/88; 
ttag +73 98/98/93/96/94; 
ttag +74 49/37/37/44/40; 
ttag +75 71/62/53/67/56; 
ttag +76 12/[6]/?/?/?; 
ttag +77 17/[6]/?/?/?; 
ttag +78 39/20/8/21/11; 
ttag +79 95/94/90/96/90; 
ttag +80 46/10/12/22/18; 
ttag +81 12/[23]/?/?/?; 
ttag +82 4/[30]/?/?/?; 
ttag +83 60/51/38/57/44; 
ttag +84 46/30/24/32/32; 
ttag +85 84/78/76/76/69; 
ttag +86 98/98/94/98/92; 
ttag +87 62/54/46/57/43; 
ttag +88 100/100/94/98/96; 
ttag +89 38/27/18/23/22; 
ttag +90 86/80/82/84/77; 
ttag +91 98/98/98/100/98; 
ttag +92 44/34/21/35/27; 
ttag +93 29/[4]/?/?/?; 
ttag +94 59/52/53/50/50; 
