tread
'Tree with tags' 
(0 (1 ((2 3 )(4 5 (11 (7 (6 (9 (8 10 ))))(14 (12 13 )((15 (16 17 ))(18 (19 20 )))(21 ((22 (23 (24 25 )))(26 (27 (28 ((29 (30 31 ))((32 ((33 34 )(35 (36 (39 (37 38 ))))))((40 (41 (42 43 )))(46 (47 (44 45 ))))))))))))))))); 
ttag *!; 
ttag +49 ???; 
ttag +50 7; 
ttag +51 4; 
ttag +52 1; 
ttag +53 2; 
ttag +54 3; 
ttag +55 1; 
ttag +56 1; 
ttag +57 11; 
ttag +58 2; 
ttag +59 2; 
ttag +60 5; 
ttag +61 1; 
ttag +62 1; 
ttag +63 5; 
ttag +64 8; 
ttag +65 2; 
ttag +66 7; 
ttag +67 3; 
ttag +68 8; 
ttag +69 14; 
ttag +70 4; 
ttag +71 2; 
ttag +72 3; 
ttag +73 7; 
ttag +74 3; 
ttag +75 7; 
ttag +76 9; 
ttag +77 3; 
ttag +78 6; 
ttag +79 4; 
ttag +80 3; 
ttag +81 4; 
ttag +82 1; 
ttag +83 5; 
ttag +84 7; 
ttag +85 1; 
ttag +86 4; 
ttag +87 10; 
ttag +88 3; 
ttag +89 3; 
ttag +90 2; 
tread
'Tree with tags' 
(0 (1 ((2 3 )((4 5 )((7 (6 (9 (8 10 ))))(11 ((12 13 )((14 ((15 (16 17 ))(18 (19 20 ))))(21 ((22 (23 (24 25 )))(26 (27 (28 ((29 (30 31 ))((32 ((33 34 )(35 (36 (39 (37 38 ))))))((40 (41 (42 43 )))(46 (47 (44 45 ))))))))))))))))))); 
ttag *!; 
ttag +0 ////; 
ttag +1 ////; 
ttag +2 ////; 
ttag +3 ////; 
ttag +4 ////; 
ttag +5 ////; 
ttag +6 ////; 
ttag +7 ////; 
ttag +8 ////; 
ttag +9 ////; 
ttag +10 ////; 
ttag +11 ////; 
ttag +12 ////; 
ttag +13 ////; 
ttag +14 ////; 
ttag +15 ////; 
ttag +16 ////; 
ttag +17 ////; 
ttag +18 ////; 
ttag +19 ////; 
ttag +20 ////; 
ttag +21 ////; 
ttag +22 ////; 
ttag +23 ////; 
ttag +24 ////; 
ttag +25 ////; 
ttag +26 ////; 
ttag +27 ////; 
ttag +28 ////; 
ttag +29 ////; 
ttag +30 ////; 
ttag +31 ////; 
ttag +32 ////; 
ttag +33 ////; 
ttag +34 ////; 
ttag +35 ////; 
ttag +36 ////; 
ttag +37 ////; 
ttag +38 ////; 
ttag +39 ////; 
ttag +40 ////; 
ttag +41 ////; 
ttag +42 ////; 
ttag +43 ////; 
ttag +44 ////; 
ttag +45 ////; 
ttag +46 ////; 
ttag +47 ////; 
ttag +48 ////; 
ttag +49 100/100/100/100/100; 
ttag +50 99/99/95/98/98; 
ttag +51 93/92/83/89/82; 
ttag +52 47/34/46/32/37; 
ttag +53 33/12/0/26/6; 
ttag +54 59/53/46/50/37; 
ttag +55 68/61/51/70/51; 
ttag +56 42/31/20/33/15; 
ttag +57 53/44/36/44/41; 
ttag +58 100/100/99/100/98; 
ttag +59 16/4/6/6/1; 
ttag +60 51/45/40/52/42; 
ttag +61 63/60/43/66/38; 
ttag +62 15/[5]/?/?/?; 
ttag +63 1/[14]/?/?/?; 
ttag +64 99/98/94/98/94; 
ttag +65 35/14/9/14/12; 
ttag +66 61/48/36/46/29; 
ttag +67 99/99/95/100/95; 
ttag +68 100/100/99/100/99; 
ttag +69 44/23/16/26/23; 
ttag +70 98/97/95/98/94; 
ttag +71 86/82/73/78/77; 
ttag +72 98/98/96/99/92; 
ttag +73 100/100/100/100/100; 
ttag +74 90/87/78/91/77; 
ttag +75 37/[8]/?/?/?; 
ttag +76 38/11/5/15/9; 
ttag +77 89/86/82/90/82; 
ttag +78 42/15/8/16/13; 
ttag +79 98/98/93/99/92; 
ttag +80 100/100/99/100/98; 
ttag +81 35/8/1/8/7; 
ttag +82 98/98/98/100/96; 
ttag +83 90/87/83/84/87; 
ttag +84 86/84/76/92/75; 
ttag +85 89/86/69/88/70; 
ttag +86 62/61/56/66/55; 
ttag +87 93/92/83/94/83; 
ttag +88 71/59/54/66/54; 
ttag +89 17/[10]/?/?/?; 
ttag +90 57/45/42/49/45; 
ttag +91 100/100/100/100/99; 
ttag +92 77/72/58/70/59; 
ttag +93 63/55/35/44/38; 
ttag +94 44/35/20/33/17; 
