tread
'Tree with tags' 
(0 (1 ((2 3 )(4 (5 (((6 7 )(8 (9 10 )))(11 ((12 13 )((14 (18 ((15 (16 17 ))(19 20 ))))(21 ((22 (23 (24 25 )))(26 (27 (28 ((29 (30 31 ))(((32 (33 34 ))(35 (36 (37 38 39 ))))(46 (40 (41 (42 43 )))(47 (44 45 ))))))))))))))))))); 
ttag *!; 
ttag +49 ???; 
ttag +50 3; 
ttag +51 4; 
ttag +52 4; 
ttag +53 2; 
ttag +54 3; 
ttag +55 5; 
ttag +56 2; 
ttag +57 7; 
ttag +58 1; 
ttag +59 2; 
ttag +60 2; 
ttag +61 3; 
ttag +62 1; 
ttag +63 4; 
ttag +64 13; 
ttag +65 2; 
ttag +66 4; 
ttag +67 2; 
ttag +68 10; 
ttag +69 1; 
ttag +70 9; 
ttag +71 4; 
ttag +72 4; 
ttag +73 7; 
ttag +74 1; 
ttag +75 1; 
ttag +76 1; 
ttag +77 4; 
ttag +78 1; 
ttag +79 8; 
ttag +80 1; 
ttag +81 3; 
ttag +82 2; 
ttag +83 3; 
ttag +84 1; 
ttag +85 1; 
ttag +86 11; 
ttag +87 6; 
ttag +88 2; 
ttag +89 1; 
ttag +90 2; 
ttag +91 1; 
ttag +92 1; 
tread
'Tree with tags' 
(0 (1 ((2 3 )(4 (5 (((6 7 )(8 (9 10 )))(11 ((12 13 )((14 (18 ((15 (16 17 ))(19 20 ))))(21 ((22 (23 (24 25 )))(26 (27 (28 ((29 (30 31 ))(((32 (33 34 ))(35 (36 (38 (37 39 )))))(46 ((40 (41 (42 43 )))(47 (44 45 )))))))))))))))))))); 
ttag *!; 
ttag +0 ////; 
ttag +1 ////; 
ttag +2 ////; 
ttag +3 ////; 
ttag +4 ////; 
ttag +5 ////; 
ttag +6 ////; 
ttag +7 ////; 
ttag +8 ////; 
ttag +9 ////; 
ttag +10 ////; 
ttag +11 ////; 
ttag +12 ////; 
ttag +13 ////; 
ttag +14 ////; 
ttag +15 ////; 
ttag +16 ////; 
ttag +17 ////; 
ttag +18 ////; 
ttag +19 ////; 
ttag +20 ////; 
ttag +21 ////; 
ttag +22 ////; 
ttag +23 ////; 
ttag +24 ////; 
ttag +25 ////; 
ttag +26 ////; 
ttag +27 ////; 
ttag +28 ////; 
ttag +29 ////; 
ttag +30 ////; 
ttag +31 ////; 
ttag +32 ////; 
ttag +33 ////; 
ttag +34 ////; 
ttag +35 ////; 
ttag +36 ////; 
ttag +37 ////; 
ttag +38 ////; 
ttag +39 ////; 
ttag +40 ////; 
ttag +41 ////; 
ttag +42 ////; 
ttag +43 ////; 
ttag +44 ////; 
ttag +45 ////; 
ttag +46 ////; 
ttag +47 ////; 
ttag +48 ////; 
ttag +49 100/100/100/100/100; 
ttag +50 78/74/64/75/65; 
ttag +51 87/84/62/80/60; 
ttag +52 74/71/54/72/50; 
ttag +53 49/34/20/36/20; 
ttag +54 76/62/60/66/63; 
ttag +55 92/89/86/87/76; 
ttag +56 32/17/8/24/6; 
ttag +57 99/98/97/99/96; 
ttag +58 66/66/60/62/64; 
ttag +59 36/21/15/22/7; 
ttag +60 54/44/34/56/38; 
ttag +61 58/53/41/60/28; 
ttag +62 36/19/14/23/14; 
ttag +63 72/69/60/72/53; 
ttag +64 100/100/100/100/100; 
ttag +65 54/19/10/28/3; 
ttag +66 68/60/56/68/52; 
ttag +67 53/31/21/39/28; 
ttag +68 100/100/100/100/100; 
ttag +69 48/34/28/34/16; 
ttag +70 99/98/98/99/95; 
ttag +71 87/84/63/78/66; 
ttag +72 98/98/90/96/89; 
ttag +73 100/100/98/99/99; 
ttag +74 41/28/34/32/21; 
ttag +75 27/4/0/12/?; 
ttag +76 20/[16]/?/?/?; 
ttag +77 95/94/88/95/82; 
ttag +78 18/[26]/?/?/?; 
ttag +79 99/99/98/99/99; 
ttag +80 43/30/19/43/26; 
ttag +81 91/90/78/88/76; 
ttag +82 76/70/62/75/60; 
ttag +83 66/50/43/72/48; 
ttag +84 50/28/23/28/24; 
ttag +85 68/53/49/54/48; 
ttag +86 41/10/8/8/4; 
ttag +87 99/99/99/99/98; 
ttag +88 100/100/96/98/96; 
ttag +89 34/0/?/?/?; 
ttag +90 68/60/52/69/52; 
ttag +91 48/30/28/33/22; 
ttag +92 72/67/64/70/59; 
ttag +93 46/26/26/31/30; 
ttag +94 49/34/28/47/43; 
