tread
'Tree with tags' 
(0 (1 ((2 3 )(4 (5 ((7 (6 (10 (8 9 ))))(11 (12 ((13 14 ((15 16 17 )(18 (19 20 ))))(21 ((22 (23 (24 25 )))((26 27 )((28 ((32 ((33 34 )(35 (36 (37 38 39 )))))(44 45 46 47 (40 (41 (42 43 ))))))(29 (30 31 ))))))))))))))); 
ttag *!; 
ttag +49 ???; 
ttag +50 5; 
ttag +51 3; 
ttag +52 7; 
ttag +53 2; 
ttag +54 3; 
ttag +55 2; 
ttag +56 1; 
ttag +57 1; 
ttag +58 9; 
ttag +59 1; 
ttag +60 2; 
ttag +61 1; 
ttag +62 2; 
ttag +63 5; 
ttag +64 3; 
ttag +65 5; 
ttag +66 10; 
ttag +67 2; 
ttag +68 4; 
ttag +69 7; 
ttag +70 8; 
ttag +71 8; 
ttag +72 2; 
ttag +73 4; 
ttag +74 2; 
ttag +75 3; 
ttag +76 7; 
ttag +77 8; 
ttag +78 6; 
ttag +79 3; 
ttag +80 6; 
ttag +81 1; 
ttag +82 1; 
ttag +83 5; 
ttag +84 3; 
ttag +85 5; 
ttag +86 5; 
ttag +87 1; 
ttag +88 11; 
tread
'Tree with tags' 
(0 (1 ((2 3 )(4 (5 ((7 (6 (10 (8 9 ))))(11 (12 (((13 14 )((15 (16 17 ))(18 (19 20 ))))(21 ((22 (23 (24 25 )))((26 27 )((28 ((32 ((33 34 )(35 (36 (38 (37 39 ))))))(46 ((47 (40 (41 (42 43 ))))(44 45 )))))(29 (30 31 ))))))))))))))); 
ttag *!; 
ttag +0 ////; 
ttag +1 ////; 
ttag +2 ////; 
ttag +3 ////; 
ttag +4 ////; 
ttag +5 ////; 
ttag +6 ////; 
ttag +7 ////; 
ttag +8 ////; 
ttag +9 ////; 
ttag +10 ////; 
ttag +11 ////; 
ttag +12 ////; 
ttag +13 ////; 
ttag +14 ////; 
ttag +15 ////; 
ttag +16 ////; 
ttag +17 ////; 
ttag +18 ////; 
ttag +19 ////; 
ttag +20 ////; 
ttag +21 ////; 
ttag +22 ////; 
ttag +23 ////; 
ttag +24 ////; 
ttag +25 ////; 
ttag +26 ////; 
ttag +27 ////; 
ttag +28 ////; 
ttag +29 ////; 
ttag +30 ////; 
ttag +31 ////; 
ttag +32 ////; 
ttag +33 ////; 
ttag +34 ////; 
ttag +35 ////; 
ttag +36 ////; 
ttag +37 ////; 
ttag +38 ////; 
ttag +39 ////; 
ttag +40 ////; 
ttag +41 ////; 
ttag +42 ////; 
ttag +43 ////; 
ttag +44 ////; 
ttag +45 ////; 
ttag +46 ////; 
ttag +47 ////; 
ttag +48 ////; 
ttag +49 100/100/100/100/100; 
ttag +50 86/83/67/78/68; 
ttag +51 90/86/72/84/76; 
ttag +52 91/90/80/91/75; 
ttag +53 54/44/30/48/27; 
ttag +54 78/72/59/77/63; 
ttag +55 88/84/74/80/66; 
ttag +56 48/34/25/38/24; 
ttag +57 64/43/38/42/41; 
ttag +58 100/100/98/100/99; 
ttag +59 48/36/20/29/16; 
ttag +60 25/16/5/16/2; 
ttag +61 33/22/14/19/11; 
ttag +62 21/10/?/11/?; 
ttag +63 39/32/13/28/13; 
ttag +64 91/89/78/89/80; 
ttag +65 46/37/28/38/28; 
ttag +66 22/[24]/?/?/5; 
ttag +67 96/94/90/95/90; 
ttag +68 100/100/99/100/100; 
ttag +69 46/36/34/46/29; 
ttag +70 88/82/76/84/79; 
ttag +71 83/78/74/80/75; 
ttag +72 98/98/98/99/99; 
ttag +73 100/100/100/100/100; 
ttag +74 63/55/55/49/50; 
ttag +75 54/27/32/36/20; 
ttag +76 40/12/8/19/8; 
ttag +77 44/17/24/28/14; 
ttag +78 92/91/83/92/87; 
ttag +79 98/98/94/98/95; 
ttag +80 83/79/69/78/66; 
ttag +81 59/47/40/47/43; 
ttag +82 96/95/88/94/90; 
ttag +83 28/4/6/8/5; 
ttag +84 55/38/38/38/41; 
ttag +85 94/92/84/94/85; 
ttag +86 26/[16]/?/?/?; 
ttag +87 98/98/93/96/91; 
ttag +88 82/76/63/76/70; 
ttag +89 3/[31]/?/?/?; 
ttag +90 28/0/?/?/?; 
ttag +91 92/90/80/92/83; 
ttag +92 50/12/?/7/?; 
ttag +93 99/99/100/100/100; 
ttag +94 17/[17]/?/?/?; 
