tread
'Tree with tags' 
(0 (1 ((2 3 )(4 5 11 12 13 14 21 (6 7 (8 (9 10 )))(15 (16 17 ))(18 (19 20 ))((22 (23 (24 25 )))(26 (27 (28 ((29 (30 31 ))(32 ((33 34 )(35 (36 (39 (37 38 ))))))(40 41 (42 43 ))(46 (47 (44 45 )))))))))))); 
ttag *!; 
ttag +49 ???; 
ttag +50 7; 
ttag +51 3; 
ttag +52 6; 
ttag +53 1; 
ttag +54 8; 
ttag +55 2; 
ttag +56 3; 
ttag +57 3; 
ttag +58 5; 
ttag +59 7; 
ttag +60 1; 
ttag +61 3; 
ttag +62 4; 
ttag +63 4; 
ttag +64 5; 
ttag +65 1; 
ttag +66 4; 
ttag +67 8; 
ttag +68 1; 
ttag +69 1; 
ttag +70 8; 
ttag +71 2; 
ttag +72 1; 
ttag +73 2; 
ttag +74 4; 
ttag +75 1; 
ttag +76 6; 
ttag +77 7; 
ttag +78 9; 
ttag +79 2; 
ttag +80 1; 
ttag +81 1; 
tread
'Tree with tags' 
(0 (1 ((2 3 )((((((11 (4 5 ))(((6 7 )(8 (9 10 )))(12 13 )))(14 21 ))((22 (23 (24 25 )))(26 (27 (28 ((((29 (30 31 ))(46 (47 (44 45 ))))(40 (41 (42 43 ))))(32 ((33 34 )(35 (36 (39 (37 38 ))))))))))))(18 (19 20 )))(15 (16 17 )))))); 
ttag *!; 
ttag +0 ////; 
ttag +1 ////; 
ttag +2 ////; 
ttag +3 ////; 
ttag +4 ////; 
ttag +5 ////; 
ttag +6 ////; 
ttag +7 ////; 
ttag +8 ////; 
ttag +9 ////; 
ttag +10 ////; 
ttag +11 ////; 
ttag +12 ////; 
ttag +13 ////; 
ttag +14 ////; 
ttag +15 ////; 
ttag +16 ////; 
ttag +17 ////; 
ttag +18 ////; 
ttag +19 ////; 
ttag +20 ////; 
ttag +21 ////; 
ttag +22 ////; 
ttag +23 ////; 
ttag +24 ////; 
ttag +25 ////; 
ttag +26 ////; 
ttag +27 ////; 
ttag +28 ////; 
ttag +29 ////; 
ttag +30 ////; 
ttag +31 ////; 
ttag +32 ////; 
ttag +33 ////; 
ttag +34 ////; 
ttag +35 ////; 
ttag +36 ////; 
ttag +37 ////; 
ttag +38 ////; 
ttag +39 ////; 
ttag +40 ////; 
ttag +41 ////; 
ttag +42 ////; 
ttag +43 ////; 
ttag +44 ////; 
ttag +45 ////; 
ttag +46 ////; 
ttag +47 ////; 
ttag +48 ////; 
ttag +49 100/100/100/100/100; 
ttag +50 100/100/99/100/98; 
ttag +51 96/95/93/95/93; 
ttag +52 22/4/5/14/16; 
ttag +53 4/[21]/?/?/?; 
ttag +54 4/[21]/?/?/?; 
ttag +55 5/[22]/?/?/?; 
ttag +56 14/[10]/?/?/?; 
ttag +57 10/[14]/?/?/?; 
ttag +58 95/93/92/96/94; 
ttag +59 33/13/9/13/16; 
ttag +60 70/68/61/70/60; 
ttag +61 16/[2]/2/6/2; 
ttag +62 99/98/99/99/98; 
ttag +63 82/76/72/76/74; 
ttag +64 14/2/2/1/?; 
ttag +65 37/10/18/20/22; 
ttag +66 96/94/91/94/92; 
ttag +67 84/79/63/79/69; 
ttag +68 96/96/94/97/95; 
ttag +69 99/99/99/99/99; 
ttag +70 67/55/47/56/52; 
ttag +71 92/92/81/94/82; 
ttag +72 93/91/82/91/86; 
ttag +73 95/94/83/92/80; 
ttag +74 94/93/87/94/82; 
ttag +75 58/51/41/37/30; 
ttag +76 86/82/79/81/74; 
ttag +77 98/98/94/98/94; 
ttag +78 9/[12]/?/?/?; 
ttag +79 10/[10]/?/?/?; 
ttag +80 64/54/48/56/47; 
ttag +81 76/68/52/69/60; 
ttag +82 99/99/88/94/92; 
ttag +83 70/56/50/52/51; 
ttag +84 51/32/28/33/22; 
ttag +85 70/62/47/61/47; 
ttag +86 95/94/82/93/86; 
ttag +87 60/42/26/46/33; 
ttag +88 96/94/85/95/86; 
ttag +89 98/98/97/98/96; 
ttag +90 36/19/14/15/13; 
ttag +91 99/99/100/100/98; 
ttag +92 76/76/70/75/73; 
ttag +93 73/70/66/75/67; 
ttag +94 68/59/43/63/51; 
