tread
'Tree with tags' 
(0 (1 ((2 3 )(4 (5 (6 (7 (8 9 10 ))((11 12 13 14 21 ((22 (23 (24 25 )))((26 27 )(28 ((29 (30 31 ))(((32 ((33 34 )(35 (36 (37 38 39 )))))(44 46 (45 47 )))(40 (41 (42 43 )))))))))((15 (16 17 ))(18 (19 20 )))))))))); 
ttag *!; 
ttag +49 ???; 
ttag +50 1; 
ttag +51 4; 
ttag +52 8; 
ttag +53 1; 
ttag +54 1; 
ttag +55 2; 
ttag +56 11; 
ttag +57 1; 
ttag +58 1; 
ttag +59 1; 
ttag +60 5; 
ttag +61 2; 
ttag +62 4; 
ttag +63 9; 
ttag +64 5; 
ttag +65 4; 
ttag +66 5; 
ttag +67 6; 
ttag +68 2; 
ttag +69 2; 
ttag +70 3; 
ttag +71 8; 
ttag +72 2; 
ttag +73 3; 
ttag +74 8; 
ttag +75 3; 
ttag +76 1; 
ttag +77 4; 
ttag +78 2; 
ttag +79 1; 
ttag +80 2; 
ttag +81 10; 
ttag +82 10; 
ttag +83 1; 
ttag +84 6; 
ttag +85 3; 
ttag +86 1; 
tread
'Tree with tags' 
(0 (1 ((2 3 )(4 (5 ((6 ((11 ((12 13 )(21 (14 ((22 (23 (24 25 )))((26 27 )(28 ((29 (30 31 ))(((32 ((33 34 )(35 (36 (37 (38 39 ))))))(46 (44 (45 47 ))))(40 (41 (42 43 ))))))))))))((15 (16 17 ))(18 (19 20 )))))(7 (8 (9 10 ))))))))); 
ttag *!; 
ttag +0 ////; 
ttag +1 ////; 
ttag +2 ////; 
ttag +3 ////; 
ttag +4 ////; 
ttag +5 ////; 
ttag +6 ////; 
ttag +7 ////; 
ttag +8 ////; 
ttag +9 ////; 
ttag +10 ////; 
ttag +11 ////; 
ttag +12 ////; 
ttag +13 ////; 
ttag +14 ////; 
ttag +15 ////; 
ttag +16 ////; 
ttag +17 ////; 
ttag +18 ////; 
ttag +19 ////; 
ttag +20 ////; 
ttag +21 ////; 
ttag +22 ////; 
ttag +23 ////; 
ttag +24 ////; 
ttag +25 ////; 
ttag +26 ////; 
ttag +27 ////; 
ttag +28 ////; 
ttag +29 ////; 
ttag +30 ////; 
ttag +31 ////; 
ttag +32 ////; 
ttag +33 ////; 
ttag +34 ////; 
ttag +35 ////; 
ttag +36 ////; 
ttag +37 ////; 
ttag +38 ////; 
ttag +39 ////; 
ttag +40 ////; 
ttag +41 ////; 
ttag +42 ////; 
ttag +43 ////; 
ttag +44 ////; 
ttag +45 ////; 
ttag +46 ////; 
ttag +47 ////; 
ttag +48 ////; 
ttag +49 100/100/100/100/100; 
ttag +50 76/66/57/75/66; 
ttag +51 93/91/87/93/86; 
ttag +52 100/100/98/98/97; 
ttag +53 35/14/26/14/16; 
ttag +54 1/[33]/?/?/?; 
ttag +55 27/5/16/4/4; 
ttag +56 63/51/46/53/29; 
ttag +57 100/100/99/100/98; 
ttag +58 47/18/19/13/18; 
ttag +59 7/[14]/?/?/?; 
ttag +60 22/0/6/?/?; 
ttag +61 26/0/?/?/0; 
ttag +62 2/[19]/?/?/?; 
ttag +63 9/[16]/?/?/?; 
ttag +64 5/[20]/?/?/?; 
ttag +65 64/42/38/55/27; 
ttag +66 91/90/73/88/80; 
ttag +67 72/66/54/72/53; 
ttag +68 97/97/90/95/91; 
ttag +69 100/100/100/100/99; 
ttag +70 87/80/63/79/69; 
ttag +71 39/17/25/19/12; 
ttag +72 87/83/81/92/79; 
ttag +73 98/98/96/98/92; 
ttag +74 55/26/28/29/23; 
ttag +75 89/84/78/84/73; 
ttag +76 57/47/39/55/44; 
ttag +77 99/99/95/99/96; 
ttag +78 26/2/6/16/5; 
ttag +79 86/81/76/81/80; 
ttag +80 96/94/91/96/92; 
ttag +81 41/29/8/30/23; 
ttag +82 18/[5]/?/5/1; 
ttag +83 88/84/76/84/82; 
ttag +84 66/55/43/61/48; 
ttag +85 51/40/30/45/30; 
ttag +86 78/74/67/82/70; 
ttag +87 99/99/99/100/98; 
ttag +88 41/[3]/1/4/2; 
ttag +89 99/99/98/99/98; 
ttag +90 58/46/30/41/38; 
ttag +91 97/96/90/96/94; 
ttag +92 8/[4]/?/?/?; 
ttag +93 52/45/32/52/35; 
ttag +94 42/26/14/26/23; 
