tread
'Tree with tags' 
(0 (1 ((2 3 )(4 (5 ((6 ((12 13 )(14 (18 (19 20 )))(15 (16 17 ))(21 ((22 (23 (24 25 )))(26 (27 (28 (29 (30 31 ))(32 35 36 (33 34 )(37 (38 39 )))((40 41 (42 43 ))(44 46 (45 47 ))))))))))(7 (11 (8 (9 10 )))))))))); 
ttag *!; 
ttag +49 ???; 
ttag +50 3; 
ttag +51 6; 
ttag +52 7; 
ttag +53 4; 
ttag +54 2; 
ttag +55 3; 
ttag +56 1; 
ttag +57 8; 
ttag +58 2; 
ttag +59 2; 
ttag +60 2; 
ttag +61 5; 
ttag +62 1; 
ttag +63 6; 
ttag +64 5; 
ttag +65 7; 
ttag +66 11; 
ttag +67 1; 
ttag +68 1; 
ttag +69 2; 
ttag +70 3; 
ttag +71 8; 
ttag +72 3; 
ttag +73 1; 
ttag +74 1; 
ttag +75 3; 
ttag +76 11; 
ttag +77 6; 
ttag +78 1; 
ttag +79 2; 
ttag +80 1; 
ttag +81 5; 
ttag +82 2; 
ttag +83 11; 
ttag +84 7; 
ttag +85 3; 
tread
'Tree with tags' 
(0 (1 ((2 3 )(4 (5 ((6 (((12 13 )((14 (18 (19 20 )))(21 ((22 (23 (24 25 )))(26 (27 ((28 (32 (35 (36 ((33 34 )(37 (38 39 )))))))((29 (30 31 ))((41 (40 (42 43 )))(44 (46 (45 47 ))))))))))))(15 (16 17 ))))(7 (11 (8 (9 10 )))))))))); 
ttag *!; 
ttag +0 ////; 
ttag +1 ////; 
ttag +2 ////; 
ttag +3 ////; 
ttag +4 ////; 
ttag +5 ////; 
ttag +6 ////; 
ttag +7 ////; 
ttag +8 ////; 
ttag +9 ////; 
ttag +10 ////; 
ttag +11 ////; 
ttag +12 ////; 
ttag +13 ////; 
ttag +14 ////; 
ttag +15 ////; 
ttag +16 ////; 
ttag +17 ////; 
ttag +18 ////; 
ttag +19 ////; 
ttag +20 ////; 
ttag +21 ////; 
ttag +22 ////; 
ttag +23 ////; 
ttag +24 ////; 
ttag +25 ////; 
ttag +26 ////; 
ttag +27 ////; 
ttag +28 ////; 
ttag +29 ////; 
ttag +30 ////; 
ttag +31 ////; 
ttag +32 ////; 
ttag +33 ////; 
ttag +34 ////; 
ttag +35 ////; 
ttag +36 ////; 
ttag +37 ////; 
ttag +38 ////; 
ttag +39 ////; 
ttag +40 ////; 
ttag +41 ////; 
ttag +42 ////; 
ttag +43 ////; 
ttag +44 ////; 
ttag +45 ////; 
ttag +46 ////; 
ttag +47 ////; 
ttag +48 ////; 
ttag +49 100/100/100/100/100; 
ttag +50 88/84/72/79/77; 
ttag +51 98/97/95/97/96; 
ttag +52 99/98/93/97/95; 
ttag +53 82/74/52/70/48; 
ttag +54 33/[1]/?/1/?; 
ttag +55 60/52/36/58/38; 
ttag +56 20/[14]/?/?/?; 
ttag +57 100/100/95/98/96; 
ttag +58 33/22/18/24/18; 
ttag +59 73/67/58/76/62; 
ttag +60 53/45/40/41/37; 
ttag +61 15/4/?/5/?; 
ttag +62 75/67/56/64/60; 
ttag +63 31/21/11/26/11; 
ttag +64 15/7/?/3/?; 
ttag +65 99/98/96/98/98; 
ttag +66 98/96/96/99/93; 
ttag +67 94/94/83/96/88; 
ttag +68 100/100/99/100/100; 
ttag +69 19/9/6/10/9; 
ttag +70 31/14/12/9/7; 
ttag +71 50/40/30/41/32; 
ttag +72 66/46/32/50/23; 
ttag +73 99/99/94/99/96; 
ttag +74 60/54/32/51/38; 
ttag +75 20/[18]/?/?/?; 
ttag +76 22/0/?/?/?; 
ttag +77 52/43/22/41/28; 
ttag +78 70/66/48/68/53; 
ttag +79 43/21/10/21/10; 
ttag +80 100/100/99/99/99; 
ttag +81 93/92/86/95/86; 
ttag +82 69/50/47/38/39; 
ttag +83 12/[36]/?/?/?; 
ttag +84 22/[12]/?/?/?; 
ttag +85 26/[8]/?/?/?; 
ttag +86 76/70/59/72/64; 
ttag +87 74/68/61/59/56; 
ttag +88 31/[21]/?/?/?; 
ttag +89 94/94/94/96/92; 
ttag +90 80/75/57/75/71; 
ttag +91 100/100/99/100/100; 
ttag +92 98/97/95/99/97; 
ttag +93 89/88/79/87/80; 
ttag +94 31/[2]/?/?/?; 
