tread
'Tree with tags' 
(0 (1 ((2 3 )(5 (4 ((7 (6 (8 (9 10 ))))(11 (12 (13 (21 (14 (15 (16 17 ))(18 (19 20 ))(22 (23 (24 25 ))(26 27 28 ((29 (30 31 ))(44 45 46 47 (40 (41 (42 43 )))))(32 ((33 34 )(35 (36 (37 (38 39 ))))))))))))))))))); 
ttag *!; 
ttag +49 ???; 
ttag +50 13; 
ttag +51 2; 
ttag +52 1; 
ttag +53 10; 
ttag +54 1; 
ttag +55 5; 
ttag +56 5; 
ttag +57 8; 
ttag +58 3; 
ttag +59 1; 
ttag +60 2; 
ttag +61 1; 
ttag +62 2; 
ttag +63 1; 
ttag +64 6; 
ttag +65 4; 
ttag +66 4; 
ttag +67 15; 
ttag +68 5; 
ttag +69 2; 
ttag +70 10; 
ttag +71 6; 
ttag +72 4; 
ttag +73 1; 
ttag +74 4; 
ttag +75 5; 
ttag +76 5; 
ttag +77 3; 
ttag +78 2; 
ttag +79 6; 
ttag +80 4; 
ttag +81 2; 
ttag +82 2; 
ttag +83 1; 
ttag +84 1; 
ttag +85 9; 
tread
'Tree with tags' 
(0 (1 ((2 3 )(5 (4 ((7 (6 (8 (9 10 ))))(11 (12 (13 (21 ((14 ((15 (16 17 ))(18 (19 20 ))))((22 (23 (24 25 )))(26 (27 ((28 (32 ((33 34 )(35 (36 (37 (38 39 )))))))((29 (30 31 ))((40 (41 (42 43 )))(46 (44 (45 47 )))))))))))))))))))); 
ttag *!; 
ttag +0 ////; 
ttag +1 ////; 
ttag +2 ////; 
ttag +3 ////; 
ttag +4 ////; 
ttag +5 ////; 
ttag +6 ////; 
ttag +7 ////; 
ttag +8 ////; 
ttag +9 ////; 
ttag +10 ////; 
ttag +11 ////; 
ttag +12 ////; 
ttag +13 ////; 
ttag +14 ////; 
ttag +15 ////; 
ttag +16 ////; 
ttag +17 ////; 
ttag +18 ////; 
ttag +19 ////; 
ttag +20 ////; 
ttag +21 ////; 
ttag +22 ////; 
ttag +23 ////; 
ttag +24 ////; 
ttag +25 ////; 
ttag +26 ////; 
ttag +27 ////; 
ttag +28 ////; 
ttag +29 ////; 
ttag +30 ////; 
ttag +31 ////; 
ttag +32 ////; 
ttag +33 ////; 
ttag +34 ////; 
ttag +35 ////; 
ttag +36 ////; 
ttag +37 ////; 
ttag +38 ////; 
ttag +39 ////; 
ttag +40 ////; 
ttag +41 ////; 
ttag +42 ////; 
ttag +43 ////; 
ttag +44 ////; 
ttag +45 ////; 
ttag +46 ////; 
ttag +47 ////; 
ttag +48 ////; 
ttag +49 100/100/100/100/100; 
ttag +50 100/100/100/100/100; 
ttag +51 84/80/72/82/69; 
ttag +52 58/45/39/50/30; 
ttag +53 99/98/97/99/95; 
ttag +54 43/2/?/3/?; 
ttag +55 81/76/56/79/59; 
ttag +56 80/77/67/87/65; 
ttag +57 94/90/89/91/81; 
ttag +58 85/80/57/74/59; 
ttag +59 54/45/32/49/32; 
ttag +60 55/48/33/55/36; 
ttag +61 24/12/?/10/0; 
ttag +62 17/[14]/?/?/?; 
ttag +63 49/41/24/48/28; 
ttag +64 34/29/15/34/18; 
ttag +65 97/96/93/98/97; 
ttag +66 38/23/19/25/22; 
ttag +67 96/94/92/97/92; 
ttag +68 90/86/79/86/76; 
ttag +69 100/100/100/100/100; 
ttag +70 35/[4]/?/?/?; 
ttag +71 85/80/71/85/72; 
ttag +72 82/74/78/79/76; 
ttag +73 100/100/99/100/99; 
ttag +74 86/83/76/89/81; 
ttag +75 32/[16]/?/?/?; 
ttag +76 8/[18]/?/?/?; 
ttag +77 27/12/11/10/9; 
ttag +78 91/90/90/94/86; 
ttag +79 14/[8]/?/?/?; 
ttag +80 93/90/90/91/83; 
ttag +81 98/98/98/97/95; 
ttag +82 99/99/97/98/95; 
ttag +83 85/80/76/80/66; 
ttag +84 77/75/69/68/63; 
ttag +85 98/98/90/98/94; 
ttag +86 98/97/96/99/96; 
ttag +87 83/72/69/77/50; 
ttag +88 58/47/51/54/40; 
ttag +89 20/[3]/?/6/2; 
ttag +90 40/15/10/19/14; 
ttag +91 100/100/100/100/100; 
ttag +92 21/13/12/12/11; 
ttag +93 20/2/9/2/?; 
ttag +94 20/[1]/5/?/10; 
