tread
'Tree with tags' 
(0 (1 ((2 3 )(4 (5 ((6 (7 (8 (9 10 ))))(((11 (12 13 ))(21 ((22 (23 (24 25 )))(26 (27 (28 ((29 (30 31 ))((32 ((33 34 )(35 (36 (37 38 39 )))))((40 (41 (42 43 )))(46 (44 (45 47 ))))))))))))(14 ((15 (16 17 ))(18 (19 20 ))))))))))); 
ttag *!; 
ttag +49 ???; 
ttag +50 2; 
ttag +51 3; 
ttag +52 5; 
ttag +53 1; 
ttag +54 1; 
ttag +55 1; 
ttag +56 1; 
ttag +57 7; 
ttag +58 2; 
ttag +59 1; 
ttag +60 1; 
ttag +61 2; 
ttag +62 1; 
ttag +63 1; 
ttag +64 7; 
ttag +65 1; 
ttag +66 2; 
ttag +67 5; 
ttag +68 6; 
ttag +69 1; 
ttag +70 2; 
ttag +71 5; 
ttag +72 3; 
ttag +73 9; 
ttag +74 3; 
ttag +75 3; 
ttag +76 1; 
ttag +77 3; 
ttag +78 4; 
ttag +79 4; 
ttag +80 5; 
ttag +81 1; 
ttag +82 2; 
ttag +83 1; 
ttag +84 3; 
ttag +85 3; 
ttag +86 5; 
ttag +87 8; 
ttag +88 3; 
ttag +89 3; 
ttag +90 10; 
ttag +91 2; 
ttag +92 4; 
ttag +93 1; 
tread
'Tree with tags' 
(0 (1 ((2 3 )(4 (5 ((6 (7 (8 (9 10 ))))(((11 (12 13 ))(21 ((22 (23 (24 25 )))(26 (27 (28 ((29 (30 31 ))((32 ((33 34 )(35 (36 (37 (38 39 ))))))((40 (41 (42 43 )))(46 (44 (45 47 ))))))))))))(14 ((15 (16 17 ))(18 (19 20 ))))))))))); 
ttag *!; 
ttag +0 ////; 
ttag +1 ////; 
ttag +2 ////; 
ttag +3 ////; 
ttag +4 ////; 
ttag +5 ////; 
ttag +6 ////; 
ttag +7 ////; 
ttag +8 ////; 
ttag +9 ////; 
ttag +10 ////; 
ttag +11 ////; 
ttag +12 ////; 
ttag +13 ////; 
ttag +14 ////; 
ttag +15 ////; 
ttag +16 ////; 
ttag +17 ////; 
ttag +18 ////; 
ttag +19 ////; 
ttag +20 ////; 
ttag +21 ////; 
ttag +22 ////; 
ttag +23 ////; 
ttag +24 ////; 
ttag +25 ////; 
ttag +26 ////; 
ttag +27 ////; 
ttag +28 ////; 
ttag +29 ////; 
ttag +30 ////; 
ttag +31 ////; 
ttag +32 ////; 
ttag +33 ////; 
ttag +34 ////; 
ttag +35 ////; 
ttag +36 ////; 
ttag +37 ////; 
ttag +38 ////; 
ttag +39 ////; 
ttag +40 ////; 
ttag +41 ////; 
ttag +42 ////; 
ttag +43 ////; 
ttag +44 ////; 
ttag +45 ////; 
ttag +46 ////; 
ttag +47 ////; 
ttag +48 ////; 
ttag +49 100/100/100/100/100; 
ttag +50 78/68/57/68/64; 
ttag +51 81/70/62/68/54; 
ttag +52 94/92/80/93/80; 
ttag +53 35/10/8/10/10; 
ttag +54 48/40/37/44/29; 
ttag +55 20/[4]/?/?/?; 
ttag +56 32/10/4/9/9; 
ttag +57 100/100/96/98/98; 
ttag +58 82/78/77/78/70; 
ttag +59 6/[6]/?/?/?; 
ttag +60 13/[14]/?/?/?; 
ttag +61 54/49/42/55/40; 
ttag +62 48/40/38/48/40; 
ttag +63 14/0/?/?/?; 
ttag +64 99/99/98/99/98; 
ttag +65 42/26/25/32/28; 
ttag +66 62/47/42/51/35; 
ttag +67 98/98/89/98/93; 
ttag +68 100/100/100/98/99; 
ttag +69 60/48/38/54/39; 
ttag +70 76/68/55/64/56; 
ttag +71 94/92/80/92/82; 
ttag +72 73/64/42/60/50; 
ttag +73 100/100/100/99/98; 
ttag +74 82/76/60/80/58; 
ttag +75 85/82/68/80/73; 
ttag +76 57/49/53/50/47; 
ttag +77 72/64/55/66/59; 
ttag +78 74/71/56/69/63; 
ttag +79 94/93/92/94/94; 
ttag +80 86/84/86/89/80; 
ttag +81 22/1/?/12/?; 
ttag +82 80/77/71/75/66; 
ttag +83 40/12/13/28/18; 
ttag +84 55/36/35/48/37; 
ttag +85 82/80/65/79/68; 
ttag +86 90/86/79/90/84; 
ttag +87 30/3/1/?/?; 
ttag +88 99/99/96/98/98; 
ttag +89 64/49/43/53/41; 
ttag +90 88/84/78/83/71; 
ttag +91 100/100/100/100/100; 
ttag +92 45/26/20/33/17; 
ttag +93 84/82/75/79/72; 
ttag +94 39/20/18/26/16; 
