tread
'Tree with tags' 
(0 ((1 (2 3 ))((11 ((4 ((8 (9 10 ))((12 13 )(14 ((15 (16 17 ))(18 (19 20 )))))))(5 (6 7 ))))(21 ((22 (23 (24 25 )))(26 (28 (27 ((29 (30 31 ))((32 (35 (36 (37 38 39 ))))(33 34 ))(40 41 (42 43 ))((44 45 )(46 47 ))))))))))); 
ttag *!; 
ttag +49 1; 
ttag +50 ???; 
ttag +51 9; 
ttag +52 1; 
ttag +53 2; 
ttag +54 3; 
ttag +55 4; 
ttag +56 1; 
ttag +57 5; 
ttag +58 12; 
ttag +59 2; 
ttag +60 3; 
ttag +61 2; 
ttag +62 3; 
ttag +63 3; 
ttag +64 10; 
ttag +65 3; 
ttag +66 3; 
ttag +67 6; 
ttag +68 7; 
ttag +69 3; 
ttag +70 3; 
ttag +71 4; 
ttag +72 10; 
ttag +73 5; 
ttag +74 6; 
ttag +75 1; 
ttag +76 2; 
ttag +77 1; 
ttag +78 2; 
ttag +79 3; 
ttag +80 2; 
ttag +81 7; 
ttag +82 1; 
ttag +83 2; 
ttag +84 5; 
ttag +85 5; 
ttag +86 3; 
ttag +87 5; 
ttag +88 1; 
ttag +89 1; 
ttag +90 1; 
tread
'Tree with tags' 
(0 ((1 (2 3 ))((11 ((4 ((8 (9 10 ))((12 13 )(14 ((15 (16 17 ))(18 (19 20 )))))))(5 (6 7 ))))(21 ((22 (23 (24 25 )))(26 (28 (27 ((29 (30 31 ))((((32 (35 (36 (39 (37 38 )))))(33 34 ))((44 45 )(46 47 )))(40 (41 (42 43 ))))))))))))); 
ttag *!; 
ttag +0 ////; 
ttag +1 ////; 
ttag +2 ////; 
ttag +3 ////; 
ttag +4 ////; 
ttag +5 ////; 
ttag +6 ////; 
ttag +7 ////; 
ttag +8 ////; 
ttag +9 ////; 
ttag +10 ////; 
ttag +11 ////; 
ttag +12 ////; 
ttag +13 ////; 
ttag +14 ////; 
ttag +15 ////; 
ttag +16 ////; 
ttag +17 ////; 
ttag +18 ////; 
ttag +19 ////; 
ttag +20 ////; 
ttag +21 ////; 
ttag +22 ////; 
ttag +23 ////; 
ttag +24 ////; 
ttag +25 ////; 
ttag +26 ////; 
ttag +27 ////; 
ttag +28 ////; 
ttag +29 ////; 
ttag +30 ////; 
ttag +31 ////; 
ttag +32 ////; 
ttag +33 ////; 
ttag +34 ////; 
ttag +35 ////; 
ttag +36 ////; 
ttag +37 ////; 
ttag +38 ////; 
ttag +39 ////; 
ttag +40 ////; 
ttag +41 ////; 
ttag +42 ////; 
ttag +43 ////; 
ttag +44 ////; 
ttag +45 ////; 
ttag +46 ////; 
ttag +47 ////; 
ttag +48 ////; 
ttag +49 41/23/16/20/18; 
ttag +50 100/100/100/100/100; 
ttag +51 98/98/95/97/96; 
ttag +52 2/[18]/?/?/?; 
ttag +53 10/[11]/?/?/?; 
ttag +54 16/[5]/?/?/?; 
ttag +55 52/44/35/41/26; 
ttag +56 27/11/9/14/18; 
ttag +57 90/87/78/89/78; 
ttag +58 100/100/100/100/100; 
ttag +59 4/[17]/?/?/?; 
ttag +60 75/68/72/76/64; 
ttag +61 21/0/5/?/8; 
ttag +62 8/[13]/?/?/?; 
ttag +63 12/[7]/?/?/?; 
ttag +64 100/100/99/99/99; 
ttag +65 28/9/9/?/5; 
ttag +66 86/79/68/79/64; 
ttag +67 95/94/90/95/90; 
ttag +68 97/96/90/98/94; 
ttag +69 16/[5]/?/?/?; 
ttag +70 51/40/27/39/20; 
ttag +71 34/16/8/13/2; 
ttag +72 100/100/96/98/96; 
ttag +73 89/85/71/80/72; 
ttag +74 91/89/74/90/77; 
ttag +75 22/5/?/?/?; 
ttag +76 49/32/13/26/19; 
ttag +77 69/62/66/73/65; 
ttag +78 51/42/36/41/40; 
ttag +79 89/87/83/90/87; 
ttag +80 54/40/33/40/38; 
ttag +81 99/99/98/99/99; 
ttag +82 15/[43]/?/?/?; 
ttag +83 57/38/28/31/22; 
ttag +84 75/68/65/73/54; 
ttag +85 70/55/44/52/55; 
ttag +86 84/74/67/72/74; 
ttag +87 28/[6]/?/?/?; 
ttag +88 86/78/77/79/83; 
ttag +89 87/85/80/86/80; 
ttag +90 38/[4]/2/0/?; 
ttag +91 96/96/94/95/94; 
ttag +92 64/60/63/66/56; 
ttag +93 66/58/52/68/61; 
ttag +94 67/58/47/61/58; 
