tread
'Tree with tags' 
(0 (1 ((2 3 )(4 (5 (7 ((6 (8 (9 10 )))(11 (13 (12 ((14 (21 ((22 23 (24 25 ))((26 27 )(28 (30 31 (29 (46 (32 (35 (33 34 )(36 (38 (37 39 )))))(40 (41 (42 43 )))(44 (45 47 ))))))))))(15 16 17 (18 (19 20 )))))))))))))); 
ttag *!; 
ttag +49 ???; 
ttag +50 2; 
ttag +51 5; 
ttag +52 8; 
ttag +53 4; 
ttag +54 1; 
ttag +55 1; 
ttag +56 1; 
ttag +57 7; 
ttag +58 2; 
ttag +59 4; 
ttag +60 1; 
ttag +61 1; 
ttag +62 1; 
ttag +63 1; 
ttag +64 3; 
ttag +65 6; 
ttag +66 10; 
ttag +67 4; 
ttag +68 7; 
ttag +69 5; 
ttag +70 7; 
ttag +71 1; 
ttag +72 3; 
ttag +73 3; 
ttag +74 2; 
ttag +75 1; 
ttag +76 6; 
ttag +77 2; 
ttag +78 3; 
ttag +79 1; 
ttag +80 3; 
ttag +81 1; 
ttag +82 5; 
ttag +83 7; 
ttag +84 2; 
ttag +85 5; 
ttag +86 1; 
ttag +87 1; 
tread
'Tree with tags' 
(0 (1 ((2 3 )(4 (5 (7 ((6 (8 (9 10 )))(11 (13 (12 ((14 (21 (((22 23 )(24 25 ))((26 27 )(28 ((29 ((32 ((33 34 )(35 (36 (38 (37 39 ))))))((40 (41 (42 43 )))(46 (44 (45 47 ))))))(30 31 )))))))(15 (17 (16 (18 (19 20 )))))))))))))))); 
ttag *!; 
ttag +0 ////; 
ttag +1 ////; 
ttag +2 ////; 
ttag +3 ////; 
ttag +4 ////; 
ttag +5 ////; 
ttag +6 ////; 
ttag +7 ////; 
ttag +8 ////; 
ttag +9 ////; 
ttag +10 ////; 
ttag +11 ////; 
ttag +12 ////; 
ttag +13 ////; 
ttag +14 ////; 
ttag +15 ////; 
ttag +16 ////; 
ttag +17 ////; 
ttag +18 ////; 
ttag +19 ////; 
ttag +20 ////; 
ttag +21 ////; 
ttag +22 ////; 
ttag +23 ////; 
ttag +24 ////; 
ttag +25 ////; 
ttag +26 ////; 
ttag +27 ////; 
ttag +28 ////; 
ttag +29 ////; 
ttag +30 ////; 
ttag +31 ////; 
ttag +32 ////; 
ttag +33 ////; 
ttag +34 ////; 
ttag +35 ////; 
ttag +36 ////; 
ttag +37 ////; 
ttag +38 ////; 
ttag +39 ////; 
ttag +40 ////; 
ttag +41 ////; 
ttag +42 ////; 
ttag +43 ////; 
ttag +44 ////; 
ttag +45 ////; 
ttag +46 ////; 
ttag +47 ////; 
ttag +48 ////; 
ttag +49 100/100/100/100/100; 
ttag +50 80/72/68/77/71; 
ttag +51 96/94/90/93/89; 
ttag +52 96/96/88/96/90; 
ttag +53 80/71/66/76/67; 
ttag +54 50/44/35/42/36; 
ttag +55 30/12/0/14/8; 
ttag +56 33/15/3/14/1; 
ttag +57 98/98/98/99/90; 
ttag +58 81/74/69/77/63; 
ttag +59 69/60/51/68/58; 
ttag +60 17/6/5/15/8; 
ttag +61 57/47/38/53/54; 
ttag +62 37/30/18/27/21; 
ttag +63 17/5/4/11/8; 
ttag +64 74/72/52/79/61; 
ttag +65 20/[19]/?/?/?; 
ttag +66 26/[10]/?/?/?; 
ttag +67 99/99/90/96/94; 
ttag +68 100/100/100/99/100; 
ttag +69 80/73/64/81/67; 
ttag +70 34/[3]/?/?/?; 
ttag +71 98/97/92/99/95; 
ttag +72 92/90/83/93/84; 
ttag +73 99/99/100/100/100; 
ttag +74 42/36/23/36/31; 
ttag +75 89/85/85/90/74; 
ttag +76 80/78/75/78/69; 
ttag +77 42/18/22/24/24; 
ttag +78 65/58/46/51/48; 
ttag +79 72/65/57/57/54; 
ttag +80 98/98/98/98/94; 
ttag +81 54/46/44/49/41; 
ttag +82 93/89/91/89/85; 
ttag +83 31/[15]/?/?/?; 
ttag +84 36/18/10/8/9; 
ttag +85 79/76/64/78/60; 
ttag +86 59/40/33/47/49; 
ttag +87 97/96/91/96/89; 
ttag +88 99/99/96/99/95; 
ttag +89 38/21/21/17/14; 
ttag +90 74/64/61/69/53; 
ttag +91 97/96/95/98/95; 
ttag +92 20/9/2/6/2; 
ttag +93 30/14/15/18/16; 
ttag +94 32/25/22/22/19; 
