tread
'Tree with tags' 
(0 (1 ((2 3 )(4 (5 ((6 7 )((11 (14 (12 13 )))(((15 16 17 )(18 (19 20 )))(21 ((22 (23 (24 25 )))(26 (27 (28 ((29 (30 31 ))((44 (((32 (33 34 ))((35 36 )(37 (38 39 ))))(40 (41 (42 43 )))))(45 (46 47 )))))))))))))(10 (8 9 )))))); 
ttag *!; 
ttag +49 ???; 
ttag +50 4; 
ttag +51 4; 
ttag +52 2; 
ttag +53 2; 
ttag +54 2; 
ttag +55 1; 
ttag +56 3; 
ttag +57 8; 
ttag +58 1; 
ttag +59 2; 
ttag +60 2; 
ttag +61 1; 
ttag +62 10; 
ttag +63 4; 
ttag +64 1; 
ttag +65 2; 
ttag +66 8; 
ttag +67 2; 
ttag +68 1; 
ttag +69 3; 
ttag +70 6; 
ttag +71 5; 
ttag +72 5; 
ttag +73 1; 
ttag +74 3; 
ttag +75 5; 
ttag +76 1; 
ttag +77 4; 
ttag +78 2; 
ttag +79 6; 
ttag +80 1; 
ttag +81 1; 
ttag +82 1; 
ttag +83 4; 
ttag +84 1; 
ttag +85 2; 
ttag +86 3; 
ttag +87 1; 
ttag +88 5; 
ttag +89 3; 
ttag +90 10; 
ttag +91 1; 
ttag +92 1; 
tread
'Tree with tags' 
(0 (1 ((2 3 )(4 ((5 ((6 7 )((11 (14 (12 13 )))(((17 (15 16 ))(18 (19 20 )))(21 ((22 (23 (24 25 )))(26 (27 (28 ((29 (30 31 ))((44 (((32 (33 34 ))((35 36 )(37 (38 39 ))))(40 (41 (42 43 )))))(45 (46 47 )))))))))))))(10 (8 9 ))))))); 
ttag *!; 
ttag +0 ////; 
ttag +1 ////; 
ttag +2 ////; 
ttag +3 ////; 
ttag +4 ////; 
ttag +5 ////; 
ttag +6 ////; 
ttag +7 ////; 
ttag +8 ////; 
ttag +9 ////; 
ttag +10 ////; 
ttag +11 ////; 
ttag +12 ////; 
ttag +13 ////; 
ttag +14 ////; 
ttag +15 ////; 
ttag +16 ////; 
ttag +17 ////; 
ttag +18 ////; 
ttag +19 ////; 
ttag +20 ////; 
ttag +21 ////; 
ttag +22 ////; 
ttag +23 ////; 
ttag +24 ////; 
ttag +25 ////; 
ttag +26 ////; 
ttag +27 ////; 
ttag +28 ////; 
ttag +29 ////; 
ttag +30 ////; 
ttag +31 ////; 
ttag +32 ////; 
ttag +33 ////; 
ttag +34 ////; 
ttag +35 ////; 
ttag +36 ////; 
ttag +37 ////; 
ttag +38 ////; 
ttag +39 ////; 
ttag +40 ////; 
ttag +41 ////; 
ttag +42 ////; 
ttag +43 ////; 
ttag +44 ////; 
ttag +45 ////; 
ttag +46 ////; 
ttag +47 ////; 
ttag +48 ////; 
ttag +49 100/100/100/100/100; 
ttag +50 92/91/82/93/80; 
ttag +51 90/86/85/91/86; 
ttag +52 72/59/54/68/58; 
ttag +53 52/45/30/48/26; 
ttag +54 22/[6]/?/?/?; 
ttag +55 70/66/64/74/58; 
ttag +56 12/0/2/10/0; 
ttag +57 80/69/64/70/54; 
ttag +58 99/99/98/100/97; 
ttag +59 6/[4]/?/?/?; 
ttag +60 48/44/33/49/38; 
ttag +61 62/53/51/57/47; 
ttag +62 26/12/?/9/7; 
ttag +63 42/12/15/8/2; 
ttag +64 100/100/98/99/96; 
ttag +65 77/71/51/74/69; 
ttag +66 18/8/?/3/?; 
ttag +67 70/59/49/49/51; 
ttag +68 99/99/98/98/99; 
ttag +69 70/62/55/66/48; 
ttag +70 68/53/36/46/37; 
ttag +71 88/82/74/77/80; 
ttag +72 100/100/97/99/94; 
ttag +73 97/96/94/96/93; 
ttag +74 75/72/60/80/64; 
ttag +75 18/[31]/?/?/?; 
ttag +76 49/39/33/45/40; 
ttag +77 80/76/68/84/70; 
ttag +78 25/[15]/?/?/?; 
ttag +79 88/82/77/94/78; 
ttag +80 52/43/42/44/28; 
ttag +81 95/94/88/93/87; 
ttag +82 23/[16]/?/?/?; 
ttag +83 10/[30]/?/?/?; 
ttag +84 25/[15]/?/?/?; 
ttag +85 90/88/76/90/78; 
ttag +86 20/[19]/?/?/?; 
ttag +87 39/8/12/31/25; 
ttag +88 72/58/57/63/56; 
ttag +89 32/17/19/16/15; 
ttag +90 91/89/78/91/81; 
ttag +91 79/73/71/82/66; 
ttag +92 99/99/99/100/98; 
ttag +93 34/19/12/32/19; 
ttag +94 19/5/7/11/?; 
