tread
'Tree with tags' 
(0 (1 ((2 3 )(((4 5 (11 21 26 (12 13 )(14 ((15 (16 17 ))(18 (19 20 ))))(22 (23 (24 25 )))(27 28 (29 (30 31 ))(32 ((33 34 )(35 (36 (37 (38 39 ))))))(44 45 46 47 (40 (41 (42 43 )))))))(6 7 ))(8 (9 10 )))))); 
ttag *!; 
ttag +49 ???; 
ttag +50 7; 
ttag +51 1; 
ttag +52 1; 
ttag +53 2; 
ttag +54 5; 
ttag +55 2; 
ttag +56 8; 
ttag +57 2; 
ttag +58 7; 
ttag +59 1; 
ttag +60 2; 
ttag +61 9; 
ttag +62 3; 
ttag +63 6; 
ttag +64 11; 
ttag +65 7; 
ttag +66 1; 
ttag +67 2; 
ttag +68 2; 
ttag +69 1; 
ttag +70 6; 
ttag +71 4; 
ttag +72 4; 
ttag +73 6; 
ttag +74 1; 
ttag +75 3; 
ttag +76 2; 
ttag +77 7; 
ttag +78 2; 
ttag +79 1; 
ttag +80 3; 
ttag +81 4; 
ttag +82 5; 
tread
'Tree with tags' 
(0 (1 ((2 3 )(((5 (4 (11 (21 ((12 13 )((14 ((15 (16 17 ))(18 (19 20 ))))((22 (23 (24 25 )))(26 (((27 (28 ((40 (41 (42 43 )))(45 (44 (46 47 ))))))(29 (30 31 )))(32 ((33 34 )(35 (36 (37 (38 39 )))))))))))))))(6 7 ))(8 (9 10 )))))); 
ttag *!; 
ttag +0 ////; 
ttag +1 ////; 
ttag +2 ////; 
ttag +3 ////; 
ttag +4 ////; 
ttag +5 ////; 
ttag +6 ////; 
ttag +7 ////; 
ttag +8 ////; 
ttag +9 ////; 
ttag +10 ////; 
ttag +11 ////; 
ttag +12 ////; 
ttag +13 ////; 
ttag +14 ////; 
ttag +15 ////; 
ttag +16 ////; 
ttag +17 ////; 
ttag +18 ////; 
ttag +19 ////; 
ttag +20 ////; 
ttag +21 ////; 
ttag +22 ////; 
ttag +23 ////; 
ttag +24 ////; 
ttag +25 ////; 
ttag +26 ////; 
ttag +27 ////; 
ttag +28 ////; 
ttag +29 ////; 
ttag +30 ////; 
ttag +31 ////; 
ttag +32 ////; 
ttag +33 ////; 
ttag +34 ////; 
ttag +35 ////; 
ttag +36 ////; 
ttag +37 ////; 
ttag +38 ////; 
ttag +39 ////; 
ttag +40 ////; 
ttag +41 ////; 
ttag +42 ////; 
ttag +43 ////; 
ttag +44 ////; 
ttag +45 ////; 
ttag +46 ////; 
ttag +47 ////; 
ttag +48 ////; 
ttag +49 100/100/100/100/100; 
ttag +50 99/99/98/99/97; 
ttag +51 43/8/?/13/0; 
ttag +52 28/2/?/2/?; 
ttag +53 44/35/18/43/23; 
ttag +54 41/24/12/39/15; 
ttag +55 78/71/54/73/52; 
ttag +56 49/32/35/52/29; 
ttag +57 100/100/98/100/99; 
ttag +58 55/44/32/49/28; 
ttag +59 85/83/65/85/70; 
ttag +60 52/39/31/39/29; 
ttag +61 5/[26]/?/?/?; 
ttag +62 46/40/16/41/22; 
ttag +63 78/74/61/81/59; 
ttag +64 16/[16]/?/?/?; 
ttag +65 99/99/96/100/98; 
ttag +66 82/81/65/88/72; 
ttag +67 99/98/92/99/96; 
ttag +68 100/100/100/100/99; 
ttag +69 99/99/99/100/98; 
ttag +70 68/55/48/58/51; 
ttag +71 52/39/31/36/32; 
ttag +72 80/74/67/74/76; 
ttag +73 90/87/82/92/83; 
ttag +74 42/22/22/33/28; 
ttag +75 25/0/?/?/?; 
ttag +76 21/[3]/?/?/?; 
ttag +77 52/44/37/50/38; 
ttag +78 37/26/17/24/25; 
ttag +79 98/98/92/98/94; 
ttag +80 90/85/78/82/74; 
ttag +81 82/78/66/88/68; 
ttag +82 98/98/94/97/94; 
ttag +83 54/26/25/32/29; 
ttag +84 88/86/74/85/76; 
ttag +85 82/77/57/80/68; 
ttag +86 96/95/84/96/90; 
ttag +87 85/83/64/82/80; 
ttag +88 70/64/53/61/54; 
ttag +89 61/55/40/62/45; 
ttag +90 78/73/62/76/64; 
ttag +91 99/98/98/100/96; 
ttag +92 9/[25]/?/?/?; 
ttag +93 34/12/14/16/8; 
ttag +94 31/[3]/0/1/?; 
