tread
'Tree with tags' 
(0 (1 ((2 3 )(4 (5 (6 7 )((9 (8 10 ))(11 12 13 (14 21 (15 (16 17 ))(18 (19 20 ))(22 (23 24 25 )(26 27 28 (((29 (30 31 ))((41 (40 (42 43 )))(44 45 46 47 )))(32 ((33 34 )(35 (36 (37 38 39 )))))))))))))))); 
ttag *!; 
ttag +49 ???; 
ttag +50 6; 
ttag +51 2; 
ttag +52 5; 
ttag +53 1; 
ttag +54 2; 
ttag +55 1; 
ttag +56 4; 
ttag +57 1; 
ttag +58 2; 
ttag +59 1; 
ttag +60 6; 
ttag +61 3; 
ttag +62 3; 
ttag +63 10; 
ttag +64 1; 
ttag +65 7; 
ttag +66 2; 
ttag +67 3; 
ttag +68 2; 
ttag +69 2; 
ttag +70 5; 
ttag +71 7; 
ttag +72 2; 
ttag +73 1; 
ttag +74 3; 
ttag +75 3; 
ttag +76 5; 
ttag +77 2; 
ttag +78 5; 
ttag +79 1; 
ttag +80 4; 
ttag +81 5; 
tread
'Tree with tags' 
(0 (1 ((2 3 )(4 ((5 (6 7 ))((9 (8 10 ))((11 13 )(12 ((14 ((15 (16 17 ))(18 (19 20 ))))(21 (22 ((23 (24 25 ))(28 ((26 27 )(((29 (30 31 ))((41 (40 (42 43 )))((44 46 )(45 47 ))))(32 ((33 34 )(35 (36 (37 (38 39 ))))))))))))))))))))); 
ttag *!; 
ttag +0 ////; 
ttag +1 ////; 
ttag +2 ////; 
ttag +3 ////; 
ttag +4 ////; 
ttag +5 ////; 
ttag +6 ////; 
ttag +7 ////; 
ttag +8 ////; 
ttag +9 ////; 
ttag +10 ////; 
ttag +11 ////; 
ttag +12 ////; 
ttag +13 ////; 
ttag +14 ////; 
ttag +15 ////; 
ttag +16 ////; 
ttag +17 ////; 
ttag +18 ////; 
ttag +19 ////; 
ttag +20 ////; 
ttag +21 ////; 
ttag +22 ////; 
ttag +23 ////; 
ttag +24 ////; 
ttag +25 ////; 
ttag +26 ////; 
ttag +27 ////; 
ttag +28 ////; 
ttag +29 ////; 
ttag +30 ////; 
ttag +31 ////; 
ttag +32 ////; 
ttag +33 ////; 
ttag +34 ////; 
ttag +35 ////; 
ttag +36 ////; 
ttag +37 ////; 
ttag +38 ////; 
ttag +39 ////; 
ttag +40 ////; 
ttag +41 ////; 
ttag +42 ////; 
ttag +43 ////; 
ttag +44 ////; 
ttag +45 ////; 
ttag +46 ////; 
ttag +47 ////; 
ttag +48 ////; 
ttag +49 100/100/100/100/100; 
ttag +50 99/98/98/99/98; 
ttag +51 48/20/16/28/8; 
ttag +52 82/73/64/75/60; 
ttag +53 17/[19]/?/?/?; 
ttag +54 39/30/20/29/21; 
ttag +55 57/50/42/51/49; 
ttag +56 68/51/45/45/34; 
ttag +57 97/96/91/96/91; 
ttag +58 7/[29]/?/?/?; 
ttag +59 7/[5]/?/?/?; 
ttag +60 27/17/6/18/14; 
ttag +61 0/[12]/?/?/?; 
ttag +62 35/26/17/29/18; 
ttag +63 16/7/3/11/1; 
ttag +64 96/96/87/94/85; 
ttag +65 22/[1]/?/?/?; 
ttag +66 90/87/77/86/77; 
ttag +67 82/77/72/76/76; 
ttag +68 100/100/100/100/99; 
ttag +69 31/22/12/25/10; 
ttag +70 70/60/39/54/41; 
ttag +71 100/100/100/99/99; 
ttag +72 32/4/?/9/?; 
ttag +73 47/12/12/17/2; 
ttag +74 75/62/54/57/65; 
ttag +75 5/[36]/?/?/?; 
ttag +76 56/47/40/46/33; 
ttag +77 58/47/44/66/42; 
ttag +78 74/67/50/76/50; 
ttag +79 48/29/29/29/18; 
ttag +80 91/86/81/88/81; 
ttag +81 87/79/73/82/74; 
ttag +82 70/62/53/65/48; 
ttag +83 37/7/3/5/?; 
ttag +84 91/89/86/89/84; 
ttag +85 91/88/85/94/82; 
ttag +86 99/99/99/98/98; 
ttag +87 36/3/3/?/4; 
ttag +88 42/11/12/11/10; 
ttag +89 87/84/75/85/78; 
ttag +90 43/16/?/34/8; 
ttag +91 92/92/84/96/79; 
ttag +92 16/[13]/?/?/?; 
ttag +93 99/99/92/98/94; 
ttag +94 8/[21]/?/?/?; 
