tread
'Tree with tags' 
(0 (1 ((2 3 )(4 13 (5 6 7 11 12 14 21 (8 (9 10 ))((15 (16 17 ))(18 (19 20 )))(22 (23 (24 25 )))(26 (27 (28 ((31 (29 30 ))((((32 (35 (36 (38 (37 39 )))))(33 34 ))(46 (47 (44 45 ))))(40 (41 (42 43 ))))))))))))); 
ttag *!; 
ttag +49 ???; 
ttag +50 8; 
ttag +51 1; 
ttag +52 3; 
ttag +53 1; 
ttag +54 5; 
ttag +55 4; 
ttag +56 7; 
ttag +57 1; 
ttag +58 1; 
ttag +59 2; 
ttag +60 8; 
ttag +61 1; 
ttag +62 5; 
ttag +63 5; 
ttag +64 3; 
ttag +65 3; 
ttag +66 2; 
ttag +67 1; 
ttag +68 3; 
ttag +69 1; 
ttag +70 2; 
ttag +71 4; 
ttag +72 2; 
ttag +73 4; 
ttag +74 1; 
ttag +75 3; 
ttag +76 2; 
ttag +77 1; 
ttag +78 4; 
ttag +79 5; 
ttag +80 5; 
ttag +81 5; 
ttag +82 2; 
ttag +83 3; 
ttag +84 2; 
tread
'Tree with tags' 
(0 (1 ((2 3 )((4 13 )((5 (6 (7 ((8 (9 10 ))(11 (12 (14 (((15 (16 17 ))(18 (19 20 )))(21 (26 (27 (28 ((31 (29 30 ))((((32 (35 (36 (38 (37 39 )))))(33 34 ))(46 (47 (44 45 ))))(40 (41 (42 43 )))))))))))))))))(22 (23 (24 25 )))))))); 
ttag *!; 
ttag +0 ////; 
ttag +1 ////; 
ttag +2 ////; 
ttag +3 ////; 
ttag +4 ////; 
ttag +5 ////; 
ttag +6 ////; 
ttag +7 ////; 
ttag +8 ////; 
ttag +9 ////; 
ttag +10 ////; 
ttag +11 ////; 
ttag +12 ////; 
ttag +13 ////; 
ttag +14 ////; 
ttag +15 ////; 
ttag +16 ////; 
ttag +17 ////; 
ttag +18 ////; 
ttag +19 ////; 
ttag +20 ////; 
ttag +21 ////; 
ttag +22 ////; 
ttag +23 ////; 
ttag +24 ////; 
ttag +25 ////; 
ttag +26 ////; 
ttag +27 ////; 
ttag +28 ////; 
ttag +29 ////; 
ttag +30 ////; 
ttag +31 ////; 
ttag +32 ////; 
ttag +33 ////; 
ttag +34 ////; 
ttag +35 ////; 
ttag +36 ////; 
ttag +37 ////; 
ttag +38 ////; 
ttag +39 ////; 
ttag +40 ////; 
ttag +41 ////; 
ttag +42 ////; 
ttag +43 ////; 
ttag +44 ////; 
ttag +45 ////; 
ttag +46 ////; 
ttag +47 ////; 
ttag +48 ////; 
ttag +49 100/100/100/100/100; 
ttag +50 100/100/99/100/100; 
ttag +51 53/21/28/38/28; 
ttag +52 10/[7]/?/?/?; 
ttag +53 80/74/70/79/65; 
ttag +54 1/[16]/?/?/?; 
ttag +55 10/[7]/?/?/?; 
ttag +56 2/[15]/?/?/?; 
ttag +57 0/[32]/?/?/?; 
ttag +58 93/92/90/95/90; 
ttag +59 1/[26]/?/?/?; 
ttag +60 90/85/80/88/65; 
ttag +61 0/[24]/?/?/?; 
ttag +62 2/[16]/?/?/?; 
ttag +63 5/[14]/?/?/?; 
ttag +64 96/95/90/97/90; 
ttag +65 30/16/1/23/6; 
ttag +66 1/[24]/?/?/?; 
ttag +67 52/28/29/36/39; 
ttag +68 47/34/22/44/19; 
ttag +69 100/100/99/100/98; 
ttag +70 13/[2]/?/?/?; 
ttag +71 37/22/14/21/15; 
ttag +72 98/98/92/96/97; 
ttag +73 100/100/99/99/98; 
ttag +74 81/78/70/76/66; 
ttag +75 87/85/78/81/78; 
ttag +76 84/80/70/82/69; 
ttag +77 48/8/9/12/1; 
ttag +78 83/77/70/84/66; 
ttag +79 70/54/56/70/54; 
ttag +80 64/56/35/59/42; 
ttag +81 77/73/57/77/67; 
ttag +82 59/39/22/45/34; 
ttag +83 85/81/62/76/70; 
ttag +84 48/36/40/35/30; 
ttag +85 65/54/49/60/44; 
ttag +86 59/49/33/53/32; 
ttag +87 45/23/18/27/4; 
ttag +88 75/71/66/75/60; 
ttag +89 94/93/90/94/92; 
ttag +90 93/91/84/95/88; 
ttag +91 98/97/95/96/93; 
ttag +92 71/66/66/70/64; 
ttag +93 62/57/47/64/51; 
ttag +94 28/4/?/17/7; 
