tread
'Tree with tags' 
(0 (1 ((2 3 )(4 5 (11 ((6 7 )(8 (9 10 )))(14 (12 13 )(21 ((15 (16 17 ))(18 (19 20 )))(22 (23 (24 25 )))(26 27 28 (((29 (30 31 ))(40 41 (42 43 ))(44 45 46 47 ))(32 ((33 34 )(35 (36 (37 (38 39 ))))))))))))))); 
ttag *!; 
ttag +49 ???; 
ttag +50 4; 
ttag +51 3; 
ttag +52 4; 
ttag +53 4; 
ttag +54 2; 
ttag +55 1; 
ttag +56 12; 
ttag +57 3; 
ttag +58 2; 
ttag +59 3; 
ttag +60 9; 
ttag +61 3; 
ttag +62 3; 
ttag +63 2; 
ttag +64 6; 
ttag +65 12; 
ttag +66 1; 
ttag +67 5; 
ttag +68 6; 
ttag +69 3; 
ttag +70 3; 
ttag +71 1; 
ttag +72 2; 
ttag +73 5; 
ttag +74 5; 
ttag +75 2; 
ttag +76 1; 
ttag +77 3; 
ttag +78 4; 
ttag +79 8; 
ttag +80 2; 
ttag +81 8; 
ttag +82 2; 
ttag +83 3; 
tread
'Tree with tags' 
(0 (1 ((2 3 )(4 (5 (((6 7 )(8 (9 10 )))(11 ((12 13 )(14 (21 (((15 (16 17 ))(18 (19 20 )))((22 (23 (24 25 )))(26 (27 (28 ((((29 (30 31 ))((40 41 )(42 43 )))(47 (44 (45 46 ))))(32 ((33 34 )(35 (36 (37 (38 39 )))))))))))))))))))))); 
ttag *!; 
ttag +0 ////; 
ttag +1 ////; 
ttag +2 ////; 
ttag +3 ////; 
ttag +4 ////; 
ttag +5 ////; 
ttag +6 ////; 
ttag +7 ////; 
ttag +8 ////; 
ttag +9 ////; 
ttag +10 ////; 
ttag +11 ////; 
ttag +12 ////; 
ttag +13 ////; 
ttag +14 ////; 
ttag +15 ////; 
ttag +16 ////; 
ttag +17 ////; 
ttag +18 ////; 
ttag +19 ////; 
ttag +20 ////; 
ttag +21 ////; 
ttag +22 ////; 
ttag +23 ////; 
ttag +24 ////; 
ttag +25 ////; 
ttag +26 ////; 
ttag +27 ////; 
ttag +28 ////; 
ttag +29 ////; 
ttag +30 ////; 
ttag +31 ////; 
ttag +32 ////; 
ttag +33 ////; 
ttag +34 ////; 
ttag +35 ////; 
ttag +36 ////; 
ttag +37 ////; 
ttag +38 ////; 
ttag +39 ////; 
ttag +40 ////; 
ttag +41 ////; 
ttag +42 ////; 
ttag +43 ////; 
ttag +44 ////; 
ttag +45 ////; 
ttag +46 ////; 
ttag +47 ////; 
ttag +48 ////; 
ttag +49 100/100/100/100/100; 
ttag +50 96/94/94/96/88; 
ttag +51 88/85/81/89/88; 
ttag +52 90/86/83/90/85; 
ttag +53 28/5/7/16/14; 
ttag +54 92/92/89/91/90; 
ttag +55 59/52/35/62/45; 
ttag +56 49/36/37/47/40; 
ttag +57 99/99/99/100/98; 
ttag +58 89/86/75/89/76; 
ttag +59 23/[2]/1/?/2; 
ttag +60 71/69/54/74/59; 
ttag +61 76/73/55/82/62; 
ttag +62 40/25/17/19/16; 
ttag +63 100/100/97/99/99; 
ttag +64 83/80/72/82/66; 
ttag +65 24/[8]/?/?/?; 
ttag +66 59/56/28/59/33; 
ttag +67 75/62/50/67/48; 
ttag +68 96/95/86/92/86; 
ttag +69 100/100/100/100/100; 
ttag +70 69/65/50/67/52; 
ttag +71 25/[8]/2/4/3; 
ttag +72 99/99/98/99/94; 
ttag +73 98/98/95/99/96; 
ttag +74 92/91/84/94/83; 
ttag +75 41/23/23/32/27; 
ttag +76 42/24/30/32/29; 
ttag +77 78/75/65/79/67; 
ttag +78 4/[28]/?/?/?; 
ttag +79 48/33/24/39/14; 
ttag +80 83/80/71/80/74; 
ttag +81 97/96/91/98/92; 
ttag +82 88/85/71/91/76; 
ttag +83 72/66/50/62/46; 
ttag +84 50/42/22/34/17; 
ttag +85 76/72/71/79/63; 
ttag +86 86/84/75/86/75; 
ttag +87 99/98/96/99/94; 
ttag +88 75/62/55/61/48; 
ttag +89 32/[14]/?/3/?; 
ttag +90 96/96/90/96/88; 
ttag +91 89/85/76/88/81; 
ttag +92 25/[10]/?/?/?; 
ttag +93 72/68/52/74/61; 
ttag +94 21/4/7/?/5; 
