tread
'Tree with tags' 
(0 (1 ((2 3 )(4 5 6 7 11 12 13 14 21 (8 9 10 )(15 (16 17 ))(18 (19 20 ))(22 (23 (24 25 )))(28 (26 27 )(29 32 33 34 (30 31 )(35 (36 (38 (37 39 ))))((40 (41 (42 43 )))((44 47 )(45 46 ))))))))); 
ttag *!; 
ttag +49 ???; 
ttag +50 5; 
ttag +51 4; 
ttag +52 3; 
ttag +53 4; 
ttag +54 4; 
ttag +55 1; 
ttag +56 6; 
ttag +57 6; 
ttag +58 1; 
ttag +59 5; 
ttag +60 6; 
ttag +61 1; 
ttag +62 1; 
ttag +63 2; 
ttag +64 5; 
ttag +65 3; 
ttag +66 3; 
ttag +67 1; 
ttag +68 3; 
ttag +69 8; 
ttag +70 1; 
ttag +71 4; 
ttag +72 3; 
ttag +73 1; 
ttag +74 2; 
ttag +75 2; 
tread
'Tree with tags' 
(0 (1 ((2 3 )((4 5 )((((6 7 )(8 (9 10 )))((12 ((22 (23 (24 25 )))((26 27 )(28 (29 (32 ((34 (33 ((30 31 )((40 (41 (42 43 )))((44 47 )(45 46 ))))))(35 (36 (38 (37 39 )))))))))))(21 (14 ((15 (16 17 ))(18 (19 20 )))))))(11 13 )))))); 
ttag *!; 
ttag +0 ////; 
ttag +1 ////; 
ttag +2 ////; 
ttag +3 ////; 
ttag +4 ////; 
ttag +5 ////; 
ttag +6 ////; 
ttag +7 ////; 
ttag +8 ////; 
ttag +9 ////; 
ttag +10 ////; 
ttag +11 ////; 
ttag +12 ////; 
ttag +13 ////; 
ttag +14 ////; 
ttag +15 ////; 
ttag +16 ////; 
ttag +17 ////; 
ttag +18 ////; 
ttag +19 ////; 
ttag +20 ////; 
ttag +21 ////; 
ttag +22 ////; 
ttag +23 ////; 
ttag +24 ////; 
ttag +25 ////; 
ttag +26 ////; 
ttag +27 ////; 
ttag +28 ////; 
ttag +29 ////; 
ttag +30 ////; 
ttag +31 ////; 
ttag +32 ////; 
ttag +33 ////; 
ttag +34 ////; 
ttag +35 ////; 
ttag +36 ////; 
ttag +37 ////; 
ttag +38 ////; 
ttag +39 ////; 
ttag +40 ////; 
ttag +41 ////; 
ttag +42 ////; 
ttag +43 ////; 
ttag +44 ////; 
ttag +45 ////; 
ttag +46 ////; 
ttag +47 ////; 
ttag +48 ////; 
ttag +49 100/100/100/100/100; 
ttag +50 96/95/85/94/86; 
ttag +51 98/97/95/97/96; 
ttag +52 26/19/17/19/16; 
ttag +53 72/63/53/67/62; 
ttag +54 52/39/43/42/46; 
ttag +55 36/21/24/27/21; 
ttag +56 0/[17]/?/?/?; 
ttag +57 7/[10]/?/?/?; 
ttag +58 79/71/72/78/68; 
ttag +59 38/24/15/23/14; 
ttag +60 22/5/4/9/4; 
ttag +61 1/[23]/?/?/?; 
ttag +62 2/[14]/?/?/?; 
ttag +63 2/[22]/?/?/?; 
ttag +64 5/[19]/?/?/?; 
ttag +65 94/92/89/96/87; 
ttag +66 18/[6]/2/?/?; 
ttag +67 82/80/66/80/72; 
ttag +68 98/98/94/97/95; 
ttag +69 99/99/95/99/95; 
ttag +70 71/66/51/67/46; 
ttag +71 36/12/16/7/8; 
ttag +72 98/98/92/99/93; 
ttag +73 98/98/96/98/93; 
ttag +74 44/26/28/27/28; 
ttag +75 72/64/43/66/47; 
ttag +76 49/40/30/39/26; 
ttag +77 76/74/58/80/67; 
ttag +78 90/86/78/84/74; 
ttag +79 21/0/?/?/?; 
ttag +80 8/[22]/?/?/?; 
ttag +81 14/[9]/?/?/?; 
ttag +82 10/[13]/?/?/?; 
ttag +83 16/[6]/?/?/?; 
ttag +84 80/78/62/78/65; 
ttag +85 75/68/49/74/51; 
ttag +86 62/53/43/53/46; 
ttag +87 68/57/43/66/38; 
ttag +88 98/98/86/96/89; 
ttag +89 56/51/43/65/52; 
ttag +90 86/81/66/83/75; 
ttag +91 92/88/80/87/78; 
ttag +92 64/60/57/58/48; 
ttag +93 73/61/59/63/59; 
ttag +94 55/43/39/46/45; 
