tread
'Tree with tags' 
(0 (1 ((2 3 )(4 5 ((6 7 )(((9 (8 10 ))(18 (19 20 )))(13 ((12 (11 (15 (16 17 ))))(14 (21 ((22 (23 (24 25 )))(26 27 (28 ((29 (30 31 ))((32 35 (33 34 )(36 (38 (37 39 ))))((41 (40 (42 43 )))(44 45 46 47 ))))))))))))))))); 
ttag *!; 
ttag +49 ???; 
ttag +50 4; 
ttag +51 2; 
ttag +52 3; 
ttag +53 4; 
ttag +54 3; 
ttag +55 2; 
ttag +56 7; 
ttag +57 2; 
ttag +58 1; 
ttag +59 1; 
ttag +60 1; 
ttag +61 1; 
ttag +62 2; 
ttag +63 3; 
ttag +64 3; 
ttag +65 3; 
ttag +66 5; 
ttag +67 8; 
ttag +68 1; 
ttag +69 5; 
ttag +70 1; 
ttag +71 5; 
ttag +72 10; 
ttag +73 3; 
ttag +74 2; 
ttag +75 1; 
ttag +76 1; 
ttag +77 4; 
ttag +78 5; 
ttag +79 3; 
ttag +80 2; 
ttag +81 4; 
ttag +82 3; 
ttag +83 5; 
ttag +84 1; 
ttag +85 2; 
ttag +86 1; 
ttag +87 6; 
ttag +88 1; 
tread
'Tree with tags' 
(0 (1 ((2 3 )(4 (5 ((6 7 )(((9 (8 10 ))(18 (19 20 )))(13 ((12 (11 (15 (16 17 ))))(14 (21 ((22 (23 (24 25 )))((26 27 )(28 ((29 (30 31 ))((32 (35 ((33 34 )(36 (38 (37 39 ))))))((41 (40 (42 43 )))(44 (47 (45 46 )))))))))))))))))))); 
ttag *!; 
ttag +0 ////; 
ttag +1 ////; 
ttag +2 ////; 
ttag +3 ////; 
ttag +4 ////; 
ttag +5 ////; 
ttag +6 ////; 
ttag +7 ////; 
ttag +8 ////; 
ttag +9 ////; 
ttag +10 ////; 
ttag +11 ////; 
ttag +12 ////; 
ttag +13 ////; 
ttag +14 ////; 
ttag +15 ////; 
ttag +16 ////; 
ttag +17 ////; 
ttag +18 ////; 
ttag +19 ////; 
ttag +20 ////; 
ttag +21 ////; 
ttag +22 ////; 
ttag +23 ////; 
ttag +24 ////; 
ttag +25 ////; 
ttag +26 ////; 
ttag +27 ////; 
ttag +28 ////; 
ttag +29 ////; 
ttag +30 ////; 
ttag +31 ////; 
ttag +32 ////; 
ttag +33 ////; 
ttag +34 ////; 
ttag +35 ////; 
ttag +36 ////; 
ttag +37 ////; 
ttag +38 ////; 
ttag +39 ////; 
ttag +40 ////; 
ttag +41 ////; 
ttag +42 ////; 
ttag +43 ////; 
ttag +44 ////; 
ttag +45 ////; 
ttag +46 ////; 
ttag +47 ////; 
ttag +48 ////; 
ttag +49 100/100/100/100/100; 
ttag +50 94/92/81/94/81; 
ttag +51 82/75/76/74/72; 
ttag +52 52/30/29/30/30; 
ttag +53 17/[18]/?/?/?; 
ttag +54 83/82/83/88/77; 
ttag +55 28/6/2/7/11; 
ttag +56 31/[6]/?/?/?; 
ttag +57 99/99/98/99/100; 
ttag +58 14/[7]/?/?/?; 
ttag +59 13/[8]/?/?/?; 
ttag +60 16/[3]/?/?/?; 
ttag +61 13/[3]/?/0/?; 
ttag +62 8/[2]/?/1/?; 
ttag +63 17/8/5/7/5; 
ttag +64 61/58/34/58/36; 
ttag +65 45/38/34/33/32; 
ttag +66 44/30/17/34/26; 
ttag +67 97/96/92/95/88; 
ttag +68 100/100/100/100/100; 
ttag +69 40/26/7/27/5; 
ttag +70 81/77/66/89/63; 
ttag +71 53/48/26/45/27; 
ttag +72 96/94/86/95/89; 
ttag +73 100/100/99/100/98; 
ttag +74 42/20/21/10/21; 
ttag +75 70/66/58/71/54; 
ttag +76 67/62/47/66/51; 
ttag +77 36/18/18/15/19; 
ttag +78 68/56/59/61/60; 
ttag +79 91/90/86/91/87; 
ttag +80 97/96/94/97/94; 
ttag +81 59/52/38/50/37; 
ttag +82 70/62/52/59/46; 
ttag +83 37/21/22/35/14; 
ttag +84 45/29/27/42/27; 
ttag +85 78/73/65/74/67; 
ttag +86 81/76/69/78/72; 
ttag +87 93/91/80/91/85; 
ttag +88 38/12/14/13/5; 
ttag +89 68/61/48/65/58; 
ttag +90 37/25/16/20/25; 
ttag +91 95/92/91/94/90; 
ttag +92 72/65/49/59/60; 
ttag +93 14/[22]/?/?/?; 
ttag +94 4/[32]/?/?/?; 
