tread
'Tree with tags' 
(0 (1 ((2 3 )(4 ((5 (6 7 (8 (9 10 ))))(11 (((12 13 )((14 ((17 (15 16 ))(18 (19 20 ))))(22 (23 (24 25 )))))(21 (26 (27 (28 (((29 (30 31 ))((41 (40 (42 43 )))(44 (45 (46 47 )))))(32 ((33 34 )(35 (36 (39 (37 38 )))))))))))))))))); 
ttag *!; 
ttag +49 ???; 
ttag +50 6; 
ttag +51 3; 
ttag +52 5; 
ttag +53 1; 
ttag +54 3; 
ttag +55 1; 
ttag +56 7; 
ttag +57 2; 
ttag +58 3; 
ttag +59 1; 
ttag +60 1; 
ttag +61 4; 
ttag +62 2; 
ttag +63 1; 
ttag +64 3; 
ttag +65 8; 
ttag +66 3; 
ttag +67 1; 
ttag +68 9; 
ttag +69 2; 
ttag +70 11; 
ttag +71 2; 
ttag +72 6; 
ttag +73 4; 
ttag +74 4; 
ttag +75 5; 
ttag +76 7; 
ttag +77 1; 
ttag +78 1; 
ttag +79 2; 
ttag +80 7; 
ttag +81 3; 
ttag +82 2; 
ttag +83 1; 
ttag +84 4; 
ttag +85 2; 
ttag +86 4; 
ttag +87 1; 
ttag +88 7; 
ttag +89 1; 
ttag +90 9; 
ttag +91 2; 
ttag +92 1; 
ttag +93 1; 
tread
'Tree with tags' 
(0 (1 ((2 3 )(4 ((5 (7 (6 (8 (9 10 )))))(11 (((12 13 )((14 ((17 (15 16 ))(18 (19 20 ))))(22 (23 (24 25 )))))(21 (26 (27 (28 (((29 (30 31 ))((41 (40 (42 43 )))(44 (45 (46 47 )))))(32 ((33 34 )(35 (36 (39 (37 38 )))))))))))))))))); 
ttag *!; 
ttag +0 ////; 
ttag +1 ////; 
ttag +2 ////; 
ttag +3 ////; 
ttag +4 ////; 
ttag +5 ////; 
ttag +6 ////; 
ttag +7 ////; 
ttag +8 ////; 
ttag +9 ////; 
ttag +10 ////; 
ttag +11 ////; 
ttag +12 ////; 
ttag +13 ////; 
ttag +14 ////; 
ttag +15 ////; 
ttag +16 ////; 
ttag +17 ////; 
ttag +18 ////; 
ttag +19 ////; 
ttag +20 ////; 
ttag +21 ////; 
ttag +22 ////; 
ttag +23 ////; 
ttag +24 ////; 
ttag +25 ////; 
ttag +26 ////; 
ttag +27 ////; 
ttag +28 ////; 
ttag +29 ////; 
ttag +30 ////; 
ttag +31 ////; 
ttag +32 ////; 
ttag +33 ////; 
ttag +34 ////; 
ttag +35 ////; 
ttag +36 ////; 
ttag +37 ////; 
ttag +38 ////; 
ttag +39 ////; 
ttag +40 ////; 
ttag +41 ////; 
ttag +42 ////; 
ttag +43 ////; 
ttag +44 ////; 
ttag +45 ////; 
ttag +46 ////; 
ttag +47 ////; 
ttag +48 ////; 
ttag +49 100/100/100/100/100; 
ttag +50 97/96/95/98/95; 
ttag +51 88/80/71/84/87; 
ttag +52 85/79/69/81/52; 
ttag +53 44/36/32/33/29; 
ttag +54 49/39/22/33/17; 
ttag +55 26/0/9/4/0; 
ttag +56 54/47/38/50/37; 
ttag +57 87/82/81/90/81; 
ttag +58 66/58/58/71/56; 
ttag +59 45/35/24/33/20; 
ttag +60 43/31/31/27/30; 
ttag +61 19/2/?/?/?; 
ttag +62 73/66/44/66/42; 
ttag +63 54/48/21/41/22; 
ttag +64 7/[6]/?/?/?; 
ttag +65 78/70/60/75/52; 
ttag +66 98/98/97/98/95; 
ttag +67 63/52/35/54/38; 
ttag +68 57/30/37/28/35; 
ttag +69 100/100/99/100/99; 
ttag +70 47/34/31/32/21; 
ttag +71 100/100/96/98/96; 
ttag +72 77/68/53/61/51; 
ttag +73 99/99/97/97/94; 
ttag +74 86/84/70/84/70; 
ttag +75 88/86/63/84/61; 
ttag +76 88/88/72/89/72; 
ttag +77 98/97/93/99/93; 
ttag +78 40/27/23/26/18; 
ttag +79 46/35/35/36/26; 
ttag +80 66/49/44/46/34; 
ttag +81 98/98/92/97/91; 
ttag +82 73/69/59/70/58; 
ttag +83 72/64/54/71/61; 
ttag +84 64/54/43/52/48; 
ttag +85 96/96/94/96/93; 
ttag +86 73/71/59/74/64; 
ttag +87 83/75/70/87/70; 
ttag +88 34/[15]/?/?/?; 
ttag +89 98/98/96/98/94; 
ttag +90 46/29/22/30/25; 
ttag +91 100/100/100/100/100; 
ttag +92 58/49/41/47/42; 
ttag +93 15/[2]/?/2/?; 
ttag +94 19/1/2/6/?; 
