tread
'Tree with tags' 
(0 (1 ((2 3 )(4 (5 ((6 7 (8 (9 10 )))(11 (12 13 (21 (14 ((15 (16 17 ))(18 (19 20 )))(22 (23 (24 25 ))(26 27 (28 ((((29 (30 31 ))(40 (41 (42 43 ))))(46 (47 (44 45 ))))(32 ((33 34 )(35 (36 (37 38 39 ))))))))))))))))))); 
ttag *!; 
ttag +49 ???; 
ttag +50 2; 
ttag +51 5; 
ttag +52 10; 
ttag +53 1; 
ttag +54 1; 
ttag +55 1; 
ttag +56 2; 
ttag +57 2; 
ttag +58 1; 
ttag +59 3; 
ttag +60 1; 
ttag +61 2; 
ttag +62 4; 
ttag +63 3; 
ttag +64 1; 
ttag +65 5; 
ttag +66 16; 
ttag +67 4; 
ttag +68 3; 
ttag +69 3; 
ttag +70 4; 
ttag +71 7; 
ttag +72 5; 
ttag +73 2; 
ttag +74 3; 
ttag +75 6; 
ttag +76 7; 
ttag +77 3; 
ttag +78 3; 
ttag +79 2; 
ttag +80 3; 
ttag +81 4; 
ttag +82 5; 
ttag +83 7; 
ttag +84 5; 
ttag +85 4; 
ttag +86 1; 
ttag +87 1; 
ttag +88 5; 
tread
'Tree with tags' 
(0 (1 ((2 3 )(4 (5 ((6 (7 (8 (9 10 ))))(11 ((12 13 )(21 ((14 (22 ((23 (24 25 ))((26 27 )(28 ((((29 (30 31 ))(40 (41 (42 43 ))))(46 (47 (44 45 ))))(32 ((33 34 )(35 (36 (39 (37 38 ))))))))))))((15 (16 17 ))(18 (19 20 ))))))))))))); 
ttag *!; 
ttag +0 ////; 
ttag +1 ////; 
ttag +2 ////; 
ttag +3 ////; 
ttag +4 ////; 
ttag +5 ////; 
ttag +6 ////; 
ttag +7 ////; 
ttag +8 ////; 
ttag +9 ////; 
ttag +10 ////; 
ttag +11 ////; 
ttag +12 ////; 
ttag +13 ////; 
ttag +14 ////; 
ttag +15 ////; 
ttag +16 ////; 
ttag +17 ////; 
ttag +18 ////; 
ttag +19 ////; 
ttag +20 ////; 
ttag +21 ////; 
ttag +22 ////; 
ttag +23 ////; 
ttag +24 ////; 
ttag +25 ////; 
ttag +26 ////; 
ttag +27 ////; 
ttag +28 ////; 
ttag +29 ////; 
ttag +30 ////; 
ttag +31 ////; 
ttag +32 ////; 
ttag +33 ////; 
ttag +34 ////; 
ttag +35 ////; 
ttag +36 ////; 
ttag +37 ////; 
ttag +38 ////; 
ttag +39 ////; 
ttag +40 ////; 
ttag +41 ////; 
ttag +42 ////; 
ttag +43 ////; 
ttag +44 ////; 
ttag +45 ////; 
ttag +46 ////; 
ttag +47 ////; 
ttag +48 ////; 
ttag +49 100/100/100/100/100; 
ttag +50 83/76/64/71/66; 
ttag +51 95/93/89/98/92; 
ttag +52 100/100/99/99/98; 
ttag +53 40/[1]/2/5/?; 
ttag +54 45/19/18/26/18; 
ttag +55 18/[22]/?/?/?; 
ttag +56 23/[2]/?/?/?; 
ttag +57 59/33/32/34/36; 
ttag +58 55/29/36/34/34; 
ttag +59 37/20/22/28/20; 
ttag +60 36/3/?/6/9; 
ttag +61 91/89/77/93/78; 
ttag +62 11/[27]/?/?/?; 
ttag +63 42/17/16/44/18; 
ttag +64 74/69/61/73/62; 
ttag +65 94/92/86/94/85; 
ttag +66 84/82/80/85/78; 
ttag +67 64/53/36/60/50; 
ttag +68 98/98/96/97/95; 
ttag +69 100/100/100/100/100; 
ttag +70 88/86/74/84/75; 
ttag +71 88/85/74/87/82; 
ttag +72 30/2/12/6/2; 
ttag +73 93/92/90/91/88; 
ttag +74 44/16/16/21/14; 
ttag +75 90/87/72/90/81; 
ttag +76 96/94/85/97/88; 
ttag +77 88/87/79/92/75; 
ttag +78 42/25/16/34/10; 
ttag +79 46/28/19/38/14; 
ttag +80 82/78/61/88/62; 
ttag +81 100/100/99/100/99; 
ttag +82 86/82/72/87/67; 
ttag +83 84/78/70/85/66; 
ttag +84 59/38/22/49/34; 
ttag +85 90/88/80/86/84; 
ttag +86 92/91/81/90/83; 
ttag +87 29/[10]/?/?/?; 
ttag +88 98/98/95/98/93; 
ttag +89 92/90/81/92/75; 
ttag +90 95/93/94/98/96; 
ttag +91 77/65/53/73/54; 
ttag +92 62/58/51/57/50; 
ttag +93 56/42/38/36/24; 
ttag +94 93/91/89/92/84; 
