tread
'Tree with tags' 
(0 (1 ((2 3 )(4 5 ((6 7 )(8 (9 10 )))(11 ((14 ((15 (16 17 ))(18 (19 20 ))))(21 ((22 (23 (24 25 )))(26 (27 ((28 (29 (30 31 )))((32 ((33 34 )(35 (36 (37 38 39 )))))((40 (41 (42 43 )))(44 45 46 47 ))))))))))(12 13 ))))); 
ttag *!; 
ttag +49 ???; 
ttag +50 3; 
ttag +51 2; 
ttag +52 8; 
ttag +53 2; 
ttag +54 2; 
ttag +55 13; 
ttag +56 2; 
ttag +57 1; 
ttag +58 2; 
ttag +59 3; 
ttag +60 2; 
ttag +61 7; 
ttag +62 6; 
ttag +63 4; 
ttag +64 5; 
ttag +65 9; 
ttag +66 3; 
ttag +67 1; 
ttag +68 6; 
ttag +69 9; 
ttag +70 8; 
ttag +71 1; 
ttag +72 1; 
ttag +73 1; 
ttag +74 1; 
ttag +75 2; 
ttag +76 6; 
ttag +77 9; 
ttag +78 2; 
ttag +79 1; 
ttag +80 3; 
ttag +81 4; 
ttag +82 4; 
ttag +83 6; 
ttag +84 5; 
ttag +85 2; 
ttag +86 3; 
ttag +87 11; 
ttag +88 1; 
tread
'Tree with tags' 
(0 (1 ((2 3 )(4 ((5 ((11 ((14 ((15 (16 17 ))(18 (19 20 ))))(21 ((22 (23 (24 25 )))(26 (27 ((28 (29 (30 31 )))((32 ((33 34 )(35 (36 (39 (37 38 ))))))((40 (41 (42 43 )))((44 46 )(45 47 )))))))))))(12 13 )))((6 7 )(8 (9 10 )))))))); 
ttag *!; 
ttag +0 ////; 
ttag +1 ////; 
ttag +2 ////; 
ttag +3 ////; 
ttag +4 ////; 
ttag +5 ////; 
ttag +6 ////; 
ttag +7 ////; 
ttag +8 ////; 
ttag +9 ////; 
ttag +10 ////; 
ttag +11 ////; 
ttag +12 ////; 
ttag +13 ////; 
ttag +14 ////; 
ttag +15 ////; 
ttag +16 ////; 
ttag +17 ////; 
ttag +18 ////; 
ttag +19 ////; 
ttag +20 ////; 
ttag +21 ////; 
ttag +22 ////; 
ttag +23 ////; 
ttag +24 ////; 
ttag +25 ////; 
ttag +26 ////; 
ttag +27 ////; 
ttag +28 ////; 
ttag +29 ////; 
ttag +30 ////; 
ttag +31 ////; 
ttag +32 ////; 
ttag +33 ////; 
ttag +34 ////; 
ttag +35 ////; 
ttag +36 ////; 
ttag +37 ////; 
ttag +38 ////; 
ttag +39 ////; 
ttag +40 ////; 
ttag +41 ////; 
ttag +42 ////; 
ttag +43 ////; 
ttag +44 ////; 
ttag +45 ////; 
ttag +46 ////; 
ttag +47 ////; 
ttag +48 ////; 
ttag +49 100/100/100/100/100; 
ttag +50 82/78/67/81/69; 
ttag +51 80/76/53/74/60; 
ttag +52 98/98/92/98/94; 
ttag +53 7/[14]/?/?/?; 
ttag +54 22/0/2/2/0; 
ttag +55 54/50/47/53/46; 
ttag +56 35/19/16/29/15; 
ttag +57 99/99/100/100/100; 
ttag +58 71/55/54/66/54; 
ttag +59 20/[4]/?/?/2; 
ttag +60 18/[4]/?/?/?; 
ttag +61 42/19/13/18/19; 
ttag +62 86/82/70/84/65; 
ttag +63 58/50/32/46/40; 
ttag +64 100/100/97/100/95; 
ttag +65 98/98/92/97/94; 
ttag +66 99/99/94/97/91; 
ttag +67 96/96/91/98/87; 
ttag +68 100/100/100/100/100; 
ttag +69 76/70/63/60/59; 
ttag +70 68/59/54/60/53; 
ttag +71 98/98/93/95/90; 
ttag +72 100/100/100/100/100; 
ttag +73 100/100/97/100/98; 
ttag +74 21/[24]/?/?/?; 
ttag +75 24/[8]/?/?/?; 
ttag +76 33/10/4/10/20; 
ttag +77 14/[18]/?/?/?; 
ttag +78 70/63/56/72/62; 
ttag +79 100/100/98/99/96; 
ttag +80 98/97/97/97/92; 
ttag +81 37/28/24/27/30; 
ttag +82 54/29/19/12/26; 
ttag +83 60/35/26/25/33; 
ttag +84 93/92/79/90/74; 
ttag +85 92/90/80/90/74; 
ttag +86 33/1/5/2/2; 
ttag +87 94/92/83/94/76; 
ttag +88 94/93/89/97/91; 
ttag +89 65/57/54/66/60; 
ttag +90 82/76/66/78/69; 
ttag +91 100/100/100/100/100; 
ttag +92 45/37/41/33/26; 
ttag +93 48/36/37/44/33; 
ttag +94 6/[9]/?/?/?; 
