tread
'Tree with tags' 
(0 (1 ((2 3 )(4 5 6 7 11 14 21 22 (8 (9 10 ))(12 13 )(15 (16 17 ))(18 (19 20 ))(23 (24 25 ))(26 27 (28 ((29 (30 31 ))((32 ((33 34 )(35 (36 (39 (37 38 ))))))(46 (44 (45 (47 (40 (41 (42 43 ))))))))))))))); 
ttag *!; 
ttag +49 ???; 
ttag +50 3; 
ttag +51 7; 
ttag +52 4; 
ttag +53 5; 
ttag +54 5; 
ttag +55 2; 
ttag +56 5; 
ttag +57 5; 
ttag +58 4; 
ttag +59 9; 
ttag +60 6; 
ttag +61 2; 
ttag +62 1; 
ttag +63 3; 
ttag +64 5; 
ttag +65 2; 
ttag +66 1; 
ttag +67 5; 
ttag +68 1; 
ttag +69 11; 
ttag +70 3; 
ttag +71 2; 
ttag +72 3; 
ttag +73 3; 
ttag +74 8; 
ttag +75 7; 
ttag +76 2; 
ttag +77 2; 
ttag +78 2; 
ttag +79 3; 
ttag +80 4; 
ttag +81 5; 
tread
'Tree with tags' 
(0 (1 ((2 3 )(4 (5 (((6 7 )(8 (9 10 )))(11 ((12 13 )((14 (22 (23 (24 25 ))))(21 (((15 (16 17 ))(18 (19 20 )))(26 (27 (28 ((29 (30 31 ))((32 ((33 34 )(35 (36 (39 (37 38 ))))))(46 (44 (45 (47 (40 (41 (42 43 ))))))))))))))))))))))); 
ttag *!; 
ttag +0 ////; 
ttag +1 ////; 
ttag +2 ////; 
ttag +3 ////; 
ttag +4 ////; 
ttag +5 ////; 
ttag +6 ////; 
ttag +7 ////; 
ttag +8 ////; 
ttag +9 ////; 
ttag +10 ////; 
ttag +11 ////; 
ttag +12 ////; 
ttag +13 ////; 
ttag +14 ////; 
ttag +15 ////; 
ttag +16 ////; 
ttag +17 ////; 
ttag +18 ////; 
ttag +19 ////; 
ttag +20 ////; 
ttag +21 ////; 
ttag +22 ////; 
ttag +23 ////; 
ttag +24 ////; 
ttag +25 ////; 
ttag +26 ////; 
ttag +27 ////; 
ttag +28 ////; 
ttag +29 ////; 
ttag +30 ////; 
ttag +31 ////; 
ttag +32 ////; 
ttag +33 ////; 
ttag +34 ////; 
ttag +35 ////; 
ttag +36 ////; 
ttag +37 ////; 
ttag +38 ////; 
ttag +39 ////; 
ttag +40 ////; 
ttag +41 ////; 
ttag +42 ////; 
ttag +43 ////; 
ttag +44 ////; 
ttag +45 ////; 
ttag +46 ////; 
ttag +47 ////; 
ttag +48 ////; 
ttag +49 100/100/100/100/100; 
ttag +50 81/70/66/78/59; 
ttag +51 100/100/100/100/100; 
ttag +52 72/66/61/78/57; 
ttag +53 28/22/19/32/19; 
ttag +54 9/[25]/?/?/?; 
ttag +55 12/4/2/?/1; 
ttag +56 24/17/17/28/16; 
ttag +57 97/97/93/97/96; 
ttag +58 97/95/96/98/95; 
ttag +59 19/10/3/6/2; 
ttag +60 71/65/57/71/58; 
ttag +61 34/28/21/38/15; 
ttag +62 3/[12]/?/?/?; 
ttag +63 29/24/19/34/14; 
ttag +64 96/95/86/96/89; 
ttag +65 48/33/39/37/31; 
ttag +66 14/[1]/3/?/1; 
ttag +67 8/[7]/?/?/?; 
ttag +68 96/95/94/98/95; 
ttag +69 97/97/91/99/89; 
ttag +70 100/100/99/99/98; 
ttag +71 14/0/5/?/3; 
ttag +72 92/90/85/90/82; 
ttag +73 92/89/83/93/86; 
ttag +74 54/45/28/46/31; 
ttag +75 50/37/11/40/21; 
ttag +76 72/68/53/75/57; 
ttag +77 95/94/89/96/88; 
ttag +78 46/34/22/36/26; 
ttag +79 56/40/47/42/38; 
ttag +80 77/74/62/80/62; 
ttag +81 42/29/28/32/24; 
ttag +82 100/100/99/100/99; 
ttag +83 65/58/47/66/43; 
ttag +84 52/38/40/52/43; 
ttag +85 68/60/50/65/54; 
ttag +86 66/45/38/56/40; 
ttag +87 100/100/97/99/97; 
ttag +88 96/95/92/96/92; 
ttag +89 32/[7]/?/?/?; 
ttag +90 26/[12]/?/?/?; 
ttag +91 26/[12]/?/?/?; 
ttag +92 54/40/36/42/39; 
ttag +93 82/78/67/81/72; 
ttag +94 94/93/87/95/89; 
