tread
'Tree with tags' 
(0 (1 ((2 3 )(4 (5 ((6 7 (8 (9 10 )))(11 (((12 13 )(14 21 (((15 16 17 )(18 (19 20 )))(26 27 28 (29 (30 31 )((32 (33 34 ))(35 36 (38 (37 39 ))))((40 (41 (42 43 )))(47 (44 45 46 ))))))))(22 (23 (24 25 ))))))))))); 
ttag *!; 
ttag +49 ???; 
ttag +50 4; 
ttag +51 3; 
ttag +52 6; 
ttag +53 3; 
ttag +54 2; 
ttag +55 1; 
ttag +56 9; 
ttag +57 2; 
ttag +58 1; 
ttag +59 1; 
ttag +60 1; 
ttag +61 1; 
ttag +62 1; 
ttag +63 8; 
ttag +64 1; 
ttag +65 1; 
ttag +66 4; 
ttag +67 14; 
ttag +68 1; 
ttag +69 6; 
ttag +70 3; 
ttag +71 5; 
ttag +72 5; 
ttag +73 3; 
ttag +74 1; 
ttag +75 5; 
ttag +76 3; 
ttag +77 2; 
ttag +78 1; 
ttag +79 3; 
ttag +80 3; 
ttag +81 1; 
ttag +82 2; 
ttag +83 4; 
ttag +84 1; 
ttag +85 3; 
tread
'Tree with tags' 
(0 (1 ((2 3 )(4 (5 (((6 7 )(8 (9 10 )))(11 (((12 13 )(21 (14 (((16 (15 17 ))(18 (19 20 )))(28 (26 (27 ((29 ((32 (33 34 ))((35 36 )(38 (37 39 )))))((30 31 )((40 (41 (42 43 )))(47 (45 (44 46 )))))))))))))(22 (23 (24 25 ))))))))))); 
ttag *!; 
ttag +0 ////; 
ttag +1 ////; 
ttag +2 ////; 
ttag +3 ////; 
ttag +4 ////; 
ttag +5 ////; 
ttag +6 ////; 
ttag +7 ////; 
ttag +8 ////; 
ttag +9 ////; 
ttag +10 ////; 
ttag +11 ////; 
ttag +12 ////; 
ttag +13 ////; 
ttag +14 ////; 
ttag +15 ////; 
ttag +16 ////; 
ttag +17 ////; 
ttag +18 ////; 
ttag +19 ////; 
ttag +20 ////; 
ttag +21 ////; 
ttag +22 ////; 
ttag +23 ////; 
ttag +24 ////; 
ttag +25 ////; 
ttag +26 ////; 
ttag +27 ////; 
ttag +28 ////; 
ttag +29 ////; 
ttag +30 ////; 
ttag +31 ////; 
ttag +32 ////; 
ttag +33 ////; 
ttag +34 ////; 
ttag +35 ////; 
ttag +36 ////; 
ttag +37 ////; 
ttag +38 ////; 
ttag +39 ////; 
ttag +40 ////; 
ttag +41 ////; 
ttag +42 ////; 
ttag +43 ////; 
ttag +44 ////; 
ttag +45 ////; 
ttag +46 ////; 
ttag +47 ////; 
ttag +48 ////; 
ttag +49 100/100/100/100/100; 
ttag +50 92/90/83/91/79; 
ttag +51 89/85/72/77/67; 
ttag +52 87/77/78/86/74; 
ttag +53 71/60/48/65/50; 
ttag +54 30/[1]/4/?/6; 
ttag +55 54/46/30/52/36; 
ttag +56 25/14/16/24/8; 
ttag +57 98/98/98/99/98; 
ttag +58 66/53/48/58/47; 
ttag +59 10/0/?/0/?; 
ttag +60 32/28/10/18/18; 
ttag +61 22/1/?/?/?; 
ttag +62 32/24/18/27/20; 
ttag +63 6/[14]/?/?/?; 
ttag +64 6/[13]/?/?/?; 
ttag +65 54/26/29/42/38; 
ttag +66 100/100/99/99/100; 
ttag +67 50/27/17/26/17; 
ttag +68 18/[7]/?/?/?; 
ttag +69 93/91/86/90/84; 
ttag +70 100/100/100/100/100; 
ttag +71 48/28/30/22/16; 
ttag +72 96/93/88/95/92; 
ttag +73 78/71/68/74/71; 
ttag +74 20/[3]/?/?/?; 
ttag +75 67/61/54/61/46; 
ttag +76 29/[2]/?/?/?; 
ttag +77 16/[22]/?/?/?; 
ttag +78 84/83/69/74/70; 
ttag +79 98/97/95/96/92; 
ttag +80 25/[13]/?/?/?; 
ttag +81 52/27/5/33/17; 
ttag +82 98/97/93/96/94; 
ttag +83 92/90/85/90/86; 
ttag +84 29/2/2/2/?; 
ttag +85 54/39/36/42/42; 
ttag +86 68/56/50/59/45; 
ttag +87 95/94/89/96/95; 
ttag +88 92/91/86/92/81; 
ttag +89 55/44/14/38/24; 
ttag +90 88/83/72/81/75; 
ttag +91 90/85/81/90/82; 
ttag +92 20/[18]/?/?/?; 
ttag +93 55/44/38/33/32; 
ttag +94 78/74/58/82/64; 
