tread
'Tree with tags' 
(0 (1 ((2 3 )((((4 5 )(6 7 ))(11 (13 (12 (14 21 (18 (15 (16 17 ))(19 20 ))(22 ((23 (24 25 ))(26 (27 (28 ((29 (30 31 ))(((32 (35 36 (37 38 39 )))(33 34 ))((40 (41 (42 43 )))(45 (44 (46 47 ))))))))))))))))(8 (9 10 )))))); 
ttag *!; 
ttag +49 ???; 
ttag +50 4; 
ttag +51 6; 
ttag +52 1; 
ttag +53 1; 
ttag +54 1; 
ttag +55 3; 
ttag +56 2; 
ttag +57 10; 
ttag +58 6; 
ttag +59 1; 
ttag +60 1; 
ttag +61 1; 
ttag +62 1; 
ttag +63 5; 
ttag +64 2; 
ttag +65 5; 
ttag +66 11; 
ttag +67 2; 
ttag +68 3; 
ttag +69 1; 
ttag +70 9; 
ttag +71 3; 
ttag +72 2; 
ttag +73 4; 
ttag +74 5; 
ttag +75 2; 
ttag +76 4; 
ttag +77 2; 
ttag +78 2; 
ttag +79 1; 
ttag +80 9; 
ttag +81 3; 
ttag +82 6; 
ttag +83 3; 
ttag +84 4; 
ttag +85 1; 
ttag +86 4; 
ttag +87 3; 
ttag +88 10; 
ttag +89 3; 
tread
'Tree with tags' 
(0 (1 ((2 3 )((((4 5 )(6 7 ))(11 (13 (12 ((21 (14 ((15 (16 17 ))(18 (19 20 )))))(22 ((23 (24 25 ))(26 (27 (28 ((29 (30 31 ))(((32 ((35 36 )(39 (37 38 ))))(33 34 ))((40 (41 (42 43 )))(45 (44 (46 47 ))))))))))))))))(8 (9 10 )))))); 
ttag *!; 
ttag +0 ////; 
ttag +1 ////; 
ttag +2 ////; 
ttag +3 ////; 
ttag +4 ////; 
ttag +5 ////; 
ttag +6 ////; 
ttag +7 ////; 
ttag +8 ////; 
ttag +9 ////; 
ttag +10 ////; 
ttag +11 ////; 
ttag +12 ////; 
ttag +13 ////; 
ttag +14 ////; 
ttag +15 ////; 
ttag +16 ////; 
ttag +17 ////; 
ttag +18 ////; 
ttag +19 ////; 
ttag +20 ////; 
ttag +21 ////; 
ttag +22 ////; 
ttag +23 ////; 
ttag +24 ////; 
ttag +25 ////; 
ttag +26 ////; 
ttag +27 ////; 
ttag +28 ////; 
ttag +29 ////; 
ttag +30 ////; 
ttag +31 ////; 
ttag +32 ////; 
ttag +33 ////; 
ttag +34 ////; 
ttag +35 ////; 
ttag +36 ////; 
ttag +37 ////; 
ttag +38 ////; 
ttag +39 ////; 
ttag +40 ////; 
ttag +41 ////; 
ttag +42 ////; 
ttag +43 ////; 
ttag +44 ////; 
ttag +45 ////; 
ttag +46 ////; 
ttag +47 ////; 
ttag +48 ////; 
ttag +49 100/100/100/100/100; 
ttag +50 93/91/87/91/89; 
ttag +51 98/98/93/98/95; 
ttag +52 35/22/25/30/19; 
ttag +53 25/12/11/29/16; 
ttag +54 40/30/21/30/30; 
ttag +55 90/88/81/86/79; 
ttag +56 58/52/38/53/44; 
ttag +57 99/99/96/100/99; 
ttag +58 98/98/98/98/98; 
ttag +59 39/25/24/39/23; 
ttag +60 34/14/11/19/4; 
ttag +61 38/26/15/21/16; 
ttag +62 20/[12]/?/?/?; 
ttag +63 11/[1]/1/?/2; 
ttag +64 45/33/14/30/23; 
ttag +65 96/94/87/96/90; 
ttag +66 83/81/67/82/66; 
ttag +67 99/98/95/97/95; 
ttag +68 43/23/13/24/15; 
ttag +69 100/100/100/100/100; 
ttag +70 76/74/59/86/68; 
ttag +71 87/80/75/75/77; 
ttag +72 36/13/17/26/12; 
ttag +73 100/100/98/99/99; 
ttag +74 94/93/84/92/85; 
ttag +75 76/66/49/63/50; 
ttag +76 90/89/65/87/74; 
ttag +77 92/91/77/91/78; 
ttag +78 49/43/30/47/36; 
ttag +79 93/92/87/91/93; 
ttag +80 69/57/49/55/48; 
ttag +81 67/56/40/55/36; 
ttag +82 35/5/14/16/10; 
ttag +83 100/100/99/100/100; 
ttag +84 35/1/2/4/2; 
ttag +85 88/87/76/88/78; 
ttag +86 21/[2]/?/?/?; 
ttag +87 97/96/90/95/90; 
ttag +88 88/85/63/82/67; 
ttag +89 95/94/84/95/84; 
ttag +90 61/50/34/51/35; 
ttag +91 93/90/88/91/89; 
ttag +92 77/70/54/70/60; 
ttag +93 99/99/98/100/98; 
ttag +94 81/70/56/71/58; 
