tread
'Tree with tags' 
(0 (1 (2 3 )(4 5 11 13 ((6 7 )(8 9 10 ))(12 ((14 ((15 16 17 )(18 (19 20 ))))(21 ((22 (23 (24 25 )))(26 27 (28 ((((29 (30 31 ))(32 (33 34 )(35 (36 (39 (37 38 ))))))(40 (41 (42 43 ))))(44 (45 (46 47 ))))))))))))); 
ttag *!; 
ttag +49 ???; 
ttag +50 11; 
ttag +51 7; 
ttag +52 1; 
ttag +53 4; 
ttag +54 6; 
ttag +55 1; 
ttag +56 2; 
ttag +57 4; 
ttag +58 5; 
ttag +59 7; 
ttag +60 7; 
ttag +61 9; 
ttag +62 6; 
ttag +63 3; 
ttag +64 2; 
ttag +65 10; 
ttag +66 6; 
ttag +67 4; 
ttag +68 2; 
ttag +69 6; 
ttag +70 1; 
ttag +71 1; 
ttag +72 3; 
ttag +73 5; 
ttag +74 5; 
ttag +75 4; 
ttag +76 2; 
ttag +77 4; 
ttag +78 1; 
ttag +79 5; 
ttag +80 5; 
ttag +81 3; 
ttag +82 12; 
ttag +83 1; 
ttag +84 1; 
ttag +85 1; 
tread
'Tree with tags' 
(0 ((1 (13 (((4 5 )(11 ((6 7 )(9 (8 10 )))))(12 ((14 ((15 (16 17 ))(18 (19 20 ))))(21 ((22 (23 (24 25 )))((26 27 )(28 ((((29 (30 31 ))((32 (33 34 ))(35 (36 (39 (37 38 ))))))(40 (41 (42 43 ))))(44 (45 (46 47 )))))))))))))(2 3 ))); 
ttag *!; 
ttag +0 ////; 
ttag +1 ////; 
ttag +2 ////; 
ttag +3 ////; 
ttag +4 ////; 
ttag +5 ////; 
ttag +6 ////; 
ttag +7 ////; 
ttag +8 ////; 
ttag +9 ////; 
ttag +10 ////; 
ttag +11 ////; 
ttag +12 ////; 
ttag +13 ////; 
ttag +14 ////; 
ttag +15 ////; 
ttag +16 ////; 
ttag +17 ////; 
ttag +18 ////; 
ttag +19 ////; 
ttag +20 ////; 
ttag +21 ////; 
ttag +22 ////; 
ttag +23 ////; 
ttag +24 ////; 
ttag +25 ////; 
ttag +26 ////; 
ttag +27 ////; 
ttag +28 ////; 
ttag +29 ////; 
ttag +30 ////; 
ttag +31 ////; 
ttag +32 ////; 
ttag +33 ////; 
ttag +34 ////; 
ttag +35 ////; 
ttag +36 ////; 
ttag +37 ////; 
ttag +38 ////; 
ttag +39 ////; 
ttag +40 ////; 
ttag +41 ////; 
ttag +42 ////; 
ttag +43 ////; 
ttag +44 ////; 
ttag +45 ////; 
ttag +46 ////; 
ttag +47 ////; 
ttag +48 ////; 
ttag +49 40/[5]/?/7/?; 
ttag +50 100/100/100/100/100; 
ttag +51 100/100/100/100/100; 
ttag +52 8/[24]/?/?/?; 
ttag +53 14/[16]/?/?/?; 
ttag +54 12/[18]/?/?/?; 
ttag +55 81/78/69/84/70; 
ttag +56 73/67/66/65/61; 
ttag +57 93/92/85/92/81; 
ttag +58 4/[28]/?/?/?; 
ttag +59 42/7/?/2/1; 
ttag +60 98/98/98/100/96; 
ttag +61 17/7/?/15/?; 
ttag +62 46/36/29/48/28; 
ttag +63 41/31/14/41/14; 
ttag +64 94/94/89/97/89; 
ttag +65 93/91/86/91/84; 
ttag +66 32/[10]/?/?/?; 
ttag +67 100/100/98/100/100; 
ttag +68 100/100/98/100/100; 
ttag +69 53/43/30/61/29; 
ttag +70 49/32/27/42/19; 
ttag +71 25/9/9/24/21; 
ttag +72 99/98/99/99/98; 
ttag +73 97/95/92/95/91; 
ttag +74 58/54/58/36/56; 
ttag +75 50/33/20/46/15; 
ttag +76 39/22/8/36/9; 
ttag +77 72/66/54/75/59; 
ttag +78 28/12/?/15/6; 
ttag +79 24/[7]/?/0/?; 
ttag +80 66/62/50/67/42; 
ttag +81 94/91/84/92/83; 
ttag +82 25/[15]/?/?/?; 
ttag +83 96/96/87/96/88; 
ttag +84 88/86/72/90/76; 
ttag +85 55/46/44/48/43; 
ttag +86 93/90/81/90/77; 
ttag +87 57/40/43/53/39; 
ttag +88 94/93/88/95/86; 
ttag +89 85/83/70/85/76; 
ttag +90 82/76/58/70/60; 
ttag +91 100/100/100/100/100; 
ttag +92 72/61/61/64/60; 
ttag +93 39/32/14/29/18; 
ttag +94 55/42/29/44/42; 
