tread
'Tree with tags' 
(0 (1 ((2 3 )(4 (((5 (11 (14 ((12 13 )(((15 (16 17 ))(18 (19 20 )))(21 ((22 (23 (24 25 )))(26 (27 ((28 ((((32 (35 (36 (37 38 39 ))))(33 34 ))(40 (41 (42 43 ))))(46 (44 (45 47 )))))(29 (30 31 ))))))))))))(6 7 ))(8 (9 10 ))))))); 
ttag *!; 
ttag +49 ???; 
ttag +50 7; 
ttag +51 5; 
ttag +52 6; 
ttag +53 1; 
ttag +54 1; 
ttag +55 2; 
ttag +56 1; 
ttag +57 8; 
ttag +58 2; 
ttag +59 1; 
ttag +60 1; 
ttag +61 1; 
ttag +62 1; 
ttag +63 9; 
ttag +64 1; 
ttag +65 1; 
ttag +66 3; 
ttag +67 4; 
ttag +68 7; 
ttag +69 1; 
ttag +70 1; 
ttag +71 6; 
ttag +72 6; 
ttag +73 6; 
ttag +74 9; 
ttag +75 2; 
ttag +76 1; 
ttag +77 2; 
ttag +78 7; 
ttag +79 4; 
ttag +80 2; 
ttag +81 5; 
ttag +82 1; 
ttag +83 2; 
ttag +84 6; 
ttag +85 3; 
ttag +86 9; 
ttag +87 10; 
ttag +88 7; 
ttag +89 2; 
ttag +90 3; 
ttag +91 1; 
ttag +92 8; 
ttag +93 1; 
tread
'Tree with tags' 
(0 (1 ((2 3 )(4 (((5 (11 (14 ((12 13 )(((15 (16 17 ))(18 (19 20 )))(21 ((22 (23 (24 25 )))(26 (27 ((28 ((((32 (35 (36 (38 (37 39 )))))(33 34 ))(40 (41 (42 43 ))))(46 (44 (45 47 )))))(29 (30 31 ))))))))))))(6 7 ))(8 (9 10 ))))))); 
ttag *!; 
ttag +0 ////; 
ttag +1 ////; 
ttag +2 ////; 
ttag +3 ////; 
ttag +4 ////; 
ttag +5 ////; 
ttag +6 ////; 
ttag +7 ////; 
ttag +8 ////; 
ttag +9 ////; 
ttag +10 ////; 
ttag +11 ////; 
ttag +12 ////; 
ttag +13 ////; 
ttag +14 ////; 
ttag +15 ////; 
ttag +16 ////; 
ttag +17 ////; 
ttag +18 ////; 
ttag +19 ////; 
ttag +20 ////; 
ttag +21 ////; 
ttag +22 ////; 
ttag +23 ////; 
ttag +24 ////; 
ttag +25 ////; 
ttag +26 ////; 
ttag +27 ////; 
ttag +28 ////; 
ttag +29 ////; 
ttag +30 ////; 
ttag +31 ////; 
ttag +32 ////; 
ttag +33 ////; 
ttag +34 ////; 
ttag +35 ////; 
ttag +36 ////; 
ttag +37 ////; 
ttag +38 ////; 
ttag +39 ////; 
ttag +40 ////; 
ttag +41 ////; 
ttag +42 ////; 
ttag +43 ////; 
ttag +44 ////; 
ttag +45 ////; 
ttag +46 ////; 
ttag +47 ////; 
ttag +48 ////; 
ttag +49 100/100/100/100/100; 
ttag +50 99/99/99/99/100; 
ttag +51 98/97/96/98/96; 
ttag +52 95/94/83/92/80; 
ttag +53 19/4/?/8/2; 
ttag +54 34/20/2/12/5; 
ttag +55 60/48/34/49/35; 
ttag +56 56/48/43/49/41; 
ttag +57 98/97/96/98/96; 
ttag +58 86/84/77/84/81; 
ttag +59 41/28/20/23/22; 
ttag +60 59/43/32/48/35; 
ttag +61 20/[2]/?/?/?; 
ttag +62 51/40/36/44/33; 
ttag +63 100/100/98/100/98; 
ttag +64 36/14/10/22/8; 
ttag +65 25/9/2/14/8; 
ttag +66 91/87/78/87/82; 
ttag +67 95/94/88/96/91; 
ttag +68 100/100/100/100/100; 
ttag +69 24/8/7/3/8; 
ttag +70 75/62/58/60/62; 
ttag +71 92/90/79/96/84; 
ttag +72 91/90/86/89/83; 
ttag +73 98/98/96/98/93; 
ttag +74 100/100/95/99/96; 
ttag +75 47/34/26/38/24; 
ttag +76 20/[6]/?/?/?; 
ttag +77 42/28/21/37/24; 
ttag +78 88/86/74/91/78; 
ttag +79 87/83/79/86/74; 
ttag +80 70/66/50/71/50; 
ttag +81 85/83/68/85/77; 
ttag +82 36/10/?/?/?; 
ttag +83 46/36/34/44/35; 
ttag +84 89/87/79/94/80; 
ttag +85 74/70/51/73/57; 
ttag +86 99/99/98/99/98; 
ttag +87 32/[4]/8/?/5; 
ttag +88 99/99/100/100/99; 
ttag +89 98/98/92/96/96; 
ttag +90 64/46/38/48/44; 
ttag +91 86/84/75/82/69; 
ttag +92 44/28/17/20/19; 
ttag +93 97/97/90/97/90; 
ttag +94 59/37/27/37/22; 
