tread
'Tree with tags' 
(0 (1 ((2 3 )(4 5 (11 12 13 14 21 ((6 7 )(8 (9 10 )))((15 16 17 )(18 (19 20 )))(22 (23 (24 25 )))(26 27 28 (29 30 31 )(32 (33 34 35 (36 (37 (38 39 )))))((40 (41 (42 43 )))(44 45 46 47 )))))))); 
ttag *!; 
ttag +49 ???; 
ttag +50 7; 
ttag +51 1; 
ttag +52 4; 
ttag +53 1; 
ttag +54 2; 
ttag +55 1; 
ttag +56 11; 
ttag +57 5; 
ttag +58 2; 
ttag +59 1; 
ttag +60 1; 
ttag +61 13; 
ttag +62 5; 
ttag +63 3; 
ttag +64 7; 
ttag +65 3; 
ttag +66 1; 
ttag +67 5; 
ttag +68 1; 
ttag +69 6; 
ttag +70 7; 
ttag +71 4; 
ttag +72 2; 
ttag +73 1; 
ttag +74 1; 
ttag +75 3; 
ttag +76 5; 
tread
'Tree with tags' 
(0 (1 ((2 3 )((4 5 )(14 ((12 (11 ((6 7 )(8 (9 10 )))))(((13 ((17 (15 16 ))(18 (19 20 ))))(22 (23 (24 25 ))))(21 ((28 (27 (26 ((40 (41 (42 43 )))(47 (44 (45 46 )))))))((29 (30 31 ))(32 (35 (34 (33 (36 (37 (38 39 ))))))))))))))))); 
ttag *!; 
ttag +0 ////; 
ttag +1 ////; 
ttag +2 ////; 
ttag +3 ////; 
ttag +4 ////; 
ttag +5 ////; 
ttag +6 ////; 
ttag +7 ////; 
ttag +8 ////; 
ttag +9 ////; 
ttag +10 ////; 
ttag +11 ////; 
ttag +12 ////; 
ttag +13 ////; 
ttag +14 ////; 
ttag +15 ////; 
ttag +16 ////; 
ttag +17 ////; 
ttag +18 ////; 
ttag +19 ////; 
ttag +20 ////; 
ttag +21 ////; 
ttag +22 ////; 
ttag +23 ////; 
ttag +24 ////; 
ttag +25 ////; 
ttag +26 ////; 
ttag +27 ////; 
ttag +28 ////; 
ttag +29 ////; 
ttag +30 ////; 
ttag +31 ////; 
ttag +32 ////; 
ttag +33 ////; 
ttag +34 ////; 
ttag +35 ////; 
ttag +36 ////; 
ttag +37 ////; 
ttag +38 ////; 
ttag +39 ////; 
ttag +40 ////; 
ttag +41 ////; 
ttag +42 ////; 
ttag +43 ////; 
ttag +44 ////; 
ttag +45 ////; 
ttag +46 ////; 
ttag +47 ////; 
ttag +48 ////; 
ttag +49 100/100/100/100/100; 
ttag +50 99/98/100/99/97; 
ttag +51 69/52/46/48/46; 
ttag +52 9/[18]/?/?/?; 
ttag +53 84/80/70/84/69; 
ttag +54 70/66/58/69/57; 
ttag +55 84/82/67/84/66; 
ttag +56 37/23/20/21/24; 
ttag +57 11/[4]/?/?/?; 
ttag +58 12/[4]/?/?/?; 
ttag +59 27/9/3/12/7; 
ttag +60 100/100/95/98/98; 
ttag +61 98/98/90/94/92; 
ttag +62 27/[9]/2/?/?; 
ttag +63 21/9/1/18/2; 
ttag +64 1/[16]/?/?/?; 
ttag +65 9/[51]/?/?/?; 
ttag +66 94/93/87/91/85; 
ttag +67 34/24/10/22/10; 
ttag +68 59/36/39/43/39; 
ttag +69 100/100/100/100/100; 
ttag +70 12/[4]/?/?/?; 
ttag +71 90/88/81/88/80; 
ttag +72 80/73/64/72/66; 
ttag +73 98/98/95/99/97; 
ttag +74 6/[20]/?/?/?; 
ttag +75 8/[7]/?/2/?; 
ttag +76 10/[5]/?/?/?; 
ttag +77 75/70/50/74/59; 
ttag +78 76/72/61/72/65; 
ttag +79 50/37/25/30/27; 
ttag +80 50/22/11/18/24; 
ttag +81 96/95/92/98/89; 
ttag +82 17/[41]/?/?/?; 
ttag +83 28/[13]/?/?/?; 
ttag +84 55/43/36/44/27; 
ttag +85 98/98/95/97/96; 
ttag +86 100/100/97/98/98; 
ttag +87 97/96/87/95/90; 
ttag +88 73/68/55/66/51; 
ttag +89 24/14/10/18/8; 
ttag +90 66/53/56/55/56; 
ttag +91 86/84/72/87/72; 
ttag +92 41/26/20/10/4; 
ttag +93 89/88/77/90/78; 
ttag +94 28/12/7/0/?; 
