tread
'Tree with tags' 
(0 (1 ((2 3 )(4 ((5 (6 7 ))((12 (11 (8 (9 10 ))))(13 (14 ((15 (16 17 ))(18 (19 20 )))(21 22 )((23 (24 25 ))(26 27 28 29 (30 31 )((32 (35 (36 ((33 34 )(37 38 39 )))))((44 47 )(45 46 )))(40 41 (42 43 )))))))))))); 
ttag *!; 
ttag +49 ???; 
ttag +50 7; 
ttag +51 4; 
ttag +52 2; 
ttag +53 1; 
ttag +54 3; 
ttag +55 1; 
ttag +56 14; 
ttag +57 1; 
ttag +58 1; 
ttag +59 1; 
ttag +60 3; 
ttag +61 1; 
ttag +62 3; 
ttag +63 9; 
ttag +64 1; 
ttag +65 2; 
ttag +66 3; 
ttag +67 11; 
ttag +68 1; 
ttag +69 5; 
ttag +70 1; 
ttag +71 6; 
ttag +72 5; 
ttag +73 5; 
ttag +74 7; 
ttag +75 1; 
ttag +76 5; 
ttag +77 1; 
ttag +78 1; 
ttag +79 2; 
ttag +80 4; 
ttag +81 6; 
ttag +82 7; 
ttag +83 1; 
ttag +84 4; 
ttag +85 3; 
tread
'Tree with tags' 
(0 (1 ((2 3 )(4 ((5 (6 7 ))((12 (11 (8 (9 10 ))))(13 ((14 (((15 (16 17 ))(18 (19 20 )))((23 (24 25 ))((28 ((26 27 )((29 (30 31 ))((32 (35 (36 ((33 34 )(38 (37 39 ))))))((44 47 )(45 46 ))))))(40 (41 (42 43 )))))))(21 22 ))))))))); 
ttag *!; 
ttag +0 ////; 
ttag +1 ////; 
ttag +2 ////; 
ttag +3 ////; 
ttag +4 ////; 
ttag +5 ////; 
ttag +6 ////; 
ttag +7 ////; 
ttag +8 ////; 
ttag +9 ////; 
ttag +10 ////; 
ttag +11 ////; 
ttag +12 ////; 
ttag +13 ////; 
ttag +14 ////; 
ttag +15 ////; 
ttag +16 ////; 
ttag +17 ////; 
ttag +18 ////; 
ttag +19 ////; 
ttag +20 ////; 
ttag +21 ////; 
ttag +22 ////; 
ttag +23 ////; 
ttag +24 ////; 
ttag +25 ////; 
ttag +26 ////; 
ttag +27 ////; 
ttag +28 ////; 
ttag +29 ////; 
ttag +30 ////; 
ttag +31 ////; 
ttag +32 ////; 
ttag +33 ////; 
ttag +34 ////; 
ttag +35 ////; 
ttag +36 ////; 
ttag +37 ////; 
ttag +38 ////; 
ttag +39 ////; 
ttag +40 ////; 
ttag +41 ////; 
ttag +42 ////; 
ttag +43 ////; 
ttag +44 ////; 
ttag +45 ////; 
ttag +46 ////; 
ttag +47 ////; 
ttag +48 ////; 
ttag +49 100/100/100/100/100; 
ttag +50 97/97/95/98/95; 
ttag +51 96/94/87/92/84; 
ttag +52 35/[10]/?/0/?; 
ttag +53 15/[5]/?/?/1; 
ttag +54 38/18/5/21/19; 
ttag +55 34/14/12/17/21; 
ttag +56 100/100/99/100/100; 
ttag +57 10/[18]/?/?/?; 
ttag +58 14/[10]/?/?/?; 
ttag +59 11/[2]/?/?/?; 
ttag +60 84/78/69/80/65; 
ttag +61 49/42/15/38/22; 
ttag +62 12/[27]/?/?/?; 
ttag +63 74/72/49/74/60; 
ttag +64 99/99/98/99/94; 
ttag +65 62/53/56/54/52; 
ttag +66 15/[24]/?/?/?; 
ttag +67 68/54/54/56/44; 
ttag +68 82/74/64/82/71; 
ttag +69 100/100/100/100/100; 
ttag +70 21/[18]/?/?/?; 
ttag +71 93/91/90/93/92; 
ttag +72 35/14/4/10/6; 
ttag +73 95/93/86/96/82; 
ttag +74 40/7/10/5/4; 
ttag +75 20/[35]/?/?/?; 
ttag +76 20/[35]/?/?/?; 
ttag +77 86/84/68/80/75; 
ttag +78 36/15/10/12/8; 
ttag +79 23/[2]/1/6/1; 
ttag +80 96/95/85/93/87; 
ttag +81 85/84/72/81/73; 
ttag +82 42/29/20/23/14; 
ttag +83 90/88/75/89/80; 
ttag +84 30/13/13/22/12; 
ttag +85 34/17/16/24/11; 
ttag +86 57/48/41/57/39; 
ttag +87 33/[19]/?/?/?; 
ttag +88 90/87/81/86/76; 
ttag +89 92/90/84/90/80; 
ttag +90 26/[16]/?/?/?; 
ttag +91 98/98/97/99/98; 
ttag +92 41/24/17/25/23; 
ttag +93 97/96/83/94/90; 
ttag +94 60/40/24/38/24; 
