tread
'Tree with tags' 
(0 (1 (4 5 (2 3 )(6 7 )(8 (9 10 ))(11 (12 13 (14 ((15 (16 17 ))(18 (19 20 )))(21 ((22 (23 (24 25 )))(26 (27 (28 ((29 (30 31 ))(32 (33 34 )(35 (36 (37 (38 39 ))))(40 (41 (42 43 )))(45 46 (44 47 ))))))))))))))); 
ttag *!; 
ttag +49 ???; 
ttag +50 5; 
ttag +51 3; 
ttag +52 1; 
ttag +53 5; 
ttag +54 2; 
ttag +55 1; 
ttag +56 1; 
ttag +57 2; 
ttag +58 5; 
ttag +59 2; 
ttag +60 2; 
ttag +61 4; 
ttag +62 11; 
ttag +63 1; 
ttag +64 10; 
ttag +65 1; 
ttag +66 8; 
ttag +67 7; 
ttag +68 7; 
ttag +69 1; 
ttag +70 2; 
ttag +71 2; 
ttag +72 5; 
ttag +73 9; 
ttag +74 3; 
ttag +75 6; 
ttag +76 4; 
ttag +77 4; 
ttag +78 6; 
ttag +79 1; 
ttag +80 7; 
ttag +81 2; 
ttag +82 5; 
ttag +83 1; 
ttag +84 1; 
tread
'Tree with tags' 
(0 (1 (((5 (4 ((2 3 )(8 (9 10 )))))(11 (12 (13 ((14 ((15 (16 17 ))(18 (19 20 ))))(21 ((22 (23 (24 25 )))(26 (27 (28 ((29 (30 31 ))(((32 ((33 34 )(35 (36 (37 (38 39 ))))))(40 (41 (42 43 ))))((44 47 )(45 46 ))))))))))))))(6 7 )))); 
ttag *!; 
ttag +0 ////; 
ttag +1 ////; 
ttag +2 ////; 
ttag +3 ////; 
ttag +4 ////; 
ttag +5 ////; 
ttag +6 ////; 
ttag +7 ////; 
ttag +8 ////; 
ttag +9 ////; 
ttag +10 ////; 
ttag +11 ////; 
ttag +12 ////; 
ttag +13 ////; 
ttag +14 ////; 
ttag +15 ////; 
ttag +16 ////; 
ttag +17 ////; 
ttag +18 ////; 
ttag +19 ////; 
ttag +20 ////; 
ttag +21 ////; 
ttag +22 ////; 
ttag +23 ////; 
ttag +24 ////; 
ttag +25 ////; 
ttag +26 ////; 
ttag +27 ////; 
ttag +28 ////; 
ttag +29 ////; 
ttag +30 ////; 
ttag +31 ////; 
ttag +32 ////; 
ttag +33 ////; 
ttag +34 ////; 
ttag +35 ////; 
ttag +36 ////; 
ttag +37 ////; 
ttag +38 ////; 
ttag +39 ////; 
ttag +40 ////; 
ttag +41 ////; 
ttag +42 ////; 
ttag +43 ////; 
ttag +44 ////; 
ttag +45 ////; 
ttag +46 ////; 
ttag +47 ////; 
ttag +48 ////; 
ttag +49 100/100/100/100/100; 
ttag +50 98/98/91/98/91; 
ttag +51 22/[10]/?/?/?; 
ttag +52 8/[36]/?/?/?; 
ttag +53 7/[24]/?/?/?; 
ttag +54 0/[32]/?/?/?; 
ttag +55 85/82/61/86/75; 
ttag +56 43/30/24/40/35; 
ttag +57 99/99/99/99/99; 
ttag +58 66/60/55/63/58; 
ttag +59 63/60/43/60/51; 
ttag +60 43/26/22/44/20; 
ttag +61 4/[31]/?/?/?; 
ttag +62 32/3/2/1/?; 
ttag +63 66/61/54/71/60; 
ttag +64 97/96/87/97/90; 
ttag +65 78/69/55/73/50; 
ttag +66 60/45/35/56/40; 
ttag +67 88/84/76/83/78; 
ttag +68 100/100/100/100/100; 
ttag +69 52/38/20/50/30; 
ttag +70 100/100/95/100/94; 
ttag +71 64/58/42/58/40; 
ttag +72 99/99/94/98/92; 
ttag +73 100/100/98/99/97; 
ttag +74 92/91/72/90/80; 
ttag +75 68/61/34/65/40; 
ttag +76 72/67/45/73/51; 
ttag +77 86/83/72/89/69; 
ttag +78 88/86/66/90/74; 
ttag +79 99/99/97/98/98; 
ttag +80 51/38/38/34/37; 
ttag +81 22/[24]/?/?/?; 
ttag +82 76/72/48/75/52; 
ttag +83 98/98/95/97/94; 
ttag +84 31/[3]/?/?/?; 
ttag +85 96/95/87/94/88; 
ttag +86 97/97/96/97/92; 
ttag +87 98/96/95/97/92; 
ttag +88 51/41/29/46/36; 
ttag +89 100/100/90/98/93; 
ttag +90 82/72/67/79/70; 
ttag +91 90/86/83/89/80; 
ttag +92 49/33/28/40/33; 
ttag +93 48/38/26/43/36; 
ttag +94 40/33/17/31/24; 
