tread
'Tree with tags' 
(0 (1 ((2 3 )(5 ((6 ((7 (4 (15 (16 17 ))))(8 (9 10 ))))(11 (21 ((12 13 )(14 ((18 (19 20 ))((22 (23 (24 25 )))(26 (27 (28 ((29 (30 31 ))(35 (32 (33 34 ))(36 (37 (38 39 ))))(44 45 46 47 (40 41 (42 43 )))))))))))))))))); 
ttag *!; 
ttag +49 ???; 
ttag +50 5; 
ttag +51 4; 
ttag +52 1; 
ttag +53 1; 
ttag +54 1; 
ttag +55 1; 
ttag +56 1; 
ttag +57 4; 
ttag +58 5; 
ttag +59 3; 
ttag +60 1; 
ttag +61 2; 
ttag +62 1; 
ttag +63 1; 
ttag +64 1; 
ttag +65 9; 
ttag +66 4; 
ttag +67 1; 
ttag +68 1; 
ttag +69 10; 
ttag +70 7; 
ttag +71 3; 
ttag +72 1; 
ttag +73 3; 
ttag +74 3; 
ttag +75 3; 
ttag +76 2; 
ttag +77 2; 
ttag +78 2; 
ttag +79 4; 
ttag +80 1; 
ttag +81 6; 
ttag +82 4; 
ttag +83 2; 
ttag +84 1; 
ttag +85 1; 
ttag +86 5; 
ttag +87 2; 
ttag +88 5; 
tread
'Tree with tags' 
(0 (1 ((2 3 )(5 ((6 ((7 (4 (15 (16 17 ))))(8 (9 10 ))))(11 (21 ((12 13 )(14 ((18 (19 20 ))((22 (23 (24 25 )))(26 (27 (28 ((29 (30 31 ))(((32 (33 34 ))(35 (36 (37 (38 39 )))))(47 ((46 (41 (40 (42 43 ))))(44 45 ))))))))))))))))))); 
ttag *!; 
ttag +0 ////; 
ttag +1 ////; 
ttag +2 ////; 
ttag +3 ////; 
ttag +4 ////; 
ttag +5 ////; 
ttag +6 ////; 
ttag +7 ////; 
ttag +8 ////; 
ttag +9 ////; 
ttag +10 ////; 
ttag +11 ////; 
ttag +12 ////; 
ttag +13 ////; 
ttag +14 ////; 
ttag +15 ////; 
ttag +16 ////; 
ttag +17 ////; 
ttag +18 ////; 
ttag +19 ////; 
ttag +20 ////; 
ttag +21 ////; 
ttag +22 ////; 
ttag +23 ////; 
ttag +24 ////; 
ttag +25 ////; 
ttag +26 ////; 
ttag +27 ////; 
ttag +28 ////; 
ttag +29 ////; 
ttag +30 ////; 
ttag +31 ////; 
ttag +32 ////; 
ttag +33 ////; 
ttag +34 ////; 
ttag +35 ////; 
ttag +36 ////; 
ttag +37 ////; 
ttag +38 ////; 
ttag +39 ////; 
ttag +40 ////; 
ttag +41 ////; 
ttag +42 ////; 
ttag +43 ////; 
ttag +44 ////; 
ttag +45 ////; 
ttag +46 ////; 
ttag +47 ////; 
ttag +48 ////; 
ttag +49 100/100/100/100/100; 
ttag +50 93/89/92/97/92; 
ttag +51 84/74/72/80/74; 
ttag +52 25/[11]/?/?/?; 
ttag +53 6/[31]/?/?/?; 
ttag +54 4/[33]/?/?/?; 
ttag +55 5/[31]/?/?/?; 
ttag +56 13/[1]/?/?/?; 
ttag +57 81/74/56/75/59; 
ttag +58 83/77/71/79/61; 
ttag +59 68/62/48/59/46; 
ttag +60 28/[4]/?/?/?; 
ttag +61 26/0/?/1/3; 
ttag +62 5/[13]/?/?/?; 
ttag +63 22/6/1/7/7; 
ttag +64 6/[20]/?/?/?; 
ttag +65 99/98/97/98/97; 
ttag +66 93/90/91/93/84; 
ttag +67 62/53/45/63/48; 
ttag +68 13/[5]/?/?/?; 
ttag +69 100/100/100/100/100; 
ttag +70 96/95/92/98/90; 
ttag +71 83/80/73/80/71; 
ttag +72 63/55/56/49/50; 
ttag +73 87/81/72/86/77; 
ttag +74 82/68/55/74/66; 
ttag +75 58/47/28/44/43; 
ttag +76 60/49/45/47/44; 
ttag +77 88/84/71/73/67; 
ttag +78 76/68/65/72/66; 
ttag +79 92/89/82/90/82; 
ttag +80 72/65/49/68/54; 
ttag +81 94/92/88/92/82; 
ttag +82 40/6/10/?/7; 
ttag +83 96/96/86/95/89; 
ttag +84 61/44/41/45/38; 
ttag +85 75/70/59/67/54; 
ttag +86 57/46/44/50/37; 
ttag +87 58/52/46/50/49; 
ttag +88 31/14/9/20/18; 
ttag +89 98/98/90/96/93; 
ttag +90 3/[34]/?/?/?; 
ttag +91 38/0/?/?/0; 
ttag +92 88/84/79/87/74; 
ttag +93 97/96/93/97/96; 
ttag +94 8/[13]/?/?/?; 
