tread
'Tree with tags' 
(0 (1 ((2 3 )(4 5 11 12 13 21 (6 7 )(8 (9 10 ))(14 (18 (19 20 )))(15 16 17 )(22 (23 (24 25 ))(26 (27 (28 29 (30 31 )(32 (33 34 )(35 (36 (37 (38 39 )))))(44 45 46 47 (41 (40 (42 43 )))))))))))); 
ttag *!; 
ttag +49 ???; 
ttag +50 6; 
ttag +51 5; 
ttag +52 4; 
ttag +53 2; 
ttag +54 5; 
ttag +55 1; 
ttag +56 1; 
ttag +57 10; 
ttag +58 4; 
ttag +59 6; 
ttag +60 1; 
ttag +61 3; 
ttag +62 4; 
ttag +63 6; 
ttag +64 3; 
ttag +65 1; 
ttag +66 3; 
ttag +67 3; 
ttag +68 1; 
ttag +69 3; 
ttag +70 1; 
ttag +71 8; 
ttag +72 3; 
ttag +73 1; 
ttag +74 4; 
ttag +75 3; 
ttag +76 8; 
tread
'Tree with tags' 
(0 (1 ((2 3 )((5 (4 ((6 7 )((11 21 )(12 (13 ((14 (18 (19 20 )))(22 ((23 (24 25 ))(26 (27 (28 ((29 (30 31 ))(((32 (35 (36 (37 (38 39 )))))(33 34 ))(47 (46 ((41 (40 (42 43 )))(44 45 ))))))))))))))))))((8 (9 10 ))(17 (15 16 ))))))); 
ttag *!; 
ttag +0 ////; 
ttag +1 ////; 
ttag +2 ////; 
ttag +3 ////; 
ttag +4 ////; 
ttag +5 ////; 
ttag +6 ////; 
ttag +7 ////; 
ttag +8 ////; 
ttag +9 ////; 
ttag +10 ////; 
ttag +11 ////; 
ttag +12 ////; 
ttag +13 ////; 
ttag +14 ////; 
ttag +15 ////; 
ttag +16 ////; 
ttag +17 ////; 
ttag +18 ////; 
ttag +19 ////; 
ttag +20 ////; 
ttag +21 ////; 
ttag +22 ////; 
ttag +23 ////; 
ttag +24 ////; 
ttag +25 ////; 
ttag +26 ////; 
ttag +27 ////; 
ttag +28 ////; 
ttag +29 ////; 
ttag +30 ////; 
ttag +31 ////; 
ttag +32 ////; 
ttag +33 ////; 
ttag +34 ////; 
ttag +35 ////; 
ttag +36 ////; 
ttag +37 ////; 
ttag +38 ////; 
ttag +39 ////; 
ttag +40 ////; 
ttag +41 ////; 
ttag +42 ////; 
ttag +43 ////; 
ttag +44 ////; 
ttag +45 ////; 
ttag +46 ////; 
ttag +47 ////; 
ttag +48 ////; 
ttag +49 100/100/100/100/100; 
ttag +50 98/97/93/99/92; 
ttag +51 97/96/93/95/92; 
ttag +52 2/[34]/?/?/?; 
ttag +53 2/[33]/?/?/?; 
ttag +54 82/76/66/82/69; 
ttag +55 60/55/54/60/50; 
ttag +56 4/[31]/?/?/?; 
ttag +57 99/99/96/100/97; 
ttag +58 15/[20]/?/?/?; 
ttag +59 72/63/64/72/65; 
ttag +60 6/[15]/?/?/?; 
ttag +61 12/[10]/?/?/?; 
ttag +62 4/[18]/?/?/?; 
ttag +63 2/[22]/?/?/?; 
ttag +64 41/18/17/32/18; 
ttag +65 6/[19]/?/?/?; 
ttag +66 29/[16]/?/?/?; 
ttag +67 99/99/98/100/100; 
ttag +68 94/92/91/97/94; 
ttag +69 98/96/92/98/97; 
ttag +70 46/30/21/28/21; 
ttag +71 92/91/84/91/86; 
ttag +72 56/38/18/31/30; 
ttag +73 88/82/58/81/70; 
ttag +74 98/97/91/98/92; 
ttag +75 76/70/67/76/64; 
ttag +76 61/55/45/66/42; 
ttag +77 44/36/27/26/26; 
ttag +78 21/5/?/4/5; 
ttag +79 81/77/72/74/69; 
ttag +80 34/[4]/6/2/8; 
ttag +81 72/65/52/66/62; 
ttag +82 34/22/19/26/18; 
ttag +83 72/55/34/61/52; 
ttag +84 91/90/86/91/87; 
ttag +85 64/54/34/52/40; 
ttag +86 99/98/96/99/96; 
ttag +87 90/88/80/88/79; 
ttag +88 52/29/26/27/18; 
ttag +89 91/90/72/92/78; 
ttag +90 6/[20]/?/?/?; 
ttag +91 30/2/3/9/?; 
ttag +92 71/67/51/74/51; 
ttag +93 100/100/98/100/99; 
ttag +94 37/10/13/18/3; 
