tread
'Tree with tags' 
(0 (1 ((2 3 )(11 (5 (4 6 7 (8 (9 10 ))(12 13 (21 ((14 ((15 (16 17 ))(22 ((23 (24 25 ))(26 (27 (28 (((29 (30 31 ))(33 (34 (32 (35 (36 (37 (38 39 ))))))))((41 (40 (42 43 )))(47 (46 (44 45 ))))))))))))(18 (19 20 ))))))))))); 
ttag *!; 
ttag +49 ???; 
ttag +50 5; 
ttag +51 2; 
ttag +52 1; 
ttag +53 1; 
ttag +54 5; 
ttag +55 10; 
ttag +56 1; 
ttag +57 3; 
ttag +58 2; 
ttag +59 2; 
ttag +60 3; 
ttag +61 9; 
ttag +62 3; 
ttag +63 4; 
ttag +64 3; 
ttag +65 15; 
ttag +66 3; 
ttag +67 4; 
ttag +68 3; 
ttag +69 7; 
ttag +70 4; 
ttag +71 2; 
ttag +72 3; 
ttag +73 3; 
ttag +74 1; 
ttag +75 2; 
ttag +76 6; 
ttag +77 3; 
ttag +78 1; 
ttag +79 7; 
ttag +80 3; 
ttag +81 3; 
ttag +82 7; 
ttag +83 1; 
ttag +84 2; 
ttag +85 5; 
ttag +86 1; 
ttag +87 8; 
ttag +88 1; 
ttag +89 1; 
ttag +90 5; 
tread
'Tree with tags' 
(0 (1 ((2 3 )(11 (5 (((4 (6 7 ))(8 (9 10 )))((12 13 )(21 ((14 ((15 (16 17 ))(22 ((23 (24 25 ))(26 (27 (28 (((29 (30 31 ))(33 (34 (32 (35 (36 (37 (38 39 ))))))))((41 (40 (42 43 )))(47 (46 (44 45 ))))))))))))(18 (19 20 ))))))))))); 
ttag *!; 
ttag +0 ////; 
ttag +1 ////; 
ttag +2 ////; 
ttag +3 ////; 
ttag +4 ////; 
ttag +5 ////; 
ttag +6 ////; 
ttag +7 ////; 
ttag +8 ////; 
ttag +9 ////; 
ttag +10 ////; 
ttag +11 ////; 
ttag +12 ////; 
ttag +13 ////; 
ttag +14 ////; 
ttag +15 ////; 
ttag +16 ////; 
ttag +17 ////; 
ttag +18 ////; 
ttag +19 ////; 
ttag +20 ////; 
ttag +21 ////; 
ttag +22 ////; 
ttag +23 ////; 
ttag +24 ////; 
ttag +25 ////; 
ttag +26 ////; 
ttag +27 ////; 
ttag +28 ////; 
ttag +29 ////; 
ttag +30 ////; 
ttag +31 ////; 
ttag +32 ////; 
ttag +33 ////; 
ttag +34 ////; 
ttag +35 ////; 
ttag +36 ////; 
ttag +37 ////; 
ttag +38 ////; 
ttag +39 ////; 
ttag +40 ////; 
ttag +41 ////; 
ttag +42 ////; 
ttag +43 ////; 
ttag +44 ////; 
ttag +45 ////; 
ttag +46 ////; 
ttag +47 ////; 
ttag +48 ////; 
ttag +49 100/100/100/100/100; 
ttag +50 95/92/82/92/80; 
ttag +51 82/72/64/76/64; 
ttag +52 9/[14]/?/?/?; 
ttag +53 16/2/4/?/0; 
ttag +54 24/10/1/2/1; 
ttag +55 28/14/4/17/4; 
ttag +56 86/77/62/84/69; 
ttag +57 36/12/9/9/13; 
ttag +58 98/98/95/98/94; 
ttag +59 50/23/18/27/20; 
ttag +60 27/1/?/?/?; 
ttag +61 47/37/24/40/25; 
ttag +62 4/[28]/?/?/?; 
ttag +63 7/[7]/?/?/?; 
ttag +64 42/28/13/26/20; 
ttag +65 98/97/90/97/96; 
ttag +66 6/[26]/?/?/?; 
ttag +67 75/66/49/66/57; 
ttag +68 66/56/54/47/48; 
ttag +69 100/100/100/100/100; 
ttag +70 24/10/4/13/7; 
ttag +71 80/75/64/78/68; 
ttag +72 17/3/1/5/0; 
ttag +73 99/99/99/99/99; 
ttag +74 56/52/44/57/40; 
ttag +75 13/[22]/?/?/?; 
ttag +76 37/18/10/28/6; 
ttag +77 92/90/77/92/80; 
ttag +78 24/[6]/?/11/8; 
ttag +79 43/25/11/26/12; 
ttag +80 96/95/94/98/99; 
ttag +81 83/82/75/86/71; 
ttag +82 42/17/?/22/3; 
ttag +83 86/78/72/87/75; 
ttag +84 86/82/76/87/71; 
ttag +85 83/77/55/78/61; 
ttag +86 99/98/94/98/96; 
ttag +87 65/50/39/52/49; 
ttag +88 44/20/9/29/16; 
ttag +89 89/87/75/84/74; 
ttag +90 29/10/9/9/5; 
ttag +91 96/96/91/97/94; 
ttag +92 45/24/22/24/11; 
ttag +93 70/60/52/58/54; 
ttag +94 94/93/89/95/89; 
