tread
'Tree with tags' 
(0 (1 (2 3 )(4 (5 6 11 (7 (8 (9 10 )))(12 (13 ((((16 (15 17 ))(18 (19 20 )))((26 27 )(28 ((29 (32 35 (33 34 )(36 (37 (38 39 )))))((30 31 )((40 (41 (42 43 )))((44 47 )(45 46 ))))))))(22 (23 (24 25 )))))(14 21 )))))); 
ttag *!; 
ttag +49 ???; 
ttag +50 2; 
ttag +51 1; 
ttag +52 3; 
ttag +53 1; 
ttag +54 5; 
ttag +55 6; 
ttag +56 4; 
ttag +57 1; 
ttag +58 1; 
ttag +59 1; 
ttag +60 7; 
ttag +61 1; 
ttag +62 1; 
ttag +63 1; 
ttag +64 9; 
ttag +65 8; 
ttag +66 3; 
ttag +67 7; 
ttag +68 9; 
ttag +69 2; 
ttag +70 5; 
ttag +71 3; 
ttag +72 1; 
ttag +73 2; 
ttag +74 3; 
ttag +75 2; 
ttag +76 8; 
ttag +77 1; 
ttag +78 2; 
ttag +79 7; 
ttag +80 2; 
ttag +81 6; 
ttag +82 2; 
ttag +83 3; 
ttag +84 8; 
ttag +85 1; 
ttag +86 4; 
ttag +87 1; 
tread
'Tree with tags' 
(0 (1 ((2 3 )(4 ((5 11 )((6 (7 (8 (9 10 ))))((12 (14 21 ))(13 ((((16 (15 17 ))(18 (19 20 )))((26 27 )(28 ((29 (32 ((33 34 )(35 (36 (37 (38 39 )))))))((30 31 )((40 (41 (42 43 )))((44 47 )(45 46 ))))))))(22 (23 (24 25 )))))))))))); 
ttag *!; 
ttag +0 ////; 
ttag +1 ////; 
ttag +2 ////; 
ttag +3 ////; 
ttag +4 ////; 
ttag +5 ////; 
ttag +6 ////; 
ttag +7 ////; 
ttag +8 ////; 
ttag +9 ////; 
ttag +10 ////; 
ttag +11 ////; 
ttag +12 ////; 
ttag +13 ////; 
ttag +14 ////; 
ttag +15 ////; 
ttag +16 ////; 
ttag +17 ////; 
ttag +18 ////; 
ttag +19 ////; 
ttag +20 ////; 
ttag +21 ////; 
ttag +22 ////; 
ttag +23 ////; 
ttag +24 ////; 
ttag +25 ////; 
ttag +26 ////; 
ttag +27 ////; 
ttag +28 ////; 
ttag +29 ////; 
ttag +30 ////; 
ttag +31 ////; 
ttag +32 ////; 
ttag +33 ////; 
ttag +34 ////; 
ttag +35 ////; 
ttag +36 ////; 
ttag +37 ////; 
ttag +38 ////; 
ttag +39 ////; 
ttag +40 ////; 
ttag +41 ////; 
ttag +42 ////; 
ttag +43 ////; 
ttag +44 ////; 
ttag +45 ////; 
ttag +46 ////; 
ttag +47 ////; 
ttag +48 ////; 
ttag +49 100/100/100/100/100; 
ttag +50 88/84/75/85/72; 
ttag +51 65/45/48/42/57; 
ttag +52 51/20/17/29/22; 
ttag +53 8/[26]/?/?/?; 
ttag +54 59/38/33/52/44; 
ttag +55 5/[29]/?/?/?; 
ttag +56 2/[32]/?/?/?; 
ttag +57 51/44/35/38/36; 
ttag +58 95/95/93/97/94; 
ttag +59 97/97/90/99/97; 
ttag +60 6/[2]/2/?/?; 
ttag +61 60/39/34/51/39; 
ttag +62 10/[11]/?/?/?; 
ttag +63 38/34/34/30/25; 
ttag +64 26/[10]/?/?/?; 
ttag +65 97/96/90/96/95; 
ttag +66 30/[2]/6/?/4; 
ttag +67 3/[28]/?/?/?; 
ttag +68 16/[5]/?/?/?; 
ttag +69 99/99/99/100/100; 
ttag +70 100/100/100/100/100; 
ttag +71 52/43/35/46/35; 
ttag +72 97/96/87/94/84; 
ttag +73 100/100/98/100/99; 
ttag +74 52/22/20/16/22; 
ttag +75 80/75/64/83/70; 
ttag +76 82/80/62/80/64; 
ttag +77 29/18/16/29/16; 
ttag +78 48/39/41/40/42; 
ttag +79 85/82/83/88/83; 
ttag +80 39/30/27/37/26; 
ttag +81 98/98/95/97/95; 
ttag +82 58/43/45/48/42; 
ttag +83 35/11/8/4/8; 
ttag +84 59/42/23/29/33; 
ttag +85 90/84/72/81/75; 
ttag +86 99/98/96/100/98; 
ttag +87 80/70/71/76/72; 
ttag +88 94/92/80/91/78; 
ttag +89 59/48/53/52/48; 
ttag +90 87/84/66/79/66; 
ttag +91 98/97/96/98/96; 
ttag +92 44/15/16/15/22; 
ttag +93 90/89/88/94/84; 
ttag +94 36/8/10/14/16; 
