tread
'Tree with tags' 
(0 (1 (2 3 (4 (5 6 7 11 (8 9 10 )(12 13 (14 (((15 (16 17 ))(18 (19 20 )))(21 ((22 (23 (24 25 )))(26 27 (28 40 41 (29 (30 31 ))(32 (33 34 )(35 (36 (37 38 39 ))))(42 43 )(44 45 46 47 ))))))))))))); 
ttag *!; 
ttag +49 ???; 
ttag +50 5; 
ttag +51 6; 
ttag +52 1; 
ttag +53 7; 
ttag +54 3; 
ttag +55 1; 
ttag +56 5; 
ttag +57 1; 
ttag +58 1; 
ttag +59 5; 
ttag +60 4; 
ttag +61 12; 
ttag +62 1; 
ttag +63 4; 
ttag +64 1; 
ttag +65 6; 
ttag +66 2; 
ttag +67 7; 
ttag +68 3; 
ttag +69 4; 
ttag +70 7; 
ttag +71 4; 
ttag +72 2; 
ttag +73 3; 
ttag +74 1; 
ttag +75 3; 
ttag +76 5; 
ttag +77 4; 
tread
'Tree with tags' 
(0 (1 (2 (3 (4 (5 ((6 7 )((11 (8 (9 10 )))(13 (12 (14 (((15 (16 17 ))(18 (19 20 )))(21 ((22 (23 (24 25 )))(26 (27 ((28 ((40 (41 ((32 ((33 34 )(35 (36 (39 (37 38 ))))))(42 43 ))))(47 (46 (44 45 )))))(29 (30 31 ))))))))))))))))))); 
ttag *!; 
ttag +0 ////; 
ttag +1 ////; 
ttag +2 ////; 
ttag +3 ////; 
ttag +4 ////; 
ttag +5 ////; 
ttag +6 ////; 
ttag +7 ////; 
ttag +8 ////; 
ttag +9 ////; 
ttag +10 ////; 
ttag +11 ////; 
ttag +12 ////; 
ttag +13 ////; 
ttag +14 ////; 
ttag +15 ////; 
ttag +16 ////; 
ttag +17 ////; 
ttag +18 ////; 
ttag +19 ////; 
ttag +20 ////; 
ttag +21 ////; 
ttag +22 ////; 
ttag +23 ////; 
ttag +24 ////; 
ttag +25 ////; 
ttag +26 ////; 
ttag +27 ////; 
ttag +28 ////; 
ttag +29 ////; 
ttag +30 ////; 
ttag +31 ////; 
ttag +32 ////; 
ttag +33 ////; 
ttag +34 ////; 
ttag +35 ////; 
ttag +36 ////; 
ttag +37 ////; 
ttag +38 ////; 
ttag +39 ////; 
ttag +40 ////; 
ttag +41 ////; 
ttag +42 ////; 
ttag +43 ////; 
ttag +44 ////; 
ttag +45 ////; 
ttag +46 ////; 
ttag +47 ////; 
ttag +48 ////; 
ttag +49 100/100/100/100/100; 
ttag +50 93/92/88/92/90; 
ttag +51 29/[26]/?/?/?; 
ttag +52 86/82/76/85/77; 
ttag +53 56/36/17/39/26; 
ttag +54 67/54/54/50/51; 
ttag +55 31/11/?/10/0; 
ttag +56 100/100/98/100/96; 
ttag +57 32/4/0/5/?; 
ttag +58 18/[2]/?/?/?; 
ttag +59 65/46/44/51/37; 
ttag +60 12/[16]/?/?/?; 
ttag +61 52/32/20/44/31; 
ttag +62 32/11/?/15/5; 
ttag +63 98/97/94/98/96; 
ttag +64 31/9/0/1/?; 
ttag +65 14/[15]/?/?/?; 
ttag +66 85/80/68/78/64; 
ttag +67 95/94/89/92/87; 
ttag +68 100/100/100/100/100; 
ttag +69 33/18/10/24/13; 
ttag +70 85/80/74/81/68; 
ttag +71 64/55/50/64/55; 
ttag +72 92/88/83/90/81; 
ttag +73 84/77/73/82/66; 
ttag +74 94/93/84/92/86; 
ttag +75 4/[33]/?/?/?; 
ttag +76 5/[32]/?/?/?; 
ttag +77 72/58/50/66/46; 
ttag +78 98/97/96/97/92; 
ttag +79 100/100/99/100/98; 
ttag +80 91/87/76/92/78; 
ttag +81 20/[27]/?/?/?; 
ttag +82 31/[16]/?/?/?; 
ttag +83 27/9/1/4/?; 
ttag +84 16/[2]/?/1/?; 
ttag +85 62/56/46/56/46; 
ttag +86 34/5/?/10/?; 
ttag +87 82/79/67/81/65; 
ttag +88 50/27/14/28/18; 
ttag +89 41/20/12/22/16; 
ttag +90 68/57/53/58/51; 
ttag +91 96/95/94/96/92; 
ttag +92 54/37/15/28/26; 
ttag +93 25/5/?/?/?; 
ttag +94 82/76/67/81/69; 
