tread
'Tree with tags' 
(0 (1 ((2 3 )(4 ((5 (6 7 (8 (9 10 ))))((11 ((15 (16 17 ))(18 (19 20 ))))((12 13 )(14 (21 (22 (23 (24 25 )))(26 (27 (28 ((29 ((40 (41 (42 43 )))(46 (44 45 47 ))))((30 31 )((36 ((32 35 )(33 34 )))(37 (38 39 ))))))))))))))))); 
ttag *!; 
ttag +49 ???; 
ttag +50 2; 
ttag +51 5; 
ttag +52 4; 
ttag +53 1; 
ttag +54 1; 
ttag +55 1; 
ttag +56 7; 
ttag +57 4; 
ttag +58 1; 
ttag +59 2; 
ttag +60 1; 
ttag +61 1; 
ttag +62 1; 
ttag +63 5; 
ttag +64 1; 
ttag +65 1; 
ttag +66 5; 
ttag +67 7; 
ttag +68 2; 
ttag +69 7; 
ttag +70 4; 
ttag +71 4; 
ttag +72 2; 
ttag +73 1; 
ttag +74 3; 
ttag +75 2; 
ttag +76 4; 
ttag +77 8; 
ttag +78 3; 
ttag +79 1; 
ttag +80 1; 
ttag +81 3; 
ttag +82 10; 
ttag +83 7; 
ttag +84 4; 
ttag +85 3; 
ttag +86 7; 
ttag +87 5; 
ttag +88 3; 
ttag +89 5; 
ttag +90 1; 
ttag +91 2; 
tread
'Tree with tags' 
(0 (1 ((2 3 )(4 ((5 (6 (7 (8 (9 10 )))))((11 ((15 (16 17 ))(18 (19 20 ))))((12 13 )(14 (21 ((22 (23 (24 25 )))(26 (27 (28 ((29 ((40 (41 (42 43 )))(46 (45 (44 47 )))))((30 31 )((36 ((32 35 )(33 34 )))(37 (38 39 )))))))))))))))))); 
ttag *!; 
ttag +0 ////; 
ttag +1 ////; 
ttag +2 ////; 
ttag +3 ////; 
ttag +4 ////; 
ttag +5 ////; 
ttag +6 ////; 
ttag +7 ////; 
ttag +8 ////; 
ttag +9 ////; 
ttag +10 ////; 
ttag +11 ////; 
ttag +12 ////; 
ttag +13 ////; 
ttag +14 ////; 
ttag +15 ////; 
ttag +16 ////; 
ttag +17 ////; 
ttag +18 ////; 
ttag +19 ////; 
ttag +20 ////; 
ttag +21 ////; 
ttag +22 ////; 
ttag +23 ////; 
ttag +24 ////; 
ttag +25 ////; 
ttag +26 ////; 
ttag +27 ////; 
ttag +28 ////; 
ttag +29 ////; 
ttag +30 ////; 
ttag +31 ////; 
ttag +32 ////; 
ttag +33 ////; 
ttag +34 ////; 
ttag +35 ////; 
ttag +36 ////; 
ttag +37 ////; 
ttag +38 ////; 
ttag +39 ////; 
ttag +40 ////; 
ttag +41 ////; 
ttag +42 ////; 
ttag +43 ////; 
ttag +44 ////; 
ttag +45 ////; 
ttag +46 ////; 
ttag +47 ////; 
ttag +48 ////; 
ttag +49 100/100/100/100/100; 
ttag +50 70/53/55/49/37; 
ttag +51 92/91/88/92/90; 
ttag +52 86/84/70/86/73; 
ttag +53 19/10/10/12/3; 
ttag +54 27/17/16/23/15; 
ttag +55 28/18/19/28/15; 
ttag +56 9/[8]/?/?/?; 
ttag +57 96/95/96/96/96; 
ttag +58 93/91/89/92/85; 
ttag +59 6/[7]/?/?/?; 
ttag +60 29/21/17/31/22; 
ttag +61 67/62/54/61/55; 
ttag +62 4/[8]/?/?/?; 
ttag +63 17/4/?/12/2; 
ttag +64 98/97/95/97/98; 
ttag +65 25/12/9/16/11; 
ttag +66 40/3/?/14/13; 
ttag +67 97/97/94/98/92; 
ttag +68 99/99/95/98/96; 
ttag +69 31/21/12/27/17; 
ttag +70 96/96/89/97/88; 
ttag +71 21/4/?/4/6; 
ttag +72 92/88/80/92/86; 
ttag +73 89/84/78/86/73; 
ttag +74 44/37/22/42/26; 
ttag +75 19/1/?/5/?; 
ttag +76 26/19/10/25/16; 
ttag +77 26/15/2/25/11; 
ttag +78 24/16/7/24/10; 
ttag +79 98/97/94/97/92; 
ttag +80 28/17/4/28/7; 
ttag +81 56/45/42/40/46; 
ttag +82 23/2/2/0/?; 
ttag +83 50/19/14/31/10; 
ttag +84 97/96/96/96/94; 
ttag +85 94/91/89/91/83; 
ttag +86 96/92/91/94/91; 
ttag +87 91/88/88/86/84; 
ttag +88 76/62/54/73/53; 
ttag +89 64/58/42/74/48; 
ttag +90 63/44/30/55/26; 
ttag +91 95/93/91/96/88; 
ttag +92 28/2/?/11/2; 
ttag +93 25/[12]/?/?/?; 
ttag +94 72/70/52/68/56; 
