tread
'Tree with tags' 
(0 (1 ((2 3 )(4 (5 ((6 7 )(8 (9 10 ))(11 12 13 14 21 ((15 16 17 )(18 (19 20 )))(22 (23 (24 25 ))(26 27 28 ((29 (30 31 ))(((35 (32 (33 34 )))(36 (37 (38 39 ))))((40 (41 (42 43 )))(45 (44 (46 47 ))))))))))))))); 
ttag *!; 
ttag +49 ???; 
ttag +50 2; 
ttag +51 4; 
ttag +52 13; 
ttag +53 2; 
ttag +54 1; 
ttag +55 3; 
ttag +56 9; 
ttag +57 4; 
ttag +58 1; 
ttag +59 8; 
ttag +60 2; 
ttag +61 1; 
ttag +62 8; 
ttag +63 4; 
ttag +64 3; 
ttag +65 2; 
ttag +66 4; 
ttag +67 4; 
ttag +68 2; 
ttag +69 3; 
ttag +70 1; 
ttag +71 2; 
ttag +72 8; 
ttag +73 2; 
ttag +74 5; 
ttag +75 4; 
ttag +76 1; 
ttag +77 1; 
ttag +78 4; 
ttag +79 3; 
ttag +80 4; 
ttag +81 7; 
ttag +82 1; 
ttag +83 3; 
ttag +84 1; 
tread
'Tree with tags' 
(0 (1 ((2 3 )(4 (5 (((6 7 )((11 (12 13 ))((14 21 )(((16 (15 17 ))(18 (19 20 )))((22 ((28 (26 27 ))((29 (30 31 ))(((35 (32 (33 34 )))(36 (37 (38 39 ))))((40 (41 (42 43 )))(45 (44 (46 47 ))))))))(23 (24 25 )))))))(8 (9 10 )))))))); 
ttag *!; 
ttag +0 ////; 
ttag +1 ////; 
ttag +2 ////; 
ttag +3 ////; 
ttag +4 ////; 
ttag +5 ////; 
ttag +6 ////; 
ttag +7 ////; 
ttag +8 ////; 
ttag +9 ////; 
ttag +10 ////; 
ttag +11 ////; 
ttag +12 ////; 
ttag +13 ////; 
ttag +14 ////; 
ttag +15 ////; 
ttag +16 ////; 
ttag +17 ////; 
ttag +18 ////; 
ttag +19 ////; 
ttag +20 ////; 
ttag +21 ////; 
ttag +22 ////; 
ttag +23 ////; 
ttag +24 ////; 
ttag +25 ////; 
ttag +26 ////; 
ttag +27 ////; 
ttag +28 ////; 
ttag +29 ////; 
ttag +30 ////; 
ttag +31 ////; 
ttag +32 ////; 
ttag +33 ////; 
ttag +34 ////; 
ttag +35 ////; 
ttag +36 ////; 
ttag +37 ////; 
ttag +38 ////; 
ttag +39 ////; 
ttag +40 ////; 
ttag +41 ////; 
ttag +42 ////; 
ttag +43 ////; 
ttag +44 ////; 
ttag +45 ////; 
ttag +46 ////; 
ttag +47 ////; 
ttag +48 ////; 
ttag +49 100/100/100/100/100; 
ttag +50 76/62/57/61/38; 
ttag +51 88/82/76/90/76; 
ttag +52 100/100/98/100/100; 
ttag +53 58/49/37/50/36; 
ttag +54 71/66/56/68/62; 
ttag +55 9/[34]/?/?/?; 
ttag +56 68/62/48/61/48; 
ttag +57 99/99/98/100/97; 
ttag +58 98/98/95/95/93; 
ttag +59 21/12/9/16/10; 
ttag +60 36/26/24/42/23; 
ttag +61 40/31/26/39/34; 
ttag +62 25/0/?/10/?; 
ttag +63 25/18/6/19/10; 
ttag +64 32/[9]/?/?/?; 
ttag +65 98/98/94/98/93; 
ttag +66 66/58/39/57/48; 
ttag +67 9/[16]/?/?/?; 
ttag +68 55/36/32/42/34; 
ttag +69 100/100/99/100/99; 
ttag +70 30/[25]/?/?/?; 
ttag +71 76/71/60/79/63; 
ttag +72 93/91/82/91/89; 
ttag +73 79/69/68/74/72; 
ttag +74 30/14/10/14/8; 
ttag +75 19/[13]/?/?/?; 
ttag +76 90/88/81/85/80; 
ttag +77 85/80/68/81/62; 
ttag +78 90/88/87/89/83; 
ttag +79 89/85/80/87/82; 
ttag +80 31/11/8/16/6; 
ttag +81 39/3/?/16/?; 
ttag +82 98/97/95/100/93; 
ttag +83 61/48/35/51/36; 
ttag +84 93/90/81/92/79; 
ttag +85 97/97/91/95/93; 
ttag +86 82/78/67/73/77; 
ttag +87 73/61/56/71/60; 
ttag +88 89/88/75/88/75; 
ttag +89 75/68/51/67/55; 
ttag +90 83/78/64/80/69; 
ttag +91 98/98/93/98/93; 
ttag +92 40/17/2/16/9; 
ttag +93 60/55/35/55/34; 
ttag +94 26/2/?/8/2; 
