tread
'Tree with tags' 
(0 (1 ((2 3 )(4 5 11 (7 (6 (8 (9 10 ))))(12 13 (21 (14 ((15 (16 17 ))(18 (19 20 ))))((22 (23 (24 25 )))(26 27 28 (29 (30 31 ))(33 34 (32 (35 (36 (37 (38 39 ))))))(40 (41 (42 43 )))(44 45 46 47 ))))))))); 
ttag *!; 
ttag +49 ???; 
ttag +50 1; 
ttag +51 5; 
ttag +52 5; 
ttag +53 1; 
ttag +54 2; 
ttag +55 7; 
ttag +56 3; 
ttag +57 1; 
ttag +58 1; 
ttag +59 1; 
ttag +60 6; 
ttag +61 3; 
ttag +62 6; 
ttag +63 6; 
ttag +64 8; 
ttag +65 7; 
ttag +66 3; 
ttag +67 2; 
ttag +68 1; 
ttag +69 3; 
ttag +70 2; 
ttag +71 8; 
ttag +72 1; 
ttag +73 2; 
ttag +74 3; 
ttag +75 4; 
ttag +76 5; 
ttag +77 1; 
ttag +78 5; 
ttag +79 1; 
ttag +80 6; 
ttag +81 1; 
tread
'Tree with tags' 
(0 (1 ((2 3 )(4 (5 ((7 (6 (8 (9 10 ))))(11 (13 (12 ((14 ((15 (16 17 ))(18 (19 20 ))))(21 ((22 (23 (24 25 )))(26 ((27 ((28 (29 (30 31 )))((40 (41 (42 43 )))(47 (45 (44 46 ))))))((32 (35 (36 (37 (38 39 )))))(33 34 )))))))))))))))); 
ttag *!; 
ttag +0 ////; 
ttag +1 ////; 
ttag +2 ////; 
ttag +3 ////; 
ttag +4 ////; 
ttag +5 ////; 
ttag +6 ////; 
ttag +7 ////; 
ttag +8 ////; 
ttag +9 ////; 
ttag +10 ////; 
ttag +11 ////; 
ttag +12 ////; 
ttag +13 ////; 
ttag +14 ////; 
ttag +15 ////; 
ttag +16 ////; 
ttag +17 ////; 
ttag +18 ////; 
ttag +19 ////; 
ttag +20 ////; 
ttag +21 ////; 
ttag +22 ////; 
ttag +23 ////; 
ttag +24 ////; 
ttag +25 ////; 
ttag +26 ////; 
ttag +27 ////; 
ttag +28 ////; 
ttag +29 ////; 
ttag +30 ////; 
ttag +31 ////; 
ttag +32 ////; 
ttag +33 ////; 
ttag +34 ////; 
ttag +35 ////; 
ttag +36 ////; 
ttag +37 ////; 
ttag +38 ////; 
ttag +39 ////; 
ttag +40 ////; 
ttag +41 ////; 
ttag +42 ////; 
ttag +43 ////; 
ttag +44 ////; 
ttag +45 ////; 
ttag +46 ////; 
ttag +47 ////; 
ttag +48 ////; 
ttag +49 100/100/100/100/100; 
ttag +50 82/76/74/78/74; 
ttag +51 98/98/96/98/97; 
ttag +52 96/95/88/96/90; 
ttag +53 43/15/14/26/16; 
ttag +54 61/46/44/50/38; 
ttag +55 82/80/66/80/58; 
ttag +56 8/[19]/?/?/?; 
ttag +57 100/100/99/100/98; 
ttag +58 86/80/75/82/72; 
ttag +59 12/[15]/?/?/?; 
ttag +60 40/14/17/9/6; 
ttag +61 65/60/39/54/50; 
ttag +62 34/18/21/31/16; 
ttag +63 64/58/38/54/46; 
ttag +64 99/99/92/97/96; 
ttag +65 74/67/64/78/57; 
ttag +66 97/96/89/98/89; 
ttag +67 100/100/98/99/97; 
ttag +68 100/100/99/99/98; 
ttag +69 8/[14]/?/?/?; 
ttag +70 96/95/86/95/92; 
ttag +71 82/77/60/77/64; 
ttag +72 79/72/66/81/76; 
ttag +73 79/69/61/72/66; 
ttag +74 92/92/81/88/82; 
ttag +75 8/[43]/?/?/?; 
ttag +76 46/27/6/26/12; 
ttag +77 9/[16]/?/?/?; 
ttag +78 29/10/8/20/3; 
ttag +79 88/86/74/86/77; 
ttag +80 100/100/99/99/99; 
ttag +81 63/50/34/50/31; 
ttag +82 76/73/62/73/58; 
ttag +83 52/31/21/30/28; 
ttag +84 89/86/69/87/70; 
ttag +85 90/89/82/91/84; 
ttag +86 95/94/89/96/86; 
ttag +87 58/42/26/42/36; 
ttag +88 92/91/85/96/90; 
ttag +89 46/36/28/37/37; 
ttag +90 71/54/38/62/38; 
ttag +91 99/99/97/98/98; 
ttag +92 54/34/43/35/31; 
ttag +93 53/33/44/34/33; 
ttag +94 60/54/40/58/48; 
