tread
'Tree with tags' 
(0 (1 ((2 3 )(4 (5 ((6 7 )(8 (9 10 )))(11 12 13 14 21 (15 (16 17 ))(18 (19 20 ))((22 (23 (24 25 )))(26 27 (28 (29 46 (30 31 )((32 (35 (36 (37 (38 39 )))))(33 34 ))((40 (41 (42 43 )))(44 45 47 )))))))))))); 
ttag *!; 
ttag +49 ???; 
ttag +50 5; 
ttag +51 5; 
ttag +52 5; 
ttag +53 2; 
ttag +54 3; 
ttag +55 3; 
ttag +56 9; 
ttag +57 3; 
ttag +58 3; 
ttag +59 6; 
ttag +60 2; 
ttag +61 5; 
ttag +62 7; 
ttag +63 5; 
ttag +64 1; 
ttag +65 8; 
ttag +66 2; 
ttag +67 7; 
ttag +68 5; 
ttag +69 1; 
ttag +70 4; 
ttag +71 1; 
ttag +72 8; 
ttag +73 4; 
ttag +74 3; 
ttag +75 4; 
ttag +76 6; 
ttag +77 1; 
ttag +78 5; 
ttag +79 1; 
ttag +80 2; 
ttag +81 8; 
ttag +82 1; 
tread
'Tree with tags' 
(0 (1 ((2 3 )(4 ((5 ((6 7 )(8 (9 10 ))))(11 (((13 (12 (14 (21 ((22 (23 (24 25 )))(27 (26 (28 (29 (46 ((30 31 )(((32 (35 (36 (37 (38 39 )))))(33 34 ))((40 (41 (42 43 )))(45 (44 47 )))))))))))))))(15 (16 17 )))(18 (19 20 ))))))))); 
ttag *!; 
ttag +0 ////; 
ttag +1 ////; 
ttag +2 ////; 
ttag +3 ////; 
ttag +4 ////; 
ttag +5 ////; 
ttag +6 ////; 
ttag +7 ////; 
ttag +8 ////; 
ttag +9 ////; 
ttag +10 ////; 
ttag +11 ////; 
ttag +12 ////; 
ttag +13 ////; 
ttag +14 ////; 
ttag +15 ////; 
ttag +16 ////; 
ttag +17 ////; 
ttag +18 ////; 
ttag +19 ////; 
ttag +20 ////; 
ttag +21 ////; 
ttag +22 ////; 
ttag +23 ////; 
ttag +24 ////; 
ttag +25 ////; 
ttag +26 ////; 
ttag +27 ////; 
ttag +28 ////; 
ttag +29 ////; 
ttag +30 ////; 
ttag +31 ////; 
ttag +32 ////; 
ttag +33 ////; 
ttag +34 ////; 
ttag +35 ////; 
ttag +36 ////; 
ttag +37 ////; 
ttag +38 ////; 
ttag +39 ////; 
ttag +40 ////; 
ttag +41 ////; 
ttag +42 ////; 
ttag +43 ////; 
ttag +44 ////; 
ttag +45 ////; 
ttag +46 ////; 
ttag +47 ////; 
ttag +48 ////; 
ttag +49 100/100/100/100/100; 
ttag +50 95/93/88/94/92; 
ttag +51 97/95/91/96/87; 
ttag +52 75/66/57/78/54; 
ttag +53 14/6/?/13/?; 
ttag +54 49/42/32/52/25; 
ttag +55 88/83/71/84/77; 
ttag +56 60/53/48/53/40; 
ttag +57 100/100/99/100/97; 
ttag +58 74/60/53/67/53; 
ttag +59 67/64/48/71/49; 
ttag +60 9/[9]/?/?/?; 
ttag +61 11/[7]/?/?/?; 
ttag +62 8/[11]/?/?/?; 
ttag +63 25/6/?/19/0; 
ttag +64 8/[10]/?/?/?; 
ttag +65 98/97/92/97/90; 
ttag +66 62/48/40/55/45; 
ttag +67 92/90/84/90/82; 
ttag +68 99/98/98/99/98; 
ttag +69 39/20/2/15/8; 
ttag +70 93/90/75/89/81; 
ttag +71 50/32/25/36/24; 
ttag +72 97/96/95/98/96; 
ttag +73 74/60/51/57/55; 
ttag +74 7/[38]/?/?/?; 
ttag +75 98/98/97/100/98; 
ttag +76 84/79/66/85/68; 
ttag +77 57/44/32/45/38; 
ttag +78 89/88/72/86/79; 
ttag +79 19/[5]/?/?/?; 
ttag +80 20/7/6/8/6; 
ttag +81 83/78/71/83/76; 
ttag +82 98/97/91/98/93; 
ttag +83 16/[7]/?/?/?; 
ttag +84 96/95/90/98/94; 
ttag +85 85/82/70/87/75; 
ttag +86 90/88/81/92/80; 
ttag +87 96/95/90/97/91; 
ttag +88 61/45/46/54/46; 
ttag +89 96/95/88/96/89; 
ttag +90 43/34/17/25/18; 
ttag +91 60/44/40/60/43; 
ttag +92 100/100/98/100/98; 
ttag +93 8/[17]/?/?/?; 
ttag +94 34/23/22/29/15; 
