tread
'Tree with tags' 
(0 ((1 ((4 (5 ((6 7 )(11 (((12 13 )((14 21 )((22 (23 (24 25 )))(((28 (26 27 ))(29 (30 31 ))((40 (41 (42 43 )))(44 45 (46 47 ))))(32 33 34 (35 36 (38 (37 39 ))))))))((15 (16 17 ))(18 (19 20 ))))))))(8 (9 10 ))))(2 3 ))); 
ttag *!; 
ttag +49 2; 
ttag +50 ???; 
ttag +51 4; 
ttag +52 1; 
ttag +53 7; 
ttag +54 1; 
ttag +55 1; 
ttag +56 2; 
ttag +57 10; 
ttag +58 2; 
ttag +59 1; 
ttag +60 1; 
ttag +61 2; 
ttag +62 3; 
ttag +63 1; 
ttag +64 2; 
ttag +65 11; 
ttag +66 2; 
ttag +67 4; 
ttag +68 6; 
ttag +69 10; 
ttag +70 9; 
ttag +71 2; 
ttag +72 2; 
ttag +73 5; 
ttag +74 2; 
ttag +75 2; 
ttag +76 2; 
ttag +77 5; 
ttag +78 3; 
ttag +79 1; 
ttag +80 3; 
ttag +81 4; 
ttag +82 1; 
ttag +83 4; 
ttag +84 3; 
ttag +85 1; 
ttag +86 2; 
ttag +87 6; 
ttag +88 5; 
ttag +89 2; 
tread
'Tree with tags' 
(0 ((1 ((4 (5 ((6 7 )(11 (((12 13 )((14 21 )((22 (23 (24 25 )))(((28 (26 27 ))((29 (30 31 ))((40 (41 (42 43 )))(44 (45 (46 47 ))))))(34 (33 (32 ((35 36 )(38 (37 39 ))))))))))((15 (16 17 ))(18 (19 20 ))))))))(8 (9 10 ))))(2 3 ))); 
ttag *!; 
ttag +0 ////; 
ttag +1 ////; 
ttag +2 ////; 
ttag +3 ////; 
ttag +4 ////; 
ttag +5 ////; 
ttag +6 ////; 
ttag +7 ////; 
ttag +8 ////; 
ttag +9 ////; 
ttag +10 ////; 
ttag +11 ////; 
ttag +12 ////; 
ttag +13 ////; 
ttag +14 ////; 
ttag +15 ////; 
ttag +16 ////; 
ttag +17 ////; 
ttag +18 ////; 
ttag +19 ////; 
ttag +20 ////; 
ttag +21 ////; 
ttag +22 ////; 
ttag +23 ////; 
ttag +24 ////; 
ttag +25 ////; 
ttag +26 ////; 
ttag +27 ////; 
ttag +28 ////; 
ttag +29 ////; 
ttag +30 ////; 
ttag +31 ////; 
ttag +32 ////; 
ttag +33 ////; 
ttag +34 ////; 
ttag +35 ////; 
ttag +36 ////; 
ttag +37 ////; 
ttag +38 ////; 
ttag +39 ////; 
ttag +40 ////; 
ttag +41 ////; 
ttag +42 ////; 
ttag +43 ////; 
ttag +44 ////; 
ttag +45 ////; 
ttag +46 ////; 
ttag +47 ////; 
ttag +48 ////; 
ttag +49 59/41/27/38/29; 
ttag +50 100/100/100/100/100; 
ttag +51 90/89/82/93/80; 
ttag +52 30/[12]/?/?/?; 
ttag +53 98/98/98/97/96; 
ttag +54 32/4/3/10/?; 
ttag +55 51/43/32/54/35; 
ttag +56 26/14/10/6/2; 
ttag +57 100/100/100/100/100; 
ttag +58 78/66/54/63/55; 
ttag +59 20/8/9/7/0; 
ttag +60 28/20/12/17/17; 
ttag +61 10/2/?/7/?; 
ttag +62 30/22/14/33/12; 
ttag +63 22/12/10/22/15; 
ttag +64 15/8/2/10/1; 
ttag +65 100/100/99/100/98; 
ttag +66 26/14/11/16/9; 
ttag +67 86/78/75/81/74; 
ttag +68 90/88/82/90/83; 
ttag +69 100/100/98/100/100; 
ttag +70 99/99/97/100/97; 
ttag +71 39/28/18/28/20; 
ttag +72 62/40/24/44/32; 
ttag +73 89/86/73/82/71; 
ttag +74 52/42/34/48/27; 
ttag +75 26/8/8/6/6; 
ttag +76 44/6/8/10/7; 
ttag +77 77/71/66/76/61; 
ttag +78 84/82/70/80/67; 
ttag +79 44/30/29/36/22; 
ttag +80 60/48/46/48/48; 
ttag +81 28/2/?/?/?; 
ttag +82 28/2/?/?/1; 
ttag +83 90/86/81/88/87; 
ttag +84 13/[26]/?/?/?; 
ttag +85 96/94/83/93/87; 
ttag +86 62/51/45/49/50; 
ttag +87 96/94/90/94/92; 
ttag +88 84/79/68/80/77; 
ttag +89 56/51/38/51/46; 
ttag +90 70/58/52/58/38; 
ttag +91 99/98/96/99/97; 
ttag +92 89/84/67/84/67; 
ttag +93 18/[21]/?/?/?; 
ttag +94 72/67/49/66/57; 
