tread
'Tree with tags' 
(0 (1 (2 (3 ((5 ((4 (18 (19 20 )))(14 (11 (16 (15 17 )))(12 13 )(21 (26 27 (22 (23 (24 25 )))(28 ((29 (30 31 ))(((33 (34 (32 (35 (36 (37 38 39 ))))))(46 (44 (45 47 ))))(40 (41 (42 43 )))))))))))((6 7 )(8 (9 10 )))))))); 
ttag *!; 
ttag +49 ???; 
ttag +50 8; 
ttag +51 1; 
ttag +52 1; 
ttag +53 1; 
ttag +54 1; 
ttag +55 4; 
ttag +56 4; 
ttag +57 3; 
ttag +58 9; 
ttag +59 3; 
ttag +60 2; 
ttag +61 3; 
ttag +62 4; 
ttag +63 1; 
ttag +64 3; 
ttag +65 7; 
ttag +66 13; 
ttag +67 3; 
ttag +68 7; 
ttag +69 5; 
ttag +70 5; 
ttag +71 7; 
ttag +72 2; 
ttag +73 4; 
ttag +74 2; 
ttag +75 5; 
ttag +76 1; 
ttag +77 1; 
ttag +78 4; 
ttag +79 2; 
ttag +80 3; 
ttag +81 4; 
ttag +82 1; 
ttag +83 1; 
ttag +84 9; 
ttag +85 3; 
ttag +86 4; 
ttag +87 1; 
ttag +88 5; 
ttag +89 1; 
tread
'Tree with tags' 
(0 (1 (2 (3 ((5 ((4 (18 (19 20 )))(((11 (16 (15 17 )))(12 13 ))(14 (21 (((22 (23 (24 25 )))(28 ((29 (30 31 ))(((33 (34 (32 (35 (36 (37 (38 39 )))))))(46 (44 (45 47 ))))(40 (41 (42 43 )))))))(26 27 )))))))((6 7 )(8 (9 10 )))))))); 
ttag *!; 
ttag +0 ////; 
ttag +1 ////; 
ttag +2 ////; 
ttag +3 ////; 
ttag +4 ////; 
ttag +5 ////; 
ttag +6 ////; 
ttag +7 ////; 
ttag +8 ////; 
ttag +9 ////; 
ttag +10 ////; 
ttag +11 ////; 
ttag +12 ////; 
ttag +13 ////; 
ttag +14 ////; 
ttag +15 ////; 
ttag +16 ////; 
ttag +17 ////; 
ttag +18 ////; 
ttag +19 ////; 
ttag +20 ////; 
ttag +21 ////; 
ttag +22 ////; 
ttag +23 ////; 
ttag +24 ////; 
ttag +25 ////; 
ttag +26 ////; 
ttag +27 ////; 
ttag +28 ////; 
ttag +29 ////; 
ttag +30 ////; 
ttag +31 ////; 
ttag +32 ////; 
ttag +33 ////; 
ttag +34 ////; 
ttag +35 ////; 
ttag +36 ////; 
ttag +37 ////; 
ttag +38 ////; 
ttag +39 ////; 
ttag +40 ////; 
ttag +41 ////; 
ttag +42 ////; 
ttag +43 ////; 
ttag +44 ////; 
ttag +45 ////; 
ttag +46 ////; 
ttag +47 ////; 
ttag +48 ////; 
ttag +49 100/100/100/100/100; 
ttag +50 98/98/87/96/91; 
ttag +51 52/25/11/18/7; 
ttag +52 46/30/17/28/18; 
ttag +53 23/11/8/28/5; 
ttag +54 28/16/10/32/5; 
ttag +55 89/87/76/82/72; 
ttag +56 92/91/86/86/81; 
ttag +57 66/57/40/61/40; 
ttag +58 99/99/98/100/98; 
ttag +59 83/76/68/75/64; 
ttag +60 47/42/26/44/31; 
ttag +61 23/16/5/17/8; 
ttag +62 32/27/11/34/8; 
ttag +63 85/80/76/84/72; 
ttag +64 31/25/19/25/22; 
ttag +65 55/42/24/46/29; 
ttag +66 81/78/58/72/59; 
ttag +67 95/93/88/97/89; 
ttag +68 100/100/100/100/100; 
ttag +69 70/62/49/62/45; 
ttag +70 97/96/94/99/95; 
ttag +71 40/16/14/26/10; 
ttag +72 98/98/94/99/91; 
ttag +73 97/97/96/97/92; 
ttag +74 99/99/99/99/97; 
ttag +75 17/[9]/?/?/?; 
ttag +76 62/55/48/59/42; 
ttag +77 86/81/73/84/67; 
ttag +78 71/66/53/71/54; 
ttag +79 95/93/90/91/86; 
ttag +80 61/54/54/52/42; 
ttag +81 38/1/?/0/2; 
ttag +82 88/87/81/90/82; 
ttag +83 54/31/17/38/18; 
ttag +84 77/74/60/76/60; 
ttag +85 93/92/88/96/88; 
ttag +86 52/36/38/44/42; 
ttag +87 53/48/42/51/39; 
ttag +88 30/[8]/?/?/?; 
ttag +89 98/98/92/97/93; 
ttag +90 82/75/61/76/66; 
ttag +91 89/84/82/90/82; 
ttag +92 25/[24]/?/?/?; 
ttag +93 84/81/70/82/69; 
ttag +94 16/[33]/?/?/?; 
