tread
'Tree with tags' 
(0 (1 ((2 3 )(4 (13 (12 (11 ((5 ((6 7 )(8 (9 10 ))))(21 ((((14 (18 (19 20 )))(15 (16 17 )))(22 (23 (24 25 ))))(26 (27 (28 (((29 (30 31 ))(44 45 (46 47 )))((32 ((33 34 )(35 36 )))(37 (38 39 ))))(40 41 (42 43 ))))))))))))))); 
ttag *!; 
ttag +49 ???; 
ttag +50 4; 
ttag +51 4; 
ttag +52 5; 
ttag +53 1; 
ttag +54 1; 
ttag +55 1; 
ttag +56 1; 
ttag +57 1; 
ttag +58 4; 
ttag +59 1; 
ttag +60 11; 
ttag +61 5; 
ttag +62 4; 
ttag +63 2; 
ttag +64 1; 
ttag +65 2; 
ttag +66 2; 
ttag +67 3; 
ttag +68 2; 
ttag +69 6; 
ttag +70 9; 
ttag +71 5; 
ttag +72 7; 
ttag +73 6; 
ttag +74 6; 
ttag +75 3; 
ttag +76 4; 
ttag +77 4; 
ttag +78 1; 
ttag +79 1; 
ttag +80 2; 
ttag +81 1; 
ttag +82 3; 
ttag +83 7; 
ttag +84 1; 
ttag +85 1; 
ttag +86 4; 
ttag +87 1; 
ttag +88 4; 
ttag +89 7; 
ttag +90 5; 
ttag +91 3; 
tread
'Tree with tags' 
(0 (1 ((2 3 )(4 (13 (12 (11 ((5 ((6 7 )(8 (9 10 ))))(21 ((((14 (18 (19 20 )))(15 (16 17 )))(22 (23 (24 25 ))))(26 (27 ((28 (40 (41 (42 43 ))))(((29 (30 31 ))(45 (44 (46 47 ))))((32 ((33 34 )(35 36 )))(37 (38 39 ))))))))))))))))); 
ttag *!; 
ttag +0 ////; 
ttag +1 ////; 
ttag +2 ////; 
ttag +3 ////; 
ttag +4 ////; 
ttag +5 ////; 
ttag +6 ////; 
ttag +7 ////; 
ttag +8 ////; 
ttag +9 ////; 
ttag +10 ////; 
ttag +11 ////; 
ttag +12 ////; 
ttag +13 ////; 
ttag +14 ////; 
ttag +15 ////; 
ttag +16 ////; 
ttag +17 ////; 
ttag +18 ////; 
ttag +19 ////; 
ttag +20 ////; 
ttag +21 ////; 
ttag +22 ////; 
ttag +23 ////; 
ttag +24 ////; 
ttag +25 ////; 
ttag +26 ////; 
ttag +27 ////; 
ttag +28 ////; 
ttag +29 ////; 
ttag +30 ////; 
ttag +31 ////; 
ttag +32 ////; 
ttag +33 ////; 
ttag +34 ////; 
ttag +35 ////; 
ttag +36 ////; 
ttag +37 ////; 
ttag +38 ////; 
ttag +39 ////; 
ttag +40 ////; 
ttag +41 ////; 
ttag +42 ////; 
ttag +43 ////; 
ttag +44 ////; 
ttag +45 ////; 
ttag +46 ////; 
ttag +47 ////; 
ttag +48 ////; 
ttag +49 100/100/100/100/100; 
ttag +50 95/95/90/94/90; 
ttag +51 81/73/71/88/70; 
ttag +52 82/78/71/80/64; 
ttag +53 9/[14]/?/?/?; 
ttag +54 2/[21]/?/?/?; 
ttag +55 0/[12]/?/?/?; 
ttag +56 8/[6]/?/?/?; 
ttag +57 4/[17]/?/?/?; 
ttag +58 95/94/87/93/86; 
ttag +59 24/1/1/?/4; 
ttag +60 100/100/98/100/100; 
ttag +61 98/98/92/98/95; 
ttag +62 75/66/59/77/69; 
ttag +63 42/20/10/21/11; 
ttag +64 14/[12]/?/?/?; 
ttag +65 26/13/12/14/15; 
ttag +66 19/6/2/11/8; 
ttag +67 82/79/72/86/68; 
ttag +68 53/28/23/31/17; 
ttag +69 95/95/92/94/91; 
ttag +70 99/99/100/100/99; 
ttag +71 92/91/88/90/86; 
ttag +72 99/99/98/100/98; 
ttag +73 97/96/95/99/95; 
ttag +74 90/88/73/89/72; 
ttag +75 81/76/54/81/54; 
ttag +76 31/[6]/?/?/?; 
ttag +77 74/69/59/74/62; 
ttag +78 59/47/48/51/50; 
ttag +79 13/[16]/?/?/?; 
ttag +80 31/1/?/?/?; 
ttag +81 82/77/75/78/76; 
ttag +82 22/[12]/?/?/?; 
ttag +83 56/50/41/58/48; 
ttag +84 95/94/91/96/92; 
ttag +85 24/[10]/?/?/?; 
ttag +86 43/9/?/3/?; 
ttag +87 94/93/82/89/84; 
ttag +88 75/63/51/62/54; 
ttag +89 92/92/86/93/81; 
ttag +90 40/7/8/18/1; 
ttag +91 99/98/96/100/96; 
ttag +92 14/[12]/?/?/?; 
ttag +93 93/91/86/94/89; 
ttag +94 55/31/25/36/32; 
