tread
'Tree with tags' 
(0 (1 ((2 3 )(4 (5 (6 7 (8 9 10 )(11 21 (12 13 )(14 (15 (16 17 ))(18 (19 20 )))(22 (23 (24 25 )))(26 (27 (28 (((29 (30 31 ))(46 (45 (44 47 ))))((32 ((33 34 )(35 (36 (37 (38 39 ))))))(40 (41 (42 43 ))))))))))))))); 
ttag *!; 
ttag +49 ???; 
ttag +50 5; 
ttag +51 4; 
ttag +52 7; 
ttag +53 1; 
ttag +54 1; 
ttag +55 11; 
ttag +56 1; 
ttag +57 1; 
ttag +58 1; 
ttag +59 6; 
ttag +60 2; 
ttag +61 5; 
ttag +62 6; 
ttag +63 4; 
ttag +64 6; 
ttag +65 10; 
ttag +66 6; 
ttag +67 1; 
ttag +68 2; 
ttag +69 8; 
ttag +70 2; 
ttag +71 5; 
ttag +72 4; 
ttag +73 5; 
ttag +74 1; 
ttag +75 4; 
ttag +76 2; 
ttag +77 1; 
ttag +78 2; 
ttag +79 1; 
ttag +80 1; 
ttag +81 4; 
ttag +82 2; 
ttag +83 6; 
ttag +84 1; 
ttag +85 1; 
ttag +86 4; 
tread
'Tree with tags' 
(0 (1 ((2 3 )(4 (5 (((6 7 )(8 (9 10 )))((11 ((21 (22 (23 (24 25 ))))(26 (27 (28 (((29 (30 31 ))(46 (45 (44 47 ))))((32 ((33 34 )(35 (36 (37 (38 39 ))))))(40 (41 (42 43 ))))))))))((12 13 )(14 ((15 (16 17 ))(18 (19 20 )))))))))))); 
ttag *!; 
ttag +0 ////; 
ttag +1 ////; 
ttag +2 ////; 
ttag +3 ////; 
ttag +4 ////; 
ttag +5 ////; 
ttag +6 ////; 
ttag +7 ////; 
ttag +8 ////; 
ttag +9 ////; 
ttag +10 ////; 
ttag +11 ////; 
ttag +12 ////; 
ttag +13 ////; 
ttag +14 ////; 
ttag +15 ////; 
ttag +16 ////; 
ttag +17 ////; 
ttag +18 ////; 
ttag +19 ////; 
ttag +20 ////; 
ttag +21 ////; 
ttag +22 ////; 
ttag +23 ////; 
ttag +24 ////; 
ttag +25 ////; 
ttag +26 ////; 
ttag +27 ////; 
ttag +28 ////; 
ttag +29 ////; 
ttag +30 ////; 
ttag +31 ////; 
ttag +32 ////; 
ttag +33 ////; 
ttag +34 ////; 
ttag +35 ////; 
ttag +36 ////; 
ttag +37 ////; 
ttag +38 ////; 
ttag +39 ////; 
ttag +40 ////; 
ttag +41 ////; 
ttag +42 ////; 
ttag +43 ////; 
ttag +44 ////; 
ttag +45 ////; 
ttag +46 ////; 
ttag +47 ////; 
ttag +48 ////; 
ttag +49 100/100/100/100/100; 
ttag +50 97/96/89/98/92; 
ttag +51 97/96/93/97/94; 
ttag +52 99/98/92/98/94; 
ttag +53 19/[12]/?/?/?; 
ttag +54 8/[8]/?/?/?; 
ttag +55 16/[2]/?/?/6; 
ttag +56 8/[22]/?/?/?; 
ttag +57 100/100/100/100/99; 
ttag +58 46/21/14/18/16; 
ttag +59 4/[27]/?/?/?; 
ttag +60 20/[10]/?/?/?; 
ttag +61 45/39/30/41/25; 
ttag +62 5/[7]/?/?/?; 
ttag +63 26/14/12/24/15; 
ttag +64 96/95/94/98/92; 
ttag +65 23/11/14/22/13; 
ttag +66 76/62/54/56/52; 
ttag +67 94/93/90/93/89; 
ttag +68 99/99/98/99/97; 
ttag +69 12/0/?/?/?; 
ttag +70 4/[26]/?/?/?; 
ttag +71 88/83/70/86/70; 
ttag +72 99/98/97/99/97; 
ttag +73 99/99/98/99/98; 
ttag +74 75/68/64/80/69; 
ttag +75 14/[20]/?/?/?; 
ttag +76 43/24/21/36/28; 
ttag +77 98/98/95/98/96; 
ttag +78 64/55/30/48/30; 
ttag +79 73/69/58/76/58; 
ttag +80 96/94/93/96/97; 
ttag +81 97/97/95/97/93; 
ttag +82 20/[11]/0/6/?; 
ttag +83 86/85/79/90/81; 
ttag +84 87/84/86/90/80; 
ttag +85 64/48/39/45/41; 
ttag +86 80/75/70/76/70; 
ttag +87 47/33/26/25/20; 
ttag +88 48/40/34/39/37; 
ttag +89 94/94/86/92/85; 
ttag +90 67/57/68/71/52; 
ttag +91 98/98/98/98/98; 
ttag +92 46/16/0/13/6; 
ttag +93 34/4/?/3/?; 
ttag +94 92/91/88/93/90; 
