tread
'Tree with tags' 
(0 (1 ((2 3 )(4 (5 (6 7 )(11 (((10 (8 9 ))(12 13 ))(14 21 (18 (15 (16 17 ))(19 20 ))(22 (23 (24 25 )))(27 (26 ((28 ((32 (35 (36 (37 (38 39 )))))(33 34 )))((29 (30 31 ))((40 (41 (42 43 )))(47 (44 (45 46 )))))))))))))))); 
ttag *!; 
ttag +49 ???; 
ttag +50 1; 
ttag +51 3; 
ttag +52 5; 
ttag +53 2; 
ttag +54 1; 
ttag +55 1; 
ttag +56 6; 
ttag +57 1; 
ttag +58 1; 
ttag +59 2; 
ttag +60 2; 
ttag +61 1; 
ttag +62 7; 
ttag +63 1; 
ttag +64 3; 
ttag +65 11; 
ttag +66 2; 
ttag +67 9; 
ttag +68 4; 
ttag +69 1; 
ttag +70 7; 
ttag +71 2; 
ttag +72 3; 
ttag +73 7; 
ttag +74 1; 
ttag +75 5; 
ttag +76 1; 
ttag +77 3; 
ttag +78 9; 
ttag +79 2; 
ttag +80 3; 
ttag +81 9; 
ttag +82 3; 
ttag +83 7; 
ttag +84 3; 
ttag +85 2; 
ttag +86 6; 
ttag +87 1; 
ttag +88 1; 
ttag +89 1; 
tread
'Tree with tags' 
(0 (1 ((2 3 )(4 ((5 (11 (((10 (8 9 ))(12 13 ))(14 (((18 ((15 (16 17 ))(19 20 )))(22 (23 (24 25 ))))(21 (27 (26 ((28 ((32 (35 (36 (37 (38 39 )))))(33 34 )))((29 (30 31 ))((40 (41 (42 43 )))(47 (44 (45 46 ))))))))))))))(6 7 )))))); 
ttag *!; 
ttag +0 ////; 
ttag +1 ////; 
ttag +2 ////; 
ttag +3 ////; 
ttag +4 ////; 
ttag +5 ////; 
ttag +6 ////; 
ttag +7 ////; 
ttag +8 ////; 
ttag +9 ////; 
ttag +10 ////; 
ttag +11 ////; 
ttag +12 ////; 
ttag +13 ////; 
ttag +14 ////; 
ttag +15 ////; 
ttag +16 ////; 
ttag +17 ////; 
ttag +18 ////; 
ttag +19 ////; 
ttag +20 ////; 
ttag +21 ////; 
ttag +22 ////; 
ttag +23 ////; 
ttag +24 ////; 
ttag +25 ////; 
ttag +26 ////; 
ttag +27 ////; 
ttag +28 ////; 
ttag +29 ////; 
ttag +30 ////; 
ttag +31 ////; 
ttag +32 ////; 
ttag +33 ////; 
ttag +34 ////; 
ttag +35 ////; 
ttag +36 ////; 
ttag +37 ////; 
ttag +38 ////; 
ttag +39 ////; 
ttag +40 ////; 
ttag +41 ////; 
ttag +42 ////; 
ttag +43 ////; 
ttag +44 ////; 
ttag +45 ////; 
ttag +46 ////; 
ttag +47 ////; 
ttag +48 ////; 
ttag +49 100/100/100/100/100; 
ttag +50 69/53/42/52/51; 
ttag +51 73/62/54/66/50; 
ttag +52 83/81/69/81/75; 
ttag +53 8/[8]/?/?/?; 
ttag +54 38/28/23/36/26; 
ttag +55 57/54/43/53/42; 
ttag +56 42/18/20/20/27; 
ttag +57 98/98/94/97/91; 
ttag +58 4/[8]/?/?/?; 
ttag +59 8/[3]/?/?/?; 
ttag +60 24/12/6/16/7; 
ttag +61 38/27/22/36/26; 
ttag +62 9/[3]/?/1/?; 
ttag +63 96/96/86/94/92; 
ttag +64 12/[32]/?/?/?; 
ttag +65 24/12/4/17/?; 
ttag +66 3/[20]/?/?/?; 
ttag +67 5/[7]/?/?/?; 
ttag +68 81/72/69/81/64; 
ttag +69 99/99/100/100/99; 
ttag +70 15/[8]/?/?/1; 
ttag +71 76/72/59/75/49; 
ttag +72 96/95/86/97/94; 
ttag +73 90/86/79/92/82; 
ttag +74 12/[27]/?/?/?; 
ttag +75 96/96/90/97/90; 
ttag +76 32/22/10/27/8; 
ttag +77 62/40/32/42/20; 
ttag +78 96/95/89/97/92; 
ttag +79 16/[5]/?/?/?; 
ttag +80 97/96/92/96/94; 
ttag +81 39/4/?/?/3; 
ttag +82 71/65/46/62/53; 
ttag +83 99/99/95/99/96; 
ttag +84 73/70/66/70/63; 
ttag +85 80/77/65/75/61; 
ttag +86 99/99/98/100/99; 
ttag +87 97/97/93/95/90; 
ttag +88 94/92/82/92/86; 
ttag +89 63/57/48/67/50; 
ttag +90 72/62/54/65/49; 
ttag +91 99/99/97/99/98; 
ttag +92 21/5/?/0/?; 
ttag +93 34/26/16/28/25; 
ttag +94 32/21/14/21/18; 
