tread
'Tree with tags' 
(0 (1 (2 3 (4 5 6 7 (8 (9 10 ))(11 12 13 (14 ((15 16 17 )(18 (19 20 ))))(21 ((22 (23 (24 25 )))(26 27 (28 (44 45 46 47 (29 (30 31 ))(32 ((33 34 )(35 (36 (37 (38 39 ))))))(40 41 (42 43 )))))))))))); 
ttag *!; 
ttag +49 ???; 
ttag +50 3; 
ttag +51 4; 
ttag +52 4; 
ttag +53 2; 
ttag +54 1; 
ttag +55 1; 
ttag +56 3; 
ttag +57 2; 
ttag +58 5; 
ttag +59 11; 
ttag +60 1; 
ttag +61 5; 
ttag +62 3; 
ttag +63 1; 
ttag +64 6; 
ttag +65 2; 
ttag +66 1; 
ttag +67 2; 
ttag +68 1; 
ttag +69 2; 
ttag +70 9; 
ttag +71 7; 
ttag +72 1; 
ttag +73 3; 
ttag +74 6; 
ttag +75 5; 
ttag +76 1; 
ttag +77 10; 
ttag +78 4; 
tread
'Tree with tags' 
(0 (1 (3 (2 ((6 (7 ((4 5 )((11 13 )((12 (21 ((22 (23 (24 25 )))(26 (27 (28 ((29 (30 31 ))((32 ((33 34 )(35 (36 (37 (38 39 ))))))((40 (41 (42 43 )))(47 (46 (44 45 ))))))))))))(14 ((15 (16 17 ))(18 (19 20 )))))))))(8 (9 10 ))))))); 
ttag *!; 
ttag +0 ////; 
ttag +1 ////; 
ttag +2 ////; 
ttag +3 ////; 
ttag +4 ////; 
ttag +5 ////; 
ttag +6 ////; 
ttag +7 ////; 
ttag +8 ////; 
ttag +9 ////; 
ttag +10 ////; 
ttag +11 ////; 
ttag +12 ////; 
ttag +13 ////; 
ttag +14 ////; 
ttag +15 ////; 
ttag +16 ////; 
ttag +17 ////; 
ttag +18 ////; 
ttag +19 ////; 
ttag +20 ////; 
ttag +21 ////; 
ttag +22 ////; 
ttag +23 ////; 
ttag +24 ////; 
ttag +25 ////; 
ttag +26 ////; 
ttag +27 ////; 
ttag +28 ////; 
ttag +29 ////; 
ttag +30 ////; 
ttag +31 ////; 
ttag +32 ////; 
ttag +33 ////; 
ttag +34 ////; 
ttag +35 ////; 
ttag +36 ////; 
ttag +37 ////; 
ttag +38 ////; 
ttag +39 ////; 
ttag +40 ////; 
ttag +41 ////; 
ttag +42 ////; 
ttag +43 ////; 
ttag +44 ////; 
ttag +45 ////; 
ttag +46 ////; 
ttag +47 ////; 
ttag +48 ////; 
ttag +49 100/100/100/100/100; 
ttag +50 24/[34]/?/?/?; 
ttag +51 89/88/81/91/74; 
ttag +52 5/[18]/?/?/?; 
ttag +53 10/[12]/?/?/?; 
ttag +54 7/[40]/?/?/?; 
ttag +55 11/[12]/?/?/?; 
ttag +56 86/84/72/87/74; 
ttag +57 99/98/97/98/97; 
ttag +58 88/82/75/89/78; 
ttag +59 16/[5]/?/?/?; 
ttag +60 32/24/11/31/18; 
ttag +61 19/1/?/?/?; 
ttag +62 7/[10]/?/?/?; 
ttag +63 32/16/9/22/8; 
ttag +64 95/94/86/91/77; 
ttag +65 57/46/35/46/41; 
ttag +66 44/19/20/12/18; 
ttag +67 93/92/90/91/89; 
ttag +68 100/100/100/100/100; 
ttag +69 45/35/24/27/17; 
ttag +70 97/97/94/97/95; 
ttag +71 84/82/74/82/74; 
ttag +72 60/34/30/55/32; 
ttag +73 94/92/91/96/92; 
ttag +74 83/78/70/75/72; 
ttag +75 38/[2]/?/?/?; 
ttag +76 58/51/41/47/42; 
ttag +77 66/54/50/66/58; 
ttag +78 49/33/24/34/26; 
ttag +79 89/84/74/83/74; 
ttag +80 98/98/94/99/94; 
ttag +81 44/38/31/42/29; 
ttag +82 99/99/96/99/97; 
ttag +83 62/47/36/46/35; 
ttag +84 88/84/72/82/75; 
ttag +85 92/88/80/88/81; 
ttag +86 92/91/86/88/86; 
ttag +87 58/41/27/50/36; 
ttag +88 100/100/99/100/98; 
ttag +89 18/2/1/7/3; 
ttag +90 48/17/13/18/33; 
ttag +91 94/92/90/96/91; 
ttag +92 58/53/53/57/56; 
ttag +93 38/27/27/29/16; 
ttag +94 34/16/19/12/13; 
