tread
'Tree with tags' 
(0 (1 ((2 3 )(4 (5 (((6 7 )(8 9 10 ))((11 (12 13 )(21 ((22 (23 (24 25 )))((26 27 )(28 ((((30 (29 31 ))(45 (44 (46 47 ))))(40 (41 (42 43 ))))(32 ((33 34 )(35 (36 (37 38 39 )))))))))))(14 ((15 (16 17 ))(18 (19 20 ))))))))))); 
ttag *!; 
ttag +49 ???; 
ttag +50 5; 
ttag +51 3; 
ttag +52 1; 
ttag +53 2; 
ttag +54 1; 
ttag +55 1; 
ttag +56 2; 
ttag +57 14; 
ttag +58 1; 
ttag +59 1; 
ttag +60 1; 
ttag +61 1; 
ttag +62 3; 
ttag +63 4; 
ttag +64 2; 
ttag +65 7; 
ttag +66 9; 
ttag +67 1; 
ttag +68 7; 
ttag +69 4; 
ttag +70 3; 
ttag +71 6; 
ttag +72 2; 
ttag +73 3; 
ttag +74 4; 
ttag +75 2; 
ttag +76 6; 
ttag +77 1; 
ttag +78 1; 
ttag +79 9; 
ttag +80 4; 
ttag +81 7; 
ttag +82 2; 
ttag +83 2; 
ttag +84 3; 
ttag +85 4; 
ttag +86 3; 
ttag +87 2; 
ttag +88 7; 
ttag +89 1; 
ttag +90 2; 
ttag +91 2; 
tread
'Tree with tags' 
(0 (1 ((2 3 )(4 (5 (((6 7 )(9 (8 10 )))(((11 (21 ((22 (23 (24 25 )))((26 27 )(28 ((((30 (29 31 ))(45 (44 (46 47 ))))(40 (41 (42 43 ))))(32 ((33 34 )(35 (36 (38 (37 39 ))))))))))))(12 13 ))(14 ((15 (16 17 ))(18 (19 20 ))))))))))); 
ttag *!; 
ttag +0 ////; 
ttag +1 ////; 
ttag +2 ////; 
ttag +3 ////; 
ttag +4 ////; 
ttag +5 ////; 
ttag +6 ////; 
ttag +7 ////; 
ttag +8 ////; 
ttag +9 ////; 
ttag +10 ////; 
ttag +11 ////; 
ttag +12 ////; 
ttag +13 ////; 
ttag +14 ////; 
ttag +15 ////; 
ttag +16 ////; 
ttag +17 ////; 
ttag +18 ////; 
ttag +19 ////; 
ttag +20 ////; 
ttag +21 ////; 
ttag +22 ////; 
ttag +23 ////; 
ttag +24 ////; 
ttag +25 ////; 
ttag +26 ////; 
ttag +27 ////; 
ttag +28 ////; 
ttag +29 ////; 
ttag +30 ////; 
ttag +31 ////; 
ttag +32 ////; 
ttag +33 ////; 
ttag +34 ////; 
ttag +35 ////; 
ttag +36 ////; 
ttag +37 ////; 
ttag +38 ////; 
ttag +39 ////; 
ttag +40 ////; 
ttag +41 ////; 
ttag +42 ////; 
ttag +43 ////; 
ttag +44 ////; 
ttag +45 ////; 
ttag +46 ////; 
ttag +47 ////; 
ttag +48 ////; 
ttag +49 100/100/100/100/100; 
ttag +50 90/86/82/89/90; 
ttag +51 83/80/71/81/69; 
ttag +52 57/28/23/38/26; 
ttag +53 70/67/61/67/60; 
ttag +54 43/24/29/25/30; 
ttag +55 50/42/38/44/32; 
ttag +56 45/30/23/31/28; 
ttag +57 30/0/?/?/?; 
ttag +58 100/100/100/100/100; 
ttag +59 8/1/?/1/?; 
ttag +60 5/[5]/?/?/?; 
ttag +61 12/[3]/?/?/?; 
ttag +62 35/27/17/26/6; 
ttag +63 24/9/8/15/14; 
ttag +64 85/77/74/86/74; 
ttag +65 70/64/54/70/51; 
ttag +66 58/30/32/48/27; 
ttag +67 99/99/100/99/98; 
ttag +68 100/100/99/100/100; 
ttag +69 28/15/3/16/10; 
ttag +70 94/92/86/94/82; 
ttag +71 62/52/40/56/45; 
ttag +72 65/58/45/64/44; 
ttag +73 87/81/75/90/80; 
ttag +74 73/68/56/63/57; 
ttag +75 46/25/31/45/14; 
ttag +76 54/33/38/48/20; 
ttag +77 61/41/28/48/29; 
ttag +78 97/97/92/96/90; 
ttag +79 12/[18]/?/?/?; 
ttag +80 7/[23]/?/?/?; 
ttag +81 96/95/94/99/92; 
ttag +82 76/73/54/74/51; 
ttag +83 98/98/97/100/98; 
ttag +84 66/48/23/55/32; 
ttag +85 61/39/40/36/37; 
ttag +86 68/60/49/74/53; 
ttag +87 26/[12]/?/?/?; 
ttag +88 80/77/57/83/67; 
ttag +89 57/47/34/49/47; 
ttag +90 70/60/43/67/52; 
ttag +91 99/99/96/98/98; 
ttag +92 43/27/18/26/15; 
ttag +93 72/68/45/68/48; 
ttag +94 52/37/35/41/29; 
