tread
'Tree with tags' 
(0 (1 ((2 3 )(6 7 (4 5 )(8 (9 10 ))(11 12 13 14 21 (15 (16 17 ))(18 (19 20 ))((22 (23 (24 25 )))((26 (27 28 ))((29 (30 31 ))((32 ((33 34 )(35 (36 (37 (38 39 ))))))((40 (41 (42 43 )))((44 45 )(46 47 )))))))))))); 
ttag *!; 
ttag +49 ???; 
ttag +50 1; 
ttag +51 6; 
ttag +52 2; 
ttag +53 3; 
ttag +54 6; 
ttag +55 1; 
ttag +56 1; 
ttag +57 5; 
ttag +58 2; 
ttag +59 4; 
ttag +60 8; 
ttag +61 6; 
ttag +62 1; 
ttag +63 4; 
ttag +64 10; 
ttag +65 1; 
ttag +66 5; 
ttag +67 1; 
ttag +68 3; 
ttag +69 3; 
ttag +70 4; 
ttag +71 4; 
ttag +72 3; 
ttag +73 3; 
ttag +74 2; 
ttag +75 2; 
ttag +76 6; 
ttag +77 3; 
ttag +78 1; 
ttag +79 6; 
ttag +80 2; 
ttag +81 4; 
ttag +82 5; 
ttag +83 1; 
ttag +84 1; 
ttag +85 2; 
tread
'Tree with tags' 
(0 (1 ((2 3 )(((4 5 )(11 (12 ((21 (13 ((22 (23 (24 25 )))((26 (27 28 ))((29 (30 31 ))((32 ((33 34 )(35 (36 (37 (38 39 ))))))((40 (41 (42 43 )))((44 45 )(46 47 )))))))))(14 ((15 (16 17 ))(18 (19 20 ))))))))((6 7 )(8 (9 10 ))))))); 
ttag *!; 
ttag +0 ////; 
ttag +1 ////; 
ttag +2 ////; 
ttag +3 ////; 
ttag +4 ////; 
ttag +5 ////; 
ttag +6 ////; 
ttag +7 ////; 
ttag +8 ////; 
ttag +9 ////; 
ttag +10 ////; 
ttag +11 ////; 
ttag +12 ////; 
ttag +13 ////; 
ttag +14 ////; 
ttag +15 ////; 
ttag +16 ////; 
ttag +17 ////; 
ttag +18 ////; 
ttag +19 ////; 
ttag +20 ////; 
ttag +21 ////; 
ttag +22 ////; 
ttag +23 ////; 
ttag +24 ////; 
ttag +25 ////; 
ttag +26 ////; 
ttag +27 ////; 
ttag +28 ////; 
ttag +29 ////; 
ttag +30 ////; 
ttag +31 ////; 
ttag +32 ////; 
ttag +33 ////; 
ttag +34 ////; 
ttag +35 ////; 
ttag +36 ////; 
ttag +37 ////; 
ttag +38 ////; 
ttag +39 ////; 
ttag +40 ////; 
ttag +41 ////; 
ttag +42 ////; 
ttag +43 ////; 
ttag +44 ////; 
ttag +45 ////; 
ttag +46 ////; 
ttag +47 ////; 
ttag +48 ////; 
ttag +49 100/100/100/100/100; 
ttag +50 72/60/50/62/53; 
ttag +51 96/95/85/95/89; 
ttag +52 78/74/66/80/63; 
ttag +53 42/33/26/29/19; 
ttag +54 71/64/48/65/42; 
ttag +55 24/8/8/8/10; 
ttag +56 34/12/13/10/14; 
ttag +57 99/99/98/98/98; 
ttag +58 74/62/62/68/60; 
ttag +59 50/44/26/45/22; 
ttag +60 14/0/?/1/?; 
ttag +61 15/[33]/?/?/?; 
ttag +62 20/[28]/?/?/?; 
ttag +63 24/3/1/13/0; 
ttag +64 22/11/3/17/10; 
ttag +65 98/98/98/99/94; 
ttag +66 25/4/?/0/2; 
ttag +67 74/60/53/61/48; 
ttag +68 88/80/76/90/76; 
ttag +69 100/100/99/100/100; 
ttag +70 98/98/91/98/90; 
ttag +71 45/37/35/43/28; 
ttag +72 95/95/94/97/89; 
ttag +73 100/100/99/100/98; 
ttag +74 22/[13]/?/?/?; 
ttag +75 85/82/68/83/69; 
ttag +76 30/8/5/12/12; 
ttag +77 56/48/34/49/36; 
ttag +78 69/65/51/62/52; 
ttag +79 89/87/76/86/75; 
ttag +80 68/64/63/67/66; 
ttag +81 63/59/42/46/38; 
ttag +82 51/46/41/44/37; 
ttag +83 38/10/2/6/?; 
ttag +84 54/33/22/30/20; 
ttag +85 96/95/89/94/91; 
ttag +86 83/78/70/86/71; 
ttag +87 68/65/57/55/62; 
ttag +88 86/83/72/88/64; 
ttag +89 46/33/21/46/25; 
ttag +90 75/69/52/70/46; 
ttag +91 99/98/95/97/94; 
ttag +92 36/26/24/12/22; 
ttag +93 38/22/22/26/29; 
ttag +94 39/30/19/33/27; 
