tread
'Tree with tags' 
(0 (1 ((2 3 )(4 ((5 (6 (7 (8 (9 10 )))))(11 ((12 13 )(21 23 (14 (18 (19 20 )))(15 (16 17 ))(22 (24 25 ))(26 27 28 ((29 (30 31 ))(32 33 34 (35 (36 (38 (37 39 )))))(40 41 )(42 43 )(44 45 46 47 ))))))))))); 
ttag *!; 
ttag +49 ???; 
ttag +50 2; 
ttag +51 2; 
ttag +52 5; 
ttag +53 1; 
ttag +54 2; 
ttag +55 3; 
ttag +56 1; 
ttag +57 9; 
ttag +58 2; 
ttag +59 1; 
ttag +60 2; 
ttag +61 1; 
ttag +62 1; 
ttag +63 2; 
ttag +64 8; 
ttag +65 3; 
ttag +66 7; 
ttag +67 9; 
ttag +68 3; 
ttag +69 7; 
ttag +70 5; 
ttag +71 1; 
ttag +72 1; 
ttag +73 3; 
ttag +74 6; 
ttag +75 2; 
ttag +76 2; 
ttag +77 1; 
ttag +78 10; 
ttag +79 1; 
ttag +80 2; 
ttag +81 2; 
tread
'Tree with tags' 
(0 (1 ((2 3 )(4 ((5 (6 (7 (8 (9 10 )))))(11 ((12 13 )((21 ((14 (18 (19 20 )))(15 (16 17 ))))((23 (22 (24 25 )))(26 (27 (28 ((((29 (30 31 ))(46 (45 (44 47 ))))((32 (35 (36 (38 (37 39 )))))(33 34 )))((40 41 )(42 43 ))))))))))))))); 
ttag *!; 
ttag +0 ////; 
ttag +1 ////; 
ttag +2 ////; 
ttag +3 ////; 
ttag +4 ////; 
ttag +5 ////; 
ttag +6 ////; 
ttag +7 ////; 
ttag +8 ////; 
ttag +9 ////; 
ttag +10 ////; 
ttag +11 ////; 
ttag +12 ////; 
ttag +13 ////; 
ttag +14 ////; 
ttag +15 ////; 
ttag +16 ////; 
ttag +17 ////; 
ttag +18 ////; 
ttag +19 ////; 
ttag +20 ////; 
ttag +21 ////; 
ttag +22 ////; 
ttag +23 ////; 
ttag +24 ////; 
ttag +25 ////; 
ttag +26 ////; 
ttag +27 ////; 
ttag +28 ////; 
ttag +29 ////; 
ttag +30 ////; 
ttag +31 ////; 
ttag +32 ////; 
ttag +33 ////; 
ttag +34 ////; 
ttag +35 ////; 
ttag +36 ////; 
ttag +37 ////; 
ttag +38 ////; 
ttag +39 ////; 
ttag +40 ////; 
ttag +41 ////; 
ttag +42 ////; 
ttag +43 ////; 
ttag +44 ////; 
ttag +45 ////; 
ttag +46 ////; 
ttag +47 ////; 
ttag +48 ////; 
ttag +49 100/100/100/100/100; 
ttag +50 84/80/72/84/80; 
ttag +51 63/38/26/45/30; 
ttag +52 82/78/70/78/67; 
ttag +53 39/28/16/24/16; 
ttag +54 52/42/28/46/28; 
ttag +55 84/82/69/88/70; 
ttag +56 58/40/20/34/18; 
ttag +57 99/99/96/98/98; 
ttag +58 72/60/46/60/46; 
ttag +59 28/20/9/21/12; 
ttag +60 77/73/58/75/61; 
ttag +61 26/6/?/6/?; 
ttag +62 42/25/11/29/13; 
ttag +63 32/7/6/11/10; 
ttag +64 10/[14]/?/?/?; 
ttag +65 37/28/11/33/11; 
ttag +66 98/98/96/98/97; 
ttag +67 96/95/87/95/88; 
ttag +68 98/98/94/97/93; 
ttag +69 100/100/100/100/100; 
ttag +70 82/76/70/83/62; 
ttag +71 27/1/7/6/14; 
ttag +72 47/22/22/25/23; 
ttag +73 99/99/96/100/98; 
ttag +74 93/92/83/95/83; 
ttag +75 31/[11]/?/?/?; 
ttag +76 59/40/29/43/34; 
ttag +77 60/56/56/52/50; 
ttag +78 18/[6]/2/?/?; 
ttag +79 17/[6]/?/?/?; 
ttag +80 69/65/60/67/54; 
ttag +81 94/91/86/95/90; 
ttag +82 42/26/22/25/18; 
ttag +83 100/100/98/99/97; 
ttag +84 56/36/36/41/47; 
ttag +85 68/59/50/60/41; 
ttag +86 86/82/78/86/76; 
ttag +87 63/46/40/54/50; 
ttag +88 99/99/100/100/99; 
ttag +89 67/52/49/60/53; 
ttag +90 67/42/51/48/46; 
ttag +91 96/95/91/95/96; 
ttag +92 11/[14]/?/?/?; 
ttag +93 18/[6]/2/4/?; 
ttag +94 66/60/58/70/53; 
