tread
'Tree with tags' 
(0 (1 ((2 3 )((4 5 )(((6 7 )(8 (9 10 )))(13 ((11 12 )((14 ((15 16 17 )(18 (19 20 ))))(21 ((22 (23 (24 25 )))(28 (26 27 )(29 (30 31 ))(((32 (35 (36 (38 (37 39 )))))(33 34 ))(46 47 (40 (41 (42 43 )))(44 45 )))))))))))))); 
ttag *!; 
ttag +49 ???; 
ttag +50 2; 
ttag +51 3; 
ttag +52 1; 
ttag +53 5; 
ttag +54 4; 
ttag +55 1; 
ttag +56 2; 
ttag +57 9; 
ttag +58 3; 
ttag +59 3; 
ttag +60 1; 
ttag +61 3; 
ttag +62 1; 
ttag +63 1; 
ttag +64 7; 
ttag +65 3; 
ttag +66 1; 
ttag +67 4; 
ttag +68 1; 
ttag +69 1; 
ttag +70 1; 
ttag +71 8; 
ttag +72 9; 
ttag +73 1; 
ttag +74 1; 
ttag +75 6; 
ttag +76 4; 
ttag +77 1; 
ttag +78 5; 
ttag +79 2; 
ttag +80 2; 
ttag +81 1; 
ttag +82 2; 
ttag +83 2; 
ttag +84 2; 
ttag +85 6; 
ttag +86 4; 
ttag +87 3; 
ttag +88 9; 
ttag +89 1; 
tread
'Tree with tags' 
(0 (1 ((2 3 )((4 5 )(((6 7 )(8 (9 10 )))(13 ((11 12 )((14 ((15 (16 17 ))(18 (19 20 ))))(21 ((22 (23 (24 25 )))((26 27 )(28 ((29 (30 31 ))(((32 (35 (36 (38 (37 39 )))))(33 34 ))(47 (46 ((40 (41 (42 43 )))(44 45 )))))))))))))))))); 
ttag *!; 
ttag +0 ////; 
ttag +1 ////; 
ttag +2 ////; 
ttag +3 ////; 
ttag +4 ////; 
ttag +5 ////; 
ttag +6 ////; 
ttag +7 ////; 
ttag +8 ////; 
ttag +9 ////; 
ttag +10 ////; 
ttag +11 ////; 
ttag +12 ////; 
ttag +13 ////; 
ttag +14 ////; 
ttag +15 ////; 
ttag +16 ////; 
ttag +17 ////; 
ttag +18 ////; 
ttag +19 ////; 
ttag +20 ////; 
ttag +21 ////; 
ttag +22 ////; 
ttag +23 ////; 
ttag +24 ////; 
ttag +25 ////; 
ttag +26 ////; 
ttag +27 ////; 
ttag +28 ////; 
ttag +29 ////; 
ttag +30 ////; 
ttag +31 ////; 
ttag +32 ////; 
ttag +33 ////; 
ttag +34 ////; 
ttag +35 ////; 
ttag +36 ////; 
ttag +37 ////; 
ttag +38 ////; 
ttag +39 ////; 
ttag +40 ////; 
ttag +41 ////; 
ttag +42 ////; 
ttag +43 ////; 
ttag +44 ////; 
ttag +45 ////; 
ttag +46 ////; 
ttag +47 ////; 
ttag +48 ////; 
ttag +49 100/100/100/100/100; 
ttag +50 87/82/72/83/72; 
ttag +51 85/78/72/85/74; 
ttag +52 23/0/9/4/?; 
ttag +53 80/74/66/82/72; 
ttag +54 96/95/89/91/83; 
ttag +55 41/32/20/21/26; 
ttag +56 26/17/8/24/14; 
ttag +57 99/99/97/100/100; 
ttag +58 74/60/54/69/65; 
ttag +59 55/50/34/49/37; 
ttag +60 25/11/1/15/1; 
ttag +61 43/34/26/48/26; 
ttag +62 21/12/6/15/6; 
ttag +63 26/20/16/36/15; 
ttag +64 96/96/88/96/88; 
ttag +65 54/46/36/58/30; 
ttag +66 21/[34]/?/?/?; 
ttag +67 60/42/34/46/45; 
ttag +68 95/93/86/90/86; 
ttag +69 47/38/23/43/28; 
ttag +70 18/[23]/?/?/?; 
ttag +71 45/13/5/19/13; 
ttag +72 98/98/91/98/90; 
ttag +73 100/100/100/100/100; 
ttag +74 43/20/30/21/26; 
ttag +75 56/45/32/46/33; 
ttag +76 40/29/18/31/24; 
ttag +77 95/94/84/96/82; 
ttag +78 14/0/?/3/?; 
ttag +79 94/92/78/97/80; 
ttag +80 45/31/18/25/24; 
ttag +81 98/98/93/97/95; 
ttag +82 29/0/0/3/2; 
ttag +83 77/64/65/64/72; 
ttag +84 45/37/24/28/30; 
ttag +85 56/44/45/46/43; 
ttag +86 75/67/64/74/68; 
ttag +87 87/81/74/73/73; 
ttag +88 93/90/81/91/83; 
ttag +89 5/[24]/?/?/?; 
ttag +90 21/[8]/?/?/5; 
ttag +91 76/65/55/71/63; 
ttag +92 69/56/46/61/50; 
ttag +93 99/99/98/100/98; 
ttag +94 36/27/23/32/17; 
