tread
'Tree with tags' 
(0 (1 ((2 3 )(4 5 11 14 18 21 (6 7 )(8 (9 10 ))(12 13 )(15 16 17 )(19 20 )((22 (23 (24 25 )))(26 (27 (28 (47 (44 46 (45 ((29 30 31 )((32 (35 (36 (37 (38 39 )))))(33 34 )))(40 (41 (42 43 )))))))))))))); 
ttag *!; 
ttag +49 ???; 
ttag +50 3; 
ttag +51 6; 
ttag +52 4; 
ttag +53 2; 
ttag +54 9; 
ttag +55 1; 
ttag +56 2; 
ttag +57 6; 
ttag +58 9; 
ttag +59 4; 
ttag +60 4; 
ttag +61 2; 
ttag +62 7; 
ttag +63 3; 
ttag +64 2; 
ttag +65 4; 
ttag +66 4; 
ttag +67 1; 
ttag +68 1; 
ttag +69 1; 
ttag +70 3; 
ttag +71 2; 
ttag +72 5; 
ttag +73 1; 
ttag +74 6; 
ttag +75 5; 
ttag +76 4; 
ttag +77 1; 
ttag +78 7; 
ttag +79 1; 
ttag +80 8; 
tread
'Tree with tags' 
(0 (1 ((2 3 )(11 (4 (5 ((6 7 )((8 (9 10 ))((12 13 )((14 (21 (18 (19 20 ))))((15 (16 17 ))((22 (23 (24 25 )))(26 (27 (28 (47 (44 (46 (45 (((31 (29 30 ))((32 (35 (36 (37 (38 39 )))))(33 34 )))(40 (41 (42 43 ))))))))))))))))))))))); 
ttag *!; 
ttag +0 ////; 
ttag +1 ////; 
ttag +2 ////; 
ttag +3 ////; 
ttag +4 ////; 
ttag +5 ////; 
ttag +6 ////; 
ttag +7 ////; 
ttag +8 ////; 
ttag +9 ////; 
ttag +10 ////; 
ttag +11 ////; 
ttag +12 ////; 
ttag +13 ////; 
ttag +14 ////; 
ttag +15 ////; 
ttag +16 ////; 
ttag +17 ////; 
ttag +18 ////; 
ttag +19 ////; 
ttag +20 ////; 
ttag +21 ////; 
ttag +22 ////; 
ttag +23 ////; 
ttag +24 ////; 
ttag +25 ////; 
ttag +26 ////; 
ttag +27 ////; 
ttag +28 ////; 
ttag +29 ////; 
ttag +30 ////; 
ttag +31 ////; 
ttag +32 ////; 
ttag +33 ////; 
ttag +34 ////; 
ttag +35 ////; 
ttag +36 ////; 
ttag +37 ////; 
ttag +38 ////; 
ttag +39 ////; 
ttag +40 ////; 
ttag +41 ////; 
ttag +42 ////; 
ttag +43 ////; 
ttag +44 ////; 
ttag +45 ////; 
ttag +46 ////; 
ttag +47 ////; 
ttag +48 ////; 
ttag +49 100/100/100/100/100; 
ttag +50 90/86/82/90/87; 
ttag +51 99/98/96/98/97; 
ttag +52 14/[18]/?/?/?; 
ttag +53 76/67/50/68/41; 
ttag +54 0/[32]/?/?/?; 
ttag +55 77/74/71/78/67; 
ttag +56 3/[29]/?/?/?; 
ttag +57 100/100/99/100/99; 
ttag +58 2/[30]/?/?/?; 
ttag +59 70/56/40/48/43; 
ttag +60 69/62/54/69/57; 
ttag +61 18/[14]/?/?/?; 
ttag +62 9/[23]/?/?/?; 
ttag +63 10/[22]/?/?/?; 
ttag +64 96/95/85/98/89; 
ttag +65 31/8/?/5/7; 
ttag +66 66/55/36/50/35; 
ttag +67 42/18/30/27/25; 
ttag +68 9/[23]/?/?/?; 
ttag +69 99/98/99/100/99; 
ttag +70 91/86/72/84/78; 
ttag +71 73/64/49/66/43; 
ttag +72 83/78/62/73/63; 
ttag +73 99/99/98/99/96; 
ttag +74 68/59/47/54/34; 
ttag +75 46/28/14/35/8; 
ttag +76 50/32/26/41/16; 
ttag +77 25/[8]/?/?/?; 
ttag +78 95/94/91/95/91; 
ttag +79 41/30/17/30/18; 
ttag +80 17/3/?/?/?; 
ttag +81 8/[9]/?/?/?; 
ttag +82 11/[6]/?/?/?; 
ttag +83 20/2/?/8/?; 
ttag +84 50/44/27/40/25; 
ttag +85 49/39/28/38/31; 
ttag +86 74/70/59/70/59; 
ttag +87 57/51/48/60/48; 
ttag +88 77/74/68/78/68; 
ttag +89 88/86/86/85/82; 
ttag +90 90/87/84/88/83; 
ttag +91 43/32/25/41/20; 
ttag +92 96/95/92/98/88; 
ttag +93 40/4/?/4/8; 
ttag +94 98/98/99/98/96; 
