tread
'Tree with tags' 
(0 (1 (4 (2 3 )(5 6 (7 (8 9 10 ))((11 ((13 (14 (15 (16 17 ))))(21 ((22 (23 (24 25 )))(28 ((26 27 )((29 (30 31 ))(((32 (35 (33 34 )))(36 (38 (37 39 ))))((41 (40 (42 43 )))(46 47 (44 45 )))))))))))(12 (18 (19 20 )))))))); 
ttag *!; 
ttag +49 ???; 
ttag +50 1; 
ttag +51 7; 
ttag +52 1; 
ttag +53 1; 
ttag +54 8; 
ttag +55 1; 
ttag +56 1; 
ttag +57 1; 
ttag +58 1; 
ttag +59 1; 
ttag +60 1; 
ttag +61 10; 
ttag +62 2; 
ttag +63 5; 
ttag +64 7; 
ttag +65 2; 
ttag +66 3; 
ttag +67 5; 
ttag +68 3; 
ttag +69 5; 
ttag +70 1; 
ttag +71 1; 
ttag +72 3; 
ttag +73 3; 
ttag +74 1; 
ttag +75 4; 
ttag +76 1; 
ttag +77 4; 
ttag +78 1; 
ttag +79 5; 
ttag +80 1; 
ttag +81 1; 
ttag +82 1; 
ttag +83 6; 
ttag +84 1; 
ttag +85 9; 
ttag +86 1; 
ttag +87 5; 
ttag +88 2; 
ttag +89 1; 
tread
'Tree with tags' 
(0 (1 ((4 (2 3 ))((5 6 )((7 (10 (8 9 )))((11 ((13 (14 (15 (16 17 ))))(21 ((22 (23 (24 25 )))(28 ((26 27 )((29 (30 31 ))(((32 (35 (33 34 )))(36 (38 (37 39 ))))((41 (40 (42 43 )))(46 (47 (44 45 ))))))))))))(12 (18 (19 20 ))))))))); 
ttag *!; 
ttag +0 ////; 
ttag +1 ////; 
ttag +2 ////; 
ttag +3 ////; 
ttag +4 ////; 
ttag +5 ////; 
ttag +6 ////; 
ttag +7 ////; 
ttag +8 ////; 
ttag +9 ////; 
ttag +10 ////; 
ttag +11 ////; 
ttag +12 ////; 
ttag +13 ////; 
ttag +14 ////; 
ttag +15 ////; 
ttag +16 ////; 
ttag +17 ////; 
ttag +18 ////; 
ttag +19 ////; 
ttag +20 ////; 
ttag +21 ////; 
ttag +22 ////; 
ttag +23 ////; 
ttag +24 ////; 
ttag +25 ////; 
ttag +26 ////; 
ttag +27 ////; 
ttag +28 ////; 
ttag +29 ////; 
ttag +30 ////; 
ttag +31 ////; 
ttag +32 ////; 
ttag +33 ////; 
ttag +34 ////; 
ttag +35 ////; 
ttag +36 ////; 
ttag +37 ////; 
ttag +38 ////; 
ttag +39 ////; 
ttag +40 ////; 
ttag +41 ////; 
ttag +42 ////; 
ttag +43 ////; 
ttag +44 ////; 
ttag +45 ////; 
ttag +46 ////; 
ttag +47 ////; 
ttag +48 ////; 
ttag +49 100/100/100/100/100; 
ttag +50 66/57/49/60/49; 
ttag +51 20/[15]/?/?/?; 
ttag +52 96/94/87/96/90; 
ttag +53 8/[13]/?/?/?; 
ttag +54 34/22/17/33/13; 
ttag +55 10/[11]/?/?/?; 
ttag +56 12/[9]/?/0/?; 
ttag +57 36/[10]/?/?/?; 
ttag +58 99/98/99/100/98; 
ttag +59 5/[24]/?/?/?; 
ttag +60 43/39/29/42/26; 
ttag +61 37/7/2/3/2; 
ttag +62 7/[22]/?/?/?; 
ttag +63 4/[26]/?/?/?; 
ttag +64 41/17/5/15/4; 
ttag +65 100/100/100/100/99; 
ttag +66 78/73/59/79/68; 
ttag +67 92/90/79/93/83; 
ttag +68 100/100/99/100/98; 
ttag +69 26/5/?/5/?; 
ttag +70 72/52/45/58/52; 
ttag +71 85/83/71/84/75; 
ttag +72 91/87/76/89/80; 
ttag +73 95/92/78/85/80; 
ttag +74 24/[28]/?/?/?; 
ttag +75 13/[46]/?/?/?; 
ttag +76 68/56/56/64/49; 
ttag +77 75/66/59/74/49; 
ttag +78 53/30/24/27/16; 
ttag +79 86/82/79/85/71; 
ttag +80 9/[12]/?/?/?; 
ttag +81 69/58/49/67/61; 
ttag +82 23/0/?/0/?; 
ttag +83 94/93/87/92/87; 
ttag +84 42/30/24/27/20; 
ttag +85 3/[24]/?/?/?; 
ttag +86 33/10/10/10/11; 
ttag +87 93/92/90/95/92; 
ttag +88 24/[6]/?/?/?; 
ttag +89 98/98/95/98/97; 
ttag +90 13/[14]/?/?/?; 
ttag +91 92/89/82/86/86; 
ttag +92 61/53/48/59/47; 
ttag +93 9/[48]/?/?/?; 
ttag +94 36/13/8/8/0; 
