tread
'Tree with tags' 
(0 (1 (2 3 )(4 ((11 (5 (13 (12 ((14 (18 (19 20 )))((15 (16 17 ))(21 ((22 (23 (24 25 )))(26 (27 (28 ((29 (30 31 ))((32 ((33 34 )(35 (36 (37 38 39 )))))(45 (46 (44 (47 (40 (41 (42 43 ))))))))))))))))))))(7 (6 (8 9 10 ))))))); 
ttag *!; 
ttag +49 ???; 
ttag +50 5; 
ttag +51 4; 
ttag +52 1; 
ttag +53 1; 
ttag +54 4; 
ttag +55 1; 
ttag +56 1; 
ttag +57 9; 
ttag +58 2; 
ttag +59 5; 
ttag +60 3; 
ttag +61 2; 
ttag +62 5; 
ttag +63 3; 
ttag +64 1; 
ttag +65 3; 
ttag +66 11; 
ttag +67 5; 
ttag +68 8; 
ttag +69 5; 
ttag +70 7; 
ttag +71 8; 
ttag +72 2; 
ttag +73 1; 
ttag +74 4; 
ttag +75 2; 
ttag +76 3; 
ttag +77 4; 
ttag +78 8; 
ttag +79 1; 
ttag +80 5; 
ttag +81 2; 
ttag +82 3; 
ttag +83 5; 
ttag +84 5; 
ttag +85 4; 
ttag +86 1; 
ttag +87 1; 
ttag +88 1; 
ttag +89 1; 
ttag +90 6; 
ttag +91 7; 
tread
'Tree with tags' 
(0 ((1 (2 3 ))(4 ((11 (5 (13 (12 ((14 (18 (19 20 )))((15 (16 17 ))(21 ((22 (23 (24 25 )))(26 (27 (28 ((29 (30 31 ))((32 ((33 34 )(35 (36 (37 (38 39 ))))))(45 (46 (44 (47 (40 (41 (42 43 ))))))))))))))))))))(7 (6 (8 (9 10 )))))))); 
ttag *!; 
ttag +0 ////; 
ttag +1 ////; 
ttag +2 ////; 
ttag +3 ////; 
ttag +4 ////; 
ttag +5 ////; 
ttag +6 ////; 
ttag +7 ////; 
ttag +8 ////; 
ttag +9 ////; 
ttag +10 ////; 
ttag +11 ////; 
ttag +12 ////; 
ttag +13 ////; 
ttag +14 ////; 
ttag +15 ////; 
ttag +16 ////; 
ttag +17 ////; 
ttag +18 ////; 
ttag +19 ////; 
ttag +20 ////; 
ttag +21 ////; 
ttag +22 ////; 
ttag +23 ////; 
ttag +24 ////; 
ttag +25 ////; 
ttag +26 ////; 
ttag +27 ////; 
ttag +28 ////; 
ttag +29 ////; 
ttag +30 ////; 
ttag +31 ////; 
ttag +32 ////; 
ttag +33 ////; 
ttag +34 ////; 
ttag +35 ////; 
ttag +36 ////; 
ttag +37 ////; 
ttag +38 ////; 
ttag +39 ////; 
ttag +40 ////; 
ttag +41 ////; 
ttag +42 ////; 
ttag +43 ////; 
ttag +44 ////; 
ttag +45 ////; 
ttag +46 ////; 
ttag +47 ////; 
ttag +48 ////; 
ttag +49 22/[18]/?/?/?; 
ttag +50 100/100/100/100/100; 
ttag +51 92/90/85/92/88; 
ttag +52 80/77/64/86/67; 
ttag +53 4/[24]/?/?/?; 
ttag +54 4/[24]/?/?/?; 
ttag +55 75/69/60/79/60; 
ttag +56 26/[2]/4/6/?; 
ttag +57 34/18/14/30/18; 
ttag +58 100/100/100/100/98; 
ttag +59 38/[2]/4/?/?; 
ttag +60 21/1/6/14/?; 
ttag +61 44/32/26/48/29; 
ttag +62 46/27/18/38/14; 
ttag +63 18/2/0/7/?; 
ttag +64 96/95/87/94/91; 
ttag +65 24/5/?/13/?; 
ttag +66 55/38/45/44/44; 
ttag +67 70/62/56/68/55; 
ttag +68 100/100/99/100/100; 
ttag +69 84/82/71/82/71; 
ttag +70 97/96/92/98/93; 
ttag +71 94/92/84/90/85; 
ttag +72 99/98/94/100/95; 
ttag +73 100/100/99/100/99; 
ttag +74 67/50/61/56/46; 
ttag +75 24/[7]/?/?/?; 
ttag +76 85/82/64/87/70; 
ttag +77 79/73/67/73/70; 
ttag +78 56/38/28/49/32; 
ttag +79 96/94/89/95/92; 
ttag +80 96/95/87/96/88; 
ttag +81 17/[18]/?/?/?; 
ttag +82 76/66/55/62/57; 
ttag +83 51/37/24/34/27; 
ttag +84 68/62/56/67/54; 
ttag +85 96/94/86/95/87; 
ttag +86 90/87/88/96/88; 
ttag +87 29/[8]/?/?/?; 
ttag +88 82/80/70/76/66; 
ttag +89 30/0/?/14/?; 
ttag +90 12/[30]/?/?/?; 
ttag +91 6/[35]/?/?/?; 
ttag +92 28/[4]/?/8/?; 
ttag +93 95/94/90/94/90; 
ttag +94 99/99/98/98/99; 
