tread
'Tree with tags' 
(0 (1 ((2 3 )(5 ((7 ((4 6 )((11 ((14 ((15 16 17 )(18 (19 20 ))))(21 ((22 23 (24 25 ))(26 27 (28 (32 (29 (30 31 ))(33 34 )(35 36 (37 38 39 )))((40 41 )(42 43 ))(44 45 46 47 )))))))(12 13 ))))(10 (8 9 ))))))); 
ttag *!; 
ttag +49 ???; 
ttag +50 6; 
ttag +51 3; 
ttag +52 2; 
ttag +53 1; 
ttag +54 2; 
ttag +55 1; 
ttag +56 9; 
ttag +57 1; 
ttag +58 10; 
ttag +59 2; 
ttag +60 2; 
ttag +61 3; 
ttag +62 4; 
ttag +63 1; 
ttag +64 9; 
ttag +65 3; 
ttag +66 3; 
ttag +67 9; 
ttag +68 3; 
ttag +69 2; 
ttag +70 7; 
ttag +71 5; 
ttag +72 4; 
ttag +73 2; 
ttag +74 7; 
ttag +75 2; 
ttag +76 2; 
ttag +77 8; 
ttag +78 4; 
ttag +79 7; 
ttag +80 1; 
ttag +81 3; 
ttag +82 2; 
ttag +83 5; 
tread
'Tree with tags' 
(0 (1 ((2 3 )(5 ((7 ((4 6 )((11 ((14 ((17 (15 16 ))(18 (19 20 ))))(21 ((22 (23 (24 25 )))(26 (27 ((28 (((40 41 )(42 43 ))((44 47 )(45 46 ))))((29 (30 31 ))(32 ((33 34 )(35 (36 (38 (37 39 ))))))))))))))(12 13 ))))(10 (8 9 ))))))); 
ttag *!; 
ttag +0 ////; 
ttag +1 ////; 
ttag +2 ////; 
ttag +3 ////; 
ttag +4 ////; 
ttag +5 ////; 
ttag +6 ////; 
ttag +7 ////; 
ttag +8 ////; 
ttag +9 ////; 
ttag +10 ////; 
ttag +11 ////; 
ttag +12 ////; 
ttag +13 ////; 
ttag +14 ////; 
ttag +15 ////; 
ttag +16 ////; 
ttag +17 ////; 
ttag +18 ////; 
ttag +19 ////; 
ttag +20 ////; 
ttag +21 ////; 
ttag +22 ////; 
ttag +23 ////; 
ttag +24 ////; 
ttag +25 ////; 
ttag +26 ////; 
ttag +27 ////; 
ttag +28 ////; 
ttag +29 ////; 
ttag +30 ////; 
ttag +31 ////; 
ttag +32 ////; 
ttag +33 ////; 
ttag +34 ////; 
ttag +35 ////; 
ttag +36 ////; 
ttag +37 ////; 
ttag +38 ////; 
ttag +39 ////; 
ttag +40 ////; 
ttag +41 ////; 
ttag +42 ////; 
ttag +43 ////; 
ttag +44 ////; 
ttag +45 ////; 
ttag +46 ////; 
ttag +47 ////; 
ttag +48 ////; 
ttag +49 100/100/100/100/100; 
ttag +50 97/96/92/95/89; 
ttag +51 71/57/56/72/63; 
ttag +52 16/3/?/4/?; 
ttag +53 7/[7]/?/?/?; 
ttag +54 20/5/1/5/0; 
ttag +55 25/11/8/12/7; 
ttag +56 97/97/89/95/91; 
ttag +57 58/36/26/34/30; 
ttag +58 100/100/100/100/100; 
ttag +59 19/[26]/?/?/?; 
ttag +60 52/38/27/43/31; 
ttag +61 48/41/32/52/35; 
ttag +62 79/78/63/81/60; 
ttag +63 38/27/10/33/11; 
ttag +64 31/0/?/?/?; 
ttag +65 100/100/99/99/97; 
ttag +66 74/62/54/68/53; 
ttag +67 85/82/74/88/76; 
ttag +68 100/100/100/100/100; 
ttag +69 80/77/57/80/70; 
ttag +70 73/66/58/68/62; 
ttag +71 98/97/90/98/93; 
ttag +72 11/[21]/?/?/?; 
ttag +73 99/98/97/99/96; 
ttag +74 92/88/79/84/74; 
ttag +75 14/[19]/?/?/?; 
ttag +76 14/[11]/?/?/?; 
ttag +77 66/54/47/61/49; 
ttag +78 98/98/94/98/95; 
ttag +79 66/59/44/56/40; 
ttag +80 74/68/57/67/62; 
ttag +81 31/15/18/15/8; 
ttag +82 100/100/99/99/98; 
ttag +83 45/32/13/33/20; 
ttag +84 83/79/67/78/68; 
ttag +85 49/35/35/40/34; 
ttag +86 23/[31]/?/?/?; 
ttag +87 97/97/96/99/97; 
ttag +88 43/20/24/31/22; 
ttag +89 86/83/80/84/84; 
ttag +90 47/22/18/22/6; 
ttag +91 83/74/65/69/56; 
ttag +92 26/5/9/7/11; 
ttag +93 98/97/91/98/93; 
ttag +94 16/[8]/?/?/?; 
