tread
'Tree with tags' 
(0 (1 (4 5 11 14 21 (2 3 )((6 7 )(8 (9 10 )))(12 13 )(15 16 17 )(18 (19 20 ))(22 (23 (24 25 )))(26 27 28 ((29 (30 31 ))(32 ((33 34 )((35 36 )(37 (38 39 ))))))((40 (41 (42 43 )))(44 45 (46 47 ))))))); 
ttag *!; 
ttag +49 ???; 
ttag +50 11; 
ttag +51 6; 
ttag +52 1; 
ttag +53 4; 
ttag +54 9; 
ttag +55 1; 
ttag +56 1; 
ttag +57 9; 
ttag +58 6; 
ttag +59 8; 
ttag +60 3; 
ttag +61 4; 
ttag +62 1; 
ttag +63 3; 
ttag +64 4; 
ttag +65 1; 
ttag +66 4; 
ttag +67 8; 
ttag +68 5; 
ttag +69 2; 
ttag +70 2; 
ttag +71 2; 
ttag +72 7; 
ttag +73 1; 
ttag +74 7; 
ttag +75 1; 
ttag +76 4; 
ttag +77 10; 
ttag +78 2; 
ttag +79 2; 
tread
'Tree with tags' 
(0 (1 ((((4 (2 3 ))(5 (11 ((6 7 )(8 (9 10 ))))))(((14 21 )((18 (19 20 ))(22 (23 (24 25 )))))((17 (15 16 ))((28 (26 27 ))(((29 (30 31 ))(32 ((33 34 )((35 36 )(37 (38 39 ))))))((40 (41 (42 43 )))(44 (45 (46 47 )))))))))(12 13 )))); 
ttag *!; 
ttag +0 ////; 
ttag +1 ////; 
ttag +2 ////; 
ttag +3 ////; 
ttag +4 ////; 
ttag +5 ////; 
ttag +6 ////; 
ttag +7 ////; 
ttag +8 ////; 
ttag +9 ////; 
ttag +10 ////; 
ttag +11 ////; 
ttag +12 ////; 
ttag +13 ////; 
ttag +14 ////; 
ttag +15 ////; 
ttag +16 ////; 
ttag +17 ////; 
ttag +18 ////; 
ttag +19 ////; 
ttag +20 ////; 
ttag +21 ////; 
ttag +22 ////; 
ttag +23 ////; 
ttag +24 ////; 
ttag +25 ////; 
ttag +26 ////; 
ttag +27 ////; 
ttag +28 ////; 
ttag +29 ////; 
ttag +30 ////; 
ttag +31 ////; 
ttag +32 ////; 
ttag +33 ////; 
ttag +34 ////; 
ttag +35 ////; 
ttag +36 ////; 
ttag +37 ////; 
ttag +38 ////; 
ttag +39 ////; 
ttag +40 ////; 
ttag +41 ////; 
ttag +42 ////; 
ttag +43 ////; 
ttag +44 ////; 
ttag +45 ////; 
ttag +46 ////; 
ttag +47 ////; 
ttag +48 ////; 
ttag +49 100/100/100/100/100; 
ttag +50 99/99/98/100/98; 
ttag +51 12/[1]/?/1/1; 
ttag +52 11/[2]/7/?/?; 
ttag +53 8/[5]/?/?/?; 
ttag +54 85/81/69/89/69; 
ttag +55 31/21/18/27/20; 
ttag +56 47/32/27/37/35; 
ttag +57 89/87/72/87/74; 
ttag +58 17/[4]/?/?/?; 
ttag +59 98/97/98/98/97; 
ttag +60 58/48/41/47/52; 
ttag +61 41/34/30/34/32; 
ttag +62 6/[13]/?/?/?; 
ttag +63 8/[11]/?/?/?; 
ttag +64 14/6/9/11/4; 
ttag +65 34/10/4/22/7; 
ttag +66 100/100/98/100/100; 
ttag +67 21/1/?/4/0; 
ttag +68 96/96/89/95/90; 
ttag +69 22/2/1/3/0; 
ttag +70 99/99/99/99/100; 
ttag +71 81/79/62/75/64; 
ttag +72 91/88/82/86/85; 
ttag +73 60/36/42/40/34; 
ttag +74 34/15/14/20/11; 
ttag +75 43/24/28/35/25; 
ttag +76 62/54/49/62/53; 
ttag +77 81/77/71/86/67; 
ttag +78 27/16/1/14/7; 
ttag +79 23/13/3/6/1; 
ttag +80 96/94/92/98/91; 
ttag +81 94/92/80/91/83; 
ttag +82 91/88/71/82/72; 
ttag +83 70/51/19/41/24; 
ttag +84 52/27/20/27/11; 
ttag +85 60/44/52/50/44; 
ttag +86 97/97/94/99/93; 
ttag +87 54/29/21/28/8; 
ttag +88 95/94/88/96/90; 
ttag +89 28/18/0/23/6; 
ttag +90 87/84/67/88/68; 
ttag +91 100/100/100/100/100; 
ttag +92 41/30/13/37/18; 
ttag +93 13/[16]/?/?/?; 
ttag +94 49/38/28/49/31; 
