tread
'Tree with tags' 
(0 (1 ((2 3 )(4 (6 7 (5 (8 (9 10 )))(11 (12 13 14 ((15 (16 17 ))(18 (19 20 )))(21 ((23 (22 (24 25 )))(26 (27 (28 ((29 (30 31 ))(((35 (32 (36 (37 38 39 ))))(33 34 ))((40 (41 (42 43 )))(47 (45 (44 46 )))))))))))))))))); 
ttag *!; 
ttag +49 ???; 
ttag +50 9; 
ttag +51 4; 
ttag +52 9; 
ttag +53 1; 
ttag +54 1; 
ttag +55 10; 
ttag +56 3; 
ttag +57 2; 
ttag +58 1; 
ttag +59 6; 
ttag +60 5; 
ttag +61 4; 
ttag +62 1; 
ttag +63 6; 
ttag +64 2; 
ttag +65 2; 
ttag +66 6; 
ttag +67 2; 
ttag +68 11; 
ttag +69 3; 
ttag +70 3; 
ttag +71 6; 
ttag +72 7; 
ttag +73 3; 
ttag +74 1; 
ttag +75 1; 
ttag +76 3; 
ttag +77 6; 
ttag +78 2; 
ttag +79 5; 
ttag +80 7; 
ttag +81 4; 
ttag +82 7; 
ttag +83 4; 
ttag +84 5; 
ttag +85 13; 
ttag +86 2; 
ttag +87 2; 
ttag +88 5; 
tread
'Tree with tags' 
(0 (1 ((2 3 )(4 ((6 (7 (5 (8 (9 10 )))))(11 ((12 13 )((14 ((15 (16 17 ))(18 (19 20 ))))(21 ((23 (22 (24 25 )))(26 (27 (28 ((29 (30 31 ))(((35 (32 (36 (39 (37 38 )))))(33 34 ))((40 (41 (42 43 )))(47 (45 (44 46 ))))))))))))))))))); 
ttag *!; 
ttag +0 ////; 
ttag +1 ////; 
ttag +2 ////; 
ttag +3 ////; 
ttag +4 ////; 
ttag +5 ////; 
ttag +6 ////; 
ttag +7 ////; 
ttag +8 ////; 
ttag +9 ////; 
ttag +10 ////; 
ttag +11 ////; 
ttag +12 ////; 
ttag +13 ////; 
ttag +14 ////; 
ttag +15 ////; 
ttag +16 ////; 
ttag +17 ////; 
ttag +18 ////; 
ttag +19 ////; 
ttag +20 ////; 
ttag +21 ////; 
ttag +22 ////; 
ttag +23 ////; 
ttag +24 ////; 
ttag +25 ////; 
ttag +26 ////; 
ttag +27 ////; 
ttag +28 ////; 
ttag +29 ////; 
ttag +30 ////; 
ttag +31 ////; 
ttag +32 ////; 
ttag +33 ////; 
ttag +34 ////; 
ttag +35 ////; 
ttag +36 ////; 
ttag +37 ////; 
ttag +38 ////; 
ttag +39 ////; 
ttag +40 ////; 
ttag +41 ////; 
ttag +42 ////; 
ttag +43 ////; 
ttag +44 ////; 
ttag +45 ////; 
ttag +46 ////; 
ttag +47 ////; 
ttag +48 ////; 
ttag +49 100/100/100/100/100; 
ttag +50 100/100/100/98/98; 
ttag +51 92/88/84/92/88; 
ttag +52 98/98/95/100/93; 
ttag +53 34/12/14/16/6; 
ttag +54 10/[27]/?/?/?; 
ttag +55 16/5/3/4/0; 
ttag +56 57/49/32/49/29; 
ttag +57 100/100/98/100/98; 
ttag +58 90/88/77/89/82; 
ttag +59 47/40/25/43/22; 
ttag +60 20/[4]/5/?/2; 
ttag +61 24/16/4/12/2; 
ttag +62 22/8/11/19/12; 
ttag +63 11/[2]/?/?/?; 
ttag +64 97/97/97/97/96; 
ttag +65 87/86/77/93/77; 
ttag +66 89/85/82/92/88; 
ttag +67 53/29/19/36/28; 
ttag +68 100/100/99/100/99; 
ttag +69 43/37/23/48/28; 
ttag +70 61/44/22/54/25; 
ttag +71 88/86/66/85/64; 
ttag +72 58/45/32/53/34; 
ttag +73 100/100/99/100/99; 
ttag +74 89/87/66/86/74; 
ttag +75 81/79/55/82/66; 
ttag +76 86/82/67/90/76; 
ttag +77 99/99/97/96/97; 
ttag +78 65/51/36/63/47; 
ttag +79 41/[4]/?/7/6; 
ttag +80 26/4/7/6/2; 
ttag +81 34/12/11/18/11; 
ttag +82 84/80/73/83/76; 
ttag +83 43/15/18/23/12; 
ttag +84 90/85/77/87/84; 
ttag +85 98/98/93/98/95; 
ttag +86 44/12/4/10/14; 
ttag +87 98/98/95/97/92; 
ttag +88 96/95/93/95/86; 
ttag +89 87/84/80/86/79; 
ttag +90 84/77/74/85/70; 
ttag +91 100/100/99/100/99; 
ttag +92 56/42/31/43/28; 
ttag +93 52/38/28/44/28; 
ttag +94 81/78/64/82/63; 
