tread
'Tree with tags' 
(0 (1 ((2 3 )(4 (5 ((6 7 (8 (9 10 )))(11 ((12 13 )((14 ((17 (15 16 ))(18 (19 20 ))))(21 ((22 (23 (24 25 )))(26 ((27 28 )((29 (30 31 ))((32 ((33 34 )(35 (36 (37 38 39 )))))((40 (41 (42 43 )))(44 (47 (45 46 ))))))))))))))))))); 
ttag *!; 
ttag +49 ???; 
ttag +50 5; 
ttag +51 5; 
ttag +52 5; 
ttag +53 3; 
ttag +54 3; 
ttag +55 1; 
ttag +56 9; 
ttag +57 1; 
ttag +58 1; 
ttag +59 1; 
ttag +60 5; 
ttag +61 1; 
ttag +62 1; 
ttag +63 1; 
ttag +64 3; 
ttag +65 1; 
ttag +66 8; 
ttag +67 7; 
ttag +68 1; 
ttag +69 6; 
ttag +70 1; 
ttag +71 4; 
ttag +72 9; 
ttag +73 1; 
ttag +74 1; 
ttag +75 2; 
ttag +76 4; 
ttag +77 6; 
ttag +78 2; 
ttag +79 5; 
ttag +80 1; 
ttag +81 2; 
ttag +82 2; 
ttag +83 1; 
ttag +84 7; 
ttag +85 3; 
ttag +86 6; 
ttag +87 4; 
ttag +88 2; 
ttag +89 7; 
ttag +90 2; 
ttag +91 1; 
ttag +92 1; 
tread
'Tree with tags' 
(0 (1 ((2 3 )(4 (5 ((6 (7 (8 (9 10 ))))(11 ((12 13 )((14 ((17 (15 16 ))(18 (19 20 ))))(21 ((22 (23 (24 25 )))(26 ((27 28 )((29 (30 31 ))((32 ((33 34 )(35 (36 (38 (37 39 ))))))((40 (41 (42 43 )))(44 (47 (45 46 ))))))))))))))))))); 
ttag *!; 
ttag +0 ////; 
ttag +1 ////; 
ttag +2 ////; 
ttag +3 ////; 
ttag +4 ////; 
ttag +5 ////; 
ttag +6 ////; 
ttag +7 ////; 
ttag +8 ////; 
ttag +9 ////; 
ttag +10 ////; 
ttag +11 ////; 
ttag +12 ////; 
ttag +13 ////; 
ttag +14 ////; 
ttag +15 ////; 
ttag +16 ////; 
ttag +17 ////; 
ttag +18 ////; 
ttag +19 ////; 
ttag +20 ////; 
ttag +21 ////; 
ttag +22 ////; 
ttag +23 ////; 
ttag +24 ////; 
ttag +25 ////; 
ttag +26 ////; 
ttag +27 ////; 
ttag +28 ////; 
ttag +29 ////; 
ttag +30 ////; 
ttag +31 ////; 
ttag +32 ////; 
ttag +33 ////; 
ttag +34 ////; 
ttag +35 ////; 
ttag +36 ////; 
ttag +37 ////; 
ttag +38 ////; 
ttag +39 ////; 
ttag +40 ////; 
ttag +41 ////; 
ttag +42 ////; 
ttag +43 ////; 
ttag +44 ////; 
ttag +45 ////; 
ttag +46 ////; 
ttag +47 ////; 
ttag +48 ////; 
ttag +49 100/100/100/100/100; 
ttag +50 98/98/95/99/93; 
ttag +51 99/99/98/98/97; 
ttag +52 92/90/84/87/84; 
ttag +53 83/79/60/72/66; 
ttag +54 70/65/44/63/51; 
ttag +55 36/11/0/11/7; 
ttag +56 18/[6]/?/?/?; 
ttag +57 99/99/98/99/96; 
ttag +58 62/39/29/37/25; 
ttag +59 38/13/?/8/4; 
ttag +60 52/38/30/46/48; 
ttag +61 82/78/60/72/61; 
ttag +62 48/32/22/30/27; 
ttag +63 39/27/22/30/29; 
ttag +64 70/53/48/44/41; 
ttag +65 92/91/87/91/84; 
ttag +66 46/31/14/21/22; 
ttag +67 99/99/98/99/97; 
ttag +68 99/99/99/99/99; 
ttag +69 56/41/35/35/36; 
ttag +70 93/91/83/89/84; 
ttag +71 47/32/22/20/25; 
ttag +72 97/96/93/91/92; 
ttag +73 100/100/98/100/100; 
ttag +74 71/64/56/71/61; 
ttag +75 18/[8]/?/?/?; 
ttag +76 55/40/31/37/24; 
ttag +77 87/84/73/86/72; 
ttag +78 64/53/32/48/38; 
ttag +79 54/26/28/38/20; 
ttag +80 76/70/65/82/72; 
ttag +81 51/26/18/24/20; 
ttag +82 80/76/58/72/60; 
ttag +83 44/26/26/31/26; 
ttag +84 37/23/16/28/23; 
ttag +85 96/95/96/100/96; 
ttag +86 8/[17]/?/?/?; 
ttag +87 88/86/83/92/80; 
ttag +88 97/97/91/94/91; 
ttag +89 85/84/78/86/76; 
ttag +90 40/17/14/32/26; 
ttag +91 97/96/90/98/93; 
ttag +92 30/[10]/?/?/?; 
ttag +93 17/[23]/?/?/?; 
ttag +94 6/[34]/?/?/?; 
