tread
'Tree with tags' 
(0 (1 ((2 3 )(4 (5 (((6 7 )(8 (9 10 )))(11 (13 (12 ((14 ((15 (16 17 ))(18 (19 20 ))))(21 ((22 ((26 27 )(28 ((29 (30 31 ))((40 (41 (42 43 )))(46 47 (44 45 ))))(32 (35 (33 34 )(36 (37 38 39 )))))))(23 (24 25 )))))))))))))); 
ttag *!; 
ttag +49 ???; 
ttag +50 7; 
ttag +51 4; 
ttag +52 5; 
ttag +53 5; 
ttag +54 2; 
ttag +55 2; 
ttag +56 2; 
ttag +57 5; 
ttag +58 1; 
ttag +59 4; 
ttag +60 1; 
ttag +61 1; 
ttag +62 2; 
ttag +63 1; 
ttag +64 3; 
ttag +65 2; 
ttag +66 4; 
ttag +67 6; 
ttag +68 10; 
ttag +69 1; 
ttag +70 1; 
ttag +71 3; 
ttag +72 2; 
ttag +73 8; 
ttag +74 1; 
ttag +75 2; 
ttag +76 1; 
ttag +77 7; 
ttag +78 2; 
ttag +79 5; 
ttag +80 4; 
ttag +81 2; 
ttag +82 1; 
ttag +83 5; 
ttag +84 6; 
ttag +85 4; 
ttag +86 1; 
ttag +87 2; 
ttag +88 7; 
ttag +89 2; 
ttag +90 1; 
tread
'Tree with tags' 
(0 (1 ((2 3 )(4 (5 (((6 7 )(8 (9 10 )))(11 (13 (12 ((14 ((15 (16 17 ))(18 (19 20 ))))(21 ((22 ((26 27 )(28 (((29 (30 31 ))((40 (41 (42 43 )))((44 45 )(46 47 ))))(32 ((33 34 )(35 (36 (37 (38 39 ))))))))))(23 (24 25 )))))))))))))); 
ttag *!; 
ttag +0 ////; 
ttag +1 ////; 
ttag +2 ////; 
ttag +3 ////; 
ttag +4 ////; 
ttag +5 ////; 
ttag +6 ////; 
ttag +7 ////; 
ttag +8 ////; 
ttag +9 ////; 
ttag +10 ////; 
ttag +11 ////; 
ttag +12 ////; 
ttag +13 ////; 
ttag +14 ////; 
ttag +15 ////; 
ttag +16 ////; 
ttag +17 ////; 
ttag +18 ////; 
ttag +19 ////; 
ttag +20 ////; 
ttag +21 ////; 
ttag +22 ////; 
ttag +23 ////; 
ttag +24 ////; 
ttag +25 ////; 
ttag +26 ////; 
ttag +27 ////; 
ttag +28 ////; 
ttag +29 ////; 
ttag +30 ////; 
ttag +31 ////; 
ttag +32 ////; 
ttag +33 ////; 
ttag +34 ////; 
ttag +35 ////; 
ttag +36 ////; 
ttag +37 ////; 
ttag +38 ////; 
ttag +39 ////; 
ttag +40 ////; 
ttag +41 ////; 
ttag +42 ////; 
ttag +43 ////; 
ttag +44 ////; 
ttag +45 ////; 
ttag +46 ////; 
ttag +47 ////; 
ttag +48 ////; 
ttag +49 100/100/100/100/100; 
ttag +50 97/96/89/99/90; 
ttag +51 84/78/63/82/70; 
ttag +52 95/94/88/96/88; 
ttag +53 92/91/82/96/89; 
ttag +54 66/53/44/61/44; 
ttag +55 60/53/42/59/40; 
ttag +56 77/75/57/72/59; 
ttag +57 100/100/99/100/97; 
ttag +58 64/47/42/58/53; 
ttag +59 72/71/46/67/47; 
ttag +60 8/[7]/?/?/?; 
ttag +61 10/[4]/?/?/?; 
ttag +62 40/30/24/37/13; 
ttag +63 15/0/1/0/?; 
ttag +64 85/80/68/78/72; 
ttag +65 75/72/54/78/60; 
ttag +66 90/89/80/95/86; 
ttag +67 96/95/93/98/87; 
ttag +68 99/99/100/100/100; 
ttag +69 14/0/?/?/?; 
ttag +70 15/[30]/?/?/?; 
ttag +71 58/52/39/59/35; 
ttag +72 71/64/61/66/55; 
ttag +73 99/99/98/98/96; 
ttag +74 64/54/36/54/48; 
ttag +75 67/63/60/69/49; 
ttag +76 35/24/13/32/22; 
ttag +77 98/98/94/98/95; 
ttag +78 56/43/26/44/34; 
ttag +79 32/22/18/21/16; 
ttag +80 96/95/90/96/89; 
ttag +81 91/90/81/92/85; 
ttag +82 83/77/78/79/76; 
ttag +83 37/0/12/22/0; 
ttag +84 46/30/23/29/30; 
ttag +85 97/96/94/96/94; 
ttag +86 98/98/95/98/97; 
ttag +87 43/13/10/13/6; 
ttag +88 92/91/86/94/88; 
ttag +89 70/62/55/66/56; 
ttag +90 77/65/60/73/60; 
ttag +91 98/98/99/100/99; 
ttag +92 63/55/42/63/53; 
ttag +93 41/20/28/29/31; 
ttag +94 21/5/7/4/10; 
