tread
'Tree with tags' 
(0 (1 ((2 3 )(4 (5 6 (7 (8 (9 10 )))((11 (18 (19 20 )))(12 13 14 21 (15 (16 17 ))(22 (23 (24 25 )))(26 27 ((28 (29 (30 31 ))(32 (33 34 )(35 (36 (39 (37 38 ))))))((40 (41 (42 43 )))(47 (44 (45 46 ))))))))))))); 
ttag *!; 
ttag +49 ???; 
ttag +50 5; 
ttag +51 2; 
ttag +52 3; 
ttag +53 4; 
ttag +54 1; 
ttag +55 10; 
ttag +56 2; 
ttag +57 1; 
ttag +58 1; 
ttag +59 1; 
ttag +60 5; 
ttag +61 1; 
ttag +62 5; 
ttag +63 10; 
ttag +64 5; 
ttag +65 3; 
ttag +66 3; 
ttag +67 8; 
ttag +68 1; 
ttag +69 2; 
ttag +70 3; 
ttag +71 3; 
ttag +72 6; 
ttag +73 4; 
ttag +74 2; 
ttag +75 3; 
ttag +76 2; 
ttag +77 6; 
ttag +78 10; 
ttag +79 2; 
ttag +80 3; 
ttag +81 7; 
ttag +82 2; 
ttag +83 1; 
ttag +84 1; 
tread
'Tree with tags' 
(0 (1 ((2 3 )(4 (6 ((5 ((11 (18 (19 20 )))(12 ((13 (15 (16 17 )))((14 (22 (23 (24 25 ))))(21 ((26 27 )((28 ((29 (30 31 ))((32 (33 34 ))(35 (36 (39 (37 38 )))))))((40 (41 (42 43 )))(47 (44 (45 46 ))))))))))))(7 (8 (9 10 ))))))))); 
ttag *!; 
ttag +0 ////; 
ttag +1 ////; 
ttag +2 ////; 
ttag +3 ////; 
ttag +4 ////; 
ttag +5 ////; 
ttag +6 ////; 
ttag +7 ////; 
ttag +8 ////; 
ttag +9 ////; 
ttag +10 ////; 
ttag +11 ////; 
ttag +12 ////; 
ttag +13 ////; 
ttag +14 ////; 
ttag +15 ////; 
ttag +16 ////; 
ttag +17 ////; 
ttag +18 ////; 
ttag +19 ////; 
ttag +20 ////; 
ttag +21 ////; 
ttag +22 ////; 
ttag +23 ////; 
ttag +24 ////; 
ttag +25 ////; 
ttag +26 ////; 
ttag +27 ////; 
ttag +28 ////; 
ttag +29 ////; 
ttag +30 ////; 
ttag +31 ////; 
ttag +32 ////; 
ttag +33 ////; 
ttag +34 ////; 
ttag +35 ////; 
ttag +36 ////; 
ttag +37 ////; 
ttag +38 ////; 
ttag +39 ////; 
ttag +40 ////; 
ttag +41 ////; 
ttag +42 ////; 
ttag +43 ////; 
ttag +44 ////; 
ttag +45 ////; 
ttag +46 ////; 
ttag +47 ////; 
ttag +48 ////; 
ttag +49 100/100/100/100/100; 
ttag +50 97/97/92/97/92; 
ttag +51 69/54/46/48/32; 
ttag +52 79/71/61/75/52; 
ttag +53 18/6/?/9/0; 
ttag +54 20/9/0/5/0; 
ttag +55 92/92/80/89/78; 
ttag +56 32/17/20/28/18; 
ttag +57 100/100/99/99/100; 
ttag +58 82/72/60/72/69; 
ttag +59 39/24/21/26/16; 
ttag +60 25/7/8/13/15; 
ttag +61 30/14/5/14/?; 
ttag +62 14/[5]/?/?/?; 
ttag +63 15/0/?/1/?; 
ttag +64 24/4/?/?/?; 
ttag +65 8/[12]/?/?/?; 
ttag +66 93/91/88/93/78; 
ttag +67 66/54/40/52/37; 
ttag +68 90/86/80/92/82; 
ttag +69 100/100/100/100/99; 
ttag +70 31/16/12/14/4; 
ttag +71 91/89/81/94/82; 
ttag +72 83/77/66/79/61; 
ttag +73 95/93/94/96/88; 
ttag +74 22/[31]/?/?/?; 
ttag +75 97/97/93/98/90; 
ttag +76 28/9/17/16/?; 
ttag +77 72/69/54/71/59; 
ttag +78 94/94/85/88/83; 
ttag +79 20/[3]/2/0/?; 
ttag +80 70/50/54/57/46; 
ttag +81 14/[31]/?/?/?; 
ttag +82 95/94/90/96/88; 
ttag +83 96/95/86/94/84; 
ttag +84 75/62/50/68/53; 
ttag +85 76/64/53/72/54; 
ttag +86 83/77/66/74/60; 
ttag +87 93/90/80/96/86; 
ttag +88 97/96/96/98/94; 
ttag +89 39/23/29/30/19; 
ttag +90 72/60/66/66/60; 
ttag +91 100/100/100/100/98; 
ttag +92 62/50/53/58/46; 
ttag +93 38/26/17/28/26; 
ttag +94 52/33/26/34/28; 
