tread
'Tree with tags' 
(0 (1 ((2 3 )(4 (5 (((6 7 )(8 (9 10 )))(11 ((12 13 )(14 (18 (15 16 17 )(19 20 ))(21 (22 (23 (24 25 ))(26 (27 (28 ((29 (30 31 ))(((32 (35 (36 (39 (37 38 )))))(33 34 ))(40 (41 (42 43 )))(45 (47 (44 46 ))))))))))))))))))); 
ttag *!; 
ttag +49 ???; 
ttag +50 3; 
ttag +51 6; 
ttag +52 10; 
ttag +53 1; 
ttag +54 4; 
ttag +55 1; 
ttag +56 2; 
ttag +57 10; 
ttag +58 2; 
ttag +59 1; 
ttag +60 3; 
ttag +61 3; 
ttag +62 1; 
ttag +63 5; 
ttag +64 3; 
ttag +65 3; 
ttag +66 2; 
ttag +67 4; 
ttag +68 4; 
ttag +69 4; 
ttag +70 1; 
ttag +71 6; 
ttag +72 4; 
ttag +73 3; 
ttag +74 4; 
ttag +75 6; 
ttag +76 2; 
ttag +77 6; 
ttag +78 3; 
ttag +79 2; 
ttag +80 4; 
ttag +81 4; 
ttag +82 1; 
ttag +83 4; 
ttag +84 1; 
ttag +85 2; 
ttag +86 7; 
ttag +87 1; 
ttag +88 1; 
ttag +89 4; 
tread
'Tree with tags' 
(0 (1 ((2 3 )(4 (5 (((6 7 )(8 (9 10 )))(11 ((12 13 )((14 ((15 (16 17 ))(18 (19 20 ))))(21 ((22 (26 (27 (28 ((29 (30 31 ))((((32 (35 (36 (39 (37 38 )))))(33 34 ))(40 (41 (42 43 ))))(45 (47 (44 46 )))))))))(23 (24 25 ))))))))))))); 
ttag *!; 
ttag +0 ////; 
ttag +1 ////; 
ttag +2 ////; 
ttag +3 ////; 
ttag +4 ////; 
ttag +5 ////; 
ttag +6 ////; 
ttag +7 ////; 
ttag +8 ////; 
ttag +9 ////; 
ttag +10 ////; 
ttag +11 ////; 
ttag +12 ////; 
ttag +13 ////; 
ttag +14 ////; 
ttag +15 ////; 
ttag +16 ////; 
ttag +17 ////; 
ttag +18 ////; 
ttag +19 ////; 
ttag +20 ////; 
ttag +21 ////; 
ttag +22 ////; 
ttag +23 ////; 
ttag +24 ////; 
ttag +25 ////; 
ttag +26 ////; 
ttag +27 ////; 
ttag +28 ////; 
ttag +29 ////; 
ttag +30 ////; 
ttag +31 ////; 
ttag +32 ////; 
ttag +33 ////; 
ttag +34 ////; 
ttag +35 ////; 
ttag +36 ////; 
ttag +37 ////; 
ttag +38 ////; 
ttag +39 ////; 
ttag +40 ////; 
ttag +41 ////; 
ttag +42 ////; 
ttag +43 ////; 
ttag +44 ////; 
ttag +45 ////; 
ttag +46 ////; 
ttag +47 ////; 
ttag +48 ////; 
ttag +49 100/100/100/100/100; 
ttag +50 76/62/63/66/63; 
ttag +51 96/95/94/97/92; 
ttag +52 98/98/95/99/98; 
ttag +53 37/17/13/16/15; 
ttag +54 96/96/90/94/92; 
ttag +55 33/13/14/12/11; 
ttag +56 50/30/25/32/27; 
ttag +57 100/100/96/100/98; 
ttag +58 88/88/86/88/88; 
ttag +59 33/20/14/28/13; 
ttag +60 72/66/55/76/51; 
ttag +61 60/55/40/63/42; 
ttag +62 27/5/12/8/4; 
ttag +63 54/50/38/47/31; 
ttag +64 99/99/95/98/96; 
ttag +65 85/83/77/85/71; 
ttag +66 15/[29]/?/?/?; 
ttag +67 43/18/30/24/26; 
ttag +68 98/97/97/95/97; 
ttag +69 76/73/67/70/62; 
ttag +70 33/3/?/4/?; 
ttag +71 88/85/78/91/82; 
ttag +72 94/93/89/96/86; 
ttag +73 93/91/84/93/90; 
ttag +74 72/61/47/52/54; 
ttag +75 93/92/78/88/80; 
ttag +76 92/90/77/89/77; 
ttag +77 88/84/76/86/68; 
ttag +78 90/88/77/90/68; 
ttag +79 99/99/92/98/93; 
ttag +80 58/45/42/53/39; 
ttag +81 93/91/81/92/78; 
ttag +82 25/6/4/7/4; 
ttag +83 83/79/63/76/54; 
ttag +84 58/36/38/41/40; 
ttag +85 73/66/58/74/59; 
ttag +86 64/51/40/62/38; 
ttag +87 40/28/14/35/16; 
ttag +88 66/54/42/64/42; 
ttag +89 42/15/12/12/14; 
ttag +90 51/24/22/24/24; 
ttag +91 100/100/98/99/99; 
ttag +92 38/23/20/20/21; 
ttag +93 28/12/3/6/3; 
ttag +94 86/84/74/85/75; 
