tread
'Tree with tags' 
(0 (1 ((2 3 )(4 5 ((6 7 )(8 (9 10 )))(11 12 13 14 21 (15 (16 17 ))(18 (19 20 ))(22 (23 (24 25 )))(26 27 28 ((((30 (29 31 ))(45 (44 46 47 )))((40 41 )(42 43 )))(32 (35 (33 34 )(36 37 (38 39 ))))))))))); 
ttag *!; 
ttag +49 ???; 
ttag +50 8; 
ttag +51 1; 
ttag +52 10; 
ttag +53 2; 
ttag +54 1; 
ttag +55 7; 
ttag +56 2; 
ttag +57 4; 
ttag +58 4; 
ttag +59 3; 
ttag +60 7; 
ttag +61 5; 
ttag +62 3; 
ttag +63 7; 
ttag +64 3; 
ttag +65 6; 
ttag +66 2; 
ttag +67 5; 
ttag +68 2; 
ttag +69 1; 
ttag +70 4; 
ttag +71 5; 
ttag +72 3; 
ttag +73 2; 
ttag +74 4; 
ttag +75 3; 
ttag +76 2; 
ttag +77 2; 
ttag +78 5; 
ttag +79 1; 
ttag +80 3; 
tread
'Tree with tags' 
(0 (1 ((2 3 )((4 5 )(((6 7 )(8 (9 10 )))(11 (((((12 13 )((15 (16 17 ))(18 (19 20 ))))(14 21 ))(26 (28 (27 ((((30 (29 31 ))(45 (47 (44 46 ))))((40 41 )(42 43 )))(32 ((33 34 )(35 (37 (36 (38 39 )))))))))))(22 (23 (24 25 )))))))))); 
ttag *!; 
ttag +0 ////; 
ttag +1 ////; 
ttag +2 ////; 
ttag +3 ////; 
ttag +4 ////; 
ttag +5 ////; 
ttag +6 ////; 
ttag +7 ////; 
ttag +8 ////; 
ttag +9 ////; 
ttag +10 ////; 
ttag +11 ////; 
ttag +12 ////; 
ttag +13 ////; 
ttag +14 ////; 
ttag +15 ////; 
ttag +16 ////; 
ttag +17 ////; 
ttag +18 ////; 
ttag +19 ////; 
ttag +20 ////; 
ttag +21 ////; 
ttag +22 ////; 
ttag +23 ////; 
ttag +24 ////; 
ttag +25 ////; 
ttag +26 ////; 
ttag +27 ////; 
ttag +28 ////; 
ttag +29 ////; 
ttag +30 ////; 
ttag +31 ////; 
ttag +32 ////; 
ttag +33 ////; 
ttag +34 ////; 
ttag +35 ////; 
ttag +36 ////; 
ttag +37 ////; 
ttag +38 ////; 
ttag +39 ////; 
ttag +40 ////; 
ttag +41 ////; 
ttag +42 ////; 
ttag +43 ////; 
ttag +44 ////; 
ttag +45 ////; 
ttag +46 ////; 
ttag +47 ////; 
ttag +48 ////; 
ttag +49 100/100/100/100/100; 
ttag +50 97/96/97/99/98; 
ttag +51 66/55/47/63/37; 
ttag +52 18/[22]/?/?/?; 
ttag +53 99/98/93/98/93; 
ttag +54 83/82/71/82/71; 
ttag +55 52/35/34/41/33; 
ttag +56 28/11/11/15/19; 
ttag +57 99/99/96/98/98; 
ttag +58 90/90/81/89/83; 
ttag +59 77/74/55/74/57; 
ttag +60 40/24/14/30/21; 
ttag +61 6/[19]/?/?/?; 
ttag +62 17/1/?/3/2; 
ttag +63 47/36/26/42/31; 
ttag +64 25/12/12/19/15; 
ttag +65 12/[14]/?/?/?; 
ttag +66 89/87/77/86/76; 
ttag +67 46/20/20/26/24; 
ttag +68 71/65/59/71/50; 
ttag +69 98/98/95/99/96; 
ttag +70 98/97/91/98/93; 
ttag +71 81/77/72/80/73; 
ttag +72 100/100/98/99/96; 
ttag +73 88/84/77/86/78; 
ttag +74 90/88/80/91/78; 
ttag +75 25/4/?/?/?; 
ttag +76 55/43/42/46/37; 
ttag +77 48/15/2/21/?; 
ttag +78 92/90/77/90/82; 
ttag +79 36/18/10/20/14; 
ttag +80 34/15/10/15/7; 
ttag +81 88/86/78/88/74; 
ttag +82 82/77/71/83/71; 
ttag +83 78/69/60/72/63; 
ttag +84 41/32/20/31/24; 
ttag +85 25/16/13/9/13; 
ttag +86 17/[20]/?/?/?; 
ttag +87 96/96/92/96/93; 
ttag +88 85/84/76/82/75; 
ttag +89 81/77/60/75/67; 
ttag +90 55/43/35/44/32; 
ttag +91 97/96/91/94/93; 
ttag +92 18/0/?/?/?; 
ttag +93 44/34/19/38/16; 
ttag +94 90/89/83/91/85; 
