tread
'Tree with tags' 
(0 (1 ((2 3 )(4 (5 ((6 (7 (8 (9 10 ))))(11 (12 13 (14 21 ((15 (16 17 ))(18 (19 20 )))((22 (23 (24 25 )))(28 46 (26 27 )(29 (30 31 ))(32 33 34 (35 36 (38 (37 39 ))))(40 (41 (42 43 )))(47 (44 45 ))))))))))))); 
ttag *!; 
ttag +49 ???; 
ttag +50 4; 
ttag +51 5; 
ttag +52 5; 
ttag +53 3; 
ttag +54 2; 
ttag +55 1; 
ttag +56 1; 
ttag +57 10; 
ttag +58 2; 
ttag +59 1; 
ttag +60 1; 
ttag +61 3; 
ttag +62 5; 
ttag +63 3; 
ttag +64 4; 
ttag +65 4; 
ttag +66 9; 
ttag +67 2; 
ttag +68 3; 
ttag +69 2; 
ttag +70 4; 
ttag +71 1; 
ttag +72 2; 
ttag +73 3; 
ttag +74 10; 
ttag +75 2; 
ttag +76 1; 
ttag +77 2; 
ttag +78 3; 
ttag +79 8; 
ttag +80 2; 
ttag +81 5; 
ttag +82 2; 
ttag +83 1; 
tread
'Tree with tags' 
(0 (1 ((2 3 )(4 (5 ((6 (7 (8 (9 10 ))))(11 ((12 13 )((14 ((15 (16 17 ))(18 (19 20 ))))(21 ((22 (23 (24 25 )))((46 (((26 27 )(28 (29 (30 31 ))))((40 (41 (42 43 )))(47 (44 45 )))))((32 ((35 36 )(38 (37 39 ))))(33 34 )))))))))))))); 
ttag *!; 
ttag +0 ////; 
ttag +1 ////; 
ttag +2 ////; 
ttag +3 ////; 
ttag +4 ////; 
ttag +5 ////; 
ttag +6 ////; 
ttag +7 ////; 
ttag +8 ////; 
ttag +9 ////; 
ttag +10 ////; 
ttag +11 ////; 
ttag +12 ////; 
ttag +13 ////; 
ttag +14 ////; 
ttag +15 ////; 
ttag +16 ////; 
ttag +17 ////; 
ttag +18 ////; 
ttag +19 ////; 
ttag +20 ////; 
ttag +21 ////; 
ttag +22 ////; 
ttag +23 ////; 
ttag +24 ////; 
ttag +25 ////; 
ttag +26 ////; 
ttag +27 ////; 
ttag +28 ////; 
ttag +29 ////; 
ttag +30 ////; 
ttag +31 ////; 
ttag +32 ////; 
ttag +33 ////; 
ttag +34 ////; 
ttag +35 ////; 
ttag +36 ////; 
ttag +37 ////; 
ttag +38 ////; 
ttag +39 ////; 
ttag +40 ////; 
ttag +41 ////; 
ttag +42 ////; 
ttag +43 ////; 
ttag +44 ////; 
ttag +45 ////; 
ttag +46 ////; 
ttag +47 ////; 
ttag +48 ////; 
ttag +49 100/100/100/100/100; 
ttag +50 93/90/88/91/90; 
ttag +51 94/93/88/92/74; 
ttag +52 95/94/78/93/78; 
ttag +53 82/79/67/77/65; 
ttag +54 53/38/34/34/28; 
ttag +55 36/15/9/26/18; 
ttag +56 39/[2]/?/?/?; 
ttag +57 100/100/93/98/93; 
ttag +58 56/26/22/34/24; 
ttag +59 40/34/27/38/32; 
ttag +60 7/[21]/?/?/?; 
ttag +61 60/51/30/49/32; 
ttag +62 20/[1]/3/5/6; 
ttag +63 58/51/40/55/34; 
ttag +64 98/97/94/96/91; 
ttag +65 71/69/45/68/49; 
ttag +66 81/73/70/77/72; 
ttag +67 87/84/81/86/74; 
ttag +68 100/100/100/100/99; 
ttag +69 20/[11]/?/?/3; 
ttag +70 65/58/59/65/52; 
ttag +71 67/61/50/65/48; 
ttag +72 68/59/60/62/56; 
ttag +73 88/84/76/90/81; 
ttag +74 53/37/31/38/27; 
ttag +75 21/[2]/?/?/?; 
ttag +76 9/[58]/?/?/?; 
ttag +77 29/5/?/14/10; 
ttag +78 84/78/71/73/71; 
ttag +79 22/4/0/?/?; 
ttag +80 75/71/64/69/63; 
ttag +81 100/100/100/100/99; 
ttag +82 17/1/1/12/11; 
ttag +83 92/91/84/92/82; 
ttag +84 27/[6]/8/8/20; 
ttag +85 26/[4]/11/0/10; 
ttag +86 34/20/11/25/19; 
ttag +87 77/71/71/82/62; 
ttag +88 68/59/58/72/58; 
ttag +89 99/98/94/99/97; 
ttag +90 6/[61]/?/?/?; 
ttag +91 65/38/35/57/33; 
ttag +92 100/100/96/98/94; 
ttag +93 59/48/43/51/45; 
ttag +94 47/36/33/34/30; 
