tread
'Tree with tags' 
(0 ((1 (2 3 ))(((11 ((4 5 )(6 7 )))(12 (13 ((14 ((15 (16 17 ))(18 (19 20 ))))(21 ((22 (23 (24 25 )))(((28 (26 27 ))((32 ((33 34 )(35 (36 (38 (37 39 ))))))((40 (41 (42 43 )))(44 45 (46 47 )))))(29 (30 31 )))))))))(8 (9 10 ))))); 
ttag *!; 
ttag +49 1; 
ttag +50 ???; 
ttag +51 7; 
ttag +52 1; 
ttag +53 1; 
ttag +54 1; 
ttag +55 2; 
ttag +56 4; 
ttag +57 1; 
ttag +58 9; 
ttag +59 1; 
ttag +60 4; 
ttag +61 1; 
ttag +62 3; 
ttag +63 1; 
ttag +64 11; 
ttag +65 1; 
ttag +66 1; 
ttag +67 1; 
ttag +68 9; 
ttag +69 1; 
ttag +70 4; 
ttag +71 1; 
ttag +72 2; 
ttag +73 9; 
ttag +74 3; 
ttag +75 2; 
ttag +76 1; 
ttag +77 8; 
ttag +78 2; 
ttag +79 3; 
ttag +80 5; 
ttag +81 2; 
ttag +82 5; 
ttag +83 1; 
ttag +84 5; 
ttag +85 6; 
ttag +86 1; 
ttag +87 7; 
ttag +88 8; 
ttag +89 4; 
ttag +90 4; 
ttag +91 9; 
ttag +92 5; 
ttag +93 2; 
tread
'Tree with tags' 
(0 ((1 (2 3 ))(((11 ((4 5 )(6 7 )))(12 (13 ((14 ((15 (16 17 ))(18 (19 20 ))))(21 ((22 (23 (24 25 )))(((28 (26 27 ))((32 ((33 34 )(35 (36 (38 (37 39 ))))))((40 (41 (42 43 )))((44 45 )(46 47 )))))(29 (30 31 )))))))))(8 (9 10 ))))); 
ttag *!; 
ttag +0 ////; 
ttag +1 ////; 
ttag +2 ////; 
ttag +3 ////; 
ttag +4 ////; 
ttag +5 ////; 
ttag +6 ////; 
ttag +7 ////; 
ttag +8 ////; 
ttag +9 ////; 
ttag +10 ////; 
ttag +11 ////; 
ttag +12 ////; 
ttag +13 ////; 
ttag +14 ////; 
ttag +15 ////; 
ttag +16 ////; 
ttag +17 ////; 
ttag +18 ////; 
ttag +19 ////; 
ttag +20 ////; 
ttag +21 ////; 
ttag +22 ////; 
ttag +23 ////; 
ttag +24 ////; 
ttag +25 ////; 
ttag +26 ////; 
ttag +27 ////; 
ttag +28 ////; 
ttag +29 ////; 
ttag +30 ////; 
ttag +31 ////; 
ttag +32 ////; 
ttag +33 ////; 
ttag +34 ////; 
ttag +35 ////; 
ttag +36 ////; 
ttag +37 ////; 
ttag +38 ////; 
ttag +39 ////; 
ttag +40 ////; 
ttag +41 ////; 
ttag +42 ////; 
ttag +43 ////; 
ttag +44 ////; 
ttag +45 ////; 
ttag +46 ////; 
ttag +47 ////; 
ttag +48 ////; 
ttag +49 48/8/?/6/?; 
ttag +50 100/100/100/100/100; 
ttag +51 98/98/94/97/96; 
ttag +52 34/20/16/10/9; 
ttag +53 3/[11]/?/?/?; 
ttag +54 10/[26]/?/?/?; 
ttag +55 74/63/48/61/48; 
ttag +56 91/88/76/88/78; 
ttag +57 42/30/29/28/27; 
ttag +58 99/99/100/100/99; 
ttag +59 44/20/15/14/16; 
ttag +60 78/76/68/74/58; 
ttag +61 26/12/12/9/10; 
ttag +62 49/31/15/37/14; 
ttag +63 22/8/13/11/12; 
ttag +64 100/100/100/100/100; 
ttag +65 22/[15]/?/?/?; 
ttag +66 60/42/30/39/30; 
ttag +67 55/37/25/36/26; 
ttag +68 100/100/100/100/100; 
ttag +69 22/4/?/5/?; 
ttag +70 77/73/49/76/51; 
ttag +71 29/6/?/?/1; 
ttag +72 65/46/25/50/30; 
ttag +73 99/99/96/99/98; 
ttag +74 55/34/32/30/31; 
ttag +75 35/8/3/2/5; 
ttag +76 19/[8]/?/?/?; 
ttag +77 94/94/83/96/80; 
ttag +78 54/46/35/40/32; 
ttag +79 70/62/59/63/56; 
ttag +80 90/87/82/88/75; 
ttag +81 36/17/33/19/15; 
ttag +82 95/94/89/94/84; 
ttag +83 38/22/23/29/26; 
ttag +84 88/83/76/89/78; 
ttag +85 88/84/81/92/80; 
ttag +86 55/46/41/46/36; 
ttag +87 96/94/88/96/93; 
ttag +88 98/98/98/99/96; 
ttag +89 68/60/44/61/42; 
ttag +90 89/85/72/82/68; 
ttag +91 99/99/100/99/99; 
ttag +92 19/[14]/?/?/?; 
ttag +93 86/83/78/89/77; 
ttag +94 59/45/40/56/42; 
