tread
'Tree with tags' 
(0 ((1 (2 3 ))(4 (11 ((5 (6 7 (8 (9 10 ))))(((12 13 )(21 ((22 (26 (27 (28 ((29 (30 31 ))((32 (35 (36 (33 34 )(37 38 39 ))))(46 47 (40 (41 (42 43 )))(44 45 ))))))))(23 (24 25 )))))(14 ((15 (16 17 ))(18 (19 20 )))))))))); 
ttag *!; 
ttag +49 2; 
ttag +50 ???; 
ttag +51 10; 
ttag +52 7; 
ttag +53 1; 
ttag +54 1; 
ttag +55 4; 
ttag +56 1; 
ttag +57 12; 
ttag +58 4; 
ttag +59 1; 
ttag +60 1; 
ttag +61 4; 
ttag +62 1; 
ttag +63 5; 
ttag +64 1; 
ttag +65 2; 
ttag +66 3; 
ttag +67 5; 
ttag +68 1; 
ttag +69 1; 
ttag +70 3; 
ttag +71 9; 
ttag +72 5; 
ttag +73 5; 
ttag +74 4; 
ttag +75 2; 
ttag +76 5; 
ttag +77 3; 
ttag +78 7; 
ttag +79 4; 
ttag +80 2; 
ttag +81 4; 
ttag +82 1; 
ttag +83 1; 
ttag +84 1; 
ttag +85 5; 
ttag +86 3; 
ttag +87 1; 
ttag +88 5; 
ttag +89 5; 
tread
'Tree with tags' 
(0 ((1 (2 3 ))(4 (11 ((5 ((6 7 )(8 (9 10 ))))(((12 13 )(21 ((22 (26 (27 (28 ((29 (30 31 ))((32 (35 ((33 34 )(36 (38 (37 39 ))))))((40 (41 (42 43 )))((44 45 )(46 47 )))))))))(23 (24 25 )))))(14 ((15 (16 17 ))(18 (19 20 )))))))))); 
ttag *!; 
ttag +0 ////; 
ttag +1 ////; 
ttag +2 ////; 
ttag +3 ////; 
ttag +4 ////; 
ttag +5 ////; 
ttag +6 ////; 
ttag +7 ////; 
ttag +8 ////; 
ttag +9 ////; 
ttag +10 ////; 
ttag +11 ////; 
ttag +12 ////; 
ttag +13 ////; 
ttag +14 ////; 
ttag +15 ////; 
ttag +16 ////; 
ttag +17 ////; 
ttag +18 ////; 
ttag +19 ////; 
ttag +20 ////; 
ttag +21 ////; 
ttag +22 ////; 
ttag +23 ////; 
ttag +24 ////; 
ttag +25 ////; 
ttag +26 ////; 
ttag +27 ////; 
ttag +28 ////; 
ttag +29 ////; 
ttag +30 ////; 
ttag +31 ////; 
ttag +32 ////; 
ttag +33 ////; 
ttag +34 ////; 
ttag +35 ////; 
ttag +36 ////; 
ttag +37 ////; 
ttag +38 ////; 
ttag +39 ////; 
ttag +40 ////; 
ttag +41 ////; 
ttag +42 ////; 
ttag +43 ////; 
ttag +44 ////; 
ttag +45 ////; 
ttag +46 ////; 
ttag +47 ////; 
ttag +48 ////; 
ttag +49 57/42/19/50/25; 
ttag +50 100/100/100/100/100; 
ttag +51 100/100/99/99/98; 
ttag +52 90/88/67/91/74; 
ttag +53 20/14/14/19/11; 
ttag +54 25/[6]/?/2/?; 
ttag +55 53/37/24/49/27; 
ttag +56 38/31/31/24/26; 
ttag +57 48/37/36/47/32; 
ttag +58 100/100/100/100/99; 
ttag +59 97/96/97/98/98; 
ttag +60 72/67/53/71/55; 
ttag +61 16/4/?/0/0; 
ttag +62 63/54/49/62/44; 
ttag +63 29/18/16/15/12; 
ttag +64 96/96/94/99/94; 
ttag +65 20/[1]/?/?/?; 
ttag +66 86/80/71/84/77; 
ttag +67 96/96/91/94/92; 
ttag +68 100/100/98/98/97; 
ttag +69 26/15/8/9/6; 
ttag +70 27/[16]/?/?/?; 
ttag +71 70/62/48/68/52; 
ttag +72 100/100/99/100/99; 
ttag +73 98/97/97/98/94; 
ttag +74 86/85/70/84/74; 
ttag +75 75/70/52/74/54; 
ttag +76 72/68/46/74/46; 
ttag +77 86/83/66/88/68; 
ttag +78 72/66/49/73/48; 
ttag +79 99/99/98/99/99; 
ttag +80 76/72/53/70/52; 
ttag +81 57/47/32/53/34; 
ttag +82 88/84/72/86/68; 
ttag +83 38/17/?/14/?; 
ttag +84 26/4/?/8/?; 
ttag +85 34/14/14/8/18; 
ttag +86 27/[3]/1/7/7; 
ttag +87 68/51/51/61/52; 
ttag +88 80/72/63/74/60; 
ttag +89 83/78/64/68/60; 
ttag +90 40/16/7/20/8; 
ttag +91 94/93/89/92/88; 
ttag +92 99/99/97/99/96; 
ttag +93 47/19/21/34/42; 
ttag +94 10/[16]/?/?/?; 
