tread
'Tree with tags' 
(0 (1 ((2 3 )(4 5 11 14 21 (6 7 (8 (9 10 )))(12 13 )((15 16 17 )(18 (19 20 )))(22 (23 (24 25 ))(26 27 (28 ((29 (30 31 ))(32 (35 (33 34 )(36 (37 38 39 ))))((40 (41 (42 43 )))(44 45 46 47 )))))))))); 
ttag *!; 
ttag +49 ???; 
ttag +50 3; 
ttag +51 3; 
ttag +52 6; 
ttag +53 1; 
ttag +54 4; 
ttag +55 4; 
ttag +56 3; 
ttag +57 4; 
ttag +58 1; 
ttag +59 6; 
ttag +60 11; 
ttag +61 1; 
ttag +62 5; 
ttag +63 5; 
ttag +64 5; 
ttag +65 2; 
ttag +66 3; 
ttag +67 5; 
ttag +68 4; 
ttag +69 3; 
ttag +70 3; 
ttag +71 1; 
ttag +72 3; 
ttag +73 3; 
ttag +74 3; 
ttag +75 3; 
ttag +76 3; 
ttag +77 7; 
ttag +78 1; 
tread
'Tree with tags' 
(0 (1 ((2 3 )(((((21 (4 5 ))(11 ((22 (26 (27 (28 (((29 (30 31 ))((40 (41 (42 43 )))(46 (47 (44 45 )))))(32 (35 ((33 34 )(36 (37 (38 39 )))))))))))(23 (24 25 )))))(12 13 ))(14 ((15 (16 17 ))(18 (19 20 )))))(6 (7 (8 (9 10 )))))))); 
ttag *!; 
ttag +0 ////; 
ttag +1 ////; 
ttag +2 ////; 
ttag +3 ////; 
ttag +4 ////; 
ttag +5 ////; 
ttag +6 ////; 
ttag +7 ////; 
ttag +8 ////; 
ttag +9 ////; 
ttag +10 ////; 
ttag +11 ////; 
ttag +12 ////; 
ttag +13 ////; 
ttag +14 ////; 
ttag +15 ////; 
ttag +16 ////; 
ttag +17 ////; 
ttag +18 ////; 
ttag +19 ////; 
ttag +20 ////; 
ttag +21 ////; 
ttag +22 ////; 
ttag +23 ////; 
ttag +24 ////; 
ttag +25 ////; 
ttag +26 ////; 
ttag +27 ////; 
ttag +28 ////; 
ttag +29 ////; 
ttag +30 ////; 
ttag +31 ////; 
ttag +32 ////; 
ttag +33 ////; 
ttag +34 ////; 
ttag +35 ////; 
ttag +36 ////; 
ttag +37 ////; 
ttag +38 ////; 
ttag +39 ////; 
ttag +40 ////; 
ttag +41 ////; 
ttag +42 ////; 
ttag +43 ////; 
ttag +44 ////; 
ttag +45 ////; 
ttag +46 ////; 
ttag +47 ////; 
ttag +48 ////; 
ttag +49 100/100/100/100/100; 
ttag +50 93/92/80/94/82; 
ttag +51 90/85/73/87/74; 
ttag +52 24/12/8/16/10; 
ttag +53 4/[8]/?/?/?; 
ttag +54 10/[2]/?/?/?; 
ttag +55 26/13/3/19/2; 
ttag +56 32/15/8/21/6; 
ttag +57 96/96/88/94/86; 
ttag +58 78/72/60/73/65; 
ttag +59 45/40/22/32/28; 
ttag +60 91/88/82/90/78; 
ttag +61 90/86/72/82/72; 
ttag +62 33/23/14/25/19; 
ttag +63 79/71/72/79/74; 
ttag +64 34/19/19/17/10; 
ttag +65 86/79/81/88/87; 
ttag +66 67/49/46/56/40; 
ttag +67 26/[17]/?/?/?; 
ttag +68 100/100/99/100/98; 
ttag +69 100/100/100/100/100; 
ttag +70 30/[12]/?/?/?; 
ttag +71 47/39/31/45/34; 
ttag +72 100/100/93/99/96; 
ttag +73 99/98/96/100/98; 
ttag +74 95/94/86/94/82; 
ttag +75 54/36/50/53/34; 
ttag +76 86/85/72/84/77; 
ttag +77 90/87/76/88/72; 
ttag +78 37/22/4/28/6; 
ttag +79 93/92/90/96/92; 
ttag +80 95/93/88/92/86; 
ttag +81 77/74/60/77/64; 
ttag +82 73/55/31/54/30; 
ttag +83 32/18/5/16/6; 
ttag +84 54/42/35/50/31; 
ttag +85 81/72/58/71/57; 
ttag +86 83/79/74/83/78; 
ttag +87 41/14/8/12/11; 
ttag +88 66/51/35/62/39; 
ttag +89 77/72/60/76/58; 
ttag +90 85/79/75/86/74; 
ttag +91 100/100/100/100/100; 
ttag +92 22/[2]/?/1/11; 
ttag +93 57/48/40/38/46; 
ttag +94 57/50/52/61/37; 
