tread
'Tree with tags' 
(0 (1 ((2 3 )(4 (5 (11 14 21 (6 7 )((8 (9 10 ))(12 13 ))((15 (16 17 ))(18 (19 20 )))((22 (23 (24 25 )))(26 ((27 28 )((29 (30 31 ))((32 ((33 34 )(35 (36 (39 (37 38 ))))))(((40 41 )(42 43 ))(45 (44 (46 47 ))))))))))))))); 
ttag *!; 
ttag +49 ???; 
ttag +50 3; 
ttag +51 5; 
ttag +52 9; 
ttag +53 2; 
ttag +54 1; 
ttag +55 1; 
ttag +56 3; 
ttag +57 1; 
ttag +58 4; 
ttag +59 3; 
ttag +60 6; 
ttag +61 1; 
ttag +62 1; 
ttag +63 2; 
ttag +64 6; 
ttag +65 4; 
ttag +66 1; 
ttag +67 9; 
ttag +68 2; 
ttag +69 4; 
ttag +70 1; 
ttag +71 4; 
ttag +72 2; 
ttag +73 1; 
ttag +74 8; 
ttag +75 5; 
ttag +76 4; 
ttag +77 4; 
ttag +78 1; 
ttag +79 4; 
ttag +80 3; 
ttag +81 1; 
ttag +82 4; 
ttag +83 1; 
ttag +84 5; 
ttag +85 3; 
ttag +86 8; 
ttag +87 1; 
ttag +88 4; 
ttag +89 1; 
tread
'Tree with tags' 
(0 (1 ((2 3 )(4 (5 ((6 7 )(11 (((8 (9 10 ))(12 13 ))(14 ((21 ((15 (16 17 ))(18 (19 20 ))))((22 (23 (24 25 )))(26 ((27 28 )((29 (30 31 ))((32 ((33 34 )(35 (36 (39 (37 38 ))))))(((40 41 )(42 43 ))(45 (44 (46 47 ))))))))))))))))))); 
ttag *!; 
ttag +0 ////; 
ttag +1 ////; 
ttag +2 ////; 
ttag +3 ////; 
ttag +4 ////; 
ttag +5 ////; 
ttag +6 ////; 
ttag +7 ////; 
ttag +8 ////; 
ttag +9 ////; 
ttag +10 ////; 
ttag +11 ////; 
ttag +12 ////; 
ttag +13 ////; 
ttag +14 ////; 
ttag +15 ////; 
ttag +16 ////; 
ttag +17 ////; 
ttag +18 ////; 
ttag +19 ////; 
ttag +20 ////; 
ttag +21 ////; 
ttag +22 ////; 
ttag +23 ////; 
ttag +24 ////; 
ttag +25 ////; 
ttag +26 ////; 
ttag +27 ////; 
ttag +28 ////; 
ttag +29 ////; 
ttag +30 ////; 
ttag +31 ////; 
ttag +32 ////; 
ttag +33 ////; 
ttag +34 ////; 
ttag +35 ////; 
ttag +36 ////; 
ttag +37 ////; 
ttag +38 ////; 
ttag +39 ////; 
ttag +40 ////; 
ttag +41 ////; 
ttag +42 ////; 
ttag +43 ////; 
ttag +44 ////; 
ttag +45 ////; 
ttag +46 ////; 
ttag +47 ////; 
ttag +48 ////; 
ttag +49 100/100/100/100/100; 
ttag +50 64/43/24/41/28; 
ttag +51 90/87/77/89/81; 
ttag +52 99/99/94/98/94; 
ttag +53 45/26/15/26/19; 
ttag +54 34/29/28/34/26; 
ttag +55 23/4/?/9/0; 
ttag +56 78/75/66/81/71; 
ttag +57 7/[8]/?/?/?; 
ttag +58 2/[16]/?/?/?; 
ttag +59 9/[9]/?/?/?; 
ttag +60 89/88/83/91/88; 
ttag +61 69/59/54/68/50; 
ttag +62 12/[6]/?/?/?; 
ttag +63 99/99/98/99/95; 
ttag +64 52/36/28/37/31; 
ttag +65 15/[3]/?/?/?; 
ttag +66 3/[15]/?/?/?; 
ttag +67 47/9/?/11/3; 
ttag +68 81/74/63/78/70; 
ttag +69 99/99/96/99/98; 
ttag +70 70/61/54/68/53; 
ttag +71 30/20/12/23/15; 
ttag +72 98/97/97/99/99; 
ttag +73 86/80/77/86/77; 
ttag +74 92/90/80/91/83; 
ttag +75 44/7/4/?/?; 
ttag +76 93/91/85/92/87; 
ttag +77 73/64/58/69/56; 
ttag +78 70/62/58/66/55; 
ttag +79 98/98/96/98/96; 
ttag +80 80/73/55/78/59; 
ttag +81 83/78/68/80/64; 
ttag +82 67/45/25/49/32; 
ttag +83 37/15/?/15/9; 
ttag +84 89/87/74/91/81; 
ttag +85 88/86/70/86/74; 
ttag +86 56/35/22/29/20; 
ttag +87 89/86/74/86/77; 
ttag +88 27/0/?/?/?; 
ttag +89 76/70/60/72/49; 
ttag +90 58/38/12/26/12; 
ttag +91 98/98/99/100/96; 
ttag +92 16/[19]/?/?/?; 
ttag +93 87/82/76/86/71; 
ttag +94 38/14/11/21/?; 
