tread
'Tree with tags' 
(0 (1 ((2 3 )((4 5 (6 7 )(8 (9 10 )))(11 (13 (12 ((14 (22 (23 (24 25 ))))(21 ((15 (16 17 ))(18 (19 20 )))(26 27 (28 (29 30 31 )(32 ((33 34 )(35 (36 (39 (37 38 ))))))(44 46 ((40 (41 (42 43 )))(45 47 )))))))))))))); 
ttag *!; 
ttag +49 ???; 
ttag +50 1; 
ttag +51 1; 
ttag +52 2; 
ttag +53 5; 
ttag +54 1; 
ttag +55 12; 
ttag +56 2; 
ttag +57 1; 
ttag +58 3; 
ttag +59 2; 
ttag +60 1; 
ttag +61 4; 
ttag +62 11; 
ttag +63 3; 
ttag +64 1; 
ttag +65 1; 
ttag +66 3; 
ttag +67 8; 
ttag +68 2; 
ttag +69 5; 
ttag +70 4; 
ttag +71 9; 
ttag +72 2; 
ttag +73 3; 
ttag +74 8; 
ttag +75 7; 
ttag +76 2; 
ttag +77 3; 
ttag +78 4; 
ttag +79 1; 
ttag +80 3; 
ttag +81 4; 
ttag +82 1; 
ttag +83 2; 
ttag +84 4; 
ttag +85 6; 
ttag +86 1; 
tread
'Tree with tags' 
(0 (1 ((2 3 )(((5 (4 (6 7 )))(8 (9 10 )))(11 (13 (12 ((14 (22 (23 (24 25 ))))(21 (((15 (16 17 ))(18 (19 20 )))(26 (27 ((28 (30 (29 31 )))((32 ((33 34 )(35 (36 (39 (37 38 ))))))(46 (44 ((40 (41 (42 43 )))(45 47 )))))))))))))))))); 
ttag *!; 
ttag +0 ////; 
ttag +1 ////; 
ttag +2 ////; 
ttag +3 ////; 
ttag +4 ////; 
ttag +5 ////; 
ttag +6 ////; 
ttag +7 ////; 
ttag +8 ////; 
ttag +9 ////; 
ttag +10 ////; 
ttag +11 ////; 
ttag +12 ////; 
ttag +13 ////; 
ttag +14 ////; 
ttag +15 ////; 
ttag +16 ////; 
ttag +17 ////; 
ttag +18 ////; 
ttag +19 ////; 
ttag +20 ////; 
ttag +21 ////; 
ttag +22 ////; 
ttag +23 ////; 
ttag +24 ////; 
ttag +25 ////; 
ttag +26 ////; 
ttag +27 ////; 
ttag +28 ////; 
ttag +29 ////; 
ttag +30 ////; 
ttag +31 ////; 
ttag +32 ////; 
ttag +33 ////; 
ttag +34 ////; 
ttag +35 ////; 
ttag +36 ////; 
ttag +37 ////; 
ttag +38 ////; 
ttag +39 ////; 
ttag +40 ////; 
ttag +41 ////; 
ttag +42 ////; 
ttag +43 ////; 
ttag +44 ////; 
ttag +45 ////; 
ttag +46 ////; 
ttag +47 ////; 
ttag +48 ////; 
ttag +49 100/100/100/100/100; 
ttag +50 65/49/50/52/47; 
ttag +51 78/65/56/64/54; 
ttag +52 12/[22]/?/?/?; 
ttag +53 24/8/8/11/15; 
ttag +54 49/39/23/33/23; 
ttag +55 94/93/91/93/91; 
ttag +56 46/32/36/32/22; 
ttag +57 100/100/100/100/100; 
ttag +58 68/50/35/45/24; 
ttag +59 23/[9]/?/?/?; 
ttag +60 50/38/30/51/37; 
ttag +61 60/46/31/49/36; 
ttag +62 25/[14]/?/?/?; 
ttag +63 79/76/67/81/66; 
ttag +64 100/100/100/100/100; 
ttag +65 68/62/52/67/59; 
ttag +66 20/[19]/?/?/?; 
ttag +67 21/[18]/?/?/?; 
ttag +68 50/22/20/27/21; 
ttag +69 84/79/71/80/70; 
ttag +70 99/99/99/100/98; 
ttag +71 58/46/47/44/41; 
ttag +72 94/93/82/90/89; 
ttag +73 96/93/88/94/90; 
ttag +74 97/97/95/99/94; 
ttag +75 30/[15]/?/?/?; 
ttag +76 15/[10]/?/?/?; 
ttag +77 55/40/26/44/31; 
ttag +78 28/[3]/?/2/?; 
ttag +79 76/70/61/72/65; 
ttag +80 99/99/96/99/97; 
ttag +81 33/16/17/20/16; 
ttag +82 98/96/92/97/92; 
ttag +83 61/48/33/50/34; 
ttag +84 72/66/52/68/51; 
ttag +85 89/87/77/82/75; 
ttag +86 48/30/31/38/21; 
ttag +87 81/78/70/77/64; 
ttag +88 92/90/86/87/81; 
ttag +89 13/[8]/?/?/?; 
ttag +90 21/0/0/?/?; 
ttag +91 83/78/74/72/74; 
ttag +92 96/96/90/92/89; 
ttag +93 99/99/95/98/95; 
ttag +94 31/9/15/12/14; 
