tread
'Tree with tags' 
(0 (1 (4 5 (2 3 )(6 7 (8 (9 10 )))((11 12 )(13 (21 (14 ((15 16 17 )(18 (19 20 ))))(26 27 (22 (23 (24 25 )))(28 (29 (30 31 ))(32 ((33 34 )(35 (36 (37 (38 39 ))))))(44 45 (46 47 (40 (41 (42 43 ))))))))))))); 
ttag *!; 
ttag +49 ???; 
ttag +50 5; 
ttag +51 3; 
ttag +52 1; 
ttag +53 10; 
ttag +54 3; 
ttag +55 1; 
ttag +56 1; 
ttag +57 1; 
ttag +58 2; 
ttag +59 1; 
ttag +60 2; 
ttag +61 4; 
ttag +62 6; 
ttag +63 14; 
ttag +64 5; 
ttag +65 1; 
ttag +66 4; 
ttag +67 7; 
ttag +68 1; 
ttag +69 6; 
ttag +70 3; 
ttag +71 5; 
ttag +72 4; 
ttag +73 3; 
ttag +74 5; 
ttag +75 6; 
ttag +76 5; 
ttag +77 2; 
ttag +78 6; 
ttag +79 1; 
ttag +80 2; 
ttag +81 3; 
ttag +82 11; 
tread
'Tree with tags' 
(0 (1 ((2 3 )(4 (5 ((6 (7 (8 (9 10 ))))((11 12 )(13 ((14 ((15 (16 17 ))(18 (19 20 ))))(21 (((22 (23 (24 25 )))(26 27 ))((28 ((29 (30 31 ))(44 (45 (46 (47 (40 (41 (42 43 )))))))))(32 ((33 34 )(35 (36 (37 (38 39 )))))))))))))))))); 
ttag *!; 
ttag +0 ////; 
ttag +1 ////; 
ttag +2 ////; 
ttag +3 ////; 
ttag +4 ////; 
ttag +5 ////; 
ttag +6 ////; 
ttag +7 ////; 
ttag +8 ////; 
ttag +9 ////; 
ttag +10 ////; 
ttag +11 ////; 
ttag +12 ////; 
ttag +13 ////; 
ttag +14 ////; 
ttag +15 ////; 
ttag +16 ////; 
ttag +17 ////; 
ttag +18 ////; 
ttag +19 ////; 
ttag +20 ////; 
ttag +21 ////; 
ttag +22 ////; 
ttag +23 ////; 
ttag +24 ////; 
ttag +25 ////; 
ttag +26 ////; 
ttag +27 ////; 
ttag +28 ////; 
ttag +29 ////; 
ttag +30 ////; 
ttag +31 ////; 
ttag +32 ////; 
ttag +33 ////; 
ttag +34 ////; 
ttag +35 ////; 
ttag +36 ////; 
ttag +37 ////; 
ttag +38 ////; 
ttag +39 ////; 
ttag +40 ////; 
ttag +41 ////; 
ttag +42 ////; 
ttag +43 ////; 
ttag +44 ////; 
ttag +45 ////; 
ttag +46 ////; 
ttag +47 ////; 
ttag +48 ////; 
ttag +49 100/100/100/100/100; 
ttag +50 96/93/90/95/92; 
ttag +51 91/89/84/93/89; 
ttag +52 58/27/35/36/12; 
ttag +53 14/[8]/?/?/?; 
ttag +54 46/35/33/37/33; 
ttag +55 14/[9]/?/?/?; 
ttag +56 18/[4]/?/?/?; 
ttag +57 100/100/100/100/99; 
ttag +58 96/95/94/97/91; 
ttag +59 35/22/14/21/19; 
ttag +60 38/30/20/33/27; 
ttag +61 29/16/8/17/10; 
ttag +62 74/71/59/73/61; 
ttag +63 48/38/29/37/24; 
ttag +64 78/73/62/71/51; 
ttag +65 83/77/68/77/67; 
ttag +66 46/4/1/6/0; 
ttag +67 98/98/98/100/96; 
ttag +68 100/100/100/100/100; 
ttag +69 31/21/16/11/12; 
ttag +70 92/90/76/88/81; 
ttag +71 14/[27]/?/?/?; 
ttag +72 73/68/58/70/59; 
ttag +73 94/92/87/91/80; 
ttag +74 98/98/97/100/97; 
ttag +75 69/60/55/56/62; 
ttag +76 19/[12]/?/?/?; 
ttag +77 42/11/24/18/14; 
ttag +78 96/96/92/97/92; 
ttag +79 28/2/?/?/?; 
ttag +80 92/88/80/85/84; 
ttag +81 95/94/88/95/85; 
ttag +82 90/88/81/92/87; 
ttag +83 79/76/59/79/57; 
ttag +84 85/80/74/86/67; 
ttag +85 96/96/86/94/88; 
ttag +86 92/88/86/92/85; 
ttag +87 80/74/65/80/60; 
ttag +88 94/92/86/95/84; 
ttag +89 10/[17]/?/?/?; 
ttag +90 37/12/5/6/?; 
ttag +91 28/3/?/?/?; 
ttag +92 78/73/63/71/56; 
ttag +93 92/91/91/92/86; 
ttag +94 100/100/99/100/99; 
