tread
'Tree with tags' 
(0 (1 ((2 3 )(4 (((5 (10 (8 9 )))(6 7 ))(11 (((12 13 )(14 (21 ((22 (23 (24 25 )))(26 (27 (28 ((29 (30 31 ))(((32 (33 34 ))(35 36 (37 (38 39 ))))((40 (41 (42 43 )))(47 (45 (44 46 )))))))))))))((15 (16 17 ))(18 (19 20 )))))))))); 
ttag *!; 
ttag +49 ???; 
ttag +50 2; 
ttag +51 7; 
ttag +52 11; 
ttag +53 1; 
ttag +54 1; 
ttag +55 2; 
ttag +56 2; 
ttag +57 2; 
ttag +58 7; 
ttag +59 1; 
ttag +60 2; 
ttag +61 1; 
ttag +62 3; 
ttag +63 2; 
ttag +64 6; 
ttag +65 6; 
ttag +66 4; 
ttag +67 5; 
ttag +68 11; 
ttag +69 2; 
ttag +70 5; 
ttag +71 4; 
ttag +72 5; 
ttag +73 5; 
ttag +74 2; 
ttag +75 1; 
ttag +76 1; 
ttag +77 5; 
ttag +78 1; 
ttag +79 3; 
ttag +80 1; 
ttag +81 6; 
ttag +82 2; 
ttag +83 3; 
ttag +84 1; 
ttag +85 4; 
ttag +86 2; 
ttag +87 7; 
ttag +88 1; 
ttag +89 1; 
ttag +90 9; 
ttag +91 1; 
ttag +92 1; 
ttag +93 1; 
tread
'Tree with tags' 
(0 (1 ((2 3 )(4 (((5 (10 (8 9 )))(6 7 ))(11 (((12 13 )(14 (21 ((22 (23 (24 25 )))(26 (27 (28 ((29 (30 31 ))(((32 (33 34 ))((35 36 )(37 (38 39 ))))((40 (41 (42 43 )))(47 (45 (44 46 )))))))))))))((15 (16 17 ))(18 (19 20 )))))))))); 
ttag *!; 
ttag +0 ////; 
ttag +1 ////; 
ttag +2 ////; 
ttag +3 ////; 
ttag +4 ////; 
ttag +5 ////; 
ttag +6 ////; 
ttag +7 ////; 
ttag +8 ////; 
ttag +9 ////; 
ttag +10 ////; 
ttag +11 ////; 
ttag +12 ////; 
ttag +13 ////; 
ttag +14 ////; 
ttag +15 ////; 
ttag +16 ////; 
ttag +17 ////; 
ttag +18 ////; 
ttag +19 ////; 
ttag +20 ////; 
ttag +21 ////; 
ttag +22 ////; 
ttag +23 ////; 
ttag +24 ////; 
ttag +25 ////; 
ttag +26 ////; 
ttag +27 ////; 
ttag +28 ////; 
ttag +29 ////; 
ttag +30 ////; 
ttag +31 ////; 
ttag +32 ////; 
ttag +33 ////; 
ttag +34 ////; 
ttag +35 ////; 
ttag +36 ////; 
ttag +37 ////; 
ttag +38 ////; 
ttag +39 ////; 
ttag +40 ////; 
ttag +41 ////; 
ttag +42 ////; 
ttag +43 ////; 
ttag +44 ////; 
ttag +45 ////; 
ttag +46 ////; 
ttag +47 ////; 
ttag +48 ////; 
ttag +49 100/100/100/100/100; 
ttag +50 84/78/72/80/72; 
ttag +51 96/94/89/97/88; 
ttag +52 99/99/96/99/97; 
ttag +53 12/[2]/?/4/?; 
ttag +54 20/7/5/12/2; 
ttag +55 59/50/35/51/40; 
ttag +56 64/56/42/53/44; 
ttag +57 60/50/40/64/53; 
ttag +58 99/99/97/99/99; 
ttag +59 34/21/16/24/16; 
ttag +60 56/44/49/53/45; 
ttag +61 30/13/4/10/4; 
ttag +62 68/64/51/67/53; 
ttag +63 42/35/16/30/18; 
ttag +64 99/98/94/99/94; 
ttag +65 96/96/86/93/90; 
ttag +66 92/91/88/94/90; 
ttag +67 93/91/80/86/83; 
ttag +68 100/100/100/100/100; 
ttag +69 45/39/17/33/21; 
ttag +70 88/86/74/90/76; 
ttag +71 67/58/38/52/36; 
ttag +72 77/72/51/66/50; 
ttag +73 88/84/72/84/82; 
ttag +74 60/49/27/56/36; 
ttag +75 34/15/0/19/?; 
ttag +76 46/35/12/37/19; 
ttag +77 90/88/82/95/87; 
ttag +78 42/25/11/35/10; 
ttag +79 87/82/75/87/73; 
ttag +80 25/[6]/?/?/2; 
ttag +81 94/93/90/97/90; 
ttag +82 56/45/26/51/35; 
ttag +83 90/87/82/94/83; 
ttag +84 16/0/?/?/?; 
ttag +85 65/54/42/51/40; 
ttag +86 96/94/89/96/89; 
ttag +87 78/70/66/76/66; 
ttag +88 96/95/92/97/94; 
ttag +89 41/22/23/38/30; 
ttag +90 48/28/11/36/20; 
ttag +91 99/99/100/100/100; 
ttag +92 40/16/15/27/18; 
ttag +93 38/15/19/31/23; 
ttag +94 56/46/50/40/46; 
