tread
'Tree with tags' 
(0 (1 ((2 3 )(4 5 11 12 13 (6 7 )(8 (9 10 ))((14 ((17 (15 16 ))(18 (19 20 ))))(21 ((22 (23 (24 25 )))(26 (27 (28 ((((29 (30 31 ))((35 (32 33 34 ))(36 (37 (38 39 )))))(45 (47 (44 46 ))))(40 (41 (42 43 )))))))))))))); 
ttag *!; 
ttag +49 ???; 
ttag +50 5; 
ttag +51 5; 
ttag +52 4; 
ttag +53 2; 
ttag +54 9; 
ttag +55 5; 
ttag +56 1; 
ttag +57 1; 
ttag +58 1; 
ttag +59 4; 
ttag +60 2; 
ttag +61 7; 
ttag +62 9; 
ttag +63 1; 
ttag +64 4; 
ttag +65 3; 
ttag +66 8; 
ttag +67 9; 
ttag +68 6; 
ttag +69 3; 
ttag +70 4; 
ttag +71 8; 
ttag +72 2; 
ttag +73 2; 
ttag +74 4; 
ttag +75 8; 
ttag +76 2; 
ttag +77 1; 
ttag +78 6; 
ttag +79 5; 
ttag +80 9; 
ttag +81 2; 
ttag +82 3; 
ttag +83 2; 
ttag +84 2; 
ttag +85 1; 
ttag +86 1; 
ttag +87 3; 
tread
'Tree with tags' 
(0 (1 ((2 3 )(13 (5 (4 ((6 7 )((8 (9 10 ))(11 (12 ((14 ((17 (15 16 ))(18 (19 20 ))))(21 ((22 (23 (24 25 )))(26 (27 (28 ((((29 (30 31 ))((35 (34 (32 33 )))(36 (37 (38 39 )))))(45 (47 (44 46 ))))(40 (41 (42 43 )))))))))))))))))))); 
ttag *!; 
ttag +0 ////; 
ttag +1 ////; 
ttag +2 ////; 
ttag +3 ////; 
ttag +4 ////; 
ttag +5 ////; 
ttag +6 ////; 
ttag +7 ////; 
ttag +8 ////; 
ttag +9 ////; 
ttag +10 ////; 
ttag +11 ////; 
ttag +12 ////; 
ttag +13 ////; 
ttag +14 ////; 
ttag +15 ////; 
ttag +16 ////; 
ttag +17 ////; 
ttag +18 ////; 
ttag +19 ////; 
ttag +20 ////; 
ttag +21 ////; 
ttag +22 ////; 
ttag +23 ////; 
ttag +24 ////; 
ttag +25 ////; 
ttag +26 ////; 
ttag +27 ////; 
ttag +28 ////; 
ttag +29 ////; 
ttag +30 ////; 
ttag +31 ////; 
ttag +32 ////; 
ttag +33 ////; 
ttag +34 ////; 
ttag +35 ////; 
ttag +36 ////; 
ttag +37 ////; 
ttag +38 ////; 
ttag +39 ////; 
ttag +40 ////; 
ttag +41 ////; 
ttag +42 ////; 
ttag +43 ////; 
ttag +44 ////; 
ttag +45 ////; 
ttag +46 ////; 
ttag +47 ////; 
ttag +48 ////; 
ttag +49 100/100/100/100/100; 
ttag +50 94/93/93/96/90; 
ttag +51 96/95/94/98/90; 
ttag +52 4/[17]/?/?/?; 
ttag +53 20/[2]/?/?/?; 
ttag +54 94/93/87/91/88; 
ttag +55 69/65/55/65/56; 
ttag +56 5/[14]/?/?/?; 
ttag +57 98/98/97/98/97; 
ttag +58 6/[14]/?/?/?; 
ttag +59 100/100/98/98/98; 
ttag +60 4/[10]/?/?/?; 
ttag +61 2/[12]/?/?/?; 
ttag +62 25/19/8/20/5; 
ttag +63 19/6/1/18/3; 
ttag +64 45/27/21/28/20; 
ttag +65 78/75/59/80/64; 
ttag +66 46/33/26/40/24; 
ttag +67 98/98/96/98/98; 
ttag +68 100/100/100/99/99; 
ttag +69 12/0/?/5/?; 
ttag +70 88/84/81/88/77; 
ttag +71 46/33/30/39/25; 
ttag +72 91/86/84/92/84; 
ttag +73 99/99/98/100/98; 
ttag +74 82/79/67/82/66; 
ttag +75 67/54/34/51/51; 
ttag +76 66/57/49/50/50; 
ttag +77 96/94/87/97/91; 
ttag +78 17/[14]/?/?/?; 
ttag +79 17/[14]/?/?/?; 
ttag +80 75/66/52/72/56; 
ttag +81 99/99/99/100/98; 
ttag +82 19/[2]/?/?/?; 
ttag +83 47/39/30/48/26; 
ttag +84 47/34/26/37/32; 
ttag +85 94/92/82/92/82; 
ttag +86 96/95/91/97/84; 
ttag +87 100/100/99/100/98; 
ttag +88 86/80/70/76/64; 
ttag +89 72/63/60/74/52; 
ttag +90 48/22/12/20/14; 
ttag +91 84/81/77/86/80; 
ttag +92 39/32/29/31/25; 
ttag +93 18/[4]/?/?/?; 
ttag +94 80/72/57/69/60; 
