tread
'Tree with tags' 
(0 (1 ((2 3 )(4 (5 ((6 7 )(8 (9 10 ))(11 ((12 13 )(14 ((15 (16 17 ))(18 (19 20 )))(21 ((22 (23 (24 25 )))(26 (27 (28 ((29 (30 31 ))(((32 (33 34 ))(35 (36 (37 38 39 ))))((41 (40 (42 43 )))(45 47 (44 46 ))))))))))))))))))); 
ttag *!; 
ttag +49 ???; 
ttag +50 4; 
ttag +51 5; 
ttag +52 7; 
ttag +53 1; 
ttag +54 2; 
ttag +55 1; 
ttag +56 9; 
ttag +57 4; 
ttag +58 1; 
ttag +59 2; 
ttag +60 1; 
ttag +61 3; 
ttag +62 4; 
ttag +63 3; 
ttag +64 2; 
ttag +65 5; 
ttag +66 5; 
ttag +67 1; 
ttag +68 2; 
ttag +69 2; 
ttag +70 11; 
ttag +71 6; 
ttag +72 2; 
ttag +73 4; 
ttag +74 3; 
ttag +75 4; 
ttag +76 2; 
ttag +77 2; 
ttag +78 1; 
ttag +79 3; 
ttag +80 1; 
ttag +81 2; 
ttag +82 2; 
ttag +83 8; 
ttag +84 3; 
ttag +85 1; 
ttag +86 6; 
ttag +87 1; 
ttag +88 2; 
ttag +89 1; 
ttag +90 2; 
tread
'Tree with tags' 
(0 (1 ((2 3 )(4 (5 (((6 7 )(8 (9 10 )))(11 ((12 13 )((14 ((15 (16 17 ))(18 (19 20 ))))(21 ((22 (23 (24 25 )))(26 (27 (28 ((29 (30 31 ))(((32 (33 34 ))(35 (36 (38 (37 39 )))))((41 (40 (42 43 )))((44 46 )(45 47 ))))))))))))))))))); 
ttag *!; 
ttag +0 ////; 
ttag +1 ////; 
ttag +2 ////; 
ttag +3 ////; 
ttag +4 ////; 
ttag +5 ////; 
ttag +6 ////; 
ttag +7 ////; 
ttag +8 ////; 
ttag +9 ////; 
ttag +10 ////; 
ttag +11 ////; 
ttag +12 ////; 
ttag +13 ////; 
ttag +14 ////; 
ttag +15 ////; 
ttag +16 ////; 
ttag +17 ////; 
ttag +18 ////; 
ttag +19 ////; 
ttag +20 ////; 
ttag +21 ////; 
ttag +22 ////; 
ttag +23 ////; 
ttag +24 ////; 
ttag +25 ////; 
ttag +26 ////; 
ttag +27 ////; 
ttag +28 ////; 
ttag +29 ////; 
ttag +30 ////; 
ttag +31 ////; 
ttag +32 ////; 
ttag +33 ////; 
ttag +34 ////; 
ttag +35 ////; 
ttag +36 ////; 
ttag +37 ////; 
ttag +38 ////; 
ttag +39 ////; 
ttag +40 ////; 
ttag +41 ////; 
ttag +42 ////; 
ttag +43 ////; 
ttag +44 ////; 
ttag +45 ////; 
ttag +46 ////; 
ttag +47 ////; 
ttag +48 ////; 
ttag +49 100/100/100/100/100; 
ttag +50 93/91/84/92/87; 
ttag +51 98/98/92/98/92; 
ttag +52 95/94/84/95/81; 
ttag +53 41/26/13/30/20; 
ttag +54 82/80/72/82/71; 
ttag +55 26/5/1/6/0; 
ttag +56 30/9/3/14/9; 
ttag +57 100/100/100/100/98; 
ttag +58 93/90/91/94/90; 
ttag +59 50/36/31/44/29; 
ttag +60 78/76/68/81/72; 
ttag +61 38/30/20/34/25; 
ttag +62 19/[6]/?/?/?; 
ttag +63 50/44/36/57/35; 
ttag +64 95/93/84/92/88; 
ttag +65 74/68/70/78/74; 
ttag +66 85/79/70/71/71; 
ttag +67 94/91/86/93/91; 
ttag +68 98/98/89/96/92; 
ttag +69 32/23/22/27/16; 
ttag +70 36/0/6/13/12; 
ttag +71 35/17/19/29/21; 
ttag +72 100/100/98/99/99; 
ttag +73 96/94/95/96/90; 
ttag +74 59/49/43/46/36; 
ttag +75 59/55/41/52/40; 
ttag +76 52/48/35/42/38; 
ttag +77 87/84/76/86/80; 
ttag +78 39/30/22/28/18; 
ttag +79 58/36/24/30/26; 
ttag +80 24/10/4/12/?; 
ttag +81 46/35/30/40/31; 
ttag +82 16/[1]/?/?/1; 
ttag +83 57/46/37/36/33; 
ttag +84 60/54/47/59/50; 
ttag +85 100/100/98/99/97; 
ttag +86 28/[12]/?/?/1; 
ttag +87 90/88/88/90/85; 
ttag +88 44/26/15/20/14; 
ttag +89 98/98/97/99/95; 
ttag +90 16/[18]/?/?/?; 
ttag +91 72/62/62/68/59; 
ttag +92 6/[36]/?/?/?; 
ttag +93 59/47/31/55/34; 
ttag +94 5/[37]/?/?/?; 
