tread
'Tree with tags' 
(0 (1 ((2 3 )(4 ((5 14 15 16 17 21 (12 (11 13 ))(18 (19 20 ))(22 (23 (24 25 ))(26 27 (28 (29 (30 31 ))((32 (33 34 (35 (36 (37 38 39 )))))(40 (41 (42 43 )))(45 46 (44 47 )))))))((6 7 )(8 (9 10 )))))))); 
ttag *!; 
ttag +49 ???; 
ttag +50 9; 
ttag +51 5; 
ttag +52 3; 
ttag +53 1; 
ttag +54 3; 
ttag +55 1; 
ttag +56 1; 
ttag +57 8; 
ttag +58 3; 
ttag +59 2; 
ttag +60 3; 
ttag +61 10; 
ttag +62 3; 
ttag +63 1; 
ttag +64 10; 
ttag +65 11; 
ttag +66 10; 
ttag +67 1; 
ttag +68 6; 
ttag +69 3; 
ttag +70 2; 
ttag +71 2; 
ttag +72 1; 
ttag +73 1; 
ttag +74 6; 
ttag +75 2; 
ttag +76 2; 
ttag +77 1; 
ttag +78 8; 
ttag +79 1; 
ttag +80 6; 
tread
'Tree with tags' 
(0 (1 ((2 3 )(4 (((5 ((14 (18 (19 20 )))(21 (17 (15 (16 (22 ((23 (24 25 ))(26 (27 ((28 (29 (30 31 )))((32 ((33 34 )(35 (36 (39 (37 38 ))))))((40 (41 (42 43 )))(45 (46 (44 47 ))))))))))))))))(12 (11 13 )))((6 7 )(8 (9 10 )))))))); 
ttag *!; 
ttag +0 ////; 
ttag +1 ////; 
ttag +2 ////; 
ttag +3 ////; 
ttag +4 ////; 
ttag +5 ////; 
ttag +6 ////; 
ttag +7 ////; 
ttag +8 ////; 
ttag +9 ////; 
ttag +10 ////; 
ttag +11 ////; 
ttag +12 ////; 
ttag +13 ////; 
ttag +14 ////; 
ttag +15 ////; 
ttag +16 ////; 
ttag +17 ////; 
ttag +18 ////; 
ttag +19 ////; 
ttag +20 ////; 
ttag +21 ////; 
ttag +22 ////; 
ttag +23 ////; 
ttag +24 ////; 
ttag +25 ////; 
ttag +26 ////; 
ttag +27 ////; 
ttag +28 ////; 
ttag +29 ////; 
ttag +30 ////; 
ttag +31 ////; 
ttag +32 ////; 
ttag +33 ////; 
ttag +34 ////; 
ttag +35 ////; 
ttag +36 ////; 
ttag +37 ////; 
ttag +38 ////; 
ttag +39 ////; 
ttag +40 ////; 
ttag +41 ////; 
ttag +42 ////; 
ttag +43 ////; 
ttag +44 ////; 
ttag +45 ////; 
ttag +46 ////; 
ttag +47 ////; 
ttag +48 ////; 
ttag +49 100/100/100/100/100; 
ttag +50 99/99/98/99/99; 
ttag +51 91/89/80/91/78; 
ttag +52 81/77/58/73/64; 
ttag +53 2/[11]/?/?/?; 
ttag +54 18/9/1/6/?; 
ttag +55 70/63/44/62/47; 
ttag +56 48/43/30/43/32; 
ttag +57 52/43/35/47/30; 
ttag +58 98/98/97/99/98; 
ttag +59 77/72/63/75/71; 
ttag +60 67/63/46/60/48; 
ttag +61 56/52/46/54/45; 
ttag +62 16/0/8/3/4; 
ttag +63 14/5/3/4/?; 
ttag +64 6/[28]/?/?/?; 
ttag +65 4/[12]/?/?/?; 
ttag +66 9/[7]/?/?/?; 
ttag +67 8/[25]/?/?/?; 
ttag +68 99/99/99/100/97; 
ttag +69 85/78/68/77/72; 
ttag +70 32/22/9/10/14; 
ttag +71 99/99/98/99/99; 
ttag +72 6/[34]/?/?/?; 
ttag +73 99/98/99/100/98; 
ttag +74 96/95/90/97/91; 
ttag +75 22/[23]/?/?/?; 
ttag +76 24/[16]/?/?/?; 
ttag +77 49/37/30/41/37; 
ttag +78 98/98/89/96/91; 
ttag +79 77/67/61/75/63; 
ttag +80 48/37/28/34/32; 
ttag +81 52/41/37/60/42; 
ttag +82 44/18/14/18/10; 
ttag +83 37/17/?/22/7; 
ttag +84 74/70/62/61/60; 
ttag +85 96/94/87/96/93; 
ttag +86 36/[4]/0/?/?; 
ttag +87 79/71/68/82/65; 
ttag +88 42/30/26/42/24; 
ttag +89 27/14/7/10/6; 
ttag +90 39/27/26/36/22; 
ttag +91 98/98/97/100/99; 
ttag +92 64/50/47/46/40; 
ttag +93 24/[6]/?/?/?; 
ttag +94 94/94/90/92/86; 
