tread
'Tree with tags' 
(0 (1 ((2 3 )(4 5 11 12 13 21 ((6 7 )(10 (8 9 )))(14 ((15 16 17 )(18 (19 20 ))))((22 (23 (24 25 )))(26 (27 (28 ((29 (30 31 ))(32 (35 (33 34 )(36 (39 (37 38 )))))((41 (40 (42 43 )))(46 (44 45 47 )))))))))))); 
ttag *!; 
ttag +49 ???; 
ttag +50 4; 
ttag +51 1; 
ttag +52 6; 
ttag +53 3; 
ttag +54 1; 
ttag +55 1; 
ttag +56 10; 
ttag +57 2; 
ttag +58 7; 
ttag +59 1; 
ttag +60 1; 
ttag +61 9; 
ttag +62 3; 
ttag +63 5; 
ttag +64 5; 
ttag +65 11; 
ttag +66 6; 
ttag +67 2; 
ttag +68 4; 
ttag +69 5; 
ttag +70 1; 
ttag +71 6; 
ttag +72 4; 
ttag +73 5; 
ttag +74 1; 
ttag +75 5; 
ttag +76 1; 
ttag +77 5; 
ttag +78 1; 
ttag +79 1; 
ttag +80 4; 
ttag +81 3; 
ttag +82 2; 
ttag +83 1; 
tread
'Tree with tags' 
(0 (1 ((2 3 )(4 ((5 ((6 7 )(10 (8 9 ))))(11 ((12 13 )((14 ((17 (15 16 ))(18 (19 20 ))))(21 ((22 (23 (24 25 )))(26 (27 (28 ((29 (30 31 ))((32 ((33 34 )(35 (36 (39 (37 38 ))))))((41 (40 (42 43 )))(46 (45 (44 47 ))))))))))))))))))); 
ttag *!; 
ttag +0 ////; 
ttag +1 ////; 
ttag +2 ////; 
ttag +3 ////; 
ttag +4 ////; 
ttag +5 ////; 
ttag +6 ////; 
ttag +7 ////; 
ttag +8 ////; 
ttag +9 ////; 
ttag +10 ////; 
ttag +11 ////; 
ttag +12 ////; 
ttag +13 ////; 
ttag +14 ////; 
ttag +15 ////; 
ttag +16 ////; 
ttag +17 ////; 
ttag +18 ////; 
ttag +19 ////; 
ttag +20 ////; 
ttag +21 ////; 
ttag +22 ////; 
ttag +23 ////; 
ttag +24 ////; 
ttag +25 ////; 
ttag +26 ////; 
ttag +27 ////; 
ttag +28 ////; 
ttag +29 ////; 
ttag +30 ////; 
ttag +31 ////; 
ttag +32 ////; 
ttag +33 ////; 
ttag +34 ////; 
ttag +35 ////; 
ttag +36 ////; 
ttag +37 ////; 
ttag +38 ////; 
ttag +39 ////; 
ttag +40 ////; 
ttag +41 ////; 
ttag +42 ////; 
ttag +43 ////; 
ttag +44 ////; 
ttag +45 ////; 
ttag +46 ////; 
ttag +47 ////; 
ttag +48 ////; 
ttag +49 100/100/100/100/100; 
ttag +50 78/70/55/68/63; 
ttag +51 50/35/21/33/20; 
ttag +52 89/86/78/89/77; 
ttag +53 34/30/14/22/8; 
ttag +54 35/28/24/27/15; 
ttag +55 88/87/75/82/75; 
ttag +56 56/51/32/43/23; 
ttag +57 68/68/61/61/59; 
ttag +58 100/100/99/100/100; 
ttag +59 44/37/26/35/28; 
ttag +60 30/16/18/28/17; 
ttag +61 56/44/27/29/28; 
ttag +62 73/70/54/70/54; 
ttag +63 40/29/24/39/26; 
ttag +64 35/[2]/?/14/?; 
ttag +65 100/100/98/99/96; 
ttag +66 70/64/52/65/62; 
ttag +67 67/56/53/61/48; 
ttag +68 100/100/100/100/100; 
ttag +69 20/8/0/14/3; 
ttag +70 72/64/52/74/56; 
ttag +71 91/90/84/93/82; 
ttag +72 94/91/89/98/86; 
ttag +73 100/100/99/100/99; 
ttag +74 95/94/86/91/87; 
ttag +75 60/43/28/48/30; 
ttag +76 71/58/39/66/41; 
ttag +77 92/90/90/91/88; 
ttag +78 52/42/32/36/28; 
ttag +79 98/97/88/97/91; 
ttag +80 84/82/70/88/66; 
ttag +81 32/3/2/2/1; 
ttag +82 97/97/87/95/86; 
ttag +83 59/44/24/47/25; 
ttag +84 23/1/4/7/7; 
ttag +85 88/84/76/86/77; 
ttag +86 52/21/20/19/13; 
ttag +87 91/90/80/90/85; 
ttag +88 30/12/13/19/13; 
ttag +89 69/64/62/66/63; 
ttag +90 81/76/62/76/59; 
ttag +91 89/88/79/83/80; 
ttag +92 19/[5]/?/?/?; 
ttag +93 64/56/51/61/53; 
ttag +94 82/76/68/76/69; 
