tread
'Tree with tags' 
(0 (1 ((2 3 )((4 ((5 (11 ((12 13 )(14 (21 ((15 (16 17 ))(18 (19 20 )))((22 (23 (24 25 )))(26 (27 (28 ((((29 (30 31 ))(40 (41 (42 43 ))))(32 (33 34 )(35 (36 (37 38 39 )))))((44 46 )(45 47 ))))))))))))(6 7 )))(8 (9 10 )))))); 
ttag *!; 
ttag +49 ???; 
ttag +50 5; 
ttag +51 5; 
ttag +52 1; 
ttag +53 8; 
ttag +54 1; 
ttag +55 1; 
ttag +56 1; 
ttag +57 3; 
ttag +58 1; 
ttag +59 3; 
ttag +60 2; 
ttag +61 3; 
ttag +62 4; 
ttag +63 8; 
ttag +64 2; 
ttag +65 2; 
ttag +66 3; 
ttag +67 6; 
ttag +68 5; 
ttag +69 4; 
ttag +70 3; 
ttag +71 6; 
ttag +72 8; 
ttag +73 8; 
ttag +74 2; 
ttag +75 3; 
ttag +76 1; 
ttag +77 1; 
ttag +78 2; 
ttag +79 3; 
ttag +80 1; 
ttag +81 6; 
ttag +82 4; 
ttag +83 3; 
ttag +84 1; 
ttag +85 5; 
ttag +86 7; 
ttag +87 1; 
ttag +88 6; 
ttag +89 2; 
ttag +90 4; 
ttag +91 1; 
tread
'Tree with tags' 
(0 (1 ((2 3 )((4 ((5 (11 ((12 13 )(14 (21 (((15 (16 17 ))(18 (19 20 )))((22 (23 (24 25 )))(26 (27 (28 ((((29 (30 31 ))(40 (41 (42 43 ))))((32 (33 34 ))(35 (36 (37 (38 39 ))))))((44 46 )(45 47 )))))))))))))(6 7 )))(8 (9 10 )))))); 
ttag *!; 
ttag +0 ////; 
ttag +1 ////; 
ttag +2 ////; 
ttag +3 ////; 
ttag +4 ////; 
ttag +5 ////; 
ttag +6 ////; 
ttag +7 ////; 
ttag +8 ////; 
ttag +9 ////; 
ttag +10 ////; 
ttag +11 ////; 
ttag +12 ////; 
ttag +13 ////; 
ttag +14 ////; 
ttag +15 ////; 
ttag +16 ////; 
ttag +17 ////; 
ttag +18 ////; 
ttag +19 ////; 
ttag +20 ////; 
ttag +21 ////; 
ttag +22 ////; 
ttag +23 ////; 
ttag +24 ////; 
ttag +25 ////; 
ttag +26 ////; 
ttag +27 ////; 
ttag +28 ////; 
ttag +29 ////; 
ttag +30 ////; 
ttag +31 ////; 
ttag +32 ////; 
ttag +33 ////; 
ttag +34 ////; 
ttag +35 ////; 
ttag +36 ////; 
ttag +37 ////; 
ttag +38 ////; 
ttag +39 ////; 
ttag +40 ////; 
ttag +41 ////; 
ttag +42 ////; 
ttag +43 ////; 
ttag +44 ////; 
ttag +45 ////; 
ttag +46 ////; 
ttag +47 ////; 
ttag +48 ////; 
ttag +49 100/100/100/100/100; 
ttag +50 98/97/91/95/93; 
ttag +51 94/90/94/94/85; 
ttag +52 28/10/9/9/6; 
ttag +53 99/98/95/98/95; 
ttag +54 22/4/?/6/5; 
ttag +55 20/2/?/5/?; 
ttag +56 33/14/20/23/14; 
ttag +57 88/85/79/83/77; 
ttag +58 44/10/8/11/12; 
ttag +59 46/28/15/33/27; 
ttag +60 39/21/6/24/12; 
ttag +61 47/29/12/34/20; 
ttag +62 70/67/50/70/52; 
ttag +63 99/99/98/98/95; 
ttag +64 75/71/57/79/62; 
ttag +65 14/[17]/?/?/?; 
ttag +66 50/41/18/43/24; 
ttag +67 86/82/69/86/72; 
ttag +68 98/97/90/99/91; 
ttag +69 98/98/98/98/98; 
ttag +70 80/75/59/80/63; 
ttag +71 76/72/50/72/54; 
ttag +72 93/90/81/95/75; 
ttag +73 98/98/97/99/95; 
ttag +74 97/96/92/98/94; 
ttag +75 72/60/50/64/44; 
ttag +76 87/84/73/89/68; 
ttag +77 44/31/26/38/25; 
ttag +78 31/21/13/16/17; 
ttag +79 38/22/13/26/14; 
ttag +80 84/81/67/84/67; 
ttag +81 34/21/28/30/27; 
ttag +82 25/[31]/?/?/?; 
ttag +83 99/99/98/98/98; 
ttag +84 91/89/81/90/89; 
ttag +85 94/94/82/87/79; 
ttag +86 66/51/48/51/48; 
ttag +87 98/98/94/97/94; 
ttag +88 42/23/18/24/21; 
ttag +89 98/98/96/98/94; 
ttag +90 42/17/2/18/9; 
ttag +91 99/99/99/99/100; 
ttag +92 46/20/14/33/18; 
ttag +93 65/55/48/63/52; 
ttag +94 22/1/6/9/5; 
