tread
'Tree with tags' 
(0 (1 (2 3 (4 5 (6 7 (8 (9 10 )))(11 (12 13 14 (17 (15 16 ))(18 (19 20 ))(21 (26 27 (22 (23 (24 25 )))(28 44 46 47 (45 ((29 (30 31 ))(33 (34 (32 (35 (36 (37 (38 39 )))))))))(40 41 (42 43 ))))))))))); 
ttag *!; 
ttag +49 ???; 
ttag +50 4; 
ttag +51 5; 
ttag +52 1; 
ttag +53 11; 
ttag +54 3; 
ttag +55 3; 
ttag +56 2; 
ttag +57 1; 
ttag +58 9; 
ttag +59 4; 
ttag +60 8; 
ttag +61 1; 
ttag +62 2; 
ttag +63 5; 
ttag +64 5; 
ttag +65 7; 
ttag +66 1; 
ttag +67 7; 
ttag +68 2; 
ttag +69 1; 
ttag +70 3; 
ttag +71 2; 
ttag +72 1; 
ttag +73 6; 
ttag +74 3; 
ttag +75 6; 
ttag +76 8; 
ttag +77 4; 
ttag +78 5; 
ttag +79 2; 
tread
'Tree with tags' 
(0 (1 (2 (3 (((4 5 )(11 (((12 14 )(17 (15 16 )))((13 (21 ((22 (23 (24 25 )))(26 (27 (28 (((45 ((29 (30 31 ))(33 (34 (32 (35 (36 (37 (38 39 )))))))))(44 46 ))(47 (40 (41 (42 43 )))))))))))(18 (19 20 ))))))((6 7 )(8 (9 10 )))))))); 
ttag *!; 
ttag +0 ////; 
ttag +1 ////; 
ttag +2 ////; 
ttag +3 ////; 
ttag +4 ////; 
ttag +5 ////; 
ttag +6 ////; 
ttag +7 ////; 
ttag +8 ////; 
ttag +9 ////; 
ttag +10 ////; 
ttag +11 ////; 
ttag +12 ////; 
ttag +13 ////; 
ttag +14 ////; 
ttag +15 ////; 
ttag +16 ////; 
ttag +17 ////; 
ttag +18 ////; 
ttag +19 ////; 
ttag +20 ////; 
ttag +21 ////; 
ttag +22 ////; 
ttag +23 ////; 
ttag +24 ////; 
ttag +25 ////; 
ttag +26 ////; 
ttag +27 ////; 
ttag +28 ////; 
ttag +29 ////; 
ttag +30 ////; 
ttag +31 ////; 
ttag +32 ////; 
ttag +33 ////; 
ttag +34 ////; 
ttag +35 ////; 
ttag +36 ////; 
ttag +37 ////; 
ttag +38 ////; 
ttag +39 ////; 
ttag +40 ////; 
ttag +41 ////; 
ttag +42 ////; 
ttag +43 ////; 
ttag +44 ////; 
ttag +45 ////; 
ttag +46 ////; 
ttag +47 ////; 
ttag +48 ////; 
ttag +49 100/100/100/100/100; 
ttag +50 91/89/79/91/82; 
ttag +51 43/4/3/6/9; 
ttag +52 35/2/4/?/?; 
ttag +53 19/[12]/?/?/?; 
ttag +54 95/94/80/94/86; 
ttag +55 20/4/8/3/3; 
ttag +56 62/54/37/52/44; 
ttag +57 100/100/100/100/100; 
ttag +58 93/91/89/94/86; 
ttag +59 72/69/56/80/64; 
ttag +60 12/[5]/?/?/1; 
ttag +61 6/[14]/?/?/?; 
ttag +62 49/36/24/35/30; 
ttag +63 14/[3]/?/1/?; 
ttag +64 13/[7]/?/?/?; 
ttag +65 46/8/?/0/1; 
ttag +66 98/98/98/99/97; 
ttag +67 70/64/51/62/50; 
ttag +68 100/100/100/100/99; 
ttag +69 34/24/19/25/16; 
ttag +70 50/36/28/37/24; 
ttag +71 84/82/78/90/72; 
ttag +72 94/92/84/92/76; 
ttag +73 100/100/100/99/100; 
ttag +74 42/28/17/26/17; 
ttag +75 28/[4]/?/?/?; 
ttag +76 52/38/24/41/30; 
ttag +77 88/87/87/95/86; 
ttag +78 50/41/34/34/34; 
ttag +79 26/5/6/6/?; 
ttag +80 10/[1]/?/1/4; 
ttag +81 26/12/4/12/6; 
ttag +82 87/82/73/85/77; 
ttag +83 76/69/46/66/47; 
ttag +84 49/24/12/18/8; 
ttag +85 96/96/92/96/94; 
ttag +86 87/85/69/88/75; 
ttag +87 97/97/93/98/95; 
ttag +88 98/98/93/98/96; 
ttag +89 99/99/95/97/95; 
ttag +90 92/89/82/90/90; 
ttag +91 11/[12]/?/?/?; 
ttag +92 29/9/5/11/7; 
ttag +93 85/78/67/83/60; 
ttag +94 18/[3]/0/3/?; 
