tread
'Tree with tags' 
(0 (1 ((2 3 )(4 (11 ((14 (5 (6 (7 (8 (9 10 )))))(16 (15 17 ))(18 (19 20 ))(21 (26 (27 (28 ((31 (29 30 ))(((32 (35 (36 (37 (38 39 )))))(33 34 ))((40 (41 (42 43 )))(46 (45 (44 47 ))))))))))(22 (23 (24 25 ))))(12 13 ))))))); 
ttag *!; 
ttag +49 ???; 
ttag +50 11; 
ttag +51 1; 
ttag +52 5; 
ttag +53 1; 
ttag +54 1; 
ttag +55 1; 
ttag +56 4; 
ttag +57 1; 
ttag +58 1; 
ttag +59 8; 
ttag +60 2; 
ttag +61 2; 
ttag +62 1; 
ttag +63 5; 
ttag +64 2; 
ttag +65 5; 
ttag +66 1; 
ttag +67 6; 
ttag +68 3; 
ttag +69 4; 
ttag +70 3; 
ttag +71 1; 
ttag +72 1; 
ttag +73 2; 
ttag +74 5; 
ttag +75 2; 
ttag +76 1; 
ttag +77 2; 
ttag +78 2; 
ttag +79 1; 
ttag +80 2; 
ttag +81 3; 
ttag +82 6; 
ttag +83 3; 
ttag +84 7; 
ttag +85 1; 
ttag +86 6; 
ttag +87 13; 
ttag +88 1; 
ttag +89 1; 
ttag +90 3; 
tread
'Tree with tags' 
(0 (1 ((2 3 )(4 (11 (((5 (6 (7 (8 (9 10 )))))((14 (21 (26 (27 (28 ((31 (29 30 ))(((32 (35 (36 (37 (38 39 )))))(33 34 ))((40 (41 (42 43 )))(46 (45 (44 47 )))))))))))(((16 (15 17 ))(22 (23 (24 25 ))))(18 (19 20 )))))(12 13 ))))))); 
ttag *!; 
ttag +0 ////; 
ttag +1 ////; 
ttag +2 ////; 
ttag +3 ////; 
ttag +4 ////; 
ttag +5 ////; 
ttag +6 ////; 
ttag +7 ////; 
ttag +8 ////; 
ttag +9 ////; 
ttag +10 ////; 
ttag +11 ////; 
ttag +12 ////; 
ttag +13 ////; 
ttag +14 ////; 
ttag +15 ////; 
ttag +16 ////; 
ttag +17 ////; 
ttag +18 ////; 
ttag +19 ////; 
ttag +20 ////; 
ttag +21 ////; 
ttag +22 ////; 
ttag +23 ////; 
ttag +24 ////; 
ttag +25 ////; 
ttag +26 ////; 
ttag +27 ////; 
ttag +28 ////; 
ttag +29 ////; 
ttag +30 ////; 
ttag +31 ////; 
ttag +32 ////; 
ttag +33 ////; 
ttag +34 ////; 
ttag +35 ////; 
ttag +36 ////; 
ttag +37 ////; 
ttag +38 ////; 
ttag +39 ////; 
ttag +40 ////; 
ttag +41 ////; 
ttag +42 ////; 
ttag +43 ////; 
ttag +44 ////; 
ttag +45 ////; 
ttag +46 ////; 
ttag +47 ////; 
ttag +48 ////; 
ttag +49 100/100/100/100/100; 
ttag +50 99/99/99/99/99; 
ttag +51 84/76/71/66/55; 
ttag +52 98/98/92/97/94; 
ttag +53 32/8/?/9/1; 
ttag +54 26/2/?/2/?; 
ttag +55 29/5/?/8/?; 
ttag +56 81/72/47/70/44; 
ttag +57 34/27/16/19/15; 
ttag +58 34/12/4/14/7; 
ttag +59 99/99/95/98/96; 
ttag +60 72/60/52/70/57; 
ttag +61 51/42/38/39/35; 
ttag +62 18/[2]/3/?/?; 
ttag +63 17/10/4/10/2; 
ttag +64 80/75/63/72/72; 
ttag +65 98/97/97/99/95; 
ttag +66 16/[13]/?/?/?; 
ttag +67 9/[20]/?/?/?; 
ttag +68 71/56/53/66/57; 
ttag +69 99/99/99/99/97; 
ttag +70 45/35/21/36/18; 
ttag +71 98/98/90/96/93; 
ttag +72 88/84/75/83/74; 
ttag +73 98/98/98/98/97; 
ttag +74 85/84/81/91/71; 
ttag +75 54/43/26/47/18; 
ttag +76 37/13/8/18/18; 
ttag +77 71/56/47/58/48; 
ttag +78 93/92/87/91/87; 
ttag +79 64/60/47/59/39; 
ttag +80 43/32/38/34/35; 
ttag +81 68/64/62/67/54; 
ttag +82 56/50/33/48/32; 
ttag +83 53/27/32/26/28; 
ttag +84 55/51/39/49/40; 
ttag +85 83/78/62/78/59; 
ttag +86 98/98/93/99/96; 
ttag +87 88/82/69/84/74; 
ttag +88 98/97/93/99/90; 
ttag +89 40/18/22/15/22; 
ttag +90 94/92/84/96/89; 
ttag +91 100/100/100/100/100; 
ttag +92 50/20/29/21/31; 
ttag +93 39/8/6/6/5; 
ttag +94 91/89/73/92/75; 
