tread
'Tree with tags' 
(0 (1 ((2 3 )(4 (11 (5 (6 7 (8 (9 10 ))))((12 13 )((14 ((15 16 17 )(18 (19 20 ))))(21 (26 27 (22 (23 (24 25 )))(28 (29 (30 31 ))((32 ((33 34 )(35 (36 (37 (38 39 ))))))(44 46 47 (45 (41 (40 (42 43 )))))))))))))))); 
ttag *!; 
ttag +49 ???; 
ttag +50 8; 
ttag +51 5; 
ttag +52 6; 
ttag +53 1; 
ttag +54 1; 
ttag +55 2; 
ttag +56 7; 
ttag +57 1; 
ttag +58 3; 
ttag +59 1; 
ttag +60 2; 
ttag +61 1; 
ttag +62 2; 
ttag +63 2; 
ttag +64 4; 
ttag +65 8; 
ttag +66 2; 
ttag +67 5; 
ttag +68 6; 
ttag +69 7; 
ttag +70 3; 
ttag +71 4; 
ttag +72 4; 
ttag +73 8; 
ttag +74 6; 
ttag +75 3; 
ttag +76 1; 
ttag +77 1; 
ttag +78 1; 
ttag +79 2; 
ttag +80 4; 
ttag +81 2; 
ttag +82 1; 
ttag +83 6; 
ttag +84 3; 
ttag +85 1; 
ttag +86 4; 
tread
'Tree with tags' 
(0 (1 ((2 3 )(4 ((11 (5 ((6 7 )(8 (9 10 )))))((12 13 )((14 ((15 (16 17 ))(18 (19 20 ))))(21 ((22 (23 (24 25 )))(26 (27 (28 ((29 (30 31 ))((32 ((33 34 )(35 (36 (37 (38 39 ))))))(47 (46 (44 (45 (41 (40 (42 43 ))))))))))))))))))))); 
ttag *!; 
ttag +0 ////; 
ttag +1 ////; 
ttag +2 ////; 
ttag +3 ////; 
ttag +4 ////; 
ttag +5 ////; 
ttag +6 ////; 
ttag +7 ////; 
ttag +8 ////; 
ttag +9 ////; 
ttag +10 ////; 
ttag +11 ////; 
ttag +12 ////; 
ttag +13 ////; 
ttag +14 ////; 
ttag +15 ////; 
ttag +16 ////; 
ttag +17 ////; 
ttag +18 ////; 
ttag +19 ////; 
ttag +20 ////; 
ttag +21 ////; 
ttag +22 ////; 
ttag +23 ////; 
ttag +24 ////; 
ttag +25 ////; 
ttag +26 ////; 
ttag +27 ////; 
ttag +28 ////; 
ttag +29 ////; 
ttag +30 ////; 
ttag +31 ////; 
ttag +32 ////; 
ttag +33 ////; 
ttag +34 ////; 
ttag +35 ////; 
ttag +36 ////; 
ttag +37 ////; 
ttag +38 ////; 
ttag +39 ////; 
ttag +40 ////; 
ttag +41 ////; 
ttag +42 ////; 
ttag +43 ////; 
ttag +44 ////; 
ttag +45 ////; 
ttag +46 ////; 
ttag +47 ////; 
ttag +48 ////; 
ttag +49 100/100/100/100/100; 
ttag +50 100/100/98/99/98; 
ttag +51 98/97/93/98/90; 
ttag +52 94/92/82/92/85; 
ttag +53 26/13/7/17/5; 
ttag +54 6/[18]/?/?/?; 
ttag +55 56/52/37/50/38; 
ttag +56 39/25/17/25/19; 
ttag +57 54/41/32/48/30; 
ttag +58 99/99/96/98/97; 
ttag +59 73/64/48/59/60; 
ttag +60 64/51/43/56/40; 
ttag +61 33/8/?/10/2; 
ttag +62 70/63/59/70/62; 
ttag +63 67/57/54/57/44; 
ttag +64 88/83/76/85/77; 
ttag +65 60/50/47/58/41; 
ttag +66 26/[17]/?/?/?; 
ttag +67 97/96/92/96/92; 
ttag +68 98/98/96/99/98; 
ttag +69 76/74/71/76/69; 
ttag +70 99/99/97/98/94; 
ttag +71 94/93/84/95/88; 
ttag +72 99/99/99/98/99; 
ttag +73 91/89/77/88/83; 
ttag +74 37/22/12/6/25; 
ttag +75 50/38/14/36/14; 
ttag +76 81/77/60/81/55; 
ttag +77 94/92/87/93/84; 
ttag +78 28/10/11/1/10; 
ttag +79 100/100/98/99/99; 
ttag +80 89/87/78/86/81; 
ttag +81 84/80/68/80/67; 
ttag +82 41/14/8/17/13; 
ttag +83 48/31/22/29/23; 
ttag +84 28/20/12/26/16; 
ttag +85 56/40/25/56/36; 
ttag +86 90/86/70/86/72; 
ttag +87 82/75/77/83/80; 
ttag +88 55/30/20/38/15; 
ttag +89 93/91/81/94/84; 
ttag +90 72/64/49/73/54; 
ttag +91 18/[6]/?/?/?; 
ttag +92 26/1/?/?/?; 
ttag +93 58/42/15/48/28; 
ttag +94 97/97/90/98/92; 
