tread
'Tree with tags' 
(0 (1 ((2 3 )(4 (5 11 ((6 7 )(8 (9 10 )))(((12 13 )(21 ((22 (23 (24 25 )))(26 (27 ((28 (29 (30 31 )))((((32 (35 (36 (39 (37 38 )))))(33 34 ))(40 (41 (42 43 ))))(45 (44 (46 47 ))))))))))(14 ((15 (16 17 ))(18 (19 20 )))))))))); 
ttag *!; 
ttag +49 ???; 
ttag +50 7; 
ttag +51 4; 
ttag +52 5; 
ttag +53 1; 
ttag +54 1; 
ttag +55 3; 
ttag +56 10; 
ttag +57 5; 
ttag +58 1; 
ttag +59 1; 
ttag +60 1; 
ttag +61 1; 
ttag +62 5; 
ttag +63 2; 
ttag +64 1; 
ttag +65 4; 
ttag +66 11; 
ttag +67 1; 
ttag +68 2; 
ttag +69 5; 
ttag +70 5; 
ttag +71 5; 
ttag +72 5; 
ttag +73 1; 
ttag +74 1; 
ttag +75 2; 
ttag +76 5; 
ttag +77 8; 
ttag +78 2; 
ttag +79 8; 
ttag +80 1; 
ttag +81 2; 
ttag +82 4; 
ttag +83 3; 
ttag +84 4; 
ttag +85 1; 
ttag +86 3; 
ttag +87 11; 
ttag +88 2; 
ttag +89 10; 
ttag +90 1; 
ttag +91 1; 
ttag +92 2; 
tread
'Tree with tags' 
(0 (1 ((2 3 )(4 (11 (5 (((6 7 )(8 (9 10 )))(((12 13 )(21 ((22 (23 (24 25 )))(26 (27 ((28 (29 (30 31 )))((((32 (35 (36 (39 (37 38 )))))(33 34 ))(40 (41 (42 43 ))))(45 (44 (46 47 ))))))))))(14 ((15 (16 17 ))(18 (19 20 )))))))))))); 
ttag *!; 
ttag +0 ////; 
ttag +1 ////; 
ttag +2 ////; 
ttag +3 ////; 
ttag +4 ////; 
ttag +5 ////; 
ttag +6 ////; 
ttag +7 ////; 
ttag +8 ////; 
ttag +9 ////; 
ttag +10 ////; 
ttag +11 ////; 
ttag +12 ////; 
ttag +13 ////; 
ttag +14 ////; 
ttag +15 ////; 
ttag +16 ////; 
ttag +17 ////; 
ttag +18 ////; 
ttag +19 ////; 
ttag +20 ////; 
ttag +21 ////; 
ttag +22 ////; 
ttag +23 ////; 
ttag +24 ////; 
ttag +25 ////; 
ttag +26 ////; 
ttag +27 ////; 
ttag +28 ////; 
ttag +29 ////; 
ttag +30 ////; 
ttag +31 ////; 
ttag +32 ////; 
ttag +33 ////; 
ttag +34 ////; 
ttag +35 ////; 
ttag +36 ////; 
ttag +37 ////; 
ttag +38 ////; 
ttag +39 ////; 
ttag +40 ////; 
ttag +41 ////; 
ttag +42 ////; 
ttag +43 ////; 
ttag +44 ////; 
ttag +45 ////; 
ttag +46 ////; 
ttag +47 ////; 
ttag +48 ////; 
ttag +49 100/100/100/100/100; 
ttag +50 100/100/95/98/97; 
ttag +51 92/90/88/94/87; 
ttag +52 86/80/70/80/71; 
ttag +53 0/[11]/?/?/?; 
ttag +54 23/12/2/15/11; 
ttag +55 63/48/49/58/40; 
ttag +56 76/72/64/68/67; 
ttag +57 1/[10]/?/?/?; 
ttag +58 100/100/100/99/99; 
ttag +59 98/98/94/99/96; 
ttag +60 54/49/36/52/33; 
ttag +61 18/8/6/8/4; 
ttag +62 25/13/18/16/8; 
ttag +63 21/7/6/6/?; 
ttag +64 97/97/96/98/95; 
ttag +65 34/19/6/17/16; 
ttag +66 62/40/20/29/39; 
ttag +67 76/72/61/76/66; 
ttag +68 100/100/100/100/100; 
ttag +69 30/25/14/18/14; 
ttag +70 89/87/79/84/82; 
ttag +71 90/89/80/87/77; 
ttag +72 91/86/76/81/72; 
ttag +73 99/99/98/99/92; 
ttag +74 78/72/55/69/63; 
ttag +75 36/7/?/2/?; 
ttag +76 30/9/5/11/?; 
ttag +77 51/43/30/42/38; 
ttag +78 87/81/79/90/80; 
ttag +79 97/96/94/98/95; 
ttag +80 76/63/65/72/55; 
ttag +81 100/100/98/99/98; 
ttag +82 23/2/?/8/?; 
ttag +83 28/6/1/22/0; 
ttag +84 88/84/76/89/78; 
ttag +85 69/60/42/60/43; 
ttag +86 89/87/81/86/74; 
ttag +87 62/47/29/48/36; 
ttag +88 78/74/67/82/70; 
ttag +89 98/98/93/99/93; 
ttag +90 70/60/42/63/40; 
ttag +91 100/100/100/100/98; 
ttag +92 21/1/0/16/7; 
ttag +93 51/44/38/40/49; 
ttag +94 52/45/37/53/37; 
