tread
'Tree with tags' 
(0 (1 ((2 3 )((4 5 )((6 7 )(8 (9 10 )))(11 (12 13 ((14 ((15 (16 17 ))(18 (19 20 ))))(21 ((22 (23 (24 25 )))(26 (27 (28 ((29 (30 31 ))((32 (35 (33 34 )(36 (37 38 39 ))))((40 (41 (42 43 )))(44 (46 (45 47 )))))))))))))))))); 
ttag *!; 
ttag +49 ???; 
ttag +50 7; 
ttag +51 1; 
ttag +52 2; 
ttag +53 6; 
ttag +54 3; 
ttag +55 2; 
ttag +56 6; 
ttag +57 1; 
ttag +58 2; 
ttag +59 3; 
ttag +60 1; 
ttag +61 3; 
ttag +62 3; 
ttag +63 3; 
ttag +64 1; 
ttag +65 5; 
ttag +66 9; 
ttag +67 2; 
ttag +68 7; 
ttag +69 7; 
ttag +70 8; 
ttag +71 6; 
ttag +72 8; 
ttag +73 3; 
ttag +74 4; 
ttag +75 6; 
ttag +76 7; 
ttag +77 5; 
ttag +78 6; 
ttag +79 2; 
ttag +80 5; 
ttag +81 1; 
ttag +82 4; 
ttag +83 5; 
ttag +84 5; 
ttag +85 2; 
ttag +86 2; 
ttag +87 9; 
ttag +88 2; 
ttag +89 1; 
ttag +90 1; 
tread
'Tree with tags' 
(0 (1 ((2 3 )(((4 5 )((6 7 )(8 (9 10 ))))(11 (12 (13 ((14 ((15 (16 17 ))(18 (19 20 ))))(21 ((22 (23 (24 25 )))(26 (27 (28 ((29 (30 31 ))((32 ((33 34 )(35 (36 (38 (37 39 ))))))((40 (41 (42 43 )))(44 (46 (45 47 ))))))))))))))))))); 
ttag *!; 
ttag +0 ////; 
ttag +1 ////; 
ttag +2 ////; 
ttag +3 ////; 
ttag +4 ////; 
ttag +5 ////; 
ttag +6 ////; 
ttag +7 ////; 
ttag +8 ////; 
ttag +9 ////; 
ttag +10 ////; 
ttag +11 ////; 
ttag +12 ////; 
ttag +13 ////; 
ttag +14 ////; 
ttag +15 ////; 
ttag +16 ////; 
ttag +17 ////; 
ttag +18 ////; 
ttag +19 ////; 
ttag +20 ////; 
ttag +21 ////; 
ttag +22 ////; 
ttag +23 ////; 
ttag +24 ////; 
ttag +25 ////; 
ttag +26 ////; 
ttag +27 ////; 
ttag +28 ////; 
ttag +29 ////; 
ttag +30 ////; 
ttag +31 ////; 
ttag +32 ////; 
ttag +33 ////; 
ttag +34 ////; 
ttag +35 ////; 
ttag +36 ////; 
ttag +37 ////; 
ttag +38 ////; 
ttag +39 ////; 
ttag +40 ////; 
ttag +41 ////; 
ttag +42 ////; 
ttag +43 ////; 
ttag +44 ////; 
ttag +45 ////; 
ttag +46 ////; 
ttag +47 ////; 
ttag +48 ////; 
ttag +49 100/100/100/100/100; 
ttag +50 97/96/98/98/92; 
ttag +51 59/34/42/42/36; 
ttag +52 60/50/39/52/40; 
ttag +53 9/[21]/?/?/?; 
ttag +54 96/95/87/97/91; 
ttag +55 90/88/81/89/76; 
ttag +56 70/64/58/71/56; 
ttag +57 99/99/96/97/96; 
ttag +58 57/32/12/33/14; 
ttag +59 53/48/28/46/32; 
ttag +60 60/54/36/61/37; 
ttag +61 3/[4]/?/?/?; 
ttag +62 36/27/16/22/14; 
ttag +63 60/55/39/62/38; 
ttag +64 84/79/62/79/74; 
ttag +65 83/79/78/90/82; 
ttag +66 52/26/8/24/16; 
ttag +67 96/95/94/96/99; 
ttag +68 100/100/100/100/100; 
ttag +69 64/59/43/62/35; 
ttag +70 98/98/97/99/96; 
ttag +71 96/94/87/92/78; 
ttag +72 99/98/97/99/97; 
ttag +73 100/100/99/100/95; 
ttag +74 96/95/91/97/90; 
ttag +75 75/67/57/72/46; 
ttag +76 89/86/78/86/71; 
ttag +77 94/93/91/97/86; 
ttag +78 94/92/90/94/88; 
ttag +79 94/93/94/98/90; 
ttag +80 92/90/78/91/76; 
ttag +81 55/38/32/50/18; 
ttag +82 97/96/92/97/92; 
ttag +83 76/73/62/70/60; 
ttag +84 33/6/14/15/4; 
ttag +85 97/96/88/94/88; 
ttag +86 24/2/?/1/0; 
ttag +87 96/96/92/96/93; 
ttag +88 77/68/47/74/57; 
ttag +89 60/52/44/58/41; 
ttag +90 53/36/24/40/21; 
ttag +91 99/99/98/99/100; 
ttag +92 50/38/21/37/24; 
ttag +93 28/12/?/18/4; 
ttag +94 29/13/?/14/4; 
