tread
'Tree with tags' 
(0 (1 ((2 3 )(4 5 6 7 11 12 13 (8 (9 10 ))((14 ((17 (15 16 ))(18 (19 20 ))))(21 ((22 (23 (24 25 )))((26 27 )(28 (46 47 ((29 (30 31 ))(32 ((35 (33 34 ))(36 (37 (38 39 ))))))((40 41 )(42 43 ))(44 45 ))))))))))); 
ttag *!; 
ttag +49 ???; 
ttag +50 5; 
ttag +51 5; 
ttag +52 3; 
ttag +53 4; 
ttag +54 1; 
ttag +55 2; 
ttag +56 3; 
ttag +57 1; 
ttag +58 7; 
ttag +59 2; 
ttag +60 4; 
ttag +61 7; 
ttag +62 4; 
ttag +63 2; 
ttag +64 4; 
ttag +65 4; 
ttag +66 8; 
ttag +67 1; 
ttag +68 2; 
ttag +69 3; 
ttag +70 4; 
ttag +71 1; 
ttag +72 3; 
ttag +73 3; 
ttag +74 5; 
ttag +75 4; 
ttag +76 3; 
ttag +77 5; 
ttag +78 2; 
ttag +79 4; 
ttag +80 4; 
ttag +81 1; 
ttag +82 7; 
ttag +83 11; 
ttag +84 1; 
tread
'Tree with tags' 
(0 (1 ((2 3 )(4 (5 (((6 7 )((11 ((14 ((17 (15 16 ))(18 (19 20 ))))(21 ((22 (23 (24 25 )))((26 27 )(28 (((29 (30 31 ))(32 ((35 (33 34 ))(36 (37 (38 39 ))))))((47 ((40 41 )(42 43 )))(46 (44 45 ))))))))))(12 13 )))(8 (9 10 )))))))); 
ttag *!; 
ttag +0 ////; 
ttag +1 ////; 
ttag +2 ////; 
ttag +3 ////; 
ttag +4 ////; 
ttag +5 ////; 
ttag +6 ////; 
ttag +7 ////; 
ttag +8 ////; 
ttag +9 ////; 
ttag +10 ////; 
ttag +11 ////; 
ttag +12 ////; 
ttag +13 ////; 
ttag +14 ////; 
ttag +15 ////; 
ttag +16 ////; 
ttag +17 ////; 
ttag +18 ////; 
ttag +19 ////; 
ttag +20 ////; 
ttag +21 ////; 
ttag +22 ////; 
ttag +23 ////; 
ttag +24 ////; 
ttag +25 ////; 
ttag +26 ////; 
ttag +27 ////; 
ttag +28 ////; 
ttag +29 ////; 
ttag +30 ////; 
ttag +31 ////; 
ttag +32 ////; 
ttag +33 ////; 
ttag +34 ////; 
ttag +35 ////; 
ttag +36 ////; 
ttag +37 ////; 
ttag +38 ////; 
ttag +39 ////; 
ttag +40 ////; 
ttag +41 ////; 
ttag +42 ////; 
ttag +43 ////; 
ttag +44 ////; 
ttag +45 ////; 
ttag +46 ////; 
ttag +47 ////; 
ttag +48 ////; 
ttag +49 100/100/100/100/100; 
ttag +50 96/96/92/94/92; 
ttag +51 96/95/90/93/94; 
ttag +52 93/90/88/95/85; 
ttag +53 31/[2]/?/3/?; 
ttag +54 60/44/46/43/50; 
ttag +55 16/[18]/?/?/?; 
ttag +56 32/0/?/8/?; 
ttag +57 93/91/86/91/85; 
ttag +58 68/58/55/59/42; 
ttag +59 9/[18]/?/?/?; 
ttag +60 44/11/?/19/10; 
ttag +61 32/0/?/7/6; 
ttag +62 69/62/43/60/35; 
ttag +63 76/74/54/74/53; 
ttag +64 60/44/23/46/18; 
ttag +65 98/98/94/98/93; 
ttag +66 70/58/46/56/36; 
ttag +67 90/88/79/92/81; 
ttag +68 99/99/99/100/100; 
ttag +69 90/89/74/88/71; 
ttag +70 53/21/10/25/10; 
ttag +71 90/88/74/86/74; 
ttag +72 86/78/61/78/57; 
ttag +73 100/100/100/100/99; 
ttag +74 50/40/38/42/34; 
ttag +75 42/26/13/26/11; 
ttag +76 53/38/26/35/18; 
ttag +77 98/98/86/92/83; 
ttag +78 36/20/10/20/15; 
ttag +79 68/62/47/64/46; 
ttag +80 83/79/72/87/71; 
ttag +81 93/90/83/95/88; 
ttag +82 70/52/33/60/48; 
ttag +83 52/31/10/33/22; 
ttag +84 82/78/63/84/73; 
ttag +85 77/74/60/69/62; 
ttag +86 83/80/64/78/70; 
ttag +87 86/85/76/84/76; 
ttag +88 60/42/42/48/33; 
ttag +89 99/99/94/98/92; 
ttag +90 16/[20]/?/?/?; 
ttag +91 26/12/6/4/10; 
ttag +92 100/100/100/100/99; 
ttag +93 34/23/24/34/28; 
ttag +94 19/3/3/?/3; 
