tread
'Tree with tags' 
(0 ((1 ((11 ((((4 5 )(14 (21 ((22 (23 (24 25 )))((26 27 )((28 (29 (30 31 )))((32 ((33 34 )(35 (36 (39 (37 38 ))))))(((40 41 )(42 43 ))(44 45 46 47 )))))))))((6 7 )(10 (8 9 ))))(12 13 )))((15 16 17 )(18 (19 20 )))))(2 3 ))); 
ttag *!; 
ttag +49 3; 
ttag +50 ???; 
ttag +51 5; 
ttag +52 1; 
ttag +53 1; 
ttag +54 3; 
ttag +55 2; 
ttag +56 4; 
ttag +57 4; 
ttag +58 2; 
ttag +59 1; 
ttag +60 1; 
ttag +61 8; 
ttag +62 2; 
ttag +63 1; 
ttag +64 5; 
ttag +65 3; 
ttag +66 10; 
ttag +67 9; 
ttag +68 5; 
ttag +69 3; 
ttag +70 4; 
ttag +71 5; 
ttag +72 3; 
ttag +73 1; 
ttag +74 7; 
ttag +75 1; 
ttag +76 3; 
ttag +77 8; 
ttag +78 4; 
ttag +79 7; 
ttag +80 2; 
ttag +81 5; 
ttag +82 6; 
ttag +83 3; 
ttag +84 3; 
ttag +85 5; 
ttag +86 5; 
ttag +87 1; 
ttag +88 3; 
ttag +89 1; 
ttag +90 5; 
ttag +91 4; 
tread
'Tree with tags' 
(0 ((1 ((11 ((((4 5 )(14 (21 ((22 (23 (24 25 )))((26 27 )((28 (29 (30 31 )))((32 ((33 34 )(35 (36 (39 (37 38 ))))))(((40 41 )(42 43 ))(46 (47 (44 45 )))))))))))((6 7 )(10 (8 9 ))))(12 13 )))((17 (15 16 ))(18 (19 20 )))))(2 3 ))); 
ttag *!; 
ttag +0 ////; 
ttag +1 ////; 
ttag +2 ////; 
ttag +3 ////; 
ttag +4 ////; 
ttag +5 ////; 
ttag +6 ////; 
ttag +7 ////; 
ttag +8 ////; 
ttag +9 ////; 
ttag +10 ////; 
ttag +11 ////; 
ttag +12 ////; 
ttag +13 ////; 
ttag +14 ////; 
ttag +15 ////; 
ttag +16 ////; 
ttag +17 ////; 
ttag +18 ////; 
ttag +19 ////; 
ttag +20 ////; 
ttag +21 ////; 
ttag +22 ////; 
ttag +23 ////; 
ttag +24 ////; 
ttag +25 ////; 
ttag +26 ////; 
ttag +27 ////; 
ttag +28 ////; 
ttag +29 ////; 
ttag +30 ////; 
ttag +31 ////; 
ttag +32 ////; 
ttag +33 ////; 
ttag +34 ////; 
ttag +35 ////; 
ttag +36 ////; 
ttag +37 ////; 
ttag +38 ////; 
ttag +39 ////; 
ttag +40 ////; 
ttag +41 ////; 
ttag +42 ////; 
ttag +43 ////; 
ttag +44 ////; 
ttag +45 ////; 
ttag +46 ////; 
ttag +47 ////; 
ttag +48 ////; 
ttag +49 62/40/14/43/10; 
ttag +50 100/100/100/100/100; 
ttag +51 98/98/95/98/96; 
ttag +52 24/0/?/?/?; 
ttag +53 11/[4]/?/?/?; 
ttag +54 31/25/4/19/0; 
ttag +55 40/29/3/19/?; 
ttag +56 54/48/23/44/13; 
ttag +57 76/72/51/75/52; 
ttag +58 72/68/62/67/59; 
ttag +59 34/22/12/13/12; 
ttag +60 68/45/24/46/41; 
ttag +61 99/99/97/98/97; 
ttag +62 69/66/48/62/49; 
ttag +63 14/[8]/?/?/?; 
ttag +64 28/[18]/?/?/?; 
ttag +65 96/94/90/92/85; 
ttag +66 51/40/25/54/26; 
ttag +67 100/100/99/100/99; 
ttag +68 99/99/99/99/100; 
ttag +69 68/59/43/59/39; 
ttag +70 81/75/64/76/76; 
ttag +71 82/77/51/80/55; 
ttag +72 97/96/96/95/95; 
ttag +73 87/82/71/76/73; 
ttag +74 43/16/8/14/1; 
ttag +75 93/91/80/92/78; 
ttag +76 41/30/18/26/16; 
ttag +77 75/70/58/71/52; 
ttag +78 99/99/95/99/96; 
ttag +79 86/77/76/82/62; 
ttag +80 98/97/95/98/92; 
ttag +81 68/59/48/64/38; 
ttag +82 93/91/86/96/81; 
ttag +83 97/96/92/98/94; 
ttag +84 90/89/76/89/76; 
ttag +85 87/86/72/89/84; 
ttag +86 97/96/88/95/91; 
ttag +87 96/96/87/95/89; 
ttag +88 64/41/29/42/21; 
ttag +89 87/84/69/82/72; 
ttag +90 70/64/53/66/50; 
ttag +91 96/95/86/95/85; 
ttag +92 28/0/?/?/?; 
ttag +93 26/0/2/?/2; 
ttag +94 95/94/82/93/86; 
