tread
'Tree with tags' 
(0 (1 ((2 3 )(4 (5 ((6 7 (8 (9 10 )))(11 (12 13 14 21 ((15 (16 17 ))(18 (19 20 )))((22 (23 (24 25 )))(26 (27 ((28 (29 (30 31 )))((32 (33 34 )(35 (36 (38 (37 39 )))))((40 (41 42 43 ))(44 45 (46 47 )))))))))))))))); 
ttag *!; 
ttag +49 ???; 
ttag +50 6; 
ttag +51 2; 
ttag +52 8; 
ttag +53 3; 
ttag +54 2; 
ttag +55 3; 
ttag +56 10; 
ttag +57 3; 
ttag +58 4; 
ttag +59 1; 
ttag +60 1; 
ttag +61 1; 
ttag +62 1; 
ttag +63 4; 
ttag +64 8; 
ttag +65 7; 
ttag +66 5; 
ttag +67 3; 
ttag +68 6; 
ttag +69 2; 
ttag +70 2; 
ttag +71 2; 
ttag +72 2; 
ttag +73 3; 
ttag +74 4; 
ttag +75 11; 
ttag +76 2; 
ttag +77 4; 
ttag +78 5; 
ttag +79 7; 
ttag +80 1; 
ttag +81 1; 
ttag +82 7; 
ttag +83 2; 
ttag +84 3; 
ttag +85 2; 
ttag +86 1; 
tread
'Tree with tags' 
(0 (1 ((2 3 )(4 (5 ((6 (7 (8 (9 10 ))))(11 ((12 (13 ((22 (23 (24 25 )))(26 (27 ((28 (29 (30 31 )))((32 ((33 34 )(35 (36 (38 (37 39 ))))))((40 (43 (41 42 )))(45 (44 (46 47 )))))))))))(14 (21 ((15 (16 17 ))(18 (19 20 ))))))))))))); 
ttag *!; 
ttag +0 ////; 
ttag +1 ////; 
ttag +2 ////; 
ttag +3 ////; 
ttag +4 ////; 
ttag +5 ////; 
ttag +6 ////; 
ttag +7 ////; 
ttag +8 ////; 
ttag +9 ////; 
ttag +10 ////; 
ttag +11 ////; 
ttag +12 ////; 
ttag +13 ////; 
ttag +14 ////; 
ttag +15 ////; 
ttag +16 ////; 
ttag +17 ////; 
ttag +18 ////; 
ttag +19 ////; 
ttag +20 ////; 
ttag +21 ////; 
ttag +22 ////; 
ttag +23 ////; 
ttag +24 ////; 
ttag +25 ////; 
ttag +26 ////; 
ttag +27 ////; 
ttag +28 ////; 
ttag +29 ////; 
ttag +30 ////; 
ttag +31 ////; 
ttag +32 ////; 
ttag +33 ////; 
ttag +34 ////; 
ttag +35 ////; 
ttag +36 ////; 
ttag +37 ////; 
ttag +38 ////; 
ttag +39 ////; 
ttag +40 ////; 
ttag +41 ////; 
ttag +42 ////; 
ttag +43 ////; 
ttag +44 ////; 
ttag +45 ////; 
ttag +46 ////; 
ttag +47 ////; 
ttag +48 ////; 
ttag +49 100/100/100/100/100; 
ttag +50 96/94/90/98/91; 
ttag +51 66/43/32/46/27; 
ttag +52 93/91/81/92/84; 
ttag +53 68/61/43/62/45; 
ttag +54 62/55/40/54/35; 
ttag +55 59/52/32/52/34; 
ttag +56 4/[8]/?/?/?; 
ttag +57 100/100/99/100/100; 
ttag +58 80/73/70/76/66; 
ttag +59 68/61/43/62/45; 
ttag +60 4/[20]/?/?/?; 
ttag +61 55/48/34/48/33; 
ttag +62 7/[16]/?/?/?; 
ttag +63 13/[8]/1/2/4; 
ttag +64 84/75/68/74/64; 
ttag +65 46/24/28/30/30; 
ttag +66 22/0/4/5/6; 
ttag +67 57/43/38/48/49; 
ttag +68 94/92/90/93/92; 
ttag +69 100/100/100/100/100; 
ttag +70 99/99/99/100/100; 
ttag +71 85/82/66/90/78; 
ttag +72 80/65/57/65/52; 
ttag +73 96/94/89/93/91; 
ttag +74 60/48/38/54/44; 
ttag +75 63/50/40/59/47; 
ttag +76 40/26/11/38/15; 
ttag +77 84/81/68/81/72; 
ttag +78 71/66/58/71/66; 
ttag +79 93/91/85/87/88; 
ttag +80 99/99/98/100/98; 
ttag +81 49/37/24/44/23; 
ttag +82 93/91/85/91/80; 
ttag +83 32/0/?/0/9; 
ttag +84 97/96/84/95/88; 
ttag +85 99/99/93/98/94; 
ttag +86 70/70/67/70/69; 
ttag +87 58/30/21/33/36; 
ttag +88 100/100/98/98/95; 
ttag +89 66/60/48/64/42; 
ttag +90 54/24/11/17/6; 
ttag +91 89/88/78/89/78; 
ttag +92 25/1/?/2/?; 
ttag +93 60/52/50/55/45; 
ttag +94 69/66/55/62/56; 
