tread
'Tree with tags' 
(0 (1 ((2 3 )(4 (5 ((6 7 (8 9 10 ))(11 ((14 ((12 13 )(21 ((22 (23 (24 25 )))(26 27 28 (29 (30 31 ))(32 35 36 (33 34 )(37 38 39 ))(40 (41 (42 43 )))(44 45 (46 47 )))))))(18 ((15 (16 17 ))(19 20 ))))))))))); 
ttag *!; 
ttag +49 ???; 
ttag +50 5; 
ttag +51 2; 
ttag +52 1; 
ttag +53 1; 
ttag +54 1; 
ttag +55 1; 
ttag +56 3; 
ttag +57 2; 
ttag +58 3; 
ttag +59 2; 
ttag +60 1; 
ttag +61 5; 
ttag +62 2; 
ttag +63 1; 
ttag +64 2; 
ttag +65 1; 
ttag +66 7; 
ttag +67 2; 
ttag +68 7; 
ttag +69 1; 
ttag +70 10; 
ttag +71 5; 
ttag +72 5; 
ttag +73 5; 
ttag +74 1; 
ttag +75 6; 
ttag +76 6; 
ttag +77 6; 
ttag +78 7; 
ttag +79 5; 
ttag +80 5; 
ttag +81 1; 
ttag +82 1; 
tread
'Tree with tags' 
(0 (1 ((2 3 )(4 (5 ((7 (6 (8 (9 10 ))))(11 ((14 ((12 13 )(21 ((22 (23 (24 25 )))(26 (27 (28 (((29 (30 31 ))((32 ((33 34 )((35 36 )(37 (38 39 )))))((44 45 )(46 47 ))))(40 (41 (42 43 )))))))))))(18 ((15 (16 17 ))(19 20 ))))))))))); 
ttag *!; 
ttag +0 ////; 
ttag +1 ////; 
ttag +2 ////; 
ttag +3 ////; 
ttag +4 ////; 
ttag +5 ////; 
ttag +6 ////; 
ttag +7 ////; 
ttag +8 ////; 
ttag +9 ////; 
ttag +10 ////; 
ttag +11 ////; 
ttag +12 ////; 
ttag +13 ////; 
ttag +14 ////; 
ttag +15 ////; 
ttag +16 ////; 
ttag +17 ////; 
ttag +18 ////; 
ttag +19 ////; 
ttag +20 ////; 
ttag +21 ////; 
ttag +22 ////; 
ttag +23 ////; 
ttag +24 ////; 
ttag +25 ////; 
ttag +26 ////; 
ttag +27 ////; 
ttag +28 ////; 
ttag +29 ////; 
ttag +30 ////; 
ttag +31 ////; 
ttag +32 ////; 
ttag +33 ////; 
ttag +34 ////; 
ttag +35 ////; 
ttag +36 ////; 
ttag +37 ////; 
ttag +38 ////; 
ttag +39 ////; 
ttag +40 ////; 
ttag +41 ////; 
ttag +42 ////; 
ttag +43 ////; 
ttag +44 ////; 
ttag +45 ////; 
ttag +46 ////; 
ttag +47 ////; 
ttag +48 ////; 
ttag +49 100/100/100/100/100; 
ttag +50 97/97/95/100/96; 
ttag +51 81/76/66/73/62; 
ttag +52 62/37/33/50/38; 
ttag +53 52/34/38/52/35; 
ttag +54 7/[52]/?/?/?; 
ttag +55 30/19/16/20/10; 
ttag +56 34/23/22/26/22; 
ttag +57 93/91/86/96/85; 
ttag +58 30/[19]/?/?/?; 
ttag +59 46/36/26/30/21; 
ttag +60 74/72/56/68/60; 
ttag +61 23/6/?/8/9; 
ttag +62 22/5/0/6/4; 
ttag +63 92/91/79/94/82; 
ttag +64 70/51/43/56/51; 
ttag +65 25/[36]/?/?/?; 
ttag +66 72/66/64/70/47; 
ttag +67 45/30/22/30/26; 
ttag +68 100/100/100/99/99; 
ttag +69 49/41/34/40/30; 
ttag +70 99/99/98/99/99; 
ttag +71 54/45/32/45/26; 
ttag +72 100/100/99/100/100; 
ttag +73 98/98/94/97/93; 
ttag +74 83/76/75/80/70; 
ttag +75 22/6/8/12/4; 
ttag +76 13/[6]/?/?/?; 
ttag +77 98/97/90/98/92; 
ttag +78 32/12/8/17/4; 
ttag +79 37/17/14/20/13; 
ttag +80 77/70/60/76/60; 
ttag +81 98/98/93/98/95; 
ttag +82 34/17/17/18/18; 
ttag +83 99/99/98/99/94; 
ttag +84 72/60/52/56/46; 
ttag +85 29/3/?/9/3; 
ttag +86 15/1/?/0/?; 
ttag +87 93/92/88/92/86; 
ttag +88 50/30/31/24/26; 
ttag +89 100/100/99/99/98; 
ttag +90 92/90/86/94/78; 
ttag +91 97/96/91/94/91; 
ttag +92 22/[1]/?/?/?; 
ttag +93 82/74/68/82/62; 
ttag +94 54/37/29/45/37; 
