tread
'Tree with tags' 
(0 (1 ((2 3 )(4 (5 (7 (6 (8 (9 10 ))))(11 14 18 (12 13 )(15 (16 17 ))(19 20 )(21 ((22 (23 (24 25 )))((27 (26 28 ))((29 (30 31 ))(((32 (35 (36 (37 (38 39 )))))(33 34 ))((40 (41 (42 43 )))(47 (46 (44 45 ))))))))))))))); 
ttag *!; 
ttag +49 ???; 
ttag +50 4; 
ttag +51 5; 
ttag +52 7; 
ttag +53 3; 
ttag +54 1; 
ttag +55 1; 
ttag +56 8; 
ttag +57 1; 
ttag +58 2; 
ttag +59 4; 
ttag +60 8; 
ttag +61 6; 
ttag +62 7; 
ttag +63 2; 
ttag +64 3; 
ttag +65 2; 
ttag +66 9; 
ttag +67 9; 
ttag +68 1; 
ttag +69 2; 
ttag +70 5; 
ttag +71 6; 
ttag +72 1; 
ttag +73 4; 
ttag +74 1; 
ttag +75 5; 
ttag +76 1; 
ttag +77 2; 
ttag +78 3; 
ttag +79 5; 
ttag +80 10; 
ttag +81 2; 
ttag +82 5; 
ttag +83 2; 
ttag +84 1; 
ttag +85 3; 
ttag +86 2; 
ttag +87 2; 
ttag +88 4; 
tread
'Tree with tags' 
(0 (1 ((2 3 )(4 (5 ((7 (6 (8 (9 10 ))))(((11 (21 ((22 (23 (24 25 )))((27 (26 28 ))((29 (30 31 ))(((32 (35 (36 (37 (38 39 )))))(33 34 ))((40 (41 (42 43 )))(47 (46 (44 45 ))))))))))(14 (19 20 )))((18 (12 13 ))(15 (16 17 )))))))))); 
ttag *!; 
ttag +0 ////; 
ttag +1 ////; 
ttag +2 ////; 
ttag +3 ////; 
ttag +4 ////; 
ttag +5 ////; 
ttag +6 ////; 
ttag +7 ////; 
ttag +8 ////; 
ttag +9 ////; 
ttag +10 ////; 
ttag +11 ////; 
ttag +12 ////; 
ttag +13 ////; 
ttag +14 ////; 
ttag +15 ////; 
ttag +16 ////; 
ttag +17 ////; 
ttag +18 ////; 
ttag +19 ////; 
ttag +20 ////; 
ttag +21 ////; 
ttag +22 ////; 
ttag +23 ////; 
ttag +24 ////; 
ttag +25 ////; 
ttag +26 ////; 
ttag +27 ////; 
ttag +28 ////; 
ttag +29 ////; 
ttag +30 ////; 
ttag +31 ////; 
ttag +32 ////; 
ttag +33 ////; 
ttag +34 ////; 
ttag +35 ////; 
ttag +36 ////; 
ttag +37 ////; 
ttag +38 ////; 
ttag +39 ////; 
ttag +40 ////; 
ttag +41 ////; 
ttag +42 ////; 
ttag +43 ////; 
ttag +44 ////; 
ttag +45 ////; 
ttag +46 ////; 
ttag +47 ////; 
ttag +48 ////; 
ttag +49 100/100/100/100/100; 
ttag +50 89/87/69/83/70; 
ttag +51 97/96/93/97/90; 
ttag +52 95/94/84/94/85; 
ttag +53 58/48/28/63/25; 
ttag +54 54/48/21/42/28; 
ttag +55 59/53/36/53/44; 
ttag +56 37/28/12/30/12; 
ttag +57 100/100/100/100/100; 
ttag +58 56/39/35/57/41; 
ttag +59 8/[6]/?/?/?; 
ttag +60 3/[36]/?/?/?; 
ttag +61 52/45/27/55/26; 
ttag +62 90/89/74/86/71; 
ttag +63 5/[34]/?/?/?; 
ttag +64 11/[29]/?/?/?; 
ttag +65 23/[16]/?/?/?; 
ttag +66 96/96/92/99/94; 
ttag +67 99/99/98/100/99; 
ttag +68 100/100/100/100/100; 
ttag +69 43/38/14/46/24; 
ttag +70 53/42/34/35/27; 
ttag +71 46/38/19/44/24; 
ttag +72 99/98/95/98/94; 
ttag +73 99/99/98/99/96; 
ttag +74 11/[11]/?/?/?; 
ttag +75 27/4/?/4/6; 
ttag +76 63/57/49/67/46; 
ttag +77 78/72/59/76/61; 
ttag +78 30/8/8/14/13; 
ttag +79 90/87/83/90/85; 
ttag +80 29/15/4/12/14; 
ttag +81 72/66/53/72/54; 
ttag +82 52/30/24/33/23; 
ttag +83 66/51/42/52/39; 
ttag +84 70/62/50/55/60; 
ttag +85 90/88/80/89/80; 
ttag +86 98/98/97/99/97; 
ttag +87 73/63/55/70/57; 
ttag +88 77/70/64/80/67; 
ttag +89 70/62/64/70/64; 
ttag +90 46/18/2/26/16; 
ttag +91 90/88/75/84/80; 
ttag +92 54/46/50/44/45; 
ttag +93 58/46/35/39/34; 
ttag +94 77/72/56/82/66; 
