tread
'Tree with tags' 
(0 (1 (2 3 )(4 (5 ((6 7 )(8 (9 10 ))(11 ((12 13 )(14 ((17 (15 16 ))(18 (19 20 )))(21 ((22 (23 (24 25 )))(26 (27 (28 (((29 (30 31 ))(40 (41 (42 43 )))(44 45 46 47 ))(32 33 34 (35 (36 (37 38 39 )))))))))))))))))); 
ttag *!; 
ttag +49 ???; 
ttag +50 1; 
ttag +51 3; 
ttag +52 1; 
ttag +53 1; 
ttag +54 1; 
ttag +55 7; 
ttag +56 2; 
ttag +57 1; 
ttag +58 1; 
ttag +59 1; 
ttag +60 2; 
ttag +61 2; 
ttag +62 3; 
ttag +63 3; 
ttag +64 4; 
ttag +65 4; 
ttag +66 4; 
ttag +67 5; 
ttag +68 3; 
ttag +69 9; 
ttag +70 9; 
ttag +71 6; 
ttag +72 1; 
ttag +73 1; 
ttag +74 5; 
ttag +75 1; 
ttag +76 2; 
ttag +77 7; 
ttag +78 6; 
ttag +79 1; 
ttag +80 2; 
ttag +81 4; 
ttag +82 7; 
ttag +83 3; 
ttag +84 4; 
ttag +85 5; 
tread
'Tree with tags' 
(0 ((1 (4 (5 (((6 7 )(11 ((12 13 )(14 (((17 (15 16 ))(18 (19 20 )))(21 ((22 (23 (24 25 )))(26 (27 (28 ((((29 (30 31 ))(40 (41 (42 43 ))))(45 (44 (46 47 ))))(33 ((32 34 )(35 (36 (37 (38 39 )))))))))))))))))(8 (9 10 ))))))(2 3 ))); 
ttag *!; 
ttag +0 ////; 
ttag +1 ////; 
ttag +2 ////; 
ttag +3 ////; 
ttag +4 ////; 
ttag +5 ////; 
ttag +6 ////; 
ttag +7 ////; 
ttag +8 ////; 
ttag +9 ////; 
ttag +10 ////; 
ttag +11 ////; 
ttag +12 ////; 
ttag +13 ////; 
ttag +14 ////; 
ttag +15 ////; 
ttag +16 ////; 
ttag +17 ////; 
ttag +18 ////; 
ttag +19 ////; 
ttag +20 ////; 
ttag +21 ////; 
ttag +22 ////; 
ttag +23 ////; 
ttag +24 ////; 
ttag +25 ////; 
ttag +26 ////; 
ttag +27 ////; 
ttag +28 ////; 
ttag +29 ////; 
ttag +30 ////; 
ttag +31 ////; 
ttag +32 ////; 
ttag +33 ////; 
ttag +34 ////; 
ttag +35 ////; 
ttag +36 ////; 
ttag +37 ////; 
ttag +38 ////; 
ttag +39 ////; 
ttag +40 ////; 
ttag +41 ////; 
ttag +42 ////; 
ttag +43 ////; 
ttag +44 ////; 
ttag +45 ////; 
ttag +46 ////; 
ttag +47 ////; 
ttag +48 ////; 
ttag +49 34/[4]/?/?/?; 
ttag +50 100/100/100/100/100; 
ttag +51 74/69/58/64/58; 
ttag +52 75/70/57/76/53; 
ttag +53 40/28/26/36/28; 
ttag +54 58/52/48/50/42; 
ttag +55 4/[12]/?/?/?; 
ttag +56 19/2/?/4/?; 
ttag +57 99/99/94/98/96; 
ttag +58 76/68/54/63/55; 
ttag +59 27/11/13/11/7; 
ttag +60 41/31/30/36/30; 
ttag +61 36/28/18/32/22; 
ttag +62 48/40/26/40/26; 
ttag +63 77/68/60/71/58; 
ttag +64 81/72/66/74/56; 
ttag +65 87/83/78/87/77; 
ttag +66 17/[3]/?/?/?; 
ttag +67 94/92/81/89/79; 
ttag +68 95/93/90/97/92; 
ttag +69 88/86/81/88/77; 
ttag +70 97/96/86/95/90; 
ttag +71 91/90/75/90/77; 
ttag +72 99/99/97/98/94; 
ttag +73 100/100/98/100/98; 
ttag +74 95/94/88/98/89; 
ttag +75 23/0/?/7/?; 
ttag +76 30/6/?/13/2; 
ttag +77 92/91/89/93/83; 
ttag +78 19/[2]/?/1/?; 
ttag +79 34/24/18/31/13; 
ttag +80 63/58/39/64/40; 
ttag +81 98/98/93/96/94; 
ttag +82 20/[32]/?/?/?; 
ttag +83 17/[36]/?/?/?; 
ttag +84 92/91/80/93/79; 
ttag +85 62/56/46/58/43; 
ttag +86 65/54/45/57/47; 
ttag +87 92/89/80/91/76; 
ttag +88 44/28/9/21/9; 
ttag +89 99/99/93/98/93; 
ttag +90 90/86/79/86/80; 
ttag +91 94/90/88/92/86; 
ttag +92 42/32/27/31/32; 
ttag +93 86/85/73/90/77; 
ttag +94 65/56/48/48/50; 
