tread
'Tree with tags' 
(0 (1 ((2 3 )(4 ((5 ((6 7 )(8 (9 10 ))))(11 ((12 13 (15 16 17 ))((14 (18 (19 20 )))(21 (22 (23 (24 25 )))(26 (27 (28 ((29 (30 31 ))((32 ((33 34 )(35 (36 (37 38 39 )))))((41 (40 (42 43 )))(46 (44 (45 47 )))))))))))))))))); 
ttag *!; 
ttag +49 ???; 
ttag +50 5; 
ttag +51 5; 
ttag +52 3; 
ttag +53 1; 
ttag +54 3; 
ttag +55 4; 
ttag +56 4; 
ttag +57 15; 
ttag +58 5; 
ttag +59 3; 
ttag +60 1; 
ttag +61 1; 
ttag +62 1; 
ttag +63 1; 
ttag +64 3; 
ttag +65 4; 
ttag +66 4; 
ttag +67 1; 
ttag +68 1; 
ttag +69 4; 
ttag +70 9; 
ttag +71 6; 
ttag +72 1; 
ttag +73 1; 
ttag +74 5; 
ttag +75 2; 
ttag +76 1; 
ttag +77 7; 
ttag +78 1; 
ttag +79 3; 
ttag +80 2; 
ttag +81 3; 
ttag +82 3; 
ttag +83 4; 
ttag +84 2; 
ttag +85 5; 
ttag +86 1; 
ttag +87 9; 
ttag +88 2; 
ttag +89 4; 
ttag +90 1; 
tread
'Tree with tags' 
(0 (1 ((2 3 )(4 ((5 ((6 7 )(8 (9 10 ))))(11 (((12 13 )(15 (16 17 )))((14 (18 (19 20 )))(21 ((22 (23 (24 25 )))(26 (27 (28 ((29 (30 31 ))((32 ((33 34 )(35 (36 (39 (37 38 ))))))((41 (40 (42 43 )))(46 (44 (45 47 ))))))))))))))))))); 
ttag *!; 
ttag +0 ////; 
ttag +1 ////; 
ttag +2 ////; 
ttag +3 ////; 
ttag +4 ////; 
ttag +5 ////; 
ttag +6 ////; 
ttag +7 ////; 
ttag +8 ////; 
ttag +9 ////; 
ttag +10 ////; 
ttag +11 ////; 
ttag +12 ////; 
ttag +13 ////; 
ttag +14 ////; 
ttag +15 ////; 
ttag +16 ////; 
ttag +17 ////; 
ttag +18 ////; 
ttag +19 ////; 
ttag +20 ////; 
ttag +21 ////; 
ttag +22 ////; 
ttag +23 ////; 
ttag +24 ////; 
ttag +25 ////; 
ttag +26 ////; 
ttag +27 ////; 
ttag +28 ////; 
ttag +29 ////; 
ttag +30 ////; 
ttag +31 ////; 
ttag +32 ////; 
ttag +33 ////; 
ttag +34 ////; 
ttag +35 ////; 
ttag +36 ////; 
ttag +37 ////; 
ttag +38 ////; 
ttag +39 ////; 
ttag +40 ////; 
ttag +41 ////; 
ttag +42 ////; 
ttag +43 ////; 
ttag +44 ////; 
ttag +45 ////; 
ttag +46 ////; 
ttag +47 ////; 
ttag +48 ////; 
ttag +49 100/100/100/100/100; 
ttag +50 96/96/90/93/87; 
ttag +51 97/97/88/96/83; 
ttag +52 89/88/72/82/66; 
ttag +53 40/30/23/26/16; 
ttag +54 80/76/58/75/62; 
ttag +55 94/92/83/92/82; 
ttag +56 89/86/76/88/76; 
ttag +57 100/100/100/100/100; 
ttag +58 98/98/91/98/94; 
ttag +59 79/76/62/78/66; 
ttag +60 24/[4]/10/7/6; 
ttag +61 28/[6]/?/2/?; 
ttag +62 44/34/30/36/36; 
ttag +63 17/[18]/?/?/?; 
ttag +64 26/[8]/?/?/?; 
ttag +65 91/89/81/86/78; 
ttag +66 32/14/10/11/4; 
ttag +67 92/89/88/96/90; 
ttag +68 98/98/96/99/97; 
ttag +69 40/30/29/44/23; 
ttag +70 50/24/25/26/0; 
ttag +71 56/30/16/20/27; 
ttag +72 94/90/81/94/87; 
ttag +73 99/98/99/100/99; 
ttag +74 97/96/90/98/94; 
ttag +75 47/16/12/18/?; 
ttag +76 48/29/25/35/8; 
ttag +77 88/86/78/87/78; 
ttag +78 70/66/51/68/49; 
ttag +79 52/29/26/38/33; 
ttag +80 85/82/63/81/60; 
ttag +81 32/11/11/18/9; 
ttag +82 79/74/68/80/71; 
ttag +83 60/52/38/50/34; 
ttag +84 80/75/59/70/62; 
ttag +85 83/79/67/74/65; 
ttag +86 26/[5]/?/?/?; 
ttag +87 91/89/77/85/75; 
ttag +88 54/31/23/40/40; 
ttag +89 93/90/84/91/85; 
ttag +90 49/33/33/37/31; 
ttag +91 99/99/98/100/100; 
ttag +92 51/36/30/42/24; 
ttag +93 75/67/55/69/62; 
ttag +94 18/0/1/11/1; 
