tread
'Tree with tags' 
(0 (1 ((2 3 )(4 (5 (11 ((6 7 )(8 (9 10 )))((12 13 )((14 ((15 (16 17 ))(18 (19 20 ))))(21 ((22 (23 (24 25 )))(26 ((27 (28 (29 (30 31 ))))((32 ((33 34 )(35 (36 (39 (37 38 ))))))((40 (41 (42 43 )))((44 45 )(46 47 )))))))))))))))); 
ttag *!; 
ttag +49 ???; 
ttag +50 4; 
ttag +51 10; 
ttag +52 5; 
ttag +53 2; 
ttag +54 2; 
ttag +55 1; 
ttag +56 1; 
ttag +57 11; 
ttag +58 2; 
ttag +59 1; 
ttag +60 2; 
ttag +61 1; 
ttag +62 2; 
ttag +63 1; 
ttag +64 1; 
ttag +65 3; 
ttag +66 2; 
ttag +67 6; 
ttag +68 3; 
ttag +69 6; 
ttag +70 1; 
ttag +71 4; 
ttag +72 7; 
ttag +73 4; 
ttag +74 1; 
ttag +75 1; 
ttag +76 1; 
ttag +77 6; 
ttag +78 1; 
ttag +79 12; 
ttag +80 1; 
ttag +81 4; 
ttag +82 2; 
ttag +83 4; 
ttag +84 7; 
ttag +85 1; 
ttag +86 8; 
ttag +87 8; 
ttag +88 1; 
ttag +89 3; 
ttag +90 5; 
ttag +91 2; 
ttag +92 2; 
ttag +93 2; 
tread
'Tree with tags' 
(0 (1 ((2 3 )(4 (5 (11 (((6 7 )(8 (9 10 )))((12 13 )((14 ((15 (16 17 ))(18 (19 20 ))))(21 ((22 (23 (24 25 )))(26 ((27 (28 (29 (30 31 ))))((32 ((33 34 )(35 (36 (39 (37 38 ))))))((40 (41 (42 43 )))((44 45 )(46 47 ))))))))))))))))); 
ttag *!; 
ttag +0 ////; 
ttag +1 ////; 
ttag +2 ////; 
ttag +3 ////; 
ttag +4 ////; 
ttag +5 ////; 
ttag +6 ////; 
ttag +7 ////; 
ttag +8 ////; 
ttag +9 ////; 
ttag +10 ////; 
ttag +11 ////; 
ttag +12 ////; 
ttag +13 ////; 
ttag +14 ////; 
ttag +15 ////; 
ttag +16 ////; 
ttag +17 ////; 
ttag +18 ////; 
ttag +19 ////; 
ttag +20 ////; 
ttag +21 ////; 
ttag +22 ////; 
ttag +23 ////; 
ttag +24 ////; 
ttag +25 ////; 
ttag +26 ////; 
ttag +27 ////; 
ttag +28 ////; 
ttag +29 ////; 
ttag +30 ////; 
ttag +31 ////; 
ttag +32 ////; 
ttag +33 ////; 
ttag +34 ////; 
ttag +35 ////; 
ttag +36 ////; 
ttag +37 ////; 
ttag +38 ////; 
ttag +39 ////; 
ttag +40 ////; 
ttag +41 ////; 
ttag +42 ////; 
ttag +43 ////; 
ttag +44 ////; 
ttag +45 ////; 
ttag +46 ////; 
ttag +47 ////; 
ttag +48 ////; 
ttag +49 100/100/100/100/100; 
ttag +50 93/91/84/95/79; 
ttag +51 100/100/100/100/99; 
ttag +52 69/54/52/52/50; 
ttag +53 54/39/33/38/32; 
ttag +54 82/78/78/80/72; 
ttag +55 48/33/32/28/24; 
ttag +56 3/[42]/?/?/?; 
ttag +57 40/23/18/19/17; 
ttag +58 99/98/95/98/97; 
ttag +59 66/58/54/53/48; 
ttag +60 39/29/20/27/21; 
ttag +61 41/35/32/36/28; 
ttag +62 52/45/39/38/42; 
ttag +63 63/56/36/55/38; 
ttag +64 62/48/46/56/51; 
ttag +65 34/[12]/?/?/9; 
ttag +66 88/84/77/82/79; 
ttag +67 87/85/80/86/80; 
ttag +68 97/96/97/97/98; 
ttag +69 74/69/49/61/49; 
ttag +70 98/98/95/99/92; 
ttag +71 77/73/72/66/65; 
ttag +72 94/92/88/95/84; 
ttag +73 99/98/95/99/92; 
ttag +74 81/78/57/79/67; 
ttag +75 6/[30]/?/?/?; 
ttag +76 55/38/23/41/25; 
ttag +77 24/10/4/14/3; 
ttag +78 97/96/90/97/95; 
ttag +79 66/54/49/46/49; 
ttag +80 100/100/98/100/97; 
ttag +81 14/[3]/?/?/?; 
ttag +82 94/92/87/93/84; 
ttag +83 69/62/52/59/48; 
ttag +84 84/82/73/83/67; 
ttag +85 98/98/94/98/95; 
ttag +86 64/64/60/64/60; 
ttag +87 99/98/99/100/98; 
ttag +88 97/96/93/98/88; 
ttag +89 18/4/7/6/?; 
ttag +90 74/59/42/60/35; 
ttag +91 99/99/96/99/96; 
ttag +92 46/39/42/49/38; 
ttag +93 51/42/40/45/37; 
ttag +94 68/62/56/67/56; 
