tread
'Tree with tags' 
(0 (1 ((2 3 )(4 5 11 (((6 7 )(8 (9 10 )))((12 13 )((14 ((17 (15 16 ))(18 (19 20 ))))(21 ((22 (23 (24 25 )))(26 ((27 28 )((29 (30 31 ))(((35 (32 (33 34 )))(36 (37 (38 39 ))))((40 (41 (42 43 )))(45 (44 (46 47 ))))))))))))))))); 
ttag *!; 
ttag +49 ???; 
ttag +50 5; 
ttag +51 2; 
ttag +52 3; 
ttag +53 1; 
ttag +54 4; 
ttag +55 2; 
ttag +56 4; 
ttag +57 2; 
ttag +58 4; 
ttag +59 2; 
ttag +60 2; 
ttag +61 1; 
ttag +62 1; 
ttag +63 11; 
ttag +64 6; 
ttag +65 2; 
ttag +66 12; 
ttag +67 1; 
ttag +68 6; 
ttag +69 4; 
ttag +70 5; 
ttag +71 6; 
ttag +72 5; 
ttag +73 1; 
ttag +74 2; 
ttag +75 7; 
ttag +76 1; 
ttag +77 4; 
ttag +78 1; 
ttag +79 1; 
ttag +80 7; 
ttag +81 1; 
ttag +82 3; 
ttag +83 8; 
ttag +84 6; 
ttag +85 3; 
ttag +86 13; 
ttag +87 2; 
ttag +88 4; 
ttag +89 8; 
ttag +90 2; 
ttag +91 2; 
ttag +92 2; 
tread
'Tree with tags' 
(0 (1 ((2 3 )(5 (11 (4 (((6 7 )(8 (9 10 )))((12 13 )((14 ((17 (15 16 ))(18 (19 20 ))))(21 ((22 (23 (24 25 )))(26 ((27 28 )((29 (30 31 ))(((35 (32 (33 34 )))(36 (37 (38 39 ))))((40 (41 (42 43 )))(45 (44 (46 47 ))))))))))))))))))); 
ttag *!; 
ttag +0 ////; 
ttag +1 ////; 
ttag +2 ////; 
ttag +3 ////; 
ttag +4 ////; 
ttag +5 ////; 
ttag +6 ////; 
ttag +7 ////; 
ttag +8 ////; 
ttag +9 ////; 
ttag +10 ////; 
ttag +11 ////; 
ttag +12 ////; 
ttag +13 ////; 
ttag +14 ////; 
ttag +15 ////; 
ttag +16 ////; 
ttag +17 ////; 
ttag +18 ////; 
ttag +19 ////; 
ttag +20 ////; 
ttag +21 ////; 
ttag +22 ////; 
ttag +23 ////; 
ttag +24 ////; 
ttag +25 ////; 
ttag +26 ////; 
ttag +27 ////; 
ttag +28 ////; 
ttag +29 ////; 
ttag +30 ////; 
ttag +31 ////; 
ttag +32 ////; 
ttag +33 ////; 
ttag +34 ////; 
ttag +35 ////; 
ttag +36 ////; 
ttag +37 ////; 
ttag +38 ////; 
ttag +39 ////; 
ttag +40 ////; 
ttag +41 ////; 
ttag +42 ////; 
ttag +43 ////; 
ttag +44 ////; 
ttag +45 ////; 
ttag +46 ////; 
ttag +47 ////; 
ttag +48 ////; 
ttag +49 100/100/100/100/100; 
ttag +50 98/98/91/97/94; 
ttag +51 80/74/70/76/65; 
ttag +52 10/[34]/?/?/?; 
ttag +53 26/0/5/?/?; 
ttag +54 84/77/71/82/66; 
ttag +55 68/52/52/61/54; 
ttag +56 95/93/89/93/84; 
ttag +57 45/34/23/38/24; 
ttag +58 98/98/98/99/97; 
ttag +59 94/92/87/89/91; 
ttag +60 80/77/61/79/64; 
ttag +61 62/58/39/60/36; 
ttag +62 64/59/46/60/48; 
ttag +63 36/19/14/13/13; 
ttag +64 54/34/20/31/19; 
ttag +65 99/99/100/100/100; 
ttag +66 95/94/92/93/90; 
ttag +67 78/71/63/64/60; 
ttag +68 100/100/100/100/100; 
ttag +69 42/26/16/22/18; 
ttag +70 99/99/95/99/96; 
ttag +71 74/66/47/64/48; 
ttag +72 96/94/90/95/88; 
ttag +73 100/100/98/99/98; 
ttag +74 90/89/74/88/79; 
ttag +75 32/14/1/15/8; 
ttag +76 54/48/33/54/38; 
ttag +77 100/100/99/100/99; 
ttag +78 49/42/26/36/33; 
ttag +79 91/85/82/90/82; 
ttag +80 18/[3]/?/0/?; 
ttag +81 16/[24]/?/?/?; 
ttag +82 96/96/90/97/91; 
ttag +83 60/52/41/52/42; 
ttag +84 77/68/54/64/62; 
ttag +85 100/100/99/98/100; 
ttag +86 100/100/97/100/98; 
ttag +87 92/90/81/91/82; 
ttag +88 100/100/98/100/98; 
ttag +89 63/52/36/55/42; 
ttag +90 66/50/52/52/56; 
ttag +91 100/100/100/100/100; 
ttag +92 26/[1]/?/?/?; 
ttag +93 45/18/20/15/12; 
ttag +94 36/8/4/11/4; 
