tread
'Tree with tags' 
(0 (1 ((2 3 )(4 5 11 12 13 (6 7 )(8 (9 10 ))((14 (15 (16 17 )))(18 (19 20 )))(21 (22 ((23 (24 25 ))((26 27 28 ((32 ((33 34 )(35 (36 (37 (38 39 ))))))((40 41 (42 43 ))((44 45 )(46 47 )))))(29 (30 31 )))))))))); 
ttag *!; 
ttag +49 ???; 
ttag +50 7; 
ttag +51 3; 
ttag +52 7; 
ttag +53 2; 
ttag +54 5; 
ttag +55 1; 
ttag +56 1; 
ttag +57 3; 
ttag +58 10; 
ttag +59 1; 
ttag +60 4; 
ttag +61 8; 
ttag +62 3; 
ttag +63 5; 
ttag +64 6; 
ttag +65 1; 
ttag +66 9; 
ttag +67 1; 
ttag +68 6; 
ttag +69 4; 
ttag +70 6; 
ttag +71 8; 
ttag +72 1; 
ttag +73 8; 
ttag +74 3; 
ttag +75 1; 
ttag +76 5; 
ttag +77 4; 
ttag +78 1; 
ttag +79 7; 
ttag +80 1; 
ttag +81 8; 
ttag +82 1; 
ttag +83 1; 
ttag +84 1; 
tread
'Tree with tags' 
(0 (1 ((2 3 )(4 (5 ((6 7 )((8 (9 10 ))((11 (13 (21 (22 ((23 (24 25 ))((26 (27 (28 ((32 ((33 34 )(35 (36 (37 (38 39 ))))))(((40 41 )(42 43 ))((44 45 )(46 47 )))))))(29 (30 31 ))))))))(12 ((14 (15 (16 17 )))(18 (19 20 )))))))))))); 
ttag *!; 
ttag +0 ////; 
ttag +1 ////; 
ttag +2 ////; 
ttag +3 ////; 
ttag +4 ////; 
ttag +5 ////; 
ttag +6 ////; 
ttag +7 ////; 
ttag +8 ////; 
ttag +9 ////; 
ttag +10 ////; 
ttag +11 ////; 
ttag +12 ////; 
ttag +13 ////; 
ttag +14 ////; 
ttag +15 ////; 
ttag +16 ////; 
ttag +17 ////; 
ttag +18 ////; 
ttag +19 ////; 
ttag +20 ////; 
ttag +21 ////; 
ttag +22 ////; 
ttag +23 ////; 
ttag +24 ////; 
ttag +25 ////; 
ttag +26 ////; 
ttag +27 ////; 
ttag +28 ////; 
ttag +29 ////; 
ttag +30 ////; 
ttag +31 ////; 
ttag +32 ////; 
ttag +33 ////; 
ttag +34 ////; 
ttag +35 ////; 
ttag +36 ////; 
ttag +37 ////; 
ttag +38 ////; 
ttag +39 ////; 
ttag +40 ////; 
ttag +41 ////; 
ttag +42 ////; 
ttag +43 ////; 
ttag +44 ////; 
ttag +45 ////; 
ttag +46 ////; 
ttag +47 ////; 
ttag +48 ////; 
ttag +49 100/100/100/100/100; 
ttag +50 100/100/98/98/98; 
ttag +51 80/72/52/78/64; 
ttag +52 94/93/78/94/82; 
ttag +53 28/[10]/3/4/1; 
ttag +54 60/53/45/53/50; 
ttag +55 19/[18]/?/?/?; 
ttag +56 94/94/92/96/92; 
ttag +57 10/[20]/?/?/?; 
ttag +58 57/37/40/47/46; 
ttag +59 33/24/7/25/8; 
ttag +60 45/34/30/34/29; 
ttag +61 13/4/?/3/?; 
ttag +62 8/[32]/?/?/?; 
ttag +63 41/21/6/25/12; 
ttag +64 53/44/31/46/33; 
ttag +65 98/98/94/99/96; 
ttag +66 80/67/53/70/49; 
ttag +67 91/90/80/90/80; 
ttag +68 99/99/98/99/99; 
ttag +69 80/78/58/85/66; 
ttag +70 89/88/72/94/78; 
ttag +71 99/99/98/98/96; 
ttag +72 42/18/?/24/?; 
ttag +73 100/100/98/99/99; 
ttag +74 29/0/9/13/11; 
ttag +75 94/92/80/95/85; 
ttag +76 10/[33]/?/?/?; 
ttag +77 19/[1]/3/9/6; 
ttag +78 87/86/85/94/85; 
ttag +79 98/98/96/95/92; 
ttag +80 98/98/96/100/94; 
ttag +81 35/14/27/33/36; 
ttag +82 98/98/94/97/95; 
ttag +83 74/67/61/72/52; 
ttag +84 64/55/50/62/43; 
ttag +85 90/87/81/85/78; 
ttag +86 88/85/77/86/76; 
ttag +87 48/29/17/31/22; 
ttag +88 26/[22]/?/?/?; 
ttag +89 100/100/97/100/98; 
ttag +90 59/55/53/55/51; 
ttag +91 100/100/99/100/99; 
ttag +92 46/26/30/44/44; 
ttag +93 60/45/41/50/40; 
ttag +94 54/40/34/46/41; 
