tread
'Tree with tags' 
(0 (1 ((2 3 )(4 5 ((6 7 )(8 (9 10 )))(11 12 13 14 21 (15 (16 17 ))(18 (19 20 ))(26 27 28 (22 23 (24 25 ))(29 (30 31 ))(32 33 34 35 (36 (37 (38 39 ))))((40 (41 (42 43 )))((44 45 )(46 47 ))))))))); 
ttag *!; 
ttag +49 ???; 
ttag +50 5; 
ttag +51 3; 
ttag +52 2; 
ttag +53 2; 
ttag +54 5; 
ttag +55 4; 
ttag +56 3; 
ttag +57 3; 
ttag +58 7; 
ttag +59 1; 
ttag +60 3; 
ttag +61 11; 
ttag +62 5; 
ttag +63 2; 
ttag +64 2; 
ttag +65 5; 
ttag +66 3; 
ttag +67 4; 
ttag +68 4; 
ttag +69 4; 
ttag +70 1; 
ttag +71 7; 
ttag +72 2; 
ttag +73 1; 
ttag +74 5; 
ttag +75 1; 
ttag +76 3; 
ttag +77 1; 
tread
'Tree with tags' 
(0 (1 ((2 3 )(4 ((5 (11 (13 (12 (14 (((15 (16 17 ))(18 (19 20 )))(21 (26 ((28 ((22 (23 (24 25 )))(29 (30 31 ))))(27 ((34 (33 (32 (35 (36 (37 (38 39 )))))))((40 (41 (42 43 )))((44 45 )(46 47 ))))))))))))))((6 7 )(8 (9 10 )))))))); 
ttag *!; 
ttag +0 ////; 
ttag +1 ////; 
ttag +2 ////; 
ttag +3 ////; 
ttag +4 ////; 
ttag +5 ////; 
ttag +6 ////; 
ttag +7 ////; 
ttag +8 ////; 
ttag +9 ////; 
ttag +10 ////; 
ttag +11 ////; 
ttag +12 ////; 
ttag +13 ////; 
ttag +14 ////; 
ttag +15 ////; 
ttag +16 ////; 
ttag +17 ////; 
ttag +18 ////; 
ttag +19 ////; 
ttag +20 ////; 
ttag +21 ////; 
ttag +22 ////; 
ttag +23 ////; 
ttag +24 ////; 
ttag +25 ////; 
ttag +26 ////; 
ttag +27 ////; 
ttag +28 ////; 
ttag +29 ////; 
ttag +30 ////; 
ttag +31 ////; 
ttag +32 ////; 
ttag +33 ////; 
ttag +34 ////; 
ttag +35 ////; 
ttag +36 ////; 
ttag +37 ////; 
ttag +38 ////; 
ttag +39 ////; 
ttag +40 ////; 
ttag +41 ////; 
ttag +42 ////; 
ttag +43 ////; 
ttag +44 ////; 
ttag +45 ////; 
ttag +46 ////; 
ttag +47 ////; 
ttag +48 ////; 
ttag +49 100/100/100/100/100; 
ttag +50 97/95/86/92/92; 
ttag +51 89/87/74/80/68; 
ttag +52 60/38/20/42/29; 
ttag +53 9/[7]/?/?/?; 
ttag +54 24/8/8/12/4; 
ttag +55 62/53/44/62/48; 
ttag +56 72/68/47/76/58; 
ttag +57 88/86/77/95/85; 
ttag +58 79/74/52/79/63; 
ttag +59 64/61/37/61/38; 
ttag +60 8/[23]/?/?/?; 
ttag +61 23/13/11/3/6; 
ttag +62 30/20/11/25/7; 
ttag +63 97/96/92/98/96; 
ttag +64 35/6/20/9/15; 
ttag +65 26/8/4/?/7; 
ttag +66 68/52/55/60/58; 
ttag +67 78/72/64/80/57; 
ttag +68 100/100/100/100/100; 
ttag +69 15/[14]/?/?/?; 
ttag +70 96/96/88/96/87; 
ttag +71 29/[11]/?/?/?; 
ttag +72 3/[38]/?/?/?; 
ttag +73 52/31/27/44/18; 
ttag +74 84/80/77/90/72; 
ttag +75 55/35/26/24/35; 
ttag +76 86/81/71/75/68; 
ttag +77 2/[39]/?/?/?; 
ttag +78 99/98/97/98/95; 
ttag +79 82/74/55/72/67; 
ttag +80 34/7/4/7/3; 
ttag +81 0/[38]/?/?/?; 
ttag +82 82/78/58/78/58; 
ttag +83 7/[34]/?/?/?; 
ttag +84 20/[2]/?/?/?; 
ttag +85 87/85/69/84/68; 
ttag +86 92/90/76/88/74; 
ttag +87 87/86/73/78/68; 
ttag +88 97/95/94/97/96; 
ttag +89 79/69/60/70/66; 
ttag +90 55/29/24/40/32; 
ttag +91 96/95/83/96/94; 
ttag +92 50/39/26/43/29; 
ttag +93 85/81/75/83/70; 
ttag +94 46/28/25/32/25; 
