tread
'Tree with tags' 
(0 (1 (2 (3 (4 (5 (11 14 15 21 ((6 7 )(8 (9 10 )))(12 13 )(16 17 )(18 (19 20 ))((22 (23 (24 25 )))(26 27 28 ((29 30 31 )(44 45 46 47 (32 (33 34 )(35 (36 (37 (38 39 )))))(40 (41 (42 43 )))))))))))))); 
ttag *!; 
ttag +49 ???; 
ttag +50 3; 
ttag +51 1; 
ttag +52 8; 
ttag +53 1; 
ttag +54 2; 
ttag +55 1; 
ttag +56 1; 
ttag +57 7; 
ttag +58 3; 
ttag +59 1; 
ttag +60 2; 
ttag +61 9; 
ttag +62 6; 
ttag +63 4; 
ttag +64 3; 
ttag +65 12; 
ttag +66 6; 
ttag +67 1; 
ttag +68 4; 
ttag +69 1; 
ttag +70 9; 
ttag +71 1; 
ttag +72 2; 
ttag +73 3; 
ttag +74 3; 
ttag +75 4; 
ttag +76 1; 
ttag +77 5; 
ttag +78 3; 
ttag +79 4; 
tread
'Tree with tags' 
(0 (1 (2 (3 (4 (5 (((6 7 )(8 (9 10 )))(11 (((21 (12 13 ))((22 (23 (24 25 )))(26 (27 (28 ((29 (30 31 ))((32 ((33 34 )(35 (36 (37 (38 39 ))))))((40 (41 (42 43 )))(47 (44 (45 46 )))))))))))(14 ((15 (16 17 ))(18 (19 20 ))))))))))))); 
ttag *!; 
ttag +0 ////; 
ttag +1 ////; 
ttag +2 ////; 
ttag +3 ////; 
ttag +4 ////; 
ttag +5 ////; 
ttag +6 ////; 
ttag +7 ////; 
ttag +8 ////; 
ttag +9 ////; 
ttag +10 ////; 
ttag +11 ////; 
ttag +12 ////; 
ttag +13 ////; 
ttag +14 ////; 
ttag +15 ////; 
ttag +16 ////; 
ttag +17 ////; 
ttag +18 ////; 
ttag +19 ////; 
ttag +20 ////; 
ttag +21 ////; 
ttag +22 ////; 
ttag +23 ////; 
ttag +24 ////; 
ttag +25 ////; 
ttag +26 ////; 
ttag +27 ////; 
ttag +28 ////; 
ttag +29 ////; 
ttag +30 ////; 
ttag +31 ////; 
ttag +32 ////; 
ttag +33 ////; 
ttag +34 ////; 
ttag +35 ////; 
ttag +36 ////; 
ttag +37 ////; 
ttag +38 ////; 
ttag +39 ////; 
ttag +40 ////; 
ttag +41 ////; 
ttag +42 ////; 
ttag +43 ////; 
ttag +44 ////; 
ttag +45 ////; 
ttag +46 ////; 
ttag +47 ////; 
ttag +48 ////; 
ttag +49 100/100/100/100/100; 
ttag +50 79/66/66/73/60; 
ttag +51 36/[15]/?/?/?; 
ttag +52 91/88/73/90/82; 
ttag +53 46/29/22/40/25; 
ttag +54 90/89/83/86/86; 
ttag +55 64/49/40/54/48; 
ttag +56 36/24/18/28/23; 
ttag +57 100/100/100/100/99; 
ttag +58 87/83/72/87/77; 
ttag +59 19/[4]/?/6/4; 
ttag +60 47/38/34/47/32; 
ttag +61 16/[28]/?/?/?; 
ttag +62 18/2/7/4/8; 
ttag +63 25/17/8/19/20; 
ttag +64 38/32/17/32/22; 
ttag +65 56/42/30/44/38; 
ttag +66 44/35/18/38/27; 
ttag +67 73/68/50/67/55; 
ttag +68 99/99/95/99/91; 
ttag +69 99/99/97/100/98; 
ttag +70 91/89/74/92/78; 
ttag +71 85/82/74/88/78; 
ttag +72 99/98/100/100/100; 
ttag +73 99/99/100/98/99; 
ttag +74 73/67/56/58/54; 
ttag +75 16/[12]/?/?/?; 
ttag +76 41/28/22/17/15; 
ttag +77 97/97/92/93/92; 
ttag +78 40/28/30/41/24; 
ttag +79 32/[3]/?/?/?; 
ttag +80 100/100/94/99/100; 
ttag +81 50/42/36/48/38; 
ttag +82 68/57/56/59/60; 
ttag +83 18/[25]/?/?/?; 
ttag +84 74/60/58/70/66; 
ttag +85 74/66/60/66/62; 
ttag +86 81/78/68/80/75; 
ttag +87 68/57/40/55/46; 
ttag +88 95/94/90/96/91; 
ttag +89 20/[3]/1/?/?; 
ttag +90 94/93/87/93/87; 
ttag +91 85/78/62/78/71; 
ttag +92 27/15/17/15/16; 
ttag +93 36/19/20/20/20; 
ttag +94 2/[24]/?/?/?; 
