tread
'Tree with tags' 
(0 (1 ((2 3 )(4 (5 6 7 11 (8 9 10 )(12 13 21 ((14 (22 (23 (24 25 ))))(26 27 (28 ((29 (30 31 ))(32 ((35 (33 34 ))(36 (37 38 39 ))))((40 41 )(42 43 ))(46 (44 45 47 ))))))((15 16 17 )(18 (19 20 ))))))))); 
ttag *!; 
ttag +49 ???; 
ttag +50 4; 
ttag +51 3; 
ttag +52 5; 
ttag +53 2; 
ttag +54 10; 
ttag +55 1; 
ttag +56 2; 
ttag +57 2; 
ttag +58 5; 
ttag +59 5; 
ttag +60 3; 
ttag +61 5; 
ttag +62 2; 
ttag +63 9; 
ttag +64 6; 
ttag +65 1; 
ttag +66 1; 
ttag +67 5; 
ttag +68 3; 
ttag +69 7; 
ttag +70 2; 
ttag +71 5; 
ttag +72 2; 
ttag +73 3; 
ttag +74 1; 
ttag +75 1; 
ttag +76 1; 
ttag +77 5; 
ttag +78 5; 
ttag +79 2; 
ttag +80 4; 
tread
'Tree with tags' 
(0 (1 ((2 3 )(4 (((5 (12 ((13 ((14 (22 (23 (24 25 ))))((26 27 )(28 ((29 (30 31 ))((32 ((35 (33 34 ))(36 (37 (38 39 )))))(((40 41 )(42 43 ))(46 (44 (45 47 ))))))))))(21 ((15 (16 17 ))(18 (19 20 )))))))(7 (8 (9 10 ))))(6 11 )))))); 
ttag *!; 
ttag +0 ////; 
ttag +1 ////; 
ttag +2 ////; 
ttag +3 ////; 
ttag +4 ////; 
ttag +5 ////; 
ttag +6 ////; 
ttag +7 ////; 
ttag +8 ////; 
ttag +9 ////; 
ttag +10 ////; 
ttag +11 ////; 
ttag +12 ////; 
ttag +13 ////; 
ttag +14 ////; 
ttag +15 ////; 
ttag +16 ////; 
ttag +17 ////; 
ttag +18 ////; 
ttag +19 ////; 
ttag +20 ////; 
ttag +21 ////; 
ttag +22 ////; 
ttag +23 ////; 
ttag +24 ////; 
ttag +25 ////; 
ttag +26 ////; 
ttag +27 ////; 
ttag +28 ////; 
ttag +29 ////; 
ttag +30 ////; 
ttag +31 ////; 
ttag +32 ////; 
ttag +33 ////; 
ttag +34 ////; 
ttag +35 ////; 
ttag +36 ////; 
ttag +37 ////; 
ttag +38 ////; 
ttag +39 ////; 
ttag +40 ////; 
ttag +41 ////; 
ttag +42 ////; 
ttag +43 ////; 
ttag +44 ////; 
ttag +45 ////; 
ttag +46 ////; 
ttag +47 ////; 
ttag +48 ////; 
ttag +49 100/100/100/100/100; 
ttag +50 96/94/88/94/92; 
ttag +51 72/56/46/55/46; 
ttag +52 82/78/64/81/69; 
ttag +53 2/[26]/?/?/?; 
ttag +54 2/[26]/?/?/?; 
ttag +55 26/[2]/2/?/?; 
ttag +56 13/[14]/?/?/?; 
ttag +57 4/[23]/?/?/?; 
ttag +58 100/100/98/99/98; 
ttag +59 37/[2]/2/2/?; 
ttag +60 8/[20]/?/?/?; 
ttag +61 6/[22]/?/?/?; 
ttag +62 2/[26]/?/?/?; 
ttag +63 10/[18]/?/?/?; 
ttag +64 11/[17]/?/?/?; 
ttag +65 98/97/92/96/92; 
ttag +66 92/91/78/93/77; 
ttag +67 34/21/18/26/16; 
ttag +68 31/8/?/4/1; 
ttag +69 90/85/81/88/77; 
ttag +70 98/98/99/98/96; 
ttag +71 49/20/16/19/18; 
ttag +72 100/100/98/99/98; 
ttag +73 96/96/90/98/90; 
ttag +74 44/33/33/32/35; 
ttag +75 42/29/10/32/16; 
ttag +76 20/[22]/?/?/?; 
ttag +77 97/97/85/95/90; 
ttag +78 67/59/41/48/48; 
ttag +79 98/98/95/98/95; 
ttag +80 56/46/37/56/37; 
ttag +81 13/[30]/?/?/?; 
ttag +82 87/80/77/84/81; 
ttag +83 67/56/40/68/49; 
ttag +84 79/77/66/80/71; 
ttag +85 50/31/30/34/25; 
ttag +86 72/62/51/66/54; 
ttag +87 42/23/35/20/28; 
ttag +88 58/43/29/51/38; 
ttag +89 84/79/74/88/72; 
ttag +90 42/31/24/30/26; 
ttag +91 97/96/88/97/90; 
ttag +92 58/49/36/57/44; 
ttag +93 86/80/70/88/73; 
ttag +94 47/21/23/28/20; 
