tread
'Tree with tags' 
(0 (1 ((2 3 )(4 (5 (11 (6 7 ((12 13 )((14 ((15 (16 17 ))(18 (19 20 ))))(21 ((22 (23 (24 25 )))(26 (27 28 (29 44 45 46 47 (30 31 )(32 33 34 (35 (36 (37 (38 39 )))))(40 41 (42 43 ))))))))))(8 (9 10 )))))))); 
ttag *!; 
ttag +49 ???; 
ttag +50 8; 
ttag +51 6; 
ttag +52 3; 
ttag +53 3; 
ttag +54 1; 
ttag +55 2; 
ttag +56 8; 
ttag +57 1; 
ttag +58 1; 
ttag +59 1; 
ttag +60 4; 
ttag +61 2; 
ttag +62 7; 
ttag +63 3; 
ttag +64 5; 
ttag +65 1; 
ttag +66 8; 
ttag +67 2; 
ttag +68 5; 
ttag +69 1; 
ttag +70 7; 
ttag +71 9; 
ttag +72 3; 
ttag +73 3; 
ttag +74 2; 
ttag +75 2; 
ttag +76 8; 
ttag +77 1; 
ttag +78 3; 
ttag +79 4; 
ttag +80 2; 
ttag +81 2; 
ttag +82 6; 
tread
'Tree with tags' 
(0 (1 ((2 3 )(4 (5 ((11 (6 (7 ((12 13 )((14 ((15 (16 17 ))(18 (19 20 ))))(21 ((22 (23 (24 25 )))(26 (27 (28 (((29 (33 ((32 34 )(35 (36 (37 (38 39 )))))))(30 31 ))(47 ((45 (41 (40 (42 43 ))))(44 46 ))))))))))))))(8 (9 10 )))))))); 
ttag *!; 
ttag +0 ////; 
ttag +1 ////; 
ttag +2 ////; 
ttag +3 ////; 
ttag +4 ////; 
ttag +5 ////; 
ttag +6 ////; 
ttag +7 ////; 
ttag +8 ////; 
ttag +9 ////; 
ttag +10 ////; 
ttag +11 ////; 
ttag +12 ////; 
ttag +13 ////; 
ttag +14 ////; 
ttag +15 ////; 
ttag +16 ////; 
ttag +17 ////; 
ttag +18 ////; 
ttag +19 ////; 
ttag +20 ////; 
ttag +21 ////; 
ttag +22 ////; 
ttag +23 ////; 
ttag +24 ////; 
ttag +25 ////; 
ttag +26 ////; 
ttag +27 ////; 
ttag +28 ////; 
ttag +29 ////; 
ttag +30 ////; 
ttag +31 ////; 
ttag +32 ////; 
ttag +33 ////; 
ttag +34 ////; 
ttag +35 ////; 
ttag +36 ////; 
ttag +37 ////; 
ttag +38 ////; 
ttag +39 ////; 
ttag +40 ////; 
ttag +41 ////; 
ttag +42 ////; 
ttag +43 ////; 
ttag +44 ////; 
ttag +45 ////; 
ttag +46 ////; 
ttag +47 ////; 
ttag +48 ////; 
ttag +49 100/100/100/100/100; 
ttag +50 99/99/98/100/93; 
ttag +51 98/97/92/97/96; 
ttag +52 77/62/58/67/55; 
ttag +53 74/62/54/66/48; 
ttag +54 29/16/?/12/?; 
ttag +55 26/11/15/14/14; 
ttag +56 47/35/23/40/30; 
ttag +57 16/[6]/?/?/?; 
ttag +58 99/98/98/99/98; 
ttag +59 72/61/53/54/40; 
ttag +60 43/29/12/17/14; 
ttag +61 43/30/10/26/12; 
ttag +62 84/82/67/89/75; 
ttag +63 69/67/50/66/52; 
ttag +64 99/98/98/100/98; 
ttag +65 79/77/62/81/60; 
ttag +66 96/95/90/98/94; 
ttag +67 54/37/33/44/22; 
ttag +68 99/99/97/100/100; 
ttag +69 60/54/40/48/34; 
ttag +70 85/80/68/86/80; 
ttag +71 56/50/34/45/38; 
ttag +72 99/99/98/100/98; 
ttag +73 100/100/98/100/99; 
ttag +74 75/67/62/83/69; 
ttag +75 80/73/71/79/72; 
ttag +76 42/28/26/31/31; 
ttag +77 16/[44]/?/?/?; 
ttag +78 40/25/22/28/26; 
ttag +79 58/55/44/58/45; 
ttag +80 68/50/52/67/60; 
ttag +81 4/[46]/?/?/?; 
ttag +82 35/[15]/?/?/?; 
ttag +83 98/97/97/100/96; 
ttag +84 49/40/38/38/28; 
ttag +85 86/84/80/90/75; 
ttag +86 86/82/70/80/74; 
ttag +87 72/63/55/68/48; 
ttag +88 48/23/20/21/19; 
ttag +89 86/84/73/89/80; 
ttag +90 31/7/3/11/4; 
ttag +91 14/[9]/?/?/?; 
ttag +92 56/44/33/43/34; 
ttag +93 98/98/95/97/94; 
ttag +94 22/5/?/4/?; 
