tread
'Tree with tags' 
(0 (1 ((2 3 )(4 (5 ((7 (6 (8 (9 10 ))))(11 (12 (13 (14 ((15 (16 17 ))(18 (19 20 )))(21 (26 (22 (23 (24 25 )))(27 28 ((29 (30 31 ))(32 35 (33 34 )(36 (37 (38 39 ))))(40 41 (42 43 ))(44 45 46 47 ))))))))))))))); 
ttag *!; 
ttag +49 ???; 
ttag +50 9; 
ttag +51 1; 
ttag +52 5; 
ttag +53 2; 
ttag +54 1; 
ttag +55 2; 
ttag +56 1; 
ttag +57 7; 
ttag +58 1; 
ttag +59 2; 
ttag +60 4; 
ttag +61 2; 
ttag +62 1; 
ttag +63 2; 
ttag +64 1; 
ttag +65 2; 
ttag +66 3; 
ttag +67 9; 
ttag +68 1; 
ttag +69 2; 
ttag +70 3; 
ttag +71 1; 
ttag +72 8; 
ttag +73 3; 
ttag +74 1; 
ttag +75 1; 
ttag +76 3; 
ttag +77 6; 
ttag +78 1; 
ttag +79 3; 
ttag +80 4; 
ttag +81 3; 
ttag +82 5; 
ttag +83 4; 
ttag +84 4; 
tread
'Tree with tags' 
(0 (1 ((2 3 )(4 (5 ((7 (6 (8 (9 10 ))))(11 (12 (13 (14 (((15 (16 17 ))(18 (19 20 )))(21 ((26 (22 (23 (24 25 ))))((27 28 )((29 (30 31 ))((((35 (32 (33 34 )))(36 (37 (38 39 ))))(40 (41 (42 43 ))))((44 45 )(46 47 )))))))))))))))))); 
ttag *!; 
ttag +0 ////; 
ttag +1 ////; 
ttag +2 ////; 
ttag +3 ////; 
ttag +4 ////; 
ttag +5 ////; 
ttag +6 ////; 
ttag +7 ////; 
ttag +8 ////; 
ttag +9 ////; 
ttag +10 ////; 
ttag +11 ////; 
ttag +12 ////; 
ttag +13 ////; 
ttag +14 ////; 
ttag +15 ////; 
ttag +16 ////; 
ttag +17 ////; 
ttag +18 ////; 
ttag +19 ////; 
ttag +20 ////; 
ttag +21 ////; 
ttag +22 ////; 
ttag +23 ////; 
ttag +24 ////; 
ttag +25 ////; 
ttag +26 ////; 
ttag +27 ////; 
ttag +28 ////; 
ttag +29 ////; 
ttag +30 ////; 
ttag +31 ////; 
ttag +32 ////; 
ttag +33 ////; 
ttag +34 ////; 
ttag +35 ////; 
ttag +36 ////; 
ttag +37 ////; 
ttag +38 ////; 
ttag +39 ////; 
ttag +40 ////; 
ttag +41 ////; 
ttag +42 ////; 
ttag +43 ////; 
ttag +44 ////; 
ttag +45 ////; 
ttag +46 ////; 
ttag +47 ////; 
ttag +48 ////; 
ttag +49 100/100/100/100/100; 
ttag +50 100/100/99/99/99; 
ttag +51 71/54/36/51/49; 
ttag +52 97/97/91/97/90; 
ttag +53 68/57/54/58/53; 
ttag +54 31/6/10/11/4; 
ttag +55 60/52/37/54/48; 
ttag +56 30/16/6/10/4; 
ttag +57 98/97/93/98/94; 
ttag +58 53/36/22/38/32; 
ttag +59 48/37/23/38/24; 
ttag +60 69/66/61/66/56; 
ttag +61 30/7/5/3/1; 
ttag +62 28/17/16/12/10; 
ttag +63 57/47/46/60/45; 
ttag +64 37/30/24/32/24; 
ttag +65 11/[2]/?/?/?; 
ttag +66 48/38/32/46/31; 
ttag +67 86/80/80/84/82; 
ttag +68 100/100/99/100/100; 
ttag +69 23/12/13/17/20; 
ttag +70 80/72/69/74/71; 
ttag +71 11/[40]/?/?/?; 
ttag +72 91/90/86/93/85; 
ttag +73 64/42/42/52/45; 
ttag +74 99/99/97/98/99; 
ttag +75 20/3/1/6/?; 
ttag +76 66/61/48/59/44; 
ttag +77 59/49/35/58/44; 
ttag +78 45/35/19/38/16; 
ttag +79 84/80/65/78/64; 
ttag +80 34/21/18/22/21; 
ttag +81 28/[6]/?/?/?; 
ttag +82 93/91/88/95/90; 
ttag +83 21/[26]/?/?/?; 
ttag +84 36/30/25/36/29; 
ttag +85 73/63/51/63/51; 
ttag +86 79/74/65/86/68; 
ttag +87 88/86/83/91/83; 
ttag +88 93/91/89/96/89; 
ttag +89 98/98/95/99/95; 
ttag +90 23/[6]/?/?/?; 
ttag +91 93/90/86/94/84; 
ttag +92 39/9/?/6/3; 
ttag +93 88/88/74/90/83; 
ttag +94 32/2/?/?/?; 
