tread
'Tree with tags' 
(0 (1 ((2 3 )(4 (5 (7 (6 (10 (8 9 ))))(11 (12 13 )(14 ((16 (15 17 ))(18 (19 20 )))(21 ((22 23 (24 25 ))((26 27 )((28 ((41 (40 (42 43 )))(45 (44 (46 47 )))))(29 (30 31 ))))(32 ((33 34 )(35 (36 (37 (38 39 ))))))))))))))); 
ttag *!; 
ttag +49 ???; 
ttag +50 2; 
ttag +51 4; 
ttag +52 7; 
ttag +53 1; 
ttag +54 1; 
ttag +55 4; 
ttag +56 1; 
ttag +57 8; 
ttag +58 2; 
ttag +59 1; 
ttag +60 2; 
ttag +61 1; 
ttag +62 8; 
ttag +63 3; 
ttag +64 5; 
ttag +65 8; 
ttag +66 2; 
ttag +67 2; 
ttag +68 1; 
ttag +69 7; 
ttag +70 2; 
ttag +71 1; 
ttag +72 1; 
ttag +73 1; 
ttag +74 5; 
ttag +75 6; 
ttag +76 4; 
ttag +77 4; 
ttag +78 1; 
ttag +79 2; 
ttag +80 3; 
ttag +81 5; 
ttag +82 1; 
ttag +83 1; 
ttag +84 5; 
ttag +85 2; 
ttag +86 9; 
ttag +87 2; 
ttag +88 3; 
ttag +89 2; 
tread
'Tree with tags' 
(0 (1 ((2 3 )(4 (5 ((7 (6 (10 (8 9 ))))((11 ((14 ((16 (15 17 ))(18 (19 20 ))))(21 ((22 (23 (24 25 )))(((26 27 )((28 ((41 (40 (42 43 )))(45 (44 (46 47 )))))(29 (30 31 ))))(32 ((33 34 )(35 (36 (37 (38 39 )))))))))))(12 13 )))))))); 
ttag *!; 
ttag +0 ////; 
ttag +1 ////; 
ttag +2 ////; 
ttag +3 ////; 
ttag +4 ////; 
ttag +5 ////; 
ttag +6 ////; 
ttag +7 ////; 
ttag +8 ////; 
ttag +9 ////; 
ttag +10 ////; 
ttag +11 ////; 
ttag +12 ////; 
ttag +13 ////; 
ttag +14 ////; 
ttag +15 ////; 
ttag +16 ////; 
ttag +17 ////; 
ttag +18 ////; 
ttag +19 ////; 
ttag +20 ////; 
ttag +21 ////; 
ttag +22 ////; 
ttag +23 ////; 
ttag +24 ////; 
ttag +25 ////; 
ttag +26 ////; 
ttag +27 ////; 
ttag +28 ////; 
ttag +29 ////; 
ttag +30 ////; 
ttag +31 ////; 
ttag +32 ////; 
ttag +33 ////; 
ttag +34 ////; 
ttag +35 ////; 
ttag +36 ////; 
ttag +37 ////; 
ttag +38 ////; 
ttag +39 ////; 
ttag +40 ////; 
ttag +41 ////; 
ttag +42 ////; 
ttag +43 ////; 
ttag +44 ////; 
ttag +45 ////; 
ttag +46 ////; 
ttag +47 ////; 
ttag +48 ////; 
ttag +49 100/100/100/100/100; 
ttag +50 78/75/73/74/61; 
ttag +51 93/89/79/91/78; 
ttag +52 96/94/89/96/87; 
ttag +53 35/20/10/25/10; 
ttag +54 57/48/33/49/35; 
ttag +55 76/72/58/69/55; 
ttag +56 10/[5]/?/?/?; 
ttag +57 60/46/32/42/32; 
ttag +58 100/100/99/100/99; 
ttag +59 11/[9]/?/?/?; 
ttag +60 48/33/16/39/27; 
ttag +61 51/39/36/36/32; 
ttag +62 20/4/?/2/?; 
ttag +63 38/23/4/22/11; 
ttag +64 32/[6]/?/?/?; 
ttag +65 99/98/94/98/94; 
ttag +66 37/21/10/24/20; 
ttag +67 94/90/79/94/88; 
ttag +68 99/99/98/100/99; 
ttag +69 54/38/29/33/36; 
ttag +70 84/80/68/81/64; 
ttag +71 62/46/44/49/47; 
ttag +72 39/[6]/4/?/14; 
ttag +73 98/98/96/98/96; 
ttag +74 54/50/50/48/51; 
ttag +75 22/[5]/?/0/?; 
ttag +76 75/72/57/70/53; 
ttag +77 16/[8]/?/?/?; 
ttag +78 10/[14]/?/?/?; 
ttag +79 89/88/80/88/81; 
ttag +80 97/97/95/96/91; 
ttag +81 91/89/88/88/87; 
ttag +82 86/80/78/83/76; 
ttag +83 43/[1]/?/9/14; 
ttag +84 83/82/79/86/76; 
ttag +85 86/82/79/85/76; 
ttag +86 95/94/88/94/89; 
ttag +87 66/65/60/63/63; 
ttag +88 43/16/10/3/18; 
ttag +89 96/95/93/98/89; 
ttag +90 65/50/39/60/45; 
ttag +91 100/100/99/100/98; 
ttag +92 40/18/4/20/15; 
ttag +93 66/56/38/56/51; 
ttag +94 48/39/24/38/29; 
