tread
'Tree with tags' 
(0 (1 ((2 3 )(4 (5 (((6 7 )(8 (9 10 )))(11 ((12 13 )(((14 (18 (19 20 )))(21 ((22 (23 (24 25 )))(26 (27 (28 ((29 (30 31 ))((((32 35 )(36 (39 (37 38 ))))(33 34 ))((40 (41 (42 43 )))(44 45 (46 47 )))))))))))(15 (16 17 ))))))))))); 
ttag *!; 
ttag +49 ???; 
ttag +50 5; 
ttag +51 4; 
ttag +52 1; 
ttag +53 2; 
ttag +54 3; 
ttag +55 1; 
ttag +56 2; 
ttag +57 7; 
ttag +58 2; 
ttag +59 2; 
ttag +60 3; 
ttag +61 1; 
ttag +62 3; 
ttag +63 1; 
ttag +64 3; 
ttag +65 5; 
ttag +66 3; 
ttag +67 4; 
ttag +68 9; 
ttag +69 1; 
ttag +70 3; 
ttag +71 2; 
ttag +72 12; 
ttag +73 9; 
ttag +74 6; 
ttag +75 1; 
ttag +76 3; 
ttag +77 3; 
ttag +78 2; 
ttag +79 7; 
ttag +80 1; 
ttag +81 1; 
ttag +82 9; 
ttag +83 3; 
ttag +84 3; 
ttag +85 2; 
ttag +86 1; 
ttag +87 5; 
ttag +88 4; 
ttag +89 3; 
ttag +90 1; 
ttag +91 7; 
ttag +92 7; 
ttag +93 2; 
tread
'Tree with tags' 
(0 (1 ((2 3 )(4 (5 (((6 7 )(8 (9 10 )))(11 ((12 13 )(((14 (18 (19 20 )))(21 ((22 (23 (24 25 )))(26 (27 (28 ((29 (30 31 ))((((32 35 )(36 (39 (37 38 ))))(33 34 ))((40 (41 (42 43 )))((44 45 )(46 47 )))))))))))(15 (16 17 ))))))))))); 
ttag *!; 
ttag +0 ////; 
ttag +1 ////; 
ttag +2 ////; 
ttag +3 ////; 
ttag +4 ////; 
ttag +5 ////; 
ttag +6 ////; 
ttag +7 ////; 
ttag +8 ////; 
ttag +9 ////; 
ttag +10 ////; 
ttag +11 ////; 
ttag +12 ////; 
ttag +13 ////; 
ttag +14 ////; 
ttag +15 ////; 
ttag +16 ////; 
ttag +17 ////; 
ttag +18 ////; 
ttag +19 ////; 
ttag +20 ////; 
ttag +21 ////; 
ttag +22 ////; 
ttag +23 ////; 
ttag +24 ////; 
ttag +25 ////; 
ttag +26 ////; 
ttag +27 ////; 
ttag +28 ////; 
ttag +29 ////; 
ttag +30 ////; 
ttag +31 ////; 
ttag +32 ////; 
ttag +33 ////; 
ttag +34 ////; 
ttag +35 ////; 
ttag +36 ////; 
ttag +37 ////; 
ttag +38 ////; 
ttag +39 ////; 
ttag +40 ////; 
ttag +41 ////; 
ttag +42 ////; 
ttag +43 ////; 
ttag +44 ////; 
ttag +45 ////; 
ttag +46 ////; 
ttag +47 ////; 
ttag +48 ////; 
ttag +49 100/100/100/100/100; 
ttag +50 96/95/87/92/85; 
ttag +51 97/97/96/98/98; 
ttag +52 48/31/38/37/30; 
ttag +53 51/36/16/43/27; 
ttag +54 92/91/86/92/90; 
ttag +55 48/36/34/34/37; 
ttag +56 43/32/24/39/24; 
ttag +57 99/99/96/100/97; 
ttag +58 86/81/76/75/76; 
ttag +59 35/25/18/36/18; 
ttag +60 62/58/37/56/42; 
ttag +61 17/4/4/13/5; 
ttag +62 41/30/21/44/24; 
ttag +63 14/[2]/?/5/?; 
ttag +64 58/56/40/56/32; 
ttag +65 94/93/86/91/82; 
ttag +66 74/65/58/72/59; 
ttag +67 57/47/44/60/49; 
ttag +68 100/100/98/100/100; 
ttag +69 20/1/2/14/0; 
ttag +70 45/8/?/20/?; 
ttag +71 33/14/14/27/14; 
ttag +72 100/100/100/100/98; 
ttag +73 99/99/98/99/100; 
ttag +74 91/89/74/94/84; 
ttag +75 73/68/52/65/58; 
ttag +76 84/82/62/80/65; 
ttag +77 76/71/66/85/65; 
ttag +78 78/74/54/71/60; 
ttag +79 99/99/99/99/99; 
ttag +80 15/[5]/?/?/?; 
ttag +81 43/26/16/26/16; 
ttag +82 96/96/94/96/90; 
ttag +83 73/68/52/72/58; 
ttag +84 76/66/58/79/67; 
ttag +85 80/77/67/76/66; 
ttag +86 48/20/18/18/9; 
ttag +87 96/95/88/96/89; 
ttag +88 91/89/77/90/78; 
ttag +89 84/82/72/82/72; 
ttag +90 60/33/20/19/22; 
ttag +91 99/99/97/100/97; 
ttag +92 18/[5]/?/?/?; 
ttag +93 96/96/88/97/89; 
ttag +94 80/74/56/64/53; 
