tread
'Tree with tags' 
(0 (1 ((2 3 )(4 5 ((6 (11 (12 (13 (21 (14 ((15 (16 17 ))(18 (19 20 ))))((22 (23 (24 25 )))(26 (27 (28 ((29 (30 31 ))((34 ((33 (32 (35 (36 (37 38 39 )))))(40 (41 (42 43 )))))(45 (44 (46 47 ))))))))))))))(7 (8 (9 10 )))))))); 
ttag *!; 
ttag +49 ???; 
ttag +50 4; 
ttag +51 1; 
ttag +52 12; 
ttag +53 1; 
ttag +54 1; 
ttag +55 1; 
ttag +56 1; 
ttag +57 1; 
ttag +58 1; 
ttag +59 1; 
ttag +60 1; 
ttag +61 2; 
ttag +62 4; 
ttag +63 8; 
ttag +64 5; 
ttag +65 4; 
ttag +66 8; 
ttag +67 7; 
ttag +68 6; 
ttag +69 3; 
ttag +70 5; 
ttag +71 8; 
ttag +72 4; 
ttag +73 2; 
ttag +74 1; 
ttag +75 3; 
ttag +76 3; 
ttag +77 1; 
ttag +78 1; 
ttag +79 3; 
ttag +80 1; 
ttag +81 1; 
ttag +82 1; 
ttag +83 4; 
ttag +84 3; 
ttag +85 7; 
ttag +86 5; 
ttag +87 1; 
ttag +88 4; 
ttag +89 1; 
ttag +90 1; 
ttag +91 3; 
tread
'Tree with tags' 
(0 (1 ((2 3 )(4 (5 ((6 (11 (12 (13 (21 ((14 ((15 (16 17 ))(18 (19 20 ))))((22 (23 (24 25 )))(26 (27 (28 ((29 (30 31 ))((34 ((33 (32 (35 (36 (38 (37 39 ))))))(40 (41 (42 43 )))))(45 (44 (46 47 )))))))))))))))(7 (8 (9 10 ))))))))); 
ttag *!; 
ttag +0 ////; 
ttag +1 ////; 
ttag +2 ////; 
ttag +3 ////; 
ttag +4 ////; 
ttag +5 ////; 
ttag +6 ////; 
ttag +7 ////; 
ttag +8 ////; 
ttag +9 ////; 
ttag +10 ////; 
ttag +11 ////; 
ttag +12 ////; 
ttag +13 ////; 
ttag +14 ////; 
ttag +15 ////; 
ttag +16 ////; 
ttag +17 ////; 
ttag +18 ////; 
ttag +19 ////; 
ttag +20 ////; 
ttag +21 ////; 
ttag +22 ////; 
ttag +23 ////; 
ttag +24 ////; 
ttag +25 ////; 
ttag +26 ////; 
ttag +27 ////; 
ttag +28 ////; 
ttag +29 ////; 
ttag +30 ////; 
ttag +31 ////; 
ttag +32 ////; 
ttag +33 ////; 
ttag +34 ////; 
ttag +35 ////; 
ttag +36 ////; 
ttag +37 ////; 
ttag +38 ////; 
ttag +39 ////; 
ttag +40 ////; 
ttag +41 ////; 
ttag +42 ////; 
ttag +43 ////; 
ttag +44 ////; 
ttag +45 ////; 
ttag +46 ////; 
ttag +47 ////; 
ttag +48 ////; 
ttag +49 100/100/100/100/100; 
ttag +50 87/82/76/87/73; 
ttag +51 64/52/40/51/42; 
ttag +52 100/100/99/100/99; 
ttag +53 15/[45]/?/?/?; 
ttag +54 14/[8]/?/?/?; 
ttag +55 19/[3]/?/?/?; 
ttag +56 45/26/9/24/2; 
ttag +57 83/74/65/70/66; 
ttag +58 48/42/30/41/24; 
ttag +59 15/[7]/?/?/?; 
ttag +60 33/10/8/2/8; 
ttag +61 20/[24]/?/?/?; 
ttag +62 48/37/26/40/25; 
ttag +63 6/[38]/?/?/?; 
ttag +64 66/51/44/46/40; 
ttag +65 100/100/98/99/95; 
ttag +66 93/93/81/92/72; 
ttag +67 92/90/84/90/80; 
ttag +68 99/98/98/100/98; 
ttag +69 100/100/100/100/100; 
ttag +70 88/85/88/83/84; 
ttag +71 55/40/34/35/28; 
ttag +72 90/88/78/88/81; 
ttag +73 98/97/95/98/94; 
ttag +74 82/79/76/85/69; 
ttag +75 60/51/38/50/43; 
ttag +76 48/32/25/40/29; 
ttag +77 75/68/62/71/68; 
ttag +78 78/71/53/66/53; 
ttag +79 60/35/27/29/29; 
ttag +80 41/31/28/26/34; 
ttag +81 70/63/59/65/50; 
ttag +82 10/[24]/?/?/?; 
ttag +83 19/[7]/?/?/?; 
ttag +84 44/35/32/36/28; 
ttag +85 77/67/60/68/66; 
ttag +86 78/70/69/72/59; 
ttag +87 35/[2]/11/9/4; 
ttag +88 100/100/100/100/99; 
ttag +89 85/83/72/84/71; 
ttag +90 48/29/20/24/23; 
ttag +91 93/92/93/96/93; 
ttag +92 53/40/35/32/20; 
ttag +93 61/46/38/41/46; 
ttag +94 82/77/67/72/62; 
