tread
'Tree with tags' 
(0 (1 ((2 3 )(28 ((27 (26 ((21 (((11 (5 (4 ((6 7 )(8 (9 10 ))))))(12 13 ))(14 ((15 (16 17 ))(18 (19 20 ))))))(22 (23 (24 25 ))))))((((29 (30 31 ))(47 (44 (45 46 ))))(32 ((33 34 )(35 (36 (37 (38 39 )))))))(40 (41 (42 43 ))))))))); 
ttag *!; 
ttag +49 ???; 
ttag +50 2; 
ttag +51 1; 
ttag +52 1; 
ttag +53 1; 
ttag +54 1; 
ttag +55 1; 
ttag +56 1; 
ttag +57 1; 
ttag +58 1; 
ttag +59 1; 
ttag +60 1; 
ttag +61 1; 
ttag +62 9; 
ttag +63 3; 
ttag +64 1; 
ttag +65 8; 
ttag +66 2; 
ttag +67 2; 
ttag +68 1; 
ttag +69 10; 
ttag +70 5; 
ttag +71 2; 
ttag +72 2; 
ttag +73 6; 
ttag +74 3; 
ttag +75 4; 
ttag +76 6; 
ttag +77 3; 
ttag +78 1; 
ttag +79 1; 
ttag +80 2; 
ttag +81 4; 
ttag +82 4; 
ttag +83 3; 
ttag +84 1; 
ttag +85 4; 
ttag +86 2; 
ttag +87 9; 
ttag +88 2; 
ttag +89 7; 
ttag +90 2; 
ttag +91 4; 
ttag +92 1; 
ttag +93 1; 
ttag +94 1; 
tread
'Tree with tags' 
(0 (1 ((2 3 )(28 ((27 (26 ((21 (((11 (5 (4 ((6 7 )(8 (9 10 ))))))(12 13 ))(14 ((15 (16 17 ))(18 (19 20 ))))))(22 (23 (24 25 ))))))((((29 (30 31 ))(47 (44 (45 46 ))))(32 ((33 34 )(35 (36 (37 (38 39 )))))))(40 (41 (42 43 ))))))))); 
ttag *!; 
ttag +0 ////; 
ttag +1 ////; 
ttag +2 ////; 
ttag +3 ////; 
ttag +4 ////; 
ttag +5 ////; 
ttag +6 ////; 
ttag +7 ////; 
ttag +8 ////; 
ttag +9 ////; 
ttag +10 ////; 
ttag +11 ////; 
ttag +12 ////; 
ttag +13 ////; 
ttag +14 ////; 
ttag +15 ////; 
ttag +16 ////; 
ttag +17 ////; 
ttag +18 ////; 
ttag +19 ////; 
ttag +20 ////; 
ttag +21 ////; 
ttag +22 ////; 
ttag +23 ////; 
ttag +24 ////; 
ttag +25 ////; 
ttag +26 ////; 
ttag +27 ////; 
ttag +28 ////; 
ttag +29 ////; 
ttag +30 ////; 
ttag +31 ////; 
ttag +32 ////; 
ttag +33 ////; 
ttag +34 ////; 
ttag +35 ////; 
ttag +36 ////; 
ttag +37 ////; 
ttag +38 ////; 
ttag +39 ////; 
ttag +40 ////; 
ttag +41 ////; 
ttag +42 ////; 
ttag +43 ////; 
ttag +44 ////; 
ttag +45 ////; 
ttag +46 ////; 
ttag +47 ////; 
ttag +48 ////; 
ttag +49 100/100/100/100/100; 
ttag +50 84/74/77/78/68; 
ttag +51 53/22/22/20/27; 
ttag +52 22/0/1/11/?; 
ttag +53 27/12/2/16/1; 
ttag +54 33/22/22/27/23; 
ttag +55 30/6/7/7/5; 
ttag +56 18/[6]/?/?/?; 
ttag +57 45/20/14/14/15; 
ttag +58 22/[22]/?/?/?; 
ttag +59 14/[29]/?/?/?; 
ttag +60 18/[26]/?/?/?; 
ttag +61 12/[32]/?/?/?; 
ttag +62 97/96/96/98/92; 
ttag +63 86/84/79/84/74; 
ttag +64 34/19/12/20/7; 
ttag +65 100/100/98/99/98; 
ttag +66 79/74/58/65/52; 
ttag +67 56/50/39/48/44; 
ttag +68 27/13/10/12/4; 
ttag +69 99/99/100/100/100; 
ttag +70 82/78/64/77/68; 
ttag +71 72/56/54/61/57; 
ttag +72 70/58/64/73/61; 
ttag +73 100/100/98/97/99; 
ttag +74 77/72/65/81/64; 
ttag +75 86/83/78/89/77; 
ttag +76 98/98/94/98/94; 
ttag +77 75/69/60/77/64; 
ttag +78 16/[10]/?/?/?; 
ttag +79 20/1/?/4/1; 
ttag +80 62/56/50/72/55; 
ttag +81 94/93/88/94/87; 
ttag +82 84/82/76/84/73; 
ttag +83 72/64/54/67/54; 
ttag +84 43/35/29/41/26; 
ttag +85 73/68/48/70/57; 
ttag +86 60/35/10/42/16; 
ttag +87 99/99/99/100/97; 
ttag +88 72/63/56/70/62; 
ttag +89 98/98/96/98/98; 
ttag +90 60/50/37/44/27; 
ttag +91 88/84/77/86/77; 
ttag +92 32/16/8/16/2; 
ttag +93 53/39/29/52/38; 
ttag +94 22/[3]/?/15/?; 
