tread
'Tree with tags' 
(0 (1 ((2 3 )(4 ((5 (11 (13 (12 ((21 (14 ((22 (23 (24 25 )))(26 (27 (28 ((29 (30 31 ))((32 ((33 34 )(35 (36 (37 (38 39 ))))))((40 (41 (42 43 )))(47 (44 45 46 )))))))))))((15 (16 17 ))(18 (19 20 ))))))))((6 7 )(8 (9 10 )))))))); 
ttag *!; 
ttag +49 ???; 
ttag +50 5; 
ttag +51 6; 
ttag +52 3; 
ttag +53 2; 
ttag +54 2; 
ttag +55 1; 
ttag +56 2; 
ttag +57 3; 
ttag +58 1; 
ttag +59 2; 
ttag +60 2; 
ttag +61 3; 
ttag +62 2; 
ttag +63 3; 
ttag +64 2; 
ttag +65 7; 
ttag +66 5; 
ttag +67 4; 
ttag +68 1; 
ttag +69 5; 
ttag +70 5; 
ttag +71 2; 
ttag +72 7; 
ttag +73 9; 
ttag +74 2; 
ttag +75 1; 
ttag +76 3; 
ttag +77 6; 
ttag +78 6; 
ttag +79 10; 
ttag +80 8; 
ttag +81 2; 
ttag +82 9; 
ttag +83 2; 
ttag +84 1; 
ttag +85 4; 
ttag +86 4; 
ttag +87 2; 
ttag +88 8; 
ttag +89 1; 
ttag +90 1; 
ttag +91 7; 
ttag +92 1; 
ttag +93 3; 
tread
'Tree with tags' 
(0 (1 ((2 3 )(4 ((5 (11 (13 (12 ((21 (14 ((22 (23 (24 25 )))(26 (27 (28 ((29 (30 31 ))((32 ((33 34 )(35 (36 (37 (38 39 ))))))((40 (41 (42 43 )))(47 (45 (44 46 ))))))))))))((15 (16 17 ))(18 (19 20 ))))))))((6 7 )(8 (9 10 )))))))); 
ttag *!; 
ttag +0 ////; 
ttag +1 ////; 
ttag +2 ////; 
ttag +3 ////; 
ttag +4 ////; 
ttag +5 ////; 
ttag +6 ////; 
ttag +7 ////; 
ttag +8 ////; 
ttag +9 ////; 
ttag +10 ////; 
ttag +11 ////; 
ttag +12 ////; 
ttag +13 ////; 
ttag +14 ////; 
ttag +15 ////; 
ttag +16 ////; 
ttag +17 ////; 
ttag +18 ////; 
ttag +19 ////; 
ttag +20 ////; 
ttag +21 ////; 
ttag +22 ////; 
ttag +23 ////; 
ttag +24 ////; 
ttag +25 ////; 
ttag +26 ////; 
ttag +27 ////; 
ttag +28 ////; 
ttag +29 ////; 
ttag +30 ////; 
ttag +31 ////; 
ttag +32 ////; 
ttag +33 ////; 
ttag +34 ////; 
ttag +35 ////; 
ttag +36 ////; 
ttag +37 ////; 
ttag +38 ////; 
ttag +39 ////; 
ttag +40 ////; 
ttag +41 ////; 
ttag +42 ////; 
ttag +43 ////; 
ttag +44 ////; 
ttag +45 ////; 
ttag +46 ////; 
ttag +47 ////; 
ttag +48 ////; 
ttag +49 100/100/100/100/100; 
ttag +50 96/95/93/93/92; 
ttag +51 98/98/91/97/88; 
ttag +52 84/76/60/72/56; 
ttag +53 39/24/16/24/15; 
ttag +54 56/41/36/42/35; 
ttag +55 54/46/32/46/39; 
ttag +56 48/30/28/33/17; 
ttag +57 90/87/80/88/76; 
ttag +58 62/42/40/45/23; 
ttag +59 40/25/24/24/23; 
ttag +60 33/8/14/14/15; 
ttag +61 60/57/39/55/39; 
ttag +62 30/4/?/2/?; 
ttag +63 48/39/26/38/28; 
ttag +64 34/8/9/16/13; 
ttag +65 99/99/96/100/97; 
ttag +66 93/93/88/94/87; 
ttag +67 91/89/75/86/76; 
ttag +68 59/38/40/53/29; 
ttag +69 97/96/94/93/94; 
ttag +70 93/91/88/94/87; 
ttag +71 84/79/62/68/64; 
ttag +72 99/99/97/99/96; 
ttag +73 97/96/97/97/93; 
ttag +74 40/10/18/29/26; 
ttag +75 41/16/21/28/26; 
ttag +76 52/26/29/48/37; 
ttag +77 92/90/82/91/78; 
ttag +78 86/84/78/89/82; 
ttag +79 100/100/100/100/100; 
ttag +80 96/96/92/96/88; 
ttag +81 48/42/37/57/34; 
ttag +82 100/100/99/100/99; 
ttag +83 82/79/74/76/63; 
ttag +84 52/43/39/38/26; 
ttag +85 85/76/74/86/76; 
ttag +86 90/84/80/86/80; 
ttag +87 78/73/57/74/60; 
ttag +88 97/96/93/97/93; 
ttag +89 46/31/36/31/32; 
ttag +90 49/32/31/50/32; 
ttag +91 98/96/93/98/91; 
ttag +92 18/4/1/2/12; 
ttag +93 62/60/48/57/45; 
ttag +94 92/91/83/89/83; 
