tread
'Tree with tags' 
(0 (1 (2 3 )(4 (6 7 (5 ((11 (8 (9 10 )))((12 13 )(14 21 (18 (15 16 17 )(19 20 ))((22 (23 (24 25 )))(26 27 (28 ((29 30 31 )((32 ((33 34 )(35 (36 (37 38 39 )))))((40 (41 (42 43 )))(47 (44 45 46 )))))))))))))))); 
ttag *!; 
ttag +49 ???; 
ttag +50 6; 
ttag +51 3; 
ttag +52 1; 
ttag +53 1; 
ttag +54 7; 
ttag +55 1; 
ttag +56 1; 
ttag +57 2; 
ttag +58 1; 
ttag +59 2; 
ttag +60 1; 
ttag +61 3; 
ttag +62 1; 
ttag +63 10; 
ttag +64 4; 
ttag +65 2; 
ttag +66 5; 
ttag +67 9; 
ttag +68 4; 
ttag +69 4; 
ttag +70 1; 
ttag +71 2; 
ttag +72 3; 
ttag +73 2; 
ttag +74 3; 
ttag +75 1; 
ttag +76 1; 
ttag +77 4; 
ttag +78 7; 
ttag +79 3; 
ttag +80 1; 
ttag +81 2; 
ttag +82 7; 
ttag +83 2; 
ttag +84 2; 
tread
'Tree with tags' 
(0 (1 ((2 3 )(4 (7 (6 (5 ((11 (8 (9 10 )))((12 13 )(14 (((15 (16 17 ))(18 (19 20 )))(21 ((22 (23 (24 25 )))((26 27 )(28 ((30 (29 31 ))((32 ((33 34 )(35 (36 (38 (37 39 ))))))((40 (41 (42 43 )))(47 (44 (45 46 ))))))))))))))))))))); 
ttag *!; 
ttag +0 ////; 
ttag +1 ////; 
ttag +2 ////; 
ttag +3 ////; 
ttag +4 ////; 
ttag +5 ////; 
ttag +6 ////; 
ttag +7 ////; 
ttag +8 ////; 
ttag +9 ////; 
ttag +10 ////; 
ttag +11 ////; 
ttag +12 ////; 
ttag +13 ////; 
ttag +14 ////; 
ttag +15 ////; 
ttag +16 ////; 
ttag +17 ////; 
ttag +18 ////; 
ttag +19 ////; 
ttag +20 ////; 
ttag +21 ////; 
ttag +22 ////; 
ttag +23 ////; 
ttag +24 ////; 
ttag +25 ////; 
ttag +26 ////; 
ttag +27 ////; 
ttag +28 ////; 
ttag +29 ////; 
ttag +30 ////; 
ttag +31 ////; 
ttag +32 ////; 
ttag +33 ////; 
ttag +34 ////; 
ttag +35 ////; 
ttag +36 ////; 
ttag +37 ////; 
ttag +38 ////; 
ttag +39 ////; 
ttag +40 ////; 
ttag +41 ////; 
ttag +42 ////; 
ttag +43 ////; 
ttag +44 ////; 
ttag +45 ////; 
ttag +46 ////; 
ttag +47 ////; 
ttag +48 ////; 
ttag +49 100/100/100/100/100; 
ttag +50 96/95/93/98/90; 
ttag +51 55/30/28/30/29; 
ttag +52 75/68/64/74/64; 
ttag +53 22/10/6/6/6; 
ttag +54 9/[14]/?/?/?; 
ttag +55 24/0/?/?/2; 
ttag +56 98/98/98/99/96; 
ttag +57 22/8/4/7/5; 
ttag +58 18/6/1/6/1; 
ttag +59 59/43/23/45/27; 
ttag +60 59/52/49/47/46; 
ttag +61 61/56/38/57/43; 
ttag +62 47/42/32/38/30; 
ttag +63 83/80/74/87/77; 
ttag +64 61/48/49/63/48; 
ttag +65 22/4/?/?/?; 
ttag +66 40/16/16/23/14; 
ttag +67 58/44/53/54/48; 
ttag +68 100/100/100/100/100; 
ttag +69 46/25/23/33/20; 
ttag +70 98/98/95/96/93; 
ttag +71 78/72/57/72/58; 
ttag +72 94/91/90/93/84; 
ttag +73 100/100/100/100/99; 
ttag +74 30/[24]/?/?/?; 
ttag +75 96/94/86/94/88; 
ttag +76 90/88/83/85/75; 
ttag +77 32/[15]/?/?/3; 
ttag +78 51/41/42/51/39; 
ttag +79 50/30/26/36/27; 
ttag +80 58/47/38/68/40; 
ttag +81 40/27/23/38/19; 
ttag +82 62/50/48/71/42; 
ttag +83 43/31/21/38/16; 
ttag +84 54/37/25/29/34; 
ttag +85 96/95/94/95/91; 
ttag +86 39/[3]/?/?/?; 
ttag +87 99/98/96/98/95; 
ttag +88 94/94/90/96/90; 
ttag +89 67/63/53/66/52; 
ttag +90 64/41/28/34/16; 
ttag +91 99/99/96/100/98; 
ttag +92 71/67/59/70/60; 
ttag +93 65/56/52/64/49; 
ttag +94 39/11/12/14/19; 
