tread
'Tree with tags' 
(0 (1 ((2 3 )(11 (((4 (5 ((6 7 )(8 (9 10 )))))(12 13 ))(21 (((14 ((15 (16 17 ))(18 (19 20 ))))(22 (23 (24 25 ))))(26 (27 (28 (((29 (30 31 ))(32 ((33 34 )(35 (36 (37 38 39 ))))))(40 (41 (42 43 ))(44 45 (46 47 )))))))))))))); 
ttag *!; 
ttag +49 ???; 
ttag +50 4; 
ttag +51 2; 
ttag +52 1; 
ttag +53 1; 
ttag +54 1; 
ttag +55 10; 
ttag +56 1; 
ttag +57 1; 
ttag +58 4; 
ttag +59 9; 
ttag +60 1; 
ttag +61 4; 
ttag +62 2; 
ttag +63 2; 
ttag +64 2; 
ttag +65 2; 
ttag +66 6; 
ttag +67 2; 
ttag +68 1; 
ttag +69 2; 
ttag +70 5; 
ttag +71 5; 
ttag +72 11; 
ttag +73 10; 
ttag +74 5; 
ttag +75 1; 
ttag +76 5; 
ttag +77 4; 
ttag +78 1; 
ttag +79 2; 
ttag +80 5; 
ttag +81 6; 
ttag +82 10; 
ttag +83 1; 
ttag +84 3; 
ttag +85 5; 
ttag +86 1; 
ttag +87 1; 
ttag +88 4; 
ttag +89 4; 
ttag +90 1; 
ttag +91 1; 
tread
'Tree with tags' 
(0 (1 ((2 3 )(11 (((4 (5 ((6 7 )(8 (9 10 )))))(12 13 ))(21 (((14 ((15 (16 17 ))(18 (19 20 ))))(22 (23 (24 25 ))))(26 (27 (28 (((29 (30 31 ))(32 ((33 34 )(35 (36 (37 (38 39 )))))))((40 (41 (42 43 )))(45 (44 (46 47 ))))))))))))))); 
ttag *!; 
ttag +0 ////; 
ttag +1 ////; 
ttag +2 ////; 
ttag +3 ////; 
ttag +4 ////; 
ttag +5 ////; 
ttag +6 ////; 
ttag +7 ////; 
ttag +8 ////; 
ttag +9 ////; 
ttag +10 ////; 
ttag +11 ////; 
ttag +12 ////; 
ttag +13 ////; 
ttag +14 ////; 
ttag +15 ////; 
ttag +16 ////; 
ttag +17 ////; 
ttag +18 ////; 
ttag +19 ////; 
ttag +20 ////; 
ttag +21 ////; 
ttag +22 ////; 
ttag +23 ////; 
ttag +24 ////; 
ttag +25 ////; 
ttag +26 ////; 
ttag +27 ////; 
ttag +28 ////; 
ttag +29 ////; 
ttag +30 ////; 
ttag +31 ////; 
ttag +32 ////; 
ttag +33 ////; 
ttag +34 ////; 
ttag +35 ////; 
ttag +36 ////; 
ttag +37 ////; 
ttag +38 ////; 
ttag +39 ////; 
ttag +40 ////; 
ttag +41 ////; 
ttag +42 ////; 
ttag +43 ////; 
ttag +44 ////; 
ttag +45 ////; 
ttag +46 ////; 
ttag +47 ////; 
ttag +48 ////; 
ttag +49 100/100/100/100/100; 
ttag +50 97/96/92/95/92; 
ttag +51 76/68/56/63/58; 
ttag +52 12/[5]/?/?/?; 
ttag +53 4/[14]/?/?/?; 
ttag +54 18/0/1/0/0; 
ttag +55 98/98/92/99/94; 
ttag +56 38/28/28/28/29; 
ttag +57 55/31/33/35/30; 
ttag +58 78/72/54/77/56; 
ttag +59 99/99/98/99/98; 
ttag +60 68/54/58/52/44; 
ttag +61 52/46/29/37/26; 
ttag +62 29/6/4/16/5; 
ttag +63 12/[9]/?/?/?; 
ttag +64 20/10/8/15/8; 
ttag +65 14/4/?/10/?; 
ttag +66 99/98/95/97/95; 
ttag +67 34/14/4/18/18; 
ttag +68 56/42/32/43/32; 
ttag +69 83/79/66/81/69; 
ttag +70 92/89/83/95/88; 
ttag +71 76/69/51/69/52; 
ttag +72 99/99/97/99/96; 
ttag +73 100/100/96/100/98; 
ttag +74 83/80/64/78/65; 
ttag +75 36/10/?/?/?; 
ttag +76 82/81/69/80/67; 
ttag +77 98/97/97/98/97; 
ttag +78 45/28/9/32/17; 
ttag +79 72/63/45/59/46; 
ttag +80 95/92/87/96/87; 
ttag +81 97/96/92/96/87; 
ttag +82 100/100/100/100/99; 
ttag +83 65/48/40/46/41; 
ttag +84 86/78/70/64/65; 
ttag +85 97/96/88/94/88; 
ttag +86 45/25/10/30/20; 
ttag +87 28/7/4/13/10; 
ttag +88 61/51/46/53/41; 
ttag +89 37/12/17/4/4; 
ttag +90 91/89/82/89/76; 
ttag +91 96/95/92/97/92; 
ttag +92 13/3/?/2/6; 
ttag +93 56/47/36/48/41; 
ttag +94 41/31/27/30/33; 
