tread
'Tree with tags' 
(0 (1 ((2 3 )(4 (5 (11 14 (12 13 )(15 16 17 )(18 (19 20 ))(21 ((22 (23 (24 25 )))(26 (27 ((28 (32 ((33 34 )(35 (36 (37 (38 39 )))))))((29 (30 31 ))(46 (44 45 47 (40 (41 (42 43 )))))))))))))(6 7 )(8 (9 10 )))))); 
ttag *!; 
ttag +49 ???; 
ttag +50 5; 
ttag +51 2; 
ttag +52 3; 
ttag +53 1; 
ttag +54 1; 
ttag +55 7; 
ttag +56 4; 
ttag +57 1; 
ttag +58 1; 
ttag +59 2; 
ttag +60 4; 
ttag +61 8; 
ttag +62 2; 
ttag +63 3; 
ttag +64 6; 
ttag +65 7; 
ttag +66 5; 
ttag +67 3; 
ttag +68 1; 
ttag +69 1; 
ttag +70 2; 
ttag +71 4; 
ttag +72 2; 
ttag +73 3; 
ttag +74 7; 
ttag +75 7; 
ttag +76 2; 
ttag +77 2; 
ttag +78 3; 
ttag +79 5; 
ttag +80 2; 
ttag +81 7; 
ttag +82 1; 
ttag +83 1; 
ttag +84 2; 
ttag +85 10; 
tread
'Tree with tags' 
(0 (1 ((2 3 )(4 ((5 ((11 (14 ((15 (16 17 ))(18 (19 20 )))))((12 13 )(21 ((22 (23 (24 25 )))(26 (27 ((28 (32 ((33 34 )(35 (36 (37 (38 39 )))))))((29 (30 31 ))(46 ((47 (40 (41 (42 43 ))))(44 45 ))))))))))))((6 7 )(8 (9 10 )))))))); 
ttag *!; 
ttag +0 ////; 
ttag +1 ////; 
ttag +2 ////; 
ttag +3 ////; 
ttag +4 ////; 
ttag +5 ////; 
ttag +6 ////; 
ttag +7 ////; 
ttag +8 ////; 
ttag +9 ////; 
ttag +10 ////; 
ttag +11 ////; 
ttag +12 ////; 
ttag +13 ////; 
ttag +14 ////; 
ttag +15 ////; 
ttag +16 ////; 
ttag +17 ////; 
ttag +18 ////; 
ttag +19 ////; 
ttag +20 ////; 
ttag +21 ////; 
ttag +22 ////; 
ttag +23 ////; 
ttag +24 ////; 
ttag +25 ////; 
ttag +26 ////; 
ttag +27 ////; 
ttag +28 ////; 
ttag +29 ////; 
ttag +30 ////; 
ttag +31 ////; 
ttag +32 ////; 
ttag +33 ////; 
ttag +34 ////; 
ttag +35 ////; 
ttag +36 ////; 
ttag +37 ////; 
ttag +38 ////; 
ttag +39 ////; 
ttag +40 ////; 
ttag +41 ////; 
ttag +42 ////; 
ttag +43 ////; 
ttag +44 ////; 
ttag +45 ////; 
ttag +46 ////; 
ttag +47 ////; 
ttag +48 ////; 
ttag +49 100/100/100/100/100; 
ttag +50 99/99/93/98/93; 
ttag +51 75/69/74/72/64; 
ttag +52 60/50/50/65/48; 
ttag +53 10/[4]/?/0/?; 
ttag +54 9/[6]/?/?/?; 
ttag +55 60/55/50/51/43; 
ttag +56 43/31/33/32/26; 
ttag +57 96/95/92/98/91; 
ttag +58 88/83/81/88/74; 
ttag +59 4/[40]/?/?/?; 
ttag +60 26/16/8/22/11; 
ttag +61 58/50/48/52/40; 
ttag +62 8/[36]/?/?/?; 
ttag +63 44/31/21/35/22; 
ttag +64 84/81/75/84/68; 
ttag +65 45/23/7/29/19; 
ttag +66 29/[16]/?/?/?; 
ttag +67 90/87/72/86/76; 
ttag +68 100/100/100/100/100; 
ttag +69 61/51/46/52/32; 
ttag +70 50/28/28/42/28; 
ttag +71 93/92/84/96/84; 
ttag +72 96/96/88/94/88; 
ttag +73 96/95/90/98/93; 
ttag +74 57/43/32/48/37; 
ttag +75 35/17/10/24/?; 
ttag +76 40/29/20/34/26; 
ttag +77 42/24/26/32/16; 
ttag +78 85/77/75/84/83; 
ttag +79 28/10/15/20/9; 
ttag +80 92/89/78/89/82; 
ttag +81 97/96/88/95/83; 
ttag +82 97/97/96/98/96; 
ttag +83 75/69/56/66/52; 
ttag +84 58/47/45/59/45; 
ttag +85 62/51/45/62/50; 
ttag +86 86/83/81/86/77; 
ttag +87 84/82/80/83/76; 
ttag +88 98/97/92/98/94; 
ttag +89 13/[39]/?/?/?; 
ttag +90 32/[10]/?/?/?; 
ttag +91 47/29/28/30/22; 
ttag +92 66/49/43/46/33; 
ttag +93 100/100/100/100/100; 
ttag +94 57/47/35/41/35; 
