tread
'Tree with tags' 
(0 (1 ((2 3 )(6 7 (5 11 (13 ((4 (14 (15 (16 17 ))))(12 (18 (19 20 ))))(21 ((22 (23 (24 25 )))(26 27 (28 ((29 (30 31 ))((32 ((33 34 )(35 (36 (37 38 39 )))))(47 (45 (44 (46 (40 (41 (42 43 )))))))))))))))(8 (9 10 )))))); 
ttag *!; 
ttag +49 ???; 
ttag +50 2; 
ttag +51 2; 
ttag +52 1; 
ttag +53 1; 
ttag +54 1; 
ttag +55 1; 
ttag +56 7; 
ttag +57 9; 
ttag +58 1; 
ttag +59 1; 
ttag +60 1; 
ttag +61 5; 
ttag +62 1; 
ttag +63 1; 
ttag +64 6; 
ttag +65 1; 
ttag +66 3; 
ttag +67 4; 
ttag +68 2; 
ttag +69 3; 
ttag +70 7; 
ttag +71 5; 
ttag +72 4; 
ttag +73 3; 
ttag +74 4; 
ttag +75 1; 
ttag +76 5; 
ttag +77 5; 
ttag +78 6; 
ttag +79 3; 
ttag +80 5; 
ttag +81 6; 
ttag +82 15; 
ttag +83 1; 
ttag +84 2; 
ttag +85 2; 
ttag +86 4; 
ttag +87 3; 
ttag +88 6; 
tread
'Tree with tags' 
(0 (1 ((2 3 )((11 (5 (((4 (14 (15 (16 17 ))))(12 (18 (19 20 ))))(13 (21 ((22 (23 (24 25 )))((26 27 )(28 ((29 (30 31 ))((32 ((33 34 )(35 (36 (37 (38 39 ))))))(47 (45 (44 (46 (40 (41 (42 43 )))))))))))))))))((6 7 )(8 (9 10 ))))))); 
ttag *!; 
ttag +0 ////; 
ttag +1 ////; 
ttag +2 ////; 
ttag +3 ////; 
ttag +4 ////; 
ttag +5 ////; 
ttag +6 ////; 
ttag +7 ////; 
ttag +8 ////; 
ttag +9 ////; 
ttag +10 ////; 
ttag +11 ////; 
ttag +12 ////; 
ttag +13 ////; 
ttag +14 ////; 
ttag +15 ////; 
ttag +16 ////; 
ttag +17 ////; 
ttag +18 ////; 
ttag +19 ////; 
ttag +20 ////; 
ttag +21 ////; 
ttag +22 ////; 
ttag +23 ////; 
ttag +24 ////; 
ttag +25 ////; 
ttag +26 ////; 
ttag +27 ////; 
ttag +28 ////; 
ttag +29 ////; 
ttag +30 ////; 
ttag +31 ////; 
ttag +32 ////; 
ttag +33 ////; 
ttag +34 ////; 
ttag +35 ////; 
ttag +36 ////; 
ttag +37 ////; 
ttag +38 ////; 
ttag +39 ////; 
ttag +40 ////; 
ttag +41 ////; 
ttag +42 ////; 
ttag +43 ////; 
ttag +44 ////; 
ttag +45 ////; 
ttag +46 ////; 
ttag +47 ////; 
ttag +48 ////; 
ttag +49 100/100/100/100/100; 
ttag +50 85/79/70/83/78; 
ttag +51 75/65/56/67/47; 
ttag +52 6/[16]/?/?/?; 
ttag +53 3/[6]/?/?/?; 
ttag +54 4/[5]/?/?/?; 
ttag +55 9/0/?/?/?; 
ttag +56 27/18/10/11/5; 
ttag +57 95/95/90/99/89; 
ttag +58 32/16/13/11/8; 
ttag +59 32/20/26/32/22; 
ttag +60 100/100/99/100/98; 
ttag +61 67/52/44/52/42; 
ttag +62 24/4/?/?/?; 
ttag +63 33/24/18/26/14; 
ttag +64 6/[16]/?/?/?; 
ttag +65 96/96/89/96/86; 
ttag +66 67/55/50/58/50; 
ttag +67 59/42/36/41/40; 
ttag +68 99/99/97/99/98; 
ttag +69 64/52/48/52/44; 
ttag +70 80/70/60/68/68; 
ttag +71 85/80/83/89/84; 
ttag +72 80/68/59/68/61; 
ttag +73 91/90/82/88/82; 
ttag +74 33/27/32/23/28; 
ttag +75 97/96/94/96/92; 
ttag +76 91/88/81/89/76; 
ttag +77 91/88/84/94/79; 
ttag +78 72/64/54/59/53; 
ttag +79 84/80/76/80/72; 
ttag +80 72/56/50/64/60; 
ttag +81 83/80/73/80/70; 
ttag +82 95/95/91/98/91; 
ttag +83 92/91/89/94/82; 
ttag +84 84/80/66/79/70; 
ttag +85 91/87/74/86/78; 
ttag +86 96/95/93/94/89; 
ttag +87 0/[3]/?/?/?; 
ttag +88 100/100/99/100/100; 
ttag +89 30/17/3/14/?; 
ttag +90 32/16/8/17/?; 
ttag +91 50/37/20/34/18; 
ttag +92 69/56/49/57/41; 
ttag +93 88/86/78/85/79; 
ttag +94 98/98/97/97/95; 
