tread
'Tree with tags' 
(0 (1 (11 (((4 (2 3 ))((5 ((6 7 )(21 ((22 (23 (24 25 )))(26 (27 (28 (((29 (30 31 )(44 46 (45 47 )))(40 41 (42 43 )))(32 ((33 34 )(35 (36 (37 38 39 )))))))))))))((8 (9 10 ))((14 (17 (15 16 )))(18 (19 20 ))))))(12 13 ))))); 
ttag *!; 
ttag +49 ???; 
ttag +50 10; 
ttag +51 2; 
ttag +52 2; 
ttag +53 1; 
ttag +54 8; 
ttag +55 1; 
ttag +56 2; 
ttag +57 1; 
ttag +58 2; 
ttag +59 11; 
ttag +60 2; 
ttag +61 2; 
ttag +62 2; 
ttag +63 1; 
ttag +64 2; 
ttag +65 3; 
ttag +66 8; 
ttag +67 3; 
ttag +68 13; 
ttag +69 4; 
ttag +70 6; 
ttag +71 3; 
ttag +72 5; 
ttag +73 4; 
ttag +74 6; 
ttag +75 3; 
ttag +76 3; 
ttag +77 1; 
ttag +78 1; 
ttag +79 1; 
ttag +80 12; 
ttag +81 4; 
ttag +82 5; 
ttag +83 4; 
ttag +84 2; 
ttag +85 5; 
ttag +86 4; 
ttag +87 6; 
ttag +88 8; 
ttag +89 5; 
ttag +90 1; 
tread
'Tree with tags' 
(0 (1 (11 (((4 (2 3 ))((5 ((6 7 )(21 ((22 (23 (24 25 )))(26 (27 (28 ((((29 (30 31 ))((44 46 )(45 47 )))((40 41 )(42 43 )))(32 ((33 34 )(35 (36 (39 (37 38 ))))))))))))))((8 (9 10 ))((14 (17 (15 16 )))(18 (19 20 ))))))(12 13 ))))); 
ttag *!; 
ttag +0 ////; 
ttag +1 ////; 
ttag +2 ////; 
ttag +3 ////; 
ttag +4 ////; 
ttag +5 ////; 
ttag +6 ////; 
ttag +7 ////; 
ttag +8 ////; 
ttag +9 ////; 
ttag +10 ////; 
ttag +11 ////; 
ttag +12 ////; 
ttag +13 ////; 
ttag +14 ////; 
ttag +15 ////; 
ttag +16 ////; 
ttag +17 ////; 
ttag +18 ////; 
ttag +19 ////; 
ttag +20 ////; 
ttag +21 ////; 
ttag +22 ////; 
ttag +23 ////; 
ttag +24 ////; 
ttag +25 ////; 
ttag +26 ////; 
ttag +27 ////; 
ttag +28 ////; 
ttag +29 ////; 
ttag +30 ////; 
ttag +31 ////; 
ttag +32 ////; 
ttag +33 ////; 
ttag +34 ////; 
ttag +35 ////; 
ttag +36 ////; 
ttag +37 ////; 
ttag +38 ////; 
ttag +39 ////; 
ttag +40 ////; 
ttag +41 ////; 
ttag +42 ////; 
ttag +43 ////; 
ttag +44 ////; 
ttag +45 ////; 
ttag +46 ////; 
ttag +47 ////; 
ttag +48 ////; 
ttag +49 100/100/100/100/100; 
ttag +50 94/92/93/98/93; 
ttag +51 31/3/?/6/4; 
ttag +52 5/[22]/?/?/?; 
ttag +53 10/[16]/?/?/?; 
ttag +54 96/95/88/96/83; 
ttag +55 0/[19]/?/?/?; 
ttag +56 3/[12]/?/?/?; 
ttag +57 37/17/12/18/16; 
ttag +58 2/[17]/?/?/?; 
ttag +59 100/100/100/100/100; 
ttag +60 16/[3]/?/?/?; 
ttag +61 80/72/70/72/70; 
ttag +62 62/51/36/52/42; 
ttag +63 48/24/22/22/10; 
ttag +64 50/44/25/42/24; 
ttag +65 78/69/63/80/58; 
ttag +66 99/99/92/98/96; 
ttag +67 64/60/54/56/44; 
ttag +68 100/100/100/100/100; 
ttag +69 62/58/45/51/44; 
ttag +70 92/90/78/87/86; 
ttag +71 81/79/68/77/68; 
ttag +72 97/96/86/94/87; 
ttag +73 92/87/80/88/75; 
ttag +74 93/92/80/89/86; 
ttag +75 82/77/68/78/73; 
ttag +76 84/81/70/82/76; 
ttag +77 29/13/8/16/8; 
ttag +78 33/17/13/20/8; 
ttag +79 28/13/2/3/?; 
ttag +80 51/42/28/22/22; 
ttag +81 100/100/100/100/100; 
ttag +82 93/91/84/90/84; 
ttag +83 95/92/78/92/80; 
ttag +84 88/86/72/86/70; 
ttag +85 74/62/49/55/60; 
ttag +86 95/94/87/94/88; 
ttag +87 20/[2]/0/5/6; 
ttag +88 98/97/96/95/93; 
ttag +89 37/6/1/?/?; 
ttag +90 93/91/84/94/90; 
ttag +91 100/100/100/99/100; 
ttag +92 19/[2]/8/3/6; 
ttag +93 94/92/84/88/73; 
ttag +94 41/27/19/32/20; 
