tread
'Tree with tags' 
(0 (1 ((2 3 )(4 ((5 ((6 (7 (8 (9 10 ))))(11 (18 (19 20 )))))((12 13 )(14 21 (15 (16 17 ))(22 (23 (24 25 )))(26 27 28 ((29 (30 31 ))(32 33 34 35 36 (37 38 39 ))(40 41 (42 43 )(44 45 46 47 ))))))))))); 
ttag *!; 
ttag +49 ???; 
ttag +50 8; 
ttag +51 7; 
ttag +52 6; 
ttag +53 2; 
ttag +54 3; 
ttag +55 4; 
ttag +56 2; 
ttag +57 2; 
ttag +58 11; 
ttag +59 1; 
ttag +60 2; 
ttag +61 2; 
ttag +62 1; 
ttag +63 2; 
ttag +64 4; 
ttag +65 3; 
ttag +66 4; 
ttag +67 11; 
ttag +68 4; 
ttag +69 2; 
ttag +70 1; 
ttag +71 1; 
ttag +72 6; 
ttag +73 2; 
ttag +74 2; 
ttag +75 8; 
ttag +76 6; 
ttag +77 1; 
ttag +78 4; 
ttag +79 2; 
tread
'Tree with tags' 
(0 (1 ((2 3 )(4 ((5 ((6 (7 (8 (9 10 ))))(11 (18 (19 20 )))))((12 13 )((14 (21 ((22 (23 (24 25 )))(26 (28 (27 ((29 (30 31 ))((32 ((33 34 )(35 (36 (37 (38 39 ))))))((40 (41 (42 43 )))(44 (45 (46 47 ))))))))))))(15 (16 17 ))))))))); 
ttag *!; 
ttag +0 ////; 
ttag +1 ////; 
ttag +2 ////; 
ttag +3 ////; 
ttag +4 ////; 
ttag +5 ////; 
ttag +6 ////; 
ttag +7 ////; 
ttag +8 ////; 
ttag +9 ////; 
ttag +10 ////; 
ttag +11 ////; 
ttag +12 ////; 
ttag +13 ////; 
ttag +14 ////; 
ttag +15 ////; 
ttag +16 ////; 
ttag +17 ////; 
ttag +18 ////; 
ttag +19 ////; 
ttag +20 ////; 
ttag +21 ////; 
ttag +22 ////; 
ttag +23 ////; 
ttag +24 ////; 
ttag +25 ////; 
ttag +26 ////; 
ttag +27 ////; 
ttag +28 ////; 
ttag +29 ////; 
ttag +30 ////; 
ttag +31 ////; 
ttag +32 ////; 
ttag +33 ////; 
ttag +34 ////; 
ttag +35 ////; 
ttag +36 ////; 
ttag +37 ////; 
ttag +38 ////; 
ttag +39 ////; 
ttag +40 ////; 
ttag +41 ////; 
ttag +42 ////; 
ttag +43 ////; 
ttag +44 ////; 
ttag +45 ////; 
ttag +46 ////; 
ttag +47 ////; 
ttag +48 ////; 
ttag +49 100/100/100/100/100; 
ttag +50 99/99/98/99/99; 
ttag +51 97/96/89/99/91; 
ttag +52 94/93/84/92/81; 
ttag +53 11/[12]/?/?/?; 
ttag +54 62/56/33/48/34; 
ttag +55 70/63/58/72/57; 
ttag +56 13/[10]/?/?/?; 
ttag +57 38/21/7/17/1; 
ttag +58 100/100/100/100/100; 
ttag +59 52/18/8/10/8; 
ttag +60 37/12/7/6/8; 
ttag +61 84/83/66/83/61; 
ttag +62 11/[13]/?/?/?; 
ttag +63 6/[26]/?/?/?; 
ttag +64 20/6/?/6/?; 
ttag +65 90/88/77/92/78; 
ttag +66 72/57/54/70/54; 
ttag +67 90/88/72/88/80; 
ttag +68 100/100/100/100/100; 
ttag +69 5/[27]/?/?/?; 
ttag +70 90/89/82/88/79; 
ttag +71 15/[17]/?/?/?; 
ttag +72 92/90/82/91/78; 
ttag +73 56/29/26/27/35; 
ttag +74 48/40/33/49/25; 
ttag +75 14/[15]/?/?/?; 
ttag +76 30/19/9/17/16; 
ttag +77 98/97/95/99/95; 
ttag +78 67/61/47/66/48; 
ttag +79 88/84/75/82/79; 
ttag +80 96/93/86/96/90; 
ttag +81 40/22/25/28/17; 
ttag +82 56/44/30/36/40; 
ttag +83 36/10/0/?/8; 
ttag +84 35/14/9/7/4; 
ttag +85 48/28/25/20/22; 
ttag +86 100/100/97/99/97; 
ttag +87 64/43/38/38/34; 
ttag +88 48/25/26/26/24; 
ttag +89 74/68/50/64/52; 
ttag +90 55/35/40/26/31; 
ttag +91 95/94/94/93/86; 
ttag +92 51/41/18/39/17; 
ttag +93 16/[10]/?/?/?; 
ttag +94 10/[4]/?/?/?; 
