tread
'Tree with tags' 
(0 (1 ((2 3 )(4 (5 ((6 (7 (8 (9 10 ))))(11 (12 13 )(21 ((14 (15 (16 17 )))(18 (19 20 ))))((22 (23 (24 25 )))(26 (27 (28 ((((31 (29 30 ))(40 (41 (42 43 ))))(45 (44 (46 47 ))))(32 ((33 34 35 )(36 (37 (38 39 ))))))))))))))))); 
ttag *!; 
ttag +49 ???; 
ttag +50 7; 
ttag +51 4; 
ttag +52 9; 
ttag +53 4; 
ttag +54 1; 
ttag +55 1; 
ttag +56 1; 
ttag +57 6; 
ttag +58 1; 
ttag +59 1; 
ttag +60 2; 
ttag +61 1; 
ttag +62 2; 
ttag +63 3; 
ttag +64 9; 
ttag +65 2; 
ttag +66 10; 
ttag +67 7; 
ttag +68 7; 
ttag +69 5; 
ttag +70 9; 
ttag +71 5; 
ttag +72 2; 
ttag +73 4; 
ttag +74 4; 
ttag +75 2; 
ttag +76 8; 
ttag +77 1; 
ttag +78 1; 
ttag +79 4; 
ttag +80 9; 
ttag +81 1; 
ttag +82 2; 
ttag +83 7; 
ttag +84 5; 
ttag +85 1; 
ttag +86 3; 
ttag +87 3; 
ttag +88 7; 
ttag +89 1; 
ttag +90 2; 
ttag +91 1; 
tread
'Tree with tags' 
(0 (1 ((2 3 )(4 (5 ((6 (7 (8 (9 10 ))))(11 ((12 13 )((21 ((14 (15 (16 17 )))(18 (19 20 ))))((22 (23 (24 25 )))(26 (27 (28 ((((31 (29 30 ))(40 (41 (42 43 ))))(45 (44 (46 47 ))))(32 ((34 (33 35 ))(36 (37 (38 39 ))))))))))))))))))); 
ttag *!; 
ttag +0 ////; 
ttag +1 ////; 
ttag +2 ////; 
ttag +3 ////; 
ttag +4 ////; 
ttag +5 ////; 
ttag +6 ////; 
ttag +7 ////; 
ttag +8 ////; 
ttag +9 ////; 
ttag +10 ////; 
ttag +11 ////; 
ttag +12 ////; 
ttag +13 ////; 
ttag +14 ////; 
ttag +15 ////; 
ttag +16 ////; 
ttag +17 ////; 
ttag +18 ////; 
ttag +19 ////; 
ttag +20 ////; 
ttag +21 ////; 
ttag +22 ////; 
ttag +23 ////; 
ttag +24 ////; 
ttag +25 ////; 
ttag +26 ////; 
ttag +27 ////; 
ttag +28 ////; 
ttag +29 ////; 
ttag +30 ////; 
ttag +31 ////; 
ttag +32 ////; 
ttag +33 ////; 
ttag +34 ////; 
ttag +35 ////; 
ttag +36 ////; 
ttag +37 ////; 
ttag +38 ////; 
ttag +39 ////; 
ttag +40 ////; 
ttag +41 ////; 
ttag +42 ////; 
ttag +43 ////; 
ttag +44 ////; 
ttag +45 ////; 
ttag +46 ////; 
ttag +47 ////; 
ttag +48 ////; 
ttag +49 100/100/100/100/100; 
ttag +50 99/99/90/99/95; 
ttag +51 94/92/88/95/90; 
ttag +52 94/90/87/94/82; 
ttag +53 51/36/35/45/27; 
ttag +54 15/3/?/11/?; 
ttag +55 27/12/7/22/2; 
ttag +56 28/16/9/24/4; 
ttag +57 96/95/94/97/90; 
ttag +58 50/41/36/50/42; 
ttag +59 26/12/8/23/6; 
ttag +60 56/48/50/58/46; 
ttag +61 2/[12]/?/?/?; 
ttag +62 54/46/39/44/30; 
ttag +63 47/34/28/48/25; 
ttag +64 44/33/26/44/17; 
ttag +65 8/[6]/?/?/?; 
ttag +66 99/99/97/99/97; 
ttag +67 74/67/61/64/53; 
ttag +68 100/100/100/100/97; 
ttag +69 99/98/98/100/98; 
ttag +70 96/95/93/96/89; 
ttag +71 76/72/56/70/53; 
ttag +72 100/100/98/100/99; 
ttag +73 92/90/86/92/79; 
ttag +74 74/68/47/74/47; 
ttag +75 81/79/67/79/56; 
ttag +76 62/56/35/53/30; 
ttag +77 65/53/38/56/19; 
ttag +78 95/94/87/96/83; 
ttag +79 25/[2]/?/?/?; 
ttag +80 33/5/?/12/?; 
ttag +81 73/67/47/64/40; 
ttag +82 99/98/94/98/91; 
ttag +83 11/[17]/?/?/?; 
ttag +84 41/28/20/23/14; 
ttag +85 58/48/27/37/25; 
ttag +86 98/98/92/98/94; 
ttag +87 98/98/98/100/97; 
ttag +88 50/36/32/48/32; 
ttag +89 89/87/72/83/75; 
ttag +90 83/77/68/74/60; 
ttag +91 99/99/97/100/98; 
ttag +92 40/28/17/26/18; 
ttag +93 70/65/57/60/48; 
ttag +94 49/43/36/42/31; 
