tread
'Tree with tags' 
(0 (1 ((2 3 )(4 (5 ((6 7 )((9 (8 10 ))((11 ((15 (16 17 ))(18 (19 20 ))))(13 (12 (14 (21 ((22 (23 (24 25 )))(26 (27 (28 ((29 (30 31 ))((32 ((33 34 )(35 (36 (37 38 39 )))))((40 41 (42 43 ))(44 45 (46 47 ))))))))))))))))))))); 
ttag *!; 
ttag +49 ???; 
ttag +50 5; 
ttag +51 4; 
ttag +52 1; 
ttag +53 1; 
ttag +54 1; 
ttag +55 1; 
ttag +56 1; 
ttag +57 8; 
ttag +58 1; 
ttag +59 1; 
ttag +60 1; 
ttag +61 1; 
ttag +62 1; 
ttag +63 2; 
ttag +64 11; 
ttag +65 4; 
ttag +66 2; 
ttag +67 2; 
ttag +68 10; 
ttag +69 7; 
ttag +70 2; 
ttag +71 8; 
ttag +72 7; 
ttag +73 8; 
ttag +74 2; 
ttag +75 3; 
ttag +76 3; 
ttag +77 7; 
ttag +78 3; 
ttag +79 9; 
ttag +80 7; 
ttag +81 1; 
ttag +82 6; 
ttag +83 1; 
ttag +84 1; 
ttag +85 3; 
ttag +86 8; 
ttag +87 6; 
ttag +88 1; 
ttag +89 7; 
ttag +90 2; 
ttag +91 1; 
tread
'Tree with tags' 
(0 (1 ((2 3 )(4 (5 ((6 7 )((9 (8 10 ))((11 ((15 (16 17 ))(18 (19 20 ))))(13 (12 (14 (21 ((22 (23 (24 25 )))(26 (27 (28 ((29 (30 31 ))((32 ((33 34 )(35 (36 (38 (37 39 ))))))((40 (41 (42 43 )))((44 45 )(46 47 ))))))))))))))))))))); 
ttag *!; 
ttag +0 ////; 
ttag +1 ////; 
ttag +2 ////; 
ttag +3 ////; 
ttag +4 ////; 
ttag +5 ////; 
ttag +6 ////; 
ttag +7 ////; 
ttag +8 ////; 
ttag +9 ////; 
ttag +10 ////; 
ttag +11 ////; 
ttag +12 ////; 
ttag +13 ////; 
ttag +14 ////; 
ttag +15 ////; 
ttag +16 ////; 
ttag +17 ////; 
ttag +18 ////; 
ttag +19 ////; 
ttag +20 ////; 
ttag +21 ////; 
ttag +22 ////; 
ttag +23 ////; 
ttag +24 ////; 
ttag +25 ////; 
ttag +26 ////; 
ttag +27 ////; 
ttag +28 ////; 
ttag +29 ////; 
ttag +30 ////; 
ttag +31 ////; 
ttag +32 ////; 
ttag +33 ////; 
ttag +34 ////; 
ttag +35 ////; 
ttag +36 ////; 
ttag +37 ////; 
ttag +38 ////; 
ttag +39 ////; 
ttag +40 ////; 
ttag +41 ////; 
ttag +42 ////; 
ttag +43 ////; 
ttag +44 ////; 
ttag +45 ////; 
ttag +46 ////; 
ttag +47 ////; 
ttag +48 ////; 
ttag +49 100/100/100/100/100; 
ttag +50 99/99/100/99/99; 
ttag +51 84/81/68/86/76; 
ttag +52 42/21/14/25/14; 
ttag +53 21/2/?/2/1; 
ttag +54 58/54/49/53/48; 
ttag +55 10/[8]/?/?/?; 
ttag +56 42/25/23/30/20; 
ttag +57 99/99/98/99/98; 
ttag +58 16/[2]/?/?/0; 
ttag +59 17/[9]/?/?/?; 
ttag +60 31/12/3/15/9; 
ttag +61 10/[53]/?/?/?; 
ttag +62 14/[11]/?/?/?; 
ttag +63 54/48/31/50/30; 
ttag +64 100/100/100/100/99; 
ttag +65 75/62/52/49/48; 
ttag +66 65/56/46/51/46; 
ttag +67 68/56/48/62/59; 
ttag +68 100/100/99/100/100; 
ttag +69 90/88/78/88/76; 
ttag +70 73/66/38/59/41; 
ttag +71 92/87/80/88/79; 
ttag +72 97/97/90/99/91; 
ttag +73 98/98/98/99/95; 
ttag +74 53/40/24/49/24; 
ttag +75 72/66/36/65/37; 
ttag +76 68/61/35/60/33; 
ttag +77 98/98/92/99/96; 
ttag +78 60/52/22/52/26; 
ttag +79 100/100/97/100/98; 
ttag +80 96/94/86/92/87; 
ttag +81 21/0/?/?/?; 
ttag +82 95/94/83/97/84; 
ttag +83 33/8/8/9/5; 
ttag +84 37/12/21/13/16; 
ttag +85 94/93/87/90/87; 
ttag +86 21/0/?/?/?; 
ttag +87 99/99/97/100/96; 
ttag +88 96/95/92/98/90; 
ttag +89 43/30/28/26/20; 
ttag +90 29/6/2/2/1; 
ttag +91 100/100/98/100/99; 
ttag +92 58/51/52/53/48; 
ttag +93 75/70/59/74/70; 
ttag +94 48/37/29/48/42; 
