tread
'Tree with tags' 
(0 (1 ((2 3 )(4 5 (11 14 (6 7 )(8 9 10 )(12 13 )(15 16 17 )(18 (19 20 ))(21 ((22 (23 (24 25 )))(26 (27 28 ((29 (30 31 ))(((33 34 (32 (35 (36 (37 (38 39 ))))))(41 (40 (42 43 ))))(46 (45 (44 47 )))))))))))))); 
ttag *!; 
ttag +49 ???; 
ttag +50 9; 
ttag +51 5; 
ttag +52 4; 
ttag +53 1; 
ttag +54 2; 
ttag +55 6; 
ttag +56 2; 
ttag +57 5; 
ttag +58 8; 
ttag +59 9; 
ttag +60 1; 
ttag +61 3; 
ttag +62 3; 
ttag +63 8; 
ttag +64 5; 
ttag +65 5; 
ttag +66 2; 
ttag +67 8; 
ttag +68 1; 
ttag +69 1; 
ttag +70 2; 
ttag +71 4; 
ttag +72 2; 
ttag +73 2; 
ttag +74 1; 
ttag +75 1; 
ttag +76 7; 
ttag +77 1; 
ttag +78 1; 
ttag +79 3; 
ttag +80 4; 
ttag +81 2; 
ttag +82 2; 
ttag +83 2; 
tread
'Tree with tags' 
(0 (1 ((2 3 )(4 (5 ((11 (6 7 ))((8 (9 10 ))((12 13 )(14 (((16 (15 17 ))(18 (19 20 )))(21 ((22 (23 (24 25 )))(26 (28 (27 ((29 (30 31 ))((((32 (35 (36 (37 (38 39 )))))(33 34 ))(41 (40 (42 43 ))))(46 (45 (44 47 )))))))))))))))))))); 
ttag *!; 
ttag +0 ////; 
ttag +1 ////; 
ttag +2 ////; 
ttag +3 ////; 
ttag +4 ////; 
ttag +5 ////; 
ttag +6 ////; 
ttag +7 ////; 
ttag +8 ////; 
ttag +9 ////; 
ttag +10 ////; 
ttag +11 ////; 
ttag +12 ////; 
ttag +13 ////; 
ttag +14 ////; 
ttag +15 ////; 
ttag +16 ////; 
ttag +17 ////; 
ttag +18 ////; 
ttag +19 ////; 
ttag +20 ////; 
ttag +21 ////; 
ttag +22 ////; 
ttag +23 ////; 
ttag +24 ////; 
ttag +25 ////; 
ttag +26 ////; 
ttag +27 ////; 
ttag +28 ////; 
ttag +29 ////; 
ttag +30 ////; 
ttag +31 ////; 
ttag +32 ////; 
ttag +33 ////; 
ttag +34 ////; 
ttag +35 ////; 
ttag +36 ////; 
ttag +37 ////; 
ttag +38 ////; 
ttag +39 ////; 
ttag +40 ////; 
ttag +41 ////; 
ttag +42 ////; 
ttag +43 ////; 
ttag +44 ////; 
ttag +45 ////; 
ttag +46 ////; 
ttag +47 ////; 
ttag +48 ////; 
ttag +49 100/100/100/100/100; 
ttag +50 100/100/99/100/99; 
ttag +51 98/97/93/97/94; 
ttag +52 95/94/81/91/80; 
ttag +53 39/25/23/29/21; 
ttag +54 66/56/54/50/48; 
ttag +55 2/[32]/?/?/?; 
ttag +56 63/58/39/62/39; 
ttag +57 98/98/99/98/97; 
ttag +58 4/[30]/?/?/?; 
ttag +59 43/2/4/?/2; 
ttag +60 68/62/56/59/54; 
ttag +61 18/5/7/9/8; 
ttag +62 26/18/3/13/6; 
ttag +63 42/24/23/27/22; 
ttag +64 80/77/65/81/62; 
ttag +65 24/[1]/?/?/?; 
ttag +66 10/1/?/?/?; 
ttag +67 100/100/98/100/98; 
ttag +68 100/100/100/100/99; 
ttag +69 36/20/8/33/8; 
ttag +70 65/50/31/61/35; 
ttag +71 74/65/49/73/43; 
ttag +72 100/100/96/99/94; 
ttag +73 98/98/96/96/97; 
ttag +74 92/90/83/95/79; 
ttag +75 22/[3]/?/?/?; 
ttag +76 64/55/36/52/39; 
ttag +77 96/94/85/93/87; 
ttag +78 70/66/44/59/49; 
ttag +79 54/30/24/25/28; 
ttag +80 54/39/23/34/31; 
ttag +81 90/89/82/92/80; 
ttag +82 34/16/3/13/6; 
ttag +83 60/51/19/43/30; 
ttag +84 58/42/32/27/24; 
ttag +85 56/48/32/52/33; 
ttag +86 60/42/37/51/36; 
ttag +87 92/86/73/91/78; 
ttag +88 56/34/23/44/25; 
ttag +89 40/12/6/11/13; 
ttag +90 51/34/32/40/28; 
ttag +91 88/84/80/90/82; 
ttag +92 69/60/41/61/51; 
ttag +93 74/70/53/69/55; 
ttag +94 67/62/41/62/45; 
