tread
'Tree with tags' 
(0 (1 ((2 3 )(21 (4 5 11 12 13 (14 ((15 (16 17 ))(18 (19 20 )))))((6 7 )(10 (8 9 )))((22 (23 (24 25 )))(28 ((26 27 )(((29 (30 31 ))((32 (35 (33 34 )))(36 (37 (38 39 ))))(40 41 (42 43 )))(47 (44 (45 46 ))))))))))); 
ttag *!; 
ttag +49 ???; 
ttag +50 3; 
ttag +51 3; 
ttag +52 1; 
ttag +53 1; 
ttag +54 2; 
ttag +55 1; 
ttag +56 2; 
ttag +57 9; 
ttag +58 2; 
ttag +59 8; 
ttag +60 4; 
ttag +61 4; 
ttag +62 7; 
ttag +63 5; 
ttag +64 5; 
ttag +65 3; 
ttag +66 4; 
ttag +67 2; 
ttag +68 1; 
ttag +69 1; 
ttag +70 3; 
ttag +71 4; 
ttag +72 1; 
ttag +73 1; 
ttag +74 6; 
ttag +75 1; 
ttag +76 4; 
ttag +77 4; 
ttag +78 1; 
ttag +79 2; 
ttag +80 3; 
ttag +81 2; 
ttag +82 7; 
ttag +83 1; 
ttag +84 1; 
ttag +85 1; 
ttag +86 1; 
tread
'Tree with tags' 
(0 (1 ((2 3 )((4 (5 (11 ((12 13 )(14 ((15 (16 17 ))(18 (19 20 ))))))))(((6 7 )(10 (8 9 )))(21 ((22 (23 (24 25 )))(28 ((26 27 )((((29 (30 31 ))(41 (40 (42 43 ))))((32 (35 (33 34 )))(36 (37 (38 39 )))))(47 (44 (45 46 ))))))))))))); 
ttag *!; 
ttag +0 ////; 
ttag +1 ////; 
ttag +2 ////; 
ttag +3 ////; 
ttag +4 ////; 
ttag +5 ////; 
ttag +6 ////; 
ttag +7 ////; 
ttag +8 ////; 
ttag +9 ////; 
ttag +10 ////; 
ttag +11 ////; 
ttag +12 ////; 
ttag +13 ////; 
ttag +14 ////; 
ttag +15 ////; 
ttag +16 ////; 
ttag +17 ////; 
ttag +18 ////; 
ttag +19 ////; 
ttag +20 ////; 
ttag +21 ////; 
ttag +22 ////; 
ttag +23 ////; 
ttag +24 ////; 
ttag +25 ////; 
ttag +26 ////; 
ttag +27 ////; 
ttag +28 ////; 
ttag +29 ////; 
ttag +30 ////; 
ttag +31 ////; 
ttag +32 ////; 
ttag +33 ////; 
ttag +34 ////; 
ttag +35 ////; 
ttag +36 ////; 
ttag +37 ////; 
ttag +38 ////; 
ttag +39 ////; 
ttag +40 ////; 
ttag +41 ////; 
ttag +42 ////; 
ttag +43 ////; 
ttag +44 ////; 
ttag +45 ////; 
ttag +46 ////; 
ttag +47 ////; 
ttag +48 ////; 
ttag +49 100/100/100/100/100; 
ttag +50 81/75/64/84/64; 
ttag +51 74/68/59/74/56; 
ttag +52 10/[8]/?/?/?; 
ttag +53 23/8/5/11/16; 
ttag +54 7/[11]/?/?/?; 
ttag +55 81/77/64/73/69; 
ttag +56 39/24/29/36/37; 
ttag +57 10/[8]/?/?/?; 
ttag +58 84/81/77/81/79; 
ttag +59 99/99/99/100/99; 
ttag +60 8/[8]/?/?/?; 
ttag +61 19/2/10/9/6; 
ttag +62 6/[10]/?/?/?; 
ttag +63 47/38/22/31/28; 
ttag +64 97/95/91/98/95; 
ttag +65 47/26/5/22/11; 
ttag +66 88/84/81/83/75; 
ttag +67 97/96/92/94/96; 
ttag +68 100/100/98/100/99; 
ttag +69 54/50/37/48/46; 
ttag +70 82/78/70/86/75; 
ttag +71 90/88/76/88/78; 
ttag +72 87/82/71/86/65; 
ttag +73 72/57/61/61/58; 
ttag +74 37/22/22/23/25; 
ttag +75 17/[3]/?/?/?; 
ttag +76 68/64/40/63/45; 
ttag +77 97/97/96/97/93; 
ttag +78 17/[23]/?/?/?; 
ttag +79 24/5/1/?/0; 
ttag +80 68/54/52/44/39; 
ttag +81 98/97/96/98/96; 
ttag +82 40/18/15/21/12; 
ttag +83 98/98/96/99/97; 
ttag +84 89/86/71/86/73; 
ttag +85 39/18/17/18/5; 
ttag +86 88/84/80/85/78; 
ttag +87 88/82/74/85/72; 
ttag +88 68/51/44/55/54; 
ttag +89 34/[1]/?/2/1; 
ttag +90 98/97/88/96/90; 
ttag +91 89/81/83/71/80; 
ttag +92 43/28/24/34/32; 
ttag +93 64/49/49/54/57; 
ttag +94 54/46/34/50/40; 
