tread
'Tree with tags' 
(0 (1 ((2 3 )(4 (5 (11 12 13 (6 (7 (8 (9 10 ))))(14 (15 (16 17 ))(18 (19 20 )))(21 22 (23 (24 25 ))(26 (27 (28 ((29 (30 31 ))((32 (35 (33 34 )(36 (38 (37 39 )))))(40 (41 (42 43 )))(44 45 (46 47 )))))))))))))); 
ttag *!; 
ttag +49 ???; 
ttag +50 2; 
ttag +51 2; 
ttag +52 3; 
ttag +53 1; 
ttag +54 1; 
ttag +55 1; 
ttag +56 1; 
ttag +57 10; 
ttag +58 3; 
ttag +59 1; 
ttag +60 7; 
ttag +61 5; 
ttag +62 5; 
ttag +63 13; 
ttag +64 1; 
ttag +65 2; 
ttag +66 8; 
ttag +67 7; 
ttag +68 4; 
ttag +69 2; 
ttag +70 4; 
ttag +71 1; 
ttag +72 10; 
ttag +73 6; 
ttag +74 3; 
ttag +75 6; 
ttag +76 2; 
ttag +77 2; 
ttag +78 1; 
ttag +79 2; 
ttag +80 3; 
ttag +81 4; 
ttag +82 14; 
ttag +83 4; 
ttag +84 1; 
tread
'Tree with tags' 
(0 (1 ((2 3 )(4 (5 ((6 (7 (8 (9 10 ))))(11 (((12 13 )(21 (22 ((23 (24 25 ))(26 (27 (28 ((29 (30 31 ))(((32 ((33 34 )(35 (36 (38 (37 39 ))))))(40 (41 (42 43 ))))(44 (45 (46 47 ))))))))))))((14 (15 (16 17 )))(18 (19 20 ))))))))))); 
ttag *!; 
ttag +0 ////; 
ttag +1 ////; 
ttag +2 ////; 
ttag +3 ////; 
ttag +4 ////; 
ttag +5 ////; 
ttag +6 ////; 
ttag +7 ////; 
ttag +8 ////; 
ttag +9 ////; 
ttag +10 ////; 
ttag +11 ////; 
ttag +12 ////; 
ttag +13 ////; 
ttag +14 ////; 
ttag +15 ////; 
ttag +16 ////; 
ttag +17 ////; 
ttag +18 ////; 
ttag +19 ////; 
ttag +20 ////; 
ttag +21 ////; 
ttag +22 ////; 
ttag +23 ////; 
ttag +24 ////; 
ttag +25 ////; 
ttag +26 ////; 
ttag +27 ////; 
ttag +28 ////; 
ttag +29 ////; 
ttag +30 ////; 
ttag +31 ////; 
ttag +32 ////; 
ttag +33 ////; 
ttag +34 ////; 
ttag +35 ////; 
ttag +36 ////; 
ttag +37 ////; 
ttag +38 ////; 
ttag +39 ////; 
ttag +40 ////; 
ttag +41 ////; 
ttag +42 ////; 
ttag +43 ////; 
ttag +44 ////; 
ttag +45 ////; 
ttag +46 ////; 
ttag +47 ////; 
ttag +48 ////; 
ttag +49 100/100/100/100/100; 
ttag +50 82/72/77/66/73; 
ttag +51 72/59/51/56/50; 
ttag +52 55/44/36/54/35; 
ttag +53 40/28/25/37/21; 
ttag +54 58/54/41/50/34; 
ttag +55 26/19/15/28/9; 
ttag +56 34/25/20/32/20; 
ttag +57 98/98/96/100/97; 
ttag +58 90/90/90/93/89; 
ttag +59 12/2/7/1/2; 
ttag +60 34/20/22/29/14; 
ttag +61 17/8/1/10/1; 
ttag +62 28/25/20/36/17; 
ttag +63 33/7/4/7/9; 
ttag +64 30/21/12/27/14; 
ttag +65 99/98/98/99/98; 
ttag +66 98/98/95/99/95; 
ttag +67 96/94/85/94/90; 
ttag +68 100/100/100/100/100; 
ttag +69 30/22/10/30/14; 
ttag +70 18/10/7/20/9; 
ttag +71 78/72/62/77/64; 
ttag +72 14/[36]/?/?/?; 
ttag +73 100/100/99/100/98; 
ttag +74 91/88/81/91/85; 
ttag +75 81/78/64/81/66; 
ttag +76 68/59/45/67/43; 
ttag +77 88/82/79/88/70; 
ttag +78 49/24/30/32/22; 
ttag +79 99/99/99/100/100; 
ttag +80 98/98/96/98/94; 
ttag +81 32/0/?/?/4; 
ttag +82 82/79/65/74/66; 
ttag +83 99/99/92/97/91; 
ttag +84 76/70/61/76/71; 
ttag +85 32/3/?/12/6; 
ttag +86 82/75/69/79/70; 
ttag +87 58/42/40/54/46; 
ttag +88 80/72/62/77/72; 
ttag +89 94/92/90/94/89; 
ttag +90 91/88/86/92/85; 
ttag +91 100/100/100/100/100; 
ttag +92 92/90/86/86/84; 
ttag +93 20/[16]/?/?/?; 
ttag +94 47/24/1/22/18; 
