tread
'Tree with tags' 
(0 (1 ((2 3 )(4 (5 6 7 11 (8 (9 10 ))(12 13 ((14 ((15 (16 17 ))(18 (19 20 ))))(21 (((22 (23 (24 25 )))(29 (30 31 )))(26 (27 (28 (44 45 46 47 (32 33 34 (35 (36 (37 (38 39 )))))(40 (41 (42 43 )))))))))))))))); 
ttag *!; 
ttag +49 ???; 
ttag +50 8; 
ttag +51 9; 
ttag +52 6; 
ttag +53 5; 
ttag +54 10; 
ttag +55 1; 
ttag +56 2; 
ttag +57 2; 
ttag +58 4; 
ttag +59 2; 
ttag +60 3; 
ttag +61 3; 
ttag +62 9; 
ttag +63 13; 
ttag +64 2; 
ttag +65 6; 
ttag +66 1; 
ttag +67 2; 
ttag +68 7; 
ttag +69 7; 
ttag +70 1; 
ttag +71 1; 
ttag +72 1; 
ttag +73 7; 
ttag +74 1; 
ttag +75 6; 
ttag +76 2; 
ttag +77 2; 
ttag +78 1; 
ttag +79 7; 
ttag +80 4; 
ttag +81 4; 
ttag +82 3; 
ttag +83 7; 
tread
'Tree with tags' 
(0 (1 ((2 3 )(4 ((5 (12 (13 ((14 ((15 (16 17 ))(18 (19 20 ))))(21 (((22 (23 (24 25 )))(29 (30 31 )))(26 (27 (28 ((44 (45 (46 (47 (34 (32 (33 (35 (36 (37 (38 39 )))))))))))(40 (41 (42 43 )))))))))))))(11 (7 (6 (8 (9 10 )))))))))); 
ttag *!; 
ttag +0 ////; 
ttag +1 ////; 
ttag +2 ////; 
ttag +3 ////; 
ttag +4 ////; 
ttag +5 ////; 
ttag +6 ////; 
ttag +7 ////; 
ttag +8 ////; 
ttag +9 ////; 
ttag +10 ////; 
ttag +11 ////; 
ttag +12 ////; 
ttag +13 ////; 
ttag +14 ////; 
ttag +15 ////; 
ttag +16 ////; 
ttag +17 ////; 
ttag +18 ////; 
ttag +19 ////; 
ttag +20 ////; 
ttag +21 ////; 
ttag +22 ////; 
ttag +23 ////; 
ttag +24 ////; 
ttag +25 ////; 
ttag +26 ////; 
ttag +27 ////; 
ttag +28 ////; 
ttag +29 ////; 
ttag +30 ////; 
ttag +31 ////; 
ttag +32 ////; 
ttag +33 ////; 
ttag +34 ////; 
ttag +35 ////; 
ttag +36 ////; 
ttag +37 ////; 
ttag +38 ////; 
ttag +39 ////; 
ttag +40 ////; 
ttag +41 ////; 
ttag +42 ////; 
ttag +43 ////; 
ttag +44 ////; 
ttag +45 ////; 
ttag +46 ////; 
ttag +47 ////; 
ttag +48 ////; 
ttag +49 100/100/100/100/100; 
ttag +50 99/99/100/100/98; 
ttag +51 100/100/97/100/96; 
ttag +52 99/99/80/96/91; 
ttag +53 14/[13]/?/?/?; 
ttag +54 96/95/82/94/86; 
ttag +55 11/[22]/?/?/?; 
ttag +56 30/7/10/17/10; 
ttag +57 10/[17]/?/?/?; 
ttag +58 100/100/99/100/98; 
ttag +59 70/57/53/68/50; 
ttag +60 54/45/34/58/36; 
ttag +61 27/0/3/0/?; 
ttag +62 55/46/38/56/44; 
ttag +63 81/80/61/79/60; 
ttag +64 77/72/59/74/60; 
ttag +65 76/68/58/71/54; 
ttag +66 88/86/78/86/76; 
ttag +67 100/100/98/99/98; 
ttag +68 100/100/100/100/100; 
ttag +69 42/33/16/34/14; 
ttag +70 97/96/95/96/96; 
ttag +71 50/25/13/24/14; 
ttag +72 67/64/56/66/46; 
ttag +73 98/98/96/98/96; 
ttag +74 99/99/97/100/98; 
ttag +75 36/20/7/16/12; 
ttag +76 46/31/15/24/17; 
ttag +77 46/31/18/28/20; 
ttag +78 98/97/96/97/94; 
ttag +79 66/55/45/51/53; 
ttag +80 7/[43]/?/?/?; 
ttag +81 96/96/92/98/94; 
ttag +82 12/[35]/?/?/?; 
ttag +83 8/[39]/?/?/?; 
ttag +84 14/[33]/?/?/?; 
ttag +85 20/[27]/?/?/?; 
ttag +86 61/46/34/52/35; 
ttag +87 22/[14]/?/?/?; 
ttag +88 50/41/37/52/33; 
ttag +89 48/30/33/43/24; 
ttag +90 97/96/92/96/90; 
ttag +91 88/82/72/83/71; 
ttag +92 90/88/72/88/76; 
ttag +93 87/81/72/83/68; 
ttag +94 98/98/94/97/95; 
