tread
'Tree with tags' 
(0 (1 ((2 3 )(4 (5 (7 (6 (8 (9 10 ))))(11 ((12 13 )((14 ((15 (16 17 ))(18 (19 20 ))))(21 ((22 (23 (24 25 )))(26 27 (28 ((29 (30 31 ))((((32 (33 34 ))(35 (36 (37 38 39 ))))(44 (45 (46 47 ))))(41 (40 (42 43 ))))))))))))))))); 
ttag *!; 
ttag +49 ???; 
ttag +50 2; 
ttag +51 7; 
ttag +52 3; 
ttag +53 2; 
ttag +54 1; 
ttag +55 2; 
ttag +56 10; 
ttag +57 2; 
ttag +58 1; 
ttag +59 4; 
ttag +60 1; 
ttag +61 2; 
ttag +62 2; 
ttag +63 8; 
ttag +64 5; 
ttag +65 4; 
ttag +66 6; 
ttag +67 11; 
ttag +68 1; 
ttag +69 2; 
ttag +70 2; 
ttag +71 6; 
ttag +72 9; 
ttag +73 6; 
ttag +74 3; 
ttag +75 7; 
ttag +76 1; 
ttag +77 3; 
ttag +78 1; 
ttag +79 7; 
ttag +80 1; 
ttag +81 1; 
ttag +82 6; 
ttag +83 2; 
ttag +84 4; 
ttag +85 3; 
ttag +86 1; 
ttag +87 7; 
ttag +88 7; 
ttag +89 2; 
ttag +90 1; 
ttag +91 2; 
tread
'Tree with tags' 
(0 (1 ((2 3 )(4 ((5 (7 (6 (8 (9 10 )))))(11 ((12 13 )((14 ((15 (16 17 ))(18 (19 20 ))))(21 ((22 (23 (24 25 )))(27 (26 (28 ((29 (30 31 ))((((32 (33 34 ))(35 (36 (37 (38 39 )))))(44 (45 (46 47 ))))(41 (40 (42 43 )))))))))))))))))); 
ttag *!; 
ttag +0 ////; 
ttag +1 ////; 
ttag +2 ////; 
ttag +3 ////; 
ttag +4 ////; 
ttag +5 ////; 
ttag +6 ////; 
ttag +7 ////; 
ttag +8 ////; 
ttag +9 ////; 
ttag +10 ////; 
ttag +11 ////; 
ttag +12 ////; 
ttag +13 ////; 
ttag +14 ////; 
ttag +15 ////; 
ttag +16 ////; 
ttag +17 ////; 
ttag +18 ////; 
ttag +19 ////; 
ttag +20 ////; 
ttag +21 ////; 
ttag +22 ////; 
ttag +23 ////; 
ttag +24 ////; 
ttag +25 ////; 
ttag +26 ////; 
ttag +27 ////; 
ttag +28 ////; 
ttag +29 ////; 
ttag +30 ////; 
ttag +31 ////; 
ttag +32 ////; 
ttag +33 ////; 
ttag +34 ////; 
ttag +35 ////; 
ttag +36 ////; 
ttag +37 ////; 
ttag +38 ////; 
ttag +39 ////; 
ttag +40 ////; 
ttag +41 ////; 
ttag +42 ////; 
ttag +43 ////; 
ttag +44 ////; 
ttag +45 ////; 
ttag +46 ////; 
ttag +47 ////; 
ttag +48 ////; 
ttag +49 100/100/100/100/100; 
ttag +50 83/76/68/76/66; 
ttag +51 99/99/97/98/98; 
ttag +52 74/66/54/71/53; 
ttag +53 11/[11]/?/?/?; 
ttag +54 69/64/54/69/57; 
ttag +55 40/12/5/14/8; 
ttag +56 50/35/21/41/30; 
ttag +57 100/100/99/100/100; 
ttag +58 74/62/44/74/54; 
ttag +59 29/14/2/18/4; 
ttag +60 88/87/74/86/75; 
ttag +61 37/27/16/28/18; 
ttag +62 36/15/14/27/12; 
ttag +63 52/42/24/47/36; 
ttag +64 100/100/97/100/96; 
ttag +65 88/87/76/89/78; 
ttag +66 89/86/78/91/82; 
ttag +67 97/96/97/99/97; 
ttag +68 100/100/100/100/100; 
ttag +69 36/16/14/28/19; 
ttag +70 67/62/50/58/49; 
ttag +71 39/30/23/34/20; 
ttag +72 91/88/81/91/82; 
ttag +73 100/100/99/99/98; 
ttag +74 16/[10]/?/?/?; 
ttag +75 77/74/59/77/61; 
ttag +76 63/56/43/65/44; 
ttag +77 97/97/94/97/93; 
ttag +78 54/32/24/40/18; 
ttag +79 86/82/75/72/74; 
ttag +80 26/[8]/?/?/?; 
ttag +81 94/92/86/97/90; 
ttag +82 31/1/4/17/8; 
ttag +83 50/38/28/44/38; 
ttag +84 98/98/89/99/86; 
ttag +85 79/75/69/83/67; 
ttag +86 91/89/85/86/82; 
ttag +87 84/79/68/81/68; 
ttag +88 40/7/8/0/4; 
ttag +89 33/0/?/6/0; 
ttag +90 90/88/80/92/84; 
ttag +91 98/98/96/98/94; 
ttag +92 69/63/56/66/52; 
ttag +93 38/29/24/36/31; 
ttag +94 66/60/57/71/58; 
