tread
'Tree with tags' 
(0 (1 (2 3 (4 (5 ((6 7 )(8 (9 10 ))(11 ((12 13 )(((14 (15 (16 17 )))(18 (19 20 )))(21 ((22 (23 (24 25 )))(26 (27 (28 44 45 46 47 (29 (30 31 ))(32 ((33 34 )(35 (36 (37 38 39 )))))((40 41 )(42 43 )))))))))))))))); 
ttag *!; 
ttag +49 ???; 
ttag +50 4; 
ttag +51 2; 
ttag +52 1; 
ttag +53 3; 
ttag +54 1; 
ttag +55 8; 
ttag +56 4; 
ttag +57 2; 
ttag +58 2; 
ttag +59 1; 
ttag +60 1; 
ttag +61 1; 
ttag +62 1; 
ttag +63 9; 
ttag +64 5; 
ttag +65 6; 
ttag +66 18; 
ttag +67 1; 
ttag +68 7; 
ttag +69 2; 
ttag +70 5; 
ttag +71 8; 
ttag +72 5; 
ttag +73 3; 
ttag +74 4; 
ttag +75 1; 
ttag +76 7; 
ttag +77 6; 
ttag +78 2; 
ttag +79 1; 
ttag +80 2; 
ttag +81 3; 
ttag +82 8; 
ttag +83 4; 
ttag +84 1; 
ttag +85 5; 
tread
'Tree with tags' 
(0 (1 (2 (3 (4 (5 ((6 7 )((8 (9 10 ))(11 ((12 13 )(((14 (15 (16 17 )))(18 (19 20 )))(21 ((22 (23 (24 25 )))(26 (27 (((28 (32 ((33 34 )(35 (36 (38 (37 39 )))))))(((40 41 )(42 43 ))(46 (44 (45 47 )))))(29 (30 31 )))))))))))))))))); 
ttag *!; 
ttag +0 ////; 
ttag +1 ////; 
ttag +2 ////; 
ttag +3 ////; 
ttag +4 ////; 
ttag +5 ////; 
ttag +6 ////; 
ttag +7 ////; 
ttag +8 ////; 
ttag +9 ////; 
ttag +10 ////; 
ttag +11 ////; 
ttag +12 ////; 
ttag +13 ////; 
ttag +14 ////; 
ttag +15 ////; 
ttag +16 ////; 
ttag +17 ////; 
ttag +18 ////; 
ttag +19 ////; 
ttag +20 ////; 
ttag +21 ////; 
ttag +22 ////; 
ttag +23 ////; 
ttag +24 ////; 
ttag +25 ////; 
ttag +26 ////; 
ttag +27 ////; 
ttag +28 ////; 
ttag +29 ////; 
ttag +30 ////; 
ttag +31 ////; 
ttag +32 ////; 
ttag +33 ////; 
ttag +34 ////; 
ttag +35 ////; 
ttag +36 ////; 
ttag +37 ////; 
ttag +38 ////; 
ttag +39 ////; 
ttag +40 ////; 
ttag +41 ////; 
ttag +42 ////; 
ttag +43 ////; 
ttag +44 ////; 
ttag +45 ////; 
ttag +46 ////; 
ttag +47 ////; 
ttag +48 ////; 
ttag +49 100/100/100/100/100; 
ttag +50 90/85/73/89/73; 
ttag +51 18/[12]/?/?/?; 
ttag +52 50/36/31/45/34; 
ttag +53 48/35/16/34/13; 
ttag +54 89/87/84/93/82; 
ttag +55 33/26/18/32/14; 
ttag +56 98/97/95/99/96; 
ttag +57 26/[2]/3/?/?; 
ttag +58 90/87/82/93/85; 
ttag +59 54/47/31/52/35; 
ttag +60 57/47/51/50/48; 
ttag +61 45/36/28/40/21; 
ttag +62 20/3/8/8/4; 
ttag +63 18/1/2/6/?; 
ttag +64 15/4/2/3/?; 
ttag +65 98/98/95/99/92; 
ttag +66 92/90/84/90/82; 
ttag +67 83/76/69/88/66; 
ttag +68 100/100/100/100/100; 
ttag +69 45/38/22/33/24; 
ttag +70 94/91/86/95/82; 
ttag +71 58/38/29/50/18; 
ttag +72 95/92/92/96/89; 
ttag +73 100/100/99/100/98; 
ttag +74 89/88/76/90/82; 
ttag +75 73/68/52/68/58; 
ttag +76 22/[8]/?/?/?; 
ttag +77 26/8/?/9/8; 
ttag +78 84/82/67/84/78; 
ttag +79 82/77/64/72/59; 
ttag +80 99/98/92/98/98; 
ttag +81 96/96/94/98/95; 
ttag +82 73/66/55/68/58; 
ttag +83 50/31/23/44/34; 
ttag +84 87/85/79/84/71; 
ttag +85 91/90/80/88/81; 
ttag +86 30/0/?/?/?; 
ttag +87 98/97/98/99/96; 
ttag +88 98/98/90/96/88; 
ttag +89 71/53/38/55/47; 
ttag +90 29/16/11/16/12; 
ttag +91 96/95/94/96/92; 
ttag +92 35/29/20/22/29; 
ttag +93 18/[15]/?/?/?; 
ttag +94 44/38/24/35/40; 
