tread
'Tree with tags' 
(0 (1 ((2 3 )(4 (5 (6 7 (8 9 10 )(11 ((12 13 )(21 ((14 ((15 (16 17 ))(18 (19 20 ))))((22 (23 (24 25 )))(26 (27 (28 (29 (30 31 ))((32 ((33 34 )(35 (36 (37 (38 39 )))))(44 45 (46 47 )))(41 (40 (42 43 )))))))))))))))))); 
ttag *!; 
ttag +49 ???; 
ttag +50 7; 
ttag +51 3; 
ttag +52 7; 
ttag +53 1; 
ttag +54 1; 
ttag +55 6; 
ttag +56 3; 
ttag +57 1; 
ttag +58 2; 
ttag +59 2; 
ttag +60 1; 
ttag +61 1; 
ttag +62 5; 
ttag +63 2; 
ttag +64 2; 
ttag +65 9; 
ttag +66 8; 
ttag +67 5; 
ttag +68 8; 
ttag +69 3; 
ttag +70 9; 
ttag +71 2; 
ttag +72 2; 
ttag +73 4; 
ttag +74 3; 
ttag +75 6; 
ttag +76 1; 
ttag +77 1; 
ttag +78 4; 
ttag +79 1; 
ttag +80 1; 
ttag +81 3; 
ttag +82 1; 
ttag +83 2; 
ttag +84 1; 
ttag +85 7; 
ttag +86 8; 
ttag +87 2; 
ttag +88 2; 
tread
'Tree with tags' 
(0 (1 ((2 3 )(4 (5 (((6 7 )(11 ((12 13 )(21 ((14 ((15 (16 17 ))(18 (19 20 ))))((22 (23 (24 25 )))(26 (27 ((28 (29 (30 31 )))((32 (((33 34 )(35 (36 (37 (38 39 )))))((44 45 )(46 47 ))))(41 (40 (42 43 )))))))))))))(10 (8 9 )))))))); 
ttag *!; 
ttag +0 ////; 
ttag +1 ////; 
ttag +2 ////; 
ttag +3 ////; 
ttag +4 ////; 
ttag +5 ////; 
ttag +6 ////; 
ttag +7 ////; 
ttag +8 ////; 
ttag +9 ////; 
ttag +10 ////; 
ttag +11 ////; 
ttag +12 ////; 
ttag +13 ////; 
ttag +14 ////; 
ttag +15 ////; 
ttag +16 ////; 
ttag +17 ////; 
ttag +18 ////; 
ttag +19 ////; 
ttag +20 ////; 
ttag +21 ////; 
ttag +22 ////; 
ttag +23 ////; 
ttag +24 ////; 
ttag +25 ////; 
ttag +26 ////; 
ttag +27 ////; 
ttag +28 ////; 
ttag +29 ////; 
ttag +30 ////; 
ttag +31 ////; 
ttag +32 ////; 
ttag +33 ////; 
ttag +34 ////; 
ttag +35 ////; 
ttag +36 ////; 
ttag +37 ////; 
ttag +38 ////; 
ttag +39 ////; 
ttag +40 ////; 
ttag +41 ////; 
ttag +42 ////; 
ttag +43 ////; 
ttag +44 ////; 
ttag +45 ////; 
ttag +46 ////; 
ttag +47 ////; 
ttag +48 ////; 
ttag +49 100/100/100/100/100; 
ttag +50 99/98/96/99/98; 
ttag +51 79/64/67/70/60; 
ttag +52 100/100/98/99/98; 
ttag +53 65/58/54/55/46; 
ttag +54 70/59/58/53/41; 
ttag +55 27/4/?/6/?; 
ttag +56 51/38/35/37/35; 
ttag +57 29/[22]/?/?/?; 
ttag +58 99/99/95/98/94; 
ttag +59 60/52/38/57/41; 
ttag +60 16/[5]/?/?/?; 
ttag +61 48/43/36/44/36; 
ttag +62 59/44/34/49/30; 
ttag +63 28/15/7/16/17; 
ttag +64 30/25/13/26/17; 
ttag +65 93/92/87/97/86; 
ttag +66 60/46/45/50/41; 
ttag +67 83/79/65/80/70; 
ttag +68 100/100/99/99/100; 
ttag +69 100/100/100/100/99; 
ttag +70 91/90/74/88/76; 
ttag +71 98/98/89/94/90; 
ttag +72 79/68/60/73/55; 
ttag +73 100/100/98/98/96; 
ttag +74 65/52/42/52/51; 
ttag +75 54/32/20/29/25; 
ttag +76 9/[35]/?/?/?; 
ttag +77 78/74/66/76/68; 
ttag +78 80/76/66/81/61; 
ttag +79 97/96/96/97/93; 
ttag +80 53/32/27/44/28; 
ttag +81 59/55/43/65/50; 
ttag +82 93/91/90/93/88; 
ttag +83 60/50/43/49/49; 
ttag +84 25/[24]/?/?/?; 
ttag +85 49/40/30/42/28; 
ttag +86 68/59/46/73/55; 
ttag +87 51/23/10/37/24; 
ttag +88 62/46/46/55/44; 
ttag +89 64/49/48/50/45; 
ttag +90 98/97/96/97/94; 
ttag +91 100/100/99/100/98; 
ttag +92 40/24/26/21/19; 
ttag +93 84/76/64/75/68; 
ttag +94 73/64/55/72/62; 
