tread
'Tree with tags' 
(0 (1 ((2 3 )(11 (((4 5 )(7 (6 (8 (9 10 )))))((12 13 )((14 (15 (16 17 ))(18 (19 20 )))(21 ((22 (23 (24 25 )))((26 27 )(28 ((29 (30 31 ))((32 (33 34 35 36 (37 (38 39 ))))((40 41 (42 43 ))(44 45 46 47 ))))))))))))))); 
ttag *!; 
ttag +49 ???; 
ttag +50 1; 
ttag +51 3; 
ttag +52 1; 
ttag +53 1; 
ttag +54 1; 
ttag +55 4; 
ttag +56 1; 
ttag +57 1; 
ttag +58 9; 
ttag +59 4; 
ttag +60 1; 
ttag +61 2; 
ttag +62 2; 
ttag +63 1; 
ttag +64 7; 
ttag +65 1; 
ttag +66 2; 
ttag +67 8; 
ttag +68 2; 
ttag +69 4; 
ttag +70 4; 
ttag +71 4; 
ttag +72 4; 
ttag +73 1; 
ttag +74 5; 
ttag +75 2; 
ttag +76 3; 
ttag +77 3; 
ttag +78 5; 
ttag +79 3; 
ttag +80 2; 
ttag +81 2; 
ttag +82 6; 
ttag +83 1; 
ttag +84 8; 
ttag +85 1; 
ttag +86 10; 
ttag +87 4; 
tread
'Tree with tags' 
(0 (1 ((2 3 )(11 (((4 5 )(7 (6 (8 (9 10 )))))((12 13 )(((14 (15 (16 17 )))(18 (19 20 )))(21 ((22 (23 (24 25 )))((26 27 )(28 ((29 (30 31 ))((32 ((33 34 )(35 (36 (37 (38 39 ))))))((40 (41 (42 43 )))(47 (45 (44 46 ))))))))))))))))); 
ttag *!; 
ttag +0 ////; 
ttag +1 ////; 
ttag +2 ////; 
ttag +3 ////; 
ttag +4 ////; 
ttag +5 ////; 
ttag +6 ////; 
ttag +7 ////; 
ttag +8 ////; 
ttag +9 ////; 
ttag +10 ////; 
ttag +11 ////; 
ttag +12 ////; 
ttag +13 ////; 
ttag +14 ////; 
ttag +15 ////; 
ttag +16 ////; 
ttag +17 ////; 
ttag +18 ////; 
ttag +19 ////; 
ttag +20 ////; 
ttag +21 ////; 
ttag +22 ////; 
ttag +23 ////; 
ttag +24 ////; 
ttag +25 ////; 
ttag +26 ////; 
ttag +27 ////; 
ttag +28 ////; 
ttag +29 ////; 
ttag +30 ////; 
ttag +31 ////; 
ttag +32 ////; 
ttag +33 ////; 
ttag +34 ////; 
ttag +35 ////; 
ttag +36 ////; 
ttag +37 ////; 
ttag +38 ////; 
ttag +39 ////; 
ttag +40 ////; 
ttag +41 ////; 
ttag +42 ////; 
ttag +43 ////; 
ttag +44 ////; 
ttag +45 ////; 
ttag +46 ////; 
ttag +47 ////; 
ttag +48 ////; 
ttag +49 100/100/100/100/100; 
ttag +50 57/48/42/49/45; 
ttag +51 79/70/41/69/46; 
ttag +52 26/20/20/16/13; 
ttag +53 15/3/1/?/?; 
ttag +54 36/24/12/17/15; 
ttag +55 77/72/52/75/60; 
ttag +56 30/20/14/18/8; 
ttag +57 17/7/4/4/?; 
ttag +58 97/96/93/97/90; 
ttag +59 94/92/86/94/82; 
ttag +60 25/6/8/7/?; 
ttag +61 65/60/42/62/42; 
ttag +62 16/[24]/?/?/?; 
ttag +63 48/39/25/38/30; 
ttag +64 36/22/12/16/17; 
ttag +65 99/99/100/100/99; 
ttag +66 68/52/40/54/49; 
ttag +67 70/62/60/72/55; 
ttag +68 99/98/99/100/99; 
ttag +69 58/49/34/46/34; 
ttag +70 91/90/85/89/83; 
ttag +71 76/71/59/74/58; 
ttag +72 93/90/85/93/82; 
ttag +73 97/96/95/94/92; 
ttag +74 46/32/34/41/31; 
ttag +75 85/80/66/84/67; 
ttag +76 60/54/38/55/46; 
ttag +77 66/54/52/58/47; 
ttag +78 61/49/34/56/45; 
ttag +79 98/97/93/92/94; 
ttag +80 91/90/80/87/80; 
ttag +81 57/44/38/50/32; 
ttag +82 40/28/20/22/30; 
ttag +83 76/67/59/62/56; 
ttag +84 36/22/22/14/18; 
ttag +85 49/27/18/25/25; 
ttag +86 96/96/87/94/91; 
ttag +87 69/64/55/60/58; 
ttag +88 97/96/88/98/93; 
ttag +89 28/[4]/?/2/?; 
ttag +90 36/10/?/9/?; 
ttag +91 100/100/100/100/98; 
ttag +92 24/[16]/?/?/?; 
ttag +93 30/[10]/?/?/?; 
ttag +94 75/73/69/85/69; 
