tread
'Tree with tags' 
(0 (1 (6 7 11 14 21 (2 3 )(4 5 )(10 (8 9 ))(12 13 )((15 (16 17 ))(18 (19 20 )))(22 (23 24 25 ))(26 (27 (28 (46 (((29 (30 31 ))((32 (34 (33 35 )))(38 (36 (37 39 )))))((40 (41 (42 43 )))(44 (45 47 ))))))))))); 
ttag *!; 
ttag +49 ???; 
ttag +50 7; 
ttag +51 8; 
ttag +52 1; 
ttag +53 1; 
ttag +54 8; 
ttag +55 1; 
ttag +56 2; 
ttag +57 2; 
ttag +58 2; 
ttag +59 5; 
ttag +60 14; 
ttag +61 5; 
ttag +62 6; 
ttag +63 5; 
ttag +64 2; 
ttag +65 3; 
ttag +66 6; 
ttag +67 1; 
ttag +68 1; 
ttag +69 9; 
ttag +70 7; 
ttag +71 1; 
ttag +72 5; 
ttag +73 1; 
ttag +74 2; 
ttag +75 2; 
ttag +76 5; 
ttag +77 1; 
ttag +78 9; 
ttag +79 2; 
ttag +80 2; 
ttag +81 6; 
ttag +82 2; 
ttag +83 2; 
tread
'Tree with tags' 
(0 (1 ((2 3 )(7 (6 (((4 5 )(11 ((((12 13 )(21 (26 (27 (28 (46 (((29 (30 31 ))((32 (34 (33 35 )))(38 (36 (37 39 )))))((40 (41 (42 43 )))(44 (45 47 ))))))))))(14 ((15 (16 17 ))(18 (19 20 )))))(22 (23 (24 25 ))))))(10 (8 9 )))))))); 
ttag *!; 
ttag +0 ////; 
ttag +1 ////; 
ttag +2 ////; 
ttag +3 ////; 
ttag +4 ////; 
ttag +5 ////; 
ttag +6 ////; 
ttag +7 ////; 
ttag +8 ////; 
ttag +9 ////; 
ttag +10 ////; 
ttag +11 ////; 
ttag +12 ////; 
ttag +13 ////; 
ttag +14 ////; 
ttag +15 ////; 
ttag +16 ////; 
ttag +17 ////; 
ttag +18 ////; 
ttag +19 ////; 
ttag +20 ////; 
ttag +21 ////; 
ttag +22 ////; 
ttag +23 ////; 
ttag +24 ////; 
ttag +25 ////; 
ttag +26 ////; 
ttag +27 ////; 
ttag +28 ////; 
ttag +29 ////; 
ttag +30 ////; 
ttag +31 ////; 
ttag +32 ////; 
ttag +33 ////; 
ttag +34 ////; 
ttag +35 ////; 
ttag +36 ////; 
ttag +37 ////; 
ttag +38 ////; 
ttag +39 ////; 
ttag +40 ////; 
ttag +41 ////; 
ttag +42 ////; 
ttag +43 ////; 
ttag +44 ////; 
ttag +45 ////; 
ttag +46 ////; 
ttag +47 ////; 
ttag +48 ////; 
ttag +49 100/100/100/100/100; 
ttag +50 100/100/98/99/98; 
ttag +51 99/98/98/98/96; 
ttag +52 52/47/38/48/34; 
ttag +53 8/[25]/?/?/?; 
ttag +54 8/[25]/?/?/?; 
ttag +55 3/[30]/?/?/?; 
ttag +56 44/10/8/13/14; 
ttag +57 57/46/46/47/45; 
ttag +58 99/98/98/99/100; 
ttag +59 16/[17]/?/?/?; 
ttag +60 38/24/16/26/14; 
ttag +61 1/[22]/?/?/?; 
ttag +62 2/[22]/?/?/?; 
ttag +63 29/21/9/19/20; 
ttag +64 18/8/0/10/2; 
ttag +65 62/48/34/51/40; 
ttag +66 42/31/27/33/19; 
ttag +67 48/33/18/34/28; 
ttag +68 95/94/82/96/82; 
ttag +69 100/100/100/100/100; 
ttag +70 5/[18]/?/?/?; 
ttag +71 85/80/71/87/71; 
ttag +72 98/98/97/99/98; 
ttag +73 34/6/6/2/2; 
ttag +74 77/73/60/74/63; 
ttag +75 45/24/8/28/15; 
ttag +76 52/36/28/42/32; 
ttag +77 96/95/90/97/89; 
ttag +78 16/[14]/?/?/?; 
ttag +79 14/[6]/?/0/?; 
ttag +80 93/91/85/98/85; 
ttag +81 98/97/91/98/95; 
ttag +82 14/[24]/?/?/?; 
ttag +83 82/79/65/81/62; 
ttag +84 52/31/27/31/28; 
ttag +85 42/12/12/30/11; 
ttag +86 27/[2]/?/?/?; 
ttag +87 84/81/70/84/69; 
ttag +88 26/14/18/16/9; 
ttag +89 100/100/97/99/96; 
ttag +90 20/[11]/?/?/?; 
ttag +91 82/76/56/77/61; 
ttag +92 100/100/96/100/97; 
ttag +93 51/43/31/43/31; 
ttag +94 22/2/5/9/0; 
