tread
'Tree with tags' 
(0 (1 (2 3 )(4 (5 (11 ((6 7 )((8 (9 10 ))((12 13 )((14 ((15 (16 17 ))(18 (19 20 ))))(21 (26 27 28 (22 (23 (24 25 )))(29 30 31 44 45 46 47 (32 (33 34 )(35 36 (37 38 39 )))((40 41 )(42 43 )))))))))))))); 
ttag *!; 
ttag +49 ???; 
ttag +50 4; 
ttag +51 4; 
ttag +52 1; 
ttag +53 2; 
ttag +54 2; 
ttag +55 1; 
ttag +56 10; 
ttag +57 2; 
ttag +58 3; 
ttag +59 1; 
ttag +60 4; 
ttag +61 1; 
ttag +62 1; 
ttag +63 3; 
ttag +64 2; 
ttag +65 3; 
ttag +66 7; 
ttag +67 8; 
ttag +68 1; 
ttag +69 2; 
ttag +70 1; 
ttag +71 7; 
ttag +72 3; 
ttag +73 3; 
ttag +74 8; 
ttag +75 2; 
ttag +76 2; 
ttag +77 1; 
ttag +78 3; 
ttag +79 6; 
ttag +80 ???; 
tread
'Tree with tags' 
(0 ((1 (2 3 ))(4 (5 (11 ((6 7 )((8 (9 10 ))((12 13 )((14 ((15 (16 17 ))(18 (19 20 ))))(21 (26 (27 ((28 (22 (23 (24 25 ))))((29 (47 (((40 41 )(42 43 ))(46 (44 45 )))))((30 31 )(32 ((33 34 )(35 (36 (38 (37 39 ))))))))))))))))))))); 
ttag *!; 
ttag +0 ////; 
ttag +1 ////; 
ttag +2 ////; 
ttag +3 ////; 
ttag +4 ////; 
ttag +5 ////; 
ttag +6 ////; 
ttag +7 ////; 
ttag +8 ////; 
ttag +9 ////; 
ttag +10 ////; 
ttag +11 ////; 
ttag +12 ////; 
ttag +13 ////; 
ttag +14 ////; 
ttag +15 ////; 
ttag +16 ////; 
ttag +17 ////; 
ttag +18 ////; 
ttag +19 ////; 
ttag +20 ////; 
ttag +21 ////; 
ttag +22 ////; 
ttag +23 ////; 
ttag +24 ////; 
ttag +25 ////; 
ttag +26 ////; 
ttag +27 ////; 
ttag +28 ////; 
ttag +29 ////; 
ttag +30 ////; 
ttag +31 ////; 
ttag +32 ////; 
ttag +33 ////; 
ttag +34 ////; 
ttag +35 ////; 
ttag +36 ////; 
ttag +37 ////; 
ttag +38 ////; 
ttag +39 ////; 
ttag +40 ////; 
ttag +41 ////; 
ttag +42 ////; 
ttag +43 ////; 
ttag +44 ////; 
ttag +45 ////; 
ttag +46 ////; 
ttag +47 ////; 
ttag +48 ////; 
ttag +49 21/[25]/?/?/?; 
ttag +50 100/100/100/100/100; 
ttag +51 95/93/86/92/90; 
ttag +52 83/78/65/88/62; 
ttag +53 36/13/10/11/6; 
ttag +54 85/82/70/81/75; 
ttag +55 25/3/?/12/?; 
ttag +56 52/48/45/48/38; 
ttag +57 100/100/100/100/99; 
ttag +58 24/0/2/10/?; 
ttag +59 96/94/89/93/88; 
ttag +60 36/22/14/16/11; 
ttag +61 60/55/50/62/47; 
ttag +62 25/15/7/10/8; 
ttag +63 24/17/17/23/8; 
ttag +64 92/89/86/95/88; 
ttag +65 46/34/31/34/35; 
ttag +66 83/80/78/82/74; 
ttag +67 98/98/96/98/96; 
ttag +68 100/100/100/100/100; 
ttag +69 58/54/44/60/46; 
ttag +70 86/84/74/84/74; 
ttag +71 15/[14]/?/?/?; 
ttag +72 18/[10]/?/0/?; 
ttag +73 5/[24]/?/?/?; 
ttag +74 58/39/27/47/34; 
ttag +75 98/98/94/98/95; 
ttag +76 94/93/91/96/95; 
ttag +77 16/[20]/?/?/?; 
ttag +78 77/74/59/81/61; 
ttag +79 78/69/60/64/64; 
ttag +80 29/[6]/?/?/?; 
ttag +81 99/99/97/100/98; 
ttag +82 76/72/62/72/62; 
ttag +83 32/0/6/?/11; 
ttag +84 69/58/50/64/50; 
ttag +85 51/32/38/32/31; 
ttag +86 22/6/10/5/11; 
ttag +87 69/59/60/67/58; 
ttag +88 54/47/38/42/38; 
ttag +89 95/94/80/92/80; 
ttag +90 34/[9]/?/?/?; 
ttag +91 36/17/11/15/16; 
ttag +92 100/100/97/99/96; 
ttag +93 37/20/16/17/9; 
ttag +94 38/10/18/11/5; 
