tread
'Tree with tags' 
(0 (1 ((2 3 )(4 (5 (((6 7 )(9 (8 10 )))(11 12 13 14 21 26 27 28 ((15 (16 17 ))(18 (19 20 )))(22 (23 (24 25 )))(29 (40 (41 (42 43 ))))(30 31 )(32 35 36 (33 34 )(37 (38 39 )))(46 47 (44 45 ))))))))); 
ttag *!; 
ttag +49 ???; 
ttag +50 7; 
ttag +51 3; 
ttag +52 7; 
ttag +53 2; 
ttag +54 3; 
ttag +55 1; 
ttag +56 4; 
ttag +57 1; 
ttag +58 11; 
ttag +59 1; 
ttag +60 5; 
ttag +61 3; 
ttag +62 2; 
ttag +63 3; 
ttag +64 4; 
ttag +65 4; 
ttag +66 7; 
ttag +67 3; 
ttag +68 2; 
ttag +69 5; 
ttag +70 5; 
ttag +71 2; 
ttag +72 7; 
ttag +73 1; 
ttag +74 10; 
ttag +75 2; 
ttag +76 3; 
ttag +77 2; 
ttag +78 4; 
tread
'Tree with tags' 
(0 (1 ((2 3 )(4 (5 (((6 7 )(9 (8 10 )))((11 (22 (23 (24 25 ))))((12 13 )(21 (14 (((15 (16 17 ))(18 (19 20 )))((26 27 )(((28 (30 31 ))(29 (40 (41 (42 43 )))))(((32 (35 (36 (37 (38 39 )))))(33 34 ))(46 (47 (44 45 ))))))))))))))))); 
ttag *!; 
ttag +0 ////; 
ttag +1 ////; 
ttag +2 ////; 
ttag +3 ////; 
ttag +4 ////; 
ttag +5 ////; 
ttag +6 ////; 
ttag +7 ////; 
ttag +8 ////; 
ttag +9 ////; 
ttag +10 ////; 
ttag +11 ////; 
ttag +12 ////; 
ttag +13 ////; 
ttag +14 ////; 
ttag +15 ////; 
ttag +16 ////; 
ttag +17 ////; 
ttag +18 ////; 
ttag +19 ////; 
ttag +20 ////; 
ttag +21 ////; 
ttag +22 ////; 
ttag +23 ////; 
ttag +24 ////; 
ttag +25 ////; 
ttag +26 ////; 
ttag +27 ////; 
ttag +28 ////; 
ttag +29 ////; 
ttag +30 ////; 
ttag +31 ////; 
ttag +32 ////; 
ttag +33 ////; 
ttag +34 ////; 
ttag +35 ////; 
ttag +36 ////; 
ttag +37 ////; 
ttag +38 ////; 
ttag +39 ////; 
ttag +40 ////; 
ttag +41 ////; 
ttag +42 ////; 
ttag +43 ////; 
ttag +44 ////; 
ttag +45 ////; 
ttag +46 ////; 
ttag +47 ////; 
ttag +48 ////; 
ttag +49 100/100/100/100/100; 
ttag +50 98/98/93/97/94; 
ttag +51 81/71/56/80/61; 
ttag +52 91/88/78/92/83; 
ttag +53 58/46/28/50/30; 
ttag +54 82/78/66/81/76; 
ttag +55 67/66/50/63/56; 
ttag +56 79/73/60/72/59; 
ttag +57 58/42/24/48/38; 
ttag +58 100/100/97/100/100; 
ttag +59 11/[25]/?/?/?; 
ttag +60 58/50/37/53/40; 
ttag +61 15/5/?/?/0; 
ttag +62 8/[28]/?/?/?; 
ttag +63 2/[33]/?/?/?; 
ttag +64 6/[30]/?/?/?; 
ttag +65 91/88/84/94/88; 
ttag +66 87/85/65/80/73; 
ttag +67 7/[54]/?/?/?; 
ttag +68 80/76/54/72/53; 
ttag +69 90/85/74/91/83; 
ttag +70 100/100/99/99/99; 
ttag +71 85/82/69/82/64; 
ttag +72 99/99/97/100/96; 
ttag +73 95/92/91/94/91; 
ttag +74 56/31/45/37/39; 
ttag +75 74/62/62/68/60; 
ttag +76 32/4/?/8/4; 
ttag +77 3/[26]/?/?/?; 
ttag +78 49/21/10/25/15; 
ttag +79 48/36/31/35/22; 
ttag +80 98/97/92/98/95; 
ttag +81 47/29/18/27/15; 
ttag +82 87/84/71/84/68; 
ttag +83 29/17/12/14/9; 
ttag +84 80/71/58/69/51; 
ttag +85 35/17/15/16/6; 
ttag +86 35/17/15/22/14; 
ttag +87 98/98/94/98/95; 
ttag +88 71/51/36/48/26; 
ttag +89 99/99/97/99/96; 
ttag +90 87/78/81/77/77; 
ttag +91 90/87/73/83/78; 
ttag +92 74/68/53/64/51; 
ttag +93 26/[4]/0/?/?; 
ttag +94 90/89/80/93/79; 
