tread
'Tree with tags' 
(0 (1 ((2 3 )(4 (5 ((6 7 (8 (9 10 )))(11 ((12 13 )((14 (17 (15 16 ))(18 (19 20 )))(21 (22 ((23 (24 25 ))(26 27 (28 (44 45 46 47 (29 (30 31 ))(32 35 (33 34 )(36 (37 38 39 )))(40 41 (42 43 ))))))))))))))))); 
ttag *!; 
ttag +49 ???; 
ttag +50 5; 
ttag +51 1; 
ttag +52 7; 
ttag +53 1; 
ttag +54 3; 
ttag +55 2; 
ttag +56 5; 
ttag +57 2; 
ttag +58 1; 
ttag +59 4; 
ttag +60 2; 
ttag +61 1; 
ttag +62 1; 
ttag +63 4; 
ttag +64 3; 
ttag +65 9; 
ttag +66 6; 
ttag +67 2; 
ttag +68 3; 
ttag +69 3; 
ttag +70 1; 
ttag +71 5; 
ttag +72 6; 
ttag +73 2; 
ttag +74 3; 
ttag +75 2; 
ttag +76 3; 
ttag +77 4; 
ttag +78 1; 
ttag +79 1; 
ttag +80 6; 
ttag +81 5; 
ttag +82 4; 
tread
'Tree with tags' 
(0 (1 ((2 3 )(4 (5 ((6 (7 (8 (9 10 ))))(11 ((12 13 )(((14 (18 (19 20 )))(17 (15 16 )))(21 (22 ((23 (24 25 ))((26 27 )(28 ((29 (30 31 ))(((32 (33 34 ))(35 (36 (39 (37 38 )))))((46 (41 (40 (42 43 ))))(47 (44 45 ))))))))))))))))))); 
ttag *!; 
ttag +0 ////; 
ttag +1 ////; 
ttag +2 ////; 
ttag +3 ////; 
ttag +4 ////; 
ttag +5 ////; 
ttag +6 ////; 
ttag +7 ////; 
ttag +8 ////; 
ttag +9 ////; 
ttag +10 ////; 
ttag +11 ////; 
ttag +12 ////; 
ttag +13 ////; 
ttag +14 ////; 
ttag +15 ////; 
ttag +16 ////; 
ttag +17 ////; 
ttag +18 ////; 
ttag +19 ////; 
ttag +20 ////; 
ttag +21 ////; 
ttag +22 ////; 
ttag +23 ////; 
ttag +24 ////; 
ttag +25 ////; 
ttag +26 ////; 
ttag +27 ////; 
ttag +28 ////; 
ttag +29 ////; 
ttag +30 ////; 
ttag +31 ////; 
ttag +32 ////; 
ttag +33 ////; 
ttag +34 ////; 
ttag +35 ////; 
ttag +36 ////; 
ttag +37 ////; 
ttag +38 ////; 
ttag +39 ////; 
ttag +40 ////; 
ttag +41 ////; 
ttag +42 ////; 
ttag +43 ////; 
ttag +44 ////; 
ttag +45 ////; 
ttag +46 ////; 
ttag +47 ////; 
ttag +48 ////; 
ttag +49 100/100/100/100/100; 
ttag +50 94/90/91/96/96; 
ttag +51 64/51/52/68/56; 
ttag +52 99/99/95/97/91; 
ttag +53 28/13/12/5/4; 
ttag +54 71/64/52/66/50; 
ttag +55 24/9/6/7/2; 
ttag +56 24/[25]/?/?/?; 
ttag +57 88/81/78/90/78; 
ttag +58 69/56/49/60/43; 
ttag +59 12/[3]/?/?/?; 
ttag +60 78/74/72/77/55; 
ttag +61 37/21/16/14/6; 
ttag +62 26/3/6/4/0; 
ttag +63 14/[3]/?/?/?; 
ttag +64 20/2/?/?/?; 
ttag +65 73/55/48/52/44; 
ttag +66 94/92/87/92/82; 
ttag +67 100/100/98/100/97; 
ttag +68 96/94/96/95/88; 
ttag +69 49/34/34/31/27; 
ttag +70 56/44/33/38/41; 
ttag +71 47/32/27/29/37; 
ttag +72 20/[1]/?/3/1; 
ttag +73 91/90/88/92/87; 
ttag +74 22/0/?/?/?; 
ttag +75 92/91/83/92/84; 
ttag +76 84/80/65/72/69; 
ttag +77 88/83/78/87/77; 
ttag +78 72/62/49/59/51; 
ttag +79 80/68/62/69/58; 
ttag +80 32/[10]/?/?/?; 
ttag +81 96/95/92/96/94; 
ttag +82 53/42/32/43/34; 
ttag +83 70/60/53/73/48; 
ttag +84 58/52/39/47/46; 
ttag +85 63/59/40/46/54; 
ttag +86 54/20/?/8/?; 
ttag +87 98/98/92/98/94; 
ttag +88 37/0/?/1/5; 
ttag +89 96/96/91/98/92; 
ttag +90 22/5/8/6/15; 
ttag +91 41/24/21/14/17; 
ttag +92 92/89/76/92/78; 
ttag +93 25/14/10/15/14; 
ttag +94 16/5/4/6/4; 
