tread
'Tree with tags' 
(0 (1 ((2 3 )(4 (5 6 7 12 13 14 (8 (9 10 ))(11 (21 ((22 (23 (24 25 )))(26 (27 (28 29 (30 31 )(32 (35 (33 34 )(36 (37 (38 39 )))))(40 (41 (42 43 )))(44 45 (46 47 ))))))))(15 16 17 )(18 (19 20 ))))))); 
ttag *!; 
ttag +49 ???; 
ttag +50 4; 
ttag +51 7; 
ttag +52 3; 
ttag +53 2; 
ttag +54 7; 
ttag +55 3; 
ttag +56 1; 
ttag +57 5; 
ttag +58 6; 
ttag +59 12; 
ttag +60 3; 
ttag +61 3; 
ttag +62 2; 
ttag +63 11; 
ttag +64 9; 
ttag +65 7; 
ttag +66 2; 
ttag +67 5; 
ttag +68 5; 
ttag +69 3; 
ttag +70 2; 
ttag +71 4; 
ttag +72 4; 
ttag +73 6; 
ttag +74 2; 
ttag +75 5; 
ttag +76 1; 
ttag +77 7; 
ttag +78 5; 
ttag +79 2; 
tread
'Tree with tags' 
(0 (1 ((2 3 )(4 (5 (7 ((6 (8 (9 10 )))(((11 (21 ((22 (23 (24 25 )))(26 (27 (28 ((((29 (45 (44 (46 47 ))))(40 (41 (42 43 ))))(32 ((35 (33 34 ))(36 (37 (38 39 ))))))(30 31 ))))))))(12 13 ))(14 ((16 (15 17 ))(18 (19 20 )))))))))))); 
ttag *!; 
ttag +0 ////; 
ttag +1 ////; 
ttag +2 ////; 
ttag +3 ////; 
ttag +4 ////; 
ttag +5 ////; 
ttag +6 ////; 
ttag +7 ////; 
ttag +8 ////; 
ttag +9 ////; 
ttag +10 ////; 
ttag +11 ////; 
ttag +12 ////; 
ttag +13 ////; 
ttag +14 ////; 
ttag +15 ////; 
ttag +16 ////; 
ttag +17 ////; 
ttag +18 ////; 
ttag +19 ////; 
ttag +20 ////; 
ttag +21 ////; 
ttag +22 ////; 
ttag +23 ////; 
ttag +24 ////; 
ttag +25 ////; 
ttag +26 ////; 
ttag +27 ////; 
ttag +28 ////; 
ttag +29 ////; 
ttag +30 ////; 
ttag +31 ////; 
ttag +32 ////; 
ttag +33 ////; 
ttag +34 ////; 
ttag +35 ////; 
ttag +36 ////; 
ttag +37 ////; 
ttag +38 ////; 
ttag +39 ////; 
ttag +40 ////; 
ttag +41 ////; 
ttag +42 ////; 
ttag +43 ////; 
ttag +44 ////; 
ttag +45 ////; 
ttag +46 ////; 
ttag +47 ////; 
ttag +48 ////; 
ttag +49 100/100/100/100/100; 
ttag +50 93/89/88/93/86; 
ttag +51 86/78/63/84/70; 
ttag +52 62/52/37/57/40; 
ttag +53 39/24/16/23/10; 
ttag +54 23/[5]/?/6/?; 
ttag +55 7/[22]/?/?/?; 
ttag +56 22/6/?/2/1; 
ttag +57 100/100/97/100/99; 
ttag +58 90/86/85/88/80; 
ttag +59 7/[2]/?/?/?; 
ttag +60 8/[2]/?/?/?; 
ttag +61 9/[12]/?/?/?; 
ttag +62 62/60/61/65/65; 
ttag +63 4/[17]/?/?/?; 
ttag +64 20/[23]/?/?/?; 
ttag +65 96/96/90/97/93; 
ttag +66 16/0/?/?/0; 
ttag +67 86/78/60/83/70; 
ttag +68 99/99/99/100/100; 
ttag +69 58/48/38/45/36; 
ttag +70 68/44/39/47/29; 
ttag +71 42/18/14/20/9; 
ttag +72 100/100/98/100/99; 
ttag +73 99/99/99/99/99; 
ttag +74 97/96/90/98/93; 
ttag +75 79/76/63/78/74; 
ttag +76 95/94/88/96/92; 
ttag +77 32/[8]/?/?/?; 
ttag +78 38/[1]/8/1/?; 
ttag +79 26/[13]/?/?/?; 
ttag +80 61/47/42/42/43; 
ttag +81 91/88/82/90/82; 
ttag +82 97/96/92/96/92; 
ttag +83 90/90/75/88/75; 
ttag +84 42/13/8/26/3; 
ttag +85 89/86/75/85/72; 
ttag +86 97/96/94/96/92; 
ttag +87 98/98/96/99/95; 
ttag +88 88/88/80/87/83; 
ttag +89 97/97/94/97/89; 
ttag +90 72/56/36/52/42; 
ttag +91 100/100/99/99/98; 
ttag +92 42/25/14/28/10; 
ttag +93 95/94/82/92/82; 
ttag +94 84/82/73/78/70; 
