tread
'Tree with tags' 
(0 (1 ((2 3 )(4 (5 ((11 ((14 (21 ((22 (23 (24 25 )))(26 (27 (28 ((29 (30 31 ))((32 ((33 34 )(35 (36 (37 38 39 )))))((40 (41 (42 43 )))(47 (46 (44 45 ))))))))))))((15 (16 17 ))(18 (19 20 )))))(12 13 )))((6 7 )(8 9 10 )))))); 
ttag *!; 
ttag +49 ???; 
ttag +50 3; 
ttag +51 2; 
ttag +52 5; 
ttag +53 1; 
ttag +54 1; 
ttag +55 2; 
ttag +56 7; 
ttag +57 1; 
ttag +58 4; 
ttag +59 1; 
ttag +60 1; 
ttag +61 2; 
ttag +62 4; 
ttag +63 1; 
ttag +64 1; 
ttag +65 6; 
ttag +66 9; 
ttag +67 1; 
ttag +68 3; 
ttag +69 3; 
ttag +70 5; 
ttag +71 6; 
ttag +72 2; 
ttag +73 5; 
ttag +74 2; 
ttag +75 5; 
ttag +76 5; 
ttag +77 5; 
ttag +78 4; 
ttag +79 1; 
ttag +80 4; 
ttag +81 2; 
ttag +82 4; 
ttag +83 5; 
ttag +84 6; 
ttag +85 1; 
ttag +86 1; 
ttag +87 7; 
ttag +88 7; 
ttag +89 2; 
ttag +90 1; 
ttag +91 3; 
tread
'Tree with tags' 
(0 (1 ((2 3 )((4 ((6 7 )(8 (9 10 ))))(5 ((11 ((14 (21 ((22 (23 (24 25 )))(26 (27 (28 ((29 (30 31 ))((32 ((33 34 )(35 (36 (38 (37 39 ))))))((40 (41 (42 43 )))(47 (46 (44 45 ))))))))))))((15 (16 17 ))(18 (19 20 )))))(12 13 ))))))); 
ttag *!; 
ttag +0 ////; 
ttag +1 ////; 
ttag +2 ////; 
ttag +3 ////; 
ttag +4 ////; 
ttag +5 ////; 
ttag +6 ////; 
ttag +7 ////; 
ttag +8 ////; 
ttag +9 ////; 
ttag +10 ////; 
ttag +11 ////; 
ttag +12 ////; 
ttag +13 ////; 
ttag +14 ////; 
ttag +15 ////; 
ttag +16 ////; 
ttag +17 ////; 
ttag +18 ////; 
ttag +19 ////; 
ttag +20 ////; 
ttag +21 ////; 
ttag +22 ////; 
ttag +23 ////; 
ttag +24 ////; 
ttag +25 ////; 
ttag +26 ////; 
ttag +27 ////; 
ttag +28 ////; 
ttag +29 ////; 
ttag +30 ////; 
ttag +31 ////; 
ttag +32 ////; 
ttag +33 ////; 
ttag +34 ////; 
ttag +35 ////; 
ttag +36 ////; 
ttag +37 ////; 
ttag +38 ////; 
ttag +39 ////; 
ttag +40 ////; 
ttag +41 ////; 
ttag +42 ////; 
ttag +43 ////; 
ttag +44 ////; 
ttag +45 ////; 
ttag +46 ////; 
ttag +47 ////; 
ttag +48 ////; 
ttag +49 100/100/100/100/100; 
ttag +50 81/71/65/77/60; 
ttag +51 78/71/61/67/58; 
ttag +52 36/26/16/12/11; 
ttag +53 91/90/84/91/75; 
ttag +54 41/31/16/29/14; 
ttag +55 59/46/34/48/34; 
ttag +56 70/65/58/69/47; 
ttag +57 99/99/97/99/99; 
ttag +58 40/8/13/12/0; 
ttag +59 14/[14]/?/?/?; 
ttag +60 62/52/38/53/33; 
ttag +61 27/0/?/?/?; 
ttag +62 13/0/0/5/2; 
ttag +63 33/22/22/34/22; 
ttag +64 89/88/80/93/85; 
ttag +65 57/47/42/52/40; 
ttag +66 49/34/32/34/31; 
ttag +67 95/94/86/96/90; 
ttag +68 100/100/97/100/100; 
ttag +69 38/28/25/38/24; 
ttag +70 86/82/67/77/71; 
ttag +71 74/64/54/72/60; 
ttag +72 99/99/95/98/96; 
ttag +73 99/98/97/98/94; 
ttag +74 70/59/48/54/41; 
ttag +75 87/85/78/88/73; 
ttag +76 66/53/33/52/37; 
ttag +77 96/96/92/98/90; 
ttag +78 94/93/80/92/83; 
ttag +79 98/98/93/99/97; 
ttag +80 90/87/81/92/84; 
ttag +81 34/6/?/4/?; 
ttag +82 85/80/79/86/74; 
ttag +83 57/38/28/43/24; 
ttag +84 83/80/68/86/72; 
ttag +85 96/95/92/97/88; 
ttag +86 34/4/?/2/6; 
ttag +87 99/99/96/99/97; 
ttag +88 53/32/29/44/35; 
ttag +89 21/0/0/6/10; 
ttag +90 98/98/93/99/93; 
ttag +91 95/93/89/97/84; 
ttag +92 65/61/55/68/44; 
ttag +93 51/46/32/47/26; 
ttag +94 68/66/54/74/51; 
