tread
'Tree with tags' 
(0 (1 ((2 3 )(14 (21 (12 13 (11 (4 (8 (9 10 )))(5 (6 7 ))))((15 (16 17 ))(18 (19 20 )))((22 (23 (24 25 )))((26 27 )(28 ((29 (30 31 ))(32 35 (33 34 )(36 (37 38 39 )))((40 41 (42 43 ))(44 45 46 47 ))))))))))); 
ttag *!; 
ttag +49 ???; 
ttag +50 1; 
ttag +51 3; 
ttag +52 2; 
ttag +53 1; 
ttag +54 1; 
ttag +55 1; 
ttag +56 8; 
ttag +57 1; 
ttag +58 3; 
ttag +59 2; 
ttag +60 2; 
ttag +61 3; 
ttag +62 6; 
ttag +63 2; 
ttag +64 1; 
ttag +65 9; 
ttag +66 1; 
ttag +67 3; 
ttag +68 2; 
ttag +69 3; 
ttag +70 2; 
ttag +71 1; 
ttag +72 2; 
ttag +73 6; 
ttag +74 1; 
ttag +75 3; 
ttag +76 1; 
ttag +77 6; 
ttag +78 4; 
ttag +79 2; 
ttag +80 4; 
ttag +81 3; 
ttag +82 5; 
ttag +83 1; 
tread
'Tree with tags' 
(0 (1 ((2 3 )(14 (((((11 (4 (8 (9 10 ))))(5 (6 7 )))(12 13 ))(21 ((22 (23 (24 25 )))((26 27 )(28 ((29 (30 31 ))((32 (35 ((33 34 )(36 (37 (38 39 ))))))((40 (41 (42 43 )))(47 (44 (45 46 )))))))))))((15 (16 17 ))(18 (19 20 )))))))); 
ttag *!; 
ttag +0 ////; 
ttag +1 ////; 
ttag +2 ////; 
ttag +3 ////; 
ttag +4 ////; 
ttag +5 ////; 
ttag +6 ////; 
ttag +7 ////; 
ttag +8 ////; 
ttag +9 ////; 
ttag +10 ////; 
ttag +11 ////; 
ttag +12 ////; 
ttag +13 ////; 
ttag +14 ////; 
ttag +15 ////; 
ttag +16 ////; 
ttag +17 ////; 
ttag +18 ////; 
ttag +19 ////; 
ttag +20 ////; 
ttag +21 ////; 
ttag +22 ////; 
ttag +23 ////; 
ttag +24 ////; 
ttag +25 ////; 
ttag +26 ////; 
ttag +27 ////; 
ttag +28 ////; 
ttag +29 ////; 
ttag +30 ////; 
ttag +31 ////; 
ttag +32 ////; 
ttag +33 ////; 
ttag +34 ////; 
ttag +35 ////; 
ttag +36 ////; 
ttag +37 ////; 
ttag +38 ////; 
ttag +39 ////; 
ttag +40 ////; 
ttag +41 ////; 
ttag +42 ////; 
ttag +43 ////; 
ttag +44 ////; 
ttag +45 ////; 
ttag +46 ////; 
ttag +47 ////; 
ttag +48 ////; 
ttag +49 100/100/100/100/100; 
ttag +50 79/70/65/71/76; 
ttag +51 83/78/55/75/60; 
ttag +52 58/37/27/44/36; 
ttag +53 7/[16]/?/?/?; 
ttag +54 26/2/?/9/?; 
ttag +55 35/11/3/19/10; 
ttag +56 14/[24]/?/?/?; 
ttag +57 28/[10]/?/?/?; 
ttag +58 99/98/97/98/96; 
ttag +59 46/39/31/44/26; 
ttag +60 82/80/68/81/59; 
ttag +61 86/84/75/83/80; 
ttag +62 77/68/58/74/64; 
ttag +63 34/18/20/15/16; 
ttag +64 88/81/74/81/74; 
ttag +65 92/90/79/94/81; 
ttag +66 75/68/62/73/64; 
ttag +67 59/46/37/46/35; 
ttag +68 100/100/99/100/100; 
ttag +69 48/26/14/20/24; 
ttag +70 75/61/52/58/50; 
ttag +71 86/84/76/83/75; 
ttag +72 77/61/51/65/56; 
ttag +73 84/78/63/79/77; 
ttag +74 93/91/92/92/95; 
ttag +75 47/39/38/31/33; 
ttag +76 57/49/39/44/36; 
ttag +77 98/98/97/98/95; 
ttag +78 46/34/26/27/19; 
ttag +79 96/95/91/93/90; 
ttag +80 94/91/79/85/84; 
ttag +81 24/8/7/8/1; 
ttag +82 100/100/98/99/97; 
ttag +83 24/[4]/?/?/?; 
ttag +84 25/[8]/?/?/?; 
ttag +85 90/88/82/89/80; 
ttag +86 78/72/62/73/60; 
ttag +87 20/[1]/?/?/?; 
ttag +88 78/72/68/75/58; 
ttag +89 67/56/31/51/39; 
ttag +90 44/30/14/24/18; 
ttag +91 98/97/94/94/95; 
ttag +92 19/[19]/?/?/?; 
ttag +93 54/38/42/48/44; 
ttag +94 22/[16]/?/?/?; 
