tread
'Tree with tags' 
(0 (1 ((4 (2 3 ))(5 ((6 7 )(8 (9 10 ))(11 (12 13 21 (14 ((15 (16 17 ))(18 (19 20 ))))((22 (23 (24 25 )))(26 (27 (((28 (34 (32 33 (35 (36 (39 (37 38 )))))))((40 (41 (42 43 )))(47 (46 (44 45 )))))(29 (30 31 ))))))))))))); 
ttag *!; 
ttag +49 ???; 
ttag +50 8; 
ttag +51 2; 
ttag +52 8; 
ttag +53 3; 
ttag +54 3; 
ttag +55 2; 
ttag +56 3; 
ttag +57 2; 
ttag +58 4; 
ttag +59 2; 
ttag +60 1; 
ttag +61 4; 
ttag +62 1; 
ttag +63 1; 
ttag +64 4; 
ttag +65 11; 
ttag +66 4; 
ttag +67 3; 
ttag +68 6; 
ttag +69 6; 
ttag +70 3; 
ttag +71 1; 
ttag +72 2; 
ttag +73 3; 
ttag +74 2; 
ttag +75 5; 
ttag +76 8; 
ttag +77 3; 
ttag +78 2; 
ttag +79 4; 
ttag +80 4; 
ttag +81 1; 
ttag +82 2; 
ttag +83 3; 
ttag +84 2; 
ttag +85 5; 
ttag +86 10; 
ttag +87 2; 
ttag +88 2; 
ttag +89 3; 
tread
'Tree with tags' 
(0 (1 ((4 (2 3 ))(5 ((6 7 )((8 (9 10 ))(11 (21 (12 (13 ((14 ((15 (16 17 ))(18 (19 20 ))))((22 (23 (24 25 )))(26 (27 (((28 (34 (33 (32 (35 (36 (39 (37 38 ))))))))((40 (41 (42 43 )))(47 (46 (44 45 )))))(29 (30 31 ))))))))))))))))); 
ttag *!; 
ttag +0 ////; 
ttag +1 ////; 
ttag +2 ////; 
ttag +3 ////; 
ttag +4 ////; 
ttag +5 ////; 
ttag +6 ////; 
ttag +7 ////; 
ttag +8 ////; 
ttag +9 ////; 
ttag +10 ////; 
ttag +11 ////; 
ttag +12 ////; 
ttag +13 ////; 
ttag +14 ////; 
ttag +15 ////; 
ttag +16 ////; 
ttag +17 ////; 
ttag +18 ////; 
ttag +19 ////; 
ttag +20 ////; 
ttag +21 ////; 
ttag +22 ////; 
ttag +23 ////; 
ttag +24 ////; 
ttag +25 ////; 
ttag +26 ////; 
ttag +27 ////; 
ttag +28 ////; 
ttag +29 ////; 
ttag +30 ////; 
ttag +31 ////; 
ttag +32 ////; 
ttag +33 ////; 
ttag +34 ////; 
ttag +35 ////; 
ttag +36 ////; 
ttag +37 ////; 
ttag +38 ////; 
ttag +39 ////; 
ttag +40 ////; 
ttag +41 ////; 
ttag +42 ////; 
ttag +43 ////; 
ttag +44 ////; 
ttag +45 ////; 
ttag +46 ////; 
ttag +47 ////; 
ttag +48 ////; 
ttag +49 100/100/100/100/100; 
ttag +50 100/100/98/98/99; 
ttag +51 68/56/50/67/45; 
ttag +52 96/93/93/99/86; 
ttag +53 69/65/43/63/47; 
ttag +54 86/84/69/82/70; 
ttag +55 42/32/18/39/13; 
ttag +56 75/72/69/79/68; 
ttag +57 14/[21]/?/?/?; 
ttag +58 77/70/68/80/61; 
ttag +59 72/68/46/71/52; 
ttag +60 8/[16]/?/?/?; 
ttag +61 50/44/23/44/30; 
ttag +62 6/[28]/?/?/?; 
ttag +63 41/36/29/43/33; 
ttag +64 20/4/?/2/5; 
ttag +65 94/92/88/93/86; 
ttag +66 48/28/20/31/25; 
ttag +67 49/37/31/40/30; 
ttag +68 84/81/74/87/66; 
ttag +69 100/100/100/100/100; 
ttag +70 88/85/72/89/74; 
ttag +71 81/78/74/84/67; 
ttag +72 98/98/94/97/96; 
ttag +73 98/97/92/98/94; 
ttag +74 67/59/47/63/48; 
ttag +75 36/24/6/24/11; 
ttag +76 24/9/8/17/12; 
ttag +77 39/24/18/27/14; 
ttag +78 54/47/36/52/40; 
ttag +79 86/84/66/82/58; 
ttag +80 99/98/99/100/99; 
ttag +81 24/6/14/1/3; 
ttag +82 31/6/4/14/10; 
ttag +83 57/46/38/53/38; 
ttag +84 95/94/86/98/90; 
ttag +85 96/95/89/94/88; 
ttag +86 66/62/60/61/41; 
ttag +87 84/80/79/80/65; 
ttag +88 52/43/34/54/38; 
ttag +89 43/34/28/40/25; 
ttag +90 84/80/69/88/68; 
ttag +91 99/99/99/100/97; 
ttag +92 65/48/26/46/37; 
ttag +93 73/69/51/66/45; 
ttag +94 78/75/59/74/53; 
