tread
'Tree with tags' 
(0 (1 ((2 3 )(4 (5 (((6 7 )(8 (9 10 )))(11 ((12 13 )(14 ((15 (16 17 ))(18 (19 20 )))(21 ((22 (23 (24 25 )))(26 27 (28 ((29 (30 31 ))(((32 35 (33 34 )(36 (38 (37 39 ))))(40 (41 (42 43 ))))(47 (46 (44 45 )))))))))))))))))); 
ttag *!; 
ttag +49 ???; 
ttag +50 8; 
ttag +51 1; 
ttag +52 5; 
ttag +53 1; 
ttag +54 3; 
ttag +55 2; 
ttag +56 1; 
ttag +57 3; 
ttag +58 1; 
ttag +59 1; 
ttag +60 1; 
ttag +61 1; 
ttag +62 1; 
ttag +63 4; 
ttag +64 4; 
ttag +65 2; 
ttag +66 3; 
ttag +67 13; 
ttag +68 1; 
ttag +69 5; 
ttag +70 2; 
ttag +71 3; 
ttag +72 7; 
ttag +73 6; 
ttag +74 5; 
ttag +75 2; 
ttag +76 4; 
ttag +77 5; 
ttag +78 5; 
ttag +79 1; 
ttag +80 3; 
ttag +81 5; 
ttag +82 4; 
ttag +83 1; 
ttag +84 2; 
ttag +85 3; 
ttag +86 1; 
ttag +87 8; 
ttag +88 1; 
ttag +89 2; 
ttag +90 2; 
tread
'Tree with tags' 
(0 (1 ((2 3 )(4 (5 (((6 7 )(8 (9 10 )))(11 ((12 13 )((14 (21 ((22 (23 (24 25 )))(27 (26 (28 ((29 (30 31 ))(((32 ((33 34 )(35 (36 (38 (37 39 ))))))(40 (41 (42 43 ))))(47 (46 (44 45 )))))))))))((15 (16 17 ))(18 (19 20 )))))))))))); 
ttag *!; 
ttag +0 ////; 
ttag +1 ////; 
ttag +2 ////; 
ttag +3 ////; 
ttag +4 ////; 
ttag +5 ////; 
ttag +6 ////; 
ttag +7 ////; 
ttag +8 ////; 
ttag +9 ////; 
ttag +10 ////; 
ttag +11 ////; 
ttag +12 ////; 
ttag +13 ////; 
ttag +14 ////; 
ttag +15 ////; 
ttag +16 ////; 
ttag +17 ////; 
ttag +18 ////; 
ttag +19 ////; 
ttag +20 ////; 
ttag +21 ////; 
ttag +22 ////; 
ttag +23 ////; 
ttag +24 ////; 
ttag +25 ////; 
ttag +26 ////; 
ttag +27 ////; 
ttag +28 ////; 
ttag +29 ////; 
ttag +30 ////; 
ttag +31 ////; 
ttag +32 ////; 
ttag +33 ////; 
ttag +34 ////; 
ttag +35 ////; 
ttag +36 ////; 
ttag +37 ////; 
ttag +38 ////; 
ttag +39 ////; 
ttag +40 ////; 
ttag +41 ////; 
ttag +42 ////; 
ttag +43 ////; 
ttag +44 ////; 
ttag +45 ////; 
ttag +46 ////; 
ttag +47 ////; 
ttag +48 ////; 
ttag +49 100/100/100/100/100; 
ttag +50 98/97/99/99/99; 
ttag +51 52/26/10/21/10; 
ttag +52 93/91/84/93/83; 
ttag +53 36/13/6/12/8; 
ttag +54 90/90/78/84/81; 
ttag +55 46/40/32/46/28; 
ttag +56 31/8/0/7/4; 
ttag +57 86/78/76/84/82; 
ttag +58 48/35/35/36/28; 
ttag +59 30/7/?/7/?; 
ttag +60 26/0/?/?/?; 
ttag +61 28/6/?/7/?; 
ttag +62 13/0/?/?/1; 
ttag +63 25/12/9/7/19; 
ttag +64 94/93/87/94/88; 
ttag +65 86/84/72/84/72; 
ttag +66 66/52/39/52/38; 
ttag +67 86/79/66/80/69; 
ttag +68 100/100/100/100/100; 
ttag +69 32/19/6/14/15; 
ttag +70 96/95/89/96/94; 
ttag +71 78/74/64/76/68; 
ttag +72 88/83/80/80/73; 
ttag +73 98/97/99/98/98; 
ttag +74 20/[11]/?/?/?; 
ttag +75 94/92/80/88/79; 
ttag +76 90/88/65/88/69; 
ttag +77 71/58/46/64/50; 
ttag +78 94/93/78/92/77; 
ttag +79 95/94/83/92/82; 
ttag +80 93/91/86/94/85; 
ttag +81 47/26/20/34/17; 
ttag +82 81/78/70/89/72; 
ttag +83 95/94/82/95/83; 
ttag +84 20/[12]/?/?/?; 
ttag +85 24/[8]/0/?/?; 
ttag +86 89/85/74/84/65; 
ttag +87 60/54/42/56/41; 
ttag +88 86/82/70/82/69; 
ttag +89 80/73/72/77/65; 
ttag +90 63/49/54/61/54; 
ttag +91 100/100/99/99/99; 
ttag +92 48/40/28/41/26; 
ttag +93 73/64/56/72/52; 
ttag +94 68/64/47/62/44; 
