tread
'Tree with tags' 
(0 (1 ((2 3 )(4 5 (6 7 )(8 (9 10 ))(13 ((11 12 )((14 ((15 (16 17 ))(18 (19 20 ))))(21 ((22 (23 (24 25 )))(26 (27 (28 29 (30 31 )((32 35 )(33 34 )(36 (37 38 39 )))(44 (45 (46 (47 ((40 41 )(42 43 )))))))))))))))))); 
ttag *!; 
ttag +49 ???; 
ttag +50 6; 
ttag +51 6; 
ttag +52 6; 
ttag +53 1; 
ttag +54 7; 
ttag +55 2; 
ttag +56 1; 
ttag +57 1; 
ttag +58 4; 
ttag +59 2; 
ttag +60 3; 
ttag +61 10; 
ttag +62 3; 
ttag +63 1; 
ttag +64 5; 
ttag +65 12; 
ttag +66 5; 
ttag +67 6; 
ttag +68 4; 
ttag +69 10; 
ttag +70 8; 
ttag +71 2; 
ttag +72 3; 
ttag +73 6; 
ttag +74 3; 
ttag +75 1; 
ttag +76 6; 
ttag +77 5; 
ttag +78 3; 
ttag +79 11; 
ttag +80 2; 
ttag +81 4; 
ttag +82 1; 
ttag +83 1; 
ttag +84 2; 
ttag +85 1; 
ttag +86 6; 
tread
'Tree with tags' 
(0 (1 ((2 3 )(4 ((5 (13 ((11 12 )((14 ((15 (16 17 ))(18 (19 20 ))))(21 ((22 (23 (24 25 )))(26 (27 (29 (((28 (((32 35 )(36 (38 (37 39 ))))(33 34 )))(30 31 ))(44 (45 (46 (47 ((40 41 )(42 43 ))))))))))))))))((6 7 )(8 (9 10 )))))))); 
ttag *!; 
ttag +0 ////; 
ttag +1 ////; 
ttag +2 ////; 
ttag +3 ////; 
ttag +4 ////; 
ttag +5 ////; 
ttag +6 ////; 
ttag +7 ////; 
ttag +8 ////; 
ttag +9 ////; 
ttag +10 ////; 
ttag +11 ////; 
ttag +12 ////; 
ttag +13 ////; 
ttag +14 ////; 
ttag +15 ////; 
ttag +16 ////; 
ttag +17 ////; 
ttag +18 ////; 
ttag +19 ////; 
ttag +20 ////; 
ttag +21 ////; 
ttag +22 ////; 
ttag +23 ////; 
ttag +24 ////; 
ttag +25 ////; 
ttag +26 ////; 
ttag +27 ////; 
ttag +28 ////; 
ttag +29 ////; 
ttag +30 ////; 
ttag +31 ////; 
ttag +32 ////; 
ttag +33 ////; 
ttag +34 ////; 
ttag +35 ////; 
ttag +36 ////; 
ttag +37 ////; 
ttag +38 ////; 
ttag +39 ////; 
ttag +40 ////; 
ttag +41 ////; 
ttag +42 ////; 
ttag +43 ////; 
ttag +44 ////; 
ttag +45 ////; 
ttag +46 ////; 
ttag +47 ////; 
ttag +48 ////; 
ttag +49 100/100/100/100/100; 
ttag +50 86/80/81/85/81; 
ttag +51 97/97/94/98/96; 
ttag +52 92/90/70/95/76; 
ttag +53 4/[26]/?/?/?; 
ttag +54 29/[1]/?/2/?; 
ttag +55 53/48/36/40/35; 
ttag +56 42/26/13/16/16; 
ttag +57 99/98/97/100/100; 
ttag +58 74/69/76/75/71; 
ttag +59 44/13/10/9/?; 
ttag +60 20/[11]/?/?/?; 
ttag +61 39/30/15/40/21; 
ttag +62 38/30/25/37/26; 
ttag +63 38/29/26/37/26; 
ttag +64 99/98/97/99/97; 
ttag +65 51/33/26/47/28; 
ttag +66 50/22/28/37/27; 
ttag +67 94/92/90/96/85; 
ttag +68 100/100/99/100/100; 
ttag +69 59/50/34/61/36; 
ttag +70 80/72/64/78/70; 
ttag +71 58/49/38/58/39; 
ttag +72 100/100/99/100/99; 
ttag +73 99/99/98/98/100; 
ttag +74 65/60/45/66/46; 
ttag +75 62/48/27/52/30; 
ttag +76 10/[17]/?/?/?; 
ttag +77 10/[20]/?/?/?; 
ttag +78 10/[19]/?/?/?; 
ttag +79 86/84/74/89/72; 
ttag +80 92/91/74/90/78; 
ttag +81 61/49/41/44/38; 
ttag +82 37/19/7/25/8; 
ttag +83 93/92/87/96/86; 
ttag +84 98/97/94/97/93; 
ttag +85 93/90/80/90/80; 
ttag +86 42/13/4/?/1; 
ttag +87 99/99/99/100/97; 
ttag +88 51/28/16/32/9; 
ttag +89 80/73/60/73/58; 
ttag +90 37/23/18/26/16; 
ttag +91 30/16/10/18/8; 
ttag +92 26/12/2/14/4; 
ttag +93 32/18/14/20/9; 
ttag +94 95/95/90/98/91; 
