tread
'Tree with tags' 
(0 (1 ((2 3 )(11 ((5 (4 (8 (9 10 ))))((6 7 )(12 (13 ((14 ((15 (16 17 ))(18 (19 20 ))))(21 ((26 27 )(28 ((29 (30 31 ))(((32 33 34 (35 (36 (37 (38 39 )))))(46 47 (44 45 )))(40 41 (42 43 )))))))(22 (23 (24 25 )))))))))))); 
ttag *!; 
ttag +49 ???; 
ttag +50 6; 
ttag +51 4; 
ttag +52 1; 
ttag +53 1; 
ttag +54 1; 
ttag +55 6; 
ttag +56 1; 
ttag +57 1; 
ttag +58 4; 
ttag +59 2; 
ttag +60 2; 
ttag +61 1; 
ttag +62 1; 
ttag +63 2; 
ttag +64 10; 
ttag +65 1; 
ttag +66 1; 
ttag +67 5; 
ttag +68 8; 
ttag +69 2; 
ttag +70 2; 
ttag +71 6; 
ttag +72 13; 
ttag +73 2; 
ttag +74 3; 
ttag +75 4; 
ttag +76 2; 
ttag +77 6; 
ttag +78 8; 
ttag +79 2; 
ttag +80 2; 
ttag +81 3; 
ttag +82 2; 
ttag +83 4; 
ttag +84 1; 
ttag +85 2; 
ttag +86 4; 
ttag +87 7; 
ttag +88 1; 
ttag +89 3; 
tread
'Tree with tags' 
(0 (1 ((2 3 )(11 ((5 (4 (8 (9 10 ))))((6 7 )(12 (13 (((14 ((15 (16 17 ))(18 (19 20 ))))(21 ((26 27 )(28 ((29 (30 31 ))(((32 ((33 34 )(35 (36 (37 (38 39 ))))))(46 (47 (44 45 ))))(40 (41 (42 43 )))))))))(22 (23 (24 25 )))))))))))); 
ttag *!; 
ttag +0 ////; 
ttag +1 ////; 
ttag +2 ////; 
ttag +3 ////; 
ttag +4 ////; 
ttag +5 ////; 
ttag +6 ////; 
ttag +7 ////; 
ttag +8 ////; 
ttag +9 ////; 
ttag +10 ////; 
ttag +11 ////; 
ttag +12 ////; 
ttag +13 ////; 
ttag +14 ////; 
ttag +15 ////; 
ttag +16 ////; 
ttag +17 ////; 
ttag +18 ////; 
ttag +19 ////; 
ttag +20 ////; 
ttag +21 ////; 
ttag +22 ////; 
ttag +23 ////; 
ttag +24 ////; 
ttag +25 ////; 
ttag +26 ////; 
ttag +27 ////; 
ttag +28 ////; 
ttag +29 ////; 
ttag +30 ////; 
ttag +31 ////; 
ttag +32 ////; 
ttag +33 ////; 
ttag +34 ////; 
ttag +35 ////; 
ttag +36 ////; 
ttag +37 ////; 
ttag +38 ////; 
ttag +39 ////; 
ttag +40 ////; 
ttag +41 ////; 
ttag +42 ////; 
ttag +43 ////; 
ttag +44 ////; 
ttag +45 ////; 
ttag +46 ////; 
ttag +47 ////; 
ttag +48 ////; 
ttag +49 100/100/100/100/100; 
ttag +50 94/91/88/92/87; 
ttag +51 89/87/90/93/86; 
ttag +52 33/13/10/22/7; 
ttag +53 14/[5]/?/1/?; 
ttag +54 15/2/2/2/3; 
ttag +55 79/74/67/81/72; 
ttag +56 26/6/6/11/3; 
ttag +57 2/[18]/?/?/?; 
ttag +58 92/90/86/92/84; 
ttag +59 63/56/52/64/50; 
ttag +60 14/2/?/4/2; 
ttag +61 19/6/4/16/8; 
ttag +62 10/[5]/?/?/?; 
ttag +63 1/[18]/?/?/?; 
ttag +64 26/11/2/10/?; 
ttag +65 100/100/98/100/99; 
ttag +66 12/[14]/?/?/?; 
ttag +67 48/24/22/25/35; 
ttag +68 96/95/96/97/93; 
ttag +69 100/100/100/100/98; 
ttag +70 28/18/15/21/14; 
ttag +71 68/60/48/66/56; 
ttag +72 94/92/82/92/86; 
ttag +73 100/100/100/100/99; 
ttag +74 52/36/40/48/39; 
ttag +75 41/31/17/31/22; 
ttag +76 72/68/58/75/56; 
ttag +77 78/69/64/78/66; 
ttag +78 68/59/54/76/56; 
ttag +79 100/100/99/100/100; 
ttag +80 48/41/34/51/37; 
ttag +81 17/[34]/?/?/?; 
ttag +82 43/34/20/29/28; 
ttag +83 42/17/24/22/28; 
ttag +84 22/[10]/?/?/?; 
ttag +85 86/83/75/82/69; 
ttag +86 92/90/79/91/74; 
ttag +87 65/54/55/56/53; 
ttag +88 68/54/47/59/44; 
ttag +89 86/82/80/87/76; 
ttag +90 39/13/8/11/13; 
ttag +91 98/98/98/98/98; 
ttag +92 64/54/43/46/48; 
ttag +93 15/[8]/?/?/?; 
ttag +94 70/53/52/58/54; 
