tread
'Tree with tags' 
(0 (1 ((2 3 )((21 ((11 (12 13 ((4 5 )(6 7 )(8 (9 10 )))))((14 (15 (16 17 )))(18 (19 20 )))))((22 (23 (24 25 )))(26 (27 (28 (29 (30 31 ))(32 ((33 34 )(35 (36 (37 (38 39 ))))))((40 41 (42 43 ))(44 (45 (46 47 )))))))))))); 
ttag *!; 
ttag +49 ???; 
ttag +50 6; 
ttag +51 5; 
ttag +52 2; 
ttag +53 2; 
ttag +54 1; 
ttag +55 1; 
ttag +56 3; 
ttag +57 1; 
ttag +58 7; 
ttag +59 1; 
ttag +60 4; 
ttag +61 2; 
ttag +62 1; 
ttag +63 2; 
ttag +64 6; 
ttag +65 5; 
ttag +66 10; 
ttag +67 7; 
ttag +68 2; 
ttag +69 4; 
ttag +70 4; 
ttag +71 7; 
ttag +72 5; 
ttag +73 3; 
ttag +74 3; 
ttag +75 7; 
ttag +76 5; 
ttag +77 7; 
ttag +78 6; 
ttag +79 3; 
ttag +80 2; 
ttag +81 3; 
ttag +82 10; 
ttag +83 3; 
ttag +84 7; 
ttag +85 2; 
ttag +86 5; 
ttag +87 1; 
ttag +88 1; 
ttag +89 1; 
tread
'Tree with tags' 
(0 (1 ((2 3 )((21 ((11 (12 (13 ((4 5 )((6 7 )(8 (9 10 )))))))((14 (15 (16 17 )))(18 (19 20 )))))((22 (23 (24 25 )))(26 (27 (((28 (32 ((33 34 )(35 (36 (37 (38 39 )))))))((40 (41 (42 43 )))(44 (45 (46 47 )))))(29 (30 31 )))))))))); 
ttag *!; 
ttag +0 ////; 
ttag +1 ////; 
ttag +2 ////; 
ttag +3 ////; 
ttag +4 ////; 
ttag +5 ////; 
ttag +6 ////; 
ttag +7 ////; 
ttag +8 ////; 
ttag +9 ////; 
ttag +10 ////; 
ttag +11 ////; 
ttag +12 ////; 
ttag +13 ////; 
ttag +14 ////; 
ttag +15 ////; 
ttag +16 ////; 
ttag +17 ////; 
ttag +18 ////; 
ttag +19 ////; 
ttag +20 ////; 
ttag +21 ////; 
ttag +22 ////; 
ttag +23 ////; 
ttag +24 ////; 
ttag +25 ////; 
ttag +26 ////; 
ttag +27 ////; 
ttag +28 ////; 
ttag +29 ////; 
ttag +30 ////; 
ttag +31 ////; 
ttag +32 ////; 
ttag +33 ////; 
ttag +34 ////; 
ttag +35 ////; 
ttag +36 ////; 
ttag +37 ////; 
ttag +38 ////; 
ttag +39 ////; 
ttag +40 ////; 
ttag +41 ////; 
ttag +42 ////; 
ttag +43 ////; 
ttag +44 ////; 
ttag +45 ////; 
ttag +46 ////; 
ttag +47 ////; 
ttag +48 ////; 
ttag +49 100/100/100/100/100; 
ttag +50 97/96/92/98/91; 
ttag +51 96/95/91/98/92; 
ttag +52 45/17/15/15/15; 
ttag +53 38/10/7/10/9; 
ttag +54 3/[24]/?/?/?; 
ttag +55 11/[16]/?/?/?; 
ttag +56 23/[5]/?/?/?; 
ttag +57 30/2/2/?/?; 
ttag +58 22/[6]/?/?/?; 
ttag +59 95/94/86/94/92; 
ttag +60 63/51/44/57/37; 
ttag +61 39/28/30/22/31; 
ttag +62 98/98/95/98/94; 
ttag +63 82/82/78/78/82; 
ttag +64 36/26/11/23/9; 
ttag +65 24/7/6/8/?; 
ttag +66 99/99/92/99/95; 
ttag +67 99/98/91/97/94; 
ttag +68 100/100/98/98/99; 
ttag +69 99/99/97/99/98; 
ttag +70 67/61/50/64/52; 
ttag +71 70/60/53/64/42; 
ttag +72 72/63/64/53/61; 
ttag +73 97/96/90/96/91; 
ttag +74 86/85/78/89/74; 
ttag +75 78/67/54/77/58; 
ttag +76 22/6/4/9/5; 
ttag +77 29/8/3/?/?; 
ttag +78 77/66/52/75/55; 
ttag +79 100/100/98/99/98; 
ttag +80 97/97/92/94/90; 
ttag +81 96/95/85/95/90; 
ttag +82 99/99/96/98/92; 
ttag +83 78/71/55/71/62; 
ttag +84 78/75/60/79/64; 
ttag +85 85/80/62/83/62; 
ttag +86 100/100/100/100/98; 
ttag +87 92/91/87/95/88; 
ttag +88 99/98/94/99/96; 
ttag +89 75/72/66/72/62; 
ttag +90 29/[8]/?/?/?; 
ttag +91 93/90/86/94/90; 
ttag +92 61/55/53/53/46; 
ttag +93 36/22/14/17/10; 
ttag +94 43/21/11/13/?; 
