tread
'Tree with tags' 
(0 (1 ((2 3 )(4 (5 6 7 (8 (9 10 ))(11 12 13 14 (15 (16 17 ))(18 (19 20 ))(21 ((22 (23 (24 25 )))(26 (27 (28 ((31 (29 30 ))(32 ((33 34 )(35 (36 (37 (38 39 )))))))((40 (41 (42 43 )))(44 45 46 47 ))))))))))))); 
ttag *!; 
ttag +49 ???; 
ttag +50 5; 
ttag +51 1; 
ttag +52 7; 
ttag +53 1; 
ttag +54 9; 
ttag +55 5; 
ttag +56 3; 
ttag +57 6; 
ttag +58 1; 
ttag +59 7; 
ttag +60 3; 
ttag +61 2; 
ttag +62 3; 
ttag +63 1; 
ttag +64 4; 
ttag +65 9; 
ttag +66 6; 
ttag +67 1; 
ttag +68 2; 
ttag +69 2; 
ttag +70 4; 
ttag +71 1; 
ttag +72 6; 
ttag +73 2; 
ttag +74 1; 
ttag +75 1; 
ttag +76 2; 
ttag +77 2; 
ttag +78 3; 
ttag +79 5; 
ttag +80 5; 
ttag +81 1; 
ttag +82 10; 
ttag +83 3; 
tread
'Tree with tags' 
(0 (1 ((2 3 )(4 ((5 (13 (12 ((11 (21 ((22 (23 (24 25 )))(26 (27 (28 (((31 (29 30 ))(32 ((33 34 )(35 (36 (37 (38 39 )))))))((40 (41 (42 43 )))((44 45 )(46 47 ))))))))))(14 ((15 (16 17 ))(18 (19 20 ))))))))((6 7 )(8 (9 10 )))))))); 
ttag *!; 
ttag +0 ////; 
ttag +1 ////; 
ttag +2 ////; 
ttag +3 ////; 
ttag +4 ////; 
ttag +5 ////; 
ttag +6 ////; 
ttag +7 ////; 
ttag +8 ////; 
ttag +9 ////; 
ttag +10 ////; 
ttag +11 ////; 
ttag +12 ////; 
ttag +13 ////; 
ttag +14 ////; 
ttag +15 ////; 
ttag +16 ////; 
ttag +17 ////; 
ttag +18 ////; 
ttag +19 ////; 
ttag +20 ////; 
ttag +21 ////; 
ttag +22 ////; 
ttag +23 ////; 
ttag +24 ////; 
ttag +25 ////; 
ttag +26 ////; 
ttag +27 ////; 
ttag +28 ////; 
ttag +29 ////; 
ttag +30 ////; 
ttag +31 ////; 
ttag +32 ////; 
ttag +33 ////; 
ttag +34 ////; 
ttag +35 ////; 
ttag +36 ////; 
ttag +37 ////; 
ttag +38 ////; 
ttag +39 ////; 
ttag +40 ////; 
ttag +41 ////; 
ttag +42 ////; 
ttag +43 ////; 
ttag +44 ////; 
ttag +45 ////; 
ttag +46 ////; 
ttag +47 ////; 
ttag +48 ////; 
ttag +49 100/100/100/100/100; 
ttag +50 96/96/88/97/88; 
ttag +51 64/40/38/52/36; 
ttag +52 98/98/96/98/96; 
ttag +53 16/[6]/?/?/?; 
ttag +54 70/67/57/71/55; 
ttag +55 11/[8]/?/?/?; 
ttag +56 68/56/47/59/54; 
ttag +57 100/100/99/99/100; 
ttag +58 99/99/100/100/99; 
ttag +59 11/[8]/?/?/?; 
ttag +60 8/[12]/?/?/?; 
ttag +61 14/[6]/?/?/?; 
ttag +62 74/68/57/65/53; 
ttag +63 30/21/22/14/6; 
ttag +64 99/98/95/98/91; 
ttag +65 40/32/20/25/15; 
ttag +66 82/72/58/74/52; 
ttag +67 99/99/98/99/98; 
ttag +68 99/98/99/97/96; 
ttag +69 52/46/33/54/28; 
ttag +70 80/74/69/78/69; 
ttag +71 47/39/31/40/17; 
ttag +72 94/91/84/96/91; 
ttag +73 100/100/100/100/100; 
ttag +74 96/96/88/97/87; 
ttag +75 38/21/18/32/22; 
ttag +76 38/32/28/36/26; 
ttag +77 64/52/33/57/34; 
ttag +78 82/76/59/86/59; 
ttag +79 24/4/?/10/?; 
ttag +80 38/25/17/29/8; 
ttag +81 95/95/88/96/90; 
ttag +82 80/78/76/79/70; 
ttag +83 53/42/27/39/40; 
ttag +84 26/14/11/18/13; 
ttag +85 50/38/27/46/30; 
ttag +86 40/21/20/35/22; 
ttag +87 54/42/38/50/43; 
ttag +88 83/76/71/82/62; 
ttag +89 90/90/74/86/72; 
ttag +90 50/30/34/26/17; 
ttag +91 100/100/98/100/99; 
ttag +92 6/[16]/?/?/?; 
ttag +93 79/72/69/74/61; 
ttag +94 40/14/14/14/15; 
