tread
'Tree with tags' 
(0 (1 ((2 3 )(4 (5 (((6 7 )(8 (9 10 )))(11 ((12 13 )((14 (15 (16 17 ))(18 (19 20 )))(21 (46 (22 (23 (24 25 )))(26 27 28 (29 (30 31 ))(32 ((33 34 )(35 (36 (37 (38 39 ))))))(40 (41 (42 43 )))(44 45 47 ))))))))))))); 
ttag *!; 
ttag +49 ???; 
ttag +50 7; 
ttag +51 5; 
ttag +52 3; 
ttag +53 1; 
ttag +54 1; 
ttag +55 4; 
ttag +56 1; 
ttag +57 10; 
ttag +58 3; 
ttag +59 1; 
ttag +60 2; 
ttag +61 4; 
ttag +62 3; 
ttag +63 2; 
ttag +64 5; 
ttag +65 1; 
ttag +66 11; 
ttag +67 5; 
ttag +68 1; 
ttag +69 1; 
ttag +70 4; 
ttag +71 5; 
ttag +72 7; 
ttag +73 1; 
ttag +74 9; 
ttag +75 7; 
ttag +76 3; 
ttag +77 6; 
ttag +78 1; 
ttag +79 4; 
ttag +80 6; 
ttag +81 5; 
ttag +82 4; 
ttag +83 2; 
ttag +84 4; 
ttag +85 4; 
ttag +86 1; 
tread
'Tree with tags' 
(0 (1 ((2 3 )(4 (5 (((6 7 )(8 (9 10 )))(11 ((12 13 )(((14 (18 (19 20 )))(15 (16 17 )))(21 ((22 (23 (24 25 )))(46 (((((28 (26 27 ))(32 ((33 34 )(35 (36 (37 (38 39 )))))))(29 (30 31 )))(40 (41 (42 43 ))))(47 (44 45 ))))))))))))))); 
ttag *!; 
ttag +0 ////; 
ttag +1 ////; 
ttag +2 ////; 
ttag +3 ////; 
ttag +4 ////; 
ttag +5 ////; 
ttag +6 ////; 
ttag +7 ////; 
ttag +8 ////; 
ttag +9 ////; 
ttag +10 ////; 
ttag +11 ////; 
ttag +12 ////; 
ttag +13 ////; 
ttag +14 ////; 
ttag +15 ////; 
ttag +16 ////; 
ttag +17 ////; 
ttag +18 ////; 
ttag +19 ////; 
ttag +20 ////; 
ttag +21 ////; 
ttag +22 ////; 
ttag +23 ////; 
ttag +24 ////; 
ttag +25 ////; 
ttag +26 ////; 
ttag +27 ////; 
ttag +28 ////; 
ttag +29 ////; 
ttag +30 ////; 
ttag +31 ////; 
ttag +32 ////; 
ttag +33 ////; 
ttag +34 ////; 
ttag +35 ////; 
ttag +36 ////; 
ttag +37 ////; 
ttag +38 ////; 
ttag +39 ////; 
ttag +40 ////; 
ttag +41 ////; 
ttag +42 ////; 
ttag +43 ////; 
ttag +44 ////; 
ttag +45 ////; 
ttag +46 ////; 
ttag +47 ////; 
ttag +48 ////; 
ttag +49 100/100/100/100/100; 
ttag +50 98/98/97/98/94; 
ttag +51 92/89/84/95/87; 
ttag +52 60/53/29/56/40; 
ttag +53 28/14/12/17/9; 
ttag +54 38/24/20/22/20; 
ttag +55 72/67/66/62/57; 
ttag +56 12/5/?/2/?; 
ttag +57 98/97/98/100/98; 
ttag +58 84/75/70/73/66; 
ttag +59 34/28/22/24/19; 
ttag +60 62/54/43/54/47; 
ttag +61 56/51/44/62/43; 
ttag +62 35/6/?/0/?; 
ttag +63 60/56/40/62/43; 
ttag +64 37/27/21/38/13; 
ttag +65 98/98/96/99/93; 
ttag +66 65/49/53/57/41; 
ttag +67 100/100/99/100/98; 
ttag +68 98/96/94/98/95; 
ttag +69 41/30/18/36/23; 
ttag +70 58/34/19/39/24; 
ttag +71 82/80/61/80/66; 
ttag +72 98/98/94/96/98; 
ttag +73 100/100/100/100/100; 
ttag +74 59/54/46/39/41; 
ttag +75 27/13/?/4/?; 
ttag +76 4/[26]/?/?/?; 
ttag +77 12/[1]/?/?/?; 
ttag +78 7/[18]/?/?/?; 
ttag +79 25/1/?/0/?; 
ttag +80 42/30/23/20/14; 
ttag +81 100/100/98/99/98; 
ttag +82 99/99/97/99/100; 
ttag +83 71/64/49/65/47; 
ttag +84 97/96/97/98/93; 
ttag +85 37/20/14/14/10; 
ttag +86 94/93/87/96/83; 
ttag +87 96/96/91/98/89; 
ttag +88 98/96/92/97/94; 
ttag +89 95/94/86/95/84; 
ttag +90 62/56/48/57/48; 
ttag +91 91/88/87/85/86; 
ttag +92 92/89/78/86/76; 
ttag +93 16/[23]/?/?/?; 
ttag +94 82/80/71/82/78; 
