tread
'Tree with tags' 
(0 (1 ((2 3 )(4 ((5 (6 7 )(11 ((14 (12 13 )(15 16 17 )(18 (19 20 )))(21 ((22 (23 (24 25 )))(26 (27 (28 (29 ((30 31 )(((35 (32 (33 34 )))(36 (37 38 39 )))(41 (40 (42 43 )))(47 (44 45 46 )))))))))))))(8 (9 10 ))))))); 
ttag *!; 
ttag +49 ???; 
ttag +50 8; 
ttag +51 4; 
ttag +52 4; 
ttag +53 2; 
ttag +54 3; 
ttag +55 1; 
ttag +56 8; 
ttag +57 2; 
ttag +58 2; 
ttag +59 3; 
ttag +60 1; 
ttag +61 4; 
ttag +62 1; 
ttag +63 3; 
ttag +64 10; 
ttag +65 3; 
ttag +66 5; 
ttag +67 5; 
ttag +68 8; 
ttag +69 6; 
ttag +70 4; 
ttag +71 1; 
ttag +72 1; 
ttag +73 3; 
ttag +74 5; 
ttag +75 2; 
ttag +76 1; 
ttag +77 1; 
ttag +78 10; 
ttag +79 1; 
ttag +80 6; 
ttag +81 3; 
ttag +82 3; 
ttag +83 1; 
ttag +84 1; 
ttag +85 4; 
ttag +86 3; 
ttag +87 1; 
tread
'Tree with tags' 
(0 (1 ((2 3 )(4 (((5 (6 7 ))(11 ((((12 13 )(17 (15 16 )))(14 (18 (19 20 ))))(21 ((22 (23 (24 25 )))(26 (27 (28 (29 ((30 31 )((((35 (32 (33 34 )))(36 (37 (38 39 ))))(47 (44 (45 46 ))))(41 (40 (42 43 ))))))))))))))(8 (9 10 ))))))); 
ttag *!; 
ttag +0 ////; 
ttag +1 ////; 
ttag +2 ////; 
ttag +3 ////; 
ttag +4 ////; 
ttag +5 ////; 
ttag +6 ////; 
ttag +7 ////; 
ttag +8 ////; 
ttag +9 ////; 
ttag +10 ////; 
ttag +11 ////; 
ttag +12 ////; 
ttag +13 ////; 
ttag +14 ////; 
ttag +15 ////; 
ttag +16 ////; 
ttag +17 ////; 
ttag +18 ////; 
ttag +19 ////; 
ttag +20 ////; 
ttag +21 ////; 
ttag +22 ////; 
ttag +23 ////; 
ttag +24 ////; 
ttag +25 ////; 
ttag +26 ////; 
ttag +27 ////; 
ttag +28 ////; 
ttag +29 ////; 
ttag +30 ////; 
ttag +31 ////; 
ttag +32 ////; 
ttag +33 ////; 
ttag +34 ////; 
ttag +35 ////; 
ttag +36 ////; 
ttag +37 ////; 
ttag +38 ////; 
ttag +39 ////; 
ttag +40 ////; 
ttag +41 ////; 
ttag +42 ////; 
ttag +43 ////; 
ttag +44 ////; 
ttag +45 ////; 
ttag +46 ////; 
ttag +47 ////; 
ttag +48 ////; 
ttag +49 100/100/100/100/100; 
ttag +50 98/98/97/99/96; 
ttag +51 89/82/73/90/82; 
ttag +52 93/89/81/92/82; 
ttag +53 14/[13]/?/?/?; 
ttag +54 54/43/33/58/37; 
ttag +55 79/68/56/70/52; 
ttag +56 35/24/19/24/18; 
ttag +57 100/100/98/99/95; 
ttag +58 76/70/67/71/66; 
ttag +59 66/58/50/64/52; 
ttag +60 62/56/39/59/49; 
ttag +61 20/0/?/?/?; 
ttag +62 26/13/5/9/?; 
ttag +63 83/81/72/84/70; 
ttag +64 18/[2]/?/?/?; 
ttag +65 14/[18]/?/?/?; 
ttag +66 53/45/28/52/34; 
ttag +67 79/76/61/82/64; 
ttag +68 100/100/99/100/99; 
ttag +69 50/42/23/42/15; 
ttag +70 77/65/48/61/45; 
ttag +71 64/55/46/60/40; 
ttag +72 100/100/98/99/99; 
ttag +73 96/96/95/98/97; 
ttag +74 86/81/80/84/80; 
ttag +75 39/17/14/7/15; 
ttag +76 33/11/8/5/13; 
ttag +77 78/74/69/76/66; 
ttag +78 95/94/89/98/90; 
ttag +79 35/18/24/28/19; 
ttag +80 33/11/5/10/8; 
ttag +81 44/25/14/19/19; 
ttag +82 99/99/100/100/98; 
ttag +83 11/[33]/?/?/?; 
ttag +84 45/28/34/25/30; 
ttag +85 98/97/94/98/94; 
ttag +86 87/82/81/82/77; 
ttag +87 90/88/78/87/87; 
ttag +88 45/19/0/8/8; 
ttag +89 40/26/18/32/24; 
ttag +90 52/34/20/38/25; 
ttag +91 95/95/92/90/85; 
ttag +92 80/76/54/77/61; 
ttag +93 68/65/50/65/53; 
ttag +94 29/[4]/?/0/?; 
