tread
'Tree with tags' 
(0 (1 ((2 3 )(4 5 6 7 11 ((8 (9 10 ))((21 (14 ((15 (16 17 ))(18 (19 20 )))))((22 (23 (24 25 )))(26 (27 (28 ((29 (30 31 ))(32 (33 34 )(35 (36 (37 38 39 ))))(47 (44 (45 46 ))))(40 (41 (42 43 )))))))))(12 13 ))))); 
ttag *!; 
ttag +49 ???; 
ttag +50 2; 
ttag +51 3; 
ttag +52 1; 
ttag +53 6; 
ttag +54 2; 
ttag +55 2; 
ttag +56 2; 
ttag +57 2; 
ttag +58 1; 
ttag +59 4; 
ttag +60 7; 
ttag +61 2; 
ttag +62 5; 
ttag +63 1; 
ttag +64 9; 
ttag +65 6; 
ttag +66 3; 
ttag +67 3; 
ttag +68 2; 
ttag +69 4; 
ttag +70 2; 
ttag +71 4; 
ttag +72 4; 
ttag +73 1; 
ttag +74 4; 
ttag +75 2; 
ttag +76 2; 
ttag +77 2; 
ttag +78 3; 
ttag +79 6; 
ttag +80 6; 
ttag +81 1; 
ttag +82 7; 
ttag +83 2; 
ttag +84 5; 
ttag +85 3; 
tread
'Tree with tags' 
(0 (1 ((2 3 )((((4 5 )(7 (6 11 )))(12 13 ))((8 (9 10 ))((21 (14 ((15 (16 17 ))(18 (19 20 )))))((22 (23 (24 25 )))(26 (27 ((28 (((29 (30 31 ))((32 (35 (36 (39 (37 38 )))))(33 34 )))(47 (44 (45 46 )))))(40 (41 (42 43 ))))))))))))); 
ttag *!; 
ttag +0 ////; 
ttag +1 ////; 
ttag +2 ////; 
ttag +3 ////; 
ttag +4 ////; 
ttag +5 ////; 
ttag +6 ////; 
ttag +7 ////; 
ttag +8 ////; 
ttag +9 ////; 
ttag +10 ////; 
ttag +11 ////; 
ttag +12 ////; 
ttag +13 ////; 
ttag +14 ////; 
ttag +15 ////; 
ttag +16 ////; 
ttag +17 ////; 
ttag +18 ////; 
ttag +19 ////; 
ttag +20 ////; 
ttag +21 ////; 
ttag +22 ////; 
ttag +23 ////; 
ttag +24 ////; 
ttag +25 ////; 
ttag +26 ////; 
ttag +27 ////; 
ttag +28 ////; 
ttag +29 ////; 
ttag +30 ////; 
ttag +31 ////; 
ttag +32 ////; 
ttag +33 ////; 
ttag +34 ////; 
ttag +35 ////; 
ttag +36 ////; 
ttag +37 ////; 
ttag +38 ////; 
ttag +39 ////; 
ttag +40 ////; 
ttag +41 ////; 
ttag +42 ////; 
ttag +43 ////; 
ttag +44 ////; 
ttag +45 ////; 
ttag +46 ////; 
ttag +47 ////; 
ttag +48 ////; 
ttag +49 100/100/100/100/100; 
ttag +50 73/56/57/66/53; 
ttag +51 92/90/81/89/82; 
ttag +52 20/1/4/0/4; 
ttag +53 4/[9]/?/?/?; 
ttag +54 2/[11]/?/?/?; 
ttag +55 68/60/44/56/48; 
ttag +56 11/[45]/?/?/?; 
ttag +57 21/2/5/3/7; 
ttag +58 100/100/98/99/97; 
ttag +59 30/18/10/23/9; 
ttag +60 77/64/63/71/59; 
ttag +61 65/60/44/63/44; 
ttag +62 51/43/42/50/37; 
ttag +63 34/8/4/20/?; 
ttag +64 70/66/56/67/60; 
ttag +65 98/97/94/98/97; 
ttag +66 68/60/64/66/50; 
ttag +67 99/99/98/100/98; 
ttag +68 74/64/60/61/73; 
ttag +69 100/100/99/100/98; 
ttag +70 96/94/88/98/90; 
ttag +71 52/39/36/46/30; 
ttag +72 82/75/74/83/75; 
ttag +73 77/72/60/72/62; 
ttag +74 74/61/60/65/57; 
ttag +75 66/51/42/53/39; 
ttag +76 28/4/4/5/11; 
ttag +77 72/57/48/57/42; 
ttag +78 88/86/78/88/83; 
ttag +79 34/10/4/1/3; 
ttag +80 60/40/26/41/34; 
ttag +81 96/93/86/94/85; 
ttag +82 33/[7]/?/?/?; 
ttag +83 71/62/51/64/45; 
ttag +84 78/71/63/64/62; 
ttag +85 87/82/69/82/86; 
ttag +86 94/94/84/95/83; 
ttag +87 37/6/?/1/?; 
ttag +88 99/99/100/98/98; 
ttag +89 99/98/98/99/98; 
ttag +90 74/61/52/55/52; 
ttag +91 99/99/97/99/98; 
ttag +92 80/77/68/77/72; 
ttag +93 96/94/90/98/95; 
ttag +94 85/82/77/88/79; 
