tread
'Tree with tags' 
(0 (1 ((2 3 )(4 (5 ((7 (6 (8 (9 10 ))))((11 (12 13 ))((14 (18 (19 20 )))(((21 (16 (15 17 )))(22 (23 (24 25 ))))(26 (27 (28 (29 (30 31 ))(32 35 (33 34 )(36 (37 38 39 )))((40 (41 (42 43 )))(45 46 (44 47 ))))))))))))))); 
ttag *!; 
ttag +49 ???; 
ttag +50 5; 
ttag +51 5; 
ttag +52 5; 
ttag +53 3; 
ttag +54 1; 
ttag +55 1; 
ttag +56 2; 
ttag +57 12; 
ttag +58 1; 
ttag +59 1; 
ttag +60 2; 
ttag +61 1; 
ttag +62 1; 
ttag +63 3; 
ttag +64 1; 
ttag +65 11; 
ttag +66 1; 
ttag +67 1; 
ttag +68 1; 
ttag +69 3; 
ttag +70 7; 
ttag +71 2; 
ttag +72 11; 
ttag +73 7; 
ttag +74 6; 
ttag +75 1; 
ttag +76 5; 
ttag +77 7; 
ttag +78 5; 
ttag +79 4; 
ttag +80 2; 
ttag +81 2; 
ttag +82 8; 
ttag +83 6; 
ttag +84 1; 
ttag +85 2; 
ttag +86 3; 
ttag +87 1; 
ttag +88 1; 
tread
'Tree with tags' 
(0 (1 ((2 3 )(4 (5 ((7 (6 (8 (9 10 ))))((11 (12 13 ))((14 (18 (19 20 )))(((21 (16 (15 17 )))(22 (23 (24 25 ))))(26 (27 ((28 ((35 (32 ((33 34 )(36 (39 (37 38 ))))))((40 (41 (42 43 )))(45 (46 (44 47 ))))))(29 (30 31 )))))))))))))); 
ttag *!; 
ttag +0 ////; 
ttag +1 ////; 
ttag +2 ////; 
ttag +3 ////; 
ttag +4 ////; 
ttag +5 ////; 
ttag +6 ////; 
ttag +7 ////; 
ttag +8 ////; 
ttag +9 ////; 
ttag +10 ////; 
ttag +11 ////; 
ttag +12 ////; 
ttag +13 ////; 
ttag +14 ////; 
ttag +15 ////; 
ttag +16 ////; 
ttag +17 ////; 
ttag +18 ////; 
ttag +19 ////; 
ttag +20 ////; 
ttag +21 ////; 
ttag +22 ////; 
ttag +23 ////; 
ttag +24 ////; 
ttag +25 ////; 
ttag +26 ////; 
ttag +27 ////; 
ttag +28 ////; 
ttag +29 ////; 
ttag +30 ////; 
ttag +31 ////; 
ttag +32 ////; 
ttag +33 ////; 
ttag +34 ////; 
ttag +35 ////; 
ttag +36 ////; 
ttag +37 ////; 
ttag +38 ////; 
ttag +39 ////; 
ttag +40 ////; 
ttag +41 ////; 
ttag +42 ////; 
ttag +43 ////; 
ttag +44 ////; 
ttag +45 ////; 
ttag +46 ////; 
ttag +47 ////; 
ttag +48 ////; 
ttag +49 100/100/100/100/100; 
ttag +50 89/82/78/83/80; 
ttag +51 95/93/82/92/90; 
ttag +52 93/90/84/91/83; 
ttag +53 63/49/41/45/38; 
ttag +54 8/[46]/?/?/?; 
ttag +55 30/19/19/19/22; 
ttag +56 46/32/26/36/27; 
ttag +57 100/100/98/99/99; 
ttag +58 14/[9]/?/?/?; 
ttag +59 17/[11]/?/?/?; 
ttag +60 40/26/20/27/17; 
ttag +61 20/6/6/7/8; 
ttag +62 24/14/15/9/12; 
ttag +63 31/12/12/22/14; 
ttag +64 42/9/9/19/4; 
ttag +65 99/99/96/99/95; 
ttag +66 10/[18]/?/?/?; 
ttag +67 8/[22]/?/?/?; 
ttag +68 17/[1]/4/3/?; 
ttag +69 84/80/71/82/65; 
ttag +70 99/99/99/100/99; 
ttag +71 63/52/49/56/40; 
ttag +72 100/100/99/100/98; 
ttag +73 98/97/96/98/93; 
ttag +74 76/70/61/78/62; 
ttag +75 30/0/?/?/?; 
ttag +76 12/[31]/?/?/?; 
ttag +77 75/70/58/64/51; 
ttag +78 98/98/97/99/98; 
ttag +79 100/100/100/99/100; 
ttag +80 16/[28]/?/?/?; 
ttag +81 94/94/80/90/79; 
ttag +82 30/2/9/7/4; 
ttag +83 74/65/49/60/50; 
ttag +84 4/[26]/?/?/?; 
ttag +85 76/66/39/60/46; 
ttag +86 41/2/?/1/?; 
ttag +87 100/100/99/100/99; 
ttag +88 98/97/90/99/93; 
ttag +89 34/21/10/18/13; 
ttag +90 80/73/68/82/66; 
ttag +91 78/65/59/79/52; 
ttag +92 34/18/15/14/12; 
ttag +93 20/[18]/?/?/?; 
ttag +94 49/40/27/37/32; 
