tread
'Tree with tags' 
(0 (1 ((2 3 )(4 (5 (((6 7 )(8 (9 10 )))(11 ((12 13 )(21 (14 ((15 (16 17 ))(18 (19 20 ))))(22 (23 (24 25 )))(26 27 (28 44 45 46 47 (29 (30 31 ))(32 35 (33 34 )(36 (37 (38 39 ))))(40 41 (42 43 ))))))))))))); 
ttag *!; 
ttag +49 ???; 
ttag +50 5; 
ttag +51 6; 
ttag +52 4; 
ttag +53 1; 
ttag +54 2; 
ttag +55 2; 
ttag +56 3; 
ttag +57 10; 
ttag +58 4; 
ttag +59 1; 
ttag +60 4; 
ttag +61 3; 
ttag +62 1; 
ttag +63 1; 
ttag +64 6; 
ttag +65 2; 
ttag +66 4; 
ttag +67 7; 
ttag +68 5; 
ttag +69 5; 
ttag +70 9; 
ttag +71 2; 
ttag +72 7; 
ttag +73 3; 
ttag +74 3; 
ttag +75 6; 
ttag +76 3; 
ttag +77 3; 
ttag +78 2; 
ttag +79 2; 
ttag +80 2; 
ttag +81 8; 
ttag +82 3; 
tread
'Tree with tags' 
(0 (1 ((2 3 )(4 (5 (((6 7 )(8 (9 10 )))(11 ((12 13 )(((14 ((15 (16 17 ))(18 (19 20 ))))(26 (27 (28 ((29 (30 31 ))((((32 (35 (36 (37 (38 39 )))))(33 34 ))(41 (40 (42 43 ))))(47 (45 (44 46 )))))))))(21 (22 (23 (24 25 ))))))))))))); 
ttag *!; 
ttag +0 ////; 
ttag +1 ////; 
ttag +2 ////; 
ttag +3 ////; 
ttag +4 ////; 
ttag +5 ////; 
ttag +6 ////; 
ttag +7 ////; 
ttag +8 ////; 
ttag +9 ////; 
ttag +10 ////; 
ttag +11 ////; 
ttag +12 ////; 
ttag +13 ////; 
ttag +14 ////; 
ttag +15 ////; 
ttag +16 ////; 
ttag +17 ////; 
ttag +18 ////; 
ttag +19 ////; 
ttag +20 ////; 
ttag +21 ////; 
ttag +22 ////; 
ttag +23 ////; 
ttag +24 ////; 
ttag +25 ////; 
ttag +26 ////; 
ttag +27 ////; 
ttag +28 ////; 
ttag +29 ////; 
ttag +30 ////; 
ttag +31 ////; 
ttag +32 ////; 
ttag +33 ////; 
ttag +34 ////; 
ttag +35 ////; 
ttag +36 ////; 
ttag +37 ////; 
ttag +38 ////; 
ttag +39 ////; 
ttag +40 ////; 
ttag +41 ////; 
ttag +42 ////; 
ttag +43 ////; 
ttag +44 ////; 
ttag +45 ////; 
ttag +46 ////; 
ttag +47 ////; 
ttag +48 ////; 
ttag +49 100/100/100/100/100; 
ttag +50 98/97/94/97/94; 
ttag +51 100/100/98/100/100; 
ttag +52 85/82/68/83/71; 
ttag +53 44/31/19/38/15; 
ttag +54 70/66/58/69/58; 
ttag +55 51/42/35/55/36; 
ttag +56 60/50/44/62/41; 
ttag +57 100/100/98/100/96; 
ttag +58 96/95/91/96/88; 
ttag +59 38/25/22/32/23; 
ttag +60 92/91/84/90/82; 
ttag +61 64/59/43/71/56; 
ttag +62 31/12/?/13/2; 
ttag +63 15/[3]/?/?/?; 
ttag +64 30/20/0/17/10; 
ttag +65 99/98/92/100/95; 
ttag +66 50/40/26/44/31; 
ttag +67 88/85/78/82/70; 
ttag +68 98/97/98/98/96; 
ttag +69 95/92/91/92/91; 
ttag +70 26/6/?/10/?; 
ttag +71 91/87/84/92/81; 
ttag +72 99/99/99/100/97; 
ttag +73 84/79/74/82/70; 
ttag +74 95/94/88/94/84; 
ttag +75 14/[15]/?/?/?; 
ttag +76 86/84/81/85/75; 
ttag +77 92/90/78/88/82; 
ttag +78 67/56/44/60/54; 
ttag +79 99/99/100/100/97; 
ttag +80 27/6/3/11/?; 
ttag +81 87/82/64/74/68; 
ttag +82 16/[47]/?/?/?; 
ttag +83 26/[4]/?/?/?; 
ttag +84 86/84/74/83/75; 
ttag +85 55/33/33/43/31; 
ttag +86 79/74/71/81/72; 
ttag +87 72/68/60/67/59; 
ttag +88 75/72/66/69/62; 
ttag +89 32/5/?/9/?; 
ttag +90 99/99/97/99/98; 
ttag +91 89/84/66/82/74; 
ttag +92 38/21/29/21/22; 
ttag +93 39/21/27/24/24; 
ttag +94 54/35/48/46/48; 
