tread
'Tree with tags' 
(0 (1 ((2 3 )(4 5 (((6 7 )(8 9 10 ))(11 14 21 (12 13 )(15 (16 17 ))(18 (19 20 ))((22 (23 (24 25 )))(26 (27 (((28 (((32 (33 34 ))(36 (38 (37 39 ))))(35 (40 41 (42 43 )))))(47 (46 (44 45 ))))(29 (30 31 )))))))))))); 
ttag *!; 
ttag +49 ???; 
ttag +50 2; 
ttag +51 5; 
ttag +52 3; 
ttag +53 3; 
ttag +54 3; 
ttag +55 2; 
ttag +56 8; 
ttag +57 4; 
ttag +58 4; 
ttag +59 1; 
ttag +60 4; 
ttag +61 1; 
ttag +62 8; 
ttag +63 3; 
ttag +64 3; 
ttag +65 3; 
ttag +66 4; 
ttag +67 3; 
ttag +68 3; 
ttag +69 1; 
ttag +70 1; 
ttag +71 6; 
ttag +72 6; 
ttag +73 1; 
ttag +74 1; 
ttag +75 1; 
ttag +76 1; 
ttag +77 5; 
ttag +78 1; 
ttag +79 5; 
ttag +80 1; 
ttag +81 7; 
ttag +82 8; 
ttag +83 6; 
ttag +84 2; 
ttag +85 2; 
ttag +86 3; 
tread
'Tree with tags' 
(0 (1 ((2 3 )(4 (5 (((6 7 )(10 (8 9 )))(((21 (11 (12 13 )))(14 ((15 (16 17 ))((22 (23 (24 25 )))(26 (27 (((28 (((32 (33 34 ))(36 (38 (37 39 ))))(35 (41 (40 (42 43 ))))))(47 (46 (44 45 ))))(29 (30 31 )))))))))(18 (19 20 ))))))))); 
ttag *!; 
ttag +0 ////; 
ttag +1 ////; 
ttag +2 ////; 
ttag +3 ////; 
ttag +4 ////; 
ttag +5 ////; 
ttag +6 ////; 
ttag +7 ////; 
ttag +8 ////; 
ttag +9 ////; 
ttag +10 ////; 
ttag +11 ////; 
ttag +12 ////; 
ttag +13 ////; 
ttag +14 ////; 
ttag +15 ////; 
ttag +16 ////; 
ttag +17 ////; 
ttag +18 ////; 
ttag +19 ////; 
ttag +20 ////; 
ttag +21 ////; 
ttag +22 ////; 
ttag +23 ////; 
ttag +24 ////; 
ttag +25 ////; 
ttag +26 ////; 
ttag +27 ////; 
ttag +28 ////; 
ttag +29 ////; 
ttag +30 ////; 
ttag +31 ////; 
ttag +32 ////; 
ttag +33 ////; 
ttag +34 ////; 
ttag +35 ////; 
ttag +36 ////; 
ttag +37 ////; 
ttag +38 ////; 
ttag +39 ////; 
ttag +40 ////; 
ttag +41 ////; 
ttag +42 ////; 
ttag +43 ////; 
ttag +44 ////; 
ttag +45 ////; 
ttag +46 ////; 
ttag +47 ////; 
ttag +48 ////; 
ttag +49 100/100/100/100/100; 
ttag +50 78/72/68/74/62; 
ttag +51 94/92/86/94/81; 
ttag +52 84/77/66/82/70; 
ttag +53 36/11/2/10/5; 
ttag +54 98/98/86/94/89; 
ttag +55 95/94/84/93/85; 
ttag +56 72/66/40/59/42; 
ttag +57 34/1/?/?/6; 
ttag +58 100/100/100/100/99; 
ttag +59 19/2/?/?/?; 
ttag +60 10/[12]/?/?/?; 
ttag +61 3/[23]/?/?/?; 
ttag +62 86/84/65/81/69; 
ttag +63 86/84/67/82/67; 
ttag +64 2/[24]/?/?/?; 
ttag +65 68/62/50/60/52; 
ttag +66 1/[25]/?/?/?; 
ttag +67 95/94/91/98/93; 
ttag +68 56/42/28/50/30; 
ttag +69 100/100/100/100/99; 
ttag +70 50/38/17/46/17; 
ttag +71 71/68/48/68/52; 
ttag +72 86/82/62/80/70; 
ttag +73 81/72/64/76/60; 
ttag +74 62/56/44/60/44; 
ttag +75 44/17/?/24/?; 
ttag +76 9/[30]/?/?/?; 
ttag +77 28/[11]/?/?/?; 
ttag +78 72/70/64/76/57; 
ttag +79 81/76/72/79/66; 
ttag +80 56/26/23/28/22; 
ttag +81 25/4/7/6/0; 
ttag +82 21/0/3/?/?; 
ttag +83 47/30/23/28/19; 
ttag +84 89/88/82/91/88; 
ttag +85 18/[51]/?/?/?; 
ttag +86 82/77/64/79/70; 
ttag +87 40/5/?/?/6; 
ttag +88 98/98/89/96/89; 
ttag +89 27/10/6/12/9; 
ttag +90 98/98/94/98/92; 
ttag +91 97/96/92/96/93; 
ttag +92 70/60/51/61/49; 
ttag +93 75/72/71/73/66; 
ttag +94 82/78/75/82/69; 
