tread
'Tree with tags' 
(0 (1 ((2 3 )(4 (5 (11 ((6 7 (8 (9 10 )))(12 13 (14 ((15 (16 17 ))(18 (19 20 ))))(21 ((22 (23 (24 25 )))(26 27 (28 (((29 (30 31 ))(32 (33 34 )(35 (36 (37 (38 39 ))))))(46 (44 (45 47 (41 (40 (42 43 ))))))))))))))))))); 
ttag *!; 
ttag +49 ???; 
ttag +50 3; 
ttag +51 7; 
ttag +52 8; 
ttag +53 2; 
ttag +54 2; 
ttag +55 1; 
ttag +56 1; 
ttag +57 6; 
ttag +58 2; 
ttag +59 1; 
ttag +60 1; 
ttag +61 3; 
ttag +62 1; 
ttag +63 5; 
ttag +64 6; 
ttag +65 5; 
ttag +66 5; 
ttag +67 2; 
ttag +68 2; 
ttag +69 8; 
ttag +70 9; 
ttag +71 2; 
ttag +72 3; 
ttag +73 6; 
ttag +74 2; 
ttag +75 1; 
ttag +76 4; 
ttag +77 8; 
ttag +78 1; 
ttag +79 1; 
ttag +80 1; 
ttag +81 4; 
ttag +82 1; 
ttag +83 1; 
ttag +84 4; 
ttag +85 1; 
ttag +86 1; 
ttag +87 2; 
ttag +88 6; 
tread
'Tree with tags' 
(0 (1 ((2 3 )(4 (5 (11 ((7 (6 (8 (9 10 ))))((12 (13 (14 ((15 (16 17 ))(18 (19 20 ))))))(21 ((22 (23 (24 25 )))(26 (27 (28 (((29 (30 31 ))(32 ((33 34 )(35 (36 (37 (38 39 )))))))(46 (44 (45 (47 (41 (40 (42 43 ))))))))))))))))))))); 
ttag *!; 
ttag +0 ////; 
ttag +1 ////; 
ttag +2 ////; 
ttag +3 ////; 
ttag +4 ////; 
ttag +5 ////; 
ttag +6 ////; 
ttag +7 ////; 
ttag +8 ////; 
ttag +9 ////; 
ttag +10 ////; 
ttag +11 ////; 
ttag +12 ////; 
ttag +13 ////; 
ttag +14 ////; 
ttag +15 ////; 
ttag +16 ////; 
ttag +17 ////; 
ttag +18 ////; 
ttag +19 ////; 
ttag +20 ////; 
ttag +21 ////; 
ttag +22 ////; 
ttag +23 ////; 
ttag +24 ////; 
ttag +25 ////; 
ttag +26 ////; 
ttag +27 ////; 
ttag +28 ////; 
ttag +29 ////; 
ttag +30 ////; 
ttag +31 ////; 
ttag +32 ////; 
ttag +33 ////; 
ttag +34 ////; 
ttag +35 ////; 
ttag +36 ////; 
ttag +37 ////; 
ttag +38 ////; 
ttag +39 ////; 
ttag +40 ////; 
ttag +41 ////; 
ttag +42 ////; 
ttag +43 ////; 
ttag +44 ////; 
ttag +45 ////; 
ttag +46 ////; 
ttag +47 ////; 
ttag +48 ////; 
ttag +49 100/100/100/100/100; 
ttag +50 79/66/60/69/54; 
ttag +51 99/99/98/98/98; 
ttag +52 99/99/96/98/97; 
ttag +53 61/54/46/59/42; 
ttag +54 19/[18]/?/?/?; 
ttag +55 59/54/53/64/50; 
ttag +56 18/[5]/?/0/?; 
ttag +57 33/26/25/33/26; 
ttag +58 98/98/92/99/92; 
ttag +59 77/69/65/74/67; 
ttag +60 18/[6]/?/?/?; 
ttag +61 45/38/26/38/25; 
ttag +62 6/[18]/?/?/?; 
ttag +63 23/10/3/16/5; 
ttag +64 84/79/66/81/66; 
ttag +65 38/25/17/25/18; 
ttag +66 91/89/80/94/76; 
ttag +67 96/96/96/99/95; 
ttag +68 94/92/84/90/87; 
ttag +69 80/76/61/76/49; 
ttag +70 71/62/40/58/40; 
ttag +71 72/66/46/66/37; 
ttag +72 99/98/98/99/94; 
ttag +73 99/99/96/99/96; 
ttag +74 50/40/22/44/19; 
ttag +75 15/[20]/?/?/?; 
ttag +76 37/29/17/34/16; 
ttag +77 81/78/66/83/70; 
ttag +78 22/[6]/?/1/?; 
ttag +79 29/20/13/23/14; 
ttag +80 91/87/86/84/90; 
ttag +81 99/99/96/98/94; 
ttag +82 52/40/33/45/34; 
ttag +83 37/17/14/24/9; 
ttag +84 71/62/46/60/42; 
ttag +85 49/36/37/43/36; 
ttag +86 97/96/93/97/91; 
ttag +87 64/49/43/46/39; 
ttag +88 57/29/36/26/30; 
ttag +89 53/25/27/41/38; 
ttag +90 3/[48]/?/?/?; 
ttag +91 4/[47]/?/?/?; 
ttag +92 8/[32]/?/?/?; 
ttag +93 26/[2]/?/15/6; 
ttag +94 97/96/93/96/96; 
