tread
'Tree with tags' 
(0 (1 ((2 3 )(4 (11 ((5 ((6 7 )(8 (9 10 ))))((12 13 )((14 (21 ((15 (16 17 ))(18 (19 20 )))))((22 (23 (24 25 )))(26 (27 (28 ((29 (30 31 ))((32 (33 34 )(35 (36 (37 (38 39 )))))((41 (40 (47 (46 (44 45 )))))(42 43 )))))))))))))))); 
ttag *!; 
ttag +49 ???; 
ttag +50 2; 
ttag +51 3; 
ttag +52 6; 
ttag +53 1; 
ttag +54 1; 
ttag +55 1; 
ttag +56 1; 
ttag +57 1; 
ttag +58 11; 
ttag +59 3; 
ttag +60 3; 
ttag +61 1; 
ttag +62 2; 
ttag +63 1; 
ttag +64 6; 
ttag +65 3; 
ttag +66 1; 
ttag +67 1; 
ttag +68 4; 
ttag +69 6; 
ttag +70 4; 
ttag +71 1; 
ttag +72 6; 
ttag +73 1; 
ttag +74 3; 
ttag +75 3; 
ttag +76 3; 
ttag +77 3; 
ttag +78 2; 
ttag +79 4; 
ttag +80 7; 
ttag +81 3; 
ttag +82 1; 
ttag +83 2; 
ttag +84 7; 
ttag +85 4; 
ttag +86 1; 
ttag +87 1; 
ttag +88 2; 
ttag +89 3; 
ttag +90 2; 
ttag +91 1; 
ttag +92 1; 
ttag +93 5; 
tread
'Tree with tags' 
(0 (1 ((2 3 )(4 (11 ((5 ((6 7 )(8 (9 10 ))))((12 13 )((14 (21 ((15 (16 17 ))(18 (19 20 )))))((22 (23 (24 25 )))(26 (27 (28 ((29 (30 31 ))((32 ((33 34 )(35 (36 (37 (38 39 ))))))((41 (40 (47 (46 (44 45 )))))(42 43 )))))))))))))))); 
ttag *!; 
ttag +0 ////; 
ttag +1 ////; 
ttag +2 ////; 
ttag +3 ////; 
ttag +4 ////; 
ttag +5 ////; 
ttag +6 ////; 
ttag +7 ////; 
ttag +8 ////; 
ttag +9 ////; 
ttag +10 ////; 
ttag +11 ////; 
ttag +12 ////; 
ttag +13 ////; 
ttag +14 ////; 
ttag +15 ////; 
ttag +16 ////; 
ttag +17 ////; 
ttag +18 ////; 
ttag +19 ////; 
ttag +20 ////; 
ttag +21 ////; 
ttag +22 ////; 
ttag +23 ////; 
ttag +24 ////; 
ttag +25 ////; 
ttag +26 ////; 
ttag +27 ////; 
ttag +28 ////; 
ttag +29 ////; 
ttag +30 ////; 
ttag +31 ////; 
ttag +32 ////; 
ttag +33 ////; 
ttag +34 ////; 
ttag +35 ////; 
ttag +36 ////; 
ttag +37 ////; 
ttag +38 ////; 
ttag +39 ////; 
ttag +40 ////; 
ttag +41 ////; 
ttag +42 ////; 
ttag +43 ////; 
ttag +44 ////; 
ttag +45 ////; 
ttag +46 ////; 
ttag +47 ////; 
ttag +48 ////; 
ttag +49 100/100/100/100/100; 
ttag +50 78/71/69/76/66; 
ttag +51 65/53/42/68/49; 
ttag +52 94/94/89/96/90; 
ttag +53 14/[2]/?/0/?; 
ttag +54 18/0/?/4/?; 
ttag +55 51/34/25/36/24; 
ttag +56 51/46/46/47/52; 
ttag +57 34/17/8/24/13; 
ttag +58 100/100/99/100/98; 
ttag +59 84/78/61/85/73; 
ttag +60 74/72/64/78/62; 
ttag +61 16/8/3/12/4; 
ttag +62 24/7/6/18/3; 
ttag +63 8/0/2/6/0; 
ttag +64 96/96/92/95/95; 
ttag +65 37/20/22/26/15; 
ttag +66 16/[1]/2/3/?; 
ttag +67 50/23/20/25/10; 
ttag +68 95/94/87/87/88; 
ttag +69 99/99/98/99/99; 
ttag +70 81/79/70/78/65; 
ttag +71 32/14/19/22/11; 
ttag +72 99/99/92/99/93; 
ttag +73 70/48/16/35/37; 
ttag +74 52/35/36/41/29; 
ttag +75 50/33/29/35/25; 
ttag +76 45/28/20/30/15; 
ttag +77 89/88/82/88/81; 
ttag +78 47/30/26/32/24; 
ttag +79 88/86/86/92/79; 
ttag +80 98/97/98/97/96; 
ttag +81 56/38/31/34/26; 
ttag +82 48/31/21/24/15; 
ttag +83 9/[14]/?/?/?; 
ttag +84 61/37/40/49/39; 
ttag +85 98/97/98/99/98; 
ttag +86 98/98/94/98/93; 
ttag +87 63/48/39/49/51; 
ttag +88 22/0/?/4/2; 
ttag +89 26/3/?/4/6; 
ttag +90 55/33/28/38/32; 
ttag +91 88/84/84/88/84; 
ttag +92 28/11/12/15/20; 
ttag +93 37/4/14/10/19; 
ttag +94 76/72/62/75/68; 
