tread
'Tree with tags' 
(0 (1 ((2 3 )((4 5 )((7 (6 (10 (8 9 ))))(11 ((12 13 )((14 ((15 16 17 )(18 (19 20 ))))(21 ((22 (23 (24 25 )))(26 (27 28 (29 (30 31 ))((32 35 (33 34 )(36 (38 (37 39 ))))((41 (40 (42 43 )))(46 (45 (44 47 ))))))))))))))))); 
ttag *!; 
ttag +49 ???; 
ttag +50 5; 
ttag +51 4; 
ttag +52 1; 
ttag +53 3; 
ttag +54 1; 
ttag +55 1; 
ttag +56 3; 
ttag +57 1; 
ttag +58 12; 
ttag +59 1; 
ttag +60 1; 
ttag +61 2; 
ttag +62 1; 
ttag +63 1; 
ttag +64 4; 
ttag +65 4; 
ttag +66 5; 
ttag +67 17; 
ttag +68 1; 
ttag +69 2; 
ttag +70 6; 
ttag +71 9; 
ttag +72 6; 
ttag +73 7; 
ttag +74 6; 
ttag +75 6; 
ttag +76 5; 
ttag +77 6; 
ttag +78 1; 
ttag +79 3; 
ttag +80 4; 
ttag +81 1; 
ttag +82 5; 
ttag +83 1; 
ttag +84 1; 
ttag +85 3; 
ttag +86 11; 
ttag +87 1; 
ttag +88 2; 
ttag +89 1; 
tread
'Tree with tags' 
(0 (1 ((2 3 )((4 5 )((7 (6 (10 (8 9 ))))(11 ((12 13 )((14 ((16 (15 17 ))(18 (19 20 ))))(21 ((22 (23 (24 25 )))(26 ((28 (27 (((32 (35 (36 (38 (37 39 )))))(33 34 ))((41 (40 (42 43 )))(46 (45 (44 47 )))))))(29 (30 31 )))))))))))))); 
ttag *!; 
ttag +0 ////; 
ttag +1 ////; 
ttag +2 ////; 
ttag +3 ////; 
ttag +4 ////; 
ttag +5 ////; 
ttag +6 ////; 
ttag +7 ////; 
ttag +8 ////; 
ttag +9 ////; 
ttag +10 ////; 
ttag +11 ////; 
ttag +12 ////; 
ttag +13 ////; 
ttag +14 ////; 
ttag +15 ////; 
ttag +16 ////; 
ttag +17 ////; 
ttag +18 ////; 
ttag +19 ////; 
ttag +20 ////; 
ttag +21 ////; 
ttag +22 ////; 
ttag +23 ////; 
ttag +24 ////; 
ttag +25 ////; 
ttag +26 ////; 
ttag +27 ////; 
ttag +28 ////; 
ttag +29 ////; 
ttag +30 ////; 
ttag +31 ////; 
ttag +32 ////; 
ttag +33 ////; 
ttag +34 ////; 
ttag +35 ////; 
ttag +36 ////; 
ttag +37 ////; 
ttag +38 ////; 
ttag +39 ////; 
ttag +40 ////; 
ttag +41 ////; 
ttag +42 ////; 
ttag +43 ////; 
ttag +44 ////; 
ttag +45 ////; 
ttag +46 ////; 
ttag +47 ////; 
ttag +48 ////; 
ttag +49 100/100/100/100/100; 
ttag +50 93/91/83/92/82; 
ttag +51 96/96/86/93/90; 
ttag +52 41/13/6/3/6; 
ttag +53 82/76/64/84/69; 
ttag +54 29/12/?/9/1; 
ttag +55 28/14/?/23/5; 
ttag +56 59/44/34/60/37; 
ttag +57 60/42/34/41/34; 
ttag +58 100/100/99/99/98; 
ttag +59 35/21/16/20/9; 
ttag +60 50/35/28/34/38; 
ttag +61 60/54/44/52/49; 
ttag +62 22/10/?/12/0; 
ttag +63 37/34/22/40/37; 
ttag +64 40/22/15/20/8; 
ttag +65 95/94/78/92/84; 
ttag +66 52/46/29/56/34; 
ttag +67 84/79/68/88/67; 
ttag +68 100/100/100/100/100; 
ttag +69 22/10/6/9/1; 
ttag +70 43/28/16/27/10; 
ttag +71 76/70/52/77/55; 
ttag +72 99/98/97/99/98; 
ttag +73 97/96/91/98/98; 
ttag +74 82/77/66/86/62; 
ttag +75 3/[28]/?/?/?; 
ttag +76 5/[26]/?/?/?; 
ttag +77 75/72/58/82/54; 
ttag +78 90/89/83/92/81; 
ttag +79 94/92/92/94/86; 
ttag +80 57/41/33/32/36; 
ttag +81 96/95/91/98/91; 
ttag +82 25/8/8/6/5; 
ttag +83 88/84/76/87/72; 
ttag +84 16/[17]/?/?/?; 
ttag +85 94/94/86/92/84; 
ttag +86 65/65/59/64/61; 
ttag +87 97/96/84/94/87; 
ttag +88 44/24/18/28/15; 
ttag +89 36/17/10/29/4; 
ttag +90 58/54/40/66/40; 
ttag +91 100/100/98/100/99; 
ttag +92 21/10/12/14/6; 
ttag +93 40/29/24/33/16; 
ttag +94 30/21/16/24/12; 
