tread
'Tree with tags' 
(0 (1 (4 (2 3 )(5 ((7 (6 (8 (9 10 ))))(11 (12 13 ((14 (18 (19 20 )))(21 ((15 (16 17 ))((22 (23 (24 25 )))(26 (27 (((28 (29 (30 31 )))((40 (41 (42 43 )))(46 (44 (45 47 )))))(32 35 (33 34 )(36 (37 (38 39 )))))))))))))))))); 
ttag *!; 
ttag +49 ???; 
ttag +50 5; 
ttag +51 6; 
ttag +52 2; 
ttag +53 1; 
ttag +54 2; 
ttag +55 2; 
ttag +56 9; 
ttag +57 1; 
ttag +58 4; 
ttag +59 1; 
ttag +60 1; 
ttag +61 3; 
ttag +62 8; 
ttag +63 1; 
ttag +64 1; 
ttag +65 1; 
ttag +66 8; 
ttag +67 13; 
ttag +68 4; 
ttag +69 4; 
ttag +70 7; 
ttag +71 7; 
ttag +72 6; 
ttag +73 6; 
ttag +74 1; 
ttag +75 1; 
ttag +76 2; 
ttag +77 4; 
ttag +78 3; 
ttag +79 5; 
ttag +80 2; 
ttag +81 1; 
ttag +82 5; 
ttag +83 2; 
ttag +84 10; 
ttag +85 3; 
ttag +86 5; 
ttag +87 3; 
ttag +88 1; 
ttag +89 3; 
ttag +90 1; 
tread
'Tree with tags' 
(0 (1 ((4 (2 3 ))(5 ((7 (6 (8 (9 10 ))))(11 (13 (12 ((14 (18 (19 20 )))(21 ((15 (16 17 ))((22 (23 (24 25 )))(26 (27 (((28 (29 (30 31 )))((40 (41 (42 43 )))(46 (44 (45 47 )))))((32 (35 (33 34 )))(36 (37 (38 39 ))))))))))))))))))); 
ttag *!; 
ttag +0 ////; 
ttag +1 ////; 
ttag +2 ////; 
ttag +3 ////; 
ttag +4 ////; 
ttag +5 ////; 
ttag +6 ////; 
ttag +7 ////; 
ttag +8 ////; 
ttag +9 ////; 
ttag +10 ////; 
ttag +11 ////; 
ttag +12 ////; 
ttag +13 ////; 
ttag +14 ////; 
ttag +15 ////; 
ttag +16 ////; 
ttag +17 ////; 
ttag +18 ////; 
ttag +19 ////; 
ttag +20 ////; 
ttag +21 ////; 
ttag +22 ////; 
ttag +23 ////; 
ttag +24 ////; 
ttag +25 ////; 
ttag +26 ////; 
ttag +27 ////; 
ttag +28 ////; 
ttag +29 ////; 
ttag +30 ////; 
ttag +31 ////; 
ttag +32 ////; 
ttag +33 ////; 
ttag +34 ////; 
ttag +35 ////; 
ttag +36 ////; 
ttag +37 ////; 
ttag +38 ////; 
ttag +39 ////; 
ttag +40 ////; 
ttag +41 ////; 
ttag +42 ////; 
ttag +43 ////; 
ttag +44 ////; 
ttag +45 ////; 
ttag +46 ////; 
ttag +47 ////; 
ttag +48 ////; 
ttag +49 100/100/100/100/100; 
ttag +50 99/99/95/95/94; 
ttag +51 37/[10]/?/?/?; 
ttag +52 95/94/86/93/81; 
ttag +53 48/34/22/39/29; 
ttag +54 42/17/?/24/?; 
ttag +55 65/51/37/55/42; 
ttag +56 48/34/25/41/32; 
ttag +57 99/99/96/99/97; 
ttag +58 70/54/50/54/44; 
ttag +59 69/62/46/61/50; 
ttag +60 18/4/5/3/?; 
ttag +61 40/33/24/29/13; 
ttag +62 30/20/9/24/12; 
ttag +63 52/45/30/39/33; 
ttag +64 99/99/98/99/98; 
ttag +65 12/[16]/?/?/?; 
ttag +66 30/12/10/13/9; 
ttag +67 47/30/26/35/23; 
ttag +68 98/98/96/99/94; 
ttag +69 100/100/100/100/100; 
ttag +70 89/85/84/85/78; 
ttag +71 89/86/70/84/73; 
ttag +72 100/100/97/99/99; 
ttag +73 100/100/97/99/95; 
ttag +74 92/91/82/92/81; 
ttag +75 95/94/80/94/82; 
ttag +76 44/21/10/16/6; 
ttag +77 22/[1]/?/?/?; 
ttag +78 77/74/56/68/61; 
ttag +79 87/85/78/89/77; 
ttag +80 78/68/59/81/60; 
ttag +81 12/[16]/?/?/?; 
ttag +82 95/94/90/93/89; 
ttag +83 73/64/54/62/52; 
ttag +84 29/0/?/1/0; 
ttag +85 70/63/52/71/63; 
ttag +86 97/97/96/98/95; 
ttag +87 81/78/70/68/69; 
ttag +88 100/100/96/100/95; 
ttag +89 72/68/56/71/65; 
ttag +90 87/79/76/84/65; 
ttag +91 77/70/60/81/68; 
ttag +92 22/0/?/5/?; 
ttag +93 55/34/22/38/17; 
ttag +94 23/[4]/?/7/?; 
