tread
'Tree with tags' 
(0 (1 ((2 3 )(4 5 11 ((6 7 )((12 13 )((14 ((15 16 17 )(18 (19 20 ))))(21 ((22 (23 (24 25 )))(26 (27 (28 (((29 (30 31 ))(44 45 46 47 ((40 41 )(42 43 ))))(32 35 36 (33 34 )(37 38 39 )))))))))))(8 9 10 ))))); 
ttag *!; 
ttag +49 ???; 
ttag +50 2; 
ttag +51 3; 
ttag +52 6; 
ttag +53 1; 
ttag +54 1; 
ttag +55 13; 
ttag +56 1; 
ttag +57 2; 
ttag +58 1; 
ttag +59 4; 
ttag +60 6; 
ttag +61 1; 
ttag +62 6; 
ttag +63 7; 
ttag +64 2; 
ttag +65 4; 
ttag +66 2; 
ttag +67 3; 
ttag +68 5; 
ttag +69 3; 
ttag +70 2; 
ttag +71 3; 
ttag +72 1; 
ttag +73 1; 
ttag +74 4; 
ttag +75 6; 
ttag +76 6; 
ttag +77 6; 
ttag +78 6; 
ttag +79 2; 
ttag +80 5; 
ttag +81 3; 
ttag +82 8; 
tread
'Tree with tags' 
(0 (1 ((2 3 )(4 (5 (((6 7 )((12 13 )((14 ((15 (16 17 ))(18 (19 20 ))))(21 ((22 (23 (24 25 )))(26 (27 (28 (((29 (30 31 ))(47 (45 (44 (46 ((40 41 )(42 43 )))))))(32 ((33 34 )(35 (36 (38 (37 39 )))))))))))))))(11 (8 (9 10 ))))))))); 
ttag *!; 
ttag +0 ////; 
ttag +1 ////; 
ttag +2 ////; 
ttag +3 ////; 
ttag +4 ////; 
ttag +5 ////; 
ttag +6 ////; 
ttag +7 ////; 
ttag +8 ////; 
ttag +9 ////; 
ttag +10 ////; 
ttag +11 ////; 
ttag +12 ////; 
ttag +13 ////; 
ttag +14 ////; 
ttag +15 ////; 
ttag +16 ////; 
ttag +17 ////; 
ttag +18 ////; 
ttag +19 ////; 
ttag +20 ////; 
ttag +21 ////; 
ttag +22 ////; 
ttag +23 ////; 
ttag +24 ////; 
ttag +25 ////; 
ttag +26 ////; 
ttag +27 ////; 
ttag +28 ////; 
ttag +29 ////; 
ttag +30 ////; 
ttag +31 ////; 
ttag +32 ////; 
ttag +33 ////; 
ttag +34 ////; 
ttag +35 ////; 
ttag +36 ////; 
ttag +37 ////; 
ttag +38 ////; 
ttag +39 ////; 
ttag +40 ////; 
ttag +41 ////; 
ttag +42 ////; 
ttag +43 ////; 
ttag +44 ////; 
ttag +45 ////; 
ttag +46 ////; 
ttag +47 ////; 
ttag +48 ////; 
ttag +49 100/100/100/100/100; 
ttag +50 77/66/42/66/46; 
ttag +51 90/87/76/91/75; 
ttag +52 97/96/90/98/93; 
ttag +53 42/16/6/8/24; 
ttag +54 63/47/44/50/44; 
ttag +55 20/4/0/10/6; 
ttag +56 29/9/?/?/3; 
ttag +57 100/100/100/100/99; 
ttag +58 10/[10]/?/?/?; 
ttag +59 54/32/32/34/31; 
ttag +60 58/41/27/46/29; 
ttag +61 63/54/42/60/50; 
ttag +62 42/30/25/25/24; 
ttag +63 83/82/66/81/63; 
ttag +64 96/94/85/96/93; 
ttag +65 63/48/44/48/35; 
ttag +66 29/[19]/?/?/?; 
ttag +67 96/94/88/97/92; 
ttag +68 100/100/99/99/98; 
ttag +69 38/26/12/28/12; 
ttag +70 84/82/70/79/70; 
ttag +71 36/23/11/28/8; 
ttag +72 77/71/57/70/70; 
ttag +73 88/80/67/80/76; 
ttag +74 38/26/19/31/18; 
ttag +75 46/30/10/43/18; 
ttag +76 52/40/25/44/28; 
ttag +77 55/49/48/56/49; 
ttag +78 50/38/27/42/26; 
ttag +79 83/80/64/75/62; 
ttag +80 98/98/96/100/95; 
ttag +81 90/88/78/91/77; 
ttag +82 97/96/90/97/88; 
ttag +83 19/[8]/?/?/?; 
ttag +84 51/23/33/15/32; 
ttag +85 53/18/21/15/21; 
ttag +86 32/9/8/1/5; 
ttag +87 97/96/94/97/94; 
ttag +88 69/56/59/60/54; 
ttag +89 92/88/75/83/78; 
ttag +90 23/2/?/?/?; 
ttag +91 17/[8]/?/?/?; 
ttag +92 24/[1]/?/?/?; 
ttag +93 81/78/59/75/61; 
ttag +94 100/100/100/100/98; 
