tread
'Tree with tags' 
(0 (1 (4 (2 3 )(5 6 7 11 (8 (9 10 ))(12 13 14 21 (15 (16 17 ))(18 (19 20 ))((22 (23 (24 25 )))(26 (27 (28 ((29 (30 31 ))((32 (33 34 )(35 (36 (37 38 39 ))))((40 (41 (42 43 )))(44 45 46 47 ))))))))))))); 
ttag *!; 
ttag +49 ???; 
ttag +50 1; 
ttag +51 6; 
ttag +52 4; 
ttag +53 3; 
ttag +54 5; 
ttag +55 2; 
ttag +56 5; 
ttag +57 3; 
ttag +58 2; 
ttag +59 10; 
ttag +60 2; 
ttag +61 8; 
ttag +62 4; 
ttag +63 8; 
ttag +64 4; 
ttag +65 1; 
ttag +66 3; 
ttag +67 2; 
ttag +68 1; 
ttag +69 2; 
ttag +70 3; 
ttag +71 1; 
ttag +72 3; 
ttag +73 2; 
ttag +74 1; 
ttag +75 10; 
ttag +76 8; 
ttag +77 2; 
ttag +78 2; 
ttag +79 4; 
ttag +80 2; 
tread
'Tree with tags' 
(0 (1 (4 ((2 3 )(5 ((11 ((6 7 )(8 (9 10 ))))((((12 13 )(21 ((22 (23 (24 25 )))(26 (27 (28 ((29 (30 31 ))(((32 (35 (36 (37 (38 39 )))))(33 34 ))((40 (41 (42 43 )))(45 (44 (46 47 ))))))))))))(14 (18 (19 20 ))))(15 (16 17 ))))))))); 
ttag *!; 
ttag +0 ////; 
ttag +1 ////; 
ttag +2 ////; 
ttag +3 ////; 
ttag +4 ////; 
ttag +5 ////; 
ttag +6 ////; 
ttag +7 ////; 
ttag +8 ////; 
ttag +9 ////; 
ttag +10 ////; 
ttag +11 ////; 
ttag +12 ////; 
ttag +13 ////; 
ttag +14 ////; 
ttag +15 ////; 
ttag +16 ////; 
ttag +17 ////; 
ttag +18 ////; 
ttag +19 ////; 
ttag +20 ////; 
ttag +21 ////; 
ttag +22 ////; 
ttag +23 ////; 
ttag +24 ////; 
ttag +25 ////; 
ttag +26 ////; 
ttag +27 ////; 
ttag +28 ////; 
ttag +29 ////; 
ttag +30 ////; 
ttag +31 ////; 
ttag +32 ////; 
ttag +33 ////; 
ttag +34 ////; 
ttag +35 ////; 
ttag +36 ////; 
ttag +37 ////; 
ttag +38 ////; 
ttag +39 ////; 
ttag +40 ////; 
ttag +41 ////; 
ttag +42 ////; 
ttag +43 ////; 
ttag +44 ////; 
ttag +45 ////; 
ttag +46 ////; 
ttag +47 ////; 
ttag +48 ////; 
ttag +49 100/100/100/100/100; 
ttag +50 77/62/49/64/69; 
ttag +51 32/3/?/3/0; 
ttag +52 97/96/92/98/87; 
ttag +53 72/65/50/68/46; 
ttag +54 43/30/18/16/16; 
ttag +55 46/34/22/26/25; 
ttag +56 10/[10]/?/?/?; 
ttag +57 14/3/0/10/0; 
ttag +58 98/97/96/95/92; 
ttag +59 98/98/98/98/96; 
ttag +60 32/13/7/11/11; 
ttag +61 4/[26]/?/?/?; 
ttag +62 2/[54]/?/?/?; 
ttag +63 71/66/54/68/44; 
ttag +64 51/30/19/22/19; 
ttag +65 94/93/85/94/92; 
ttag +66 97/97/92/94/92; 
ttag +67 88/85/72/87/76; 
ttag +68 100/100/100/100/100; 
ttag +69 46/38/26/40/29; 
ttag +70 82/78/64/83/65; 
ttag +71 98/98/93/98/96; 
ttag +72 94/92/80/89/77; 
ttag +73 98/98/96/98/92; 
ttag +74 86/85/74/88/72; 
ttag +75 62/45/35/52/37; 
ttag +76 84/82/66/79/63; 
ttag +77 75/70/58/65/56; 
ttag +78 65/53/40/53/44; 
ttag +79 80/77/65/78/67; 
ttag +80 32/15/14/17/24; 
ttag +81 60/56/45/52/46; 
ttag +82 19/[9]/?/?/?; 
ttag +83 78/69/56/71/53; 
ttag +84 83/80/69/74/60; 
ttag +85 58/44/33/40/21; 
ttag +86 99/99/98/100/98; 
ttag +87 18/[12]/?/?/?; 
ttag +88 96/95/88/97/91; 
ttag +89 52/40/27/48/31; 
ttag +90 58/26/5/38/20; 
ttag +91 73/64/57/71/58; 
ttag +92 12/[17]/?/?/?; 
ttag +93 70/59/53/60/56; 
ttag +94 16/[12]/?/?/?; 
