tread
'Tree with tags' 
(0 (1 ((2 3 )(4 (5 (11 12 13 14 ((6 7 )(8 (9 10 )))(15 (16 17 ))(18 (19 20 ))(21 22 26 27 (23 24 25 )(28 (29 (30 31 ))(((32 (35 (36 (37 (38 39 )))))(33 34 ))((40 41 )(42 43 )))(44 45 46 47 ))))))))); 
ttag *!; 
ttag +49 ???; 
ttag +50 1; 
ttag +51 3; 
ttag +52 6; 
ttag +53 3; 
ttag +54 1; 
ttag +55 2; 
ttag +56 1; 
ttag +57 11; 
ttag +58 4; 
ttag +59 3; 
ttag +60 2; 
ttag +61 3; 
ttag +62 5; 
ttag +63 1; 
ttag +64 4; 
ttag +65 2; 
ttag +66 1; 
ttag +67 6; 
ttag +68 2; 
ttag +69 4; 
ttag +70 2; 
ttag +71 2; 
ttag +72 3; 
ttag +73 2; 
ttag +74 6; 
ttag +75 1; 
ttag +76 2; 
ttag +77 8; 
ttag +78 2; 
ttag +79 5; 
tread
'Tree with tags' 
(0 (1 ((2 3 )(4 (5 (11 (((6 7 )(8 (9 10 )))(12 (13 (((14 (21 ((22 (25 (23 24 )))(26 (27 (28 (((29 (30 31 ))(46 (45 (44 47 ))))(((32 (35 (36 (37 (38 39 )))))(33 34 ))((40 41 )(42 43 ))))))))))(18 (19 20 )))(15 (16 17 )))))))))))); 
ttag *!; 
ttag +0 ////; 
ttag +1 ////; 
ttag +2 ////; 
ttag +3 ////; 
ttag +4 ////; 
ttag +5 ////; 
ttag +6 ////; 
ttag +7 ////; 
ttag +8 ////; 
ttag +9 ////; 
ttag +10 ////; 
ttag +11 ////; 
ttag +12 ////; 
ttag +13 ////; 
ttag +14 ////; 
ttag +15 ////; 
ttag +16 ////; 
ttag +17 ////; 
ttag +18 ////; 
ttag +19 ////; 
ttag +20 ////; 
ttag +21 ////; 
ttag +22 ////; 
ttag +23 ////; 
ttag +24 ////; 
ttag +25 ////; 
ttag +26 ////; 
ttag +27 ////; 
ttag +28 ////; 
ttag +29 ////; 
ttag +30 ////; 
ttag +31 ////; 
ttag +32 ////; 
ttag +33 ////; 
ttag +34 ////; 
ttag +35 ////; 
ttag +36 ////; 
ttag +37 ////; 
ttag +38 ////; 
ttag +39 ////; 
ttag +40 ////; 
ttag +41 ////; 
ttag +42 ////; 
ttag +43 ////; 
ttag +44 ////; 
ttag +45 ////; 
ttag +46 ////; 
ttag +47 ////; 
ttag +48 ////; 
ttag +49 100/100/100/100/100; 
ttag +50 77/71/56/74/60; 
ttag +51 84/76/81/85/77; 
ttag +52 98/97/91/97/92; 
ttag +53 77/74/60/79/56; 
ttag +54 88/86/75/81/77; 
ttag +55 64/57/42/60/41; 
ttag +56 18/6/2/13/?; 
ttag +57 50/42/31/50/32; 
ttag +58 100/100/100/100/99; 
ttag +59 93/90/80/93/79; 
ttag +60 14/2/2/3/?; 
ttag +61 8/[27]/?/?/?; 
ttag +62 12/[23]/?/?/?; 
ttag +63 1/[41]/?/?/?; 
ttag +64 16/8/?/4/3; 
ttag +65 89/84/75/85/74; 
ttag +66 69/56/37/50/39; 
ttag +67 90/89/84/93/88; 
ttag +68 99/99/96/100/98; 
ttag +69 47/40/28/42/26; 
ttag +70 42/2/15/7/6; 
ttag +71 55/46/24/46/28; 
ttag +72 47/5/?/5/?; 
ttag +73 99/99/97/98/98; 
ttag +74 37/30/28/37/27; 
ttag +75 33/16/5/15/6; 
ttag +76 74/70/54/73/56; 
ttag +77 66/47/49/56/47; 
ttag +78 4/[18]/?/?/?; 
ttag +79 20/2/?/4/?; 
ttag +80 96/96/90/98/92; 
ttag +81 58/51/31/47/35; 
ttag +82 88/86/71/87/77; 
ttag +83 38/20/7/26/20; 
ttag +84 56/36/26/48/23; 
ttag +85 79/74/59/78/63; 
ttag +86 67/61/47/59/55; 
ttag +87 99/99/90/98/95; 
ttag +88 67/53/40/51/42; 
ttag +89 63/40/36/42/29; 
ttag +90 99/98/96/98/96; 
ttag +91 83/74/70/81/82; 
ttag +92 39/14/16/2/8; 
ttag +93 25/0/8/?/?; 
ttag +94 89/87/74/90/80; 
