tread
'Tree with tags' 
(0 (1 ((2 3 )(6 (4 (7 ((5 (12 13 ))(11 ((8 (9 10 ))((14 (21 ((22 (23 (24 25 )))(26 (27 28 (29 (30 31 ))((32 (33 34 ))(35 (36 (37 (38 39 )))))((40 (41 (42 43 )))(46 (44 45 47 ))))))))((15 (16 17 ))(18 (19 20 ))))))))))))); 
ttag *!; 
ttag +49 ???; 
ttag +50 7; 
ttag +51 2; 
ttag +52 1; 
ttag +53 8; 
ttag +54 2; 
ttag +55 2; 
ttag +56 2; 
ttag +57 5; 
ttag +58 1; 
ttag +59 1; 
ttag +60 4; 
ttag +61 2; 
ttag +62 2; 
ttag +63 3; 
ttag +64 6; 
ttag +65 1; 
ttag +66 2; 
ttag +67 3; 
ttag +68 7; 
ttag +69 1; 
ttag +70 5; 
ttag +71 5; 
ttag +72 3; 
ttag +73 6; 
ttag +74 1; 
ttag +75 3; 
ttag +76 3; 
ttag +77 6; 
ttag +78 2; 
ttag +79 7; 
ttag +80 1; 
ttag +81 3; 
ttag +82 6; 
ttag +83 6; 
ttag +84 2; 
ttag +85 4; 
ttag +86 1; 
ttag +87 3; 
ttag +88 11; 
ttag +89 2; 
ttag +90 4; 
tread
'Tree with tags' 
(0 (1 ((2 3 )(6 (4 (7 ((5 (12 13 ))(11 ((8 (9 10 ))((14 (21 ((22 (23 (24 25 )))(26 (27 (((28 ((32 (33 34 ))(35 (36 (37 (38 39 ))))))(29 (30 31 )))((40 (41 (42 43 )))(46 (47 (44 45 ))))))))))((15 (16 17 ))(18 (19 20 ))))))))))))); 
ttag *!; 
ttag +0 ////; 
ttag +1 ////; 
ttag +2 ////; 
ttag +3 ////; 
ttag +4 ////; 
ttag +5 ////; 
ttag +6 ////; 
ttag +7 ////; 
ttag +8 ////; 
ttag +9 ////; 
ttag +10 ////; 
ttag +11 ////; 
ttag +12 ////; 
ttag +13 ////; 
ttag +14 ////; 
ttag +15 ////; 
ttag +16 ////; 
ttag +17 ////; 
ttag +18 ////; 
ttag +19 ////; 
ttag +20 ////; 
ttag +21 ////; 
ttag +22 ////; 
ttag +23 ////; 
ttag +24 ////; 
ttag +25 ////; 
ttag +26 ////; 
ttag +27 ////; 
ttag +28 ////; 
ttag +29 ////; 
ttag +30 ////; 
ttag +31 ////; 
ttag +32 ////; 
ttag +33 ////; 
ttag +34 ////; 
ttag +35 ////; 
ttag +36 ////; 
ttag +37 ////; 
ttag +38 ////; 
ttag +39 ////; 
ttag +40 ////; 
ttag +41 ////; 
ttag +42 ////; 
ttag +43 ////; 
ttag +44 ////; 
ttag +45 ////; 
ttag +46 ////; 
ttag +47 ////; 
ttag +48 ////; 
ttag +49 100/100/100/100/100; 
ttag +50 98/98/96/98/94; 
ttag +51 81/72/72/68/65; 
ttag +52 32/18/11/19/7; 
ttag +53 97/96/93/97/95; 
ttag +54 25/13/13/18/9; 
ttag +55 10/[2]/?/1/?; 
ttag +56 15/3/4/8/3; 
ttag +57 93/92/85/96/89; 
ttag +58 9/[5]/?/?/?; 
ttag +59 3/[11]/?/?/?; 
ttag +60 68/59/51/70/60; 
ttag +61 52/43/30/45/28; 
ttag +62 40/29/15/26/13; 
ttag +63 70/62/54/61/61; 
ttag +64 99/99/94/98/96; 
ttag +65 56/45/36/46/35; 
ttag +66 58/46/40/45/38; 
ttag +67 83/79/70/83/67; 
ttag +68 94/92/92/97/92; 
ttag +69 29/11/3/14/2; 
ttag +70 92/90/84/96/86; 
ttag +71 90/88/80/94/84; 
ttag +72 97/97/94/98/96; 
ttag +73 98/97/94/98/96; 
ttag +74 59/40/33/44/32; 
ttag +75 76/68/62/71/64; 
ttag +76 13/[11]/?/?/?; 
ttag +77 18/[4]/?/?/?; 
ttag +78 37/14/20/8/14; 
ttag +79 89/85/77/90/84; 
ttag +80 98/96/93/98/97; 
ttag +81 69/58/33/55/44; 
ttag +82 93/92/80/91/80; 
ttag +83 47/33/35/38/24; 
ttag +84 96/95/93/96/90; 
ttag +85 98/97/93/99/96; 
ttag +86 99/99/98/99/96; 
ttag +87 66/52/49/58/41; 
ttag +88 83/80/73/78/63; 
ttag +89 44/34/29/33/22; 
ttag +90 81/78/68/70/52; 
ttag +91 100/100/99/100/100; 
ttag +92 31/11/6/7/3; 
ttag +93 74/69/52/60/64; 
ttag +94 92/89/80/93/87; 
