tread
'Tree with tags' 
(0 (1 ((2 3 )(4 (5 (11 (6 (7 (8 (9 10 )))(14 (12 (13 ((15 (16 17 ))(18 (19 20 )))))(21 ((22 (23 (24 25 )))((26 27 )(28 (29 (30 31 ))(((32 (35 (36 (37 38 39 ))))(33 34 ))((40 (41 (42 43 )))(44 45 (46 47 )))))))))))))))); 
ttag *!; 
ttag +49 ???; 
ttag +50 9; 
ttag +51 8; 
ttag +52 12; 
ttag +53 4; 
ttag +54 1; 
ttag +55 2; 
ttag +56 1; 
ttag +57 7; 
ttag +58 1; 
ttag +59 1; 
ttag +60 1; 
ttag +61 1; 
ttag +62 7; 
ttag +63 2; 
ttag +64 2; 
ttag +65 4; 
ttag +66 9; 
ttag +67 3; 
ttag +68 3; 
ttag +69 5; 
ttag +70 4; 
ttag +71 10; 
ttag +72 4; 
ttag +73 4; 
ttag +74 2; 
ttag +75 4; 
ttag +76 4; 
ttag +77 1; 
ttag +78 9; 
ttag +79 2; 
ttag +80 3; 
ttag +81 5; 
ttag +82 3; 
ttag +83 8; 
ttag +84 3; 
ttag +85 1; 
ttag +86 3; 
ttag +87 7; 
ttag +88 3; 
ttag +89 1; 
tread
'Tree with tags' 
(0 (1 ((2 3 )(4 (5 (11 ((6 (7 (8 (9 10 ))))((14 (12 (13 ((15 (16 17 ))(18 (19 20 ))))))(21 ((22 (23 (24 25 )))((26 27 )((28 (((32 (35 (36 (39 (37 38 )))))(33 34 ))((40 (41 (42 43 )))(44 (45 (46 47 ))))))(29 (30 31 )))))))))))))); 
ttag *!; 
ttag +0 ////; 
ttag +1 ////; 
ttag +2 ////; 
ttag +3 ////; 
ttag +4 ////; 
ttag +5 ////; 
ttag +6 ////; 
ttag +7 ////; 
ttag +8 ////; 
ttag +9 ////; 
ttag +10 ////; 
ttag +11 ////; 
ttag +12 ////; 
ttag +13 ////; 
ttag +14 ////; 
ttag +15 ////; 
ttag +16 ////; 
ttag +17 ////; 
ttag +18 ////; 
ttag +19 ////; 
ttag +20 ////; 
ttag +21 ////; 
ttag +22 ////; 
ttag +23 ////; 
ttag +24 ////; 
ttag +25 ////; 
ttag +26 ////; 
ttag +27 ////; 
ttag +28 ////; 
ttag +29 ////; 
ttag +30 ////; 
ttag +31 ////; 
ttag +32 ////; 
ttag +33 ////; 
ttag +34 ////; 
ttag +35 ////; 
ttag +36 ////; 
ttag +37 ////; 
ttag +38 ////; 
ttag +39 ////; 
ttag +40 ////; 
ttag +41 ////; 
ttag +42 ////; 
ttag +43 ////; 
ttag +44 ////; 
ttag +45 ////; 
ttag +46 ////; 
ttag +47 ////; 
ttag +48 ////; 
ttag +49 100/100/100/100/100; 
ttag +50 100/100/100/100/100; 
ttag +51 98/98/99/99/97; 
ttag +52 99/99/96/99/96; 
ttag +53 74/64/62/76/58; 
ttag +54 27/21/18/17/14; 
ttag +55 31/19/13/31/15; 
ttag +56 68/58/52/66/44; 
ttag +57 20/11/9/12/15; 
ttag +58 98/98/90/96/91; 
ttag +59 42/11/12/27/14; 
ttag +60 16/4/4/5/0; 
ttag +61 9/[1]/5/?/1; 
ttag +62 38/32/30/38/27; 
ttag +63 20/[2]/?/1/?; 
ttag +64 99/98/94/96/96; 
ttag +65 56/47/44/49/37; 
ttag +66 72/61/47/59/47; 
ttag +67 82/73/61/81/62; 
ttag +68 100/100/99/100/99; 
ttag +69 58/49/44/54/38; 
ttag +70 62/53/47/58/43; 
ttag +71 74/65/62/66/51; 
ttag +72 92/91/90/90/85; 
ttag +73 100/100/99/100/99; 
ttag +74 87/86/78/88/74; 
ttag +75 76/71/60/66/61; 
ttag +76 26/12/14/12/1; 
ttag +77 43/30/16/35/25; 
ttag +78 97/96/86/93/91; 
ttag +79 86/78/78/85/79; 
ttag +80 59/42/48/51/52; 
ttag +81 98/98/98/98/98; 
ttag +82 49/37/34/33/29; 
ttag +83 79/74/72/70/75; 
ttag +84 87/81/85/92/87; 
ttag +85 87/81/68/82/74; 
ttag +86 8/8/10/4/6; 
ttag +87 99/99/98/100/99; 
ttag +88 71/61/54/60/47; 
ttag +89 40/20/14/14/15; 
ttag +90 68/58/59/62/62; 
ttag +91 99/99/98/100/99; 
ttag +92 90/88/83/90/84; 
ttag +93 25/[16]/?/?/?; 
ttag +94 56/50/42/52/46; 
