tread
'Tree with tags' 
(0 (1 ((2 3 )(4 ((5 (7 (6 (8 (9 10 )))))((12 (11 13 ))(21 ((14 ((18 (19 20 ))(26 (27 (28 ((29 (30 31 ))(32 ((33 34 )(35 (36 (37 (38 39 ))))))(40 (41 (42 43 )))(44 45 46 47 )))))))((15 (16 17 ))(22 (23 (24 25 )))))))))))); 
ttag *!; 
ttag +49 ???; 
ttag +50 6; 
ttag +51 4; 
ttag +52 5; 
ttag +53 2; 
ttag +54 2; 
ttag +55 1; 
ttag +56 2; 
ttag +57 10; 
ttag +58 2; 
ttag +59 1; 
ttag +60 1; 
ttag +61 4; 
ttag +62 1; 
ttag +63 1; 
ttag +64 1; 
ttag +65 4; 
ttag +66 1; 
ttag +67 5; 
ttag +68 2; 
ttag +69 1; 
ttag +70 6; 
ttag +71 8; 
ttag +72 7; 
ttag +73 8; 
ttag +74 7; 
ttag +75 1; 
ttag +76 5; 
ttag +77 4; 
ttag +78 2; 
ttag +79 4; 
ttag +80 6; 
ttag +81 3; 
ttag +82 3; 
ttag +83 3; 
ttag +84 2; 
ttag +85 6; 
ttag +86 3; 
ttag +87 2; 
ttag +88 4; 
ttag +89 5; 
ttag +90 2; 
tread
'Tree with tags' 
(0 (1 ((2 3 )(4 ((5 (7 (6 (8 (9 10 )))))((12 (11 13 ))(21 ((14 ((18 (19 20 ))(26 (27 (28 ((29 (30 31 ))((32 ((33 34 )(35 (36 (37 (38 39 ))))))((40 (41 (42 43 )))(44 (47 (45 46 )))))))))))((15 (16 17 ))(22 (23 (24 25 )))))))))))); 
ttag *!; 
ttag +0 ////; 
ttag +1 ////; 
ttag +2 ////; 
ttag +3 ////; 
ttag +4 ////; 
ttag +5 ////; 
ttag +6 ////; 
ttag +7 ////; 
ttag +8 ////; 
ttag +9 ////; 
ttag +10 ////; 
ttag +11 ////; 
ttag +12 ////; 
ttag +13 ////; 
ttag +14 ////; 
ttag +15 ////; 
ttag +16 ////; 
ttag +17 ////; 
ttag +18 ////; 
ttag +19 ////; 
ttag +20 ////; 
ttag +21 ////; 
ttag +22 ////; 
ttag +23 ////; 
ttag +24 ////; 
ttag +25 ////; 
ttag +26 ////; 
ttag +27 ////; 
ttag +28 ////; 
ttag +29 ////; 
ttag +30 ////; 
ttag +31 ////; 
ttag +32 ////; 
ttag +33 ////; 
ttag +34 ////; 
ttag +35 ////; 
ttag +36 ////; 
ttag +37 ////; 
ttag +38 ////; 
ttag +39 ////; 
ttag +40 ////; 
ttag +41 ////; 
ttag +42 ////; 
ttag +43 ////; 
ttag +44 ////; 
ttag +45 ////; 
ttag +46 ////; 
ttag +47 ////; 
ttag +48 ////; 
ttag +49 100/100/100/100/100; 
ttag +50 98/97/93/99/96; 
ttag +51 97/96/86/95/86; 
ttag +52 89/86/81/88/83; 
ttag +53 25/2/10/6/12; 
ttag +54 30/8/19/21/21; 
ttag +55 37/15/20/20/14; 
ttag +56 38/16/23/21/16; 
ttag +57 100/100/100/100/100; 
ttag +58 78/73/62/79/66; 
ttag +59 6/[21]/?/?/?; 
ttag +60 2/[24]/?/?/?; 
ttag +61 61/56/47/65/45; 
ttag +62 12/[16]/?/?/?; 
ttag +63 25/17/13/20/8; 
ttag +64 10/[4]/1/2/?; 
ttag +65 97/97/88/92/92; 
ttag +66 16/[11]/?/?/?; 
ttag +67 96/95/95/95/92; 
ttag +68 75/69/62/67/61; 
ttag +69 19/[4]/?/6/?; 
ttag +70 100/100/98/99/99; 
ttag +71 96/95/96/100/94; 
ttag +72 98/98/94/99/95; 
ttag +73 98/98/96/100/98; 
ttag +74 97/96/92/97/91; 
ttag +75 59/40/36/48/27; 
ttag +76 95/95/92/94/86; 
ttag +77 82/73/68/82/69; 
ttag +78 84/83/78/83/80; 
ttag +79 98/98/96/98/97; 
ttag +80 98/98/98/99/96; 
ttag +81 46/24/10/14/7; 
ttag +82 80/69/61/74/62; 
ttag +83 78/74/61/76/66; 
ttag +84 64/54/36/60/34; 
ttag +85 70/63/52/77/53; 
ttag +86 96/95/87/95/90; 
ttag +87 80/78/56/84/66; 
ttag +88 88/87/76/86/78; 
ttag +89 35/2/?/1/7; 
ttag +90 99/99/95/98/92; 
ttag +91 99/99/99/99/100; 
ttag +92 72/69/56/67/58; 
ttag +93 24/1/?/?/3; 
ttag +94 19/[16]/?/?/?; 
