tread
'Tree with tags' 
(0 (1 (2 3 (4 (5 6 7 11 14 (8 (9 10 ))(12 13 )((15 (16 17 ))(18 (19 20 )))(21 (22 (23 (24 25 )))(26 (27 (28 (((29 (30 31 ))(40 (41 (42 43 ))))(((32 (35 (36 (38 (37 39 )))))(33 34 ))(46 (47 (44 45 )))))))))))))); 
ttag *!; 
ttag +49 ???; 
ttag +50 5; 
ttag +51 7; 
ttag +52 1; 
ttag +53 6; 
ttag +54 3; 
ttag +55 1; 
ttag +56 5; 
ttag +57 1; 
ttag +58 3; 
ttag +59 4; 
ttag +60 8; 
ttag +61 2; 
ttag +62 4; 
ttag +63 7; 
ttag +64 7; 
ttag +65 7; 
ttag +66 2; 
ttag +67 5; 
ttag +68 8; 
ttag +69 1; 
ttag +70 2; 
ttag +71 6; 
ttag +72 1; 
ttag +73 6; 
ttag +74 1; 
ttag +75 4; 
ttag +76 2; 
ttag +77 1; 
ttag +78 1; 
ttag +79 6; 
ttag +80 3; 
ttag +81 3; 
ttag +82 9; 
ttag +83 2; 
ttag +84 1; 
ttag +85 6; 
tread
'Tree with tags' 
(0 (1 (2 (3 (4 (((5 11 )((6 7 )(8 (9 10 ))))(((12 13 )(14 ((15 (16 17 ))(18 (19 20 )))))(21 ((22 (23 (24 25 )))(26 (27 (28 (((29 (30 31 ))(40 (41 (42 43 ))))(((32 (35 (36 (38 (37 39 )))))(33 34 ))(46 (47 (44 45 ))))))))))))))))); 
ttag *!; 
ttag +0 ////; 
ttag +1 ////; 
ttag +2 ////; 
ttag +3 ////; 
ttag +4 ////; 
ttag +5 ////; 
ttag +6 ////; 
ttag +7 ////; 
ttag +8 ////; 
ttag +9 ////; 
ttag +10 ////; 
ttag +11 ////; 
ttag +12 ////; 
ttag +13 ////; 
ttag +14 ////; 
ttag +15 ////; 
ttag +16 ////; 
ttag +17 ////; 
ttag +18 ////; 
ttag +19 ////; 
ttag +20 ////; 
ttag +21 ////; 
ttag +22 ////; 
ttag +23 ////; 
ttag +24 ////; 
ttag +25 ////; 
ttag +26 ////; 
ttag +27 ////; 
ttag +28 ////; 
ttag +29 ////; 
ttag +30 ////; 
ttag +31 ////; 
ttag +32 ////; 
ttag +33 ////; 
ttag +34 ////; 
ttag +35 ////; 
ttag +36 ////; 
ttag +37 ////; 
ttag +38 ////; 
ttag +39 ////; 
ttag +40 ////; 
ttag +41 ////; 
ttag +42 ////; 
ttag +43 ////; 
ttag +44 ////; 
ttag +45 ////; 
ttag +46 ////; 
ttag +47 ////; 
ttag +48 ////; 
ttag +49 100/100/100/100/100; 
ttag +50 96/95/91/97/90; 
ttag +51 31/[25]/?/?/?; 
ttag +52 96/96/90/90/89; 
ttag +53 13/0/?/0/1; 
ttag +54 32/19/10/25/9; 
ttag +55 53/38/28/33/24; 
ttag +56 31/19/19/21/11; 
ttag +57 11/[7]/?/?/?; 
ttag +58 94/92/83/94/91; 
ttag +59 88/85/75/82/82; 
ttag +60 58/47/38/52/41; 
ttag +61 2/[12]/?/?/?; 
ttag +62 18/4/?/5/?; 
ttag +63 10/[4]/?/?/?; 
ttag +64 96/96/94/96/92; 
ttag +65 49/34/26/32/28; 
ttag +66 96/95/92/94/93; 
ttag +67 90/84/85/93/82; 
ttag +68 100/100/99/100/100; 
ttag +69 61/56/37/49/38; 
ttag +70 94/93/87/97/92; 
ttag +71 38/21/14/20/20; 
ttag +72 100/100/98/98/97; 
ttag +73 100/100/98/99/99; 
ttag +74 92/88/79/91/82; 
ttag +75 72/64/38/67/44; 
ttag +76 90/86/71/86/70; 
ttag +77 99/98/94/97/93; 
ttag +78 18/[15]/?/?/?; 
ttag +79 60/50/39/54/40; 
ttag +80 98/98/98/100/99; 
ttag +81 31/[1]/?/?/7; 
ttag +82 90/88/74/90/75; 
ttag +83 13/[20]/?/?/?; 
ttag +84 80/78/60/78/66; 
ttag +85 65/56/48/59/54; 
ttag +86 34/2/?/8/4; 
ttag +87 41/7/10/17/8; 
ttag +88 94/93/92/95/93; 
ttag +89 66/56/40/60/41; 
ttag +90 85/83/77/84/83; 
ttag +91 100/100/99/100/100; 
ttag +92 71/65/54/64/57; 
ttag +93 53/32/33/41/40; 
ttag +94 94/93/82/95/85; 
