tread
'Tree with tags' 
(0 (1 ((2 3 )(4 (5 (((6 7 )(8 (9 10 )))((((11 (15 (16 17 )))(18 (19 20 )))(12 13 ))(14 21 ((22 (23 (24 25 )))(26 (27 (28 (((29 (30 31 ))(34 (33 (32 (35 (36 (37 (38 39 ))))))))((40 (41 (42 43 )))(47 (45 (44 46 ))))))))))))))))); 
ttag *!; 
ttag +49 ???; 
ttag +50 6; 
ttag +51 6; 
ttag +52 11; 
ttag +53 3; 
ttag +54 1; 
ttag +55 4; 
ttag +56 2; 
ttag +57 8; 
ttag +58 4; 
ttag +59 1; 
ttag +60 1; 
ttag +61 1; 
ttag +62 3; 
ttag +63 1; 
ttag +64 1; 
ttag +65 2; 
ttag +66 1; 
ttag +67 7; 
ttag +68 10; 
ttag +69 2; 
ttag +70 2; 
ttag +71 5; 
ttag +72 5; 
ttag +73 5; 
ttag +74 2; 
ttag +75 3; 
ttag +76 8; 
ttag +77 2; 
ttag +78 2; 
ttag +79 1; 
ttag +80 1; 
ttag +81 1; 
ttag +82 2; 
ttag +83 1; 
ttag +84 1; 
ttag +85 2; 
ttag +86 1; 
ttag +87 4; 
ttag +88 2; 
ttag +89 2; 
ttag +90 7; 
ttag +91 1; 
ttag +92 1; 
ttag +93 4; 
tread
'Tree with tags' 
(0 (1 ((2 3 )(4 (5 (((6 7 )(8 (9 10 )))((((11 (15 (16 17 )))(18 (19 20 )))(12 13 ))(21 (14 ((22 (23 (24 25 )))(26 (27 (28 (((29 (30 31 ))(34 (33 (32 (35 (36 (37 (38 39 ))))))))((40 (41 (42 43 )))(47 (45 (44 46 )))))))))))))))))); 
ttag *!; 
ttag +0 ////; 
ttag +1 ////; 
ttag +2 ////; 
ttag +3 ////; 
ttag +4 ////; 
ttag +5 ////; 
ttag +6 ////; 
ttag +7 ////; 
ttag +8 ////; 
ttag +9 ////; 
ttag +10 ////; 
ttag +11 ////; 
ttag +12 ////; 
ttag +13 ////; 
ttag +14 ////; 
ttag +15 ////; 
ttag +16 ////; 
ttag +17 ////; 
ttag +18 ////; 
ttag +19 ////; 
ttag +20 ////; 
ttag +21 ////; 
ttag +22 ////; 
ttag +23 ////; 
ttag +24 ////; 
ttag +25 ////; 
ttag +26 ////; 
ttag +27 ////; 
ttag +28 ////; 
ttag +29 ////; 
ttag +30 ////; 
ttag +31 ////; 
ttag +32 ////; 
ttag +33 ////; 
ttag +34 ////; 
ttag +35 ////; 
ttag +36 ////; 
ttag +37 ////; 
ttag +38 ////; 
ttag +39 ////; 
ttag +40 ////; 
ttag +41 ////; 
ttag +42 ////; 
ttag +43 ////; 
ttag +44 ////; 
ttag +45 ////; 
ttag +46 ////; 
ttag +47 ////; 
ttag +48 ////; 
ttag +49 100/100/100/100/100; 
ttag +50 87/81/80/85/78; 
ttag +51 98/98/96/98/97; 
ttag +52 100/100/98/100/99; 
ttag +53 71/62/56/66/52; 
ttag +54 61/48/51/65/50; 
ttag +55 87/83/73/83/73; 
ttag +56 57/48/39/57/44; 
ttag +57 100/100/98/99/100; 
ttag +58 98/98/92/96/92; 
ttag +59 18/[2]/?/?/?; 
ttag +60 11/[1]/?/4/?; 
ttag +61 4/[14]/?/?/?; 
ttag +62 54/50/46/60/46; 
ttag +63 38/19/8/22/12; 
ttag +64 18/[1]/?/6/?; 
ttag +65 21/2/?/?/?; 
ttag +66 66/57/39/55/48; 
ttag +67 35/[2]/?/?/?; 
ttag +68 97/96/90/98/90; 
ttag +69 100/100/99/99/100; 
ttag +70 53/34/31/39/28; 
ttag +71 62/58/48/64/47; 
ttag +72 85/78/72/86/75; 
ttag +73 88/82/82/87/81; 
ttag +74 93/91/89/94/88; 
ttag +75 56/47/31/50/38; 
ttag +76 56/47/43/52/40; 
ttag +77 97/97/94/98/96; 
ttag +78 59/32/23/42/18; 
ttag +79 58/48/40/52/41; 
ttag +80 65/44/49/40/41; 
ttag +81 29/4/2/10/3; 
ttag +82 18/[22]/?/?/?; 
ttag +83 60/50/38/42/47; 
ttag +84 35/18/17/24/10; 
ttag +85 38/18/21/23/15; 
ttag +86 67/59/52/63/50; 
ttag +87 50/42/30/39/20; 
ttag +88 84/82/70/85/66; 
ttag +89 54/44/33/36/28; 
ttag +90 45/25/22/17/19; 
ttag +91 99/99/98/100/99; 
ttag +92 33/11/4/1/?; 
ttag +93 25/4/?/?/?; 
ttag +94 76/72/60/76/66; 
