tread
'Tree with tags' 
(0 (1 (2 3 )(4 5 ((6 (7 (8 (9 10 ))))(11 (13 (12 (14 (((15 (16 17 ))(18 (19 20 )))(21 ((22 (23 (24 25 )))(26 (27 (28 ((29 (30 31 ))((32 (33 34 )(35 (36 (37 (38 39 )))))((40 (41 (42 43 )))(44 47 (45 46 ))))))))))))))))))); 
ttag *!; 
ttag +49 ???; 
ttag +50 4; 
ttag +51 4; 
ttag +52 2; 
ttag +53 1; 
ttag +54 1; 
ttag +55 14; 
ttag +56 5; 
ttag +57 4; 
ttag +58 3; 
ttag +59 1; 
ttag +60 1; 
ttag +61 6; 
ttag +62 1; 
ttag +63 1; 
ttag +64 1; 
ttag +65 5; 
ttag +66 8; 
ttag +67 2; 
ttag +68 2; 
ttag +69 3; 
ttag +70 8; 
ttag +71 6; 
ttag +72 3; 
ttag +73 3; 
ttag +74 3; 
ttag +75 2; 
ttag +76 2; 
ttag +77 4; 
ttag +78 5; 
ttag +79 2; 
ttag +80 1; 
ttag +81 1; 
ttag +82 4; 
ttag +83 4; 
ttag +84 1; 
ttag +85 5; 
ttag +86 1; 
ttag +87 3; 
ttag +88 3; 
ttag +89 1; 
ttag +90 1; 
tread
'Tree with tags' 
(0 (1 ((2 3 )((4 5 )((6 (7 (8 (9 10 ))))(11 (13 (12 (14 (((15 (16 17 ))(18 (19 20 )))(21 ((22 (23 (24 25 )))(26 (27 (28 ((29 (30 31 ))((32 ((33 34 )(35 (36 (37 (38 39 ))))))((40 (41 (42 43 )))(47 (44 (45 46 ))))))))))))))))))))); 
ttag *!; 
ttag +0 ////; 
ttag +1 ////; 
ttag +2 ////; 
ttag +3 ////; 
ttag +4 ////; 
ttag +5 ////; 
ttag +6 ////; 
ttag +7 ////; 
ttag +8 ////; 
ttag +9 ////; 
ttag +10 ////; 
ttag +11 ////; 
ttag +12 ////; 
ttag +13 ////; 
ttag +14 ////; 
ttag +15 ////; 
ttag +16 ////; 
ttag +17 ////; 
ttag +18 ////; 
ttag +19 ////; 
ttag +20 ////; 
ttag +21 ////; 
ttag +22 ////; 
ttag +23 ////; 
ttag +24 ////; 
ttag +25 ////; 
ttag +26 ////; 
ttag +27 ////; 
ttag +28 ////; 
ttag +29 ////; 
ttag +30 ////; 
ttag +31 ////; 
ttag +32 ////; 
ttag +33 ////; 
ttag +34 ////; 
ttag +35 ////; 
ttag +36 ////; 
ttag +37 ////; 
ttag +38 ////; 
ttag +39 ////; 
ttag +40 ////; 
ttag +41 ////; 
ttag +42 ////; 
ttag +43 ////; 
ttag +44 ////; 
ttag +45 ////; 
ttag +46 ////; 
ttag +47 ////; 
ttag +48 ////; 
ttag +49 100/100/100/100/100; 
ttag +50 94/92/84/93/82; 
ttag +51 54/26/22/24/14; 
ttag +52 16/[25]/?/?/?; 
ttag +53 94/92/88/95/91; 
ttag +54 75/70/60/70/53; 
ttag +55 58/46/41/48/46; 
ttag +56 61/56/50/57/48; 
ttag +57 100/100/100/100/100; 
ttag +58 89/82/75/87/80; 
ttag +59 79/76/60/83/65; 
ttag +60 63/45/33/52/26; 
ttag +61 58/41/29/48/32; 
ttag +62 42/26/30/34/34; 
ttag +63 95/94/84/96/88; 
ttag +64 43/24/14/22/12; 
ttag +65 32/25/16/31/9; 
ttag +66 32/8/?/12/2; 
ttag +67 96/96/88/96/86; 
ttag +68 100/100/100/99/100; 
ttag +69 46/32/11/34/16; 
ttag +70 62/37/34/44/32; 
ttag +71 56/42/28/45/27; 
ttag +72 100/100/100/100/99; 
ttag +73 98/97/99/99/97; 
ttag +74 92/91/84/93/82; 
ttag +75 88/85/78/92/80; 
ttag +76 82/78/69/84/67; 
ttag +77 58/52/42/55/44; 
ttag +78 63/55/43/64/48; 
ttag +79 95/94/89/96/89; 
ttag +80 85/83/79/86/73; 
ttag +81 48/39/28/40/29; 
ttag +82 61/41/44/52/48; 
ttag +83 48/22/14/14/3; 
ttag +84 76/68/67/80/72; 
ttag +85 93/93/84/94/88; 
ttag +86 95/94/90/95/92; 
ttag +87 60/43/35/46/44; 
ttag +88 92/91/85/93/86; 
ttag +89 57/46/40/50/44; 
ttag +90 76/72/60/70/56; 
ttag +91 77/69/60/80/66; 
ttag +92 31/6/2/11/11; 
ttag +93 44/32/30/33/28; 
ttag +94 58/49/31/46/38; 
