tread
'Tree with tags' 
(0 ((1 (4 (5 ((6 7 )(8 (9 10 )))(11 ((13 (12 ((15 (16 17 ))(18 (19 20 )))))(14 21 ((22 (23 (24 25 )))((26 27 )(28 32 (29 (30 31 ))(33 34 )(35 (36 (38 (37 39 ))))((40 41 (42 43 ))(45 (44 46 47 ))))))))))))(2 3 ))); 
ttag *!; 
ttag +49 1; 
ttag +50 ???; 
ttag +51 6; 
ttag +52 9; 
ttag +53 3; 
ttag +54 2; 
ttag +55 5; 
ttag +56 10; 
ttag +57 5; 
ttag +58 1; 
ttag +59 2; 
ttag +60 1; 
ttag +61 3; 
ttag +62 1; 
ttag +63 5; 
ttag +64 5; 
ttag +65 5; 
ttag +66 6; 
ttag +67 10; 
ttag +68 7; 
ttag +69 5; 
ttag +70 12; 
ttag +71 6; 
ttag +72 1; 
ttag +73 1; 
ttag +74 3; 
ttag +75 2; 
ttag +76 9; 
ttag +77 2; 
ttag +78 1; 
ttag +79 2; 
ttag +80 1; 
ttag +81 5; 
ttag +82 4; 
ttag +83 3; 
ttag +84 8; 
ttag +85 1; 
ttag +86 7; 
tread
'Tree with tags' 
(0 ((1 (4 ((5 ((6 7 )(8 (9 10 ))))(11 ((13 (12 ((15 (16 17 ))(18 (19 20 )))))(21 (14 ((22 (23 (24 25 )))((26 27 )(28 ((29 (30 31 ))((32 ((33 34 )(35 (36 (38 (37 39 ))))))((41 (40 (42 43 )))(45 (46 (44 47 ))))))))))))))))(2 3 ))); 
ttag *!; 
ttag +0 ////; 
ttag +1 ////; 
ttag +2 ////; 
ttag +3 ////; 
ttag +4 ////; 
ttag +5 ////; 
ttag +6 ////; 
ttag +7 ////; 
ttag +8 ////; 
ttag +9 ////; 
ttag +10 ////; 
ttag +11 ////; 
ttag +12 ////; 
ttag +13 ////; 
ttag +14 ////; 
ttag +15 ////; 
ttag +16 ////; 
ttag +17 ////; 
ttag +18 ////; 
ttag +19 ////; 
ttag +20 ////; 
ttag +21 ////; 
ttag +22 ////; 
ttag +23 ////; 
ttag +24 ////; 
ttag +25 ////; 
ttag +26 ////; 
ttag +27 ////; 
ttag +28 ////; 
ttag +29 ////; 
ttag +30 ////; 
ttag +31 ////; 
ttag +32 ////; 
ttag +33 ////; 
ttag +34 ////; 
ttag +35 ////; 
ttag +36 ////; 
ttag +37 ////; 
ttag +38 ////; 
ttag +39 ////; 
ttag +40 ////; 
ttag +41 ////; 
ttag +42 ////; 
ttag +43 ////; 
ttag +44 ////; 
ttag +45 ////; 
ttag +46 ////; 
ttag +47 ////; 
ttag +48 ////; 
ttag +49 55/38/31/34/19; 
ttag +50 100/100/100/100/100; 
ttag +51 99/99/95/99/96; 
ttag +52 99/98/95/98/94; 
ttag +53 23/10/10/5/9; 
ttag +54 62/46/35/45/26; 
ttag +55 90/89/84/82/76; 
ttag +56 94/94/88/97/89; 
ttag +57 100/100/98/100/99; 
ttag +58 100/100/96/99/97; 
ttag +59 27/11/?/13/?; 
ttag +60 50/36/13/34/20; 
ttag +61 21/6/1/8/?; 
ttag +62 50/36/28/40/22; 
ttag +63 18/[15]/?/?/?; 
ttag +64 39/29/20/29/20; 
ttag +65 98/98/85/97/89; 
ttag +66 74/68/50/70/57; 
ttag +67 93/91/74/88/77; 
ttag +68 97/96/90/97/88; 
ttag +69 100/100/100/100/100; 
ttag +70 98/97/93/97/91; 
ttag +71 95/95/82/94/82; 
ttag +72 100/100/99/100/99; 
ttag +73 98/98/97/98/92; 
ttag +74 78/71/72/76/72; 
ttag +75 67/57/40/52/36; 
ttag +76 89/88/78/86/73; 
ttag +77 58/50/39/51/39; 
ttag +78 13/[24]/?/?/?; 
ttag +79 99/99/98/99/99; 
ttag +80 61/47/40/49/39; 
ttag +81 19/[18]/?/?/?; 
ttag +82 54/44/31/44/33; 
ttag +83 34/20/26/15/23; 
ttag +84 52/39/35/38/34; 
ttag +85 75/66/50/65/58; 
ttag +86 51/31/19/30/23; 
ttag +87 95/94/84/92/82; 
ttag +88 40/10/12/10/8; 
ttag +89 95/94/86/93/90; 
ttag +90 87/86/79/87/73; 
ttag +91 100/100/99/99/98; 
ttag +92 32/0/?/?/?; 
ttag +93 44/33/24/29/23; 
ttag +94 100/100/97/99/96; 
