tread
'Tree with tags' 
(0 (1 ((2 3 )((11 ((4 5 )(6 7 (8 (9 10 )))))(((13 (12 21 ))((22 (26 (27 (28 ((29 (30 31 ))((32 ((33 34 )(35 (36 (37 (38 39 ))))))((40 (41 (42 43 )))(46 (47 (44 45 ))))))))))(23 (24 25 ))))(14 ((17 (15 16 ))(18 (19 20 ))))))))); 
ttag *!; 
ttag +49 ???; 
ttag +50 8; 
ttag +51 5; 
ttag +52 1; 
ttag +53 1; 
ttag +54 1; 
ttag +55 4; 
ttag +56 4; 
ttag +57 9; 
ttag +58 5; 
ttag +59 3; 
ttag +60 1; 
ttag +61 1; 
ttag +62 1; 
ttag +63 2; 
ttag +64 1; 
ttag +65 6; 
ttag +66 3; 
ttag +67 4; 
ttag +68 10; 
ttag +69 1; 
ttag +70 2; 
ttag +71 5; 
ttag +72 2; 
ttag +73 5; 
ttag +74 2; 
ttag +75 2; 
ttag +76 4; 
ttag +77 1; 
ttag +78 5; 
ttag +79 1; 
ttag +80 2; 
ttag +81 4; 
ttag +82 1; 
ttag +83 1; 
ttag +84 3; 
ttag +85 6; 
ttag +86 1; 
ttag +87 5; 
ttag +88 1; 
ttag +89 1; 
ttag +90 4; 
ttag +91 1; 
ttag +92 1; 
ttag +93 1; 
tread
'Tree with tags' 
(0 (1 ((2 3 )((11 ((4 5 )(7 (6 (8 (9 10 ))))))(((13 (12 21 ))((22 (26 (27 (28 ((29 (30 31 ))((32 ((33 34 )(35 (36 (37 (38 39 ))))))((40 (41 (42 43 )))(46 (47 (44 45 ))))))))))(23 (24 25 ))))(14 ((17 (15 16 ))(18 (19 20 ))))))))); 
ttag *!; 
ttag +0 ////; 
ttag +1 ////; 
ttag +2 ////; 
ttag +3 ////; 
ttag +4 ////; 
ttag +5 ////; 
ttag +6 ////; 
ttag +7 ////; 
ttag +8 ////; 
ttag +9 ////; 
ttag +10 ////; 
ttag +11 ////; 
ttag +12 ////; 
ttag +13 ////; 
ttag +14 ////; 
ttag +15 ////; 
ttag +16 ////; 
ttag +17 ////; 
ttag +18 ////; 
ttag +19 ////; 
ttag +20 ////; 
ttag +21 ////; 
ttag +22 ////; 
ttag +23 ////; 
ttag +24 ////; 
ttag +25 ////; 
ttag +26 ////; 
ttag +27 ////; 
ttag +28 ////; 
ttag +29 ////; 
ttag +30 ////; 
ttag +31 ////; 
ttag +32 ////; 
ttag +33 ////; 
ttag +34 ////; 
ttag +35 ////; 
ttag +36 ////; 
ttag +37 ////; 
ttag +38 ////; 
ttag +39 ////; 
ttag +40 ////; 
ttag +41 ////; 
ttag +42 ////; 
ttag +43 ////; 
ttag +44 ////; 
ttag +45 ////; 
ttag +46 ////; 
ttag +47 ////; 
ttag +48 ////; 
ttag +49 100/100/100/100/100; 
ttag +50 100/100/97/98/96; 
ttag +51 91/89/87/95/85; 
ttag +52 6/[14]/?/?/?; 
ttag +53 31/17/6/10/15; 
ttag +54 8/[8]/?/?/?; 
ttag +55 86/82/67/87/62; 
ttag +56 27/[11]/?/?/2; 
ttag +57 88/86/72/88/73; 
ttag +58 99/99/99/100/96; 
ttag +59 99/99/97/99/94; 
ttag +60 30/10/17/17/9; 
ttag +61 24/4/?/7/2; 
ttag +62 5/[10]/?/?/?; 
ttag +63 15/0/?/?/?; 
ttag +64 46/40/20/51/24; 
ttag +65 37/[2]/?/?/?; 
ttag +66 89/88/72/92/73; 
ttag +67 52/46/26/58/32; 
ttag +68 88/86/88/91/88; 
ttag +69 100/100/100/100/100; 
ttag +70 10/[52]/?/?/?; 
ttag +71 25/5/?/3/4; 
ttag +72 88/84/80/88/78; 
ttag +73 45/7/1/4/2; 
ttag +74 71/68/49/77/50; 
ttag +75 31/[2]/?/?/?; 
ttag +76 36/27/9/17/16; 
ttag +77 88/86/66/82/68; 
ttag +78 17/[1]/?/?/?; 
ttag +79 94/92/91/96/90; 
ttag +80 58/41/34/30/38; 
ttag +81 68/64/54/65/55; 
ttag +82 98/98/96/98/96; 
ttag +83 26/[4]/?/?/?; 
ttag +84 66/51/50/47/38; 
ttag +85 85/82/72/82/75; 
ttag +86 97/97/91/97/93; 
ttag +87 56/38/34/43/39; 
ttag +88 90/87/84/90/87; 
ttag +89 31/8/7/3/6; 
ttag +90 40/15/3/10/13; 
ttag +91 88/86/89/95/89; 
ttag +92 49/44/44/43/44; 
ttag +93 41/27/21/29/20; 
ttag +94 40/26/28/32/22; 
