tread
'Tree with tags' 
(0 (1 ((2 3 )(4 6 7 (5 (11 (12 (13 (14 ((15 (16 17 ))(18 (19 20 )))(21 ((22 (23 (24 25 )))(26 (27 ((28 (((32 (35 (36 (37 (38 39 )))))(33 34 ))((40 (41 (42 43 )))(44 45 46 47 ))))(29 (30 31 ))))))))))))(8 (9 10 )))))); 
ttag *!; 
ttag +49 ???; 
ttag +50 7; 
ttag +51 6; 
ttag +52 6; 
ttag +53 2; 
ttag +54 9; 
ttag +55 3; 
ttag +56 3; 
ttag +57 1; 
ttag +58 1; 
ttag +59 1; 
ttag +60 5; 
ttag +61 3; 
ttag +62 2; 
ttag +63 7; 
ttag +64 11; 
ttag +65 1; 
ttag +66 5; 
ttag +67 3; 
ttag +68 8; 
ttag +69 4; 
ttag +70 2; 
ttag +71 2; 
ttag +72 1; 
ttag +73 3; 
ttag +74 2; 
ttag +75 4; 
ttag +76 2; 
ttag +77 6; 
ttag +78 3; 
ttag +79 6; 
ttag +80 4; 
ttag +81 4; 
ttag +82 4; 
ttag +83 5; 
ttag +84 7; 
ttag +85 1; 
ttag +86 2; 
ttag +87 8; 
ttag +88 4; 
tread
'Tree with tags' 
(0 (1 ((2 3 )(4 ((5 (11 (12 (13 (14 (((15 (16 17 ))(18 (19 20 )))(21 ((22 (23 (24 25 )))(26 (27 ((28 (((32 (35 (36 (37 (38 39 )))))(33 34 ))((40 (41 (42 43 )))(46 (47 (44 45 ))))))(29 (30 31 )))))))))))))(7 (6 (8 (9 10 ))))))))); 
ttag *!; 
ttag +0 ////; 
ttag +1 ////; 
ttag +2 ////; 
ttag +3 ////; 
ttag +4 ////; 
ttag +5 ////; 
ttag +6 ////; 
ttag +7 ////; 
ttag +8 ////; 
ttag +9 ////; 
ttag +10 ////; 
ttag +11 ////; 
ttag +12 ////; 
ttag +13 ////; 
ttag +14 ////; 
ttag +15 ////; 
ttag +16 ////; 
ttag +17 ////; 
ttag +18 ////; 
ttag +19 ////; 
ttag +20 ////; 
ttag +21 ////; 
ttag +22 ////; 
ttag +23 ////; 
ttag +24 ////; 
ttag +25 ////; 
ttag +26 ////; 
ttag +27 ////; 
ttag +28 ////; 
ttag +29 ////; 
ttag +30 ////; 
ttag +31 ////; 
ttag +32 ////; 
ttag +33 ////; 
ttag +34 ////; 
ttag +35 ////; 
ttag +36 ////; 
ttag +37 ////; 
ttag +38 ////; 
ttag +39 ////; 
ttag +40 ////; 
ttag +41 ////; 
ttag +42 ////; 
ttag +43 ////; 
ttag +44 ////; 
ttag +45 ////; 
ttag +46 ////; 
ttag +47 ////; 
ttag +48 ////; 
ttag +49 100/100/100/100/100; 
ttag +50 100/100/100/100/100; 
ttag +51 97/96/88/92/87; 
ttag +52 86/82/70/87/72; 
ttag +53 42/36/19/36/18; 
ttag +54 14/[8]/?/?/?; 
ttag +55 27/4/8/10/8; 
ttag +56 39/16/20/25/22; 
ttag +57 99/99/99/100/97; 
ttag +58 90/88/88/92/89; 
ttag +59 53/48/34/54/30; 
ttag +60 32/20/6/24/7; 
ttag +61 25/13/3/14/3; 
ttag +62 37/32/20/37/28; 
ttag +63 90/88/77/88/79; 
ttag +64 63/56/40/64/47; 
ttag +65 18/10/8/18/12; 
ttag +66 73/68/58/72/53; 
ttag +67 99/99/100/99/96; 
ttag +68 100/100/100/100/100; 
ttag +69 26/14/10/12/13; 
ttag +70 92/89/76/92/78; 
ttag +71 69/63/52/64/58; 
ttag +72 98/96/94/97/93; 
ttag +73 94/92/82/94/84; 
ttag +74 82/78/64/79/70; 
ttag +75 82/79/72/86/78; 
ttag +76 51/36/26/29/19; 
ttag +77 90/90/78/95/84; 
ttag +78 72/61/54/73/70; 
ttag +79 93/90/84/94/88; 
ttag +80 51/35/23/43/16; 
ttag +81 87/84/67/94/69; 
ttag +82 82/78/64/81/68; 
ttag +83 98/98/91/96/92; 
ttag +84 79/76/64/84/56; 
ttag +85 83/80/72/89/63; 
ttag +86 85/82/78/90/74; 
ttag +87 98/98/95/99/91; 
ttag +88 98/97/94/98/95; 
ttag +89 70/62/54/63/58; 
ttag +90 81/77/75/84/74; 
ttag +91 99/99/98/100/99; 
ttag +92 20/[17]/?/?/?; 
ttag +93 30/[10]/?/?/?; 
ttag +94 79/72/57/76/57; 
