tread
'Tree with tags' 
(0 (1 (2 3 6 7 11 (4 5 )(8 (9 10 ))(12 13 (14 (15 (16 17 ))((18 (19 20 ))(21 (22 (((23 (24 25 ))((28 ((29 (30 31 )((40 41 )(42 43 )))(45 (44 (46 47 )))))(((32 (35 36 ))(38 (37 39 )))(33 34 ))))(26 27 )))))))))); 
ttag *!; 
ttag +49 ???; 
ttag +50 6; 
ttag +51 2; 
ttag +52 11; 
ttag +53 2; 
ttag +54 1; 
ttag +55 2; 
ttag +56 9; 
ttag +57 7; 
ttag +58 4; 
ttag +59 2; 
ttag +60 15; 
ttag +61 4; 
ttag +62 6; 
ttag +63 7; 
ttag +64 1; 
ttag +65 1; 
ttag +66 9; 
ttag +67 1; 
ttag +68 1; 
ttag +69 1; 
ttag +70 1; 
ttag +71 1; 
ttag +72 4; 
ttag +73 2; 
ttag +74 1; 
ttag +75 4; 
ttag +76 7; 
ttag +77 4; 
ttag +78 4; 
ttag +79 9; 
ttag +80 3; 
ttag +81 9; 
ttag +82 5; 
ttag +83 1; 
ttag +84 1; 
ttag +85 1; 
tread
'Tree with tags' 
(0 (1 ((6 (7 (((11 (2 3 ))((12 13 )((14 (15 (16 17 )))((18 (19 20 ))(21 (22 (((23 (24 25 ))((28 (((29 (30 31 ))((40 41 )(42 43 )))(45 (44 (46 47 )))))(((32 (35 36 ))(38 (37 39 )))(33 34 ))))(26 27 ))))))))(4 5 ))))(8 (9 10 ))))); 
ttag *!; 
ttag +0 ////; 
ttag +1 ////; 
ttag +2 ////; 
ttag +3 ////; 
ttag +4 ////; 
ttag +5 ////; 
ttag +6 ////; 
ttag +7 ////; 
ttag +8 ////; 
ttag +9 ////; 
ttag +10 ////; 
ttag +11 ////; 
ttag +12 ////; 
ttag +13 ////; 
ttag +14 ////; 
ttag +15 ////; 
ttag +16 ////; 
ttag +17 ////; 
ttag +18 ////; 
ttag +19 ////; 
ttag +20 ////; 
ttag +21 ////; 
ttag +22 ////; 
ttag +23 ////; 
ttag +24 ////; 
ttag +25 ////; 
ttag +26 ////; 
ttag +27 ////; 
ttag +28 ////; 
ttag +29 ////; 
ttag +30 ////; 
ttag +31 ////; 
ttag +32 ////; 
ttag +33 ////; 
ttag +34 ////; 
ttag +35 ////; 
ttag +36 ////; 
ttag +37 ////; 
ttag +38 ////; 
ttag +39 ////; 
ttag +40 ////; 
ttag +41 ////; 
ttag +42 ////; 
ttag +43 ////; 
ttag +44 ////; 
ttag +45 ////; 
ttag +46 ////; 
ttag +47 ////; 
ttag +48 ////; 
ttag +49 100/100/100/100/100; 
ttag +50 47/22/27/27/25; 
ttag +51 10/[59]/?/?/?; 
ttag +52 8/[61]/?/?/?; 
ttag +53 7/[62]/?/?/?; 
ttag +54 4/[66]/?/?/?; 
ttag +55 8/[62]/?/?/?; 
ttag +56 93/90/86/94/78; 
ttag +57 66/56/50/47/49; 
ttag +58 100/100/98/99/98; 
ttag +59 85/79/74/80/77; 
ttag +60 38/19/24/13/12; 
ttag +61 62/55/50/68/55; 
ttag +62 1/[29]/?/?/?; 
ttag +63 64/45/41/55/37; 
ttag +64 99/99/96/99/97; 
ttag +65 99/98/96/99/98; 
ttag +66 85/78/60/83/59; 
ttag +67 71/66/48/64/48; 
ttag +68 100/100/100/100/100; 
ttag +69 74/64/44/66/44; 
ttag +70 94/94/84/93/85; 
ttag +71 98/98/92/99/96; 
ttag +72 8/[20]/?/?/?; 
ttag +73 35/12/16/20/11; 
ttag +74 99/99/99/100/99; 
ttag +75 14/[7]/?/?/?; 
ttag +76 12/6/3/6/5; 
ttag +77 42/30/12/19/17; 
ttag +78 53/32/30/37/30; 
ttag +79 21/5/6/7/6; 
ttag +80 13/[6]/?/?/?; 
ttag +81 96/95/98/97/95; 
ttag +82 45/33/26/36/34; 
ttag +83 45/30/23/32/24; 
ttag +84 82/79/70/83/71; 
ttag +85 92/88/81/92/85; 
ttag +86 62/50/50/52/46; 
ttag +87 71/57/64/67/66; 
ttag +88 99/99/99/100/96; 
ttag +89 81/75/62/82/66; 
ttag +90 99/98/98/99/98; 
ttag +91 93/89/80/90/79; 
ttag +92 12/[27]/?/?/?; 
ttag +93 42/22/18/17/20; 
ttag +94 21/[5]/?/?/?; 
