tread
'Tree with tags' 
(0 (1 (2 3 )(4 5 11 12 13 14 (7 (6 (8 (9 10 ))))((15 (16 17 ))(18 (19 20 )))(21 ((22 (23 (24 25 )))(26 27 (28 (32 ((33 34 )(35 (36 (38 (37 39 ))))))((40 (41 (42 43 )))(47 (46 (44 45 )))))(29 (30 31 )))))))); 
ttag *!; 
ttag +49 ???; 
ttag +50 6; 
ttag +51 6; 
ttag +52 2; 
ttag +53 3; 
ttag +54 8; 
ttag +55 2; 
ttag +56 11; 
ttag +57 4; 
ttag +58 3; 
ttag +59 4; 
ttag +60 6; 
ttag +61 1; 
ttag +62 6; 
ttag +63 2; 
ttag +64 1; 
ttag +65 5; 
ttag +66 2; 
ttag +67 1; 
ttag +68 2; 
ttag +69 11; 
ttag +70 6; 
ttag +71 6; 
ttag +72 5; 
ttag +73 1; 
ttag +74 4; 
ttag +75 1; 
ttag +76 5; 
ttag +77 9; 
ttag +78 3; 
ttag +79 4; 
ttag +80 8; 
ttag +81 1; 
ttag +82 1; 
ttag +83 1; 
tread
'Tree with tags' 
(0 ((1 (2 3 ))(12 (13 ((5 (4 (11 (7 (6 (8 (9 10 )))))))((14 ((15 (16 17 ))(18 (19 20 ))))(21 ((22 (23 (24 25 )))((27 (26 ((28 (32 ((33 34 )(35 (36 (38 (37 39 )))))))((40 (41 (42 43 )))(47 (46 (44 45 )))))))(29 (30 31 ))))))))))); 
ttag *!; 
ttag +0 ////; 
ttag +1 ////; 
ttag +2 ////; 
ttag +3 ////; 
ttag +4 ////; 
ttag +5 ////; 
ttag +6 ////; 
ttag +7 ////; 
ttag +8 ////; 
ttag +9 ////; 
ttag +10 ////; 
ttag +11 ////; 
ttag +12 ////; 
ttag +13 ////; 
ttag +14 ////; 
ttag +15 ////; 
ttag +16 ////; 
ttag +17 ////; 
ttag +18 ////; 
ttag +19 ////; 
ttag +20 ////; 
ttag +21 ////; 
ttag +22 ////; 
ttag +23 ////; 
ttag +24 ////; 
ttag +25 ////; 
ttag +26 ////; 
ttag +27 ////; 
ttag +28 ////; 
ttag +29 ////; 
ttag +30 ////; 
ttag +31 ////; 
ttag +32 ////; 
ttag +33 ////; 
ttag +34 ////; 
ttag +35 ////; 
ttag +36 ////; 
ttag +37 ////; 
ttag +38 ////; 
ttag +39 ////; 
ttag +40 ////; 
ttag +41 ////; 
ttag +42 ////; 
ttag +43 ////; 
ttag +44 ////; 
ttag +45 ////; 
ttag +46 ////; 
ttag +47 ////; 
ttag +48 ////; 
ttag +49 45/6/10/5/23; 
ttag +50 100/100/100/100/100; 
ttag +51 99/98/98/99/99; 
ttag +52 4/[20]/?/?/?; 
ttag +53 24/2/?/4/?; 
ttag +54 20/[2]/0/?/?; 
ttag +55 16/[5]/?/?/?; 
ttag +56 94/93/81/95/83; 
ttag +57 60/42/34/49/29; 
ttag +58 78/74/59/73/60; 
ttag +59 34/12/6/9/?; 
ttag +60 98/98/93/97/96; 
ttag +61 72/62/58/62/44; 
ttag +62 27/10/1/14/8; 
ttag +63 17/4/?/0/?; 
ttag +64 96/93/87/95/87; 
ttag +65 56/39/23/46/38; 
ttag +66 79/72/62/76/61; 
ttag +67 96/95/91/95/91; 
ttag +68 100/100/98/99/98; 
ttag +69 34/17/5/25/19; 
ttag +70 88/85/75/87/84; 
ttag +71 48/38/29/47/39; 
ttag +72 50/14/6/25/21; 
ttag +73 83/72/73/76/70; 
ttag +74 7/[24]/?/?/?; 
ttag +75 10/[21]/?/?/?; 
ttag +76 61/55/38/46/41; 
ttag +77 18/[3]/?/?/?; 
ttag +78 21/6/?/14/2; 
ttag +79 71/68/57/68/56; 
ttag +80 100/100/100/100/99; 
ttag +81 94/94/78/93/88; 
ttag +82 98/98/90/98/94; 
ttag +83 87/84/66/79/65; 
ttag +84 60/40/36/43/32; 
ttag +85 85/79/68/72/57; 
ttag +86 58/48/46/53/40; 
ttag +87 92/89/82/88/79; 
ttag +88 100/100/96/98/96; 
ttag +89 56/48/30/56/36; 
ttag +90 76/61/53/67/53; 
ttag +91 100/100/98/99/98; 
ttag +92 24/6/6/8/6; 
ttag +93 30/12/0/12/8; 
ttag +94 45/24/22/23/11; 
