tread
'Tree with tags' 
(0 (1 ((2 3 )((((4 5 )((11 (18 (19 20 )))(12 13 (21 (14 (15 (16 17 )))((22 (23 (24 25 )))(26 (27 (28 (29 (30 31 ))(32 ((33 34 )(35 (36 (37 (38 39 ))))))(40 41 (42 43 ))(44 45 (46 47 ))))))))))(6 7 ))(8 (9 10 )))))); 
ttag *!; 
ttag +49 ???; 
ttag +50 2; 
ttag +51 4; 
ttag +52 2; 
ttag +53 1; 
ttag +54 2; 
ttag +55 7; 
ttag +56 3; 
ttag +57 6; 
ttag +58 1; 
ttag +59 3; 
ttag +60 3; 
ttag +61 1; 
ttag +62 1; 
ttag +63 1; 
ttag +64 11; 
ttag +65 4; 
ttag +66 8; 
ttag +67 10; 
ttag +68 6; 
ttag +69 4; 
ttag +70 6; 
ttag +71 7; 
ttag +72 3; 
ttag +73 1; 
ttag +74 7; 
ttag +75 4; 
ttag +76 3; 
ttag +77 3; 
ttag +78 4; 
ttag +79 2; 
ttag +80 5; 
ttag +81 7; 
ttag +82 11; 
ttag +83 2; 
ttag +84 3; 
ttag +85 6; 
ttag +86 3; 
ttag +87 1; 
tread
'Tree with tags' 
(0 (1 ((2 3 )((((4 5 )((11 (18 (19 20 )))(13 (12 ((14 (15 (16 17 )))(21 ((22 (23 (24 25 )))(26 (27 (28 ((29 (30 31 ))(((32 ((33 34 )(35 (36 (37 (38 39 ))))))(41 (40 (42 43 ))))((44 45 )(46 47 ))))))))))))))(6 7 ))(8 (9 10 )))))); 
ttag *!; 
ttag +0 ////; 
ttag +1 ////; 
ttag +2 ////; 
ttag +3 ////; 
ttag +4 ////; 
ttag +5 ////; 
ttag +6 ////; 
ttag +7 ////; 
ttag +8 ////; 
ttag +9 ////; 
ttag +10 ////; 
ttag +11 ////; 
ttag +12 ////; 
ttag +13 ////; 
ttag +14 ////; 
ttag +15 ////; 
ttag +16 ////; 
ttag +17 ////; 
ttag +18 ////; 
ttag +19 ////; 
ttag +20 ////; 
ttag +21 ////; 
ttag +22 ////; 
ttag +23 ////; 
ttag +24 ////; 
ttag +25 ////; 
ttag +26 ////; 
ttag +27 ////; 
ttag +28 ////; 
ttag +29 ////; 
ttag +30 ////; 
ttag +31 ////; 
ttag +32 ////; 
ttag +33 ////; 
ttag +34 ////; 
ttag +35 ////; 
ttag +36 ////; 
ttag +37 ////; 
ttag +38 ////; 
ttag +39 ////; 
ttag +40 ////; 
ttag +41 ////; 
ttag +42 ////; 
ttag +43 ////; 
ttag +44 ////; 
ttag +45 ////; 
ttag +46 ////; 
ttag +47 ////; 
ttag +48 ////; 
ttag +49 100/100/100/100/100; 
ttag +50 79/72/64/74/67; 
ttag +51 79/67/64/76/73; 
ttag +52 50/30/18/27/32; 
ttag +53 9/[22]/?/?/?; 
ttag +54 15/[16]/?/?/?; 
ttag +55 85/80/58/85/61; 
ttag +56 83/77/62/71/63; 
ttag +57 96/95/92/95/94; 
ttag +58 38/0/8/1/8; 
ttag +59 26/[5]/?/4/?; 
ttag +60 26/[5]/?/1/?; 
ttag +61 11/[21]/?/?/?; 
ttag +62 21/0/?/6/?; 
ttag +63 45/24/20/35/16; 
ttag +64 15/[5]/?/2/?; 
ttag +65 100/100/98/99/98; 
ttag +66 71/53/46/66/42; 
ttag +67 98/98/94/99/94; 
ttag +68 100/100/100/100/100; 
ttag +69 19/5/9/4/4; 
ttag +70 88/84/82/84/78; 
ttag +71 77/72/59/72/58; 
ttag +72 98/98/92/97/89; 
ttag +73 98/98/98/99/97; 
ttag +74 90/86/74/89/81; 
ttag +75 58/30/8/23/19; 
ttag +76 94/93/84/94/85; 
ttag +77 88/82/74/74/66; 
ttag +78 29/18/8/18/5; 
ttag +79 96/95/91/94/88; 
ttag +80 82/80/54/84/70; 
ttag +81 29/11/10/4/3; 
ttag +82 47/36/34/37/31; 
ttag +83 93/92/74/91/74; 
ttag +84 70/63/37/57/48; 
ttag +85 94/92/81/91/77; 
ttag +86 97/96/87/96/84; 
ttag +87 99/99/98/99/98; 
ttag +88 82/80/66/82/65; 
ttag +89 18/[35]/?/?/?; 
ttag +90 80/72/51/76/59; 
ttag +91 99/98/96/100/96; 
ttag +92 9/[24]/?/?/?; 
ttag +93 88/85/71/84/71; 
ttag +94 69/61/56/60/59; 
