tread
'Tree with tags' 
(0 (1 ((2 3 )(4 (5 ((6 7 (10 (8 9 )))(11 (((12 14 )(21 ((22 (23 (24 25 )))(26 (27 (28 (29 (30 31 ))((32 (33 34 ))(35 (36 (37 38 39 ))))((40 41 (42 43 ))(46 47 (44 45 )))))))))(13 ((15 (16 17 ))(18 (19 20 )))))))))))); 
ttag *!; 
ttag +49 ???; 
ttag +50 5; 
ttag +51 2; 
ttag +52 9; 
ttag +53 1; 
ttag +54 4; 
ttag +55 1; 
ttag +56 1; 
ttag +57 12; 
ttag +58 1; 
ttag +59 1; 
ttag +60 1; 
ttag +61 2; 
ttag +62 1; 
ttag +63 4; 
ttag +64 1; 
ttag +65 5; 
ttag +66 8; 
ttag +67 6; 
ttag +68 1; 
ttag +69 4; 
ttag +70 5; 
ttag +71 4; 
ttag +72 7; 
ttag +73 4; 
ttag +74 3; 
ttag +75 3; 
ttag +76 4; 
ttag +77 3; 
ttag +78 3; 
ttag +79 5; 
ttag +80 2; 
ttag +81 1; 
ttag +82 7; 
ttag +83 6; 
ttag +84 4; 
ttag +85 1; 
ttag +86 8; 
ttag +87 1; 
ttag +88 2; 
tread
'Tree with tags' 
(0 (1 ((2 3 )(4 (5 (((6 7 )(10 (8 9 )))(11 (((12 14 )(21 ((22 (23 (24 25 )))(26 (27 (((28 ((40 (41 (42 43 )))(46 (47 (44 45 )))))((32 (33 34 ))(35 (36 (39 (37 38 ))))))(29 (30 31 ))))))))(13 ((15 (16 17 ))(18 (19 20 )))))))))))); 
ttag *!; 
ttag +0 ////; 
ttag +1 ////; 
ttag +2 ////; 
ttag +3 ////; 
ttag +4 ////; 
ttag +5 ////; 
ttag +6 ////; 
ttag +7 ////; 
ttag +8 ////; 
ttag +9 ////; 
ttag +10 ////; 
ttag +11 ////; 
ttag +12 ////; 
ttag +13 ////; 
ttag +14 ////; 
ttag +15 ////; 
ttag +16 ////; 
ttag +17 ////; 
ttag +18 ////; 
ttag +19 ////; 
ttag +20 ////; 
ttag +21 ////; 
ttag +22 ////; 
ttag +23 ////; 
ttag +24 ////; 
ttag +25 ////; 
ttag +26 ////; 
ttag +27 ////; 
ttag +28 ////; 
ttag +29 ////; 
ttag +30 ////; 
ttag +31 ////; 
ttag +32 ////; 
ttag +33 ////; 
ttag +34 ////; 
ttag +35 ////; 
ttag +36 ////; 
ttag +37 ////; 
ttag +38 ////; 
ttag +39 ////; 
ttag +40 ////; 
ttag +41 ////; 
ttag +42 ////; 
ttag +43 ////; 
ttag +44 ////; 
ttag +45 ////; 
ttag +46 ////; 
ttag +47 ////; 
ttag +48 ////; 
ttag +49 100/100/100/100/100; 
ttag +50 96/96/85/95/93; 
ttag +51 76/64/45/61/54; 
ttag +52 94/92/84/89/83; 
ttag +53 16/[18]/?/?/?; 
ttag +54 34/4/7/1/?; 
ttag +55 77/72/57/70/58; 
ttag +56 17/[8]/?/?/?; 
ttag +57 69/68/59/60/62; 
ttag +58 100/100/100/100/99; 
ttag +59 20/[5]/?/?/?; 
ttag +60 47/37/38/43/33; 
ttag +61 18/0/?/8/2; 
ttag +62 34/8/8/17/16; 
ttag +63 9/[16]/?/?/?; 
ttag +64 96/95/90/94/91; 
ttag +65 28/3/9/14/15; 
ttag +66 96/92/87/96/91; 
ttag +67 100/100/97/99/97; 
ttag +68 100/100/98/100/97; 
ttag +69 25/7/3/12/12; 
ttag +70 84/80/87/86/84; 
ttag +71 91/89/88/95/82; 
ttag +72 96/95/89/97/89; 
ttag +73 99/99/96/99/97; 
ttag +74 90/84/71/84/68; 
ttag +75 78/68/57/71/59; 
ttag +76 17/[9]/?/?/?; 
ttag +77 22/0/2/2/6; 
ttag +78 69/64/59/65/59; 
ttag +79 78/70/64/83/67; 
ttag +80 88/85/85/90/82; 
ttag +81 74/64/60/70/58; 
ttag +82 82/79/70/84/75; 
ttag +83 68/56/46/60/50; 
ttag +84 55/42/35/46/36; 
ttag +85 99/99/95/99/91; 
ttag +86 20/[44]/?/?/?; 
ttag +87 99/98/89/98/92; 
ttag +88 81/78/65/82/68; 
ttag +89 46/39/32/48/33; 
ttag +90 45/18/12/15/20; 
ttag +91 100/100/98/99/99; 
ttag +92 57/50/42/46/48; 
ttag +93 18/0/?/8/?; 
ttag +94 64/55/48/68/51; 
