tread
'Tree with tags' 
(0 (1 ((2 3 )(4 (5 11 (6 7 (8 (9 10 )))((12 13 )((14 (21 ((22 (23 (24 25 )))(26 (27 (28 (((29 (30 31 ))(40 (41 (42 43 )))(46 (44 45 47 )))(32 ((33 34 )(35 (36 (37 (38 39 )))))))))))))((15 (16 17 ))(18 (19 20 )))))))))); 
ttag *!; 
ttag +49 ???; 
ttag +50 5; 
ttag +51 2; 
ttag +52 6; 
ttag +53 2; 
ttag +54 3; 
ttag +55 13; 
ttag +56 1; 
ttag +57 2; 
ttag +58 1; 
ttag +59 2; 
ttag +60 2; 
ttag +61 4; 
ttag +62 4; 
ttag +63 1; 
ttag +64 9; 
ttag +65 13; 
ttag +66 2; 
ttag +67 3; 
ttag +68 6; 
ttag +69 4; 
ttag +70 1; 
ttag +71 3; 
ttag +72 2; 
ttag +73 1; 
ttag +74 5; 
ttag +75 3; 
ttag +76 2; 
ttag +77 2; 
ttag +78 6; 
ttag +79 4; 
ttag +80 1; 
ttag +81 3; 
ttag +82 4; 
ttag +83 5; 
ttag +84 2; 
ttag +85 9; 
ttag +86 2; 
ttag +87 9; 
ttag +88 2; 
ttag +89 5; 
tread
'Tree with tags' 
(0 (1 ((2 3 )(4 ((5 (6 (7 (8 (9 10 )))))(11 ((12 13 )((14 (21 ((22 (23 (24 25 )))(26 (27 (28 ((((29 (30 31 ))(46 (44 (45 47 ))))(40 (41 (42 43 ))))(32 ((33 34 )(35 (36 (37 (38 39 )))))))))))))((15 (16 17 ))(18 (19 20 ))))))))))); 
ttag *!; 
ttag +0 ////; 
ttag +1 ////; 
ttag +2 ////; 
ttag +3 ////; 
ttag +4 ////; 
ttag +5 ////; 
ttag +6 ////; 
ttag +7 ////; 
ttag +8 ////; 
ttag +9 ////; 
ttag +10 ////; 
ttag +11 ////; 
ttag +12 ////; 
ttag +13 ////; 
ttag +14 ////; 
ttag +15 ////; 
ttag +16 ////; 
ttag +17 ////; 
ttag +18 ////; 
ttag +19 ////; 
ttag +20 ////; 
ttag +21 ////; 
ttag +22 ////; 
ttag +23 ////; 
ttag +24 ////; 
ttag +25 ////; 
ttag +26 ////; 
ttag +27 ////; 
ttag +28 ////; 
ttag +29 ////; 
ttag +30 ////; 
ttag +31 ////; 
ttag +32 ////; 
ttag +33 ////; 
ttag +34 ////; 
ttag +35 ////; 
ttag +36 ////; 
ttag +37 ////; 
ttag +38 ////; 
ttag +39 ////; 
ttag +40 ////; 
ttag +41 ////; 
ttag +42 ////; 
ttag +43 ////; 
ttag +44 ////; 
ttag +45 ////; 
ttag +46 ////; 
ttag +47 ////; 
ttag +48 ////; 
ttag +49 100/100/100/100/100; 
ttag +50 97/96/93/94/92; 
ttag +51 80/68/63/73/53; 
ttag +52 97/97/89/97/91; 
ttag +53 33/4/2/1/2; 
ttag +54 55/44/32/45/20; 
ttag +55 82/80/72/82/70; 
ttag +56 17/[18]/?/?/?; 
ttag +57 100/100/100/100/99; 
ttag +58 58/35/18/33/24; 
ttag +59 36/18/23/25/21; 
ttag +60 73/69/55/71/52; 
ttag +61 30/14/10/18/10; 
ttag +62 42/28/27/44/24; 
ttag +63 51/42/33/46/30; 
ttag +64 88/84/78/87/80; 
ttag +65 71/66/64/76/52; 
ttag +66 48/32/21/34/41; 
ttag +67 99/98/97/97/94; 
ttag +68 100/100/100/100/100; 
ttag +69 69/65/43/64/45; 
ttag +70 73/61/49/58/42; 
ttag +71 89/86/80/89/83; 
ttag +72 92/90/80/90/87; 
ttag +73 58/41/31/38/27; 
ttag +74 75/71/60/76/63; 
ttag +75 47/38/33/40/30; 
ttag +76 35/13/?/11/2; 
ttag +77 90/89/82/93/83; 
ttag +78 22/[5]/?/?/?; 
ttag +79 42/32/19/31/10; 
ttag +80 42/36/28/41/22; 
ttag +81 60/37/31/31/36; 
ttag +82 96/94/86/97/88; 
ttag +83 84/78/54/76/64; 
ttag +84 72/66/38/63/48; 
ttag +85 87/84/73/85/71; 
ttag +86 95/95/85/92/87; 
ttag +87 98/97/87/98/93; 
ttag +88 91/91/85/88/84; 
ttag +89 96/95/96/97/93; 
ttag +90 67/57/46/58/49; 
ttag +91 100/100/100/99/100; 
ttag +92 75/63/61/59/54; 
ttag +93 88/86/82/92/77; 
ttag +94 21/0/?/?/?; 
