tread
'Tree with tags' 
(0 (1 ((2 3 )(4 (5 11 12 13 14 (6 (7 (8 (9 10 ))))((15 (16 17 ))(18 (19 20 )))(21 ((22 (23 (24 25 )))(26 27 (28 ((29 (30 31 ))(33 34 (32 (35 (36 (37 (38 39 ))))))(40 (41 (42 43 ))(44 45 46 47 )))))))))))); 
ttag *!; 
ttag +49 ???; 
ttag +50 3; 
ttag +51 5; 
ttag +52 3; 
ttag +53 2; 
ttag +54 1; 
ttag +55 2; 
ttag +56 9; 
ttag +57 2; 
ttag +58 8; 
ttag +59 3; 
ttag +60 4; 
ttag +61 2; 
ttag +62 8; 
ttag +63 2; 
ttag +64 4; 
ttag +65 2; 
ttag +66 10; 
ttag +67 6; 
ttag +68 2; 
ttag +69 2; 
ttag +70 3; 
ttag +71 2; 
ttag +72 2; 
ttag +73 1; 
ttag +74 1; 
ttag +75 4; 
ttag +76 4; 
ttag +77 6; 
ttag +78 2; 
ttag +79 1; 
ttag +80 1; 
ttag +81 6; 
ttag +82 2; 
tread
'Tree with tags' 
(0 (1 ((2 3 )(4 ((5 (6 (7 (8 (9 10 )))))(11 (14 ((12 (13 ((15 (16 17 ))(18 (19 20 )))))(21 ((22 (23 (24 25 )))(26 (27 (28 ((29 (30 31 ))((33 (34 (32 (35 (36 (37 (38 39 )))))))((40 (46 (44 (45 47 ))))(41 (42 43 )))))))))))))))))); 
ttag *!; 
ttag +0 ////; 
ttag +1 ////; 
ttag +2 ////; 
ttag +3 ////; 
ttag +4 ////; 
ttag +5 ////; 
ttag +6 ////; 
ttag +7 ////; 
ttag +8 ////; 
ttag +9 ////; 
ttag +10 ////; 
ttag +11 ////; 
ttag +12 ////; 
ttag +13 ////; 
ttag +14 ////; 
ttag +15 ////; 
ttag +16 ////; 
ttag +17 ////; 
ttag +18 ////; 
ttag +19 ////; 
ttag +20 ////; 
ttag +21 ////; 
ttag +22 ////; 
ttag +23 ////; 
ttag +24 ////; 
ttag +25 ////; 
ttag +26 ////; 
ttag +27 ////; 
ttag +28 ////; 
ttag +29 ////; 
ttag +30 ////; 
ttag +31 ////; 
ttag +32 ////; 
ttag +33 ////; 
ttag +34 ////; 
ttag +35 ////; 
ttag +36 ////; 
ttag +37 ////; 
ttag +38 ////; 
ttag +39 ////; 
ttag +40 ////; 
ttag +41 ////; 
ttag +42 ////; 
ttag +43 ////; 
ttag +44 ////; 
ttag +45 ////; 
ttag +46 ////; 
ttag +47 ////; 
ttag +48 ////; 
ttag +49 100/100/100/100/100; 
ttag +50 91/89/91/91/87; 
ttag +51 96/95/94/96/91; 
ttag +52 86/77/68/78/65; 
ttag +53 21/13/15/13/12; 
ttag +54 52/39/40/40/28; 
ttag +55 66/63/52/66/56; 
ttag +56 75/62/44/66/48; 
ttag +57 100/100/98/100/97; 
ttag +58 72/58/51/68/50; 
ttag +59 26/8/?/?/?; 
ttag +60 19/4/0/8/?; 
ttag +61 8/[6]/?/?/?; 
ttag +62 28/20/10/12/8; 
ttag +63 18/3/?/0/?; 
ttag +64 98/98/92/99/97; 
ttag +65 69/61/36/65/50; 
ttag +66 96/96/89/94/87; 
ttag +67 89/85/72/81/74; 
ttag +68 100/100/99/99/100; 
ttag +69 65/61/43/56/41; 
ttag +70 89/86/66/86/71; 
ttag +71 66/60/44/57/36; 
ttag +72 100/100/96/100/97; 
ttag +73 96/95/86/97/85; 
ttag +74 83/81/68/81/64; 
ttag +75 28/0/?/4/?; 
ttag +76 82/79/61/80/60; 
ttag +77 82/78/64/84/73; 
ttag +78 74/70/54/67/48; 
ttag +79 83/76/76/79/76; 
ttag +80 64/57/44/62/58; 
ttag +81 53/39/36/41/29; 
ttag +82 44/29/22/28/30; 
ttag +83 28/13/6/6/8; 
ttag +84 92/90/87/93/85; 
ttag +85 92/90/86/90/85; 
ttag +86 97/97/94/96/96; 
ttag +87 68/62/53/67/50; 
ttag +88 22/[19]/?/?/?; 
ttag +89 57/52/43/48/38; 
ttag +90 68/62/54/64/48; 
ttag +91 98/98/95/97/96; 
ttag +92 65/52/36/43/42; 
ttag +93 74/71/62/71/54; 
ttag +94 39/13/12/18/6; 
