tread
'Tree with tags' 
(0 (1 (2 3 )(4 (5 7 (6 (8 (9 10 )))(11 ((12 13 )((14 (15 (16 17 )))((18 (19 20 ))(21 ((22 ((26 27 )(28 ((29 (30 31 ))((32 34 (35 (36 (33 (37 38 39 )))))(40 (41 (42 43 )))(44 45 46 47 ))))))(23 (24 25 )))))))))))); 
ttag *!; 
ttag +49 ???; 
ttag +50 6; 
ttag +51 6; 
ttag +52 2; 
ttag +53 1; 
ttag +54 9; 
ttag +55 5; 
ttag +56 2; 
ttag +57 1; 
ttag +58 2; 
ttag +59 1; 
ttag +60 3; 
ttag +61 7; 
ttag +62 8; 
ttag +63 5; 
ttag +64 1; 
ttag +65 11; 
ttag +66 3; 
ttag +67 2; 
ttag +68 6; 
ttag +69 7; 
ttag +70 10; 
ttag +71 2; 
ttag +72 3; 
ttag +73 1; 
ttag +74 6; 
ttag +75 2; 
ttag +76 3; 
ttag +77 2; 
ttag +78 1; 
ttag +79 1; 
ttag +80 1; 
ttag +81 1; 
ttag +82 4; 
ttag +83 6; 
ttag +84 1; 
ttag +85 8; 
ttag +86 1; 
tread
'Tree with tags' 
(0 (1 ((2 3 )(4 ((7 (5 (6 (8 (9 10 )))))(11 ((12 13 )((14 (15 (16 17 )))((18 (19 20 ))(21 ((22 ((26 27 )(28 ((29 (30 31 ))((34 (32 (35 (36 (33 (38 (37 39 )))))))((40 (41 (42 43 )))(45 (44 (46 47 )))))))))(23 (24 25 ))))))))))))); 
ttag *!; 
ttag +0 ////; 
ttag +1 ////; 
ttag +2 ////; 
ttag +3 ////; 
ttag +4 ////; 
ttag +5 ////; 
ttag +6 ////; 
ttag +7 ////; 
ttag +8 ////; 
ttag +9 ////; 
ttag +10 ////; 
ttag +11 ////; 
ttag +12 ////; 
ttag +13 ////; 
ttag +14 ////; 
ttag +15 ////; 
ttag +16 ////; 
ttag +17 ////; 
ttag +18 ////; 
ttag +19 ////; 
ttag +20 ////; 
ttag +21 ////; 
ttag +22 ////; 
ttag +23 ////; 
ttag +24 ////; 
ttag +25 ////; 
ttag +26 ////; 
ttag +27 ////; 
ttag +28 ////; 
ttag +29 ////; 
ttag +30 ////; 
ttag +31 ////; 
ttag +32 ////; 
ttag +33 ////; 
ttag +34 ////; 
ttag +35 ////; 
ttag +36 ////; 
ttag +37 ////; 
ttag +38 ////; 
ttag +39 ////; 
ttag +40 ////; 
ttag +41 ////; 
ttag +42 ////; 
ttag +43 ////; 
ttag +44 ////; 
ttag +45 ////; 
ttag +46 ////; 
ttag +47 ////; 
ttag +48 ////; 
ttag +49 100/100/100/100/100; 
ttag +50 99/99/98/98/96; 
ttag +51 53/22/31/15/26; 
ttag +52 84/80/72/88/82; 
ttag +53 18/[12]/?/?/?; 
ttag +54 21/[8]/1/?/?; 
ttag +55 48/31/23/40/24; 
ttag +56 58/49/39/49/38; 
ttag +57 99/99/98/99/98; 
ttag +58 98/98/94/97/98; 
ttag +59 46/28/9/26/10; 
ttag +60 65/63/58/58/51; 
ttag +61 38/21/10/26/11; 
ttag +62 24/[4]/?/?/?; 
ttag +63 49/32/22/42/22; 
ttag +64 98/98/97/100/96; 
ttag +65 99/99/97/99/96; 
ttag +66 97/96/87/92/88; 
ttag +67 21/[8]/?/?/?; 
ttag +68 100/100/100/100/99; 
ttag +69 35/11/1/20/0; 
ttag +70 47/27/12/35/15; 
ttag +71 93/92/82/89/75; 
ttag +72 99/98/90/96/96; 
ttag +73 100/100/99/100/99; 
ttag +74 62/57/55/56/54; 
ttag +75 68/57/48/65/44; 
ttag +76 43/30/35/48/35; 
ttag +77 98/98/94/97/90; 
ttag +78 59/51/44/61/40; 
ttag +79 89/86/78/87/78; 
ttag +80 20/3/1/1/0; 
ttag +81 65/61/56/64/56; 
ttag +82 40/23/13/35/8; 
ttag +83 18/[18]/?/?/0; 
ttag +84 13/[24]/?/?/?; 
ttag +85 28/13/15/16/19; 
ttag +86 40/[4]/?/?/?; 
ttag +87 89/86/74/87/72; 
ttag +88 99/98/97/98/96; 
ttag +89 5/[16]/?/?/?; 
ttag +90 64/56/52/54/46; 
ttag +91 100/100/98/98/99; 
ttag +92 0/[50]/?/?/?; 
ttag +93 47/39/33/38/40; 
ttag +94 0/[50]/?/?/?; 
