tread
'Tree with tags' 
(0 (1 ((2 3 )(14 21 (12 13 (11 (5 (6 7 (4 (8 (9 10 )))))))(15 (16 17 ))(18 (19 20 ))(22 (23 (24 25 )))(26 (27 (28 ((29 (30 31 ))(32 ((33 34 )(35 (36 (38 (37 39 ))))))(47 (44 45 46 (41 (40 (42 43 ))))))))))))); 
ttag *!; 
ttag +49 ???; 
ttag +50 1; 
ttag +51 1; 
ttag +52 1; 
ttag +53 1; 
ttag +54 1; 
ttag +55 1; 
ttag +56 1; 
ttag +57 5; 
ttag +58 5; 
ttag +59 2; 
ttag +60 2; 
ttag +61 5; 
ttag +62 8; 
ttag +63 6; 
ttag +64 1; 
ttag +65 5; 
ttag +66 7; 
ttag +67 4; 
ttag +68 2; 
ttag +69 6; 
ttag +70 3; 
ttag +71 2; 
ttag +72 4; 
ttag +73 3; 
ttag +74 7; 
ttag +75 1; 
ttag +76 1; 
ttag +77 2; 
ttag +78 1; 
ttag +79 5; 
ttag +80 2; 
ttag +81 7; 
ttag +82 1; 
ttag +83 3; 
ttag +84 12; 
tread
'Tree with tags' 
(0 (1 ((2 3 )(((21 (14 (((11 (5 ((4 (8 (9 10 )))(6 7 ))))(12 13 ))((15 (16 17 ))(18 (19 20 ))))))(22 (23 (24 25 ))))(26 (27 (28 (((29 (30 31 ))(47 ((44 (41 (40 (42 43 ))))(45 46 ))))(32 ((33 34 )(35 (36 (38 (37 39 )))))))))))))); 
ttag *!; 
ttag +0 ////; 
ttag +1 ////; 
ttag +2 ////; 
ttag +3 ////; 
ttag +4 ////; 
ttag +5 ////; 
ttag +6 ////; 
ttag +7 ////; 
ttag +8 ////; 
ttag +9 ////; 
ttag +10 ////; 
ttag +11 ////; 
ttag +12 ////; 
ttag +13 ////; 
ttag +14 ////; 
ttag +15 ////; 
ttag +16 ////; 
ttag +17 ////; 
ttag +18 ////; 
ttag +19 ////; 
ttag +20 ////; 
ttag +21 ////; 
ttag +22 ////; 
ttag +23 ////; 
ttag +24 ////; 
ttag +25 ////; 
ttag +26 ////; 
ttag +27 ////; 
ttag +28 ////; 
ttag +29 ////; 
ttag +30 ////; 
ttag +31 ////; 
ttag +32 ////; 
ttag +33 ////; 
ttag +34 ////; 
ttag +35 ////; 
ttag +36 ////; 
ttag +37 ////; 
ttag +38 ////; 
ttag +39 ////; 
ttag +40 ////; 
ttag +41 ////; 
ttag +42 ////; 
ttag +43 ////; 
ttag +44 ////; 
ttag +45 ////; 
ttag +46 ////; 
ttag +47 ////; 
ttag +48 ////; 
ttag +49 100/100/100/100/100; 
ttag +50 66/56/39/52/39; 
ttag +51 70/54/51/52/44; 
ttag +52 35/19/15/18/11; 
ttag +53 18/6/?/5/?; 
ttag +54 15/[3]/?/?/?; 
ttag +55 34/22/13/23/10; 
ttag +56 30/18/10/19/4; 
ttag +57 1/[24]/?/?/?; 
ttag +58 14/[9]/?/?/?; 
ttag +59 16/[12]/?/?/?; 
ttag +60 15/[14]/?/?/?; 
ttag +61 94/92/87/94/80; 
ttag +62 42/35/32/34/18; 
ttag +63 96/96/91/94/88; 
ttag +64 70/56/51/55/54; 
ttag +65 35/28/25/25/25; 
ttag +66 69/60/58/62/54; 
ttag +67 29/12/4/10/6; 
ttag +68 95/94/93/96/92; 
ttag +69 98/97/96/99/96; 
ttag +70 98/98/98/99/98; 
ttag +71 58/50/44/50/42; 
ttag +72 92/90/80/88/70; 
ttag +73 99/99/98/97/96; 
ttag +74 90/88/78/90/80; 
ttag +75 80/73/54/76/61; 
ttag +76 94/93/87/96/87; 
ttag +77 73/64/59/74/53; 
ttag +78 9/[34]/?/?/?; 
ttag +79 52/42/34/46/33; 
ttag +80 93/92/88/94/84; 
ttag +81 85/78/69/79/77; 
ttag +82 99/99/95/98/92; 
ttag +83 53/23/12/33/18; 
ttag +84 52/38/40/42/30; 
ttag +85 82/80/78/82/72; 
ttag +86 62/48/38/45/32; 
ttag +87 94/93/90/95/88; 
ttag +88 90/89/84/91/83; 
ttag +89 99/99/95/98/94; 
ttag +90 9/[24]/?/?/?; 
ttag +91 27/14/1/14/1; 
ttag +92 78/73/68/78/68; 
ttag +93 100/100/100/100/99; 
ttag +94 23/[11]/?/?/0; 
