tread
'Tree with tags' 
(0 (1 ((2 3 )(4 5 (11 ((6 7 )(8 (9 10 )))((12 13 )(14 21 ((15 16 17 )(18 (19 20 )))(26 27 28 (22 (23 (24 25 )))((29 (30 31 ))((32 (35 (36 (38 (37 39 )))))(33 34 ))(((40 41 )(42 43 ))(45 (44 (46 47 ))))))))))))); 
ttag *!; 
ttag +49 ???; 
ttag +50 5; 
ttag +51 4; 
ttag +52 6; 
ttag +53 1; 
ttag +54 1; 
ttag +55 1; 
ttag +56 7; 
ttag +57 3; 
ttag +58 1; 
ttag +59 4; 
ttag +60 1; 
ttag +61 1; 
ttag +62 1; 
ttag +63 7; 
ttag +64 8; 
ttag +65 2; 
ttag +66 3; 
ttag +67 4; 
ttag +68 5; 
ttag +69 7; 
ttag +70 5; 
ttag +71 2; 
ttag +72 1; 
ttag +73 5; 
ttag +74 1; 
ttag +75 3; 
ttag +76 4; 
ttag +77 2; 
ttag +78 5; 
ttag +79 1; 
ttag +80 5; 
ttag +81 3; 
ttag +82 9; 
ttag +83 1; 
ttag +84 3; 
ttag +85 2; 
tread
'Tree with tags' 
(0 (1 ((2 3 )(4 (5 ((11 ((6 7 )(8 (9 10 ))))((12 13 )(14 (21 (((15 (16 17 ))(18 (19 20 )))((28 ((22 (23 (24 25 )))(26 27 )))((29 (30 31 ))(((32 (35 (36 (38 (37 39 )))))(33 34 ))(((40 41 )(42 43 ))(45 (44 (46 47 ))))))))))))))))); 
ttag *!; 
ttag +0 ////; 
ttag +1 ////; 
ttag +2 ////; 
ttag +3 ////; 
ttag +4 ////; 
ttag +5 ////; 
ttag +6 ////; 
ttag +7 ////; 
ttag +8 ////; 
ttag +9 ////; 
ttag +10 ////; 
ttag +11 ////; 
ttag +12 ////; 
ttag +13 ////; 
ttag +14 ////; 
ttag +15 ////; 
ttag +16 ////; 
ttag +17 ////; 
ttag +18 ////; 
ttag +19 ////; 
ttag +20 ////; 
ttag +21 ////; 
ttag +22 ////; 
ttag +23 ////; 
ttag +24 ////; 
ttag +25 ////; 
ttag +26 ////; 
ttag +27 ////; 
ttag +28 ////; 
ttag +29 ////; 
ttag +30 ////; 
ttag +31 ////; 
ttag +32 ////; 
ttag +33 ////; 
ttag +34 ////; 
ttag +35 ////; 
ttag +36 ////; 
ttag +37 ////; 
ttag +38 ////; 
ttag +39 ////; 
ttag +40 ////; 
ttag +41 ////; 
ttag +42 ////; 
ttag +43 ////; 
ttag +44 ////; 
ttag +45 ////; 
ttag +46 ////; 
ttag +47 ////; 
ttag +48 ////; 
ttag +49 100/100/100/100/100; 
ttag +50 99/98/93/98/97; 
ttag +51 96/96/89/96/87; 
ttag +52 94/93/81/94/84; 
ttag +53 13/[20]/?/?/?; 
ttag +54 65/61/45/61/46; 
ttag +55 52/41/22/50/35; 
ttag +56 17/[10]/?/?/?; 
ttag +57 34/17/?/16/4; 
ttag +58 96/93/87/97/92; 
ttag +59 84/76/66/79/77; 
ttag +60 47/35/24/32/19; 
ttag +61 63/55/38/56/44; 
ttag +62 37/28/20/32/17; 
ttag +63 78/68/70/74/68; 
ttag +64 52/38/34/49/35; 
ttag +65 21/7/1/14/4; 
ttag +66 16/[3]/?/?/?; 
ttag +67 9/[60]/?/?/?; 
ttag +68 97/96/92/98/91; 
ttag +69 99/99/99/98/99; 
ttag +70 83/80/66/82/66; 
ttag +71 19/[12]/0/?/?; 
ttag +72 34/2/15/9/10; 
ttag +73 76/69/47/66/56; 
ttag +74 92/88/83/93/80; 
ttag +75 96/95/96/97/93; 
ttag +76 24/7/11/10/4; 
ttag +77 99/98/96/99/96; 
ttag +78 70/63/32/53/43; 
ttag +79 75/70/64/69/61; 
ttag +80 31/10/0/4/6; 
ttag +81 94/93/84/90/81; 
ttag +82 37/18/6/18/8; 
ttag +83 50/30/18/26/17; 
ttag +84 63/56/47/56/50; 
ttag +85 88/83/77/86/79; 
ttag +86 79/69/46/66/58; 
ttag +87 96/95/90/93/90; 
ttag +88 67/49/46/56/51; 
ttag +89 96/96/90/91/88; 
ttag +90 84/78/72/79/75; 
ttag +91 99/99/99/100/98; 
ttag +92 52/39/24/37/23; 
ttag +93 81/76/60/77/62; 
ttag +94 68/58/54/64/63; 
