tread
'Tree with tags' 
(0 (1 ((2 3 )(4 (5 ((6 (7 (8 (9 10 )))(21 (14 (((15 (16 17 ))(18 (19 20 )))((22 (23 (24 25 )))((26 (27 28 ))(((29 (30 31 ))((32 ((33 34 )(35 (36 (38 (37 39 ))))))(40 (41 (42 43 )))))(47 (46 (44 45 ))))))))))(11 (12 13 )))))))); 
ttag *!; 
ttag +49 ???; 
ttag +50 1; 
ttag +51 5; 
ttag +52 5; 
ttag +53 1; 
ttag +54 1; 
ttag +55 2; 
ttag +56 1; 
ttag +57 6; 
ttag +58 6; 
ttag +59 1; 
ttag +60 2; 
ttag +61 1; 
ttag +62 1; 
ttag +63 7; 
ttag +64 1; 
ttag +65 1; 
ttag +66 3; 
ttag +67 2; 
ttag +68 13; 
ttag +69 4; 
ttag +70 1; 
ttag +71 4; 
ttag +72 10; 
ttag +73 1; 
ttag +74 5; 
ttag +75 1; 
ttag +76 3; 
ttag +77 1; 
ttag +78 1; 
ttag +79 4; 
ttag +80 4; 
ttag +81 1; 
ttag +82 1; 
ttag +83 1; 
ttag +84 2; 
ttag +85 4; 
ttag +86 1; 
ttag +87 7; 
ttag +88 9; 
ttag +89 3; 
ttag +90 9; 
ttag +91 1; 
ttag +92 3; 
ttag +93 3; 
tread
'Tree with tags' 
(0 (1 ((2 3 )(4 (5 (((6 (21 (14 (((15 (16 17 ))(18 (19 20 )))((22 (23 (24 25 )))((26 (27 28 ))(((29 (30 31 ))((32 ((33 34 )(35 (36 (38 (37 39 ))))))(40 (41 (42 43 )))))(47 (46 (44 45 ))))))))))(7 (8 (9 10 ))))(11 (12 13 )))))))); 
ttag *!; 
ttag +0 ////; 
ttag +1 ////; 
ttag +2 ////; 
ttag +3 ////; 
ttag +4 ////; 
ttag +5 ////; 
ttag +6 ////; 
ttag +7 ////; 
ttag +8 ////; 
ttag +9 ////; 
ttag +10 ////; 
ttag +11 ////; 
ttag +12 ////; 
ttag +13 ////; 
ttag +14 ////; 
ttag +15 ////; 
ttag +16 ////; 
ttag +17 ////; 
ttag +18 ////; 
ttag +19 ////; 
ttag +20 ////; 
ttag +21 ////; 
ttag +22 ////; 
ttag +23 ////; 
ttag +24 ////; 
ttag +25 ////; 
ttag +26 ////; 
ttag +27 ////; 
ttag +28 ////; 
ttag +29 ////; 
ttag +30 ////; 
ttag +31 ////; 
ttag +32 ////; 
ttag +33 ////; 
ttag +34 ////; 
ttag +35 ////; 
ttag +36 ////; 
ttag +37 ////; 
ttag +38 ////; 
ttag +39 ////; 
ttag +40 ////; 
ttag +41 ////; 
ttag +42 ////; 
ttag +43 ////; 
ttag +44 ////; 
ttag +45 ////; 
ttag +46 ////; 
ttag +47 ////; 
ttag +48 ////; 
ttag +49 100/100/100/100/100; 
ttag +50 51/16/31/28/26; 
ttag +51 93/91/82/90/78; 
ttag +52 89/88/75/88/70; 
ttag +53 48/36/11/31/13; 
ttag +54 6/[5]/?/?/?; 
ttag +55 8/[3]/?/?/?; 
ttag +56 57/50/39/46/39; 
ttag +57 34/30/20/35/14; 
ttag +58 98/98/97/99/97; 
ttag +59 98/97/94/98/95; 
ttag +60 26/18/13/2/8; 
ttag +61 64/48/30/50/40; 
ttag +62 10/3/?/6/?; 
ttag +63 27/21/7/23/6; 
ttag +64 99/99/97/98/98; 
ttag +65 22/6/0/6/3; 
ttag +66 16/7/?/2/?; 
ttag +67 95/92/85/92/91; 
ttag +68 68/58/54/60/57; 
ttag +69 100/100/100/100/100; 
ttag +70 87/82/78/87/85; 
ttag +71 30/15/3/16/12; 
ttag +72 77/66/49/66/55; 
ttag +73 100/100/99/100/98; 
ttag +74 45/29/17/23/19; 
ttag +75 84/82/69/83/73; 
ttag +76 19/[11]/?/?/?; 
ttag +77 80/75/66/76/64; 
ttag +78 18/[8]/?/?/?; 
ttag +79 60/46/45/48/52; 
ttag +80 95/95/92/98/95; 
ttag +81 83/80/66/81/64; 
ttag +82 22/[4]/1/4/5; 
ttag +83 68/55/47/52/56; 
ttag +84 36/9/15/16/10; 
ttag +85 75/62/48/65/53; 
ttag +86 98/98/91/93/88; 
ttag +87 49/35/24/40/19; 
ttag +88 98/97/96/99/98; 
ttag +89 97/96/90/96/89; 
ttag +90 82/78/70/72/61; 
ttag +91 99/99/99/100/99; 
ttag +92 59/42/31/40/32; 
ttag +93 72/66/49/75/51; 
ttag +94 76/71/65/81/72; 
