tread
'Tree with tags' 
(0 (1 ((2 3 )(5 (4 6 7 11 12 14 (8 (9 10 ))(13 21 )(15 (16 17 ))(18 (19 20 ))((22 (23 (24 25 )))(26 27 28 ((29 30 31 )((35 (33 (32 34 )))(36 (38 (37 39 ))))((40 (41 (42 43 )))(44 45 46 47 )))))))))); 
ttag *!; 
ttag +49 ???; 
ttag +50 9; 
ttag +51 3; 
ttag +52 2; 
ttag +53 4; 
ttag +54 4; 
ttag +55 4; 
ttag +56 1; 
ttag +57 5; 
ttag +58 4; 
ttag +59 1; 
ttag +60 7; 
ttag +61 2; 
ttag +62 4; 
ttag +63 4; 
ttag +64 8; 
ttag +65 1; 
ttag +66 2; 
ttag +67 1; 
ttag +68 1; 
ttag +69 1; 
ttag +70 1; 
ttag +71 5; 
ttag +72 3; 
ttag +73 1; 
ttag +74 5; 
ttag +75 4; 
ttag +76 1; 
ttag +77 2; 
ttag +78 11; 
ttag +79 7; 
tread
'Tree with tags' 
(0 (1 ((2 3 )(5 ((4 (8 (9 10 )))((6 7 )(11 (12 ((13 21 )(14 ((15 (16 17 ))((18 (19 20 ))((22 (23 (24 25 )))(27 (26 (28 (((29 (30 31 ))((35 (33 (32 34 )))(36 (38 (37 39 )))))((40 (41 (42 43 )))(46 (47 (44 45 ))))))))))))))))))))); 
ttag *!; 
ttag +0 ////; 
ttag +1 ////; 
ttag +2 ////; 
ttag +3 ////; 
ttag +4 ////; 
ttag +5 ////; 
ttag +6 ////; 
ttag +7 ////; 
ttag +8 ////; 
ttag +9 ////; 
ttag +10 ////; 
ttag +11 ////; 
ttag +12 ////; 
ttag +13 ////; 
ttag +14 ////; 
ttag +15 ////; 
ttag +16 ////; 
ttag +17 ////; 
ttag +18 ////; 
ttag +19 ////; 
ttag +20 ////; 
ttag +21 ////; 
ttag +22 ////; 
ttag +23 ////; 
ttag +24 ////; 
ttag +25 ////; 
ttag +26 ////; 
ttag +27 ////; 
ttag +28 ////; 
ttag +29 ////; 
ttag +30 ////; 
ttag +31 ////; 
ttag +32 ////; 
ttag +33 ////; 
ttag +34 ////; 
ttag +35 ////; 
ttag +36 ////; 
ttag +37 ////; 
ttag +38 ////; 
ttag +39 ////; 
ttag +40 ////; 
ttag +41 ////; 
ttag +42 ////; 
ttag +43 ////; 
ttag +44 ////; 
ttag +45 ////; 
ttag +46 ////; 
ttag +47 ////; 
ttag +48 ////; 
ttag +49 100/100/100/100/100; 
ttag +50 99/99/99/100/99; 
ttag +51 75/62/56/66/60; 
ttag +52 44/27/19/28/17; 
ttag +53 65/59/46/70/52; 
ttag +54 91/89/72/89/80; 
ttag +55 19/3/2/2/0; 
ttag +56 15/[9]/?/?/?; 
ttag +57 98/98/95/99/95; 
ttag +58 96/95/91/97/92; 
ttag +59 58/46/40/46/36; 
ttag +60 30/23/17/28/17; 
ttag +61 33/24/18/22/18; 
ttag +62 21/14/10/20/11; 
ttag +63 8/0/0/10/4; 
ttag +64 79/75/64/78/68; 
ttag +65 8/0/?/4/2; 
ttag +66 96/95/92/96/95; 
ttag +67 48/38/35/52/44; 
ttag +68 8/[2]/1/3/2; 
ttag +69 99/99/99/100/98; 
ttag +70 76/64/64/66/60; 
ttag +71 74/68/54/67/52; 
ttag +72 89/85/77/85/81; 
ttag +73 100/100/97/99/96; 
ttag +74 1/[36]/?/?/?; 
ttag +75 64/52/40/58/41; 
ttag +76 11/[26]/?/?/?; 
ttag +77 67/64/50/57/53; 
ttag +78 16/[12]/?/?/?; 
ttag +79 16/3/6/14/10; 
ttag +80 61/44/35/38/33; 
ttag +81 21/[5]/?/?/?; 
ttag +82 34/9/5/14/8; 
ttag +83 39/14/2/15/9; 
ttag +84 90/89/84/88/84; 
ttag +85 84/81/75/89/74; 
ttag +86 52/40/40/44/46; 
ttag +87 96/95/86/94/85; 
ttag +88 74/71/49/72/59; 
ttag +89 50/40/30/45/33; 
ttag +90 54/33/11/41/18; 
ttag +91 100/100/100/100/99; 
ttag +92 41/23/18/26/24; 
ttag +93 28/9/11/14/10; 
ttag +94 93/91/88/95/89; 
